GPU acceleration enabled
Loading Setup File: setup_files/data_m31_tau.py
using given n: 0
Starting SourceModule Code
Getting function
Past the SourceModule code
CUDAC Available
Running Nested Sampling
dynamic:  False
{'pool': None, 'nlive': 300, 'bound': 'multi', 'method': 'unif', 'nprocs': 1, 'update_interval': 1, 'bootstrap': 0, 'enlarge': 1.1, 'first_update': {'min_eff': 30.0}}
{'maxcall': 200000, 'dlogz': 0.5, 'print_progress': True, 'save_bounds': False}
-initializing models
-Saving initial results dataframe
Traditional Sampler Initialized
iter: 1 | nc: 1 | ncalls: 301 | eff(%):  0.332 | logz: -inf +/- 1.5e-01 | dlogz:    inf >  0.500
 loglike: -1.1e+06 | params: [-1.39572732 -1.81454137  3.66096889  2.5133587 ]
 Average call time: 3.94 sec | Current time: 2018-03-25 17:13:10.977927
 --------------------------
iter: 2 | nc: 1 | ncalls: 302 | eff(%):  0.662 | logz: -inf +/- 1.5e-01 | dlogz:    inf >  0.500
 loglike: -1.1e+06 | params: [-0.31766899 -1.37699336  3.75526219  1.45585411]
 Average call time: 3.99 sec | Current time: 2018-03-25 17:13:14.964452
 --------------------------
iter: 3 | nc: 1 | ncalls: 303 | eff(%):  0.990 | logz: -inf +/- 1.5e-01 | dlogz:    inf >  0.500
 loglike: -1.1e+06 | params: [-1.18937429 -0.70088451  3.94496265  7.25326674]
 Average call time: 3.97 sec | Current time: 2018-03-25 17:13:18.938910
 --------------------------
iter: 4 | nc: 1 | ncalls: 304 | eff(%):  1.316 | logz: -inf +/- 1.5e-01 | dlogz:    inf >  0.500
 loglike: -1.1e+06 | params: [-0.3546815  -1.7586756   3.99989117  9.97642313]
 Average call time: 3.97 sec | Current time: 2018-03-25 17:13:22.910186
 --------------------------
iter: 5 | nc: 1 | ncalls: 305 | eff(%):  1.639 | logz: -inf +/- 1.5e-01 | dlogz:    inf >  0.500
 loglike: -1.1e+06 | params: [-1.47559983 -1.08600304  3.79525583  8.61422219]
 Average call time: 3.95 sec | Current time: 2018-03-25 17:13:26.859952
 --------------------------
iter: 6 | nc: 1 | ncalls: 306 | eff(%):  1.961 | logz: -inf +/- 1.5e-01 | dlogz:    inf >  0.500
 loglike: -1.1e+06 | params: [ 0.26808119 -0.86589116  3.98344474  2.60865793]
 Average call time: 3.90 sec | Current time: 2018-03-25 17:13:30.762962
 --------------------------
iter: 7 | nc: 1 | ncalls: 307 | eff(%):  2.280 | logz: -inf +/- 1.5e-01 | dlogz:    inf >  0.500
 loglike: -1.1e+06 | params: [-1.22403398 -1.1943811   3.79389128  7.05846507]
 Average call time: 4.04 sec | Current time: 2018-03-25 17:13:34.807024
 --------------------------
iter: 8 | nc: 1 | ncalls: 308 | eff(%):  2.597 | logz: -inf +/- 1.5e-01 | dlogz:    inf >  0.500
 loglike: -1.1e+06 | params: [-0.88662704 -1.88678584  3.81050563  9.13603242]
 Average call time: 3.97 sec | Current time: 2018-03-25 17:13:38.773027
 --------------------------
iter: 9 | nc: 1 | ncalls: 309 | eff(%):  2.913 | logz: -inf +/- 1.5e-01 | dlogz:    inf >  0.500
 loglike: -1.1e+06 | params: [-0.9057083  -0.56402801  3.99342154  5.96712048]
 Average call time: 4.02 sec | Current time: 2018-03-25 17:13:42.793540
 --------------------------
iter: 10 | nc: 1 | ncalls: 310 | eff(%):  3.226 | logz: -inf +/- 1.5e-01 | dlogz:    inf >  0.500
 loglike: -1.1e+06 | params: [ 0.13139414 -1.81591625  3.66336971  1.14795152]
 Average call time: 4.22 sec | Current time: 2018-03-25 17:13:47.009654
 --------------------------
iter: 11 | nc: 1 | ncalls: 311 | eff(%):  3.537 | logz: -inf +/- 1.5e-01 | dlogz:    inf >  0.500
 loglike: -1.1e+06 | params: [-0.39506212 -1.45391348  3.92348541  7.01008216]
 Average call time: 3.96 sec | Current time: 2018-03-25 17:13:50.968618
 --------------------------
iter: 12 | nc: 1 | ncalls: 312 | eff(%):  3.846 | logz: -inf +/- 1.5e-01 | dlogz:    inf >  0.500
 loglike: -1.1e+06 | params: [-0.64391909 -1.48324413  3.5958083   2.55950471]
 Average call time: 3.93 sec | Current time: 2018-03-25 17:13:54.895779
 --------------------------
iter: 13 | nc: 1 | ncalls: 313 | eff(%):  4.153 | logz: -inf +/- 1.5e-01 | dlogz:    inf >  0.500
 loglike: -1.1e+06 | params: [-0.75315259 -1.97518604  3.76571001  8.85948463]
 Average call time: 3.95 sec | Current time: 2018-03-25 17:13:58.844513
 --------------------------
iter: 14 | nc: 1 | ncalls: 314 | eff(%):  4.459 | logz: -inf +/- 1.5e-01 | dlogz:    inf >  0.500
 loglike: -1.1e+06 | params: [ 0.03606178 -1.61126371  3.58861231  1.25849758]
 Average call time: 4.05 sec | Current time: 2018-03-25 17:14:02.893030
 --------------------------
iter: 15 | nc: 1 | ncalls: 315 | eff(%):  4.762 | logz: -inf +/- 1.5e-01 | dlogz:    inf >  0.500
 loglike: -1.1e+06 | params: [-1.09648862 -0.60340725  3.85658623  9.00966958]
 Average call time: 3.95 sec | Current time: 2018-03-25 17:14:06.838071
 --------------------------
iter: 16 | nc: 1 | ncalls: 316 | eff(%):  5.063 | logz: -inf +/- 1.5e-01 | dlogz:    inf >  0.500
 loglike: -1.1e+06 | params: [-0.62537721 -0.81379251  3.85432003  5.97808391]
 Average call time: 3.95 sec | Current time: 2018-03-25 17:14:10.784199
 --------------------------
iter: 17 | nc: 1 | ncalls: 317 | eff(%):  5.363 | logz: -inf +/- 1.5e-01 | dlogz:    inf >  0.500
 loglike: -1.1e+06 | params: [-1.11313133 -0.5199038   3.87018962  5.64304579]
 Average call time: 3.95 sec | Current time: 2018-03-25 17:14:14.733440
 --------------------------
iter: 18 | nc: 1 | ncalls: 318 | eff(%):  5.660 | logz: -inf +/- 1.5e-01 | dlogz:    inf >  0.500
 loglike: -1.1e+06 | params: [-0.55399411 -1.53161936  3.50146544  1.88664692]
 Average call time: 4.07 sec | Current time: 2018-03-25 17:14:18.805065
 --------------------------
iter: 19 | nc: 1 | ncalls: 319 | eff(%):  5.956 | logz: -inf +/- 1.5e-01 | dlogz:    inf >  0.500
 loglike: -1.1e+06 | params: [-0.80398241 -1.63482254  3.70538815  7.35875347]
 Average call time: 3.95 sec | Current time: 2018-03-25 17:14:22.751669
 --------------------------
iter: 20 | nc: 1 | ncalls: 320 | eff(%):  6.250 | logz: -inf +/- 1.5e-01 | dlogz:    inf >  0.500
 loglike: -1.1e+06 | params: [-1.48130285 -0.19870276  3.93172429  6.01205211]
 Average call time: 4.01 sec | Current time: 2018-03-25 17:14:26.764722
 --------------------------
iter: 21 | nc: 1 | ncalls: 321 | eff(%):  6.542 | logz: -inf +/- 1.5e-01 | dlogz:    inf >  0.500
 loglike: -1.1e+06 | params: [ 0.42959305 -0.06481704  3.79008643  2.66211849]
 Average call time: 3.92 sec | Current time: 2018-03-25 17:14:30.684987
 --------------------------
iter: 22 | nc: 1 | ncalls: 322 | eff(%):  6.832 | logz: -inf +/- 1.5e-01 | dlogz:    inf >  0.500
 loglike: -1.1e+06 | params: [-0.62621366 -0.77570201  3.75459423  6.63163003]
 Average call time: 3.93 sec | Current time: 2018-03-25 17:14:34.614597
 --------------------------
iter: 23 | nc: 1 | ncalls: 323 | eff(%):  7.121 | logz: -inf +/- 1.5e-01 | dlogz:    inf >  0.500
 loglike: -1.1e+06 | params: [ 0.40648178 -0.22922551  3.33785677  1.28627257]
 Average call time: 3.91 sec | Current time: 2018-03-25 17:14:38.528146
 --------------------------
iter: 24 | nc: 1 | ncalls: 324 | eff(%):  7.407 | logz: -inf +/- 1.5e-01 | dlogz:    inf >  0.500
 loglike: -1.1e+06 | params: [-0.30473533 -1.15426806  3.80045826  9.94573894]
 Average call time: 3.95 sec | Current time: 2018-03-25 17:14:42.478625
 --------------------------
iter: 25 | nc: 3 | ncalls: 327 | eff(%):  7.645 | logz: -inf +/- 1.5e-01 | dlogz:    inf >  0.500
 loglike: -1.1e+06 | params: [ 0.30314024 -1.34297214  3.62212817  3.12876563]
 Average call time: 3.99 sec | Current time: 2018-03-25 17:14:54.447419
 --------------------------
iter: 26 | nc: 1 | ncalls: 328 | eff(%):  7.927 | logz: -inf +/- 1.5e-01 | dlogz:    inf >  0.500
 loglike: -1.1e+06 | params: [-1.48320201 -1.05690211  3.55726633  9.30861729]
 Average call time: 4.01 sec | Current time: 2018-03-25 17:14:58.453143
 --------------------------
iter: 27 | nc: 1 | ncalls: 329 | eff(%):  8.207 | logz: -inf +/- 1.5e-01 | dlogz:    inf >  0.500
 loglike: -1.1e+06 | params: [ 0.37728491 -0.50991091  3.73220513  3.13502238]
 Average call time: 3.93 sec | Current time: 2018-03-25 17:15:02.385121
 --------------------------
iter: 28 | nc: 1 | ncalls: 330 | eff(%):  8.485 | logz: -inf +/- 1.5e-01 | dlogz:    inf >  0.500
 loglike: -1.1e+06 | params: [-0.86632776 -0.86380269  3.60738217  4.92556082]
 Average call time: 3.94 sec | Current time: 2018-03-25 17:15:06.330005
 --------------------------
iter: 29 | nc: 1 | ncalls: 331 | eff(%):  8.761 | logz: -inf +/- 1.5e-01 | dlogz:    inf >  0.500
 loglike: -1.1e+06 | params: [-1.05042739 -1.4203017   3.54694563  7.6974896 ]
 Average call time: 3.95 sec | Current time: 2018-03-25 17:15:10.278272
 --------------------------
iter: 30 | nc: 1 | ncalls: 332 | eff(%):  9.036 | logz: -inf +/- 1.5e-01 | dlogz:    inf >  0.500
 loglike: -1.1e+06 | params: [-0.26199156 -0.44106775  3.79401591  4.07456704]
 Average call time: 4.14 sec | Current time: 2018-03-25 17:15:14.416498
 --------------------------
iter: 31 | nc: 1 | ncalls: 333 | eff(%):  9.309 | logz: -inf +/- 1.5e-01 | dlogz:    inf >  0.500
 loglike: -1.1e+06 | params: [ 0.46530208 -1.64736667  3.39993224  2.39737606]
 Average call time: 3.92 sec | Current time: 2018-03-25 17:15:18.333796
 --------------------------
iter: 32 | nc: 1 | ncalls: 334 | eff(%):  9.581 | logz: -inf +/- 1.5e-01 | dlogz:    inf >  0.500
 loglike: -1.1e+06 | params: [ 0.2590522  -1.00015967  3.74275582  4.71171332]
 Average call time: 3.97 sec | Current time: 2018-03-25 17:15:22.307634
 --------------------------
iter: 33 | nc: 1 | ncalls: 335 | eff(%):  9.851 | logz: -inf +/- 1.5e-01 | dlogz:    inf >  0.500
 loglike: -1.1e+06 | params: [-0.47514499 -1.71048708  3.63042608  7.64411661]
 Average call time: 3.98 sec | Current time: 2018-03-25 17:15:26.292191
 --------------------------
iter: 34 | nc: 1 | ncalls: 336 | eff(%): 10.119 | logz: -inf +/- 1.5e-01 | dlogz:    inf >  0.500
 loglike: -1.1e+06 | params: [ 0.27846017 -1.89546715  3.3495511   2.30655942]
 Average call time: 4.05 sec | Current time: 2018-03-25 17:15:30.342458
 --------------------------
iter: 35 | nc: 2 | ncalls: 338 | eff(%): 10.355 | logz: -inf +/- 1.5e-01 | dlogz:    inf >  0.500
 loglike: -1.1e+06 | params: [-0.73401788 -0.68382055  3.64364262  6.15405326]
 Average call time: 3.99 sec | Current time: 2018-03-25 17:15:38.321057
 --------------------------
iter: 36 | nc: 1 | ncalls: 339 | eff(%): 10.619 | logz: -inf +/- 1.5e-01 | dlogz:    inf >  0.500
 loglike: -1.1e+06 | params: [-0.96441207 -1.9265488   3.41211873  4.00419602]
 Average call time: 3.95 sec | Current time: 2018-03-25 17:15:42.270700
 --------------------------
iter: 37 | nc: 2 | ncalls: 341 | eff(%): 10.850 | logz: -inf +/- 1.5e-01 | dlogz:    inf >  0.500
 loglike: -1.1e+06 | params: [-0.5100653  -0.38024332  3.86369735  6.73734929]
 Average call time: 4.05 sec | Current time: 2018-03-25 17:15:50.366558
 --------------------------
iter: 38 | nc: 1 | ncalls: 342 | eff(%): 11.111 | logz: -inf +/- 1.5e-01 | dlogz:    inf >  0.500
 loglike: -1.1e+06 | params: [-1.30796982 -0.97655747  3.53084933  9.94189287]
 Average call time: 4.04 sec | Current time: 2018-03-25 17:15:54.402325
 --------------------------
iter: 39 | nc: 1 | ncalls: 343 | eff(%): 11.370 | logz: -inf +/- 1.5e-01 | dlogz:    inf >  0.500
 loglike: -1.1e+06 | params: [-0.75611138 -0.34460128  3.70341861  4.84573406]
 Average call time: 3.99 sec | Current time: 2018-03-25 17:15:58.396398
 --------------------------
iter: 40 | nc: 2 | ncalls: 345 | eff(%): 11.594 | logz: -inf +/- 1.5e-01 | dlogz:    inf >  0.500
 loglike: -1.1e+06 | params: [-0.5843767  -0.15919486  3.63720748  3.2735418 ]
 Average call time: 3.99 sec | Current time: 2018-03-25 17:16:06.369897
 --------------------------
iter: 41 | nc: 1 | ncalls: 346 | eff(%): 11.850 | logz: -inf +/- 1.5e-01 | dlogz:    inf >  0.500
 loglike: -1.1e+06 | params: [-1.10748171 -1.52352731  3.47353134  9.06837028]
 Average call time: 3.96 sec | Current time: 2018-03-25 17:16:10.331556
 --------------------------
iter: 42 | nc: 1 | ncalls: 347 | eff(%): 12.104 | logz: -inf +/- 1.5e-01 | dlogz:    inf >  0.500
 loglike: -1.1e+06 | params: [-0.6250145  -0.05814935  3.32158289  2.18598825]
 Average call time: 3.97 sec | Current time: 2018-03-25 17:16:14.303230
 --------------------------
iter: 43 | nc: 1 | ncalls: 348 | eff(%): 12.356 | logz: -inf +/- 1.5e-01 | dlogz:    inf >  0.500
 loglike: -1.1e+06 | params: [-0.26772149 -1.56141765  3.617571    6.83078418]
 Average call time: 3.89 sec | Current time: 2018-03-25 17:16:18.193475
 --------------------------
iter: 44 | nc: 1 | ncalls: 349 | eff(%): 12.607 | logz: -inf +/- 1.5e-01 | dlogz:    inf >  0.500
 loglike: -1.1e+06 | params: [-1.20411344 -1.96701466  3.34724987  4.14209447]
 Average call time: 3.92 sec | Current time: 2018-03-25 17:16:22.109866
 --------------------------
iter: 45 | nc: 1 | ncalls: 350 | eff(%): 12.857 | logz: -inf +/- 1.5e-01 | dlogz:    inf >  0.500
 loglike: -1.1e+06 | params: [ 0.43044895 -0.1005948   2.65536075  1.83282516]
 Average call time: 3.90 sec | Current time: 2018-03-25 17:16:26.012130
 --------------------------
iter: 46 | nc: 1 | ncalls: 351 | eff(%): 13.105 | logz: -inf +/- 1.5e-01 | dlogz:    inf >  0.500
 loglike: -1.1e+06 | params: [-0.59745384 -0.69825716  3.4279155   3.54666577]
 Average call time: 3.94 sec | Current time: 2018-03-25 17:16:29.950781
 --------------------------
iter: 47 | nc: 2 | ncalls: 353 | eff(%): 13.314 | logz: -inf +/- 1.5e-01 | dlogz:    inf >  0.500
 loglike: -1.1e+06 | params: [-1.33045231 -1.33399507  3.18528603  2.28191836]
 Average call time: 3.96 sec | Current time: 2018-03-25 17:16:37.867933
 --------------------------
iter: 48 | nc: 1 | ncalls: 354 | eff(%): 13.559 | logz: -inf +/- 1.5e-01 | dlogz:    inf >  0.500
 loglike: -1.1e+06 | params: [-1.44422558 -0.85339735  3.41692933  4.7846119 ]
 Average call time: 3.90 sec | Current time: 2018-03-25 17:16:41.765947
 --------------------------
iter: 49 | nc: 2 | ncalls: 356 | eff(%): 13.764 | logz: -inf +/- 1.5e-01 | dlogz:    inf >  0.500
 loglike: -1.1e+06 | params: [-0.61777384 -0.94559083  3.33946183  3.26215174]
 Average call time: 3.94 sec | Current time: 2018-03-25 17:16:49.651017
 --------------------------
iter: 50 | nc: 1 | ncalls: 357 | eff(%): 14.006 | logz: -inf +/- 1.5e-01 | dlogz:    inf >  0.500
 loglike: -1.1e+06 | params: [ 0.27979209 -1.66306343  3.65069289  7.32498074]
 Average call time: 3.97 sec | Current time: 2018-03-25 17:16:53.619828
 --------------------------
iter: 51 | nc: 1 | ncalls: 358 | eff(%): 14.246 | logz: -inf +/- 1.5e-01 | dlogz:    inf >  0.500
 loglike: -1.1e+06 | params: [ 0.28377337 -0.37929353  3.89230362  9.61942657]
 Average call time: 3.98 sec | Current time: 2018-03-25 17:16:57.596847
 --------------------------
iter: 52 | nc: 1 | ncalls: 359 | eff(%): 14.485 | logz: -inf +/- 1.5e-01 | dlogz:    inf >  0.500
 loglike: -1.1e+06 | params: [-0.28008782 -1.41983636  3.48042398  4.38415204]
 Average call time: 3.98 sec | Current time: 2018-03-25 17:17:01.577568
 --------------------------
iter: 53 | nc: 2 | ncalls: 361 | eff(%): 14.681 | logz: -inf +/- 1.5e-01 | dlogz:    inf >  0.500
 loglike: -1.1e+06 | params: [-0.36677904 -0.97199149  3.60661266  7.48312523]
 Average call time: 3.95 sec | Current time: 2018-03-25 17:17:09.478477
 --------------------------
iter: 54 | nc: 1 | ncalls: 362 | eff(%): 14.917 | logz: -inf +/- 1.5e-01 | dlogz:    inf >  0.500
 loglike: -1.1e+06 | params: [-1.14653252 -1.25872827  3.27875359  3.75565518]
 Average call time: 3.93 sec | Current time: 2018-03-25 17:17:13.411817
 --------------------------
iter: 55 | nc: 1 | ncalls: 363 | eff(%): 15.152 | logz: -inf +/- 1.5e-01 | dlogz:    inf >  0.500
 loglike: -1.1e+06 | params: [ 0.49565986 -1.19777122  3.6500073   6.12224722]
 Average call time: 3.92 sec | Current time: 2018-03-25 17:17:17.334268
 --------------------------
iter: 56 | nc: 2 | ncalls: 365 | eff(%): 15.342 | logz: -inf +/- 1.5e-01 | dlogz:    inf >  0.500
 loglike: -1.1e+06 | params: [-1.2449542  -1.77427055  3.19124335  3.1543753 ]
 Average call time: 4.03 sec | Current time: 2018-03-25 17:17:25.398610
 --------------------------
iter: 57 | nc: 1 | ncalls: 366 | eff(%): 15.574 | logz: -inf +/- 1.5e-01 | dlogz:    inf >  0.500
 loglike: -1.1e+06 | params: [-0.11297496 -1.15757612  3.57504833  6.17566198]
 Average call time: 3.97 sec | Current time: 2018-03-25 17:17:29.367692
 --------------------------
iter: 58 | nc: 1 | ncalls: 367 | eff(%): 15.804 | logz: -inf +/- 1.5e-01 | dlogz:    inf >  0.500
 loglike: -1.1e+06 | params: [-1.27820908 -0.20926124  3.67630341  9.23644889]
 Average call time: 3.92 sec | Current time: 2018-03-25 17:17:33.285138
 --------------------------
iter: 59 | nc: 1 | ncalls: 368 | eff(%): 16.033 | logz: -inf +/- 1.5e-01 | dlogz:    inf >  0.500
 loglike: -1.1e+06 | params: [-0.60938847 -0.05278148  3.39332894  3.55712964]
 Average call time: 3.95 sec | Current time: 2018-03-25 17:17:37.236046
 --------------------------
iter: 60 | nc: 1 | ncalls: 369 | eff(%): 16.260 | logz: -inf +/- 1.5e-01 | dlogz:    inf >  0.500
 loglike: -1.1e+06 | params: [ 0.17552438 -1.49271431  3.52902439  6.55865282]
 Average call time: 3.92 sec | Current time: 2018-03-25 17:17:41.159199
 --------------------------
iter: 61 | nc: 2 | ncalls: 371 | eff(%): 16.442 | logz: -inf +/- 1.5e-01 | dlogz:    inf >  0.500
 loglike: -1.1e+06 | params: [-0.42658795 -0.45352257  3.64103074  6.73652302]
 Average call time: 3.99 sec | Current time: 2018-03-25 17:17:49.139450
 --------------------------
iter: 62 | nc: 1 | ncalls: 372 | eff(%): 16.667 | logz: -inf +/- 1.5e-01 | dlogz:    inf >  0.500
 loglike: -1.1e+06 | params: [ 0.48040812 -1.21201638  3.1420398   2.58313842]
 Average call time: 3.95 sec | Current time: 2018-03-25 17:17:53.090728
 --------------------------
iter: 63 | nc: 1 | ncalls: 373 | eff(%): 16.890 | logz: -inf +/- 1.5e-01 | dlogz:    inf >  0.500
 loglike: -1.1e+06 | params: [-0.83549364 -0.86533124  3.09894539  1.82741927]
 Average call time: 4.06 sec | Current time: 2018-03-25 17:17:57.154513
 --------------------------
iter: 64 | nc: 1 | ncalls: 374 | eff(%): 17.112 | logz: -inf +/- 1.5e-01 | dlogz:    inf >  0.500
 loglike: -1.1e+06 | params: [ 0.42890837 -1.96594834  3.0297123   2.2639597 ]
 Average call time: 3.93 sec | Current time: 2018-03-25 17:18:01.089329
 --------------------------
iter: 65 | nc: 1 | ncalls: 375 | eff(%): 17.333 | logz: -inf +/- 1.5e-01 | dlogz:    inf >  0.500
 loglike: -1.1e+06 | params: [ 0.01942211 -1.58868584  3.52177142  7.97368899]
 Average call time: 3.97 sec | Current time: 2018-03-25 17:18:05.057568
 --------------------------
iter: 66 | nc: 1 | ncalls: 376 | eff(%): 17.553 | logz: -inf +/- 1.5e-01 | dlogz:    inf >  0.500
 loglike: -1.1e+06 | params: [-0.7656046  -1.53511719  3.35515169  7.54034642]
 Average call time: 3.93 sec | Current time: 2018-03-25 17:18:08.986157
 --------------------------
iter: 67 | nc: 1 | ncalls: 377 | eff(%): 17.772 | logz: -inf +/- 1.5e-01 | dlogz:    inf >  0.500
 loglike: -1.1e+06 | params: [-1.34572919 -0.05600338  3.64850069  6.67389816]
 Average call time: 3.97 sec | Current time: 2018-03-25 17:18:12.955543
 --------------------------
iter: 68 | nc: 1 | ncalls: 378 | eff(%): 17.989 | logz: -inf +/- 1.5e-01 | dlogz:    inf >  0.500
 loglike: -1.1e+06 | params: [ 0.0649291  -1.36539118  3.45494136  5.56799561]
 Average call time: 3.99 sec | Current time: 2018-03-25 17:18:16.946697
 --------------------------
iter: 69 | nc: 1 | ncalls: 379 | eff(%): 18.206 | logz: -inf +/- 1.5e-01 | dlogz:    inf >  0.500
 loglike: -1.1e+06 | params: [-0.98869343 -1.78337701  3.32854217  8.04230193]
 Average call time: 3.93 sec | Current time: 2018-03-25 17:18:20.878249
 --------------------------
iter: 70 | nc: 1 | ncalls: 380 | eff(%): 18.421 | logz: -inf +/- 1.5e-01 | dlogz:    inf >  0.500
 loglike: -1.1e+06 | params: [-0.25444683 -1.01263471  3.5216131   7.40887288]
 Average call time: 3.96 sec | Current time: 2018-03-25 17:18:24.834815
 --------------------------
iter: 71 | nc: 1 | ncalls: 381 | eff(%): 18.635 | logz: -inf +/- 1.5e-01 | dlogz:    inf >  0.500
 loglike: -1.1e+06 | params: [ 0.49726152 -1.34938035  3.5507825   6.50342907]
 Average call time: 3.95 sec | Current time: 2018-03-25 17:18:28.787240
 --------------------------
iter: 72 | nc: 1 | ncalls: 382 | eff(%): 18.848 | logz: -inf +/- 1.5e-01 | dlogz:    inf >  0.500
 loglike: -1.1e+06 | params: [-1.29345431 -1.02936861  3.02397152  1.81805359]
 Average call time: 3.94 sec | Current time: 2018-03-25 17:18:32.724412
 --------------------------
iter: 73 | nc: 2 | ncalls: 384 | eff(%): 19.010 | logz: -inf +/- 1.5e-01 | dlogz:    inf >  0.500
 loglike: -1.1e+06 | params: [-0.74296632 -1.07782195  3.33562134  7.48398446]
 Average call time: 3.93 sec | Current time: 2018-03-25 17:18:40.582874
 --------------------------
iter: 74 | nc: 3 | ncalls: 387 | eff(%): 19.121 | logz: -inf +/- 1.4e-01 | dlogz:    inf >  0.500
 loglike: -1.1e+06 | params: [-1.18867400e+00 -8.09431802e-03  3.66907326e+00  8.23374459e+00]
 Average call time: 3.95 sec | Current time: 2018-03-25 17:18:52.433734
 --------------------------
iter: 75 | nc: 1 | ncalls: 388 | eff(%): 19.330 | logz: -inf +/- 1.5e-01 | dlogz:    inf >  0.500
 loglike: -1.1e+06 | params: [ 0.08104827 -0.01583707  3.87640529  8.12767722]
 Average call time: 3.92 sec | Current time: 2018-03-25 17:18:56.356367
 --------------------------
iter: 76 | nc: 1 | ncalls: 389 | eff(%): 19.537 | logz: -inf +/- 1.5e-01 | dlogz:    inf >  0.500
 loglike: -1.0e+06 | params: [-1.2521146  -1.7612382   3.21556917  6.2857327 ]
 Average call time: 3.94 sec | Current time: 2018-03-25 17:19:00.294745
 --------------------------
iter: 77 | nc: 1 | ncalls: 390 | eff(%): 19.744 | logz: -inf +/- 1.5e-01 | dlogz:    inf >  0.500
 loglike: -1.0e+06 | params: [-1.33161973 -0.3480708   3.14430166  3.20100524]
 Average call time: 4.09 sec | Current time: 2018-03-25 17:19:04.386075
 --------------------------
iter: 78 | nc: 1 | ncalls: 391 | eff(%): 19.949 | logz: -inf +/- 1.5e-01 | dlogz: 998151.884 >  0.500
 loglike: -1.0e+06 | params: [-0.49383367 -1.9724631   3.31847986  8.94377072]
 Average call time: 3.96 sec | Current time: 2018-03-25 17:19:08.349679
 --------------------------
iter: 79 | nc: 1 | ncalls: 392 | eff(%): 20.153 | logz: -inf +/- 1.5e-01 | dlogz: 997374.334 >  0.500
 loglike: -1.0e+06 | params: [ 0.08352882 -0.86691734  3.48225171  9.7744037 ]
 Average call time: 3.91 sec | Current time: 2018-03-25 17:19:12.256460
 --------------------------
iter: 80 | nc: 2 | ncalls: 394 | eff(%): 20.305 | logz: -inf +/- 1.5e-01 | dlogz: 995521.220 >  0.500
 loglike: -1.0e+06 | params: [-0.29133199 -1.79379112  3.40712255  9.50997912]
 Average call time: 4.01 sec | Current time: 2018-03-25 17:19:20.283852
 --------------------------
iter: 81 | nc: 1 | ncalls: 395 | eff(%): 20.506 | logz: -inf +/- 1.5e-01 | dlogz: 994649.027 >  0.500
 loglike: -1.0e+06 | params: [-0.44946633 -1.42771481  2.9759387   1.81270368]
 Average call time: 3.93 sec | Current time: 2018-03-25 17:19:24.217433
 --------------------------
iter: 82 | nc: 1 | ncalls: 396 | eff(%): 20.707 | logz: -inf +/- 1.5e-01 | dlogz: 994415.771 >  0.500
 loglike: -1.0e+06 | params: [ 0.19797135 -0.1773121   3.69970335  8.80505766]
 Average call time: 3.93 sec | Current time: 2018-03-25 17:19:28.143834
 --------------------------
iter: 83 | nc: 2 | ncalls: 398 | eff(%): 20.854 | logz: -inf +/- 1.5e-01 | dlogz: 994390.108 >  0.500
 loglike: -1.0e+06 | params: [ 0.38012472 -0.23948896  2.37443509  1.15579061]
 Average call time: 4.00 sec | Current time: 2018-03-25 17:19:36.139580
 --------------------------
iter: 84 | nc: 1 | ncalls: 399 | eff(%): 21.053 | logz: -inf +/- 1.5e-01 | dlogz: 988798.697 >  0.500
 loglike: -1.0e+06 | params: [ 0.21059805 -0.17763875  3.62969438  9.68886303]
 Average call time: 3.94 sec | Current time: 2018-03-25 17:19:40.078042
 --------------------------
iter: 85 | nc: 1 | ncalls: 400 | eff(%): 21.250 | logz: -inf +/- 1.5e-01 | dlogz: 988247.674 >  0.500
 loglike: -1.0e+06 | params: [ 0.22786023 -0.20245862  3.5510997   6.87582427]
 Average call time: 3.93 sec | Current time: 2018-03-25 17:19:44.008622
 --------------------------
iter: 86 | nc: 4 | ncalls: 404 | eff(%): 21.287 | logz: -inf +/- 1.5e-01 | dlogz: 987839.066 >  0.500
 loglike: -1.0e+06 | params: [ 0.03423326 -0.58376928  3.39060155  6.01984746]
 Average call time: 3.96 sec | Current time: 2018-03-25 17:19:59.859513
 --------------------------
iter: 87 | nc: 1 | ncalls: 405 | eff(%): 21.481 | logz: -inf +/- 1.5e-01 | dlogz: 987761.234 >  0.500
 loglike: -1.0e+06 | params: [-0.76876183 -0.3967948   3.34820678  7.31219841]
 Average call time: 3.95 sec | Current time: 2018-03-25 17:20:03.809969
 --------------------------
iter: 88 | nc: 1 | ncalls: 406 | eff(%): 21.675 | logz: -inf +/- 1.5e-01 | dlogz: 987080.256 >  0.500
 loglike: -1.0e+06 | params: [-0.54886685 -1.31116606  2.9226413   2.13584789]
 Average call time: 3.94 sec | Current time: 2018-03-25 17:20:07.747246
 --------------------------
iter: 89 | nc: 1 | ncalls: 407 | eff(%): 21.867 | logz: -inf +/- 1.5e-01 | dlogz: 986571.328 >  0.500
 loglike: -1.0e+06 | params: [-0.78136988 -1.82399044  3.1887028   8.92944936]
 Average call time: 3.93 sec | Current time: 2018-03-25 17:20:11.682074
 --------------------------
iter: 90 | nc: 1 | ncalls: 408 | eff(%): 22.059 | logz: -inf +/- 1.5e-01 | dlogz: 986141.609 >  0.500
 loglike: -1.0e+06 | params: [-1.05169704 -1.72268135  3.17571786  9.76410019]
 Average call time: 3.96 sec | Current time: 2018-03-25 17:20:15.646205
 --------------------------
iter: 91 | nc: 3 | ncalls: 411 | eff(%): 22.141 | logz: -inf +/- 1.5e-01 | dlogz: 985434.410 >  0.500
 loglike: -1.0e+06 | params: [-0.41659414 -0.43873868  3.46448186  9.58068781]
 Average call time: 4.02 sec | Current time: 2018-03-25 17:20:27.701775
 --------------------------
iter: 92 | nc: 1 | ncalls: 412 | eff(%): 22.330 | logz: -inf +/- 1.5e-01 | dlogz: 984003.788 >  0.500
 loglike: -1.0e+06 | params: [ 0.30313779 -0.03261535  2.92273844  3.9700665 ]
 Average call time: 3.91 sec | Current time: 2018-03-25 17:20:31.615687
 --------------------------
iter: 93 | nc: 2 | ncalls: 414 | eff(%): 22.464 | logz: -inf +/- 1.5e-01 | dlogz: 982960.604 >  0.500
 loglike: -1.0e+06 | params: [-0.02315497 -0.05800077  1.73814771  1.38323422]
 Average call time: 3.98 sec | Current time: 2018-03-25 17:20:39.573049
 --------------------------
iter: 94 | nc: 1 | ncalls: 415 | eff(%): 22.651 | logz: -inf +/- 1.5e-01 | dlogz: 982388.104 >  0.500
 loglike: -1.0e+06 | params: [-0.45959908 -1.91608837  3.27241831  9.89514787]
 Average call time: 3.94 sec | Current time: 2018-03-25 17:20:43.514735
 --------------------------
iter: 95 | nc: 1 | ncalls: 416 | eff(%): 22.837 | logz: -inf +/- 1.5e-01 | dlogz: 982268.162 >  0.500
 loglike: -1.0e+06 | params: [-0.66756601 -0.244835    3.28231278  5.93301143]
 Average call time: 3.89 sec | Current time: 2018-03-25 17:20:47.407924
 --------------------------
iter: 96 | nc: 2 | ncalls: 418 | eff(%): 22.967 | logz: -inf +/- 1.5e-01 | dlogz: 981980.747 >  0.500
 loglike: -1.0e+06 | params: [-0.80519155 -1.74286001  3.04388881  4.52154985]
 Average call time: 4.02 sec | Current time: 2018-03-25 17:20:55.444616
 --------------------------
iter: 97 | nc: 1 | ncalls: 419 | eff(%): 23.150 | logz: -inf +/- 1.5e-01 | dlogz: 981824.245 >  0.500
 loglike: -1.0e+06 | params: [-1.37232632 -1.14649161  3.11812456  7.46338221]
 Average call time: 3.94 sec | Current time: 2018-03-25 17:20:59.384650
 --------------------------
iter: 98 | nc: 2 | ncalls: 421 | eff(%): 23.278 | logz: -inf +/- 1.5e-01 | dlogz: 981043.001 >  0.500
 loglike: -1.0e+06 | params: [-0.71941969 -0.75475248  3.14934433  5.50773315]
 Average call time: 4.00 sec | Current time: 2018-03-25 17:21:07.377344
 --------------------------
iter: 99 | nc: 1 | ncalls: 422 | eff(%): 23.460 | logz: -inf +/- 1.5e-01 | dlogz: 980141.320 >  0.500
 loglike: -1.0e+06 | params: [-0.01913845 -0.87140511  3.23757319  5.09850898]
 Average call time: 3.92 sec | Current time: 2018-03-25 17:21:11.296584
 --------------------------
iter: 100 | nc: 1 | ncalls: 423 | eff(%): 23.641 | logz: -inf +/- 1.5e-01 | dlogz: 979067.185 >  0.500
 loglike: -1.0e+06 | params: [-1.00440545 -1.90996673  3.11638488  8.51236094]
 Average call time: 3.93 sec | Current time: 2018-03-25 17:21:15.223969
 --------------------------
iter: 101 | nc: 1 | ncalls: 424 | eff(%): 23.821 | logz: -inf +/- 1.5e-01 | dlogz: 977938.110 >  0.500
 loglike: -1.0e+06 | params: [ 0.23927598 -0.33554608  3.33568914  5.93589797]
 Average call time: 3.92 sec | Current time: 2018-03-25 17:21:19.142006
 --------------------------
iter: 102 | nc: 1 | ncalls: 425 | eff(%): 24.000 | logz: -inf +/- 1.5e-01 | dlogz: 975804.665 >  0.500
 loglike: -1.0e+06 | params: [-0.34009435 -0.545245    3.19120701  4.63596234]
 Average call time: 3.91 sec | Current time: 2018-03-25 17:21:23.047373
 --------------------------
iter: 103 | nc: 1 | ncalls: 426 | eff(%): 24.178 | logz: -inf +/- 1.5e-01 | dlogz: 974885.019 >  0.500
 loglike: -1.0e+06 | params: [-0.61410864 -0.84101313  2.85268273  2.59405739]
 Average call time: 3.95 sec | Current time: 2018-03-25 17:21:26.999414
 --------------------------
iter: 104 | nc: 1 | ncalls: 427 | eff(%): 24.356 | logz: -inf +/- 1.5e-01 | dlogz: 973788.680 >  0.500
 loglike: -1.0e+06 | params: [-0.92669789 -1.01522959  3.04573057  5.58972871]
 Average call time: 3.94 sec | Current time: 2018-03-25 17:21:30.943778
 --------------------------
iter: 105 | nc: 2 | ncalls: 429 | eff(%): 24.476 | logz: -inf +/- 1.5e-01 | dlogz: 972009.469 >  0.500
 loglike: -1.0e+06 | params: [-0.57421536 -0.30562666  3.03407078  4.31076064]
 Average call time: 3.99 sec | Current time: 2018-03-25 17:21:38.930817
 --------------------------
iter: 106 | nc: 1 | ncalls: 430 | eff(%): 24.651 | logz: -inf +/- 1.5e-01 | dlogz: 971858.445 >  0.500
 loglike: -1.0e+06 | params: [-0.61209276 -0.15046531  3.01430308  1.73370787]
 Average call time: 3.94 sec | Current time: 2018-03-25 17:21:42.868046
 --------------------------
iter: 107 | nc: 4 | ncalls: 434 | eff(%): 24.654 | logz: -inf +/- 1.5e-01 | dlogz: 971776.244 >  0.500
 loglike: -1.0e+06 | params: [-1.38207373 -1.841755    2.99271539  5.71010483]
 Average call time: 3.98 sec | Current time: 2018-03-25 17:21:58.777075
 --------------------------
iter: 108 | nc: 1 | ncalls: 435 | eff(%): 24.828 | logz: -inf +/- 1.5e-01 | dlogz: 970634.769 >  0.500
 loglike: -1.0e+06 | params: [-1.09356961 -0.66594788  2.7243528   1.46777758]
 Average call time: 3.95 sec | Current time: 2018-03-25 17:22:02.730857
 --------------------------
iter: 109 | nc: 1 | ncalls: 436 | eff(%): 25.000 | logz: -inf +/- 1.5e-01 | dlogz: 969837.317 >  0.500
 loglike: -1.0e+06 | params: [-0.04668308 -0.19982433  3.3374914   6.39239303]
 Average call time: 3.92 sec | Current time: 2018-03-25 17:22:06.655832
 --------------------------
iter: 110 | nc: 4 | ncalls: 440 | eff(%): 25.000 | logz: -inf +/- 1.5e-01 | dlogz: 968794.841 >  0.500
 loglike: -1.0e+06 | params: [-0.08800487 -1.70033257  3.23819023  8.47906293]
 Average call time: 3.94 sec | Current time: 2018-03-25 17:22:22.430801
 --------------------------
iter: 111 | nc: 1 | ncalls: 441 | eff(%): 25.170 | logz: -inf +/- 1.5e-01 | dlogz: 967478.124 >  0.500
 loglike: -1.0e+06 | params: [ 0.27868639 -0.16371627  1.45715482  2.07086505]
 Average call time: 3.91 sec | Current time: 2018-03-25 17:22:26.344605
 --------------------------
iter: 112 | nc: 2 | ncalls: 443 | eff(%): 25.282 | logz: -inf +/- 1.5e-01 | dlogz: 967159.038 >  0.500
 loglike: -1.0e+06 | params: [-0.60517988 -1.7872296   2.99577934  5.52046039]
 Average call time: 3.94 sec | Current time: 2018-03-25 17:22:34.232576
 --------------------------
iter: 113 | nc: 1 | ncalls: 444 | eff(%): 25.450 | logz: -inf +/- 1.5e-01 | dlogz: 964997.710 >  0.500
 loglike: -1.0e+06 | params: [ 0.26354446 -0.47466444  2.39326211  1.66527644]
 Average call time: 3.92 sec | Current time: 2018-03-25 17:22:38.153806
 --------------------------
iter: 114 | nc: 2 | ncalls: 446 | eff(%): 25.561 | logz: -inf +/- 1.5e-01 | dlogz: 961540.882 >  0.500
 loglike: -1.0e+06 | params: [-1.4161972  -1.65162634  2.69620602  2.55602054]
 Average call time: 3.94 sec | Current time: 2018-03-25 17:22:46.038737
 --------------------------
iter: 115 | nc: 1 | ncalls: 447 | eff(%): 25.727 | logz: -inf +/- 1.5e-01 | dlogz: 961353.521 >  0.500
 loglike: -1.0e+06 | params: [-0.88519666 -1.40316074  2.97775558  6.3562395 ]
 Average call time: 3.95 sec | Current time: 2018-03-25 17:22:49.991526
 --------------------------
iter: 116 | nc: 1 | ncalls: 448 | eff(%): 25.893 | logz: -inf +/- 1.5e-01 | dlogz: 961011.917 >  0.500
 loglike: -1.0e+06 | params: [ 0.28111438 -0.05347042  2.78023399  4.29467048]
 Average call time: 3.91 sec | Current time: 2018-03-25 17:22:53.896589
 --------------------------
iter: 117 | nc: 1 | ncalls: 449 | eff(%): 26.058 | logz: -inf +/- 1.5e-01 | dlogz: 960923.478 >  0.500
 loglike: -1.0e+06 | params: [ 0.24611694 -1.92258433  3.07717236  5.2864163 ]
 Average call time: 3.89 sec | Current time: 2018-03-25 17:22:57.786748
 --------------------------
iter: 118 | nc: 1 | ncalls: 450 | eff(%): 26.222 | logz: -inf +/- 1.5e-01 | dlogz: 959905.834 >  0.500
 loglike: -1.0e+06 | params: [ 0.37797461 -1.61419717  3.13853207  7.28145824]
 Average call time: 3.95 sec | Current time: 2018-03-25 17:23:01.732527
 --------------------------
iter: 119 | nc: 2 | ncalls: 452 | eff(%): 26.327 | logz: -inf +/- 1.5e-01 | dlogz: 959401.636 >  0.500
 loglike: -1.0e+06 | params: [ 0.10429528 -1.71246635  3.11278291  7.34123177]
 Average call time: 3.96 sec | Current time: 2018-03-25 17:23:09.658497
 --------------------------
iter: 120 | nc: 1 | ncalls: 453 | eff(%): 26.490 | logz: -inf +/- 1.5e-01 | dlogz: 958201.615 >  0.500
 loglike: -1.0e+06 | params: [-0.76010297 -0.126886    2.44915863  2.12798446]
 Average call time: 3.97 sec | Current time: 2018-03-25 17:23:13.632728
 --------------------------
iter: 121 | nc: 1 | ncalls: 454 | eff(%): 26.652 | logz: -inf +/- 1.5e-01 | dlogz: 957148.134 >  0.500
 loglike: -1.0e+06 | params: [-1.32502369 -1.48648615  2.92035224  6.12737101]
 Average call time: 3.91 sec | Current time: 2018-03-25 17:23:17.545581
 --------------------------
iter: 122 | nc: 5 | ncalls: 459 | eff(%): 26.580 | logz: -inf +/- 1.5e-01 | dlogz: 956655.295 >  0.500
 loglike: -1.0e+06 | params: [-0.50820831 -1.47741044  2.66705933  1.65624404]
 Average call time: 4.00 sec | Current time: 2018-03-25 17:23:37.550933
 --------------------------
iter: 123 | nc: 3 | ncalls: 462 | eff(%): 26.623 | logz: -inf +/- 1.5e-01 | dlogz: 955976.550 >  0.500
 loglike: -1.0e+06 | params: [ 0.39477452 -0.28593036  1.07811059  2.06104314]
 Average call time: 4.02 sec | Current time: 2018-03-25 17:23:49.605842
 --------------------------
iter: 124 | nc: 1 | ncalls: 463 | eff(%): 26.782 | logz: -inf +/- 1.5e-01 | dlogz: 955788.344 >  0.500
 loglike: -1.0e+06 | params: [ 0.21295491 -0.54440797  3.07703543  5.25115845]
 Average call time: 3.95 sec | Current time: 2018-03-25 17:23:53.557769
 --------------------------
iter: 125 | nc: 1 | ncalls: 464 | eff(%): 26.940 | logz: -inf +/- 1.5e-01 | dlogz: 955696.181 >  0.500
 loglike: -1.0e+06 | params: [-0.82368876 -1.03135965  2.63857314  1.32435437]
 Average call time: 3.92 sec | Current time: 2018-03-25 17:23:57.479980
 --------------------------
iter: 126 | nc: 1 | ncalls: 465 | eff(%): 27.097 | logz: -inf +/- 1.5e-01 | dlogz: 955346.628 >  0.500
 loglike: -1.0e+06 | params: [-1.2291862  -1.99090707  2.61254853  1.14933522]
 Average call time: 3.94 sec | Current time: 2018-03-25 17:24:01.422021
 --------------------------
iter: 127 | nc: 1 | ncalls: 466 | eff(%): 27.253 | logz: -inf +/- 1.5e-01 | dlogz: 954453.635 >  0.500
 loglike: -1.0e+06 | params: [ 0.20520448 -0.80408926  3.08153998  5.83459006]
 Average call time: 3.90 sec | Current time: 2018-03-25 17:24:05.322684
 --------------------------
iter: 128 | nc: 2 | ncalls: 468 | eff(%): 27.350 | logz: -inf +/- 1.5e-01 | dlogz: 953598.714 >  0.500
 loglike: -1.0e+06 | params: [-1.47513238 -0.14363466  2.38067046  1.62662517]
 Average call time: 4.03 sec | Current time: 2018-03-25 17:24:13.375380
 --------------------------
iter: 129 | nc: 1 | ncalls: 469 | eff(%): 27.505 | logz: -inf +/- 1.5e-01 | dlogz: 951450.360 >  0.500
 loglike: -1.0e+06 | params: [-1.24813793 -0.56181507  2.84648281  4.48046562]
 Average call time: 3.89 sec | Current time: 2018-03-25 17:24:17.267751
 --------------------------
iter: 130 | nc: 1 | ncalls: 470 | eff(%): 27.660 | logz: -1.0e+06 +/- 1.5e-01 | dlogz: 950996.536 >  0.500
 loglike: -1.0e+06 | params: [-0.48145511 -0.67790516  2.89094333  4.33834145]
 Average call time: 3.97 sec | Current time: 2018-03-25 17:24:21.236932
 --------------------------
iter: 131 | nc: 2 | ncalls: 472 | eff(%): 27.754 | logz: -1.0e+06 +/- 1.5e-01 | dlogz: 949905.171 >  0.500
 loglike: -1.0e+06 | params: [-1.10799066 -1.92254222  2.84758527  6.08168152]
 Average call time: 3.92 sec | Current time: 2018-03-25 17:24:29.080188
 --------------------------
iter: 132 | nc: 2 | ncalls: 474 | eff(%): 27.848 | logz: -1.0e+06 +/- 1.5e-01 | dlogz: 947750.689 >  0.500
 loglike: -1.0e+06 | params: [-0.21772165 -1.95462417  3.08557089  8.96186618]
 Average call time: 3.98 sec | Current time: 2018-03-25 17:24:37.031527
 --------------------------
iter: 133 | nc: 1 | ncalls: 475 | eff(%): 28.000 | logz: -1.0e+06 +/- 1.5e-01 | dlogz: 947614.073 >  0.500
 loglike: -1.0e+06 | params: [ 0.35435973 -0.34440684  2.178195    2.26513582]
 Average call time: 3.91 sec | Current time: 2018-03-25 17:24:40.939036
 --------------------------
iter: 134 | nc: 2 | ncalls: 477 | eff(%): 28.092 | logz: -1.0e+06 +/- 1.5e-01 | dlogz: 947448.811 >  0.500
 loglike: -1.0e+06 | params: [-0.77422678 -0.69143623  2.81446586  4.55493585]
 Average call time: 3.99 sec | Current time: 2018-03-25 17:24:48.920127
 --------------------------
iter: 135 | nc: 2 | ncalls: 479 | eff(%): 28.184 | logz: -1.0e+06 +/- 1.5e-01 | dlogz: 946446.889 >  0.500
 loglike: -1.0e+06 | params: [ 0.30702111 -0.06531547  1.20261764  3.85827465]
 Average call time: 3.96 sec | Current time: 2018-03-25 17:24:56.843205
 --------------------------
iter: 136 | nc: 5 | ncalls: 484 | eff(%): 28.099 | logz: -9.9e+05 +/- 1.5e-01 | dlogz: 946182.890 >  0.500
 loglike: -9.9e+05 | params: [-1.49662064 -1.10687304  2.51597744  1.72916962]
 Average call time: 4.00 sec | Current time: 2018-03-25 17:25:16.822701
 --------------------------
iter: 137 | nc: 1 | ncalls: 485 | eff(%): 28.247 | logz: -9.9e+05 +/- 1.5e-01 | dlogz: 944418.516 >  0.500
 loglike: -9.9e+05 | params: [ 0.06917806 -0.8790431   2.98156041  5.69640034]
 Average call time: 3.92 sec | Current time: 2018-03-25 17:25:20.740052
 --------------------------
iter: 138 | nc: 1 | ncalls: 486 | eff(%): 28.395 | logz: -9.9e+05 +/- 1.5e-01 | dlogz: 943549.672 >  0.500
 loglike: -9.9e+05 | params: [-0.41602679 -0.11125968  1.96977631  1.87697781]
 Average call time: 3.95 sec | Current time: 2018-03-25 17:25:24.694172
 --------------------------
iter: 139 | nc: 1 | ncalls: 487 | eff(%): 28.542 | logz: -9.9e+05 +/- 1.5e-01 | dlogz: 942483.873 >  0.500
 loglike: -9.9e+05 | params: [-1.18184566 -1.12119222  2.88798996  9.3255229 ]
 Average call time: 4.03 sec | Current time: 2018-03-25 17:25:28.725003
 --------------------------
iter: 140 | nc: 1 | ncalls: 488 | eff(%): 28.689 | logz: -9.9e+05 +/- 1.5e-01 | dlogz: 941100.276 >  0.500
 loglike: -9.9e+05 | params: [-0.58921726 -0.61283359  2.91394104  6.90294725]
 Average call time: 4.01 sec | Current time: 2018-03-25 17:25:32.732390
 --------------------------
iter: 141 | nc: 1 | ncalls: 489 | eff(%): 28.834 | logz: -9.9e+05 +/- 1.5e-01 | dlogz: 940756.474 >  0.500
 loglike: -9.9e+05 | params: [-0.78602407 -0.36173311  2.92042837  7.43547244]
 Average call time: 4.01 sec | Current time: 2018-03-25 17:25:36.739081
 --------------------------
iter: 142 | nc: 3 | ncalls: 492 | eff(%): 28.862 | logz: -9.9e+05 +/- 1.5e-01 | dlogz: 940385.192 >  0.500
 loglike: -9.9e+05 | params: [-1.44759105 -0.99880061  2.58438133  3.00941238]
 Average call time: 3.97 sec | Current time: 2018-03-25 17:25:48.644015
 --------------------------
iter: 143 | nc: 1 | ncalls: 493 | eff(%): 29.006 | logz: -9.9e+05 +/- 1.5e-01 | dlogz: 939942.260 >  0.500
 loglike: -9.9e+05 | params: [-0.85975329 -0.94654579  2.8891797   8.9336245 ]
 Average call time: 3.91 sec | Current time: 2018-03-25 17:25:52.557543
 --------------------------
iter: 144 | nc: 3 | ncalls: 496 | eff(%): 29.032 | logz: -9.9e+05 +/- 1.5e-01 | dlogz: 939512.378 >  0.500
 loglike: -9.9e+05 | params: [-1.1334673  -0.40517738  2.83710229  6.00088046]
 Average call time: 4.01 sec | Current time: 2018-03-25 17:26:04.585423
 --------------------------
iter: 145 | nc: 1 | ncalls: 497 | eff(%): 29.175 | logz: -9.9e+05 +/- 1.5e-01 | dlogz: 939178.486 >  0.500
 loglike: -9.9e+05 | params: [-0.33902733 -0.13842674  2.01699071  2.08074811]
 Average call time: 3.98 sec | Current time: 2018-03-25 17:26:08.567529
 --------------------------
iter: 146 | nc: 1 | ncalls: 498 | eff(%): 29.317 | logz: -9.9e+05 +/- 1.5e-01 | dlogz: 938531.405 >  0.500
 loglike: -9.9e+05 | params: [-1.08994628 -1.53053885  2.79092132  6.65620787]
 Average call time: 3.99 sec | Current time: 2018-03-25 17:26:12.558670
 --------------------------
iter: 147 | nc: 1 | ncalls: 499 | eff(%): 29.459 | logz: -9.9e+05 +/- 1.5e-01 | dlogz: 936585.025 >  0.500
 loglike: -9.9e+05 | params: [-0.64045395 -1.1672885   2.88363191  9.16631496]
 Average call time: 3.97 sec | Current time: 2018-03-25 17:26:16.528638
 --------------------------
iter: 148 | nc: 11 | ncalls: 510 | eff(%): 29.020 | logz: -9.9e+05 +/- 1.5e-01 | dlogz: 936349.590 >  0.500
 loglike: -9.9e+05 | params: [-1.30770791 -0.36131525  2.88881951  8.05267905]
 Average call time: 4.02 sec | Current time: 2018-03-25 17:27:00.704263
 --------------------------
iter: 149 | nc: 1 | ncalls: 511 | eff(%): 29.159 | logz: -9.8e+05 +/- 1.5e-01 | dlogz: 935406.549 >  0.500
 loglike: -9.8e+05 | params: [ 0.16492923 -1.06034582  2.7410591   1.98012502]
 Average call time: 3.91 sec | Current time: 2018-03-25 17:27:04.614618
 --------------------------
iter: 150 | nc: 1 | ncalls: 512 | eff(%): 29.297 | logz: -9.8e+05 +/- 1.5e-01 | dlogz: 935333.377 >  0.500
 loglike: -9.8e+05 | params: [-1.03712773 -0.01809017  1.01799369  4.0172547 ]
 Average call time: 3.97 sec | Current time: 2018-03-25 17:27:08.583348
 --------------------------
iter: 151 | nc: 1 | ncalls: 513 | eff(%): 29.435 | logz: -9.8e+05 +/- 1.5e-01 | dlogz: 935171.346 >  0.500
 loglike: -9.8e+05 | params: [-0.7915171  -0.17649375  2.30056276  2.60466298]
 Average call time: 3.96 sec | Current time: 2018-03-25 17:27:12.545703
 --------------------------
iter: 152 | nc: 1 | ncalls: 514 | eff(%): 29.572 | logz: -9.8e+05 +/- 1.5e-01 | dlogz: 934676.409 >  0.500
 loglike: -9.8e+05 | params: [-1.36269072 -1.35878397  2.77690566  6.49047194]
 Average call time: 3.98 sec | Current time: 2018-03-25 17:27:16.523098
 --------------------------
iter: 153 | nc: 4 | ncalls: 518 | eff(%): 29.537 | logz: -9.8e+05 +/- 1.5e-01 | dlogz: 934624.772 >  0.500
 loglike: -9.8e+05 | params: [-1.39239555 -0.27440766  2.88991115  8.82687837]
 Average call time: 3.96 sec | Current time: 2018-03-25 17:27:32.353835
 --------------------------
iter: 154 | nc: 1 | ncalls: 519 | eff(%): 29.672 | logz: -9.8e+05 +/- 1.5e-01 | dlogz: 934050.803 >  0.500
 loglike: -9.8e+05 | params: [ 0.14504112 -0.13963495  3.10617347  8.20562904]
 Average call time: 3.90 sec | Current time: 2018-03-25 17:27:36.252983
 --------------------------
iter: 155 | nc: 5 | ncalls: 524 | eff(%): 29.580 | logz: -9.8e+05 +/- 1.5e-01 | dlogz: 933463.204 >  0.500
 loglike: -9.8e+05 | params: [ 0.44117842 -1.4354547   2.97346225  7.99377393]
 Average call time: 3.98 sec | Current time: 2018-03-25 17:27:56.138650
 --------------------------
iter: 156 | nc: 1 | ncalls: 525 | eff(%): 29.714 | logz: -9.8e+05 +/- 1.5e-01 | dlogz: 933058.821 >  0.500
 loglike: -9.8e+05 | params: [ 0.46835393 -0.77891971  2.9550951   6.89018646]
 Average call time: 3.90 sec | Current time: 2018-03-25 17:28:00.038778
 --------------------------
iter: 157 | nc: 1 | ncalls: 526 | eff(%): 29.848 | logz: -9.8e+05 +/- 1.5e-01 | dlogz: 932819.461 >  0.500
 loglike: -9.8e+05 | params: [-0.63946321 -1.19225642  2.80331817  6.83996955]
 Average call time: 3.91 sec | Current time: 2018-03-25 17:28:03.947997
 --------------------------
iter: 158 | nc: 2 | ncalls: 528 | eff(%): 29.924 | logz: -9.8e+05 +/- 1.5e-01 | dlogz: 931557.675 >  0.500
 loglike: -9.8e+05 | params: [-1.09522    -1.68011178  2.68304956  5.01558053]
 Average call time: 4.00 sec | Current time: 2018-03-25 17:28:11.948989
 --------------------------
iter: 159 | nc: 1 | ncalls: 529 | eff(%): 30.057 | logz: -9.8e+05 +/- 1.5e-01 | dlogz: 930275.258 >  0.500
 loglike: -9.8e+05 | params: [-6.90007560e-01 -7.00812460e-04  1.32571003e+00  3.94645872e+00]
 Average call time: 3.95 sec | Current time: 2018-03-25 17:28:15.897953
 --------------------------
iter: 160 | nc: 1 | ncalls: 530 | eff(%): 30.189 | logz: -9.8e+05 +/- 1.5e-01 | dlogz: 929295.519 >  0.500
 loglike: -9.8e+05 | params: [-0.53903701 -0.71214714  2.86487928  7.85073708]
 Average call time: 3.98 sec | Current time: 2018-03-25 17:28:19.873988
 --------------------------
iter: 161 | nc: 1 | ncalls: 531 | eff(%): 30.320 | logz: -9.8e+05 +/- 1.5e-01 | dlogz: 929171.306 >  0.500
 loglike: -9.8e+05 | params: [-0.14867012 -0.90995382  2.69268098  1.12585734]
 Average call time: 3.90 sec | Current time: 2018-03-25 17:28:23.772431
 --------------------------
iter: 162 | nc: 2 | ncalls: 533 | eff(%): 30.394 | logz: -9.8e+05 +/- 1.5e-01 | dlogz: 928363.337 >  0.500
 loglike: -9.8e+05 | params: [-0.99307511 -1.56247122  2.69015041  5.32056157]
 Average call time: 3.95 sec | Current time: 2018-03-25 17:28:31.666881
 --------------------------
iter: 163 | nc: 2 | ncalls: 535 | eff(%): 30.467 | logz: -9.8e+05 +/- 1.5e-01 | dlogz: 928300.167 >  0.500
 loglike: -9.8e+05 | params: [-0.52528824 -1.46651861  2.8150333   7.78189349]
 Average call time: 3.91 sec | Current time: 2018-03-25 17:28:39.490202
 --------------------------
iter: 164 | nc: 1 | ncalls: 536 | eff(%): 30.597 | logz: -9.8e+05 +/- 1.5e-01 | dlogz: 928243.475 >  0.500
 loglike: -9.8e+05 | params: [ 0.03642273 -1.40012712  2.64064226  3.20180438]
 Average call time: 3.92 sec | Current time: 2018-03-25 17:28:43.407529
 --------------------------
iter: 165 | nc: 4 | ncalls: 540 | eff(%): 30.556 | logz: -9.8e+05 +/- 1.5e-01 | dlogz: 927707.377 >  0.500
 loglike: -9.8e+05 | params: [ 0.16519694 -0.57607563  2.06500248  1.22172701]
 Average call time: 4.00 sec | Current time: 2018-03-25 17:28:59.405492
 --------------------------
iter: 166 | nc: 1 | ncalls: 541 | eff(%): 30.684 | logz: -9.8e+05 +/- 1.5e-01 | dlogz: 927056.956 >  0.500
 loglike: -9.8e+05 | params: [-0.32398499 -1.72585789  2.69424036  3.65027126]
 Average call time: 3.91 sec | Current time: 2018-03-25 17:29:03.312797
 --------------------------
iter: 167 | nc: 2 | ncalls: 543 | eff(%): 30.755 | logz: -9.8e+05 +/- 1.5e-01 | dlogz: 927001.233 >  0.500
 loglike: -9.8e+05 | params: [-1.3775511  -1.95367849  2.52216832  3.39931922]
 Average call time: 3.96 sec | Current time: 2018-03-25 17:29:11.229900
 --------------------------
iter: 168 | nc: 2 | ncalls: 545 | eff(%): 30.826 | logz: -9.7e+05 +/- 1.5e-01 | dlogz: 926385.852 >  0.500
 loglike: -9.7e+05 | params: [ 0.47309121 -0.42158862  2.84300794  2.42456085]
 Average call time: 3.96 sec | Current time: 2018-03-25 17:29:19.151434
 --------------------------
iter: 169 | nc: 1 | ncalls: 546 | eff(%): 30.952 | logz: -9.7e+05 +/- 1.5e-01 | dlogz: 924064.835 >  0.500
 loglike: -9.7e+05 | params: [-1.09537739 -0.54724828  2.71395405  6.25534597]
 Average call time: 3.92 sec | Current time: 2018-03-25 17:29:23.067545
 --------------------------
iter: 170 | nc: 5 | ncalls: 551 | eff(%): 30.853 | logz: -9.7e+05 +/- 1.5e-01 | dlogz: 923486.879 >  0.500
 loglike: -9.7e+05 | params: [ 0.2051613  -0.91221788  2.77188571  2.25197175]
 Average call time: 3.97 sec | Current time: 2018-03-25 17:29:42.928276
 --------------------------
iter: 171 | nc: 2 | ncalls: 553 | eff(%): 30.922 | logz: -9.7e+05 +/- 1.5e-01 | dlogz: 923416.264 >  0.500
 loglike: -9.7e+05 | params: [ 0.26790233 -0.51727893  2.5471324   2.21726659]
 Average call time: 3.94 sec | Current time: 2018-03-25 17:29:50.817209
 --------------------------
iter: 172 | nc: 1 | ncalls: 554 | eff(%): 31.047 | logz: -9.7e+05 +/- 1.5e-01 | dlogz: 922904.054 >  0.500
 loglike: -9.7e+05 | params: [-1.2718686  -0.0983803   1.97712224  2.74256821]
 Average call time: 3.91 sec | Current time: 2018-03-25 17:29:54.731844
 --------------------------
iter: 173 | nc: 1 | ncalls: 555 | eff(%): 31.171 | logz: -9.7e+05 +/- 1.5e-01 | dlogz: 920370.599 >  0.500
 loglike: -9.7e+05 | params: [ 0.13249022 -0.2677687   1.39335953  2.73897505]
 Average call time: 3.89 sec | Current time: 2018-03-25 17:29:58.623790
 --------------------------
iter: 174 | nc: 1 | ncalls: 556 | eff(%): 31.295 | logz: -9.7e+05 +/- 1.5e-01 | dlogz: 919125.397 >  0.500
 loglike: -9.7e+05 | params: [-0.71062283 -1.9379008   2.73051953  8.65226571]
 Average call time: 3.93 sec | Current time: 2018-03-25 17:30:02.552869
 --------------------------
iter: 175 | nc: 1 | ncalls: 557 | eff(%): 31.418 | logz: -9.7e+05 +/- 1.5e-01 | dlogz: 918492.164 >  0.500
 loglike: -9.7e+05 | params: [-1.41046217 -1.77421737  2.31412446  1.63965884]
 Average call time: 3.90 sec | Current time: 2018-03-25 17:30:06.455140
 --------------------------
iter: 176 | nc: 1 | ncalls: 558 | eff(%): 31.541 | logz: -9.7e+05 +/- 1.5e-01 | dlogz: 917841.770 >  0.500
 loglike: -9.7e+05 | params: [-1.16856396 -0.90568351  2.61645556  5.56866959]
 Average call time: 3.92 sec | Current time: 2018-03-25 17:30:10.377028
 --------------------------
iter: 177 | nc: 2 | ncalls: 560 | eff(%): 31.607 | logz: -9.6e+05 +/- 1.5e-01 | dlogz: 915458.472 >  0.500
 loglike: -9.6e+05 | params: [-0.69974322 -1.01337168  2.50564336  4.00139388]
 Average call time: 3.94 sec | Current time: 2018-03-25 17:30:18.251460
 --------------------------
iter: 178 | nc: 1 | ncalls: 561 | eff(%): 31.729 | logz: -9.6e+05 +/- 1.5e-01 | dlogz: 914111.905 >  0.500
 loglike: -9.6e+05 | params: [ 0.1225984  -0.2545804   2.99796468  6.29907893]
 Average call time: 3.94 sec | Current time: 2018-03-25 17:30:22.194165
 --------------------------
iter: 179 | nc: 1 | ncalls: 562 | eff(%): 31.851 | logz: -9.6e+05 +/- 1.5e-01 | dlogz: 913963.764 >  0.500
 loglike: -9.6e+05 | params: [-0.10627406 -0.71946925  2.89786994  8.45875584]
 Average call time: 3.91 sec | Current time: 2018-03-25 17:30:26.109061
 --------------------------
iter: 180 | nc: 1 | ncalls: 563 | eff(%): 31.972 | logz: -9.6e+05 +/- 1.5e-01 | dlogz: 912430.595 >  0.500
 loglike: -9.6e+05 | params: [-0.68914739 -0.20135162  1.25435034  2.63022649]
 Average call time: 3.96 sec | Current time: 2018-03-25 17:30:30.065298
 --------------------------
iter: 181 | nc: 1 | ncalls: 564 | eff(%): 32.092 | logz: -9.6e+05 +/- 1.5e-01 | dlogz: 911567.677 >  0.500
 loglike: -9.6e+05 | params: [-0.36811071 -1.98647188  2.85232513  9.20910598]
 Average call time: 3.89 sec | Current time: 2018-03-25 17:30:33.956549
 --------------------------
