GPU acceleration enabled
Loading Setup File: setup_files/mock_mdf.py
using given n: 0
Starting SourceModule Code
Getting function
Past the SourceModule code
CUDAC Available
Running Nested Sampling
-initializing models
-Saving initial results dataframe
-Running dynesty sampler
iteration: 0 | nc: 1 | ncalls: 1 | eff(%): 2.0 | logz: -1.3e+06 +/- 3.0e-01 | dlogz: inf >  0.500
 loglike: -1.3e+06 | params: [-0.95481479  0.27646426 -0.89625564  3.87441806  8.00746108]
 Average call time: 11.51 sec | Current time: 2018-01-25 08:43:46.774895
 --------------------------
iteration: 1 | nc: 1 | ncalls: 2 | eff(%): 3.8 | logz: -1.3e+06 +/- 3.0e-01 | dlogz: inf >  0.500
 loglike: -1.3e+06 | params: [-1.19485445  0.56840962 -1.44355144  3.85428629  4.84287343]
 Average call time: 11.40 sec | Current time: 2018-01-25 08:43:58.067299
 --------------------------
iteration: 2 | nc: 1 | ncalls: 3 | eff(%): 5.7 | logz: -1.3e+06 +/- 3.0e-01 | dlogz: inf >  0.500
 loglike: -1.3e+06 | params: [-0.84858517  0.19361869 -1.5843767   3.76120771  8.03255329]
 Average call time: 11.39 sec | Current time: 2018-01-25 08:44:09.419320
 --------------------------
iteration: 3 | nc: 1 | ncalls: 4 | eff(%): 7.4 | logz: -1.3e+06 +/- 3.0e-01 | dlogz: inf >  0.500
 loglike: -1.3e+06 | params: [-0.99476849  0.34800879 -2.13482254  3.70538815  6.65222531]
 Average call time: 11.39 sec | Current time: 2018-01-25 08:44:20.832695
 --------------------------
iteration: 4 | nc: 1 | ncalls: 5 | eff(%): 9.1 | logz: -1.2e+06 +/- 3.1e-01 | dlogz: inf >  0.500
 loglike: -1.2e+06 | params: [-1.35417956  0.65083907 -0.9886277   3.79630368  4.01123328]
 Average call time: 11.34 sec | Current time: 2018-01-25 08:44:31.951078
 --------------------------
iteration: 5 | nc: 1 | ncalls: 6 | eff(%): 10.7 | logz: -1.2e+06 +/- 3.1e-01 | dlogz: inf >  0.500
 loglike: -1.2e+06 | params: [ 0.45807764  0.88123225 -1.24463616  3.7914596   6.79831962]
 Average call time: 10.88 sec | Current time: 2018-01-25 08:44:40.527158
 --------------------------
iteration: 6 | nc: 1 | ncalls: 7 | eff(%): 12.3 | logz: -1.2e+06 +/- 3.1e-01 | dlogz: inf >  0.500
 loglike: -1.2e+06 | params: [ 0.13740702  0.54512217 -1.59749189  3.67167156  8.78611833]
 Average call time: 10.91 sec | Current time: 2018-01-25 08:44:51.634072
 --------------------------
iteration: 7 | nc: 1 | ncalls: 8 | eff(%): 13.8 | logz: -1.2e+06 +/- 3.1e-01 | dlogz: inf >  0.500
 loglike: -1.2e+06 | params: [ 0.32424577  0.79052413 -0.51583707  3.87640529  7.33571308]
 Average call time: 10.97 sec | Current time: 2018-01-25 08:45:03.059703
 --------------------------
iteration: 8 | nc: 2 | ncalls: 10 | eff(%): 15.0 | logz: -1.2e+06 +/- 3.1e-01 | dlogz: inf >  0.500
 loglike: -1.2e+06 | params: [-1.09648862  0.69829638 -0.59560918  3.66988986  8.9485389 ]
 Average call time: 11.05 sec | Current time: 2018-01-25 08:45:25.746386
 --------------------------
iteration: 9 | nc: 1 | ncalls: 11 | eff(%): 16.4 | logz: -1.2e+06 +/- 3.1e-01 | dlogz: inf >  0.500
 loglike: -1.2e+06 | params: [-0.90614543  0.37194431 -0.84460128  3.70341861  4.41843028]
 Average call time: 11.06 sec | Current time: 2018-01-25 08:45:36.942333
 --------------------------
iteration: 10 | nc: 2 | ncalls: 13 | eff(%): 17.5 | logz: -1.2e+06 +/- 3.1e-01 | dlogz: inf >  0.500
 loglike: -1.2e+06 | params: [-0.47199149  0.86887089 -1.0593055   3.71077404  3.22091999]
 Average call time: 11.09 sec | Current time: 2018-01-25 08:45:59.402856
 --------------------------
iteration: 11 | nc: 2 | ncalls: 15 | eff(%): 18.5 | logz: -1.2e+06 +/- 3.1e-01 | dlogz: inf >  0.500
 loglike: -1.2e+06 | params: [-0.04440797  0.69234514 -1.55529812  3.57061883  6.31794667]
 Average call time: 10.95 sec | Current time: 2018-01-25 08:46:19.453644
 --------------------------
iteration: 12 | nc: 1 | ncalls: 16 | eff(%): 19.7 | logz: -1.2e+06 +/- 3.1e-01 | dlogz: inf >  0.500
 loglike: -1.2e+06 | params: [-0.76070025  0.604334   -2.29379112  3.40712255  8.56442589]
 Average call time: 10.96 sec | Current time: 2018-01-25 08:46:30.563158
 --------------------------
iteration: 13 | nc: 3 | ncalls: 19 | eff(%): 20.3 | logz: -1.2e+06 +/- 3.1e-01 | dlogz: inf >  0.500
 loglike: -1.2e+06 | params: [-0.31317734  0.3660745  -1.85381061  3.61426977  2.7250725 ]
 Average call time: 10.87 sec | Current time: 2018-01-25 08:47:01.813593
 --------------------------
iteration: 14 | nc: 1 | ncalls: 20 | eff(%): 21.4 | logz: -1.2e+06 +/- 3.1e-01 | dlogz: inf >  0.500
 loglike: -1.2e+06 | params: [-1.1169611   0.62210877 -1.62454452  3.35607575  7.23980646]
 Average call time: 10.89 sec | Current time: 2018-01-25 08:47:13.042548
 --------------------------
iteration: 15 | nc: 1 | ncalls: 21 | eff(%): 22.5 | logz: -1.2e+06 +/- 3.1e-01 | dlogz: inf >  0.500
 loglike: -1.2e+06 | params: [-0.75315259  0.01240698 -0.65619332  3.61982821  3.81397457]
 Average call time: 10.90 sec | Current time: 2018-01-25 08:47:24.240780
 --------------------------
iteration: 16 | nc: 1 | ncalls: 22 | eff(%): 23.6 | logz: -1.2e+06 +/- 3.1e-01 | dlogz: inf >  0.500
 loglike: -1.2e+06 | params: [-0.24101691  0.68618008 -2.01923492  3.36378336  7.85181966]
 Average call time: 10.93 sec | Current time: 2018-01-25 08:47:35.632661
 --------------------------
iteration: 17 | nc: 1 | ncalls: 23 | eff(%): 24.7 | logz: -1.2e+06 +/- 3.1e-01 | dlogz: inf >  0.500
 loglike: -1.2e+06 | params: [-0.37760763  0.50308317 -2.4724631   3.31847986  8.06112953]
 Average call time: 10.94 sec | Current time: 2018-01-25 08:47:46.805941
 --------------------------
iteration: 18 | nc: 1 | ncalls: 24 | eff(%): 25.7 | logz: -1.2e+06 +/- 3.1e-01 | dlogz: inf >  0.500
 loglike: -1.2e+06 | params: [-0.28802332  0.96479652 -0.56481704  3.79008643  2.47743866]
 Average call time: 10.95 sec | Current time: 2018-01-25 08:47:58.051777
 --------------------------
iteration: 19 | nc: 1 | ncalls: 25 | eff(%): 26.7 | logz: -1.1e+06 +/- 3.1e-01 | dlogz: inf >  0.500
 loglike: -1.1e+06 | params: [-0.21823913  0.12620532 -2.15706948  3.21125948  2.01623515]
 Average call time: 10.86 sec | Current time: 2018-01-25 08:48:06.659230
 --------------------------
iteration: 20 | nc: 1 | ncalls: 26 | eff(%): 27.6 | logz: -1.1e+06 +/- 3.2e-01 | dlogz: inf >  0.500
 loglike: -1.1e+06 | params: [-0.15434357  0.08747161 -0.72606812  3.34739365  3.53843529]
 Average call time: 10.87 sec | Current time: 2018-01-25 08:48:17.871519
 --------------------------
iteration: 21 | nc: 3 | ncalls: 29 | eff(%): 27.8 | logz: -1.1e+06 +/- 3.2e-01 | dlogz: inf >  0.500
 loglike: -1.1e+06 | params: [-0.03010962  0.36561909 -0.8967948   3.34820678  6.61084303]
 Average call time: 10.82 sec | Current time: 2018-01-25 08:48:49.099724
 --------------------------
iteration: 22 | nc: 1 | ncalls: 30 | eff(%): 28.8 | logz: -1.1e+06 +/- 3.2e-01 | dlogz: inf >  0.500
 loglike: -1.1e+06 | params: [ 0.29993039  0.41675354 -1.42829667  1.01862555  3.40513365]
 Average call time: 10.75 sec | Current time: 2018-01-25 08:48:57.690527
 --------------------------
iteration: 23 | nc: 1 | ncalls: 31 | eff(%): 29.6 | logz: -1.0e+06 +/- 3.2e-01 | dlogz: inf >  0.500
 loglike: -1.0e+06 | params: [-0.78436546  0.50099513 -1.13307413  3.13810608  3.96200604]
 Average call time: 10.76 sec | Current time: 2018-01-25 08:49:08.874448
 --------------------------
iteration: 24 | nc: 1 | ncalls: 32 | eff(%): 30.5 | logz: -1.0e+06 +/- 3.2e-01 | dlogz: inf >  0.500
 loglike: -1.0e+06 | params: [-1.38038155  0.18428708 -2.40528944  3.02464283  5.75699824]
 Average call time: 10.70 sec | Current time: 2018-01-25 08:49:17.548926
 --------------------------
iteration: 25 | nc: 3 | ncalls: 35 | eff(%): 30.6 | logz: -1.0e+06 +/- 3.2e-01 | dlogz: inf >  0.500
 loglike: -1.0e+06 | params: [-0.25444683  0.49368265 -0.8189246   3.13629096  4.55127185]
 Average call time: 10.67 sec | Current time: 2018-01-25 08:49:48.756156
 --------------------------
iteration: 26 | nc: 1 | ncalls: 36 | eff(%): 31.4 | logz: -1.0e+06 +/- 3.2e-01 | dlogz: inf >  0.500
 loglike: -1.0e+06 | params: [-1.33294599  0.76084915 -1.48145511  2.98314225  6.04251554]
 Average call time: 10.69 sec | Current time: 2018-01-25 08:49:59.945467
 --------------------------
iteration: 27 | nc: 3 | ncalls: 39 | eff(%): 31.5 | logz: -1.0e+06 +/- 3.2e-01 | dlogz: inf >  0.500
 loglike: -1.0e+06 | params: [-1.49562114  0.04196524 -2.21642523  2.79471156  1.85168418]
 Average call time: 10.66 sec | Current time: 2018-01-25 08:50:31.057780
 --------------------------
iteration: 28 | nc: 1 | ncalls: 40 | eff(%): 32.2 | logz: -1.0e+06 +/- 3.2e-01 | dlogz: 1.0e+06 >  0.500
 loglike: -1.0e+06 | params: [-0.83998522  0.60667522 -0.85568042  2.8838952   1.94338446]
 Average call time: 10.67 sec | Current time: 2018-01-25 08:50:42.235085
 --------------------------
iteration: 29 | nc: 1 | ncalls: 41 | eff(%): 33.0 | logz: -1.0e+06 +/- 3.2e-01 | dlogz: 1.0e+06 >  0.500
 loglike: -1.0e+06 | params: [-1.39078826  0.49012299 -2.13861964  2.89277454  5.40993627]
 Average call time: 10.69 sec | Current time: 2018-01-25 08:50:53.422460
 --------------------------
iteration: 30 | nc: 1 | ncalls: 42 | eff(%): 33.7 | logz: -9.9e+05 +/- 3.2e-01 | dlogz: 9.9e+05 >  0.500
 loglike: -9.9e+05 | params: [-1.20033257  0.74606341 -0.83798602  2.90117731  4.50647905]
 Average call time: 10.70 sec | Current time: 2018-01-25 08:51:04.643313
 --------------------------
iteration: 31 | nc: 2 | ncalls: 44 | eff(%): 34.0 | logz: -9.8e+05 +/- 3.2e-01 | dlogz: 9.8e+05 >  0.500
 loglike: -9.8e+05 | params: [ 0.06495599  0.76160391 -0.67119377  2.97586835  5.54694065]
 Average call time: 10.73 sec | Current time: 2018-01-25 08:51:27.241054
 --------------------------
iteration: 32 | nc: 2 | ncalls: 46 | eff(%): 34.4 | logz: -9.7e+05 +/- 3.2e-01 | dlogz: 9.7e+05 >  0.500
 loglike: -9.7e+05 | params: [-0.5100653   0.80987834 -0.59086843  2.91244976  8.28679802]
 Average call time: 10.75 sec | Current time: 2018-01-25 08:51:49.775193
 --------------------------
iteration: 33 | nc: 2 | ncalls: 48 | eff(%): 34.7 | logz: -9.7e+05 +/- 3.2e-01 | dlogz: 9.6e+05 >  0.500
 loglike: -9.7e+05 | params: [-0.62621366  0.612149   -0.66360385  2.87721001  6.64798052]
 Average call time: 10.72 sec | Current time: 2018-01-25 08:52:09.646690
 --------------------------
iteration: 34 | nc: 2 | ncalls: 50 | eff(%): 35.0 | logz: -9.7e+05 +/- 3.2e-01 | dlogz: 9.5e+05 >  0.500
 loglike: -9.7e+05 | params: [-0.04668308  0.90008784 -0.9416724   2.79746434  3.32900196]
 Average call time: 10.73 sec | Current time: 2018-01-25 08:52:31.965274
 --------------------------
iteration: 35 | nc: 1 | ncalls: 51 | eff(%): 35.6 | logz: -9.6e+05 +/- 3.2e-01 | dlogz: 9.5e+05 >  0.500
 loglike: -9.6e+05 | params: [-1.02236002  0.83024573 -1.01047165  2.759437    4.94294282]
 Average call time: 10.69 sec | Current time: 2018-01-25 08:52:40.540172
 --------------------------
iteration: 36 | nc: 3 | ncalls: 54 | eff(%): 35.6 | logz: -9.6e+05 +/- 3.3e-01 | dlogz: 9.5e+05 >  0.500
 loglike: -9.6e+05 | params: [-0.83399507  0.72842868 -2.21512925  2.65740682  3.18434608]
 Average call time: 10.67 sec | Current time: 2018-01-25 08:53:11.436972
 --------------------------
iteration: 37 | nc: 1 | ncalls: 55 | eff(%): 36.2 | logz: -9.6e+05 +/- 3.3e-01 | dlogz: 9.4e+05 >  0.500
 loglike: -9.6e+05 | params: [-0.18225302  0.18326635 -0.90517738  2.83710229  5.44522708]
 Average call time: 10.63 sec | Current time: 2018-01-25 08:53:20.100219
 --------------------------
iteration: 38 | nc: 2 | ncalls: 57 | eff(%): 36.4 | logz: -9.5e+05 +/- 3.3e-01 | dlogz: 9.4e+05 >  0.500
 loglike: -9.5e+05 | params: [-0.92824465  0.98674722 -1.6363983   2.72270324  5.21793661]
 Average call time: 10.61 sec | Current time: 2018-01-25 08:53:39.973485
 --------------------------
iteration: 39 | nc: 2 | ncalls: 59 | eff(%): 36.7 | logz: -9.4e+05 +/- 3.3e-01 | dlogz: 9.4e+05 >  0.500
 loglike: -9.4e+05 | params: [ 0.20050349  0.95148887 -1.13404241  1.22848764  4.28062354]
 Average call time: 10.59 sec | Current time: 2018-01-25 08:53:59.781529
 --------------------------
iteration: 40 | nc: 3 | ncalls: 62 | eff(%): 36.6 | logz: -9.4e+05 +/- 3.3e-01 | dlogz: 9.3e+05 >  0.500
 loglike: -9.4e+05 | params: [ 0.40648178  0.88538724 -0.94142882  1.09542419  8.70094824]
 Average call time: 10.62 sec | Current time: 2018-01-25 08:54:33.575808
 --------------------------
iteration: 41 | nc: 1 | ncalls: 63 | eff(%): 37.2 | logz: -9.2e+05 +/- 3.3e-01 | dlogz: 9.2e+05 >  0.500
 loglike: -9.2e+05 | params: [ 0.37052582  0.8104269  -2.12331384  2.76195467  8.22808445]
 Average call time: 10.63 sec | Current time: 2018-01-25 08:54:44.730252
 --------------------------
iteration: 42 | nc: 1 | ncalls: 64 | eff(%): 37.7 | logz: -9.2e+05 +/- 3.3e-01 | dlogz: 9.1e+05 >  0.500
 loglike: -9.2e+05 | params: [-0.16594788  0.57478427 -2.39604943  2.62851431  2.66359292]
 Average call time: 10.64 sec | Current time: 2018-01-25 08:54:55.911534
 --------------------------
iteration: 43 | nc: 1 | ncalls: 65 | eff(%): 38.3 | logz: -9.2e+05 +/- 3.3e-01 | dlogz: 9.1e+05 >  0.500
 loglike: -9.2e+05 | params: [-1.39225263  0.45164841 -0.53599052  1.3718281   1.95504718]
 Average call time: 10.64 sec | Current time: 2018-01-25 08:55:07.044527
 --------------------------
iteration: 44 | nc: 1 | ncalls: 66 | eff(%): 38.8 | logz: -9.1e+05 +/- 3.3e-01 | dlogz: 9.1e+05 >  0.500
 loglike: -9.1e+05 | params: [ 0.26790233  0.74136053 -1.4685784   1.40575553  1.31906922]
 Average call time: 10.65 sec | Current time: 2018-01-25 08:55:18.150733
 --------------------------
iteration: 45 | nc: 1 | ncalls: 67 | eff(%): 39.3 | logz: -9.0e+05 +/- 3.3e-01 | dlogz: 9.0e+05 >  0.500
 loglike: -9.0e+05 | params: [ 0.03423326  0.70811536 -0.90626563  2.67328249  8.72669226]
 Average call time: 10.62 sec | Current time: 2018-01-25 08:55:26.761747
 --------------------------
iteration: 46 | nc: 2 | ncalls: 69 | eff(%): 39.5 | logz: -8.9e+05 +/- 3.3e-01 | dlogz: 8.9e+05 >  0.500
 loglike: -8.9e+05 | params: [-0.02295389  0.58730363 -1.55673493  1.32138045  2.83374852]
 Average call time: 10.60 sec | Current time: 2018-01-25 08:55:46.555474
 --------------------------
iteration: 47 | nc: 3 | ncalls: 72 | eff(%): 39.3 | logz: -8.8e+05 +/- 3.3e-01 | dlogz: 8.7e+05 >  0.500
 loglike: -8.8e+05 | params: [ 0.20520448  0.59795537 -1.11230668  2.61153002  8.11384067]
 Average call time: 10.59 sec | Current time: 2018-01-25 08:56:17.695026
 --------------------------
iteration: 48 | nc: 2 | ncalls: 74 | eff(%): 39.5 | logz: -8.8e+05 +/- 3.3e-01 | dlogz: 8.7e+05 >  0.500
 loglike: -8.8e+05 | params: [-0.49488087  0.53687819 -0.86159587  1.17134691  6.35537394]
 Average call time: 10.60 sec | Current time: 2018-01-25 08:56:39.968558
 --------------------------
iteration: 49 | nc: 1 | ncalls: 75 | eff(%): 40.0 | logz: -8.8e+05 +/- 3.3e-01 | dlogz: 8.7e+05 >  0.500
 loglike: -8.8e+05 | params: [-0.75814635  0.44674015 -1.66978356  2.44116552  8.86658859]
 Average call time: 10.58 sec | Current time: 2018-01-25 08:56:48.638882
 --------------------------
iteration: 50 | nc: 2 | ncalls: 77 | eff(%): 40.2 | logz: -8.8e+05 +/- 3.3e-01 | dlogz: 8.7e+05 >  0.500
 loglike: -8.8e+05 | params: [-1.19720947  0.33517466 -1.18489645  1.22002763  1.44005116]
 Average call time: 10.59 sec | Current time: 2018-01-25 08:57:10.948971
 --------------------------
iteration: 51 | nc: 1 | ncalls: 78 | eff(%): 40.6 | logz: -8.7e+05 +/- 3.3e-01 | dlogz: 8.7e+05 >  0.500
 loglike: -8.7e+05 | params: [-1.43793028  0.36323976 -1.03855642  2.42669972  3.75533576]
 Average call time: 10.60 sec | Current time: 2018-01-25 08:57:22.121242
 --------------------------
iteration: 52 | nc: 8 | ncalls: 86 | eff(%): 39.0 | logz: -8.6e+05 +/- 3.3e-01 | dlogz: 8.6e+05 >  0.500
 loglike: -8.6e+05 | params: [-1.39546715  0.7831837  -2.20965346  1.17609528  1.47195665]
 Average call time: 10.57 sec | Current time: 2018-01-25 08:58:44.149098
 --------------------------
iteration: 53 | nc: 2 | ncalls: 88 | eff(%): 39.1 | logz: -8.5e+05 +/- 3.4e-01 | dlogz: 8.4e+05 >  0.500
 loglike: -8.5e+05 | params: [-0.38862711  0.072916   -1.74296632  2.38326708  7.22832357]
 Average call time: 10.58 sec | Current time: 2018-01-25 08:59:06.586765
 --------------------------
iteration: 54 | nc: 1 | ncalls: 89 | eff(%): 39.6 | logz: -8.5e+05 +/- 3.4e-01 | dlogz: 8.4e+05 >  0.500
 loglike: -8.5e+05 | params: [-1.27621136  0.60719371 -1.36811071  1.02029219  5.93953367]
 Average call time: 10.59 sec | Current time: 2018-01-25 08:59:17.701194
 --------------------------
iteration: 55 | nc: 1 | ncalls: 90 | eff(%): 40.0 | logz: -8.4e+05 +/- 3.4e-01 | dlogz: 8.3e+05 >  0.500
 loglike: -8.4e+05 | params: [-1.48130285  0.90064862 -0.54551714  2.67068404  1.67819075]
 Average call time: 10.60 sec | Current time: 2018-01-25 08:59:28.854977
 --------------------------
iteration: 56 | nc: 2 | ncalls: 92 | eff(%): 40.1 | logz: -8.4e+05 +/- 3.4e-01 | dlogz: 8.3e+05 >  0.500
 loglike: -8.4e+05 | params: [-0.07197347  0.17590427 -2.35860764  1.47286926  2.29246411]
 Average call time: 10.61 sec | Current time: 2018-01-25 08:59:51.227390
 --------------------------
iteration: 57 | nc: 3 | ncalls: 95 | eff(%): 40.0 | logz: -8.3e+05 +/- 3.4e-01 | dlogz: 8.2e+05 >  0.500
 loglike: -8.3e+05 | params: [-0.88732559  0.75878344 -1.37344978  1.11449255  5.52413379]
 Average call time: 10.60 sec | Current time: 2018-01-25 09:00:22.495655
 --------------------------
iteration: 58 | nc: 9 | ncalls: 104 | eff(%): 38.3 | logz: -8.2e+05 +/- 3.4e-01 | dlogz: 8.1e+05 >  0.500
 loglike: -8.2e+05 | params: [ 0.36157326  0.3389969  -2.25983375  2.54881813  6.59365651]
 Average call time: 10.54 sec | Current time: 2018-01-25 09:01:50.994089
 --------------------------
iteration: 59 | nc: 8 | ncalls: 112 | eff(%): 37.0 | logz: -8.2e+05 +/- 3.4e-01 | dlogz: 8.1e+05 >  0.500
 loglike: -8.2e+05 | params: [-0.83324812  0.5181455  -1.71062283  1.0931488   5.61471875]
 Average call time: 10.50 sec | Current time: 2018-01-25 09:03:10.728494
 --------------------------
iteration: 60 | nc: 1 | ncalls: 113 | eff(%): 37.4 | logz: -8.2e+05 +/- 3.4e-01 | dlogz: 8.1e+05 >  0.500
 loglike: -8.2e+05 | params: [ 0.19204938  0.47332988 -0.69488995  1.67798658  3.43322991]
 Average call time: 10.50 sec | Current time: 2018-01-25 09:03:21.974329
 --------------------------
iteration: 61 | nc: 4 | ncalls: 117 | eff(%): 37.1 | logz: -8.1e+05 +/- 3.4e-01 | dlogz: 8.1e+05 >  0.500
 loglike: -8.1e+05 | params: [-0.25407568  0.41296267 -1.7738776   1.10980882  7.94518968]
 Average call time: 10.48 sec | Current time: 2018-01-25 09:04:01.369571
 --------------------------
iteration: 62 | nc: 2 | ncalls: 119 | eff(%): 37.3 | logz: -8.1e+05 +/- 3.4e-01 | dlogz: 8.0e+05 >  0.500
 loglike: -8.1e+05 | params: [ 0.36827171  0.47079336 -1.47528097  1.78894143  1.79117367]
 Average call time: 10.49 sec | Current time: 2018-01-25 09:04:23.849762
 --------------------------
iteration: 63 | nc: 1 | ncalls: 120 | eff(%): 37.6 | logz: -8.1e+05 +/- 3.4e-01 | dlogz: 8.0e+05 >  0.500
 loglike: -8.1e+05 | params: [-0.46072911  0.20779101 -0.74980439  1.67245444  2.10927461]
 Average call time: 10.50 sec | Current time: 2018-01-25 09:04:34.986153
 --------------------------
iteration: 64 | nc: 1 | ncalls: 121 | eff(%): 38.0 | logz: -7.9e+05 +/- 3.4e-01 | dlogz: 7.9e+05 >  0.500
 loglike: -7.9e+05 | params: [-1.2872296   0.66525978 -1.49545325  2.22761915  6.82394776]
 Average call time: 10.48 sec | Current time: 2018-01-25 09:04:43.585030
 --------------------------
iteration: 65 | nc: 4 | ncalls: 125 | eff(%): 37.7 | logz: -7.8e+05 +/- 3.4e-01 | dlogz: 7.8e+05 >  0.500
 loglike: -7.8e+05 | params: [-0.90568203  0.05839199 -1.25735028  1.06804143  7.84043749]
 Average call time: 10.50 sec | Current time: 2018-01-25 09:05:28.362716
 --------------------------
iteration: 66 | nc: 2 | ncalls: 127 | eff(%): 37.9 | logz: -7.8e+05 +/- 3.4e-01 | dlogz: 7.7e+05 >  0.500
 loglike: -7.8e+05 | params: [ 0.23825478  0.43617342 -0.89570472  1.43130047  6.63408777]
 Average call time: 10.52 sec | Current time: 2018-01-25 09:05:50.796027
 --------------------------
iteration: 67 | nc: 1 | ncalls: 128 | eff(%): 38.2 | logz: -7.6e+05 +/- 3.4e-01 | dlogz: 7.6e+05 >  0.500
 loglike: -7.6e+05 | params: [-0.30605245  0.62846754 -0.53469792  1.52895     7.3998193 ]
 Average call time: 10.52 sec | Current time: 2018-01-25 09:06:01.935920
 --------------------------
iteration: 68 | nc: 8 | ncalls: 136 | eff(%): 37.1 | logz: -7.4e+05 +/- 3.4e-01 | dlogz: 7.5e+05 >  0.500
 loglike: -7.4e+05 | params: [ 0.44899028  0.66778691 -1.98869343  1.32493448  7.20944579]
 Average call time: 10.53 sec | Current time: 2018-01-25 09:07:26.800023
 --------------------------
iteration: 69 | nc: 1 | ncalls: 137 | eff(%): 37.4 | logz: -7.4e+05 +/- 3.4e-01 | dlogz: 7.3e+05 >  0.500
 loglike: -7.4e+05 | params: [-1.37199356  0.50589695 -0.63314658  1.44688575  5.55583035]
 Average call time: 10.53 sec | Current time: 2018-01-25 09:07:37.966767
 --------------------------
iteration: 70 | nc: 2 | ncalls: 139 | eff(%): 37.6 | logz: -7.4e+05 +/- 3.5e-01 | dlogz: 7.2e+05 >  0.500
 loglike: -7.4e+05 | params: [-1.39572732  0.09272932 -0.72602074  1.5044529   3.9030929 ]
 Average call time: 10.54 sec | Current time: 2018-01-25 09:08:00.252572
 --------------------------
iteration: 71 | nc: 2 | ncalls: 141 | eff(%): 37.7 | logz: -7.3e+05 +/- 3.5e-01 | dlogz: 7.2e+05 >  0.500
 loglike: -7.3e+05 | params: [-0.36583757  0.81834498 -0.62202539  1.57870424  6.70275219]
 Average call time: 10.51 sec | Current time: 2018-01-25 09:08:17.481722
 --------------------------
iteration: 72 | nc: 8 | ncalls: 149 | eff(%): 36.7 | logz: -7.2e+05 +/- 3.5e-01 | dlogz: 7.1e+05 >  0.500
 loglike: -7.2e+05 | params: [-0.10412039  0.2582965  -0.66838436  2.59707456  5.46371536]
 Average call time: 10.50 sec | Current time: 2018-01-25 09:09:39.716495
 --------------------------
iteration: 73 | nc: 3 | ncalls: 152 | eff(%): 36.6 | logz: -7.2e+05 +/- 3.5e-01 | dlogz: 7.1e+05 >  0.500
 loglike: -7.2e+05 | params: [-1.44255609  0.90212882 -2.02690824  1.38575278  3.5430063 ]
 Average call time: 10.48 sec | Current time: 2018-01-25 09:10:08.311741
 --------------------------
iteration: 74 | nc: 10 | ncalls: 162 | eff(%): 35.4 | logz: -7.2e+05 +/- 3.5e-01 | dlogz: 7.1e+05 >  0.500
 loglike: -7.2e+05 | params: [-1.4720317   0.60897714 -0.52286724  1.67232107  5.69774175]
 Average call time: 10.48 sec | Current time: 2018-01-25 09:11:52.655823
 --------------------------
iteration: 75 | nc: 1 | ncalls: 163 | eff(%): 35.7 | logz: -7.1e+05 +/- 3.5e-01 | dlogz: 7.1e+05 >  0.500
 loglike: -7.1e+05 | params: [-1.01513829  0.11270682 -1.69001997  1.12621891  8.4125236 ]
 Average call time: 10.47 sec | Current time: 2018-01-25 09:12:01.258467
 --------------------------
iteration: 76 | nc: 2 | ncalls: 165 | eff(%): 35.8 | logz: -7.1e+05 +/- 3.5e-01 | dlogz: 7.0e+05 >  0.500
 loglike: -7.1e+05 | params: [ 0.03615774  0.30289844 -2.46964982  2.39010606  6.62669663]
 Average call time: 10.46 sec | Current time: 2018-01-25 09:12:21.203558
 --------------------------
iteration: 77 | nc: 6 | ncalls: 171 | eff(%): 35.3 | logz: -7.1e+05 +/- 3.5e-01 | dlogz: 7.0e+05 >  0.500
 loglike: -7.1e+05 | params: [-0.53488304  0.6297172  -2.38089335  1.59066181  3.23366748]
 Average call time: 10.49 sec | Current time: 2018-01-25 09:13:29.211043
 --------------------------
iteration: 78 | nc: 5 | ncalls: 176 | eff(%): 35.0 | logz: -7.1e+05 +/- 3.5e-01 | dlogz: 6.9e+05 >  0.500
 loglike: -7.1e+05 | params: [-0.96486328  0.93282699 -0.84770988  1.43632958  6.17602888]
 Average call time: 10.51 sec | Current time: 2018-01-25 09:14:25.149182
 --------------------------
iteration: 79 | nc: 1 | ncalls: 177 | eff(%): 35.2 | logz: -7.0e+05 +/- 3.5e-01 | dlogz: 6.9e+05 >  0.500
 loglike: -7.0e+05 | params: [-0.85361037  0.5904818  -0.79220287  1.86118728  2.38453781]
 Average call time: 10.51 sec | Current time: 2018-01-25 09:14:36.266009
 --------------------------
iteration: 80 | nc: 2 | ncalls: 179 | eff(%): 35.4 | logz: -7.0e+05 +/- 3.5e-01 | dlogz: 6.9e+05 >  0.500
 loglike: -7.0e+05 | params: [-1.44792627  0.11789368 -0.84124724  1.41542287  5.55576909]
 Average call time: 10.51 sec | Current time: 2018-01-25 09:14:55.984619
 --------------------------
iteration: 81 | nc: 5 | ncalls: 184 | eff(%): 35.0 | logz: -7.0e+05 +/- 3.5e-01 | dlogz: 6.9e+05 >  0.500
 loglike: -7.0e+05 | params: [-1.19237547  0.77722042 -2.38207373  1.2373675   6.3139077 ]
 Average call time: 10.53 sec | Current time: 2018-01-25 09:15:52.145384
 --------------------------
iteration: 82 | nc: 1 | ncalls: 185 | eff(%): 35.3 | logz: -6.9e+05 +/- 3.5e-01 | dlogz: 6.9e+05 >  0.500
 loglike: -6.9e+05 | params: [ 0.01494554  0.98834976 -0.89719808  2.03194326  3.68312994]
 Average call time: 10.53 sec | Current time: 2018-01-25 09:16:03.295823
 --------------------------
iteration: 83 | nc: 2 | ncalls: 187 | eff(%): 35.4 | logz: -6.8e+05 +/- 3.5e-01 | dlogz: 6.7e+05 >  0.500
 loglike: -6.8e+05 | params: [-0.67944408  0.13554422 -2.24586738  2.24195194  5.93954989]
 Average call time: 10.54 sec | Current time: 2018-01-25 09:16:25.745742
 --------------------------
iteration: 84 | nc: 3 | ncalls: 190 | eff(%): 35.4 | logz: -6.8e+05 +/- 3.5e-01 | dlogz: 6.7e+05 >  0.500
 loglike: -6.8e+05 | params: [-1.45392649  0.50732596 -1.12687554  1.41452579  6.3793829 ]
 Average call time: 10.55 sec | Current time: 2018-01-25 09:16:59.329413
 --------------------------
iteration: 85 | nc: 5 | ncalls: 195 | eff(%): 35.1 | logz: -6.8e+05 +/- 3.5e-01 | dlogz: 6.7e+05 >  0.500
 loglike: -6.8e+05 | params: [-1.44759105  0.5005997  -1.44374578  1.66980413  1.01351746]
 Average call time: 10.56 sec | Current time: 2018-01-25 09:17:55.245567
 --------------------------
iteration: 86 | nc: 6 | ncalls: 201 | eff(%): 34.7 | logz: -6.8e+05 +/- 3.5e-01 | dlogz: 6.6e+05 >  0.500
 loglike: -6.8e+05 | params: [-1.03161936  0.83382181 -2.30296735  1.61508058  2.87784459]
 Average call time: 10.57 sec | Current time: 2018-01-25 09:19:00.288293
 --------------------------
iteration: 87 | nc: 1 | ncalls: 202 | eff(%): 34.9 | logz: -6.7e+05 +/- 3.5e-01 | dlogz: 6.6e+05 >  0.500
 loglike: -6.7e+05 | params: [-0.92949808  0.62491671 -1.54381241  1.58702554  4.05853962]
 Average call time: 10.58 sec | Current time: 2018-01-25 09:19:11.468913
 --------------------------
iteration: 88 | nc: 6 | ncalls: 208 | eff(%): 34.5 | logz: -6.7e+05 +/- 3.6e-01 | dlogz: 6.6e+05 >  0.500
 loglike: -6.7e+05 | params: [-0.75224031  0.40151079 -0.64980117  1.73457653  6.31210144]
 Average call time: 10.56 sec | Current time: 2018-01-25 09:20:11.120524
 --------------------------
iteration: 89 | nc: 6 | ncalls: 214 | eff(%): 34.1 | logz: -6.7e+05 +/- 3.6e-01 | dlogz: 6.6e+05 >  0.500
 loglike: -6.7e+05 | params: [-0.06664423  0.04107857 -1.62103645  1.84620935  3.67996775]
 Average call time: 10.51 sec | Current time: 2018-01-25 09:21:05.315548
 --------------------------
iteration: 90 | nc: 5 | ncalls: 219 | eff(%): 33.8 | logz: -6.7e+05 +/- 3.6e-01 | dlogz: 6.6e+05 >  0.500
 loglike: -6.7e+05 | params: [-1.11963229  0.00860539 -2.2449542   1.33859417  6.84331561]
 Average call time: 10.53 sec | Current time: 2018-01-25 09:22:01.143103
 --------------------------
iteration: 91 | nc: 6 | ncalls: 225 | eff(%): 33.5 | logz: -6.6e+05 +/- 3.6e-01 | dlogz: 6.6e+05 >  0.500
 loglike: -6.6e+05 | params: [-1.4161972   0.17418683 -1.36919599  1.51867351  5.53288382]
 Average call time: 10.53 sec | Current time: 2018-01-25 09:23:03.906116
 --------------------------
iteration: 92 | nc: 1 | ncalls: 226 | eff(%): 33.7 | logz: -6.6e+05 +/- 3.6e-01 | dlogz: 6.5e+05 >  0.500
 loglike: -6.6e+05 | params: [-1.28219444  0.46241949 -0.72729633  2.39494832  4.72972217]
 Average call time: 10.53 sec | Current time: 2018-01-25 09:23:15.029704
 --------------------------
iteration: 93 | nc: 4 | ncalls: 230 | eff(%): 33.6 | logz: -6.6e+05 +/- 3.6e-01 | dlogz: 6.5e+05 >  0.500
 loglike: -6.6e+05 | params: [-0.04658968  0.70645726 -2.43651698  1.71831622  3.96846058]
 Average call time: 10.54 sec | Current time: 2018-01-25 09:23:59.910106
 --------------------------
iteration: 94 | nc: 1 | ncalls: 231 | eff(%): 33.8 | logz: -6.6e+05 +/- 3.6e-01 | dlogz: 6.5e+05 >  0.500
 loglike: -6.6e+05 | params: [-1.4668144   0.53551454 -2.40861586  1.4619381   7.74408358]
 Average call time: 10.53 sec | Current time: 2018-01-25 09:24:08.512269
 --------------------------
iteration: 95 | nc: 1 | ncalls: 232 | eff(%): 34.0 | logz: -6.6e+05 +/- 3.6e-01 | dlogz: 6.4e+05 >  0.500
 loglike: -6.6e+05 | params: [-1.2056862   0.029647   -1.31221301  1.3421971   8.6064788 ]
 Average call time: 10.54 sec | Current time: 2018-01-25 09:24:19.705328
 --------------------------
iteration: 96 | nc: 4 | ncalls: 236 | eff(%): 33.9 | logz: -6.6e+05 +/- 3.6e-01 | dlogz: 6.4e+05 >  0.500
 loglike: -6.6e+05 | params: [-0.23973377  0.35782696 -2.07436012  1.66995767  4.35651033]
 Average call time: 10.53 sec | Current time: 2018-01-25 09:24:59.334618
 --------------------------
iteration: 97 | nc: 3 | ncalls: 239 | eff(%): 33.9 | logz: -6.4e+05 +/- 3.6e-01 | dlogz: 6.4e+05 >  0.500
 loglike: -6.4e+05 | params: [ 0.19752259  0.83229775 -1.8086973   1.71991357  5.28630043]
 Average call time: 10.52 sec | Current time: 2018-01-25 09:25:30.647457
 --------------------------
iteration: 98 | nc: 8 | ncalls: 247 | eff(%): 33.3 | logz: -6.3e+05 +/- 3.6e-01 | dlogz: 6.3e+05 >  0.500
 loglike: -6.3e+05 | params: [-0.64208194  0.71972093 -0.96393822  1.58310444  7.90296615]
 Average call time: 10.54 sec | Current time: 2018-01-25 09:26:57.518936
 --------------------------
iteration: 99 | nc: 3 | ncalls: 250 | eff(%): 33.3 | logz: -6.2e+05 +/- 3.6e-01 | dlogz: 6.2e+05 >  0.500
 loglike: -6.2e+05 | params: [-0.19660327  0.65446516 -1.39534538  1.5571903   8.84781097]
 Average call time: 10.53 sec | Current time: 2018-01-25 09:27:28.656717
 --------------------------
iteration: 100 | nc: 10 | ncalls: 260 | eff(%): 32.6 | logz: -6.2e+05 +/- 3.6e-01 | dlogz: 6.1e+05 >  0.500
 loglike: -6.2e+05 | params: [-0.05911456  0.23120448 -2.45091122  1.77209482  4.28092824]
 Average call time: 10.56 sec | Current time: 2018-01-25 09:29:20.517974
 --------------------------
iteration: 101 | nc: 11 | ncalls: 271 | eff(%): 31.8 | logz: -6.1e+05 +/- 3.6e-01 | dlogz: 6.1e+05 >  0.500
 loglike: -6.1e+05 | params: [ 3.72420383e-03  4.00748670e-01 -1.69384915e+00  1.75986091e+00
  5.05470760e+00]
 Average call time: 10.57 sec | Current time: 2018-01-25 09:31:18.666333
 --------------------------
iteration: 102 | nc: 1 | ncalls: 272 | eff(%): 32.0 | logz: -6.1e+05 +/- 3.6e-01 | dlogz: 6.0e+05 >  0.500
 loglike: -6.1e+05 | params: [ 0.02394779  0.42520918 -2.22221311  1.64855891  7.11760218]
 Average call time: 10.57 sec | Current time: 2018-01-25 09:31:29.917925
 --------------------------
iteration: 103 | nc: 5 | ncalls: 277 | eff(%): 31.8 | logz: -6.0e+05 +/- 3.6e-01 | dlogz: 6.0e+05 >  0.500
 loglike: -6.0e+05 | params: [ 0.33684146  0.05065046 -2.04851464  2.0881183   4.29804561]
 Average call time: 10.57 sec | Current time: 2018-01-25 09:32:23.058630
 --------------------------
iteration: 104 | nc: 4 | ncalls: 281 | eff(%): 31.7 | logz: -6.0e+05 +/- 3.6e-01 | dlogz: 5.9e+05 >  0.500
 loglike: -6.0e+05 | params: [-0.23475337  0.82875065 -1.07377915  2.00644068  2.34155741]
 Average call time: 10.56 sec | Current time: 2018-01-25 09:33:02.789872
 --------------------------
iteration: 105 | nc: 4 | ncalls: 285 | eff(%): 31.6 | logz: -6.0e+05 +/- 3.6e-01 | dlogz: 5.8e+05 >  0.500
 loglike: -6.0e+05 | params: [-0.77022803  0.61539618 -2.34923752  2.10647202  8.46512082]
 Average call time: 10.57 sec | Current time: 2018-01-25 09:33:47.527491
 --------------------------
iteration: 106 | nc: 2 | ncalls: 287 | eff(%): 31.8 | logz: -5.6e+05 +/- 3.6e-01 | dlogz: 5.8e+05 >  0.500
 loglike: -5.6e+05 | params: [-1.44422558  0.57330133 -0.88871378  2.2615373   5.20213469]
 Average call time: 10.57 sec | Current time: 2018-01-25 09:34:07.549362
 --------------------------
iteration: 107 | nc: 3 | ncalls: 290 | eff(%): 31.8 | logz: -5.3e+05 +/- 3.7e-01 | dlogz: 5.5e+05 >  0.500
 loglike: -5.3e+05 | params: [-0.81933836  0.40223463 -1.58578021  2.14897317  6.26471782]
 Average call time: 10.55 sec | Current time: 2018-01-25 09:34:36.003204
 --------------------------
iteration: 108 | nc: 3 | ncalls: 293 | eff(%): 31.8 | logz: -5.3e+05 +/- 3.7e-01 | dlogz: 5.2e+05 >  0.500
 loglike: -5.3e+05 | params: [-0.6943811   0.93129709 -1.15367443  2.25768945  5.5493329 ]
 Average call time: 10.54 sec | Current time: 2018-01-25 09:35:04.298179
 --------------------------
iteration: 109 | nc: 9 | ncalls: 302 | eff(%): 31.2 | logz: -4.9e+05 +/- 3.7e-01 | dlogz: 5.1e+05 >  0.500
 loglike: -4.9e+05 | params: [ 0.07143703  0.14497732 -2.32502369  1.77027077  6.1209393 ]
 Average call time: 10.54 sec | Current time: 2018-01-25 09:36:39.795084
 --------------------------
