GPU acceleration enabled
Loading Setup File: setup_files/nestle.py
using given n: 0
Starting SourceModule Code
Getting function
Past the SourceModule code
CUDAC Available
Running Nestle
-initializing models
-Running nestle sampler
1
2
3
4
5
6
7
8
9
10
11
12
13
14
15
16
17
18
19
20
21
22
23
24
25
26
27
28
29
30
31
32
33
34
35
36
37
38
39
40
41
42
43
44
45
46
47
48
49
50
51
52
53
54
55
56
57
58
59
60
61
62
63
64
65
----------------
Iteration Number: 1, Likelihood Calls: 65, logz: -31041718128.050
Current time: 2017-05-30 14:06:47.436258
66
----------------
Iteration Number: 2, Likelihood Calls: 66, logz: -20794884448.522
Current time: 2017-05-30 14:06:48.644927
67
----------------
Iteration Number: 3, Likelihood Calls: 67, logz: -17411847342.598
Current time: 2017-05-30 14:06:49.853922
68
----------------
Iteration Number: 4, Likelihood Calls: 68, logz: -5961351799.716
Current time: 2017-05-30 14:06:51.064991
69
----------------
Iteration Number: 5, Likelihood Calls: 69, logz: -5215964916.375
Current time: 2017-05-30 14:06:52.275101
70
----------------
Iteration Number: 6, Likelihood Calls: 70, logz: -3591200573.124
Current time: 2017-05-30 14:06:53.485262
71
----------------
Iteration Number: 7, Likelihood Calls: 71, logz: -1943897294.496
Current time: 2017-05-30 14:06:54.695581
72
----------------
Iteration Number: 8, Likelihood Calls: 72, logz: -1250964146.203
Current time: 2017-05-30 14:06:55.906066
73
----------------
Iteration Number: 9, Likelihood Calls: 73, logz: -1250964145.517
Current time: 2017-05-30 14:06:57.117636
74
----------------
Iteration Number: 10, Likelihood Calls: 74, logz: -1250964145.119
Current time: 2017-05-30 14:06:58.328741
75
----------------
Iteration Number: 11, Likelihood Calls: 75, logz: -1250964144.840
Current time: 2017-05-30 14:06:59.540283
76
----------------
Iteration Number: 12, Likelihood Calls: 76, logz: -1250964144.624
Current time: 2017-05-30 14:07:00.751241
77
----------------
Iteration Number: 13, Likelihood Calls: 77, logz: -1250964144.449
Current time: 2017-05-30 14:07:01.963600
78
----------------
Iteration Number: 14, Likelihood Calls: 78, logz: -1250964144.303
Current time: 2017-05-30 14:07:03.174909
79
----------------
Iteration Number: 15, Likelihood Calls: 79, logz: -1250964144.177
Current time: 2017-05-30 14:07:04.384003
80
----------------
Iteration Number: 16, Likelihood Calls: 80, logz: -1250964144.067
Current time: 2017-05-30 14:07:05.594947
81
----------------
Iteration Number: 17, Likelihood Calls: 81, logz: -1250964143.969
Current time: 2017-05-30 14:07:06.815852
82
----------------
Iteration Number: 18, Likelihood Calls: 82, logz: -1250964143.882
Current time: 2017-05-30 14:07:08.039931
83
----------------
Iteration Number: 19, Likelihood Calls: 83, logz: -1250964143.802
Current time: 2017-05-30 14:07:09.251108
84
----------------
Iteration Number: 20, Likelihood Calls: 84, logz: -1250964143.730
Current time: 2017-05-30 14:07:10.458324
85
----------------
Iteration Number: 21, Likelihood Calls: 85, logz: -1250964143.663
Current time: 2017-05-30 14:07:11.675806
86
----------------
Iteration Number: 22, Likelihood Calls: 86, logz: -1250964143.602
Current time: 2017-05-30 14:07:12.890924
87
----------------
Iteration Number: 23, Likelihood Calls: 87, logz: -1250964143.545
Current time: 2017-05-30 14:07:14.098846
88
----------------
Iteration Number: 24, Likelihood Calls: 88, logz: -1250964143.491
Current time: 2017-05-30 14:07:15.309724
89
----------------
Iteration Number: 25, Likelihood Calls: 89, logz: -1250964143.442
Current time: 2017-05-30 14:07:16.517083
90
----------------
Iteration Number: 26, Likelihood Calls: 90, logz: -1250964143.395
Current time: 2017-05-30 14:07:17.722600
91
----------------
Iteration Number: 27, Likelihood Calls: 91, logz: -1250964143.351
Current time: 2017-05-30 14:07:18.928720
92
----------------
Iteration Number: 28, Likelihood Calls: 92, logz: -1250964143.310
Current time: 2017-05-30 14:07:20.134373
93
----------------
Iteration Number: 29, Likelihood Calls: 93, logz: -1250964143.271
Current time: 2017-05-30 14:07:21.344623
94
----------------
Iteration Number: 30, Likelihood Calls: 94, logz: -1250964143.234
Current time: 2017-05-30 14:07:22.552350
95
----------------
Iteration Number: 31, Likelihood Calls: 95, logz: -1250964143.198
Current time: 2017-05-30 14:07:23.758325
96
----------------
Iteration Number: 32, Likelihood Calls: 96, logz: -1250964143.165
Current time: 2017-05-30 14:07:24.962855
97
----------------
Iteration Number: 33, Likelihood Calls: 97, logz: -1250964143.133
Current time: 2017-05-30 14:07:26.172280
98
----------------
Iteration Number: 34, Likelihood Calls: 98, logz: -1250964143.102
Current time: 2017-05-30 14:07:27.378857
99
----------------
Iteration Number: 35, Likelihood Calls: 99, logz: -1250964143.073
Current time: 2017-05-30 14:07:28.583521
100
----------------
Iteration Number: 36, Likelihood Calls: 100, logz: -1250964143.045
Current time: 2017-05-30 14:07:29.793216
101
----------------
Iteration Number: 37, Likelihood Calls: 101, logz: -1250964143.019
Current time: 2017-05-30 14:07:31.004429
102
----------------
Iteration Number: 38, Likelihood Calls: 102, logz: -1250964142.993
Current time: 2017-05-30 14:07:32.216627
103
----------------
Iteration Number: 39, Likelihood Calls: 103, logz: -1250964142.969
Current time: 2017-05-30 14:07:33.429513
104
----------------
Iteration Number: 40, Likelihood Calls: 104, logz: -1250964142.945
Current time: 2017-05-30 14:07:34.632116
105
----------------
Iteration Number: 41, Likelihood Calls: 105, logz: -1250964142.922
Current time: 2017-05-30 14:07:35.830756
106
----------------
Iteration Number: 42, Likelihood Calls: 106, logz: -1250964142.900
Current time: 2017-05-30 14:07:37.046222
107
----------------
Iteration Number: 43, Likelihood Calls: 107, logz: -1250964142.879
Current time: 2017-05-30 14:07:38.243808
108
----------------
Iteration Number: 44, Likelihood Calls: 108, logz: -1250964142.859
Current time: 2017-05-30 14:07:39.441390
109
----------------
Iteration Number: 45, Likelihood Calls: 109, logz: -1250964142.839
Current time: 2017-05-30 14:07:40.638313
110
----------------
Iteration Number: 46, Likelihood Calls: 110, logz: -588015462.604
Current time: 2017-05-30 14:07:41.838949
111
----------------
Iteration Number: 47, Likelihood Calls: 111, logz: -583145843.427
Current time: 2017-05-30 14:07:43.038816
112
----------------
Iteration Number: 48, Likelihood Calls: 112, logz: -398337827.469
Current time: 2017-05-30 14:07:44.240405
113
----------------
Iteration Number: 49, Likelihood Calls: 113, logz: -349711882.633
Current time: 2017-05-30 14:07:45.439677
114
----------------
Iteration Number: 50, Likelihood Calls: 114, logz: -205073808.626
Current time: 2017-05-30 14:07:46.641076
115
----------------
Iteration Number: 51, Likelihood Calls: 115, logz: -148805667.875
Current time: 2017-05-30 14:07:47.841107
116
----------------
Iteration Number: 52, Likelihood Calls: 116, logz: -121114200.329
Current time: 2017-05-30 14:07:49.041028
117
----------------
Iteration Number: 53, Likelihood Calls: 117, logz: -105469846.269
Current time: 2017-05-30 14:07:50.239849
118
----------------
Iteration Number: 54, Likelihood Calls: 118, logz: -25114879.227
Current time: 2017-05-30 14:07:51.439555
119
----------------
Iteration Number: 55, Likelihood Calls: 119, logz: -18066207.131
Current time: 2017-05-30 14:07:52.641134
120
----------------
Iteration Number: 56, Likelihood Calls: 120, logz: -4992801.786
Current time: 2017-05-30 14:07:53.841168
121
----------------
Iteration Number: 57, Likelihood Calls: 121, logz: -2138826.315
Current time: 2017-05-30 14:07:55.042816
122
----------------
Iteration Number: 58, Likelihood Calls: 122, logz: -2053968.550
Current time: 2017-05-30 14:07:56.242949
123
----------------
Iteration Number: 59, Likelihood Calls: 123, logz: -1872381.953
Current time: 2017-05-30 14:07:57.443916
124
----------------
Iteration Number: 60, Likelihood Calls: 124, logz: -1609259.701
Current time: 2017-05-30 14:07:58.644927
125
----------------
Iteration Number: 61, Likelihood Calls: 125, logz: -1503271.308
Current time: 2017-05-30 14:07:59.847740
126
----------------
Iteration Number: 62, Likelihood Calls: 126, logz: -1405103.555
Current time: 2017-05-30 14:08:01.047899
127
----------------
Iteration Number: 63, Likelihood Calls: 127, logz: -1357670.230
Current time: 2017-05-30 14:08:02.250933
128
----------------
Iteration Number: 64, Likelihood Calls: 128, logz: -1208988.369
Current time: 2017-05-30 14:08:03.452818
129
----------------
Iteration Number: 65, Likelihood Calls: 129, logz: -1068141.571
Current time: 2017-05-30 14:08:04.652904
130
----------------
Iteration Number: 66, Likelihood Calls: 130, logz: -1055587.541
Current time: 2017-05-30 14:08:05.854549
131
----------------
Iteration Number: 67, Likelihood Calls: 131, logz: -986914.032
Current time: 2017-05-30 14:08:07.054970
132
----------------
Iteration Number: 68, Likelihood Calls: 132, logz: -970737.740
Current time: 2017-05-30 14:08:08.272298
133
----------------
Iteration Number: 69, Likelihood Calls: 133, logz: -697371.501
Current time: 2017-05-30 14:08:09.469332
134
----------------
Iteration Number: 70, Likelihood Calls: 134, logz: -616465.670
Current time: 2017-05-30 14:08:10.678791
135
----------------
Iteration Number: 71, Likelihood Calls: 135, logz: -590369.545
Current time: 2017-05-30 14:08:11.876524
136
----------------
Iteration Number: 72, Likelihood Calls: 136, logz: -588590.129
Current time: 2017-05-30 14:08:13.069721
137
----------------
Iteration Number: 73, Likelihood Calls: 137, logz: -574449.792
Current time: 2017-05-30 14:08:14.260322
138
----------------
Iteration Number: 74, Likelihood Calls: 138, logz: -550061.892
Current time: 2017-05-30 14:08:15.451857
139
----------------
Iteration Number: 75, Likelihood Calls: 139, logz: -541725.920
Current time: 2017-05-30 14:08:16.647378
140
----------------
Iteration Number: 76, Likelihood Calls: 140, logz: -448642.186
Current time: 2017-05-30 14:08:17.847004
141
142
143
144
145
146
147
148
149
150
151
152
153
154
155
156
157
158
159
160
161
162
163
164
165
166
167
168
169
170
171
172
173
174
175
176
177
178
179
180
181
182
183
184
185
186
187
188
189
190
191
192
193
194
195
196
197
198
199
200
201
202
203
204
205
206
207
208
209
210
211
212
213
214
215
216
217
218
219
220
221
222
223
224
225
226
227
228
229
230
231
232
233
234
235
236
237
238
239
240
241
242
243
244
245
246
247
248
249
250
251
252
253
254
255
256
257
258
259
260
261
262
263
264
265
266
267
268
269
270
271
272
273
274
275
276
277
278
279
280
281
282
283
284
285
286
287
288
289
290
291
292
293
294
295
296
297
298
299
300
301
302
303
304
305
306
307
308
309
310
311
312
313
314
315
316
317
318
319
320
321
322
323
324
325
326
327
328
329
330
331
332
333
334
335
336
337
338
339
340
341
342
343
344
345
346
347
348
349
350
351
352
353
354
355
356
357
358
359
360
361
362
363
364
365
366
367
368
369
370
371
372
373
374
375
376
377
378
379
380
381
382
383
384
385
386
387
388
389
390
391
392
393
394
395
396
397
398
399
400
401
402
403
404
405
406
407
408
409
410
411
412
413
414
415
416
417
418
419
420
421
422
423
424
425
426
427
428
429
430
431
432
433
434
435
436
437
438
439
440
441
442
443
444
445
446
447
448
449
450
451
452
453
454
455
456
457
458
459
460
461
462
463
464
465
466
467
468
469
470
471
472
473
474
475
476
477
478
479
480
481
482
483
484
485
486
487
488
489
490
491
492
493
494
495
496
497
498
499
500
501
502
503
504
505
506
507
508
509
510
511
512
513
514
515
516
517
518
519
520
521
522
523
524
525
526
527
528
529
530
531
532
533
534
535
536
537
538
539
540
541
542
543
544
545
546
547
548
549
550
551
552
553
554
555
556
557
558
559
560
561
562
563
564
565
566
567
568
569
570
571
572
573
574
575
576
577
578
579
580
581
582
583
584
585
586
587
588
589
590
591
592
593
594
595
596
597
598
599
600
601
602
603
604
605
606
607
608
609
610
611
612
613
614
615
616
617
618
619
620
621
622
623
624
625
626
627
628
629
630
631
632
633
634
635
636
637
638
639
640
641
642
643
644
645
646
647
648
649
650
651
652
653
654
655
656
657
658
659
660
661
662
663
664
665
666
667
668
669
670
671
672
673
674
675
676
677
678
679
680
681
682
683
684
685
686
687
688
689
690
691
692
693
694
695
696
697
698
699
700
701
702
703
704
705
706
707
708
709
710
711
712
713
714
715
716
717
718
719
720
721
722
723
724
725
726
727
728
729
730
731
732
733
734
735
736
737
738
739
740
741
742
743
744
745
746
747
748
749
750
751
752
753
754
755
756
757
758
759
760
761
762
763
764
765
766
767
768
769
770
771
772
773
774
775
776
777
778
779
780
781
782
783
784
785
786
787
788
789
790
791
792
793
794
795
796
797
798
799
800
801
802
803
804
805
806
807
808
809
810
811
812
813
814
815
816
817
818
819
820
821
822
823
824
825
826
827
828
829
830
831
832
833
834
835
836
837
838
839
840
841
842
843
844
845
846
847
848
849
850
851
852
853
854
855
856
857
858
859
860
861
862
863
864
865
866
867
868
869
870
871
872
873
874
875
876
877
878
879
880
881
882
883
884
885
886
887
888
889
890
891
892
893
894
895
896
897
898
899
900
901
902
903
904
905
906
907
908
909
910
911
912
913
914
915
916
917
918
919
920
921
922
923
924
925
926
927
928
929
930
931
932
933
934
935
936
937
938
939
940
941
942
943
944
945
946
947
948
949
950
951
952
953
954
955
956
957
958
959
960
961
962
963
964
965
966
967
968
969
970
971
972
973
974
975
976
977
978
979
980
981
982
983
984
985
986
987
988
989
990
991
992
993
994
995
996
997
998
999
1000
1001
1002
1003
1004
1005
1006
1007
1008
1009
1010
1011
1012
1013
1014
1015
1016
1017
1018
1019
1020
1021
1022
1023
1024
1025
1026
1027
1028
1029
1030
1031
1032
1033
1034
1035
1036
1037
1038
1039
1040
1041
1042
1043
1044
1045
1046
1047
1048
1049
1050
1051
1052
1053
1054
1055
1056
1057
1058
1059
1060
1061
1062
1063
1064
1065
1066
1067
1068
1069
1070
1071
1072
1073
1074
1075
1076
1077
1078
1079
1080
1081
1082
1083
1084
1085
1086
1087
1088
1089
1090
1091
1092
1093
1094
1095
1096
1097
1098
1099
1100
1101
1102
1103
1104
1105
1106
1107
1108
1109
1110
1111
1112
1113
1114
1115
1116
1117
1118
1119
1120
1121
1122
1123
1124
1125
1126
1127
1128
1129
1130
1131
1132
1133
1134
1135
1136
1137
1138
1139
1140
1141
1142
1143
1144
1145
1146
1147
1148
1149
1150
1151
1152
1153
1154
1155
1156
1157
1158
1159
1160
1161
1162
1163
1164
1165
1166
1167
1168
1169
1170
1171
1172
1173
1174
1175
1176
1177
1178
1179
1180
1181
1182
1183
1184
1185
1186
1187
1188
1189
1190
1191
1192
1193
1194
1195
1196
1197
1198
1199
1200
1201
1202
1203
1204
1205
1206
1207
1208
1209
1210
1211
1212
1213
1214
1215
1216
1217
1218
1219
1220
1221
1222
1223
1224
1225
1226
1227
1228
1229
1230
1231
1232
1233
1234
1235
1236
1237
1238
1239
1240
1241
1242
1243
1244
1245
1246
1247
1248
1249
1250
1251
1252
1253
1254
1255
1256
1257
1258
1259
1260
1261
1262
1263
1264
1265
1266
1267
1268
1269
1270
1271
1272
1273
1274
1275
1276
1277
1278
1279
1280
1281
1282
1283
1284
1285
1286
1287
1288
1289
1290
1291
1292
1293
1294
1295
1296
1297
1298
1299
1300
1301
1302
1303
1304
1305
1306
1307
1308
1309
1310
1311
1312
1313
1314
1315
1316
1317
1318
1319
