GPU acceleration enabled
Loading Setup File: setup_files/NscaleNpix3.py
for process id: 0
for process id: 1
for process id: 2
for process id: 3
for process id: 4
for process id: 5
for process id: 6
for process id: 7
using given n: 0
Starting SourceModule Code
Starting SourceModule Code
Starting SourceModule Code
Starting SourceModule Code
Starting SourceModule Code
Starting SourceModule Code
Starting SourceModule Code
Starting SourceModule Code
Starting SourceModule Code
Getting function
Past the SourceModule code
CUDAC Available
Getting functionGetting function

Past the SourceModule codePast the SourceModule code

CUDAC AvailableCUDAC Available

Getting function
Past the SourceModule code
CUDAC Available
Getting function
Past the SourceModule code
CUDAC Available
Getting function
Past the SourceModule code
CUDAC Available
Getting function
Past the SourceModule code
CUDAC Available
Getting function
Past the SourceModule code
CUDAC Available
Getting function
Past the SourceModule code
CUDAC Available
Running emcee
-initializing models
-Setting up emcee sampler
emcee complete, saving results
       JobID    JobName   NTasks  AllocCPUS    AllocGRES  Partition    Elapsed     MaxRSS  MaxVMSize  MaxDiskRead MaxDiskWrite      State 
------------ ---------- -------- ---------- ------------ ---------- ---------- ---------- ---------- ------------ ------------ ---------- 
87463361_3   NscaleNpix                   8        gpu:8        gpu   03:20:28                                                    RUNNING 
87463361_3.+     extern        1          8        gpu:8              03:20:28                                                    RUNNING 
