GPU acceleration enabled
Loading Setup File: setup_files/NscaleNpix7.py
for process id: 0
for process id: 1
for process id: 2
for process id: 3
for process id: 4
for process id: 5
for process id: 6
for process id: 7
using given n: 0
Starting SourceModule Code
Starting SourceModule Code
Starting SourceModule Code
Starting SourceModule Code
Starting SourceModule Code
Starting SourceModule Code
Starting SourceModule Code
Starting SourceModule Code
Starting SourceModule Code
Getting function
Past the SourceModule code
CUDAC Available
Getting function
Past the SourceModule codeGetting function

CUDAC Available
Getting function
Past the SourceModule code
CUDAC Available
Getting function
Past the SourceModule code
CUDAC Available
Getting function
Past the SourceModule code
CUDAC Available
Past the SourceModule code
CUDAC Available
Getting function
Past the SourceModule code
CUDAC Available
Getting function
Past the SourceModule code
CUDAC Available
Getting function
Past the SourceModule code
CUDAC Available
Running emcee
-initializing models
-Setting up emcee sampler
emcee complete, saving results
       JobID    JobName   NTasks  AllocCPUS    AllocGRES  Partition    Elapsed     MaxRSS  MaxVMSize  MaxDiskRead MaxDiskWrite      State 
------------ ---------- -------- ---------- ------------ ---------- ---------- ---------- ---------- ------------ ------------ ---------- 
87463361_7   NscaleNpix                   8        gpu:8        gpu   00:55:09                                                    RUNNING 
87463361_7.+     extern        1          8        gpu:8              00:55:09                                                    RUNNING 
