GPU acceleration enabled
Loading Setup File: setup_files/rare5.py
for process id: 0
for process id: 1
for process id: 2
for process id: 3
for process id: 4
for process id: 5
for process id: 6
for process id: 7
using given n: 0
Starting SourceModule Code
Starting SourceModule Code
Starting SourceModule Code
Starting SourceModule Code
Starting SourceModule Code
Starting SourceModule Code
Starting SourceModule Code
Starting SourceModule Code
Starting SourceModule Code
Getting function
Past the SourceModule code
CUDAC Available
Getting function
Getting function
Past the SourceModule code
CUDAC Available
Past the SourceModule code
CUDAC Available
Getting function
Past the SourceModule code
Getting functionCUDAC Available

Past the SourceModule code
CUDAC Available
Getting functionGetting function

Past the SourceModule codePast the SourceModule code

CUDAC AvailableCUDAC Available

Getting function
Getting function
Past the SourceModule code
CUDAC Available
Past the SourceModule code
CUDAC Available
Running emcee
-initializing models
-Setting up emcee sampler
emcee complete, saving results
       JobID    JobName   NTasks  AllocCPUS    AllocGRES  Partition    Elapsed     MaxRSS  MaxVMSize  MaxDiskRead MaxDiskWrite      State 
------------ ---------- -------- ---------- ------------ ---------- ---------- ---------- ---------- ------------ ------------ ---------- 
88002831_5         rare                   8        gpu:8        gpu   02:59:10                                                    RUNNING 
88002831_5.+     extern        1          8        gpu:8              02:59:10                                                    RUNNING 
88002831_1         rare                   8        gpu:8        gpu   03:13:50                                                  COMPLETED 
88002831_1.+      batch        1          8        gpu:8              03:13:50   2326844K 931674232K   411404.82M   196324.96M  COMPLETED 
88002831_1.+     extern        1          8        gpu:8              03:13:50       568K    100900K        0.00M            0  COMPLETED 
88002831_2         rare                   8        gpu:8        gpu   02:57:26                                                  COMPLETED 
88002831_2.+      batch        1          8        gpu:8              02:57:26   2403680K 931601196K   389728.77M   189492.20M  COMPLETED 
88002831_2.+     extern        1          8        gpu:8              02:57:26       572K    100900K        0.00M            0  COMPLETED 
88002831_3         rare                   8        gpu:8        gpu   01:01:57                                                 CANCELLED+ 
88002831_3.+      batch        1          8        gpu:8              01:02:01   2302136K 931429436K   134922.06M    66360.47M  CANCELLED 
88002831_3.+     extern        1          8        gpu:8              01:01:58       572K    100900K        0.00M            0  COMPLETED 
88002831_4         rare                   8        gpu:8        gpu   02:49:07                                                  COMPLETED 
88002831_4.+      batch        1          8        gpu:8              02:49:07   2316612K 931878480K   382114.21M   187001.35M  COMPLETED 
88002831_4.+     extern        1          8        gpu:8              02:49:07       576K    100904K        0.00M            0  COMPLETED 
