GPU acceleration enabled
Loading Setup File: setup_files/NscaleNpix9.py
for process id: 0
for process id: 1
for process id: 2
for process id: 3
for process id: 4
for process id: 5
for process id: 6
for process id: 7
using given n: 0
Starting SourceModule Code
Starting SourceModule Code
Starting SourceModule Code
Starting SourceModule Code
Starting SourceModule Code
Starting SourceModule Code
Starting SourceModule Code
Starting SourceModule Code
Starting SourceModule Code
Getting function
Getting function
Past the SourceModule code
CUDAC Available
Past the SourceModule code
CUDAC Available
Getting function
Getting function
Past the SourceModule code
CUDAC Available
Past the SourceModule code
CUDAC Available
Getting function
Getting function
Past the SourceModule code
CUDAC Available
Past the SourceModule code
CUDAC Available
Getting function
Past the SourceModule code
CUDAC Available
Getting function
Past the SourceModule code
CUDAC Available
Getting function
Past the SourceModule code
CUDAC Available
Running emcee
-initializing models
-Setting up emcee sampler
emcee complete, saving results
       JobID    JobName   NTasks  AllocCPUS    AllocGRES  Partition    Elapsed     MaxRSS  MaxVMSize  MaxDiskRead MaxDiskWrite      State 
------------ ---------- -------- ---------- ------------ ---------- ---------- ---------- ---------- ------------ ------------ ---------- 
87463361_9   NscaleNpix                   8        gpu:8        gpu   03:17:38                                                    RUNNING 
87463361_9.+     extern        1          8        gpu:8              03:17:38                                                    RUNNING 
87463361_1   NscaleNpix                   8        gpu:8        gpu   01:00:21                                                  COMPLETED 
87463361_1.+      batch        1          8        gpu:8              01:00:21   2093444K 931935200K   432804.78M   202863.47M  COMPLETED 
87463361_1.+     extern        1          8        gpu:8              01:00:22       568K    100900K        0.00M            0  COMPLETED 
87463361_2   NscaleNpix                   8        gpu:8        gpu   01:33:54                                                  COMPLETED 
87463361_2.+      batch        1          8        gpu:8              01:33:54   2144652K 932165188K   434828.33M   203585.91M  COMPLETED 
87463361_2.+     extern        1          8        gpu:8              01:33:54       572K    100900K        0.00M            0  COMPLETED 
87463361_3   NscaleNpix                   8        gpu:8        gpu   03:20:29                                                  COMPLETED 
87463361_3.+      batch        1          8        gpu:8              03:20:29   2368556K 931923960K   423385.82M   200061.46M  COMPLETED 
87463361_3.+     extern        1          8        gpu:8              03:20:29       568K    100900K        0.00M            0  COMPLETED 
87463361_4   NscaleNpix                   8        gpu:8        gpu   00:55:59                                                  COMPLETED 
87463361_4.+      batch        1          8        gpu:8              00:55:59   2096624K 931914188K   399314.76M   192162.30M  COMPLETED 
87463361_4.+     extern        1          8        gpu:8              00:55:59       572K    100900K        0.00M            0  COMPLETED 
87463361_5   NscaleNpix                   8        gpu:8        gpu   01:28:54                                                  COMPLETED 
87463361_5.+      batch        1          8        gpu:8              01:28:54   2137736K 931696936K   411233.70M   196136.47M  COMPLETED 
87463361_5.+     extern        1          8        gpu:8              01:28:54       568K    100900K        0.00M            0  COMPLETED 
87463361_6   NscaleNpix                   8        gpu:8        gpu   03:14:43                                                  COMPLETED 
87463361_6.+      batch        1          8        gpu:8              03:14:43   2269856K 931519980K   403943.38M   193986.48M  COMPLETED 
87463361_6.+     extern        1          8        gpu:8              03:14:44       572K    100900K        0.00M            0  COMPLETED 
87463361_7   NscaleNpix                   8        gpu:8        gpu   00:55:10                                                  COMPLETED 
87463361_7.+      batch        1          8        gpu:8              00:55:10   2139440K 931918480K   394749.34M   191068.87M  COMPLETED 
87463361_7.+     extern        1          8        gpu:8              00:55:15       568K    100900K        0.00M            0  COMPLETED 
87463361_8   NscaleNpix                   8        gpu:8        gpu   01:24:39                                                  COMPLETED 
87463361_8.+      batch        1          8        gpu:8              01:24:39   2200124K 931729908K   389620.08M   189457.84M  COMPLETED 
87463361_8.+     extern        1          8        gpu:8              01:24:39       568K    100900K        0.00M            0  COMPLETED 
