GPU acceleration enabled
Loading Setup File: setup_files/NscaleNpix10.py
for process id: 0
for process id: 1
for process id: 2
for process id: 3
Starting SourceModule Code
Starting SourceModule Code
Starting SourceModule Code
Starting SourceModule Code
Getting function
Past the SourceModule code
CUDAC Available
Getting function
Past the SourceModule code
CUDAC Available
Getting function
Past the SourceModule code
CUDAC Available
Getting function
Past the SourceModule code
CUDAC Available
using given n: 0
Starting SourceModule Code
Getting function
Past the SourceModule code
CUDAC Available
Running emcee
-initializing models
-Setting up emcee sampler
