GPU acceleration enabled
Loading Setup File: setup_files/dynamic_1.py
using given n: 0
Starting SourceModule Code
Getting function
Past the SourceModule code
CUDAC Available
Running Nested Sampling
-initializing models
-Running dynesty dynamic sampler
iter: 1 | batch: 0 | bound: 0 | nc: 1 | ncall: 1 | eff(%):  3.226 | logz: -217957.013 +/-  0.368 | dlogz:    inf >  5.000 
iter: 2 | batch: 0 | bound: 0 | nc: 1 | ncall: 2 | eff(%):  6.250 | logz: -160322.636 +/-  0.369 | dlogz: 185536.258 >  5.000 
iter: 3 | batch: 0 | bound: 0 | nc: 2 | ncall: 4 | eff(%):  8.824 | logz: -155672.659 +/-  0.371 | dlogz: 127901.849 >  5.000 
iter: 4 | batch: 0 | bound: 0 | nc: 1 | ncall: 5 | eff(%): 11.429 | logz: -152080.366 +/-  0.372 | dlogz: 123251.838 >  5.000 
iter: 5 | batch: 0 | bound: 0 | nc: 1 | ncall: 6 | eff(%): 13.889 | logz: -148323.977 +/-  0.374 | dlogz: 119659.513 >  5.000 
iter: 6 | batch: 0 | bound: 0 | nc: 3 | ncall: 9 | eff(%): 15.385 | logz: -146599.133 +/-  0.375 | dlogz: 115903.091 >  5.000 
iter: 7 | batch: 0 | bound: 0 | nc: 1 | ncall: 10 | eff(%): 17.500 | logz: -142882.535 +/-  0.377 | dlogz: 114178.214 >  5.000 
iter: 8 | batch: 0 | bound: 0 | nc: 1 | ncall: 11 | eff(%): 19.512 | logz: -141618.020 +/-  0.378 | dlogz: 110461.583 >  5.000 
iter: 9 | batch: 0 | bound: 0 | nc: 1 | ncall: 12 | eff(%): 21.429 | logz: -141183.171 +/-  0.379 | dlogz: 109197.035 >  5.000 
iter: 10 | batch: 0 | bound: 0 | nc: 2 | ncall: 14 | eff(%): 22.727 | logz: -140062.701 +/-  0.381 | dlogz: 108762.154 >  5.000 
iter: 11 | batch: 0 | bound: 0 | nc: 5 | ncall: 19 | eff(%): 22.449 | logz: -136910.510 +/-  0.382 | dlogz: 107641.651 >  5.000 
iter: 12 | batch: 0 | bound: 0 | nc: 1 | ncall: 20 | eff(%): 24.000 | logz: -135239.489 +/-  0.384 | dlogz: 104489.427 >  5.000 
iter: 13 | batch: 0 | bound: 0 | nc: 2 | ncall: 22 | eff(%): 25.000 | logz: -135137.846 +/-  0.385 | dlogz: 102818.373 >  5.000 
iter: 14 | batch: 0 | bound: 0 | nc: 1 | ncall: 23 | eff(%): 26.415 | logz: -134336.280 +/-  0.386 | dlogz: 102716.698 >  5.000 
iter: 15 | batch: 0 | bound: 0 | nc: 1 | ncall: 24 | eff(%): 27.778 | logz: -133096.686 +/-  0.388 | dlogz: 101915.098 >  5.000 
iter: 16 | batch: 0 | bound: 0 | nc: 1 | ncall: 25 | eff(%): 29.091 | logz: -133091.179 +/-  0.387 | dlogz: 100675.472 >  5.000 
iter: 17 | batch: 0 | bound: 0 | nc: 1 | ncall: 26 | eff(%): 30.357 | logz: -132448.001 +/-  0.391 | dlogz: 100669.932 >  5.000 
iter: 18 | batch: 0 | bound: 0 | nc: 3 | ncall: 29 | eff(%): 30.508 | logz: -131700.440 +/-  0.392 | dlogz: 100026.721 >  5.000 
iter: 19 | batch: 0 | bound: 0 | nc: 1 | ncall: 30 | eff(%): 31.667 | logz: -131426.183 +/-  0.393 | dlogz: 99279.127 >  5.000 
iter: 20 | batch: 0 | bound: 0 | nc: 3 | ncall: 33 | eff(%): 31.746 | logz: -130739.884 +/-  0.395 | dlogz: 99004.838 >  5.000 
iter: 21 | batch: 0 | bound: 0 | nc: 4 | ncall: 37 | eff(%): 31.343 | logz: -130445.574 +/-  0.396 | dlogz: 98318.506 >  5.000 
iter: 22 | batch: 0 | bound: 0 | nc: 3 | ncall: 40 | eff(%): 31.429 | logz: -130375.806 +/-  0.397 | dlogz: 98024.163 >  5.000 
iter: 23 | batch: 0 | bound: 0 | nc: 1 | ncall: 41 | eff(%): 32.394 | logz: -130257.170 +/-  0.399 | dlogz: 97954.362 >  5.000 
iter: 24 | batch: 0 | bound: 0 | nc: 1 | ncall: 42 | eff(%): 33.333 | logz: -129515.273 +/-  0.400 | dlogz: 97835.694 >  5.000 
iter: 25 | batch: 0 | bound: 0 | nc: 1 | ncall: 43 | eff(%): 34.247 | logz: -128605.074 +/-  0.401 | dlogz: 97093.764 >  5.000 
iter: 26 | batch: 0 | bound: 0 | nc: 6 | ncall: 49 | eff(%): 32.911 | logz: -128477.145 +/-  0.403 | dlogz: 115623.670 >  5.000 
iter: 27 | batch: 0 | bound: 0 | nc: 3 | ncall: 52 | eff(%): 32.927 | logz: -127290.384 +/-  0.404 | dlogz: 115495.708 >  5.000 
iter: 28 | batch: 0 | bound: 0 | nc: 3 | ncall: 55 | eff(%): 32.941 | logz: -127273.246 +/-  0.405 | dlogz: 114308.915 >  5.000 
iter: 29 | batch: 0 | bound: 0 | nc: 2 | ncall: 57 | eff(%): 33.333 | logz: -127260.966 +/-  0.407 | dlogz: 114291.744 >  5.000 
iter: 30 | batch: 0 | bound: 0 | nc: 2 | ncall: 59 | eff(%): 33.708 | logz: -127227.414 +/-  0.408 | dlogz: 114279.431 >  5.000 
iter: 31 | batch: 0 | bound: 0 | nc: 1 | ncall: 60 | eff(%): 34.444 | logz: -127189.652 +/-  0.409 | dlogz: 114245.847 >  5.000 
iter: 32 | batch: 0 | bound: 0 | nc: 1 | ncall: 61 | eff(%): 35.165 | logz: -126981.503 +/-  0.411 | dlogz: 114208.052 >  5.000 
iter: 33 | batch: 0 | bound: 0 | nc: 4 | ncall: 65 | eff(%): 34.737 | logz: -125978.155 +/-  0.412 | dlogz: 113999.870 >  5.000 
iter: 34 | batch: 0 | bound: 0 | nc: 1 | ncall: 66 | eff(%): 35.417 | logz: -125734.958 +/-  0.413 | dlogz: 112996.489 >  5.000 
iter: 35 | batch: 0 | bound: 0 | nc: 3 | ncall: 69 | eff(%): 35.354 | logz: -125284.991 +/-  0.415 | dlogz: 112753.259 >  5.000 
iter: 36 | batch: 0 | bound: 0 | nc: 9 | ncall: 78 | eff(%): 33.333 | logz: -124996.386 +/-  0.416 | dlogz: 112303.259 >  5.000 
iter: 37 | batch: 0 | bound: 0 | nc: 3 | ncall: 81 | eff(%): 33.333 | logz: -123506.988 +/-  0.417 | dlogz: 112014.622 >  5.000 
iter: 38 | batch: 0 | bound: 0 | nc: 10 | ncall: 91 | eff(%): 31.405 | logz: -122517.676 +/-  0.418 | dlogz: 110525.191 >  5.000 
iter: 39 | batch: 0 | bound: 0 | nc: 1 | ncall: 92 | eff(%): 31.967 | logz: -120479.737 +/-  0.420 | dlogz: 109535.846 >  5.000 
iter: 40 | batch: 0 | bound: 0 | nc: 3 | ncall: 95 | eff(%): 32.000 | logz: -119861.833 +/-  0.421 | dlogz: 107497.874 >  5.000 
iter: 41 | batch: 0 | bound: 0 | nc: 2 | ncall: 97 | eff(%): 32.283 | logz: -119792.841 +/-  0.422 | dlogz: 106879.937 >  5.000 
iter: 42 | batch: 0 | bound: 0 | nc: 22 | ncall: 119 | eff(%): 28.188 | logz: -119607.546 +/-  0.424 | dlogz: 106810.913 >  5.000 
iter: 43 | batch: 0 | bound: 0 | nc: 1 | ncall: 120 | eff(%): 28.667 | logz: -117281.206 +/-  0.425 | dlogz: 106625.584 >  5.000 
iter: 44 | batch: 0 | bound: 0 | nc: 13 | ncall: 133 | eff(%): 26.994 | logz: -116464.688 +/-  0.426 | dlogz: 104299.212 >  5.000 
iter: 45 | batch: 0 | bound: 0 | nc: 14 | ncall: 147 | eff(%): 25.424 | logz: -116304.769 +/-  0.427 | dlogz: 103482.661 >  5.000 
iter: 46 | batch: 0 | bound: 0 | nc: 4 | ncall: 151 | eff(%): 25.414 | logz: -115860.777 +/-  0.429 | dlogz: 103322.709 >  5.000 
iter: 47 | batch: 0 | bound: 0 | nc: 8 | ncall: 159 | eff(%): 24.868 | logz: -115814.561 +/-  0.430 | dlogz: 102878.685 >  5.000 
iter: 48 | batch: 0 | bound: 0 | nc: 6 | ncall: 165 | eff(%): 24.615 | logz: -114494.059 +/-  0.431 | dlogz: 102832.436 >  5.000 
iter: 49 | batch: 0 | bound: 0 | nc: 4 | ncall: 169 | eff(%): 24.623 | logz: -114338.790 +/-  0.432 | dlogz: 101511.901 >  5.000 
iter: 50 | batch: 0 | bound: 0 | nc: 4 | ncall: 173 | eff(%): 24.631 | logz: -114263.307 +/-  0.434 | dlogz: 101356.600 >  5.000 
iter: 51 | batch: 0 | bound: 0 | nc: 2 | ncall: 175 | eff(%): 24.878 | logz: -113261.903 +/-  0.435 | dlogz: 101281.083 >  5.000 
iter: 52 | batch: 0 | bound: 0 | nc: 6 | ncall: 181 | eff(%): 24.645 | logz: -111910.184 +/-  0.436 | dlogz: 100279.646 >  5.000 
iter: 53 | batch: 0 | bound: 0 | nc: 3 | ncall: 184 | eff(%): 24.766 | logz: -110889.232 +/-  0.437 | dlogz: 98927.895 >  5.000 
iter: 54 | batch: 0 | bound: 0 | nc: 3 | ncall: 187 | eff(%): 24.885 | logz: -104251.397 +/-  0.439 | dlogz: 97906.910 >  5.000 
iter: 55 | batch: 0 | bound: 0 | nc: 6 | ncall: 193 | eff(%): 24.664 | logz: -103371.488 +/-  0.440 | dlogz: 91269.042 >  5.000 
iter: 56 | batch: 0 | bound: 0 | nc: 9 | ncall: 202 | eff(%): 24.138 | logz: -103272.765 +/-  0.441 | dlogz: 90389.100 >  5.000 
iter: 57 | batch: 0 | bound: 0 | nc: 9 | ncall: 211 | eff(%): 23.651 | logz: -102041.433 +/-  0.442 | dlogz: 90290.345 >  5.000 
iter: 58 | batch: 0 | bound: 0 | nc: 10 | ncall: 221 | eff(%): 23.108 | logz: -101168.965 +/-  0.443 | dlogz: 89058.980 >  5.000 
iter: 59 | batch: 0 | bound: 0 | nc: 6 | ncall: 227 | eff(%): 22.957 | logz: -99370.499 +/-  0.445 | dlogz: 88186.479 >  5.000 
iter: 60 | batch: 0 | bound: 0 | nc: 3 | ncall: 230 | eff(%): 23.077 | logz: -98880.391 +/-  0.446 | dlogz: 86387.980 >  5.000 
iter: 61 | batch: 0 | bound: 0 | nc: 21 | ncall: 251 | eff(%): 21.708 | logz: -97669.042 +/-  0.447 | dlogz: 85897.840 >  5.000 
iter: 62 | batch: 0 | bound: 0 | nc: 19 | ncall: 270 | eff(%): 20.667 | logz: -97558.251 +/-  0.448 | dlogz: 84686.458 >  5.000 
iter: 63 | batch: 0 | bound: 0 | nc: 5 | ncall: 275 | eff(%): 20.656 | logz: -94361.278 +/-  0.449 | dlogz: 84575.635 >  5.000 
iter: 64 | batch: 0 | bound: 0 | nc: 2 | ncall: 277 | eff(%): 20.847 | logz: -93865.337 +/-  0.451 | dlogz: 81378.628 >  5.000 
iter: 65 | batch: 0 | bound: 0 | nc: 5 | ncall: 282 | eff(%): 20.833 | logz: -93469.807 +/-  0.452 | dlogz: 80882.654 >  5.000 
iter: 66 | batch: 0 | bound: 0 | nc: 21 | ncall: 303 | eff(%): 19.820 | logz: -90227.924 +/-  0.453 | dlogz: 88466.979 >  5.000 
iter: 67 | batch: 0 | bound: 0 | nc: 49 | ncall: 352 | eff(%): 17.539 | logz: -89249.977 +/-  0.454 | dlogz: 85225.064 >  5.000 
iter: 68 | batch: 0 | bound: 0 | nc: 2 | ncall: 354 | eff(%): 17.708 | logz: -88792.676 +/-  0.455 | dlogz: 84247.084 >  5.000 
iter: 69 | batch: 0 | bound: 0 | nc: 2 | ncall: 356 | eff(%): 17.876 | logz: -88473.223 +/-  0.457 | dlogz: 83789.751 >  5.000 
iter: 70 | batch: 0 | bound: 0 | nc: 4 | ncall: 360 | eff(%): 17.949 | logz: -86170.332 +/-  0.458 | dlogz: 83470.265 >  5.000 
iter: 71 | batch: 0 | bound: 0 | nc: 4 | ncall: 364 | eff(%): 18.020 | logz: -85974.734 +/-  0.459 | dlogz: 81167.341 >  5.000 
iter: 72 | batch: 0 | bound: 0 | nc: 1 | ncall: 365 | eff(%): 18.228 | logz: -85763.940 +/-  0.460 | dlogz: 80971.710 >  5.000 
iter: 73 | batch: 0 | bound: 0 | nc: 4 | ncall: 369 | eff(%): 18.296 | logz: -85228.339 +/-  0.461 | dlogz: 80760.883 >  5.000 
iter: 74 | batch: 0 | bound: 0 | nc: 8 | ncall: 377 | eff(%): 18.182 | logz: -81880.157 +/-  0.462 | dlogz: 80225.249 >  5.000 
iter: 75 | batch: 0 | bound: 0 | nc: 9 | ncall: 386 | eff(%): 18.029 | logz: -80718.356 +/-  0.464 | dlogz: 76877.034 >  5.000 
iter: 76 | batch: 0 | bound: 0 | nc: 25 | ncall: 411 | eff(%): 17.234 | logz: -78506.197 +/-  0.465 | dlogz: 75715.201 >  5.000 
iter: 77 | batch: 0 | bound: 0 | nc: 1 | ncall: 412 | eff(%): 17.421 | logz: -77348.277 +/-  0.466 | dlogz: 73503.009 >  5.000 
iter: 78 | batch: 0 | bound: 0 | nc: 5 | ncall: 417 | eff(%): 17.450 | logz: -74221.921 +/-  0.467 | dlogz: 72345.056 >  5.000 
iter: 79 | batch: 0 | bound: 0 | nc: 10 | ncall: 427 | eff(%): 17.287 | logz: -73699.519 +/-  0.468 | dlogz: 69218.667 >  5.000 
iter: 80 | batch: 0 | bound: 0 | nc: 11 | ncall: 438 | eff(%): 17.094 | logz: -71650.208 +/-  0.469 | dlogz: 68696.232 >  5.000 
iter: 81 | batch: 0 | bound: 0 | nc: 16 | ncall: 454 | eff(%): 16.736 | logz: -71000.779 +/-  0.470 | dlogz: 66646.889 >  5.000 
iter: 82 | batch: 0 | bound: 0 | nc: 4 | ncall: 458 | eff(%): 16.803 | logz: -70280.417 +/-  0.472 | dlogz: 65997.426 >  5.000 
iter: 83 | batch: 0 | bound: 0 | nc: 17 | ncall: 475 | eff(%): 16.436 | logz: -68601.087 +/-  0.473 | dlogz: 65277.032 >  5.000 
iter: 84 | batch: 0 | bound: 0 | nc: 3 | ncall: 478 | eff(%): 16.535 | logz: -67662.313 +/-  0.474 | dlogz: 63597.669 >  5.000 
iter: 85 | batch: 0 | bound: 0 | nc: 9 | ncall: 487 | eff(%): 16.441 | logz: -65852.587 +/-  0.475 | dlogz: 62658.863 >  5.000 
iter: 86 | batch: 0 | bound: 0 | nc: 4 | ncall: 491 | eff(%): 16.507 | logz: -60879.896 +/-  0.476 | dlogz: 60849.104 >  5.000 
iter: 87 | batch: 0 | bound: 0 | nc: 36 | ncall: 527 | eff(%): 15.619 | logz: -60203.078 +/-  0.477 | dlogz: 55876.380 >  5.000 
iter: 88 | batch: 0 | bound: 0 | nc: 7 | ncall: 534 | eff(%): 15.603 | logz: -57933.327 +/-  0.478 | dlogz: 55199.529 >  5.000 
iter: 89 | batch: 0 | bound: 0 | nc: 10 | ncall: 544 | eff(%): 15.505 | logz: -57118.850 +/-  0.480 | dlogz: 52929.745 >  5.000 
iter: 90 | batch: 0 | bound: 0 | nc: 7 | ncall: 551 | eff(%): 15.491 | logz: -57080.342 +/-  0.481 | dlogz: 52115.235 >  5.000 
iter: 91 | batch: 0 | bound: 0 | nc: 35 | ncall: 586 | eff(%): 14.773 | logz: -55084.028 +/-  0.482 | dlogz: 52076.695 >  5.000 
iter: 92 | batch: 0 | bound: 0 | nc: 72 | ncall: 658 | eff(%): 13.372 | logz: -54813.260 +/-  0.483 | dlogz: 50080.348 >  5.000 
iter: 93 | batch: 0 | bound: 0 | nc: 40 | ncall: 698 | eff(%): 12.775 | logz: -49614.021 +/-  0.484 | dlogz: 49809.547 >  5.000 
iter: 94 | batch: 0 | bound: 0 | nc: 19 | ncall: 717 | eff(%): 12.584 | logz: -48007.955 +/-  0.485 | dlogz: 46545.515 >  5.000 
iter: 95 | batch: 0 | bound: 0 | nc: 67 | ncall: 784 | eff(%): 11.671 | logz: -46476.134 +/-  0.486 | dlogz: 44939.417 >  5.000 
iter: 96 | batch: 0 | bound: 0 | nc: 51 | ncall: 835 | eff(%): 11.098 | logz: -42806.585 +/-  0.487 | dlogz: 43407.563 >  5.000 
iter: 97 | batch: 0 | bound: 0 | nc: 31 | ncall: 866 | eff(%): 10.826 | logz: -40691.863 +/-  0.488 | dlogz: 39737.981 >  5.000 
iter: 98 | batch: 0 | bound: 0 | nc: 48 | ncall: 914 | eff(%): 10.381 | logz: -38567.001 +/-  0.490 | dlogz: 37623.227 >  5.000 
iter: 99 | batch: 0 | bound: 0 | nc: 42 | ncall: 956 | eff(%): 10.041 | logz: -37135.080 +/-  0.491 | dlogz: 35498.331 >  5.000 
iter: 100 | batch: 0 | bound: 0 | nc: 2 | ncall: 958 | eff(%): 10.121 | logz: -36545.100 +/-  0.492 | dlogz: 34066.378 >  5.000 
iter: 101 | batch: 0 | bound: 0 | nc: 105 | ncall: 1063 | eff(%):  9.241 | logz: -36068.413 +/-  0.493 | dlogz: 33476.365 >  5.000 
iter: 102 | batch: 0 | bound: 1 | nc: 2 | ncall: 1065 | eff(%):  9.315 | logz: -35383.281 +/-  0.494 | dlogz: 32999.645 >  5.000 
iter: 103 | batch: 0 | bound: 1 | nc: 1 | ncall: 1066 | eff(%):  9.398 | logz: -35191.217 +/-  0.495 | dlogz: 32314.480 >  5.000 
iter: 104 | batch: 0 | bound: 1 | nc: 9 | ncall: 1075 | eff(%):  9.412 | logz: -34388.642 +/-  0.496 | dlogz: 32122.384 >  5.000 
iter: 105 | batch: 0 | bound: 1 | nc: 17 | ncall: 1092 | eff(%):  9.358 | logz: -33859.101 +/-  0.497 | dlogz: 31319.776 >  5.000 
iter: 106 | batch: 0 | bound: 2 | nc: 5 | ncall: 1097 | eff(%):  9.406 | logz: -33725.749 +/-  0.498 | dlogz: 30790.202 >  5.000 
iter: 107 | batch: 0 | bound: 2 | nc: 14 | ncall: 1111 | eff(%):  9.378 | logz: -32428.325 +/-  0.499 | dlogz: 30656.818 >  5.000 
iter: 108 | batch: 0 | bound: 3 | nc: 2 | ncall: 1113 | eff(%):  9.449 | logz: -31361.057 +/-  0.500 | dlogz: 29359.361 >  5.000 
iter: 109 | batch: 0 | bound: 3 | nc: 9 | ncall: 1122 | eff(%):  9.462 | logz: -30989.676 +/-  0.501 | dlogz: 28292.059 >  5.000 
iter: 110 | batch: 0 | bound: 3 | nc: 1 | ncall: 1123 | eff(%):  9.540 | logz: -28142.660 +/-  0.503 | dlogz: 27920.646 >  5.000 
iter: 111 | batch: 0 | bound: 3 | nc: 3 | ncall: 1126 | eff(%):  9.602 | logz: -26751.323 +/-  0.504 | dlogz: 25073.597 >  5.000 
iter: 112 | batch: 0 | bound: 3 | nc: 5 | ncall: 1131 | eff(%):  9.647 | logz: -26622.066 +/-  0.505 | dlogz: 23682.227 >  5.000 
iter: 113 | batch: 0 | bound: 4 | nc: 9 | ncall: 1140 | eff(%):  9.658 | logz: -26454.532 +/-  0.506 | dlogz: 23552.937 >  5.000 
iter: 114 | batch: 0 | bound: 4 | nc: 8 | ncall: 1148 | eff(%):  9.677 | logz: -24493.689 +/-  0.507 | dlogz: 23385.371 >  5.000 
iter: 115 | batch: 0 | bound: 4 | nc: 4 | ncall: 1152 | eff(%):  9.729 | logz: -24369.964 +/-  0.508 | dlogz: 21424.495 >  5.000 
iter: 116 | batch: 0 | bound: 5 | nc: 2 | ncall: 1154 | eff(%):  9.797 | logz: -23980.097 +/-  0.509 | dlogz: 21300.737 >  5.000 
iter: 117 | batch: 0 | bound: 5 | nc: 2 | ncall: 1156 | eff(%):  9.865 | logz: -23945.288 +/-  0.510 | dlogz: 20910.837 >  5.000 
iter: 118 | batch: 0 | bound: 5 | nc: 1 | ncall: 1157 | eff(%):  9.941 | logz: -23752.706 +/-  0.511 | dlogz: 20875.995 >  5.000 
iter: 119 | batch: 0 | bound: 5 | nc: 6 | ncall: 1163 | eff(%):  9.975 | logz: -23422.504 +/-  0.512 | dlogz: 20683.381 >  5.000 
iter: 120 | batch: 0 | bound: 5 | nc: 5 | ncall: 1168 | eff(%): 10.017 | logz: -22946.418 +/-  0.513 | dlogz: 20727.039 >  5.000 
iter: 121 | batch: 0 | bound: 5 | nc: 7 | ncall: 1175 | eff(%): 10.041 | logz: -22735.388 +/-  0.514 | dlogz: 20250.920 >  5.000 
iter: 122 | batch: 0 | bound: 6 | nc: 5 | ncall: 1180 | eff(%): 10.083 | logz: -22543.732 +/-  0.515 | dlogz: 20039.857 >  5.000 
iter: 123 | batch: 0 | bound: 7 | nc: 25 | ncall: 1205 | eff(%):  9.960 | logz: -22240.111 +/-  0.516 | dlogz: 19848.169 >  5.000 
iter: 124 | batch: 0 | bound: 8 | nc: 21 | ncall: 1226 | eff(%):  9.873 | logz: -21881.334 +/-  0.517 | dlogz: 19544.515 >  5.000 
iter: 125 | batch: 0 | bound: 8 | nc: 5 | ncall: 1231 | eff(%):  9.913 | logz: -21478.573 +/-  0.518 | dlogz: 19185.705 >  5.000 
iter: 126 | batch: 0 | bound: 8 | nc: 18 | ncall: 1249 | eff(%):  9.851 | logz: -19184.628 +/-  0.519 | dlogz: 18782.911 >  5.000 
iter: 127 | batch: 0 | bound: 9 | nc: 4 | ncall: 1253 | eff(%):  9.899 | logz: -18852.481 +/-  0.520 | dlogz: 16488.934 >  5.000 
iter: 128 | batch: 0 | bound: 9 | nc: 12 | ncall: 1265 | eff(%):  9.884 | logz: -18850.853 +/-  0.491 | dlogz: 16156.754 >  5.000 
iter: 129 | batch: 0 | bound: 9 | nc: 5 | ncall: 1270 | eff(%):  9.923 | logz: -18717.224 +/-  0.522 | dlogz: 16155.093 >  5.000 
iter: 130 | batch: 0 | bound: 10 | nc: 10 | ncall: 1280 | eff(%):  9.924 | logz: -18665.073 +/-  0.523 | dlogz: 16021.431 >  5.000 
iter: 131 | batch: 0 | bound: 11 | nc: 26 | ncall: 1306 | eff(%):  9.805 | logz: -18410.220 +/-  0.525 | dlogz: 15969.248 >  5.000 
iter: 132 | batch: 0 | bound: 11 | nc: 9 | ncall: 1315 | eff(%):  9.814 | logz: -17984.610 +/-  0.526 | dlogz: 15714.362 >  5.000 
iter: 133 | batch: 0 | bound: 11 | nc: 17 | ncall: 1332 | eff(%):  9.765 | logz: -17966.368 +/-  0.527 | dlogz: 15288.719 >  5.000 
iter: 134 | batch: 0 | bound: 12 | nc: 5 | ncall: 1337 | eff(%):  9.802 | logz: -17247.261 +/-  0.528 | dlogz: 15270.444 >  5.000 
iter: 135 | batch: 0 | bound: 12 | nc: 10 | ncall: 1347 | eff(%):  9.804 | logz: -15849.866 +/-  0.529 | dlogz: 14551.304 >  5.000 
iter: 136 | batch: 0 | bound: 12 | nc: 2 | ncall: 1349 | eff(%):  9.862 | logz: -15786.119 +/-  0.530 | dlogz: 13153.876 >  5.000 
iter: 137 | batch: 0 | bound: 12 | nc: 2 | ncall: 1351 | eff(%):  9.920 | logz: -15641.689 +/-  0.531 | dlogz: 13090.096 >  5.000 
iter: 138 | batch: 0 | bound: 13 | nc: 10 | ncall: 1361 | eff(%):  9.921 | logz: -14897.176 +/-  0.532 | dlogz: 12945.634 >  5.000 
iter: 139 | batch: 0 | bound: 13 | nc: 16 | ncall: 1377 | eff(%):  9.879 | logz: -14860.726 +/-  0.533 | dlogz: 12201.088 >  5.000 
iter: 140 | batch: 0 | bound: 14 | nc: 1 | ncall: 1378 | eff(%):  9.943 | logz: -14789.644 +/-  0.534 | dlogz: 12164.606 >  5.000 
iter: 141 | batch: 0 | bound: 14 | nc: 4 | ncall: 1382 | eff(%):  9.986 | logz: -14682.330 +/-  0.535 | dlogz: 12093.490 >  5.000 
iter: 142 | batch: 0 | bound: 19 | nc: 91 | ncall: 1473 | eff(%):  9.448 | logz: -14502.838 +/-  0.536 | dlogz: 11986.143 >  5.000 
iter: 143 | batch: 0 | bound: 22 | nc: 65 | ncall: 1538 | eff(%):  9.120 | logz: -14050.442 +/-  0.537 | dlogz: 11806.619 >  5.000 
iter: 144 | batch: 0 | bound: 28 | nc: 117 | ncall: 1655 | eff(%):  8.546 | logz: -13837.640 +/-  0.538 | dlogz: 11354.190 >  5.000 
iter: 145 | batch: 0 | bound: 29 | nc: 35 | ncall: 1690 | eff(%):  8.430 | logz: -13756.592 +/-  0.539 | dlogz: 11141.355 >  5.000 
iter: 146 | batch: 0 | bound: 30 | nc: 35 | ncall: 1725 | eff(%):  8.319 | logz: -13241.670 +/-  0.540 | dlogz: 12043.077 >  5.000 
iter: 147 | batch: 0 | bound: 31 | nc: 32 | ncall: 1757 | eff(%):  8.226 | logz: -13003.616 +/-  0.541 | dlogz: 11528.123 >  5.000 
iter: 148 | batch: 0 | bound: 34 | nc: 67 | ncall: 1824 | eff(%):  7.983 | logz: -12989.531 +/-  0.542 | dlogz: 11290.036 >  5.000 
iter: 149 | batch: 0 | bound: 35 | nc: 28 | ncall: 1852 | eff(%):  7.917 | logz: -12925.233 +/-  0.543 | dlogz: 12057.921 >  5.000 
iter: 150 | batch: 0 | bound: 35 | nc: 8 | ncall: 1860 | eff(%):  7.937 | logz: -12658.225 +/-  0.544 | dlogz: 11993.589 >  5.000 
iter: 151 | batch: 0 | bound: 37 | nc: 33 | ncall: 1893 | eff(%):  7.852 | logz: -12504.919 +/-  0.545 | dlogz: 11726.549 >  5.000 
iter: 152 | batch: 0 | bound: 38 | nc: 25 | ncall: 1918 | eff(%):  7.803 | logz: -12099.927 +/-  0.546 | dlogz: 11573.210 >  5.000 
iter: 153 | batch: 0 | bound: 40 | nc: 40 | ncall: 1958 | eff(%):  7.696 | logz: -11895.638 +/-  0.547 | dlogz: 11168.185 >  5.000 
iter: 154 | batch: 0 | bound: 44 | nc: 73 | ncall: 2031 | eff(%):  7.472 | logz: -11341.679 +/-  0.548 | dlogz: 10963.863 >  5.000 
iter: 155 | batch: 0 | bound: 47 | nc: 64 | ncall: 2095 | eff(%):  7.294 | logz: -10897.409 +/-  0.549 | dlogz: 10409.872 >  5.000 
iter: 156 | batch: 0 | bound: 49 | nc: 43 | ncall: 2138 | eff(%):  7.196 | logz: -10817.165 +/-  0.550 | dlogz: 9965.569 >  5.000 
iter: 157 | batch: 0 | bound: 51 | nc: 38 | ncall: 2176 | eff(%):  7.117 | logz: -10545.321 +/-  0.551 | dlogz: 9885.292 >  5.000 
iter: 158 | batch: 0 | bound: 51 | nc: 16 | ncall: 2192 | eff(%):  7.111 | logz: -10176.318 +/-  0.551 | dlogz: 9613.415 >  5.000 
iter: 159 | batch: 0 | bound: 53 | nc: 21 | ncall: 2213 | eff(%):  7.089 | logz: -10161.829 +/-  0.552 | dlogz: 9244.379 >  5.000 
iter: 160 | batch: 0 | bound: 53 | nc: 10 | ncall: 2223 | eff(%):  7.102 | logz: -10105.460 +/-  0.553 | dlogz: 9229.858 >  5.000 
iter: 161 | batch: 0 | bound: 53 | nc: 4 | ncall: 2227 | eff(%):  7.133 | logz: -10022.562 +/-  0.554 | dlogz: 9173.456 >  5.000 
iter: 162 | batch: 0 | bound: 55 | nc: 43 | ncall: 2270 | eff(%):  7.043 | logz: -10016.665 +/-  0.554 | dlogz: 9090.525 >  5.000 
iter: 163 | batch: 0 | bound: 58 | nc: 71 | ncall: 2341 | eff(%):  6.875 | logz: -9544.145 +/-  0.556 | dlogz: 9084.595 >  5.000 
iter: 164 | batch: 0 | bound: 59 | nc: 19 | ncall: 2360 | eff(%):  6.862 | logz: -9437.525 +/-  0.557 | dlogz: 8612.043 >  5.000 
iter: 165 | batch: 0 | bound: 59 | nc: 7 | ncall: 2367 | eff(%):  6.884 | logz: -9250.091 +/-  0.558 | dlogz: 8505.390 >  5.000 
iter: 166 | batch: 0 | bound: 59 | nc: 15 | ncall: 2382 | eff(%):  6.882 | logz: -9190.049 +/-  0.559 | dlogz: 8317.923 >  5.000 
iter: 167 | batch: 0 | bound: 60 | nc: 13 | ncall: 2395 | eff(%):  6.887 | logz: -9108.911 +/-  0.560 | dlogz: 8257.848 >  5.000 
iter: 168 | batch: 0 | bound: 60 | nc: 17 | ncall: 2412 | eff(%):  6.880 | logz: -9054.190 +/-  0.561 | dlogz: 8176.677 >  5.000 
iter: 169 | batch: 0 | bound: 63 | nc: 52 | ncall: 2464 | eff(%):  6.776 | logz: -9051.024 +/-  0.552 | dlogz: 8121.924 >  5.000 
iter: 170 | batch: 0 | bound: 63 | nc: 14 | ncall: 2478 | eff(%):  6.778 | logz: -8628.162 +/-  0.563 | dlogz: 8118.725 >  5.000 
iter: 171 | batch: 0 | bound: 64 | nc: 14 | ncall: 2492 | eff(%):  6.780 | logz: -8353.479 +/-  0.564 | dlogz: 7695.830 >  5.000 
iter: 172 | batch: 0 | bound: 65 | nc: 26 | ncall: 2518 | eff(%):  6.750 | logz: -8155.277 +/-  0.565 | dlogz: 7421.114 >  5.000 
iter: 173 | batch: 0 | bound: 65 | nc: 3 | ncall: 2521 | eff(%):  6.782 | logz: -8073.871 +/-  0.566 | dlogz: 7222.880 >  5.000 
iter: 174 | batch: 0 | bound: 67 | nc: 37 | ncall: 2558 | eff(%):  6.723 | logz: -7389.764 +/-  0.567 | dlogz: 7141.441 >  5.000 
iter: 175 | batch: 0 | bound: 73 | nc: 117 | ncall: 2675 | eff(%):  6.470 | logz: -7111.924 +/-  0.568 | dlogz: 6457.301 >  5.000 
iter: 176 | batch: 0 | bound: 73 | nc: 5 | ncall: 2680 | eff(%):  6.494 | logz: -7092.976 +/-  0.569 | dlogz: 6179.429 >  5.000 
iter: 177 | batch: 0 | bound: 74 | nc: 20 | ncall: 2700 | eff(%):  6.484 | logz: -6936.313 +/-  0.570 | dlogz: 6160.448 >  5.000 
iter: 178 | batch: 0 | bound: 74 | nc: 3 | ncall: 2703 | eff(%):  6.513 | logz: -6566.424 +/-  0.571 | dlogz: 6003.752 >  5.000 
iter: 179 | batch: 0 | bound: 75 | nc: 27 | ncall: 2730 | eff(%):  6.486 | logz: -6288.915 +/-  0.572 | dlogz: 5633.829 >  5.000 
iter: 180 | batch: 0 | bound: 75 | nc: 8 | ncall: 2738 | eff(%):  6.503 | logz: -6247.841 +/-  0.573 | dlogz: 5356.288 >  5.000 
iter: 181 | batch: 0 | bound: 75 | nc: 18 | ncall: 2756 | eff(%):  6.497 | logz: -6155.351 +/-  0.573 | dlogz: 5315.181 >  5.000 
iter: 182 | batch: 0 | bound: 77 | nc: 26 | ncall: 2782 | eff(%):  6.472 | logz: -5943.887 +/-  0.574 | dlogz: 5222.658 >  5.000 
iter: 183 | batch: 0 | bound: 77 | nc: 1 | ncall: 2783 | eff(%):  6.506 | logz: -5831.944 +/-  0.575 | dlogz: 5011.162 >  5.000 
iter: 184 | batch: 0 | bound: 77 | nc: 10 | ncall: 2793 | eff(%):  6.518 | logz: -5792.205 +/-  0.576 | dlogz: 4899.186 >  5.000 
iter: 185 | batch: 0 | bound: 78 | nc: 9 | ncall: 2802 | eff(%):  6.532 | logz: -5743.488 +/-  0.577 | dlogz: 4859.414 >  5.000 
iter: 186 | batch: 0 | bound: 78 | nc: 9 | ncall: 2811 | eff(%):  6.547 | logz: -5585.393 +/-  0.578 | dlogz: 4810.664 >  5.000 
iter: 187 | batch: 0 | bound: 82 | nc: 59 | ncall: 2870 | eff(%):  6.448 | logz: -5459.781 +/-  0.579 | dlogz: 4652.536 >  5.000 
iter: 188 | batch: 0 | bound: 83 | nc: 24 | ncall: 2894 | eff(%):  6.430 | logz: -5432.146 +/-  0.580 | dlogz: 4526.891 >  5.000 
iter: 189 | batch: 0 | bound: 84 | nc: 34 | ncall: 2928 | eff(%):  6.389 | logz: -5414.446 +/-  0.581 | dlogz: 4499.224 >  5.000 
iter: 190 | batch: 0 | bound: 87 | nc: 64 | ncall: 2992 | eff(%):  6.287 | logz: -5361.423 +/-  0.582 | dlogz: 4481.491 >  5.000 
iter: 191 | batch: 0 | bound: 88 | nc: 27 | ncall: 3019 | eff(%):  6.264 | logz: -5326.408 +/-  0.583 | dlogz: 4428.436 >  5.000 
iter: 192 | batch: 0 | bound: 89 | nc: 19 | ncall: 3038 | eff(%):  6.258 | logz: -5158.251 +/-  0.584 | dlogz: 4393.387 >  5.000 
iter: 193 | batch: 0 | bound: 89 | nc: 11 | ncall: 3049 | eff(%):  6.268 | logz: -5011.119 +/-  0.585 | dlogz: 4225.198 >  5.000 
iter: 194 | batch: 0 | bound: 89 | nc: 3 | ncall: 3052 | eff(%):  6.295 | logz: -4862.541 +/-  0.586 | dlogz: 4078.033 >  5.000 
iter: 195 | batch: 0 | bound: 89 | nc: 10 | ncall: 3062 | eff(%):  6.307 | logz: -4812.349 +/-  0.586 | dlogz: 3929.422 >  5.000 
iter: 196 | batch: 0 | bound: 92 | nc: 42 | ncall: 3104 | eff(%):  6.254 | logz: -4608.249 +/-  0.587 | dlogz: 3879.198 >  5.000 
iter: 197 | batch: 0 | bound: 94 | nc: 40 | ncall: 3144 | eff(%):  6.207 | logz: -4468.605 +/-  0.588 | dlogz: 3675.065 >  5.000 
iter: 198 | batch: 0 | bound: 94 | nc: 9 | ncall: 3153 | eff(%):  6.221 | logz: -4434.176 +/-  0.589 | dlogz: 3535.388 >  5.000 
iter: 199 | batch: 0 | bound: 95 | nc: 32 | ncall: 3185 | eff(%):  6.190 | logz: -4380.254 +/-  0.590 | dlogz: 3500.926 >  5.000 
iter: 200 | batch: 0 | bound: 95 | nc: 15 | ncall: 3200 | eff(%):  6.192 | logz: -4272.813 +/-  0.591 | dlogz: 3446.971 >  5.000 
iter: 201 | batch: 0 | bound: 96 | nc: 1 | ncall: 3201 | eff(%):  6.221 | logz: -4243.158 +/-  0.592 | dlogz: 3339.497 >  5.000 
iter: 202 | batch: 0 | bound: 97 | nc: 21 | ncall: 3222 | eff(%):  6.212 | logz: -4172.449 +/-  0.593 | dlogz: 3309.809 >  5.000 
iter: 203 | batch: 0 | bound: 97 | nc: 18 | ncall: 3240 | eff(%):  6.208 | logz: -4066.279 +/-  0.594 | dlogz: 3239.068 >  5.000 
iter: 204 | batch: 0 | bound: 98 | nc: 15 | ncall: 3255 | eff(%):  6.210 | logz: -4000.126 +/-  0.595 | dlogz: 3132.865 >  5.000 
iter: 205 | batch: 0 | bound: 98 | nc: 6 | ncall: 3261 | eff(%):  6.229 | logz: -3753.443 +/-  0.596 | dlogz: 3066.679 >  5.000 
iter: 206 | batch: 0 | bound: 99 | nc: 17 | ncall: 3278 | eff(%):  6.227 | logz: -3610.996 +/-  0.596 | dlogz: 2819.963 >  5.000 
iter: 207 | batch: 0 | bound: 101 | nc: 37 | ncall: 3315 | eff(%):  6.188 | logz: -3562.728 +/-  0.597 | dlogz: 2677.484 >  5.000 
iter: 208 | batch: 0 | bound: 101 | nc: 3 | ncall: 3318 | eff(%):  6.213 | logz: -3357.123 +/-  0.598 | dlogz: 2629.183 >  5.000 
iter: 209 | batch: 0 | bound: 104 | nc: 63 | ncall: 3381 | eff(%):  6.127 | logz: -3349.335 +/-  0.599 | dlogz: 2423.545 >  5.000 
iter: 210 | batch: 0 | bound: 108 | nc: 73 | ncall: 3454 | eff(%):  6.028 | logz: -3285.501 +/-  0.600 | dlogz: 2415.725 >  5.000 
iter: 211 | batch: 0 | bound: 108 | nc: 14 | ncall: 3468 | eff(%):  6.032 | logz: -3282.020 +/-  0.593 | dlogz: 2351.858 >  5.000 
iter: 212 | batch: 0 | bound: 109 | nc: 25 | ncall: 3493 | eff(%):  6.018 | logz: -3203.047 +/-  0.602 | dlogz: 2348.344 >  5.000 
iter: 213 | batch: 0 | bound: 109 | nc: 4 | ncall: 3497 | eff(%):  6.039 | logz: -3199.619 +/-  0.595 | dlogz: 2269.338 >  5.000 
iter: 214 | batch: 0 | bound: 109 | nc: 6 | ncall: 3503 | eff(%):  6.057 | logz: -3193.599 +/-  0.603 | dlogz: 2265.877 >  5.000 
iter: 215 | batch: 0 | bound: 109 | nc: 18 | ncall: 3521 | eff(%):  6.055 | logz: -3131.995 +/-  0.604 | dlogz: 2259.824 >  5.000 
iter: 216 | batch: 0 | bound: 110 | nc: 8 | ncall: 3529 | eff(%):  6.069 | logz: -3098.155 +/-  0.605 | dlogz: 2198.188 >  5.000 
iter: 217 | batch: 0 | bound: 114 | nc: 85 | ncall: 3614 | eff(%):  5.955 | logz: -3095.387 +/-  0.594 | dlogz: 2164.315 >  5.000 
iter: 218 | batch: 0 | bound: 117 | nc: 67 | ncall: 3681 | eff(%):  5.874 | logz: -3076.698 +/-  0.607 | dlogz: 2161.514 >  5.000 
iter: 219 | batch: 0 | bound: 117 | nc: 6 | ncall: 3687 | eff(%):  5.892 | logz: -3032.752 +/-  0.608 | dlogz: 2142.793 >  5.000 
iter: 220 | batch: 0 | bound: 120 | nc: 54 | ncall: 3741 | eff(%):  5.834 | logz: -2948.813 +/-  0.609 | dlogz: 2098.813 >  5.000 
iter: 221 | batch: 0 | bound: 124 | nc: 64 | ncall: 3805 | eff(%):  5.763 | logz: -2946.390 +/-  0.594 | dlogz: 2014.842 >  5.000 
iter: 222 | batch: 0 | bound: 127 | nc: 64 | ncall: 3869 | eff(%):  5.694 | logz: -2938.418 +/-  0.611 | dlogz: 2012.386 >  5.000 
iter: 223 | batch: 0 | bound: 127 | nc: 1 | ncall: 3870 | eff(%):  5.718 | logz: -2908.628 +/-  0.612 | dlogz: 2004.381 >  5.000 
iter: 224 | batch: 0 | bound: 127 | nc: 10 | ncall: 3880 | eff(%):  5.729 | logz: -2892.461 +/-  0.612 | dlogz: 1974.558 >  5.000 
iter: 225 | batch: 0 | bound: 128 | nc: 4 | ncall: 3884 | eff(%):  5.749 | logz: -2885.878 +/-  0.613 | dlogz: 1958.358 >  5.000 
iter: 226 | batch: 0 | bound: 129 | nc: 19 | ncall: 3903 | eff(%):  5.746 | logz: -2870.242 +/-  0.614 | dlogz: 1951.742 >  5.000 
iter: 227 | batch: 0 | bound: 130 | nc: 36 | ncall: 3939 | eff(%):  5.719 | logz: -2717.530 +/-  0.615 | dlogz: 1936.074 >  5.000 
iter: 228 | batch: 0 | bound: 131 | nc: 17 | ncall: 3956 | eff(%):  5.720 | logz: -2703.133 +/-  0.616 | dlogz: 1783.329 >  5.000 
iter: 229 | batch: 0 | bound: 131 | nc: 11 | ncall: 3967 | eff(%):  5.729 | logz: -2690.980 +/-  0.617 | dlogz: 1768.900 >  5.000 
iter: 230 | batch: 0 | bound: 136 | nc: 87 | ncall: 4054 | eff(%):  5.632 | logz: -2689.069 +/-  0.596 | dlogz: 1756.713 >  5.000 
iter: 231 | batch: 0 | bound: 136 | nc: 4 | ncall: 4058 | eff(%):  5.651 | logz: -2687.557 +/-  0.589 | dlogz: 1754.769 >  5.000 
iter: 232 | batch: 0 | bound: 138 | nc: 28 | ncall: 4086 | eff(%):  5.637 | logz: -2651.225 +/-  0.619 | dlogz: 1753.225 >  5.000 
iter: 233 | batch: 0 | bound: 142 | nc: 74 | ncall: 4160 | eff(%):  5.561 | logz: -2630.912 +/-  0.620 | dlogz: 1716.860 >  5.000 
iter: 234 | batch: 0 | bound: 142 | nc: 17 | ncall: 4177 | eff(%):  5.562 | logz: -2543.482 +/-  0.621 | dlogz: 1696.514 >  5.000 
iter: 235 | batch: 0 | bound: 143 | nc: 7 | ncall: 4184 | eff(%):  5.577 | logz: -2473.624 +/-  0.622 | dlogz: 1609.052 >  5.000 
iter: 236 | batch: 0 | bound: 143 | nc: 14 | ncall: 4198 | eff(%):  5.582 | logz: -2457.493 +/-  0.623 | dlogz: 1539.161 >  5.000 
iter: 237 | batch: 0 | bound: 144 | nc: 13 | ncall: 4211 | eff(%):  5.588 | logz: -2435.053 +/-  0.624 | dlogz: 1522.997 >  5.000 
iter: 238 | batch: 0 | bound: 144 | nc: 1 | ncall: 4212 | eff(%):  5.611 | logz: -2375.485 +/-  0.625 | dlogz: 1500.524 >  5.000 
iter: 239 | batch: 0 | bound: 145 | nc: 33 | ncall: 4245 | eff(%):  5.591 | logz: -2345.957 +/-  0.625 | dlogz: 1440.923 >  5.000 
iter: 240 | batch: 0 | bound: 145 | nc: 6 | ncall: 4251 | eff(%):  5.606 | logz: -2258.652 +/-  0.626 | dlogz: 1411.362 >  5.000 
iter: 241 | batch: 0 | bound: 146 | nc: 6 | ncall: 4257 | eff(%):  5.622 | logz: -2254.232 +/-  0.624 | dlogz: 1324.025 >  5.000 
iter: 242 | batch: 0 | bound: 146 | nc: 4 | ncall: 4261 | eff(%):  5.640 | logz: -2231.808 +/-  0.628 | dlogz: 1319.572 >  5.000 
iter: 243 | batch: 0 | bound: 146 | nc: 17 | ncall: 4278 | eff(%):  5.641 | logz: -2129.597 +/-  0.629 | dlogz: 1297.115 >  5.000 
iter: 244 | batch: 0 | bound: 147 | nc: 8 | ncall: 4286 | eff(%):  5.653 | logz: -2119.037 +/-  0.630 | dlogz: 1194.872 >  5.000 
iter: 245 | batch: 0 | bound: 147 | nc: 5 | ncall: 4291 | eff(%):  5.670 | logz: -2107.576 +/-  0.631 | dlogz: 1184.278 >  5.000 
iter: 246 | batch: 0 | bound: 147 | nc: 8 | ncall: 4299 | eff(%):  5.683 | logz: -2097.860 +/-  0.631 | dlogz: 1172.785 >  5.000 
iter: 247 | batch: 0 | bound: 148 | nc: 1 | ncall: 4300 | eff(%):  5.704 | logz: -2054.043 +/-  0.632 | dlogz: 1163.036 >  5.000 
iter: 248 | batch: 0 | bound: 148 | nc: 2 | ncall: 4302 | eff(%):  5.725 | logz: -2034.043 +/-  0.633 | dlogz: 1119.187 >  5.000 
iter: 249 | batch: 0 | bound: 148 | nc: 6 | ncall: 4308 | eff(%):  5.740 | logz: -2023.945 +/-  0.634 | dlogz: 1099.153 >  5.000 
iter: 250 | batch: 0 | bound: 148 | nc: 6 | ncall: 4314 | eff(%):  5.755 | logz: -2022.272 +/-  0.611 | dlogz: 1089.023 >  5.000 
iter: 251 | batch: 0 | bound: 148 | nc: 7 | ncall: 4321 | eff(%):  5.769 | logz: -1975.493 +/-  0.636 | dlogz: 1087.317 >  5.000 
iter: 252 | batch: 0 | bound: 149 | nc: 4 | ncall: 4325 | eff(%):  5.786 | logz: -1954.607 +/-  0.637 | dlogz: 1040.506 >  5.000 
iter: 253 | batch: 0 | bound: 150 | nc: 29 | ncall: 4354 | eff(%):  5.771 | logz: -1907.465 +/-  0.637 | dlogz: 1019.587 >  5.000 
iter: 254 | batch: 0 | bound: 150 | nc: 2 | ncall: 4356 | eff(%):  5.791 | logz: -1875.630 +/-  0.638 | dlogz: 972.411 >  5.000 
iter: 255 | batch: 0 | bound: 151 | nc: 29 | ncall: 4385 | eff(%):  5.776 | logz: -1870.701 +/-  0.637 | dlogz: 940.543 >  5.000 
iter: 256 | batch: 0 | bound: 151 | nc: 2 | ncall: 4387 | eff(%):  5.796 | logz: -1865.374 +/-  0.638 | dlogz: 935.582 >  5.000 
iter: 257 | batch: 0 | bound: 152 | nc: 22 | ncall: 4409 | eff(%):  5.790 | logz: -1863.892 +/-  0.614 | dlogz: 930.222 >  5.000 
iter: 258 | batch: 0 | bound: 154 | nc: 38 | ncall: 4447 | eff(%):  5.763 | logz: -1857.666 +/-  0.641 | dlogz: 928.708 >  5.000 
iter: 259 | batch: 0 | bound: 154 | nc: 5 | ncall: 4452 | eff(%):  5.779 | logz: -1848.593 +/-  0.642 | dlogz: 937.745 >  5.000 
iter: 260 | batch: 0 | bound: 154 | nc: 8 | ncall: 4460 | eff(%):  5.791 | logz: -1836.403 +/-  0.643 | dlogz: 928.638 >  5.000 
iter: 261 | batch: 0 | bound: 156 | nc: 37 | ncall: 4497 | eff(%):  5.765 | logz: -1809.867 +/-  0.644 | dlogz: 916.416 >  5.000 
iter: 262 | batch: 0 | bound: 159 | nc: 59 | ncall: 4556 | eff(%):  5.713 | logz: -1783.047 +/-  0.645 | dlogz: 889.847 >  5.000 
iter: 263 | batch: 0 | bound: 159 | nc: 14 | ncall: 4570 | eff(%):  5.717 | logz: -1773.459 +/-  0.646 | dlogz: 862.995 >  5.000 
iter: 264 | batch: 0 | bound: 160 | nc: 16 | ncall: 4586 | eff(%):  5.719 | logz: -1767.797 +/-  0.645 | dlogz: 853.374 >  5.000 
iter: 265 | batch: 0 | bound: 160 | nc: 3 | ncall: 4589 | eff(%):  5.737 | logz: -1745.476 +/-  0.647 | dlogz: 847.678 >  5.000 
iter: 266 | batch: 0 | bound: 161 | nc: 14 | ncall: 4603 | eff(%):  5.741 | logz: -1721.576 +/-  0.648 | dlogz: 825.325 >  5.000 
iter: 267 | batch: 0 | bound: 161 | nc: 7 | ncall: 4610 | eff(%):  5.754 | logz: -1714.396 +/-  0.649 | dlogz: 801.393 >  5.000 
iter: 268 | batch: 0 | bound: 162 | nc: 2 | ncall: 4612 | eff(%):  5.773 | logz: -1700.172 +/-  0.650 | dlogz: 794.180 >  5.000 
iter: 269 | batch: 0 | bound: 162 | nc: 11 | ncall: 4623 | eff(%):  5.781 | logz: -1671.747 +/-  0.651 | dlogz: 779.923 >  5.000 
iter: 270 | batch: 0 | bound: 162 | nc: 11 | ncall: 4634 | eff(%):  5.789 | logz: -1670.117 +/-  0.627 | dlogz: 751.465 >  5.000 
iter: 271 | batch: 0 | bound: 164 | nc: 30 | ncall: 4664 | eff(%):  5.773 | logz: -1667.955 +/-  0.634 | dlogz: 749.802 >  5.000 
iter: 272 | batch: 0 | bound: 165 | nc: 22 | ncall: 4686 | eff(%):  5.768 | logz: -1662.994 +/-  0.651 | dlogz: 747.607 >  5.000 
iter: 273 | batch: 0 | bound: 166 | nc: 32 | ncall: 4718 | eff(%):  5.750 | logz: -1659.263 +/-  0.648 | dlogz: 742.614 >  5.000 
iter: 274 | batch: 0 | bound: 166 | nc: 16 | ncall: 4734 | eff(%):  5.751 | logz: -1638.757 +/-  0.655 | dlogz: 738.850 >  5.000 
iter: 275 | batch: 0 | bound: 168 | nc: 24 | ncall: 4758 | eff(%):  5.744 | logz: -1628.041 +/-  0.656 | dlogz: 718.311 >  5.000 
iter: 276 | batch: 0 | bound: 168 | nc: 13 | ncall: 4771 | eff(%):  5.749 | logz: -1615.688 +/-  0.657 | dlogz: 707.563 >  5.000 
iter: 277 | batch: 0 | bound: 170 | nc: 20 | ncall: 4791 | eff(%):  5.746 | logz: -1586.949 +/-  0.657 | dlogz: 695.176 >  5.000 
iter: 278 | batch: 0 | bound: 170 | nc: 12 | ncall: 4803 | eff(%):  5.752 | logz: -1575.952 +/-  0.658 | dlogz: 666.405 >  5.000 
iter: 279 | batch: 0 | bound: 170 | nc: 2 | ncall: 4805 | eff(%):  5.770 | logz: -1572.977 +/-  0.649 | dlogz: 655.375 >  5.000 
iter: 280 | batch: 0 | bound: 171 | nc: 28 | ncall: 4833 | eff(%):  5.758 | logz: -1566.876 +/-  0.659 | dlogz: 652.367 >  5.000 
iter: 281 | batch: 0 | bound: 173 | nc: 37 | ncall: 4870 | eff(%):  5.735 | logz: -1555.175 +/-  0.661 | dlogz: 646.233 >  5.000 
iter: 282 | batch: 0 | bound: 174 | nc: 28 | ncall: 4898 | eff(%):  5.722 | logz: -1553.108 +/-  0.643 | dlogz: 634.499 >  5.000 
iter: 283 | batch: 0 | bound: 174 | nc: 1 | ncall: 4899 | eff(%):  5.742 | logz: -1521.351 +/-  0.662 | dlogz: 632.400 >  5.000 
iter: 284 | batch: 0 | bound: 176 | nc: 53 | ncall: 4952 | eff(%):  5.701 | logz: -1519.275 +/-  0.645 | dlogz: 600.610 >  5.000 
iter: 285 | batch: 0 | bound: 178 | nc: 51 | ncall: 5003 | eff(%):  5.663 | logz: -1502.391 +/-  0.664 | dlogz: 598.501 >  5.000 
iter: 286 | batch: 0 | bound: 178 | nc: 2 | ncall: 5005 | eff(%):  5.680 | logz: -1498.282 +/-  0.661 | dlogz: 581.584 >  5.000 
iter: 287 | batch: 0 | bound: 179 | nc: 28 | ncall: 5033 | eff(%):  5.669 | logz: -1481.207 +/-  0.665 | dlogz: 577.443 >  5.000 
iter: 288 | batch: 0 | bound: 179 | nc: 5 | ncall: 5038 | eff(%):  5.683 | logz: -1473.895 +/-  0.666 | dlogz: 560.335 >  5.000 
iter: 289 | batch: 0 | bound: 179 | nc: 16 | ncall: 5054 | eff(%):  5.685 | logz: -1466.411 +/-  0.667 | dlogz: 552.990 >  5.000 
iter: 290 | batch: 0 | bound: 180 | nc: 3 | ncall: 5057 | eff(%):  5.701 | logz: -1448.810 +/-  0.668 | dlogz: 545.473 >  5.000 
iter: 291 | batch: 0 | bound: 180 | nc: 5 | ncall: 5062 | eff(%):  5.715 | logz: -1446.114 +/-  0.657 | dlogz: 527.839 >  5.000 
iter: 292 | batch: 0 | bound: 180 | nc: 7 | ncall: 5069 | eff(%):  5.727 | logz: -1435.701 +/-  0.669 | dlogz: 525.111 >  5.000 
iter: 293 | batch: 0 | bound: 180 | nc: 3 | ncall: 5072 | eff(%):  5.743 | logz: -1434.463 +/-  0.643 | dlogz: 514.665 >  5.000 
iter: 294 | batch: 0 | bound: 181 | nc: 2 | ncall: 5074 | eff(%):  5.760 | logz: -1433.519 +/-  0.634 | dlogz: 513.394 >  5.000 
iter: 295 | batch: 0 | bound: 181 | nc: 1 | ncall: 5075 | eff(%):  5.779 | logz: -1424.319 +/-  0.672 | dlogz: 512.417 >  5.000 
iter: 296 | batch: 0 | bound: 182 | nc: 35 | ncall: 5110 | eff(%):  5.759 | logz: -1421.385 +/-  0.663 | dlogz: 503.184 >  5.000 
iter: 297 | batch: 0 | bound: 182 | nc: 1 | ncall: 5111 | eff(%):  5.777 | logz: -1407.691 +/-  0.673 | dlogz: 500.218 >  5.000 
iter: 298 | batch: 0 | bound: 183 | nc: 12 | ncall: 5123 | eff(%):  5.783 | logz: -1403.345 +/-  0.671 | dlogz: 486.491 >  5.000 
iter: 299 | batch: 0 | bound: 183 | nc: 17 | ncall: 5140 | eff(%):  5.783 | logz: -1400.923 +/-  0.660 | dlogz: 482.112 >  5.000 
iter: 300 | batch: 0 | bound: 184 | nc: 5 | ncall: 5145 | eff(%):  5.797 | logz: -1393.571 +/-  0.676 | dlogz: 479.657 >  5.000 
iter: 301 | batch: 0 | bound: 186 | nc: 44 | ncall: 5189 | eff(%):  5.767 | logz: -1387.275 +/-  0.676 | dlogz: 472.272 >  5.000 
iter: 302 | batch: 0 | bound: 186 | nc: 2 | ncall: 5191 | eff(%):  5.784 | logz: -1382.224 +/-  0.676 | dlogz: 465.944 >  5.000 
iter: 303 | batch: 0 | bound: 186 | nc: 5 | ncall: 5196 | eff(%):  5.798 | logz: -1377.725 +/-  0.675 | dlogz: 460.860 >  5.000 
iter: 304 | batch: 0 | bound: 186 | nc: 6 | ncall: 5202 | eff(%):  5.810 | logz: -1373.225 +/-  0.676 | dlogz: 456.328 >  5.000 
iter: 305 | batch: 0 | bound: 192 | nc: 93 | ncall: 5295 | eff(%):  5.728 | logz: -1370.660 +/-  0.667 | dlogz: 451.795 >  5.000 
iter: 306 | batch: 0 | bound: 192 | nc: 2 | ncall: 5297 | eff(%):  5.744 | logz: -1369.171 +/-  0.654 | dlogz: 449.198 >  5.000 
iter: 307 | batch: 0 | bound: 193 | nc: 21 | ncall: 5318 | eff(%):  5.740 | logz: -1356.685 +/-  0.681 | dlogz: 447.676 >  5.000 
iter: 308 | batch: 0 | bound: 194 | nc: 22 | ncall: 5340 | eff(%):  5.736 | logz: -1355.396 +/-  0.656 | dlogz: 435.157 >  5.000 
iter: 309 | batch: 0 | bound: 195 | nc: 22 | ncall: 5362 | eff(%):  5.731 | logz: -1346.683 +/-  0.683 | dlogz: 433.835 >  5.000 
iter: 310 | batch: 0 | bound: 196 | nc: 36 | ncall: 5398 | eff(%):  5.711 | logz: -1344.048 +/-  0.672 | dlogz: 425.090 >  5.000 
iter: 311 | batch: 0 | bound: 197 | nc: 2 | ncall: 5400 | eff(%):  5.727 | logz: -1337.923 +/-  0.684 | dlogz: 422.422 >  5.000 
iter: 312 | batch: 0 | bound: 197 | nc: 2 | ncall: 5402 | eff(%):  5.744 | logz: -1323.229 +/-  0.685 | dlogz: 416.263 >  5.000 
iter: 313 | batch: 0 | bound: 201 | nc: 78 | ncall: 5480 | eff(%):  5.681 | logz: -1320.707 +/-  0.673 | dlogz: 401.537 >  5.000 
iter: 314 | batch: 0 | bound: 204 | nc: 56 | ncall: 5536 | eff(%):  5.641 | logz: -1318.925 +/-  0.665 | dlogz: 398.982 >  5.000 
iter: 315 | batch: 0 | bound: 204 | nc: 2 | ncall: 5538 | eff(%):  5.657 | logz: -1316.557 +/-  0.673 | dlogz: 397.167 >  5.000 
iter: 316 | batch: 0 | bound: 204 | nc: 11 | ncall: 5549 | eff(%):  5.664 | logz: -1282.757 +/-  0.688 | dlogz: 394.766 >  5.000 
iter: 317 | batch: 0 | bound: 204 | nc: 9 | ncall: 5558 | eff(%):  5.673 | logz: -1275.163 +/-  0.689 | dlogz: 360.934 >  5.000 
iter: 318 | batch: 0 | bound: 205 | nc: 6 | ncall: 5564 | eff(%):  5.685 | logz: -1258.272 +/-  0.690 | dlogz: 353.307 >  5.000 
iter: 319 | batch: 0 | bound: 205 | nc: 4 | ncall: 5568 | eff(%):  5.698 | logz: -1253.068 +/-  0.689 | dlogz: 336.383 >  5.000 
iter: 320 | batch: 0 | bound: 205 | nc: 1 | ncall: 5569 | eff(%):  5.715 | logz: -1245.172 +/-  0.691 | dlogz: 331.147 >  5.000 
iter: 321 | batch: 0 | bound: 205 | nc: 3 | ncall: 5572 | eff(%):  5.730 | logz: -1242.519 +/-  0.680 | dlogz: 323.218 >  5.000 
iter: 322 | batch: 0 | bound: 206 | nc: 19 | ncall: 5591 | eff(%):  5.729 | logz: -1231.370 +/-  0.693 | dlogz: 320.532 >  5.000 
iter: 323 | batch: 0 | bound: 206 | nc: 8 | ncall: 5599 | eff(%):  5.738 | logz: -1218.034 +/-  0.694 | dlogz: 309.350 >  5.000 
iter: 324 | batch: 0 | bound: 211 | nc: 98 | ncall: 5697 | eff(%):  5.657 | logz: -1216.730 +/-  0.669 | dlogz: 295.981 >  5.000 
iter: 325 | batch: 0 | bound: 211 | nc: 16 | ncall: 5713 | eff(%):  5.659 | logz: -1210.714 +/-  0.695 | dlogz: 294.644 >  5.000 
iter: 326 | batch: 0 | bound: 213 | nc: 19 | ncall: 5732 | eff(%):  5.658 | logz: -1208.992 +/-  0.675 | dlogz: 288.596 >  5.000 
iter: 327 | batch: 0 | bound: 213 | nc: 7 | ncall: 5739 | eff(%):  5.668 | logz: -1207.768 +/-  0.666 | dlogz: 291.562 >  5.000 
iter: 328 | batch: 0 | bound: 216 | nc: 65 | ncall: 5804 | eff(%):  5.622 | logz: -1206.728 +/-  0.662 | dlogz: 290.305 >  5.000 
iter: 329 | batch: 0 | bound: 217 | nc: 21 | ncall: 5825 | eff(%):  5.619 | logz: -1200.077 +/-  0.698 | dlogz: 289.232 >  5.000 
iter: 330 | batch: 0 | bound: 217 | nc: 10 | ncall: 5835 | eff(%):  5.627 | logz: -1197.982 +/-  0.682 | dlogz: 282.549 >  5.000 
iter: 331 | batch: 0 | bound: 217 | nc: 4 | ncall: 5839 | eff(%):  5.640 | logz: -1196.846 +/-  0.669 | dlogz: 280.421 >  5.000 
iter: 332 | batch: 0 | bound: 218 | nc: 19 | ncall: 5858 | eff(%):  5.639 | logz: -1192.851 +/-  0.697 | dlogz: 279.252 >  5.000 
iter: 333 | batch: 0 | bound: 219 | nc: 28 | ncall: 5886 | eff(%):  5.629 | logz: -1190.603 +/-  0.686 | dlogz: 275.224 >  5.000 
iter: 334 | batch: 0 | bound: 219 | nc: 9 | ncall: 5895 | eff(%):  5.637 | logz: -1189.359 +/-  0.673 | dlogz: 272.944 >  5.000 
iter: 335 | batch: 0 | bound: 223 | nc: 65 | ncall: 5960 | eff(%):  5.593 | logz: -1185.915 +/-  0.697 | dlogz: 271.666 >  5.000 
iter: 336 | batch: 0 | bound: 226 | nc: 61 | ncall: 6021 | eff(%):  5.553 | logz: -1181.579 +/-  0.701 | dlogz: 268.190 >  5.000 
iter: 337 | batch: 0 | bound: 227 | nc: 20 | ncall: 6041 | eff(%):  5.551 | logz: -1174.857 +/-  0.704 | dlogz: 263.821 >  5.000 
iter: 338 | batch: 0 | bound: 228 | nc: 34 | ncall: 6075 | eff(%):  5.536 | logz: -1172.502 +/-  0.691 | dlogz: 257.067 >  5.000 
iter: 339 | batch: 0 | bound: 228 | nc: 2 | ncall: 6077 | eff(%):  5.551 | logz: -1171.445 +/-  0.675 | dlogz: 254.679 >  5.000 
iter: 340 | batch: 0 | bound: 229 | nc: 10 | ncall: 6087 | eff(%):  5.558 | logz: -1169.424 +/-  0.689 | dlogz: 253.588 >  5.000 
iter: 341 | batch: 0 | bound: 229 | nc: 11 | ncall: 6098 | eff(%):  5.565 | logz: -1165.729 +/-  0.702 | dlogz: 251.535 >  5.000 
iter: 342 | batch: 0 | bound: 230 | nc: 6 | ncall: 6104 | eff(%):  5.575 | logz: -1164.657 +/-  0.680 | dlogz: 247.807 >  5.000 
iter: 343 | batch: 0 | bound: 231 | nc: 29 | ncall: 6133 | eff(%):  5.565 | logz: -1163.258 +/-  0.683 | dlogz: 246.702 >  5.000 
iter: 344 | batch: 0 | bound: 232 | nc: 20 | ncall: 6153 | eff(%):  5.564 | logz: -1162.036 +/-  0.678 | dlogz: 245.271 >  5.000 
iter: 345 | batch: 0 | bound: 233 | nc: 25 | ncall: 6178 | eff(%):  5.557 | logz: -1159.698 +/-  0.696 | dlogz: 244.016 >  5.000 
iter: 346 | batch: 0 | bound: 233 | nc: 6 | ncall: 6184 | eff(%):  5.568 | logz: -1158.419 +/-  0.683 | dlogz: 241.645 >  5.000 
iter: 347 | batch: 0 | bound: 233 | nc: 7 | ncall: 6191 | eff(%):  5.578 | logz: -1157.719 +/-  0.673 | dlogz: 240.333 >  5.000 
iter: 348 | batch: 0 | bound: 234 | nc: 1 | ncall: 6192 | eff(%):  5.593 | logz: -1157.173 +/-  0.667 | dlogz: 239.600 >  5.000 
iter: 349 | batch: 0 | bound: 234 | nc: 2 | ncall: 6194 | eff(%):  5.607 | logz: -1146.102 +/-  0.714 | dlogz: 239.022 >  5.000 
iter: 350 | batch: 0 | bound: 234 | nc: 5 | ncall: 6199 | eff(%):  5.619 | logz: -1142.479 +/-  0.709 | dlogz: 227.918 >  5.000 
iter: 351 | batch: 0 | bound: 234 | nc: 13 | ncall: 6212 | eff(%):  5.623 | logz: -1136.293 +/-  0.715 | dlogz: 224.262 >  5.000 
iter: 352 | batch: 0 | bound: 235 | nc: 1 | ncall: 6213 | eff(%):  5.638 | logz: -1135.190 +/-  0.690 | dlogz: 218.043 >  5.000 
iter: 353 | batch: 0 | bound: 235 | nc: 6 | ncall: 6219 | eff(%):  5.649 | logz: -1125.797 +/-  0.717 | dlogz: 216.907 >  5.000 
iter: 354 | batch: 0 | bound: 236 | nc: 28 | ncall: 6247 | eff(%):  5.640 | logz: -1123.663 +/-  0.701 | dlogz: 207.482 >  5.000 
iter: 355 | batch: 0 | bound: 237 | nc: 33 | ncall: 6280 | eff(%):  5.626 | logz: -1121.224 +/-  0.705 | dlogz: 211.460 >  5.000 
iter: 356 | batch: 0 | bound: 237 | nc: 17 | ncall: 6297 | eff(%):  5.627 | logz: -1115.395 +/-  0.718 | dlogz: 208.988 >  5.000 
iter: 357 | batch: 0 | bound: 238 | nc: 8 | ncall: 6305 | eff(%):  5.635 | logz: -1113.266 +/-  0.703 | dlogz: 203.127 >  5.000 
iter: 358 | batch: 0 | bound: 239 | nc: 28 | ncall: 6333 | eff(%):  5.626 | logz: -1107.436 +/-  0.720 | dlogz: 200.964 >  5.000 
iter: 359 | batch: 0 | bound: 241 | nc: 53 | ncall: 6386 | eff(%):  5.595 | logz: -1106.355 +/-  0.695 | dlogz: 195.102 >  5.000 
iter: 360 | batch: 0 | bound: 241 | nc: 15 | ncall: 6401 | eff(%):  5.598 | logz: -1103.956 +/-  0.710 | dlogz: 193.988 >  5.000 
iter: 361 | batch: 0 | bound: 242 | nc: 10 | ncall: 6411 | eff(%):  5.605 | logz: -1097.497 +/-  0.722 | dlogz: 191.556 >  5.000 
iter: 362 | batch: 0 | bound: 243 | nc: 26 | ncall: 6437 | eff(%):  5.598 | logz: -1096.405 +/-  0.698 | dlogz: 185.065 >  5.000 
iter: 363 | batch: 0 | bound: 243 | nc: 1 | ncall: 6438 | eff(%):  5.612 | logz: -1094.989 +/-  0.699 | dlogz: 183.940 >  5.000 
iter: 364 | batch: 0 | bound: 244 | nc: 27 | ncall: 6465 | eff(%):  5.604 | logz: -1094.014 +/-  0.690 | dlogz: 182.491 >  5.000 
iter: 365 | batch: 0 | bound: 244 | nc: 1 | ncall: 6466 | eff(%):  5.619 | logz: -1092.865 +/-  0.693 | dlogz: 181.483 >  5.000 
iter: 366 | batch: 0 | bound: 244 | nc: 6 | ncall: 6472 | eff(%):  5.629 | logz: -1090.711 +/-  0.709 | dlogz: 180.301 >  5.000 
iter: 367 | batch: 0 | bound: 244 | nc: 1 | ncall: 6473 | eff(%):  5.644 | logz: -1088.433 +/-  0.712 | dlogz: 178.114 >  5.000 
iter: 368 | batch: 0 | bound: 244 | nc: 5 | ncall: 6478 | eff(%):  5.655 | logz: -1087.402 +/-  0.697 | dlogz: 175.804 >  5.000 
iter: 369 | batch: 0 | bound: 245 | nc: 1 | ncall: 6479 | eff(%):  5.669 | logz: -1086.457 +/-  0.693 | dlogz: 304.608 >  5.000 
iter: 370 | batch: 0 | bound: 245 | nc: 10 | ncall: 6489 | eff(%):  5.676 | logz: -1085.498 +/-  0.692 | dlogz: 303.630 >  5.000 
iter: 371 | batch: 0 | bound: 245 | nc: 13 | ncall: 6502 | eff(%):  5.680 | logz: -1078.331 +/-  0.730 | dlogz: 302.638 >  5.000 
iter: 372 | batch: 0 | bound: 246 | nc: 4 | ncall: 6506 | eff(%):  5.692 | logz: -1076.702 +/-  0.709 | dlogz: 295.438 >  5.000 
iter: 373 | batch: 0 | bound: 246 | nc: 6 | ncall: 6512 | eff(%):  5.702 | logz: -1069.803 +/-  0.731 | dlogz: 293.777 >  5.000 
iter: 374 | batch: 0 | bound: 246 | nc: 2 | ncall: 6514 | eff(%):  5.715 | logz: -1067.514 +/-  0.718 | dlogz: 286.845 >  5.000 
iter: 375 | batch: 0 | bound: 246 | nc: 6 | ncall: 6520 | eff(%):  5.725 | logz: -1062.100 +/-  0.732 | dlogz: 284.523 >  5.000 
iter: 376 | batch: 0 | bound: 254 | nc: 127 | ncall: 6647 | eff(%):  5.631 | logz: -1060.795 +/-  0.709 | dlogz: 279.076 >  5.000 
iter: 377 | batch: 0 | bound: 256 | nc: 37 | ncall: 6684 | eff(%):  5.615 | logz: -1057.098 +/-  0.730 | dlogz: 277.738 >  5.000 
iter: 378 | batch: 0 | bound: 261 | nc: 91 | ncall: 6775 | eff(%):  5.555 | logz: -1055.801 +/-  0.710 | dlogz: 274.009 >  5.000 
iter: 379 | batch: 0 | bound: 261 | nc: 7 | ncall: 6782 | eff(%):  5.564 | logz: -1054.460 +/-  0.709 | dlogz: 272.678 >  5.000 
iter: 380 | batch: 0 | bound: 265 | nc: 77 | ncall: 6859 | eff(%):  5.516 | logz: -1047.766 +/-  0.736 | dlogz: 271.305 >  5.000 
iter: 381 | batch: 0 | bound: 266 | nc: 22 | ncall: 6881 | eff(%):  5.513 | logz: -1041.830 +/-  0.737 | dlogz: 264.579 >  5.000 
iter: 382 | batch: 0 | bound: 271 | nc: 97 | ncall: 6978 | eff(%):  5.451 | logz: -1035.484 +/-  0.738 | dlogz: 258.610 >  5.000 
iter: 383 | batch: 0 | bound: 287 | nc: 294 | ncall: 7272 | eff(%):  5.245 | logz: -1034.061 +/-  0.716 | dlogz: 252.230 >  5.000 
iter: 384 | batch: 0 | bound: 289 | nc: 38 | ncall: 7310 | eff(%):  5.232 | logz: -1030.466 +/-  0.735 | dlogz: 250.775 >  5.000 
iter: 385 | batch: 0 | bound: 292 | nc: 72 | ncall: 7382 | eff(%):  5.194 | logz: -1028.603 +/-  0.721 | dlogz: 247.147 >  5.000 
iter: 386 | batch: 0 | bound: 295 | nc: 53 | ncall: 7435 | eff(%):  5.171 | logz: -1026.951 +/-  0.718 | dlogz: 245.251 >  5.000 
iter: 387 | batch: 0 | bound: 298 | nc: 68 | ncall: 7503 | eff(%):  5.137 | logz: -1021.019 +/-  0.741 | dlogz: 243.566 >  5.000 
iter: 388 | batch: 0 | bound: 304 | nc: 113 | ncall: 7616 | eff(%):  5.075 | logz: -1019.818 +/-  0.718 | dlogz: 237.602 >  5.000 
iter: 389 | batch: 0 | bound: 306 | nc: 39 | ncall: 7655 | eff(%):  5.062 | logz: -1019.112 +/-  0.707 | dlogz: 236.368 >  5.000 
iter: 390 | batch: 0 | bound: 308 | nc: 50 | ncall: 7705 | eff(%):  5.042 | logz: -1016.468 +/-  0.734 | dlogz: 235.629 >  5.000 
iter: 391 | batch: 0 | bound: 325 | nc: 308 | ncall: 8013 | eff(%):  4.861 | logz: -1015.136 +/-  0.719 | dlogz: 232.953 >  5.000 
iter: 392 | batch: 0 | bound: 334 | nc: 180 | ncall: 8193 | eff(%):  4.767 | logz: -1014.448 +/-  0.708 | dlogz: 231.587 >  5.000 
iter: 393 | batch: 0 | bound: 358 | nc: 417 | ncall: 8610 | eff(%):  4.549 | logz: -1011.688 +/-  0.737 | dlogz: 230.867 >  5.000 
iter: 394 | batch: 0 | bound: 367 | nc: 166 | ncall: 8776 | eff(%):  4.474 | logz: -1009.714 +/-  0.729 | dlogz: 228.074 >  5.000 
iter: 395 | batch: 0 | bound: 387 | nc: 373 | ncall: 9149 | eff(%):  4.303 | logz: -1008.175 +/-  0.723 | dlogz: 226.067 >  5.000 
iter: 396 | batch: 0 | bound: 388 | nc: 20 | ncall: 9169 | eff(%):  4.305 | logz: -1007.239 +/-  0.714 | dlogz: 224.495 >  5.000 
iter: 397 | batch: 0 | bound: 392 | nc: 84 | ncall: 9253 | eff(%):  4.277 | logz: -1006.649 +/-  0.707 | dlogz: 223.527 >  5.000 
iter: 398 | batch: 0 | bound: 402 | nc: 198 | ncall: 9451 | eff(%):  4.198 | logz: -1004.662 +/-  0.732 | dlogz: 222.904 >  5.000 
iter: 399 | batch: 0 | bound: 416 | nc: 251 | ncall: 9702 | eff(%):  4.100 | logz: -1003.262 +/-  0.724 | dlogz: 220.884 >  5.000 
iter: 400 | batch: 0 | bound: 436 | nc: 372 | ncall: 10074 | eff(%):  3.959 | logz: -1002.194 +/-  0.719 | dlogz: 219.451 >  5.000 
iter: 401 | batch: 0 | bound: 436 | nc: 3 | ncall: 10077 | eff(%):  3.968 | logz: -1001.452 +/-  0.713 | dlogz: 218.350 >  5.000 
iter: 402 | batch: 0 | bound: 442 | nc: 122 | ncall: 10199 | eff(%):  3.930 | logz: -1000.230 +/-  0.722 | dlogz: 217.575 >  5.000 
iter: 403 | batch: 0 | bound: 447 | nc: 93 | ncall: 10292 | eff(%):  3.904 | logz: -986.718 +/-  0.753 | dlogz: 216.320 >  5.000 
iter: 404 | batch: 0 | bound: 450 | nc: 68 | ncall: 10360 | eff(%):  3.888 | logz: -985.340 +/-  0.731 | dlogz: 202.776 >  5.000 
iter: 405 | batch: 0 | bound: 463 | nc: 250 | ncall: 10610 | eff(%):  3.806 | logz: -980.785 +/-  0.753 | dlogz: 201.366 >  5.000 
iter: 406 | batch: 0 | bound: 467 | nc: 82 | ncall: 10692 | eff(%):  3.787 | logz: -976.812 +/-  0.751 | dlogz: 196.778 >  5.000 
iter: 407 | batch: 0 | bound: 472 | nc: 105 | ncall: 10797 | eff(%):  3.759 | logz: -972.604 +/-  0.753 | dlogz: 192.772 >  5.000 
iter: 408 | batch: 0 | bound: 487 | nc: 272 | ncall: 11069 | eff(%):  3.676 | logz: -970.695 +/-  0.739 | dlogz: 284.576 >  5.000 
iter: 409 | batch: 0 | bound: 498 | nc: 203 | ncall: 11272 | eff(%):  3.619 | logz: -969.553 +/-  0.728 | dlogz: 282.634 >  5.000 
iter: 410 | batch: 0 | bound: 498 | nc: 9 | ncall: 11281 | eff(%):  3.625 | logz: -962.281 +/-  0.758 | dlogz: 281.460 >  5.000 
iter: 411 | batch: 0 | bound: 502 | nc: 79 | ncall: 11360 | eff(%):  3.608 | logz: -960.647 +/-  0.738 | dlogz: 274.155 >  5.000 
iter: 412 | batch: 0 | bound: 506 | nc: 74 | ncall: 11434 | eff(%):  3.594 | logz: -959.349 +/-  0.733 | dlogz: 272.488 >  5.000 
iter: 413 | batch: 0 | bound: 506 | nc: 18 | ncall: 11452 | eff(%):  3.597 | logz: -958.596 +/-  0.724 | dlogz: 271.157 >  5.000 
iter: 414 | batch: 0 | bound: 510 | nc: 65 | ncall: 11517 | eff(%):  3.585 | logz: -958.128 +/-  0.717 | dlogz: 270.372 >  5.000 
iter: 415 | batch: 0 | bound: 512 | nc: 40 | ncall: 11557 | eff(%):  3.582 | logz: -957.440 +/-  0.719 | dlogz: 269.870 >  5.000 
iter: 416 | batch: 0 | bound: 514 | nc: 51 | ncall: 11608 | eff(%):  3.574 | logz: -956.727 +/-  0.718 | dlogz: 269.150 >  5.000 
iter: 417 | batch: 0 | bound: 529 | nc: 287 | ncall: 11895 | eff(%):  3.497 | logz: -955.582 +/-  0.729 | dlogz: 268.405 >  5.000 
