GPU acceleration enabled
Loading Setup File: setup_files/dynesty_1_k80.py
using given n: 0
Starting SourceModule Code
Getting function
Past the SourceModule code
CUDAC Available
Running Nested Sampling
-initializing models
-Running dynesty sampler
iteration: 0 | ncalls: 1 | logz: -271887.803 +/-  0.163 | dlogz: 263404.991
 --------------------------
iteration: 1 | ncalls: 1 | logz: -259916.795 +/-  0.163 | dlogz: 251433.977
 --------------------------
iteration: 2 | ncalls: 1 | logz: -243438.639 +/-  0.163 | dlogz: 234955.816
 --------------------------
iteration: 3 | ncalls: 1 | logz: -211224.530 +/-  0.163 | dlogz: 202741.702
 --------------------------
iteration: 4 | ncalls: 1 | logz: -210969.978 +/-  0.163 | dlogz: 202487.145
 --------------------------
iteration: 5 | ncalls: 1 | logz: -151221.498 +/-  0.163 | dlogz: 142738.660
 --------------------------
iteration: 6 | ncalls: 1 | logz: -141250.103 +/-  0.163 | dlogz: 132767.260
 --------------------------
iteration: 7 | ncalls: 1 | logz: -140218.467 +/-  0.163 | dlogz: 131735.619
 --------------------------
iteration: 8 | ncalls: 1 | logz: -140015.500 +/-  0.163 | dlogz: 131532.648
 --------------------------
iteration: 9 | ncalls: 1 | logz: -135793.546 +/-  0.164 | dlogz: 127310.688
 --------------------------
iteration: 10 | ncalls: 1 | logz: -134445.526 +/-  0.164 | dlogz: 125962.663
 --------------------------
iteration: 11 | ncalls: 1 | logz: -134033.976 +/-  0.164 | dlogz: 125551.109
 --------------------------
iteration: 12 | ncalls: 1 | logz: -130442.338 +/-  0.164 | dlogz: 121959.465
 --------------------------
iteration: 13 | ncalls: 2 | logz: -130334.333 +/-  0.164 | dlogz: 121851.455
 --------------------------
iteration: 14 | ncalls: 1 | logz: -130046.764 +/-  0.164 | dlogz: 121563.882
 --------------------------
iteration: 15 | ncalls: 1 | logz: -130028.378 +/-  0.164 | dlogz: 121545.490
 --------------------------
iteration: 16 | ncalls: 1 | logz: -130018.227 +/-  0.164 | dlogz: 121691.033
 --------------------------
iteration: 17 | ncalls: 1 | logz: -116219.040 +/-  0.164 | dlogz: 107891.841
 --------------------------
iteration: 18 | ncalls: 1 | logz: -115363.817 +/-  0.164 | dlogz: 107036.613
 --------------------------
iteration: 19 | ncalls: 2 | logz: -114882.198 +/-  0.164 | dlogz: 106554.989
 --------------------------
iteration: 20 | ncalls: 3 | logz: -112450.188 +/-  0.164 | dlogz: 104122.974
 --------------------------
iteration: 21 | ncalls: 1 | logz: -107311.207 +/-  0.164 | dlogz: 98983.989
 --------------------------
iteration: 22 | ncalls: 1 | logz: -106110.836 +/-  0.165 | dlogz: 97783.612
 --------------------------
iteration: 23 | ncalls: 1 | logz: -103854.834 +/-  0.165 | dlogz: 95527.605
 --------------------------
iteration: 24 | ncalls: 1 | logz: -103156.607 +/-  0.165 | dlogz: 94829.373
 --------------------------
iteration: 25 | ncalls: 1 | logz: -102543.051 +/-  0.165 | dlogz: 94215.812
 --------------------------
iteration: 26 | ncalls: 1 | logz: -99320.996 +/-  0.165 | dlogz: 90993.752
 --------------------------
iteration: 27 | ncalls: 1 | logz: -96228.800 +/-  0.165 | dlogz: 87901.551
 --------------------------
iteration: 28 | ncalls: 2 | logz: -95994.676 +/-  0.165 | dlogz: 87667.422
 --------------------------
iteration: 29 | ncalls: 1 | logz: -92710.338 +/-  0.165 | dlogz: 84383.080
 --------------------------
iteration: 30 | ncalls: 1 | logz: -92431.231 +/-  0.165 | dlogz: 84103.968
 --------------------------
iteration: 31 | ncalls: 2 | logz: -91231.793 +/-  0.165 | dlogz: 82904.525
 --------------------------
iteration: 32 | ncalls: 1 | logz: -90381.763 +/-  0.165 | dlogz: 82054.489
 --------------------------
iteration: 33 | ncalls: 2 | logz: -89032.394 +/-  0.165 | dlogz: 80705.115
 --------------------------
iteration: 34 | ncalls: 1 | logz: -88791.623 +/-  0.165 | dlogz: 80464.339
 --------------------------
iteration: 35 | ncalls: 1 | logz: -88304.772 +/-  0.166 | dlogz: 79977.483
 --------------------------
iteration: 36 | ncalls: 1 | logz: -88235.165 +/-  0.166 | dlogz: 79907.871
 --------------------------
iteration: 37 | ncalls: 1 | logz: -88180.400 +/-  0.166 | dlogz: 79853.102
 --------------------------
iteration: 38 | ncalls: 1 | logz: -87866.484 +/-  0.166 | dlogz: 79539.180
 --------------------------
iteration: 39 | ncalls: 1 | logz: -87706.285 +/-  0.166 | dlogz: 79378.977
 --------------------------
iteration: 40 | ncalls: 1 | logz: -87553.597 +/-  0.166 | dlogz: 79226.283
 --------------------------
iteration: 41 | ncalls: 1 | logz: -87316.873 +/-  0.166 | dlogz: 78989.554
 --------------------------
iteration: 42 | ncalls: 1 | logz: -86383.309 +/-  0.166 | dlogz: 78055.986
 --------------------------
iteration: 43 | ncalls: 1 | logz: -85203.544 +/-  0.166 | dlogz: 76876.215
 --------------------------
iteration: 44 | ncalls: 1 | logz: -84670.966 +/-  0.166 | dlogz: 76343.633
 --------------------------
iteration: 45 | ncalls: 2 | logz: -83573.730 +/-  0.166 | dlogz: 75246.391
 --------------------------
iteration: 46 | ncalls: 2 | logz: -83282.547 +/-  0.166 | dlogz: 74955.203
 --------------------------
iteration: 47 | ncalls: 2 | logz: -82496.956 +/-  0.166 | dlogz: 74169.607
 --------------------------
iteration: 48 | ncalls: 1 | logz: -82031.156 +/-  0.166 | dlogz: 73703.802
 --------------------------
iteration: 49 | ncalls: 1 | logz: -81409.385 +/-  0.167 | dlogz: 73082.026
 --------------------------
iteration: 50 | ncalls: 1 | logz: -80981.725 +/-  0.167 | dlogz: 72654.361
 --------------------------
iteration: 51 | ncalls: 1 | logz: -80613.159 +/-  0.167 | dlogz: 72285.790
 --------------------------
iteration: 52 | ncalls: 1 | logz: -80025.659 +/-  0.167 | dlogz: 71698.286
 --------------------------
iteration: 53 | ncalls: 2 | logz: -78068.816 +/-  0.167 | dlogz: 69741.437
 --------------------------
iteration: 54 | ncalls: 2 | logz: -77734.016 +/-  0.167 | dlogz: 69406.632
 --------------------------
iteration: 55 | ncalls: 1 | logz: -76903.732 +/-  0.167 | dlogz: 68576.343
 --------------------------
iteration: 56 | ncalls: 1 | logz: -76527.716 +/-  0.167 | dlogz: 68200.323
 --------------------------
iteration: 57 | ncalls: 1 | logz: -75660.759 +/-  0.167 | dlogz: 67333.360
 --------------------------
iteration: 58 | ncalls: 2 | logz: -75395.313 +/-  0.167 | dlogz: 67067.909
 --------------------------
iteration: 59 | ncalls: 1 | logz: -75358.131 +/-  0.167 | dlogz: 67030.722
 --------------------------
iteration: 60 | ncalls: 1 | logz: -75340.164 +/-  0.167 | dlogz: 67012.750
 --------------------------
iteration: 61 | ncalls: 1 | logz: -74707.983 +/-  0.167 | dlogz: 66380.564
 --------------------------
iteration: 62 | ncalls: 4 | logz: -74439.878 +/-  0.168 | dlogz: 66112.454
 --------------------------
iteration: 63 | ncalls: 3 | logz: -74243.592 +/-  0.168 | dlogz: 65916.163
 --------------------------
iteration: 64 | ncalls: 2 | logz: -74028.969 +/-  0.168 | dlogz: 65701.535
 --------------------------
iteration: 65 | ncalls: 1 | logz: -73459.214 +/-  0.168 | dlogz: 65131.775
 --------------------------
iteration: 66 | ncalls: 1 | logz: -72279.779 +/-  0.168 | dlogz: 63952.335
 --------------------------
iteration: 67 | ncalls: 2 | logz: -71376.858 +/-  0.168 | dlogz: 63049.410
 --------------------------
iteration: 68 | ncalls: 1 | logz: -71036.786 +/-  0.168 | dlogz: 62709.332
 --------------------------
iteration: 69 | ncalls: 3 | logz: -70577.008 +/-  0.168 | dlogz: 62249.549
 --------------------------
iteration: 70 | ncalls: 2 | logz: -69136.897 +/-  0.168 | dlogz: 60809.433
 --------------------------
iteration: 71 | ncalls: 1 | logz: -68039.200 +/-  0.168 | dlogz: 59711.731
 --------------------------
iteration: 72 | ncalls: 2 | logz: -67353.498 +/-  0.168 | dlogz: 59026.025
 --------------------------
iteration: 73 | ncalls: 1 | logz: -66871.520 +/-  0.168 | dlogz: 58544.042
 --------------------------
iteration: 74 | ncalls: 1 | logz: -65763.093 +/-  0.168 | dlogz: 57435.609
 --------------------------
iteration: 75 | ncalls: 2 | logz: -65542.585 +/-  0.168 | dlogz: 57215.097
 --------------------------
iteration: 76 | ncalls: 1 | logz: -64415.818 +/-  0.169 | dlogz: 56088.324
 --------------------------
iteration: 77 | ncalls: 2 | logz: -64130.954 +/-  0.169 | dlogz: 55803.455
 --------------------------
iteration: 78 | ncalls: 2 | logz: -63542.097 +/-  0.169 | dlogz: 55214.593
 --------------------------
iteration: 79 | ncalls: 2 | logz: -62735.351 +/-  0.169 | dlogz: 54407.842
 --------------------------
iteration: 80 | ncalls: 1 | logz: -62165.520 +/-  0.169 | dlogz: 53838.006
 --------------------------
iteration: 81 | ncalls: 1 | logz: -61735.479 +/-  0.169 | dlogz: 53407.960
 --------------------------
iteration: 82 | ncalls: 3 | logz: -59603.485 +/-  0.169 | dlogz: 51275.962
 --------------------------
iteration: 83 | ncalls: 2 | logz: -58592.919 +/-  0.169 | dlogz: 50265.390
 --------------------------
iteration: 84 | ncalls: 1 | logz: -57994.443 +/-  0.169 | dlogz: 49666.910
 --------------------------
iteration: 85 | ncalls: 1 | logz: -57851.047 +/-  0.169 | dlogz: 49523.508
 --------------------------
iteration: 86 | ncalls: 1 | logz: -57721.880 +/-  0.169 | dlogz: 49394.336
 --------------------------
iteration: 87 | ncalls: 1 | logz: -57248.757 +/-  0.169 | dlogz: 48921.208
 --------------------------
iteration: 88 | ncalls: 2 | logz: -57218.425 +/-  0.169 | dlogz: 48890.871
 --------------------------
iteration: 89 | ncalls: 1 | logz: -56967.897 +/-  0.170 | dlogz: 48672.856
 --------------------------
iteration: 90 | ncalls: 1 | logz: -56804.686 +/-  0.170 | dlogz: 48509.640
 --------------------------
iteration: 91 | ncalls: 3 | logz: -56642.971 +/-  0.170 | dlogz: 48347.920
 --------------------------
iteration: 92 | ncalls: 1 | logz: -56559.159 +/-  0.170 | dlogz: 48264.103
 --------------------------
iteration: 93 | ncalls: 1 | logz: -56503.545 +/-  0.170 | dlogz: 48208.484
 --------------------------
iteration: 94 | ncalls: 1 | logz: -55995.388 +/-  0.170 | dlogz: 47700.322
 --------------------------
iteration: 95 | ncalls: 2 | logz: -54898.420 +/-  0.170 | dlogz: 46603.349
 --------------------------
iteration: 96 | ncalls: 2 | logz: -54675.148 +/-  0.170 | dlogz: 46380.072
 --------------------------
iteration: 97 | ncalls: 1 | logz: -54236.199 +/-  0.170 | dlogz: 45941.118
 --------------------------
iteration: 98 | ncalls: 2 | logz: -53089.786 +/-  0.170 | dlogz: 44794.700
 --------------------------
iteration: 99 | ncalls: 1 | logz: -52949.998 +/-  0.170 | dlogz: 44654.907
 --------------------------
iteration: 100 | ncalls: 3 | logz: -52843.128 +/-  0.170 | dlogz: 44548.032
 --------------------------
iteration: 101 | ncalls: 2 | logz: -52842.308 +/-  0.160 | dlogz: 44547.207
 --------------------------
iteration: 102 | ncalls: 2 | logz: -50498.105 +/-  0.170 | dlogz: 42202.999
 --------------------------
iteration: 103 | ncalls: 1 | logz: -50323.205 +/-  0.171 | dlogz: 42028.094
 --------------------------
iteration: 104 | ncalls: 3 | logz: -49878.961 +/-  0.171 | dlogz: 41583.845
 --------------------------
iteration: 105 | ncalls: 1 | logz: -49266.004 +/-  0.171 | dlogz: 40970.883
 --------------------------
iteration: 106 | ncalls: 2 | logz: -49205.202 +/-  0.171 | dlogz: 40910.076
 --------------------------
iteration: 107 | ncalls: 1 | logz: -48739.199 +/-  0.171 | dlogz: 40444.068
 --------------------------
iteration: 108 | ncalls: 2 | logz: -48734.676 +/-  0.170 | dlogz: 40439.540
 --------------------------
iteration: 109 | ncalls: 1 | logz: -48703.122 +/-  0.171 | dlogz: 40407.981
 --------------------------
iteration: 110 | ncalls: 1 | logz: -48449.178 +/-  0.171 | dlogz: 40154.032
 --------------------------
iteration: 111 | ncalls: 1 | logz: -48404.469 +/-  0.171 | dlogz: 40109.318
 --------------------------
iteration: 112 | ncalls: 2 | logz: -47851.203 +/-  0.171 | dlogz: 39556.047
 --------------------------
iteration: 113 | ncalls: 4 | logz: -47830.651 +/-  0.171 | dlogz: 39535.490
 --------------------------
iteration: 114 | ncalls: 5 | logz: -47275.290 +/-  0.171 | dlogz: 38980.124
 --------------------------
iteration: 115 | ncalls: 2 | logz: -47235.498 +/-  0.171 | dlogz: 38940.327
 --------------------------
iteration: 116 | ncalls: 1 | logz: -47054.832 +/-  0.172 | dlogz: 38759.656
 --------------------------
iteration: 117 | ncalls: 1 | logz: -47030.674 +/-  0.172 | dlogz: 38735.493
 --------------------------
iteration: 118 | ncalls: 2 | logz: -46784.222 +/-  0.172 | dlogz: 38489.036
 --------------------------
iteration: 119 | ncalls: 1 | logz: -46264.222 +/-  0.172 | dlogz: 37969.031
 --------------------------
iteration: 120 | ncalls: 1 | logz: -45679.977 +/-  0.172 | dlogz: 37384.781
 --------------------------
iteration: 121 | ncalls: 3 | logz: -45432.197 +/-  0.172 | dlogz: 37136.996
 --------------------------
iteration: 122 | ncalls: 1 | logz: -45266.699 +/-  0.172 | dlogz: 36971.493
 --------------------------
iteration: 123 | ncalls: 1 | logz: -44343.829 +/-  0.172 | dlogz: 36048.618
 --------------------------
iteration: 124 | ncalls: 1 | logz: -44326.683 +/-  0.172 | dlogz: 36031.467
 --------------------------
iteration: 125 | ncalls: 1 | logz: -43694.869 +/-  0.172 | dlogz: 35399.648
 --------------------------
iteration: 126 | ncalls: 1 | logz: -43117.478 +/-  0.172 | dlogz: 34822.252
 --------------------------
iteration: 127 | ncalls: 3 | logz: -42807.309 +/-  0.172 | dlogz: 34512.078
 --------------------------
iteration: 128 | ncalls: 1 | logz: -42737.868 +/-  0.172 | dlogz: 34442.632
 --------------------------
iteration: 129 | ncalls: 3 | logz: -42689.462 +/-  0.172 | dlogz: 34394.221
 --------------------------
iteration: 130 | ncalls: 3 | logz: -41015.553 +/-  0.173 | dlogz: 32720.307
 --------------------------
iteration: 131 | ncalls: 1 | logz: -40662.152 +/-  0.173 | dlogz: 32366.901
 --------------------------
iteration: 132 | ncalls: 2 | logz: -40127.220 +/-  0.173 | dlogz: 31831.964
 --------------------------
iteration: 133 | ncalls: 1 | logz: -38997.098 +/-  0.173 | dlogz: 30701.837
 --------------------------
iteration: 134 | ncalls: 2 | logz: -38565.977 +/-  0.173 | dlogz: 30270.711
 --------------------------
iteration: 135 | ncalls: 1 | logz: -37854.319 +/-  0.173 | dlogz: 29559.048
 --------------------------
iteration: 136 | ncalls: 5 | logz: -37817.679 +/-  0.173 | dlogz: 29522.403
 --------------------------
iteration: 137 | ncalls: 5 | logz: -37705.620 +/-  0.173 | dlogz: 29410.339
 --------------------------
iteration: 138 | ncalls: 2 | logz: -37635.030 +/-  0.173 | dlogz: 29339.744
 --------------------------
iteration: 139 | ncalls: 2 | logz: -37507.870 +/-  0.173 | dlogz: 29212.579
 --------------------------
iteration: 140 | ncalls: 1 | logz: -37475.008 +/-  0.173 | dlogz: 29179.712
 --------------------------
iteration: 141 | ncalls: 2 | logz: -37342.715 +/-  0.173 | dlogz: 29047.414
 --------------------------
iteration: 142 | ncalls: 1 | logz: -37188.132 +/-  0.173 | dlogz: 28892.826
 --------------------------
iteration: 143 | ncalls: 2 | logz: -37115.417 +/-  0.173 | dlogz: 28820.106
 --------------------------
iteration: 144 | ncalls: 2 | logz: -36784.143 +/-  0.174 | dlogz: 28488.827
 --------------------------
iteration: 145 | ncalls: 3 | logz: -35791.923 +/-  0.174 | dlogz: 27496.602
 --------------------------
iteration: 146 | ncalls: 1 | logz: -35771.597 +/-  0.174 | dlogz: 27476.271
 --------------------------
iteration: 147 | ncalls: 4 | logz: -35747.958 +/-  0.174 | dlogz: 27452.627
 --------------------------
iteration: 148 | ncalls: 1 | logz: -35662.748 +/-  0.174 | dlogz: 27367.412
 --------------------------
iteration: 149 | ncalls: 2 | logz: -35642.869 +/-  0.174 | dlogz: 27347.528
 --------------------------
iteration: 150 | ncalls: 1 | logz: -35268.575 +/-  0.174 | dlogz: 26973.229
 --------------------------
iteration: 151 | ncalls: 1 | logz: -34140.049 +/-  0.174 | dlogz: 25844.698
 --------------------------
iteration: 152 | ncalls: 2 | logz: -33971.519 +/-  0.174 | dlogz: 25676.163
 --------------------------
iteration: 153 | ncalls: 3 | logz: -33931.200 +/-  0.174 | dlogz: 25635.839
 --------------------------
iteration: 154 | ncalls: 4 | logz: -33906.883 +/-  0.174 | dlogz: 25611.517
 --------------------------
iteration: 155 | ncalls: 2 | logz: -33448.987 +/-  0.174 | dlogz: 25153.616
 --------------------------
iteration: 156 | ncalls: 1 | logz: -33343.117 +/-  0.174 | dlogz: 25047.741
 --------------------------
iteration: 157 | ncalls: 2 | logz: -32833.038 +/-  0.174 | dlogz: 24537.657
 --------------------------
iteration: 158 | ncalls: 1 | logz: -32804.826 +/-  0.175 | dlogz: 24509.440
 --------------------------
iteration: 159 | ncalls: 3 | logz: -32508.250 +/-  0.175 | dlogz: 24212.859
 --------------------------
iteration: 160 | ncalls: 3 | logz: -31885.870 +/-  0.175 | dlogz: 23590.474
 --------------------------
iteration: 161 | ncalls: 1 | logz: -31744.650 +/-  0.175 | dlogz: 23449.249
 --------------------------
iteration: 162 | ncalls: 1 | logz: -31369.461 +/-  0.175 | dlogz: 23074.055
 --------------------------
iteration: 163 | ncalls: 2 | logz: -31070.712 +/-  0.175 | dlogz: 22775.301
 --------------------------
iteration: 164 | ncalls: 4 | logz: -30705.349 +/-  0.175 | dlogz: 22409.933
 --------------------------
iteration: 165 | ncalls: 1 | logz: -30682.901 +/-  0.175 | dlogz: 22387.480
 --------------------------
iteration: 166 | ncalls: 1 | logz: -30639.246 +/-  0.175 | dlogz: 22343.820
 --------------------------
iteration: 167 | ncalls: 2 | logz: -30480.024 +/-  0.175 | dlogz: 22184.593
 --------------------------
iteration: 168 | ncalls: 2 | logz: -30400.572 +/-  0.175 | dlogz: 22105.136
 --------------------------
iteration: 169 | ncalls: 2 | logz: -30335.404 +/-  0.175 | dlogz: 22039.963
 --------------------------
iteration: 170 | ncalls: 2 | logz: -30327.955 +/-  0.175 | dlogz: 22032.509
 --------------------------
iteration: 171 | ncalls: 2 | logz: -30183.679 +/-  0.175 | dlogz: 21888.228
 --------------------------
iteration: 172 | ncalls: 1 | logz: -30157.547 +/-  0.176 | dlogz: 21862.091
 --------------------------
iteration: 173 | ncalls: 3 | logz: -30013.472 +/-  0.176 | dlogz: 21718.011
 --------------------------
iteration: 174 | ncalls: 4 | logz: -29603.138 +/-  0.176 | dlogz: 21307.672
 --------------------------
iteration: 175 | ncalls: 7 | logz: -29255.517 +/-  0.176 | dlogz: 20960.046
 --------------------------
iteration: 176 | ncalls: 1 | logz: -29201.581 +/-  0.176 | dlogz: 20906.105
 --------------------------
iteration: 177 | ncalls: 3 | logz: -29197.505 +/-  0.175 | dlogz: 20902.024
 --------------------------
iteration: 178 | ncalls: 2 | logz: -29151.511 +/-  0.176 | dlogz: 20856.025
 --------------------------
iteration: 179 | ncalls: 1 | logz: -29122.632 +/-  0.176 | dlogz: 20827.141
 --------------------------
iteration: 180 | ncalls: 1 | logz: -28782.439 +/-  0.176 | dlogz: 20486.943
 --------------------------
iteration: 181 | ncalls: 3 | logz: -28769.124 +/-  0.176 | dlogz: 20473.623
 --------------------------
iteration: 182 | ncalls: 1 | logz: -28722.689 +/-  0.176 | dlogz: 20427.183
 --------------------------
iteration: 183 | ncalls: 2 | logz: -28443.960 +/-  0.176 | dlogz: 20148.449
 --------------------------
iteration: 184 | ncalls: 1 | logz: -28431.139 +/-  0.176 | dlogz: 20135.623
 --------------------------
iteration: 185 | ncalls: 1 | logz: -28153.381 +/-  0.176 | dlogz: 19857.860
 --------------------------
iteration: 186 | ncalls: 5 | logz: -28072.432 +/-  0.177 | dlogz: 19776.906
 --------------------------
iteration: 187 | ncalls: 2 | logz: -28026.758 +/-  0.177 | dlogz: 19731.227
 --------------------------
iteration: 188 | ncalls: 1 | logz: -27956.844 +/-  0.177 | dlogz: 19661.308
 --------------------------
iteration: 189 | ncalls: 3 | logz: -27526.648 +/-  0.177 | dlogz: 19231.107
 --------------------------
iteration: 190 | ncalls: 1 | logz: -27468.294 +/-  0.177 | dlogz: 19172.748
 --------------------------
iteration: 191 | ncalls: 1 | logz: -27315.219 +/-  0.177 | dlogz: 19019.668
 --------------------------
iteration: 192 | ncalls: 2 | logz: -27092.758 +/-  0.177 | dlogz: 18797.202
 --------------------------
iteration: 193 | ncalls: 6 | logz: -27010.928 +/-  0.177 | dlogz: 18715.367
 --------------------------
iteration: 194 | ncalls: 1 | logz: -26803.575 +/-  0.177 | dlogz: 18508.009
 --------------------------
iteration: 195 | ncalls: 1 | logz: -26772.096 +/-  0.177 | dlogz: 18476.525
 --------------------------
iteration: 196 | ncalls: 1 | logz: -26762.721 +/-  0.177 | dlogz: 18467.145
 --------------------------
iteration: 197 | ncalls: 3 | logz: -26562.158 +/-  0.177 | dlogz: 18266.577
 --------------------------
iteration: 198 | ncalls: 2 | logz: -26394.360 +/-  0.177 | dlogz: 18098.774
 --------------------------
iteration: 199 | ncalls: 1 | logz: -26349.717 +/-  0.177 | dlogz: 18054.126
 --------------------------
iteration: 200 | ncalls: 1 | logz: -26228.747 +/-  0.178 | dlogz: 17933.151
 --------------------------
iteration: 201 | ncalls: 11 | logz: -25995.766 +/-  0.178 | dlogz: 17700.165
 --------------------------
iteration: 202 | ncalls: 2 | logz: -25953.136 +/-  0.178 | dlogz: 17657.530
 --------------------------
iteration: 203 | ncalls: 1 | logz: -25931.345 +/-  0.178 | dlogz: 17635.734
 --------------------------
iteration: 204 | ncalls: 3 | logz: -25852.588 +/-  0.178 | dlogz: 17556.972
 --------------------------
iteration: 205 | ncalls: 4 | logz: -25772.518 +/-  0.178 | dlogz: 17476.897
 --------------------------
iteration: 206 | ncalls: 5 | logz: -25717.349 +/-  0.178 | dlogz: 17421.723
 --------------------------
iteration: 207 | ncalls: 1 | logz: -25716.056 +/-  0.170 | dlogz: 17420.425
 --------------------------
iteration: 208 | ncalls: 1 | logz: -25640.374 +/-  0.178 | dlogz: 17344.738
 --------------------------
iteration: 209 | ncalls: 3 | logz: -25572.911 +/-  0.178 | dlogz: 17277.270
 --------------------------
iteration: 210 | ncalls: 2 | logz: -25494.222 +/-  0.178 | dlogz: 17198.576
 --------------------------
iteration: 211 | ncalls: 1 | logz: -25452.040 +/-  0.178 | dlogz: 17156.389
 --------------------------
iteration: 212 | ncalls: 1 | logz: -25360.644 +/-  0.178 | dlogz: 17064.988
 --------------------------
iteration: 213 | ncalls: 3 | logz: -25016.191 +/-  0.178 | dlogz: 16720.530
 --------------------------
iteration: 214 | ncalls: 1 | logz: -24904.262 +/-  0.179 | dlogz: 16608.596
 --------------------------
iteration: 215 | ncalls: 3 | logz: -24802.085 +/-  0.179 | dlogz: 16506.414
 --------------------------
iteration: 216 | ncalls: 1 | logz: -24750.443 +/-  0.179 | dlogz: 16454.767
 --------------------------
iteration: 217 | ncalls: 1 | logz: -24435.890 +/-  0.179 | dlogz: 16140.209
 --------------------------
iteration: 218 | ncalls: 1 | logz: -24370.189 +/-  0.179 | dlogz: 16074.503
 --------------------------
iteration: 219 | ncalls: 4 | logz: -24147.119 +/-  0.179 | dlogz: 15851.428
 --------------------------
iteration: 220 | ncalls: 4 | logz: -23969.238 +/-  0.179 | dlogz: 15673.542
 --------------------------
iteration: 221 | ncalls: 3 | logz: -23813.106 +/-  0.179 | dlogz: 15517.405
 --------------------------
iteration: 222 | ncalls: 3 | logz: -23566.295 +/-  0.179 | dlogz: 15270.589
 --------------------------
iteration: 223 | ncalls: 10 | logz: -23456.916 +/-  0.179 | dlogz: 15161.205
 --------------------------
iteration: 224 | ncalls: 1 | logz: -23371.375 +/-  0.179 | dlogz: 15075.659
 --------------------------
iteration: 225 | ncalls: 2 | logz: -23061.663 +/-  0.179 | dlogz: 14765.942
 --------------------------
iteration: 226 | ncalls: 1 | logz: -23028.639 +/-  0.179 | dlogz: 14732.913
 --------------------------
iteration: 227 | ncalls: 3 | logz: -22961.212 +/-  0.179 | dlogz: 14665.481
 --------------------------
iteration: 228 | ncalls: 6 | logz: -22955.950 +/-  0.179 | dlogz: 14660.214
 --------------------------
iteration: 229 | ncalls: 2 | logz: -22790.858 +/-  0.180 | dlogz: 14495.117
 --------------------------
iteration: 230 | ncalls: 1 | logz: -22740.603 +/-  0.180 | dlogz: 14444.857
 --------------------------
iteration: 231 | ncalls: 4 | logz: -22654.853 +/-  0.180 | dlogz: 14359.102
 --------------------------
iteration: 232 | ncalls: 1 | logz: -22510.060 +/-  0.180 | dlogz: 14214.304
 --------------------------
iteration: 233 | ncalls: 2 | logz: -22490.025 +/-  0.180 | dlogz: 14194.264
 --------------------------
iteration: 234 | ncalls: 4 | logz: -22386.485 +/-  0.180 | dlogz: 14090.719
 --------------------------
iteration: 235 | ncalls: 4 | logz: -22328.740 +/-  0.180 | dlogz: 14032.969
 --------------------------
iteration: 236 | ncalls: 5 | logz: -22233.834 +/-  0.180 | dlogz: 13938.058
 --------------------------
iteration: 237 | ncalls: 9 | logz: -22103.685 +/-  0.180 | dlogz: 14150.997
 --------------------------
iteration: 238 | ncalls: 7 | logz: -22057.354 +/-  0.180 | dlogz: 14104.661
 --------------------------
iteration: 239 | ncalls: 11 | logz: -22010.660 +/-  0.180 | dlogz: 14057.963
 --------------------------
iteration: 240 | ncalls: 5 | logz: -21965.046 +/-  0.180 | dlogz: 14012.344
 --------------------------
iteration: 241 | ncalls: 7 | logz: -21885.334 +/-  0.180 | dlogz: 13932.626
 --------------------------
iteration: 242 | ncalls: 1 | logz: -21696.751 +/-  0.180 | dlogz: 13744.038
 --------------------------
iteration: 243 | ncalls: 1 | logz: -21472.329 +/-  0.181 | dlogz: 13519.611
 --------------------------
iteration: 244 | ncalls: 2 | logz: -21417.346 +/-  0.181 | dlogz: 13464.623
 --------------------------
iteration: 245 | ncalls: 1 | logz: -21108.296 +/-  0.181 | dlogz: 13155.568
 --------------------------
iteration: 246 | ncalls: 6 | logz: -21039.752 +/-  0.181 | dlogz: 13087.019
 --------------------------
iteration: 247 | ncalls: 6 | logz: -21035.531 +/-  0.180 | dlogz: 13082.793
 --------------------------
iteration: 248 | ncalls: 1 | logz: -20724.939 +/-  0.181 | dlogz: 12772.196
 --------------------------
iteration: 249 | ncalls: 1 | logz: -20582.008 +/-  0.181 | dlogz: 12629.261
 --------------------------
iteration: 250 | ncalls: 2 | logz: -20580.437 +/-  0.174 | dlogz: 12627.684
 --------------------------
iteration: 251 | ncalls: 1 | logz: -20441.545 +/-  0.181 | dlogz: 12488.787
 --------------------------
iteration: 252 | ncalls: 6 | logz: -20427.187 +/-  0.181 | dlogz: 12474.424
 --------------------------
iteration: 253 | ncalls: 8 | logz: -20413.703 +/-  0.181 | dlogz: 12460.935
 --------------------------
iteration: 254 | ncalls: 4 | logz: -20367.962 +/-  0.181 | dlogz: 12415.189
 --------------------------
iteration: 255 | ncalls: 1 | logz: -20363.490 +/-  0.180 | dlogz: 12410.712
 --------------------------
iteration: 256 | ncalls: 2 | logz: -20325.992 +/-  0.181 | dlogz: 12373.209
 --------------------------
iteration: 257 | ncalls: 10 | logz: -20277.190 +/-  0.181 | dlogz: 12324.403
 --------------------------
iteration: 258 | ncalls: 2 | logz: -20011.535 +/-  0.182 | dlogz: 12058.742
 --------------------------
iteration: 259 | ncalls: 9 | logz: -19918.885 +/-  0.182 | dlogz: 11966.087
 --------------------------
iteration: 260 | ncalls: 2 | logz: -19838.188 +/-  0.182 | dlogz: 11885.385
 --------------------------
iteration: 261 | ncalls: 8 | logz: -19796.377 +/-  0.182 | dlogz: 11843.569
 --------------------------
iteration: 262 | ncalls: 1 | logz: -19331.830 +/-  0.182 | dlogz: 11379.017
 --------------------------
iteration: 263 | ncalls: 1 | logz: -19330.994 +/-  0.172 | dlogz: 11378.176
 --------------------------
iteration: 264 | ncalls: 3 | logz: -19297.077 +/-  0.182 | dlogz: 11344.255
 --------------------------
iteration: 265 | ncalls: 19 | logz: -19230.929 +/-  0.182 | dlogz: 11278.102
 --------------------------
iteration: 266 | ncalls: 4 | logz: -19177.798 +/-  0.182 | dlogz: 11224.966
 --------------------------
iteration: 267 | ncalls: 1 | logz: -19158.468 +/-  0.182 | dlogz: 11205.630
 --------------------------
iteration: 268 | ncalls: 2 | logz: -19048.170 +/-  0.182 | dlogz: 11095.327
 --------------------------
iteration: 269 | ncalls: 3 | logz: -18901.712 +/-  0.182 | dlogz: 10948.864
 --------------------------
iteration: 270 | ncalls: 5 | logz: -18792.976 +/-  0.182 | dlogz: 10840.123
 --------------------------
iteration: 271 | ncalls: 2 | logz: -18732.618 +/-  0.182 | dlogz: 10779.760
 --------------------------
iteration: 272 | ncalls: 4 | logz: -18513.639 +/-  0.183 | dlogz: 10560.776
 --------------------------
iteration: 273 | ncalls: 5 | logz: -18506.903 +/-  0.182 | dlogz: 10554.035
 --------------------------
iteration: 274 | ncalls: 1 | logz: -18505.493 +/-  0.175 | dlogz: 10552.620
 --------------------------
iteration: 275 | ncalls: 1 | logz: -18504.783 +/-  0.169 | dlogz: 10551.906
 --------------------------
iteration: 276 | ncalls: 1 | logz: -18464.121 +/-  0.183 | dlogz: 10511.238
 --------------------------
iteration: 277 | ncalls: 2 | logz: -18397.213 +/-  0.183 | dlogz: 10500.936
 --------------------------
iteration: 278 | ncalls: 5 | logz: -18369.884 +/-  0.183 | dlogz: 10473.601
 --------------------------
iteration: 279 | ncalls: 5 | logz: -18345.781 +/-  0.183 | dlogz: 10449.493
 --------------------------
iteration: 280 | ncalls: 4 | logz: -18283.611 +/-  0.183 | dlogz: 10387.318
 --------------------------
iteration: 281 | ncalls: 2 | logz: -18262.306 +/-  0.183 | dlogz: 10366.009
 --------------------------
iteration: 282 | ncalls: 1 | logz: -18242.686 +/-  0.183 | dlogz: 10346.383
 --------------------------
iteration: 283 | ncalls: 1 | logz: -18087.630 +/-  0.183 | dlogz: 10191.322
 --------------------------
iteration: 284 | ncalls: 9 | logz: -18067.093 +/-  0.183 | dlogz: 10170.780
 --------------------------
iteration: 285 | ncalls: 3 | logz: -18053.088 +/-  0.183 | dlogz: 10156.770
 --------------------------
iteration: 286 | ncalls: 5 | logz: -17946.375 +/-  0.183 | dlogz: 10050.052
 --------------------------
iteration: 287 | ncalls: 2 | logz: -17887.333 +/-  0.184 | dlogz: 9991.005
 --------------------------
iteration: 288 | ncalls: 2 | logz: -17819.760 +/-  0.184 | dlogz: 9923.427
 --------------------------
iteration: 289 | ncalls: 4 | logz: -17794.874 +/-  0.184 | dlogz: 9898.536
 --------------------------
iteration: 290 | ncalls: 3 | logz: -17627.011 +/-  0.184 | dlogz: 9730.668
 --------------------------
iteration: 291 | ncalls: 1 | logz: -17623.417 +/-  0.182 | dlogz: 9727.069
 --------------------------
iteration: 292 | ncalls: 7 | logz: -17594.590 +/-  0.184 | dlogz: 9714.149
 --------------------------
iteration: 293 | ncalls: 6 | logz: -17534.881 +/-  0.184 | dlogz: 9654.434
 --------------------------
iteration: 294 | ncalls: 4 | logz: -17482.003 +/-  0.184 | dlogz: 9601.552
 --------------------------
iteration: 295 | ncalls: 4 | logz: -17393.318 +/-  0.184 | dlogz: 9512.861
 --------------------------
iteration: 296 | ncalls: 1 | logz: -17353.112 +/-  0.184 | dlogz: 9472.650
 --------------------------
iteration: 297 | ncalls: 1 | logz: -17296.667 +/-  0.184 | dlogz: 9416.201
 --------------------------
iteration: 298 | ncalls: 7 | logz: -17155.411 +/-  0.184 | dlogz: 9274.940
 --------------------------
iteration: 299 | ncalls: 8 | logz: -17132.310 +/-  0.184 | dlogz: 9251.834
 --------------------------
iteration: 300 | ncalls: 1 | logz: -17097.900 +/-  0.184 | dlogz: 9217.418
 --------------------------
iteration: 301 | ncalls: 2 | logz: -16910.591 +/-  0.185 | dlogz: 9030.104
 --------------------------
iteration: 302 | ncalls: 2 | logz: -16900.622 +/-  0.185 | dlogz: 9020.130
 --------------------------
iteration: 303 | ncalls: 3 | logz: -16897.271 +/-  0.183 | dlogz: 9016.774
 --------------------------
iteration: 304 | ncalls: 1 | logz: -16843.234 +/-  0.185 | dlogz: 8962.732
 --------------------------
iteration: 305 | ncalls: 1 | logz: -16798.010 +/-  0.185 | dlogz: 8917.503
 --------------------------
iteration: 306 | ncalls: 2 | logz: -16695.751 +/-  0.185 | dlogz: 8815.240
 --------------------------
iteration: 307 | ncalls: 1 | logz: -16581.449 +/-  0.185 | dlogz: 8700.932
 --------------------------
iteration: 308 | ncalls: 2 | logz: -16576.075 +/-  0.185 | dlogz: 8695.554
 --------------------------
iteration: 309 | ncalls: 4 | logz: -16566.449 +/-  0.185 | dlogz: 8685.922
 --------------------------
iteration: 310 | ncalls: 1 | logz: -16533.901 +/-  0.185 | dlogz: 8653.370
 --------------------------
iteration: 311 | ncalls: 3 | logz: -16525.347 +/-  0.185 | dlogz: 8644.810
 --------------------------
iteration: 312 | ncalls: 1 | logz: -16519.802 +/-  0.185 | dlogz: 8639.260
 --------------------------
iteration: 313 | ncalls: 2 | logz: -16449.264 +/-  0.185 | dlogz: 8568.717
 --------------------------
iteration: 314 | ncalls: 1 | logz: -16400.905 +/-  0.185 | dlogz: 8520.353
 --------------------------
iteration: 315 | ncalls: 1 | logz: -16383.401 +/-  0.185 | dlogz: 8502.844
 --------------------------
iteration: 316 | ncalls: 2 | logz: -16292.345 +/-  0.186 | dlogz: 8411.783
 --------------------------
iteration: 317 | ncalls: 7 | logz: -16262.052 +/-  0.186 | dlogz: 8381.485
 --------------------------
iteration: 318 | ncalls: 5 | logz: -16252.780 +/-  0.186 | dlogz: 8372.208
 --------------------------
iteration: 319 | ncalls: 6 | logz: -16198.719 +/-  0.186 | dlogz: 8318.143
 --------------------------
iteration: 320 | ncalls: 1 | logz: -16190.430 +/-  0.186 | dlogz: 8309.848
 --------------------------
iteration: 321 | ncalls: 1 | logz: -16188.946 +/-  0.178 | dlogz: 8308.360
 --------------------------
iteration: 322 | ncalls: 1 | logz: -16064.765 +/-  0.186 | dlogz: 8184.173
 --------------------------
iteration: 323 | ncalls: 13 | logz: -16037.074 +/-  0.186 | dlogz: 8156.478
 --------------------------
iteration: 324 | ncalls: 1 | logz: -16011.151 +/-  0.186 | dlogz: 8130.549
 --------------------------
iteration: 325 | ncalls: 1 | logz: -16009.576 +/-  0.179 | dlogz: 8128.969
 --------------------------
iteration: 326 | ncalls: 1 | logz: -15931.909 +/-  0.186 | dlogz: 8051.298
 --------------------------
iteration: 327 | ncalls: 1 | logz: -15923.218 +/-  0.186 | dlogz: 8042.601
 --------------------------
iteration: 328 | ncalls: 2 | logz: -15922.176 +/-  0.177 | dlogz: 8041.554
 --------------------------
iteration: 329 | ncalls: 2 | logz: -15783.974 +/-  0.186 | dlogz: 7903.347
 --------------------------
iteration: 330 | ncalls: 3 | logz: -15684.324 +/-  0.186 | dlogz: 7803.692
 --------------------------
iteration: 331 | ncalls: 1 | logz: -15610.224 +/-  0.187 | dlogz: 7729.587
 --------------------------
iteration: 332 | ncalls: 3 | logz: -15550.680 +/-  0.187 | dlogz: 7670.038
 --------------------------
iteration: 333 | ncalls: 6 | logz: -15512.844 +/-  0.187 | dlogz: 7632.197
 --------------------------
iteration: 334 | ncalls: 8 | logz: -15466.391 +/-  0.187 | dlogz: 7585.740
 --------------------------
iteration: 335 | ncalls: 11 | logz: -15449.192 +/-  0.187 | dlogz: 7568.535
 --------------------------
iteration: 336 | ncalls: 4 | logz: -15423.221 +/-  0.187 | dlogz: 7542.559
 --------------------------
iteration: 337 | ncalls: 1 | logz: -15333.881 +/-  0.187 | dlogz: 7453.215
 --------------------------
iteration: 338 | ncalls: 1 | logz: -15328.390 +/-  0.187 | dlogz: 7447.719
 --------------------------
iteration: 339 | ncalls: 6 | logz: -15283.798 +/-  0.187 | dlogz: 7403.122
 --------------------------
iteration: 340 | ncalls: 2 | logz: -15258.948 +/-  0.187 | dlogz: 7378.266
 --------------------------
iteration: 341 | ncalls: 10 | logz: -15144.786 +/-  0.187 | dlogz: 7264.099
 --------------------------
iteration: 342 | ncalls: 4 | logz: -15095.406 +/-  0.187 | dlogz: 7214.715
 --------------------------
iteration: 343 | ncalls: 4 | logz: -15072.191 +/-  0.187 | dlogz: 7191.494
 --------------------------
iteration: 344 | ncalls: 9 | logz: -15044.218 +/-  0.187 | dlogz: 7163.516
 --------------------------
iteration: 345 | ncalls: 2 | logz: -15034.356 +/-  0.187 | dlogz: 7153.649
 --------------------------
iteration: 346 | ncalls: 2 | logz: -15029.694 +/-  0.187 | dlogz: 7148.982
 --------------------------
iteration: 347 | ncalls: 12 | logz: -15026.706 +/-  0.185 | dlogz: 7145.990
 --------------------------
iteration: 348 | ncalls: 2 | logz: -14961.153 +/-  0.188 | dlogz: 7080.432
 --------------------------
iteration: 349 | ncalls: 7 | logz: -14949.160 +/-  0.188 | dlogz: 7068.433
 --------------------------
iteration: 350 | ncalls: 2 | logz: -14885.484 +/-  0.188 | dlogz: 7004.752
 --------------------------
iteration: 351 | ncalls: 3 | logz: -14840.870 +/-  0.188 | dlogz: 6960.133
 --------------------------
iteration: 352 | ncalls: 2 | logz: -14805.437 +/-  0.188 | dlogz: 6924.696
 --------------------------
iteration: 353 | ncalls: 3 | logz: -14793.195 +/-  0.188 | dlogz: 6912.449
 --------------------------
iteration: 354 | ncalls: 2 | logz: -14770.658 +/-  0.188 | dlogz: 6889.907
 --------------------------
iteration: 355 | ncalls: 3 | logz: -14747.813 +/-  0.188 | dlogz: 6867.056
 --------------------------
iteration: 356 | ncalls: 7 | logz: -14713.213 +/-  0.188 | dlogz: 6832.452
 --------------------------
iteration: 357 | ncalls: 2 | logz: -14658.920 +/-  0.188 | dlogz: 6778.154
 --------------------------
iteration: 358 | ncalls: 3 | logz: -14616.178 +/-  0.188 | dlogz: 6735.407
 --------------------------
iteration: 359 | ncalls: 6 | logz: -14577.113 +/-  0.188 | dlogz: 6696.336
 --------------------------
iteration: 360 | ncalls: 4 | logz: -14544.322 +/-  0.188 | dlogz: 6663.540
 --------------------------
iteration: 361 | ncalls: 7 | logz: -14473.985 +/-  0.189 | dlogz: 6593.198
 --------------------------
iteration: 362 | ncalls: 1 | logz: -14455.337 +/-  0.189 | dlogz: 6574.545
 --------------------------
iteration: 363 | ncalls: 6 | logz: -14449.957 +/-  0.188 | dlogz: 6569.160
 --------------------------
iteration: 364 | ncalls: 7 | logz: -14445.463 +/-  0.188 | dlogz: 6564.661
 --------------------------
iteration: 365 | ncalls: 1 | logz: -14431.218 +/-  0.189 | dlogz: 6550.411
 --------------------------
iteration: 366 | ncalls: 7 | logz: -14262.366 +/-  0.189 | dlogz: 6381.554
 --------------------------
iteration: 367 | ncalls: 3 | logz: -14144.234 +/-  0.189 | dlogz: 6263.418
 --------------------------
iteration: 368 | ncalls: 4 | logz: -14081.885 +/-  0.189 | dlogz: 6201.063
 --------------------------
iteration: 369 | ncalls: 16 | logz: -14066.335 +/-  0.189 | dlogz: 6185.508
 --------------------------
iteration: 370 | ncalls: 6 | logz: -14062.913 +/-  0.187 | dlogz: 6182.082
 --------------------------
iteration: 371 | ncalls: 2 | logz: -14053.791 +/-  0.189 | dlogz: 6172.954
 --------------------------
iteration: 372 | ncalls: 1 | logz: -13714.499 +/-  0.189 | dlogz: 5833.657
 --------------------------
iteration: 373 | ncalls: 5 | logz: -13700.587 +/-  0.189 | dlogz: 5819.741
 --------------------------
iteration: 374 | ncalls: 1 | logz: -13693.208 +/-  0.189 | dlogz: 5812.357
 --------------------------
iteration: 375 | ncalls: 2 | logz: -13589.894 +/-  0.189 | dlogz: 5709.037
 --------------------------
iteration: 376 | ncalls: 1 | logz: -13550.060 +/-  0.190 | dlogz: 5669.199
 --------------------------
iteration: 377 | ncalls: 3 | logz: -13521.532 +/-  0.190 | dlogz: 5640.666
 --------------------------
iteration: 378 | ncalls: 11 | logz: -13424.316 +/-  0.190 | dlogz: 5543.445
 --------------------------
iteration: 379 | ncalls: 6 | logz: -13415.709 +/-  0.190 | dlogz: 5534.833
 --------------------------
iteration: 380 | ncalls: 2 | logz: -13413.138 +/-  0.186 | dlogz: 5532.257
 --------------------------
iteration: 381 | ncalls: 1 | logz: -13381.574 +/-  0.190 | dlogz: 5500.687
 --------------------------
iteration: 382 | ncalls: 3 | logz: -13363.855 +/-  0.190 | dlogz: 5482.963
 --------------------------
iteration: 383 | ncalls: 11 | logz: -13358.746 +/-  0.189 | dlogz: 5477.849
 --------------------------
iteration: 384 | ncalls: 1 | logz: -13325.023 +/-  0.190 | dlogz: 5444.121
 --------------------------
iteration: 385 | ncalls: 2 | logz: -13263.347 +/-  0.190 | dlogz: 5382.441
 --------------------------
iteration: 386 | ncalls: 12 | logz: -13199.867 +/-  0.190 | dlogz: 5318.956
 --------------------------
iteration: 387 | ncalls: 1 | logz: -13174.270 +/-  0.190 | dlogz: 5293.353
 --------------------------
iteration: 388 | ncalls: 2 | logz: -13149.332 +/-  0.190 | dlogz: 5268.410
 --------------------------
iteration: 389 | ncalls: 2 | logz: -13111.579 +/-  0.190 | dlogz: 5230.652
 --------------------------
iteration: 390 | ncalls: 12 | logz: -13036.209 +/-  0.190 | dlogz: 5155.277
 --------------------------
iteration: 391 | ncalls: 5 | logz: -12998.305 +/-  0.191 | dlogz: 5117.368
 --------------------------
iteration: 392 | ncalls: 7 | logz: -12995.735 +/-  0.187 | dlogz: 5114.794
 --------------------------
iteration: 393 | ncalls: 4 | logz: -12986.324 +/-  0.191 | dlogz: 5105.377
 --------------------------
iteration: 394 | ncalls: 1 | logz: -12975.270 +/-  0.191 | dlogz: 5094.318
 --------------------------
iteration: 395 | ncalls: 1 | logz: -12919.089 +/-  0.191 | dlogz: 5038.133
 --------------------------
iteration: 396 | ncalls: 6 | logz: -12916.639 +/-  0.187 | dlogz: 5035.678
 --------------------------
iteration: 397 | ncalls: 3 | logz: -12909.380 +/-  0.191 | dlogz: 5028.414
 --------------------------
iteration: 398 | ncalls: 5 | logz: -12906.086 +/-  0.189 | dlogz: 5025.114
 --------------------------
iteration: 399 | ncalls: 3 | logz: -12883.053 +/-  0.191 | dlogz: 5002.076
 --------------------------
iteration: 400 | ncalls: 2 | logz: -12808.988 +/-  0.191 | dlogz: 4928.007
 --------------------------
iteration: 401 | ncalls: 2 | logz: -12738.853 +/-  0.191 | dlogz: 4857.866
 --------------------------
iteration: 402 | ncalls: 5 | logz: -12722.194 +/-  0.191 | dlogz: 4841.202
 --------------------------
iteration: 403 | ncalls: 1 | logz: -12688.905 +/-  0.191 | dlogz: 4807.908
 --------------------------
iteration: 404 | ncalls: 4 | logz: -12652.589 +/-  0.191 | dlogz: 4771.587
 --------------------------
iteration: 405 | ncalls: 2 | logz: -12599.451 +/-  0.191 | dlogz: 4718.445
 --------------------------
iteration: 406 | ncalls: 2 | logz: -12577.489 +/-  0.191 | dlogz: 4696.478
 --------------------------
iteration: 407 | ncalls: 17 | logz: -12558.970 +/-  0.192 | dlogz: 4677.954
 --------------------------
iteration: 408 | ncalls: 1 | logz: -12556.355 +/-  0.188 | dlogz: 4675.334
 --------------------------
iteration: 409 | ncalls: 11 | logz: -12508.358 +/-  0.192 | dlogz: 4627.331
 --------------------------
iteration: 410 | ncalls: 1 | logz: -12490.334 +/-  0.192 | dlogz: 4609.303
 --------------------------
iteration: 411 | ncalls: 2 | logz: -12430.865 +/-  0.192 | dlogz: 4549.829
 --------------------------
iteration: 412 | ncalls: 3 | logz: -12373.522 +/-  0.192 | dlogz: 4492.481
 --------------------------
iteration: 413 | ncalls: 3 | logz: -12365.462 +/-  0.192 | dlogz: 4484.416
 --------------------------
iteration: 414 | ncalls: 9 | logz: -12360.259 +/-  0.192 | dlogz: 4479.207
 --------------------------
iteration: 415 | ncalls: 2 | logz: -12347.109 +/-  0.192 | dlogz: 4466.052
 --------------------------
iteration: 416 | ncalls: 1 | logz: -12339.554 +/-  0.192 | dlogz: 4458.492
 --------------------------
iteration: 417 | ncalls: 2 | logz: -12273.803 +/-  0.192 | dlogz: 4392.737
 --------------------------
iteration: 418 | ncalls: 4 | logz: -12268.824 +/-  0.192 | dlogz: 4387.752
 --------------------------
iteration: 419 | ncalls: 4 | logz: -12257.471 +/-  0.192 | dlogz: 4376.394
 --------------------------
iteration: 420 | ncalls: 2 | logz: -12238.138 +/-  0.192 | dlogz: 4357.056
 --------------------------
iteration: 421 | ncalls: 2 | logz: -12199.813 +/-  0.192 | dlogz: 4318.727
 --------------------------
iteration: 422 | ncalls: 11 | logz: -12159.548 +/-  0.193 | dlogz: 4278.456
 --------------------------
iteration: 423 | ncalls: 6 | logz: -12156.204 +/-  0.191 | dlogz: 4275.108
 --------------------------
iteration: 424 | ncalls: 3 | logz: -12154.652 +/-  0.185 | dlogz: 4273.551
 --------------------------
iteration: 425 | ncalls: 9 | logz: -12138.051 +/-  0.193 | dlogz: 4256.944
 --------------------------
iteration: 426 | ncalls: 6 | logz: -12113.649 +/-  0.193 | dlogz: 4232.537
 --------------------------
iteration: 427 | ncalls: 4 | logz: -12095.263 +/-  0.193 | dlogz: 4214.146
 --------------------------
iteration: 428 | ncalls: 5 | logz: -12057.278 +/-  0.193 | dlogz: 4176.156
 --------------------------
iteration: 429 | ncalls: 3 | logz: -12050.140 +/-  0.193 | dlogz: 4169.013
 --------------------------
iteration: 430 | ncalls: 7 | logz: -12012.610 +/-  0.193 | dlogz: 4131.478
 --------------------------
iteration: 431 | ncalls: 3 | logz: -12010.540 +/-  0.188 | dlogz: 4129.403
 --------------------------
iteration: 432 | ncalls: 9 | logz: -11986.769 +/-  0.193 | dlogz: 4105.627
 --------------------------
iteration: 433 | ncalls: 6 | logz: -11960.319 +/-  0.193 | dlogz: 4079.172
 --------------------------
iteration: 434 | ncalls: 1 | logz: -11907.234 +/-  0.193 | dlogz: 4026.083
 --------------------------
iteration: 435 | ncalls: 1 | logz: -11894.865 +/-  0.193 | dlogz: 4013.709
 --------------------------
iteration: 436 | ncalls: 1 | logz: -11855.684 +/-  0.193 | dlogz: 3974.522
 --------------------------
iteration: 437 | ncalls: 1 | logz: -11845.190 +/-  0.193 | dlogz: 3964.024
 --------------------------
iteration: 438 | ncalls: 5 | logz: -11808.795 +/-  0.194 | dlogz: 3927.623
 --------------------------
iteration: 439 | ncalls: 3 | logz: -11776.914 +/-  0.194 | dlogz: 3895.737
 --------------------------
iteration: 440 | ncalls: 2 | logz: -11752.840 +/-  0.194 | dlogz: 3871.658
 --------------------------
iteration: 441 | ncalls: 6 | logz: -11751.443 +/-  0.186 | dlogz: 3870.256
 --------------------------
iteration: 442 | ncalls: 10 | logz: -11742.925 +/-  0.194 | dlogz: 3861.733
 --------------------------
iteration: 443 | ncalls: 4 | logz: -11723.402 +/-  0.194 | dlogz: 3842.205
 --------------------------
iteration: 444 | ncalls: 1 | logz: -11714.493 +/-  0.194 | dlogz: 3833.291
 --------------------------
iteration: 445 | ncalls: 7 | logz: -11706.108 +/-  0.194 | dlogz: 3824.902
 --------------------------
iteration: 446 | ncalls: 13 | logz: -11699.434 +/-  0.194 | dlogz: 3818.223
 --------------------------
iteration: 447 | ncalls: 9 | logz: -11685.775 +/-  0.194 | dlogz: 3804.559
 --------------------------
iteration: 448 | ncalls: 5 | logz: -11674.705 +/-  0.194 | dlogz: 3793.483
 --------------------------
iteration: 449 | ncalls: 5 | logz: -11644.113 +/-  0.194 | dlogz: 3762.887
 --------------------------
iteration: 450 | ncalls: 9 | logz: -11617.668 +/-  0.194 | dlogz: 3736.436
 --------------------------
iteration: 451 | ncalls: 10 | logz: -11585.689 +/-  0.194 | dlogz: 3704.453
 --------------------------
iteration: 452 | ncalls: 3 | logz: -11571.244 +/-  0.194 | dlogz: 3690.002
 --------------------------
iteration: 453 | ncalls: 7 | logz: -11567.210 +/-  0.193 | dlogz: 3685.964
 --------------------------
iteration: 454 | ncalls: 8 | logz: -11549.992 +/-  0.195 | dlogz: 3668.741
 --------------------------
iteration: 455 | ncalls: 18 | logz: -11536.578 +/-  0.195 | dlogz: 3655.321
 --------------------------
iteration: 456 | ncalls: 2 | logz: -11530.873 +/-  0.194 | dlogz: 3649.612
 --------------------------
iteration: 457 | ncalls: 1 | logz: -11502.630 +/-  0.195 | dlogz: 3621.364
 --------------------------
iteration: 458 | ncalls: 10 | logz: -11491.772 +/-  0.195 | dlogz: 3610.500
 --------------------------
iteration: 459 | ncalls: 5 | logz: -11471.761 +/-  0.195 | dlogz: 3590.484
 --------------------------
iteration: 460 | ncalls: 7 | logz: -11453.172 +/-  0.195 | dlogz: 3571.890
 --------------------------
iteration: 461 | ncalls: 2 | logz: -11440.755 +/-  0.195 | dlogz: 3559.468
 --------------------------
iteration: 462 | ncalls: 7 | logz: -11423.206 +/-  0.195 | dlogz: 3541.914
 --------------------------
iteration: 463 | ncalls: 2 | logz: -11416.877 +/-  0.195 | dlogz: 3535.581
 --------------------------
iteration: 464 | ncalls: 3 | logz: -11408.150 +/-  0.195 | dlogz: 3605.029
 --------------------------
iteration: 465 | ncalls: 2 | logz: -11396.297 +/-  0.195 | dlogz: 3593.170
 --------------------------
iteration: 466 | ncalls: 2 | logz: -11393.788 +/-  0.192 | dlogz: 3590.656
 --------------------------
iteration: 467 | ncalls: 1 | logz: -11376.636 +/-  0.195 | dlogz: 3573.500
 --------------------------
iteration: 468 | ncalls: 2 | logz: -11375.287 +/-  0.188 | dlogz: 3572.146
 --------------------------
iteration: 469 | ncalls: 3 | logz: -11362.411 +/-  0.196 | dlogz: 3559.265
 --------------------------
iteration: 470 | ncalls: 1 | logz: -11340.932 +/-  0.196 | dlogz: 3537.780
 --------------------------
iteration: 471 | ncalls: 5 | logz: -11323.255 +/-  0.196 | dlogz: 3520.098
 --------------------------
iteration: 472 | ncalls: 6 | logz: -11315.888 +/-  0.196 | dlogz: 3512.727
 --------------------------
iteration: 473 | ncalls: 13 | logz: -11298.213 +/-  0.196 | dlogz: 3495.047
 --------------------------
iteration: 474 | ncalls: 3 | logz: -11294.689 +/-  0.194 | dlogz: 3491.517
 --------------------------
iteration: 475 | ncalls: 16 | logz: -11224.864 +/-  0.196 | dlogz: 3421.687
 --------------------------
iteration: 476 | ncalls: 1 | logz: -11210.827 +/-  0.196 | dlogz: 3407.646
 --------------------------
iteration: 477 | ncalls: 2 | logz: -11200.246 +/-  0.196 | dlogz: 3397.060
 --------------------------
iteration: 478 | ncalls: 2 | logz: -11177.136 +/-  0.196 | dlogz: 3373.945
 --------------------------
iteration: 479 | ncalls: 3 | logz: -11171.172 +/-  0.196 | dlogz: 3367.975
 --------------------------
iteration: 480 | ncalls: 9 | logz: -11127.537 +/-  0.196 | dlogz: 3324.336
 --------------------------
iteration: 481 | ncalls: 8 | logz: -11043.702 +/-  0.196 | dlogz: 3240.496
 --------------------------
iteration: 482 | ncalls: 3 | logz: -11042.698 +/-  0.188 | dlogz: 3239.487
 --------------------------
iteration: 483 | ncalls: 6 | logz: -11016.977 +/-  0.196 | dlogz: 3213.761
 --------------------------
iteration: 484 | ncalls: 1 | logz: -11015.678 +/-  0.189 | dlogz: 3212.457
 --------------------------
iteration: 485 | ncalls: 2 | logz: -10994.250 +/-  0.197 | dlogz: 3191.024
 --------------------------
iteration: 486 | ncalls: 5 | logz: -10981.701 +/-  0.197 | dlogz: 3178.469
 --------------------------
iteration: 487 | ncalls: 4 | logz: -10973.912 +/-  0.197 | dlogz: 3170.675
 --------------------------
iteration: 488 | ncalls: 5 | logz: -10964.273 +/-  0.197 | dlogz: 3161.032
 --------------------------
iteration: 489 | ncalls: 12 | logz: -10963.515 +/-  0.188 | dlogz: 3160.269
 --------------------------
iteration: 490 | ncalls: 6 | logz: -10943.124 +/-  0.197 | dlogz: 3139.873
 --------------------------
iteration: 491 | ncalls: 25 | logz: -10933.994 +/-  0.197 | dlogz: 3130.738
 --------------------------
iteration: 492 | ncalls: 4 | logz: -10928.937 +/-  0.197 | dlogz: 3125.676
 --------------------------
iteration: 493 | ncalls: 4 | logz: -10897.724 +/-  0.197 | dlogz: 3094.457
 --------------------------
iteration: 494 | ncalls: 16 | logz: -10889.551 +/-  0.197 | dlogz: 3086.280
 --------------------------
iteration: 495 | ncalls: 3 | logz: -10873.946 +/-  0.197 | dlogz: 3070.670
 --------------------------
iteration: 496 | ncalls: 5 | logz: -10869.561 +/-  0.196 | dlogz: 3066.280
 --------------------------
iteration: 497 | ncalls: 10 | logz: -10844.535 +/-  0.197 | dlogz: 3041.248
 --------------------------
iteration: 498 | ncalls: 15 | logz: -10843.528 +/-  0.189 | dlogz: 3040.237
 --------------------------
iteration: 499 | ncalls: 11 | logz: -10827.382 +/-  0.197 | dlogz: 3024.086
 --------------------------
iteration: 500 | ncalls: 5 | logz: -10821.218 +/-  0.197 | dlogz: 3017.916
 --------------------------
iteration: 501 | ncalls: 3 | logz: -10819.970 +/-  0.190 | dlogz: 3016.664
 --------------------------
iteration: 502 | ncalls: 15 | logz: -10819.258 +/-  0.185 | dlogz: 3015.947
 --------------------------
iteration: 503 | ncalls: 5 | logz: -10805.291 +/-  0.198 | dlogz: 3001.975
 --------------------------
iteration: 504 | ncalls: 6 | logz: -10793.926 +/-  0.198 | dlogz: 2990.604
 --------------------------
iteration: 505 | ncalls: 10 | logz: -10769.371 +/-  0.198 | dlogz: 2966.044
 --------------------------
iteration: 506 | ncalls: 4 | logz: -10742.286 +/-  0.198 | dlogz: 2938.954
 --------------------------
iteration: 507 | ncalls: 12 | logz: -10735.855 +/-  0.198 | dlogz: 2932.519
 --------------------------
iteration: 508 | ncalls: 8 | logz: -10723.209 +/-  0.198 | dlogz: 2919.867
 --------------------------
iteration: 509 | ncalls: 5 | logz: -10698.554 +/-  0.198 | dlogz: 2895.207
 --------------------------
iteration: 510 | ncalls: 8 | logz: -10693.176 +/-  0.198 | dlogz: 2889.824
 --------------------------
iteration: 511 | ncalls: 3 | logz: -10678.766 +/-  0.198 | dlogz: 2875.410
 --------------------------
iteration: 512 | ncalls: 3 | logz: -10652.971 +/-  0.198 | dlogz: 2849.610
 --------------------------
iteration: 513 | ncalls: 13 | logz: -10642.744 +/-  0.198 | dlogz: 2839.378
 --------------------------
iteration: 514 | ncalls: 5 | logz: -10626.883 +/-  0.198 | dlogz: 2823.511
 --------------------------
iteration: 515 | ncalls: 5 | logz: -10614.434 +/-  0.198 | dlogz: 2811.058
 --------------------------
iteration: 516 | ncalls: 2 | logz: -10603.268 +/-  0.199 | dlogz: 2799.886
 --------------------------
iteration: 517 | ncalls: 13 | logz: -10594.907 +/-  0.199 | dlogz: 2791.521
 --------------------------
iteration: 518 | ncalls: 4 | logz: -10588.478 +/-  0.199 | dlogz: 2785.087
 --------------------------
iteration: 519 | ncalls: 6 | logz: -10583.933 +/-  0.198 | dlogz: 2780.536
 --------------------------
iteration: 520 | ncalls: 19 | logz: -10581.351 +/-  0.195 | dlogz: 2777.950
 --------------------------
iteration: 521 | ncalls: 26 | logz: -10576.136 +/-  0.198 | dlogz: 2772.730
 --------------------------
iteration: 522 | ncalls: 4 | logz: -10565.430 +/-  0.199 | dlogz: 2762.019
 --------------------------
iteration: 523 | ncalls: 26 | logz: -10561.016 +/-  0.198 | dlogz: 2757.600
 --------------------------
iteration: 524 | ncalls: 9 | logz: -10548.350 +/-  0.199 | dlogz: 2744.929
 --------------------------
iteration: 525 | ncalls: 41 | logz: -10530.503 +/-  0.199 | dlogz: 2727.077
 --------------------------
iteration: 526 | ncalls: 4 | logz: -10526.678 +/-  0.198 | dlogz: 2723.247
 --------------------------
iteration: 527 | ncalls: 17 | logz: -10514.628 +/-  0.199 | dlogz: 2711.192
 --------------------------
iteration: 528 | ncalls: 1 | logz: -10480.092 +/-  0.199 | dlogz: 2676.651
 --------------------------
iteration: 529 | ncalls: 18 | logz: -10477.182 +/-  0.197 | dlogz: 2673.735
 --------------------------
iteration: 530 | ncalls: 14 | logz: -10451.854 +/-  0.199 | dlogz: 2648.402
 --------------------------
iteration: 531 | ncalls: 21 | logz: -10450.489 +/-  0.192 | dlogz: 2647.032
 --------------------------
iteration: 532 | ncalls: 3 | logz: -10449.569 +/-  0.188 | dlogz: 2646.108
 --------------------------
iteration: 533 | ncalls: 4 | logz: -10438.038 +/-  0.200 | dlogz: 2634.571
 --------------------------
iteration: 534 | ncalls: 4 | logz: -10436.770 +/-  0.192 | dlogz: 2633.299
 --------------------------
iteration: 535 | ncalls: 21 | logz: -10433.716 +/-  0.197 | dlogz: 2630.239
 --------------------------
iteration: 536 | ncalls: 1 | logz: -10430.820 +/-  0.197 | dlogz: 2627.338
 --------------------------
iteration: 537 | ncalls: 14 | logz: -10419.952 +/-  0.200 | dlogz: 2616.465
 --------------------------
iteration: 538 | ncalls: 13 | logz: -10418.409 +/-  0.193 | dlogz: 2614.917
 --------------------------
Terminated after surpassing max likelihood calls
Nested Sampling Complete, saving results
weights not found among result keys
       JobID    JobName   NTasks  AllocCPUS    AllocGRES  Partition    Elapsed     MaxRSS  MaxVMSize  MaxDiskRead MaxDiskWrite      State 
------------ ---------- -------- ---------- ------------ ---------- ---------- ---------- ---------- ------------ ------------ ---------- 
89734873     batch_dyn+                   1        gpu:1     aagk80   00:39:35                                                    RUNNING 
89734873.ex+     extern        1          1        gpu:1              00:39:35                                                    RUNNING 
