Vendor:  Continuum Analytics, Inc.
Package: mkl
Message: trial mode expires in 30 days
Vendor:  Continuum Analytics, Inc.
Package: mkl
Message: trial mode expires in 30 days
/n/home01/bcook/.conda/envs/my_home/lib/python2.7/site-packages/matplotlib/font_manager.py:273: UserWarning: Matplotlib is building the font cache using fc-list. This may take a moment.
  warnings.warn('Matplotlib is building the font cache using fc-list. This may take a moment.')
/n/home01/bcook/.conda/envs/my_home/lib/python2.7/site-packages/matplotlib/font_manager.py:273: UserWarning: Matplotlib is building the font cache using fc-list. This may take a moment.
  warnings.warn('Matplotlib is building the font cache using fc-list. This may take a moment.')
Traceback (most recent call last):
  File "pcmd_integrate.py", line 18, in <module>
Traceback (most recent call last):
  File "pcmd_integrate.py", line 18, in <module>
    setup = imp.load_source(setup_mod, setup_file)
  File "setup_files/dynesty_reg.py", line 127, in <module>
    setup = imp.load_source(setup_mod, setup_file)
  File "setup_files/dynesty_dyn.py", line 125, in <module>
    assert(len(params_start) == model_class._num_params)
NameError: name 'params_start' is not defined
    assert(len(params_start) == model_class._num_params)
NameError: name 'params_start' is not defined
