GPU acceleration enabled
Loading Setup File: setup_files/dynesty_2.py
using given n: 0
Starting SourceModule Code
Getting function
Past the SourceModule code
CUDAC Available
Running Nested Sampling
-initializing models
-Saving initial results dataframe
-Running dynesty sampler
iteration: 0 | nc: 1 | ncalls: 1 | eff(%): 2.0 | logz: -1.0e+06 +/- 3.0e-01 | dlogz: inf >  0.500
 loglike: -1.0e+06 | params: [-1.11276262 -1.0843767   3.84080514]
 Average call time: 2.38 sec | Current time: 2017-11-02 19:56:03.390401
 --------------------------
iteration: 1 | nc: 1 | ncalls: 2 | eff(%): 3.8 | logz: -1.0e+06 +/- 3.0e-01 | dlogz: 9.0e+05 >  0.500
 loglike: -1.0e+06 | params: [-0.94707149 -0.39625564  3.91627871]
 Average call time: 2.43 sec | Current time: 2017-11-02 19:56:05.875345
 --------------------------
iteration: 2 | nc: 1 | ncalls: 3 | eff(%): 5.7 | logz: -1.0e+06 +/- 3.0e-01 | dlogz: 8.8e+05 >  0.500
 loglike: -1.0e+06 | params: [ 0.09373437 -0.88447834  3.93167306]
 Average call time: 2.44 sec | Current time: 2017-11-02 19:56:08.315746
 --------------------------
iteration: 3 | nc: 1 | ncalls: 4 | eff(%): 7.4 | logz: -9.9e+05 +/- 3.0e-01 | dlogz: 8.8e+05 >  0.500
 loglike: -9.9e+05 | params: [-1.33045231 -1.33399507  3.45685735]
 Average call time: 2.44 sec | Current time: 2017-11-02 19:56:10.772640
 --------------------------
iteration: 4 | nc: 2 | ncalls: 6 | eff(%): 8.9 | logz: -9.8e+05 +/- 3.1e-01 | dlogz: 8.6e+05 >  0.500
 loglike: -9.8e+05 | params: [-1.28337701 -0.44763855  3.56495599]
 Average call time: 2.46 sec | Current time: 2017-11-02 19:56:15.783595
 --------------------------
iteration: 5 | nc: 1 | ncalls: 7 | eff(%): 10.5 | logz: -9.8e+05 +/- 3.1e-01 | dlogz: 8.6e+05 >  0.500
 loglike: -9.8e+05 | params: [ 0.48416293 -0.08239648  3.58392827]
 Average call time: 2.46 sec | Current time: 2017-11-02 19:56:18.223672
 --------------------------
iteration: 6 | nc: 2 | ncalls: 9 | eff(%): 11.9 | logz: -9.7e+05 +/- 3.1e-01 | dlogz: 8.6e+05 >  0.500
 loglike: -9.7e+05 | params: [ 0.23825478 -1.12765315  3.60429528]
 Average call time: 2.46 sec | Current time: 2017-11-02 19:56:23.109258
 --------------------------
iteration: 7 | nc: 1 | ncalls: 10 | eff(%): 13.3 | logz: -9.7e+05 +/- 3.1e-01 | dlogz: 8.5e+05 >  0.500
 loglike: -9.7e+05 | params: [-1.21246635 -0.59147806  3.40916262]
 Average call time: 2.46 sec | Current time: 2017-11-02 19:56:25.569090
 --------------------------
iteration: 8 | nc: 2 | ncalls: 12 | eff(%): 14.5 | logz: -9.6e+05 +/- 3.1e-01 | dlogz: 8.4e+05 >  0.500
 loglike: -9.6e+05 | params: [-0.08800487 -1.70033257  3.49212682]
 Average call time: 2.45 sec | Current time: 2017-11-02 19:56:30.412328
 --------------------------
iteration: 9 | nc: 1 | ncalls: 13 | eff(%): 15.9 | logz: -9.6e+05 +/- 3.1e-01 | dlogz: 8.3e+05 >  0.500
 loglike: -9.6e+05 | params: [ 0.28111438 -0.05347042  3.18682266]
 Average call time: 2.45 sec | Current time: 2017-11-02 19:56:32.834584
 --------------------------
iteration: 10 | nc: 1 | ncalls: 14 | eff(%): 17.2 | logz: -9.6e+05 +/- 3.1e-01 | dlogz: 8.3e+05 >  0.500
 loglike: -9.6e+05 | params: [ 0.30129724 -0.04551714  3.11378936]
 Average call time: 2.44 sec | Current time: 2017-11-02 19:56:35.212913
 --------------------------
iteration: 11 | nc: 1 | ncalls: 15 | eff(%): 18.5 | logz: -9.5e+05 +/- 3.1e-01 | dlogz: 8.3e+05 >  0.500
 loglike: -9.5e+05 | params: [-0.26511658 -0.17575423  3.58104827]
 Average call time: 2.44 sec | Current time: 2017-11-02 19:56:37.572048
 --------------------------
iteration: 12 | nc: 1 | ncalls: 16 | eff(%): 19.7 | logz: -9.5e+05 +/- 3.1e-01 | dlogz: 8.3e+05 >  0.500
 loglike: -9.5e+05 | params: [-0.04668308 -0.19982433  3.5583276 ]
 Average call time: 2.43 sec | Current time: 2017-11-02 19:56:39.932677
 --------------------------
iteration: 13 | nc: 3 | ncalls: 19 | eff(%): 20.3 | logz: -9.5e+05 +/- 3.1e-01 | dlogz: 8.2e+05 >  0.500
 loglike: -9.5e+05 | params: [-0.36326484 -1.59648862  3.39659275]
 Average call time: 2.44 sec | Current time: 2017-11-02 19:56:47.367750
 --------------------------
iteration: 14 | nc: 1 | ncalls: 20 | eff(%): 21.4 | logz: -9.4e+05 +/- 3.1e-01 | dlogz: 8.2e+05 >  0.500
 loglike: -9.4e+05 | params: [ 0.02320783 -0.17119377  3.31724556]
 Average call time: 2.44 sec | Current time: 2017-11-02 19:56:49.731330
 --------------------------
iteration: 15 | nc: 1 | ncalls: 21 | eff(%): 22.5 | logz: -9.4e+05 +/- 3.1e-01 | dlogz: 8.2e+05 >  0.500
 loglike: -9.4e+05 | params: [-1.13482254 -0.1964079   3.41305633]
 Average call time: 2.44 sec | Current time: 2017-11-02 19:56:52.157392
 --------------------------
iteration: 16 | nc: 1 | ncalls: 22 | eff(%): 23.6 | logz: -9.3e+05 +/- 3.1e-01 | dlogz: 8.1e+05 >  0.500
 loglike: -9.3e+05 | params: [-0.27570201 -0.16360385  3.25147334]
 Average call time: 2.43 sec | Current time: 2017-11-02 19:56:54.546156
 --------------------------
iteration: 17 | nc: 1 | ncalls: 23 | eff(%): 24.7 | logz: -9.2e+05 +/- 3.1e-01 | dlogz: 8.0e+05 >  0.500
 loglike: -9.2e+05 | params: [-1.06241579 -0.15026474  2.88428151]
 Average call time: 2.43 sec | Current time: 2017-11-02 19:56:56.926136
 --------------------------
iteration: 18 | nc: 1 | ncalls: 24 | eff(%): 25.7 | logz: -9.1e+05 +/- 3.1e-01 | dlogz: 9.0e+05 >  0.500
 loglike: -9.1e+05 | params: [-1.2718686  -0.0983803   2.65141483]
 Average call time: 2.43 sec | Current time: 2017-11-02 19:56:59.300382
 --------------------------
iteration: 19 | nc: 1 | ncalls: 25 | eff(%): 26.7 | logz: -9.1e+05 +/- 3.1e-01 | dlogz: 8.9e+05 >  0.500
 loglike: -9.1e+05 | params: [-1.23195759 -0.01069234  2.35899574]
 Average call time: 2.43 sec | Current time: 2017-11-02 19:57:01.669767
 --------------------------
iteration: 20 | nc: 1 | ncalls: 26 | eff(%): 27.6 | logz: -9.0e+05 +/- 3.2e-01 | dlogz: 8.8e+05 >  0.500
 loglike: -9.0e+05 | params: [-1.2056862  -1.940706    3.18778699]
 Average call time: 2.42 sec | Current time: 2017-11-02 19:57:04.041019
 --------------------------
iteration: 21 | nc: 1 | ncalls: 27 | eff(%): 28.6 | logz: -9.0e+05 +/- 3.2e-01 | dlogz: 8.8e+05 >  0.500
 loglike: -9.0e+05 | params: [ 0.34380668 -0.25344786  2.70349364]
 Average call time: 2.42 sec | Current time: 2017-11-02 19:57:06.399402
 --------------------------
iteration: 22 | nc: 2 | ncalls: 29 | eff(%): 29.1 | logz: -8.9e+05 +/- 3.2e-01 | dlogz: 8.7e+05 >  0.500
 loglike: -8.9e+05 | params: [ 0.04565324 -0.23471762  2.72977197]
 Average call time: 2.42 sec | Current time: 2017-11-02 19:57:11.296678
 --------------------------
iteration: 23 | nc: 2 | ncalls: 31 | eff(%): 29.6 | logz: -8.9e+05 +/- 3.2e-01 | dlogz: 8.7e+05 >  0.500
 loglike: -8.9e+05 | params: [ 0.16201398 -0.73254846  2.87661976]
 Average call time: 2.42 sec | Current time: 2017-11-02 19:57:16.019612
 --------------------------
iteration: 24 | nc: 1 | ncalls: 32 | eff(%): 30.5 | logz: -8.9e+05 +/- 3.2e-01 | dlogz: 8.7e+05 >  0.500
 loglike: -8.9e+05 | params: [-1.06873187 -0.53010962  2.73123817]
 Average call time: 2.42 sec | Current time: 2017-11-02 19:57:18.404406
 --------------------------
iteration: 25 | nc: 1 | ncalls: 33 | eff(%): 31.3 | logz: -8.9e+05 +/- 3.2e-01 | dlogz: 8.6e+05 >  0.500
 loglike: -8.9e+05 | params: [ 0.3662802  -0.69724371  2.79440516]
 Average call time: 2.42 sec | Current time: 2017-11-02 19:57:20.717883
 --------------------------
iteration: 26 | nc: 2 | ncalls: 35 | eff(%): 31.8 | logz: -8.8e+05 +/- 3.2e-01 | dlogz: 8.6e+05 >  0.500
 loglike: -8.8e+05 | params: [-0.59670318 -0.03599052  2.2478854 ]
 Average call time: 2.42 sec | Current time: 2017-11-02 19:57:25.623714
 --------------------------
iteration: 27 | nc: 2 | ncalls: 37 | eff(%): 32.2 | logz: -8.8e+05 +/- 3.2e-01 | dlogz: 8.6e+05 >  0.500
 loglike: -8.8e+05 | params: [-1.38998721 -1.35361037  3.18096361]
 Average call time: 2.42 sec | Current time: 2017-11-02 19:57:30.522136
 --------------------------
iteration: 28 | nc: 2 | ncalls: 39 | eff(%): 32.6 | logz: -8.7e+05 +/- 3.2e-01 | dlogz: 8.6e+05 >  0.500
 loglike: -8.7e+05 | params: [-0.77352048 -0.53855642  2.95113315]
 Average call time: 2.42 sec | Current time: 2017-11-02 19:57:35.441715
 --------------------------
iteration: 29 | nc: 2 | ncalls: 41 | eff(%): 33.0 | logz: -8.7e+05 +/- 3.2e-01 | dlogz: 8.5e+05 >  0.500
 loglike: -8.7e+05 | params: [-0.13307413 -0.57459595  2.74050151]
 Average call time: 2.42 sec | Current time: 2017-11-02 19:57:40.253341
 --------------------------
iteration: 30 | nc: 2 | ncalls: 43 | eff(%): 33.3 | logz: -8.7e+05 +/- 3.2e-01 | dlogz: 8.5e+05 >  0.500
 loglike: -8.7e+05 | params: [-0.17790516 -0.73937112  2.74185365]
 Average call time: 2.42 sec | Current time: 2017-11-02 19:57:45.104890
 --------------------------
iteration: 31 | nc: 1 | ncalls: 44 | eff(%): 34.0 | logz: -8.7e+05 +/- 3.2e-01 | dlogz: 8.5e+05 >  0.500
 loglike: -8.7e+05 | params: [ 0.13740702 -0.90975567  2.90250811]
 Average call time: 2.42 sec | Current time: 2017-11-02 19:57:47.438284
 --------------------------
iteration: 32 | nc: 1 | ncalls: 45 | eff(%): 34.7 | logz: -8.6e+05 +/- 3.2e-01 | dlogz: 8.5e+05 >  0.500
 loglike: -8.6e+05 | params: [-1.21512925 -0.89506212  2.54608652]
 Average call time: 2.42 sec | Current time: 2017-11-02 19:57:49.836516
 --------------------------
iteration: 33 | nc: 2 | ncalls: 47 | eff(%): 35.1 | logz: -8.6e+05 +/- 3.2e-01 | dlogz: 8.4e+05 >  0.500
 loglike: -8.6e+05 | params: [ 0.25813832 -1.49476849  2.69601759]
 Average call time: 2.42 sec | Current time: 2017-11-02 19:57:54.615261
 --------------------------
iteration: 34 | nc: 2 | ncalls: 49 | eff(%): 35.4 | logz: -8.5e+05 +/- 3.2e-01 | dlogz: 8.3e+05 >  0.500
 loglike: -8.5e+05 | params: [ 0.07071717 -0.44004838  2.54518521]
 Average call time: 2.42 sec | Current time: 2017-11-02 19:57:59.544118
 --------------------------
iteration: 35 | nc: 1 | ncalls: 50 | eff(%): 36.0 | logz: -8.4e+05 +/- 3.2e-01 | dlogz: 8.3e+05 >  0.500
 loglike: -8.4e+05 | params: [ 0.44899028 -0.66442619  2.51130657]
 Average call time: 2.42 sec | Current time: 2017-11-02 19:58:01.884951
 --------------------------
iteration: 36 | nc: 2 | ncalls: 52 | eff(%): 36.3 | logz: -8.4e+05 +/- 3.3e-01 | dlogz: 8.2e+05 >  0.500
 loglike: -8.4e+05 | params: [-0.30352563 -1.78707896  2.59431797]
 Average call time: 2.41 sec | Current time: 2017-11-02 19:58:06.588484
 --------------------------
iteration: 37 | nc: 3 | ncalls: 55 | eff(%): 36.2 | logz: -8.4e+05 +/- 3.3e-01 | dlogz: 8.2e+05 >  0.500
 loglike: -8.4e+05 | params: [-0.62103645 -1.43586043  2.66999194]
 Average call time: 2.41 sec | Current time: 2017-11-02 19:58:13.798830
 --------------------------
iteration: 38 | nc: 3 | ncalls: 58 | eff(%): 36.1 | logz: -8.3e+05 +/- 3.3e-01 | dlogz: 8.1e+05 >  0.500
 loglike: -8.3e+05 | params: [-1.15706948 -0.52582701  2.25405879]
 Average call time: 2.42 sec | Current time: 2017-11-02 19:58:21.168325
 --------------------------
iteration: 39 | nc: 2 | ncalls: 60 | eff(%): 36.4 | logz: -8.3e+05 +/- 3.3e-01 | dlogz: 8.1e+05 >  0.500
 loglike: -8.3e+05 | params: [ 0.30718269 -1.44477     2.51333086]
 Average call time: 2.42 sec | Current time: 2017-11-02 19:58:25.981186
 --------------------------
iteration: 40 | nc: 1 | ncalls: 61 | eff(%): 36.9 | logz: -8.3e+05 +/- 3.3e-01 | dlogz: 8.1e+05 >  0.500
 loglike: -8.3e+05 | params: [-0.55673493 -1.78574637  2.45843713]
 Average call time: 2.42 sec | Current time: 2017-11-02 19:58:28.380876
 --------------------------
iteration: 41 | nc: 14 | ncalls: 75 | eff(%): 33.6 | logz: -8.3e+05 +/- 3.3e-01 | dlogz: 8.1e+05 >  0.500
 loglike: -8.3e+05 | params: [-0.81116606 -0.71823913  2.25241064]
 Average call time: 2.42 sec | Current time: 2017-11-02 19:59:02.686861
 --------------------------
iteration: 42 | nc: 2 | ncalls: 77 | eff(%): 33.9 | logz: -8.3e+05 +/- 3.3e-01 | dlogz: 8.1e+05 >  0.500
 loglike: -8.3e+05 | params: [-1.35860764 -1.68475383  2.32311603]
 Average call time: 2.42 sec | Current time: 2017-11-02 19:59:07.542780
 --------------------------
iteration: 43 | nc: 2 | ncalls: 79 | eff(%): 34.1 | logz: -8.2e+05 +/- 3.3e-01 | dlogz: 8.0e+05 >  0.500
 loglike: -8.2e+05 | params: [-1.49562114 -1.91606951  2.28357477]
 Average call time: 2.42 sec | Current time: 2017-11-02 19:59:12.346653
 --------------------------
iteration: 44 | nc: 2 | ncalls: 81 | eff(%): 34.4 | logz: -8.2e+05 +/- 3.3e-01 | dlogz: 8.0e+05 >  0.500
 loglike: -8.2e+05 | params: [-0.76070025 -0.79133199  2.20620888]
 Average call time: 2.42 sec | Current time: 2017-11-02 19:59:17.121326
 --------------------------
iteration: 45 | nc: 5 | ncalls: 86 | eff(%): 33.8 | logz: -8.2e+05 +/- 3.3e-01 | dlogz: 8.0e+05 >  0.500
 loglike: -8.2e+05 | params: [-0.67984411 -1.9161972   2.34837366]
 Average call time: 2.42 sec | Current time: 2017-11-02 19:59:29.117884
 --------------------------
iteration: 46 | nc: 8 | ncalls: 94 | eff(%): 32.6 | logz: -8.2e+05 +/- 3.3e-01 | dlogz: 8.0e+05 >  0.500
 loglike: -8.2e+05 | params: [-0.35153117 -0.94551585  2.3953061 ]
 Average call time: 2.42 sec | Current time: 2017-11-02 19:59:48.538337
 --------------------------
iteration: 47 | nc: 3 | ncalls: 97 | eff(%): 32.7 | logz: -8.2e+05 +/- 3.3e-01 | dlogz: 8.0e+05 >  0.500
 loglike: -8.2e+05 | params: [-0.23973377 -1.28434608  2.42563988]
 Average call time: 2.42 sec | Current time: 2017-11-02 19:59:55.909049
 --------------------------
iteration: 48 | nc: 2 | ncalls: 99 | eff(%): 32.9 | logz: -8.2e+05 +/- 3.3e-01 | dlogz: 7.9e+05 >  0.500
 loglike: -8.2e+05 | params: [-0.95883154 -0.95539343  2.19665706]
 Average call time: 2.42 sec | Current time: 2017-11-02 20:00:00.684475
 --------------------------
iteration: 49 | nc: 1 | ncalls: 100 | eff(%): 33.3 | logz: -8.2e+05 +/- 3.3e-01 | dlogz: 7.9e+05 >  0.500
 loglike: -8.2e+05 | params: [-0.84066311 -0.99406633  2.22378864]
 Average call time: 2.42 sec | Current time: 2017-11-02 20:00:03.097231
 --------------------------
iteration: 50 | nc: 6 | ncalls: 106 | eff(%): 32.7 | logz: -8.2e+05 +/- 3.3e-01 | dlogz: 7.9e+05 >  0.500
 loglike: -8.2e+05 | params: [-0.82965068 -0.68489645  2.14668509]
 Average call time: 2.42 sec | Current time: 2017-11-02 20:00:17.443266
 --------------------------
iteration: 51 | nc: 1 | ncalls: 107 | eff(%): 33.1 | logz: -8.1e+05 +/- 3.3e-01 | dlogz: 7.9e+05 >  0.500
 loglike: -8.1e+05 | params: [-0.42624361 -0.36159587  2.11423128]
 Average call time: 2.42 sec | Current time: 2017-11-02 20:00:19.783578
 --------------------------
iteration: 52 | nc: 6 | ncalls: 113 | eff(%): 32.5 | logz: -8.1e+05 +/- 3.3e-01 | dlogz: 7.9e+05 >  0.500
 loglike: -8.1e+05 | params: [-1.05336155 -1.16087242  2.14582044]
 Average call time: 2.42 sec | Current time: 2017-11-02 20:00:34.184318
 --------------------------
iteration: 53 | nc: 5 | ncalls: 118 | eff(%): 32.1 | logz: -8.1e+05 +/- 3.4e-01 | dlogz: 7.8e+05 >  0.500
 loglike: -8.1e+05 | params: [ 0.20779713 -1.42587515  2.34613445]
 Average call time: 2.42 sec | Current time: 2017-11-02 20:00:46.238833
 --------------------------
iteration: 54 | nc: 5 | ncalls: 123 | eff(%): 31.8 | logz: -8.1e+05 +/- 3.4e-01 | dlogz: 7.8e+05 >  0.500
 loglike: -8.1e+05 | params: [ 0.31863192 -1.88038155  2.36857417]
 Average call time: 2.41 sec | Current time: 2017-11-02 20:00:57.931708
 --------------------------
iteration: 55 | nc: 4 | ncalls: 127 | eff(%): 31.6 | logz: -8.1e+05 +/- 3.4e-01 | dlogz: 7.8e+05 >  0.500
 loglike: -8.1e+05 | params: [-0.26920764 -1.84923752  2.73764801]
 Average call time: 2.42 sec | Current time: 2017-11-02 20:01:07.742522
 --------------------------
iteration: 56 | nc: 4 | ncalls: 131 | eff(%): 31.5 | logz: -8.1e+05 +/- 3.4e-01 | dlogz: 7.8e+05 >  0.500
 loglike: -8.1e+05 | params: [-0.30169044 -1.41774951  2.30279053]
 Average call time: 2.42 sec | Current time: 2017-11-02 20:01:17.429284
 --------------------------
iteration: 57 | nc: 6 | ncalls: 137 | eff(%): 31.0 | logz: -8.0e+05 +/- 3.4e-01 | dlogz: 7.8e+05 >  0.500
 loglike: -8.0e+05 | params: [-1.10864964 -1.2353651   2.10774737]
 Average call time: 2.42 sec | Current time: 2017-11-02 20:01:31.928084
 --------------------------
iteration: 58 | nc: 2 | ncalls: 139 | eff(%): 31.2 | logz: -8.0e+05 +/- 3.4e-01 | dlogz: 7.8e+05 >  0.500
 loglike: -8.0e+05 | params: [-1.38321602 -0.75735028  2.04536095]
 Average call time: 2.42 sec | Current time: 2017-11-02 20:01:36.729535
 --------------------------
iteration: 59 | nc: 1 | ncalls: 140 | eff(%): 31.6 | logz: -8.0e+05 +/- 3.4e-01 | dlogz: 7.8e+05 >  0.500
 loglike: -8.0e+05 | params: [-0.01727893 -0.9685784   2.27050369]
 Average call time: 2.41 sec | Current time: 2017-11-02 20:01:39.053895
 --------------------------
iteration: 60 | nc: 3 | ncalls: 143 | eff(%): 31.6 | logz: -8.0e+05 +/- 3.4e-01 | dlogz: 7.8e+05 >  0.500
 loglike: -8.0e+05 | params: [-1.20965346 -1.88260315  2.11798916]
 Average call time: 2.41 sec | Current time: 2017-11-02 20:01:46.168009
 --------------------------
iteration: 61 | nc: 2 | ncalls: 145 | eff(%): 31.8 | logz: -8.0e+05 +/- 3.4e-01 | dlogz: 7.8e+05 >  0.500
 loglike: -8.0e+05 | params: [-0.71001426 -1.2507892   2.12614554]
 Average call time: 2.41 sec | Current time: 2017-11-02 20:01:51.045420
 --------------------------
iteration: 62 | nc: 4 | ncalls: 149 | eff(%): 31.7 | logz: -8.0e+05 +/- 3.4e-01 | dlogz: 7.8e+05 >  0.500
 loglike: -8.0e+05 | params: [-1.27458635 -1.19001997  2.08414594]
 Average call time: 2.41 sec | Current time: 2017-11-02 20:02:00.644170
 --------------------------
iteration: 63 | nc: 4 | ncalls: 153 | eff(%): 31.5 | logz: -8.0e+05 +/- 3.4e-01 | dlogz: 7.7e+05 >  0.500
 loglike: -8.0e+05 | params: [ 0.14431958 -0.74406987  2.23584612]
 Average call time: 2.41 sec | Current time: 2017-11-02 20:02:10.083468
 --------------------------
iteration: 64 | nc: 2 | ncalls: 155 | eff(%): 31.7 | logz: -8.0e+05 +/- 3.4e-01 | dlogz: 7.7e+05 >  0.500
 loglike: -8.0e+05 | params: [-1.33294599 -0.47830171  3.01854489]
 Average call time: 2.41 sec | Current time: 2017-11-02 20:02:15.019005
 --------------------------
iteration: 65 | nc: 6 | ncalls: 161 | eff(%): 31.3 | logz: -8.0e+05 +/- 3.4e-01 | dlogz: 7.7e+05 >  0.500
 loglike: -8.0e+05 | params: [ 0.373114   -1.03389425  2.25066321]
 Average call time: 2.41 sec | Current time: 2017-11-02 20:02:29.554580
 --------------------------
iteration: 66 | nc: 1 | ncalls: 162 | eff(%): 31.6 | logz: -8.0e+05 +/- 3.4e-01 | dlogz: 7.7e+05 >  0.500
 loglike: -8.0e+05 | params: [-0.71453667 -1.71885871  2.10427268]
 Average call time: 2.41 sec | Current time: 2017-11-02 20:02:31.998239
 --------------------------
iteration: 67 | nc: 2 | ncalls: 164 | eff(%): 31.8 | logz: -7.9e+05 +/- 3.4e-01 | dlogz: 7.7e+05 >  0.500
 loglike: -7.9e+05 | params: [-0.05042009 -0.56664423  2.08215713]
 Average call time: 2.41 sec | Current time: 2017-11-02 20:02:36.718154
 --------------------------
iteration: 68 | nc: 3 | ncalls: 167 | eff(%): 31.8 | logz: -7.9e+05 +/- 3.4e-01 | dlogz: 7.7e+05 >  0.500
 loglike: -7.9e+05 | params: [ 0.30425763 -1.52690824  2.25716852]
 Average call time: 2.41 sec | Current time: 2017-11-02 20:02:43.807072
 --------------------------
iteration: 69 | nc: 6 | ncalls: 173 | eff(%): 31.4 | logz: -7.9e+05 +/- 3.4e-01 | dlogz: 7.7e+05 >  0.500
 loglike: -7.9e+05 | params: [-0.86490635 -0.86341719  2.01869715]
 Average call time: 2.41 sec | Current time: 2017-11-02 20:02:58.201780
 --------------------------
iteration: 70 | nc: 9 | ncalls: 182 | eff(%): 30.6 | logz: -7.9e+05 +/- 3.5e-01 | dlogz: 7.7e+05 >  0.500
 loglike: -7.9e+05 | params: [ 0.40297773 -0.63404241  2.1523251 ]
 Average call time: 2.41 sec | Current time: 2017-11-02 20:03:19.882367
 --------------------------
iteration: 71 | nc: 9 | ncalls: 191 | eff(%): 29.9 | logz: -7.9e+05 +/- 3.5e-01 | dlogz: 7.7e+05 >  0.500
 loglike: -7.9e+05 | params: [-0.41432379 -1.58410177  2.18218036]
 Average call time: 2.41 sec | Current time: 2017-11-02 20:03:41.579183
 --------------------------
iteration: 72 | nc: 2 | ncalls: 193 | eff(%): 30.0 | logz: -7.9e+05 +/- 3.5e-01 | dlogz: 7.7e+05 >  0.500
 loglike: -7.9e+05 | params: [ 0.36157326 -1.3220062   2.24016625]
 Average call time: 2.41 sec | Current time: 2017-11-02 20:03:46.641331
 --------------------------
iteration: 73 | nc: 2 | ncalls: 195 | eff(%): 30.2 | logz: -7.9e+05 +/- 3.5e-01 | dlogz: 7.7e+05 >  0.500
 loglike: -7.9e+05 | params: [ 0.1032052  -0.43452882  3.40271076]
 Average call time: 2.41 sec | Current time: 2017-11-02 20:03:51.800595
 --------------------------
iteration: 74 | nc: 4 | ncalls: 199 | eff(%): 30.1 | logz: -7.8e+05 +/- 3.5e-01 | dlogz: 7.6e+05 >  0.500
 loglike: -7.8e+05 | params: [-0.21817438 -1.33998522  3.21335043]
 Average call time: 2.42 sec | Current time: 2017-11-02 20:04:02.086125
 --------------------------
iteration: 75 | nc: 1 | ncalls: 200 | eff(%): 30.4 | logz: -7.8e+05 +/- 3.5e-01 | dlogz: 7.6e+05 >  0.500
 loglike: -7.8e+05 | params: [ 0.46330843 -0.61038517  3.52394779]
 Average call time: 2.42 sec | Current time: 2017-11-02 20:04:04.615352
 --------------------------
iteration: 76 | nc: 4 | ncalls: 204 | eff(%): 30.3 | logz: -7.8e+05 +/- 3.5e-01 | dlogz: 7.6e+05 >  0.500
 loglike: -7.8e+05 | params: [-0.16594788 -0.85043147  2.10395057]
 Average call time: 2.42 sec | Current time: 2017-11-02 20:04:15.040203
 --------------------------
iteration: 77 | nc: 9 | ncalls: 213 | eff(%): 29.7 | logz: -7.8e+05 +/- 3.5e-01 | dlogz: 7.6e+05 >  0.500
 loglike: -7.8e+05 | params: [-0.57782195 -0.44291911  3.44088544]
 Average call time: 2.43 sec | Current time: 2017-11-02 20:04:38.421946
 --------------------------
iteration: 78 | nc: 7 | ncalls: 220 | eff(%): 29.3 | logz: -7.8e+05 +/- 3.5e-01 | dlogz: 7.5e+05 >  0.500
 loglike: -7.8e+05 | params: [-0.37760763 -0.99383367  2.0275369 ]
 Average call time: 2.43 sec | Current time: 2017-11-02 20:04:56.553468
 --------------------------
iteration: 79 | nc: 2 | ncalls: 222 | eff(%): 29.4 | logz: -7.7e+05 +/- 3.5e-01 | dlogz: 7.5e+05 >  0.500
 loglike: -7.7e+05 | params: [-1.17533129 -1.48489902  2.68521292]
 Average call time: 2.44 sec | Current time: 2017-11-02 20:05:01.820804
 --------------------------
iteration: 80 | nc: 14 | ncalls: 236 | eff(%): 28.3 | logz: -7.7e+05 +/- 3.5e-01 | dlogz: 7.5e+05 >  0.500
 loglike: -7.7e+05 | params: [-0.07580603 -1.11218204  2.06206972]
 Average call time: 2.44 sec | Current time: 2017-11-02 20:05:37.186046
 --------------------------
iteration: 81 | nc: 2 | ncalls: 238 | eff(%): 28.5 | logz: -7.7e+05 +/- 3.5e-01 | dlogz: 7.5e+05 >  0.500
 loglike: -7.7e+05 | params: [-0.28561259 -0.86811071  2.01352812]
 Average call time: 2.44 sec | Current time: 2017-11-02 20:05:42.268235
 --------------------------
iteration: 82 | nc: 5 | ncalls: 243 | eff(%): 28.3 | logz: -7.7e+05 +/- 3.5e-01 | dlogz: 7.5e+05 >  0.500
 loglike: -7.7e+05 | params: [ 0.11849508 -1.64382055  2.07470146]
 Average call time: 2.44 sec | Current time: 2017-11-02 20:05:55.091667
 --------------------------
iteration: 83 | nc: 22 | ncalls: 265 | eff(%): 26.7 | logz: -7.6e+05 +/- 3.5e-01 | dlogz: 7.4e+05 >  0.500
 loglike: -7.6e+05 | params: [-0.83324812 -0.963709    2.78937717]
 Average call time: 2.45 sec | Current time: 2017-11-02 20:06:51.422516
 --------------------------
iteration: 84 | nc: 18 | ncalls: 283 | eff(%): 25.5 | logz: -7.6e+05 +/- 3.5e-01 | dlogz: 7.4e+05 >  0.500
 loglike: -7.6e+05 | params: [ 0.40285753 -1.03928164  3.00511913]
 Average call time: 2.46 sec | Current time: 2017-11-02 20:07:37.482561
 --------------------------
iteration: 85 | nc: 2 | ncalls: 285 | eff(%): 25.7 | logz: -7.6e+05 +/- 3.5e-01 | dlogz: 7.4e+05 >  0.500
 loglike: -7.6e+05 | params: [ 0.46664715 -1.25315259  2.02481396]
 Average call time: 2.46 sec | Current time: 2017-11-02 20:07:42.573130
 --------------------------
iteration: 86 | nc: 17 | ncalls: 302 | eff(%): 24.7 | logz: -7.5e+05 +/- 3.5e-01 | dlogz: 7.3e+05 >  0.500
 loglike: -7.5e+05 | params: [-0.3579825  -1.39531001  2.77802922]
 Average call time: 2.47 sec | Current time: 2017-11-02 20:08:26.349106
 --------------------------
iteration: 87 | nc: 2 | ncalls: 304 | eff(%): 24.9 | logz: -7.5e+05 +/- 3.5e-01 | dlogz: 7.3e+05 >  0.500
 loglike: -7.5e+05 | params: [ 0.48896316 -1.64252046  2.02440017]
 Average call time: 2.47 sec | Current time: 2017-11-02 20:08:31.412773
 --------------------------
iteration: 88 | nc: 6 | ncalls: 310 | eff(%): 24.7 | logz: -7.4e+05 +/- 3.6e-01 | dlogz: 7.3e+05 >  0.500
 loglike: -7.4e+05 | params: [-0.30408926 -0.61230668  3.07435335]
 Average call time: 2.47 sec | Current time: 2017-11-02 20:08:46.550001
 --------------------------
iteration: 89 | nc: 1 | ncalls: 311 | eff(%): 24.9 | logz: -7.4e+05 +/- 3.6e-01 | dlogz: 7.2e+05 >  0.500
 loglike: -7.4e+05 | params: [-0.38862711 -1.85416799  2.75703368]
 Average call time: 2.47 sec | Current time: 2017-11-02 20:08:49.113691
 --------------------------
iteration: 90 | nc: 5 | ncalls: 316 | eff(%): 24.9 | logz: -7.3e+05 +/- 3.6e-01 | dlogz: 7.2e+05 >  0.500
 loglike: -7.3e+05 | params: [-0.27526514 -0.88869323  3.25898309]
 Average call time: 2.47 sec | Current time: 2017-11-02 20:09:01.758317
 --------------------------
iteration: 91 | nc: 1 | ncalls: 317 | eff(%): 25.1 | logz: -7.1e+05 +/- 3.6e-01 | dlogz: 7.0e+05 >  0.500
 loglike: -7.1e+05 | params: [-0.84824135 -0.67419338  3.25825476]
 Average call time: 2.47 sec | Current time: 2017-11-02 20:09:04.268308
 --------------------------
iteration: 92 | nc: 3 | ncalls: 320 | eff(%): 25.1 | logz: -7.1e+05 +/- 3.6e-01 | dlogz: 6.9e+05 >  0.500
 loglike: -7.1e+05 | params: [-0.74719168 -1.40614543  2.74388862]
 Average call time: 2.47 sec | Current time: 2017-11-02 20:09:11.892920
 --------------------------
iteration: 93 | nc: 14 | ncalls: 334 | eff(%): 24.5 | logz: -6.9e+05 +/- 3.6e-01 | dlogz: 6.8e+05 >  0.500
 loglike: -6.9e+05 | params: [-1.15906941 -0.68620034  3.22292804]
 Average call time: 2.47 sec | Current time: 2017-11-02 20:09:47.573667
 --------------------------
iteration: 94 | nc: 6 | ncalls: 340 | eff(%): 24.4 | logz: -6.9e+05 +/- 3.6e-01 | dlogz: 6.7e+05 >  0.500
 loglike: -6.9e+05 | params: [-0.37344978 -1.92367164  3.13103345]
 Average call time: 2.48 sec | Current time: 2017-11-02 20:10:02.821129
 --------------------------
iteration: 95 | nc: 1 | ncalls: 341 | eff(%): 24.6 | logz: -6.8e+05 +/- 3.6e-01 | dlogz: 6.6e+05 >  0.500
 loglike: -6.8e+05 | params: [-0.43337967 -1.91335187  3.12286616]
 Average call time: 2.48 sec | Current time: 2017-11-02 20:10:05.374868
 --------------------------
iteration: 96 | nc: 2 | ncalls: 343 | eff(%): 24.7 | logz: -6.8e+05 +/- 3.6e-01 | dlogz: 6.6e+05 >  0.500
 loglike: -6.8e+05 | params: [-0.16115651 -0.46576674  3.41623072]
 Average call time: 2.48 sec | Current time: 2017-11-02 20:10:10.478315
 --------------------------
iteration: 97 | nc: 1 | ncalls: 344 | eff(%): 24.9 | logz: -6.7e+05 +/- 3.6e-01 | dlogz: 6.6e+05 >  0.500
 loglike: -6.7e+05 | params: [-0.40366408 -1.87059282  2.78070878]
 Average call time: 2.48 sec | Current time: 2017-11-02 20:10:13.041936
 --------------------------
iteration: 98 | nc: 3 | ncalls: 347 | eff(%): 24.9 | logz: -6.6e+05 +/- 3.6e-01 | dlogz: 6.4e+05 >  0.500
 loglike: -6.6e+05 | params: [-0.36919599 -1.65421766  3.13322096]
 Average call time: 2.48 sec | Current time: 2017-11-02 20:10:20.670567
 --------------------------
iteration: 99 | nc: 1 | ncalls: 348 | eff(%): 25.1 | logz: -6.6e+05 +/- 3.6e-01 | dlogz: 6.4e+05 >  0.500
 loglike: -6.6e+05 | params: [-1.26882815 -1.88765826  3.03031339]
 Average call time: 2.48 sec | Current time: 2017-11-02 20:10:23.243971
 --------------------------
iteration: 100 | nc: 2 | ncalls: 350 | eff(%): 25.2 | logz: -6.6e+05 +/- 3.6e-01 | dlogz: 6.4e+05 >  0.500
 loglike: -6.6e+05 | params: [ 0.07851623 -1.80297697  2.8846645 ]
 Average call time: 2.48 sec | Current time: 2017-11-02 20:10:28.301201
 --------------------------
iteration: 101 | nc: 1 | ncalls: 351 | eff(%): 25.4 | logz: -6.5e+05 +/- 3.6e-01 | dlogz: 6.3e+05 >  0.500
 loglike: -6.5e+05 | params: [ 0.36827171 -1.05841329  3.02471903]
 Average call time: 2.48 sec | Current time: 2017-11-02 20:10:30.814114
 --------------------------
iteration: 102 | nc: 1 | ncalls: 352 | eff(%): 25.6 | logz: -6.5e+05 +/- 3.6e-01 | dlogz: 6.3e+05 >  0.500
 loglike: -6.5e+05 | params: [-0.38120461 -0.8352073   2.93901919]
 Average call time: 2.48 sec | Current time: 2017-11-02 20:10:33.327196
 --------------------------
iteration: 103 | nc: 9 | ncalls: 361 | eff(%): 25.3 | logz: -6.4e+05 +/- 3.6e-01 | dlogz: 6.2e+05 >  0.500
 loglike: -6.4e+05 | params: [-0.85941349 -1.8061028   3.05949532]
 Average call time: 2.48 sec | Current time: 2017-11-02 20:10:56.032339
 --------------------------
iteration: 104 | nc: 7 | ncalls: 368 | eff(%): 25.1 | logz: -6.3e+05 +/- 3.6e-01 | dlogz: 6.1e+05 >  0.500
 loglike: -6.3e+05 | params: [-1.1169611  -0.75578246  2.87545548]
 Average call time: 2.48 sec | Current time: 2017-11-02 20:11:13.771111
 --------------------------
iteration: 105 | nc: 5 | ncalls: 373 | eff(%): 25.1 | logz: -6.3e+05 +/- 3.6e-01 | dlogz: 6.1e+05 >  0.500
 loglike: -6.3e+05 | params: [-1.1154891  -1.27420172  3.07131285]
 Average call time: 2.48 sec | Current time: 2017-11-02 20:11:26.604478
 --------------------------
iteration: 106 | nc: 3 | ncalls: 376 | eff(%): 25.1 | logz: -6.2e+05 +/- 3.6e-01 | dlogz: 6.0e+05 >  0.500
 loglike: -6.2e+05 | params: [-0.96800837 -1.95251588  2.7500659 ]
 Average call time: 2.48 sec | Current time: 2017-11-02 20:11:34.356352
 --------------------------
iteration: 107 | nc: 5 | ncalls: 381 | eff(%): 25.1 | logz: -6.2e+05 +/- 3.7e-01 | dlogz: 6.0e+05 >  0.500
 loglike: -6.2e+05 | params: [-0.8086973  -1.52005762  3.07157511]
 Average call time: 2.48 sec | Current time: 2017-11-02 20:11:46.973238
 --------------------------
iteration: 108 | nc: 1 | ncalls: 382 | eff(%): 25.2 | logz: -6.1e+05 +/- 3.7e-01 | dlogz: 5.9e+05 >  0.500
 loglike: -6.1e+05 | params: [-1.39605754 -0.96802782  2.80999244]
 Average call time: 2.48 sec | Current time: 2017-11-02 20:11:49.565388
 --------------------------
iteration: 109 | nc: 3 | ncalls: 385 | eff(%): 25.3 | logz: -6.0e+05 +/- 3.7e-01 | dlogz: 5.9e+05 >  0.500
 loglike: -6.0e+05 | params: [-1.47167332 -1.29868857  3.04079133]
 Average call time: 2.48 sec | Current time: 2017-11-02 20:11:57.157434
 --------------------------
iteration: 110 | nc: 2 | ncalls: 387 | eff(%): 25.4 | logz: -6.0e+05 +/- 3.7e-01 | dlogz: 5.8e+05 >  0.500
 loglike: -6.0e+05 | params: [-1.26434899 -1.47515251  2.78597794]
 Average call time: 2.48 sec | Current time: 2017-11-02 20:12:02.314841
 --------------------------
iteration: 111 | nc: 1 | ncalls: 388 | eff(%): 25.6 | logz: -5.9e+05 +/- 3.7e-01 | dlogz: 5.7e+05 >  0.500
 loglike: -5.9e+05 | params: [-1.26885587 -1.58314962  2.79223086]
 Average call time: 2.48 sec | Current time: 2017-11-02 20:12:04.883031
 --------------------------
iteration: 112 | nc: 10 | ncalls: 398 | eff(%): 25.2 | logz: -5.7e+05 +/- 3.7e-01 | dlogz: 5.7e+05 >  0.500
 loglike: -5.7e+05 | params: [-1.39883562 -1.72879506  2.83349405]
 Average call time: 2.49 sec | Current time: 2017-11-02 20:12:30.578401
 --------------------------
iteration: 113 | nc: 1 | ncalls: 399 | eff(%): 25.4 | logz: -5.6e+05 +/- 3.7e-01 | dlogz: 5.4e+05 >  0.500
 loglike: -5.6e+05 | params: [-1.41747224 -1.65026448  2.84019483]
 Average call time: 2.49 sec | Current time: 2017-11-02 20:12:33.143952
 --------------------------
iteration: 114 | nc: 3 | ncalls: 402 | eff(%): 25.4 | logz: -5.4e+05 +/- 3.7e-01 | dlogz: 5.3e+05 >  0.500
 loglike: -5.4e+05 | params: [ 0.21295491 -0.54440797  3.38469029]
 Average call time: 2.49 sec | Current time: 2017-11-02 20:12:40.917601
 --------------------------
iteration: 115 | nc: 1 | ncalls: 403 | eff(%): 25.6 | logz: -5.3e+05 +/- 3.7e-01 | dlogz: 5.2e+05 >  0.500
 loglike: -5.3e+05 | params: [-1.39689048 -1.48310742  2.84604381]
 Average call time: 2.49 sec | Current time: 2017-11-02 20:12:43.474570
 --------------------------
iteration: 116 | nc: 3 | ncalls: 406 | eff(%): 25.7 | logz: -5.2e+05 +/- 3.7e-01 | dlogz: 5.0e+05 >  0.500
 loglike: -5.2e+05 | params: [-1.04516554 -1.93679888  2.80214944]
 Average call time: 2.49 sec | Current time: 2017-11-02 20:12:51.105122
 --------------------------
iteration: 117 | nc: 5 | ncalls: 411 | eff(%): 25.6 | logz: -5.1e+05 +/- 3.7e-01 | dlogz: 5.0e+05 >  0.500
 loglike: -5.1e+05 | params: [-1.48758297 -1.39871659  2.87378634]
 Average call time: 2.49 sec | Current time: 2017-11-02 20:13:04.038373
 --------------------------
iteration: 118 | nc: 8 | ncalls: 419 | eff(%): 25.4 | logz: -5.1e+05 +/- 3.7e-01 | dlogz: 4.9e+05 >  0.500
 loglike: -5.1e+05 | params: [-1.41255638 -0.4168496   3.19355876]
 Average call time: 2.49 sec | Current time: 2017-11-02 20:13:24.592595
 --------------------------
iteration: 119 | nc: 7 | ncalls: 426 | eff(%): 25.2 | logz: -5.1e+05 +/- 3.7e-01 | dlogz: 4.9e+05 >  0.500
 loglike: -5.1e+05 | params: [ 0.2842694  -1.4881871   2.97723692]
 Average call time: 2.49 sec | Current time: 2017-11-02 20:13:42.490492
 --------------------------
iteration: 120 | nc: 18 | ncalls: 444 | eff(%): 24.5 | logz: -5.0e+05 +/- 3.7e-01 | dlogz: 4.8e+05 >  0.500
 loglike: -5.0e+05 | params: [-0.17512314 -1.70754815  3.1268861 ]
 Average call time: 2.49 sec | Current time: 2017-11-02 20:14:28.679966
 --------------------------
iteration: 121 | nc: 3 | ncalls: 447 | eff(%): 24.5 | logz: -5.0e+05 +/- 3.7e-01 | dlogz: 4.8e+05 >  0.500
 loglike: -5.0e+05 | params: [-1.41663541 -1.28224311  2.85136455]
 Average call time: 2.50 sec | Current time: 2017-11-02 20:14:36.386120
 --------------------------
iteration: 122 | nc: 5 | ncalls: 452 | eff(%): 24.5 | logz: -4.8e+05 +/- 3.7e-01 | dlogz: 4.8e+05 >  0.500
 loglike: -4.8e+05 | params: [-1.40528944 -0.65023811  3.18924956]
 Average call time: 2.50 sec | Current time: 2017-11-02 20:14:49.268710
 --------------------------
iteration: 123 | nc: 8 | ncalls: 460 | eff(%): 24.3 | logz: -4.8e+05 +/- 3.7e-01 | dlogz: 4.6e+05 >  0.500
 loglike: -4.8e+05 | params: [-0.77422678 -0.69143623  3.20964391]
 Average call time: 2.50 sec | Current time: 2017-11-02 20:15:09.817152
 --------------------------
iteration: 124 | nc: 7 | ncalls: 467 | eff(%): 24.2 | logz: -4.5e+05 +/- 3.7e-01 | dlogz: 4.5e+05 >  0.500
 loglike: -4.5e+05 | params: [ 0.4305393  -0.90479522  3.14061287]
 Average call time: 2.50 sec | Current time: 2017-11-02 20:15:27.889219
 --------------------------
iteration: 125 | nc: 7 | ncalls: 474 | eff(%): 24.0 | logz: -4.5e+05 +/- 3.7e-01 | dlogz: 4.3e+05 >  0.500
 loglike: -4.5e+05 | params: [-1.48886679 -1.27051061  2.98410872]
 Average call time: 2.50 sec | Current time: 2017-11-02 20:15:45.956315
 --------------------------
iteration: 126 | nc: 1 | ncalls: 475 | eff(%): 24.2 | logz: -4.4e+05 +/- 3.8e-01 | dlogz: 4.3e+05 >  0.500
 loglike: -4.4e+05 | params: [-0.30312181 -1.93675631  3.08119856]
 Average call time: 2.50 sec | Current time: 2017-11-02 20:15:48.526883
 --------------------------
iteration: 127 | nc: 16 | ncalls: 491 | eff(%): 23.7 | logz: -4.2e+05 +/- 3.8e-01 | dlogz: 4.1e+05 >  0.500
 loglike: -4.2e+05 | params: [-0.31539623 -0.77989512  3.02485501]
 Average call time: 2.50 sec | Current time: 2017-11-02 20:16:29.447988
 --------------------------
iteration: 128 | nc: 15 | ncalls: 506 | eff(%): 23.2 | logz: -4.1e+05 +/- 3.8e-01 | dlogz: 4.0e+05 >  0.500
 loglike: -4.1e+05 | params: [-0.88377284 -1.97415423  2.82503068]
 Average call time: 2.50 sec | Current time: 2017-11-02 20:17:07.969050
 --------------------------
iteration: 129 | nc: 9 | ncalls: 515 | eff(%): 23.0 | logz: -4.1e+05 +/- 3.8e-01 | dlogz: 3.9e+05 >  0.500
 loglike: -4.1e+05 | params: [ 0.25186527 -1.28436546  3.00199025]
 Average call time: 2.50 sec | Current time: 2017-11-02 20:17:31.047329
 --------------------------
iteration: 130 | nc: 1 | ncalls: 516 | eff(%): 23.1 | logz: -4.0e+05 +/- 3.8e-01 | dlogz: 3.9e+05 >  0.500
 loglike: -4.0e+05 | params: [-1.4576134  -1.13295648  2.89262611]
 Average call time: 2.51 sec | Current time: 2017-11-02 20:17:33.603378
 --------------------------
iteration: 131 | nc: 5 | ncalls: 521 | eff(%): 23.1 | logz: -4.0e+05 +/- 3.8e-01 | dlogz: 3.8e+05 >  0.500
 loglike: -4.0e+05 | params: [ 0.30724668 -0.64166165  3.37237007]
 Average call time: 2.51 sec | Current time: 2017-11-02 20:17:46.411609
 --------------------------
iteration: 132 | nc: 4 | ncalls: 525 | eff(%): 23.1 | logz: -4.0e+05 +/- 3.8e-01 | dlogz: 3.8e+05 >  0.500
 loglike: -4.0e+05 | params: [-1.14294391 -1.83057315  2.87591375]
 Average call time: 2.51 sec | Current time: 2017-11-02 20:17:56.728308
 --------------------------
iteration: 133 | nc: 2 | ncalls: 527 | eff(%): 23.2 | logz: -4.0e+05 +/- 3.8e-01 | dlogz: 3.8e+05 >  0.500
 loglike: -4.0e+05 | params: [ 0.43764045 -0.67976649  3.3849188 ]
 Average call time: 2.51 sec | Current time: 2017-11-02 20:18:01.852227
 --------------------------
iteration: 134 | nc: 5 | ncalls: 532 | eff(%): 23.2 | logz: -3.9e+05 +/- 3.8e-01 | dlogz: 3.8e+05 >  0.500
 loglike: -3.9e+05 | params: [-0.75461821 -0.52234765  3.1979087 ]
 Average call time: 2.51 sec | Current time: 2017-11-02 20:18:14.731206
 --------------------------
iteration: 135 | nc: 2 | ncalls: 534 | eff(%): 23.3 | logz: -3.8e+05 +/- 3.8e-01 | dlogz: 3.7e+05 >  0.500
 loglike: -3.8e+05 | params: [-1.06288427 -1.93551501  2.94856982]
 Average call time: 2.51 sec | Current time: 2017-11-02 20:18:19.869185
 --------------------------
iteration: 136 | nc: 8 | ncalls: 542 | eff(%): 23.1 | logz: -3.7e+05 +/- 3.8e-01 | dlogz: 3.6e+05 >  0.500
 loglike: -3.7e+05 | params: [ 0.25571451 -0.71782087  3.34384466]
 Average call time: 2.51 sec | Current time: 2017-11-02 20:18:40.435628
 --------------------------
iteration: 137 | nc: 4 | ncalls: 546 | eff(%): 23.2 | logz: -3.2e+05 +/- 3.8e-01 | dlogz: 3.6e+05 >  0.500
 loglike: -3.2e+05 | params: [-0.10627406 -0.71946925  3.26524663]
 Average call time: 2.51 sec | Current time: 2017-11-02 20:18:50.619512
 --------------------------
iteration: 138 | nc: 2 | ncalls: 548 | eff(%): 23.2 | logz: -3.2e+05 +/- 3.8e-01 | dlogz: 3.2e+05 >  0.500
 loglike: -3.2e+05 | params: [-1.18446068 -1.25424481  2.98276657]
 Average call time: 2.51 sec | Current time: 2017-11-02 20:18:55.790620
 --------------------------
iteration: 139 | nc: 17 | ncalls: 565 | eff(%): 22.8 | logz: -3.1e+05 +/- 3.8e-01 | dlogz: 3.1e+05 >  0.500
 loglike: -3.1e+05 | params: [-0.99518202 -1.83184111  2.93437754]
 Average call time: 2.51 sec | Current time: 2017-11-02 20:19:39.248068
 --------------------------
iteration: 140 | nc: 2 | ncalls: 567 | eff(%): 22.9 | logz: -3.1e+05 +/- 3.8e-01 | dlogz: 3.0e+05 >  0.500
 loglike: -3.1e+05 | params: [-0.92949808 -0.75016659  2.95618759]
 Average call time: 2.51 sec | Current time: 2017-11-02 20:19:44.311723
 --------------------------
iteration: 141 | nc: 23 | ncalls: 590 | eff(%): 22.2 | logz: -3.1e+05 +/- 3.8e-01 | dlogz: 3.0e+05 >  0.500
 loglike: -3.1e+05 | params: [ 0.13825275 -1.49817544  2.97103791]
 Average call time: 2.51 sec | Current time: 2017-11-02 20:20:43.474462
 --------------------------
iteration: 142 | nc: 2 | ncalls: 592 | eff(%): 22.3 | logz: -3.1e+05 +/- 3.8e-01 | dlogz: 3.0e+05 >  0.500
 loglike: -3.1e+05 | params: [ 0.46614396 -1.22412993  3.07694249]
 Average call time: 2.51 sec | Current time: 2017-11-02 20:20:48.627497
 --------------------------
iteration: 143 | nc: 2 | ncalls: 594 | eff(%): 22.4 | logz: -3.0e+05 +/- 3.8e-01 | dlogz: 3.0e+05 >  0.500
 loglike: -3.0e+05 | params: [-0.06273559 -1.66607507  2.92361455]
 Average call time: 2.51 sec | Current time: 2017-11-02 20:20:53.737910
 --------------------------
iteration: 144 | nc: 37 | ncalls: 631 | eff(%): 21.3 | logz: -3.0e+05 +/- 3.8e-01 | dlogz: 2.9e+05 >  0.500
 loglike: -3.0e+05 | params: [-0.55805031 -1.55834528  2.85785974]
 Average call time: 2.52 sec | Current time: 2017-11-02 20:22:28.608598
 --------------------------
iteration: 145 | nc: 2 | ncalls: 633 | eff(%): 21.4 | logz: -2.9e+05 +/- 3.9e-01 | dlogz: 2.9e+05 >  0.500
 loglike: -2.9e+05 | params: [-0.89388361 -0.6649297   3.025359  ]
 Average call time: 2.52 sec | Current time: 2017-11-02 20:22:33.737309
 --------------------------
iteration: 146 | nc: 1 | ncalls: 634 | eff(%): 21.5 | logz: -2.7e+05 +/- 3.9e-01 | dlogz: 2.8e+05 >  0.500
 loglike: -2.7e+05 | params: [-1.01804244 -1.11216099  3.0207845 ]
 Average call time: 2.52 sec | Current time: 2017-11-02 20:22:36.298581
 --------------------------
iteration: 147 | nc: 5 | ncalls: 639 | eff(%): 21.5 | logz: -2.7e+05 +/- 3.9e-01 | dlogz: 2.7e+05 >  0.500
 loglike: -2.7e+05 | params: [-0.88355825 -1.64539439  2.96511696]
 Average call time: 2.52 sec | Current time: 2017-11-02 20:22:49.322582
 --------------------------
iteration: 148 | nc: 12 | ncalls: 651 | eff(%): 21.3 | logz: -2.7e+05 +/- 3.9e-01 | dlogz: 2.7e+05 >  0.500
 loglike: -2.7e+05 | params: [-0.00383029 -0.85744688  3.22987855]
 Average call time: 2.52 sec | Current time: 2017-11-02 20:23:20.075231
 --------------------------
iteration: 149 | nc: 1 | ncalls: 652 | eff(%): 21.4 | logz: -2.7e+05 +/- 3.9e-01 | dlogz: 2.6e+05 >  0.500
 loglike: -2.7e+05 | params: [-0.93511227 -0.84468583  2.91812248]
 Average call time: 2.52 sec | Current time: 2017-11-02 20:23:22.657269
 --------------------------
iteration: 150 | nc: 1 | ncalls: 653 | eff(%): 21.5 | logz: -2.7e+05 +/- 3.9e-01 | dlogz: 2.6e+05 >  0.500
 loglike: -2.7e+05 | params: [-0.89420311 -1.96964982  2.92673737]
 Average call time: 2.52 sec | Current time: 2017-11-02 20:23:25.216650
 --------------------------
iteration: 151 | nc: 7 | ncalls: 660 | eff(%): 21.4 | logz: -2.6e+05 +/- 3.9e-01 | dlogz: 2.6e+05 >  0.500
 loglike: -2.6e+05 | params: [ 0.09762171 -1.77344127  3.1309376 ]
 Average call time: 2.52 sec | Current time: 2017-11-02 20:23:43.202542
 --------------------------
iteration: 152 | nc: 17 | ncalls: 677 | eff(%): 21.0 | logz: -2.6e+05 +/- 3.9e-01 | dlogz: 2.6e+05 >  0.500
 loglike: -2.6e+05 | params: [-0.76893309 -1.40198492  2.86109451]
 Average call time: 2.52 sec | Current time: 2017-11-02 20:24:26.812694
 --------------------------
iteration: 153 | nc: 11 | ncalls: 688 | eff(%): 20.9 | logz: -2.6e+05 +/- 3.9e-01 | dlogz: 2.5e+05 >  0.500
 loglike: -2.6e+05 | params: [ 0.0534195  -0.74237267  3.27036677]
 Average call time: 2.52 sec | Current time: 2017-11-02 20:24:55.031773
 --------------------------
iteration: 154 | nc: 3 | ncalls: 691 | eff(%): 20.9 | logz: -2.5e+05 +/- 3.9e-01 | dlogz: 2.5e+05 >  0.500
 loglike: -2.5e+05 | params: [-0.47361079 -1.93852405  3.01480804]
 Average call time: 2.52 sec | Current time: 2017-11-02 20:25:02.771231
 --------------------------
iteration: 155 | nc: 9 | ncalls: 700 | eff(%): 20.8 | logz: -2.5e+05 +/- 3.9e-01 | dlogz: 2.5e+05 >  0.500
 loglike: -2.5e+05 | params: [-0.37658147 -1.80009558  2.8803107 ]
 Average call time: 2.52 sec | Current time: 2017-11-02 20:25:26.233259
 --------------------------
iteration: 156 | nc: 2 | ncalls: 702 | eff(%): 20.9 | logz: -2.4e+05 +/- 3.9e-01 | dlogz: 2.4e+05 >  0.500
 loglike: -2.4e+05 | params: [-0.12121232 -1.62177428  3.08855808]
 Average call time: 2.52 sec | Current time: 2017-11-02 20:25:31.404795
 --------------------------
iteration: 157 | nc: 69 | ncalls: 771 | eff(%): 19.2 | logz: -2.1e+05 +/- 3.9e-01 | dlogz: 2.3e+05 >  0.500
 loglike: -2.1e+05 | params: [-0.47889707 -0.94851345  3.11359052]
 Average call time: 2.53 sec | Current time: 2017-11-02 20:28:28.800596
 --------------------------
iteration: 158 | nc: 3 | ncalls: 774 | eff(%): 19.3 | logz: -2.1e+05 +/- 3.9e-01 | dlogz: 2.0e+05 >  0.500
 loglike: -2.1e+05 | params: [-1.19485445 -0.86318077  3.05644856]
 Average call time: 2.53 sec | Current time: 2017-11-02 20:28:36.609413
 --------------------------
iteration: 159 | nc: 22 | ncalls: 796 | eff(%): 18.9 | logz: -2.0e+05 +/- 3.9e-01 | dlogz: 2.0e+05 >  0.500
 loglike: -2.0e+05 | params: [-0.88623334 -1.51272724  2.9082335 ]
 Average call time: 2.53 sec | Current time: 2017-11-02 20:29:33.574446
 --------------------------
iteration: 160 | nc: 2 | ncalls: 798 | eff(%): 19.0 | logz: -1.9e+05 +/- 3.9e-01 | dlogz: 1.9e+05 >  0.500
 loglike: -1.9e+05 | params: [-0.82921751 -1.29685719  2.88589136]
 Average call time: 2.53 sec | Current time: 2017-11-02 20:29:38.702979
 --------------------------
iteration: 161 | nc: 23 | ncalls: 821 | eff(%): 18.6 | logz: -1.8e+05 +/- 3.9e-01 | dlogz: 1.8e+05 >  0.500
 loglike: -1.8e+05 | params: [ 0.29993039 -1.16649292  3.07170333]
 Average call time: 2.53 sec | Current time: 2017-11-02 20:30:37.772714
 --------------------------
iteration: 162 | nc: 12 | ncalls: 833 | eff(%): 18.5 | logz: -1.8e+05 +/- 3.9e-01 | dlogz: 1.8e+05 >  0.500
 loglike: -1.8e+05 | params: [ 0.07746029 -1.36632776  3.13619731]
 Average call time: 2.53 sec | Current time: 2017-11-02 20:31:08.607689
 --------------------------
iteration: 163 | nc: 1 | ncalls: 834 | eff(%): 18.6 | logz: -1.8e+05 +/- 3.9e-01 | dlogz: 1.8e+05 >  0.500
 loglike: -1.8e+05 | params: [-0.14344506 -0.98960373  3.00663627]
 Average call time: 2.53 sec | Current time: 2017-11-02 20:31:11.185680
 --------------------------
iteration: 164 | nc: 3 | ncalls: 837 | eff(%): 18.6 | logz: -1.8e+05 +/- 3.9e-01 | dlogz: 1.8e+05 >  0.500
 loglike: -1.8e+05 | params: [-0.67976794 -1.98320201  2.94309789]
 Average call time: 2.53 sec | Current time: 2017-11-02 20:31:18.971879
 --------------------------
iteration: 165 | nc: 15 | ncalls: 852 | eff(%): 18.4 | logz: -1.8e+05 +/- 4.0e-01 | dlogz: 1.7e+05 >  0.500
 loglike: -1.8e+05 | params: [-1.13861964 -0.73815031  3.10248407]
 Average call time: 2.53 sec | Current time: 2017-11-02 20:31:57.498913
 --------------------------
iteration: 166 | nc: 4 | ncalls: 856 | eff(%): 18.4 | logz: -1.7e+05 +/- 4.0e-01 | dlogz: 1.7e+05 >  0.500
 loglike: -1.7e+05 | params: [-0.06740582 -1.68540706  3.07786445]
 Average call time: 2.53 sec | Current time: 2017-11-02 20:32:07.733232
 --------------------------
iteration: 167 | nc: 37 | ncalls: 893 | eff(%): 17.8 | logz: -1.7e+05 +/- 4.0e-01 | dlogz: 1.7e+05 >  0.500
 loglike: -1.7e+05 | params: [ 0.39791901 -1.61738123  3.1842004 ]
 Average call time: 2.53 sec | Current time: 2017-11-02 20:33:42.846671
 --------------------------
iteration: 168 | nc: 5 | ncalls: 898 | eff(%): 17.8 | logz: -1.7e+05 +/- 4.0e-01 | dlogz: 1.6e+05 >  0.500
 loglike: -1.7e+05 | params: [-1.33546872 -0.56953218  3.17324937]
 Average call time: 2.53 sec | Current time: 2017-11-02 20:33:55.715588
 --------------------------
iteration: 169 | nc: 9 | ncalls: 907 | eff(%): 17.8 | logz: -1.7e+05 +/- 4.0e-01 | dlogz: 1.6e+05 >  0.500
 loglike: -1.7e+05 | params: [ 0.09566982 -0.80095883  3.23791636]
 Average call time: 2.53 sec | Current time: 2017-11-02 20:34:18.698241
 --------------------------
iteration: 170 | nc: 1 | ncalls: 908 | eff(%): 17.8 | logz: -1.6e+05 +/- 4.0e-01 | dlogz: 1.6e+05 >  0.500
 loglike: -1.6e+05 | params: [-0.67087698 -0.80998565  2.98734941]
 Average call time: 2.53 sec | Current time: 2017-11-02 20:34:21.268456
 --------------------------
iteration: 171 | nc: 20 | ncalls: 928 | eff(%): 17.6 | logz: -1.6e+05 +/- 4.0e-01 | dlogz: 1.6e+05 >  0.500
 loglike: -1.6e+05 | params: [-0.27869133 -1.00258219  3.11599124]
 Average call time: 2.53 sec | Current time: 2017-11-02 20:35:12.239674
 --------------------------
iteration: 172 | nc: 14 | ncalls: 942 | eff(%): 17.4 | logz: -1.6e+05 +/- 4.0e-01 | dlogz: 1.6e+05 >  0.500
 loglike: -1.6e+05 | params: [-1.26881616 -0.69337808  3.10958979]
 Average call time: 2.53 sec | Current time: 2017-11-02 20:35:47.880907
 --------------------------
iteration: 173 | nc: 1 | ncalls: 943 | eff(%): 17.5 | logz: -1.6e+05 +/- 4.0e-01 | dlogz: 1.5e+05 >  0.500
 loglike: -1.6e+05 | params: [-0.44465711 -1.55744047  2.90164802]
 Average call time: 2.53 sec | Current time: 2017-11-02 20:35:50.418472
 --------------------------
iteration: 174 | nc: 19 | ncalls: 962 | eff(%): 17.3 | logz: -1.5e+05 +/- 4.0e-01 | dlogz: 1.5e+05 >  0.500
 loglike: -1.5e+05 | params: [-0.8042222  -1.49963003  2.93438382]
 Average call time: 2.53 sec | Current time: 2017-11-02 20:36:38.521607
 --------------------------
iteration: 175 | nc: 2 | ncalls: 964 | eff(%): 17.4 | logz: -1.5e+05 +/- 4.0e-01 | dlogz: 1.4e+05 >  0.500
 loglike: -1.5e+05 | params: [-0.50295801 -0.77927446  3.04157996]
 Average call time: 2.53 sec | Current time: 2017-11-02 20:36:43.534680
 --------------------------
iteration: 176 | nc: 12 | ncalls: 976 | eff(%): 17.3 | logz: -1.5e+05 +/- 4.0e-01 | dlogz: 1.4e+05 >  0.500
 loglike: -1.5e+05 | params: [-0.09673494 -1.50151269  3.07899585]
 Average call time: 2.53 sec | Current time: 2017-11-02 20:37:13.862777
 --------------------------
iteration: 177 | nc: 8 | ncalls: 984 | eff(%): 17.2 | logz: -1.5e+05 +/- 4.0e-01 | dlogz: 1.4e+05 >  0.500
 loglike: -1.5e+05 | params: [-1.08735427 -0.55181488  3.17354862]
 Average call time: 2.53 sec | Current time: 2017-11-02 20:37:33.990293
 --------------------------
iteration: 178 | nc: 2 | ncalls: 986 | eff(%): 17.3 | logz: -1.4e+05 +/- 4.0e-01 | dlogz: 1.4e+05 >  0.500
 loglike: -1.4e+05 | params: [ 0.20602561 -1.71095831  3.00193425]
 Average call time: 2.53 sec | Current time: 2017-11-02 20:37:39.122219
 --------------------------
iteration: 179 | nc: 27 | ncalls: 1013 | eff(%): 16.9 | logz: -1.4e+05 +/- 4.0e-01 | dlogz: 1.3e+05 >  0.500
 loglike: -1.4e+05 | params: [-0.21086425 -1.98787038  2.9271348 ]
 Average call time: 2.53 sec | Current time: 2017-11-02 20:38:47.588976
 --------------------------
iteration: 180 | nc: 12 | ncalls: 1025 | eff(%): 16.8 | logz: -1.4e+05 +/- 4.0e-01 | dlogz: 1.4e+05 >  0.500
 loglike: -1.4e+05 | params: [-0.10319376 -0.99937962  3.02305973]
 Average call time: 2.53 sec | Current time: 2017-11-02 20:39:18.238176
 --------------------------
iteration: 181 | nc: 41 | ncalls: 1066 | eff(%): 16.3 | logz: -1.3e+05 +/- 4.0e-01 | dlogz: 1.3e+05 >  0.500
 loglike: -1.3e+05 | params: [-0.07611144 -1.94460124  3.0527705 ]
 Average call time: 2.53 sec | Current time: 2017-11-02 20:41:03.078899
 --------------------------
iteration: 182 | nc: 26 | ncalls: 1092 | eff(%): 16.0 | logz: -1.3e+05 +/- 4.0e-01 | dlogz: 1.3e+05 >  0.500
 loglike: -1.3e+05 | params: [ 0.01745198 -1.47531909  3.09654976]
 Average call time: 2.53 sec | Current time: 2017-11-02 20:42:08.979568
 --------------------------
iteration: 183 | nc: 4 | ncalls: 1096 | eff(%): 16.1 | logz: -1.3e+05 +/- 4.0e-01 | dlogz: 1.3e+05 >  0.500
 loglike: -1.3e+05 | params: [-1.2612382  -0.52295389  3.17460727]
 Average call time: 2.53 sec | Current time: 2017-11-02 20:42:19.230321
 --------------------------
iteration: 184 | nc: 11 | ncalls: 1107 | eff(%): 16.0 | logz: -1.3e+05 +/- 4.0e-01 | dlogz: 1.2e+05 >  0.500
 loglike: -1.3e+05 | params: [-0.20071673 -1.26038929  2.94987664]
 Average call time: 2.54 sec | Current time: 2017-11-02 20:42:47.716472
 --------------------------
iteration: 185 | nc: 13 | ncalls: 1120 | eff(%): 15.9 | logz: -1.2e+05 +/- 4.1e-01 | dlogz: 1.2e+05 >  0.500
 loglike: -1.2e+05 | params: [-0.11725208 -1.19305843  2.97613838]
 Average call time: 2.54 sec | Current time: 2017-11-02 20:43:21.701967
 --------------------------
iteration: 186 | nc: 7 | ncalls: 1127 | eff(%): 15.9 | logz: -1.2e+05 +/- 4.1e-01 | dlogz: 1.2e+05 >  0.500
 loglike: -1.2e+05 | params: [-0.29062386 -1.25744528  3.05774155]
 Average call time: 2.54 sec | Current time: 2017-11-02 20:43:39.952843
 --------------------------
iteration: 187 | nc: 9 | ncalls: 1136 | eff(%): 15.9 | logz: -1.2e+05 +/- 4.1e-01 | dlogz: 1.2e+05 >  0.500
 loglike: -1.2e+05 | params: [ 0.18964231 -1.21353095  3.04542678]
 Average call time: 2.54 sec | Current time: 2017-11-02 20:44:03.515902
 --------------------------
iteration: 188 | nc: 2 | ncalls: 1138 | eff(%): 15.9 | logz: -1.1e+05 +/- 4.1e-01 | dlogz: 1.2e+05 >  0.500
 loglike: -1.1e+05 | params: [-0.24131987 -1.11823995  2.96448023]
 Average call time: 2.54 sec | Current time: 2017-11-02 20:44:08.719542
 --------------------------
iteration: 189 | nc: 16 | ncalls: 1154 | eff(%): 15.8 | logz: -1.1e+05 +/- 4.1e-01 | dlogz: 1.1e+05 >  0.500
 loglike: -1.1e+05 | params: [ 0.29704372 -1.25572972  3.17745418]
 Average call time: 2.54 sec | Current time: 2017-11-02 20:44:50.383100
 --------------------------
