GPU acceleration enabled
Loading Setup File: setup_files/dynesty_14.py
using given n: 0
Starting SourceModule Code
Getting function
Past the SourceModule code
CUDAC Available
Running Nested Sampling
-initializing models
-Saving initial results dataframe
-Running dynesty sampler
iteration: 0 | nc: 1 | ncalls: 1 | eff(%): 0.5 | logz: -1.2e+06 +/- 1.7e-01 | dlogz: inf >  0.500
 loglike: -1.2e+06 | params: [-0.95706613 -1.93113825 -2.72837113 -2.66933339  0.10419764  0.24264694
 -0.95590714  3.13848413  4.88893333]
 Average call time: 2.26 sec | Current time: 2017-11-02 20:01:41.021217
 --------------------------
iteration: 1 | nc: 1 | ncalls: 2 | eff(%): 1.0 | logz: -1.2e+06 +/- 1.7e-01 | dlogz: inf >  0.500
 loglike: -1.2e+06 | params: [-0.67976794 -1.98320201 -2.17377475 -2.77346091 -0.51794893  1.57153354
  2.5689884   1.03433759  4.89935394]
 Average call time: 2.25 sec | Current time: 2017-11-02 20:01:43.261320
 --------------------------
iteration: 2 | nc: 1 | ncalls: 3 | eff(%): 1.5 | logz: -1.2e+06 +/- 1.7e-01 | dlogz: inf >  0.500
 loglike: -1.2e+06 | params: [-0.77632981 -1.81751295 -2.36689849 -2.44208279 -2.22313058 -0.46834885
  0.2979255   4.09194601  4.71235257]
 Average call time: 2.32 sec | Current time: 2017-11-02 20:01:45.727449
 --------------------------
iteration: 3 | nc: 1 | ncalls: 4 | eff(%): 2.0 | logz: -1.2e+06 +/- 1.7e-01 | dlogz: inf >  0.500
 loglike: -1.2e+06 | params: [-1.33045231 -1.33399507 -3.4751435  -1.47504703  0.50956999 -1.26841341
  1.08614536  1.2007661   4.83351483]
 Average call time: 2.31 sec | Current time: 2017-11-02 20:01:47.989894
 --------------------------
iteration: 4 | nc: 1 | ncalls: 5 | eff(%): 2.4 | logz: -1.2e+06 +/- 1.7e-01 | dlogz: inf >  0.500
 loglike: -1.2e+06 | params: [-0.45076318 -1.41848055 -1.71576523 -1.64401799 -1.49138171  0.17680174
  2.60409825  2.40511217  4.89451274]
 Average call time: 2.32 sec | Current time: 2017-11-02 20:01:50.343113
 --------------------------
iteration: 5 | nc: 1 | ncalls: 6 | eff(%): 2.9 | logz: -1.2e+06 +/- 1.7e-01 | dlogz: inf >  0.500
 loglike: -1.2e+06 | params: [-1.37232632 -1.14649161 -3.55889152 -1.10004011  0.42002136  1.03445941
 -0.34999306  3.06878546  4.76245378]
 Average call time: 2.33 sec | Current time: 2017-11-02 20:01:52.739747
 --------------------------
iteration: 6 | nc: 1 | ncalls: 7 | eff(%): 3.4 | logz: -1.2e+06 +/- 1.7e-01 | dlogz: inf >  0.500
 loglike: -1.2e+06 | params: [-1.2380343  -1.23621985 -3.29030747 -1.27949658 -0.23619831  1.93932573
  0.16930468  0.49836097  4.72508332]
 Average call time: 2.32 sec | Current time: 2017-11-02 20:01:54.989940
 --------------------------
iteration: 7 | nc: 1 | ncalls: 8 | eff(%): 3.8 | logz: -1.2e+06 +/- 1.7e-01 | dlogz: inf >  0.500
 loglike: -1.2e+06 | params: [-1.37365622 -1.93555182 -3.5615513  -2.67816052 -1.43442129 -1.3873276
  0.49622967  0.27688494  4.64179608]
 Average call time: 2.34 sec | Current time: 2017-11-02 20:01:57.466797
 --------------------------
iteration: 8 | nc: 1 | ncalls: 9 | eff(%): 4.3 | logz: -1.2e+06 +/- 1.7e-01 | dlogz: inf >  0.500
 loglike: -1.2e+06 | params: [-1.33218974 -1.60851275 -3.47861834 -2.0240824   1.38593203  2.04079317
 -1.10814381  0.84576481  4.64739867]
 Average call time: 2.33 sec | Current time: 2017-11-02 20:01:59.733300
 --------------------------
iteration: 9 | nc: 1 | ncalls: 10 | eff(%): 4.8 | logz: -1.2e+06 +/- 1.7e-01 | dlogz: inf >  0.500
 loglike: -1.2e+06 | params: [-0.83324812 -0.963709   -2.4807351  -0.73447489 -0.82539039 -1.71395651
  1.18362898  3.50960004  4.74148974]
 Average call time: 2.33 sec | Current time: 2017-11-02 20:02:02.020725
 --------------------------
iteration: 10 | nc: 1 | ncalls: 11 | eff(%): 5.2 | logz: -1.2e+06 +/- 1.7e-01 | dlogz: inf >  0.500
 loglike: -1.2e+06 | params: [-0.6065197  -1.16978356 -2.02727827 -1.14662401 -0.48259069  2.09513939
  0.36996443  0.15822098  4.62314763]
 Average call time: 2.33 sec | Current time: 2017-11-02 20:02:04.350075
 --------------------------
iteration: 11 | nc: 1 | ncalls: 12 | eff(%): 5.7 | logz: -1.2e+06 +/- 1.7e-01 | dlogz: inf >  0.500
 loglike: -1.2e+06 | params: [-1.20268077 -0.39132962 -3.21960042  0.41028387 -0.72503222 -0.48128462
  0.06485301  2.98053703  4.92676301]
 Average call time: 2.32 sec | Current time: 2017-11-02 20:02:06.599414
 --------------------------
iteration: 12 | nc: 1 | ncalls: 13 | eff(%): 6.1 | logz: -1.2e+06 +/- 1.7e-01 | dlogz: inf >  0.500
 loglike: -1.2e+06 | params: [-0.99052499 -1.42513434 -2.79528885 -1.65732557  0.81697072 -1.61332439
 -0.01096364  3.85543863  4.28916056]
 Average call time: 2.32 sec | Current time: 2017-11-02 20:02:08.915222
 --------------------------
iteration: 13 | nc: 1 | ncalls: 14 | eff(%): 6.5 | logz: -1.2e+06 +/- 1.7e-01 | dlogz: inf >  0.500
 loglike: -1.2e+06 | params: [ 0.0571261  -0.90313378 -0.69998668 -0.61332446  0.04966311  1.09892401
  1.14174597  3.2094336   4.8817167 ]
 Average call time: 2.32 sec | Current time: 2017-11-02 20:02:11.224292
 --------------------------
iteration: 14 | nc: 1 | ncalls: 15 | eff(%): 7.0 | logz: -1.2e+06 +/- 1.7e-01 | dlogz: inf >  0.500
 loglike: -1.2e+06 | params: [-1.1597554  -0.56323644 -3.13374967  0.06647023  1.07504584 -1.32091588
  2.77249285  3.12545554  4.6022441 ]
 Average call time: 2.32 sec | Current time: 2017-11-02 20:02:13.514959
 --------------------------
iteration: 15 | nc: 1 | ncalls: 16 | eff(%): 7.4 | logz: -1.2e+06 +/- 1.7e-01 | dlogz: inf >  0.500
 loglike: -1.2e+06 | params: [ 0.42890837 -1.96594834  0.04357786 -2.73895357  0.30213834 -1.27639503
 -0.50247898  2.70682405  4.86215115]
 Average call time: 2.31 sec | Current time: 2017-11-02 20:02:15.787822
 --------------------------
iteration: 16 | nc: 1 | ncalls: 17 | eff(%): 7.8 | logz: -1.2e+06 +/- 1.7e-01 | dlogz: inf >  0.500
 loglike: -1.2e+06 | params: [-0.82921751 -1.29685719 -2.4726739  -1.40077128 -0.632362    0.47981884
  1.34651324  0.81706301  4.39546144]
 Average call time: 2.32 sec | Current time: 2017-11-02 20:02:18.116145
 --------------------------
iteration: 17 | nc: 1 | ncalls: 18 | eff(%): 8.3 | logz: -1.2e+06 +/- 1.7e-01 | dlogz: inf >  0.500
 loglike: -1.2e+06 | params: [-1.32310178 -1.88660998 -3.46044243 -2.58027686 -1.99105334  0.10310789
  1.57489829  0.47217243  4.26438351]
 Average call time: 2.31 sec | Current time: 2017-11-02 20:02:20.408122
 --------------------------
iteration: 18 | nc: 1 | ncalls: 19 | eff(%): 8.7 | logz: -1.2e+06 +/- 1.7e-01 | dlogz: inf >  0.500
 loglike: -1.2e+06 | params: [ 0.48015773 -1.83861989  0.14607658 -2.48429668 -0.11009773  1.62791883
 -0.13810979  2.48193375  4.83898234]
 Average call time: 2.31 sec | Current time: 2017-11-02 20:02:22.678996
 --------------------------
iteration: 19 | nc: 1 | ncalls: 20 | eff(%): 9.1 | logz: -1.2e+06 +/- 1.7e-01 | dlogz: inf >  0.500
 loglike: -1.2e+06 | params: [ 0.44757782 -0.92903625  0.08091676 -0.66512938 -0.62495273 -1.74971019
  1.30022296  3.96777915  4.80590021]
 Average call time: 2.32 sec | Current time: 2017-11-02 20:02:25.073739
 --------------------------
iteration: 20 | nc: 1 | ncalls: 21 | eff(%): 9.5 | logz: -1.1e+06 +/- 1.7e-01 | dlogz: inf >  0.500
 loglike: -1.1e+06 | params: [-1.24494328 -0.20879603 -3.30412543  0.77535106  1.23616118  0.67736198
 -0.49348747  3.03095123  4.89191997]
 Average call time: 2.31 sec | Current time: 2017-11-02 20:02:27.326759
 --------------------------
iteration: 21 | nc: 1 | ncalls: 22 | eff(%): 9.9 | logz: -1.1e+06 +/- 1.7e-01 | dlogz: inf >  0.500
 loglike: -1.1e+06 | params: [-0.30352563 -1.78707896 -1.42129013 -2.3812148  -1.21550877 -1.60458694
  1.36156904  0.19931496  4.35575303]
 Average call time: 2.31 sec | Current time: 2017-11-02 20:02:29.590246
 --------------------------
iteration: 22 | nc: 1 | ncalls: 23 | eff(%): 10.3 | logz: -1.1e+06 +/- 1.7e-01 | dlogz: inf >  0.500
 loglike: -1.1e+06 | params: [-0.7265632  -0.42957192 -2.26736526  0.33379927 -1.99876848 -0.22640341
  1.84585631  0.1583283   4.64826496]
 Average call time: 2.31 sec | Current time: 2017-11-02 20:02:31.859493
 --------------------------
iteration: 23 | nc: 1 | ncalls: 24 | eff(%): 10.7 | logz: -1.1e+06 +/- 1.7e-01 | dlogz: inf >  0.500
 loglike: -1.1e+06 | params: [ 0.46835393 -0.77891971  0.12246898 -0.3648963   0.20264874  0.77970575
  1.08557884  0.85151346  4.85943976]
 Average call time: 2.31 sec | Current time: 2017-11-02 20:02:34.197994
 --------------------------
iteration: 24 | nc: 1 | ncalls: 25 | eff(%): 11.1 | logz: -1.1e+06 +/- 1.7e-01 | dlogz: inf >  0.500
 loglike: -1.1e+06 | params: [-1.20138997 -1.05816662 -3.21701881 -0.92339012 -2.31497697  1.20068932
 -0.30110208  3.47095495  4.03495161]
 Average call time: 2.31 sec | Current time: 2017-11-02 20:02:36.556737
 --------------------------
iteration: 25 | nc: 1 | ncalls: 26 | eff(%): 11.5 | logz: -1.1e+06 +/- 1.7e-01 | dlogz: inf >  0.500
 loglike: -1.1e+06 | params: [-0.41432379 -1.58410177 -1.64288646 -1.97526043 -2.039784    1.64126795
 -1.01425128  3.98309115  2.24553384]
 Average call time: 2.31 sec | Current time: 2017-11-02 20:02:38.871770
 --------------------------
iteration: 26 | nc: 1 | ncalls: 27 | eff(%): 11.9 | logz: -1.1e+06 +/- 1.7e-01 | dlogz: inf >  0.500
 loglike: -1.1e+06 | params: [-0.82965068 -0.68489645 -2.47354024 -0.17684978 -2.11077454 -1.61812932
  0.16904886  2.47052027  4.35112855]
 Average call time: 2.31 sec | Current time: 2017-11-02 20:02:41.138534
 --------------------------
iteration: 27 | nc: 1 | ncalls: 28 | eff(%): 12.3 | logz: -1.1e+06 +/- 1.7e-01 | dlogz: inf >  0.500
 loglike: -1.1e+06 | params: [-0.54550925 -1.19778718 -1.90525737 -1.20263126  1.31831289  0.22318969
  2.11459768  3.63568197  3.98620541]
 Average call time: 2.31 sec | Current time: 2017-11-02 20:02:43.396206
 --------------------------
iteration: 28 | nc: 2 | ncalls: 30 | eff(%): 12.6 | logz: -1.1e+06 +/- 1.7e-01 | dlogz: inf >  0.500
 loglike: -1.1e+06 | params: [-0.61209276 -0.15046531 -2.03842439  0.89201249  0.28159272 -1.51206251
  1.1669066   0.59124185  4.93538918]
 Average call time: 2.31 sec | Current time: 2017-11-02 20:02:48.042197
 --------------------------
iteration: 29 | nc: 1 | ncalls: 31 | eff(%): 13.0 | logz: -1.1e+06 +/- 1.8e-01 | dlogz: inf >  0.500
 loglike: -1.1e+06 | params: [  4.07022776e-01  -1.64221317e+00  -1.93321763e-04  -2.09148322e+00
  -2.09713385e+00   1.90899285e+00   2.21956905e+00   3.99906749e+00
   4.22823363e+00]
 Average call time: 2.31 sec | Current time: 2017-11-02 20:02:50.278057
 --------------------------
iteration: 30 | nc: 1 | ncalls: 32 | eff(%): 13.4 | logz: -1.1e+06 +/- 1.8e-01 | dlogz: inf >  0.500
 loglike: -1.1e+06 | params: [-0.767851   -1.35381061 -2.34994088 -1.51467812  1.0815483  -0.97561865
  1.81605036  1.57106941  4.14194468]
 Average call time: 2.31 sec | Current time: 2017-11-02 20:02:52.563421
 --------------------------
iteration: 31 | nc: 1 | ncalls: 33 | eff(%): 13.7 | logz: -1.1e+06 +/- 1.8e-01 | dlogz: inf >  0.500
 loglike: -1.1e+06 | params: [-0.60718622 -1.38633911 -2.02861132 -1.5797351  -2.33500423 -0.66404753
 -0.05255453  0.25549546  4.15169259]
 Average call time: 2.31 sec | Current time: 2017-11-02 20:02:54.924515
 --------------------------
iteration: 32 | nc: 1 | ncalls: 34 | eff(%): 14.1 | logz: -1.1e+06 +/- 1.8e-01 | dlogz: inf >  0.500
 loglike: -1.1e+06 | params: [-0.95430683 -0.38176426 -2.72285253  0.42941458  1.45848351 -1.46846624
  1.20996668  1.73029828  4.53283103]
 Average call time: 2.31 sec | Current time: 2017-11-02 20:02:57.210816
 --------------------------
iteration: 33 | nc: 1 | ncalls: 35 | eff(%): 14.5 | logz: -1.1e+06 +/- 1.8e-01 | dlogz: inf >  0.500
 loglike: -1.1e+06 | params: [-0.14867012 -0.90995382 -1.11157912 -0.62696454 -0.14723675 -1.7822183
  1.31217816  4.06285858  1.83196238]
 Average call time: 2.31 sec | Current time: 2017-11-02 20:02:59.578913
 --------------------------
iteration: 34 | nc: 1 | ncalls: 36 | eff(%): 14.8 | logz: -1.1e+06 +/- 1.8e-01 | dlogz: inf >  0.500
 loglike: -1.1e+06 | params: [ 0.13305571 -1.54136058 -0.54812745 -1.88977804  0.25632096  0.46427489
 -0.80624239  0.27788112  4.36362427]
 Average call time: 2.31 sec | Current time: 2017-11-02 20:03:01.831627
 --------------------------
iteration: 35 | nc: 1 | ncalls: 37 | eff(%): 15.2 | logz: -1.1e+06 +/- 1.8e-01 | dlogz: inf >  0.500
 loglike: -1.1e+06 | params: [-1.24586738 -1.17203204 -3.30597363 -1.15112097  0.06563023 -1.30908729
  2.77419447  0.83113347  3.97693393]
 Average call time: 2.31 sec | Current time: 2017-11-02 20:03:04.080876
 --------------------------
iteration: 36 | nc: 1 | ncalls: 38 | eff(%): 15.5 | logz: -1.1e+06 +/- 1.8e-01 | dlogz: inf >  0.500
 loglike: -1.1e+06 | params: [ 0.30718269 -1.44477    -0.19987349 -1.6965969  -1.37748299  0.96065815
  2.48254519  4.04336236  3.49918553]
 Average call time: 2.30 sec | Current time: 2017-11-02 20:03:06.335416
 --------------------------
iteration: 37 | nc: 1 | ncalls: 39 | eff(%): 15.9 | logz: -1.1e+06 +/- 1.8e-01 | dlogz: inf >  0.500
 loglike: -1.1e+06 | params: [-0.37140511 -0.50828454 -1.55704909  0.17637402 -0.58258517 -1.2155029
  2.86008097  3.6673574   4.15053188]
 Average call time: 2.31 sec | Current time: 2017-11-02 20:03:08.680694
 --------------------------
iteration: 38 | nc: 1 | ncalls: 40 | eff(%): 16.2 | logz: -1.1e+06 +/- 1.8e-01 | dlogz: inf >  0.500
 loglike: -1.1e+06 | params: [-1.18690509 -1.99539611 -3.18804906 -2.79784911 -0.31739387  1.1961296
  0.64094523  3.66282609  3.05279556]
 Average call time: 2.31 sec | Current time: 2017-11-02 20:03:11.080795
 --------------------------
iteration: 39 | nc: 1 | ncalls: 41 | eff(%): 16.6 | logz: -1.1e+06 +/- 1.8e-01 | dlogz: inf >  0.500
 loglike: -1.1e+06 | params: [-0.55900128 -1.59885605 -1.93224144 -2.00476898 -1.56987582 -1.1279965
  0.2932354   3.75560556  2.66961796]
 Average call time: 2.31 sec | Current time: 2017-11-02 20:03:13.490795
 --------------------------
iteration: 40 | nc: 3 | ncalls: 44 | eff(%): 16.8 | logz: -1.1e+06 +/- 1.8e-01 | dlogz: inf >  0.500
 loglike: -1.1e+06 | params: [-0.13217429 -1.87760075 -1.07858745 -2.5622584   0.55800427  0.85223208
 -1.0821472   2.80148066  4.09523347]
 Average call time: 2.31 sec | Current time: 2017-11-02 20:03:20.505739
 --------------------------
iteration: 41 | nc: 1 | ncalls: 45 | eff(%): 17.1 | logz: -1.1e+06 +/- 1.8e-01 | dlogz: inf >  0.500
 loglike: -1.1e+06 | params: [ 0.08352882 -0.86691734 -0.64718124 -0.54089158  0.90552423  2.06158008
  2.7371675   3.90740346  3.14268195]
 Average call time: 2.31 sec | Current time: 2017-11-02 20:03:22.819689
 --------------------------
iteration: 42 | nc: 1 | ncalls: 46 | eff(%): 17.5 | logz: -1.1e+06 +/- 1.8e-01 | dlogz: inf >  0.500
 loglike: -1.1e+06 | params: [ 0.36157326 -1.3220062  -0.09109235 -1.45106928 -1.92381223  0.22693593
  1.67309786  1.30315577  4.38197274]
 Average call time: 2.31 sec | Current time: 2017-11-02 20:03:25.081271
 --------------------------
iteration: 43 | nc: 1 | ncalls: 47 | eff(%): 17.8 | logz: -1.1e+06 +/- 1.8e-01 | dlogz: inf >  0.500
 loglike: -1.1e+06 | params: [-0.63147537 -1.14427685 -2.07718962 -1.09561058 -1.995676    1.79710004
 -0.52768515  3.73886515  0.9773486 ]
 Average call time: 2.31 sec | Current time: 2017-11-02 20:03:27.344297
 --------------------------
iteration: 44 | nc: 1 | ncalls: 48 | eff(%): 18.1 | logz: -1.1e+06 +/- 1.8e-01 | dlogz: inf >  0.500
 loglike: -1.1e+06 | params: [ 0.16293893 -0.36860586 -0.48836101  0.45573139 -2.03597722  1.71300471
 -1.05797416  3.56431351  4.53061704]
 Average call time: 2.31 sec | Current time: 2017-11-02 20:03:29.648919
 --------------------------
iteration: 45 | nc: 1 | ncalls: 49 | eff(%): 18.5 | logz: -1.1e+06 +/- 1.8e-01 | dlogz: inf >  0.500
 loglike: -1.1e+06 | params: [ 0.28420228 -0.16967802 -0.24583432  0.85358706 -1.17453804 -0.64447638
  1.51327704  2.48914395  4.87301033]
 Average call time: 2.31 sec | Current time: 2017-11-02 20:03:31.925276
 --------------------------
iteration: 46 | nc: 1 | ncalls: 50 | eff(%): 18.8 | logz: -1.1e+06 +/- 1.8e-01 | dlogz: inf >  0.500
 loglike: -1.1e+06 | params: [-0.22503349 -0.17830049 -1.26430586  0.83634212  0.36440229 -1.66638294
  2.21061721  1.58838712  4.68176229]
 Average call time: 2.31 sec | Current time: 2017-11-02 20:03:34.200421
 --------------------------
iteration: 47 | nc: 2 | ncalls: 52 | eff(%): 19.0 | logz: -1.1e+06 +/- 1.8e-01 | dlogz: inf >  0.500
 loglike: -1.1e+06 | params: [-1.39866905 -1.39744252 -3.61157698 -1.60194194 -1.6434093  -1.80373335
 -0.61363879  0.56005195  3.85719209]
 Average call time: 2.31 sec | Current time: 2017-11-02 20:03:38.861385
 --------------------------
iteration: 48 | nc: 2 | ncalls: 54 | eff(%): 19.3 | logz: -1.1e+06 +/- 1.8e-01 | dlogz: inf >  0.500
 loglike: -1.1e+06 | params: [-0.84248952 -0.90924134 -2.49921791 -0.62553958 -1.45240405  1.64898373
 -0.41679543  1.59113653  3.9738724 ]
 Average call time: 2.31 sec | Current time: 2017-11-02 20:03:43.671515
 --------------------------
iteration: 49 | nc: 1 | ncalls: 55 | eff(%): 19.6 | logz: -1.1e+06 +/- 1.8e-01 | dlogz: inf >  0.500
 loglike: -1.1e+06 | params: [-1.2718686  -0.0983803  -3.35797608  0.99618251 -1.10131506 -1.06368014
  0.7075162   3.79020334  4.45181093]
 Average call time: 2.31 sec | Current time: 2017-11-02 20:03:45.951173
 --------------------------
iteration: 50 | nc: 1 | ncalls: 56 | eff(%): 19.9 | logz: -1.1e+06 +/- 1.8e-01 | dlogz: inf >  0.500
 loglike: -1.1e+06 | params: [ 0.04565324 -0.23471762 -0.72293239  0.72350787 -0.94460078  0.62342981
 -0.82220543  1.58388908  4.66809469]
 Average call time: 2.31 sec | Current time: 2017-11-02 20:03:48.217421
 --------------------------
iteration: 51 | nc: 2 | ncalls: 58 | eff(%): 20.2 | logz: -1.1e+06 +/- 1.8e-01 | dlogz: inf >  0.500
 loglike: -1.1e+06 | params: [-0.96449451 -1.93893445 -2.74322789 -2.6849258  -0.80016884 -1.81366607
  1.55175644  3.58419014  2.43882658]
 Average call time: 2.31 sec | Current time: 2017-11-02 20:03:52.900274
 --------------------------
iteration: 52 | nc: 1 | ncalls: 59 | eff(%): 20.5 | logz: -1.1e+06 +/- 1.8e-01 | dlogz: inf >  0.500
 loglike: -1.1e+06 | params: [-0.17246408 -1.78432096 -1.15916704 -2.3756988   0.62399354 -0.02113516
  1.65278023  1.53550256  4.00760515]
 Average call time: 2.31 sec | Current time: 2017-11-02 20:03:55.185257
 --------------------------
iteration: 53 | nc: 1 | ncalls: 60 | eff(%): 20.8 | logz: -1.1e+06 +/- 1.8e-01 | dlogz: inf >  0.500
 loglike: -1.1e+06 | params: [-1.1534434  -0.84009435 -3.12112567 -0.48724559  0.50536527  1.08345444
  0.49225287  0.58030294  3.98991281]
 Average call time: 2.31 sec | Current time: 2017-11-02 20:03:57.451041
 --------------------------
iteration: 54 | nc: 1 | ncalls: 61 | eff(%): 21.1 | logz: -1.1e+06 +/- 1.8e-01 | dlogz: inf >  0.500
 loglike: -1.1e+06 | params: [-0.47218688 -1.60516442 -1.75861264 -2.01738573 -0.48306336 -0.73007388
 -1.08179542  3.65971786  2.43112815]
 Average call time: 2.31 sec | Current time: 2017-11-02 20:03:59.707523
 --------------------------
iteration: 55 | nc: 2 | ncalls: 63 | eff(%): 21.3 | logz: -1.1e+06 +/- 1.8e-01 | dlogz: inf >  0.500
 loglike: -1.1e+06 | params: [ 0.12861357 -0.07740002 -0.55701173  1.03814307  0.25124468 -1.65432742
  2.37848397  3.88039375  4.81195753]
 Average call time: 2.31 sec | Current time: 2017-11-02 20:04:04.404987
 --------------------------
iteration: 56 | nc: 1 | ncalls: 64 | eff(%): 21.6 | logz: -1.1e+06 +/- 1.8e-01 | dlogz: inf >  0.500
 loglike: -1.1e+06 | params: [ 0.20343594 -0.32006262 -0.407367    0.55281786 -0.21578253  0.34081187
 -1.08846929  2.58740561  4.58501431]
 Average call time: 2.31 sec | Current time: 2017-11-02 20:04:06.662753
 --------------------------
iteration: 57 | nc: 2 | ncalls: 66 | eff(%): 21.8 | logz: -1.1e+06 +/- 1.8e-01 | dlogz: inf >  0.500
 loglike: -1.1e+06 | params: [-0.00816998 -1.30308193 -0.83057883 -1.41322076 -2.3667703   0.80683347
  1.98082071  3.81506339  1.37319915]
 Average call time: 2.31 sec | Current time: 2017-11-02 20:04:11.399578
 --------------------------
iteration: 58 | nc: 1 | ncalls: 67 | eff(%): 22.1 | logz: -1.1e+06 +/- 1.8e-01 | dlogz: inf >  0.500
 loglike: -1.1e+06 | params: [-1.33796231 -0.35452019 -3.49016349  0.48390273 -1.443365   -1.79939379
 -0.22356346  0.44535361  4.23939268]
 Average call time: 2.31 sec | Current time: 2017-11-02 20:04:13.660978
 --------------------------
iteration: 59 | nc: 1 | ncalls: 68 | eff(%): 22.4 | logz: -1.1e+06 +/- 1.8e-01 | dlogz: inf >  0.500
 loglike: -1.1e+06 | params: [ 0.49126826 -0.76199156  0.16829764 -0.33104001  0.71371978  1.88719964
  0.24274385  3.35378985  4.42637349]
 Average call time: 2.31 sec | Current time: 2017-11-02 20:04:15.895748
 --------------------------
iteration: 60 | nc: 1 | ncalls: 69 | eff(%): 22.7 | logz: -1.1e+06 +/- 1.8e-01 | dlogz: 1.0e+06 >  0.500
 loglike: -1.1e+06 | params: [-0.64941191 -0.590465   -2.1130627   0.01201311 -1.76783604 -0.08053934
  1.39358955  3.80882546  2.36348613]
 Average call time: 2.31 sec | Current time: 2017-11-02 20:04:18.164261
 --------------------------
iteration: 61 | nc: 1 | ncalls: 70 | eff(%): 23.0 | logz: -1.1e+06 +/- 1.8e-01 | dlogz: 1.0e+06 >  0.500
 loglike: -1.1e+06 | params: [-0.69384915 -1.49342606 -2.20193718 -1.79390902 -0.37679092 -1.09991427
 -0.89539429  1.57629921  3.81488343]
 Average call time: 2.31 sec | Current time: 2017-11-02 20:04:20.462838
 --------------------------
iteration: 62 | nc: 1 | ncalls: 71 | eff(%): 23.2 | logz: -1.1e+06 +/- 1.8e-01 | dlogz: 1.0e+06 >  0.500
 loglike: -1.1e+06 | params: [-0.93272584 -0.92658795 -2.67969054 -0.66023279  0.68881014  1.68321943
  1.42583539  3.51900202  3.32735577]
 Average call time: 2.31 sec | Current time: 2017-11-02 20:04:22.717011
 --------------------------
iteration: 63 | nc: 1 | ncalls: 72 | eff(%): 23.5 | logz: -1.1e+06 +/- 1.8e-01 | dlogz: 1.0e+06 >  0.500
 loglike: -1.1e+06 | params: [-0.48006029 -0.46357727 -1.77435945  0.26578857 -1.20439895  0.34936811
 -0.14515067  1.88298222  4.17559213]
 Average call time: 2.31 sec | Current time: 2017-11-02 20:04:25.039319
 --------------------------
iteration: 64 | nc: 1 | ncalls: 73 | eff(%): 23.8 | logz: -1.1e+06 +/- 1.8e-01 | dlogz: 1.0e+06 >  0.500
 loglike: -1.1e+06 | params: [-0.16115651 -0.46576674 -1.1365519   0.26140962  0.42831673  1.34931384
  1.10731292  3.97193918  1.52416188]
 Average call time: 2.31 sec | Current time: 2017-11-02 20:04:27.274733
 --------------------------
iteration: 65 | nc: 2 | ncalls: 75 | eff(%): 24.0 | logz: -1.1e+06 +/- 1.8e-01 | dlogz: 1.0e+06 >  0.500
 loglike: -1.1e+06 | params: [ 0.0674444  -0.78800429 -0.67935006 -0.38306547  1.08284833 -1.49440371
  1.05887705  3.77077385  3.38618024]
 Average call time: 2.31 sec | Current time: 2017-11-02 20:04:31.837189
 --------------------------
iteration: 66 | nc: 1 | ncalls: 76 | eff(%): 24.3 | logz: -1.1e+06 +/- 1.8e-01 | dlogz: 9.9e+05 >  0.500
 loglike: -1.1e+06 | params: [-0.95114345 -1.62510062 -2.71652577 -2.05725812 -1.54456419  1.20526106
  2.65582687  2.11479528  3.58386867]
 Average call time: 2.31 sec | Current time: 2017-11-02 20:04:34.077744
 --------------------------
iteration: 67 | nc: 1 | ncalls: 77 | eff(%): 24.5 | logz: -1.1e+06 +/- 1.8e-01 | dlogz: 9.9e+05 >  0.500
 loglike: -1.1e+06 | params: [-0.91112043 -0.75413732 -2.63647974 -0.31533153 -1.41127651  1.36056887
 -1.04820147  2.02999862  3.87159545]
 Average call time: 2.31 sec | Current time: 2017-11-02 20:04:36.406715
 --------------------------
iteration: 68 | nc: 2 | ncalls: 79 | eff(%): 24.7 | logz: -1.1e+06 +/- 1.8e-01 | dlogz: 9.9e+05 >  0.500
 loglike: -1.1e+06 | params: [-1.23195759 -0.01069234 -3.27815405  1.17155842 -1.68615324 -0.56796761
  1.14943522  0.14598735  4.53812877]
 Average call time: 2.31 sec | Current time: 2017-11-02 20:04:41.071520
 --------------------------
iteration: 69 | nc: 3 | ncalls: 82 | eff(%): 24.8 | logz: -1.1e+06 +/- 1.8e-01 | dlogz: 9.9e+05 >  0.500
 loglike: -1.1e+06 | params: [-1.38540921 -0.3634053  -3.58505728  0.4661325  -1.74565282 -0.07933048
  0.34235265  0.37170821  4.0867698 ]
 Average call time: 2.31 sec | Current time: 2017-11-02 20:04:48.146235
 --------------------------
iteration: 70 | nc: 1 | ncalls: 83 | eff(%): 25.1 | logz: -1.1e+06 +/- 1.8e-01 | dlogz: 9.9e+05 >  0.500
 loglike: -1.1e+06 | params: [-0.37344978 -1.92367164 -1.56113843 -2.65440016 -0.14207782  0.79733906
 -0.390665    3.29823829  3.385004  ]
 Average call time: 2.31 sec | Current time: 2017-11-02 20:04:50.457047
 --------------------------
iteration: 71 | nc: 1 | ncalls: 84 | eff(%): 25.4 | logz: -1.1e+06 +/- 1.8e-01 | dlogz: 9.9e+05 >  0.500
 loglike: -1.1e+06 | params: [-0.38407116 -1.35445546 -1.5823812  -1.51596782 -1.04962159 -0.50894868
  2.79154243  0.92145384  3.60363852]
 Average call time: 2.31 sec | Current time: 2017-11-02 20:04:52.719612
 --------------------------
iteration: 72 | nc: 1 | ncalls: 85 | eff(%): 25.6 | logz: -1.1e+06 +/- 1.8e-01 | dlogz: 9.9e+05 >  0.500
 loglike: -1.1e+06 | params: [-0.44863568 -0.28377741 -1.71151023  0.62538829  0.87117712  1.51607241
 -0.37019721  3.80806884  3.76081091]
 Average call time: 2.31 sec | Current time: 2017-11-02 20:04:55.047840
 --------------------------
iteration: 73 | nc: 1 | ncalls: 86 | eff(%): 25.9 | logz: -1.1e+06 +/- 1.8e-01 | dlogz: 9.9e+05 >  0.500
 loglike: -1.1e+06 | params: [-0.4703638  -1.24953462 -1.75496648 -1.30612614 -0.17547265 -0.01707807
  2.65465522  3.09683248  3.3065586 ]
 Average call time: 2.31 sec | Current time: 2017-11-02 20:04:57.295948
 --------------------------
iteration: 74 | nc: 1 | ncalls: 87 | eff(%): 26.1 | logz: -1.1e+06 +/- 1.8e-01 | dlogz: 9.8e+05 >  0.500
 loglike: -1.1e+06 | params: [-0.21838432 -1.69706175 -1.25100752 -2.2011804  -1.62343808 -1.60858908
  2.53524779  3.43127342  1.57155139]
 Average call time: 2.31 sec | Current time: 2017-11-02 20:04:59.632007
 --------------------------
iteration: 75 | nc: 1 | ncalls: 88 | eff(%): 26.4 | logz: -1.1e+06 +/- 1.8e-01 | dlogz: 9.8e+05 >  0.500
 loglike: -1.1e+06 | params: [ 0.40439082 -0.22007343 -0.00545723  0.75279626  1.57012473  1.43665914
  1.05675827  1.91360928  4.49776303]
 Average call time: 2.31 sec | Current time: 2017-11-02 20:05:01.919399
 --------------------------
iteration: 76 | nc: 1 | ncalls: 89 | eff(%): 26.6 | logz: -1.1e+06 +/- 1.8e-01 | dlogz: 9.8e+05 >  0.500
 loglike: -1.1e+06 | params: [-0.95175798 -1.94169691 -2.71775483 -2.6904507   1.11854685  1.8085166
 -0.76179492  2.5058295   3.68819371]
 Average call time: 2.31 sec | Current time: 2017-11-02 20:05:04.191911
 --------------------------
iteration: 77 | nc: 2 | ncalls: 91 | eff(%): 26.8 | logz: -1.1e+06 +/- 1.8e-01 | dlogz: 9.8e+05 >  0.500
 loglike: -1.1e+06 | params: [-0.36588903 -0.27687679 -1.54601694  0.63918954 -2.03945995 -1.16250219
  0.19869879  3.92750727  1.3503275 ]
 Average call time: 2.31 sec | Current time: 2017-11-02 20:05:08.845099
 --------------------------
iteration: 78 | nc: 1 | ncalls: 92 | eff(%): 27.1 | logz: -1.1e+06 +/- 1.8e-01 | dlogz: 9.8e+05 >  0.500
 loglike: -1.1e+06 | params: [-0.62103645 -1.43586043 -2.05631177 -1.67877776 -1.06416084 -1.50404687
  1.91966619  2.14568285  3.57972395]
 Average call time: 2.31 sec | Current time: 2017-11-02 20:05:11.174055
 --------------------------
iteration: 79 | nc: 1 | ncalls: 93 | eff(%): 27.3 | logz: -1.1e+06 +/- 1.8e-01 | dlogz: 9.8e+05 >  0.500
 loglike: -1.1e+06 | params: [-0.27570201 -0.16360385 -1.36564289  0.86573541  0.09880196  0.98583536
 -0.52439553  3.09284669  4.25956225]
 Average call time: 2.31 sec | Current time: 2017-11-02 20:05:13.520114
 --------------------------
iteration: 80 | nc: 6 | ncalls: 99 | eff(%): 27.1 | logz: -1.1e+06 +/- 1.8e-01 | dlogz: 9.8e+05 >  0.500
 loglike: -1.1e+06 | params: [-0.24005923 -0.2606937  -1.29435734  0.67155572 -2.05338122  1.6254604
 -0.95874015  3.94128942  1.84500659]
 Average call time: 2.31 sec | Current time: 2017-11-02 20:05:27.614794
 --------------------------
iteration: 81 | nc: 5 | ncalls: 104 | eff(%): 27.0 | logz: -1.1e+06 +/- 1.8e-01 | dlogz: 9.8e+05 >  0.500
 loglike: -1.1e+06 | params: [ 0.2193182  -0.27255464 -0.37560248  0.64783382 -0.78215586  0.94787545
 -0.62975487  4.03907193  2.10917104]
 Average call time: 2.31 sec | Current time: 2017-11-02 20:05:39.297732
 --------------------------
iteration: 82 | nc: 2 | ncalls: 106 | eff(%): 27.1 | logz: -1.1e+06 +/- 1.8e-01 | dlogz: 9.7e+05 >  0.500
 loglike: -1.1e+06 | params: [-1.18948085 -0.48616105 -3.19320057  0.220621   -0.92901501 -0.70690545
 -0.15653551  3.59400073  2.40391182]
 Average call time: 2.31 sec | Current time: 2017-11-02 20:05:43.920925
 --------------------------
iteration: 83 | nc: 1 | ncalls: 107 | eff(%): 27.4 | logz: -1.1e+06 +/- 1.8e-01 | dlogz: 9.7e+05 >  0.500
 loglike: -1.1e+06 | params: [-0.66516127 -1.92652353 -2.14456141 -2.66010396  1.33642314  2.13040209
  1.07679958  3.37627155  2.4121428 ]
 Average call time: 2.31 sec | Current time: 2017-11-02 20:05:46.204047
 --------------------------
iteration: 84 | nc: 1 | ncalls: 108 | eff(%): 27.6 | logz: -1.1e+06 +/- 1.8e-01 | dlogz: 9.7e+05 >  0.500
 loglike: -1.1e+06 | params: [ 0.05857118 -1.93638387 -0.69709651 -2.67982464  1.4463294   0.24038688
 -0.29256635  3.60898428  1.8321402 ]
 Average call time: 2.31 sec | Current time: 2017-11-02 20:05:48.463527
 --------------------------
iteration: 85 | nc: 1 | ncalls: 109 | eff(%): 27.8 | logz: -1.1e+06 +/- 1.8e-01 | dlogz: 9.7e+05 >  0.500
 loglike: -1.1e+06 | params: [-1.4668144  -0.92897093 -3.74786767 -0.66499875 -2.22137645 -1.22223744
  2.24831139  3.30031071  2.14991154]
 Average call time: 2.31 sec | Current time: 2017-11-02 20:05:50.748502
 --------------------------
iteration: 86 | nc: 2 | ncalls: 111 | eff(%): 28.0 | logz: -1.1e+06 +/- 1.8e-01 | dlogz: 9.7e+05 >  0.500
 loglike: -1.1e+06 | params: [-0.33624253 -1.82402262 -1.48672394 -2.45510213 -1.47562888  1.41190903
  1.8872311   3.32770066  2.11330784]
 Average call time: 2.31 sec | Current time: 2017-11-02 20:05:55.403835
 --------------------------
iteration: 87 | nc: 2 | ncalls: 113 | eff(%): 28.1 | logz: -1.1e+06 +/- 1.8e-01 | dlogz: 9.7e+05 >  0.500
 loglike: -1.1e+06 | params: [-0.96486328 -0.13434603 -2.74396542  0.92425105  0.90043552 -1.25638213
  1.46428404  3.64439772  3.90097642]
 Average call time: 2.31 sec | Current time: 2017-11-02 20:06:00.014785
 --------------------------
iteration: 88 | nc: 2 | ncalls: 115 | eff(%): 28.3 | logz: -1.1e+06 +/- 1.8e-01 | dlogz: 9.7e+05 >  0.500
 loglike: -1.1e+06 | params: [-1.12331384 -0.82536355 -3.06086656 -0.457784    1.2098975   2.03121416
 -0.85357354  1.37893734  3.72298617]
 Average call time: 2.31 sec | Current time: 2017-11-02 20:06:04.682072
 --------------------------
iteration: 89 | nc: 1 | ncalls: 116 | eff(%): 28.5 | logz: -1.1e+06 +/- 1.8e-01 | dlogz: 9.7e+05 >  0.500
 loglike: -1.1e+06 | params: [-0.82454166 -0.00839775 -2.4633222   1.17614762 -0.55584799  1.40551988
  1.68996038  3.95131124  3.79525773]
 Average call time: 2.31 sec | Current time: 2017-11-02 20:06:06.958686
 --------------------------
iteration: 90 | nc: 3 | ncalls: 119 | eff(%): 28.5 | logz: -1.1e+06 +/- 1.8e-01 | dlogz: 9.7e+05 >  0.500
 loglike: -1.1e+06 | params: [ 0.46533897 -1.45885838  0.11643907 -1.72477366 -1.49744886  0.75388173
  1.05061025  1.96372667  4.05608813]
 Average call time: 2.31 sec | Current time: 2017-11-02 20:06:14.015939
 --------------------------
iteration: 91 | nc: 1 | ncalls: 120 | eff(%): 28.8 | logz: -1.1e+06 +/- 1.8e-01 | dlogz: 9.6e+05 >  0.500
 loglike: -1.1e+06 | params: [ 0.14145627 -0.64492705 -0.53132632 -0.09691099 -0.78778768 -0.96900673
  1.97060854  3.49937677  3.05433276]
 Average call time: 2.31 sec | Current time: 2017-11-02 20:06:16.345186
 --------------------------
iteration: 92 | nc: 4 | ncalls: 124 | eff(%): 28.7 | logz: -1.1e+06 +/- 1.8e-01 | dlogz: 9.6e+05 >  0.500
 loglike: -1.1e+06 | params: [ 0.10474836 -0.10889353 -0.60474214  0.97515605  1.51201056  1.68677409
  1.38699729  3.83053919  3.83469409]
 Average call time: 2.31 sec | Current time: 2017-11-02 20:06:25.628830
 --------------------------
iteration: 93 | nc: 1 | ncalls: 125 | eff(%): 28.9 | logz: -1.1e+06 +/- 1.8e-01 | dlogz: 9.6e+05 >  0.500
 loglike: -1.1e+06 | params: [-0.23973377 -1.28434608 -1.29370642 -1.37574905 -1.55286497 -0.94487801
  0.55452477  0.40023394  3.53889056]
 Average call time: 2.31 sec | Current time: 2017-11-02 20:06:27.914077
 --------------------------
iteration: 94 | nc: 1 | ncalls: 126 | eff(%): 29.1 | logz: -1.1e+06 +/- 1.8e-01 | dlogz: 9.6e+05 >  0.500
 loglike: -1.1e+06 | params: [-0.91332805 -1.74789183 -2.64089498 -2.30284055  1.16857896 -0.03306258
  1.47975529  3.34581372  2.06738574]
 Average call time: 2.31 sec | Current time: 2017-11-02 20:06:30.162705
 --------------------------
iteration: 95 | nc: 5 | ncalls: 131 | eff(%): 29.0 | logz: -1.1e+06 +/- 1.8e-01 | dlogz: 9.6e+05 >  0.500
 loglike: -1.1e+06 | params: [-1.36450343 -1.98809895 -3.54324574 -2.7832548  -0.53209772  1.32275607
  2.56806504  2.98955867  1.43925842]
 Average call time: 2.31 sec | Current time: 2017-11-02 20:06:41.885755
 --------------------------
iteration: 96 | nc: 3 | ncalls: 134 | eff(%): 29.0 | logz: -1.1e+06 +/- 1.8e-01 | dlogz: 9.6e+05 >  0.500
 loglike: -1.1e+06 | params: [-0.71001426 -1.2507892  -2.23426738 -1.30863529 -2.15185363 -0.12231879
  1.75515331  3.18071662  1.71300686]
 Average call time: 2.31 sec | Current time: 2017-11-02 20:06:48.765239
 --------------------------
iteration: 97 | nc: 3 | ncalls: 137 | eff(%): 29.1 | logz: -1.1e+06 +/- 1.8e-01 | dlogz: 9.6e+05 >  0.500
 loglike: -1.1e+06 | params: [ 0.30425763 -1.52690824 -0.20572361 -1.86087337 -1.88980768 -0.56665175
  2.27131479  3.43778404  2.31813969]
 Average call time: 2.31 sec | Current time: 2017-11-02 20:06:55.725571
 --------------------------
iteration: 98 | nc: 2 | ncalls: 139 | eff(%): 29.2 | logz: -1.1e+06 +/- 1.8e-01 | dlogz: 9.5e+05 >  0.500
 loglike: -1.1e+06 | params: [-0.97720595 -0.49041804 -2.76865077  0.21210704  0.76015921  1.31100391
  2.66739708  1.709426    3.56839981]
 Average call time: 2.31 sec | Current time: 2017-11-02 20:07:00.332850
 --------------------------
iteration: 99 | nc: 2 | ncalls: 141 | eff(%): 29.3 | logz: -1.1e+06 +/- 1.8e-01 | dlogz: 9.5e+05 >  0.500
 loglike: -1.1e+06 | params: [-1.38777287 -0.21015985 -3.58978461  0.77262341  1.17905331 -0.02912101
  2.49598078  0.72135385  3.88137917]
 Average call time: 2.31 sec | Current time: 2017-11-02 20:07:04.936704
 --------------------------
iteration: 100 | nc: 1 | ncalls: 142 | eff(%): 29.5 | logz: -1.1e+06 +/- 1.8e-01 | dlogz: 9.5e+05 >  0.500
 loglike: -1.1e+06 | params: [ 0.49929919 -1.78285998  0.1843595  -2.37277685 -1.09460751  2.15316483
  0.48072717  3.64193612  3.2120886 ]
 Average call time: 2.31 sec | Current time: 2017-11-02 20:07:07.260098
 --------------------------
iteration: 101 | nc: 1 | ncalls: 143 | eff(%): 29.7 | logz: -1.1e+06 +/- 1.8e-01 | dlogz: 9.5e+05 >  0.500
 loglike: -1.1e+06 | params: [-0.59170225 -0.0352771  -1.99764338  1.12238891 -1.87408834 -1.59703921
 -0.85224128  0.49317725  4.21290378]
 Average call time: 2.31 sec | Current time: 2017-11-02 20:07:09.586474
 --------------------------
iteration: 102 | nc: 1 | ncalls: 144 | eff(%): 29.9 | logz: -1.1e+06 +/- 1.8e-01 | dlogz: 9.5e+05 >  0.500
 loglike: -1.1e+06 | params: [-0.65877274 -1.69963543 -2.13178435 -2.20632775 -1.46775142 -1.37750712
  0.0488107   3.16610294  1.23288902]
 Average call time: 2.31 sec | Current time: 2017-11-02 20:07:11.914913
 --------------------------
iteration: 103 | nc: 2 | ncalls: 146 | eff(%): 30.1 | logz: -1.1e+06 +/- 1.8e-01 | dlogz: 9.5e+05 >  0.500
 loglike: -1.1e+06 | params: [-1.13303595 -1.30271782 -3.08031077 -1.41249252 -0.48221875  0.73755083
  1.36277531  3.15336509  2.0821385 ]
 Average call time: 2.31 sec | Current time: 2017-11-02 20:07:16.575413
 --------------------------
iteration: 104 | nc: 2 | ncalls: 148 | eff(%): 30.2 | logz: -1.1e+06 +/- 1.8e-01 | dlogz: 9.5e+05 >  0.500
 loglike: -1.1e+06 | params: [ 0.2322313  -1.73776032 -0.34977628 -2.28257752 -1.63126692 -0.08818389
  2.7599709   3.20403691  1.46264017]
 Average call time: 2.31 sec | Current time: 2017-11-02 20:07:21.252482
 --------------------------
iteration: 105 | nc: 1 | ncalls: 149 | eff(%): 30.4 | logz: -1.1e+06 +/- 1.8e-01 | dlogz: 9.5e+05 >  0.500
 loglike: -1.1e+06 | params: [-1.42023269 -0.33135634 -3.65470426  0.53023044 -1.93591324  0.25425436
  2.36850348  0.2634244   3.70509743]
 Average call time: 2.31 sec | Current time: 2017-11-02 20:07:23.509060
 --------------------------
iteration: 106 | nc: 3 | ncalls: 152 | eff(%): 30.4 | logz: -1.1e+06 +/- 1.8e-01 | dlogz: 9.5e+05 >  0.500
 loglike: -1.1e+06 | params: [-0.86429005 -1.71437866 -2.54281897 -2.23581422  1.08809816 -0.87282638
  2.59413973  3.02086022  2.40829473]
 Average call time: 2.31 sec | Current time: 2017-11-02 20:07:30.479901
 --------------------------
iteration: 107 | nc: 1 | ncalls: 153 | eff(%): 30.6 | logz: -1.1e+06 +/- 1.8e-01 | dlogz: 9.5e+05 >  0.500
 loglike: -1.1e+06 | params: [-0.01570381 -1.80796982 -0.84564648 -2.42299652 -0.35725966  1.53631088
  2.85044421  2.63161777  2.0774276 ]
 Average call time: 2.31 sec | Current time: 2017-11-02 20:07:32.746517
 --------------------------
iteration: 108 | nc: 4 | ncalls: 157 | eff(%): 30.5 | logz: -1.1e+06 +/- 1.8e-01 | dlogz: 9.5e+05 >  0.500
 loglike: -1.1e+06 | params: [-0.6754886  -0.11075741 -2.16521607  0.97142829 -0.08661454 -1.09111429
  1.26220826  3.84361825  1.47208684]
 Average call time: 2.31 sec | Current time: 2017-11-02 20:07:42.086108
 --------------------------
iteration: 109 | nc: 1 | ncalls: 158 | eff(%): 30.7 | logz: -1.0e+06 +/- 1.8e-01 | dlogz: 9.5e+05 >  0.500
 loglike: -1.0e+06 | params: [-1.12995245 -1.74901175 -3.07414378 -2.30508039  1.52288437 -0.88727054
  2.63114527  1.90836156  3.4088399 ]
 Average call time: 2.31 sec | Current time: 2017-11-02 20:07:44.339788
 --------------------------
iteration: 110 | nc: 2 | ncalls: 160 | eff(%): 30.8 | logz: -1.0e+06 +/- 1.8e-01 | dlogz: 9.5e+05 >  0.500
 loglike: -1.0e+06 | params: [ 0.07746029 -1.36632776 -0.6593183  -1.5397124  -0.13175011  1.63835466
  0.6209633   3.31718363  1.51060158]
 Average call time: 2.31 sec | Current time: 2017-11-02 20:07:48.961485
 --------------------------
iteration: 111 | nc: 3 | ncalls: 163 | eff(%): 30.9 | logz: -1.0e+06 +/- 1.8e-01 | dlogz: 9.5e+05 >  0.500
 loglike: -1.0e+06 | params: [-0.14395281 -1.26427541 -1.1021445  -1.33560772 -1.85221268 -0.22691711
  2.60145797  2.8012442   2.61245354]
 Average call time: 2.31 sec | Current time: 2017-11-02 20:07:55.882449
 --------------------------
iteration: 112 | nc: 1 | ncalls: 164 | eff(%): 31.0 | logz: -1.0e+06 +/- 1.8e-01 | dlogz: 9.4e+05 >  0.500
 loglike: -1.0e+06 | params: [-0.43337967 -1.91335187 -1.68099822 -2.63376064 -0.1584124  -0.51948112
  0.88813694  0.55617033  3.36430911]
 Average call time: 2.31 sec | Current time: 2017-11-02 20:07:58.178612
 --------------------------
iteration: 113 | nc: 2 | ncalls: 166 | eff(%): 31.1 | logz: -1.0e+06 +/- 1.8e-01 | dlogz: 9.4e+05 >  0.500
 loglike: -1.0e+06 | params: [-1.10864964 -1.2353651  -3.03153816 -1.27778708 -2.18864998 -0.03156127
  2.80428857  0.60436386  1.41305787]
 Average call time: 2.31 sec | Current time: 2017-11-02 20:08:02.784008
 --------------------------
iteration: 114 | nc: 1 | ncalls: 167 | eff(%): 31.3 | logz: -1.0e+06 +/- 1.8e-01 | dlogz: 9.4e+05 >  0.500
 loglike: -1.0e+06 | params: [-0.95162764 -0.23318304 -2.71749415  0.72657704 -1.64703062 -0.44796766
  2.14072185  3.56220209  2.30948319]
 Average call time: 2.31 sec | Current time: 2017-11-02 20:08:05.029891
 --------------------------
iteration: 115 | nc: 1 | ncalls: 168 | eff(%): 31.5 | logz: -1.0e+06 +/- 1.8e-01 | dlogz: 9.4e+05 >  0.500
 loglike: -1.0e+06 | params: [-0.110236   -1.5056879  -1.03471087 -1.8184327   0.06277446  0.75257345
  0.97655076  3.21911253  0.98107583]
 Average call time: 2.31 sec | Current time: 2017-11-02 20:08:07.311222
 --------------------------
iteration: 116 | nc: 2 | ncalls: 170 | eff(%): 31.6 | logz: -1.0e+06 +/- 1.8e-01 | dlogz: 9.4e+05 >  0.500
 loglike: -1.0e+06 | params: [ 0.14431958 -0.74406987 -0.52559972 -0.29519663 -1.93245249 -0.69464421
  2.82325846  1.83579645  3.23247194]
 Average call time: 2.31 sec | Current time: 2017-11-02 20:08:11.933685
 --------------------------
iteration: 117 | nc: 1 | ncalls: 171 | eff(%): 31.8 | logz: -1.0e+06 +/- 1.8e-01 | dlogz: 9.4e+05 >  0.500
 loglike: -1.0e+06 | params: [-1.41680996 -1.37830489 -3.64785879 -1.56366666  0.72500293  1.34388569
  2.2865922   2.28415731  3.29804856]
 Average call time: 2.31 sec | Current time: 2017-11-02 20:08:14.210818
 --------------------------
iteration: 118 | nc: 8 | ncalls: 179 | eff(%): 31.4 | logz: -1.0e+06 +/- 1.7e-01 | dlogz: 9.4e+05 >  0.500
 loglike: -1.0e+06 | params: [-0.87949073 -0.30202865 -2.57322033  0.58888581  1.24123108  1.76144957
  2.34518412  3.45964181  1.95010567]
 Average call time: 2.31 sec | Current time: 2017-11-02 20:08:32.828410
 --------------------------
iteration: 119 | nc: 1 | ncalls: 180 | eff(%): 31.6 | logz: -1.0e+06 +/- 1.8e-01 | dlogz: 9.4e+05 >  0.500
 loglike: -1.0e+06 | params: [-0.31539623 -0.77989512 -1.44503133 -0.36684714 -0.35443471 -1.25912907
  2.38350438  3.06153377  2.42881582]
 Average call time: 2.31 sec | Current time: 2017-11-02 20:08:35.086873
 --------------------------
iteration: 120 | nc: 5 | ncalls: 185 | eff(%): 31.4 | logz: -1.0e+06 +/- 1.8e-01 | dlogz: 9.4e+05 >  0.500
 loglike: -1.0e+06 | params: [-0.53793891 -1.39262246 -1.89011669 -1.59230181  1.55899817  0.62332696
  2.21917171  1.94765189  3.46521327]
 Average call time: 2.31 sec | Current time: 2017-11-02 20:08:46.755554
 --------------------------
iteration: 121 | nc: 7 | ncalls: 192 | eff(%): 31.1 | logz: -1.0e+06 +/- 1.8e-01 | dlogz: 9.4e+05 >  0.500
 loglike: -1.0e+06 | params: [ 0.1276053  -1.30609028 -0.55902827 -1.41923744  0.6028813  -1.76160304
  1.75024987  0.67238996  3.55770501]
 Average call time: 2.31 sec | Current time: 2017-11-02 20:09:03.058192
 --------------------------
iteration: 122 | nc: 8 | ncalls: 200 | eff(%): 30.8 | logz: -1.0e+06 +/- 1.8e-01 | dlogz: 9.4e+05 >  0.500
 loglike: -1.0e+06 | params: [-0.327042   -1.01426429 -1.46832287 -0.83558548 -0.4547212  -0.77119212
  1.29631401  3.12276794  2.01787119]
 Average call time: 2.32 sec | Current time: 2017-11-02 20:09:21.886574
 --------------------------
iteration: 123 | nc: 2 | ncalls: 202 | eff(%): 30.8 | logz: -1.0e+06 +/- 1.8e-01 | dlogz: 9.4e+05 >  0.500
 loglike: -1.0e+06 | params: [-1.10155497 -0.9904511  -3.01734882 -0.78795909  0.62715389  1.81599616
 -0.18225522  2.70401105  3.28758026]
 Average call time: 2.32 sec | Current time: 2017-11-02 20:09:26.562091
 --------------------------
iteration: 124 | nc: 1 | ncalls: 203 | eff(%): 31.0 | logz: -1.0e+06 +/- 1.8e-01 | dlogz: 9.4e+05 >  0.500
 loglike: -1.0e+06 | params: [-1.4786165  -1.81383544 -3.77147187 -2.43472778 -1.86778694  0.6711932
 -0.07696349  2.43876489  3.15514223]
 Average call time: 2.32 sec | Current time: 2017-11-02 20:09:28.827989
 --------------------------
iteration: 125 | nc: 4 | ncalls: 207 | eff(%): 31.0 | logz: -1.0e+06 +/- 1.8e-01 | dlogz: 9.4e+05 >  0.500
 loglike: -1.0e+06 | params: [ 0.38641377 -1.28646463 -0.04141133 -1.37998616 -2.27693965  0.05595326
 -0.85390003  2.1056085   3.70410921]
 Average call time: 2.32 sec | Current time: 2017-11-02 20:09:38.081735
 --------------------------
iteration: 126 | nc: 1 | ncalls: 208 | eff(%): 31.1 | logz: -1.0e+06 +/- 1.8e-01 | dlogz: 9.4e+05 >  0.500
 loglike: -1.0e+06 | params: [ 0.14581576 -1.45053274 -0.52260736 -1.70812237 -2.19724893 -1.24638177
 -1.05775972  3.23825955  2.33202071]
 Average call time: 2.32 sec | Current time: 2017-11-02 20:09:40.320339
 --------------------------
iteration: 127 | nc: 1 | ncalls: 209 | eff(%): 31.3 | logz: -1.0e+06 +/- 1.8e-01 | dlogz: 9.4e+05 >  0.500
 loglike: -1.0e+06 | params: [-0.38862711 -1.85416799 -1.5914931  -2.51539288 -0.89007736  0.00620121
  1.99043139  2.99036393  1.86035221]
 Average call time: 2.31 sec | Current time: 2017-11-02 20:09:42.583348
 --------------------------
iteration: 128 | nc: 2 | ncalls: 211 | eff(%): 31.4 | logz: -1.0e+06 +/- 1.8e-01 | dlogz: 9.4e+05 >  0.500
 loglike: -1.0e+06 | params: [-1.23879566 -1.92029703 -3.2918302  -2.64765094  0.95507967 -1.74760344
  1.76958916  3.19811138  2.11948797]
 Average call time: 2.31 sec | Current time: 2017-11-02 20:09:47.151573
 --------------------------
iteration: 129 | nc: 1 | ncalls: 212 | eff(%): 31.6 | logz: -1.0e+06 +/- 1.8e-01 | dlogz: 9.4e+05 >  0.500
 loglike: -1.0e+06 | params: [-1.48690745 -1.00301303 -3.78805377 -0.81308294 -0.00960333 -0.6375651
  0.72329959  2.09099218  3.27817085]
 Average call time: 2.31 sec | Current time: 2017-11-02 20:09:49.416580
 --------------------------
iteration: 130 | nc: 1 | ncalls: 213 | eff(%): 31.7 | logz: -1.0e+06 +/- 1.8e-01 | dlogz: 9.3e+05 >  0.500
 loglike: -1.0e+06 | params: [-1.24593608 -1.94913433 -3.30611104 -2.70532555  0.75209179 -1.21943628
  2.87508018  0.89233734  1.10533495]
 Average call time: 2.31 sec | Current time: 2017-11-02 20:09:51.695740
 --------------------------
iteration: 131 | nc: 6 | ncalls: 219 | eff(%): 31.5 | logz: -1.0e+06 +/- 1.8e-01 | dlogz: 9.3e+05 >  0.500
 loglike: -1.0e+06 | params: [-1.31822516 -0.95270495 -3.45068919 -0.7124668   1.1742354   2.01666857
  1.69902235  3.1647086   2.31396572]
 Average call time: 2.31 sec | Current time: 2017-11-02 20:10:05.679281
 --------------------------
iteration: 132 | nc: 3 | ncalls: 222 | eff(%): 31.5 | logz: -1.0e+06 +/- 1.8e-01 | dlogz: 9.3e+05 >  0.500
 loglike: -1.0e+06 | params: [-1.26413597 -0.7215177  -3.34251081 -0.25009229 -0.38266625 -0.21944168
 -0.53946267  0.83493244  3.33576758]
 Average call time: 2.31 sec | Current time: 2017-11-02 20:10:12.648644
 --------------------------
iteration: 133 | nc: 2 | ncalls: 224 | eff(%): 31.6 | logz: -1.0e+06 +/- 1.8e-01 | dlogz: 9.3e+05 >  0.500
 loglike: -1.0e+06 | params: [-1.13482254 -0.1964079  -3.08388395  0.80012731  0.42196793  1.06847895
  2.47662095  3.22524826  3.3321534 ]
 Average call time: 2.31 sec | Current time: 2017-11-02 20:10:17.240971
 --------------------------
iteration: 134 | nc: 4 | ncalls: 228 | eff(%): 31.5 | logz: -1.0e+06 +/- 1.8e-01 | dlogz: 9.3e+05 >  0.500
 loglike: -1.0e+06 | params: [-0.05006692 -0.77277576 -0.91437271 -0.3526084   0.78385989  1.9752542
 -0.76345541  0.93760742  3.46166063]
 Average call time: 2.32 sec | Current time: 2017-11-02 20:10:26.601254
 --------------------------
iteration: 135 | nc: 2 | ncalls: 230 | eff(%): 31.6 | logz: -1.0e+06 +/- 1.8e-01 | dlogz: 9.3e+05 >  0.500
 loglike: -1.0e+06 | params: [ 0.26359298 -0.32991519 -0.28705291  0.53311273  0.18196325 -0.88399139
 -0.6423492   3.62033291  1.52778356]
 Average call time: 2.31 sec | Current time: 2017-11-02 20:10:31.202226
 --------------------------
iteration: 136 | nc: 1 | ncalls: 231 | eff(%): 31.8 | logz: -1.0e+06 +/- 1.8e-01 | dlogz: 9.3e+05 >  0.500
 loglike: -1.0e+06 | params: [-1.28337701 -0.44763855 -3.3809929   0.297666    0.72576725  1.20826076
  2.53388206  2.74308418  3.20900461]
 Average call time: 2.31 sec | Current time: 2017-11-02 20:10:33.464057
 --------------------------
iteration: 137 | nc: 4 | ncalls: 235 | eff(%): 31.7 | logz: -1.0e+06 +/- 1.8e-01 | dlogz: 9.3e+05 >  0.500
 loglike: -1.0e+06 | params: [ 0.12070647 -0.07179758 -0.57282594  1.04934794  1.42671154  0.52650712
  0.12228288  3.78227598  1.13813611]
 Average call time: 2.32 sec | Current time: 2017-11-02 20:10:42.900626
 --------------------------
iteration: 138 | nc: 1 | ncalls: 236 | eff(%): 31.9 | logz: -1.0e+06 +/- 1.8e-01 | dlogz: 9.3e+05 >  0.500
 loglike: -1.0e+06 | params: [-0.60517988 -1.7872296  -2.02459863 -2.38151609  0.2568944   0.17093861
  0.51309513  3.02056694  1.62389592]
 Average call time: 2.32 sec | Current time: 2017-11-02 20:10:45.186508
 --------------------------
iteration: 139 | nc: 1 | ncalls: 237 | eff(%): 32.0 | logz: -1.0e+06 +/- 1.8e-01 | dlogz: 9.3e+05 >  0.500
 loglike: -1.0e+06 | params: [ 0.4211359  -1.18348206  0.02803293 -1.17402101  0.87885102 -0.47872794
 -0.94255374  3.47144104  1.45959271]
 Average call time: 2.32 sec | Current time: 2017-11-02 20:10:47.456046
 --------------------------
iteration: 140 | nc: 1 | ncalls: 238 | eff(%): 32.2 | logz: -1.0e+06 +/- 1.8e-01 | dlogz: 9.2e+05 >  0.500
 loglike: -1.0e+06 | params: [-0.69553074 -1.08578021 -2.20530035 -0.9786173  -0.87218049  0.79420401
  2.40112643  2.39928339  2.64769611]
 Average call time: 2.32 sec | Current time: 2017-11-02 20:10:49.789686
 --------------------------
iteration: 141 | nc: 2 | ncalls: 240 | eff(%): 32.3 | logz: -1.0e+06 +/- 1.8e-01 | dlogz: 9.2e+05 >  0.500
 loglike: -1.0e+06 | params: [ 0.07851623 -1.80297697 -0.65720642 -2.41301083 -0.63481572 -0.3154776
  2.20666348  2.9564418   2.35553758]
 Average call time: 2.32 sec | Current time: 2017-11-02 20:10:54.444777
 --------------------------
iteration: 142 | nc: 1 | ncalls: 241 | eff(%): 32.4 | logz: -1.0e+06 +/- 1.8e-01 | dlogz: 9.2e+05 >  0.500
 loglike: -1.0e+06 | params: [-1.24339726 -1.7737645  -3.30103339 -2.35458589 -1.5129536   1.721193
  0.67995795  2.89743174  2.4966949 ]
 Average call time: 2.32 sec | Current time: 2017-11-02 20:10:56.701397
 --------------------------
iteration: 143 | nc: 5 | ncalls: 246 | eff(%): 32.3 | logz: -1.0e+06 +/- 1.8e-01 | dlogz: 9.2e+05 >  0.500
 loglike: -1.0e+06 | params: [-1.06141765 -0.25495267 -2.93707417  0.68303777  0.18731492  0.05385688
 -0.18696911  3.44388031  1.32959958]
 Average call time: 2.32 sec | Current time: 2017-11-02 20:11:08.290252
 --------------------------
iteration: 144 | nc: 4 | ncalls: 250 | eff(%): 32.2 | logz: -1.0e+06 +/- 1.8e-01 | dlogz: 9.2e+05 >  0.500
 loglike: -1.0e+06 | params: [-0.30473533 -1.15426806 -1.42370953 -1.11559301  1.32979963  2.13772907
  1.06762496  3.02953134  1.04747142]
 Average call time: 2.32 sec | Current time: 2017-11-02 20:11:17.647153
 --------------------------
iteration: 145 | nc: 3 | ncalls: 253 | eff(%): 32.2 | logz: -1.0e+06 +/- 1.8e-01 | dlogz: 9.2e+05 >  0.500
 loglike: -1.0e+06 | params: [-0.08819663 -1.5683567  -0.99063213 -1.94377029  0.48591197  2.07803324
 -0.88255438  2.96826432  1.65141295]
 Average call time: 2.32 sec | Current time: 2017-11-02 20:11:24.749100
 --------------------------
iteration: 146 | nc: 1 | ncalls: 254 | eff(%): 32.4 | logz: -1.0e+06 +/- 1.8e-01 | dlogz: 9.2e+05 >  0.500
 loglike: -1.0e+06 | params: [ 0.15419545 -1.08921726 -0.50584797 -0.98549141  0.3701881   0.71376648
  1.49980171  3.18586904  0.93644328]
 Average call time: 2.32 sec | Current time: 2017-11-02 20:11:26.984503
 --------------------------
iteration: 147 | nc: 2 | ncalls: 256 | eff(%): 32.5 | logz: -1.0e+06 +/- 1.8e-01 | dlogz: 9.2e+05 >  0.500
 loglike: -1.0e+06 | params: [-1.3945408  -1.91464229 -3.60332048 -2.63634148 -0.28840673  0.57536295
 -0.79471673  2.94785575  1.40008785]
 Average call time: 2.32 sec | Current time: 2017-11-02 20:11:31.690998
 --------------------------
iteration: 148 | nc: 1 | ncalls: 257 | eff(%): 32.6 | logz: -1.0e+06 +/- 1.8e-01 | dlogz: 9.2e+05 >  0.500
 loglike: -1.0e+06 | params: [-1.47808297 -1.35975329 -3.77040482 -1.52656347 -0.2972363   0.68075136
  2.40232494  2.67314975  1.02628594]
 Average call time: 2.32 sec | Current time: 2017-11-02 20:11:33.981093
 --------------------------
iteration: 149 | nc: 2 | ncalls: 259 | eff(%): 32.7 | logz: -1.0e+06 +/- 1.8e-01 | dlogz: 9.2e+05 >  0.500
 loglike: -1.0e+06 | params: [-0.25407568 -1.17407466 -1.32239024 -1.15520621 -0.95189991 -1.69174313
  2.34886444  2.79990591  1.28542074]
 Average call time: 2.32 sec | Current time: 2017-11-02 20:11:38.562646
 --------------------------
iteration: 150 | nc: 1 | ncalls: 260 | eff(%): 32.8 | logz: -1.0e+06 +/- 1.8e-01 | dlogz: 9.2e+05 >  0.500
 loglike: -1.0e+06 | params: [-0.12763985 -1.51923492 -1.06951857 -1.84552674  0.74756643  1.58775493
  1.78745367  2.87797363  2.82493804]
 Average call time: 2.32 sec | Current time: 2017-11-02 20:11:40.853701
 --------------------------
iteration: 151 | nc: 1 | ncalls: 261 | eff(%): 33.0 | logz: -1.0e+06 +/- 1.8e-01 | dlogz: 9.2e+05 >  0.500
 loglike: -1.0e+06 | params: [-0.06579815 -0.69853336 -0.94583517 -0.20412362 -1.86468879 -1.57891105
  0.09703548  2.88495228  3.29056287]
 Average call time: 2.32 sec | Current time: 2017-11-02 20:11:43.126693
 --------------------------
iteration: 152 | nc: 2 | ncalls: 263 | eff(%): 33.0 | logz: -1.0e+06 +/- 1.8e-01 | dlogz: 9.2e+05 >  0.500
 loglike: -1.0e+06 | params: [-0.45833756 -0.81798187 -1.730914   -0.44302063 -0.62599026 -1.26612288
  2.72132604  1.77967216  1.45563483]
 Average call time: 2.32 sec | Current time: 2017-11-02 20:11:47.714927
 --------------------------
iteration: 153 | nc: 1 | ncalls: 264 | eff(%): 33.2 | logz: -1.0e+06 +/- 1.8e-01 | dlogz: 9.1e+05 >  0.500
 loglike: -1.0e+06 | params: [ 0.37814083 -1.96031373 -0.05795721 -2.72768434 -1.02509944 -1.37507101
  2.00342836  3.14020377  2.845196  ]
 Average call time: 2.32 sec | Current time: 2017-11-02 20:11:49.958821
 --------------------------
iteration: 154 | nc: 1 | ncalls: 265 | eff(%): 33.3 | logz: -1.0e+06 +/- 1.8e-01 | dlogz: 9.1e+05 >  0.500
 loglike: -1.0e+06 | params: [-0.67984411 -1.9161972  -2.1739271  -2.6394513  -1.70739739  0.42345312
 -0.43216571  2.37503497  2.99155129]
 Average call time: 2.32 sec | Current time: 2017-11-02 20:11:52.258111
 --------------------------
iteration: 155 | nc: 1 | ncalls: 266 | eff(%): 33.5 | logz: -1.0e+06 +/- 1.8e-01 | dlogz: 9.1e+05 >  0.500
 loglike: -1.0e+06 | params: [-1.13083333 -0.3394655  -3.07590553  0.5140121   1.53821798  0.47753649
  2.87173406  0.68557155  3.16234173]
 Average call time: 2.31 sec | Current time: 2017-11-02 20:11:54.495114
 --------------------------
iteration: 156 | nc: 2 | ncalls: 268 | eff(%): 33.5 | logz: -1.0e+06 +/- 1.8e-01 | dlogz: 9.1e+05 >  0.500
 loglike: -1.0e+06 | params: [ 0.36827171 -1.05841329 -0.07769545 -0.92388347 -0.35470665 -0.78623299
 -0.72814356  3.30397848  1.50674539]
 Average call time: 2.31 sec | Current time: 2017-11-02 20:11:59.071627
 --------------------------
iteration: 157 | nc: 10 | ncalls: 278 | eff(%): 33.1 | logz: -1.0e+06 +/- 1.8e-01 | dlogz: 9.1e+05 >  0.500
 loglike: -1.0e+06 | params: [-0.89420311 -1.96964982 -2.6026451  -2.74635653 -0.55066997  0.97519342
 -0.85956682  2.78463873  2.3174505 ]
 Average call time: 2.32 sec | Current time: 2017-11-02 20:12:22.406840
 --------------------------
iteration: 158 | nc: 2 | ncalls: 280 | eff(%): 33.1 | logz: -1.0e+06 +/- 1.8e-01 | dlogz: 9.1e+05 >  0.500
 loglike: -1.0e+06 | params: [-0.3974684  -1.3110648  -1.60917568 -1.42918649  1.3615129   1.17509719
  2.08110014  2.61671751  3.12867353]
 Average call time: 2.32 sec | Current time: 2017-11-02 20:12:27.075974
 --------------------------
iteration: 159 | nc: 1 | ncalls: 281 | eff(%): 33.3 | logz: -1.0e+06 +/- 1.8e-01 | dlogz: 9.1e+05 >  0.500
 loglike: -1.0e+06 | params: [ 0.20597513 -0.80575392 -0.40228861 -0.41856472  1.25819072 -1.1272898
  2.80467998  2.7261289   1.50360516]
 Average call time: 2.32 sec | Current time: 2017-11-02 20:12:29.359108
 --------------------------
iteration: 160 | nc: 3 | ncalls: 284 | eff(%): 33.3 | logz: -1.0e+06 +/- 1.8e-01 | dlogz: 9.1e+05 >  0.500
 loglike: -1.0e+06 | params: [-1.19485445 -0.86318077 -3.20394777 -0.53341843 -0.29124761  1.96756016
  0.79770632  2.11883131  3.08304705]
 Average call time: 2.32 sec | Current time: 2017-11-02 20:12:36.393237
 --------------------------
iteration: 161 | nc: 1 | ncalls: 285 | eff(%): 33.4 | logz: -1.0e+06 +/- 1.8e-01 | dlogz: 9.1e+05 >  0.500
 loglike: -1.0e+06 | params: [-0.18082295 -1.28039622 -1.17588477 -1.36784933 -0.11373994 -0.50129281
  2.65334713  0.35411186  1.94424509]
 Average call time: 2.32 sec | Current time: 2017-11-02 20:12:38.721795
 --------------------------
iteration: 162 | nc: 3 | ncalls: 288 | eff(%): 33.4 | logz: -1.0e+06 +/- 1.8e-01 | dlogz: 9.1e+05 >  0.500
 loglike: -1.0e+06 | params: [-1.10230904 -1.62745843 -3.01885696 -2.06197375 -0.52368126  1.85529042
  1.24622332  0.97950139  3.0604278 ]
 Average call time: 2.32 sec | Current time: 2017-11-02 20:12:45.563678
 --------------------------
iteration: 163 | nc: 10 | ncalls: 298 | eff(%): 32.9 | logz: -1.0e+06 +/- 1.8e-01 | dlogz: 9.1e+05 >  0.500
 loglike: -1.0e+06 | params: [-1.39905887 -1.83466297 -3.61235661 -2.47638282 -2.24981095  0.02295953
  1.29158426  0.83575043  3.01165308]
 Average call time: 2.32 sec | Current time: 2017-11-02 20:13:08.906612
 --------------------------
iteration: 164 | nc: 1 | ncalls: 299 | eff(%): 33.1 | logz: -1.0e+06 +/- 1.8e-01 | dlogz: 9.1e+05 >  0.500
 loglike: -1.0e+06 | params: [-0.74575288 -0.10940445 -2.30574463  0.9741342  -0.32076623  1.30460685
  2.32253601  1.82609457  3.67729556]
 Average call time: 2.32 sec | Current time: 2017-11-02 20:13:11.172298
 --------------------------
iteration: 165 | nc: 7 | ncalls: 306 | eff(%): 32.8 | logz: -1.0e+06 +/- 1.8e-01 | dlogz: 9.1e+05 >  0.500
 loglike: -1.0e+06 | params: [-0.71453667 -1.71885871 -2.24331221 -2.24477431 -2.19559936 -1.46723764
  2.42422812  0.78119693  2.38708073]
 Average call time: 2.32 sec | Current time: 2017-11-02 20:13:27.577598
 --------------------------
iteration: 166 | nc: 1 | ncalls: 307 | eff(%): 32.9 | logz: -1.0e+06 +/- 1.8e-01 | dlogz: 9.0e+05 >  0.500
 loglike: -1.0e+06 | params: [-0.74719168 -1.40614543 -2.30862224 -1.61934776 -0.91636747  1.47264254
  2.48082774  1.8178082   0.944292  ]
 Average call time: 2.32 sec | Current time: 2017-11-02 20:13:29.878587
 --------------------------
iteration: 167 | nc: 1 | ncalls: 308 | eff(%): 33.1 | logz: -1.0e+06 +/- 1.8e-01 | dlogz: 9.0e+05 >  0.500
 loglike: -1.0e+06 | params: [-0.11359333 -1.2656046  -1.04142552 -1.3382661  -1.47437909  1.30204736
  1.78309024  2.9344221   1.06250032]
 Average call time: 2.32 sec | Current time: 2017-11-02 20:13:32.138706
 --------------------------
iteration: 168 | nc: 3 | ncalls: 311 | eff(%): 33.1 | logz: -1.0e+06 +/- 1.8e-01 | dlogz: 9.0e+05 >  0.500
 loglike: -1.0e+06 | params: [ 0.15874026 -1.84768962 -0.49675835 -2.50243614 -0.31787457  2.09811043
  0.57322597  2.6518969   2.67780765]
 Average call time: 2.32 sec | Current time: 2017-11-02 20:13:39.087415
 --------------------------
iteration: 169 | nc: 3 | ncalls: 314 | eff(%): 33.1 | logz: -1.0e+06 +/- 1.8e-01 | dlogz: 9.0e+05 >  0.500
 loglike: -1.0e+06 | params: [-1.46133348 -0.10223659 -3.73690583  0.98846993 -0.25595287  0.51092578
  0.72722448  1.57478193  3.63932809]
 Average call time: 2.32 sec | Current time: 2017-11-02 20:13:45.971122
 --------------------------
iteration: 170 | nc: 1 | ncalls: 315 | eff(%): 33.2 | logz: -1.0e+06 +/- 1.8e-01 | dlogz: 9.0e+05 >  0.500
 loglike: -1.0e+06 | params: [ 0.45983867 -1.11132874  0.10543846 -1.02971438  0.82657291  2.04039088
  1.21037375  2.7011575   3.38087868]
 Average call time: 2.32 sec | Current time: 2017-11-02 20:13:48.263092
 --------------------------
iteration: 171 | nc: 2 | ncalls: 317 | eff(%): 33.3 | logz: -1.0e+06 +/- 1.8e-01 | dlogz: 9.0e+05 >  0.500
 loglike: -1.0e+06 | params: [-0.26511658 -0.17575423 -1.34447204  0.84143465  0.75795181  2.13017097
  2.71147665  3.2764496   2.07653812]
 Average call time: 2.32 sec | Current time: 2017-11-02 20:13:52.877847
 --------------------------
iteration: 172 | nc: 3 | ncalls: 320 | eff(%): 33.3 | logz: -1.0e+06 +/- 1.8e-01 | dlogz: 9.0e+05 >  0.500
 loglike: -1.0e+06 | params: [-0.46137717 -1.5220581  -1.73699321 -1.85117309  0.51403484  2.14614601
  1.56376592  2.39394868  2.36393172]
 Average call time: 2.32 sec | Current time: 2017-11-02 20:13:59.852655
 --------------------------
iteration: 173 | nc: 1 | ncalls: 321 | eff(%): 33.4 | logz: -1.0e+06 +/- 1.8e-01 | dlogz: 9.7e+05 >  0.500
 loglike: -1.0e+06 | params: [ 0.25873181 -0.11480848 -0.29677526  0.96332615  0.47573836  1.74838747
  2.49591289  2.92870672  3.52881881]
 Average call time: 2.32 sec | Current time: 2017-11-02 20:14:02.121679
 --------------------------
iteration: 174 | nc: 9 | ncalls: 330 | eff(%): 33.0 | logz: -1.0e+06 +/- 1.9e-01 | dlogz: 9.7e+05 >  0.500
 loglike: -1.0e+06 | params: [ 0.44117842 -1.4354547   0.06811797 -1.67796629  0.22713829  1.27018907
  2.65824963  2.78102517  2.73761503]
 Average call time: 2.32 sec | Current time: 2017-11-02 20:14:23.127355
 --------------------------
iteration: 175 | nc: 1 | ncalls: 331 | eff(%): 33.1 | logz: -1.0e+06 +/- 1.9e-01 | dlogz: 9.6e+05 >  0.500
 loglike: -1.0e+06 | params: [-0.74507517 -1.96916968 -2.3043892  -2.74539625 -1.05875727  1.79322573
  0.62865519  2.56722186  2.36257531]
 Average call time: 2.32 sec | Current time: 2017-11-02 20:14:25.414339
 --------------------------
iteration: 176 | nc: 2 | ncalls: 333 | eff(%): 33.2 | logz: -9.9e+05 +/- 1.9e-01 | dlogz: 9.6e+05 >  0.500
 loglike: -9.9e+05 | params: [-0.33615568 -1.12077781 -1.48655024 -1.04861252  1.2160022   0.25766699
  2.4222608   2.68954662  1.45371518]
 Average call time: 2.32 sec | Current time: 2017-11-02 20:14:29.997645
 --------------------------
iteration: 177 | nc: 6 | ncalls: 339 | eff(%): 33.0 | logz: -9.9e+05 +/- 1.9e-01 | dlogz: 9.6e+05 >  0.500
 loglike: -9.9e+05 | params: [-0.45745257 -0.0820039  -1.72914402  1.02893531  0.63857414  1.37555073
  0.19451211  1.61570949  3.6837607 ]
 Average call time: 2.32 sec | Current time: 2017-11-02 20:14:43.968152
 --------------------------
iteration: 178 | nc: 3 | ncalls: 342 | eff(%): 33.0 | logz: -9.9e+05 +/- 1.9e-01 | dlogz: 9.6e+05 >  0.500
 loglike: -9.9e+05 | params: [-0.34406277 -0.03809733 -1.50236442  1.11674845 -0.14956904 -1.38647399
  0.13112478  2.43772953  3.71256203]
 Average call time: 2.32 sec | Current time: 2017-11-02 20:14:50.902196
 --------------------------
iteration: 179 | nc: 1 | ncalls: 343 | eff(%): 33.1 | logz: -9.8e+05 +/- 1.9e-01 | dlogz: 9.6e+05 >  0.500
 loglike: -9.8e+05 | params: [ 0.01332689 -1.84585628 -0.7875851  -2.49876945 -0.867936    1.77699646
  1.67825143  1.40413405  3.00882112]
 Average call time: 2.32 sec | Current time: 2017-11-02 20:14:53.165854
 --------------------------
iteration: 180 | nc: 1 | ncalls: 344 | eff(%): 33.3 | logz: -9.8e+05 +/- 1.9e-01 | dlogz: 9.5e+05 >  0.500
 loglike: -9.8e+05 | params: [-0.07520081 -1.932216   -0.96464049 -2.67148889  0.90792362  1.00612812
  0.8499561   0.14938367  3.24311385]
 Average call time: 2.32 sec | Current time: 2017-11-02 20:14:55.419909
 --------------------------
iteration: 181 | nc: 1 | ncalls: 345 | eff(%): 33.4 | logz: -9.8e+05 +/- 1.9e-01 | dlogz: 9.5e+05 >  0.500
 loglike: -9.8e+05 | params: [-1.41129871 -0.11168282 -3.63683629  0.96957746  1.17686378  1.68747101
  0.29672848  2.33823648  3.53236324]
 Average call time: 2.32 sec | Current time: 2017-11-02 20:14:57.657560
 --------------------------
iteration: 182 | nc: 3 | ncalls: 348 | eff(%): 33.4 | logz: -9.7e+05 +/- 1.9e-01 | dlogz: 9.4e+05 >  0.500
 loglike: -9.7e+05 | params: [-0.52249594 -0.12280931 -1.85923075  0.9473245  -1.69578901 -1.62087639
  0.40090776  2.4724848   3.49862739]
 Average call time: 2.32 sec | Current time: 2017-11-02 20:15:04.611174
 --------------------------
iteration: 183 | nc: 4 | ncalls: 352 | eff(%): 33.3 | logz: -9.7e+05 +/- 1.9e-01 | dlogz: 9.4e+05 >  0.500
 loglike: -9.7e+05 | params: [-1.18652649 -0.16685699 -3.18729184  0.85922913  0.48247734  0.39988807
 -0.39038121  2.93644364  3.27401321]
 Average call time: 2.32 sec | Current time: 2017-11-02 20:15:13.821368
 --------------------------
iteration: 184 | nc: 3 | ncalls: 355 | eff(%): 33.3 | logz: -9.7e+05 +/- 1.9e-01 | dlogz: 9.4e+05 >  0.500
 loglike: -9.7e+05 | params: [-1.2873025  -1.41349689 -3.38884386 -1.63405066 -0.28367742  1.62714718
  2.35140459  1.53460626  1.32804413]
 Average call time: 2.32 sec | Current time: 2017-11-02 20:15:20.720867
 --------------------------
iteration: 185 | nc: 2 | ncalls: 357 | eff(%): 33.4 | logz: -9.7e+05 +/- 1.9e-01 | dlogz: 9.4e+05 >  0.500
 loglike: -9.7e+05 | params: [-0.68492937 -1.25746219 -2.18409761 -1.32198127  0.97143278  0.04514941
  1.21586798  0.77146514  3.12416726]
 Average call time: 2.32 sec | Current time: 2017-11-02 20:15:25.289970
 --------------------------
iteration: 186 | nc: 2 | ncalls: 359 | eff(%): 33.5 | logz: -9.7e+05 +/- 1.9e-01 | dlogz: 9.4e+05 >  0.500
 loglike: -9.7e+05 | params: [-0.86989308 -1.53213581 -2.55402503 -1.87132851  0.32766267  0.69932927
  1.25222937  2.72170501  1.57220947]
 Average call time: 2.32 sec | Current time: 2017-11-02 20:15:29.941384
 --------------------------
iteration: 187 | nc: 1 | ncalls: 360 | eff(%): 33.6 | logz: -9.7e+05 +/- 1.9e-01 | dlogz: 9.4e+05 >  0.500
 loglike: -9.7e+05 | params: [-0.82452554 -0.99073744 -2.46328995 -0.78853177 -0.43462822 -0.43697243
 -0.3141704   0.74836951  3.17960037]
 Average call time: 2.32 sec | Current time: 2017-11-02 20:15:32.196785
 --------------------------
iteration: 188 | nc: 9 | ncalls: 369 | eff(%): 33.2 | logz: -9.6e+05 +/- 1.9e-01 | dlogz: 9.4e+05 >  0.500
 loglike: -9.6e+05 | params: [ 0.31986174 -1.753391   -0.17451539 -2.31383889  1.17498193 -1.01791481
  2.60422475  2.10030961  2.37555051]
 Average call time: 2.32 sec | Current time: 2017-11-02 20:15:53.060762
 --------------------------
iteration: 189 | nc: 1 | ncalls: 370 | eff(%): 33.3 | logz: -9.6e+05 +/- 1.9e-01 | dlogz: 9.3e+05 >  0.500
 loglike: -9.6e+05 | params: [-0.40551189 -1.9166636  -1.62526265 -2.64038409 -2.04351271  2.11339783
 -0.19934113  0.63442844  2.02111622]
 Average call time: 2.32 sec | Current time: 2017-11-02 20:15:55.342285
 --------------------------
iteration: 190 | nc: 1 | ncalls: 371 | eff(%): 33.5 | logz: -9.6e+05 +/- 1.9e-01 | dlogz: 9.3e+05 >  0.500
 loglike: -9.6e+05 | params: [-1.37255849 -1.39033032 -3.55935585 -1.58771754 -1.3564829   1.35026889
  1.94618929  2.35584459  1.48590572]
 Average call time: 2.31 sec | Current time: 2017-11-02 20:15:57.598674
 --------------------------
iteration: 191 | nc: 2 | ncalls: 373 | eff(%): 33.5 | logz: -9.5e+05 +/- 1.9e-01 | dlogz: 9.3e+05 >  0.500
 loglike: -9.5e+05 | params: [-1.46464436 -1.02546858 -3.7435276  -0.85799406 -0.20540575 -1.03516262
  2.21851794  1.91719924  1.96711036]
 Average call time: 2.31 sec | Current time: 2017-11-02 20:16:02.233192
 --------------------------
iteration: 192 | nc: 1 | ncalls: 374 | eff(%): 33.6 | logz: -9.5e+05 +/- 1.9e-01 | dlogz: 9.2e+05 >  0.500
 loglike: -9.5e+05 | params: [-0.50015967 -0.17149612 -1.81455822  0.84995087 -0.75449435 -1.03666055
  1.45055404  1.70805363  3.39246027]
 Average call time: 2.31 sec | Current time: 2017-11-02 20:16:04.486770
 --------------------------
iteration: 193 | nc: 5 | ncalls: 379 | eff(%): 33.5 | logz: -9.5e+05 +/- 1.9e-01 | dlogz: 9.2e+05 >  0.500
 loglike: -9.5e+05 | params: [ 0.14453062 -0.38517142 -0.52517764  0.42260026 -1.63767802  0.71505718
  2.20612807  1.98790143  3.25694641]
 Average call time: 2.31 sec | Current time: 2017-11-02 20:16:16.033701
 --------------------------
iteration: 194 | nc: 1 | ncalls: 380 | eff(%): 33.6 | logz: -9.5e+05 +/- 1.9e-01 | dlogz: 9.2e+05 >  0.500
 loglike: -9.5e+05 | params: [-1.33293223 -0.80281226 -3.48010333 -0.41268142  0.98011183 -1.10513221
  2.52814637  0.52320211  1.44282953]
 Average call time: 2.31 sec | Current time: 2017-11-02 20:16:18.298786
 --------------------------
iteration: 195 | nc: 3 | ncalls: 383 | eff(%): 33.6 | logz: -9.5e+05 +/- 1.9e-01 | dlogz: 9.2e+05 >  0.500
 loglike: -9.5e+05 | params: [-1.43237841 -1.06427505 -3.6789957  -0.93560699 -0.2408385  -1.01905299
 -0.2085368   2.72191741  1.01402192]
 Average call time: 2.31 sec | Current time: 2017-11-02 20:16:25.252094
 --------------------------
iteration: 196 | nc: 1 | ncalls: 384 | eff(%): 33.7 | logz: -9.5e+05 +/- 1.9e-01 | dlogz: 9.2e+05 >  0.500
 loglike: -9.5e+05 | params: [-1.20496986 -0.83989193 -3.2241786  -0.48684076 -2.0701823  -0.0170058
  2.31289804  1.41089878  2.28591427]
 Average call time: 2.31 sec | Current time: 2017-11-02 20:16:27.520969
 --------------------------
