GPU acceleration enabled
Loading Setup File: setup_files/m49_taunomu.py
using given n: 0
Starting SourceModule Code
Past the SourceModule code
CUDAC Available
Running Nested Sampling
dynamic:  True
{'pool': None, 'bound': 'multi', 'method': 'unif', 'nprocs': 1, 'update_interval': 1, 'bootstrap': 0, 'enlarge': 1.1, 'first_update': {'min_eff': 30.0}}
{'nlive_init': 500, 'maxcall': 200000, 'dlogz_init': 0.5, 'maxbatch': 10, 'nlive_batch': 100, 'wt_kwargs': {'pfrac': 1.0}, 'maxcall_per_it': 1000, 'print_progress': True, 'save_bounds': False}
-initializing models
-Saving initial results dataframe
Dynamic Sampler Initialized
iter: 1 | batch: 0 | nc: 1 | ncalls: 1 | eff(%):  0.200 | logz: -7.2e+05 +/- 1.2e-01 | dlogz:    inf >  0.500
 loglike: -7.2e+05 | params: [-0.3546815  -1.8793378   6.99981862 19.94786891]
 Average call time: 2656.33 sec | Current time: 2018-10-02 11:14:46.503806
 --------------------------
iter: 2 | batch: 0 | nc: 1 | ncalls: 2 | eff(%):  0.398 | logz: -7.2e+05 +/- 1.2e-01 | dlogz: 546481.976 >  0.500
 loglike: -7.2e+05 | params: [-0.9057083  -1.28201401  6.98903591 11.08285528]
 Average call time: 5.58 sec | Current time: 2018-10-02 11:14:52.081683
 --------------------------
iter: 3 | batch: 0 | nc: 1 | ncalls: 3 | eff(%):  0.596 | logz: -7.1e+05 +/- 1.2e-01 | dlogz: 539900.505 >  0.500
 loglike: -7.1e+05 | params: [-1.18937429 -1.35044225  6.90827108 13.92666757]
 Average call time: 5.77 sec | Current time: 2018-10-02 11:14:57.854745
 --------------------------
iter: 4 | batch: 0 | nc: 1 | ncalls: 4 | eff(%):  0.794 | logz: -7.0e+05 +/- 1.2e-01 | dlogz: 533518.697 >  0.500
 loglike: -7.0e+05 | params: [-0.39506212 -1.72695674  6.87247569 13.38895943]
 Average call time: 5.11 sec | Current time: 2018-10-02 11:15:02.963650
 --------------------------
iter: 5 | batch: 0 | nc: 1 | ncalls: 5 | eff(%):  0.990 | logz: -7.0e+05 +/- 1.2e-01 | dlogz: 527306.001 >  0.500
 loglike: -7.0e+05 | params: [-1.48130285 -1.09935138  6.88620715 11.18220411]
 Average call time: 5.77 sec | Current time: 2018-10-02 11:15:08.734111
 --------------------------
iter: 6 | batch: 0 | nc: 1 | ncalls: 6 | eff(%):  1.186 | logz: -7.0e+05 +/- 1.2e-01 | dlogz: 526529.569 >  0.500
 loglike: -7.0e+05 | params: [-1.09648862 -1.30170362  6.76097705 17.81026941]
 Average call time: 5.88 sec | Current time: 2018-10-02 11:15:14.613933
 --------------------------
iter: 7 | batch: 0 | nc: 1 | ncalls: 7 | eff(%):  1.381 | logz: -7.0e+05 +/- 1.2e-01 | dlogz: 518513.266 >  0.500
 loglike: -7.0e+05 | params: [-1.33218974 -1.80425638  6.73759594 19.39776663]
 Average call time: 4.59 sec | Current time: 2018-10-02 11:15:19.200082
 --------------------------
iter: 8 | batch: 0 | nc: 1 | ncalls: 8 | eff(%):  1.575 | logz: -6.9e+05 +/- 1.2e-01 | dlogz: 518177.174 >  0.500
 loglike: -6.9e+05 | params: [-1.11313133 -1.2599519   6.78364937 10.36629014]
 Average call time: 5.76 sec | Current time: 2018-10-02 11:15:24.958477
 --------------------------
iter: 9 | batch: 0 | nc: 1 | ncalls: 9 | eff(%):  1.768 | logz: -6.9e+05 +/- 1.2e-01 | dlogz: 515456.592 >  0.500
 loglike: -6.9e+05 | params: [-0.5100653  -1.19012166  6.77282892 12.78591677]
 Average call time: 5.61 sec | Current time: 2018-10-02 11:15:30.568585
 --------------------------
iter: 10 | batch: 0 | nc: 1 | ncalls: 10 | eff(%):  1.961 | logz: -6.9e+05 +/- 1.2e-01 | dlogz: 513814.503 >  0.500
 loglike: -6.9e+05 | params: [-0.62537721 -1.40689625  6.75720005 11.10709663]
 Average call time: 5.49 sec | Current time: 2018-10-02 11:15:36.056497
 --------------------------
iter: 11 | batch: 0 | nc: 1 | ncalls: 11 | eff(%):  2.153 | logz: -6.9e+05 +/- 1.2e-01 | dlogz: 512307.927 >  0.500
 loglike: -6.9e+05 | params: [-0.88662704 -1.94339292  6.68417604 18.08967168]
 Average call time: 5.46 sec | Current time: 2018-10-02 11:15:41.513352
 --------------------------
iter: 12 | batch: 0 | nc: 1 | ncalls: 12 | eff(%):  2.344 | logz: -6.9e+05 +/- 1.2e-01 | dlogz: 511973.608 >  0.500
 loglike: -6.9e+05 | params: [-1.14221317 -1.92324728  6.68393469 16.73291472]
 Average call time: 5.45 sec | Current time: 2018-10-02 11:15:46.961280
 --------------------------
iter: 13 | batch: 0 | nc: 1 | ncalls: 13 | eff(%):  2.534 | logz: -6.9e+05 +/- 1.2e-01 | dlogz: 511676.266 >  0.500
 loglike: -6.9e+05 | params: [-1.38758475 -1.72180831  6.68355696 16.78429074]
 Average call time: 5.54 sec | Current time: 2018-10-02 11:15:52.499727
 --------------------------
iter: 14 | batch: 0 | nc: 1 | ncalls: 14 | eff(%):  2.724 | logz: -6.9e+05 +/- 1.2e-01 | dlogz: 510903.015 >  0.500
 loglike: -6.9e+05 | params: [-0.32405601 -1.97484574  6.94550929  1.50840706]
 Average call time: 5.53 sec | Current time: 2018-10-02 11:15:58.028623
 --------------------------
iter: 15 | batch: 0 | nc: 1 | ncalls: 15 | eff(%):  2.913 | logz: -6.9e+05 +/- 1.2e-01 | dlogz: 510085.002 >  0.500
 loglike: -6.9e+05 | params: [ 2.28250940e-03 -1.13432835e+00  6.77108251e+00  1.76033387e+01]
 Average call time: 5.57 sec | Current time: 2018-10-02 11:16:03.597012
 --------------------------
iter: 16 | batch: 0 | nc: 1 | ncalls: 16 | eff(%):  3.101 | logz: -6.9e+05 +/- 1.2e-01 | dlogz: 508877.652 >  0.500
 loglike: -6.9e+05 | params: [ 0.28377337 -1.18964677  6.82050604 19.15850987]
 Average call time: 5.63 sec | Current time: 2018-10-02 11:16:09.228291
 --------------------------
iter: 17 | batch: 0 | nc: 1 | ncalls: 17 | eff(%):  3.288 | logz: -6.9e+05 +/- 1.2e-01 | dlogz: 508598.371 >  0.500
 loglike: -6.9e+05 | params: [ 0.08104827 -1.00791853  6.79400881 15.86008629]
 Average call time: 4.53 sec | Current time: 2018-10-02 11:16:13.760209
 --------------------------
iter: 18 | batch: 0 | nc: 1 | ncalls: 18 | eff(%):  3.475 | logz: -6.8e+05 +/- 1.2e-01 | dlogz: 508118.965 >  0.500
 loglike: -6.8e+05 | params: [-1.47559983 -1.54300152  6.65875971 16.9358913 ]
 Average call time: 4.54 sec | Current time: 2018-10-02 11:16:18.304012
 --------------------------
iter: 19 | batch: 0 | nc: 1 | ncalls: 19 | eff(%):  3.661 | logz: -6.8e+05 +/- 1.2e-01 | dlogz: 507859.876 >  0.500
 loglike: -6.8e+05 | params: [-0.39534538 -1.8142699   6.90488185  2.00913903]
 Average call time: 5.31 sec | Current time: 2018-10-02 11:16:23.612775
 --------------------------
iter: 20 | batch: 0 | nc: 1 | ncalls: 20 | eff(%):  3.846 | logz: -6.8e+05 +/- 1.2e-01 | dlogz: 507232.466 >  0.500
 loglike: -6.8e+05 | params: [-0.30473533 -1.57713403  6.66743044 19.88002276]
 Average call time: 6.21 sec | Current time: 2018-10-02 11:16:29.825343
 --------------------------
iter: 21 | batch: 0 | nc: 1 | ncalls: 21 | eff(%):  4.031 | logz: -6.8e+05 +/- 1.2e-01 | dlogz: 505988.320 >  0.500
 loglike: -6.8e+05 | params: [-1.22403398 -1.59719055  6.65648546 13.49593943]
 Average call time: 5.64 sec | Current time: 2018-10-02 11:16:35.469646
 --------------------------
iter: 22 | batch: 0 | nc: 1 | ncalls: 22 | eff(%):  4.215 | logz: -6.8e+05 +/- 1.2e-01 | dlogz: 505975.930 >  0.500
 loglike: -6.8e+05 | params: [-1.49220671 -1.81570706  6.63983048 13.76135565]
 Average call time: 5.99 sec | Current time: 2018-10-02 11:16:41.463444
 --------------------------
iter: 23 | batch: 0 | nc: 1 | ncalls: 23 | eff(%):  4.398 | logz: -6.8e+05 +/- 1.2e-01 | dlogz: 504854.270 >  0.500
 loglike: -6.8e+05 | params: [-1.09931867 -1.34291988  6.71603444  7.19967691]
 Average call time: 4.65 sec | Current time: 2018-10-02 11:16:46.109590
 --------------------------
iter: 24 | batch: 0 | nc: 1 | ncalls: 24 | eff(%):  4.580 | logz: -6.8e+05 +/- 1.2e-01 | dlogz: 503946.758 >  0.500
 loglike: -6.8e+05 | params: [-0.75315259 -1.98759302  6.60951669 17.4781938 ]
 Average call time: 5.57 sec | Current time: 2018-10-02 11:16:51.681466
 --------------------------
iter: 25 | batch: 0 | nc: 1 | ncalls: 25 | eff(%):  4.762 | logz: -6.8e+05 +/- 1.2e-01 | dlogz: 503097.671 >  0.500
 loglike: -6.8e+05 | params: [ 0.26808119 -1.43294558  6.97240789  3.65692143]
 Average call time: 5.37 sec | Current time: 2018-10-02 11:16:57.046500
 --------------------------
iter: 26 | batch: 0 | nc: 1 | ncalls: 26 | eff(%):  4.943 | logz: -6.8e+05 +/- 1.2e-01 | dlogz: 502956.712 >  0.500
 loglike: -6.8e+05 | params: [-0.5639765  -1.20977226  6.61474429 14.43280391]
 Average call time: 5.41 sec | Current time: 2018-10-02 11:17:02.454021
 --------------------------
iter: 27 | batch: 0 | nc: 1 | ncalls: 27 | eff(%):  5.123 | logz: -6.7e+05 +/- 1.2e-01 | dlogz: 498357.876 >  0.500
 loglike: -6.7e+05 | params: [-1.16217364 -1.6693927   6.77364276  2.16359624]
 Average call time: 5.18 sec | Current time: 2018-10-02 11:17:07.632315
 --------------------------
iter: 28 | batch: 0 | nc: 1 | ncalls: 28 | eff(%):  5.303 | logz: -6.7e+05 +/- 1.2e-01 | dlogz: 497663.494 >  0.500
 loglike: -6.7e+05 | params: [-0.62621366 -1.387851    6.59099038 12.55215973]
 Average call time: 5.28 sec | Current time: 2018-10-02 11:17:12.914364
 --------------------------
iter: 29 | batch: 0 | nc: 1 | ncalls: 29 | eff(%):  5.482 | logz: -6.7e+05 +/- 1.2e-01 | dlogz: 495794.402 >  0.500
 loglike: -6.7e+05 | params: [ 0.08215197 -1.2127103   6.73890934  8.06414389]
 Average call time: 4.55 sec | Current time: 2018-10-02 11:17:17.466860
 --------------------------
iter: 30 | batch: 0 | nc: 1 | ncalls: 30 | eff(%):  5.660 | logz: -6.7e+05 +/- 1.2e-01 | dlogz: 495674.091 >  0.500
 loglike: -6.7e+05 | params: [-1.12319703 -1.99238853  6.48168988 19.95130368]
 Average call time: 4.60 sec | Current time: 2018-10-02 11:17:22.068933
 --------------------------
iter: 31 | batch: 0 | nc: 1 | ncalls: 31 | eff(%):  5.838 | logz: -6.7e+05 +/- 1.2e-01 | dlogz: 491767.292 >  0.500
 loglike: -6.7e+05 | params: [-0.80398241 -1.81741127  6.50898026 14.15991045]
 Average call time: 5.28 sec | Current time: 2018-10-02 11:17:27.350284
 --------------------------
iter: 32 | batch: 0 | nc: 1 | ncalls: 32 | eff(%):  6.015 | logz: -6.7e+05 +/- 1.2e-01 | dlogz: 491142.240 >  0.500
 loglike: -6.7e+05 | params: [-0.26199156 -1.22053388  6.65669318  6.89820935]
 Average call time: 5.01 sec | Current time: 2018-10-02 11:17:32.356349
 --------------------------
iter: 33 | batch: 0 | nc: 1 | ncalls: 33 | eff(%):  6.191 | logz: -6.7e+05 +/- 1.2e-01 | dlogz: 490512.994 >  0.500
 loglike: -6.7e+05 | params: [-1.31822516 -1.47635248  6.47297514 19.27774676]
 Average call time: 5.34 sec | Current time: 2018-10-02 11:17:37.694344
 --------------------------
iter: 34 | batch: 0 | nc: 1 | ncalls: 34 | eff(%):  6.367 | logz: -6.6e+05 +/- 1.2e-01 | dlogz: 489445.550 >  0.500
 loglike: -6.6e+05 | params: [-1.27820908 -1.10463062  6.46050569 18.31170366]
 Average call time: 5.54 sec | Current time: 2018-10-02 11:17:43.234147
 --------------------------
iter: 35 | batch: 0 | nc: 1 | ncalls: 35 | eff(%):  6.542 | logz: -6.6e+05 +/- 1.2e-01 | dlogz: 485806.318 >  0.500
 loglike: -6.6e+05 | params: [ 0.16869352 -1.26861942  6.80722911  2.38187489]
 Average call time: 5.29 sec | Current time: 2018-10-02 11:17:48.527237
 --------------------------
iter: 36 | batch: 0 | nc: 1 | ncalls: 36 | eff(%):  6.716 | logz: -6.6e+05 +/- 1.2e-01 | dlogz: 484922.389 >  0.500
 loglike: -6.6e+05 | params: [-0.94809395 -1.41694241  6.64975731  1.24017841]
 Average call time: 5.31 sec | Current time: 2018-10-02 11:17:53.835811
 --------------------------
iter: 37 | batch: 0 | nc: 1 | ncalls: 37 | eff(%):  6.890 | logz: -6.6e+05 +/- 1.2e-01 | dlogz: 483584.840 >  0.500
 loglike: -6.6e+05 | params: [-1.188674   -1.00404716  6.44845543 16.09461304]
 Average call time: 4.90 sec | Current time: 2018-10-02 11:17:58.733503
 --------------------------
iter: 38 | batch: 0 | nc: 2 | ncalls: 39 | eff(%):  7.050 | logz: -6.6e+05 +/- 1.2e-01 | dlogz: 482815.803 >  0.500
 loglike: -6.6e+05 | params: [-0.75611138 -1.17230064  6.50569768  8.60334532]
 Average call time: 5.49 sec | Current time: 2018-10-02 11:18:09.713200
 --------------------------
iter: 39 | batch: 0 | nc: 1 | ncalls: 40 | eff(%):  7.222 | logz: -6.6e+05 +/- 1.2e-01 | dlogz: 482781.750 >  0.500
 loglike: -6.6e+05 | params: [-0.94595949 -1.98951626  6.43890601  7.5405795 ]
 Average call time: 4.50 sec | Current time: 2018-10-02 11:18:14.218105
 --------------------------
iter: 40 | batch: 0 | nc: 1 | ncalls: 41 | eff(%):  7.394 | logz: -6.6e+05 +/- 1.2e-01 | dlogz: 478649.413 >  0.500
 loglike: -6.6e+05 | params: [-1.34572919 -1.02800169  6.41416781 12.64561927]
 Average call time: 5.44 sec | Current time: 2018-10-02 11:18:19.659786
 --------------------------
iter: 41 | batch: 0 | nc: 1 | ncalls: 42 | eff(%):  7.565 | logz: -6.5e+05 +/- 1.2e-01 | dlogz: 478238.174 >  0.500
 loglike: -6.5e+05 | params: [-0.47514499 -1.85524354  6.38404347 14.79088007]
 Average call time: 5.75 sec | Current time: 2018-10-02 11:18:25.406280
 --------------------------
iter: 42 | batch: 0 | nc: 1 | ncalls: 43 | eff(%):  7.735 | logz: -6.5e+05 +/- 1.2e-01 | dlogz: 477537.741 >  0.500
 loglike: -6.5e+05 | params: [-0.73401788 -1.34191027  6.40607103 11.49618443]
 Average call time: 4.63 sec | Current time: 2018-10-02 11:18:30.035010
 --------------------------
iter: 43 | batch: 0 | nc: 1 | ncalls: 44 | eff(%):  7.904 | logz: -6.5e+05 +/- 1.2e-01 | dlogz: 477391.360 >  0.500
 loglike: -6.5e+05 | params: [ 0.19797135 -1.08865605  6.49950558 17.35784971]
 Average call time: 6.00 sec | Current time: 2018-10-02 11:18:36.037345
 --------------------------
iter: 44 | batch: 0 | nc: 1 | ncalls: 45 | eff(%):  8.073 | logz: -6.5e+05 +/- 1.2e-01 | dlogz: 477156.715 >  0.500
 loglike: -6.5e+05 | params: [ 0.2590522  -1.50007984  6.5712597   8.30701057]
 Average call time: 5.33 sec | Current time: 2018-10-02 11:18:41.370438
 --------------------------
iter: 45 | batch: 0 | nc: 1 | ncalls: 46 | eff(%):  8.242 | logz: -6.5e+05 +/- 1.2e-01 | dlogz: 476222.543 >  0.500
 loglike: -6.5e+05 | params: [ 0.03603543 -1.18267226  6.63371846  4.22004753]
 Average call time: 5.46 sec | Current time: 2018-10-02 11:18:46.829460
 --------------------------
iter: 46 | batch: 0 | nc: 1 | ncalls: 47 | eff(%):  8.410 | logz: -6.5e+05 +/- 1.2e-01 | dlogz: 475851.771 >  0.500
 loglike: -6.5e+05 | params: [-0.42658795 -1.22676129  6.40171791 12.78408979]
 Average call time: 4.92 sec | Current time: 2018-10-02 11:18:51.752748
 --------------------------
iter: 47 | batch: 0 | nc: 1 | ncalls: 48 | eff(%):  8.577 | logz: -6.5e+05 +/- 1.2e-01 | dlogz: 475562.413 >  0.500
 loglike: -6.5e+05 | params: [-1.22834288 -1.08729331  6.35963863 15.69491875]
 Average call time: 5.84 sec | Current time: 2018-10-02 11:18:57.594856
 --------------------------
iter: 48 | batch: 0 | nc: 1 | ncalls: 49 | eff(%):  8.743 | logz: -6.5e+05 +/- 1.2e-01 | dlogz: 475193.206 >  0.500
 loglike: -6.5e+05 | params: [-0.91349689 -1.46988317  6.3316276  17.38879655]
 Average call time: 5.74 sec | Current time: 2018-10-02 11:19:03.338762
 --------------------------
iter: 49 | batch: 0 | nc: 1 | ncalls: 50 | eff(%):  8.909 | logz: -6.5e+05 +/- 1.2e-01 | dlogz: 475099.617 >  0.500
 loglike: -6.5e+05 | params: [-0.31766899 -1.68849668  6.59210365  1.10794408]
 Average call time: 5.74 sec | Current time: 2018-10-02 11:19:09.078286
 --------------------------
iter: 50 | batch: 0 | nc: 1 | ncalls: 51 | eff(%):  9.074 | logz: -6.5e+05 +/- 1.2e-01 | dlogz: 474819.644 >  0.500
 loglike: -6.5e+05 | params: [-0.1723053  -1.95404313  6.37776796 18.86470846]
 Average call time: 5.33 sec | Current time: 2018-10-02 11:19:14.406000
 --------------------------
iter: 51 | batch: 0 | nc: 1 | ncalls: 52 | eff(%):  9.239 | logz: -6.5e+05 +/- 1.2e-01 | dlogz: 474448.498 >  0.500
 loglike: -6.5e+05 | params: [-0.36677904 -1.48599575  6.34435444 14.43491023]
 Average call time: 5.72 sec | Current time: 2018-10-02 11:19:20.126789
 --------------------------
iter: 52 | batch: 0 | nc: 1 | ncalls: 53 | eff(%):  9.403 | logz: -6.5e+05 +/- 1.2e-01 | dlogz: 471874.348 >  0.500
 loglike: -6.5e+05 | params: [-0.26772149 -1.78070883  6.36261833 12.99251169]
 Average call time: 5.27 sec | Current time: 2018-10-02 11:19:25.397276
 --------------------------
iter: 53 | batch: 0 | nc: 1 | ncalls: 54 | eff(%):  9.567 | logz: -6.5e+05 +/- 1.2e-01 | dlogz: 471675.647 >  0.500
 loglike: -6.5e+05 | params: [-0.93437527 -1.75820128  6.35675959  7.40517827]
 Average call time: 5.35 sec | Current time: 2018-10-02 11:19:30.742775
 --------------------------
iter: 54 | batch: 0 | nc: 1 | ncalls: 55 | eff(%):  9.730 | logz: -6.5e+05 +/- 1.2e-01 | dlogz: 470788.681 >  0.500
 loglike: -6.5e+05 | params: [-0.86632776 -1.43190135  6.34563695  8.77985114]
 Average call time: 5.40 sec | Current time: 2018-10-02 11:19:36.138496
 --------------------------
iter: 55 | batch: 0 | nc: 1 | ncalls: 56 | eff(%):  9.892 | logz: -6.5e+05 +/- 1.2e-01 | dlogz: 470375.550 >  0.500
 loglike: -6.5e+05 | params: [-1.39572732 -1.90727068  6.43494815  3.44620425]
 Average call time: 5.25 sec | Current time: 2018-10-02 11:19:41.386754
 --------------------------
iter: 56 | batch: 0 | nc: 1 | ncalls: 57 | eff(%): 10.054 | logz: -6.5e+05 +/- 1.2e-01 | dlogz: 470280.405 >  0.500
 loglike: -6.5e+05 | params: [-1.48320201 -1.52845105  6.26211055 18.471276  ]
 Average call time: 5.33 sec | Current time: 2018-10-02 11:19:46.713895
 --------------------------
iter: 57 | batch: 0 | nc: 1 | ncalls: 58 | eff(%): 10.215 | logz: -6.5e+05 +/- 1.2e-01 | dlogz: 469981.135 >  0.500
 loglike: -6.5e+05 | params: [-0.96575591 -1.19783358  6.49817947  2.12159833]
 Average call time: 5.30 sec | Current time: 2018-10-02 11:19:52.010776
 --------------------------
iter: 58 | batch: 0 | nc: 1 | ncalls: 59 | eff(%): 10.376 | logz: -6.5e+05 +/- 1.2e-01 | dlogz: 469922.269 >  0.500
 loglike: -6.5e+05 | params: [ 0.27979209 -1.83153171  6.41782148 14.08523518]
 Average call time: 5.19 sec | Current time: 2018-10-02 11:19:57.205263
 --------------------------
iter: 59 | batch: 0 | nc: 1 | ncalls: 60 | eff(%): 10.536 | logz: -6.4e+05 +/- 1.2e-01 | dlogz: 468122.229 >  0.500
 loglike: -6.4e+05 | params: [-1.05042739 -1.71015085  6.24490938 14.90889368]
 Average call time: 4.53 sec | Current time: 2018-10-02 11:20:01.732219
 --------------------------
iter: 60 | batch: 0 | nc: 1 | ncalls: 61 | eff(%): 10.695 | logz: -6.4e+05 +/- 1.2e-01 | dlogz: 467322.495 >  0.500
 loglike: -6.4e+05 | params: [ 0.21059805 -1.08881938  6.38282397 19.31204159]
 Average call time: 5.36 sec | Current time: 2018-10-02 11:20:07.095763
 --------------------------
iter: 61 | batch: 0 | nc: 1 | ncalls: 62 | eff(%): 10.854 | logz: -6.4e+05 +/- 1.2e-01 | dlogz: 466586.289 >  0.500
 loglike: -6.4e+05 | params: [-1.30796982 -1.48827874  6.21808222 19.87151868]
 Average call time: 5.30 sec | Current time: 2018-10-02 11:20:12.392880
 --------------------------
iter: 62 | batch: 0 | nc: 1 | ncalls: 63 | eff(%): 11.012 | logz: -6.4e+05 +/- 1.2e-01 | dlogz: 466205.880 >  0.500
 loglike: -6.4e+05 | params: [ 0.42959305 -1.03240852  6.65014405  3.77512866]
 Average call time: 5.37 sec | Current time: 2018-10-02 11:20:17.762558
 --------------------------
iter: 63 | batch: 0 | nc: 1 | ncalls: 64 | eff(%): 11.170 | logz: -6.4e+05 +/- 1.2e-01 | dlogz: 465897.130 >  0.500
 loglike: -6.4e+05 | params: [-0.5843767  -1.07959743  6.39534581  5.12705353]
 Average call time: 5.31 sec | Current time: 2018-10-02 11:20:23.076930
 --------------------------
iter: 64 | batch: 0 | nc: 2 | ncalls: 66 | eff(%): 11.307 | logz: -6.4e+05 +/- 1.2e-01 | dlogz: 464469.750 >  0.500
 loglike: -6.4e+05 | params: [ 0.43821162 -1.25069868  6.66368199  1.85939043]
 Average call time: 4.89 sec | Current time: 2018-10-02 11:20:32.863869
 --------------------------
iter: 65 | batch: 0 | nc: 1 | ncalls: 67 | eff(%): 11.464 | logz: -6.4e+05 +/- 1.2e-01 | dlogz: 464405.217 >  0.500
 loglike: -6.4e+05 | params: [ 0.27711651 -1.47068468  6.42495769  9.10826468]
 Average call time: 4.67 sec | Current time: 2018-10-02 11:20:37.533735
 --------------------------
iter: 66 | batch: 0 | nc: 1 | ncalls: 68 | eff(%): 11.620 | logz: -6.4e+05 +/- 1.2e-01 | dlogz: 463321.405 >  0.500
 loglike: -6.4e+05 | params: [ 0.37728491 -1.25495545  6.55367521  4.82077171]
 Average call time: 5.43 sec | Current time: 2018-10-02 11:20:42.966646
 --------------------------
iter: 67 | batch: 0 | nc: 3 | ncalls: 71 | eff(%): 11.734 | logz: -6.4e+05 +/- 1.2e-01 | dlogz: 462995.059 >  0.500
 loglike: -6.4e+05 | params: [ 0.49565986 -1.59888561  6.41667883 11.42585775]
 Average call time: 5.29 sec | Current time: 2018-10-02 11:20:58.847204
 --------------------------
iter: 68 | batch: 0 | nc: 1 | ncalls: 72 | eff(%): 11.888 | logz: -6.4e+05 +/- 1.2e-01 | dlogz: 462327.974 >  0.500
 loglike: -6.4e+05 | params: [-0.11297496 -1.57878806  6.29174722 11.54396372]
 Average call time: 5.84 sec | Current time: 2018-10-02 11:21:04.690692
 --------------------------
iter: 69 | batch: 0 | nc: 1 | ncalls: 73 | eff(%): 12.042 | logz: -6.4e+05 +/- 1.2e-01 | dlogz: 461063.483 >  0.500
 loglike: -6.4e+05 | params: [-1.1597554  -1.28161822  6.3489882   2.67326414]
 Average call time: 5.30 sec | Current time: 2018-10-02 11:21:09.992352
 --------------------------
iter: 70 | batch: 0 | nc: 2 | ncalls: 75 | eff(%): 12.174 | logz: -6.4e+05 +/- 1.2e-01 | dlogz: 459087.156 >  0.500
 loglike: -6.4e+05 | params: [ 0.29159901 -1.54774153  6.52463897  3.14848494]
 Average call time: 5.67 sec | Current time: 2018-10-02 11:21:21.337975
 --------------------------
iter: 71 | batch: 0 | nc: 1 | ncalls: 76 | eff(%): 12.326 | logz: -6.4e+05 +/- 1.2e-01 | dlogz: 458964.866 >  0.500
 loglike: -6.4e+05 | params: [-1.10748171 -1.76176366  6.12255223 17.94006317]
 Average call time: 5.42 sec | Current time: 2018-10-02 11:21:26.753011
 --------------------------
iter: 72 | batch: 0 | nc: 3 | ncalls: 79 | eff(%): 12.435 | logz: -6.3e+05 +/- 1.2e-01 | dlogz: 458108.740 >  0.500
 loglike: -6.3e+05 | params: [-0.64391909 -1.74162207  6.32634717  3.54823818]
 Average call time: 5.55 sec | Current time: 2018-10-02 11:21:43.407688
 --------------------------
iter: 73 | batch: 0 | nc: 2 | ncalls: 81 | eff(%): 12.565 | logz: -6.3e+05 +/- 1.2e-01 | dlogz: 458060.477 >  0.500
 loglike: -6.3e+05 | params: [ 0.44811162 -1.24578438  6.58338728  0.85028654]
 Average call time: 5.54 sec | Current time: 2018-10-02 11:21:54.491141
 --------------------------
iter: 74 | batch: 0 | nc: 1 | ncalls: 82 | eff(%): 12.715 | logz: -6.3e+05 +/- 1.2e-01 | dlogz: 457716.053 >  0.500
 loglike: -6.3e+05 | params: [-0.25444683 -1.50631735  6.2026885  14.27073004]
 Average call time: 5.28 sec | Current time: 2018-10-02 11:21:59.769754
 --------------------------
iter: 75 | batch: 0 | nc: 1 | ncalls: 83 | eff(%): 12.864 | logz: -6.3e+05 +/- 1.2e-01 | dlogz: 457432.183 >  0.500
 loglike: -6.3e+05 | params: [ 0.31986174 -1.8766955   6.47390832  4.18069445]
 Average call time: 5.48 sec | Current time: 2018-10-02 11:22:05.251037
 --------------------------
iter: 76 | batch: 0 | nc: 1 | ncalls: 84 | eff(%): 13.014 | logz: -6.3e+05 +/- 1.2e-01 | dlogz: 457123.770 >  0.500
 loglike: -6.3e+05 | params: [-1.47909284 -1.82646561  6.19569327  6.27406727]
 Average call time: 5.61 sec | Current time: 2018-10-02 11:22:10.856587
 --------------------------
iter: 77 | batch: 0 | nc: 2 | ncalls: 86 | eff(%): 13.140 | logz: -6.3e+05 +/- 1.2e-01 | dlogz: 456533.556 >  0.500
 loglike: -6.3e+05 | params: [ 0.13139414 -1.90795812  6.43894951  0.42713726]
 Average call time: 5.28 sec | Current time: 2018-10-02 11:22:21.425493
 --------------------------
iter: 78 | batch: 0 | nc: 1 | ncalls: 87 | eff(%): 13.288 | logz: -6.3e+05 +/- 1.2e-01 | dlogz: 455429.720 >  0.500
 loglike: -6.3e+05 | params: [-0.22559368 -1.83404934  6.37061583  2.00178065]
 Average call time: 5.31 sec | Current time: 2018-10-02 11:22:26.735906
 --------------------------
iter: 79 | batch: 0 | nc: 1 | ncalls: 88 | eff(%): 13.435 | logz: -6.3e+05 +/- 1.2e-01 | dlogz: 455042.736 >  0.500
 loglike: -6.3e+05 | params: [ 0.01942211 -1.79434292  6.20295237 15.51960121]
 Average call time: 5.67 sec | Current time: 2018-10-02 11:22:32.405753
 --------------------------
iter: 80 | batch: 0 | nc: 2 | ncalls: 90 | eff(%): 13.559 | logz: -6.3e+05 +/- 1.2e-01 | dlogz: 455032.112 >  0.500
 loglike: -6.3e+05 | params: [ 0.25185401 -1.23568643  6.25858985 16.81537689]
 Average call time: 5.43 sec | Current time: 2018-10-02 11:22:43.269896
 --------------------------
iter: 81 | batch: 0 | nc: 3 | ncalls: 93 | eff(%): 13.659 | logz: -6.3e+05 +/- 1.2e-01 | dlogz: 454487.384 >  0.500
 loglike: -6.3e+05 | params: [ 0.27607156 -1.05012134  6.36379451  7.50370291]
 Average call time: 5.52 sec | Current time: 2018-10-02 11:22:59.839461
 --------------------------
iter: 82 | batch: 0 | nc: 1 | ncalls: 94 | eff(%): 13.805 | logz: -6.3e+05 +/- 1.2e-01 | dlogz: 453630.624 >  0.500
 loglike: -6.3e+05 | params: [-1.33293223 -1.40140613  6.23032069  3.74678786]
 Average call time: 5.23 sec | Current time: 2018-10-02 11:23:05.067558
 --------------------------
iter: 83 | batch: 0 | nc: 1 | ncalls: 95 | eff(%): 13.950 | logz: -6.3e+05 +/- 1.2e-01 | dlogz: 452942.251 >  0.500
 loglike: -6.3e+05 | params: [-0.97047173 -1.80499621  6.10258743 10.45365517]
 Average call time: 5.38 sec | Current time: 2018-10-02 11:23:10.444704
 --------------------------
iter: 84 | batch: 0 | nc: 1 | ncalls: 96 | eff(%): 14.094 | logz: -6.3e+05 +/- 1.2e-01 | dlogz: 452725.525 >  0.500
 loglike: -6.3e+05 | params: [-0.41659414 -1.21936934  6.10746977 19.07285415]
 Average call time: 5.01 sec | Current time: 2018-10-02 11:23:15.452314
 --------------------------
iter: 85 | batch: 0 | nc: 1 | ncalls: 97 | eff(%): 14.238 | logz: -6.3e+05 +/- 1.2e-01 | dlogz: 452531.684 >  0.500
 loglike: -6.3e+05 | params: [ 0.11143158 -1.51572588  6.38337524  3.12921262]
 Average call time: 5.38 sec | Current time: 2018-10-02 11:23:20.837026
 --------------------------
iter: 86 | batch: 0 | nc: 1 | ncalls: 98 | eff(%): 14.381 | logz: -6.3e+05 +/- 1.2e-01 | dlogz: 452062.942 >  0.500
 loglike: -6.3e+05 | params: [ 0.17552438 -1.74635715  6.21504064 12.39079901]
 Average call time: 5.58 sec | Current time: 2018-10-02 11:23:26.415067
 --------------------------
iter: 87 | batch: 0 | nc: 1 | ncalls: 99 | eff(%): 14.524 | logz: -6.3e+05 +/- 1.2e-01 | dlogz: 451950.284 >  0.500
 loglike: -6.3e+05 | params: [ 0.22786023 -1.10122931  6.25183284 13.09210032]
 Average call time: 5.40 sec | Current time: 2018-10-02 11:23:31.819266
 --------------------------
iter: 88 | batch: 0 | nc: 1 | ncalls: 100 | eff(%): 14.667 | logz: -6.3e+05 +/- 1.2e-01 | dlogz: 451802.740 >  0.500
 loglike: -6.3e+05 | params: [ 0.30314024 -1.67148607  6.37021361  4.80693735]
 Average call time: 5.48 sec | Current time: 2018-10-02 11:23:37.298132
 --------------------------
iter: 89 | batch: 0 | nc: 2 | ncalls: 102 | eff(%): 14.784 | logz: -6.3e+05 +/- 1.2e-01 | dlogz: 450392.428 >  0.500
 loglike: -6.3e+05 | params: [ 0.08352882 -1.43345867  6.13708619 19.50118152]
 Average call time: 5.65 sec | Current time: 2018-10-02 11:23:48.593591
 --------------------------
iter: 90 | batch: 0 | nc: 1 | ncalls: 103 | eff(%): 14.925 | logz: -6.3e+05 +/- 1.2e-01 | dlogz: 449624.007 >  0.500
 loglike: -6.3e+05 | params: [ 0.0674444  -1.39400214  6.35874132  1.81016219]
 Average call time: 5.62 sec | Current time: 2018-10-02 11:23:54.210773
 --------------------------
iter: 91 | batch: 0 | nc: 1 | ncalls: 104 | eff(%): 15.066 | logz: -6.3e+05 +/- 1.2e-01 | dlogz: 449477.246 >  0.500
 loglike: -6.3e+05 | params: [ 0.49726152 -1.67469018  6.25130417 12.26869318]
 Average call time: 4.68 sec | Current time: 2018-10-02 11:23:58.888225
 --------------------------
iter: 92 | batch: 0 | nc: 1 | ncalls: 105 | eff(%): 15.207 | logz: -6.2e+05 +/- 1.2e-01 | dlogz: 449272.610 >  0.500
 loglike: -6.2e+05 | params: [ 0.03606178 -1.80563185  6.31435385  0.67156687]
 Average call time: 5.30 sec | Current time: 2018-10-02 11:24:04.187276
 --------------------------
iter: 93 | batch: 0 | nc: 1 | ncalls: 106 | eff(%): 15.347 | logz: -6.2e+05 +/- 1.2e-01 | dlogz: 447592.705 >  0.500
 loglike: -6.2e+05 | params: [-0.28008782 -1.70991818  6.13403997  7.58273619]
 Average call time: 4.57 sec | Current time: 2018-10-02 11:24:08.760903
 --------------------------
iter: 94 | batch: 0 | nc: 1 | ncalls: 107 | eff(%): 15.486 | logz: -6.2e+05 +/- 1.2e-01 | dlogz: 446815.019 >  0.500
 loglike: -6.2e+05 | params: [-0.99586244 -1.00753036  6.13937992  4.97660656]
 Average call time: 5.29 sec | Current time: 2018-10-02 11:24:14.052714
 --------------------------
iter: 95 | batch: 0 | nc: 1 | ncalls: 108 | eff(%): 15.625 | logz: -6.2e+05 +/- 1.2e-01 | dlogz: 445723.508 >  0.500
 loglike: -6.2e+05 | params: [-1.44422558 -1.42669867  6.02821555  8.46819742]
 Average call time: 5.33 sec | Current time: 2018-10-02 11:24:19.386942
 --------------------------
iter: 96 | batch: 0 | nc: 1 | ncalls: 109 | eff(%): 15.764 | logz: -6.2e+05 +/- 1.2e-01 | dlogz: 445598.652 >  0.500
 loglike: -6.2e+05 | params: [-1.38521709 -1.08525545  6.15335046  3.26418513]
 Average call time: 5.21 sec | Current time: 2018-10-02 11:24:24.595589
 --------------------------
iter: 97 | batch: 0 | nc: 1 | ncalls: 110 | eff(%): 15.902 | logz: -6.2e+05 +/- 1.2e-01 | dlogz: 445258.684 >  0.500
 loglike: -6.2e+05 | params: [-0.29133199 -1.89689556  6.01187091 18.91650939]
 Average call time: 5.27 sec | Current time: 2018-10-02 11:24:29.863501
 --------------------------
iter: 98 | batch: 0 | nc: 2 | ncalls: 112 | eff(%): 16.013 | logz: -6.2e+05 +/- 1.2e-01 | dlogz: 444820.034 >  0.500
 loglike: -6.2e+05 | params: [-0.55399411 -1.76580968  6.16910907  2.06047486]
 Average call time: 5.81 sec | Current time: 2018-10-02 11:24:41.478396
 --------------------------
iter: 99 | batch: 0 | nc: 1 | ncalls: 113 | eff(%): 16.150 | logz: -6.2e+05 +/- 1.2e-01 | dlogz: 444398.548 >  0.500
 loglike: -6.2e+05 | params: [-1.4792084  -1.3267781   5.94962398 16.63241492]
 Average call time: 5.28 sec | Current time: 2018-10-02 11:24:46.754486
 --------------------------
iter: 100 | batch: 0 | nc: 1 | ncalls: 114 | eff(%): 16.287 | logz: -6.2e+05 +/- 1.2e-01 | dlogz: 443790.998 >  0.500
 loglike: -6.2e+05 | params: [-0.96441207 -1.9632744   6.02019789  6.74261119]
 Average call time: 5.46 sec | Current time: 2018-10-02 11:24:52.214492
 --------------------------
iter: 101 | batch: 0 | nc: 1 | ncalls: 115 | eff(%): 16.423 | logz: -6.2e+05 +/- 1.2e-01 | dlogz: 442772.289 >  0.500
 loglike: -6.2e+05 | params: [ 0.0649291  -1.68269559  6.09156894 10.20034586]
 Average call time: 5.39 sec | Current time: 2018-10-02 11:24:57.600589
 --------------------------
iter: 102 | batch: 0 | nc: 1 | ncalls: 116 | eff(%): 16.558 | logz: -6.2e+05 +/- 1.2e-01 | dlogz: 441791.556 >  0.500
 loglike: -6.2e+05 | params: [-1.41680996 -1.68915244  5.91143456 15.93065195]
 Average call time: 4.54 sec | Current time: 2018-10-02 11:25:02.144383
 --------------------------
iter: 103 | batch: 0 | nc: 1 | ncalls: 117 | eff(%): 16.694 | logz: -6.2e+05 +/- 1.2e-01 | dlogz: 441668.079 >  0.500
 loglike: -6.2e+05 | params: [ 0.15681788 -1.10855807  6.07153393 19.2298698 ]
 Average call time: 5.36 sec | Current time: 2018-10-02 11:25:07.507251
 --------------------------
iter: 104 | batch: 0 | nc: 1 | ncalls: 118 | eff(%): 16.828 | logz: -6.2e+05 +/- 1.2e-01 | dlogz: 441525.992 >  0.500
 loglike: -6.2e+05 | params: [-1.45892965 -1.38244588  6.02277436  4.76002303]
 Average call time: 5.27 sec | Current time: 2018-10-02 11:25:12.781836
 --------------------------
iter: 105 | batch: 0 | nc: 1 | ncalls: 119 | eff(%): 16.963 | logz: -6.2e+05 +/- 1.2e-01 | dlogz: 440316.129 >  0.500
 loglike: -6.2e+05 | params: [-0.7656046  -1.76755859  5.92525282 14.56143265]
 Average call time: 5.30 sec | Current time: 2018-10-02 11:25:18.080419
 --------------------------
iter: 106 | batch: 0 | nc: 1 | ncalls: 120 | eff(%): 17.097 | logz: -6.2e+05 +/- 1.2e-01 | dlogz: 440286.532 >  0.500
 loglike: -6.2e+05 | params: [-0.59745384 -1.34912858  6.04652583  5.73096098]
 Average call time: 4.73 sec | Current time: 2018-10-02 11:25:22.812509
 --------------------------
iter: 107 | batch: 0 | nc: 1 | ncalls: 121 | eff(%): 17.230 | logz: -6.2e+05 +/- 1.2e-01 | dlogz: 439772.967 >  0.500
 loglike: -6.2e+05 | params: [ 0.48876407 -1.43294452  6.30780803  1.91430672]
 Average call time: 5.44 sec | Current time: 2018-10-02 11:25:28.257222
 --------------------------
iter: 108 | batch: 0 | nc: 2 | ncalls: 123 | eff(%): 17.335 | logz: -6.2e+05 +/- 1.2e-01 | dlogz: 438988.429 >  0.500
 loglike: -6.2e+05 | params: [-0.98869343 -1.89168851  5.88090362 15.67131205]
 Average call time: 5.65 sec | Current time: 2018-10-02 11:25:39.553707
 --------------------------
iter: 109 | batch: 0 | nc: 1 | ncalls: 124 | eff(%): 17.468 | logz: -6.1e+05 +/- 1.2e-01 | dlogz: 438798.607 >  0.500
 loglike: -6.1e+05 | params: [-0.76876183 -1.1983974   5.91367796 14.05697205]
 Average call time: 5.52 sec | Current time: 2018-10-02 11:25:45.075464
 --------------------------
iter: 110 | batch: 0 | nc: 1 | ncalls: 125 | eff(%): 17.600 | logz: -6.1e+05 +/- 1.2e-01 | dlogz: 437709.154 >  0.500
 loglike: -6.1e+05 | params: [-0.74296632 -1.53891097  5.89270223 14.43681008]
 Average call time: 5.82 sec | Current time: 2018-10-02 11:25:50.894874
 --------------------------
iter: 111 | batch: 0 | nc: 1 | ncalls: 126 | eff(%): 17.732 | logz: -6.1e+05 +/- 1.2e-01 | dlogz: 437391.949 >  0.500
 loglike: -6.1e+05 | params: [-1.26772321 -1.80269752  5.89642728  9.17199039]
 Average call time: 5.57 sec | Current time: 2018-10-02 11:25:56.468592
 --------------------------
iter: 112 | batch: 0 | nc: 2 | ncalls: 128 | eff(%): 17.834 | logz: -6.1e+05 +/- 1.2e-01 | dlogz: 437167.021 >  0.500
 loglike: -6.1e+05 | params: [-0.41441855 -1.50506511  6.00641484  6.22838933]
 Average call time: 5.17 sec | Current time: 2018-10-02 11:26:06.801716
 --------------------------
iter: 113 | batch: 0 | nc: 1 | ncalls: 129 | eff(%): 17.965 | logz: -6.1e+05 +/- 1.2e-01 | dlogz: 437000.029 >  0.500
 loglike: -6.1e+05 | params: [-0.21845087 -1.61226004  6.08263928  4.66346228]
 Average call time: 5.63 sec | Current time: 2018-10-02 11:26:12.430679
 --------------------------
iter: 114 | batch: 0 | nc: 1 | ncalls: 130 | eff(%): 18.095 | logz: -6.1e+05 +/- 1.2e-01 | dlogz: 436910.760 >  0.500
 loglike: -6.1e+05 | params: [-1.20411344 -1.98350733  5.91208311  7.04751999]
 Average call time: 5.34 sec | Current time: 2018-10-02 11:26:17.766073
 --------------------------
iter: 115 | batch: 0 | nc: 1 | ncalls: 131 | eff(%): 18.225 | logz: -6.1e+05 +/- 1.2e-01 | dlogz: 436104.119 >  0.500
 loglike: -6.1e+05 | params: [ 0.21622259 -1.18116954  6.19278414  3.84882762]
 Average call time: 4.85 sec | Current time: 2018-10-02 11:26:22.619331
 --------------------------
iter: 116 | batch: 0 | nc: 1 | ncalls: 132 | eff(%): 18.354 | logz: -6.1e+05 +/- 1.2e-01 | dlogz: 435785.305 >  0.500
 loglike: -6.1e+05 | params: [-0.76154362 -1.92313554  5.83828913 18.55289309]
 Average call time: 4.84 sec | Current time: 2018-10-02 11:26:27.459121
 --------------------------
iter: 117 | batch: 0 | nc: 1 | ncalls: 133 | eff(%): 18.483 | logz: -6.1e+05 +/- 1.2e-01 | dlogz: 435485.591 >  0.500
 loglike: -6.1e+05 | params: [-0.49383367 -1.98623155  5.86413311 17.66455969]
 Average call time: 4.79 sec | Current time: 2018-10-02 11:26:32.246804
 --------------------------
iter: 118 | batch: 0 | nc: 1 | ncalls: 134 | eff(%): 18.612 | logz: -6.1e+05 +/- 1.2e-01 | dlogz: 435435.361 >  0.500
 loglike: -6.1e+05 | params: [ 0.19062885 -1.46545334  6.16285177  3.8020763 ]
 Average call time: 5.52 sec | Current time: 2018-10-02 11:26:37.767669
 --------------------------
iter: 119 | batch: 0 | nc: 2 | ncalls: 136 | eff(%): 18.711 | logz: -6.1e+05 +/- 1.2e-01 | dlogz: 435365.925 >  0.500
 loglike: -6.1e+05 | params: [-0.60938847 -1.02639074  5.98888157  5.75409777]
 Average call time: 5.39 sec | Current time: 2018-10-02 11:26:48.545226
 --------------------------
iter: 120 | batch: 0 | nc: 1 | ncalls: 137 | eff(%): 18.838 | logz: -6.1e+05 +/- 1.2e-01 | dlogz: 434209.708 >  0.500
 loglike: -6.1e+05 | params: [ 0.03423326 -1.29188464  5.98433592 11.19944049]
 Average call time: 5.42 sec | Current time: 2018-10-02 11:26:53.961178
 --------------------------
iter: 121 | batch: 0 | nc: 1 | ncalls: 138 | eff(%): 18.966 | logz: -6.1e+05 +/- 1.2e-01 | dlogz: 433774.312 >  0.500
 loglike: -6.1e+05 | params: [-1.27196044 -1.43971896  5.84554425  8.76021982]
 Average call time: 5.57 sec | Current time: 2018-10-02 11:26:59.529686
 --------------------------
iter: 122 | batch: 0 | nc: 1 | ncalls: 139 | eff(%): 19.092 | logz: -6.1e+05 +/- 1.2e-01 | dlogz: 432709.401 >  0.500
 loglike: -6.1e+05 | params: [-1.28915118 -1.61062384  5.77323124 15.8175842 ]
 Average call time: 4.69 sec | Current time: 2018-10-02 11:27:04.222418
 --------------------------
iter: 123 | batch: 0 | nc: 1 | ncalls: 140 | eff(%): 19.219 | logz: -6.1e+05 +/- 1.2e-01 | dlogz: 431830.477 >  0.500
 loglike: -6.1e+05 | params: [-1.49539611 -1.47831229  5.79285563  8.87926122]
 Average call time: 4.58 sec | Current time: 2018-10-02 11:27:08.802365
 --------------------------
iter: 124 | batch: 0 | nc: 1 | ncalls: 141 | eff(%): 19.345 | logz: -6.1e+05 +/- 1.2e-01 | dlogz: 430394.334 >  0.500
 loglike: -6.1e+05 | params: [-0.45959908 -1.95804419  5.78736384 19.76816028]
 Average call time: 4.56 sec | Current time: 2018-10-02 11:27:13.358534
 --------------------------
iter: 125 | batch: 0 | nc: 1 | ncalls: 142 | eff(%): 19.470 | logz: -6.1e+05 +/- 1.2e-01 | dlogz: 430284.657 >  0.500
 loglike: -6.1e+05 | params: [-0.38842722 -1.80241201  5.95300431  1.84363094]
 Average call time: 5.42 sec | Current time: 2018-10-02 11:27:18.781630
 --------------------------
iter: 126 | batch: 0 | nc: 1 | ncalls: 143 | eff(%): 19.596 | logz: -6.1e+05 +/- 1.2e-01 | dlogz: 430232.718 >  0.500
 loglike: -6.1e+05 | params: [-0.03882091 -1.01090358  5.8987388  19.59274081]
 Average call time: 4.56 sec | Current time: 2018-10-02 11:27:23.345757
 --------------------------
iter: 127 | batch: 0 | nc: 1 | ncalls: 144 | eff(%): 19.720 | logz: -6.1e+05 +/- 1.2e-01 | dlogz: 429926.653 >  0.500
 loglike: -6.1e+05 | params: [-0.61777384 -1.47279541  5.89910306  5.10186885]
 Average call time: 5.39 sec | Current time: 2018-10-02 11:27:28.731029
 --------------------------
iter: 128 | batch: 0 | nc: 1 | ncalls: 145 | eff(%): 19.845 | logz: -6.1e+05 +/- 1.2e-01 | dlogz: 429292.520 >  0.500
 loglike: -6.1e+05 | params: [-1.43055268 -1.84474042  5.78459737  7.43877028]
 Average call time: 4.77 sec | Current time: 2018-10-02 11:27:33.496345
 --------------------------
iter: 129 | batch: 0 | nc: 1 | ncalls: 146 | eff(%): 19.969 | logz: -6.0e+05 +/- 1.2e-01 | dlogz: 429165.865 >  0.500
 loglike: -6.0e+05 | params: [-0.8110648  -1.0585856   5.76656511 16.04403192]
 Average call time: 5.37 sec | Current time: 2018-10-02 11:27:38.861950
 --------------------------
iter: 130 | batch: 0 | nc: 2 | ncalls: 148 | eff(%): 20.062 | logz: -6.0e+05 +/- 1.2e-01 | dlogz: 428045.222 >  0.500
 loglike: -6.0e+05 | params: [-0.06538603 -1.12605004  6.0266252   2.06758436]
 Average call time: 5.25 sec | Current time: 2018-10-02 11:27:49.369891
 --------------------------
iter: 131 | batch: 0 | nc: 1 | ncalls: 149 | eff(%): 20.185 | logz: -6.0e+05 +/- 1.2e-01 | dlogz: 428029.520 >  0.500
 loglike: -6.0e+05 | params: [-0.08436072 -1.76520723  5.92637133  7.26309896]
 Average call time: 5.44 sec | Current time: 2018-10-02 11:27:54.810502
 --------------------------
iter: 132 | batch: 0 | nc: 1 | ncalls: 150 | eff(%): 20.308 | logz: -6.0e+05 +/- 1.2e-01 | dlogz: 427770.575 >  0.500
 loglike: -6.0e+05 | params: [-0.66756601 -1.1224175   5.80385463 11.00743638]
 Average call time: 5.80 sec | Current time: 2018-10-02 11:28:00.614282
 --------------------------
iter: 133 | batch: 0 | nc: 1 | ncalls: 151 | eff(%): 20.430 | logz: -6.0e+05 +/- 1.2e-01 | dlogz: 427551.799 >  0.500
 loglike: -6.0e+05 | params: [-1.14653252 -1.62936413  5.79792264  6.19305979]
 Average call time: 5.65 sec | Current time: 2018-10-02 11:28:06.264370
 --------------------------
iter: 134 | batch: 0 | nc: 2 | ncalls: 153 | eff(%): 20.521 | logz: -6.0e+05 +/- 1.2e-01 | dlogz: 427474.763 >  0.500
 loglike: -6.0e+05 | params: [-0.04668308 -1.09991216  5.895819   12.02318013]
 Average call time: 5.39 sec | Current time: 2018-10-02 11:28:17.036858
 --------------------------
iter: 135 | batch: 0 | nc: 1 | ncalls: 154 | eff(%): 20.642 | logz: -6.0e+05 +/- 1.2e-01 | dlogz: 427406.014 >  0.500
 loglike: -6.0e+05 | params: [-1.14139173 -1.25546794  5.83511976  3.21529431]
 Average call time: 5.08 sec | Current time: 2018-10-02 11:28:22.113194
 --------------------------
iter: 136 | batch: 0 | nc: 2 | ncalls: 156 | eff(%): 20.732 | logz: -6.0e+05 +/- 1.2e-01 | dlogz: 425647.431 >  0.500
 loglike: -6.0e+05 | params: [ 0.03437418 -1.20157409  5.98215634  1.90273388]
 Average call time: 5.83 sec | Current time: 2018-10-02 11:28:33.773611
 --------------------------
iter: 137 | batch: 0 | nc: 1 | ncalls: 157 | eff(%): 20.852 | logz: -6.0e+05 +/- 1.2e-01 | dlogz: 425579.940 >  0.500
 loglike: -6.0e+05 | params: [-1.2521146  -1.8806191   5.69261528 11.78734231]
 Average call time: 5.72 sec | Current time: 2018-10-02 11:28:39.493023
 --------------------------
iter: 138 | batch: 0 | nc: 2 | ncalls: 159 | eff(%): 20.941 | logz: -6.0e+05 +/- 1.2e-01 | dlogz: 425539.105 >  0.500
 loglike: -6.0e+05 | params: [ 0.2596646  -1.00299165  5.91859387 14.53136739]
 Average call time: 5.50 sec | Current time: 2018-10-02 11:28:50.491659
 --------------------------
iter: 139 | batch: 0 | nc: 1 | ncalls: 160 | eff(%): 21.061 | logz: -6.0e+05 +/- 1.2e-01 | dlogz: 425328.553 >  0.500
 loglike: -6.0e+05 | params: [-0.88230071 -1.63232422  5.81653835  3.69090496]
 Average call time: 4.78 sec | Current time: 2018-10-02 11:28:55.268983
 --------------------------
iter: 140 | batch: 0 | nc: 2 | ncalls: 162 | eff(%): 21.148 | logz: -6.0e+05 +/- 1.2e-01 | dlogz: 425142.726 >  0.500
 loglike: -6.0e+05 | params: [-0.23702596 -1.2054651   5.92859257  2.98504874]
 Average call time: 5.37 sec | Current time: 2018-10-02 11:29:06.003446
 --------------------------
iter: 141 | batch: 0 | nc: 1 | ncalls: 163 | eff(%): 21.267 | logz: -6.0e+05 +/- 1.2e-01 | dlogz: 424557.578 >  0.500
 loglike: -6.0e+05 | params: [-0.6250145  -1.02907468  5.86930482  2.72235179]
 Average call time: 5.36 sec | Current time: 2018-10-02 11:29:11.367898
 --------------------------
iter: 142 | batch: 0 | nc: 1 | ncalls: 164 | eff(%): 21.386 | logz: -6.0e+05 +/- 1.2e-01 | dlogz: 424289.140 >  0.500
 loglike: -6.0e+05 | params: [-1.05169704 -1.86134067  5.62619644 19.4783993 ]
 Average call time: 4.71 sec | Current time: 2018-10-02 11:29:16.077602
 --------------------------
iter: 143 | batch: 0 | nc: 1 | ncalls: 165 | eff(%): 21.504 | logz: -6.0e+05 +/- 1.2e-01 | dlogz: 422957.186 >  0.500
 loglike: -6.0e+05 | params: [ 0.23927598 -1.16777304  5.89281524 11.01381884]
 Average call time: 5.67 sec | Current time: 2018-10-02 11:29:21.751619
 --------------------------
iter: 144 | batch: 0 | nc: 2 | ncalls: 167 | eff(%): 21.589 | logz: -6.0e+05 +/- 1.2e-01 | dlogz: 422952.774 >  0.500
 loglike: -6.0e+05 | params: [-0.78136988 -1.91199522  5.647838   17.63289357]
 Average call time: 6.00 sec | Current time: 2018-10-02 11:29:33.746387
 --------------------------
iter: 145 | batch: 0 | nc: 2 | ncalls: 169 | eff(%): 21.674 | logz: -6.0e+05 +/- 1.2e-01 | dlogz: 422763.266 >  0.500
 loglike: -6.0e+05 | params: [-1.32696575 -1.24698617  5.7114465   6.37857654]
 Average call time: 5.41 sec | Current time: 2018-10-02 11:29:44.562828
 --------------------------
iter: 146 | batch: 0 | nc: 2 | ncalls: 171 | eff(%): 21.759 | logz: -6.0e+05 +/- 1.2e-01 | dlogz: 422394.412 >  0.500
 loglike: -6.0e+05 | params: [ 0.46530208 -1.82368333  5.99988706  3.18975373]
 Average call time: 5.58 sec | Current time: 2018-10-02 11:29:55.723538
 --------------------------
iter: 147 | batch: 0 | nc: 1 | ncalls: 172 | eff(%): 21.875 | logz: -6.0e+05 +/- 1.2e-01 | dlogz: 421038.171 >  0.500
 loglike: -6.0e+05 | params: [-0.46137717 -1.76102905  5.64772445 19.92189701]
 Average call time: 5.80 sec | Current time: 2018-10-02 11:30:01.526026
 --------------------------
iter: 148 | batch: 0 | nc: 1 | ncalls: 173 | eff(%): 21.991 | logz: -6.0e+05 +/- 1.2e-01 | dlogz: 420840.690 >  0.500
 loglike: -6.0e+05 | params: [-0.08800487 -1.85016628  5.73031705 16.63703915]
 Average call time: 5.50 sec | Current time: 2018-10-02 11:30:07.029486
 --------------------------
iter: 149 | batch: 0 | nc: 1 | ncalls: 174 | eff(%): 22.107 | logz: -6.0e+05 +/- 1.2e-01 | dlogz: 419989.343 >  0.500
 loglike: -6.0e+05 | params: [-0.43076866 -1.68236044  5.76809318  3.66869757]
 Average call time: 5.67 sec | Current time: 2018-10-02 11:30:12.697205
 --------------------------
iter: 150 | batch: 0 | nc: 1 | ncalls: 175 | eff(%): 22.222 | logz: -6.0e+05 +/- 1.2e-01 | dlogz: 419707.985 >  0.500
 loglike: -6.0e+05 | params: [ 0.27846017 -1.94773357  5.9159185   2.98894806]
 Average call time: 5.98 sec | Current time: 2018-10-02 11:30:18.674676
 --------------------------
iter: 151 | batch: 0 | nc: 1 | ncalls: 176 | eff(%): 22.337 | logz: -6.0e+05 +/- 1.2e-01 | dlogz: 418836.045 >  0.500
 loglike: -6.0e+05 | params: [-1.2449542  -1.88713528  5.65207226  4.86356315]
 Average call time: 5.40 sec | Current time: 2018-10-02 11:30:24.075118
 --------------------------
iter: 152 | batch: 0 | nc: 4 | ncalls: 180 | eff(%): 22.353 | logz: -5.9e+05 +/- 1.2e-01 | dlogz: 418703.000 >  0.500
 loglike: -5.9e+05 | params: [-0.13217429 -1.93880038  5.70268623 13.48467524]
 Average call time: 5.78 sec | Current time: 2018-10-02 11:30:47.196295
 --------------------------
iter: 153 | batch: 0 | nc: 1 | ncalls: 181 | eff(%): 22.467 | logz: -5.9e+05 +/- 1.2e-01 | dlogz: 417596.221 >  0.500
 loglike: -5.9e+05 | params: [-1.37232632 -1.5732458   5.5302076  14.39125621]
 Average call time: 4.69 sec | Current time: 2018-10-02 11:30:51.885441
 --------------------------
iter: 154 | batch: 0 | nc: 1 | ncalls: 182 | eff(%): 22.581 | logz: -5.9e+05 +/- 1.2e-01 | dlogz: 417330.458 >  0.500
 loglike: -5.9e+05 | params: [-1.33045231 -1.66699753  5.64214338  2.93446393]
 Average call time: 4.74 sec | Current time: 2018-10-02 11:30:56.626383
 --------------------------
iter: 155 | batch: 0 | nc: 1 | ncalls: 183 | eff(%): 22.694 | logz: -5.9e+05 +/- 1.2e-01 | dlogz: 417289.527 >  0.500
 loglike: -5.9e+05 | params: [ 0.31634771 -1.40538291  5.8675066   6.94758989]
 Average call time: 6.03 sec | Current time: 2018-10-02 11:31:02.651837
 --------------------------
iter: 156 | batch: 0 | nc: 1 | ncalls: 184 | eff(%): 22.807 | logz: -5.9e+05 +/- 1.2e-01 | dlogz: 417085.912 >  0.500
 loglike: -5.9e+05 | params: [-1.00440545 -1.95498336  5.52730813 16.71066473]
 Average call time: 5.82 sec | Current time: 2018-10-02 11:31:08.467722
 --------------------------
iter: 157 | batch: 0 | nc: 1 | ncalls: 185 | eff(%): 22.920 | logz: -5.9e+05 +/- 1.2e-01 | dlogz: 416708.840 >  0.500
 loglike: -5.9e+05 | params: [ 0.40648178 -1.11461276  5.89642796  0.73298045]
 Average call time: 5.36 sec | Current time: 2018-10-02 11:31:13.827083
 --------------------------
iter: 158 | batch: 0 | nc: 1 | ncalls: 186 | eff(%): 23.032 | logz: -5.9e+05 +/- 1.2e-01 | dlogz: 416404.609 >  0.500
 loglike: -5.9e+05 | params: [-0.805441   -1.61649978  5.58307245  9.66693206]
 Average call time: 5.78 sec | Current time: 2018-10-02 11:31:19.611996
 --------------------------
iter: 159 | batch: 0 | nc: 1 | ncalls: 187 | eff(%): 23.144 | logz: -5.9e+05 +/- 1.2e-01 | dlogz: 416241.746 >  0.500
 loglike: -5.9e+05 | params: [-0.01913845 -1.43570256  5.72928864  9.16225874]
 Average call time: 5.64 sec | Current time: 2018-10-02 11:31:25.253129
 --------------------------
iter: 160 | batch: 0 | nc: 1 | ncalls: 188 | eff(%): 23.256 | logz: -5.9e+05 +/- 1.2e-01 | dlogz: 415477.825 >  0.500
 loglike: -5.9e+05 | params: [-0.20828635 -1.56730946  5.6530021  14.00900072]
 Average call time: 5.53 sec | Current time: 2018-10-02 11:31:30.785625
 --------------------------
iter: 161 | batch: 0 | nc: 1 | ncalls: 189 | eff(%): 23.367 | logz: -5.9e+05 +/- 1.2e-01 | dlogz: 415439.575 >  0.500
 loglike: -5.9e+05 | params: [-0.71941969 -1.37737624  5.58224056 10.06709886]
 Average call time: 4.95 sec | Current time: 2018-10-02 11:31:35.733722
 --------------------------
iter: 162 | batch: 0 | nc: 1 | ncalls: 190 | eff(%): 23.478 | logz: -5.9e+05 +/- 1.2e-01 | dlogz: 414972.596 >  0.500
 loglike: -5.9e+05 | params: [-0.34009435 -1.2726225   5.65201168  8.13951674]
 Average call time: 4.80 sec | Current time: 2018-10-02 11:31:40.528859
 --------------------------
iter: 163 | batch: 0 | nc: 1 | ncalls: 191 | eff(%): 23.589 | logz: -5.9e+05 +/- 1.2e-01 | dlogz: 414635.067 >  0.500
 loglike: -5.9e+05 | params: [-1.33161973 -1.1740354   5.57383609  4.96666714]
 Average call time: 5.43 sec | Current time: 2018-10-02 11:31:45.957230
 --------------------------
iter: 164 | batch: 0 | nc: 2 | ncalls: 193 | eff(%): 23.665 | logz: -5.9e+05 +/- 1.2e-01 | dlogz: 414110.799 >  0.500
 loglike: -5.9e+05 | params: [-1.37037808 -1.69480853  5.47044903 11.81626725]
 Average call time: 5.73 sec | Current time: 2018-10-02 11:31:57.415412
 --------------------------
iter: 165 | batch: 0 | nc: 2 | ncalls: 195 | eff(%): 23.741 | logz: -5.9e+05 +/- 1.2e-01 | dlogz: 413759.820 >  0.500
 loglike: -5.9e+05 | params: [ 0.47455978 -1.05051142  5.76078421 12.84126093]
 Average call time: 5.84 sec | Current time: 2018-10-02 11:32:09.103783
 --------------------------
iter: 166 | batch: 0 | nc: 1 | ncalls: 196 | eff(%): 23.851 | logz: -5.9e+05 +/- 1.2e-01 | dlogz: 412469.701 >  0.500
 loglike: -5.9e+05 | params: [-1.08933173 -1.11681777  5.47911781 14.24697114]
 Average call time: 4.93 sec | Current time: 2018-10-02 11:32:14.029449
 --------------------------
iter: 167 | batch: 0 | nc: 1 | ncalls: 197 | eff(%): 23.960 | logz: -5.9e+05 +/- 1.2e-01 | dlogz: 412343.496 >  0.500
 loglike: -5.9e+05 | params: [-0.66627356 -1.84780749  5.55904201  2.18988003]
 Average call time: 5.61 sec | Current time: 2018-10-02 11:32:19.638036
 --------------------------
iter: 168 | batch: 0 | nc: 1 | ncalls: 198 | eff(%): 24.069 | logz: -5.9e+05 +/- 1.2e-01 | dlogz: 412259.768 >  0.500
 loglike: -5.9e+05 | params: [-1.36022757 -1.11215664  5.52950843  4.39485086]
 Average call time: 5.37 sec | Current time: 2018-10-02 11:32:25.007941
 --------------------------
iter: 169 | batch: 0 | nc: 1 | ncalls: 199 | eff(%): 24.177 | logz: -5.9e+05 +/- 1.2e-01 | dlogz: 411759.354 >  0.500
 loglike: -5.9e+05 | params: [-0.42516791 -1.07969558  5.5512451  10.77096358]
 Average call time: 5.43 sec | Current time: 2018-10-02 11:32:30.437485
 --------------------------
iter: 170 | batch: 0 | nc: 1 | ncalls: 200 | eff(%): 24.286 | logz: -5.9e+05 +/- 1.2e-01 | dlogz: 410595.897 >  0.500
 loglike: -5.9e+05 | params: [-0.24593777 -1.45171519  5.58804111 10.62403961]
 Average call time: 5.37 sec | Current time: 2018-10-02 11:32:35.807326
 --------------------------
iter: 171 | batch: 0 | nc: 2 | ncalls: 202 | eff(%): 24.359 | logz: -5.9e+05 +/- 1.2e-01 | dlogz: 410558.402 >  0.500
 loglike: -5.9e+05 | params: [-0.83549364 -1.43266562  5.49824232  1.92951594]
 Average call time: 5.83 sec | Current time: 2018-10-02 11:32:47.459410
 --------------------------
iter: 172 | batch: 0 | nc: 1 | ncalls: 203 | eff(%): 24.467 | logz: -5.9e+05 +/- 1.2e-01 | dlogz: 410520.624 >  0.500
 loglike: -5.9e+05 | params: [ 0.01843845 -1.07848435  5.69844889  4.23825741]
 Average call time: 5.75 sec | Current time: 2018-10-02 11:32:53.211504
 --------------------------
iter: 173 | batch: 0 | nc: 1 | ncalls: 204 | eff(%): 24.574 | logz: -5.9e+05 +/- 1.2e-01 | dlogz: 408976.596 >  0.500
 loglike: -5.9e+05 | params: [-1.31903226 -1.40069089  5.44082428  1.24650147]
 Average call time: 5.50 sec | Current time: 2018-10-02 11:32:58.713652
 --------------------------
iter: 174 | batch: 0 | nc: 1 | ncalls: 205 | eff(%): 24.681 | logz: -5.9e+05 +/- 1.2e-01 | dlogz: 408919.871 >  0.500
 loglike: -5.9e+05 | params: [-0.92669789 -1.50761479  5.40955094 10.24840014]
 Average call time: 5.81 sec | Current time: 2018-10-02 11:33:04.525036
 --------------------------
iter: 175 | batch: 0 | nc: 2 | ncalls: 207 | eff(%): 24.752 | logz: -5.8e+05 +/- 1.2e-01 | dlogz: 408406.997 >  0.500
 loglike: -5.8e+05 | params: [ 0.08603227 -1.95049888  5.58170338 11.0701894 ]
 Average call time: 5.81 sec | Current time: 2018-10-02 11:33:16.141977
 --------------------------
iter: 176 | batch: 0 | nc: 1 | ncalls: 208 | eff(%): 24.859 | logz: -5.8e+05 +/- 1.2e-01 | dlogz: 407066.424 >  0.500
 loglike: -5.8e+05 | params: [-1.38207373 -1.9208775   5.32119231 10.51456512]
 Average call time: 4.80 sec | Current time: 2018-10-02 11:33:20.946615
 --------------------------
iter: 177 | batch: 0 | nc: 1 | ncalls: 209 | eff(%): 24.965 | logz: -5.8e+05 +/- 1.2e-01 | dlogz: 407010.236 >  0.500
 loglike: -5.8e+05 | params: [-1.29345431 -1.5146843   5.37328586  1.90880739]
 Average call time: 5.52 sec | Current time: 2018-10-02 11:33:26.462116
 --------------------------
iter: 178 | batch: 0 | nc: 2 | ncalls: 211 | eff(%): 25.035 | logz: -5.8e+05 +/- 1.2e-01 | dlogz: 406999.006 >  0.500
 loglike: -5.8e+05 | params: [-0.80519155 -1.87143     5.40648135  7.88653799]
 Average call time: 5.66 sec | Current time: 2018-10-02 11:33:37.791863
 --------------------------
iter: 179 | batch: 0 | nc: 1 | ncalls: 212 | eff(%): 25.140 | logz: -5.8e+05 +/- 1.2e-01 | dlogz: 406966.050 >  0.500
 loglike: -5.8e+05 | params: [ 0.41789016 -1.61411613  5.66255051  2.65764143]
 Average call time: 5.36 sec | Current time: 2018-10-02 11:33:43.150736
 --------------------------
iter: 180 | batch: 0 | nc: 1 | ncalls: 213 | eff(%): 25.245 | logz: -5.8e+05 +/- 1.2e-01 | dlogz: 406892.815 >  0.500
 loglike: -5.8e+05 | params: [-0.21772165 -1.97731208  5.47595149 17.70457078]
 Average call time: 5.77 sec | Current time: 2018-10-02 11:33:48.917846
 --------------------------
iter: 181 | batch: 0 | nc: 1 | ncalls: 214 | eff(%): 25.350 | logz: -5.8e+05 +/- 1.2e-01 | dlogz: 406198.476 >  0.500
 loglike: -5.8e+05 | params: [-0.09315461 -1.03932045  5.57465432  9.95475619]
 Average call time: 4.60 sec | Current time: 2018-10-02 11:33:53.512858
 --------------------------
iter: 182 | batch: 0 | nc: 2 | ncalls: 216 | eff(%): 25.419 | logz: -5.8e+05 +/- 1.2e-01 | dlogz: 405816.224 >  0.500
 loglike: -5.8e+05 | params: [-1.22533499 -1.85801194  5.31883979  2.24600648]
 Average call time: 5.84 sec | Current time: 2018-10-02 11:34:05.198738
 --------------------------
iter: 183 | batch: 0 | nc: 1 | ncalls: 217 | eff(%): 25.523 | logz: -5.8e+05 +/- 1.2e-01 | dlogz: 405470.308 >  0.500
 loglike: -5.8e+05 | params: [-0.48684263 -1.70879984  5.35817753  0.60478304]
 Average call time: 5.45 sec | Current time: 2018-10-02 11:34:10.643874
 --------------------------
iter: 184 | batch: 0 | nc: 1 | ncalls: 218 | eff(%): 25.627 | logz: -5.8e+05 +/- 1.2e-01 | dlogz: 405310.379 >  0.500
 loglike: -5.8e+05 | params: [-1.28874313 -1.42271708  5.27156193 19.3254858 ]
 Average call time: 5.43 sec | Current time: 2018-10-02 11:34:16.075978
 --------------------------
iter: 185 | batch: 0 | nc: 1 | ncalls: 219 | eff(%): 25.730 | logz: -5.8e+05 +/- 1.2e-01 | dlogz: 405205.852 >  0.500
 loglike: -5.8e+05 | params: [-0.05116686 -1.2492317   5.49049701  2.35583959]
 Average call time: 4.78 sec | Current time: 2018-10-02 11:34:20.858127
 --------------------------
iter: 186 | batch: 0 | nc: 1 | ncalls: 220 | eff(%): 25.833 | logz: -5.8e+05 +/- 1.2e-01 | dlogz: 404825.066 >  0.500
 loglike: -5.8e+05 | params: [ 0.34336446 -1.41809873  5.60556036 12.3817084 ]
 Average call time: 5.54 sec | Current time: 2018-10-02 11:34:26.401939
 --------------------------
iter: 187 | batch: 0 | nc: 3 | ncalls: 223 | eff(%): 25.864 | logz: -5.8e+05 +/- 1.2e-01 | dlogz: 404531.377 >  0.500
 loglike: -5.8e+05 | params: [-0.61209276 -1.07523266  5.3571718   1.72230962]
 Average call time: 5.57 sec | Current time: 2018-10-02 11:34:43.125974
 --------------------------
iter: 188 | batch: 0 | nc: 1 | ncalls: 224 | eff(%): 25.967 | logz: -5.8e+05 +/- 1.2e-01 | dlogz: 404397.573 >  0.500
 loglike: -5.8e+05 | params: [ 0.10429528 -1.85623318  5.52130486 14.12116803]
 Average call time: 4.90 sec | Current time: 2018-10-02 11:34:48.025329
 --------------------------
iter: 189 | batch: 0 | nc: 1 | ncalls: 225 | eff(%): 26.069 | logz: -5.8e+05 +/- 1.2e-01 | dlogz: 404225.786 >  0.500
 loglike: -5.8e+05 | params: [-1.09044905 -1.7712016   5.26665544  0.49047601]
 Average call time: 4.77 sec | Current time: 2018-10-02 11:34:52.794016
 --------------------------
iter: 190 | batch: 0 | nc: 1 | ncalls: 226 | eff(%): 26.171 | logz: -5.8e+05 +/- 1.2e-01 | dlogz: 403775.328 >  0.500
 loglike: -5.8e+05 | params: [-0.88519666 -1.70158037  5.29625929 11.94324068]
 Average call time: 5.77 sec | Current time: 2018-10-02 11:34:58.561490
 --------------------------
iter: 191 | batch: 0 | nc: 1 | ncalls: 227 | eff(%): 26.272 | logz: -5.8e+05 +/- 1.2e-01 | dlogz: 403648.348 >  0.500
 loglike: -5.8e+05 | params: [-1.39289703 -1.78679386  5.21239413 15.3468483 ]
 Average call time: 5.70 sec | Current time: 2018-10-02 11:35:04.261659
 --------------------------
iter: 192 | batch: 0 | nc: 3 | ncalls: 230 | eff(%): 26.301 | logz: -5.8e+05 +/- 1.2e-01 | dlogz: 403614.192 >  0.500
 loglike: -5.8e+05 | params: [-0.71202688 -1.54336688  5.34387292  9.57004172]
 Average call time: 5.44 sec | Current time: 2018-10-02 11:35:20.589911
 --------------------------
iter: 193 | batch: 0 | nc: 1 | ncalls: 231 | eff(%): 26.402 | logz: -5.8e+05 +/- 1.2e-01 | dlogz: 403326.531 >  0.500
 loglike: -5.8e+05 | params: [-0.44946633 -1.71385741  5.29323116  1.89697814]
 Average call time: 4.70 sec | Current time: 2018-10-02 11:35:25.292780
 --------------------------
iter: 194 | batch: 0 | nc: 1 | ncalls: 232 | eff(%): 26.503 | logz: -5.8e+05 +/- 1.2e-01 | dlogz: 403322.618 >  0.500
 loglike: -5.8e+05 | params: [ 0.37797461 -1.80709859  5.56422012 13.9890021 ]
 Average call time: 5.64 sec | Current time: 2018-10-02 11:35:30.930275
 --------------------------
iter: 195 | batch: 0 | nc: 1 | ncalls: 233 | eff(%): 26.603 | logz: -5.8e+05 +/- 1.2e-01 | dlogz: 403233.292 >  0.500
 loglike: -5.8e+05 | params: [-0.5924399  -1.60597709  5.35821707 11.12049182]
 Average call time: 4.96 sec | Current time: 2018-10-02 11:35:35.895062
 --------------------------
iter: 196 | batch: 0 | nc: 1 | ncalls: 234 | eff(%): 26.703 | logz: -5.8e+05 +/- 1.2e-01 | dlogz: 403170.355 >  0.500
 loglike: -5.8e+05 | params: [ 0.22744536 -1.59450278  5.48253794  2.55752823]
 Average call time: 5.85 sec | Current time: 2018-10-02 11:35:41.742810
 --------------------------
iter: 197 | batch: 0 | nc: 1 | ncalls: 235 | eff(%): 26.803 | logz: -5.8e+05 +/- 1.2e-01 | dlogz: 403119.047 >  0.500
 loglike: -5.8e+05 | params: [ 0.03330744 -1.77829035  5.53378716  6.16063176]
 Average call time: 5.52 sec | Current time: 2018-10-02 11:35:47.264568
 --------------------------
iter: 198 | batch: 0 | nc: 1 | ncalls: 236 | eff(%): 26.902 | logz: -5.8e+05 +/- 1.2e-01 | dlogz: 402558.773 >  0.500
 loglike: -5.8e+05 | params: [-0.57421536 -1.15281333  5.39011797  7.42045964]
 Average call time: 7.12 sec | Current time: 2018-10-02 11:35:54.387386
 --------------------------
iter: 199 | batch: 0 | nc: 1 | ncalls: 237 | eff(%): 27.001 | logz: -5.8e+05 +/- 1.2e-01 | dlogz: 402554.263 >  0.500
 loglike: -5.8e+05 | params: [-1.32502369 -1.74324308  5.20058706 11.43718701]
 Average call time: 4.77 sec | Current time: 2018-10-02 11:35:59.157269
 --------------------------
iter: 200 | batch: 0 | nc: 1 | ncalls: 238 | eff(%): 27.100 | logz: -5.8e+05 +/- 1.2e-01 | dlogz: 402165.106 >  0.500
 loglike: -5.8e+05 | params: [-0.64682398 -1.17225294  5.25288673  0.47576643]
 Average call time: 4.82 sec | Current time: 2018-10-02 11:36:03.976893
 --------------------------
iter: 201 | batch: 0 | nc: 1 | ncalls: 239 | eff(%): 27.199 | logz: -5.8e+05 +/- 1.1e-01 | dlogz: 401998.652 >  0.500
 loglike: -5.8e+05 | params: [ 0.14504112 -1.06981748  5.51028912 16.03244643]
 Average call time: 4.68 sec | Current time: 2018-10-02 11:36:08.656911
 --------------------------
iter: 202 | batch: 0 | nc: 2 | ncalls: 241 | eff(%): 27.260 | logz: -5.8e+05 +/- 1.2e-01 | dlogz: 401997.413 >  0.500
 loglike: -5.8e+05 | params: [-0.92557362 -1.28289908  5.25366659  2.78379324]
 Average call time: 5.88 sec | Current time: 2018-10-02 11:36:20.421754
 --------------------------
iter: 203 | batch: 0 | nc: 2 | ncalls: 243 | eff(%): 27.322 | logz: -5.8e+05 +/- 1.2e-01 | dlogz: 401975.827 >  0.500
 loglike: -5.8e+05 | params: [-0.95885838 -1.77332604  5.24004579 10.9173447 ]
 Average call time: 5.31 sec | Current time: 2018-10-02 11:36:31.037126
 --------------------------
iter: 204 | batch: 0 | nc: 1 | ncalls: 244 | eff(%): 27.419 | logz: -5.8e+05 +/- 1.2e-01 | dlogz: 401825.360 >  0.500
 loglike: -5.8e+05 | params: [ 0.48040812 -1.60600819  5.57006633  3.60049496]
 Average call time: 4.79 sec | Current time: 2018-10-02 11:36:35.827589
 --------------------------
iter: 205 | batch: 0 | nc: 2 | ncalls: 246 | eff(%): 27.480 | logz: -5.8e+05 +/- 1.2e-01 | dlogz: 401644.712 >  0.500
 loglike: -5.8e+05 | params: [-0.60517988 -1.8936148   5.32629889 10.09524021]
 Average call time: 5.75 sec | Current time: 2018-10-02 11:36:47.331918
 --------------------------
iter: 206 | batch: 0 | nc: 1 | ncalls: 247 | eff(%): 27.577 | logz: -5.8e+05 +/- 1.2e-01 | dlogz: 401629.083 >  0.500
 loglike: -5.8e+05 | params: [-1.13954446 -1.08893938  5.2233042  18.25817524]
 Average call time: 4.75 sec | Current time: 2018-10-02 11:36:52.079554
 --------------------------
iter: 207 | batch: 0 | nc: 1 | ncalls: 248 | eff(%): 27.674 | logz: -5.8e+05 +/- 1.2e-01 | dlogz: 401449.492 >  0.500
 loglike: -5.8e+05 | params: [-1.39239555 -1.13720383  5.14985192 17.40609772]
 Average call time: 4.66 sec | Current time: 2018-10-02 11:36:56.739900
 --------------------------
iter: 208 | batch: 0 | nc: 1 | ncalls: 249 | eff(%): 27.770 | logz: -5.8e+05 +/- 1.2e-01 | dlogz: 400535.387 >  0.500
 loglike: -5.8e+05 | params: [-0.23516051 -1.15573811  5.35510642  3.02285104]
 Average call time: 5.55 sec | Current time: 2018-10-02 11:37:02.293991
 --------------------------
iter: 209 | batch: 0 | nc: 2 | ncalls: 251 | eff(%): 27.830 | logz: -5.8e+05 +/- 1.2e-01 | dlogz: 400477.380 >  0.500
 loglike: -5.8e+05 | params: [-1.13649296 -1.22100764  5.19707605 11.08412253]
 Average call time: 5.04 sec | Current time: 2018-10-02 11:37:12.376781
 --------------------------
iter: 210 | batch: 0 | nc: 1 | ncalls: 252 | eff(%): 27.926 | logz: -5.8e+05 +/- 1.2e-01 | dlogz: 400128.277 >  0.500
 loglike: -5.8e+05 | params: [-1.30770791 -1.18065763  5.14803252 15.694257  ]
 Average call time: 5.79 sec | Current time: 2018-10-02 11:37:18.163568
 --------------------------
iter: 211 | batch: 0 | nc: 2 | ncalls: 254 | eff(%): 27.984 | logz: -5.8e+05 +/- 1.2e-01 | dlogz: 400058.589 >  0.500
 loglike: -5.8e+05 | params: [-0.54886685 -1.65558303  5.20440217  2.6114859 ]
 Average call time: 5.40 sec | Current time: 2018-10-02 11:37:28.955997
 --------------------------
iter: 212 | batch: 0 | nc: 2 | ncalls: 256 | eff(%): 28.042 | logz: -5.8e+05 +/- 1.2e-01 | dlogz: 399939.699 >  0.500
 loglike: -5.8e+05 | params: [-1.18184566 -1.56059611  5.14664993 18.50865618]
 Average call time: 5.60 sec | Current time: 2018-10-02 11:37:40.149606
 --------------------------
iter: 213 | batch: 0 | nc: 1 | ncalls: 257 | eff(%): 28.137 | logz: -5.8e+05 +/- 1.2e-01 | dlogz: 399899.924 >  0.500
 loglike: -5.8e+05 | params: [ 0.01406913 -1.54574507  5.47063829  7.19887475]
 Average call time: 5.64 sec | Current time: 2018-10-02 11:37:45.792607
 --------------------------
iter: 214 | batch: 0 | nc: 1 | ncalls: 258 | eff(%): 28.232 | logz: -5.8e+05 +/- 1.2e-01 | dlogz: 399674.339 >  0.500
 loglike: -5.8e+05 | params: [-0.8861715  -1.69126233  5.20095319  6.74825766]
 Average call time: 5.40 sec | Current time: 2018-10-02 11:37:51.190003
 --------------------------
iter: 215 | batch: 0 | nc: 1 | ncalls: 259 | eff(%): 28.327 | logz: -5.8e+05 +/- 1.2e-01 | dlogz: 399294.523 >  0.500
 loglike: -5.8e+05 | params: [-1.03213581 -1.31704815  5.17185521 11.92039982]
 Average call time: 4.63 sec | Current time: 2018-10-02 11:37:55.817974
 --------------------------
iter: 216 | batch: 0 | nc: 1 | ncalls: 260 | eff(%): 28.421 | logz: -5.8e+05 +/- 1.2e-01 | dlogz: 398988.014 >  0.500
 loglike: -5.8e+05 | params: [-1.3643513  -1.8983202   5.08348199  4.12110198]
 Average call time: 5.42 sec | Current time: 2018-10-02 11:38:01.236852
 --------------------------
iter: 217 | batch: 0 | nc: 2 | ncalls: 262 | eff(%): 28.478 | logz: -5.8e+05 +/- 1.2e-01 | dlogz: 398563.040 >  0.500
 loglike: -5.8e+05 | params: [-1.49105785 -1.68521877  5.05227343 19.87847786]
 Average call time: 5.71 sec | Current time: 2018-10-02 11:38:12.665633
 --------------------------
iter: 218 | batch: 0 | nc: 1 | ncalls: 263 | eff(%): 28.571 | logz: -5.8e+05 +/- 1.2e-01 | dlogz: 398523.283 >  0.500
 loglike: -5.8e+05 | params: [ 0.20520448 -1.40204463  5.4692333  10.7898158 ]
 Average call time: 5.48 sec | Current time: 2018-10-02 11:38:18.148119
 --------------------------
iter: 219 | batch: 0 | nc: 2 | ncalls: 265 | eff(%): 28.627 | logz: -5.8e+05 +/- 1.2e-01 | dlogz: 398515.577 >  0.500
 loglike: -5.8e+05 | params: [-0.78602407 -1.18086655  5.20071395 14.32954461]
 Average call time: 5.50 sec | Current time: 2018-10-02 11:38:29.138683
 --------------------------
iter: 220 | batch: 0 | nc: 1 | ncalls: 266 | eff(%): 28.721 | logz: -5.8e+05 +/- 1.2e-01 | dlogz: 398369.831 >  0.500
 loglike: -5.8e+05 | params: [ 0.42890837 -1.98297417  5.38285383  2.89475533]
 Average call time: 5.88 sec | Current time: 2018-10-02 11:38:35.022704
 --------------------------
iter: 221 | batch: 0 | nc: 1 | ncalls: 267 | eff(%): 28.814 | logz: -5.8e+05 +/- 1.2e-01 | dlogz: 398171.057 >  0.500
 loglike: -5.7e+05 | params: [-0.85975329 -1.4732729   5.14863283 17.64212528]
 Average call time: 5.52 sec | Current time: 2018-10-02 11:38:40.539324
 --------------------------
iter: 222 | batch: 0 | nc: 1 | ncalls: 268 | eff(%): 28.906 | logz: -5.7e+05 +/- 1.2e-01 | dlogz: 398085.267 >  0.500
 loglike: -5.7e+05 | params: [ 0.24611694 -1.96129216  5.46195393  9.57774271]
 Average call time: 5.68 sec | Current time: 2018-10-02 11:38:46.219778
 --------------------------
iter: 223 | batch: 0 | nc: 1 | ncalls: 269 | eff(%): 28.999 | logz: -5.7e+05 +/- 1.2e-01 | dlogz: 397811.713 >  0.500
 loglike: -5.7e+05 | params: [-0.74287149 -1.18355009  5.19250657 18.63354419]
 Average call time: 5.61 sec | Current time: 2018-10-02 11:38:51.831003
 --------------------------
iter: 224 | batch: 0 | nc: 1 | ncalls: 270 | eff(%): 29.091 | logz: -5.7e+05 +/- 1.2e-01 | dlogz: 397807.969 >  0.500
 loglike: -5.7e+05 | params: [ 0.18581743 -1.9940353   5.22953925  2.38564618]
 Average call time: 5.45 sec | Current time: 2018-10-02 11:38:57.283700
 --------------------------
iter: 225 | batch: 0 | nc: 2 | ncalls: 272 | eff(%): 29.145 | logz: -5.7e+05 +/- 1.2e-01 | dlogz: 397804.778 >  0.500
 loglike: -5.7e+05 | params: [-1.14206067 -1.13798973  5.14638857  6.36956388]
 Average call time: 5.81 sec | Current time: 2018-10-02 11:39:08.896988
 --------------------------
iter: 226 | batch: 0 | nc: 1 | ncalls: 273 | eff(%): 29.237 | logz: -5.7e+05 +/- 1.2e-01 | dlogz: 397758.566 >  0.500
 loglike: -5.7e+05 | params: [ 0.21295491 -1.27220398  5.46172572  9.49978369]
 Average call time: 5.46 sec | Current time: 2018-10-02 11:39:14.356100
 --------------------------
iter: 227 | batch: 0 | nc: 1 | ncalls: 274 | eff(%): 29.328 | logz: -5.7e+05 +/- 1.2e-01 | dlogz: 397582.167 >  0.500
 loglike: -5.7e+05 | params: [-0.60011575 -1.3816736   5.23695256  7.89693843]
 Average call time: 5.46 sec | Current time: 2018-10-02 11:39:19.814821
 --------------------------
iter: 228 | batch: 0 | nc: 1 | ncalls: 275 | eff(%): 29.419 | logz: -5.7e+05 +/- 1.2e-01 | dlogz: 397284.535 >  0.500
 loglike: -5.7e+05 | params: [-0.28664957 -1.17784021  5.13982533  2.44666884]
 Average call time: 5.44 sec | Current time: 2018-10-02 11:39:25.259577
 --------------------------
iter: 229 | batch: 0 | nc: 2 | ncalls: 277 | eff(%): 29.472 | logz: -5.7e+05 +/- 1.2e-01 | dlogz: 397207.876 >  0.500
 loglike: -5.7e+05 | params: [-1.10799066 -1.96127111  5.07930878 11.33616248]
 Average call time: 5.92 sec | Current time: 2018-10-02 11:39:37.090818
 --------------------------
iter: 230 | batch: 0 | nc: 1 | ncalls: 278 | eff(%): 29.563 | logz: -5.7e+05 +/- 1.2e-01 | dlogz: 396796.780 >  0.500
 loglike: -5.7e+05 | params: [-1.24813793 -1.28090753  5.07747135  7.79569621]
 Average call time: 5.03 sec | Current time: 2018-10-02 11:39:42.118555
 --------------------------
