GPU acceleration enabled
Loading Setup File: setup_files/m49_taufull.py
using given n: 0
Starting SourceModule Code
Past the SourceModule code
CUDAC Available
Running Nested Sampling
dynamic:  True
{'pool': None, 'bound': 'multi', 'method': 'unif', 'nprocs': 1, 'update_interval': 1, 'bootstrap': 0, 'enlarge': 1.1, 'first_update': {'min_eff': 30.0}}
{'nlive_init': 500, 'maxcall': 200000, 'dlogz_init': 0.5, 'maxbatch': 10, 'nlive_batch': 100, 'wt_kwargs': {'pfrac': 1.0}, 'maxcall_per_it': 1000, 'print_progress': True, 'save_bounds': False}
-initializing models
-Saving initial results dataframe
Dynamic Sampler Initialized
iter: 1 | batch: 0 | nc: 1 | ncalls: 1 | eff(%):  0.200 | logz: -8.2e+05 +/- 1.2e-01 | dlogz:    inf >  0.500
 loglike: -8.2e+05 | params: [-1.48477705 -1.10366202  6.98776474 16.13948067 30.15083967]
 Average call time: 2702.16 sec | Current time: 2018-10-02 11:15:32.559679
 --------------------------
iter: 2 | batch: 0 | nc: 1 | ncalls: 2 | eff(%):  0.398 | logz: -7.9e+05 +/- 1.2e-01 | dlogz: 586932.598 >  0.500
 loglike: -7.9e+05 | params: [-0.68079092 -1.99428492  6.77007182 12.14452673 30.03273138]
 Average call time: 5.45 sec | Current time: 2018-10-02 11:15:38.008009
 --------------------------
iter: 3 | batch: 0 | nc: 1 | ncalls: 3 | eff(%):  0.596 | logz: -7.8e+05 +/- 1.2e-01 | dlogz: 558924.174 >  0.500
 loglike: -7.8e+05 | params: [-1.48130285 -1.09935138  6.88620715 11.18220411 30.42386922]
 Average call time: 5.52 sec | Current time: 2018-10-02 11:15:43.525329
 --------------------------
iter: 4 | batch: 0 | nc: 1 | ncalls: 4 | eff(%):  0.794 | logz: -7.8e+05 +/- 1.2e-01 | dlogz: 548776.216 >  0.500
 loglike: -7.8e+05 | params: [ 0.34996076 -1.47086836  6.85592866 10.99032994 30.03218989]
 Average call time: 4.42 sec | Current time: 2018-10-02 11:15:47.942972
 --------------------------
iter: 5 | batch: 0 | nc: 1 | ncalls: 5 | eff(%):  0.990 | logz: -7.5e+05 +/- 1.2e-01 | dlogz: 543559.389 >  0.500
 loglike: -7.5e+05 | params: [-1.39225263 -1.54835159  6.91002371  2.56645974 30.59690449]
 Average call time: 4.87 sec | Current time: 2018-10-02 11:15:52.816749
 --------------------------
iter: 6 | batch: 0 | nc: 1 | ncalls: 6 | eff(%):  1.186 | logz: -7.5e+05 +/- 1.2e-01 | dlogz: 520396.509 >  0.500
 loglike: -7.5e+05 | params: [ 0.33116772 -1.82228373  6.91051297 13.12224083 30.71008859]
 Average call time: 4.72 sec | Current time: 2018-10-02 11:15:57.540669
 --------------------------
iter: 7 | batch: 0 | nc: 1 | ncalls: 7 | eff(%):  1.381 | logz: -7.5e+05 +/- 1.2e-01 | dlogz: 517360.622 >  0.500
 loglike: -7.5e+05 | params: [-1.10245621 -1.55604638  6.62383672 13.46154376 30.40761548]
 Average call time: 5.51 sec | Current time: 2018-10-02 11:16:03.049142
 --------------------------
iter: 8 | batch: 0 | nc: 1 | ncalls: 8 | eff(%):  1.575 | logz: -7.5e+05 +/- 1.2e-01 | dlogz: 516952.884 >  0.500
 loglike: -7.5e+05 | params: [-0.28802332 -1.03520348  6.8379574  18.6075733  30.92339916]
 Average call time: 5.29 sec | Current time: 2018-10-02 11:16:08.334208
 --------------------------
iter: 9 | batch: 0 | nc: 1 | ncalls: 9 | eff(%):  1.768 | logz: -7.4e+05 +/- 1.2e-01 | dlogz: 511730.733 >  0.500
 loglike: -7.4e+05 | params: [-0.47655747 -1.15638356  6.96771826 12.65204793 31.42736665]
 Average call time: 4.65 sec | Current time: 2018-10-02 11:16:12.984578
 --------------------------
iter: 10 | batch: 0 | nc: 1 | ncalls: 10 | eff(%):  1.961 | logz: -7.3e+05 +/- 1.2e-01 | dlogz: 502343.833 >  0.500
 loglike: -7.3e+05 | params: [-0.44654579 -1.37027343  6.40756917 12.85866954 30.11343958]
 Average call time: 5.32 sec | Current time: 2018-10-02 11:16:18.305511
 --------------------------
iter: 11 | batch: 0 | nc: 1 | ncalls: 11 | eff(%):  2.153 | logz: -7.3e+05 +/- 1.2e-01 | dlogz: 496892.555 >  0.500
 loglike: -7.3e+05 | params: [-1.10964668 -1.94260855  6.57372274 16.63033482 30.79502139]
 Average call time: 5.29 sec | Current time: 2018-10-02 11:16:23.593336
 --------------------------
iter: 12 | batch: 0 | nc: 1 | ncalls: 12 | eff(%):  2.344 | logz: -7.1e+05 +/- 1.2e-01 | dlogz: 492561.594 >  0.500
 loglike: -7.1e+05 | params: [-0.65678375 -1.06783457  6.3381641   8.9589711  30.1459471 ]
 Average call time: 5.40 sec | Current time: 2018-10-02 11:16:28.997253
 --------------------------
iter: 13 | batch: 0 | nc: 1 | ncalls: 13 | eff(%):  2.534 | logz: -7.0e+05 +/- 1.2e-01 | dlogz: 479544.600 >  0.500
 loglike: -7.0e+05 | params: [-0.36058422 -1.1106568   6.59070933  3.13246029 30.59492503]
 Average call time: 4.51 sec | Current time: 2018-10-02 11:16:33.511245
 --------------------------
iter: 14 | batch: 0 | nc: 1 | ncalls: 14 | eff(%):  2.724 | logz: -7.0e+05 +/- 1.2e-01 | dlogz: 470120.671 >  0.500
 loglike: -7.0e+05 | params: [ 0.06126132 -1.17850605  6.76704878 12.23812622 31.45040911]
 Average call time: 5.56 sec | Current time: 2018-10-02 11:16:39.069960
 --------------------------
iter: 15 | batch: 0 | nc: 1 | ncalls: 15 | eff(%):  2.913 | logz: -7.0e+05 +/- 1.2e-01 | dlogz: 464780.721 >  0.500
 loglike: -7.0e+05 | params: [-1.18947199 -1.63900804  6.77537628  2.69015152 31.36423293]
 Average call time: 5.32 sec | Current time: 2018-10-02 11:16:44.387965
 --------------------------
iter: 16 | batch: 0 | nc: 1 | ncalls: 16 | eff(%):  3.101 | logz: -7.0e+05 +/- 1.2e-01 | dlogz: 463368.279 >  0.500
 loglike: -7.0e+05 | params: [-1.42137708 -1.56822348  6.27137923  8.50433682 30.44224555]
 Average call time: 6.18 sec | Current time: 2018-10-02 11:16:50.565072
 --------------------------
iter: 17 | batch: 0 | nc: 1 | ncalls: 17 | eff(%):  3.288 | logz: -6.9e+05 +/- 1.2e-01 | dlogz: 462771.469 >  0.500
 loglike: -6.9e+05 | params: [ 0.12070647 -1.03589879  6.78857032 11.86419355 31.5575166 ]
 Average call time: 5.36 sec | Current time: 2018-10-02 11:16:55.923495
 --------------------------
iter: 18 | batch: 0 | nc: 1 | ncalls: 18 | eff(%):  3.475 | logz: -6.9e+05 +/- 1.2e-01 | dlogz: 459391.551 >  0.500
 loglike: -6.9e+05 | params: [-0.90271865 -1.13839038  6.52903598 15.39480671 31.3061582 ]
 Average call time: 5.91 sec | Current time: 2018-10-02 11:17:01.830171
 --------------------------
iter: 19 | batch: 0 | nc: 1 | ncalls: 19 | eff(%):  3.661 | logz: -6.9e+05 +/- 1.2e-01 | dlogz: 456709.293 >  0.500
 loglike: -6.9e+05 | params: [ 0.13136711 -1.02635584  6.60307041  2.06969233 30.59226759]
 Average call time: 5.26 sec | Current time: 2018-10-02 11:17:07.085149
 --------------------------
iter: 20 | batch: 0 | nc: 1 | ncalls: 20 | eff(%):  3.846 | logz: -6.9e+05 +/- 1.2e-01 | dlogz: 456495.010 >  0.500
 loglike: -6.9e+05 | params: [-0.91318162 -1.94363618  6.67270389 13.01071295 31.72791247]
 Average call time: 5.30 sec | Current time: 2018-10-02 11:17:12.383322
 --------------------------
iter: 21 | batch: 0 | nc: 1 | ncalls: 21 | eff(%):  4.031 | logz: -6.9e+05 +/- 1.2e-01 | dlogz: 456028.958 >  0.500
 loglike: -6.9e+05 | params: [-1.45645548 -1.55166223  6.46557404 15.54003635 31.24580658]
 Average call time: 5.72 sec | Current time: 2018-10-02 11:17:18.101934
 --------------------------
iter: 22 | batch: 0 | nc: 1 | ncalls: 22 | eff(%):  4.215 | logz: -6.9e+05 +/- 1.2e-01 | dlogz: 455227.159 >  0.500
 loglike: -6.9e+05 | params: [ 0.19212827 -1.81674433  6.56484596  2.16268006 30.63411906]
 Average call time: 5.91 sec | Current time: 2018-10-02 11:17:24.008237
 --------------------------
iter: 23 | batch: 0 | nc: 1 | ncalls: 23 | eff(%):  4.398 | logz: -6.8e+05 +/- 1.2e-01 | dlogz: 452745.359 >  0.500
 loglike: -6.8e+05 | params: [-0.64756943 -1.47798857  6.73372181 10.34488015 31.87616344]
 Average call time: 5.97 sec | Current time: 2018-10-02 11:17:29.975316
 --------------------------
iter: 24 | batch: 0 | nc: 1 | ncalls: 24 | eff(%):  4.580 | logz: -6.8e+05 +/- 1.2e-01 | dlogz: 450736.640 >  0.500
 loglike: -6.8e+05 | params: [-0.46072911 -1.79220899  6.37548903  4.56061443 30.69329663]
 Average call time: 5.41 sec | Current time: 2018-10-02 11:17:35.384319
 --------------------------
iter: 25 | batch: 0 | nc: 1 | ncalls: 25 | eff(%):  4.762 | logz: -6.8e+05 +/- 1.2e-01 | dlogz: 449326.846 >  0.500
 loglike: -6.8e+05 | params: [-0.75315259 -1.98759302  6.60951669 17.4781938  31.75873411]
 Average call time: 5.28 sec | Current time: 2018-10-02 11:17:40.665348
 --------------------------
iter: 26 | batch: 0 | nc: 1 | ncalls: 26 | eff(%):  4.943 | logz: -6.8e+05 +/- 1.2e-01 | dlogz: 449019.557 >  0.500
 loglike: -6.8e+05 | params: [-1.30374508 -1.56177271  6.73743116  0.92774089 31.55423779]
 Average call time: 5.39 sec | Current time: 2018-10-02 11:17:46.059167
 --------------------------
iter: 27 | batch: 0 | nc: 1 | ncalls: 27 | eff(%):  5.123 | logz: -6.8e+05 +/- 1.2e-01 | dlogz: 447638.893 >  0.500
 loglike: -6.8e+05 | params: [-0.03345781 -1.93447943  6.07755641 17.20948554 30.15805266]
 Average call time: 4.87 sec | Current time: 2018-10-02 11:17:50.933286
 --------------------------
iter: 28 | batch: 0 | nc: 1 | ncalls: 28 | eff(%):  5.303 | logz: -6.8e+05 +/- 1.2e-01 | dlogz: 447109.367 >  0.500
 loglike: -6.8e+05 | params: [-1.11313133 -1.2599519   6.78364937 10.36629014 32.15022614]
 Average call time: 5.26 sec | Current time: 2018-10-02 11:17:56.192659
 --------------------------
iter: 29 | batch: 0 | nc: 1 | ncalls: 29 | eff(%):  5.482 | logz: -6.7e+05 +/- 1.2e-01 | dlogz: 445164.320 >  0.500
 loglike: -6.7e+05 | params: [-0.83998522 -1.39332478  6.11079894 12.5965048  30.58961529]
 Average call time: 4.74 sec | Current time: 2018-10-02 11:18:00.928968
 --------------------------
iter: 30 | batch: 0 | nc: 1 | ncalls: 30 | eff(%):  5.660 | logz: -6.7e+05 +/- 1.2e-01 | dlogz: 439149.785 >  0.500
 loglike: -6.7e+05 | params: [-1.48320201 -1.52845105  6.26211055 18.471276   31.15718067]
 Average call time: 5.49 sec | Current time: 2018-10-02 11:18:06.415957
 --------------------------
iter: 31 | batch: 0 | nc: 2 | ncalls: 32 | eff(%):  5.827 | logz: -6.7e+05 +/- 1.2e-01 | dlogz: 437156.176 >  0.500
 loglike: -6.7e+05 | params: [-0.85361037 -1.4095182   6.26949284  5.81254226 30.86533613]
 Average call time: 5.76 sec | Current time: 2018-10-02 11:18:17.927016
 --------------------------
iter: 32 | batch: 0 | nc: 1 | ncalls: 33 | eff(%):  6.004 | logz: -6.7e+05 +/- 1.2e-01 | dlogz: 435301.457 >  0.500
 loglike: -6.7e+05 | params: [-0.71995769 -1.73287795  6.0108321  18.00275428 30.50793928]
 Average call time: 6.01 sec | Current time: 2018-10-02 11:18:23.935725
 --------------------------
iter: 33 | batch: 0 | nc: 1 | ncalls: 34 | eff(%):  6.180 | logz: -6.7e+05 +/- 1.2e-01 | dlogz: 434202.654 >  0.500
 loglike: -6.7e+05 | params: [-1.48236945 -1.38029686  6.56185004  4.33066056 31.61075498]
 Average call time: 5.46 sec | Current time: 2018-10-02 11:18:29.396549
 --------------------------
iter: 34 | batch: 0 | nc: 1 | ncalls: 35 | eff(%):  6.355 | logz: -6.7e+05 +/- 1.2e-01 | dlogz: 433439.897 >  0.500
 loglike: -6.7e+05 | params: [-1.23644706 -1.07282014  6.1389829   7.91536014 30.70285323]
 Average call time: 4.46 sec | Current time: 2018-10-02 11:18:33.860372
 --------------------------
iter: 35 | batch: 0 | nc: 1 | ncalls: 36 | eff(%):  6.530 | logz: -6.6e+05 +/- 1.2e-01 | dlogz: 430944.652 >  0.500
 loglike: -6.6e+05 | params: [-0.15434357 -1.91252839  6.4348297  15.67104456 31.58652206]
 Average call time: 4.72 sec | Current time: 2018-10-02 11:18:38.575877
 --------------------------
iter: 36 | batch: 0 | nc: 1 | ncalls: 37 | eff(%):  6.704 | logz: -6.5e+05 +/- 1.2e-01 | dlogz: 428102.350 >  0.500
 loglike: -6.5e+05 | params: [-1.48131279 -1.33875291  5.88068888 18.53968991 30.54708109]
 Average call time: 5.59 sec | Current time: 2018-10-02 11:18:44.167931
 --------------------------
iter: 37 | batch: 0 | nc: 1 | ncalls: 38 | eff(%):  6.877 | logz: -6.5e+05 +/- 1.2e-01 | dlogz: 420154.841 >  0.500
 loglike: -6.5e+05 | params: [-1.4720317  -1.39102286  6.9428319   4.55972977 32.93608859]
 Average call time: 5.43 sec | Current time: 2018-10-02 11:18:49.601742
 --------------------------
iter: 38 | batch: 0 | nc: 1 | ncalls: 39 | eff(%):  7.050 | logz: -6.5e+05 +/- 1.2e-01 | dlogz: 419416.920 >  0.500
 loglike: -6.5e+05 | params: [ 0.46091856 -1.85558164  6.51606541 14.9437087  31.74229517]
 Average call time: 5.55 sec | Current time: 2018-10-02 11:18:55.151708
 --------------------------
iter: 39 | batch: 0 | nc: 1 | ncalls: 40 | eff(%):  7.222 | logz: -6.5e+05 +/- 1.2e-01 | dlogz: 418066.805 >  0.500
 loglike: -6.5e+05 | params: [-0.3546815  -1.8793378   6.99981862 19.94786891 33.47356071]
 Average call time: 5.90 sec | Current time: 2018-10-02 11:19:01.055540
 --------------------------
iter: 40 | batch: 0 | nc: 1 | ncalls: 41 | eff(%):  7.394 | logz: -6.5e+05 +/- 1.2e-01 | dlogz: 417599.965 >  0.500
 loglike: -6.5e+05 | params: [-0.91349689 -1.46988317  6.3316276  17.38879655 31.78251651]
 Average call time: 5.36 sec | Current time: 2018-10-02 11:19:06.414834
 --------------------------
iter: 41 | batch: 0 | nc: 1 | ncalls: 42 | eff(%):  7.565 | logz: -6.5e+05 +/- 1.2e-01 | dlogz: 417512.077 >  0.500
 loglike: -6.5e+05 | params: [-1.06954061 -1.98159901  6.31492867  2.31298055 31.26034389]
 Average call time: 5.62 sec | Current time: 2018-10-02 11:19:12.036826
 --------------------------
iter: 42 | batch: 0 | nc: 1 | ncalls: 43 | eff(%):  7.735 | logz: -6.5e+05 +/- 1.2e-01 | dlogz: 417473.194 >  0.500
 loglike: -6.5e+05 | params: [-0.42935303 -1.3899995   6.2571182   8.25816428 31.30698513]
 Average call time: 4.91 sec | Current time: 2018-10-02 11:19:16.945617
 --------------------------
iter: 43 | batch: 0 | nc: 1 | ncalls: 44 | eff(%):  7.904 | logz: -6.5e+05 +/- 1.2e-01 | dlogz: 417005.916 >  0.500
 loglike: -6.5e+05 | params: [ 0.11143158 -1.51572588  6.38337524  3.12921262 31.09858169]
 Average call time: 5.41 sec | Current time: 2018-10-02 11:19:22.351325
 --------------------------
iter: 44 | batch: 0 | nc: 1 | ncalls: 45 | eff(%):  8.073 | logz: -6.5e+05 +/- 1.2e-01 | dlogz: 416486.994 >  0.500
 loglike: -6.5e+05 | params: [-1.34768962 -1.47843246  6.92033166  8.54235794 33.17912981]
 Average call time: 4.73 sec | Current time: 2018-10-02 11:19:27.082208
 --------------------------
iter: 45 | batch: 0 | nc: 2 | ncalls: 47 | eff(%):  8.227 | logz: -6.5e+05 +/- 1.2e-01 | dlogz: 416299.968 >  0.500
 loglike: -6.5e+05 | params: [-0.41441855 -1.50506511  6.00641484  6.22838933 30.57009889]
 Average call time: 5.77 sec | Current time: 2018-10-02 11:19:38.614008
 --------------------------
iter: 46 | batch: 0 | nc: 1 | ncalls: 48 | eff(%):  8.394 | logz: -6.5e+05 +/- 1.2e-01 | dlogz: 416117.658 >  0.500
 loglike: -6.5e+05 | params: [ 0.19204938 -1.52667012  6.51277513  4.59731097 31.52076869]
 Average call time: 5.46 sec | Current time: 2018-10-02 11:19:44.072491
 --------------------------
iter: 47 | batch: 0 | nc: 1 | ncalls: 49 | eff(%):  8.561 | logz: -6.5e+05 +/- 1.2e-01 | dlogz: 415622.141 >  0.500
 loglike: -6.5e+05 | params: [ 0.44811162 -1.24578438  6.58338728  0.85028654 31.42924424]
 Average call time: 5.67 sec | Current time: 2018-10-02 11:19:49.745265
 --------------------------
iter: 48 | batch: 0 | nc: 1 | ncalls: 50 | eff(%):  8.727 | logz: -6.5e+05 +/- 1.2e-01 | dlogz: 411269.884 >  0.500
 loglike: -6.5e+05 | params: [-1.39572732 -1.90727068  6.43494815  3.44620425 31.81443306]
 Average call time: 5.96 sec | Current time: 2018-10-02 11:19:55.708978
 --------------------------
iter: 49 | batch: 0 | nc: 1 | ncalls: 51 | eff(%):  8.893 | logz: -6.4e+05 +/- 1.2e-01 | dlogz: 410948.519 >  0.500
 loglike: -6.4e+05 | params: [-0.97670781 -1.10663812  6.11225403  5.30684822 31.03441955]
 Average call time: 6.19 sec | Current time: 2018-10-02 11:20:01.897307
 --------------------------
iter: 50 | batch: 0 | nc: 1 | ncalls: 52 | eff(%):  9.058 | logz: -6.4e+05 +/- 1.2e-01 | dlogz: 409762.998 >  0.500
 loglike: -6.4e+05 | params: [-0.38566397 -1.54473079  6.72298202 14.96649115 32.96378039]
 Average call time: 5.47 sec | Current time: 2018-10-02 11:20:07.372341
 --------------------------
iter: 51 | batch: 0 | nc: 1 | ncalls: 53 | eff(%):  9.222 | logz: -6.4e+05 +/- 1.2e-01 | dlogz: 407392.171 >  0.500
 loglike: -6.4e+05 | params: [-1.45473505 -1.78717811  5.63123352 13.49704141 30.19198184]
 Average call time: 5.28 sec | Current time: 2018-10-02 11:20:12.655776
 --------------------------
iter: 52 | batch: 0 | nc: 2 | ncalls: 55 | eff(%):  9.369 | logz: -6.4e+05 +/- 1.2e-01 | dlogz: 407361.583 >  0.500
 loglike: -6.4e+05 | params: [-0.76695848 -1.93422121  5.9390444  10.29652239 30.88419252]
 Average call time: 5.68 sec | Current time: 2018-10-02 11:20:24.008074
 --------------------------
iter: 53 | batch: 0 | nc: 1 | ncalls: 56 | eff(%):  9.532 | logz: -6.4e+05 +/- 1.2e-01 | dlogz: 406973.790 >  0.500
 loglike: -6.4e+05 | params: [-1.31131533 -1.76972884  6.49552321 13.9452741  32.52278563]
 Average call time: 5.49 sec | Current time: 2018-10-02 11:20:29.495656
 --------------------------
iter: 54 | batch: 0 | nc: 1 | ncalls: 57 | eff(%):  9.695 | logz: -6.4e+05 +/- 1.2e-01 | dlogz: 405404.220 >  0.500
 loglike: -6.4e+05 | params: [-1.28219444 -1.53758051  6.43175916  9.35315722 32.33107636]
 Average call time: 4.96 sec | Current time: 2018-10-02 11:20:34.452641
 --------------------------
iter: 55 | batch: 0 | nc: 1 | ncalls: 58 | eff(%):  9.857 | logz: -6.4e+05 +/- 1.2e-01 | dlogz: 402488.755 >  0.500
 loglike: -6.4e+05 | params: [-0.27119436 -1.19607945  5.89333592  9.73805052 30.63694278]
 Average call time: 5.18 sec | Current time: 2018-10-02 11:20:39.634031
 --------------------------
iter: 56 | batch: 0 | nc: 1 | ncalls: 59 | eff(%): 10.018 | logz: -6.4e+05 +/- 1.2e-01 | dlogz: 401892.020 >  0.500
 loglike: -6.4e+05 | params: [-0.65426806 -1.06651391  6.96985497 11.00199289 33.65117286]
 Average call time: 5.34 sec | Current time: 2018-10-02 11:20:44.977607
 --------------------------
iter: 57 | batch: 0 | nc: 1 | ncalls: 60 | eff(%): 10.179 | logz: -6.3e+05 +/- 1.2e-01 | dlogz: 401302.965 >  0.500
 loglike: -6.3e+05 | params: [-0.6153355  -1.61933068  6.16299235 14.26804749 31.77500413]
 Average call time: 5.48 sec | Current time: 2018-10-02 11:20:50.457339
 --------------------------
iter: 58 | batch: 0 | nc: 2 | ncalls: 62 | eff(%): 10.320 | logz: -6.3e+05 +/- 1.2e-01 | dlogz: 397607.057 >  0.500
 loglike: -6.3e+05 | params: [ 0.27979209 -1.83153171  6.41782148 14.08523518 32.11054327]
 Average call time: 5.36 sec | Current time: 2018-10-02 11:21:01.178031
 --------------------------
iter: 59 | batch: 0 | nc: 1 | ncalls: 63 | eff(%): 10.480 | logz: -6.3e+05 +/- 1.2e-01 | dlogz: 396952.092 >  0.500
 loglike: -6.3e+05 | params: [-0.38133652 -1.67109514  6.16302241  4.97881393 31.44011193]
 Average call time: 5.48 sec | Current time: 2018-10-02 11:21:06.657305
 --------------------------
iter: 60 | batch: 0 | nc: 1 | ncalls: 64 | eff(%): 10.638 | logz: -6.3e+05 +/- 1.2e-01 | dlogz: 396433.951 >  0.500
 loglike: -6.3e+05 | params: [-0.58922023 -1.844337    6.9797642  17.80485262 34.018747  ]
 Average call time: 5.45 sec | Current time: 2018-10-02 11:21:12.106673
 --------------------------
iter: 61 | batch: 0 | nc: 2 | ncalls: 66 | eff(%): 10.777 | logz: -6.3e+05 +/- 1.2e-01 | dlogz: 396179.285 >  0.500
 loglike: -6.3e+05 | params: [-1.37199356 -1.49410305  6.66713356  3.06434217 32.84739397]
 Average call time: 6.19 sec | Current time: 2018-10-02 11:21:24.489015
 --------------------------
iter: 62 | batch: 0 | nc: 1 | ncalls: 67 | eff(%): 10.935 | logz: -6.3e+05 +/- 1.2e-01 | dlogz: 393648.725 >  0.500
 loglike: -6.3e+05 | params: [-0.88230071 -1.63232422  5.81653835  3.69090496 30.68871428]
 Average call time: 5.65 sec | Current time: 2018-10-02 11:21:30.139771
 --------------------------
iter: 63 | batch: 0 | nc: 1 | ncalls: 68 | eff(%): 11.092 | logz: -6.3e+05 +/- 1.2e-01 | dlogz: 393055.192 >  0.500
 loglike: -6.3e+05 | params: [-0.10412039 -1.7417035   6.5790391  10.69392791 32.7898221 ]
 Average call time: 6.05 sec | Current time: 2018-10-02 11:21:36.187413
 --------------------------
iter: 64 | batch: 0 | nc: 1 | ncalls: 69 | eff(%): 11.248 | logz: -6.3e+05 +/- 1.2e-01 | dlogz: 392444.709 >  0.500
 loglike: -6.3e+05 | params: [-0.26772149 -1.78070883  6.36261833 12.99251169 32.36501472]
 Average call time: 5.27 sec | Current time: 2018-10-02 11:21:41.453825
 --------------------------
iter: 65 | batch: 0 | nc: 1 | ncalls: 70 | eff(%): 11.404 | logz: -6.2e+05 +/- 1.2e-01 | dlogz: 391905.069 >  0.500
 loglike: -6.2e+05 | params: [-1.1687496  -1.45522533  6.42185449 14.26493169 32.78185202]
 Average call time: 5.32 sec | Current time: 2018-10-02 11:21:46.770356
 --------------------------
iter: 66 | batch: 0 | nc: 2 | ncalls: 72 | eff(%): 11.538 | logz: -6.2e+05 +/- 1.2e-01 | dlogz: 389117.318 >  0.500
 loglike: -6.2e+05 | params: [ 0.06495599 -1.23839609  6.57201557 13.20659336 32.84183791]
 Average call time: 5.91 sec | Current time: 2018-10-02 11:21:58.592432
 --------------------------
iter: 67 | batch: 0 | nc: 1 | ncalls: 73 | eff(%): 11.693 | logz: -6.2e+05 +/- 1.2e-01 | dlogz: 389017.221 >  0.500
 loglike: -6.2e+05 | params: [-1.42652353 -1.06485804  6.96069623 11.04763664 34.08459812]
 Average call time: 5.55 sec | Current time: 2018-10-02 11:22:04.144622
 --------------------------
iter: 68 | batch: 0 | nc: 1 | ncalls: 74 | eff(%): 11.847 | logz: -6.2e+05 +/- 1.2e-01 | dlogz: 388186.928 >  0.500
 loglike: -6.2e+05 | params: [-0.90614543 -1.62805569  6.13849679 18.03267675 32.13651892]
 Average call time: 5.64 sec | Current time: 2018-10-02 11:22:09.784406
 --------------------------
iter: 69 | batch: 0 | nc: 2 | ncalls: 76 | eff(%): 11.979 | logz: -6.2e+05 +/- 1.2e-01 | dlogz: 387178.499 >  0.500
 loglike: -6.2e+05 | params: [-0.75220306 -1.583783    6.3879125  15.23934141 32.7405619 ]
 Average call time: 5.74 sec | Current time: 2018-10-02 11:22:21.267935
 --------------------------
iter: 70 | batch: 0 | nc: 2 | ncalls: 78 | eff(%): 12.111 | logz: -6.2e+05 +/- 1.2e-01 | dlogz: 386732.045 >  0.500
 loglike: -6.2e+05 | params: [-0.20448579 -1.22809279  6.22909925 16.6268195  32.14162671]
 Average call time: 5.66 sec | Current time: 2018-10-02 11:22:32.592306
 --------------------------
iter: 71 | batch: 0 | nc: 1 | ncalls: 79 | eff(%): 12.263 | logz: -6.2e+05 +/- 1.2e-01 | dlogz: 385773.941 >  0.500
 loglike: -6.2e+05 | params: [ 0.06483325 -1.65087839  5.74838923  1.19357251 30.39099112]
 Average call time: 5.60 sec | Current time: 2018-10-02 11:22:38.192127
 --------------------------
iter: 72 | batch: 0 | nc: 1 | ncalls: 80 | eff(%): 12.414 | logz: -6.2e+05 +/- 1.2e-01 | dlogz: 385425.440 >  0.500
 loglike: -6.2e+05 | params: [-1.02025187 -1.87247164  6.47800993 18.21052183 33.1443961 ]
 Average call time: 4.95 sec | Current time: 2018-10-02 11:22:43.143544
 --------------------------
iter: 73 | batch: 0 | nc: 1 | ncalls: 81 | eff(%): 12.565 | logz: -6.2e+05 +/- 1.2e-01 | dlogz: 384502.601 >  0.500
 loglike: -6.2e+05 | params: [-0.53389425 -1.87466839  6.82227092  0.43881404 33.38285383]
 Average call time: 5.47 sec | Current time: 2018-10-02 11:22:48.614582
 --------------------------
iter: 74 | batch: 0 | nc: 1 | ncalls: 82 | eff(%): 12.715 | logz: -6.2e+05 +/- 1.2e-01 | dlogz: 384295.201 >  0.500
 loglike: -6.2e+05 | params: [-0.98666914 -1.30029674  6.50784448 19.67547727 33.20456406]
 Average call time: 5.31 sec | Current time: 2018-10-02 11:22:53.927210
 --------------------------
iter: 75 | batch: 0 | nc: 1 | ncalls: 83 | eff(%): 12.864 | logz: -6.2e+05 +/- 1.2e-01 | dlogz: 383948.513 >  0.500
 loglike: -6.2e+05 | params: [-1.20033257 -1.25393659  6.15503496 12.7111428  32.19154941]
 Average call time: 4.65 sec | Current time: 2018-10-02 11:22:58.581807
 --------------------------
iter: 76 | batch: 0 | nc: 2 | ncalls: 85 | eff(%): 12.991 | logz: -6.2e+05 +/- 1.2e-01 | dlogz: 383844.597 >  0.500
 loglike: -6.2e+05 | params: [ 0.32424577 -1.20947587  6.96040733 19.18015507 33.95982068]
 Average call time: 5.22 sec | Current time: 2018-10-02 11:23:09.019771
 --------------------------
iter: 77 | batch: 0 | nc: 1 | ncalls: 86 | eff(%): 13.140 | logz: -6.2e+05 +/- 1.2e-01 | dlogz: 383310.660 >  0.500
 loglike: -6.2e+05 | params: [-0.25444683 -1.50631735  6.2026885  14.27073004 32.21954491]
 Average call time: 4.71 sec | Current time: 2018-10-02 11:23:13.728553
 --------------------------
iter: 78 | batch: 0 | nc: 1 | ncalls: 87 | eff(%): 13.288 | logz: -6.2e+05 +/- 1.2e-01 | dlogz: 381942.770 >  0.500
 loglike: -6.2e+05 | params: [-0.6672885  -1.3721227   6.53684164  1.4815125  32.75201572]
 Average call time: 5.50 sec | Current time: 2018-10-02 11:23:19.232056
 --------------------------
iter: 79 | batch: 0 | nc: 1 | ncalls: 88 | eff(%): 13.435 | logz: -6.2e+05 +/- 1.2e-01 | dlogz: 381417.898 >  0.500
 loglike: -6.2e+05 | params: [-1.44403143 -1.13640872  6.9931538   6.5736655  34.25130417]
 Average call time: 5.67 sec | Current time: 2018-10-02 11:23:24.902243
 --------------------------
iter: 80 | batch: 0 | nc: 1 | ncalls: 89 | eff(%): 13.582 | logz: -6.1e+05 +/- 1.2e-01 | dlogz: 381200.109 >  0.500
 loglike: -6.1e+05 | params: [-0.73056822 -1.86311231  6.77014977  5.6225386  33.64238843]
 Average call time: 4.88 sec | Current time: 2018-10-02 11:23:29.777647
 --------------------------
iter: 81 | batch: 0 | nc: 3 | ncalls: 92 | eff(%): 13.682 | logz: -6.1e+05 +/- 1.2e-01 | dlogz: 380838.897 >  0.500
 loglike: -6.1e+05 | params: [-0.47347278 -1.394678    5.98813391  4.09447792 31.43848836]
 Average call time: 5.63 sec | Current time: 2018-10-02 11:23:46.656517
 --------------------------
iter: 82 | batch: 0 | nc: 1 | ncalls: 93 | eff(%): 13.828 | logz: -6.1e+05 +/- 1.2e-01 | dlogz: 379697.896 >  0.500
 loglike: -6.1e+05 | params: [-0.75224031 -1.59848921  6.62549707  4.97269095 33.3200634 ]
 Average call time: 5.60 sec | Current time: 2018-10-02 11:23:52.258613
 --------------------------
iter: 83 | batch: 0 | nc: 1 | ncalls: 94 | eff(%): 13.973 | logz: -6.1e+05 +/- 1.2e-01 | dlogz: 377681.424 >  0.500
 loglike: -6.1e+05 | params: [-1.44169691 -1.11932711  6.55833938  1.900629   32.99654556]
 Average call time: 5.42 sec | Current time: 2018-10-02 11:23:57.680536
 --------------------------
iter: 84 | batch: 0 | nc: 2 | ncalls: 96 | eff(%): 14.094 | logz: -6.1e+05 +/- 1.2e-01 | dlogz: 376881.979 >  0.500
 loglike: -6.1e+05 | params: [-0.81676288 -1.1887008   6.36354901 13.35316568 32.94393274]
 Average call time: 5.80 sec | Current time: 2018-10-02 11:24:09.278941
 --------------------------
iter: 85 | batch: 0 | nc: 1 | ncalls: 97 | eff(%): 14.238 | logz: -6.1e+05 +/- 1.2e-01 | dlogz: 376578.620 >  0.500
 loglike: -6.1e+05 | params: [-0.62621366 -1.387851    6.59099038 12.55215973 33.52998783]
 Average call time: 5.58 sec | Current time: 2018-10-02 11:24:14.854066
 --------------------------
iter: 86 | batch: 0 | nc: 1 | ncalls: 98 | eff(%): 14.381 | logz: -6.1e+05 +/- 1.2e-01 | dlogz: 376026.273 >  0.500
 loglike: -6.1e+05 | params: [-1.36587205 -1.05633741  5.96503995 17.33917924 31.96993281]
 Average call time: 5.49 sec | Current time: 2018-10-02 11:24:20.345352
 --------------------------
iter: 87 | batch: 0 | nc: 1 | ncalls: 99 | eff(%): 14.524 | logz: -6.1e+05 +/- 1.2e-01 | dlogz: 376018.432 >  0.500
 loglike: -6.1e+05 | params: [-0.30605245 -1.37153246  6.91325521  3.60870165 33.99988706]
 Average call time: 5.45 sec | Current time: 2018-10-02 11:24:25.792242
 --------------------------
iter: 88 | batch: 0 | nc: 1 | ncalls: 100 | eff(%): 14.667 | logz: -6.1e+05 +/- 1.2e-01 | dlogz: 372726.657 >  0.500
 loglike: -6.1e+05 | params: [ 0.49175942 -1.33678169  6.08950809  5.50141965 31.45959203]
 Average call time: 4.76 sec | Current time: 2018-10-02 11:24:30.550268
 --------------------------
iter: 89 | batch: 0 | nc: 1 | ncalls: 101 | eff(%): 14.809 | logz: -6.1e+05 +/- 1.2e-01 | dlogz: 372474.047 >  0.500
 loglike: -6.1e+05 | params: [-0.78977056 -1.44258914  5.2460362  15.65311036 30.02668663]
 Average call time: 4.66 sec | Current time: 2018-10-02 11:24:35.209127
 --------------------------
iter: 90 | batch: 0 | nc: 1 | ncalls: 102 | eff(%): 14.950 | logz: -6.1e+05 +/- 1.2e-01 | dlogz: 372404.499 >  0.500
 loglike: -6.1e+05 | params: [-0.04144578 -1.57503161  5.62813118 11.80134933 30.68535527]
 Average call time: 5.37 sec | Current time: 2018-10-02 11:24:40.580109
 --------------------------
iter: 91 | batch: 0 | nc: 1 | ncalls: 103 | eff(%): 15.091 | logz: -6.1e+05 +/- 1.2e-01 | dlogz: 371471.963 >  0.500
 loglike: -6.1e+05 | params: [-0.04668308 -1.09991216  5.895819   12.02318013 31.45562622]
 Average call time: 5.93 sec | Current time: 2018-10-02 11:24:46.505679
 --------------------------
iter: 92 | batch: 0 | nc: 2 | ncalls: 105 | eff(%): 15.207 | logz: -6.0e+05 +/- 1.2e-01 | dlogz: 371102.102 >  0.500
 loglike: -6.0e+05 | params: [-0.36583757 -1.18165502  6.69493652  3.93873816 33.56422012]
 Average call time: 5.87 sec | Current time: 2018-10-02 11:24:58.246926
 --------------------------
iter: 93 | batch: 0 | nc: 1 | ncalls: 106 | eff(%): 15.347 | logz: -6.0e+05 +/- 1.2e-01 | dlogz: 369417.428 >  0.500
 loglike: -6.0e+05 | params: [ 0.2596646  -1.00299165  5.91859387 14.53136739 31.43606595]
 Average call time: 4.81 sec | Current time: 2018-10-02 11:25:03.060003
 --------------------------
iter: 94 | batch: 0 | nc: 2 | ncalls: 108 | eff(%): 15.461 | logz: -6.0e+05 +/- 1.2e-01 | dlogz: 368974.931 >  0.500
 loglike: -6.0e+05 | params: [-1.49220671 -1.81570706  6.63983048 13.76135565 34.07397118]
 Average call time: 5.28 sec | Current time: 2018-10-02 11:25:13.611485
 --------------------------
iter: 95 | batch: 0 | nc: 2 | ncalls: 110 | eff(%): 15.574 | logz: -6.0e+05 +/- 1.2e-01 | dlogz: 368433.854 >  0.500
 loglike: -6.0e+05 | params: [-1.33459564 -1.86417144  6.56353345 17.45136174 33.91832129]
 Average call time: 5.71 sec | Current time: 2018-10-02 11:25:25.034826
 --------------------------
iter: 96 | batch: 0 | nc: 1 | ncalls: 111 | eff(%): 15.712 | logz: -6.0e+05 +/- 1.2e-01 | dlogz: 368396.987 >  0.500
 loglike: -6.0e+05 | params: [ 1.49455379e-02 -1.01165024e+00  6.00700479e+00  6.94522362e+00
  3.16769562e+01]
 Average call time: 5.32 sec | Current time: 2018-10-02 11:25:30.353814
 --------------------------
iter: 97 | batch: 0 | nc: 2 | ncalls: 113 | eff(%): 15.824 | logz: -6.0e+05 +/- 1.2e-01 | dlogz: 367861.223 >  0.500
 loglike: -6.0e+05 | params: [-0.07520081 -1.966108    6.14008542 14.250308   32.46710812]
 Average call time: 5.58 sec | Current time: 2018-10-02 11:25:41.520869
 --------------------------
iter: 98 | batch: 0 | nc: 1 | ncalls: 114 | eff(%): 15.961 | logz: -6.0e+05 +/- 1.2e-01 | dlogz: 367063.455 >  0.500
 loglike: -6.0e+05 | params: [-1.18487854 -1.26941046  6.94548212 15.61698041 34.89767357]
 Average call time: 5.45 sec | Current time: 2018-10-02 11:25:46.973013
 --------------------------
iter: 99 | batch: 0 | nc: 1 | ncalls: 115 | eff(%): 16.098 | logz: -6.0e+05 +/- 1.2e-01 | dlogz: 366657.789 >  0.500
 loglike: -6.0e+05 | params: [-0.21971442 -1.28494751  5.69211258 19.42289229 31.23024619]
 Average call time: 5.50 sec | Current time: 2018-10-02 11:25:52.476803
 --------------------------
iter: 100 | batch: 0 | nc: 1 | ncalls: 116 | eff(%): 16.234 | logz: -6.0e+05 +/- 1.2e-01 | dlogz: 366447.649 >  0.500
 loglike: -6.0e+05 | params: [-1.35417956 -1.34916093  5.77843074 18.6488144  31.8820208 ]
 Average call time: 5.70 sec | Current time: 2018-10-02 11:25:58.177615
 --------------------------
iter: 101 | batch: 0 | nc: 2 | ncalls: 118 | eff(%): 16.343 | logz: -6.0e+05 +/- 1.2e-01 | dlogz: 365866.792 >  0.500
 loglike: -6.0e+05 | params: [-1.19720947 -1.66482534  5.28775889  1.55951662 30.27503198]
 Average call time: 5.67 sec | Current time: 2018-10-02 11:26:09.521334
 --------------------------
iter: 102 | batch: 0 | nc: 1 | ncalls: 119 | eff(%): 16.478 | logz: -6.0e+05 +/- 1.2e-01 | dlogz: 364758.928 >  0.500
 loglike: -6.0e+05 | params: [ 0.34524056 -1.8298777   5.5919089  17.40897302 30.64654878]
 Average call time: 5.82 sec | Current time: 2018-10-02 11:26:15.337259
 --------------------------
iter: 103 | batch: 0 | nc: 1 | ncalls: 120 | eff(%): 16.613 | logz: -6.0e+05 +/- 1.2e-01 | dlogz: 364707.333 >  0.500
 loglike: -6.0e+05 | params: [ 0.1095538  -1.70555661  5.903095    4.57324744 31.44924576]
 Average call time: 5.47 sec | Current time: 2018-10-02 11:26:20.803373
 --------------------------
iter: 104 | batch: 0 | nc: 3 | ncalls: 123 | eff(%): 16.693 | logz: -6.0e+05 +/- 1.2e-01 | dlogz: 363773.001 >  0.500
 loglike: -6.0e+05 | params: [-0.36691734 -1.17258276  6.87466872 19.30796705 34.748513  ]
 Average call time: 5.91 sec | Current time: 2018-10-02 11:26:38.538235
 --------------------------
iter: 105 | batch: 0 | nc: 1 | ncalls: 124 | eff(%): 16.827 | logz: -6.0e+05 +/- 1.2e-01 | dlogz: 363480.369 >  0.500
 loglike: -6.0e+05 | params: [-0.32868172 -1.13036201  6.1611348  15.59340466 32.74216554]
 Average call time: 4.56 sec | Current time: 2018-10-02 11:26:43.101853
 --------------------------
iter: 106 | batch: 0 | nc: 1 | ncalls: 125 | eff(%): 16.960 | logz: -6.0e+05 +/- 1.2e-01 | dlogz: 363341.689 >  0.500
 loglike: -6.0e+05 | params: [-0.22403931 -1.34411697  5.84659497  0.10452227 31.50347722]
 Average call time: 4.71 sec | Current time: 2018-10-02 11:26:47.814170
 --------------------------
iter: 107 | batch: 0 | nc: 1 | ncalls: 126 | eff(%): 17.093 | logz: -6.0e+05 +/- 1.2e-01 | dlogz: 363196.525 >  0.500
 loglike: -6.0e+05 | params: [-0.32965645 -1.95564935  6.72079294 17.9155173  34.40703238]
 Average call time: 5.91 sec | Current time: 2018-10-02 11:26:53.724740
 --------------------------
iter: 108 | batch: 0 | nc: 1 | ncalls: 127 | eff(%): 17.225 | logz: -6.0e+05 +/- 1.2e-01 | dlogz: 362865.561 >  0.500
 loglike: -6.0e+05 | params: [ 9.58196398e-03 -1.20892402e+00  5.93644851e+00  1.89608592e+01
  3.20010412e+01]
 Average call time: 5.36 sec | Current time: 2018-10-02 11:26:59.082896
 --------------------------
iter: 109 | batch: 0 | nc: 1 | ncalls: 128 | eff(%): 17.357 | logz: -6.0e+05 +/- 1.2e-01 | dlogz: 362135.878 >  0.500
 loglike: -6.0e+05 | params: [-1.11676665 -1.36169698  6.16232308  9.44955914 32.90176517]
 Average call time: 5.47 sec | Current time: 2018-10-02 11:27:04.551363
 --------------------------
iter: 110 | batch: 0 | nc: 1 | ncalls: 129 | eff(%): 17.488 | logz: -6.0e+05 +/- 1.2e-01 | dlogz: 361858.551 >  0.500
 loglike: -6.0e+05 | params: [-0.22559368 -1.83404934  6.37061583  2.00178065 32.95061336]
 Average call time: 4.77 sec | Current time: 2018-10-02 11:27:09.324982
 --------------------------
iter: 111 | batch: 0 | nc: 2 | ncalls: 131 | eff(%): 17.591 | logz: -6.0e+05 +/- 1.2e-01 | dlogz: 361181.812 >  0.500
 loglike: -6.0e+05 | params: [ 0.15661314 -1.38274595  6.84809391  6.05938246 34.22864828]
 Average call time: 5.71 sec | Current time: 2018-10-02 11:27:20.748801
 --------------------------
iter: 112 | batch: 0 | nc: 1 | ncalls: 132 | eff(%): 17.722 | logz: -5.9e+05 +/- 1.2e-01 | dlogz: 360994.354 >  0.500
 loglike: -5.9e+05 | params: [-1.44422558 -1.42669867  6.02821555  8.46819742 32.62633418]
 Average call time: 4.83 sec | Current time: 2018-10-02 11:27:25.575781
 --------------------------
iter: 113 | batch: 0 | nc: 1 | ncalls: 133 | eff(%): 17.852 | logz: -5.9e+05 +/- 1.2e-01 | dlogz: 360311.944 >  0.500
 loglike: -5.9e+05 | params: [-0.5100653  -1.19012166  6.77282892 12.78591677 34.55424876]
 Average call time: 5.30 sec | Current time: 2018-10-02 11:27:30.871523
 --------------------------
iter: 114 | batch: 0 | nc: 1 | ncalls: 134 | eff(%): 17.981 | logz: -5.9e+05 +/- 1.2e-01 | dlogz: 360092.817 >  0.500
 loglike: -5.9e+05 | params: [-0.77999189 -1.83912881  5.63187986 16.72196958 31.59439448]
 Average call time: 5.53 sec | Current time: 2018-10-02 11:27:36.402278
 --------------------------
iter: 115 | batch: 0 | nc: 1 | ncalls: 135 | eff(%): 18.110 | logz: -5.9e+05 +/- 1.2e-01 | dlogz: 359951.617 >  0.500
 loglike: -5.9e+05 | params: [-0.23475337 -1.17124935  5.56555213  6.77605652 30.83847338]
 Average call time: 5.54 sec | Current time: 2018-10-02 11:27:41.943037
 --------------------------
iter: 116 | batch: 0 | nc: 1 | ncalls: 136 | eff(%): 18.239 | logz: -5.9e+05 +/- 1.2e-01 | dlogz: 359720.771 >  0.500
 loglike: -5.9e+05 | params: [ 2.86271453e-02 -1.14828203e+00  6.19984344e+00  1.09871019e+01
  3.27237085e+01]
 Average call time: 5.74 sec | Current time: 2018-10-02 11:27:47.681805
 --------------------------
iter: 117 | batch: 0 | nc: 1 | ncalls: 137 | eff(%): 18.367 | logz: -5.9e+05 +/- 1.2e-01 | dlogz: 359624.205 >  0.500
 loglike: -5.9e+05 | params: [-0.95706613 -1.96556913  5.13542795 10.45198917 30.20977907]
 Average call time: 6.12 sec | Current time: 2018-10-02 11:27:53.806691
 --------------------------
iter: 118 | batch: 0 | nc: 1 | ncalls: 138 | eff(%): 18.495 | logz: -5.9e+05 +/- 1.2e-01 | dlogz: 358722.506 >  0.500
 loglike: -5.9e+05 | params: [-1.43793028 -1.63676024  5.65360896  9.5637748  31.72208485]
 Average call time: 5.37 sec | Current time: 2018-10-02 11:27:59.174367
 --------------------------
iter: 119 | batch: 0 | nc: 1 | ncalls: 139 | eff(%): 18.623 | logz: -5.9e+05 +/- 1.2e-01 | dlogz: 358718.402 >  0.500
 loglike: -5.9e+05 | params: [ 0.37691119 -1.06135754  5.72522274 18.22362735 31.18612354]
 Average call time: 4.95 sec | Current time: 2018-10-02 11:28:04.120039
 --------------------------
iter: 120 | batch: 0 | nc: 1 | ncalls: 140 | eff(%): 18.750 | logz: -5.9e+05 +/- 1.2e-01 | dlogz: 358377.928 >  0.500
 loglike: -5.9e+05 | params: [ 0.06457382 -1.20448985  6.26290325 10.92343213 32.95314285]
 Average call time: 5.57 sec | Current time: 2018-10-02 11:28:09.693462
 --------------------------
iter: 121 | batch: 0 | nc: 1 | ncalls: 141 | eff(%): 18.877 | logz: -5.9e+05 +/- 1.2e-01 | dlogz: 358349.315 >  0.500
 loglike: -5.9e+05 | params: [-0.62119222 -1.37067001  6.6252905   7.20406047 34.09566723]
 Average call time: 5.83 sec | Current time: 2018-10-02 11:28:15.521549
 --------------------------
iter: 122 | batch: 0 | nc: 2 | ncalls: 143 | eff(%): 18.974 | logz: -5.9e+05 +/- 1.2e-01 | dlogz: 358287.779 >  0.500
 loglike: -5.9e+05 | params: [-0.47199149 -1.13112911  5.60173624 18.08146781 31.38807499]
 Average call time: 5.76 sec | Current time: 2018-10-02 11:28:27.050601
 --------------------------
iter: 123 | batch: 0 | nc: 1 | ncalls: 144 | eff(%): 19.099 | logz: -5.9e+05 +/- 1.2e-01 | dlogz: 358202.058 >  0.500
 loglike: -5.9e+05 | params: [-1.30770791 -1.18065763  5.14803252 15.694257   30.38567701]
 Average call time: 5.44 sec | Current time: 2018-10-02 11:28:32.486682
 --------------------------
iter: 124 | batch: 0 | nc: 1 | ncalls: 145 | eff(%): 19.225 | logz: -5.9e+05 +/- 1.2e-01 | dlogz: 357557.370 >  0.500
 loglike: -5.9e+05 | params: [-0.68105666 -1.72097456  6.09621534 12.60677721 32.93412971]
 Average call time: 5.33 sec | Current time: 2018-10-02 11:28:37.818728
 --------------------------
iter: 125 | batch: 0 | nc: 1 | ncalls: 146 | eff(%): 19.350 | logz: -5.9e+05 +/- 1.2e-01 | dlogz: 356733.752 >  0.500
 loglike: -5.9e+05 | params: [-1.44792627 -1.88210632  6.1468819   2.85563838 32.84735568]
 Average call time: 4.98 sec | Current time: 2018-10-02 11:28:42.801629
 --------------------------
iter: 126 | batch: 0 | nc: 1 | ncalls: 147 | eff(%): 19.474 | logz: -5.9e+05 +/- 1.2e-01 | dlogz: 356549.535 >  0.500
 loglike: -5.9e+05 | params: [ 0.09769271 -1.85719722  6.02832893 17.60256941 32.49960082]
 Average call time: 5.34 sec | Current time: 2018-10-02 11:28:48.142147
 --------------------------
iter: 127 | batch: 0 | nc: 1 | ncalls: 148 | eff(%): 19.599 | logz: -5.9e+05 +/- 1.2e-01 | dlogz: 356529.421 >  0.500
 loglike: -5.9e+05 | params: [-0.57421536 -1.15281333  5.39011797  7.42045964 30.68991505]
 Average call time: 5.47 sec | Current time: 2018-10-02 11:28:53.611011
 --------------------------
iter: 128 | batch: 0 | nc: 2 | ncalls: 150 | eff(%): 19.692 | logz: -5.9e+05 +/- 1.2e-01 | dlogz: 356445.236 >  0.500
 loglike: -5.9e+05 | params: [-0.18528895 -1.36961388  6.16108607 17.53616073 33.03375637]
 Average call time: 5.97 sec | Current time: 2018-10-02 11:29:05.551343
 --------------------------
iter: 129 | batch: 0 | nc: 1 | ncalls: 151 | eff(%): 19.816 | logz: -5.9e+05 +/- 1.2e-01 | dlogz: 354820.341 >  0.500
 loglike: -5.9e+05 | params: [-1.09648862 -1.30170362  6.76097705 17.81026941 34.96783681]
 Average call time: 5.36 sec | Current time: 2018-10-02 11:29:10.916160
 --------------------------
iter: 130 | batch: 0 | nc: 2 | ncalls: 153 | eff(%): 19.908 | logz: -5.9e+05 +/- 1.2e-01 | dlogz: 353975.971 >  0.500
 loglike: -5.9e+05 | params: [-0.16755132 -1.78453819  6.59245047  5.31152346 33.95327266]
 Average call time: 5.27 sec | Current time: 2018-10-02 11:29:21.454466
 --------------------------
iter: 131 | batch: 0 | nc: 2 | ncalls: 155 | eff(%): 20.000 | logz: -5.9e+05 +/- 1.2e-01 | dlogz: 353311.324 >  0.500
 loglike: -5.9e+05 | params: [-1.01733574 -1.07053247  5.64033395  7.42698324 31.6984575 ]
 Average call time: 5.83 sec | Current time: 2018-10-02 11:29:33.107302
 --------------------------
iter: 132 | batch: 0 | nc: 1 | ncalls: 156 | eff(%): 20.122 | logz: -5.9e+05 +/- 1.2e-01 | dlogz: 352802.623 >  0.500
 loglike: -5.9e+05 | params: [-1.28874313 -1.42271708  5.27156193 19.3254858  30.98333117]
 Average call time: 5.47 sec | Current time: 2018-10-02 11:29:38.580794
 --------------------------
iter: 133 | batch: 0 | nc: 1 | ncalls: 157 | eff(%): 20.244 | logz: -5.9e+05 +/- 1.2e-01 | dlogz: 352546.202 >  0.500
 loglike: -5.9e+05 | params: [ 0.35990292 -1.9427046   6.09148674  3.37599719 32.19853053]
 Average call time: 5.63 sec | Current time: 2018-10-02 11:29:44.213557
 --------------------------
iter: 134 | batch: 0 | nc: 1 | ncalls: 158 | eff(%): 20.365 | logz: -5.9e+05 +/- 1.2e-01 | dlogz: 352374.360 >  0.500
 loglike: -5.9e+05 | params: [ 0.32494224 -1.44653633  5.84048414  0.9724733  31.63906109]
 Average call time: 4.72 sec | Current time: 2018-10-02 11:29:48.938189
 --------------------------
iter: 135 | batch: 0 | nc: 2 | ncalls: 160 | eff(%): 20.455 | logz: -5.9e+05 +/- 1.2e-01 | dlogz: 351855.327 >  0.500
 loglike: -5.9e+05 | params: [-1.12510062 -1.78510487  5.80426994 18.90329739 32.50775277]
 Average call time: 5.06 sec | Current time: 2018-10-02 11:29:59.067193
 --------------------------
iter: 136 | batch: 0 | nc: 1 | ncalls: 161 | eff(%): 20.575 | logz: -5.8e+05 +/- 1.2e-01 | dlogz: 351686.366 >  0.500
 loglike: -5.8e+05 | params: [-1.31361818 -1.63134809  5.67340298  0.76081655 31.84748518]
 Average call time: 5.61 sec | Current time: 2018-10-02 11:30:04.678854
 --------------------------
iter: 137 | batch: 0 | nc: 1 | ncalls: 162 | eff(%): 20.695 | logz: -5.8e+05 +/- 1.2e-01 | dlogz: 350698.746 >  0.500
 loglike: -5.8e+05 | params: [-1.1534434  -1.42004718  5.63688749 14.63500647 32.01997908]
 Average call time: 5.58 sec | Current time: 2018-10-02 11:30:10.263597
 --------------------------
iter: 138 | batch: 0 | nc: 1 | ncalls: 163 | eff(%): 20.814 | logz: -5.8e+05 +/- 1.2e-01 | dlogz: 439602.596 >  0.500
 loglike: -5.8e+05 | params: [ 0.13305571 -1.77068029  5.3255821  11.55458822 30.39686001]
 Average call time: 5.36 sec | Current time: 2018-10-02 11:30:15.624646
 --------------------------
iter: 139 | batch: 0 | nc: 1 | ncalls: 164 | eff(%): 20.934 | logz: -5.8e+05 +/- 1.2e-01 | dlogz: 439385.718 >  0.500
 loglike: -5.8e+05 | params: [-0.69182148 -1.78271296  5.86792368 16.96914899 32.6484981 ]
 Average call time: 5.51 sec | Current time: 2018-10-02 11:30:21.138500
 --------------------------
iter: 140 | batch: 0 | nc: 1 | ncalls: 165 | eff(%): 21.053 | logz: -5.8e+05 +/- 1.2e-01 | dlogz: 438550.117 >  0.500
 loglike: -5.8e+05 | params: [ 0.37893893 -1.37457481  5.77670387  5.99612022 31.46591041]
 Average call time: 5.74 sec | Current time: 2018-10-02 11:30:26.881114
 --------------------------
iter: 141 | batch: 0 | nc: 1 | ncalls: 166 | eff(%): 21.171 | logz: -5.8e+05 +/- 1.2e-01 | dlogz: 437983.954 >  0.500
 loglike: -5.8e+05 | params: [-1.10799066 -1.96127111  5.07930878 11.33616248 30.54115409]
 Average call time: 5.35 sec | Current time: 2018-10-02 11:30:32.233773
 --------------------------
iter: 142 | batch: 0 | nc: 1 | ncalls: 167 | eff(%): 21.289 | logz: -5.8e+05 +/- 1.2e-01 | dlogz: 436763.712 >  0.500
 loglike: -5.8e+05 | params: [-1.21933876 -1.60000181  6.13548862  9.16228826 33.46791603]
 Average call time: 5.54 sec | Current time: 2018-10-02 11:30:37.775068
 --------------------------
iter: 143 | batch: 0 | nc: 1 | ncalls: 168 | eff(%): 21.407 | logz: -5.8e+05 +/- 1.2e-01 | dlogz: 436669.363 >  0.500
 loglike: -5.8e+05 | params: [-0.18225302 -1.81673365  5.98705654 12.28611185 32.77826692]
 Average call time: 5.43 sec | Current time: 2018-10-02 11:30:43.206196
 --------------------------
iter: 144 | batch: 0 | nc: 1 | ncalls: 169 | eff(%): 21.525 | logz: -5.8e+05 +/- 1.2e-01 | dlogz: 436353.401 >  0.500
 loglike: -5.8e+05 | params: [ 0.19797135 -1.08865605  6.49950558 17.35784971 34.18881095]
 Average call time: 5.48 sec | Current time: 2018-10-02 11:30:48.684131
 --------------------------
iter: 145 | batch: 0 | nc: 1 | ncalls: 170 | eff(%): 21.642 | logz: -5.8e+05 +/- 1.2e-01 | dlogz: 434976.342 >  0.500
 loglike: -5.8e+05 | params: [-0.09083738 -1.78120789  6.62433814  8.89860103 34.54657979]
 Average call time: 5.94 sec | Current time: 2018-10-02 11:30:54.619959
 --------------------------
iter: 146 | batch: 0 | nc: 1 | ncalls: 171 | eff(%): 21.759 | logz: -5.8e+05 +/- 1.2e-01 | dlogz: 434760.644 >  0.500
 loglike: -5.8e+05 | params: [-0.60938847 -1.02639074  5.98888157  5.75409777 32.77893196]
 Average call time: 5.75 sec | Current time: 2018-10-02 11:31:00.373290
 --------------------------
iter: 147 | batch: 0 | nc: 1 | ncalls: 172 | eff(%): 21.875 | logz: -5.8e+05 +/- 1.2e-01 | dlogz: 433950.727 >  0.500
 loglike: -5.8e+05 | params: [-0.96486328 -1.06717301  6.13072529  2.99431954 33.23501805]
 Average call time: 5.34 sec | Current time: 2018-10-02 11:31:05.716265
 --------------------------
iter: 148 | batch: 0 | nc: 1 | ncalls: 173 | eff(%): 21.991 | logz: -5.8e+05 +/- 1.2e-01 | dlogz: 433233.801 >  0.500
 loglike: -5.8e+05 | params: [-0.59895963 -1.15974701  6.11260281 18.61063224 33.51028912]
 Average call time: 5.57 sec | Current time: 2018-10-02 11:31:11.288724
 --------------------------
iter: 149 | batch: 0 | nc: 1 | ncalls: 174 | eff(%): 22.107 | logz: -5.8e+05 +/- 1.2e-01 | dlogz: 433061.354 >  0.500
 loglike: -5.8e+05 | params: [-1.02236002 -1.16975427  5.72382088 11.77093212 32.46433926]
 Average call time: 5.52 sec | Current time: 2018-10-02 11:31:16.813681
 --------------------------
iter: 150 | batch: 0 | nc: 1 | ncalls: 175 | eff(%): 22.222 | logz: -5.8e+05 +/- 1.2e-01 | dlogz: 432822.823 >  0.500
 loglike: -5.8e+05 | params: [-1.08933173 -1.11681777  5.47911781 14.24697114 31.84895569]
 Average call time: 5.89 sec | Current time: 2018-10-02 11:31:22.700798
 --------------------------
iter: 151 | batch: 0 | nc: 1 | ncalls: 176 | eff(%): 22.337 | logz: -5.8e+05 +/- 1.2e-01 | dlogz: 431800.896 >  0.500
 loglike: -5.8e+05 | params: [-0.60764877 -1.14470097  6.55590311 17.54363938 34.82714613]
 Average call time: 5.63 sec | Current time: 2018-10-02 11:31:28.331307
 --------------------------
iter: 152 | batch: 0 | nc: 1 | ncalls: 177 | eff(%): 22.452 | logz: -5.8e+05 +/- 1.2e-01 | dlogz: 431521.466 >  0.500
 loglike: -5.8e+05 | params: [-1.31612905 -1.94619777  6.31398084 12.63641063 34.34826576]
 Average call time: 5.44 sec | Current time: 2018-10-02 11:31:33.773936
 --------------------------
iter: 153 | batch: 0 | nc: 2 | ncalls: 179 | eff(%): 22.533 | logz: -5.8e+05 +/- 1.2e-01 | dlogz: 431147.593 >  0.500
 loglike: -5.8e+05 | params: [-0.32727535 -1.5175677   6.3037237  15.95471253 34.11375044]
 Average call time: 5.85 sec | Current time: 2018-10-02 11:31:45.465538
 --------------------------
iter: 154 | batch: 0 | nc: 2 | ncalls: 181 | eff(%): 22.614 | logz: -5.7e+05 +/- 1.2e-01 | dlogz: 430698.796 >  0.500
 loglike: -5.7e+05 | params: [-1.34232202 -1.99107376  4.7916511  19.12011525 30.17279577]
 Average call time: 5.93 sec | Current time: 2018-10-02 11:31:57.332744
 --------------------------
iter: 155 | batch: 0 | nc: 1 | ncalls: 182 | eff(%): 22.727 | logz: -5.7e+05 +/- 1.2e-01 | dlogz: 429949.941 >  0.500
 loglike: -5.7e+05 | params: [-0.78262541 -1.24885875  6.32835823 19.08890841 34.39782379]
 Average call time: 4.76 sec | Current time: 2018-10-02 11:32:02.090559
 --------------------------
iter: 156 | batch: 0 | nc: 1 | ncalls: 183 | eff(%): 22.840 | logz: -5.7e+05 +/- 1.2e-01 | dlogz: 429522.474 >  0.500
 loglike: -5.7e+05 | params: [ 0.08228396 -1.78116647  5.73097918  9.13680983 32.04131163]
 Average call time: 5.65 sec | Current time: 2018-10-02 11:32:07.737105
 --------------------------
iter: 157 | batch: 0 | nc: 1 | ncalls: 184 | eff(%): 22.953 | logz: -5.7e+05 +/- 1.2e-01 | dlogz: 429516.577 >  0.500
 loglike: -5.7e+05 | params: [-1.03418002 -1.17159106  6.45720965 16.30470503 34.80649995]
 Average call time: 5.38 sec | Current time: 2018-10-02 11:32:13.118100
 --------------------------
iter: 158 | batch: 0 | nc: 1 | ncalls: 185 | eff(%): 23.066 | logz: -5.7e+05 +/- 1.2e-01 | dlogz: 428873.240 >  0.500
 loglike: -5.7e+05 | params: [-0.93272584 -1.46329397  5.86619357 17.61883727 33.18695723]
 Average call time: 5.89 sec | Current time: 2018-10-02 11:32:19.009639
 --------------------------
iter: 159 | batch: 0 | nc: 1 | ncalls: 186 | eff(%): 23.178 | logz: -5.7e+05 +/- 1.2e-01 | dlogz: 428733.064 >  0.500
 loglike: -5.7e+05 | params: [-0.49488087 -1.46312181  6.09601034  1.2366012  33.34710872]
 Average call time: 5.53 sec | Current time: 2018-10-02 11:32:24.536298
 --------------------------
iter: 160 | batch: 0 | nc: 1 | ncalls: 187 | eff(%): 23.290 | logz: -5.7e+05 +/- 1.2e-01 | dlogz: 428606.695 >  0.500
 loglike: -5.7e+05 | params: [-1.34649456 -1.06321306  6.1791243  19.45511032 34.11587419]
 Average call time: 5.40 sec | Current time: 2018-10-02 11:32:29.931519
 --------------------------
iter: 161 | batch: 0 | nc: 1 | ncalls: 188 | eff(%): 23.401 | logz: -5.7e+05 +/- 1.2e-01 | dlogz: 428224.502 >  0.500
 loglike: -5.7e+05 | params: [-0.62886331 -1.4471711   5.9244443   3.33380975 32.9142019 ]
 Average call time: 4.77 sec | Current time: 2018-10-02 11:32:34.705207
 --------------------------
iter: 162 | batch: 0 | nc: 2 | ncalls: 190 | eff(%): 23.478 | logz: -5.7e+05 +/- 1.2e-01 | dlogz: 427962.542 >  0.500
 loglike: -5.7e+05 | params: [-0.85878397 -1.40769811  5.05026219 10.29730732 30.72378229]
 Average call time: 5.25 sec | Current time: 2018-10-02 11:32:45.209475
 --------------------------
iter: 163 | batch: 0 | nc: 1 | ncalls: 191 | eff(%): 23.589 | logz: -5.7e+05 +/- 1.2e-01 | dlogz: 427821.414 >  0.500
 loglike: -5.7e+05 | params: [-0.93437527 -1.75820128  6.35675959  7.40517827 34.4401789 ]
 Average call time: 5.76 sec | Current time: 2018-10-02 11:32:50.964650
 --------------------------
iter: 164 | batch: 0 | nc: 1 | ncalls: 192 | eff(%): 23.699 | logz: -5.7e+05 +/- 1.2e-01 | dlogz: 427562.985 >  0.500
 loglike: -5.7e+05 | params: [-0.19724371 -1.60279742  5.94365071  6.40503883 32.84049326]
 Average call time: 5.37 sec | Current time: 2018-10-02 11:32:56.334825
 --------------------------
iter: 165 | batch: 0 | nc: 1 | ncalls: 193 | eff(%): 23.810 | logz: -5.7e+05 +/- 1.2e-01 | dlogz: 427511.737 >  0.500
 loglike: -5.7e+05 | params: [-0.92783817 -1.0674173   5.46609668 19.19157603 32.02576083]
 Average call time: 4.55 sec | Current time: 2018-10-02 11:33:00.880719
 --------------------------
iter: 166 | batch: 0 | nc: 4 | ncalls: 197 | eff(%): 23.816 | logz: -5.7e+05 +/- 1.2e-01 | dlogz: 427245.232 >  0.500
 loglike: -5.7e+05 | params: [ 1.71422522e-02 -1.55883109e+00  6.44279129e+00  1.06333749e+01
  3.44249577e+01]
 Average call time: 5.99 sec | Current time: 2018-10-02 11:33:24.860329
 --------------------------
iter: 167 | batch: 0 | nc: 1 | ncalls: 198 | eff(%): 23.926 | logz: -5.7e+05 +/- 1.2e-01 | dlogz: 427056.608 >  0.500
 loglike: -5.7e+05 | params: [-0.66446045 -1.86997486  5.25496538 11.79931748 31.27368753]
 Average call time: 5.59 sec | Current time: 2018-10-02 11:33:30.453949
 --------------------------
iter: 168 | batch: 0 | nc: 1 | ncalls: 199 | eff(%): 24.034 | logz: -5.7e+05 +/- 1.2e-01 | dlogz: 426820.411 >  0.500
 loglike: -5.7e+05 | params: [-0.78436546 -1.49900487  5.41731468 14.28277034 31.85125377]
 Average call time: 5.87 sec | Current time: 2018-10-02 11:33:36.327140
 --------------------------
iter: 169 | batch: 0 | nc: 1 | ncalls: 200 | eff(%): 24.143 | logz: -5.7e+05 +/- 1.2e-01 | dlogz: 426792.865 >  0.500
 loglike: -5.7e+05 | params: [-0.9354547  -1.34217925  5.88542996 18.91535065 33.34054014]
 Average call time: 5.77 sec | Current time: 2018-10-02 11:33:42.099120
 --------------------------
iter: 170 | batch: 0 | nc: 1 | ncalls: 201 | eff(%): 24.251 | logz: -5.7e+05 +/- 1.2e-01 | dlogz: 426760.269 >  0.500
 loglike: -5.7e+05 | params: [-1.25161797 -1.39127431  5.46656402  1.64794601 32.02040749]
 Average call time: 5.35 sec | Current time: 2018-10-02 11:33:47.450539
 --------------------------
iter: 171 | batch: 0 | nc: 1 | ncalls: 202 | eff(%): 24.359 | logz: -5.7e+05 +/- 1.2e-01 | dlogz: 425686.233 >  0.500
 loglike: -5.7e+05 | params: [-1.48459938 -1.02629397  4.71707309  2.1514342  30.09187637]
 Average call time: 5.42 sec | Current time: 2018-10-02 11:33:52.868062
 --------------------------
iter: 172 | batch: 0 | nc: 1 | ncalls: 203 | eff(%): 24.467 | logz: -5.7e+05 +/- 1.2e-01 | dlogz: 423499.240 >  0.500
 loglike: -5.7e+05 | params: [-0.06710378 -1.49914076  5.80040612 16.66881469 32.79971808]
 Average call time: 4.78 sec | Current time: 2018-10-02 11:33:57.648534
 --------------------------
iter: 173 | batch: 0 | nc: 1 | ncalls: 204 | eff(%): 24.574 | logz: -5.7e+05 +/- 1.2e-01 | dlogz: 422559.754 >  0.500
 loglike: -5.7e+05 | params: [-1.26967611 -1.70686473  5.82188735  1.57933981 33.14176585]
 Average call time: 5.44 sec | Current time: 2018-10-02 11:34:03.086487
 --------------------------
iter: 174 | batch: 0 | nc: 1 | ncalls: 205 | eff(%): 24.681 | logz: -5.7e+05 +/- 1.2e-01 | dlogz: 422481.983 >  0.500
 loglike: -5.7e+05 | params: [ 0.23192499 -1.28794288  5.31885517  7.75741954 30.89652066]
 Average call time: 5.55 sec | Current time: 2018-10-02 11:34:08.639102
 --------------------------
iter: 175 | batch: 0 | nc: 1 | ncalls: 206 | eff(%): 24.788 | logz: -5.7e+05 +/- 1.2e-01 | dlogz: 422418.145 >  0.500
 loglike: -5.7e+05 | params: [ 0.21090351 -1.42725393  6.49597655 14.61003999 34.8512476 ]
 Average call time: 5.36 sec | Current time: 2018-10-02 11:34:13.999736
 --------------------------
iter: 176 | batch: 0 | nc: 2 | ncalls: 208 | eff(%): 24.859 | logz: -5.7e+05 +/- 1.2e-01 | dlogz: 421893.658 >  0.500
 loglike: -5.7e+05 | params: [-3.01096229e-02 -1.63438091e+00  6.00801299e+00  1.56764383e+01
  3.35067769e+01]
 Average call time: 5.49 sec | Current time: 2018-10-02 11:34:24.987952
 --------------------------
iter: 177 | batch: 0 | nc: 4 | ncalls: 212 | eff(%): 24.860 | logz: -5.7e+05 +/- 1.2e-01 | dlogz: 421710.692 >  0.500
 loglike: -5.7e+05 | params: [ 0.44821365 -1.47431784  6.29055647 16.39472613 34.19278414]
 Average call time: 6.06 sec | Current time: 2018-10-02 11:34:49.217256
 --------------------------
iter: 178 | batch: 0 | nc: 1 | ncalls: 213 | eff(%): 24.965 | logz: -5.7e+05 +/- 1.2e-01 | dlogz: 421689.911 >  0.500
 loglike: -5.7e+05 | params: [-1.44759105 -1.4994003   4.64063555  4.54303403 30.00844841]
 Average call time: 5.60 sec | Current time: 2018-10-02 11:34:54.817414
 --------------------------
iter: 179 | batch: 0 | nc: 1 | ncalls: 214 | eff(%): 25.070 | logz: -5.7e+05 +/- 1.2e-01 | dlogz: 421312.498 >  0.500
 loglike: -5.7e+05 | params: [-0.43076866 -1.68236044  5.76809318  3.66869757 32.81749588]
 Average call time: 4.55 sec | Current time: 2018-10-02 11:34:59.371583
 --------------------------
iter: 180 | batch: 0 | nc: 1 | ncalls: 215 | eff(%): 25.175 | logz: -5.7e+05 +/- 1.2e-01 | dlogz: 421208.803 >  0.500
 loglike: -5.7e+05 | params: [-0.82156486 -1.70285415  5.58992997 19.95636291 32.75951138]
 Average call time: 5.53 sec | Current time: 2018-10-02 11:35:04.903742
 --------------------------
iter: 181 | batch: 0 | nc: 1 | ncalls: 216 | eff(%): 25.279 | logz: -5.7e+05 +/- 1.2e-01 | dlogz: 421017.706 >  0.500
 loglike: -5.7e+05 | params: [-0.1723053  -1.95404313  6.37776796 18.86470846 34.84552906]
 Average call time: 5.60 sec | Current time: 2018-10-02 11:35:10.505415
 --------------------------
iter: 182 | batch: 0 | nc: 1 | ncalls: 217 | eff(%): 25.384 | logz: -5.6e+05 +/- 1.2e-01 | dlogz: 420234.695 >  0.500
 loglike: -5.6e+05 | params: [-0.71049102 -1.35734105  5.2557012  19.3500899  31.65899198]
 Average call time: 5.64 sec | Current time: 2018-10-02 11:35:16.145843
 --------------------------
iter: 183 | batch: 0 | nc: 2 | ncalls: 219 | eff(%): 25.452 | logz: -5.6e+05 +/- 1.2e-01 | dlogz: 419890.440 >  0.500
 loglike: -5.6e+05 | params: [-0.41337929 -1.12250865  6.35297481 19.53412276 34.90682459]
 Average call time: 5.75 sec | Current time: 2018-10-02 11:35:27.643368
 --------------------------
iter: 184 | batch: 0 | nc: 1 | ncalls: 220 | eff(%): 25.556 | logz: -5.6e+05 +/- 1.2e-01 | dlogz: 418759.429 >  0.500
 loglike: -5.6e+05 | params: [-0.1096194  -1.1153482   5.75697052  5.33525163 32.53787245]
 Average call time: 5.53 sec | Current time: 2018-10-02 11:35:33.170300
 --------------------------
iter: 185 | batch: 0 | nc: 2 | ncalls: 222 | eff(%): 25.623 | logz: -5.6e+05 +/- 1.2e-01 | dlogz: 418709.587 >  0.500
 loglike: -5.6e+05 | params: [-0.20222899 -1.88592048  5.52675546  7.25860848 32.11463192]
 Average call time: 4.81 sec | Current time: 2018-10-02 11:35:42.797955
 --------------------------
iter: 186 | batch: 0 | nc: 1 | ncalls: 223 | eff(%): 25.726 | logz: -5.6e+05 +/- 1.2e-01 | dlogz: 417084.166 >  0.500
 loglike: -5.6e+05 | params: [ 0.39897716 -1.24784316  5.20132184  4.24671804 30.83933086]
 Average call time: 4.60 sec | Current time: 2018-10-02 11:35:47.396996
 --------------------------
iter: 187 | batch: 0 | nc: 1 | ncalls: 224 | eff(%): 25.829 | logz: -5.6e+05 +/- 1.2e-01 | dlogz: 417031.950 >  0.500
 loglike: -5.6e+05 | params: [-0.34456082 -1.42427659  5.86050423  8.25515958 33.33452369]
 Average call time: 5.54 sec | Current time: 2018-10-02 11:35:52.937139
 --------------------------
iter: 188 | batch: 0 | nc: 1 | ncalls: 225 | eff(%): 25.931 | logz: -5.6e+05 +/- 1.2e-01 | dlogz: 416883.956 >  0.500
 loglike: -5.6e+05 | params: [-0.57159429 -1.63802978  5.84446155 12.99580377 33.51597791]
 Average call time: 5.61 sec | Current time: 2018-10-02 11:35:58.543804
 --------------------------
iter: 189 | batch: 0 | nc: 2 | ncalls: 227 | eff(%): 25.997 | logz: -5.6e+05 +/- 1.2e-01 | dlogz: 416836.923 >  0.500
 loglike: -5.6e+05 | params: [-1.3945408  -1.95732115  4.64467248 12.1072513  30.41126709]
 Average call time: 5.72 sec | Current time: 2018-10-02 11:36:09.992630
 --------------------------
iter: 190 | batch: 0 | nc: 1 | ncalls: 228 | eff(%): 26.099 | logz: -5.6e+05 +/- 1.2e-01 | dlogz: 415990.260 >  0.500
 loglike: -5.6e+05 | params: [-0.95481479 -1.72353574  6.00936089 19.16697314 34.37966317]
 Average call time: 4.72 sec | Current time: 2018-10-02 11:36:14.712739
 --------------------------
iter: 191 | batch: 0 | nc: 1 | ncalls: 229 | eff(%): 26.200 | logz: -5.6e+05 +/- 1.2e-01 | dlogz: 415800.736 >  0.500
 loglike: -5.6e+05 | params: [-1.21612655 -1.53412719  4.85367427  4.05702502 30.93135392]
 Average call time: 5.45 sec | Current time: 2018-10-02 11:36:20.162038
 --------------------------
iter: 192 | batch: 0 | nc: 1 | ncalls: 230 | eff(%): 26.301 | logz: -5.6e+05 +/- 1.2e-01 | dlogz: 415411.284 >  0.500
 loglike: -5.6e+05 | params: [-0.79728883 -1.54179297  4.62821183 13.7983007  30.01798622]
 Average call time: 5.58 sec | Current time: 2018-10-02 11:36:25.740930
 --------------------------
iter: 193 | batch: 0 | nc: 2 | ncalls: 232 | eff(%): 26.366 | logz: -5.6e+05 +/- 1.2e-01 | dlogz: 415215.363 >  0.500
 loglike: -5.6e+05 | params: [-0.79685719 -1.55705432  4.89746718 12.38946209 30.88558744]
 Average call time: 5.22 sec | Current time: 2018-10-02 11:36:36.180285
 --------------------------
iter: 194 | batch: 0 | nc: 1 | ncalls: 233 | eff(%): 26.467 | logz: -5.6e+05 +/- 1.2e-01 | dlogz: 414938.304 >  0.500
 loglike: -5.6e+05 | params: [-0.19249594 -1.39338739  5.53937141  6.35259753 32.22926755]
 Average call time: 5.63 sec | Current time: 2018-10-02 11:36:41.812244
 --------------------------
iter: 195 | batch: 0 | nc: 1 | ncalls: 234 | eff(%): 26.567 | logz: -5.6e+05 +/- 1.2e-01 | dlogz: 414689.329 >  0.500
 loglike: -5.6e+05 | params: [-0.202291   -1.41198851  5.45037946 13.95717317 32.08303493]
 Average call time: 5.61 sec | Current time: 2018-10-02 11:36:47.424977
 --------------------------
iter: 196 | batch: 0 | nc: 1 | ncalls: 235 | eff(%): 26.667 | logz: -5.6e+05 +/- 1.2e-01 | dlogz: 414617.067 >  0.500
 loglike: -5.6e+05 | params: [ 0.34735133 -1.54079569  5.14794257  2.52400872 31.15348993]
 Average call time: 5.65 sec | Current time: 2018-10-02 11:36:53.075372
 --------------------------
iter: 197 | batch: 0 | nc: 1 | ncalls: 236 | eff(%): 26.766 | logz: -5.6e+05 +/- 1.2e-01 | dlogz: 414558.386 >  0.500
 loglike: -5.6e+05 | params: [-0.21504235 -1.23382672  5.75511222  1.21307083 33.0932456 ]
 Average call time: 4.59 sec | Current time: 2018-10-02 11:36:57.669687
 --------------------------
iter: 198 | batch: 0 | nc: 1 | ncalls: 237 | eff(%): 26.866 | logz: -5.6e+05 +/- 1.2e-01 | dlogz: 414509.556 >  0.500
 loglike: -5.6e+05 | params: [-0.42236296 -1.49237005  5.21540442 10.93920636 31.59127223]
 Average call time: 5.17 sec | Current time: 2018-10-02 11:37:02.836915
 --------------------------
iter: 199 | batch: 0 | nc: 1 | ncalls: 238 | eff(%): 26.965 | logz: -5.6e+05 +/- 1.2e-01 | dlogz: 414422.831 >  0.500
 loglike: -5.6e+05 | params: [-0.45539343 -1.90167147  5.56818337 17.69240782 32.83527211]
 Average call time: 5.79 sec | Current time: 2018-10-02 11:37:08.628083
 --------------------------
iter: 200 | batch: 0 | nc: 2 | ncalls: 240 | eff(%): 27.027 | logz: -5.6e+05 +/- 1.2e-01 | dlogz: 414299.292 >  0.500
 loglike: -5.6e+05 | params: [-0.06677102 -1.51924965  6.36393293 10.21001819 34.9151742 ]
 Average call time: 6.12 sec | Current time: 2018-10-02 11:37:20.858577
 --------------------------
iter: 201 | batch: 0 | nc: 1 | ncalls: 241 | eff(%): 27.126 | logz: -5.6e+05 +/- 1.2e-01 | dlogz: 414282.891 >  0.500
 loglike: -5.6e+05 | params: [-0.67032799 -1.71792159  4.82388017 10.20506487 30.55977775]
 Average call time: 5.51 sec | Current time: 2018-10-02 11:37:26.364201
 --------------------------
iter: 202 | batch: 0 | nc: 1 | ncalls: 242 | eff(%): 27.224 | logz: -5.6e+05 +/- 1.2e-01 | dlogz: 414117.526 >  0.500
 loglike: -5.6e+05 | params: [ 0.15683984 -1.0949663   5.65720839  5.43954956 32.35987263]
 Average call time: 5.69 sec | Current time: 2018-10-02 11:37:32.054055
 --------------------------
iter: 203 | batch: 0 | nc: 2 | ncalls: 244 | eff(%): 27.285 | logz: -5.6e+05 +/- 1.2e-01 | dlogz: 413701.684 >  0.500
 loglike: -5.6e+05 | params: [-1.369817   -1.5811601   4.77970189  7.77032526 30.89999063]
 Average call time: 6.02 sec | Current time: 2018-10-02 11:37:44.091689
 --------------------------
iter: 204 | batch: 0 | nc: 2 | ncalls: 246 | eff(%): 27.346 | logz: -5.6e+05 +/- 1.2e-01 | dlogz: 413223.312 >  0.500
 loglike: -5.6e+05 | params: [ 0.23825478 -1.56382658  6.01073821  2.96095981 33.52130486]
 Average call time: 5.79 sec | Current time: 2018-10-02 11:37:55.663531
 --------------------------
iter: 205 | batch: 0 | nc: 2 | ncalls: 248 | eff(%): 27.406 | logz: -5.6e+05 +/- 1.2e-01 | dlogz: 413186.279 >  0.500
 loglike: -5.6e+05 | params: [ 0.20050349 -1.04851113  5.41489399  1.61563471 32.05038971]
 Average call time: 5.76 sec | Current time: 2018-10-02 11:38:07.186295
 --------------------------
iter: 206 | batch: 0 | nc: 1 | ncalls: 249 | eff(%): 27.503 | logz: -5.6e+05 +/- 1.2e-01 | dlogz: 412756.986 >  0.500
 loglike: -5.6e+05 | params: [-1.0301526  -1.9508232   5.38772993  6.85050674 32.59295311]
 Average call time: 5.65 sec | Current time: 2018-10-02 11:38:12.831639
 --------------------------
iter: 207 | batch: 0 | nc: 1 | ncalls: 250 | eff(%): 27.600 | logz: -5.6e+05 +/- 1.2e-01 | dlogz: 412571.082 >  0.500
 loglike: -5.6e+05 | params: [-1.10999242 -1.17948251  4.6014209   7.9305499  30.20541221]
 Average call time: 5.83 sec | Current time: 2018-10-02 11:38:18.663674
 --------------------------
iter: 208 | batch: 0 | nc: 1 | ncalls: 251 | eff(%): 27.696 | logz: -5.6e+05 +/- 1.2e-01 | dlogz: 412337.887 >  0.500
 loglike: -5.6e+05 | params: [ 0.13919578 -1.99581015  6.44302325  3.42197738 34.90124241]
 Average call time: 5.92 sec | Current time: 2018-10-02 11:38:24.584370
 --------------------------
iter: 209 | batch: 0 | nc: 1 | ncalls: 252 | eff(%): 27.793 | logz: -5.6e+05 +/- 1.2e-01 | dlogz: 411574.902 >  0.500
 loglike: -5.6e+05 | params: [-0.96441207 -1.9632744   6.02019789  6.74261119 34.45943342]
 Average call time: 5.65 sec | Current time: 2018-10-02 11:38:30.229676
 --------------------------
iter: 210 | batch: 0 | nc: 1 | ncalls: 253 | eff(%): 27.888 | logz: -5.5e+05 +/- 1.2e-01 | dlogz: 411552.082 >  0.500
 loglike: -5.5e+05 | params: [-0.52528824 -1.7332593   5.02505551 15.09552005 31.35292114]
 Average call time: 5.53 sec | Current time: 2018-10-02 11:38:35.764501
 --------------------------
iter: 211 | batch: 0 | nc: 1 | ncalls: 254 | eff(%): 27.984 | logz: -5.5e+05 +/- 1.2e-01 | dlogz: 409670.879 >  0.500
 loglike: -5.5e+05 | params: [ 0.45613073 -1.52728881  4.83072198  3.01901974 30.49872209]
 Average call time: 4.93 sec | Current time: 2018-10-02 11:38:40.691323
 --------------------------
iter: 212 | batch: 0 | nc: 1 | ncalls: 255 | eff(%): 28.079 | logz: -5.5e+05 +/- 1.2e-01 | dlogz: 409262.140 >  0.500
 loglike: -5.5e+05 | params: [-1.48207045 -1.29152038  5.25140094  1.62545768 32.5408133 ]
 Average call time: 4.78 sec | Current time: 2018-10-02 11:38:45.466598
 --------------------------
iter: 213 | batch: 0 | nc: 1 | ncalls: 256 | eff(%): 28.175 | logz: -5.5e+05 +/- 1.2e-01 | dlogz: 409002.942 >  0.500
 loglike: -5.5e+05 | params: [-0.1157265  -1.95705701  6.1679345   7.46197547 34.682785  ]
 Average call time: 5.73 sec | Current time: 2018-10-02 11:38:51.197832
 --------------------------
iter: 214 | batch: 0 | nc: 2 | ncalls: 258 | eff(%): 28.232 | logz: -5.5e+05 +/- 1.2e-01 | dlogz: 407311.295 >  0.500
 loglike: -5.5e+05 | params: [-1.22517976 -1.06257814  5.78109593 19.06247474 34.2982955 ]
 Average call time: 5.46 sec | Current time: 2018-10-02 11:39:02.122602
 --------------------------
iter: 215 | batch: 0 | nc: 2 | ncalls: 260 | eff(%): 28.289 | logz: -5.5e+05 +/- 1.2e-01 | dlogz: 406865.270 >  0.500
 loglike: -5.5e+05 | params: [-1.4792084  -1.3267781   5.94962398 16.63241492 34.97191017]
 Average call time: 5.70 sec | Current time: 2018-10-02 11:39:13.516392
 --------------------------
iter: 216 | batch: 0 | nc: 1 | ncalls: 261 | eff(%): 28.384 | logz: -5.5e+05 +/- 1.2e-01 | dlogz: 406609.460 >  0.500
 loglike: -5.5e+05 | params: [-1.40527227 -1.15554307  5.32837898  2.48398607 32.91875232]
 Average call time: 4.81 sec | Current time: 2018-10-02 11:39:18.329189
 --------------------------
iter: 217 | batch: 0 | nc: 1 | ncalls: 262 | eff(%): 28.478 | logz: -5.5e+05 +/- 1.2e-01 | dlogz: 406435.566 >  0.500
 loglike: -5.5e+05 | params: [-0.65933934 -1.40670813  4.71410129 17.13698419 30.62805831]
 Average call time: 4.76 sec | Current time: 2018-10-02 11:39:23.085341
 --------------------------
iter: 218 | batch: 0 | nc: 1 | ncalls: 263 | eff(%): 28.571 | logz: -5.5e+05 +/- 1.2e-01 | dlogz: 406153.262 >  0.500
 loglike: -5.5e+05 | params: [ 0.09149229 -1.74835585  4.65240752  1.22045459 30.68666253]
 Average call time: 5.64 sec | Current time: 2018-10-02 11:39:28.726401
 --------------------------
iter: 219 | batch: 0 | nc: 1 | ncalls: 264 | eff(%): 28.665 | logz: -5.5e+05 +/- 1.2e-01 | dlogz: 406089.182 >  0.500
 loglike: -5.5e+05 | params: [-0.08831996 -1.62143574  6.08224953 12.80617616 34.65666939]
 Average call time: 5.86 sec | Current time: 2018-10-02 11:39:34.585693
 --------------------------
