GPU acceleration enabled
Loading Setup File: setup_files/m49_taunomu.py
using given n: 0
Starting SourceModule Code
Past the SourceModule code
CUDAC Available
Running Nested Sampling
dynamic:  True
{'pool': None, 'bound': 'multi', 'method': 'unif', 'nprocs': 1, 'update_interval': 1, 'bootstrap': 0, 'enlarge': 1.1, 'first_update': {'min_eff': 30.0}}
{'nlive_init': 500, 'maxcall': 200000, 'dlogz_init': 0.5, 'maxbatch': 10, 'nlive_batch': 100, 'wt_kwargs': {'pfrac': 1.0}, 'maxcall_per_it': 1000, 'print_progress': True, 'save_bounds': False}
-initializing models
-Saving initial results dataframe
Dynamic Sampler Initialized
iter: 1 | batch: 0 | nc: 1 | ncalls: 1 | eff(%):  0.200 | logz: -6.8e+05 +/- 1.2e-01 | dlogz:    inf >  0.500
 loglike: -6.8e+05 | params: [-0.3546815  -1.8793378   6.99981862 19.94786891]
 Average call time: 2683.91 sec | Current time: 2018-10-02 11:14:54.949307
 --------------------------
iter: 2 | batch: 0 | nc: 1 | ncalls: 2 | eff(%):  0.398 | logz: -6.7e+05 +/- 1.2e-01 | dlogz: 463025.165 >  0.500
 loglike: -6.7e+05 | params: [-0.9057083  -1.28201401  6.98903591 11.08285528]
 Average call time: 5.58 sec | Current time: 2018-10-02 11:15:00.524293
 --------------------------
iter: 3 | batch: 0 | nc: 1 | ncalls: 3 | eff(%):  0.596 | logz: -6.7e+05 +/- 1.2e-01 | dlogz: 456980.550 >  0.500
 loglike: -6.7e+05 | params: [-1.18937429 -1.35044225  6.90827108 13.92666757]
 Average call time: 5.78 sec | Current time: 2018-10-02 11:15:06.307799
 --------------------------
iter: 4 | batch: 0 | nc: 1 | ncalls: 4 | eff(%):  0.794 | logz: -6.6e+05 +/- 1.2e-01 | dlogz: 452006.218 >  0.500
 loglike: -6.6e+05 | params: [-1.48130285 -1.09935138  6.88620715 11.18220411]
 Average call time: 5.12 sec | Current time: 2018-10-02 11:15:11.431162
 --------------------------
iter: 5 | batch: 0 | nc: 1 | ncalls: 5 | eff(%):  0.990 | logz: -6.6e+05 +/- 1.2e-01 | dlogz: 444656.263 >  0.500
 loglike: -6.6e+05 | params: [-0.39506212 -1.72695674  6.87247569 13.38895943]
 Average call time: 5.75 sec | Current time: 2018-10-02 11:15:17.176491
 --------------------------
iter: 6 | batch: 0 | nc: 1 | ncalls: 6 | eff(%):  1.186 | logz: -6.5e+05 +/- 1.2e-01 | dlogz: 443027.391 >  0.500
 loglike: -6.5e+05 | params: [-1.33218974 -1.80425638  6.73759594 19.39776663]
 Average call time: 5.85 sec | Current time: 2018-10-02 11:15:23.024722
 --------------------------
iter: 7 | batch: 0 | nc: 1 | ncalls: 7 | eff(%):  1.381 | logz: -6.5e+05 +/- 1.2e-01 | dlogz: 436790.077 >  0.500
 loglike: -6.5e+05 | params: [-1.09648862 -1.30170362  6.76097705 17.81026941]
 Average call time: 4.60 sec | Current time: 2018-10-02 11:15:27.620868
 --------------------------
iter: 8 | batch: 0 | nc: 1 | ncalls: 8 | eff(%):  1.575 | logz: -6.5e+05 +/- 1.2e-01 | dlogz: 436015.517 >  0.500
 loglike: -6.5e+05 | params: [-1.11313133 -1.2599519   6.78364937 10.36629014]
 Average call time: 5.89 sec | Current time: 2018-10-02 11:15:33.506621
 --------------------------
iter: 9 | batch: 0 | nc: 1 | ncalls: 9 | eff(%):  1.768 | logz: -6.5e+05 +/- 1.2e-01 | dlogz: 433641.827 >  0.500
 loglike: -6.5e+05 | params: [-0.32405601 -1.97484574  6.94550929  1.50840706]
 Average call time: 5.54 sec | Current time: 2018-10-02 11:15:39.048870
 --------------------------
iter: 10 | batch: 0 | nc: 1 | ncalls: 10 | eff(%):  1.961 | logz: -6.5e+05 +/- 1.2e-01 | dlogz: 430609.918 >  0.500
 loglike: -6.5e+05 | params: [-1.14221317 -1.92324728  6.68393469 16.73291472]
 Average call time: 5.42 sec | Current time: 2018-10-02 11:15:44.465673
 --------------------------
iter: 11 | batch: 0 | nc: 1 | ncalls: 11 | eff(%):  2.153 | logz: -6.5e+05 +/- 1.2e-01 | dlogz: 429645.161 >  0.500
 loglike: -6.5e+05 | params: [-0.5100653  -1.19012166  6.77282892 12.78591677]
 Average call time: 5.27 sec | Current time: 2018-10-02 11:15:49.738842
 --------------------------
iter: 12 | batch: 0 | nc: 1 | ncalls: 12 | eff(%):  2.344 | logz: -6.5e+05 +/- 1.2e-01 | dlogz: 429597.407 >  0.500
 loglike: -6.5e+05 | params: [-1.38758475 -1.72180831  6.68355696 16.78429074]
 Average call time: 5.40 sec | Current time: 2018-10-02 11:15:55.140653
 --------------------------
iter: 13 | batch: 0 | nc: 1 | ncalls: 13 | eff(%):  2.534 | logz: -6.5e+05 +/- 1.2e-01 | dlogz: 428715.074 >  0.500
 loglike: -6.5e+05 | params: [-0.88662704 -1.94339292  6.68417604 18.08967168]
 Average call time: 5.55 sec | Current time: 2018-10-02 11:16:00.687196
 --------------------------
iter: 14 | batch: 0 | nc: 1 | ncalls: 14 | eff(%):  2.724 | logz: -6.5e+05 +/- 1.2e-01 | dlogz: 428491.249 >  0.500
 loglike: -6.5e+05 | params: [-0.62537721 -1.40689625  6.75720005 11.10709663]
 Average call time: 5.55 sec | Current time: 2018-10-02 11:16:06.239834
 --------------------------
iter: 15 | batch: 0 | nc: 1 | ncalls: 15 | eff(%):  2.913 | logz: -6.4e+05 +/- 1.2e-01 | dlogz: 428436.600 >  0.500
 loglike: -6.4e+05 | params: [-0.39534538 -1.8142699   6.90488185  2.00913903]
 Average call time: 5.66 sec | Current time: 2018-10-02 11:16:11.898836
 --------------------------
iter: 16 | batch: 0 | nc: 1 | ncalls: 16 | eff(%):  3.101 | logz: -6.4e+05 +/- 1.2e-01 | dlogz: 426909.465 >  0.500
 loglike: -6.4e+05 | params: [-1.47559983 -1.54300152  6.65875971 16.9358913 ]
 Average call time: 5.86 sec | Current time: 2018-10-02 11:16:17.757577
 --------------------------
iter: 17 | batch: 0 | nc: 1 | ncalls: 17 | eff(%):  3.288 | logz: -6.4e+05 +/- 1.2e-01 | dlogz: 425683.036 >  0.500
 loglike: -6.4e+05 | params: [ 2.28250940e-03 -1.13432835e+00  6.77108251e+00  1.76033387e+01]
 Average call time: 4.82 sec | Current time: 2018-10-02 11:16:22.576709
 --------------------------
iter: 18 | batch: 0 | nc: 1 | ncalls: 18 | eff(%):  3.475 | logz: -6.4e+05 +/- 1.2e-01 | dlogz: 423593.095 >  0.500
 loglike: -6.4e+05 | params: [ 0.28377337 -1.18964677  6.82050604 19.15850987]
 Average call time: 4.69 sec | Current time: 2018-10-02 11:16:27.271372
 --------------------------
iter: 19 | batch: 0 | nc: 1 | ncalls: 19 | eff(%):  3.661 | logz: -6.4e+05 +/- 1.2e-01 | dlogz: 423305.125 >  0.500
 loglike: -6.4e+05 | params: [-1.49220671 -1.81570706  6.63983048 13.76135565]
 Average call time: 5.40 sec | Current time: 2018-10-02 11:16:32.667842
 --------------------------
iter: 20 | batch: 0 | nc: 1 | ncalls: 20 | eff(%):  3.846 | logz: -6.4e+05 +/- 1.2e-01 | dlogz: 423044.907 >  0.500
 loglike: -6.4e+05 | params: [-1.22403398 -1.59719055  6.65648546 13.49593943]
 Average call time: 6.27 sec | Current time: 2018-10-02 11:16:38.938224
 --------------------------
iter: 21 | batch: 0 | nc: 1 | ncalls: 21 | eff(%):  4.031 | logz: -6.4e+05 +/- 1.2e-01 | dlogz: 422767.125 >  0.500
 loglike: -6.4e+05 | params: [ 0.08104827 -1.00791853  6.79400881 15.86008629]
 Average call time: 5.68 sec | Current time: 2018-10-02 11:16:44.620865
 --------------------------
iter: 22 | batch: 0 | nc: 1 | ncalls: 22 | eff(%):  4.215 | logz: -6.4e+05 +/- 1.2e-01 | dlogz: 422288.890 >  0.500
 loglike: -6.4e+05 | params: [-1.09931867 -1.34291988  6.71603444  7.19967691]
 Average call time: 5.02 sec | Current time: 2018-10-02 11:16:49.645726
 --------------------------
iter: 23 | batch: 0 | nc: 1 | ncalls: 23 | eff(%):  4.398 | logz: -6.4e+05 +/- 1.2e-01 | dlogz: 421038.302 >  0.500
 loglike: -6.4e+05 | params: [-0.30473533 -1.57713403  6.66743044 19.88002276]
 Average call time: 4.85 sec | Current time: 2018-10-02 11:16:54.491135
 --------------------------
iter: 24 | batch: 0 | nc: 1 | ncalls: 24 | eff(%):  4.580 | logz: -6.4e+05 +/- 1.2e-01 | dlogz: 420092.675 >  0.500
 loglike: -6.4e+05 | params: [ 0.26808119 -1.43294558  6.97240789  3.65692143]
 Average call time: 5.73 sec | Current time: 2018-10-02 11:17:00.217409
 --------------------------
iter: 25 | batch: 0 | nc: 1 | ncalls: 25 | eff(%):  4.762 | logz: -6.4e+05 +/- 1.2e-01 | dlogz: 419355.986 >  0.500
 loglike: -6.4e+05 | params: [-0.75315259 -1.98759302  6.60951669 17.4781938 ]
 Average call time: 5.36 sec | Current time: 2018-10-02 11:17:05.579742
 --------------------------
iter: 26 | batch: 0 | nc: 1 | ncalls: 26 | eff(%):  4.943 | logz: -6.3e+05 +/- 1.2e-01 | dlogz: 418759.196 >  0.500
 loglike: -6.3e+05 | params: [-1.16217364 -1.6693927   6.77364276  2.16359624]
 Average call time: 5.53 sec | Current time: 2018-10-02 11:17:11.111045
 --------------------------
iter: 27 | batch: 0 | nc: 1 | ncalls: 27 | eff(%):  5.123 | logz: -6.3e+05 +/- 1.2e-01 | dlogz: 417518.153 >  0.500
 loglike: -6.3e+05 | params: [-0.5639765  -1.20977226  6.61474429 14.43280391]
 Average call time: 5.14 sec | Current time: 2018-10-02 11:17:16.248417
 --------------------------
iter: 28 | batch: 0 | nc: 1 | ncalls: 28 | eff(%):  5.303 | logz: -6.3e+05 +/- 1.2e-01 | dlogz: 413234.190 >  0.500
 loglike: -6.3e+05 | params: [-0.62621366 -1.387851    6.59099038 12.55215973]
 Average call time: 5.43 sec | Current time: 2018-10-02 11:17:21.682826
 --------------------------
iter: 29 | batch: 0 | nc: 1 | ncalls: 29 | eff(%):  5.482 | logz: -6.3e+05 +/- 1.2e-01 | dlogz: 410385.326 >  0.500
 loglike: -6.3e+05 | params: [ 0.08215197 -1.2127103   6.73890934  8.06414389]
 Average call time: 4.55 sec | Current time: 2018-10-02 11:17:26.233215
 --------------------------
iter: 30 | batch: 0 | nc: 1 | ncalls: 30 | eff(%):  5.660 | logz: -6.2e+05 +/- 1.2e-01 | dlogz: 409192.468 >  0.500
 loglike: -6.2e+05 | params: [-1.12319703 -1.99238853  6.48168988 19.95130368]
 Average call time: 4.63 sec | Current time: 2018-10-02 11:17:30.865812
 --------------------------
iter: 31 | batch: 0 | nc: 1 | ncalls: 31 | eff(%):  5.838 | logz: -6.2e+05 +/- 1.2e-01 | dlogz: 407648.719 >  0.500
 loglike: -6.2e+05 | params: [-0.80398241 -1.81741127  6.50898026 14.15991045]
 Average call time: 5.65 sec | Current time: 2018-10-02 11:17:36.519648
 --------------------------
iter: 32 | batch: 0 | nc: 1 | ncalls: 32 | eff(%):  6.015 | logz: -6.2e+05 +/- 1.2e-01 | dlogz: 406963.149 >  0.500
 loglike: -6.2e+05 | params: [-1.31822516 -1.47635248  6.47297514 19.27774676]
 Average call time: 4.97 sec | Current time: 2018-10-02 11:17:41.486458
 --------------------------
iter: 33 | batch: 0 | nc: 1 | ncalls: 33 | eff(%):  6.191 | logz: -6.2e+05 +/- 1.2e-01 | dlogz: 406086.035 >  0.500
 loglike: -6.2e+05 | params: [-0.26199156 -1.22053388  6.65669318  6.89820935]
 Average call time: 5.44 sec | Current time: 2018-10-02 11:17:46.926068
 --------------------------
iter: 34 | batch: 0 | nc: 1 | ncalls: 34 | eff(%):  6.367 | logz: -6.2e+05 +/- 1.2e-01 | dlogz: 405346.359 >  0.500
 loglike: -6.2e+05 | params: [ 0.16869352 -1.26861942  6.80722911  2.38187489]
 Average call time: 5.78 sec | Current time: 2018-10-02 11:17:52.703198
 --------------------------
iter: 35 | batch: 0 | nc: 1 | ncalls: 35 | eff(%):  6.542 | logz: -6.2e+05 +/- 1.2e-01 | dlogz: 403737.008 >  0.500
 loglike: -6.2e+05 | params: [-0.94809395 -1.41694241  6.64975731  1.24017841]
 Average call time: 5.45 sec | Current time: 2018-10-02 11:17:58.153691
 --------------------------
iter: 36 | batch: 0 | nc: 1 | ncalls: 36 | eff(%):  6.716 | logz: -6.2e+05 +/- 1.2e-01 | dlogz: 402845.410 >  0.500
 loglike: -6.2e+05 | params: [-1.27820908 -1.10463062  6.46050569 18.31170366]
 Average call time: 5.40 sec | Current time: 2018-10-02 11:18:03.549721
 --------------------------
iter: 37 | batch: 0 | nc: 1 | ncalls: 37 | eff(%):  6.890 | logz: -6.2e+05 +/- 1.2e-01 | dlogz: 402254.899 >  0.500
 loglike: -6.2e+05 | params: [-1.188674   -1.00404716  6.44845543 16.09461304]
 Average call time: 5.06 sec | Current time: 2018-10-02 11:18:08.610935
 --------------------------
iter: 38 | batch: 0 | nc: 2 | ncalls: 39 | eff(%):  7.050 | logz: -6.1e+05 +/- 1.2e-01 | dlogz: 398886.825 >  0.500
 loglike: -6.1e+05 | params: [-0.75611138 -1.17230064  6.50569768  8.60334532]
 Average call time: 5.61 sec | Current time: 2018-10-02 11:18:19.839443
 --------------------------
iter: 39 | batch: 0 | nc: 1 | ncalls: 40 | eff(%):  7.222 | logz: -6.1e+05 +/- 1.2e-01 | dlogz: 397973.786 >  0.500
 loglike: -6.1e+05 | params: [-1.34572919 -1.02800169  6.41416781 12.64561927]
 Average call time: 4.61 sec | Current time: 2018-10-02 11:18:24.452321
 --------------------------
iter: 40 | batch: 0 | nc: 1 | ncalls: 41 | eff(%):  7.394 | logz: -6.1e+05 +/- 1.2e-01 | dlogz: 394861.949 >  0.500
 loglike: -6.1e+05 | params: [-0.31766899 -1.68849668  6.59210365  1.10794408]
 Average call time: 5.62 sec | Current time: 2018-10-02 11:18:30.067292
 --------------------------
iter: 41 | batch: 0 | nc: 1 | ncalls: 42 | eff(%):  7.565 | logz: -6.1e+05 +/- 1.2e-01 | dlogz: 394750.595 >  0.500
 loglike: -6.1e+05 | params: [-0.94595949 -1.98951626  6.43890601  7.5405795 ]
 Average call time: 5.78 sec | Current time: 2018-10-02 11:18:35.845852
 --------------------------
iter: 42 | batch: 0 | nc: 1 | ncalls: 43 | eff(%):  7.735 | logz: -6.1e+05 +/- 1.2e-01 | dlogz: 394345.826 >  0.500
 loglike: -6.1e+05 | params: [-0.73401788 -1.34191027  6.40607103 11.49618443]
 Average call time: 4.92 sec | Current time: 2018-10-02 11:18:40.761633
 --------------------------
iter: 43 | batch: 0 | nc: 1 | ncalls: 44 | eff(%):  7.904 | logz: -6.1e+05 +/- 1.2e-01 | dlogz: 391403.365 >  0.500
 loglike: -6.1e+05 | params: [-1.22834288 -1.08729331  6.35963863 15.69491875]
 Average call time: 5.99 sec | Current time: 2018-10-02 11:18:46.751805
 --------------------------
iter: 44 | batch: 0 | nc: 1 | ncalls: 45 | eff(%):  8.073 | logz: -6.1e+05 +/- 1.2e-01 | dlogz: 390989.831 >  0.500
 loglike: -6.1e+05 | params: [ 0.03603543 -1.18267226  6.63371846  4.22004753]
 Average call time: 5.37 sec | Current time: 2018-10-02 11:18:52.118481
 --------------------------
iter: 45 | batch: 0 | nc: 1 | ncalls: 46 | eff(%):  8.242 | logz: -6.1e+05 +/- 1.2e-01 | dlogz: 389981.700 >  0.500
 loglike: -6.1e+05 | params: [-0.47514499 -1.85524354  6.38404347 14.79088007]
 Average call time: 5.52 sec | Current time: 2018-10-02 11:18:57.638055
 --------------------------
iter: 46 | batch: 0 | nc: 1 | ncalls: 47 | eff(%):  8.410 | logz: -6.1e+05 +/- 1.2e-01 | dlogz: 389945.428 >  0.500
 loglike: -6.1e+05 | params: [-0.91349689 -1.46988317  6.3316276  17.38879655]
 Average call time: 4.96 sec | Current time: 2018-10-02 11:19:02.599907
 --------------------------
iter: 47 | batch: 0 | nc: 1 | ncalls: 48 | eff(%):  8.577 | logz: -6.1e+05 +/- 1.2e-01 | dlogz: 389778.816 >  0.500
 loglike: -6.1e+05 | params: [-0.96575591 -1.19783358  6.49817947  2.12159833]
 Average call time: 5.86 sec | Current time: 2018-10-02 11:19:08.463951
 --------------------------
iter: 48 | batch: 0 | nc: 1 | ncalls: 49 | eff(%):  8.743 | logz: -6.1e+05 +/- 1.2e-01 | dlogz: 389319.580 >  0.500
 loglike: -6.1e+05 | params: [-1.39572732 -1.90727068  6.43494815  3.44620425]
 Average call time: 5.80 sec | Current time: 2018-10-02 11:19:14.268427
 --------------------------
iter: 49 | batch: 0 | nc: 1 | ncalls: 50 | eff(%):  8.909 | logz: -6.0e+05 +/- 1.2e-01 | dlogz: 388610.257 >  0.500
 loglike: -6.0e+05 | params: [ 0.19797135 -1.08865605  6.49950558 17.35784971]
 Average call time: 5.95 sec | Current time: 2018-10-02 11:19:20.223329
 --------------------------
iter: 50 | batch: 0 | nc: 1 | ncalls: 51 | eff(%):  9.074 | logz: -6.0e+05 +/- 1.2e-01 | dlogz: 388325.410 >  0.500
 loglike: -6.0e+05 | params: [ 0.2590522  -1.50007984  6.5712597   8.30701057]
 Average call time: 5.37 sec | Current time: 2018-10-02 11:19:25.592610
 --------------------------
iter: 51 | batch: 0 | nc: 1 | ncalls: 52 | eff(%):  9.239 | logz: -6.0e+05 +/- 1.2e-01 | dlogz: 387975.099 >  0.500
 loglike: -6.0e+05 | params: [-0.42658795 -1.22676129  6.40171791 12.78408979]
 Average call time: 5.83 sec | Current time: 2018-10-02 11:19:31.421700
 --------------------------
iter: 52 | batch: 0 | nc: 1 | ncalls: 53 | eff(%):  9.403 | logz: -6.0e+05 +/- 1.2e-01 | dlogz: 387506.407 >  0.500
 loglike: -6.0e+05 | params: [-0.93437527 -1.75820128  6.35675959  7.40517827]
 Average call time: 5.37 sec | Current time: 2018-10-02 11:19:36.794970
 --------------------------
iter: 53 | batch: 0 | nc: 1 | ncalls: 54 | eff(%):  9.567 | logz: -6.0e+05 +/- 1.2e-01 | dlogz: 386268.047 >  0.500
 loglike: -6.0e+05 | params: [-1.48320201 -1.52845105  6.26211055 18.471276  ]
 Average call time: 5.53 sec | Current time: 2018-10-02 11:19:42.326292
 --------------------------
iter: 54 | batch: 0 | nc: 1 | ncalls: 55 | eff(%):  9.730 | logz: -6.0e+05 +/- 1.2e-01 | dlogz: 386198.953 >  0.500
 loglike: -6.0e+05 | params: [-0.86632776 -1.43190135  6.34563695  8.77985114]
 Average call time: 5.31 sec | Current time: 2018-10-02 11:19:47.637742
 --------------------------
iter: 55 | batch: 0 | nc: 1 | ncalls: 56 | eff(%):  9.892 | logz: -6.0e+05 +/- 1.2e-01 | dlogz: 385311.914 >  0.500
 loglike: -6.0e+05 | params: [-0.1723053  -1.95404313  6.37776796 18.86470846]
 Average call time: 5.36 sec | Current time: 2018-10-02 11:19:52.996507
 --------------------------
iter: 56 | batch: 0 | nc: 1 | ncalls: 57 | eff(%): 10.054 | logz: -6.0e+05 +/- 1.2e-01 | dlogz: 385069.041 >  0.500
 loglike: -6.0e+05 | params: [ 0.43821162 -1.25069868  6.66368199  1.85939043]
 Average call time: 5.54 sec | Current time: 2018-10-02 11:19:58.535935
 --------------------------
iter: 57 | batch: 0 | nc: 1 | ncalls: 58 | eff(%): 10.215 | logz: -6.0e+05 +/- 1.2e-01 | dlogz: 383555.056 >  0.500
 loglike: -6.0e+05 | params: [-0.36677904 -1.48599575  6.34435444 14.43491023]
 Average call time: 5.36 sec | Current time: 2018-10-02 11:20:03.892964
 --------------------------
iter: 58 | batch: 0 | nc: 1 | ncalls: 59 | eff(%): 10.376 | logz: -6.0e+05 +/- 1.2e-01 | dlogz: 383223.358 >  0.500
 loglike: -6.0e+05 | params: [-0.26772149 -1.78070883  6.36261833 12.99251169]
 Average call time: 5.27 sec | Current time: 2018-10-02 11:20:09.163420
 --------------------------
iter: 59 | batch: 0 | nc: 1 | ncalls: 60 | eff(%): 10.536 | logz: -6.0e+05 +/- 1.2e-01 | dlogz: 382355.027 >  0.500
 loglike: -6.0e+05 | params: [-1.05042739 -1.71015085  6.24490938 14.90889368]
 Average call time: 4.65 sec | Current time: 2018-10-02 11:20:13.811276
 --------------------------
iter: 60 | batch: 0 | nc: 1 | ncalls: 61 | eff(%): 10.695 | logz: -6.0e+05 +/- 1.2e-01 | dlogz: 382154.896 >  0.500
 loglike: -6.0e+05 | params: [-1.30796982 -1.48827874  6.21808222 19.87151868]
 Average call time: 5.38 sec | Current time: 2018-10-02 11:20:19.189560
 --------------------------
iter: 61 | batch: 0 | nc: 1 | ncalls: 62 | eff(%): 10.854 | logz: -6.0e+05 +/- 1.2e-01 | dlogz: 381429.053 >  0.500
 loglike: -6.0e+05 | params: [ 0.42959305 -1.03240852  6.65014405  3.77512866]
 Average call time: 5.40 sec | Current time: 2018-10-02 11:20:24.592511
 --------------------------
iter: 62 | batch: 0 | nc: 1 | ncalls: 63 | eff(%): 11.012 | logz: -5.9e+05 +/- 1.2e-01 | dlogz: 380549.176 >  0.500
 loglike: -5.9e+05 | params: [-0.5843767  -1.07959743  6.39534581  5.12705353]
 Average call time: 5.31 sec | Current time: 2018-10-02 11:20:29.905580
 --------------------------
iter: 63 | batch: 0 | nc: 1 | ncalls: 64 | eff(%): 11.170 | logz: -5.9e+05 +/- 1.2e-01 | dlogz: 377979.999 >  0.500
 loglike: -5.9e+05 | params: [ 0.27979209 -1.83153171  6.41782148 14.08523518]
 Average call time: 5.35 sec | Current time: 2018-10-02 11:20:35.251692
 --------------------------
iter: 64 | batch: 0 | nc: 2 | ncalls: 66 | eff(%): 11.307 | logz: -5.9e+05 +/- 1.2e-01 | dlogz: 377743.918 >  0.500
 loglike: -5.9e+05 | params: [-1.1597554  -1.28161822  6.3489882   2.67326414]
 Average call time: 4.93 sec | Current time: 2018-10-02 11:20:45.117149
 --------------------------
iter: 65 | batch: 0 | nc: 1 | ncalls: 67 | eff(%): 11.464 | logz: -5.9e+05 +/- 1.2e-01 | dlogz: 377239.547 >  0.500
 loglike: -5.9e+05 | params: [ 0.44811162 -1.24578438  6.58338728  0.85028654]
 Average call time: 4.61 sec | Current time: 2018-10-02 11:20:49.727841
 --------------------------
iter: 66 | batch: 0 | nc: 1 | ncalls: 68 | eff(%): 11.620 | logz: -5.9e+05 +/- 1.2e-01 | dlogz: 376415.675 >  0.500
 loglike: -5.9e+05 | params: [ 0.37728491 -1.25495545  6.55367521  4.82077171]
 Average call time: 5.71 sec | Current time: 2018-10-02 11:20:55.437030
 --------------------------
iter: 67 | batch: 0 | nc: 3 | ncalls: 71 | eff(%): 11.734 | logz: -5.9e+05 +/- 1.2e-01 | dlogz: 376304.616 >  0.500
 loglike: -5.9e+05 | params: [ 0.21059805 -1.08881938  6.38282397 19.31204159]
 Average call time: 5.45 sec | Current time: 2018-10-02 11:21:11.796385
 --------------------------
iter: 68 | batch: 0 | nc: 1 | ncalls: 72 | eff(%): 11.888 | logz: -5.9e+05 +/- 1.2e-01 | dlogz: 375702.533 >  0.500
 loglike: -5.9e+05 | params: [ 0.29159901 -1.54774153  6.52463897  3.14848494]
 Average call time: 6.07 sec | Current time: 2018-10-02 11:21:17.862612
 --------------------------
iter: 69 | batch: 0 | nc: 1 | ncalls: 73 | eff(%): 12.042 | logz: -5.9e+05 +/- 1.2e-01 | dlogz: 373800.252 >  0.500
 loglike: -5.9e+05 | params: [ 0.13139414 -1.90795812  6.43894951  0.42713726]
 Average call time: 5.46 sec | Current time: 2018-10-02 11:21:23.323015
 --------------------------
iter: 70 | batch: 0 | nc: 2 | ncalls: 75 | eff(%): 12.174 | logz: -5.9e+05 +/- 1.2e-01 | dlogz: 373788.204 >  0.500
 loglike: -5.9e+05 | params: [-0.22559368 -1.83404934  6.37061583  2.00178065]
 Average call time: 5.83 sec | Current time: 2018-10-02 11:21:34.985494
 --------------------------
iter: 71 | batch: 0 | nc: 1 | ncalls: 76 | eff(%): 12.326 | logz: -5.9e+05 +/- 1.2e-01 | dlogz: 373143.318 >  0.500
 loglike: -5.9e+05 | params: [-1.47909284 -1.82646561  6.19569327  6.27406727]
 Average call time: 5.60 sec | Current time: 2018-10-02 11:21:40.581887
 --------------------------
iter: 72 | batch: 0 | nc: 3 | ncalls: 79 | eff(%): 12.435 | logz: -5.9e+05 +/- 1.2e-01 | dlogz: 373044.482 >  0.500
 loglike: -5.9e+05 | params: [ 0.49565986 -1.59888561  6.41667883 11.42585775]
 Average call time: 5.62 sec | Current time: 2018-10-02 11:21:57.437532
 --------------------------
iter: 73 | batch: 0 | nc: 2 | ncalls: 81 | eff(%): 12.565 | logz: -5.9e+05 +/- 1.1e-01 | dlogz: 372941.538 >  0.500
 loglike: -5.9e+05 | params: [ 0.27711651 -1.47068468  6.42495769  9.10826468]
 Average call time: 5.75 sec | Current time: 2018-10-02 11:22:08.940725
 --------------------------
iter: 74 | batch: 0 | nc: 1 | ncalls: 82 | eff(%): 12.715 | logz: -5.9e+05 +/- 1.2e-01 | dlogz: 372940.101 >  0.500
 loglike: -5.9e+05 | params: [-0.64391909 -1.74162207  6.32634717  3.54823818]
 Average call time: 5.38 sec | Current time: 2018-10-02 11:22:14.318238
 --------------------------
iter: 75 | batch: 0 | nc: 1 | ncalls: 83 | eff(%): 12.864 | logz: -5.9e+05 +/- 1.2e-01 | dlogz: 372822.388 >  0.500
 loglike: -5.9e+05 | params: [-1.10748171 -1.76176366  6.12255223 17.94006317]
 Average call time: 5.66 sec | Current time: 2018-10-02 11:22:19.982622
 --------------------------
iter: 76 | batch: 0 | nc: 1 | ncalls: 84 | eff(%): 13.014 | logz: -5.9e+05 +/- 1.2e-01 | dlogz: 370940.694 >  0.500
 loglike: -5.9e+05 | params: [ 0.31986174 -1.8766955   6.47390832  4.18069445]
 Average call time: 5.69 sec | Current time: 2018-10-02 11:22:25.671639
 --------------------------
iter: 77 | batch: 0 | nc: 2 | ncalls: 86 | eff(%): 13.140 | logz: -5.9e+05 +/- 1.2e-01 | dlogz: 369815.053 >  0.500
 loglike: -5.9e+05 | params: [-0.11297496 -1.57878806  6.29174722 11.54396372]
 Average call time: 5.38 sec | Current time: 2018-10-02 11:22:36.428562
 --------------------------
iter: 78 | batch: 0 | nc: 1 | ncalls: 87 | eff(%): 13.288 | logz: -5.9e+05 +/- 1.2e-01 | dlogz: 469181.885 >  0.500
 loglike: -5.9e+05 | params: [-1.33293223 -1.40140613  6.23032069  3.74678786]
 Average call time: 5.48 sec | Current time: 2018-10-02 11:22:41.906976
 --------------------------
iter: 79 | batch: 0 | nc: 1 | ncalls: 88 | eff(%): 13.435 | logz: -5.8e+05 +/- 1.2e-01 | dlogz: 469023.478 >  0.500
 loglike: -5.8e+05 | params: [ 0.0674444  -1.39400214  6.35874132  1.81016219]
 Average call time: 5.79 sec | Current time: 2018-10-02 11:22:47.695348
 --------------------------
iter: 80 | batch: 0 | nc: 2 | ncalls: 90 | eff(%): 13.559 | logz: -5.8e+05 +/- 1.2e-01 | dlogz: 467442.759 >  0.500
 loglike: -5.8e+05 | params: [ 0.11143158 -1.51572588  6.38337524  3.12921262]
 Average call time: 5.40 sec | Current time: 2018-10-02 11:22:58.505226
 --------------------------
iter: 81 | batch: 0 | nc: 3 | ncalls: 93 | eff(%): 13.659 | logz: -5.8e+05 +/- 1.2e-01 | dlogz: 466316.521 >  0.500
 loglike: -5.8e+05 | params: [ 0.03606178 -1.80563185  6.31435385  0.67156687]
 Average call time: 5.60 sec | Current time: 2018-10-02 11:23:15.294647
 --------------------------
iter: 82 | batch: 0 | nc: 1 | ncalls: 94 | eff(%): 13.805 | logz: -5.8e+05 +/- 1.2e-01 | dlogz: 465879.375 >  0.500
 loglike: -5.8e+05 | params: [-0.25444683 -1.50631735  6.2026885  14.27073004]
 Average call time: 5.34 sec | Current time: 2018-10-02 11:23:20.637179
 --------------------------
iter: 83 | batch: 0 | nc: 1 | ncalls: 95 | eff(%): 13.950 | logz: -5.8e+05 +/- 1.2e-01 | dlogz: 465682.283 >  0.500
 loglike: -5.8e+05 | params: [-0.97047173 -1.80499621  6.10258743 10.45365517]
 Average call time: 5.45 sec | Current time: 2018-10-02 11:23:26.091498
 --------------------------
iter: 84 | batch: 0 | nc: 1 | ncalls: 96 | eff(%): 14.094 | logz: -5.8e+05 +/- 1.2e-01 | dlogz: 464910.766 >  0.500
 loglike: -5.8e+05 | params: [-1.38521709 -1.08525545  6.15335046  3.26418513]
 Average call time: 5.02 sec | Current time: 2018-10-02 11:23:31.114503
 --------------------------
iter: 85 | batch: 0 | nc: 1 | ncalls: 97 | eff(%): 14.238 | logz: -5.8e+05 +/- 1.2e-01 | dlogz: 462521.345 >  0.500
 loglike: -5.8e+05 | params: [ 0.27607156 -1.05012134  6.36379451  7.50370291]
 Average call time: 5.51 sec | Current time: 2018-10-02 11:23:36.623280
 --------------------------
iter: 86 | batch: 0 | nc: 1 | ncalls: 98 | eff(%): 14.381 | logz: -5.8e+05 +/- 1.2e-01 | dlogz: 462068.750 >  0.500
 loglike: -5.8e+05 | params: [-0.55399411 -1.76580968  6.16910907  2.06047486]
 Average call time: 5.86 sec | Current time: 2018-10-02 11:23:42.481770
 --------------------------
iter: 87 | batch: 0 | nc: 1 | ncalls: 99 | eff(%): 14.524 | logz: -5.8e+05 +/- 1.2e-01 | dlogz: 461980.571 >  0.500
 loglike: -5.8e+05 | params: [ 0.01942211 -1.79434292  6.20295237 15.51960121]
 Average call time: 5.74 sec | Current time: 2018-10-02 11:23:48.220611
 --------------------------
iter: 88 | batch: 0 | nc: 1 | ncalls: 100 | eff(%): 14.667 | logz: -5.8e+05 +/- 1.2e-01 | dlogz: 461321.585 >  0.500
 loglike: -5.8e+05 | params: [-0.41659414 -1.21936934  6.10746977 19.07285415]
 Average call time: 5.57 sec | Current time: 2018-10-02 11:23:53.787310
 --------------------------
iter: 89 | batch: 0 | nc: 2 | ncalls: 102 | eff(%): 14.784 | logz: -5.8e+05 +/- 1.2e-01 | dlogz: 460914.419 >  0.500
 loglike: -5.8e+05 | params: [ 0.25185401 -1.23568643  6.25858985 16.81537689]
 Average call time: 5.68 sec | Current time: 2018-10-02 11:24:05.146056
 --------------------------
iter: 90 | batch: 0 | nc: 1 | ncalls: 103 | eff(%): 14.925 | logz: -5.8e+05 +/- 1.2e-01 | dlogz: 460543.005 >  0.500
 loglike: -5.8e+05 | params: [ 0.30314024 -1.67148607  6.37021361  4.80693735]
 Average call time: 5.60 sec | Current time: 2018-10-02 11:24:10.744306
 --------------------------
iter: 91 | batch: 0 | nc: 1 | ncalls: 104 | eff(%): 15.066 | logz: -5.8e+05 +/- 1.2e-01 | dlogz: 460529.554 >  0.500
 loglike: -5.8e+05 | params: [-1.44422558 -1.42669867  6.02821555  8.46819742]
 Average call time: 4.87 sec | Current time: 2018-10-02 11:24:15.610780
 --------------------------
iter: 92 | batch: 0 | nc: 1 | ncalls: 105 | eff(%): 15.207 | logz: -5.8e+05 +/- 1.2e-01 | dlogz: 460082.014 >  0.500
 loglike: -5.8e+05 | params: [-0.99586244 -1.00753036  6.13937992  4.97660656]
 Average call time: 5.42 sec | Current time: 2018-10-02 11:24:21.029229
 --------------------------
iter: 93 | batch: 0 | nc: 1 | ncalls: 106 | eff(%): 15.347 | logz: -5.8e+05 +/- 1.2e-01 | dlogz: 459284.971 >  0.500
 loglike: -5.8e+05 | params: [ 0.22786023 -1.10122931  6.25183284 13.09210032]
 Average call time: 4.61 sec | Current time: 2018-10-02 11:24:25.638898
 --------------------------
iter: 94 | batch: 0 | nc: 1 | ncalls: 107 | eff(%): 15.486 | logz: -5.7e+05 +/- 1.2e-01 | dlogz: 458318.985 >  0.500
 loglike: -5.7e+05 | params: [ 0.17552438 -1.74635715  6.21504064 12.39079901]
 Average call time: 5.29 sec | Current time: 2018-10-02 11:24:30.924450
 --------------------------
iter: 95 | batch: 0 | nc: 1 | ncalls: 108 | eff(%): 15.625 | logz: -5.7e+05 +/- 1.2e-01 | dlogz: 457868.225 >  0.500
 loglike: -5.7e+05 | params: [-1.4792084  -1.3267781   5.94962398 16.63241492]
 Average call time: 5.30 sec | Current time: 2018-10-02 11:24:36.224289
 --------------------------
iter: 96 | batch: 0 | nc: 1 | ncalls: 109 | eff(%): 15.764 | logz: -5.7e+05 +/- 1.2e-01 | dlogz: 457071.667 >  0.500
 loglike: -5.7e+05 | params: [ 0.49726152 -1.67469018  6.25130417 12.26869318]
 Average call time: 5.21 sec | Current time: 2018-10-02 11:24:41.434332
 --------------------------
iter: 97 | batch: 0 | nc: 1 | ncalls: 110 | eff(%): 15.902 | logz: -5.7e+05 +/- 1.2e-01 | dlogz: 456983.193 >  0.500
 loglike: -5.7e+05 | params: [ 0.48876407 -1.43294452  6.30780803  1.91430672]
 Average call time: 5.33 sec | Current time: 2018-10-02 11:24:46.767500
 --------------------------
iter: 98 | batch: 0 | nc: 2 | ncalls: 112 | eff(%): 16.013 | logz: -5.7e+05 +/- 1.2e-01 | dlogz: 456372.072 >  0.500
 loglike: -5.7e+05 | params: [-1.45892965 -1.38244588  6.02277436  4.76002303]
 Average call time: 5.94 sec | Current time: 2018-10-02 11:24:58.639617
 --------------------------
iter: 99 | batch: 0 | nc: 1 | ncalls: 113 | eff(%): 16.150 | logz: -5.7e+05 +/- 1.2e-01 | dlogz: 455407.959 >  0.500
 loglike: -5.7e+05 | params: [-0.96441207 -1.9632744   6.02019789  6.74261119]
 Average call time: 5.45 sec | Current time: 2018-10-02 11:25:04.092418
 --------------------------
iter: 100 | batch: 0 | nc: 1 | ncalls: 114 | eff(%): 16.287 | logz: -5.7e+05 +/- 1.2e-01 | dlogz: 454550.975 >  0.500
 loglike: -5.7e+05 | params: [-0.28008782 -1.70991818  6.13403997  7.58273619]
 Average call time: 5.57 sec | Current time: 2018-10-02 11:25:09.663443
 --------------------------
iter: 101 | batch: 0 | nc: 1 | ncalls: 115 | eff(%): 16.423 | logz: -5.7e+05 +/- 1.2e-01 | dlogz: 454366.756 >  0.500
 loglike: -5.7e+05 | params: [ 0.08352882 -1.43345867  6.13708619 19.50118152]
 Average call time: 5.55 sec | Current time: 2018-10-02 11:25:15.210537
 --------------------------
iter: 102 | batch: 0 | nc: 1 | ncalls: 116 | eff(%): 16.558 | logz: -5.7e+05 +/- 1.2e-01 | dlogz: 454115.623 >  0.500
 loglike: -5.7e+05 | params: [-1.41680996 -1.68915244  5.91143456 15.93065195]
 Average call time: 4.63 sec | Current time: 2018-10-02 11:25:19.845161
 --------------------------
iter: 103 | batch: 0 | nc: 1 | ncalls: 117 | eff(%): 16.694 | logz: -5.7e+05 +/- 1.2e-01 | dlogz: 453565.888 >  0.500
 loglike: -5.7e+05 | params: [-0.59745384 -1.34912858  6.04652583  5.73096098]
 Average call time: 5.45 sec | Current time: 2018-10-02 11:25:25.294480
 --------------------------
iter: 104 | batch: 0 | nc: 1 | ncalls: 118 | eff(%): 16.828 | logz: -5.7e+05 +/- 1.2e-01 | dlogz: 449908.522 >  0.500
 loglike: -5.7e+05 | params: [-0.29133199 -1.89689556  6.01187091 18.91650939]
 Average call time: 5.27 sec | Current time: 2018-10-02 11:25:30.559686
 --------------------------
iter: 105 | batch: 0 | nc: 1 | ncalls: 119 | eff(%): 16.963 | logz: -5.7e+05 +/- 1.2e-01 | dlogz: 449765.646 >  0.500
 loglike: -5.7e+05 | params: [-0.7656046  -1.76755859  5.92525282 14.56143265]
 Average call time: 5.27 sec | Current time: 2018-10-02 11:25:35.826709
 --------------------------
iter: 106 | batch: 0 | nc: 1 | ncalls: 120 | eff(%): 17.097 | logz: -5.7e+05 +/- 1.2e-01 | dlogz: 448913.736 >  0.500
 loglike: -5.7e+05 | params: [-1.26772321 -1.80269752  5.89642728  9.17199039]
 Average call time: 4.69 sec | Current time: 2018-10-02 11:25:40.512763
 --------------------------
iter: 107 | batch: 0 | nc: 1 | ncalls: 121 | eff(%): 17.230 | logz: -5.7e+05 +/- 1.2e-01 | dlogz: 448890.806 >  0.500
 loglike: -5.7e+05 | params: [-0.98869343 -1.89168851  5.88090362 15.67131205]
 Average call time: 5.43 sec | Current time: 2018-10-02 11:25:45.944168
 --------------------------
iter: 108 | batch: 0 | nc: 2 | ncalls: 123 | eff(%): 17.335 | logz: -5.7e+05 +/- 1.2e-01 | dlogz: 448853.290 >  0.500
 loglike: -5.7e+05 | params: [-1.20411344 -1.98350733  5.91208311  7.04751999]
 Average call time: 5.80 sec | Current time: 2018-10-02 11:25:57.543930
 --------------------------
iter: 109 | batch: 0 | nc: 1 | ncalls: 124 | eff(%): 17.468 | logz: -5.6e+05 +/- 1.2e-01 | dlogz: 448139.194 >  0.500
 loglike: -5.6e+05 | params: [-0.38842722 -1.80241201  5.95300431  1.84363094]
 Average call time: 5.55 sec | Current time: 2018-10-02 11:26:03.090424
 --------------------------
iter: 110 | batch: 0 | nc: 1 | ncalls: 125 | eff(%): 17.600 | logz: -5.6e+05 +/- 1.2e-01 | dlogz: 446764.076 >  0.500
 loglike: -5.6e+05 | params: [-0.76876183 -1.1983974   5.91367796 14.05697205]
 Average call time: 5.89 sec | Current time: 2018-10-02 11:26:08.975717
 --------------------------
iter: 111 | batch: 0 | nc: 1 | ncalls: 126 | eff(%): 17.732 | logz: -5.6e+05 +/- 1.2e-01 | dlogz: 446006.538 >  0.500
 loglike: -5.6e+05 | params: [ 0.19062885 -1.46545334  6.16285177  3.8020763 ]
 Average call time: 5.49 sec | Current time: 2018-10-02 11:26:14.462685
 --------------------------
iter: 112 | batch: 0 | nc: 2 | ncalls: 128 | eff(%): 17.834 | logz: -5.6e+05 +/- 1.2e-01 | dlogz: 445674.653 >  0.500
 loglike: -5.6e+05 | params: [ 0.21622259 -1.18116954  6.19278414  3.84882762]
 Average call time: 5.39 sec | Current time: 2018-10-02 11:26:25.234581
 --------------------------
iter: 113 | batch: 0 | nc: 1 | ncalls: 129 | eff(%): 17.965 | logz: -5.6e+05 +/- 1.2e-01 | dlogz: 445621.314 >  0.500
 loglike: -5.6e+05 | params: [-0.21845087 -1.61226004  6.08263928  4.66346228]
 Average call time: 5.75 sec | Current time: 2018-10-02 11:26:30.985974
 --------------------------
iter: 114 | batch: 0 | nc: 1 | ncalls: 130 | eff(%): 18.095 | logz: -5.6e+05 +/- 1.2e-01 | dlogz: 445258.908 >  0.500
 loglike: -5.6e+05 | params: [ 0.0649291  -1.68269559  6.09156894 10.20034586]
 Average call time: 5.48 sec | Current time: 2018-10-02 11:26:36.469440
 --------------------------
iter: 115 | batch: 0 | nc: 1 | ncalls: 131 | eff(%): 18.225 | logz: -5.6e+05 +/- 1.2e-01 | dlogz: 445166.607 >  0.500
 loglike: -5.6e+05 | params: [-0.41441855 -1.50506511  6.00641484  6.22838933]
 Average call time: 5.08 sec | Current time: 2018-10-02 11:26:41.552018
 --------------------------
iter: 116 | batch: 0 | nc: 1 | ncalls: 132 | eff(%): 18.354 | logz: -5.6e+05 +/- 1.2e-01 | dlogz: 445030.818 >  0.500
 loglike: -5.6e+05 | params: [-0.74296632 -1.53891097  5.89270223 14.43681008]
 Average call time: 4.96 sec | Current time: 2018-10-02 11:26:46.509639
 --------------------------
iter: 117 | batch: 0 | nc: 1 | ncalls: 133 | eff(%): 18.483 | logz: -5.6e+05 +/- 1.2e-01 | dlogz: 444855.845 >  0.500
 loglike: -5.6e+05 | params: [-1.27196044 -1.43971896  5.84554425  8.76021982]
 Average call time: 5.00 sec | Current time: 2018-10-02 11:26:51.513307
 --------------------------
iter: 118 | batch: 0 | nc: 1 | ncalls: 134 | eff(%): 18.612 | logz: -5.6e+05 +/- 1.2e-01 | dlogz: 444292.075 >  0.500
 loglike: -5.6e+05 | params: [ 0.15681788 -1.10855807  6.07153393 19.2298698 ]
 Average call time: 5.65 sec | Current time: 2018-10-02 11:26:57.165933
 --------------------------
iter: 119 | batch: 0 | nc: 2 | ncalls: 136 | eff(%): 18.711 | logz: -5.6e+05 +/- 1.2e-01 | dlogz: 444152.747 >  0.500
 loglike: -5.6e+05 | params: [-0.60938847 -1.02639074  5.98888157  5.75409777]
 Average call time: 5.37 sec | Current time: 2018-10-02 11:27:07.905079
 --------------------------
iter: 120 | batch: 0 | nc: 1 | ncalls: 137 | eff(%): 18.838 | logz: -5.6e+05 +/- 1.2e-01 | dlogz: 443564.827 >  0.500
 loglike: -5.6e+05 | params: [-0.06538603 -1.12605004  6.0266252   2.06758436]
 Average call time: 5.42 sec | Current time: 2018-10-02 11:27:13.320851
 --------------------------
iter: 121 | batch: 0 | nc: 1 | ncalls: 138 | eff(%): 18.966 | logz: -5.6e+05 +/- 1.2e-01 | dlogz: 443310.962 >  0.500
 loglike: -5.6e+05 | params: [-0.76154362 -1.92313554  5.83828913 18.55289309]
 Average call time: 5.40 sec | Current time: 2018-10-02 11:27:18.723670
 --------------------------
iter: 122 | batch: 0 | nc: 1 | ncalls: 139 | eff(%): 19.092 | logz: -5.6e+05 +/- 1.2e-01 | dlogz: 442357.787 >  0.500
 loglike: -5.6e+05 | params: [-1.49539611 -1.47831229  5.79285563  8.87926122]
 Average call time: 4.66 sec | Current time: 2018-10-02 11:27:23.387510
 --------------------------
iter: 123 | batch: 0 | nc: 1 | ncalls: 140 | eff(%): 19.219 | logz: -5.6e+05 +/- 1.2e-01 | dlogz: 442010.128 >  0.500
 loglike: -5.6e+05 | params: [-1.28915118 -1.61062384  5.77323124 15.8175842 ]
 Average call time: 4.55 sec | Current time: 2018-10-02 11:27:27.933627
 --------------------------
iter: 124 | batch: 0 | nc: 1 | ncalls: 141 | eff(%): 19.345 | logz: -5.6e+05 +/- 1.2e-01 | dlogz: 441781.958 >  0.500
 loglike: -5.6e+05 | params: [-1.43055268 -1.84474042  5.78459737  7.43877028]
 Average call time: 4.56 sec | Current time: 2018-10-02 11:27:32.496644
 --------------------------
iter: 125 | batch: 0 | nc: 1 | ncalls: 142 | eff(%): 19.470 | logz: -5.6e+05 +/- 1.2e-01 | dlogz: 441244.327 >  0.500
 loglike: -5.6e+05 | params: [ 0.03437418 -1.20157409  5.98215634  1.90273388]
 Average call time: 5.41 sec | Current time: 2018-10-02 11:27:37.903474
 --------------------------
iter: 126 | batch: 0 | nc: 1 | ncalls: 143 | eff(%): 19.596 | logz: -5.6e+05 +/- 1.2e-01 | dlogz: 440879.127 >  0.500
 loglike: -5.6e+05 | params: [-0.49383367 -1.98623155  5.86413311 17.66455969]
 Average call time: 4.59 sec | Current time: 2018-10-02 11:27:42.494060
 --------------------------
iter: 127 | batch: 0 | nc: 1 | ncalls: 144 | eff(%): 19.720 | logz: -5.6e+05 +/- 1.2e-01 | dlogz: 440125.296 >  0.500
 loglike: -5.6e+05 | params: [-1.14139173 -1.25546794  5.83511976  3.21529431]
 Average call time: 5.50 sec | Current time: 2018-10-02 11:27:47.994219
 --------------------------
iter: 128 | batch: 0 | nc: 1 | ncalls: 145 | eff(%): 19.845 | logz: -5.6e+05 +/- 1.2e-01 | dlogz: 439892.070 >  0.500
 loglike: -5.6e+05 | params: [-1.14653252 -1.62936413  5.79792264  6.19305979]
 Average call time: 5.11 sec | Current time: 2018-10-02 11:27:53.099435
 --------------------------
iter: 129 | batch: 0 | nc: 1 | ncalls: 146 | eff(%): 19.969 | logz: -5.6e+05 +/- 1.2e-01 | dlogz: 438591.158 >  0.500
 loglike: -5.6e+05 | params: [-0.61777384 -1.47279541  5.89910306  5.10186885]
 Average call time: 5.43 sec | Current time: 2018-10-02 11:27:58.527305
 --------------------------
iter: 130 | batch: 0 | nc: 2 | ncalls: 148 | eff(%): 20.062 | logz: -5.6e+05 +/- 1.2e-01 | dlogz: 438438.360 >  0.500
 loglike: -5.6e+05 | params: [-0.88230071 -1.63232422  5.81653835  3.69090496]
 Average call time: 5.32 sec | Current time: 2018-10-02 11:28:09.165645
 --------------------------
iter: 131 | batch: 0 | nc: 1 | ncalls: 149 | eff(%): 20.185 | logz: -5.5e+05 +/- 1.2e-01 | dlogz: 438365.103 >  0.500
 loglike: -5.5e+05 | params: [-0.6250145  -1.02907468  5.86930482  2.72235179]
 Average call time: 5.61 sec | Current time: 2018-10-02 11:28:14.779329
 --------------------------
iter: 132 | batch: 0 | nc: 1 | ncalls: 150 | eff(%): 20.308 | logz: -5.5e+05 +/- 1.2e-01 | dlogz: 437918.875 >  0.500
 loglike: -5.5e+05 | params: [-0.23702596 -1.2054651   5.92859257  2.98504874]
 Average call time: 5.71 sec | Current time: 2018-10-02 11:28:20.487026
 --------------------------
iter: 133 | batch: 0 | nc: 1 | ncalls: 151 | eff(%): 20.430 | logz: -5.5e+05 +/- 1.2e-01 | dlogz: 437248.720 >  0.500
 loglike: -5.5e+05 | params: [ 0.03423326 -1.29188464  5.98433592 11.19944049]
 Average call time: 5.76 sec | Current time: 2018-10-02 11:28:26.247129
 --------------------------
iter: 134 | batch: 0 | nc: 2 | ncalls: 153 | eff(%): 20.521 | logz: -5.5e+05 +/- 1.2e-01 | dlogz: 435338.041 >  0.500
 loglike: -5.5e+05 | params: [-1.2521146  -1.8806191   5.69261528 11.78734231]
 Average call time: 5.32 sec | Current time: 2018-10-02 11:28:36.877738
 --------------------------
iter: 135 | batch: 0 | nc: 1 | ncalls: 154 | eff(%): 20.642 | logz: -5.5e+05 +/- 1.2e-01 | dlogz: 435125.809 >  0.500
 loglike: -5.5e+05 | params: [-0.8110648  -1.0585856   5.76656511 16.04403192]
 Average call time: 4.94 sec | Current time: 2018-10-02 11:28:41.817552
 --------------------------
iter: 136 | batch: 0 | nc: 2 | ncalls: 156 | eff(%): 20.732 | logz: -5.5e+05 +/- 1.2e-01 | dlogz: 434413.483 >  0.500
 loglike: -5.5e+05 | params: [-1.32696575 -1.24698617  5.7114465   6.37857654]
 Average call time: 5.61 sec | Current time: 2018-10-02 11:28:53.044765
 --------------------------
iter: 137 | batch: 0 | nc: 1 | ncalls: 157 | eff(%): 20.852 | logz: -5.5e+05 +/- 1.2e-01 | dlogz: 433565.092 >  0.500
 loglike: -5.5e+05 | params: [-0.45959908 -1.95804419  5.78736384 19.76816028]
 Average call time: 5.60 sec | Current time: 2018-10-02 11:28:58.648525
 --------------------------
iter: 138 | batch: 0 | nc: 2 | ncalls: 159 | eff(%): 20.941 | logz: -5.5e+05 +/- 1.2e-01 | dlogz: 433261.164 >  0.500
 loglike: -5.5e+05 | params: [ 0.46530208 -1.82368333  5.99988706  3.18975373]
 Average call time: 5.32 sec | Current time: 2018-10-02 11:29:09.291546
 --------------------------
iter: 139 | batch: 0 | nc: 1 | ncalls: 160 | eff(%): 21.061 | logz: -5.5e+05 +/- 1.2e-01 | dlogz: 432709.355 >  0.500
 loglike: -5.5e+05 | params: [-0.66756601 -1.1224175   5.80385463 11.00743638]
 Average call time: 4.63 sec | Current time: 2018-10-02 11:29:13.925004
 --------------------------
iter: 140 | batch: 0 | nc: 2 | ncalls: 162 | eff(%): 21.148 | logz: -5.5e+05 +/- 1.2e-01 | dlogz: 432504.948 >  0.500
 loglike: -5.5e+05 | params: [-1.33045231 -1.66699753  5.64214338  2.93446393]
 Average call time: 5.26 sec | Current time: 2018-10-02 11:29:24.436733
 --------------------------
iter: 141 | batch: 0 | nc: 1 | ncalls: 163 | eff(%): 21.267 | logz: -5.5e+05 +/- 1.2e-01 | dlogz: 431230.572 >  0.500
 loglike: -5.5e+05 | params: [ 0.27846017 -1.94773357  5.9159185   2.98894806]
 Average call time: 5.36 sec | Current time: 2018-10-02 11:29:29.799459
 --------------------------
iter: 142 | batch: 0 | nc: 1 | ncalls: 164 | eff(%): 21.386 | logz: -5.5e+05 +/- 1.2e-01 | dlogz: 430778.674 >  0.500
 loglike: -5.5e+05 | params: [-0.43076866 -1.68236044  5.76809318  3.66869757]
 Average call time: 4.65 sec | Current time: 2018-10-02 11:29:34.450683
 --------------------------
iter: 143 | batch: 0 | nc: 1 | ncalls: 165 | eff(%): 21.504 | logz: -5.5e+05 +/- 1.2e-01 | dlogz: 429982.434 >  0.500
 loglike: -5.5e+05 | params: [-0.08436072 -1.76520723  5.92637133  7.26309896]
 Average call time: 5.51 sec | Current time: 2018-10-02 11:29:39.956485
 --------------------------
iter: 144 | batch: 0 | nc: 2 | ncalls: 167 | eff(%): 21.589 | logz: -5.5e+05 +/- 1.2e-01 | dlogz: 429770.202 >  0.500
 loglike: -5.5e+05 | params: [-1.2449542  -1.88713528  5.65207226  4.86356315]
 Average call time: 5.82 sec | Current time: 2018-10-02 11:29:51.598168
 --------------------------
iter: 145 | batch: 0 | nc: 2 | ncalls: 169 | eff(%): 21.674 | logz: -5.5e+05 +/- 1.2e-01 | dlogz: 429648.368 >  0.500
 loglike: -5.5e+05 | params: [-1.05169704 -1.86134067  5.62619644 19.4783993 ]
 Average call time: 5.33 sec | Current time: 2018-10-02 11:30:02.264393
 --------------------------
iter: 146 | batch: 0 | nc: 2 | ncalls: 171 | eff(%): 21.759 | logz: -5.5e+05 +/- 1.2e-01 | dlogz: 429642.275 >  0.500
 loglike: -5.5e+05 | params: [ 0.40648178 -1.11461276  5.89642796  0.73298045]
 Average call time: 5.58 sec | Current time: 2018-10-02 11:30:13.427581
 --------------------------
iter: 147 | batch: 0 | nc: 1 | ncalls: 172 | eff(%): 21.875 | logz: -5.5e+05 +/- 1.2e-01 | dlogz: 429392.584 >  0.500
 loglike: -5.5e+05 | params: [-0.03882091 -1.01090358  5.8987388  19.59274081]
 Average call time: 5.56 sec | Current time: 2018-10-02 11:30:18.986832
 --------------------------
iter: 148 | batch: 0 | nc: 1 | ncalls: 173 | eff(%): 21.991 | logz: -5.4e+05 +/- 1.2e-01 | dlogz: 429072.967 >  0.500
 loglike: -5.4e+05 | params: [-0.78136988 -1.91199522  5.647838   17.63289357]
 Average call time: 5.45 sec | Current time: 2018-10-02 11:30:24.440772
 --------------------------
iter: 149 | batch: 0 | nc: 1 | ncalls: 174 | eff(%): 22.107 | logz: -5.4e+05 +/- 1.2e-01 | dlogz: 426865.654 >  0.500
 loglike: -5.4e+05 | params: [-0.04668308 -1.09991216  5.895819   12.02318013]
 Average call time: 5.79 sec | Current time: 2018-10-02 11:30:30.228504
 --------------------------
iter: 150 | batch: 0 | nc: 1 | ncalls: 175 | eff(%): 22.222 | logz: -5.4e+05 +/- 1.2e-01 | dlogz: 426742.289 >  0.500
 loglike: -5.4e+05 | params: [-1.37232632 -1.5732458   5.5302076  14.39125621]
 Average call time: 5.68 sec | Current time: 2018-10-02 11:30:35.908622
 --------------------------
iter: 151 | batch: 0 | nc: 1 | ncalls: 176 | eff(%): 22.337 | logz: -5.4e+05 +/- 1.2e-01 | dlogz: 425010.453 >  0.500
 loglike: -5.4e+05 | params: [-0.66627356 -1.84780749  5.55904201  2.18988003]
 Average call time: 5.37 sec | Current time: 2018-10-02 11:30:41.276001
 --------------------------
iter: 152 | batch: 0 | nc: 4 | ncalls: 180 | eff(%): 22.353 | logz: -5.4e+05 +/- 1.2e-01 | dlogz: 424975.249 >  0.500
 loglike: -5.4e+05 | params: [-1.33161973 -1.1740354   5.57383609  4.96666714]
 Average call time: 5.78 sec | Current time: 2018-10-02 11:31:04.393517
 --------------------------
iter: 153 | batch: 0 | nc: 1 | ncalls: 181 | eff(%): 22.467 | logz: -5.4e+05 +/- 1.2e-01 | dlogz: 424454.494 >  0.500
 loglike: -5.4e+05 | params: [ 0.2596646  -1.00299165  5.91859387 14.53136739]
 Average call time: 4.52 sec | Current time: 2018-10-02 11:31:08.914656
 --------------------------
iter: 154 | batch: 0 | nc: 1 | ncalls: 182 | eff(%): 22.581 | logz: -5.4e+05 +/- 1.2e-01 | dlogz: 424027.545 >  0.500
 loglike: -5.4e+05 | params: [-0.83549364 -1.43266562  5.49824232  1.92951594]
 Average call time: 4.65 sec | Current time: 2018-10-02 11:31:13.561772
 --------------------------
iter: 155 | batch: 0 | nc: 1 | ncalls: 183 | eff(%): 22.694 | logz: -5.4e+05 +/- 1.2e-01 | dlogz: 422614.411 >  0.500
 loglike: -5.4e+05 | params: [-1.36022757 -1.11215664  5.52950843  4.39485086]
 Average call time: 5.62 sec | Current time: 2018-10-02 11:31:19.182796
 --------------------------
iter: 156 | batch: 0 | nc: 1 | ncalls: 184 | eff(%): 22.807 | logz: -5.4e+05 +/- 1.2e-01 | dlogz: 421885.691 >  0.500
 loglike: -5.4e+05 | params: [-1.00440545 -1.95498336  5.52730813 16.71066473]
 Average call time: 5.54 sec | Current time: 2018-10-02 11:31:24.718704
 --------------------------
iter: 157 | batch: 0 | nc: 1 | ncalls: 185 | eff(%): 22.920 | logz: -5.4e+05 +/- 1.2e-01 | dlogz: 421775.863 >  0.500
 loglike: -5.4e+05 | params: [-1.37037808 -1.69480853  5.47044903 11.81626725]
 Average call time: 5.49 sec | Current time: 2018-10-02 11:31:30.205910
 --------------------------
iter: 158 | batch: 0 | nc: 1 | ncalls: 186 | eff(%): 23.032 | logz: -5.4e+05 +/- 1.2e-01 | dlogz: 421622.636 >  0.500
 loglike: -5.4e+05 | params: [ 0.23927598 -1.16777304  5.89281524 11.01381884]
 Average call time: 5.81 sec | Current time: 2018-10-02 11:31:36.019773
 --------------------------
iter: 159 | batch: 0 | nc: 1 | ncalls: 187 | eff(%): 23.144 | logz: -5.4e+05 +/- 1.2e-01 | dlogz: 421465.297 >  0.500
 loglike: -5.4e+05 | params: [-0.805441   -1.61649978  5.58307245  9.66693206]
 Average call time: 5.37 sec | Current time: 2018-10-02 11:31:41.387012
 --------------------------
iter: 160 | batch: 0 | nc: 1 | ncalls: 188 | eff(%): 23.256 | logz: -5.4e+05 +/- 1.2e-01 | dlogz: 421369.853 >  0.500
 loglike: -5.4e+05 | params: [-0.46137717 -1.76102905  5.64772445 19.92189701]
 Average call time: 5.40 sec | Current time: 2018-10-02 11:31:46.786359
 --------------------------
iter: 161 | batch: 0 | nc: 1 | ncalls: 189 | eff(%): 23.367 | logz: -5.4e+05 +/- 1.2e-01 | dlogz: 421152.053 >  0.500
 loglike: -5.4e+05 | params: [-1.31903226 -1.40069089  5.44082428  1.24650147]
 Average call time: 4.68 sec | Current time: 2018-10-02 11:31:51.465959
 --------------------------
iter: 162 | batch: 0 | nc: 1 | ncalls: 190 | eff(%): 23.478 | logz: -5.3e+05 +/- 1.2e-01 | dlogz: 420269.544 >  0.500
 loglike: -5.3e+05 | params: [-0.71941969 -1.37737624  5.58224056 10.06709886]
 Average call time: 4.74 sec | Current time: 2018-10-02 11:31:56.208374
 --------------------------
iter: 163 | batch: 0 | nc: 1 | ncalls: 191 | eff(%): 23.589 | logz: -5.3e+05 +/- 1.2e-01 | dlogz: 417899.385 >  0.500
 loglike: -5.3e+05 | params: [ 0.31634771 -1.40538291  5.8675066   6.94758989]
 Average call time: 5.32 sec | Current time: 2018-10-02 11:32:01.525234
 --------------------------
iter: 164 | batch: 0 | nc: 2 | ncalls: 193 | eff(%): 23.665 | logz: -5.3e+05 +/- 1.2e-01 | dlogz: 417880.417 >  0.500
 loglike: -5.3e+05 | params: [-1.29345431 -1.5146843   5.37328586  1.90880739]
 Average call time: 5.69 sec | Current time: 2018-10-02 11:32:12.905570
 --------------------------
iter: 165 | batch: 0 | nc: 2 | ncalls: 195 | eff(%): 23.741 | logz: -5.3e+05 +/- 1.2e-01 | dlogz: 417378.118 >  0.500
 loglike: -5.3e+05 | params: [-1.08933173 -1.11681777  5.47911781 14.24697114]
 Average call time: 5.64 sec | Current time: 2018-10-02 11:32:24.193051
 --------------------------
iter: 166 | batch: 0 | nc: 1 | ncalls: 196 | eff(%): 23.851 | logz: -5.3e+05 +/- 1.2e-01 | dlogz: 417090.784 >  0.500
 loglike: -5.3e+05 | params: [ 0.41789016 -1.61411613  5.66255051  2.65764143]
 Average call time: 4.92 sec | Current time: 2018-10-02 11:32:29.110689
 --------------------------
iter: 167 | batch: 0 | nc: 1 | ncalls: 197 | eff(%): 23.960 | logz: -5.3e+05 +/- 1.2e-01 | dlogz: 415772.921 >  0.500
 loglike: -5.3e+05 | params: [-0.34009435 -1.2726225   5.65201168  8.13951674]
 Average call time: 5.61 sec | Current time: 2018-10-02 11:32:34.719696
 --------------------------
iter: 168 | batch: 0 | nc: 1 | ncalls: 198 | eff(%): 24.069 | logz: -5.3e+05 +/- 1.2e-01 | dlogz: 415723.022 >  0.500
 loglike: -5.3e+05 | params: [-0.08800487 -1.85016628  5.73031705 16.63703915]
 Average call time: 5.37 sec | Current time: 2018-10-02 11:32:40.088641
 --------------------------
iter: 169 | batch: 0 | nc: 1 | ncalls: 199 | eff(%): 24.177 | logz: -5.3e+05 +/- 1.2e-01 | dlogz: 415613.298 >  0.500
 loglike: -5.3e+05 | params: [-1.22533499 -1.85801194  5.31883979  2.24600648]
 Average call time: 5.41 sec | Current time: 2018-10-02 11:32:45.496416
 --------------------------
iter: 170 | batch: 0 | nc: 1 | ncalls: 200 | eff(%): 24.286 | logz: -5.3e+05 +/- 1.2e-01 | dlogz: 414882.480 >  0.500
 loglike: -5.3e+05 | params: [-0.48684263 -1.70879984  5.35817753  0.60478304]
 Average call time: 5.40 sec | Current time: 2018-10-02 11:32:50.892899
 --------------------------
iter: 171 | batch: 0 | nc: 2 | ncalls: 202 | eff(%): 24.359 | logz: -5.3e+05 +/- 1.2e-01 | dlogz: 413899.372 >  0.500
 loglike: -5.3e+05 | params: [-0.13217429 -1.93880038  5.70268623 13.48467524]
 Average call time: 5.86 sec | Current time: 2018-10-02 11:33:02.619649
 --------------------------
iter: 172 | batch: 0 | nc: 1 | ncalls: 203 | eff(%): 24.467 | logz: -5.3e+05 +/- 1.2e-01 | dlogz: 413421.337 >  0.500
 loglike: -5.3e+05 | params: [-0.05116686 -1.2492317   5.49049701  2.35583959]
 Average call time: 5.54 sec | Current time: 2018-10-02 11:33:08.156671
 --------------------------
iter: 173 | batch: 0 | nc: 1 | ncalls: 204 | eff(%): 24.574 | logz: -5.3e+05 +/- 1.2e-01 | dlogz: 412840.020 >  0.500
 loglike: -5.3e+05 | params: [ 0.01843845 -1.07848435  5.69844889  4.23825741]
 Average call time: 5.42 sec | Current time: 2018-10-02 11:33:13.579503
 --------------------------
iter: 174 | batch: 0 | nc: 1 | ncalls: 205 | eff(%): 24.681 | logz: -5.3e+05 +/- 1.2e-01 | dlogz: 412662.233 >  0.500
 loglike: -5.3e+05 | params: [-1.38207373 -1.9208775   5.32119231 10.51456512]
 Average call time: 5.40 sec | Current time: 2018-10-02 11:33:18.984631
 --------------------------
iter: 175 | batch: 0 | nc: 2 | ncalls: 207 | eff(%): 24.752 | logz: -5.3e+05 +/- 1.2e-01 | dlogz: 412390.214 >  0.500
 loglike: -5.3e+05 | params: [-0.61209276 -1.07523266  5.3571718   1.72230962]
 Average call time: 5.70 sec | Current time: 2018-10-02 11:33:30.378759
 --------------------------
iter: 176 | batch: 0 | nc: 1 | ncalls: 208 | eff(%): 24.859 | logz: -5.3e+05 +/- 1.2e-01 | dlogz: 412166.549 >  0.500
 loglike: -5.3e+05 | params: [-0.01913845 -1.43570256  5.72928864  9.16225874]
 Average call time: 4.73 sec | Current time: 2018-10-02 11:33:35.108179
 --------------------------
iter: 177 | batch: 0 | nc: 1 | ncalls: 209 | eff(%): 24.965 | logz: -5.3e+05 +/- 1.2e-01 | dlogz: 411825.300 >  0.500
 loglike: -5.3e+05 | params: [-0.92669789 -1.50761479  5.40955094 10.24840014]
 Average call time: 5.45 sec | Current time: 2018-10-02 11:33:40.561947
 --------------------------
iter: 178 | batch: 0 | nc: 2 | ncalls: 211 | eff(%): 25.035 | logz: -5.3e+05 +/- 1.1e-01 | dlogz: 411822.536 >  0.500
 loglike: -5.3e+05 | params: [-1.09044905 -1.7712016   5.26665544  0.49047601]
 Average call time: 5.54 sec | Current time: 2018-10-02 11:33:51.642807
 --------------------------
iter: 179 | batch: 0 | nc: 1 | ncalls: 212 | eff(%): 25.140 | logz: -5.3e+05 +/- 1.2e-01 | dlogz: 411820.995 >  0.500
 loglike: -5.3e+05 | params: [-0.20828635 -1.56730946  5.6530021  14.00900072]
 Average call time: 5.45 sec | Current time: 2018-10-02 11:33:57.097301
 --------------------------
iter: 180 | batch: 0 | nc: 1 | ncalls: 213 | eff(%): 25.245 | logz: -5.3e+05 +/- 1.2e-01 | dlogz: 411453.859 >  0.500
 loglike: -5.3e+05 | params: [-0.44946633 -1.71385741  5.29323116  1.89697814]
 Average call time: 5.63 sec | Current time: 2018-10-02 11:34:02.727097
 --------------------------
iter: 181 | batch: 0 | nc: 1 | ncalls: 214 | eff(%): 25.350 | logz: -5.3e+05 +/- 1.2e-01 | dlogz: 410392.305 >  0.500
 loglike: -5.3e+05 | params: [-0.80519155 -1.87143     5.40648135  7.88653799]
 Average call time: 4.73 sec | Current time: 2018-10-02 11:34:07.455654
 --------------------------
iter: 182 | batch: 0 | nc: 2 | ncalls: 216 | eff(%): 25.419 | logz: -5.3e+05 +/- 1.2e-01 | dlogz: 409870.432 >  0.500
 loglike: -5.3e+05 | params: [ 0.22744536 -1.59450278  5.48253794  2.55752823]
 Average call time: 5.83 sec | Current time: 2018-10-02 11:34:19.121361
 --------------------------
iter: 183 | batch: 0 | nc: 1 | ncalls: 217 | eff(%): 25.523 | logz: -5.3e+05 +/- 1.2e-01 | dlogz: 409761.816 >  0.500
 loglike: -5.3e+05 | params: [ 0.47455978 -1.05051142  5.76078421 12.84126093]
 Average call time: 5.49 sec | Current time: 2018-10-02 11:34:24.613757
 --------------------------
iter: 184 | batch: 0 | nc: 1 | ncalls: 218 | eff(%): 25.627 | logz: -5.3e+05 +/- 1.2e-01 | dlogz: 409494.007 >  0.500
 loglike: -5.3e+05 | params: [-0.42516791 -1.07969558  5.5512451  10.77096358]
 Average call time: 5.39 sec | Current time: 2018-10-02 11:34:30.004554
 --------------------------
iter: 185 | batch: 0 | nc: 1 | ncalls: 219 | eff(%): 25.730 | logz: -5.3e+05 +/- 1.2e-01 | dlogz: 409328.858 >  0.500
 loglike: -5.3e+05 | params: [-0.92557362 -1.28289908  5.25366659  2.78379324]
 Average call time: 4.65 sec | Current time: 2018-10-02 11:34:34.655421
 --------------------------
iter: 186 | batch: 0 | nc: 1 | ncalls: 220 | eff(%): 25.833 | logz: -5.3e+05 +/- 1.2e-01 | dlogz: 408611.507 >  0.500
 loglike: -5.3e+05 | params: [-1.28874313 -1.42271708  5.27156193 19.3254858 ]
 Average call time: 5.64 sec | Current time: 2018-10-02 11:34:40.294585
 --------------------------
iter: 187 | batch: 0 | nc: 3 | ncalls: 223 | eff(%): 25.864 | logz: -5.2e+05 +/- 1.2e-01 | dlogz: 408292.576 >  0.500
 loglike: -5.2e+05 | params: [-0.64682398 -1.17225294  5.25288673  0.47576643]
 Average call time: 5.59 sec | Current time: 2018-10-02 11:34:57.074537
 --------------------------
iter: 188 | batch: 0 | nc: 1 | ncalls: 224 | eff(%): 25.967 | logz: -5.2e+05 +/- 1.2e-01 | dlogz: 407584.385 >  0.500
 loglike: -5.2e+05 | params: [-0.24593777 -1.45171519  5.58804111 10.62403961]
 Average call time: 4.62 sec | Current time: 2018-10-02 11:35:01.694009
 --------------------------
iter: 189 | batch: 0 | nc: 1 | ncalls: 225 | eff(%): 26.069 | logz: -5.2e+05 +/- 1.2e-01 | dlogz: 407225.617 >  0.500
 loglike: -5.2e+05 | params: [-1.39289703 -1.78679386  5.21239413 15.3468483 ]
 Average call time: 4.71 sec | Current time: 2018-10-02 11:35:06.401028
 --------------------------
iter: 190 | batch: 0 | nc: 1 | ncalls: 226 | eff(%): 26.171 | logz: -5.2e+05 +/- 1.2e-01 | dlogz: 406544.128 >  0.500
 loglike: -5.2e+05 | params: [ 0.48040812 -1.60600819  5.57006633  3.60049496]
 Average call time: 5.70 sec | Current time: 2018-10-02 11:35:12.098175
 --------------------------
iter: 191 | batch: 0 | nc: 1 | ncalls: 227 | eff(%): 26.272 | logz: -5.2e+05 +/- 1.2e-01 | dlogz: 406147.193 >  0.500
 loglike: -5.2e+05 | params: [-1.32502369 -1.74324308  5.20058706 11.43718701]
 Average call time: 5.58 sec | Current time: 2018-10-02 11:35:17.679596
 --------------------------
iter: 192 | batch: 0 | nc: 3 | ncalls: 230 | eff(%): 26.301 | logz: -5.2e+05 +/- 1.2e-01 | dlogz: 404981.720 >  0.500
 loglike: -5.2e+05 | params: [-0.23516051 -1.15573811  5.35510642  3.02285104]
 Average call time: 5.35 sec | Current time: 2018-10-02 11:35:33.730820
 --------------------------
iter: 193 | batch: 0 | nc: 1 | ncalls: 231 | eff(%): 26.402 | logz: -5.2e+05 +/- 1.2e-01 | dlogz: 404848.719 >  0.500
 loglike: -5.2e+05 | params: [-0.88519666 -1.70158037  5.29625929 11.94324068]
 Average call time: 4.60 sec | Current time: 2018-10-02 11:35:38.329579
 --------------------------
iter: 194 | batch: 0 | nc: 1 | ncalls: 232 | eff(%): 26.503 | logz: -5.2e+05 +/- 1.2e-01 | dlogz: 404520.480 >  0.500
 loglike: -5.2e+05 | params: [-0.54886685 -1.65558303  5.20440217  2.6114859 ]
 Average call time: 5.32 sec | Current time: 2018-10-02 11:35:43.653604
 --------------------------
iter: 195 | batch: 0 | nc: 1 | ncalls: 233 | eff(%): 26.603 | logz: -5.2e+05 +/- 1.2e-01 | dlogz: 404365.303 >  0.500
 loglike: -5.2e+05 | params: [-0.95885838 -1.77332604  5.24004579 10.9173447 ]
 Average call time: 4.59 sec | Current time: 2018-10-02 11:35:48.244196
 --------------------------
iter: 196 | batch: 0 | nc: 1 | ncalls: 234 | eff(%): 26.703 | logz: -5.2e+05 +/- 1.2e-01 | dlogz: 402367.411 >  0.500
 loglike: -5.2e+05 | params: [-0.71202688 -1.54336688  5.34387292  9.57004172]
 Average call time: 5.58 sec | Current time: 2018-10-02 11:35:53.825140
 --------------------------
iter: 197 | batch: 0 | nc: 1 | ncalls: 235 | eff(%): 26.803 | logz: -5.2e+05 +/- 1.2e-01 | dlogz: 402230.159 >  0.500
 loglike: -5.2e+05 | params: [-1.39239555 -1.13720383  5.14985192 17.40609772]
 Average call time: 5.39 sec | Current time: 2018-10-02 11:35:59.213784
 --------------------------
iter: 198 | batch: 0 | nc: 1 | ncalls: 236 | eff(%): 26.902 | logz: -5.2e+05 +/- 1.2e-01 | dlogz: 401859.452 >  0.500
 loglike: -5.2e+05 | params: [-1.3643513  -1.8983202   5.08348199  4.12110198]
 Average call time: 4.64 sec | Current time: 2018-10-02 11:36:03.857245
 --------------------------
iter: 199 | batch: 0 | nc: 1 | ncalls: 237 | eff(%): 27.001 | logz: -5.2e+05 +/- 1.2e-01 | dlogz: 401510.651 >  0.500
 loglike: -5.2e+05 | params: [-0.57421536 -1.15281333  5.39011797  7.42045964]
 Average call time: 4.74 sec | Current time: 2018-10-02 11:36:08.598323
 --------------------------
iter: 200 | batch: 0 | nc: 1 | ncalls: 238 | eff(%): 27.100 | logz: -5.2e+05 +/- 1.2e-01 | dlogz: 401392.930 >  0.500
 loglike: -5.2e+05 | params: [-1.13954446 -1.08893938  5.2233042  18.25817524]
 Average call time: 4.67 sec | Current time: 2018-10-02 11:36:13.265045
 --------------------------
iter: 201 | batch: 0 | nc: 1 | ncalls: 239 | eff(%): 27.199 | logz: -5.2e+05 +/- 1.2e-01 | dlogz: 401243.993 >  0.500
 loglike: -5.2e+05 | params: [-1.30770791 -1.18065763  5.14803252 15.694257  ]
 Average call time: 4.64 sec | Current time: 2018-10-02 11:36:17.907970
 --------------------------
iter: 202 | batch: 0 | nc: 2 | ncalls: 241 | eff(%): 27.260 | logz: -5.2e+05 +/- 1.2e-01 | dlogz: 400637.659 >  0.500
 loglike: -5.2e+05 | params: [-1.13649296 -1.22100764  5.19707605 11.08412253]
 Average call time: 5.76 sec | Current time: 2018-10-02 11:36:29.420707
 --------------------------
iter: 203 | batch: 0 | nc: 2 | ncalls: 243 | eff(%): 27.322 | logz: -5.2e+05 +/- 1.2e-01 | dlogz: 400395.752 >  0.500
 loglike: -5.2e+05 | params: [ 0.42890837 -1.98297417  5.38285383  2.89475533]
 Average call time: 5.23 sec | Current time: 2018-10-02 11:36:39.887791
 --------------------------
iter: 204 | batch: 0 | nc: 1 | ncalls: 244 | eff(%): 27.419 | logz: -5.2e+05 +/- 1.2e-01 | dlogz: 400354.898 >  0.500
 loglike: -5.2e+05 | params: [-0.8861715  -1.69126233  5.20095319  6.74825766]
 Average call time: 4.61 sec | Current time: 2018-10-02 11:36:44.498618
 --------------------------
iter: 205 | batch: 0 | nc: 2 | ncalls: 246 | eff(%): 27.480 | logz: -5.2e+05 +/- 1.2e-01 | dlogz: 400013.848 >  0.500
 loglike: -5.2e+05 | params: [ 0.08603227 -1.95049888  5.58170338 11.0701894 ]
 Average call time: 5.54 sec | Current time: 2018-10-02 11:36:55.585451
 --------------------------
iter: 206 | batch: 0 | nc: 1 | ncalls: 247 | eff(%): 27.577 | logz: -5.2e+05 +/- 1.2e-01 | dlogz: 399907.729 >  0.500
 loglike: -5.2e+05 | params: [-0.5924399  -1.60597709  5.35821707 11.12049182]
 Average call time: 4.53 sec | Current time: 2018-10-02 11:37:00.112903
 --------------------------
iter: 207 | batch: 0 | nc: 1 | ncalls: 248 | eff(%): 27.674 | logz: -5.2e+05 +/- 1.2e-01 | dlogz: 399812.449 >  0.500
 loglike: -5.2e+05 | params: [-0.09315461 -1.03932045  5.57465432  9.95475619]
 Average call time: 4.66 sec | Current time: 2018-10-02 11:37:04.776505
 --------------------------
iter: 208 | batch: 0 | nc: 1 | ncalls: 249 | eff(%): 27.770 | logz: -5.2e+05 +/- 1.2e-01 | dlogz: 399573.120 >  0.500
 loglike: -5.2e+05 | params: [ 0.03330744 -1.77829035  5.53378716  6.16063176]
 Average call time: 5.43 sec | Current time: 2018-10-02 11:37:10.202583
 --------------------------
iter: 209 | batch: 0 | nc: 2 | ncalls: 251 | eff(%): 27.830 | logz: -5.2e+05 +/- 1.2e-01 | dlogz: 399336.435 >  0.500
 loglike: -5.2e+05 | params: [-1.18184566 -1.56059611  5.14664993 18.50865618]
 Average call time: 4.93 sec | Current time: 2018-10-02 11:37:20.066961
 --------------------------
iter: 210 | batch: 0 | nc: 1 | ncalls: 252 | eff(%): 27.926 | logz: -5.2e+05 +/- 1.2e-01 | dlogz: 399088.792 >  0.500
 loglike: -5.2e+05 | params: [ 0.18581743 -1.9940353   5.22953925  2.38564618]
 Average call time: 5.64 sec | Current time: 2018-10-02 11:37:25.702718
 --------------------------
iter: 211 | batch: 0 | nc: 2 | ncalls: 254 | eff(%): 27.984 | logz: -5.2e+05 +/- 1.2e-01 | dlogz: 399004.079 >  0.500
 loglike: -5.2e+05 | params: [-1.49105785 -1.68521877  5.05227343 19.87847786]
 Average call time: 5.26 sec | Current time: 2018-10-02 11:37:36.219904
 --------------------------
iter: 212 | batch: 0 | nc: 2 | ncalls: 256 | eff(%): 28.042 | logz: -5.2e+05 +/- 1.2e-01 | dlogz: 398684.366 >  0.500
 loglike: -5.2e+05 | params: [-0.21772165 -1.97731208  5.47595149 17.70457078]
 Average call time: 5.66 sec | Current time: 2018-10-02 11:37:47.548719
 --------------------------
iter: 213 | batch: 0 | nc: 1 | ncalls: 257 | eff(%): 28.137 | logz: -5.2e+05 +/- 1.2e-01 | dlogz: 398559.215 >  0.500
 loglike: -5.2e+05 | params: [-1.14206067 -1.13798973  5.14638857  6.36956388]
 Average call time: 5.64 sec | Current time: 2018-10-02 11:37:53.188584
 --------------------------
iter: 214 | batch: 0 | nc: 1 | ncalls: 258 | eff(%): 28.232 | logz: -5.2e+05 +/- 1.2e-01 | dlogz: 398460.142 >  0.500
 loglike: -5.2e+05 | params: [-0.60517988 -1.8936148   5.32629889 10.09524021]
 Average call time: 5.41 sec | Current time: 2018-10-02 11:37:58.598111
 --------------------------
iter: 215 | batch: 0 | nc: 1 | ncalls: 259 | eff(%): 28.327 | logz: -5.2e+05 +/- 1.2e-01 | dlogz: 398417.290 >  0.500
 loglike: -5.2e+05 | params: [-1.03213581 -1.31704815  5.17185521 11.92039982]
 Average call time: 4.60 sec | Current time: 2018-10-02 11:38:03.196749
 --------------------------
iter: 216 | batch: 0 | nc: 1 | ncalls: 260 | eff(%): 28.421 | logz: -5.2e+05 +/- 1.2e-01 | dlogz: 398292.991 >  0.500
 loglike: -5.2e+05 | params: [ 0.34336446 -1.41809873  5.60556036 12.3817084 ]
 Average call time: 5.54 sec | Current time: 2018-10-02 11:38:08.741329
 --------------------------
iter: 217 | batch: 0 | nc: 2 | ncalls: 262 | eff(%): 28.478 | logz: -5.1e+05 +/- 1.2e-01 | dlogz: 398126.310 >  0.500
 loglike: -5.1e+05 | params: [-0.28664957 -1.17784021  5.13982533  2.44666884]
 Average call time: 5.92 sec | Current time: 2018-10-02 11:38:20.571756
 --------------------------
iter: 218 | batch: 0 | nc: 1 | ncalls: 263 | eff(%): 28.571 | logz: -5.1e+05 +/- 1.2e-01 | dlogz: 397616.042 >  0.500
 loglike: -5.1e+05 | params: [ 0.37797461 -1.80709859  5.56422012 13.9890021 ]
 Average call time: 5.37 sec | Current time: 2018-10-02 11:38:25.944003
 --------------------------
iter: 219 | batch: 0 | nc: 2 | ncalls: 265 | eff(%): 28.627 | logz: -5.1e+05 +/- 1.2e-01 | dlogz: 396562.670 >  0.500
 loglike: -5.1e+05 | params: [-1.24813793 -1.28090753  5.07747135  7.79569621]
 Average call time: 5.56 sec | Current time: 2018-10-02 11:38:37.071095
 --------------------------
iter: 220 | batch: 0 | nc: 1 | ncalls: 266 | eff(%): 28.721 | logz: -5.1e+05 +/- 1.2e-01 | dlogz: 396303.416 >  0.500
 loglike: -5.1e+05 | params: [ 0.10429528 -1.85623318  5.52130486 14.12116803]
 Average call time: 5.78 sec | Current time: 2018-10-02 11:38:42.847967
 --------------------------
iter: 221 | batch: 0 | nc: 1 | ncalls: 267 | eff(%): 28.814 | logz: -5.1e+05 +/- 1.2e-01 | dlogz: 394936.550 >  0.500
 loglike: -5.1e+05 | params: [-0.78602407 -1.18086655  5.20071395 14.32954461]
 Average call time: 5.44 sec | Current time: 2018-10-02 11:38:48.288933
 --------------------------
iter: 222 | batch: 0 | nc: 1 | ncalls: 268 | eff(%): 28.906 | logz: -5.1e+05 +/- 1.2e-01 | dlogz: 394685.841 >  0.500
 loglike: -5.1e+05 | params: [-1.10799066 -1.96127111  5.07930878 11.33616248]
 Average call time: 5.73 sec | Current time: 2018-10-02 11:38:54.016965
 --------------------------
iter: 223 | batch: 0 | nc: 1 | ncalls: 269 | eff(%): 28.999 | logz: -5.1e+05 +/- 1.2e-01 | dlogz: 394674.760 >  0.500
 loglike: -5.1e+05 | params: [-0.85975329 -1.4732729   5.14863283 17.64212528]
 Average call time: 5.57 sec | Current time: 2018-10-02 11:38:59.588599
 --------------------------
iter: 224 | batch: 0 | nc: 1 | ncalls: 270 | eff(%): 29.091 | logz: -5.1e+05 +/- 1.2e-01 | dlogz: 394570.917 >  0.500
 loglike: -5.1e+05 | params: [-0.61410864 -1.42050656  5.08780455  3.62463801]
 Average call time: 5.47 sec | Current time: 2018-10-02 11:39:05.061100
 --------------------------
iter: 225 | batch: 0 | nc: 2 | ncalls: 272 | eff(%): 29.145 | logz: -5.1e+05 +/- 1.2e-01 | dlogz: 394062.121 >  0.500
 loglike: -5.1e+05 | params: [ 0.01406913 -1.54574507  5.47063829  7.19887475]
 Average call time: 5.69 sec | Current time: 2018-10-02 11:39:16.442524
 --------------------------
iter: 226 | batch: 0 | nc: 1 | ncalls: 273 | eff(%): 29.237 | logz: -5.1e+05 +/- 1.2e-01 | dlogz: 393851.912 >  0.500
 loglike: -5.1e+05 | params: [-0.60011575 -1.3816736   5.23695256  7.89693843]
 Average call time: 5.46 sec | Current time: 2018-10-02 11:39:21.904719
 --------------------------
iter: 227 | batch: 0 | nc: 1 | ncalls: 274 | eff(%): 29.328 | logz: -5.1e+05 +/- 1.2e-01 | dlogz: 393421.466 >  0.500
 loglike: -5.1e+05 | params: [-1.1334673  -1.20258869  5.06183715 11.15750235]
 Average call time: 5.34 sec | Current time: 2018-10-02 11:39:27.248883
 --------------------------
iter: 228 | batch: 0 | nc: 1 | ncalls: 275 | eff(%): 29.419 | logz: -5.1e+05 +/- 1.2e-01 | dlogz: 392648.207 >  0.500
 loglike: -5.1e+05 | params: [-0.74287149 -1.18355009  5.19250657 18.63354419]
 Average call time: 5.36 sec | Current time: 2018-10-02 11:39:32.605763
 --------------------------
