GPU acceleration enabled
Loading Setup File: setup_files/m49_taufull.py
using given n: 0
Starting SourceModule Code
Past the SourceModule code
CUDAC Available
Running Nested Sampling
dynamic:  True
{'pool': None, 'bound': 'multi', 'method': 'unif', 'nprocs': 1, 'update_interval': 1, 'bootstrap': 0, 'enlarge': 1.1, 'first_update': {'min_eff': 30.0}}
{'nlive_init': 500, 'maxcall': 200000, 'dlogz_init': 0.5, 'maxbatch': 10, 'nlive_batch': 100, 'wt_kwargs': {'pfrac': 1.0}, 'maxcall_per_it': 1000, 'print_progress': True, 'save_bounds': False}
-initializing models
-Saving initial results dataframe
Dynamic Sampler Initialized
iter: 1 | batch: 0 | nc: 1 | ncalls: 1 | eff(%):  0.200 | logz: -6.5e+05 +/- 1.2e-01 | dlogz:    inf >  0.500
 loglike: -6.5e+05 | params: [-1.48477705 -1.10366202  6.98776474 16.13948067 30.15083967]
 Average call time: 2688.69 sec | Current time: 2018-10-02 11:15:00.103734
 --------------------------
iter: 2 | batch: 0 | nc: 1 | ncalls: 2 | eff(%):  0.398 | logz: -6.2e+05 +/- 1.2e-01 | dlogz: 433623.087 >  0.500
 loglike: -6.2e+05 | params: [-1.48130285 -1.09935138  6.88620715 11.18220411 30.42386922]
 Average call time: 5.64 sec | Current time: 2018-10-02 11:15:05.745043
 --------------------------
iter: 3 | batch: 0 | nc: 1 | ncalls: 3 | eff(%):  0.596 | logz: -6.2e+05 +/- 1.2e-01 | dlogz: 406058.212 >  0.500
 loglike: -6.2e+05 | params: [-0.68079092 -1.99428492  6.77007182 12.14452673 30.03273138]
 Average call time: 5.45 sec | Current time: 2018-10-02 11:15:11.194486
 --------------------------
iter: 4 | batch: 0 | nc: 1 | ncalls: 4 | eff(%):  0.794 | logz: -6.0e+05 +/- 1.2e-01 | dlogz: 399237.635 >  0.500
 loglike: -6.0e+05 | params: [ 0.34996076 -1.47086836  6.85592866 10.99032994 30.03218989]
 Average call time: 4.52 sec | Current time: 2018-10-02 11:15:15.714391
 --------------------------
iter: 5 | batch: 0 | nc: 1 | ncalls: 5 | eff(%):  0.990 | logz: -5.9e+05 +/- 1.2e-01 | dlogz: 381905.412 >  0.500
 loglike: -5.9e+05 | params: [-1.39225263 -1.54835159  6.91002371  2.56645974 30.59690449]
 Average call time: 4.90 sec | Current time: 2018-10-02 11:15:20.617997
 --------------------------
iter: 6 | batch: 0 | nc: 1 | ncalls: 6 | eff(%):  1.186 | logz: -5.9e+05 +/- 1.2e-01 | dlogz: 376969.383 >  0.500
 loglike: -5.9e+05 | params: [-1.10245621 -1.55604638  6.62383672 13.46154376 30.40761548]
 Average call time: 4.56 sec | Current time: 2018-10-02 11:15:25.176614
 --------------------------
iter: 7 | batch: 0 | nc: 1 | ncalls: 7 | eff(%):  1.381 | logz: -5.8e+05 +/- 1.2e-01 | dlogz: 370236.908 >  0.500
 loglike: -5.8e+05 | params: [ 0.33116772 -1.82228373  6.91051297 13.12224083 30.71008859]
 Average call time: 5.52 sec | Current time: 2018-10-02 11:15:30.693046
 --------------------------
iter: 8 | batch: 0 | nc: 1 | ncalls: 8 | eff(%):  1.575 | logz: -5.8e+05 +/- 1.2e-01 | dlogz: 363894.556 >  0.500
 loglike: -5.8e+05 | params: [-0.47655747 -1.15638356  6.96771826 12.65204793 31.42736665]
 Average call time: 5.37 sec | Current time: 2018-10-02 11:15:36.059240
 --------------------------
iter: 9 | batch: 0 | nc: 1 | ncalls: 9 | eff(%):  1.768 | logz: -5.8e+05 +/- 1.2e-01 | dlogz: 362853.110 >  0.500
 loglike: -5.8e+05 | params: [-0.28802332 -1.03520348  6.8379574  18.6075733  30.92339916]
 Average call time: 4.52 sec | Current time: 2018-10-02 11:15:40.581603
 --------------------------
iter: 10 | batch: 0 | nc: 1 | ncalls: 10 | eff(%):  1.961 | logz: -5.7e+05 +/- 1.2e-01 | dlogz: 358848.452 >  0.500
 loglike: -5.7e+05 | params: [-1.10964668 -1.94260855  6.57372274 16.63033482 30.79502139]
 Average call time: 5.36 sec | Current time: 2018-10-02 11:15:45.939351
 --------------------------
iter: 11 | batch: 0 | nc: 1 | ncalls: 11 | eff(%):  2.153 | logz: -5.6e+05 +/- 1.2e-01 | dlogz: 351812.383 >  0.500
 loglike: -5.6e+05 | params: [-0.36058422 -1.1106568   6.59070933  3.13246029 30.59492503]
 Average call time: 5.38 sec | Current time: 2018-10-02 11:15:51.316437
 --------------------------
iter: 12 | batch: 0 | nc: 1 | ncalls: 12 | eff(%):  2.344 | logz: -5.6e+05 +/- 1.2e-01 | dlogz: 342746.427 >  0.500
 loglike: -5.6e+05 | params: [-0.44654579 -1.37027343  6.40756917 12.85866954 30.11343958]
 Average call time: 5.27 sec | Current time: 2018-10-02 11:15:56.581940
 --------------------------
iter: 13 | batch: 0 | nc: 1 | ncalls: 13 | eff(%):  2.534 | logz: -5.6e+05 +/- 1.2e-01 | dlogz: 339411.337 >  0.500
 loglike: -5.6e+05 | params: [ 0.13136711 -1.02635584  6.60307041  2.06969233 30.59226759]
 Average call time: 4.56 sec | Current time: 2018-10-02 11:16:01.139811
 --------------------------
iter: 14 | batch: 0 | nc: 1 | ncalls: 14 | eff(%):  2.724 | logz: -5.5e+05 +/- 1.2e-01 | dlogz: 338624.652 >  0.500
 loglike: -5.5e+05 | params: [-1.18947199 -1.63900804  6.77537628  2.69015152 31.36423293]
 Average call time: 5.59 sec | Current time: 2018-10-02 11:16:06.733130
 --------------------------
iter: 15 | batch: 0 | nc: 1 | ncalls: 15 | eff(%):  2.913 | logz: -5.5e+05 +/- 1.2e-01 | dlogz: 337158.727 >  0.500
 loglike: -5.5e+05 | params: [-1.45645548 -1.55166223  6.46557404 15.54003635 31.24580658]
 Average call time: 5.20 sec | Current time: 2018-10-02 11:16:11.936855
 --------------------------
iter: 16 | batch: 0 | nc: 1 | ncalls: 16 | eff(%):  3.101 | logz: -5.5e+05 +/- 1.2e-01 | dlogz: 333279.049 >  0.500
 loglike: -5.5e+05 | params: [ 0.19212827 -1.81674433  6.56484596  2.16268006 30.63411906]
 Average call time: 6.24 sec | Current time: 2018-10-02 11:16:18.173982
 --------------------------
iter: 17 | batch: 0 | nc: 1 | ncalls: 17 | eff(%):  3.288 | logz: -5.5e+05 +/- 1.2e-01 | dlogz: 332665.249 >  0.500
 loglike: -5.5e+05 | params: [-1.42137708 -1.56822348  6.27137923  8.50433682 30.44224555]
 Average call time: 5.33 sec | Current time: 2018-10-02 11:16:23.506122
 --------------------------
iter: 18 | batch: 0 | nc: 1 | ncalls: 18 | eff(%):  3.475 | logz: -5.5e+05 +/- 1.2e-01 | dlogz: 331591.409 >  0.500
 loglike: -5.5e+05 | params: [-1.30374508 -1.56177271  6.73743116  0.92774089 31.55423779]
 Average call time: 5.91 sec | Current time: 2018-10-02 11:16:29.416470
 --------------------------
iter: 19 | batch: 0 | nc: 1 | ncalls: 19 | eff(%):  3.661 | logz: -5.5e+05 +/- 1.2e-01 | dlogz: 331150.952 >  0.500
 loglike: -5.5e+05 | params: [-0.65678375 -1.06783457  6.3381641   8.9589711  30.1459471 ]
 Average call time: 5.29 sec | Current time: 2018-10-02 11:16:34.707015
 --------------------------
iter: 20 | batch: 0 | nc: 1 | ncalls: 20 | eff(%):  3.846 | logz: -5.5e+05 +/- 1.2e-01 | dlogz: 329775.992 >  0.500
 loglike: -5.5e+05 | params: [-0.91318162 -1.94363618  6.67270389 13.01071295 31.72791247]
 Average call time: 5.35 sec | Current time: 2018-10-02 11:16:40.054909
 --------------------------
iter: 21 | batch: 0 | nc: 1 | ncalls: 21 | eff(%):  4.031 | logz: -5.4e+05 +/- 1.2e-01 | dlogz: 328918.698 >  0.500
 loglike: -5.4e+05 | params: [-0.90271865 -1.13839038  6.52903598 15.39480671 31.3061582 ]
 Average call time: 5.51 sec | Current time: 2018-10-02 11:16:45.563226
 --------------------------
iter: 22 | batch: 0 | nc: 1 | ncalls: 22 | eff(%):  4.215 | logz: -5.4e+05 +/- 1.2e-01 | dlogz: 327434.583 >  0.500
 loglike: -5.4e+05 | params: [-1.11313133 -1.2599519   6.78364937 10.36629014 32.15022614]
 Average call time: 5.94 sec | Current time: 2018-10-02 11:16:51.507207
 --------------------------
iter: 23 | batch: 0 | nc: 1 | ncalls: 23 | eff(%):  4.398 | logz: -5.4e+05 +/- 1.2e-01 | dlogz: 324748.364 >  0.500
 loglike: -5.4e+05 | params: [-1.48236945 -1.38029686  6.56185004  4.33066056 31.61075498]
 Average call time: 6.25 sec | Current time: 2018-10-02 11:16:57.758808
 --------------------------
iter: 24 | batch: 0 | nc: 1 | ncalls: 24 | eff(%):  4.580 | logz: -5.4e+05 +/- 1.2e-01 | dlogz: 321326.305 >  0.500
 loglike: -5.4e+05 | params: [ 0.06126132 -1.17850605  6.76704878 12.23812622 31.45040911]
 Average call time: 5.39 sec | Current time: 2018-10-02 11:17:03.149152
 --------------------------
iter: 25 | batch: 0 | nc: 1 | ncalls: 25 | eff(%):  4.762 | logz: -5.4e+05 +/- 1.2e-01 | dlogz: 319812.746 >  0.500
 loglike: -5.4e+05 | params: [-0.75315259 -1.98759302  6.60951669 17.4781938  31.75873411]
 Average call time: 5.36 sec | Current time: 2018-10-02 11:17:08.510850
 --------------------------
iter: 26 | batch: 0 | nc: 1 | ncalls: 26 | eff(%):  4.943 | logz: -5.4e+05 +/- 1.2e-01 | dlogz: 319791.011 >  0.500
 loglike: -5.4e+05 | params: [ 0.12070647 -1.03589879  6.78857032 11.86419355 31.5575166 ]
 Average call time: 5.45 sec | Current time: 2018-10-02 11:17:13.958393
 --------------------------
iter: 27 | batch: 0 | nc: 1 | ncalls: 27 | eff(%):  5.123 | logz: -5.4e+05 +/- 1.2e-01 | dlogz: 319152.647 >  0.500
 loglike: -5.4e+05 | params: [-0.64756943 -1.47798857  6.73372181 10.34488015 31.87616344]
 Average call time: 4.80 sec | Current time: 2018-10-02 11:17:18.755285
 --------------------------
iter: 28 | batch: 0 | nc: 1 | ncalls: 28 | eff(%):  5.303 | logz: -5.3e+05 +/- 1.2e-01 | dlogz: 319102.246 >  0.500
 loglike: -5.3e+05 | params: [-1.4720317  -1.39102286  6.9428319   4.55972977 32.93608859]
 Average call time: 5.35 sec | Current time: 2018-10-02 11:17:24.109663
 --------------------------
iter: 29 | batch: 0 | nc: 1 | ncalls: 29 | eff(%):  5.482 | logz: -5.3e+05 +/- 1.2e-01 | dlogz: 315478.128 >  0.500
 loglike: -5.3e+05 | params: [-1.06954061 -1.98159901  6.31492867  2.31298055 31.26034389]
 Average call time: 5.06 sec | Current time: 2018-10-02 11:17:29.167517
 --------------------------
iter: 30 | batch: 0 | nc: 1 | ncalls: 30 | eff(%):  5.660 | logz: -5.3e+05 +/- 1.2e-01 | dlogz: 313003.223 >  0.500
 loglike: -5.3e+05 | params: [-0.46072911 -1.79220899  6.37548903  4.56061443 30.69329663]
 Average call time: 5.37 sec | Current time: 2018-10-02 11:17:34.535581
 --------------------------
iter: 31 | batch: 0 | nc: 2 | ncalls: 32 | eff(%):  5.827 | logz: -5.3e+05 +/- 1.2e-01 | dlogz: 311670.156 >  0.500
 loglike: -5.3e+05 | params: [-1.48320201 -1.52845105  6.26211055 18.471276   31.15718067]
 Average call time: 5.71 sec | Current time: 2018-10-02 11:17:45.961447
 --------------------------
iter: 32 | batch: 0 | nc: 1 | ncalls: 33 | eff(%):  6.004 | logz: -5.3e+05 +/- 1.2e-01 | dlogz: 311514.209 >  0.500
 loglike: -5.3e+05 | params: [-0.85361037 -1.4095182   6.26949284  5.81254226 30.86533613]
 Average call time: 5.85 sec | Current time: 2018-10-02 11:17:51.812924
 --------------------------
iter: 33 | batch: 0 | nc: 1 | ncalls: 34 | eff(%):  6.180 | logz: -5.3e+05 +/- 1.2e-01 | dlogz: 309249.784 >  0.500
 loglike: -5.3e+05 | params: [-1.39572732 -1.90727068  6.43494815  3.44620425 31.81443306]
 Average call time: 5.49 sec | Current time: 2018-10-02 11:17:57.304176
 --------------------------
iter: 34 | batch: 0 | nc: 1 | ncalls: 35 | eff(%):  6.355 | logz: -5.2e+05 +/- 1.2e-01 | dlogz: 308980.174 >  0.500
 loglike: -5.2e+05 | params: [-1.23644706 -1.07282014  6.1389829   7.91536014 30.70285323]
 Average call time: 4.55 sec | Current time: 2018-10-02 11:18:01.857326
 --------------------------
iter: 35 | batch: 0 | nc: 1 | ncalls: 36 | eff(%):  6.530 | logz: -5.2e+05 +/- 1.2e-01 | dlogz: 307472.661 >  0.500
 loglike: -5.2e+05 | params: [ 0.44811162 -1.24578438  6.58338728  0.85028654 31.42924424]
 Average call time: 4.61 sec | Current time: 2018-10-02 11:18:06.470066
 --------------------------
iter: 36 | batch: 0 | nc: 1 | ncalls: 37 | eff(%):  6.704 | logz: -5.2e+05 +/- 1.2e-01 | dlogz: 305335.366 >  0.500
 loglike: -5.2e+05 | params: [-1.34768962 -1.47843246  6.92033166  8.54235794 33.17912981]
 Average call time: 5.61 sec | Current time: 2018-10-02 11:18:12.081454
 --------------------------
iter: 37 | batch: 0 | nc: 1 | ncalls: 38 | eff(%):  6.877 | logz: -5.2e+05 +/- 1.2e-01 | dlogz: 305048.795 >  0.500
 loglike: -5.2e+05 | params: [-0.83998522 -1.39332478  6.11079894 12.5965048  30.58961529]
 Average call time: 5.48 sec | Current time: 2018-10-02 11:18:17.558316
 --------------------------
iter: 38 | batch: 0 | nc: 1 | ncalls: 39 | eff(%):  7.050 | logz: -5.2e+05 +/- 1.2e-01 | dlogz: 302016.513 >  0.500
 loglike: -5.2e+05 | params: [-0.3546815  -1.8793378   6.99981862 19.94786891 33.47356071]
 Average call time: 5.44 sec | Current time: 2018-10-02 11:18:22.994437
 --------------------------
iter: 39 | batch: 0 | nc: 1 | ncalls: 40 | eff(%):  7.222 | logz: -5.2e+05 +/- 1.2e-01 | dlogz: 300248.891 >  0.500
 loglike: -5.2e+05 | params: [ 0.11143158 -1.51572588  6.38337524  3.12921262 31.09858169]
 Average call time: 5.91 sec | Current time: 2018-10-02 11:18:28.902495
 --------------------------
iter: 40 | batch: 0 | nc: 1 | ncalls: 41 | eff(%):  7.394 | logz: -5.1e+05 +/- 1.2e-01 | dlogz: 299752.112 >  0.500
 loglike: -5.1e+05 | params: [-0.91349689 -1.46988317  6.3316276  17.38879655 31.78251651]
 Average call time: 5.36 sec | Current time: 2018-10-02 11:18:34.263390
 --------------------------
iter: 41 | batch: 0 | nc: 1 | ncalls: 42 | eff(%):  7.565 | logz: -5.1e+05 +/- 1.2e-01 | dlogz: 294286.786 >  0.500
 loglike: -5.1e+05 | params: [-1.37199356 -1.49410305  6.66713356  3.06434217 32.84739397]
 Average call time: 5.44 sec | Current time: 2018-10-02 11:18:39.702745
 --------------------------
iter: 42 | batch: 0 | nc: 1 | ncalls: 43 | eff(%):  7.735 | logz: -5.1e+05 +/- 1.2e-01 | dlogz: 292580.484 >  0.500
 loglike: -5.1e+05 | params: [-0.65426806 -1.06651391  6.96985497 11.00199289 33.65117286]
 Average call time: 4.89 sec | Current time: 2018-10-02 11:18:44.591824
 --------------------------
iter: 43 | batch: 0 | nc: 1 | ncalls: 44 | eff(%):  7.904 | logz: -5.1e+05 +/- 1.2e-01 | dlogz: 291925.645 >  0.500
 loglike: -5.1e+05 | params: [-1.48131279 -1.33875291  5.88068888 18.53968991 30.54708109]
 Average call time: 5.35 sec | Current time: 2018-10-02 11:18:49.939772
 --------------------------
iter: 44 | batch: 0 | nc: 1 | ncalls: 45 | eff(%):  8.073 | logz: -5.1e+05 +/- 1.2e-01 | dlogz: 291773.048 >  0.500
 loglike: -5.1e+05 | params: [-0.97670781 -1.10663812  6.11225403  5.30684822 31.03441955]
 Average call time: 4.58 sec | Current time: 2018-10-02 11:18:54.523578
 --------------------------
iter: 45 | batch: 0 | nc: 2 | ncalls: 47 | eff(%):  8.227 | logz: -5.1e+05 +/- 1.2e-01 | dlogz: 291238.662 >  0.500
 loglike: -5.1e+05 | params: [-1.28219444 -1.53758051  6.43175916  9.35315722 32.33107636]
 Average call time: 5.84 sec | Current time: 2018-10-02 11:19:06.198001
 --------------------------
iter: 46 | batch: 0 | nc: 1 | ncalls: 48 | eff(%):  8.394 | logz: -5.1e+05 +/- 1.2e-01 | dlogz: 290414.507 >  0.500
 loglike: -5.1e+05 | params: [-1.42652353 -1.06485804  6.96069623 11.04763664 34.08459812]
 Average call time: 5.40 sec | Current time: 2018-10-02 11:19:11.599575
 --------------------------
iter: 47 | batch: 0 | nc: 1 | ncalls: 49 | eff(%):  8.561 | logz: -5.0e+05 +/- 1.2e-01 | dlogz: 289270.156 >  0.500
 loglike: -5.0e+05 | params: [-0.53389425 -1.87466839  6.82227092  0.43881404 33.38285383]
 Average call time: 5.81 sec | Current time: 2018-10-02 11:19:17.407978
 --------------------------
iter: 48 | batch: 0 | nc: 1 | ncalls: 50 | eff(%):  8.727 | logz: -5.0e+05 +/- 1.2e-01 | dlogz: 286424.513 >  0.500
 loglike: -5.0e+05 | params: [-0.58922023 -1.844337    6.9797642  17.80485262 34.018747  ]
 Average call time: 6.02 sec | Current time: 2018-10-02 11:19:23.426510
 --------------------------
iter: 49 | batch: 0 | nc: 2 | ncalls: 52 | eff(%):  8.877 | logz: -5.0e+05 +/- 1.2e-01 | dlogz: 286104.465 >  0.500
 loglike: -5.0e+05 | params: [-0.15434357 -1.91252839  6.4348297  15.67104456 31.58652206]
 Average call time: 5.71 sec | Current time: 2018-10-02 11:19:34.837464
 --------------------------
iter: 50 | batch: 0 | nc: 1 | ncalls: 53 | eff(%):  9.042 | logz: -5.0e+05 +/- 1.2e-01 | dlogz: 285879.662 >  0.500
 loglike: -5.0e+05 | params: [-0.71995769 -1.73287795  6.0108321  18.00275428 30.50793928]
 Average call time: 5.29 sec | Current time: 2018-10-02 11:19:40.124425
 --------------------------
iter: 51 | batch: 0 | nc: 1 | ncalls: 54 | eff(%):  9.206 | logz: -5.0e+05 +/- 1.2e-01 | dlogz: 285799.364 >  0.500
 loglike: -5.0e+05 | params: [-0.38566397 -1.54473079  6.72298202 14.96649115 32.96378039]
 Average call time: 5.76 sec | Current time: 2018-10-02 11:19:45.882089
 --------------------------
iter: 52 | batch: 0 | nc: 1 | ncalls: 55 | eff(%):  9.369 | logz: -5.0e+05 +/- 1.2e-01 | dlogz: 285465.018 >  0.500
 loglike: -5.0e+05 | params: [-0.639078   -1.15748074  6.13176534  7.9409354  30.83356303]
 Average call time: 5.39 sec | Current time: 2018-10-02 11:19:51.267500
 --------------------------
iter: 53 | batch: 0 | nc: 1 | ncalls: 56 | eff(%):  9.532 | logz: -5.0e+05 +/- 1.2e-01 | dlogz: 285260.100 >  0.500
 loglike: -5.0e+05 | params: [ 0.19204938 -1.52667012  6.51277513  4.59731097 31.52076869]
 Average call time: 5.68 sec | Current time: 2018-10-02 11:19:56.942476
 --------------------------
iter: 54 | batch: 0 | nc: 1 | ncalls: 57 | eff(%):  9.695 | logz: -5.0e+05 +/- 1.2e-01 | dlogz: 285143.247 >  0.500
 loglike: -5.0e+05 | params: [-0.88230071 -1.63232422  5.81653835  3.69090496 30.68871428]
 Average call time: 4.82 sec | Current time: 2018-10-02 11:20:01.766195
 --------------------------
iter: 55 | batch: 0 | nc: 1 | ncalls: 58 | eff(%):  9.857 | logz: -5.0e+05 +/- 1.2e-01 | dlogz: 284889.413 >  0.500
 loglike: -5.0e+05 | params: [-0.6672885  -1.3721227   6.53684164  1.4815125  32.75201572]
 Average call time: 5.17 sec | Current time: 2018-10-02 11:20:06.933613
 --------------------------
iter: 56 | batch: 0 | nc: 1 | ncalls: 59 | eff(%): 10.018 | logz: -5.0e+05 +/- 1.2e-01 | dlogz: 283424.742 >  0.500
 loglike: -5.0e+05 | params: [-1.44403143 -1.13640872  6.9931538   6.5736655  34.25130417]
 Average call time: 5.35 sec | Current time: 2018-10-02 11:20:12.283843
 --------------------------
iter: 57 | batch: 0 | nc: 1 | ncalls: 60 | eff(%): 10.179 | logz: -5.0e+05 +/- 1.2e-01 | dlogz: 282780.603 >  0.500
 loglike: -5.0e+05 | params: [ 0.46091856 -1.85558164  6.51606541 14.9437087  31.74229517]
 Average call time: 5.36 sec | Current time: 2018-10-02 11:20:17.647182
 --------------------------
iter: 58 | batch: 0 | nc: 2 | ncalls: 62 | eff(%): 10.320 | logz: -5.0e+05 +/- 1.2e-01 | dlogz: 282729.895 >  0.500
 loglike: -5.0e+05 | params: [ 0.06483325 -1.65087839  5.74838923  1.19357251 30.39099112]
 Average call time: 5.43 sec | Current time: 2018-10-02 11:20:28.508473
 --------------------------
iter: 59 | batch: 0 | nc: 1 | ncalls: 63 | eff(%): 10.480 | logz: -5.0e+05 +/- 1.2e-01 | dlogz: 281989.492 >  0.500
 loglike: -5.0e+05 | params: [-1.44169691 -1.11932711  6.55833938  1.900629   32.99654556]
 Average call time: 5.63 sec | Current time: 2018-10-02 11:20:34.139491
 --------------------------
iter: 60 | batch: 0 | nc: 1 | ncalls: 64 | eff(%): 10.638 | logz: -5.0e+05 +/- 1.2e-01 | dlogz: 279710.015 >  0.500
 loglike: -5.0e+05 | params: [-1.45473505 -1.78717811  5.63123352 13.49704141 30.19198184]
 Average call time: 5.45 sec | Current time: 2018-10-02 11:20:39.588686
 --------------------------
iter: 61 | batch: 0 | nc: 2 | ncalls: 66 | eff(%): 10.777 | logz: -5.0e+05 +/- 1.2e-01 | dlogz: 279594.358 >  0.500
 loglike: -5.0e+05 | params: [-0.42935303 -1.3899995   6.2571182   8.25816428 31.30698513]
 Average call time: 6.12 sec | Current time: 2018-10-02 11:20:51.826507
 --------------------------
iter: 62 | batch: 0 | nc: 1 | ncalls: 67 | eff(%): 10.935 | logz: -5.0e+05 +/- 1.2e-01 | dlogz: 279145.309 >  0.500
 loglike: -5.0e+05 | params: [-0.41441855 -1.50506511  6.00641484  6.22838933 30.57009889]
 Average call time: 5.71 sec | Current time: 2018-10-02 11:20:57.535288
 --------------------------
iter: 63 | batch: 0 | nc: 1 | ncalls: 68 | eff(%): 11.092 | logz: -4.9e+05 +/- 1.2e-01 | dlogz: 278298.275 >  0.500
 loglike: -4.9e+05 | params: [-1.1687496  -1.45522533  6.42185449 14.26493169 32.78185202]
 Average call time: 6.01 sec | Current time: 2018-10-02 11:21:03.548225
 --------------------------
iter: 64 | batch: 0 | nc: 1 | ncalls: 69 | eff(%): 11.248 | logz: -4.9e+05 +/- 1.2e-01 | dlogz: 276534.679 >  0.500
 loglike: -4.9e+05 | params: [-0.98666914 -1.30029674  6.50784448 19.67547727 33.20456406]
 Average call time: 5.26 sec | Current time: 2018-10-02 11:21:08.809123
 --------------------------
iter: 65 | batch: 0 | nc: 1 | ncalls: 70 | eff(%): 11.404 | logz: -4.9e+05 +/- 1.2e-01 | dlogz: 275974.080 >  0.500
 loglike: -4.9e+05 | params: [-0.73056822 -1.86311231  6.77014977  5.6225386  33.64238843]
 Average call time: 5.41 sec | Current time: 2018-10-02 11:21:14.219437
 --------------------------
iter: 66 | batch: 0 | nc: 2 | ncalls: 72 | eff(%): 11.538 | logz: -4.9e+05 +/- 1.2e-01 | dlogz: 275863.882 >  0.500
 loglike: -4.9e+05 | params: [-0.03345781 -1.93447943  6.07755641 17.20948554 30.15805266]
 Average call time: 5.94 sec | Current time: 2018-10-02 11:21:26.093404
 --------------------------
iter: 67 | batch: 0 | nc: 1 | ncalls: 73 | eff(%): 11.693 | logz: -4.9e+05 +/- 1.2e-01 | dlogz: 273567.502 >  0.500
 loglike: -4.9e+05 | params: [-0.38133652 -1.67109514  6.16302241  4.97881393 31.44011193]
 Average call time: 5.68 sec | Current time: 2018-10-02 11:21:31.777172
 --------------------------
iter: 68 | batch: 0 | nc: 1 | ncalls: 74 | eff(%): 11.847 | logz: -4.9e+05 +/- 1.2e-01 | dlogz: 272865.684 >  0.500
 loglike: -4.9e+05 | params: [-0.76695848 -1.93422121  5.9390444  10.29652239 30.88419252]
 Average call time: 5.60 sec | Current time: 2018-10-02 11:21:37.379410
 --------------------------
iter: 69 | batch: 0 | nc: 2 | ncalls: 76 | eff(%): 11.979 | logz: -4.9e+05 +/- 1.2e-01 | dlogz: 272667.540 >  0.500
 loglike: -4.9e+05 | params: [-1.02025187 -1.87247164  6.47800993 18.21052183 33.1443961 ]
 Average call time: 5.78 sec | Current time: 2018-10-02 11:21:48.938883
 --------------------------
iter: 70 | batch: 0 | nc: 1 | ncalls: 77 | eff(%): 12.132 | logz: -4.9e+05 +/- 1.2e-01 | dlogz: 272616.022 >  0.500
 loglike: -4.9e+05 | params: [ 0.32424577 -1.20947587  6.96040733 19.18015507 33.95982068]
 Average call time: 5.77 sec | Current time: 2018-10-02 11:21:54.712052
 --------------------------
iter: 71 | batch: 0 | nc: 1 | ncalls: 78 | eff(%): 12.284 | logz: -4.9e+05 +/- 1.2e-01 | dlogz: 272144.788 >  0.500
 loglike: -4.9e+05 | params: [-1.20033257 -1.25393659  6.15503496 12.7111428  32.19154941]
 Average call time: 5.38 sec | Current time: 2018-10-02 11:22:00.091312
 --------------------------
iter: 72 | batch: 0 | nc: 1 | ncalls: 79 | eff(%): 12.435 | logz: -4.9e+05 +/- 1.2e-01 | dlogz: 271097.614 >  0.500
 loglike: -4.9e+05 | params: [-1.49220671 -1.81570706  6.63983048 13.76135565 34.07397118]
 Average call time: 5.59 sec | Current time: 2018-10-02 11:22:05.685197
 --------------------------
iter: 73 | batch: 0 | nc: 1 | ncalls: 80 | eff(%): 12.586 | logz: -4.9e+05 +/- 1.2e-01 | dlogz: 270943.987 >  0.500
 loglike: -4.9e+05 | params: [-0.75224031 -1.59848921  6.62549707  4.97269095 33.3200634 ]
 Average call time: 4.81 sec | Current time: 2018-10-02 11:22:10.490202
 --------------------------
iter: 74 | batch: 0 | nc: 1 | ncalls: 81 | eff(%): 12.737 | logz: -4.9e+05 +/- 1.2e-01 | dlogz: 270874.302 >  0.500
 loglike: -4.9e+05 | params: [-1.33459564 -1.86417144  6.56353345 17.45136174 33.91832129]
 Average call time: 5.50 sec | Current time: 2018-10-02 11:22:15.991338
 --------------------------
iter: 75 | batch: 0 | nc: 1 | ncalls: 82 | eff(%): 12.887 | logz: -4.9e+05 +/- 1.2e-01 | dlogz: 270020.446 >  0.500
 loglike: -4.9e+05 | params: [-0.75220306 -1.583783    6.3879125  15.23934141 32.7405619 ]
 Average call time: 5.26 sec | Current time: 2018-10-02 11:22:21.254714
 --------------------------
iter: 76 | batch: 0 | nc: 1 | ncalls: 83 | eff(%): 13.036 | logz: -4.9e+05 +/- 1.2e-01 | dlogz: 269959.723 >  0.500
 loglike: -4.9e+05 | params: [-1.18487854 -1.26941046  6.94548212 15.61698041 34.89767357]
 Average call time: 4.50 sec | Current time: 2018-10-02 11:22:25.758104
 --------------------------
iter: 77 | batch: 0 | nc: 2 | ncalls: 85 | eff(%): 13.162 | logz: -4.8e+05 +/- 1.2e-01 | dlogz: 269480.474 >  0.500
 loglike: -4.8e+05 | params: [-0.30605245 -1.37153246  6.91325521  3.60870165 33.99988706]
 Average call time: 5.38 sec | Current time: 2018-10-02 11:22:36.510637
 --------------------------
iter: 78 | batch: 0 | nc: 1 | ncalls: 86 | eff(%): 13.311 | logz: -4.8e+05 +/- 1.2e-01 | dlogz: 266261.947 >  0.500
 loglike: -4.8e+05 | params: [-0.90614543 -1.62805569  6.13849679 18.03267675 32.13651892]
 Average call time: 4.85 sec | Current time: 2018-10-02 11:22:41.359147
 --------------------------
iter: 79 | batch: 0 | nc: 1 | ncalls: 87 | eff(%): 13.458 | logz: -4.8e+05 +/- 1.2e-01 | dlogz: 265677.156 >  0.500
 loglike: -4.8e+05 | params: [-0.36583757 -1.18165502  6.69493652  3.93873816 33.56422012]
 Average call time: 5.52 sec | Current time: 2018-10-02 11:22:46.879728
 --------------------------
iter: 80 | batch: 0 | nc: 1 | ncalls: 88 | eff(%): 13.605 | logz: -4.8e+05 +/- 1.2e-01 | dlogz: 264779.294 >  0.500
 loglike: -4.8e+05 | params: [-1.36587205 -1.05633741  5.96503995 17.33917924 31.96993281]
 Average call time: 5.71 sec | Current time: 2018-10-02 11:22:52.594148
 --------------------------
iter: 81 | batch: 0 | nc: 1 | ncalls: 89 | eff(%): 13.752 | logz: -4.8e+05 +/- 1.2e-01 | dlogz: 263797.831 >  0.500
 loglike: -4.8e+05 | params: [-0.22403931 -1.34411697  5.84659497  0.10452227 31.50347722]
 Average call time: 4.76 sec | Current time: 2018-10-02 11:22:57.358300
 --------------------------
iter: 82 | batch: 0 | nc: 3 | ncalls: 92 | eff(%): 13.851 | logz: -4.8e+05 +/- 1.2e-01 | dlogz: 263194.978 >  0.500
 loglike: -4.8e+05 | params: [-0.6153355  -1.61933068  6.16299235 14.26804749 31.77500413]
 Average call time: 5.65 sec | Current time: 2018-10-02 11:23:14.297143
 --------------------------
iter: 83 | batch: 0 | nc: 1 | ncalls: 93 | eff(%): 13.997 | logz: -4.8e+05 +/- 1.2e-01 | dlogz: 263060.579 >  0.500
 loglike: -4.8e+05 | params: [-1.19720947 -1.66482534  5.28775889  1.55951662 30.27503198]
 Average call time: 5.61 sec | Current time: 2018-10-02 11:23:19.904109
 --------------------------
iter: 84 | batch: 0 | nc: 1 | ncalls: 94 | eff(%): 14.141 | logz: -4.8e+05 +/- 1.2e-01 | dlogz: 263007.801 >  0.500
 loglike: -4.8e+05 | params: [-0.81676288 -1.1887008   6.36354901 13.35316568 32.94393274]
 Average call time: 5.45 sec | Current time: 2018-10-02 11:23:25.353255
 --------------------------
iter: 85 | batch: 0 | nc: 2 | ncalls: 96 | eff(%): 14.262 | logz: -4.8e+05 +/- 1.2e-01 | dlogz: 262851.296 >  0.500
 loglike: -4.8e+05 | params: [-0.10412039 -1.7417035   6.5790391  10.69392791 32.7898221 ]
 Average call time: 5.73 sec | Current time: 2018-10-02 11:23:36.805281
 --------------------------
iter: 86 | batch: 0 | nc: 1 | ncalls: 97 | eff(%): 14.405 | logz: -4.8e+05 +/- 1.2e-01 | dlogz: 262809.337 >  0.500
 loglike: -4.8e+05 | params: [-0.47347278 -1.394678    5.98813391  4.09447792 31.43848836]
 Average call time: 5.58 sec | Current time: 2018-10-02 11:23:42.388620
 --------------------------
iter: 87 | batch: 0 | nc: 1 | ncalls: 98 | eff(%): 14.548 | logz: -4.8e+05 +/- 1.2e-01 | dlogz: 261963.254 >  0.500
 loglike: -4.8e+05 | params: [ 0.27979209 -1.83153171  6.41782148 14.08523518 32.11054327]
 Average call time: 5.39 sec | Current time: 2018-10-02 11:23:47.778443
 --------------------------
iter: 88 | batch: 0 | nc: 1 | ncalls: 99 | eff(%): 14.691 | logz: -4.8e+05 +/- 1.2e-01 | dlogz: 261303.767 >  0.500
 loglike: -4.8e+05 | params: [-0.62621366 -1.387851    6.59099038 12.55215973 33.52998783]
 Average call time: 5.41 sec | Current time: 2018-10-02 11:23:53.189117
 --------------------------
iter: 89 | batch: 0 | nc: 1 | ncalls: 100 | eff(%): 14.833 | logz: -4.8e+05 +/- 1.2e-01 | dlogz: 260608.396 >  0.500
 loglike: -4.8e+05 | params: [-1.44792627 -1.88210632  6.1468819   2.85563838 32.84735568]
 Average call time: 4.69 sec | Current time: 2018-10-02 11:23:57.882081
 --------------------------
iter: 90 | batch: 0 | nc: 1 | ncalls: 101 | eff(%): 14.975 | logz: -4.8e+05 +/- 1.2e-01 | dlogz: 260568.308 >  0.500
 loglike: -4.8e+05 | params: [-0.22559368 -1.83404934  6.37061583  2.00178065 32.95061336]
 Average call time: 4.62 sec | Current time: 2018-10-02 11:24:02.505581
 --------------------------
iter: 91 | batch: 0 | nc: 1 | ncalls: 102 | eff(%): 15.116 | logz: -4.8e+05 +/- 1.2e-01 | dlogz: 260432.382 >  0.500
 loglike: -4.8e+05 | params: [-0.26772149 -1.78070883  6.36261833 12.99251169 32.36501472]
 Average call time: 5.54 sec | Current time: 2018-10-02 11:24:08.046508
 --------------------------
iter: 92 | batch: 0 | nc: 1 | ncalls: 103 | eff(%): 15.257 | logz: -4.8e+05 +/- 1.2e-01 | dlogz: 259541.102 >  0.500
 loglike: -4.8e+05 | params: [ 0.06495599 -1.23839609  6.57201557 13.20659336 32.84183791]
 Average call time: 6.05 sec | Current time: 2018-10-02 11:24:14.096899
 --------------------------
iter: 93 | batch: 0 | nc: 2 | ncalls: 105 | eff(%): 15.372 | logz: -4.7e+05 +/- 1.2e-01 | dlogz: 258429.480 >  0.500
 loglike: -4.7e+05 | params: [-0.38110462 -1.90598808  5.95222763 10.26729369 30.95069189]
 Average call time: 5.95 sec | Current time: 2018-10-02 11:24:25.998959
 --------------------------
iter: 94 | batch: 0 | nc: 1 | ncalls: 106 | eff(%): 15.512 | logz: -4.7e+05 +/- 1.2e-01 | dlogz: 256813.540 >  0.500
 loglike: -4.7e+05 | params: [-0.36691734 -1.17258276  6.87466872 19.30796705 34.748513  ]
 Average call time: 4.88 sec | Current time: 2018-10-02 11:24:30.880557
 --------------------------
iter: 95 | batch: 0 | nc: 2 | ncalls: 108 | eff(%): 15.625 | logz: -4.7e+05 +/- 1.2e-01 | dlogz: 255019.014 >  0.500
 loglike: -4.7e+05 | params: [-1.44422558 -1.42669867  6.02821555  8.46819742 32.62633418]
 Average call time: 5.37 sec | Current time: 2018-10-02 11:24:41.625568
 --------------------------
iter: 96 | batch: 0 | nc: 2 | ncalls: 110 | eff(%): 15.738 | logz: -4.7e+05 +/- 1.2e-01 | dlogz: 253491.538 >  0.500
 loglike: -4.7e+05 | params: [-1.09648862 -1.30170362  6.76097705 17.81026941 34.96783681]
 Average call time: 5.74 sec | Current time: 2018-10-02 11:24:53.097863
 --------------------------
iter: 97 | batch: 0 | nc: 1 | ncalls: 111 | eff(%): 15.876 | logz: -4.7e+05 +/- 1.2e-01 | dlogz: 252575.656 >  0.500
 loglike: -4.7e+05 | params: [-1.11676665 -1.36169698  6.16232308  9.44955914 32.90176517]
 Average call time: 5.31 sec | Current time: 2018-10-02 11:24:58.407949
 --------------------------
iter: 98 | batch: 0 | nc: 2 | ncalls: 113 | eff(%): 15.987 | logz: -4.7e+05 +/- 1.2e-01 | dlogz: 252217.604 >  0.500
 loglike: -4.7e+05 | params: [-1.35417956 -1.34916093  5.77843074 18.6488144  31.8820208 ]
 Average call time: 5.40 sec | Current time: 2018-10-02 11:25:09.204875
 --------------------------
iter: 99 | batch: 0 | nc: 1 | ncalls: 114 | eff(%): 16.124 | logz: -4.7e+05 +/- 1.2e-01 | dlogz: 251888.402 >  0.500
 loglike: -4.7e+05 | params: [-0.27119436 -1.19607945  5.89333592  9.73805052 30.63694278]
 Average call time: 5.52 sec | Current time: 2018-10-02 11:25:14.722496
 --------------------------
iter: 100 | batch: 0 | nc: 1 | ncalls: 115 | eff(%): 16.260 | logz: -4.7e+05 +/- 1.2e-01 | dlogz: 250909.645 >  0.500
 loglike: -4.7e+05 | params: [-0.32965645 -1.95564935  6.72079294 17.9155173  34.40703238]
 Average call time: 5.56 sec | Current time: 2018-10-02 11:25:20.279122
 --------------------------
iter: 101 | batch: 0 | nc: 1 | ncalls: 116 | eff(%): 16.396 | logz: -4.7e+05 +/- 1.2e-01 | dlogz: 249977.583 >  0.500
 loglike: -4.7e+05 | params: [-0.5100653  -1.19012166  6.77282892 12.78591677 34.55424876]
 Average call time: 5.46 sec | Current time: 2018-10-02 11:25:25.743072
 --------------------------
iter: 102 | batch: 0 | nc: 2 | ncalls: 118 | eff(%): 16.505 | logz: -4.6e+05 +/- 1.2e-01 | dlogz: 248905.791 >  0.500
 loglike: -4.6e+05 | params: [ 0.15661314 -1.38274595  6.84809391  6.05938246 34.22864828]
 Average call time: 5.66 sec | Current time: 2018-10-02 11:25:37.064716
 --------------------------
iter: 103 | batch: 0 | nc: 1 | ncalls: 119 | eff(%): 16.640 | logz: -4.6e+05 +/- 1.2e-01 | dlogz: 247712.433 >  0.500
 loglike: -4.6e+05 | params: [-0.20448579 -1.22809279  6.22909925 16.6268195  32.14162671]
 Average call time: 5.98 sec | Current time: 2018-10-02 11:25:43.040585
 --------------------------
iter: 104 | batch: 0 | nc: 1 | ncalls: 120 | eff(%): 16.774 | logz: -4.6e+05 +/- 1.2e-01 | dlogz: 247629.984 >  0.500
 loglike: -4.6e+05 | params: [-0.62119222 -1.37067001  6.6252905   7.20406047 34.09566723]
 Average call time: 5.37 sec | Current time: 2018-10-02 11:25:48.406052
 --------------------------
iter: 105 | batch: 0 | nc: 3 | ncalls: 123 | eff(%): 16.854 | logz: -4.6e+05 +/- 1.2e-01 | dlogz: 246994.682 >  0.500
 loglike: -4.6e+05 | params: [-1.43793028 -1.63676024  5.65360896  9.5637748  31.72208485]
 Average call time: 5.80 sec | Current time: 2018-10-02 11:26:05.792948
 --------------------------
iter: 106 | batch: 0 | nc: 1 | ncalls: 124 | eff(%): 16.987 | logz: -4.6e+05 +/- 1.2e-01 | dlogz: 246393.960 >  0.500
 loglike: -4.6e+05 | params: [ 0.49175942 -1.33678169  6.08950809  5.50141965 31.45959203]
 Average call time: 4.65 sec | Current time: 2018-10-02 11:26:10.439792
 --------------------------
iter: 107 | batch: 0 | nc: 1 | ncalls: 125 | eff(%): 17.120 | logz: -4.6e+05 +/- 1.2e-01 | dlogz: 246004.645 >  0.500
 loglike: -4.6e+05 | params: [-0.25444683 -1.50631735  6.2026885  14.27073004 32.21954491]
 Average call time: 4.59 sec | Current time: 2018-10-02 11:26:15.024862
 --------------------------
iter: 108 | batch: 0 | nc: 1 | ncalls: 126 | eff(%): 17.252 | logz: -4.6e+05 +/- 1.2e-01 | dlogz: 243989.955 >  0.500
 loglike: -4.6e+05 | params: [ 0.32494224 -1.44653633  5.84048414  0.9724733  31.63906109]
 Average call time: 5.98 sec | Current time: 2018-10-02 11:26:21.008454
 --------------------------
iter: 109 | batch: 0 | nc: 1 | ncalls: 127 | eff(%): 17.384 | logz: -4.6e+05 +/- 1.2e-01 | dlogz: 241093.661 >  0.500
 loglike: -4.6e+05 | params: [ 0.35990292 -1.9427046   6.09148674  3.37599719 32.19853053]
 Average call time: 5.36 sec | Current time: 2018-10-02 11:26:26.370034
 --------------------------
iter: 110 | batch: 0 | nc: 1 | ncalls: 128 | eff(%): 17.516 | logz: -4.5e+05 +/- 1.2e-01 | dlogz: 240973.257 >  0.500
 loglike: -4.5e+05 | params: [-0.96486328 -1.06717301  6.13072529  2.99431954 33.23501805]
 Average call time: 5.29 sec | Current time: 2018-10-02 11:26:31.657547
 --------------------------
iter: 111 | batch: 0 | nc: 1 | ncalls: 129 | eff(%): 17.647 | logz: -4.5e+05 +/- 1.2e-01 | dlogz: 238116.502 >  0.500
 loglike: -4.5e+05 | params: [-1.21933876 -1.60000181  6.13548862  9.16228826 33.46791603]
 Average call time: 4.73 sec | Current time: 2018-10-02 11:26:36.383871
 --------------------------
iter: 112 | batch: 0 | nc: 2 | ncalls: 131 | eff(%): 17.750 | logz: -4.5e+05 +/- 1.2e-01 | dlogz: 237112.528 >  0.500
 loglike: -4.5e+05 | params: [ 0.1095538  -1.70555661  5.903095    4.57324744 31.44924576]
 Average call time: 5.73 sec | Current time: 2018-10-02 11:26:47.837192
 --------------------------
iter: 113 | batch: 0 | nc: 1 | ncalls: 132 | eff(%): 17.880 | logz: -4.5e+05 +/- 1.2e-01 | dlogz: 236621.715 >  0.500
 loglike: -4.5e+05 | params: [-1.01733574 -1.07053247  5.64033395  7.42698324 31.6984575 ]
 Average call time: 4.85 sec | Current time: 2018-10-02 11:26:52.688272
 --------------------------
iter: 114 | batch: 0 | nc: 2 | ncalls: 134 | eff(%): 17.981 | logz: -4.5e+05 +/- 1.2e-01 | dlogz: 233854.875 >  0.500
 loglike: -4.5e+05 | params: [-1.31612905 -1.94619777  6.31398084 12.63641063 34.34826576]
 Average call time: 5.29 sec | Current time: 2018-10-02 11:27:03.273852
 --------------------------
iter: 115 | batch: 0 | nc: 1 | ncalls: 135 | eff(%): 18.110 | logz: -4.5e+05 +/- 1.2e-01 | dlogz: 233350.121 >  0.500
 loglike: -4.5e+05 | params: [-1.12510062 -1.78510487  5.80426994 18.90329739 32.50775277]
 Average call time: 5.41 sec | Current time: 2018-10-02 11:27:08.683356
 --------------------------
iter: 116 | batch: 0 | nc: 1 | ncalls: 136 | eff(%): 18.239 | logz: -4.5e+05 +/- 1.2e-01 | dlogz: 231472.841 >  0.500
 loglike: -4.5e+05 | params: [-0.68105666 -1.72097456  6.09621534 12.60677721 32.93412971]
 Average call time: 5.57 sec | Current time: 2018-10-02 11:27:14.254769
 --------------------------
iter: 117 | batch: 0 | nc: 2 | ncalls: 138 | eff(%): 18.339 | logz: -4.5e+05 +/- 1.2e-01 | dlogz: 230658.594 >  0.500
 loglike: -4.5e+05 | params: [-0.32868172 -1.13036201  6.1611348  15.59340466 32.74216554]
 Average call time: 5.57 sec | Current time: 2018-10-02 11:27:25.402571
 --------------------------
iter: 118 | batch: 0 | nc: 1 | ncalls: 139 | eff(%): 18.466 | logz: -4.5e+05 +/- 1.2e-01 | dlogz: 230262.831 >  0.500
 loglike: -4.5e+05 | params: [-1.1534434  -1.42004718  5.63688749 14.63500647 32.01997908]
 Average call time: 4.92 sec | Current time: 2018-10-02 11:27:30.324295
 --------------------------
iter: 119 | batch: 0 | nc: 1 | ncalls: 140 | eff(%): 18.594 | logz: -4.4e+05 +/- 1.2e-01 | dlogz: 228554.766 >  0.500
 loglike: -4.4e+05 | params: [-0.49488087 -1.46312181  6.09601034  1.2366012  33.34710872]
 Average call time: 5.34 sec | Current time: 2018-10-02 11:27:35.659806
 --------------------------
iter: 120 | batch: 0 | nc: 1 | ncalls: 141 | eff(%): 18.721 | logz: -4.4e+05 +/- 1.2e-01 | dlogz: 227018.489 >  0.500
 loglike: -4.4e+05 | params: [-1.03418002 -1.17159106  6.45720965 16.30470503 34.80649995]
 Average call time: 5.68 sec | Current time: 2018-10-02 11:27:41.337914
 --------------------------
iter: 121 | batch: 0 | nc: 2 | ncalls: 143 | eff(%): 18.818 | logz: -4.4e+05 +/- 1.2e-01 | dlogz: 226177.581 >  0.500
 loglike: -4.4e+05 | params: [ 1.49455379e-02 -1.01165024e+00  6.00700479e+00  6.94522362e+00
  3.16769562e+01]
 Average call time: 5.48 sec | Current time: 2018-10-02 11:27:52.294955
 --------------------------
iter: 122 | batch: 0 | nc: 1 | ncalls: 144 | eff(%): 18.944 | logz: -4.4e+05 +/- 1.2e-01 | dlogz: 225691.939 >  0.500
 loglike: -4.4e+05 | params: [-1.34649456 -1.06321306  6.1791243  19.45511032 34.11587419]
 Average call time: 5.53 sec | Current time: 2018-10-02 11:27:57.826251
 --------------------------
iter: 123 | batch: 0 | nc: 1 | ncalls: 145 | eff(%): 19.070 | logz: -4.4e+05 +/- 1.2e-01 | dlogz: 225545.778 >  0.500
 loglike: -4.4e+05 | params: [-0.77999189 -1.83912881  5.63187986 16.72196958 31.59439448]
 Average call time: 5.35 sec | Current time: 2018-10-02 11:28:03.175942
 --------------------------
iter: 124 | batch: 0 | nc: 1 | ncalls: 146 | eff(%): 19.195 | logz: -4.4e+05 +/- 1.2e-01 | dlogz: 225444.675 >  0.500
 loglike: -4.4e+05 | params: [-1.30770791 -1.18065763  5.14803252 15.694257   30.38567701]
 Average call time: 4.75 sec | Current time: 2018-10-02 11:28:07.923127
 --------------------------
iter: 125 | batch: 0 | nc: 1 | ncalls: 147 | eff(%): 19.320 | logz: -4.4e+05 +/- 1.2e-01 | dlogz: 225053.871 >  0.500
 loglike: -4.4e+05 | params: [-0.62886331 -1.4471711   5.9244443   3.33380975 32.9142019 ]
 Average call time: 5.34 sec | Current time: 2018-10-02 11:28:13.258424
 --------------------------
iter: 126 | batch: 0 | nc: 1 | ncalls: 148 | eff(%): 19.444 | logz: -4.4e+05 +/- 1.2e-01 | dlogz: 224991.754 >  0.500
 loglike: -4.4e+05 | params: [-0.93437527 -1.75820128  6.35675959  7.40517827 34.4401789 ]
 Average call time: 5.42 sec | Current time: 2018-10-02 11:28:18.680275
 --------------------------
iter: 127 | batch: 0 | nc: 2 | ncalls: 150 | eff(%): 19.538 | logz: -4.4e+05 +/- 1.2e-01 | dlogz: 224253.437 >  0.500
 loglike: -4.4e+05 | params: [-1.28874313 -1.42271708  5.27156193 19.3254858  30.98333117]
 Average call time: 5.85 sec | Current time: 2018-10-02 11:28:30.372306
 --------------------------
iter: 128 | batch: 0 | nc: 1 | ncalls: 151 | eff(%): 19.662 | logz: -4.4e+05 +/- 1.2e-01 | dlogz: 223538.631 >  0.500
 loglike: -4.4e+05 | params: [-0.78977056 -1.44258914  5.2460362  15.65311036 30.02668663]
 Average call time: 5.35 sec | Current time: 2018-10-02 11:28:35.721651
 --------------------------
iter: 129 | batch: 0 | nc: 2 | ncalls: 153 | eff(%): 19.755 | logz: -4.4e+05 +/- 1.2e-01 | dlogz: 223123.097 >  0.500
 loglike: -4.4e+05 | params: [-0.07520081 -1.966108    6.14008542 14.250308   32.46710812]
 Average call time: 5.32 sec | Current time: 2018-10-02 11:28:46.359589
 --------------------------
iter: 130 | batch: 0 | nc: 2 | ncalls: 155 | eff(%): 19.847 | logz: -4.4e+05 +/- 1.2e-01 | dlogz: 222711.278 >  0.500
 loglike: -4.4e+05 | params: [-1.25161797 -1.39127431  5.46656402  1.64794601 32.02040749]
 Average call time: 5.71 sec | Current time: 2018-10-02 11:28:57.786327
 --------------------------
iter: 131 | batch: 0 | nc: 1 | ncalls: 156 | eff(%): 19.970 | logz: -4.4e+05 +/- 1.2e-01 | dlogz: 222182.939 >  0.500
 loglike: -4.4e+05 | params: [-0.09083738 -1.78120789  6.62433814  8.89860103 34.54657979]
 Average call time: 5.42 sec | Current time: 2018-10-02 11:29:03.208088
 --------------------------
iter: 132 | batch: 0 | nc: 1 | ncalls: 157 | eff(%): 20.091 | logz: -4.4e+05 +/- 1.2e-01 | dlogz: 222106.469 >  0.500
 loglike: -4.4e+05 | params: [-0.60764877 -1.14470097  6.55590311 17.54363938 34.82714613]
 Average call time: 5.57 sec | Current time: 2018-10-02 11:29:08.781233
 --------------------------
iter: 133 | batch: 0 | nc: 1 | ncalls: 158 | eff(%): 20.213 | logz: -4.4e+05 +/- 1.2e-01 | dlogz: 221524.688 >  0.500
 loglike: -4.4e+05 | params: [-1.02236002 -1.16975427  5.72382088 11.77093212 32.46433926]
 Average call time: 4.67 sec | Current time: 2018-10-02 11:29:13.454635
 --------------------------
iter: 134 | batch: 0 | nc: 2 | ncalls: 160 | eff(%): 20.303 | logz: -4.4e+05 +/- 1.2e-01 | dlogz: 221471.151 >  0.500
 loglike: -4.4e+05 | params: [-0.60938847 -1.02639074  5.98888157  5.75409777 32.77893196]
 Average call time: 5.15 sec | Current time: 2018-10-02 11:29:23.746542
 --------------------------
iter: 135 | batch: 0 | nc: 1 | ncalls: 161 | eff(%): 20.424 | logz: -4.4e+05 +/- 1.2e-01 | dlogz: 221181.943 >  0.500
 loglike: -4.4e+05 | params: [ 0.06457382 -1.20448985  6.26290325 10.92343213 32.95314285]
 Average call time: 5.40 sec | Current time: 2018-10-02 11:29:29.142770
 --------------------------
iter: 136 | batch: 0 | nc: 1 | ncalls: 162 | eff(%): 20.544 | logz: -4.4e+05 +/- 1.2e-01 | dlogz: 220744.690 >  0.500
 loglike: -4.4e+05 | params: [-0.95706613 -1.96556913  5.13542795 10.45198917 30.20977907]
 Average call time: 5.48 sec | Current time: 2018-10-02 11:29:34.624580
 --------------------------
iter: 137 | batch: 0 | nc: 1 | ncalls: 163 | eff(%): 20.664 | logz: -4.4e+05 +/- 1.2e-01 | dlogz: 220488.734 >  0.500
 loglike: -4.4e+05 | params: [-0.78262541 -1.24885875  6.32835823 19.08890841 34.39782379]
 Average call time: 5.59 sec | Current time: 2018-10-02 11:29:40.214361
 --------------------------
iter: 138 | batch: 0 | nc: 1 | ncalls: 164 | eff(%): 20.783 | logz: -4.4e+05 +/- 1.2e-01 | dlogz: 220145.778 >  0.500
 loglike: -4.4e+05 | params: [ 2.86271453e-02 -1.14828203e+00  6.19984344e+00  1.09871019e+01
  3.27237085e+01]
 Average call time: 5.32 sec | Current time: 2018-10-02 11:29:45.531089
 --------------------------
iter: 139 | batch: 0 | nc: 1 | ncalls: 165 | eff(%): 20.902 | logz: -4.3e+05 +/- 1.2e-01 | dlogz: 219834.883 >  0.500
 loglike: -4.3e+05 | params: [-0.23475337 -1.17124935  5.56555213  6.77605652 30.83847338]
 Average call time: 5.90 sec | Current time: 2018-10-02 11:29:51.432137
 --------------------------
iter: 140 | batch: 0 | nc: 1 | ncalls: 166 | eff(%): 21.021 | logz: -4.3e+05 +/- 1.2e-01 | dlogz: 217810.952 >  0.500
 loglike: -4.3e+05 | params: [-0.69182148 -1.78271296  5.86792368 16.96914899 32.6484981 ]
 Average call time: 5.33 sec | Current time: 2018-10-02 11:29:56.764586
 --------------------------
iter: 141 | batch: 0 | nc: 1 | ncalls: 167 | eff(%): 21.139 | logz: -4.3e+05 +/- 1.2e-01 | dlogz: 217388.192 >  0.500
 loglike: -4.3e+05 | params: [-0.57421536 -1.15281333  5.39011797  7.42045964 30.68991505]
 Average call time: 5.31 sec | Current time: 2018-10-02 11:30:02.073510
 --------------------------
iter: 142 | batch: 0 | nc: 1 | ncalls: 168 | eff(%): 21.257 | logz: -4.3e+05 +/- 1.2e-01 | dlogz: 217357.093 >  0.500
 loglike: -4.3e+05 | params: [-1.26967611 -1.70686473  5.82188735  1.57933981 33.14176585]
 Average call time: 5.40 sec | Current time: 2018-10-02 11:30:07.476854
 --------------------------
iter: 143 | batch: 0 | nc: 1 | ncalls: 169 | eff(%): 21.375 | logz: -4.3e+05 +/- 1.2e-01 | dlogz: 217301.291 >  0.500
 loglike: -4.3e+05 | params: [ 0.19797135 -1.08865605  6.49950558 17.35784971 34.18881095]
 Average call time: 5.36 sec | Current time: 2018-10-02 11:30:12.838775
 --------------------------
iter: 144 | batch: 0 | nc: 1 | ncalls: 170 | eff(%): 21.493 | logz: -4.3e+05 +/- 1.2e-01 | dlogz: 216965.760 >  0.500
 loglike: -4.3e+05 | params: [-0.18528895 -1.36961388  6.16108607 17.53616073 33.03375637]
 Average call time: 5.62 sec | Current time: 2018-10-02 11:30:18.463125
 --------------------------
iter: 145 | batch: 0 | nc: 1 | ncalls: 171 | eff(%): 21.610 | logz: -4.3e+05 +/- 1.2e-01 | dlogz: 216330.862 >  0.500
 loglike: -4.3e+05 | params: [ 0.37893893 -1.37457481  5.77670387  5.99612022 31.46591041]
 Average call time: 5.65 sec | Current time: 2018-10-02 11:30:24.116325
 --------------------------
iter: 146 | batch: 0 | nc: 1 | ncalls: 172 | eff(%): 21.726 | logz: -4.3e+05 +/- 1.2e-01 | dlogz: 215802.117 >  0.500
 loglike: -4.3e+05 | params: [-0.93272584 -1.46329397  5.86619357 17.61883727 33.18695723]
 Average call time: 5.41 sec | Current time: 2018-10-02 11:30:29.527904
 --------------------------
iter: 147 | batch: 0 | nc: 1 | ncalls: 173 | eff(%): 21.842 | logz: -4.3e+05 +/- 1.2e-01 | dlogz: 215251.079 >  0.500
 loglike: -4.3e+05 | params: [-0.04668308 -1.09991216  5.895819   12.02318013 31.45562622]
 Average call time: 5.48 sec | Current time: 2018-10-02 11:30:35.004509
 --------------------------
iter: 148 | batch: 0 | nc: 1 | ncalls: 174 | eff(%): 21.958 | logz: -4.3e+05 +/- 1.2e-01 | dlogz: 215162.042 >  0.500
 loglike: -4.3e+05 | params: [-1.08933173 -1.11681777  5.47911781 14.24697114 31.84895569]
 Average call time: 5.61 sec | Current time: 2018-10-02 11:30:40.615217
 --------------------------
iter: 149 | batch: 0 | nc: 1 | ncalls: 175 | eff(%): 22.074 | logz: -4.3e+05 +/- 1.2e-01 | dlogz: 214782.065 >  0.500
 loglike: -4.3e+05 | params: [ 0.2596646  -1.00299165  5.91859387 14.53136739 31.43606595]
 Average call time: 5.90 sec | Current time: 2018-10-02 11:30:46.514577
 --------------------------
iter: 150 | batch: 0 | nc: 1 | ncalls: 176 | eff(%): 22.189 | logz: -4.3e+05 +/- 1.2e-01 | dlogz: 213639.591 >  0.500
 loglike: -4.3e+05 | params: [-0.9354547  -1.34217925  5.88542996 18.91535065 33.34054014]
 Average call time: 5.51 sec | Current time: 2018-10-02 11:30:52.024547
 --------------------------
iter: 151 | batch: 0 | nc: 1 | ncalls: 177 | eff(%): 22.304 | logz: -4.3e+05 +/- 1.2e-01 | dlogz: 212724.736 >  0.500
 loglike: -4.3e+05 | params: [-0.59895963 -1.15974701  6.11260281 18.61063224 33.51028912]
 Average call time: 5.44 sec | Current time: 2018-10-02 11:30:57.460805
 --------------------------
iter: 152 | batch: 0 | nc: 2 | ncalls: 179 | eff(%): 22.386 | logz: -4.3e+05 +/- 1.2e-01 | dlogz: 212255.443 >  0.500
 loglike: -4.3e+05 | params: [-0.32727535 -1.5175677   6.3037237  15.95471253 34.11375044]
 Average call time: 5.78 sec | Current time: 2018-10-02 11:31:09.028651
 --------------------------
iter: 153 | batch: 0 | nc: 2 | ncalls: 181 | eff(%): 22.467 | logz: -4.3e+05 +/- 1.2e-01 | dlogz: 210977.960 >  0.500
 loglike: -4.3e+05 | params: [-1.10799066 -1.96127111  5.07930878 11.33616248 30.54115409]
 Average call time: 5.75 sec | Current time: 2018-10-02 11:31:20.534462
 --------------------------
iter: 154 | batch: 0 | nc: 1 | ncalls: 182 | eff(%): 22.581 | logz: -4.3e+05 +/- 1.2e-01 | dlogz: 210923.508 >  0.500
 loglike: -4.3e+05 | params: [-0.47199149 -1.13112911  5.60173624 18.08146781 31.38807499]
 Average call time: 4.64 sec | Current time: 2018-10-02 11:31:25.176439
 --------------------------
iter: 155 | batch: 0 | nc: 1 | ncalls: 183 | eff(%): 22.694 | logz: -4.3e+05 +/- 1.2e-01 | dlogz: 210202.816 >  0.500
 loglike: -4.3e+05 | params: [-0.43076866 -1.68236044  5.76809318  3.66869757 32.81749588]
 Average call time: 5.69 sec | Current time: 2018-10-02 11:31:30.861546
 --------------------------
iter: 156 | batch: 0 | nc: 1 | ncalls: 184 | eff(%): 22.807 | logz: -4.2e+05 +/- 1.2e-01 | dlogz: 208684.278 >  0.500
 loglike: -4.2e+05 | params: [-0.21971442 -1.28494751  5.69211258 19.42289229 31.23024619]
 Average call time: 5.38 sec | Current time: 2018-10-02 11:31:36.236723
 --------------------------
iter: 157 | batch: 0 | nc: 1 | ncalls: 185 | eff(%): 22.920 | logz: -4.2e+05 +/- 1.2e-01 | dlogz: 207929.509 >  0.500
 loglike: -4.2e+05 | params: [-0.04144578 -1.57503161  5.62813118 11.80134933 30.68535527]
 Average call time: 5.59 sec | Current time: 2018-10-02 11:31:41.830259
 --------------------------
iter: 158 | batch: 0 | nc: 1 | ncalls: 186 | eff(%): 23.032 | logz: -4.2e+05 +/- 1.2e-01 | dlogz: 207654.812 >  0.500
 loglike: -4.2e+05 | params: [ 9.58196398e-03 -1.20892402e+00  5.93644851e+00  1.89608592e+01
  3.20010412e+01]
 Average call time: 5.55 sec | Current time: 2018-10-02 11:31:47.377907
 --------------------------
iter: 159 | batch: 0 | nc: 1 | ncalls: 187 | eff(%): 23.144 | logz: -4.2e+05 +/- 1.2e-01 | dlogz: 207602.732 >  0.500
 loglike: -4.2e+05 | params: [ 0.09769271 -1.85719722  6.02832893 17.60256941 32.49960082]
 Average call time: 5.60 sec | Current time: 2018-10-02 11:31:52.979219
 --------------------------
iter: 160 | batch: 0 | nc: 1 | ncalls: 188 | eff(%): 23.256 | logz: -4.2e+05 +/- 1.2e-01 | dlogz: 207009.698 >  0.500
 loglike: -4.2e+05 | params: [-0.92783817 -1.0674173   5.46609668 19.19157603 32.02576083]
 Average call time: 4.69 sec | Current time: 2018-10-02 11:31:57.670276
 --------------------------
iter: 161 | batch: 0 | nc: 2 | ncalls: 190 | eff(%): 23.333 | logz: -4.2e+05 +/- 1.2e-01 | dlogz: 204484.452 >  0.500
 loglike: -4.2e+05 | params: [ 1.71422522e-02 -1.55883109e+00  6.44279129e+00  1.06333749e+01
  3.44249577e+01]
 Average call time: 5.19 sec | Current time: 2018-10-02 11:32:08.045275
 --------------------------
iter: 162 | batch: 0 | nc: 1 | ncalls: 191 | eff(%): 23.444 | logz: -4.2e+05 +/- 1.2e-01 | dlogz: 203257.104 >  0.500
 loglike: -4.2e+05 | params: [-0.18225302 -1.81673365  5.98705654 12.28611185 32.77826692]
 Average call time: 5.52 sec | Current time: 2018-10-02 11:32:13.566019
 --------------------------
iter: 163 | batch: 0 | nc: 1 | ncalls: 192 | eff(%): 23.555 | logz: -4.2e+05 +/- 1.2e-01 | dlogz: 203009.228 >  0.500
 loglike: -4.2e+05 | params: [ 0.34524056 -1.8298777   5.5919089  17.40897302 30.64654878]
 Average call time: 5.26 sec | Current time: 2018-10-02 11:32:18.821506
 --------------------------
iter: 164 | batch: 0 | nc: 1 | ncalls: 193 | eff(%): 23.665 | logz: -4.2e+05 +/- 1.2e-01 | dlogz: 202293.116 >  0.500
 loglike: -4.2e+05 | params: [-0.19724371 -1.60279742  5.94365071  6.40503883 32.84049326]
 Average call time: 4.50 sec | Current time: 2018-10-02 11:32:23.322565
 --------------------------
iter: 165 | batch: 0 | nc: 4 | ncalls: 197 | eff(%): 23.673 | logz: -4.2e+05 +/- 1.2e-01 | dlogz: 202189.325 >  0.500
 loglike: -4.2e+05 | params: [ 0.37691119 -1.06135754  5.72522274 18.22362735 31.18612354]
 Average call time: 5.89 sec | Current time: 2018-10-02 11:32:46.865835
 --------------------------
iter: 166 | batch: 0 | nc: 1 | ncalls: 198 | eff(%): 23.782 | logz: -4.2e+05 +/- 1.2e-01 | dlogz: 201893.763 >  0.500
 loglike: -4.2e+05 | params: [-0.78436546 -1.49900487  5.41731468 14.28277034 31.85125377]
 Average call time: 5.63 sec | Current time: 2018-10-02 11:32:52.493930
 --------------------------
iter: 167 | batch: 0 | nc: 1 | ncalls: 199 | eff(%): 23.891 | logz: -4.1e+05 +/- 1.2e-01 | dlogz: 200118.881 >  0.500
 loglike: -4.1e+05 | params: [-0.85878397 -1.40769811  5.05026219 10.29730732 30.72378229]
 Average call time: 5.55 sec | Current time: 2018-10-02 11:32:58.043456
 --------------------------
iter: 168 | batch: 0 | nc: 1 | ncalls: 200 | eff(%): 24.000 | logz: -4.1e+05 +/- 1.2e-01 | dlogz: 197761.440 >  0.500
 loglike: -4.1e+05 | params: [ 0.44821365 -1.47431784  6.29055647 16.39472613 34.19278414]
 Average call time: 5.60 sec | Current time: 2018-10-02 11:33:03.648189
 --------------------------
iter: 169 | batch: 0 | nc: 3 | ncalls: 203 | eff(%): 24.040 | logz: -4.1e+05 +/- 1.2e-01 | dlogz: 196907.026 >  0.500
 loglike: -4.1e+05 | params: [-1.34232202 -1.99107376  4.7916511  19.12011525 30.17279577]
 Average call time: 5.12 sec | Current time: 2018-10-02 11:33:19.015856
 --------------------------
iter: 170 | batch: 0 | nc: 1 | ncalls: 204 | eff(%): 24.148 | logz: -4.1e+05 +/- 1.2e-01 | dlogz: 196085.922 >  0.500
 loglike: -4.1e+05 | params: [-0.82156486 -1.70285415  5.58992997 19.95636291 32.75951138]
 Average call time: 5.43 sec | Current time: 2018-10-02 11:33:24.447577
 --------------------------
iter: 171 | batch: 0 | nc: 1 | ncalls: 205 | eff(%): 24.255 | logz: -4.1e+05 +/- 1.2e-01 | dlogz: 196039.739 >  0.500
 loglike: -4.1e+05 | params: [-1.44759105 -1.4994003   4.64063555  4.54303403 30.00844841]
 Average call time: 5.32 sec | Current time: 2018-10-02 11:33:29.770336
 --------------------------
iter: 172 | batch: 0 | nc: 1 | ncalls: 206 | eff(%): 24.363 | logz: -4.1e+05 +/- 1.2e-01 | dlogz: 195281.061 >  0.500
 loglike: -4.1e+05 | params: [-0.95481479 -1.72353574  6.00936089 19.16697314 34.37966317]
 Average call time: 5.28 sec | Current time: 2018-10-02 11:33:35.047600
 --------------------------
iter: 173 | batch: 0 | nc: 2 | ncalls: 208 | eff(%): 24.435 | logz: -4.1e+05 +/- 1.2e-01 | dlogz: 194069.543 >  0.500
 loglike: -4.1e+05 | params: [-0.66446045 -1.86997486  5.25496538 11.79931748 31.27368753]
 Average call time: 5.34 sec | Current time: 2018-10-02 11:33:45.735844
 --------------------------
iter: 174 | batch: 0 | nc: 4 | ncalls: 212 | eff(%): 24.438 | logz: -4.1e+05 +/- 1.2e-01 | dlogz: 191767.122 >  0.500
 loglike: -4.1e+05 | params: [-0.41337929 -1.12250865  6.35297481 19.53412276 34.90682459]
 Average call time: 5.94 sec | Current time: 2018-10-02 11:34:09.489264
 --------------------------
iter: 175 | batch: 0 | nc: 1 | ncalls: 213 | eff(%): 24.544 | logz: -4.1e+05 +/- 1.2e-01 | dlogz: 191606.030 >  0.500
 loglike: -4.1e+05 | params: [-0.1723053  -1.95404313  6.37776796 18.86470846 34.84552906]
 Average call time: 5.33 sec | Current time: 2018-10-02 11:34:14.822932
 --------------------------
iter: 176 | batch: 0 | nc: 1 | ncalls: 214 | eff(%): 24.650 | logz: -4.1e+05 +/- 1.2e-01 | dlogz: 191428.334 >  0.500
 loglike: -4.1e+05 | params: [-0.1096194  -1.1153482   5.75697052  5.33525163 32.53787245]
 Average call time: 4.58 sec | Current time: 2018-10-02 11:34:19.401915
 --------------------------
iter: 177 | batch: 0 | nc: 1 | ncalls: 215 | eff(%): 24.755 | logz: -4.1e+05 +/- 1.2e-01 | dlogz: 190107.856 >  0.500
 loglike: -4.1e+05 | params: [-1.21612655 -1.53412719  4.85367427  4.05702502 30.93135392]
 Average call time: 5.44 sec | Current time: 2018-10-02 11:34:24.837707
 --------------------------
iter: 178 | batch: 0 | nc: 1 | ncalls: 216 | eff(%): 24.860 | logz: -4.1e+05 +/- 1.2e-01 | dlogz: 190038.448 >  0.500
 loglike: -4.1e+05 | params: [ 0.08228396 -1.78116647  5.73097918  9.13680983 32.04131163]
 Average call time: 5.37 sec | Current time: 2018-10-02 11:34:30.202975
 --------------------------
iter: 179 | batch: 0 | nc: 1 | ncalls: 217 | eff(%): 24.965 | logz: -4.1e+05 +/- 1.2e-01 | dlogz: 189325.098 >  0.500
 loglike: -4.1e+05 | params: [ 0.39897716 -1.24784316  5.20132184  4.24671804 30.83933086]
 Average call time: 5.65 sec | Current time: 2018-10-02 11:34:35.850538
 --------------------------
iter: 180 | batch: 0 | nc: 2 | ncalls: 219 | eff(%): 25.035 | logz: -4.0e+05 +/- 1.2e-01 | dlogz: 188248.422 >  0.500
 loglike: -4.0e+05 | params: [-1.0301526  -1.9508232   5.38772993  6.85050674 32.59295311]
 Average call time: 5.65 sec | Current time: 2018-10-02 11:34:47.141915
 --------------------------
iter: 181 | batch: 0 | nc: 1 | ncalls: 220 | eff(%): 25.139 | logz: -4.0e+05 +/- 1.2e-01 | dlogz: 187943.254 >  0.500
 loglike: -4.0e+05 | params: [ 0.13305571 -1.77068029  5.3255821  11.55458822 30.39686001]
 Average call time: 5.59 sec | Current time: 2018-10-02 11:34:52.730477
 --------------------------
iter: 182 | batch: 0 | nc: 2 | ncalls: 222 | eff(%): 25.208 | logz: -4.0e+05 +/- 1.2e-01 | dlogz: 186020.870 >  0.500
 loglike: -4.0e+05 | params: [-0.96441207 -1.9632744   6.02019789  6.74261119 34.45943342]
 Average call time: 4.74 sec | Current time: 2018-10-02 11:35:02.213221
 --------------------------
iter: 183 | batch: 0 | nc: 1 | ncalls: 223 | eff(%): 25.311 | logz: -4.0e+05 +/- 1.2e-01 | dlogz: 185411.204 >  0.500
 loglike: -4.0e+05 | params: [-0.21504235 -1.23382672  5.75511222  1.21307083 33.0932456 ]
 Average call time: 4.57 sec | Current time: 2018-10-02 11:35:06.784769
 --------------------------
iter: 184 | batch: 0 | nc: 1 | ncalls: 224 | eff(%): 25.414 | logz: -4.0e+05 +/- 1.2e-01 | dlogz: 184985.353 >  0.500
 loglike: -4.0e+05 | params: [-0.34456082 -1.42427659  5.86050423  8.25515958 33.33452369]
 Average call time: 5.43 sec | Current time: 2018-10-02 11:35:12.215568
 --------------------------
iter: 185 | batch: 0 | nc: 1 | ncalls: 225 | eff(%): 25.517 | logz: -4.0e+05 +/- 1.2e-01 | dlogz: 184764.782 >  0.500
 loglike: -4.0e+05 | params: [ 0.23825478 -1.56382658  6.01073821  2.96095981 33.52130486]
 Average call time: 5.31 sec | Current time: 2018-10-02 11:35:17.527229
 --------------------------
iter: 186 | batch: 0 | nc: 2 | ncalls: 227 | eff(%): 25.585 | logz: -4.0e+05 +/- 1.2e-01 | dlogz: 183978.970 >  0.500
 loglike: -4.0e+05 | params: [-0.57159429 -1.63802978  5.84446155 12.99580377 33.51597791]
 Average call time: 5.64 sec | Current time: 2018-10-02 11:35:28.806523
 --------------------------
iter: 187 | batch: 0 | nc: 1 | ncalls: 228 | eff(%): 25.687 | logz: -4.0e+05 +/- 1.2e-01 | dlogz: 183942.979 >  0.500
 loglike: -4.0e+05 | params: [ 0.23192499 -1.28794288  5.31885517  7.75741954 30.89652066]
 Average call time: 4.58 sec | Current time: 2018-10-02 11:35:33.388128
 --------------------------
iter: 188 | batch: 0 | nc: 1 | ncalls: 229 | eff(%): 25.789 | logz: -4.0e+05 +/- 1.2e-01 | dlogz: 183609.961 >  0.500
 loglike: -4.0e+05 | params: [ 0.34735133 -1.54079569  5.14794257  2.52400872 31.15348993]
 Average call time: 5.27 sec | Current time: 2018-10-02 11:35:38.662378
 --------------------------
iter: 189 | batch: 0 | nc: 1 | ncalls: 230 | eff(%): 25.890 | logz: -4.0e+05 +/- 1.2e-01 | dlogz: 182993.768 >  0.500
 loglike: -4.0e+05 | params: [-0.20222899 -1.88592048  5.52675546  7.25860848 32.11463192]
 Average call time: 5.30 sec | Current time: 2018-10-02 11:35:43.962379
 --------------------------
iter: 190 | batch: 0 | nc: 2 | ncalls: 232 | eff(%): 25.956 | logz: -4.0e+05 +/- 1.2e-01 | dlogz: 182609.399 >  0.500
 loglike: -4.0e+05 | params: [-0.19249594 -1.39338739  5.53937141  6.35259753 32.22926755]
 Average call time: 5.12 sec | Current time: 2018-10-02 11:35:54.206385
 --------------------------
iter: 191 | batch: 0 | nc: 1 | ncalls: 233 | eff(%): 26.057 | logz: -4.0e+05 +/- 1.2e-01 | dlogz: 181153.354 >  0.500
 loglike: -4.0e+05 | params: [-1.369817   -1.5811601   4.77970189  7.77032526 30.89999063]
 Average call time: 5.63 sec | Current time: 2018-10-02 11:35:59.838728
 --------------------------
iter: 192 | batch: 0 | nc: 1 | ncalls: 234 | eff(%): 26.158 | logz: -4.0e+05 +/- 1.2e-01 | dlogz: 180789.403 >  0.500
 loglike: -4.0e+05 | params: [-0.71049102 -1.35734105  5.2557012  19.3500899  31.65899198]
 Average call time: 5.39 sec | Current time: 2018-10-02 11:36:05.226367
 --------------------------
iter: 193 | batch: 0 | nc: 1 | ncalls: 235 | eff(%): 26.259 | logz: -4.0e+05 +/- 1.2e-01 | dlogz: 180778.923 >  0.500
 loglike: -4.0e+05 | params: [ 0.15683984 -1.0949663   5.65720839  5.43954956 32.35987263]
 Average call time: 5.46 sec | Current time: 2018-10-02 11:36:10.689382
 --------------------------
iter: 194 | batch: 0 | nc: 1 | ncalls: 236 | eff(%): 26.359 | logz: -4.0e+05 +/- 1.2e-01 | dlogz: 180738.412 >  0.500
 loglike: -4.0e+05 | params: [-3.01096229e-02 -1.63438091e+00  6.00801299e+00  1.56764383e+01
  3.35067769e+01]
 Average call time: 4.52 sec | Current time: 2018-10-02 11:36:15.214066
 --------------------------
iter: 195 | batch: 0 | nc: 1 | ncalls: 237 | eff(%): 26.459 | logz: -3.9e+05 +/- 1.2e-01 | dlogz: 180092.914 >  0.500
 loglike: -3.9e+05 | params: [ 0.13919578 -1.99581015  6.44302325  3.42197738 34.90124241]
 Average call time: 4.57 sec | Current time: 2018-10-02 11:36:19.784128
 --------------------------
iter: 196 | batch: 0 | nc: 1 | ncalls: 238 | eff(%): 26.558 | logz: -3.9e+05 +/- 1.2e-01 | dlogz: 177503.894 >  0.500
 loglike: -3.9e+05 | params: [-1.3945408  -1.95732115  4.64467248 12.1072513  30.41126709]
 Average call time: 5.43 sec | Current time: 2018-10-02 11:36:25.217203
 --------------------------
iter: 197 | batch: 0 | nc: 2 | ncalls: 240 | eff(%): 26.622 | logz: -3.9e+05 +/- 1.2e-01 | dlogz: 177438.953 >  0.500
 loglike: -3.9e+05 | params: [-0.06677102 -1.51924965  6.36393293 10.21001819 34.9151742 ]
 Average call time: 5.73 sec | Current time: 2018-10-02 11:36:36.670505
 --------------------------
iter: 198 | batch: 0 | nc: 1 | ncalls: 241 | eff(%): 26.721 | logz: -3.9e+05 +/- 1.2e-01 | dlogz: 176712.760 >  0.500
 loglike: -3.9e+05 | params: [-0.06710378 -1.49914076  5.80040612 16.66881469 32.79971808]
 Average call time: 5.32 sec | Current time: 2018-10-02 11:36:41.987523
 --------------------------
iter: 199 | batch: 0 | nc: 1 | ncalls: 242 | eff(%): 26.819 | logz: -3.9e+05 +/- 1.2e-01 | dlogz: 176169.590 >  0.500
 loglike: -3.9e+05 | params: [ 0.20050349 -1.04851113  5.41489399  1.61563471 32.05038971]
 Average call time: 5.46 sec | Current time: 2018-10-02 11:36:47.452411
 --------------------------
iter: 200 | batch: 0 | nc: 2 | ncalls: 244 | eff(%): 26.882 | logz: -3.9e+05 +/- 1.2e-01 | dlogz: 174223.024 >  0.500
 loglike: -3.9e+05 | params: [-0.45539343 -1.90167147  5.56818337 17.69240782 32.83527211]
 Average call time: 5.83 sec | Current time: 2018-10-02 11:36:59.113489
 --------------------------
iter: 201 | batch: 0 | nc: 2 | ncalls: 246 | eff(%): 26.944 | logz: -3.9e+05 +/- 1.2e-01 | dlogz: 172817.874 >  0.500
 loglike: -3.9e+05 | params: [-0.79685719 -1.55705432  4.89746718 12.38946209 30.88558744]
 Average call time: 5.57 sec | Current time: 2018-10-02 11:37:10.263136
 --------------------------
iter: 202 | batch: 0 | nc: 2 | ncalls: 248 | eff(%): 27.005 | logz: -3.9e+05 +/- 1.2e-01 | dlogz: 172041.886 >  0.500
 loglike: -3.9e+05 | params: [-0.42236296 -1.49237005  5.21540442 10.93920636 31.59127223]
 Average call time: 5.50 sec | Current time: 2018-10-02 11:37:21.264856
 --------------------------
iter: 203 | batch: 0 | nc: 1 | ncalls: 249 | eff(%): 27.103 | logz: -3.9e+05 +/- 1.2e-01 | dlogz: 170947.944 >  0.500
 loglike: -3.9e+05 | params: [-1.48207045 -1.29152038  5.25140094  1.62545768 32.5408133 ]
 Average call time: 5.32 sec | Current time: 2018-10-02 11:37:26.584070
 --------------------------
iter: 204 | batch: 0 | nc: 1 | ncalls: 250 | eff(%): 27.200 | logz: -3.9e+05 +/- 1.2e-01 | dlogz: 170801.561 >  0.500
 loglike: -3.9e+05 | params: [-1.4792084  -1.3267781   5.94962398 16.63241492 34.97191017]
 Average call time: 5.77 sec | Current time: 2018-10-02 11:37:32.357986
 --------------------------
iter: 205 | batch: 0 | nc: 1 | ncalls: 251 | eff(%): 27.297 | logz: -3.9e+05 +/- 1.2e-01 | dlogz: 170067.794 >  0.500
 loglike: -3.9e+05 | params: [-1.22517976 -1.06257814  5.78109593 19.06247474 34.2982955 ]
 Average call time: 5.61 sec | Current time: 2018-10-02 11:37:37.963882
 --------------------------
iter: 206 | batch: 0 | nc: 1 | ncalls: 252 | eff(%): 27.394 | logz: -3.8e+05 +/- 1.2e-01 | dlogz: 168447.120 >  0.500
 loglike: -3.8e+05 | params: [-0.202291   -1.41198851  5.45037946 13.95717317 32.08303493]
 Average call time: 5.35 sec | Current time: 2018-10-02 11:37:43.311194
 --------------------------
iter: 207 | batch: 0 | nc: 1 | ncalls: 253 | eff(%): 27.490 | logz: -3.8e+05 +/- 1.2e-01 | dlogz: 165816.774 >  0.500
 loglike: -3.8e+05 | params: [-1.10999242 -1.17948251  4.6014209   7.9305499  30.20541221]
 Average call time: 5.27 sec | Current time: 2018-10-02 11:37:48.580474
 --------------------------
iter: 208 | batch: 0 | nc: 1 | ncalls: 254 | eff(%): 27.586 | logz: -3.8e+05 +/- 1.2e-01 | dlogz: 165496.510 >  0.500
 loglike: -3.8e+05 | params: [ 0.45613073 -1.52728881  4.83072198  3.01901974 30.49872209]
 Average call time: 4.59 sec | Current time: 2018-10-02 11:37:53.166109
 --------------------------
iter: 209 | batch: 0 | nc: 1 | ncalls: 255 | eff(%): 27.682 | logz: -3.8e+05 +/- 1.2e-01 | dlogz: 165434.261 >  0.500
 loglike: -3.8e+05 | params: [-0.67032799 -1.71792159  4.82388017 10.20506487 30.55977775]
 Average call time: 4.71 sec | Current time: 2018-10-02 11:37:57.877652
 --------------------------
iter: 210 | batch: 0 | nc: 1 | ncalls: 256 | eff(%): 27.778 | logz: -3.8e+05 +/- 1.2e-01 | dlogz: 165293.210 >  0.500
 loglike: -3.8e+05 | params: [-1.14443727 -1.78353454  5.62195199 12.66659168 33.97267452]
 Average call time: 5.60 sec | Current time: 2018-10-02 11:38:03.475692
 --------------------------
iter: 211 | batch: 0 | nc: 2 | ncalls: 258 | eff(%): 27.836 | logz: -3.8e+05 +/- 1.2e-01 | dlogz: 164172.595 >  0.500
 loglike: -3.8e+05 | params: [-1.13332541 -1.29303735  4.92309867  9.3411325  31.66894189]
 Average call time: 5.18 sec | Current time: 2018-10-02 11:38:13.837879
 --------------------------
iter: 212 | batch: 0 | nc: 2 | ncalls: 260 | eff(%): 27.895 | logz: -3.8e+05 +/- 1.2e-01 | dlogz: 163412.760 >  0.500
 loglike: -3.8e+05 | params: [-1.40527227 -1.15554307  5.32837898  2.48398607 32.91875232]
 Average call time: 5.43 sec | Current time: 2018-10-02 11:38:24.693780
 --------------------------
iter: 213 | batch: 0 | nc: 1 | ncalls: 261 | eff(%): 27.989 | logz: -3.8e+05 +/- 1.2e-01 | dlogz: 161316.554 >  0.500
 loglike: -3.8e+05 | params: [-0.79728883 -1.54179297  4.62821183 13.7983007  30.01798622]
 Average call time: 4.70 sec | Current time: 2018-10-02 11:38:29.397907
 --------------------------
iter: 214 | batch: 0 | nc: 1 | ncalls: 262 | eff(%): 28.084 | logz: -3.8e+05 +/- 1.2e-01 | dlogz: 159853.199 >  0.500
 loglike: -3.8e+05 | params: [-0.1157265  -1.95705701  6.1679345   7.46197547 34.682785  ]
 Average call time: 4.68 sec | Current time: 2018-10-02 11:38:34.078095
 --------------------------
iter: 215 | batch: 0 | nc: 1 | ncalls: 263 | eff(%): 28.178 | logz: -3.8e+05 +/- 1.2e-01 | dlogz: 159615.269 >  0.500
 loglike: -3.8e+05 | params: [-1.32696575 -1.24698617  5.7114465   6.37857654 34.22657214]
 Average call time: 5.35 sec | Current time: 2018-10-02 11:38:39.429543
 --------------------------
iter: 216 | batch: 0 | nc: 1 | ncalls: 264 | eff(%): 28.272 | logz: -3.8e+05 +/- 1.2e-01 | dlogz: 159027.427 >  0.500
 loglike: -3.8e+05 | params: [-1.45392649 -1.49267404  5.43281114  2.84968771 33.36211431]
 Average call time: 5.69 sec | Current time: 2018-10-02 11:38:45.123259
 --------------------------
iter: 217 | batch: 0 | nc: 2 | ncalls: 266 | eff(%): 28.329 | logz: -3.7e+05 +/- 1.2e-01 | dlogz: 158729.461 >  0.500
 loglike: -3.7e+05 | params: [-0.52528824 -1.7332593   5.02505551 15.09552005 31.35292114]
 Average call time: 5.77 sec | Current time: 2018-10-02 11:38:56.654780
 --------------------------
iter: 218 | batch: 0 | nc: 1 | ncalls: 267 | eff(%): 28.422 | logz: -3.7e+05 +/- 1.2e-01 | dlogz: 158046.957 >  0.500
 loglike: -3.7e+05 | params: [-1.36022757 -1.11215664  5.52950843  4.39485086 33.61257086]
 Average call time: 4.58 sec | Current time: 2018-10-02 11:39:01.230812
 --------------------------
iter: 219 | batch: 0 | nc: 1 | ncalls: 268 | eff(%): 28.516 | logz: -3.7e+05 +/- 1.2e-01 | dlogz: 157737.719 >  0.500
 loglike: -3.7e+05 | params: [-0.39642617 -1.90746387  5.70215386 11.32951915 33.72928864]
 Average call time: 5.49 sec | Current time: 2018-10-02 11:39:06.725063
 --------------------------
iter: 220 | batch: 0 | nc: 1 | ncalls: 269 | eff(%): 28.609 | logz: -3.7e+05 +/- 1.2e-01 | dlogz: 156385.134 >  0.500
 loglike: -3.7e+05 | params: [-0.62289788 -1.20295589  5.37832469 10.94595945 32.82113496]
 Average call time: 4.56 sec | Current time: 2018-10-02 11:39:11.280886
 --------------------------
iter: 221 | batch: 0 | nc: 2 | ncalls: 271 | eff(%): 28.664 | logz: -3.7e+05 +/- 1.2e-01 | dlogz: 154862.601 >  0.500
 loglike: -3.7e+05 | params: [-0.6943811  -1.06870291  5.36581393  8.44267333 32.84333306]
 Average call time: 5.50 sec | Current time: 2018-10-02 11:39:22.278933
 --------------------------
iter: 222 | batch: 0 | nc: 1 | ncalls: 272 | eff(%): 28.756 | logz: -3.7e+05 +/- 1.2e-01 | dlogz: 154476.544 >  0.500
 loglike: -3.7e+05 | params: [-0.42516791 -1.07969558  5.5512451  10.77096358 33.2163546 ]
 Average call time: 5.49 sec | Current time: 2018-10-02 11:39:27.771419
 --------------------------
iter: 223 | batch: 0 | nc: 1 | ncalls: 273 | eff(%): 28.849 | logz: -3.7e+05 +/- 1.2e-01 | dlogz: 152603.750 >  0.500
 loglike: -3.7e+05 | params: [-0.08831996 -1.62143574  6.08224953 12.80617616 34.65666939]
 Average call time: 5.36 sec | Current time: 2018-10-02 11:39:33.136058
 --------------------------
iter: 224 | batch: 0 | nc: 1 | ncalls: 274 | eff(%): 28.941 | logz: -3.7e+05 +/- 1.2e-01 | dlogz: 151972.817 >  0.500
 loglike: -3.7e+05 | params: [-1.30812673 -1.25173712  4.62309205  5.88611853 31.14095376]
 Average call time: 5.40 sec | Current time: 2018-10-02 11:39:38.540542
 --------------------------
