GPU acceleration enabled
Loading Setup File: setup_files/m49_taufull.py
using given n: 0
Starting SourceModule Code
Past the SourceModule code
CUDAC Available
Running Nested Sampling
dynamic:  True
{'pool': None, 'bound': 'multi', 'method': 'unif', 'nprocs': 1, 'update_interval': 1, 'bootstrap': 0, 'enlarge': 1.1, 'first_update': {'min_eff': 30.0}}
{'nlive_init': 500, 'maxcall': 200000, 'dlogz_init': 0.5, 'maxbatch': 10, 'nlive_batch': 100, 'wt_kwargs': {'pfrac': 1.0}, 'maxcall_per_it': 1000, 'print_progress': True, 'save_bounds': False}
-initializing models
-Saving initial results dataframe
Dynamic Sampler Initialized
iter: 1 | batch: 0 | nc: 1 | ncalls: 1 | eff(%):  0.200 | logz: -6.7e+05 +/- 1.2e-01 | dlogz:    inf >  0.500
 loglike: -6.7e+05 | params: [-1.48477705 -1.10366202  6.98776474 16.13948067 30.15083967]
 Average call time: 2720.11 sec | Current time: 2018-10-02 11:15:39.535338
 --------------------------
iter: 2 | batch: 0 | nc: 1 | ncalls: 2 | eff(%):  0.398 | logz: -6.5e+05 +/- 1.2e-01 | dlogz: 265274.196 >  0.500
 loglike: -6.5e+05 | params: [-0.68079092 -1.99428492  6.77007182 12.14452673 30.03273138]
 Average call time: 5.56 sec | Current time: 2018-10-02 11:15:45.096850
 --------------------------
iter: 3 | batch: 0 | nc: 1 | ncalls: 3 | eff(%):  0.596 | logz: -6.5e+05 +/- 1.2e-01 | dlogz: 241372.908 >  0.500
 loglike: -6.5e+05 | params: [-1.48130285 -1.09935138  6.88620715 11.18220411 30.42386922]
 Average call time: 5.45 sec | Current time: 2018-10-02 11:15:50.541991
 --------------------------
iter: 4 | batch: 0 | nc: 1 | ncalls: 4 | eff(%):  0.794 | logz: -6.4e+05 +/- 1.2e-01 | dlogz: 238084.295 >  0.500
 loglike: -6.4e+05 | params: [ 0.34996076 -1.47086836  6.85592866 10.99032994 30.03218989]
 Average call time: 4.59 sec | Current time: 2018-10-02 11:15:55.135251
 --------------------------
iter: 5 | batch: 0 | nc: 1 | ncalls: 5 | eff(%):  0.990 | logz: -6.2e+05 +/- 1.2e-01 | dlogz: 228458.240 >  0.500
 loglike: -6.2e+05 | params: [-1.39225263 -1.54835159  6.91002371  2.56645974 30.59690449]
 Average call time: 4.99 sec | Current time: 2018-10-02 11:16:00.122076
 --------------------------
iter: 6 | batch: 0 | nc: 1 | ncalls: 6 | eff(%):  1.186 | logz: -6.2e+05 +/- 1.2e-01 | dlogz: 216758.688 >  0.500
 loglike: -6.2e+05 | params: [-1.10245621 -1.55604638  6.62383672 13.46154376 30.40761548]
 Average call time: 4.62 sec | Current time: 2018-10-02 11:16:04.743039
 --------------------------
iter: 7 | batch: 0 | nc: 1 | ncalls: 7 | eff(%):  1.381 | logz: -6.2e+05 +/- 1.2e-01 | dlogz: 213101.501 >  0.500
 loglike: -6.2e+05 | params: [ 0.33116772 -1.82228373  6.91051297 13.12224083 30.71008859]
 Average call time: 5.56 sec | Current time: 2018-10-02 11:16:10.306359
 --------------------------
iter: 8 | batch: 0 | nc: 1 | ncalls: 8 | eff(%):  1.575 | logz: -6.1e+05 +/- 1.2e-01 | dlogz: 210873.705 >  0.500
 loglike: -6.1e+05 | params: [-0.28802332 -1.03520348  6.8379574  18.6075733  30.92339916]
 Average call time: 5.30 sec | Current time: 2018-10-02 11:16:15.611073
 --------------------------
iter: 9 | batch: 0 | nc: 1 | ncalls: 9 | eff(%):  1.768 | logz: -6.1e+05 +/- 1.2e-01 | dlogz: 207859.423 >  0.500
 loglike: -6.1e+05 | params: [-0.47655747 -1.15638356  6.96771826 12.65204793 31.42736665]
 Average call time: 4.57 sec | Current time: 2018-10-02 11:16:20.181487
 --------------------------
iter: 10 | batch: 0 | nc: 1 | ncalls: 10 | eff(%):  1.961 | logz: -6.0e+05 +/- 1.2e-01 | dlogz: 203155.070 >  0.500
 loglike: -6.0e+05 | params: [-1.10964668 -1.94260855  6.57372274 16.63033482 30.79502139]
 Average call time: 5.55 sec | Current time: 2018-10-02 11:16:25.733287
 --------------------------
iter: 11 | batch: 0 | nc: 1 | ncalls: 11 | eff(%):  2.153 | logz: -6.0e+05 +/- 1.2e-01 | dlogz: 196962.744 >  0.500
 loglike: -6.0e+05 | params: [-0.44654579 -1.37027343  6.40756917 12.85866954 30.11343958]
 Average call time: 5.46 sec | Current time: 2018-10-02 11:16:31.196238
 --------------------------
iter: 12 | batch: 0 | nc: 1 | ncalls: 12 | eff(%):  2.344 | logz: -5.9e+05 +/- 1.2e-01 | dlogz: 194091.865 >  0.500
 loglike: -5.9e+05 | params: [-0.65678375 -1.06783457  6.3381641   8.9589711  30.1459471 ]
 Average call time: 5.38 sec | Current time: 2018-10-02 11:16:36.571873
 --------------------------
iter: 13 | batch: 0 | nc: 1 | ncalls: 13 | eff(%):  2.534 | logz: -5.9e+05 +/- 1.2e-01 | dlogz: 183698.425 >  0.500
 loglike: -5.9e+05 | params: [-0.36058422 -1.1106568   6.59070933  3.13246029 30.59492503]
 Average call time: 4.61 sec | Current time: 2018-10-02 11:16:41.185152
 --------------------------
iter: 14 | batch: 0 | nc: 1 | ncalls: 14 | eff(%):  2.724 | logz: -5.9e+05 +/- 1.2e-01 | dlogz: 182466.006 >  0.500
 loglike: -5.9e+05 | params: [-1.18947199 -1.63900804  6.77537628  2.69015152 31.36423293]
 Average call time: 5.64 sec | Current time: 2018-10-02 11:16:46.828429
 --------------------------
iter: 15 | batch: 0 | nc: 1 | ncalls: 15 | eff(%):  2.913 | logz: -5.8e+05 +/- 1.2e-01 | dlogz: 179640.026 >  0.500
 loglike: -5.8e+05 | params: [-1.42137708 -1.56822348  6.27137923  8.50433682 30.44224555]
 Average call time: 5.30 sec | Current time: 2018-10-02 11:16:52.127892
 --------------------------
iter: 16 | batch: 0 | nc: 1 | ncalls: 16 | eff(%):  3.101 | logz: -5.8e+05 +/- 1.2e-01 | dlogz: 176998.210 >  0.500
 loglike: -5.8e+05 | params: [ 0.13136711 -1.02635584  6.60307041  2.06969233 30.59226759]
 Average call time: 6.27 sec | Current time: 2018-10-02 11:16:58.393680
 --------------------------
iter: 17 | batch: 0 | nc: 1 | ncalls: 17 | eff(%):  3.288 | logz: -5.8e+05 +/- 1.2e-01 | dlogz: 175430.812 >  0.500
 loglike: -5.8e+05 | params: [ 0.06126132 -1.17850605  6.76704878 12.23812622 31.45040911]
 Average call time: 5.41 sec | Current time: 2018-10-02 11:17:03.802702
 --------------------------
iter: 18 | batch: 0 | nc: 1 | ncalls: 18 | eff(%):  3.475 | logz: -5.8e+05 +/- 1.2e-01 | dlogz: 174740.314 >  0.500
 loglike: -5.8e+05 | params: [-1.45645548 -1.55166223  6.46557404 15.54003635 31.24580658]
 Average call time: 5.99 sec | Current time: 2018-10-02 11:17:09.794612
 --------------------------
iter: 19 | batch: 0 | nc: 1 | ncalls: 19 | eff(%):  3.661 | logz: -5.8e+05 +/- 1.2e-01 | dlogz: 173865.837 >  0.500
 loglike: -5.8e+05 | params: [-0.91318162 -1.94363618  6.67270389 13.01071295 31.72791247]
 Average call time: 5.48 sec | Current time: 2018-10-02 11:17:15.269860
 --------------------------
iter: 20 | batch: 0 | nc: 1 | ncalls: 20 | eff(%):  3.846 | logz: -5.8e+05 +/- 1.2e-01 | dlogz: 173194.021 >  0.500
 loglike: -5.8e+05 | params: [-0.90271865 -1.13839038  6.52903598 15.39480671 31.3061582 ]
 Average call time: 5.49 sec | Current time: 2018-10-02 11:17:20.756281
 --------------------------
iter: 21 | batch: 0 | nc: 1 | ncalls: 21 | eff(%):  4.031 | logz: -5.8e+05 +/- 1.2e-01 | dlogz: 172988.619 >  0.500
 loglike: -5.8e+05 | params: [ 0.12070647 -1.03589879  6.78857032 11.86419355 31.5575166 ]
 Average call time: 5.87 sec | Current time: 2018-10-02 11:17:26.623733
 --------------------------
iter: 22 | batch: 0 | nc: 1 | ncalls: 22 | eff(%):  4.215 | logz: -5.8e+05 +/- 1.2e-01 | dlogz: 172639.147 >  0.500
 loglike: -5.8e+05 | params: [ 0.19212827 -1.81674433  6.56484596  2.16268006 30.63411906]
 Average call time: 6.02 sec | Current time: 2018-10-02 11:17:32.647874
 --------------------------
iter: 23 | batch: 0 | nc: 1 | ncalls: 23 | eff(%):  4.398 | logz: -5.8e+05 +/- 1.2e-01 | dlogz: 172140.039 >  0.500
 loglike: -5.8e+05 | params: [-1.30374508 -1.56177271  6.73743116  0.92774089 31.55423779]
 Average call time: 6.14 sec | Current time: 2018-10-02 11:17:38.788655
 --------------------------
iter: 24 | batch: 0 | nc: 1 | ncalls: 24 | eff(%):  4.580 | logz: -5.8e+05 +/- 1.2e-01 | dlogz: 171295.905 >  0.500
 loglike: -5.8e+05 | params: [-0.64756943 -1.47798857  6.73372181 10.34488015 31.87616344]
 Average call time: 5.54 sec | Current time: 2018-10-02 11:17:44.324858
 --------------------------
iter: 25 | batch: 0 | nc: 1 | ncalls: 25 | eff(%):  4.762 | logz: -5.7e+05 +/- 1.2e-01 | dlogz: 169035.528 >  0.500
 loglike: -5.7e+05 | params: [-1.11313133 -1.2599519   6.78364937 10.36629014 32.15022614]
 Average call time: 5.52 sec | Current time: 2018-10-02 11:17:49.843248
 --------------------------
iter: 26 | batch: 0 | nc: 1 | ncalls: 26 | eff(%):  4.943 | logz: -5.7e+05 +/- 1.2e-01 | dlogz: 168007.673 >  0.500
 loglike: -5.7e+05 | params: [-0.75315259 -1.98759302  6.60951669 17.4781938  31.75873411]
 Average call time: 5.54 sec | Current time: 2018-10-02 11:17:55.378565
 --------------------------
iter: 27 | batch: 0 | nc: 1 | ncalls: 27 | eff(%):  5.123 | logz: -5.7e+05 +/- 1.2e-01 | dlogz: 167316.087 >  0.500
 loglike: -5.7e+05 | params: [-0.46072911 -1.79220899  6.37548903  4.56061443 30.69329663]
 Average call time: 4.85 sec | Current time: 2018-10-02 11:18:00.228634
 --------------------------
iter: 28 | batch: 0 | nc: 1 | ncalls: 28 | eff(%):  5.303 | logz: -5.7e+05 +/- 1.2e-01 | dlogz: 165572.000 >  0.500
 loglike: -5.7e+05 | params: [-1.48320201 -1.52845105  6.26211055 18.471276   31.15718067]
 Average call time: 5.36 sec | Current time: 2018-10-02 11:18:05.591649
 --------------------------
iter: 29 | batch: 0 | nc: 1 | ncalls: 29 | eff(%):  5.482 | logz: -5.7e+05 +/- 1.2e-01 | dlogz: 161395.297 >  0.500
 loglike: -5.7e+05 | params: [-1.48236945 -1.38029686  6.56185004  4.33066056 31.61075498]
 Average call time: 4.88 sec | Current time: 2018-10-02 11:18:10.469851
 --------------------------
iter: 30 | batch: 0 | nc: 1 | ncalls: 30 | eff(%):  5.660 | logz: -5.6e+05 +/- 1.2e-01 | dlogz: 161370.170 >  0.500
 loglike: -5.6e+05 | params: [-0.85361037 -1.4095182   6.26949284  5.81254226 30.86533613]
 Average call time: 5.43 sec | Current time: 2018-10-02 11:18:15.904693
 --------------------------
iter: 31 | batch: 0 | nc: 2 | ncalls: 32 | eff(%):  5.827 | logz: -5.6e+05 +/- 1.2e-01 | dlogz: 157866.961 >  0.500
 loglike: -5.6e+05 | params: [-0.83998522 -1.39332478  6.11079894 12.5965048  30.58961529]
 Average call time: 5.88 sec | Current time: 2018-10-02 11:18:27.669288
 --------------------------
iter: 32 | batch: 0 | nc: 1 | ncalls: 33 | eff(%):  6.004 | logz: -5.6e+05 +/- 1.2e-01 | dlogz: 157802.199 >  0.500
 loglike: -5.6e+05 | params: [-1.23644706 -1.07282014  6.1389829   7.91536014 30.70285323]
 Average call time: 5.95 sec | Current time: 2018-10-02 11:18:33.614372
 --------------------------
iter: 33 | batch: 0 | nc: 1 | ncalls: 34 | eff(%):  6.180 | logz: -5.6e+05 +/- 1.2e-01 | dlogz: 155495.072 >  0.500
 loglike: -5.6e+05 | params: [-1.4720317  -1.39102286  6.9428319   4.55972977 32.93608859]
 Average call time: 5.59 sec | Current time: 2018-10-02 11:18:39.207616
 --------------------------
iter: 34 | batch: 0 | nc: 1 | ncalls: 35 | eff(%):  6.355 | logz: -5.6e+05 +/- 1.2e-01 | dlogz: 154369.389 >  0.500
 loglike: -5.6e+05 | params: [-1.06954061 -1.98159901  6.31492867  2.31298055 31.26034389]
 Average call time: 4.63 sec | Current time: 2018-10-02 11:18:43.838327
 --------------------------
iter: 35 | batch: 0 | nc: 1 | ncalls: 36 | eff(%):  6.530 | logz: -5.6e+05 +/- 1.2e-01 | dlogz: 153141.662 >  0.500
 loglike: -5.6e+05 | params: [-0.03345781 -1.93447943  6.07755641 17.20948554 30.15805266]
 Average call time: 4.66 sec | Current time: 2018-10-02 11:18:48.495321
 --------------------------
iter: 36 | batch: 0 | nc: 1 | ncalls: 37 | eff(%):  6.704 | logz: -5.6e+05 +/- 1.2e-01 | dlogz: 152637.455 >  0.500
 loglike: -5.6e+05 | params: [-1.34768962 -1.47843246  6.92033166  8.54235794 33.17912981]
 Average call time: 5.63 sec | Current time: 2018-10-02 11:18:54.123917
 --------------------------
iter: 37 | batch: 0 | nc: 1 | ncalls: 38 | eff(%):  6.877 | logz: -5.6e+05 +/- 1.2e-01 | dlogz: 152062.697 >  0.500
 loglike: -5.6e+05 | params: [-0.71995769 -1.73287795  6.0108321  18.00275428 30.50793928]
 Average call time: 5.46 sec | Current time: 2018-10-02 11:18:59.583878
 --------------------------
iter: 38 | batch: 0 | nc: 1 | ncalls: 39 | eff(%):  7.050 | logz: -5.6e+05 +/- 1.2e-01 | dlogz: 150822.961 >  0.500
 loglike: -5.6e+05 | params: [-0.3546815  -1.8793378   6.99981862 19.94786891 33.47356071]
 Average call time: 5.38 sec | Current time: 2018-10-02 11:19:04.962007
 --------------------------
iter: 39 | batch: 0 | nc: 1 | ncalls: 40 | eff(%):  7.222 | logz: -5.6e+05 +/- 1.2e-01 | dlogz: 150526.339 >  0.500
 loglike: -5.6e+05 | params: [ 0.44811162 -1.24578438  6.58338728  0.85028654 31.42924424]
 Average call time: 5.91 sec | Current time: 2018-10-02 11:19:10.876741
 --------------------------
iter: 40 | batch: 0 | nc: 1 | ncalls: 41 | eff(%):  7.394 | logz: -5.6e+05 +/- 1.2e-01 | dlogz: 149583.975 >  0.500
 loglike: -5.6e+05 | params: [-0.15434357 -1.91252839  6.4348297  15.67104456 31.58652206]
 Average call time: 5.44 sec | Current time: 2018-10-02 11:19:16.320676
 --------------------------
iter: 41 | batch: 0 | nc: 1 | ncalls: 42 | eff(%):  7.565 | logz: -5.6e+05 +/- 1.2e-01 | dlogz: 149100.443 >  0.500
 loglike: -5.6e+05 | params: [-1.39572732 -1.90727068  6.43494815  3.44620425 31.81443306]
 Average call time: 5.44 sec | Current time: 2018-10-02 11:19:21.764314
 --------------------------
iter: 42 | batch: 0 | nc: 1 | ncalls: 43 | eff(%):  7.735 | logz: -5.5e+05 +/- 1.2e-01 | dlogz: 148547.033 >  0.500
 loglike: -5.5e+05 | params: [-0.91349689 -1.46988317  6.3316276  17.38879655 31.78251651]
 Average call time: 4.93 sec | Current time: 2018-10-02 11:19:26.692243
 --------------------------
iter: 43 | batch: 0 | nc: 1 | ncalls: 44 | eff(%):  7.904 | logz: -5.5e+05 +/- 1.2e-01 | dlogz: 148001.140 >  0.500
 loglike: -5.5e+05 | params: [-1.48131279 -1.33875291  5.88068888 18.53968991 30.54708109]
 Average call time: 5.33 sec | Current time: 2018-10-02 11:19:32.023882
 --------------------------
iter: 44 | batch: 0 | nc: 1 | ncalls: 45 | eff(%):  8.073 | logz: -5.5e+05 +/- 1.1e-01 | dlogz: 147335.547 >  0.500
 loglike: -5.5e+05 | params: [ 0.11143158 -1.51572588  6.38337524  3.12921262 31.09858169]
 Average call time: 4.64 sec | Current time: 2018-10-02 11:19:36.663401
 --------------------------
iter: 45 | batch: 0 | nc: 2 | ncalls: 47 | eff(%):  8.227 | logz: -5.5e+05 +/- 1.2e-01 | dlogz: 147333.333 >  0.500
 loglike: -5.5e+05 | params: [ 0.46091856 -1.85558164  6.51606541 14.9437087  31.74229517]
 Average call time: 5.81 sec | Current time: 2018-10-02 11:19:48.292845
 --------------------------
iter: 46 | batch: 0 | nc: 1 | ncalls: 48 | eff(%):  8.394 | logz: -5.5e+05 +/- 1.2e-01 | dlogz: 145438.068 >  0.500
 loglike: -5.5e+05 | params: [-0.97670781 -1.10663812  6.11225403  5.30684822 31.03441955]
 Average call time: 5.46 sec | Current time: 2018-10-02 11:19:53.756937
 --------------------------
iter: 47 | batch: 0 | nc: 1 | ncalls: 49 | eff(%):  8.561 | logz: -5.5e+05 +/- 1.2e-01 | dlogz: 143992.080 >  0.500
 loglike: -5.5e+05 | params: [ 0.19204938 -1.52667012  6.51277513  4.59731097 31.52076869]
 Average call time: 5.70 sec | Current time: 2018-10-02 11:19:59.453984
 --------------------------
iter: 48 | batch: 0 | nc: 1 | ncalls: 50 | eff(%):  8.727 | logz: -5.5e+05 +/- 1.2e-01 | dlogz: 143515.708 >  0.500
 loglike: -5.5e+05 | params: [-0.38566397 -1.54473079  6.72298202 14.96649115 32.96378039]
 Average call time: 6.03 sec | Current time: 2018-10-02 11:20:05.480832
 --------------------------
iter: 49 | batch: 0 | nc: 2 | ncalls: 52 | eff(%):  8.877 | logz: -5.5e+05 +/- 1.2e-01 | dlogz: 142704.068 >  0.500
 loglike: -5.5e+05 | params: [-0.42935303 -1.3899995   6.2571182   8.25816428 31.30698513]
 Average call time: 5.83 sec | Current time: 2018-10-02 11:20:17.136948
 --------------------------
iter: 50 | batch: 0 | nc: 1 | ncalls: 53 | eff(%):  9.042 | logz: -5.5e+05 +/- 1.2e-01 | dlogz: 142631.254 >  0.500
 loglike: -5.5e+05 | params: [-1.28219444 -1.53758051  6.43175916  9.35315722 32.33107636]
 Average call time: 5.38 sec | Current time: 2018-10-02 11:20:22.516618
 --------------------------
iter: 51 | batch: 0 | nc: 2 | ncalls: 55 | eff(%):  9.189 | logz: -5.5e+05 +/- 1.2e-01 | dlogz: 142494.274 >  0.500
 loglike: -5.5e+05 | params: [-0.41441855 -1.50506511  6.00641484  6.22838933 30.57009889]
 Average call time: 5.65 sec | Current time: 2018-10-02 11:20:33.806934
 --------------------------
iter: 52 | batch: 0 | nc: 1 | ncalls: 56 | eff(%):  9.353 | logz: -5.5e+05 +/- 1.2e-01 | dlogz: 141159.515 >  0.500
 loglike: -5.5e+05 | params: [-0.65426806 -1.06651391  6.96985497 11.00199289 33.65117286]
 Average call time: 5.53 sec | Current time: 2018-10-02 11:20:39.341655
 --------------------------
iter: 53 | batch: 0 | nc: 1 | ncalls: 57 | eff(%):  9.515 | logz: -5.5e+05 +/- 1.2e-01 | dlogz: 141033.670 >  0.500
 loglike: -5.5e+05 | params: [-1.37199356 -1.49410305  6.66713356  3.06434217 32.84739397]
 Average call time: 4.96 sec | Current time: 2018-10-02 11:20:44.297538
 --------------------------
iter: 54 | batch: 0 | nc: 1 | ncalls: 58 | eff(%):  9.677 | logz: -5.5e+05 +/- 1.2e-01 | dlogz: 139813.729 >  0.500
 loglike: -5.5e+05 | params: [-1.45473505 -1.78717811  5.63123352 13.49704141 30.19198184]
 Average call time: 5.30 sec | Current time: 2018-10-02 11:20:49.596181
 --------------------------
iter: 55 | batch: 0 | nc: 1 | ncalls: 59 | eff(%):  9.839 | logz: -5.5e+05 +/- 1.2e-01 | dlogz: 138294.788 >  0.500
 loglike: -5.5e+05 | params: [-1.42652353 -1.06485804  6.96069623 11.04763664 34.08459812]
 Average call time: 5.36 sec | Current time: 2018-10-02 11:20:54.959058
 --------------------------
iter: 56 | batch: 0 | nc: 1 | ncalls: 60 | eff(%): 10.000 | logz: -5.5e+05 +/- 1.2e-01 | dlogz: 138169.330 >  0.500
 loglike: -5.5e+05 | params: [-0.58922023 -1.844337    6.9797642  17.80485262 34.018747  ]
 Average call time: 5.44 sec | Current time: 2018-10-02 11:21:00.403405
 --------------------------
iter: 57 | batch: 0 | nc: 2 | ncalls: 62 | eff(%): 10.142 | logz: -5.4e+05 +/- 1.2e-01 | dlogz: 138141.809 >  0.500
 loglike: -5.4e+05 | params: [-0.76695848 -1.93422121  5.9390444  10.29652239 30.88419252]
 Average call time: 5.45 sec | Current time: 2018-10-02 11:21:11.312315
 --------------------------
iter: 58 | batch: 0 | nc: 1 | ncalls: 63 | eff(%): 10.302 | logz: -5.4e+05 +/- 1.2e-01 | dlogz: 136391.402 >  0.500
 loglike: -5.4e+05 | params: [-0.88230071 -1.63232422  5.81653835  3.69090496 30.68871428]
 Average call time: 5.47 sec | Current time: 2018-10-02 11:21:16.779723
 --------------------------
iter: 59 | batch: 0 | nc: 1 | ncalls: 64 | eff(%): 10.461 | logz: -5.4e+05 +/- 1.2e-01 | dlogz: 135830.383 >  0.500
 loglike: -5.4e+05 | params: [ 0.06483325 -1.65087839  5.74838923  1.19357251 30.39099112]
 Average call time: 5.52 sec | Current time: 2018-10-02 11:21:22.300009
 --------------------------
iter: 60 | batch: 0 | nc: 2 | ncalls: 66 | eff(%): 10.601 | logz: -5.4e+05 +/- 1.2e-01 | dlogz: 135248.822 >  0.500
 loglike: -5.4e+05 | params: [-0.53389425 -1.87466839  6.82227092  0.43881404 33.38285383]
 Average call time: 6.19 sec | Current time: 2018-10-02 11:21:34.685220
 --------------------------
iter: 61 | batch: 0 | nc: 1 | ncalls: 67 | eff(%): 10.758 | logz: -5.4e+05 +/- 1.2e-01 | dlogz: 135148.683 >  0.500
 loglike: -5.4e+05 | params: [-1.1687496  -1.45522533  6.42185449 14.26493169 32.78185202]
 Average call time: 5.69 sec | Current time: 2018-10-02 11:21:40.374870
 --------------------------
iter: 62 | batch: 0 | nc: 1 | ncalls: 68 | eff(%): 10.915 | logz: -5.4e+05 +/- 1.2e-01 | dlogz: 133851.453 >  0.500
 loglike: -5.4e+05 | params: [-0.6672885  -1.3721227   6.53684164  1.4815125  32.75201572]
 Average call time: 6.02 sec | Current time: 2018-10-02 11:21:46.391873
 --------------------------
iter: 63 | batch: 0 | nc: 1 | ncalls: 69 | eff(%): 11.072 | logz: -5.4e+05 +/- 1.2e-01 | dlogz: 133762.938 >  0.500
 loglike: -5.4e+05 | params: [-1.44403143 -1.13640872  6.9931538   6.5736655  34.25130417]
 Average call time: 5.38 sec | Current time: 2018-10-02 11:21:51.776620
 --------------------------
iter: 64 | batch: 0 | nc: 1 | ncalls: 70 | eff(%): 11.228 | logz: -5.4e+05 +/- 1.2e-01 | dlogz: 133325.699 >  0.500
 loglike: -5.4e+05 | params: [-0.38133652 -1.67109514  6.16302241  4.97881393 31.44011193]
 Average call time: 5.45 sec | Current time: 2018-10-02 11:21:57.227183
 --------------------------
iter: 65 | batch: 0 | nc: 2 | ncalls: 72 | eff(%): 11.364 | logz: -5.4e+05 +/- 1.2e-01 | dlogz: 132697.437 >  0.500
 loglike: -5.4e+05 | params: [-0.98666914 -1.30029674  6.50784448 19.67547727 33.20456406]
 Average call time: 6.10 sec | Current time: 2018-10-02 11:22:09.424575
 --------------------------
iter: 66 | batch: 0 | nc: 1 | ncalls: 73 | eff(%): 11.518 | logz: -5.4e+05 +/- 1.2e-01 | dlogz: 132132.160 >  0.500
 loglike: -5.4e+05 | params: [-1.02025187 -1.87247164  6.47800993 18.21052183 33.1443961 ]
 Average call time: 5.70 sec | Current time: 2018-10-02 11:22:15.121921
 --------------------------
iter: 67 | batch: 0 | nc: 1 | ncalls: 74 | eff(%): 11.672 | logz: -5.4e+05 +/- 1.2e-01 | dlogz: 132018.227 >  0.500
 loglike: -5.4e+05 | params: [-1.44169691 -1.11932711  6.55833938  1.900629   32.99654556]
 Average call time: 5.67 sec | Current time: 2018-10-02 11:22:20.791490
 --------------------------
iter: 68 | batch: 0 | nc: 2 | ncalls: 76 | eff(%): 11.806 | logz: -5.4e+05 +/- 1.2e-01 | dlogz: 131667.977 >  0.500
 loglike: -5.4e+05 | params: [ 0.32424577 -1.20947587  6.96040733 19.18015507 33.95982068]
 Average call time: 5.88 sec | Current time: 2018-10-02 11:22:32.549027
 --------------------------
iter: 69 | batch: 0 | nc: 1 | ncalls: 77 | eff(%): 11.958 | logz: -5.4e+05 +/- 1.2e-01 | dlogz: 131366.634 >  0.500
 loglike: -5.4e+05 | params: [-0.6153355  -1.61933068  6.16299235 14.26804749 31.77500413]
 Average call time: 5.92 sec | Current time: 2018-10-02 11:22:38.466308
 --------------------------
iter: 70 | batch: 0 | nc: 1 | ncalls: 78 | eff(%): 12.111 | logz: -5.4e+05 +/- 1.2e-01 | dlogz: 131360.540 >  0.500
 loglike: -5.4e+05 | params: [-0.10412039 -1.7417035   6.5790391  10.69392791 32.7898221 ]
 Average call time: 5.52 sec | Current time: 2018-10-02 11:22:43.984045
 --------------------------
iter: 71 | batch: 0 | nc: 1 | ncalls: 79 | eff(%): 12.263 | logz: -5.4e+05 +/- 1.2e-01 | dlogz: 131059.577 >  0.500
 loglike: -5.4e+05 | params: [ 0.27979209 -1.83153171  6.41782148 14.08523518 32.11054327]
 Average call time: 5.78 sec | Current time: 2018-10-02 11:22:49.760634
 --------------------------
iter: 72 | batch: 0 | nc: 1 | ncalls: 80 | eff(%): 12.414 | logz: -5.4e+05 +/- 1.2e-01 | dlogz: 130588.923 >  0.500
 loglike: -5.4e+05 | params: [-0.73056822 -1.86311231  6.77014977  5.6225386  33.64238843]
 Average call time: 4.93 sec | Current time: 2018-10-02 11:22:54.689839
 --------------------------
iter: 73 | batch: 0 | nc: 1 | ncalls: 81 | eff(%): 12.565 | logz: -5.4e+05 +/- 1.2e-01 | dlogz: 130579.339 >  0.500
 loglike: -5.4e+05 | params: [-0.75220306 -1.583783    6.3879125  15.23934141 32.7405619 ]
 Average call time: 5.57 sec | Current time: 2018-10-02 11:23:00.262660
 --------------------------
iter: 74 | batch: 0 | nc: 1 | ncalls: 82 | eff(%): 12.715 | logz: -5.4e+05 +/- 1.2e-01 | dlogz: 130524.082 >  0.500
 loglike: -5.4e+05 | params: [-1.20033257 -1.25393659  6.15503496 12.7111428  32.19154941]
 Average call time: 5.47 sec | Current time: 2018-10-02 11:23:05.732708
 --------------------------
iter: 75 | batch: 0 | nc: 1 | ncalls: 83 | eff(%): 12.864 | logz: -5.4e+05 +/- 1.2e-01 | dlogz: 129971.087 >  0.500
 loglike: -5.4e+05 | params: [-0.38110462 -1.90598808  5.95222763 10.26729369 30.95069189]
 Average call time: 4.64 sec | Current time: 2018-10-02 11:23:10.370056
 --------------------------
iter: 76 | batch: 0 | nc: 2 | ncalls: 85 | eff(%): 12.991 | logz: -5.4e+05 +/- 1.2e-01 | dlogz: 129586.321 >  0.500
 loglike: -5.4e+05 | params: [-0.90614543 -1.62805569  6.13849679 18.03267675 32.13651892]
 Average call time: 5.32 sec | Current time: 2018-10-02 11:23:21.012381
 --------------------------
iter: 77 | batch: 0 | nc: 1 | ncalls: 86 | eff(%): 13.140 | logz: -5.4e+05 +/- 1.2e-01 | dlogz: 129288.658 >  0.500
 loglike: -5.4e+05 | params: [ 0.06495599 -1.23839609  6.57201557 13.20659336 32.84183791]
 Average call time: 4.61 sec | Current time: 2018-10-02 11:23:25.621809
 --------------------------
iter: 78 | batch: 0 | nc: 1 | ncalls: 87 | eff(%): 13.288 | logz: -5.4e+05 +/- 1.2e-01 | dlogz: 129117.956 >  0.500
 loglike: -5.4e+05 | params: [-0.26772149 -1.78070883  6.36261833 12.99251169 32.36501472]
 Average call time: 5.51 sec | Current time: 2018-10-02 11:23:31.136703
 --------------------------
iter: 79 | batch: 0 | nc: 1 | ncalls: 88 | eff(%): 13.435 | logz: -5.4e+05 +/- 1.2e-01 | dlogz: 128944.568 >  0.500
 loglike: -5.4e+05 | params: [-0.75224031 -1.59848921  6.62549707  4.97269095 33.3200634 ]
 Average call time: 5.72 sec | Current time: 2018-10-02 11:23:36.857080
 --------------------------
iter: 80 | batch: 0 | nc: 1 | ncalls: 89 | eff(%): 13.582 | logz: -5.3e+05 +/- 1.2e-01 | dlogz: 128268.165 >  0.500
 loglike: -5.3e+05 | params: [-1.49220671 -1.81570706  6.63983048 13.76135565 34.07397118]
 Average call time: 4.73 sec | Current time: 2018-10-02 11:23:41.591556
 --------------------------
iter: 81 | batch: 0 | nc: 3 | ncalls: 92 | eff(%): 13.682 | logz: -5.3e+05 +/- 1.2e-01 | dlogz: 127640.784 >  0.500
 loglike: -5.3e+05 | params: [-0.30605245 -1.37153246  6.91325521  3.60870165 33.99988706]
 Average call time: 5.61 sec | Current time: 2018-10-02 11:23:58.417262
 --------------------------
iter: 82 | batch: 0 | nc: 1 | ncalls: 93 | eff(%): 13.828 | logz: -5.3e+05 +/- 1.2e-01 | dlogz: 126743.418 >  0.500
 loglike: -5.3e+05 | params: [-1.18487854 -1.26941046  6.94548212 15.61698041 34.89767357]
 Average call time: 5.57 sec | Current time: 2018-10-02 11:24:03.986370
 --------------------------
iter: 83 | batch: 0 | nc: 1 | ncalls: 94 | eff(%): 13.973 | logz: -5.3e+05 +/- 1.2e-01 | dlogz: 126709.387 >  0.500
 loglike: -5.3e+05 | params: [-1.33459564 -1.86417144  6.56353345 17.45136174 33.91832129]
 Average call time: 5.43 sec | Current time: 2018-10-02 11:24:09.415276
 --------------------------
iter: 84 | batch: 0 | nc: 2 | ncalls: 96 | eff(%): 14.094 | logz: -5.3e+05 +/- 1.2e-01 | dlogz: 126602.219 >  0.500
 loglike: -5.3e+05 | params: [-0.27119436 -1.19607945  5.89333592  9.73805052 30.63694278]
 Average call time: 5.74 sec | Current time: 2018-10-02 11:24:20.888348
 --------------------------
iter: 85 | batch: 0 | nc: 1 | ncalls: 97 | eff(%): 14.238 | logz: -5.3e+05 +/- 1.2e-01 | dlogz: 126342.555 >  0.500
 loglike: -5.3e+05 | params: [-0.81676288 -1.1887008   6.36354901 13.35316568 32.94393274]
 Average call time: 5.59 sec | Current time: 2018-10-02 11:24:26.482397
 --------------------------
iter: 86 | batch: 0 | nc: 1 | ncalls: 98 | eff(%): 14.381 | logz: -5.3e+05 +/- 1.2e-01 | dlogz: 125821.365 >  0.500
 loglike: -5.3e+05 | params: [-0.62621366 -1.387851    6.59099038 12.55215973 33.52998783]
 Average call time: 5.34 sec | Current time: 2018-10-02 11:24:31.820867
 --------------------------
iter: 87 | batch: 0 | nc: 1 | ncalls: 99 | eff(%): 14.524 | logz: -5.3e+05 +/- 1.2e-01 | dlogz: 125383.929 >  0.500
 loglike: -5.3e+05 | params: [-0.47347278 -1.394678    5.98813391  4.09447792 31.43848836]
 Average call time: 5.49 sec | Current time: 2018-10-02 11:24:37.308259
 --------------------------
iter: 88 | batch: 0 | nc: 1 | ncalls: 100 | eff(%): 14.667 | logz: -5.3e+05 +/- 1.2e-01 | dlogz: 124905.321 >  0.500
 loglike: -5.3e+05 | params: [-1.36587205 -1.05633741  5.96503995 17.33917924 31.96993281]
 Average call time: 4.96 sec | Current time: 2018-10-02 11:24:42.269524
 --------------------------
iter: 89 | batch: 0 | nc: 1 | ncalls: 101 | eff(%): 14.809 | logz: -5.3e+05 +/- 1.2e-01 | dlogz: 124900.753 >  0.500
 loglike: -5.3e+05 | params: [-1.19720947 -1.66482534  5.28775889  1.55951662 30.27503198]
 Average call time: 4.62 sec | Current time: 2018-10-02 11:24:46.892741
 --------------------------
iter: 90 | batch: 0 | nc: 1 | ncalls: 102 | eff(%): 14.950 | logz: -5.3e+05 +/- 1.2e-01 | dlogz: 124602.829 >  0.500
 loglike: -5.3e+05 | params: [-0.36583757 -1.18165502  6.69493652  3.93873816 33.56422012]
 Average call time: 5.45 sec | Current time: 2018-10-02 11:24:52.345972
 --------------------------
iter: 91 | batch: 0 | nc: 1 | ncalls: 103 | eff(%): 15.091 | logz: -5.3e+05 +/- 1.2e-01 | dlogz: 124475.510 >  0.500
 loglike: -5.3e+05 | params: [-0.22403931 -1.34411697  5.84659497  0.10452227 31.50347722]
 Average call time: 6.06 sec | Current time: 2018-10-02 11:24:58.410355
 --------------------------
iter: 92 | batch: 0 | nc: 2 | ncalls: 105 | eff(%): 15.207 | logz: -5.3e+05 +/- 1.2e-01 | dlogz: 124102.596 >  0.500
 loglike: -5.3e+05 | params: [-0.22559368 -1.83404934  6.37061583  2.00178065 32.95061336]
 Average call time: 5.87 sec | Current time: 2018-10-02 11:25:10.145490
 --------------------------
iter: 93 | batch: 0 | nc: 1 | ncalls: 106 | eff(%): 15.347 | logz: -5.3e+05 +/- 1.2e-01 | dlogz: 123576.196 >  0.500
 loglike: -5.3e+05 | params: [-0.20448579 -1.22809279  6.22909925 16.6268195  32.14162671]
 Average call time: 4.94 sec | Current time: 2018-10-02 11:25:15.085606
 --------------------------
iter: 94 | batch: 0 | nc: 2 | ncalls: 108 | eff(%): 15.461 | logz: -5.3e+05 +/- 1.2e-01 | dlogz: 122656.726 >  0.500
 loglike: -5.3e+05 | params: [-1.44792627 -1.88210632  6.1468819   2.85563838 32.84735568]
 Average call time: 5.28 sec | Current time: 2018-10-02 11:25:25.647011
 --------------------------
iter: 95 | batch: 0 | nc: 2 | ncalls: 110 | eff(%): 15.574 | logz: -5.3e+05 +/- 1.2e-01 | dlogz: 122042.605 >  0.500
 loglike: -5.3e+05 | params: [-0.36691734 -1.17258276  6.87466872 19.30796705 34.748513  ]
 Average call time: 5.71 sec | Current time: 2018-10-02 11:25:37.067214
 --------------------------
iter: 96 | batch: 0 | nc: 1 | ncalls: 111 | eff(%): 15.712 | logz: -5.3e+05 +/- 1.2e-01 | dlogz: 121294.534 >  0.500
 loglike: -5.3e+05 | params: [-0.25444683 -1.50631735  6.2026885  14.27073004 32.21954491]
 Average call time: 5.50 sec | Current time: 2018-10-02 11:25:42.566341
 --------------------------
iter: 97 | batch: 0 | nc: 2 | ncalls: 113 | eff(%): 15.824 | logz: -5.3e+05 +/- 1.2e-01 | dlogz: 120709.697 >  0.500
 loglike: -5.3e+05 | params: [-1.09648862 -1.30170362  6.76097705 17.81026941 34.96783681]
 Average call time: 5.58 sec | Current time: 2018-10-02 11:25:53.725318
 --------------------------
iter: 98 | batch: 0 | nc: 1 | ncalls: 114 | eff(%): 15.961 | logz: -5.3e+05 +/- 1.2e-01 | dlogz: 120534.725 >  0.500
 loglike: -5.3e+05 | params: [-0.32965645 -1.95564935  6.72079294 17.9155173  34.40703238]
 Average call time: 5.46 sec | Current time: 2018-10-02 11:25:59.187750
 --------------------------
iter: 99 | batch: 0 | nc: 1 | ncalls: 115 | eff(%): 16.098 | logz: -5.3e+05 +/- 1.2e-01 | dlogz: 119515.794 >  0.500
 loglike: -5.3e+05 | params: [-0.5100653  -1.19012166  6.77282892 12.78591677 34.55424876]
 Average call time: 5.55 sec | Current time: 2018-10-02 11:26:04.741851
 --------------------------
iter: 100 | batch: 0 | nc: 1 | ncalls: 116 | eff(%): 16.234 | logz: -5.3e+05 +/- 1.2e-01 | dlogz: 119303.686 >  0.500
 loglike: -5.3e+05 | params: [-1.44422558 -1.42669867  6.02821555  8.46819742 32.62633418]
 Average call time: 5.51 sec | Current time: 2018-10-02 11:26:10.256788
 --------------------------
iter: 101 | batch: 0 | nc: 2 | ncalls: 118 | eff(%): 16.343 | logz: -5.3e+05 +/- 1.2e-01 | dlogz: 119191.222 >  0.500
 loglike: -5.3e+05 | params: [ 0.15661314 -1.38274595  6.84809391  6.05938246 34.22864828]
 Average call time: 5.68 sec | Current time: 2018-10-02 11:26:21.623843
 --------------------------
iter: 102 | batch: 0 | nc: 1 | ncalls: 119 | eff(%): 16.478 | logz: -5.3e+05 +/- 1.2e-01 | dlogz: 118723.502 >  0.500
 loglike: -5.3e+05 | params: [-1.11676665 -1.36169698  6.16232308  9.44955914 32.90176517]
 Average call time: 5.73 sec | Current time: 2018-10-02 11:26:27.358538
 --------------------------
iter: 103 | batch: 0 | nc: 1 | ncalls: 120 | eff(%): 16.613 | logz: -5.3e+05 +/- 1.2e-01 | dlogz: 118490.763 >  0.500
 loglike: -5.3e+05 | params: [-1.35417956 -1.34916093  5.77843074 18.6488144  31.8820208 ]
 Average call time: 5.51 sec | Current time: 2018-10-02 11:26:32.868865
 --------------------------
iter: 104 | batch: 0 | nc: 3 | ncalls: 123 | eff(%): 16.693 | logz: -5.2e+05 +/- 1.2e-01 | dlogz: 118249.473 >  0.500
 loglike: -5.2e+05 | params: [-0.62119222 -1.37067001  6.6252905   7.20406047 34.09566723]
 Average call time: 5.86 sec | Current time: 2018-10-02 11:26:50.434253
 --------------------------
iter: 105 | batch: 0 | nc: 1 | ncalls: 124 | eff(%): 16.827 | logz: -5.2e+05 +/- 1.2e-01 | dlogz: 117420.412 >  0.500
 loglike: -5.2e+05 | params: [-1.43793028 -1.63676024  5.65360896  9.5637748  31.72208485]
 Average call time: 4.63 sec | Current time: 2018-10-02 11:26:55.060780
 --------------------------
iter: 106 | batch: 0 | nc: 1 | ncalls: 125 | eff(%): 16.960 | logz: -5.2e+05 +/- 1.2e-01 | dlogz: 115610.600 >  0.500
 loglike: -5.2e+05 | params: [ 0.49175942 -1.33678169  6.08950809  5.50141965 31.45959203]
 Average call time: 4.63 sec | Current time: 2018-10-02 11:26:59.692312
 --------------------------
iter: 107 | batch: 0 | nc: 1 | ncalls: 126 | eff(%): 17.093 | logz: -5.2e+05 +/- 1.2e-01 | dlogz: 115438.548 >  0.500
 loglike: -5.2e+05 | params: [-0.96486328 -1.06717301  6.13072529  2.99431954 33.23501805]
 Average call time: 6.05 sec | Current time: 2018-10-02 11:27:05.746297
 --------------------------
iter: 108 | batch: 0 | nc: 1 | ncalls: 127 | eff(%): 17.225 | logz: -5.2e+05 +/- 1.2e-01 | dlogz: 114807.359 >  0.500
 loglike: -5.2e+05 | params: [-1.31612905 -1.94619777  6.31398084 12.63641063 34.34826576]
 Average call time: 5.51 sec | Current time: 2018-10-02 11:27:11.258611
 --------------------------
iter: 109 | batch: 0 | nc: 1 | ncalls: 128 | eff(%): 17.357 | logz: -5.2e+05 +/- 1.2e-01 | dlogz: 113355.205 >  0.500
 loglike: -5.2e+05 | params: [-1.21933876 -1.60000181  6.13548862  9.16228826 33.46791603]
 Average call time: 5.35 sec | Current time: 2018-10-02 11:27:16.611565
 --------------------------
iter: 110 | batch: 0 | nc: 1 | ncalls: 129 | eff(%): 17.488 | logz: -5.2e+05 +/- 1.2e-01 | dlogz: 112869.131 >  0.500
 loglike: -5.2e+05 | params: [-0.49488087 -1.46312181  6.09601034  1.2366012  33.34710872]
 Average call time: 4.80 sec | Current time: 2018-10-02 11:27:21.413743
 --------------------------
iter: 111 | batch: 0 | nc: 2 | ncalls: 131 | eff(%): 17.591 | logz: -5.2e+05 +/- 1.2e-01 | dlogz: 112664.560 >  0.500
 loglike: -5.2e+05 | params: [ 0.35990292 -1.9427046   6.09148674  3.37599719 32.19853053]
 Average call time: 5.71 sec | Current time: 2018-10-02 11:27:32.833878
 --------------------------
iter: 112 | batch: 0 | nc: 1 | ncalls: 132 | eff(%): 17.722 | logz: -5.2e+05 +/- 1.2e-01 | dlogz: 112596.645 >  0.500
 loglike: -5.2e+05 | params: [-0.32868172 -1.13036201  6.1611348  15.59340466 32.74216554]
 Average call time: 4.93 sec | Current time: 2018-10-02 11:27:37.766341
 --------------------------
iter: 113 | batch: 0 | nc: 2 | ncalls: 134 | eff(%): 17.823 | logz: -5.2e+05 +/- 1.2e-01 | dlogz: 111963.547 >  0.500
 loglike: -5.2e+05 | params: [-1.03418002 -1.17159106  6.45720965 16.30470503 34.80649995]
 Average call time: 5.47 sec | Current time: 2018-10-02 11:27:48.703834
 --------------------------
iter: 114 | batch: 0 | nc: 1 | ncalls: 135 | eff(%): 17.953 | logz: -5.2e+05 +/- 1.2e-01 | dlogz: 111451.737 >  0.500
 loglike: -5.2e+05 | params: [-1.25161797 -1.39127431  5.46656402  1.64794601 32.02040749]
 Average call time: 5.63 sec | Current time: 2018-10-02 11:27:54.336688
 --------------------------
iter: 115 | batch: 0 | nc: 1 | ncalls: 136 | eff(%): 18.082 | logz: -5.2e+05 +/- 1.2e-01 | dlogz: 111420.453 >  0.500
 loglike: -5.2e+05 | params: [-0.68105666 -1.72097456  6.09621534 12.60677721 32.93412971]
 Average call time: 5.80 sec | Current time: 2018-10-02 11:28:00.139218
 --------------------------
iter: 116 | batch: 0 | nc: 2 | ncalls: 138 | eff(%): 18.182 | logz: -5.2e+05 +/- 1.2e-01 | dlogz: 111054.705 >  0.500
 loglike: -5.2e+05 | params: [-1.26967611 -1.70686473  5.82188735  1.57933981 33.14176585]
 Average call time: 5.76 sec | Current time: 2018-10-02 11:28:11.663419
 --------------------------
iter: 117 | batch: 0 | nc: 1 | ncalls: 139 | eff(%): 18.310 | logz: -5.2e+05 +/- 1.2e-01 | dlogz: 110543.609 >  0.500
 loglike: -5.2e+05 | params: [-0.07520081 -1.966108    6.14008542 14.250308   32.46710812]
 Average call time: 5.12 sec | Current time: 2018-10-02 11:28:16.782317
 --------------------------
iter: 118 | batch: 0 | nc: 1 | ncalls: 140 | eff(%): 18.438 | logz: -5.2e+05 +/- 1.2e-01 | dlogz: 110425.815 >  0.500
 loglike: -5.2e+05 | params: [-1.34649456 -1.06321306  6.1791243  19.45511032 34.11587419]
 Average call time: 5.50 sec | Current time: 2018-10-02 11:28:22.277339
 --------------------------
iter: 119 | batch: 0 | nc: 1 | ncalls: 141 | eff(%): 18.565 | logz: -5.2e+05 +/- 1.2e-01 | dlogz: 110362.445 >  0.500
 loglike: -5.2e+05 | params: [-1.01733574 -1.07053247  5.64033395  7.42698324 31.6984575 ]
 Average call time: 5.90 sec | Current time: 2018-10-02 11:28:28.179323
 --------------------------
iter: 120 | batch: 0 | nc: 2 | ncalls: 143 | eff(%): 18.663 | logz: -5.2e+05 +/- 1.2e-01 | dlogz: 110095.333 >  0.500
 loglike: -5.2e+05 | params: [ 0.1095538  -1.70555661  5.903095    4.57324744 31.44924576]
 Average call time: 5.75 sec | Current time: 2018-10-02 11:28:39.683152
 --------------------------
iter: 121 | batch: 0 | nc: 1 | ncalls: 144 | eff(%): 18.789 | logz: -5.2e+05 +/- 1.2e-01 | dlogz: 110074.225 >  0.500
 loglike: -5.2e+05 | params: [-1.12510062 -1.78510487  5.80426994 18.90329739 32.50775277]
 Average call time: 5.61 sec | Current time: 2018-10-02 11:28:45.290649
 --------------------------
iter: 122 | batch: 0 | nc: 1 | ncalls: 145 | eff(%): 18.915 | logz: -5.2e+05 +/- 1.2e-01 | dlogz: 109747.186 >  0.500
 loglike: -5.2e+05 | params: [-0.93437527 -1.75820128  6.35675959  7.40517827 34.4401789 ]
 Average call time: 5.63 sec | Current time: 2018-10-02 11:28:50.917242
 --------------------------
iter: 123 | batch: 0 | nc: 1 | ncalls: 146 | eff(%): 19.040 | logz: -5.2e+05 +/- 1.2e-01 | dlogz: 109660.319 >  0.500
 loglike: -5.2e+05 | params: [-0.60764877 -1.14470097  6.55590311 17.54363938 34.82714613]
 Average call time: 4.98 sec | Current time: 2018-10-02 11:28:55.894308
 --------------------------
iter: 124 | batch: 0 | nc: 1 | ncalls: 147 | eff(%): 19.165 | logz: -5.2e+05 +/- 1.2e-01 | dlogz: 109296.785 >  0.500
 loglike: -5.2e+05 | params: [-0.09083738 -1.78120789  6.62433814  8.89860103 34.54657979]
 Average call time: 5.47 sec | Current time: 2018-10-02 11:29:01.368403
 --------------------------
iter: 125 | batch: 0 | nc: 1 | ncalls: 148 | eff(%): 19.290 | logz: -5.2e+05 +/- 1.2e-01 | dlogz: 109064.848 >  0.500
 loglike: -5.2e+05 | params: [ 1.49455379e-02 -1.01165024e+00  6.00700479e+00  6.94522362e+00
  3.16769562e+01]
 Average call time: 5.54 sec | Current time: 2018-10-02 11:29:06.910017
 --------------------------
iter: 126 | batch: 0 | nc: 2 | ncalls: 150 | eff(%): 19.385 | logz: -5.2e+05 +/- 1.2e-01 | dlogz: 109061.650 >  0.500
 loglike: -5.2e+05 | params: [-0.62886331 -1.4471711   5.9244443   3.33380975 32.9142019 ]
 Average call time: 5.96 sec | Current time: 2018-10-02 11:29:18.830619
 --------------------------
iter: 127 | batch: 0 | nc: 1 | ncalls: 151 | eff(%): 19.508 | logz: -5.2e+05 +/- 1.2e-01 | dlogz: 108401.863 >  0.500
 loglike: -5.2e+05 | params: [ 0.06457382 -1.20448985  6.26290325 10.92343213 32.95314285]
 Average call time: 5.45 sec | Current time: 2018-10-02 11:29:24.280264
 --------------------------
iter: 128 | batch: 0 | nc: 2 | ncalls: 153 | eff(%): 19.602 | logz: -5.2e+05 +/- 1.2e-01 | dlogz: 108380.842 >  0.500
 loglike: -5.2e+05 | params: [-0.78262541 -1.24885875  6.32835823 19.08890841 34.39782379]
 Average call time: 5.29 sec | Current time: 2018-10-02 11:29:34.855705
 --------------------------
iter: 129 | batch: 0 | nc: 2 | ncalls: 155 | eff(%): 19.695 | logz: -5.1e+05 +/- 1.2e-01 | dlogz: 108264.960 >  0.500
 loglike: -5.1e+05 | params: [-0.78977056 -1.44258914  5.2460362  15.65311036 30.02668663]
 Average call time: 5.87 sec | Current time: 2018-10-02 11:29:46.590785
 --------------------------
iter: 130 | batch: 0 | nc: 1 | ncalls: 156 | eff(%): 19.817 | logz: -5.1e+05 +/- 1.2e-01 | dlogz: 107754.275 >  0.500
 loglike: -5.1e+05 | params: [-1.1534434  -1.42004718  5.63688749 14.63500647 32.01997908]
 Average call time: 5.78 sec | Current time: 2018-10-02 11:29:52.370512
 --------------------------
iter: 131 | batch: 0 | nc: 1 | ncalls: 157 | eff(%): 19.939 | logz: -5.1e+05 +/- 1.2e-01 | dlogz: 107686.533 >  0.500
 loglike: -5.1e+05 | params: [-0.77999189 -1.83912881  5.63187986 16.72196958 31.59439448]
 Average call time: 5.61 sec | Current time: 2018-10-02 11:29:57.980146
 --------------------------
iter: 132 | batch: 0 | nc: 1 | ncalls: 158 | eff(%): 20.061 | logz: -5.1e+05 +/- 1.2e-01 | dlogz: 107608.269 >  0.500
 loglike: -5.1e+05 | params: [ 2.86271453e-02 -1.14828203e+00  6.19984344e+00  1.09871019e+01
  3.27237085e+01]
 Average call time: 4.61 sec | Current time: 2018-10-02 11:30:02.593003
 --------------------------
iter: 133 | batch: 0 | nc: 2 | ncalls: 160 | eff(%): 20.152 | logz: -5.1e+05 +/- 1.2e-01 | dlogz: 107558.361 >  0.500
 loglike: -5.1e+05 | params: [ 0.19797135 -1.08865605  6.49950558 17.35784971 34.18881095]
 Average call time: 5.12 sec | Current time: 2018-10-02 11:30:12.832115
 --------------------------
iter: 134 | batch: 0 | nc: 1 | ncalls: 161 | eff(%): 20.272 | logz: -5.1e+05 +/- 1.2e-01 | dlogz: 107119.610 >  0.500
 loglike: -5.1e+05 | params: [-1.30770791 -1.18065763  5.14803252 15.694257   30.38567701]
 Average call time: 5.46 sec | Current time: 2018-10-02 11:30:18.295528
 --------------------------
iter: 135 | batch: 0 | nc: 1 | ncalls: 162 | eff(%): 20.393 | logz: -5.1e+05 +/- 1.2e-01 | dlogz: 106851.332 >  0.500
 loglike: -5.1e+05 | params: [-0.18528895 -1.36961388  6.16108607 17.53616073 33.03375637]
 Average call time: 5.49 sec | Current time: 2018-10-02 11:30:23.780513
 --------------------------
iter: 136 | batch: 0 | nc: 1 | ncalls: 163 | eff(%): 20.513 | logz: -5.1e+05 +/- 1.2e-01 | dlogz: 106134.808 >  0.500
 loglike: -5.1e+05 | params: [-0.04668308 -1.09991216  5.895819   12.02318013 31.45562622]
 Average call time: 5.39 sec | Current time: 2018-10-02 11:30:29.167278
 --------------------------
iter: 137 | batch: 0 | nc: 1 | ncalls: 164 | eff(%): 20.633 | logz: -5.1e+05 +/- 1.2e-01 | dlogz: 105874.475 >  0.500
 loglike: -5.1e+05 | params: [-1.28874313 -1.42271708  5.27156193 19.3254858  30.98333117]
 Average call time: 5.38 sec | Current time: 2018-10-02 11:30:34.552054
 --------------------------
iter: 138 | batch: 0 | nc: 1 | ncalls: 165 | eff(%): 20.752 | logz: -5.1e+05 +/- 1.2e-01 | dlogz: 105795.162 >  0.500
 loglike: -5.1e+05 | params: [-0.60938847 -1.02639074  5.98888157  5.75409777 32.77893196]
 Average call time: 5.79 sec | Current time: 2018-10-02 11:30:40.344869
 --------------------------
iter: 139 | batch: 0 | nc: 1 | ncalls: 166 | eff(%): 20.871 | logz: -5.1e+05 +/- 1.2e-01 | dlogz: 105594.267 >  0.500
 loglike: -5.1e+05 | params: [-1.02236002 -1.16975427  5.72382088 11.77093212 32.46433926]
 Average call time: 5.44 sec | Current time: 2018-10-02 11:30:45.783336
 --------------------------
iter: 140 | batch: 0 | nc: 1 | ncalls: 167 | eff(%): 20.990 | logz: -5.1e+05 +/- 1.2e-01 | dlogz: 105123.118 >  0.500
 loglike: -5.1e+05 | params: [-0.69182148 -1.78271296  5.86792368 16.96914899 32.6484981 ]
 Average call time: 5.45 sec | Current time: 2018-10-02 11:30:51.229250
 --------------------------
iter: 141 | batch: 0 | nc: 1 | ncalls: 168 | eff(%): 21.108 | logz: -5.1e+05 +/- 1.2e-01 | dlogz: 104372.192 >  0.500
 loglike: -5.1e+05 | params: [-0.95706613 -1.96556913  5.13542795 10.45198917 30.20977907]
 Average call time: 5.46 sec | Current time: 2018-10-02 11:30:56.691627
 --------------------------
iter: 142 | batch: 0 | nc: 1 | ncalls: 169 | eff(%): 21.226 | logz: -5.1e+05 +/- 1.2e-01 | dlogz: 104193.826 >  0.500
 loglike: -5.1e+05 | params: [-0.93272584 -1.46329397  5.86619357 17.61883727 33.18695723]
 Average call time: 5.45 sec | Current time: 2018-10-02 11:31:02.145190
 --------------------------
iter: 143 | batch: 0 | nc: 1 | ncalls: 170 | eff(%): 21.343 | logz: -5.1e+05 +/- 1.2e-01 | dlogz: 104027.263 >  0.500
 loglike: -5.1e+05 | params: [ 0.2596646  -1.00299165  5.91859387 14.53136739 31.43606595]
 Average call time: 5.83 sec | Current time: 2018-10-02 11:31:07.976101
 --------------------------
iter: 144 | batch: 0 | nc: 1 | ncalls: 171 | eff(%): 21.461 | logz: -5.1e+05 +/- 1.2e-01 | dlogz: 103967.491 >  0.500
 loglike: -5.1e+05 | params: [-0.32727535 -1.5175677   6.3037237  15.95471253 34.11375044]
 Average call time: 5.77 sec | Current time: 2018-10-02 11:31:13.749218
 --------------------------
iter: 145 | batch: 0 | nc: 1 | ncalls: 172 | eff(%): 21.577 | logz: -5.1e+05 +/- 1.2e-01 | dlogz: 103904.185 >  0.500
 loglike: -5.1e+05 | params: [-0.59895963 -1.15974701  6.11260281 18.61063224 33.51028912]
 Average call time: 5.37 sec | Current time: 2018-10-02 11:31:19.117542
 --------------------------
iter: 146 | batch: 0 | nc: 1 | ncalls: 173 | eff(%): 21.694 | logz: -5.1e+05 +/- 1.2e-01 | dlogz: 103747.501 >  0.500
 loglike: -5.1e+05 | params: [-0.9354547  -1.34217925  5.88542996 18.91535065 33.34054014]
 Average call time: 5.41 sec | Current time: 2018-10-02 11:31:24.526992
 --------------------------
iter: 147 | batch: 0 | nc: 1 | ncalls: 174 | eff(%): 21.810 | logz: -5.1e+05 +/- 1.2e-01 | dlogz: 103382.355 >  0.500
 loglike: -5.1e+05 | params: [-0.43076866 -1.68236044  5.76809318  3.66869757 32.81749588]
 Average call time: 5.55 sec | Current time: 2018-10-02 11:31:30.075330
 --------------------------
iter: 148 | batch: 0 | nc: 1 | ncalls: 175 | eff(%): 21.926 | logz: -5.1e+05 +/- 1.2e-01 | dlogz: 102951.379 >  0.500
 loglike: -5.1e+05 | params: [-1.08933173 -1.11681777  5.47911781 14.24697114 31.84895569]
 Average call time: 5.90 sec | Current time: 2018-10-02 11:31:35.975736
 --------------------------
iter: 149 | batch: 0 | nc: 1 | ncalls: 176 | eff(%): 22.041 | logz: -5.1e+05 +/- 1.2e-01 | dlogz: 102425.054 >  0.500
 loglike: -5.1e+05 | params: [-0.57421536 -1.15281333  5.39011797  7.42045964 30.68991505]
 Average call time: 5.46 sec | Current time: 2018-10-02 11:31:41.434535
 --------------------------
iter: 150 | batch: 0 | nc: 1 | ncalls: 177 | eff(%): 22.157 | logz: -5.1e+05 +/- 1.2e-01 | dlogz: 102151.382 >  0.500
 loglike: -5.1e+05 | params: [ 1.71422522e-02 -1.55883109e+00  6.44279129e+00  1.06333749e+01
  3.44249577e+01]
 Average call time: 5.43 sec | Current time: 2018-10-02 11:31:46.863246
 --------------------------
iter: 151 | batch: 0 | nc: 2 | ncalls: 179 | eff(%): 22.239 | logz: -5.1e+05 +/- 1.2e-01 | dlogz: 102079.455 >  0.500
 loglike: -5.1e+05 | params: [ 9.58196398e-03 -1.20892402e+00  5.93644851e+00  1.89608592e+01
  3.20010412e+01]
 Average call time: 5.77 sec | Current time: 2018-10-02 11:31:58.393994
 --------------------------
iter: 152 | batch: 0 | nc: 2 | ncalls: 181 | eff(%): 22.320 | logz: -5.1e+05 +/- 1.2e-01 | dlogz: 101903.933 >  0.500
 loglike: -5.1e+05 | params: [-0.23475337 -1.17124935  5.56555213  6.77605652 30.83847338]
 Average call time: 5.86 sec | Current time: 2018-10-02 11:32:10.116360
 --------------------------
iter: 153 | batch: 0 | nc: 1 | ncalls: 182 | eff(%): 22.434 | logz: -5.1e+05 +/- 1.2e-01 | dlogz: 101890.008 >  0.500
 loglike: -5.1e+05 | params: [ 0.09769271 -1.85719722  6.02832893 17.60256941 32.49960082]
 Average call time: 4.62 sec | Current time: 2018-10-02 11:32:14.738702
 --------------------------
iter: 154 | batch: 0 | nc: 1 | ncalls: 183 | eff(%): 22.548 | logz: -5.1e+05 +/- 1.2e-01 | dlogz: 101827.541 >  0.500
 loglike: -5.1e+05 | params: [-0.47199149 -1.13112911  5.60173624 18.08146781 31.38807499]
 Average call time: 5.63 sec | Current time: 2018-10-02 11:32:20.372252
 --------------------------
iter: 155 | batch: 0 | nc: 1 | ncalls: 184 | eff(%): 22.661 | logz: -5.1e+05 +/- 1.2e-01 | dlogz: 100507.171 >  0.500
 loglike: -5.1e+05 | params: [-0.21971442 -1.28494751  5.69211258 19.42289229 31.23024619]
 Average call time: 5.38 sec | Current time: 2018-10-02 11:32:25.748376
 --------------------------
iter: 156 | batch: 0 | nc: 1 | ncalls: 185 | eff(%): 22.774 | logz: -5.1e+05 +/- 1.2e-01 | dlogz: 100473.532 >  0.500
 loglike: -5.1e+05 | params: [-0.21504235 -1.23382672  5.75511222  1.21307083 33.0932456 ]
 Average call time: 5.67 sec | Current time: 2018-10-02 11:32:31.418637
 --------------------------
iter: 157 | batch: 0 | nc: 1 | ncalls: 186 | eff(%): 22.886 | logz: -5.1e+05 +/- 1.2e-01 | dlogz: 100414.107 >  0.500
 loglike: -5.1e+05 | params: [ 0.44821365 -1.47431784  6.29055647 16.39472613 34.19278414]
 Average call time: 5.49 sec | Current time: 2018-10-02 11:32:36.911000
 --------------------------
iter: 158 | batch: 0 | nc: 1 | ncalls: 187 | eff(%): 22.999 | logz: -5.1e+05 +/- 1.2e-01 | dlogz: 100154.472 >  0.500
 loglike: -5.1e+05 | params: [-1.10799066 -1.96127111  5.07930878 11.33616248 30.54115409]
 Average call time: 5.41 sec | Current time: 2018-10-02 11:32:42.325050
 --------------------------
iter: 159 | batch: 0 | nc: 1 | ncalls: 188 | eff(%): 23.110 | logz: -5.1e+05 +/- 1.2e-01 | dlogz: 99809.941 >  0.500
 loglike: -5.1e+05 | params: [-0.95481479 -1.72353574  6.00936089 19.16697314 34.37966317]
 Average call time: 4.70 sec | Current time: 2018-10-02 11:32:47.023975
 --------------------------
iter: 160 | batch: 0 | nc: 2 | ncalls: 190 | eff(%): 23.188 | logz: -5.1e+05 +/- 1.2e-01 | dlogz: 99801.074 >  0.500
 loglike: -5.1e+05 | params: [-0.04144578 -1.57503161  5.62813118 11.80134933 30.68535527]
 Average call time: 5.35 sec | Current time: 2018-10-02 11:32:57.732412
 --------------------------
iter: 161 | batch: 0 | nc: 1 | ncalls: 191 | eff(%): 23.300 | logz: -5.1e+05 +/- 1.2e-01 | dlogz: 99621.874 >  0.500
 loglike: -5.1e+05 | params: [ 0.37893893 -1.37457481  5.77670387  5.99612022 31.46591041]
 Average call time: 5.38 sec | Current time: 2018-10-02 11:33:03.109347
 --------------------------
iter: 162 | batch: 0 | nc: 1 | ncalls: 192 | eff(%): 23.410 | logz: -5.1e+05 +/- 1.2e-01 | dlogz: 99495.170 >  0.500
 loglike: -5.1e+05 | params: [-0.41337929 -1.12250865  6.35297481 19.53412276 34.90682459]
 Average call time: 5.40 sec | Current time: 2018-10-02 11:33:08.505412
 --------------------------
iter: 163 | batch: 0 | nc: 1 | ncalls: 193 | eff(%): 23.521 | logz: -5.1e+05 +/- 1.2e-01 | dlogz: 98977.298 >  0.500
 loglike: -5.1e+05 | params: [-0.18225302 -1.81673365  5.98705654 12.28611185 32.77826692]
 Average call time: 4.68 sec | Current time: 2018-10-02 11:33:13.181130
 --------------------------
iter: 164 | batch: 0 | nc: 4 | ncalls: 197 | eff(%): 23.529 | logz: -5.1e+05 +/- 1.2e-01 | dlogz: 98886.883 >  0.500
 loglike: -5.1e+05 | params: [-0.1723053  -1.95404313  6.37776796 18.86470846 34.84552906]
 Average call time: 5.92 sec | Current time: 2018-10-02 11:33:36.875075
 --------------------------
iter: 165 | batch: 0 | nc: 1 | ncalls: 198 | eff(%): 23.639 | logz: -5.1e+05 +/- 1.2e-01 | dlogz: 98837.888 >  0.500
 loglike: -5.1e+05 | params: [-0.96441207 -1.9632744   6.02019789  6.74261119 34.45943342]
 Average call time: 5.60 sec | Current time: 2018-10-02 11:33:42.473771
 --------------------------
iter: 166 | batch: 0 | nc: 1 | ncalls: 199 | eff(%): 23.748 | logz: -5.0e+05 +/- 1.2e-01 | dlogz: 98430.987 >  0.500
 loglike: -5.0e+05 | params: [-0.92783817 -1.0674173   5.46609668 19.19157603 32.02576083]
 Average call time: 5.57 sec | Current time: 2018-10-02 11:33:48.046419
 --------------------------
iter: 167 | batch: 0 | nc: 1 | ncalls: 200 | eff(%): 23.857 | logz: -5.0e+05 +/- 1.2e-01 | dlogz: 98045.591 >  0.500
 loglike: -5.0e+05 | params: [-1.48207045 -1.29152038  5.25140094  1.62545768 32.5408133 ]
 Average call time: 5.67 sec | Current time: 2018-10-02 11:33:53.714146
 --------------------------
iter: 168 | batch: 0 | nc: 3 | ncalls: 203 | eff(%): 23.898 | logz: -5.0e+05 +/- 1.2e-01 | dlogz: 97801.442 >  0.500
 loglike: -5.0e+05 | params: [-1.21612655 -1.53412719  4.85367427  4.05702502 30.93135392]
 Average call time: 5.25 sec | Current time: 2018-10-02 11:34:09.462364
 --------------------------
iter: 169 | batch: 0 | nc: 1 | ncalls: 204 | eff(%): 24.006 | logz: -5.0e+05 +/- 1.2e-01 | dlogz: 97495.118 >  0.500
 loglike: -5.0e+05 | params: [ 0.23825478 -1.56382658  6.01073821  2.96095981 33.52130486]
 Average call time: 5.45 sec | Current time: 2018-10-02 11:34:14.915834
 --------------------------
iter: 170 | batch: 0 | nc: 1 | ncalls: 205 | eff(%): 24.113 | logz: -5.0e+05 +/- 1.2e-01 | dlogz: 97145.784 >  0.500
 loglike: -5.0e+05 | params: [-0.19724371 -1.60279742  5.94365071  6.40503883 32.84049326]
 Average call time: 5.46 sec | Current time: 2018-10-02 11:34:20.371262
 --------------------------
iter: 171 | batch: 0 | nc: 1 | ncalls: 206 | eff(%): 24.221 | logz: -5.0e+05 +/- 1.2e-01 | dlogz: 97053.927 >  0.500
 loglike: -5.0e+05 | params: [ 0.34735133 -1.54079569  5.14794257  2.52400872 31.15348993]
 Average call time: 5.46 sec | Current time: 2018-10-02 11:34:25.826721
 --------------------------
iter: 172 | batch: 0 | nc: 2 | ncalls: 208 | eff(%): 24.294 | logz: -5.0e+05 +/- 1.2e-01 | dlogz: 97022.261 >  0.500
 loglike: -5.0e+05 | params: [-1.44759105 -1.4994003   4.64063555  4.54303403 30.00844841]
 Average call time: 5.51 sec | Current time: 2018-10-02 11:34:36.856384
 --------------------------
iter: 173 | batch: 0 | nc: 4 | ncalls: 212 | eff(%): 24.298 | logz: -5.0e+05 +/- 1.2e-01 | dlogz: 96969.055 >  0.500
 loglike: -5.0e+05 | params: [-1.4792084  -1.3267781   5.94962398 16.63241492 34.97191017]
 Average call time: 6.11 sec | Current time: 2018-10-02 11:35:01.304600
 --------------------------
iter: 174 | batch: 0 | nc: 1 | ncalls: 213 | eff(%): 24.404 | logz: -5.0e+05 +/- 1.2e-01 | dlogz: 96747.674 >  0.500
 loglike: -5.0e+05 | params: [ 0.20050349 -1.04851113  5.41489399  1.61563471 32.05038971]
 Average call time: 5.45 sec | Current time: 2018-10-02 11:35:06.753083
 --------------------------
iter: 175 | batch: 0 | nc: 1 | ncalls: 214 | eff(%): 24.510 | logz: -5.0e+05 +/- 1.2e-01 | dlogz: 96376.339 >  0.500
 loglike: -5.0e+05 | params: [ 0.13919578 -1.99581015  6.44302325  3.42197738 34.90124241]
 Average call time: 4.61 sec | Current time: 2018-10-02 11:35:11.360887
 --------------------------
iter: 176 | batch: 0 | nc: 1 | ncalls: 215 | eff(%): 24.615 | logz: -5.0e+05 +/- 1.2e-01 | dlogz: 95772.776 >  0.500
 loglike: -5.0e+05 | params: [-0.82156486 -1.70285415  5.58992997 19.95636291 32.75951138]
 Average call time: 5.42 sec | Current time: 2018-10-02 11:35:16.778566
 --------------------------
iter: 177 | batch: 0 | nc: 1 | ncalls: 216 | eff(%): 24.721 | logz: -5.0e+05 +/- 1.2e-01 | dlogz: 95537.680 >  0.500
 loglike: -5.0e+05 | params: [ 0.37691119 -1.06135754  5.72522274 18.22362735 31.18612354]
 Average call time: 5.37 sec | Current time: 2018-10-02 11:35:22.144799
 --------------------------
iter: 178 | batch: 0 | nc: 3 | ncalls: 219 | eff(%): 24.757 | logz: -5.0e+05 +/- 1.2e-01 | dlogz: 95342.439 >  0.500
 loglike: -5.0e+05 | params: [-0.78436546 -1.49900487  5.41731468 14.28277034 31.85125377]
 Average call time: 5.66 sec | Current time: 2018-10-02 11:35:39.135784
 --------------------------
iter: 179 | batch: 0 | nc: 1 | ncalls: 220 | eff(%): 24.861 | logz: -5.0e+05 +/- 1.2e-01 | dlogz: 95287.675 >  0.500
 loglike: -5.0e+05 | params: [ 0.34524056 -1.8298777   5.5919089  17.40897302 30.64654878]
 Average call time: 5.66 sec | Current time: 2018-10-02 11:35:44.795245
 --------------------------
iter: 180 | batch: 0 | nc: 1 | ncalls: 221 | eff(%): 24.965 | logz: -5.0e+05 +/- 1.2e-01 | dlogz: 95273.227 >  0.500
 loglike: -5.0e+05 | params: [-1.40527227 -1.15554307  5.32837898  2.48398607 32.91875232]
 Average call time: 5.05 sec | Current time: 2018-10-02 11:35:49.845281
 --------------------------
iter: 181 | batch: 0 | nc: 1 | ncalls: 222 | eff(%): 25.069 | logz: -5.0e+05 +/- 1.2e-01 | dlogz: 94885.567 >  0.500
 loglike: -5.0e+05 | params: [-1.45392649 -1.49267404  5.43281114  2.84968771 33.36211431]
 Average call time: 4.63 sec | Current time: 2018-10-02 11:35:54.472135
 --------------------------
iter: 182 | batch: 0 | nc: 1 | ncalls: 223 | eff(%): 25.173 | logz: -5.0e+05 +/- 1.2e-01 | dlogz: 94322.570 >  0.500
 loglike: -5.0e+05 | params: [ 0.1580278  -1.2167843   5.54740015  9.21699381 30.59442691]
 Average call time: 4.59 sec | Current time: 2018-10-02 11:35:59.062631
 --------------------------
iter: 183 | batch: 0 | nc: 1 | ncalls: 224 | eff(%): 25.276 | logz: -5.0e+05 +/- 1.2e-01 | dlogz: 94291.930 >  0.500
 loglike: -5.0e+05 | params: [-1.34232202 -1.99107376  4.7916511  19.12011525 30.17279577]
 Average call time: 5.75 sec | Current time: 2018-10-02 11:36:04.813908
 --------------------------
iter: 184 | batch: 0 | nc: 1 | ncalls: 225 | eff(%): 25.379 | logz: -5.0e+05 +/- 1.2e-01 | dlogz: 94253.137 >  0.500
 loglike: -5.0e+05 | params: [-0.06677102 -1.51924965  6.36393293 10.21001819 34.9151742 ]
 Average call time: 5.47 sec | Current time: 2018-10-02 11:36:10.282860
 --------------------------
iter: 185 | batch: 0 | nc: 2 | ncalls: 227 | eff(%): 25.447 | logz: -5.0e+05 +/- 1.2e-01 | dlogz: 93920.933 >  0.500
 loglike: -5.0e+05 | params: [-0.85878397 -1.40769811  5.05026219 10.29730732 30.72378229]
 Average call time: 5.68 sec | Current time: 2018-10-02 11:36:21.637792
 --------------------------
iter: 186 | batch: 0 | nc: 1 | ncalls: 228 | eff(%): 25.549 | logz: -5.0e+05 +/- 1.2e-01 | dlogz: 93408.642 >  0.500
 loglike: -5.0e+05 | params: [-1.22517976 -1.06257814  5.78109593 19.06247474 34.2982955 ]
 Average call time: 4.58 sec | Current time: 2018-10-02 11:36:26.213134
 --------------------------
iter: 187 | batch: 0 | nc: 1 | ncalls: 229 | eff(%): 25.652 | logz: -5.0e+05 +/- 1.2e-01 | dlogz: 93166.706 >  0.500
 loglike: -5.0e+05 | params: [-1.36022757 -1.11215664  5.52950843  4.39485086 33.61257086]
 Average call time: 5.30 sec | Current time: 2018-10-02 11:36:31.514097
 --------------------------
iter: 188 | batch: 0 | nc: 1 | ncalls: 230 | eff(%): 25.753 | logz: -5.0e+05 +/- 1.2e-01 | dlogz: 92362.040 >  0.500
 loglike: -5.0e+05 | params: [-1.32696575 -1.24698617  5.7114465   6.37857654 34.22657214]
 Average call time: 5.49 sec | Current time: 2018-10-02 11:36:37.000948
 --------------------------
iter: 189 | batch: 0 | nc: 2 | ncalls: 232 | eff(%): 25.820 | logz: -5.0e+05 +/- 1.2e-01 | dlogz: 92238.398 >  0.500
 loglike: -5.0e+05 | params: [-0.57159429 -1.63802978  5.84446155 12.99580377 33.51597791]
 Average call time: 5.17 sec | Current time: 2018-10-02 11:36:47.341717
 --------------------------
iter: 190 | batch: 0 | nc: 1 | ncalls: 233 | eff(%): 25.921 | logz: -5.0e+05 +/- 1.2e-01 | dlogz: 92024.552 >  0.500
 loglike: -5.0e+05 | params: [-0.1096194  -1.1153482   5.75697052  5.33525163 32.53787245]
 Average call time: 5.64 sec | Current time: 2018-10-02 11:36:52.985919
 --------------------------
iter: 191 | batch: 0 | nc: 1 | ncalls: 234 | eff(%): 26.022 | logz: -5.0e+05 +/- 1.2e-01 | dlogz: 91627.597 >  0.500
 loglike: -5.0e+05 | params: [-0.34456082 -1.42427659  5.86050423  8.25515958 33.33452369]
 Average call time: 5.40 sec | Current time: 2018-10-02 11:36:58.390254
 --------------------------
iter: 192 | batch: 0 | nc: 1 | ncalls: 235 | eff(%): 26.122 | logz: -5.0e+05 +/- 1.2e-01 | dlogz: 91556.922 >  0.500
 loglike: -5.0e+05 | params: [ 0.39897716 -1.24784316  5.20132184  4.24671804 30.83933086]
 Average call time: 5.57 sec | Current time: 2018-10-02 11:37:03.955391
 --------------------------
iter: 193 | batch: 0 | nc: 1 | ncalls: 236 | eff(%): 26.223 | logz: -5.0e+05 +/- 1.2e-01 | dlogz: 91553.418 >  0.500
 loglike: -5.0e+05 | params: [-1.369817   -1.5811601   4.77970189  7.77032526 30.89999063]
 Average call time: 4.58 sec | Current time: 2018-10-02 11:37:08.539150
 --------------------------
iter: 194 | batch: 0 | nc: 1 | ncalls: 237 | eff(%): 26.323 | logz: -5.0e+05 +/- 1.2e-01 | dlogz: 91400.573 >  0.500
 loglike: -5.0e+05 | params: [-3.01096229e-02 -1.63438091e+00  6.00801299e+00  1.56764383e+01
  3.35067769e+01]
 Average call time: 4.69 sec | Current time: 2018-10-02 11:37:13.230495
 --------------------------
iter: 195 | batch: 0 | nc: 1 | ncalls: 238 | eff(%): 26.423 | logz: -5.0e+05 +/- 1.2e-01 | dlogz: 90794.086 >  0.500
 loglike: -5.0e+05 | params: [-1.14443727 -1.78353454  5.62195199 12.66659168 33.97267452]
 Average call time: 5.57 sec | Current time: 2018-10-02 11:37:18.803827
 --------------------------
iter: 196 | batch: 0 | nc: 2 | ncalls: 240 | eff(%): 26.486 | logz: -5.0e+05 +/- 1.2e-01 | dlogz: 90601.493 >  0.500
 loglike: -5.0e+05 | params: [-0.66446045 -1.86997486  5.25496538 11.79931748 31.27368753]
 Average call time: 5.78 sec | Current time: 2018-10-02 11:37:30.367891
 --------------------------
iter: 197 | batch: 0 | nc: 1 | ncalls: 241 | eff(%): 26.586 | logz: -5.0e+05 +/- 1.2e-01 | dlogz: 90177.853 >  0.500
 loglike: -5.0e+05 | params: [ 0.45613073 -1.52728881  4.83072198  3.01901974 30.49872209]
 Average call time: 5.38 sec | Current time: 2018-10-02 11:37:35.746361
 --------------------------
iter: 198 | batch: 0 | nc: 1 | ncalls: 242 | eff(%): 26.685 | logz: -5.0e+05 +/- 1.2e-01 | dlogz: 89258.802 >  0.500
 loglike: -5.0e+05 | params: [ 0.08228396 -1.78116647  5.73097918  9.13680983 32.04131163]
 Average call time: 5.62 sec | Current time: 2018-10-02 11:37:41.367463
 --------------------------
iter: 199 | batch: 0 | nc: 2 | ncalls: 244 | eff(%): 26.747 | logz: -4.9e+05 +/- 1.2e-01 | dlogz: 88664.516 >  0.500
 loglike: -4.9e+05 | params: [-1.3945408  -1.95732115  4.64467248 12.1072513  30.41126709]
 Average call time: 5.83 sec | Current time: 2018-10-02 11:37:53.019934
 --------------------------
iter: 200 | batch: 0 | nc: 2 | ncalls: 246 | eff(%): 26.810 | logz: -4.9e+05 +/- 1.2e-01 | dlogz: 87841.980 >  0.500
 loglike: -4.9e+05 | params: [-1.39927076 -1.84554764  4.83270811  0.91526094 32.08709682]
 Average call time: 5.58 sec | Current time: 2018-10-02 11:38:04.186494
 --------------------------
iter: 201 | batch: 0 | nc: 2 | ncalls: 248 | eff(%): 26.872 | logz: -4.9e+05 +/- 1.2e-01 | dlogz: 87378.764 >  0.500
 loglike: -4.9e+05 | params: [-0.64208194 -1.28027907  5.84015445  3.9679261  34.31435385]
 Average call time: 5.64 sec | Current time: 2018-10-02 11:38:15.457368
 --------------------------
iter: 202 | batch: 0 | nc: 1 | ncalls: 249 | eff(%): 26.969 | logz: -4.9e+05 +/- 1.2e-01 | dlogz: 87274.873 >  0.500
 loglike: -4.9e+05 | params: [ 0.09149229 -1.74835585  4.65240752  1.22045459 30.68666253]
 Average call time: 5.46 sec | Current time: 2018-10-02 11:38:20.914361
 --------------------------
iter: 203 | batch: 0 | nc: 1 | ncalls: 250 | eff(%): 27.067 | logz: -4.9e+05 +/- 1.2e-01 | dlogz: 87127.559 >  0.500
 loglike: -4.9e+05 | params: [ 0.15683984 -1.0949663   5.65720839  5.43954956 32.35987263]
 Average call time: 5.85 sec | Current time: 2018-10-02 11:38:26.763174
 --------------------------
iter: 204 | batch: 0 | nc: 1 | ncalls: 251 | eff(%): 27.164 | logz: -4.9e+05 +/- 1.2e-01 | dlogz: 87048.079 >  0.500
 loglike: -4.9e+05 | params: [-0.1157265  -1.95705701  6.1679345   7.46197547 34.682785  ]
 Average call time: 5.69 sec | Current time: 2018-10-02 11:38:32.449367
 --------------------------
iter: 205 | batch: 0 | nc: 1 | ncalls: 252 | eff(%): 27.261 | logz: -4.9e+05 +/- 1.2e-01 | dlogz: 86885.053 >  0.500
 loglike: -4.9e+05 | params: [-0.06710378 -1.49914076  5.80040612 16.66881469 32.79971808]
 Average call time: 5.45 sec | Current time: 2018-10-02 11:38:37.901835
 --------------------------
iter: 206 | batch: 0 | nc: 1 | ncalls: 253 | eff(%): 27.357 | logz: -4.9e+05 +/- 1.2e-01 | dlogz: 86308.232 >  0.500
 loglike: -4.9e+05 | params: [-0.19249594 -1.39338739  5.53937141  6.35259753 32.22926755]
 Average call time: 5.38 sec | Current time: 2018-10-02 11:38:43.278627
 --------------------------
iter: 207 | batch: 0 | nc: 1 | ncalls: 254 | eff(%): 27.454 | logz: -4.9e+05 +/- 1.2e-01 | dlogz: 86254.738 >  0.500
 loglike: -4.9e+05 | params: [-0.71049102 -1.35734105  5.2557012  19.3500899  31.65899198]
 Average call time: 4.69 sec | Current time: 2018-10-02 11:38:47.972456
 --------------------------
iter: 208 | batch: 0 | nc: 1 | ncalls: 255 | eff(%): 27.550 | logz: -4.9e+05 +/- 1.2e-01 | dlogz: 86042.847 >  0.500
 loglike: -4.9e+05 | params: [-0.20222899 -1.88592048  5.52675546  7.25860848 32.11463192]
 Average call time: 4.70 sec | Current time: 2018-10-02 11:38:52.677196
 --------------------------
iter: 209 | batch: 0 | nc: 1 | ncalls: 256 | eff(%): 27.646 | logz: -4.9e+05 +/- 1.2e-01 | dlogz: 85754.693 >  0.500
 loglike: -4.9e+05 | params: [-1.13332541 -1.29303735  4.92309867  9.3411325  31.66894189]
 Average call time: 5.60 sec | Current time: 2018-10-02 11:38:58.279130
 --------------------------
iter: 210 | batch: 0 | nc: 2 | ncalls: 258 | eff(%): 27.704 | logz: -4.9e+05 +/- 1.2e-01 | dlogz: 85644.970 >  0.500
 loglike: -4.9e+05 | params: [-0.45539343 -1.90167147  5.56818337 17.69240782 32.83527211]
 Average call time: 5.18 sec | Current time: 2018-10-02 11:39:08.634730
 --------------------------
iter: 211 | batch: 0 | nc: 2 | ncalls: 260 | eff(%): 27.763 | logz: -4.9e+05 +/- 1.2e-01 | dlogz: 85173.598 >  0.500
 loglike: -4.9e+05 | params: [ 0.13305571 -1.77068029  5.3255821  11.55458822 30.39686001]
 Average call time: 5.54 sec | Current time: 2018-10-02 11:39:19.717863
 --------------------------
iter: 212 | batch: 0 | nc: 1 | ncalls: 261 | eff(%): 27.858 | logz: -4.9e+05 +/- 1.2e-01 | dlogz: 84169.115 >  0.500
 loglike: -4.9e+05 | params: [ 0.26790233 -1.25863947  4.578554    2.79151169 30.19941826]
 Average call time: 4.74 sec | Current time: 2018-10-02 11:39:24.457378
 --------------------------
iter: 213 | batch: 0 | nc: 1 | ncalls: 262 | eff(%): 27.953 | logz: -4.9e+05 +/- 1.2e-01 | dlogz: 84075.061 >  0.500
 loglike: -4.9e+05 | params: [-0.08831996 -1.62143574  6.08224953 12.80617616 34.65666939]
 Average call time: 4.72 sec | Current time: 2018-10-02 11:39:29.176703
 --------------------------
iter: 214 | batch: 0 | nc: 1 | ncalls: 263 | eff(%): 28.047 | logz: -4.9e+05 +/- 1.2e-01 | dlogz: 84039.869 >  0.500
 loglike: -4.9e+05 | params: [-1.30812673 -1.25173712  4.62309205  5.88611853 31.14095376]
 Average call time: 5.40 sec | Current time: 2018-10-02 11:39:34.576865
 --------------------------
iter: 215 | batch: 0 | nc: 1 | ncalls: 264 | eff(%): 28.141 | logz: -4.9e+05 +/- 1.2e-01 | dlogz: 83860.599 >  0.500
 loglike: -4.9e+05 | params: [-1.21912007 -1.84468715  5.24778874 19.6349189  33.47403708]
 Average call time: 5.75 sec | Current time: 2018-10-02 11:39:40.322808
 --------------------------
