iter: 3258 | nc: 4 | ncalls: 8432 | eff(%): 38.639 | logz: -5.5e+03 +/- 2.4e-01 | dlogz: 3582.860 >  0.500
 loglike: -5.5e+03 | params: [-0.6639469  -0.49830994  3.04565952  9.3336369  29.08853087]
 Average call time: 8.98 sec | Current time: 2018-05-30 13:18:35.674021
 --------------------------
iter: 3259 | nc: 1 | ncalls: 8433 | eff(%): 38.646 | logz: -5.5e+03 +/- 2.3e-01 | dlogz: 3579.738 >  0.500
 loglike: -5.5e+03 | params: [-0.71735104 -0.43024202  3.18751639  9.24360441 29.3957878 ]
 Average call time: 7.91 sec | Current time: 2018-05-30 13:18:43.585564
 --------------------------
iter: 3260 | nc: 3 | ncalls: 8436 | eff(%): 38.644 | logz: -5.5e+03 +/- 2.3e-01 | dlogz: 3578.382 >  0.500
 loglike: -5.5e+03 | params: [ 0.20879316 -1.74147803  3.10762666  9.70847257 29.09475595]
 Average call time: 9.37 sec | Current time: 2018-05-30 13:19:11.702979
 --------------------------
iter: 3261 | nc: 1 | ncalls: 8437 | eff(%): 38.651 | logz: -5.5e+03 +/- 2.3e-01 | dlogz: 3576.554 >  0.500
 loglike: -5.5e+03 | params: [-2.05462583e-03 -1.57148123e+00  3.07159778e+00  9.03985528e+00
  2.90790268e+01]
 Average call time: 9.36 sec | Current time: 2018-05-30 13:19:21.067390
 --------------------------
alls: 303 | eff(%):  0.990 | logz: -inf +/- 1.5e-01 | dlogz:    inf >  0.500
 loglike: -1.3e+06 | params: [ 0.11871566 -0.94173671  4.88474293  5.51780233 25.03218989]
 Average call time: 9.31 sec | Current time: 2018-05-29 16:28:57.775842
 --------------------------
iter: 4 | nc: 1 | ncalls: 304 | eff(%):  1.316 | logz: -inf +/- 1.5e-01 | dlogz:    inf >  0.500
 loglike: -1.3e+06 | params: [-1.48363999 -0.19870276  4.90896572  5.61325732 25.42386922]
 Average call time: 9.32 sec | Current time: 2018-05-29 16:29:07.099861
 --------------------------
iter: 5 | nc: 1 | ncalls: 305 | eff(%):  1.639 | logz: -inf +/- 1.5e-01 | dlogz:    inf >  0.500
 loglike: -1.3e+06 | params: [-1.15214918 -1.11209276  4.69906938  6.74720016 25.40761548]
 Average call time: iter: 3262 | nc: 4 | ncalls: 8441 | eff(%): 38.645 | logz: -5.5e+03 +/- 2.3e-01 | dlogz: 3575.562 >  0.500
 loglike: -5.5e+03 | params: [ 0.20381672 -1.37945685  3.08988836  9.99280902 29.06179576]
 Average call time: 8.97 sec | Current time: 2018-05-30 13:19:56.964067
 --------------------------
iter: 3263 | nc: 6 | ncalls: 8447 | eff(%): 38.629 | logz: -5.5e+03 +/- 2.3e-01 | dlogz: 3573.927 >  0.500
 loglike: -5.5e+03 | params: [ 0.13333348 -1.6554734   3.01023055  9.68735092 28.89495913]
 Average call time: 9.34 sec | Current time: 2018-05-30 13:20:53.028453
 --------------------------
iter: 3264 | nc: 5 | ncalls: 8452 | eff(%): 38.618 | logz: -5.5e+03 +/- 2.4e-01 | dlogz: 3572.859 >  0.500
 loglike: -5.5e+03 | params: [-0.76284887 -0.54767647  3.17984779  8.66629598 29.44758484]
 Average call time: 8.78 sec | Current time: 2018-05-30 13:21:36.938559
 --------------------------
iter: 3265 | nc: 2 | ncalls: 8454 | eff(%): 38.621 | logz: -5.5e+03 +/- 2.4e-01 | dlogz: 3562.959 >  0.500
 loglike: -5.5e+03 | params: [-0.2727893  -0.95174286  3.37144415  9.19066391 29.94819864]
 Average call time: 9.38 sec | Current time: 2018-05-30 13:21:55.707054
 --------------------------
iter: 3266 | nc: 2 | ncalls: 8456 | eff(%): 38.623 | logz: -5.5e+03 +/- 2.4e-01 | dlogz: 3559.375 >  0.500
 loglike: -5.5e+03 | params: [-0.27929134 -0.78467357  3.24394735  9.33896254 29.59839635]
 Average call time: 9.33 sec | Current time: 2018-05-30 13:22:14.360653
 --------------------------
iter: 3267 | nc: 2 | ncalls: 8458 | eff(%): 38.626 | logz: -5.5e+03 +/- 2.4e-01 | dlogz: 3549.822 >  0.500
 loglike: -5.5e+03 | params: [ 2.53548648e-02 -1.91400061e+00  3.25856690e+00  8.76712432e+00
  2.95711912e+01]
 Average call time: 9.41 sec | Current time: 2018-05-30 13:22:33.176817
 --------------------------
iter: 3268 | nc: 5 | ncalls: 8463 | eff(%): 38.615 | logz: -5.5e+03 +/- 2.4e-01 | dlogz: 3543.106 >  0.500
 loglike: -5.5e+03 | params: [-0.11155478 -1.19487774  3.04107568  8.85303456 29.03691382]
 Average call time: 9.34 sec | Current time: 2018-05-30 13:23:19.886754
 --------------------------
iter: 3269 | nc: 3 | ncalls: 8466 | eff(%): 38.613 | logz: -5.5e+03 +/- 2.3e-01 | dlogz: 3539.745 >  0.500
 loglike: -5.5e+03 | params: [-0.72830651 -0.32881675  3.15325391  8.56645001 29.2470816 ]
 Average call time: 9.39 sec | Current time: 2018-05-30 13:23:48.064672
 --------------------------
iter: 3270 | nc: 2 | ncalls: 8468 | eff(%): 38.616 | logz: -5.5e+03 +/- 2.4e-01 | dlogz: 3538.302 >  0.500
 loglike: -5.5e+03 | params: [ 0.11332197 -1.6353324   3.01656737  9.38114871 28.91039903]
 Average call time: 9.29 sec | Current time: 2018-05-30 13:24:06.640809
 --------------------------
iter: 3271 | nc: 1 | ncalls: 8469 | eff(%): 38.623 | logz: -5.5e+03 +/- 2.4e-01 | dlogz: 3535.611 >  0.500
 loglike: -5.4e+03 | params: [-0.55773512 -0.5570336   3.32243772  9.66375345 29.78927815]
 Average call time: 9.37 sec | Current time: 2018-05-30 13:24:16.008084
 --------------------------
iter: 3272 | nc: 1 | ncalls: 8470 | eff(%): 38.630 | logz: -5.5e+03 +/- 2.4e-01 | dlogz: 3525.637 >  0.500
 loglike: -5.4e+03 | params: [-0.40430356 -0.8336796   3.23356777  9.83383423 29.64761522]
 Average call time: 9.31 sec | Current time: 2018-05-30 13:24:25.322950
 --------------------------
iter: 3273 | nc: 3 | ncalls: 8473 | eff(%): 38.629 | logz: -5.4e+03 +/- 2.4e-01 | dlogz: 3518.244 >  0.500
 loglike: -5.4e+03 | params: [-0.26101967 -0.93724381  3.27854118  8.67189281 29.68775205]
 Average call time: 9.32 sec | Current time: 2018-05-30 13:24:53.283622
 --------------------------
iter: 3274 | nc: 2 | ncalls: 8475 | eff(%): 38.631 | logz: -5.4e+03 +/- 2.3e-01 | dlogz: 3514.386 >  0.500
 loglike: -5.4e+03 | params: [ 0.07756771 -1.53851412  3.26088692  9.86388835 29.58915898]
 Average call time: 9.38 sec | Current time: 2018-05-30 13:25:12.047393
 --------------------------
iter: 3275 | nc: 1 | ncalls: 8476 | eff(%): 38.639 | logz: -5.4e+03 +/- 2.4e-01 | dlogz: 3512.568 >  0.500
 loglike: -5.4e+03 | params: [-0.818072   -0.19815591  3.23828137  8.77515608 29.408642  ]
 Average call time: 9.37 sec | Current time: 2018-05-30 13:25:21.413417
 --------------------------
iter: 3276 | nc: 1 | ncalls: 8477 | eff(%): 38.646 | logz: -5.4e+03 +/- 2.4e-01 | dlogz: 3498.462 >  0.500
 loglike: -5.4e+03 | params: [-9.29973036e-03 -1.21549886e+00  3.21391029e+00  9.34622831e+00
  2.94787220e+01]
 Average call time: 9.30 sec | Current time: 2018-05-30 13:25:30.711728
 --------------------------
iter: 3277 | nc: 1 | ncalls: 8478 | eff(%): 38.653 | logz: -5.4e+03 +/- 2.4e-01 | dlogz: 3492.179 >  0.500
 loglike: -5.4e+03 | params: [-0.94303401 -0.35681697  3.24603457  8.34109443 29.54832555]
 Average call time: 7.93 sec | Current time: 2018-05-30 13:25:38.645082
 --------------------------
iter: 3278 | nc: 2 | ncalls: 8480 | eff(%): 38.656 | logz: -5.4e+03 +/- 2.4e-01 | dlogz: 3488.901 >  0.500
 loglike: -5.4e+03 | params: [-0.78699998 -0.44367441  3.33717188  8.2299868  29.81236871]
 Average call time: 9.35 sec | Current time: 2018-05-30 13:25:57.355062
 --------------------------
iter: 3279 | nc: 2 | ncalls: 8482 | eff(%): 38.658 | logz: -5.4e+03 +/- 2.4e-01 | dlogz: 3480.332 >  0.500
 loglike: -5.4e+03 | params: [ 0.10188607 -1.51381877  3.23129272  8.95477772 29.43798317]
 Average call time: 9.37 sec | Current time: 2018-05-30 13:26:16.100848
 --------------------------
iter: 3280 | nc: 3 | ncalls: 8485 | eff(%): 38.656 | logz: -5.4e+03 +/- 2.4e-01 | dlogz: 3474.665 >  0.500
 loglike: -5.4e+03 | params: [-0.61490096 -0.52278259  3.15268592  9.50986891 29.39141849]
 Average call time: 8.87 sec | Current time: 2018-05-30 13:26:42.713855
 --------------------------
iter: 3281 | nc: 1 | ncalls: 8486 | eff(%): 38.664 | logz: -5.4e+03 +/- 2.3e-01 | dlogz: 3468.648 >  0.500
 loglike: -5.4e+03 | params: [-0.6624216  -0.50390159  3.06379966  9.05372566 29.13024494]
 Average call time: 9.36 sec | Current time: 2018-05-30 13:26:52.070996
 --------------------------
iter: 3282 | nc: 11 | ncalls: 8497 | eff(%): 38.625 | logz: -5.4e+03 +/- 2.4e-01 | dlogz: 3466.584 >  0.500
 loglike: -5.4e+03 | params: [-0.19196729 -1.24042731  3.18085681  8.43759179 29.43805259]
 Average call time: 8.95 sec | Current time: 2018-05-30 13:28:30.564856
 --------------------------
iter: 3283 | nc: 1 | ncalls: 8498 | eff(%): 38.633 | logz: -5.4e+03 +/- 2.4e-01 | dlogz: 3461.830 >  0.500
 loglike: -5.4e+03 | params: [-0.93131855 -0.39989319  3.30882224  7.87822011 29.72056845]
 Average call time: 7.85 sec | Current time: 2018-05-30 13:28:38.414090
 --------------------------
iter: 3284 | nc: 1 | ncalls: 8499 | eff(%): 38.640 | logz: -5.4e+03 +/- 2.4e-01 | dlogz: 3458.729 >  0.500
 loglike: -5.4e+03 | params: [-0.87635967 -0.35737816  3.21205237  7.65437288 29.39850004]
 Average call time: 9.41 sec | Current time: 2018-05-30 13:28:47.823399
 --------------------------
iter: 3285 | nc: 1 | ncalls: 8500 | eff(%): 38.647 | logz: -5.4e+03 +/- 2.3e-01 | dlogz: 3450.684 >  0.500
 loglike: -5.4e+03 | params: [-0.28275257 -0.91634795  3.16383994  9.00705331 29.36619305]
 Average call time: 7.87 sec | Current time: 2018-05-30 13:28:55.696613
 --------------------------
iter: 3286 | nc: 1 | ncalls: 8501 | eff(%): 38.654 | logz: -5.4e+03 +/- 2.4e-01 | dlogz: 3449.382 >  0.500
 loglike: -5.4e+03 | params: [ 0.16921896 -1.96377484  3.06098264  9.82092274 29.01945185]
 Average call time: 9.34 sec | Current time: 2018-05-30 13:29:05.039319
 --------------------------
iter: 3287 | nc: 2 | ncalls: 8503 | eff(%): 38.657 | logz: -5.4e+03 +/- 2.3e-01 | dlogz: 3445.215 >  0.500
 loglike: -5.4e+03 | params: [-0.74174983 -0.49850415  3.29101523  9.4631195  29.73605375]
 Average call time: 9.40 sec | Current time: 2018-05-30 13:29:23.832992
 --------------------------
iter: 3288 | nc: 1 | ncalls: 8504 | eff(%): 38.664 | logz: -5.4e+03 +/- 2.3e-01 | dlogz: 3443.782 >  0.500
 loglike: -5.4e+03 | params: [-0.23248325 -1.0215181   3.15179716  8.80918599 29.32647997]
 Average call time: 9.37 sec | Current time: 2018-05-30 13:29:33.204059
 --------------------------
iter: 3289 | nc: 1 | ncalls: 8505 | eff(%): 38.671 | logz: -5.4e+03 +/- 2.3e-01 | dlogz: 3443.025 >  0.500
 loglike: -5.4e+03 | params: [ 0.06391455 -1.45606309  3.04710928  9.77885149 29.0033407 ]
 Average call time: 7.92 sec | Current time: 2018-05-30 13:29:41.120691
 --------------------------
iter: 3290 | nc: 3 | ncalls: 8508 | eff(%): 38.669 | logz: -5.4e+03 +/- 2.4e-01 | dlogz: 3442.553 >  0.500
 loglike: -5.3e+03 | params: [-0.14690747 -1.07212165  3.15968033  9.16085792 29.32570469]
 Average call time: 9.41 sec | Current time: 2018-05-30 13:30:09.343596
 --------------------------
iter: 3291 | nc: 4 | ncalls: 8512 | eff(%): 38.663 | logz: -5.4e+03 +/- 2.4e-01 | dlogz: 3429.977 >  0.500
 loglike: -5.3e+03 | params: [ 0.11461781 -1.85411084  3.17776603  8.8904699  29.30143315]
 Average call time: 8.98 sec | Current time: 2018-05-30 13:30:45.280915
 --------------------------
iter: 3292 | nc: 3 | ncalls: 8515 | eff(%): 38.661 | logz: -5.4e+03 +/- 2.4e-01 | dlogz: 3422.026 >  0.500
 loglike: -5.3e+03 | params: [-0.03818158 -1.65730345  3.13788196  8.28451832 29.25286139]
 Average call time: 8.86 sec | Current time: 2018-05-30 13:31:11.848054
 --------------------------
iter: 3293 | nc: 5 | ncalls: 8520 | eff(%): 38.650 | logz: -5.4e+03 +/- 2.3e-01 | dlogz: 3419.753 >  0.500
 loglike: -5.3e+03 | params: [-0.61871877 -0.39886523  3.31433705  9.81357164 29.7094664 ]
 Average call time: 9.37 sec | Current time: 2018-05-30 13:31:58.697804
 --------------------------
iter: 3294 | nc: 1 | ncalls: 8521 | eff(%): 38.657 | logz: -5.3e+03 +/- 2.4e-01 | dlogz: 3418.681 >  0.500
 loglike: -5.3e+03 | params: [-0.83116046 -0.25483294  3.20426298  8.13970105 29.33300417]
 Average call time: 9.34 sec | Current time: 2018-05-30 13:32:08.039200
 --------------------------
iter: 3295 | nc: 7 | ncalls: 8528 | eff(%): 38.637 | logz: -5.3e+03 +/- 2.4e-01 | dlogz: 3413.763 >  0.500
 loglike: -5.3e+03 | params: [-0.12121287 -1.04657653  3.31036948  9.64342204 29.77594016]
 Average call time: 8.93 sec | Current time: 2018-05-30 13:33:10.567310
 --------------------------
iter: 3296 | nc: 1 | ncalls: 8529 | eff(%): 38.645 | logz: -5.3e+03 +/- 2.4e-01 | dlogz: 3401.941 >  0.500
 loglike: -5.3e+03 | params: [-0.95140478 -0.23770858  3.20679185  7.75767673 29.33787755]
 Average call time: 9.43 sec | Current time: 2018-05-30 13:33:19.999085
 --------------------------
iter: 3297 | nc: 4 | ncalls: 8533 | eff(%): 38.638 | logz: -5.3e+03 +/- 2.3e-01 | dlogz: 3396.578 >  0.500
 loglike: -5.3e+03 | params: [ 0.09200086 -1.97161935  3.1523183   8.54023366 29.24318258]
 Average call time: 8.96 sec | Current time: 2018-05-30 13:33:55.824873
 --------------------------
iter: 3298 | nc: 1 | ncalls: 8534 | eff(%): 38.645 | logz: -5.3e+03 +/- 2.4e-01 | dlogz: 3395.004 >  0.500
 loglike: -5.3e+03 | params: [-0.65147764 -0.52830848  3.28315082  9.0588964  29.67865492]
 Average call time: 9.24 sec | Current time: 2018-05-30 13:34:05.060707
 --------------------------
iter: 3299 | nc: 2 | ncalls: 8536 | eff(%): 38.648 | logz: -5.3e+03 +/- 2.4e-01 | dlogz: 3392.941 >  0.500
 loglike: -5.3e+03 | params: [-0.93589754 -0.26489122  3.29813218  7.56403998 29.59038968]
 Average call time: 8.55 sec | Current time: 2018-05-30 13:34:22.161414
 --------------------------
iter: 3300 | nc: 2 | ncalls: 8538 | eff(%): 38.651 | logz: -5.3e+03 +/- 2.4e-01 | dlogz: 3390.651 >  0.500
 loglike: -5.3e+03 | params: [ 1.96369853e-02 -1.39716007e+00  3.28061150e+00  8.81292527e+00
  2.95985638e+01]
 Average call time: 8.63 sec | Current time: 2018-05-30 13:34:39.417378
 --------------------------
iter: 3301 | nc: 4 | ncalls: 8542 | eff(%): 38.644 | logz: -5.3e+03 +/- 2.4e-01 | dlogz: 3384.638 >  0.500
 loglike: -5.3e+03 | params: [ 0.06458374 -1.98654508  3.25162546  8.56483228 29.52586314]
 Average call time: 8.97 sec | Current time: 2018-05-30 13:35:15.292280
 --------------------------
iter: 3302 | nc: 1 | ncalls: 8543 | eff(%): 38.652 | logz: -5.3e+03 +/- 2.4e-01 | dlogz: 3380.069 >  0.500
 loglike: -5.3e+03 | params: [ 0.10433931 -1.34589463  3.1962706   9.15247932 29.34038336]
 Average call time: 9.32 sec | Current time: 2018-05-30 13:35:24.615685
 --------------------------
iter: 3303 | nc: 10 | ncalls: 8553 | eff(%): 38.618 | logz: -5.3e+03 +/- 2.3e-01 | dlogz: 3374.165 >  0.500
 loglike: -5.3e+03 | params: [ 0.03155768 -1.55009436  3.27237139  9.09573959 29.59371986]
 Average call time: 9.33 sec | Current time: 2018-05-30 13:36:57.897849
 --------------------------
iter: 3304 | nc: 2 | ncalls: 8555 | eff(%): 38.621 | logz: -5.3e+03 +/- 2.4e-01 | dlogz: 3372.938 >  0.500
 loglike: -5.3e+03 | params: [-1.75604887e-02 -1.75222535e+00  3.23119042e+00  8.38072754e+00
  2.95076925e+01]
 Average call time: 9.27 sec | Current time: 2018-05-30 13:37:16.429858
 --------------------------
iter: 3305 | nc: 1 | ncalls: 8556 | eff(%): 38.628 | logz: -5.3e+03 +/- 2.3e-01 | dlogz: 3368.951 >  0.500
 loglike: -5.3e+03 | params: [ 0.12216087 -1.62123861  3.02761939  9.47119695 28.93123208]
 Average call time: 7.99 sec | Current time: 2018-05-30 13:37:24.417838
 --------------------------
iter: 3306 | nc: 3 | ncalls: 8559 | eff(%): 38.626 | logz: -5.3e+03 +/- 2.4e-01 | dlogz: 3367.661 >  0.500
 loglike: -5.3e+03 | params: [ 0.05064268 -1.16559145  3.27103649  9.98735249 29.61204213]
 Average call time: 9.39 sec | Current time: 2018-05-30 13:37:52.576469
 --------------------------
iter: 3307 | nc: 2 | ncalls: 8561 | eff(%): 38.629 | logz: -5.3e+03 +/- 2.4e-01 | dlogz: 3363.154 >  0.500
 loglike: -5.3e+03 | params: [-0.45453526 -0.5265017   3.26015052  9.64340366 29.60383409]
 Average call time: 9.33 sec | Current time: 2018-05-30 13:38:11.231002
 --------------------------
iter: 3308 | nc: 5 | ncalls: 8566 | eff(%): 38.618 | logz: -5.3e+03 +/- 2.4e-01 | dlogz: 3343.323 >  0.500
 loglike: -5.3e+03 | params: [ 2.76104515e-02 -1.89530969e+00  3.23414872e+00  8.61594701e+00
  2.95090254e+01]
 Average call time: 9.06 sec | Current time: 2018-05-30 13:38:56.523427
 --------------------------
iter: 3309 | nc: 4 | ncalls: 8570 | eff(%): 38.611 | logz: -5.3e+03 +/- 2.3e-01 | dlogz: 3340.844 >  0.500
 loglike: -5.3e+03 | params: [-0.55228571 -0.6493685   3.23492807  8.86648563 29.56996115]
 Average call time: 9.38 sec | Current time: 2018-05-30 13:39:34.048929
 --------------------------
iter: 3310 | nc: 5 | ncalls: 8575 | eff(%): 38.601 | logz: -5.3e+03 +/- 2.3e-01 | dlogz: 3339.181 >  0.500
 loglike: -5.3e+03 | params: [ 0.05574422 -1.9915122   3.17050966  9.16713982 29.35037248]
 Average call time: 8.79 sec | Current time: 2018-05-30 13:40:17.999376
 --------------------------
iter: 3311 | nc: 1 | ncalls: 8576 | eff(%): 38.608 | logz: -5.3e+03 +/- 2.3e-01 | dlogz: 3338.241 >  0.500
 loglike: -5.3e+03 | params: [ 1.84171534e-02 -1.95128037e+00  3.18895274e+00  8.36175318e+00
  2.93766011e+01]
 Average call time: 9.38 sec | Current time: 2018-05-30 13:40:27.381189
 --------------------------
iter: 3312 | nc: 1 | ncalls: 8577 | eff(%): 38.615 | logz: -5.3e+03 +/- 2.3e-01 | dlogz: 3337.692 >  0.500
 loglike: -5.3e+03 | params: [-0.76521498 -0.3922365   3.08870862  8.26897829 29.10539081]
 Average call time: 9.43 sec | Current time: 2018-05-30 13:40:36.815835
 --------------------------
iter: 3313 | nc: 3 | ncalls: 8580 | eff(%): 38.613 | logz: -5.3e+03 +/- 2.4e-01 | dlogz: 3337.279 >  0.500
 loglike: -5.2e+03 | params: [-0.3877301  -0.79513366  3.34898651  9.46864703 29.89646819]
 Average call time: 9.36 sec | Current time: 2018-05-30 13:41:04.899389
 --------------------------
iter: 3314 | nc: 2 | ncalls: 8582 | eff(%): 38.616 | logz: -5.3e+03 +/- 2.4e-01 | dlogz: 3332.016 >  0.500
 loglike: -5.2e+03 | params: [-0.55222003 -0.63293884  3.13348327  9.83769492 29.37993093]
 Average call time: 9.33 sec | Current time: 2018-05-30 13:41:23.558223
 --------------------------
iter: 3315 | nc: 3 | ncalls: 8585 | eff(%): 38.614 | logz: -5.3e+03 +/- 2.3e-01 | dlogz: 3329.638 >  0.500
 loglike: -5.2e+03 | params: [ 0.20959084 -1.67036835  3.15557616  9.59303447 29.21395236]
 Average call time: 9.38 sec | Current time: 2018-05-30 13:41:51.693448
 --------------------------
iter: 3316 | nc: 1 | ncalls: 8586 | eff(%): 38.621 | logz: -5.3e+03 +/- 2.4e-01 | dlogz: 3328.169 >  0.500
 loglike: -5.2e+03 | params: [-0.36503012 -0.81832248  3.09550201  8.89095751 29.2335799 ]
 Average call time: 9.36 sec | Current time: 2018-05-30 13:42:01.054854
 --------------------------
iter: 3317 | nc: 4 | ncalls: 8590 | eff(%): 38.615 | logz: -5.3e+03 +/- 2.4e-01 | dlogz: 3325.004 >  0.500
 loglike: -5.2e+03 | params: [ 0.09106308 -1.35562413  3.00895543  9.85727012 28.88555161]
 Average call time: 8.82 sec | Current time: 2018-05-30 13:42:36.349761
 --------------------------
iter: 3318 | nc: 2 | ncalls: 8592 | eff(%): 38.617 | logz: -5.3e+03 +/- 2.4e-01 | dlogz: 3322.558 >  0.500
 loglike: -5.2e+03 | params: [-0.15345103 -1.22438702  3.25750948  9.1202437  29.65037981]
 Average call time: 8.58 sec | Current time: 2018-05-30 13:42:53.507648
 --------------------------
iter: 3319 | nc: 6 | ncalls: 8598 | eff(%): 38.602 | logz: -5.2e+03 +/- 2.4e-01 | dlogz: 3317.142 >  0.500
 loglike: -5.2e+03 | params: [ 0.09875938 -1.94294401  3.17150981  8.66592321 29.29035497]
 Average call time: 8.42 sec | Current time: 2018-05-30 13:43:44.041581
 --------------------------
iter: 3320 | nc: 1 | ncalls: 8599 | eff(%): 38.609 | logz: -5.2e+03 +/- 2.4e-01 | dlogz: 3314.779 >  0.500
 loglike: -5.2e+03 | params: [ 0.03137205 -1.76994363  3.1294802   9.25833886 29.24561133]
 Average call time: 9.18 sec | Current time: 2018-05-30 13:43:53.224537
 --------------------------
iter: 3321 | nc: 3 | ncalls: 8602 | eff(%): 38.607 | logz: -5.2e+03 +/- 2.3e-01 | dlogz: 3308.855 >  0.500
 loglike: -5.2e+03 | params: [-0.31587445 -0.84193658  3.34133848  8.88116894 29.83889234]
 Average call time: 9.17 sec | Current time: 2018-05-30 13:44:20.731593
 --------------------------
iter: 3322 | nc: 3 | ncalls: 8605 | eff(%): 38.605 | logz: -5.2e+03 +/- 2.4e-01 | dlogz: 3307.514 >  0.500
 loglike: -5.2e+03 | params: [-0.77766219 -0.24399451  3.35613252  9.58416718 29.78702186]
 Average call time: 8.64 sec | Current time: 2018-05-30 13:44:46.656114
 --------------------------
iter: 3323 | nc: 1 | ncalls: 8606 | eff(%): 38.613 | logz: -5.2e+03 +/- 2.3e-01 | dlogz: 3304.245 >  0.500
 loglike: -5.2e+03 | params: [ 0.15582642 -1.65393401  3.24271844  9.87550433 29.50603116]
 Average call time: 7.76 sec | Current time: 2018-05-30 13:44:54.412791
 --------------------------
iter: 3324 | nc: 9 | ncalls: 8615 | eff(%): 38.584 | logz: -5.2e+03 +/- 2.4e-01 | dlogz: 3303.175 >  0.500
 loglike: -5.2e+03 | params: [-0.15113971 -1.15626778  3.09400918  8.76957449 29.1601218 ]
 Average call time: 9.05 sec | Current time: 2018-05-30 13:46:15.818806
 --------------------------
iter: 3325 | nc: 4 | ncalls: 8619 | eff(%): 38.578 | logz: -5.2e+03 +/- 2.4e-01 | dlogz: 3291.416 >  0.500
 loglike: -5.2e+03 | params: [-0.11749969 -1.07728765  3.28260296  9.48323602 29.69991761]
 Average call time: 9.31 sec | Current time: 2018-05-30 13:46:53.060058
 --------------------------
iter: 3326 | nc: 5 | ncalls: 8624 | eff(%): 38.567 | logz: -5.2e+03 +/- 2.4e-01 | dlogz: 3289.088 >  0.500
 loglike: -5.2e+03 | params: [-0.47157134 -0.5529456   3.33673648  9.49988717 29.80286607]
 Average call time: 9.02 sec | Current time: 2018-05-30 13:47:38.152118
 --------------------------
iter: 3327 | nc: 1 | ncalls: 8625 | eff(%): 38.574 | logz: -5.2e+03 +/- 2.4e-01 | dlogz: 3279.733 >  0.500
 loglike: -5.2e+03 | params: [-0.63897132 -0.61455958  3.18926201  9.38594676 29.51708999]
 Average call time: 9.33 sec | Current time: 2018-05-30 13:47:47.485896
 --------------------------
iter: 3328 | nc: 11 | ncalls: 8636 | eff(%): 38.536 | logz: -5.2e+03 +/- 2.3e-01 | dlogz: 3275.477 >  0.500
 loglike: -5.2e+03 | params: [ 0.11465526 -1.23750627  3.05848108  9.81834053 29.01227307]
 Average call time: 8.96 sec | Current time: 2018-05-30 13:49:26.031080
 --------------------------
iter: 3329 | nc: 1 | ncalls: 8637 | eff(%): 38.543 | logz: -5.2e+03 +/- 2.4e-01 | dlogz: 3273.968 >  0.500
 loglike: -5.2e+03 | params: [-0.45326468 -0.81045775  3.29997651  9.13489821 29.80362518]
 Average call time: 9.43 sec | Current time: 2018-05-30 13:49:35.464016
 --------------------------
iter: 3330 | nc: 2 | ncalls: 8639 | eff(%): 38.546 | logz: -5.2e+03 +/- 2.3e-01 | dlogz: 3269.037 >  0.500
 loglike: -5.2e+03 | params: [-0.12642499 -1.0515905   3.2084233   8.62742165 29.42682398]
 Average call time: 9.29 sec | Current time: 2018-05-30 13:49:54.036558
 --------------------------
iter: 3331 | nc: 1 | ncalls: 8640 | eff(%): 38.553 | logz: -5.2e+03 +/- 2.4e-01 | dlogz: 3267.732 >  0.500
 loglike: -5.2e+03 | params: [-0.16205046 -1.26647472  3.2257306   8.40331798 29.53565396]
 Average call time: 9.46 sec | Current time: 2018-05-30 13:50:03.492773
 --------------------------
iter: 3332 | nc: 3 | ncalls: 8643 | eff(%): 38.551 | logz: -5.2e+03 +/- 2.4e-01 | dlogz: 3264.469 >  0.500
 loglike: -5.2e+03 | params: [-0.33664637 -0.75505204  3.10818709  9.17949167 29.24725227]
 Average call time: 9.27 sec | Current time: 2018-05-30 13:50:31.288979
 --------------------------
iter: 3333 | nc: 1 | ncalls: 8644 | eff(%): 38.559 | logz: -5.2e+03 +/- 2.4e-01 | dlogz: 3258.980 >  0.500
 loglike: -5.2e+03 | params: [-0.16825615 -1.10295386  3.31284663  9.5920641  29.79757459]
 Average call time: 9.39 sec | Current time: 2018-05-30 13:50:40.676460
 --------------------------
iter: 3334 | nc: 5 | ncalls: 8649 | eff(%): 38.548 | logz: -5.2e+03 +/- 2.4e-01 | dlogz: 3251.389 >  0.500
 loglike: -5.2e+03 | params: [-0.10098479 -1.1608049   3.09721458  9.36271867 29.16566814]
 Average call time: 9.37 sec | Current time: 2018-05-30 13:51:27.505630
 --------------------------
iter: 3335 | nc: 4 | ncalls: 8653 | eff(%): 38.542 | logz: -5.2e+03 +/- 2.4e-01 | dlogz: 3244.590 >  0.500
 loglike: -5.2e+03 | params: [ 0.22225712 -1.97847225  3.14518249  9.81153118 29.20507685]
 Average call time: 9.33 sec | Current time: 2018-05-30 13:52:04.829974
 --------------------------
iter: 3336 | nc: 3 | ncalls: 8656 | eff(%): 38.540 | logz: -5.2e+03 +/- 2.4e-01 | dlogz: 3242.069 >  0.500
 loglike: -5.2e+03 | params: [-0.38462815 -0.78165975  3.35308455  9.6280093  29.93761054]
 Average call time: 9.40 sec | Current time: 2018-05-30 13:52:33.042069
 --------------------------
iter: 3337 | nc: 3 | ncalls: 8659 | eff(%): 38.538 | logz: -5.2e+03 +/- 2.4e-01 | dlogz: 3240.217 >  0.500
 loglike: -5.1e+03 | params: [-0.79633679 -0.2584462   3.1785441   8.59763147 29.27733363]
 Average call time: 9.66 sec | Current time: 2018-05-30 13:53:02.027617
 --------------------------
iter: 3338 | nc: 1 | ncalls: 8660 | eff(%): 38.545 | logz: -5.2e+03 +/- 2.4e-01 | dlogz: 3223.246 >  0.500
 loglike: -5.1e+03 | params: [ 0.06310378 -1.53372164  3.05675278  9.8433247  29.05212243]
 Average call time: 9.34 sec | Current time: 2018-05-30 13:53:11.366461
 --------------------------
iter: 3339 | nc: 11 | ncalls: 8671 | eff(%): 38.508 | logz: -5.1e+03 +/- 2.4e-01 | dlogz: 3219.163 >  0.500
 loglike: -5.1e+03 | params: [ 0.04080958 -1.8197851   3.23119429  9.03671258 29.51470211]
 Average call time: 8.95 sec | Current time: 2018-05-30 13:54:49.839725
 --------------------------
iter: 3340 | nc: 2 | ncalls: 8673 | eff(%): 38.510 | logz: -5.1e+03 +/- 2.3e-01 | dlogz: 3211.026 >  0.500
 loglike: -5.1e+03 | params: [-0.85245843 -0.25232457  3.26638332  9.6019313  29.57141302]
 Average call time: 7.89 sec | Current time: 2018-05-30 13:55:05.626166
 --------------------------
iter: 3341 | nc: 5 | ncalls: 8678 | eff(%): 38.500 | logz: -5.1e+03 +/- 2.4e-01 | dlogz: 3209.724 >  0.500
 loglike: -5.1e+03 | params: [ 2.18529387e-02 -1.36582084e+00  3.29505909e+00  9.37099172e+00
  2.96833254e+01]
 Average call time: 9.06 sec | Current time: 2018-05-30 13:55:50.921976
 --------------------------
iter: 3342 | nc: 3 | ncalls: 8681 | eff(%): 38.498 | logz: -5.1e+03 +/- 2.4e-01 | dlogz: 3205.421 >  0.500
 loglike: -5.1e+03 | params: [-0.79043678 -0.44744968  3.22801795  7.89176093 29.48714687]
 Average call time: 8.85 sec | Current time: 2018-05-30 13:56:17.477205
 --------------------------
iter: 3343 | nc: 4 | ncalls: 8685 | eff(%): 38.492 | logz: -5.1e+03 +/- 2.4e-01 | dlogz: 3203.664 >  0.500
 loglike: -5.1e+03 | params: [-0.74417859 -0.51498435  3.09699876  8.26116222 29.19320844]
 Average call time: 9.33 sec | Current time: 2018-05-30 13:56:54.795487
 --------------------------
iter: 3344 | nc: 1 | ncalls: 8686 | eff(%): 38.499 | logz: -5.1e+03 +/- 2.4e-01 | dlogz: 3201.479 >  0.500
 loglike: -5.1e+03 | params: [-0.08972417 -1.47715216  3.22434607  8.71309036 29.52695089]
 Average call time: 7.86 sec | Current time: 2018-05-30 13:57:02.655439
 --------------------------
iter: 3345 | nc: 1 | ncalls: 8687 | eff(%): 38.506 | logz: -5.1e+03 +/- 2.3e-01 | dlogz: 3198.415 >  0.500
 loglike: -5.1e+03 | params: [-0.07046522 -1.45673013  3.15299348  8.4447448  29.32006537]
 Average call time: 9.31 sec | Current time: 2018-05-30 13:57:11.966481
 --------------------------
iter: 3346 | nc: 1 | ncalls: 8688 | eff(%): 38.513 | logz: -5.1e+03 +/- 2.4e-01 | dlogz: 3197.179 >  0.500
 loglike: -5.1e+03 | params: [ 0.06150584 -1.47069849  3.28406529  9.63251327 29.64835275]
 Average call time: 9.44 sec | Current time: 2018-05-30 13:57:21.402221
 --------------------------
iter: 3347 | nc: 6 | ncalls: 8694 | eff(%): 38.498 | logz: -5.1e+03 +/- 2.4e-01 | dlogz: 3194.728 >  0.500
 loglike: -5.1e+03 | params: [-0.68349701 -0.27984392  3.10016158  9.88584157 29.102581  ]
 Average call time: 8.83 sec | Current time: 2018-05-30 13:58:14.354097
 --------------------------
iter: 3348 | nc: 6 | ncalls: 8700 | eff(%): 38.483 | logz: -5.1e+03 +/- 2.4e-01 | dlogz: 3185.918 >  0.500
 loglike: -5.1e+03 | params: [-0.83869787 -0.25297173  3.27987977  9.5666617  29.59164816]
 Average call time: 8.82 sec | Current time: 2018-05-30 13:59:07.289070
 --------------------------
iter: 3349 | nc: 1 | ncalls: 8701 | eff(%): 38.490 | logz: -5.1e+03 +/- 2.3e-01 | dlogz: 3181.505 >  0.500
 loglike: -5.1e+03 | params: [ 0.17377547 -1.56352752  3.17654931  9.92052425 29.32818143]
 Average call time: 9.28 sec | Current time: 2018-05-30 13:59:16.568001
 --------------------------
iter: 3350 | nc: 1 | ncalls: 8702 | eff(%): 38.497 | logz: -5.1e+03 +/- 2.3e-01 | dlogz: 3180.359 >  0.500
 loglike: -5.1e+03 | params: [-0.10591169 -1.0455835   3.18152334  9.47270911 29.36928324]
 Average call time: 7.88 sec | Current time: 2018-05-30 13:59:24.448594
 --------------------------
iter: 3351 | nc: 2 | ncalls: 8704 | eff(%): 38.500 | logz: -5.1e+03 +/- 2.3e-01 | dlogz: 3178.909 >  0.500
 loglike: -5.1e+03 | params: [-0.15511421 -1.19061319  3.21088126  9.38896841 29.51318175]
 Average call time: 8.56 sec | Current time: 2018-05-30 13:59:41.568386
 --------------------------
iter: 3352 | nc: 1 | ncalls: 8705 | eff(%): 38.507 | logz: -5.1e+03 +/- 2.4e-01 | dlogz: 3177.892 >  0.500
 loglike: -5.1e+03 | params: [-0.92415449 -0.38981691  3.21370014  7.28914992 29.43200226]
 Average call time: 7.80 sec | Current time: 2018-05-30 13:59:49.363975
 --------------------------
iter: 3353 | nc: 1 | ncalls: 8706 | eff(%): 38.514 | logz: -5.1e+03 +/- 2.4e-01 | dlogz: 3172.449 >  0.500
 loglike: -5.1e+03 | params: [ 0.1542428  -1.66806703  3.20943063  9.16898298 29.37972482]
 Average call time: 9.47 sec | Current time: 2018-05-30 13:59:58.833124
 --------------------------
iter: 3354 | nc: 1 | ncalls: 8707 | eff(%): 38.521 | logz: -5.1e+03 +/- 2.4e-01 | dlogz: 3169.602 >  0.500
 loglike: -5.1e+03 | params: [-0.75624708 -0.35312788  3.07839843  9.81954482 29.13236518]
 Average call time: 9.30 sec | Current time: 2018-05-30 14:00:08.131602
 --------------------------
iter: 3355 | nc: 2 | ncalls: 8709 | eff(%): 38.523 | logz: -5.1e+03 +/- 2.4e-01 | dlogz: 3167.747 >  0.500
 loglike: -5.1e+03 | params: [-0.16548678 -0.88363622  3.35003293  9.55656686 29.83692642]
 Average call time: 8.63 sec | Current time: 2018-05-30 14:00:25.388039
 --------------------------
iter: 3356 | nc: 3 | ncalls: 8712 | eff(%): 38.522 | logz: -5.1e+03 +/- 2.3e-01 | dlogz: 3144.110 >  0.500
 loglike: -5.1e+03 | params: [-0.18343966 -1.13524342  3.19818813  9.20733206 29.50345178]
 Average call time: 8.86 sec | Current time: 2018-05-30 14:00:51.976826
 --------------------------
iter: 3357 | nc: 1 | ncalls: 8713 | eff(%): 38.529 | logz: -5.1e+03 +/- 2.4e-01 | dlogz: 3142.623 >  0.500
 loglike: -5.1e+03 | params: [-0.3911702  -0.77558837  3.25037115  8.64948105 29.59561443]
 Average call time: 9.31 sec | Current time: 2018-05-30 14:01:01.289772
 --------------------------
iter: 3358 | nc: 8 | ncalls: 8721 | eff(%): 38.505 | logz: -5.1e+03 +/- 2.4e-01 | dlogz: 3138.342 >  0.500
 loglike: -5.1e+03 | params: [-0.09836951 -0.97915332  3.07561532  9.28689637 29.10312201]
 Average call time: 9.36 sec | Current time: 2018-05-30 14:02:16.191174
 --------------------------
iter: 3359 | nc: 2 | ncalls: 8723 | eff(%): 38.507 | logz: -5.1e+03 +/- 2.4e-01 | dlogz: 3133.353 >  0.500
 loglike: -5.0e+03 | params: [-0.71374969 -0.5499315   3.27988096  8.25557754 29.67746721]
 Average call time: 9.31 sec | Current time: 2018-05-30 14:02:34.813438
 --------------------------
iter: 3360 | nc: 3 | ncalls: 8726 | eff(%): 38.506 | logz: -5.1e+03 +/- 2.4e-01 | dlogz: 3131.647 >  0.500
 loglike: -5.0e+03 | params: [-0.0327807  -1.37977647  3.23380494  9.13126654 29.54779577]
 Average call time: 8.89 sec | Current time: 2018-05-30 14:03:01.472257
 --------------------------
iter: 3361 | nc: 5 | ncalls: 8731 | eff(%): 38.495 | logz: -5.1e+03 +/- 2.3e-01 | dlogz: 3129.904 >  0.500
 loglike: -5.0e+03 | params: [ 0.04177827 -1.69172209  3.12117378  9.38523475 29.23423689]
 Average call time: 9.34 sec | Current time: 2018-05-30 14:03:48.179078
 --------------------------
iter: 3362 | nc: 1 | ncalls: 8732 | eff(%): 38.502 | logz: -5.1e+03 +/- 2.4e-01 | dlogz: 3128.988 >  0.500
 loglike: -5.0e+03 | params: [-0.08750957 -1.42723645  3.20738783  8.60894968 29.48213328]
 Average call time: 7.82 sec | Current time: 2018-05-30 14:03:56.001566
 --------------------------
iter: 3363 | nc: 2 | ncalls: 8734 | eff(%): 38.505 | logz: -5.0e+03 +/- 2.4e-01 | dlogz: 3123.912 >  0.500
 loglike: -5.0e+03 | params: [ 0.098448   -1.48341491  3.14490094  9.5971592  29.27081938]
 Average call time: 9.40 sec | Current time: 2018-05-30 14:04:14.799115
 --------------------------
iter: 3364 | nc: 1 | ncalls: 8735 | eff(%): 38.512 | logz: -5.0e+03 +/- 2.3e-01 | dlogz: 3113.548 >  0.500
 loglike: -5.0e+03 | params: [ 0.09633993 -1.83993721  3.1463274   8.6863181  29.23452436]
 Average call time: 9.37 sec | Current time: 2018-05-30 14:04:24.170802
 --------------------------
iter: 3365 | nc: 1 | ncalls: 8736 | eff(%): 38.519 | logz: -5.0e+03 +/- 2.3e-01 | dlogz: 3112.124 >  0.500
 loglike: -5.0e+03 | params: [-0.87850409 -0.23787359  3.23148128  8.64533062 29.42357703]
 Average call time: 9.44 sec | Current time: 2018-05-30 14:04:33.606792
 --------------------------
iter: 3366 | nc: 1 | ncalls: 8737 | eff(%): 38.526 | logz: -5.0e+03 +/- 2.3e-01 | dlogz: 3111.170 >  0.500
 loglike: -5.0e+03 | params: [ 9.37581332e-03 -1.27350946e+00  3.11862917e+00  9.90301473e+00
  2.92459221e+01]
 Average call time: 7.79 sec | Current time: 2018-05-30 14:04:41.397759
 --------------------------
iter: 3367 | nc: 3 | ncalls: 8740 | eff(%): 38.524 | logz: -5.0e+03 +/- 2.3e-01 | dlogz: 3110.524 >  0.500
 loglike: -5.0e+03 | params: [-0.32757749 -0.91514196  3.13523326  8.49227238 29.32440697]
 Average call time: 9.36 sec | Current time: 2018-05-30 14:05:09.472647
 --------------------------
iter: 3368 | nc: 2 | ncalls: 8742 | eff(%): 38.527 | logz: -5.0e+03 +/- 2.4e-01 | dlogz: 3109.871 >  0.500
 loglike: -5.0e+03 | params: [ 0.06686227 -1.0406071   3.15976721  9.84043309 29.25316716]
 Average call time: 7.90 sec | Current time: 2018-05-30 14:05:25.270979
 --------------------------
iter: 3369 | nc: 3 | ncalls: 8745 | eff(%): 38.525 | logz: -5.0e+03 +/- 2.4e-01 | dlogz: 3103.397 >  0.500
 loglike: -5.0e+03 | params: [-0.88592187 -0.30369671  3.19770541  8.32611533 29.36063353]
 Average call time: 8.85 sec | Current time: 2018-05-30 14:05:51.807034
 --------------------------
iter: 3370 | nc: 1 | ncalls: 8746 | eff(%): 38.532 | logz: -5.0e+03 +/- 2.4e-01 | dlogz: 3095.389 >  0.500
 loglike: -5.0e+03 | params: [-0.94217006 -0.37547552  3.29034148  7.40738045 29.63230813]
 Average call time: 9.39 sec | Current time: 2018-05-30 14:06:01.200446
 --------------------------
iter: 3371 | nc: 2 | ncalls: 8748 | eff(%): 38.535 | logz: -5.0e+03 +/- 2.4e-01 | dlogz: 3090.693 >  0.500
 loglike: -5.0e+03 | params: [-0.6138514  -0.42451431  3.2150954   9.50541082 29.44857144]
 Average call time: 8.68 sec | Current time: 2018-05-30 14:06:18.551071
 --------------------------
iter: 3372 | nc: 5 | ncalls: 8753 | eff(%): 38.524 | logz: -5.0e+03 +/- 2.4e-01 | dlogz: 3084.762 >  0.500
 loglike: -5.0e+03 | params: [-0.4744001  -0.54349031  3.05826367  9.46637584 29.07969982]
 Average call time: 8.14 sec | Current time: 2018-05-30 14:06:59.248879
 --------------------------
iter: 3373 | nc: 1 | ncalls: 8754 | eff(%): 38.531 | logz: -5.0e+03 +/- 2.4e-01 | dlogz: 3080.438 >  0.500
 loglike: -5.0e+03 | params: [-0.42270287 -0.81410833  3.11851728  8.7480406  29.27895708]
 Average call time: 9.47 sec | Current time: 2018-05-30 14:07:08.722177
 --------------------------
iter: 3374 | nc: 2 | ncalls: 8756 | eff(%): 38.534 | logz: -5.0e+03 +/- 2.4e-01 | dlogz: 3066.396 >  0.500
 loglike: -5.0e+03 | params: [-0.73243578 -0.30467253  3.16507964  9.02180198 29.26730218]
 Average call time: 9.36 sec | Current time: 2018-05-30 14:07:27.442493
 --------------------------
iter: 3375 | nc: 1 | ncalls: 8757 | eff(%): 38.541 | logz: -5.0e+03 +/- 2.3e-01 | dlogz: 3064.522 >  0.500
 loglike: -5.0e+03 | params: [ 0.04430226 -1.19902186  3.14720665  9.25482614 29.24645662]
 Average call time: 9.43 sec | Current time: 2018-05-30 14:07:36.872592
 --------------------------
iter: 3376 | nc: 5 | ncalls: 8762 | eff(%): 38.530 | logz: -5.0e+03 +/- 2.4e-01 | dlogz: 3063.498 >  0.500
 loglike: -5.0e+03 | params: [-0.0694471  -1.20431297  3.14754866  9.72119001 29.34785048]
 Average call time: 9.32 sec | Current time: 2018-05-30 14:08:23.487776
 --------------------------
iter: 3377 | nc: 1 | ncalls: 8763 | eff(%): 38.537 | logz: -5.0e+03 +/- 2.4e-01 | dlogz: 3060.890 >  0.500
 loglike: -5.0e+03 | params: [-0.83057824 -0.36911561  3.19886822  9.5134399  29.44567602]
 Average call time: 9.53 sec | Current time: 2018-05-30 14:08:33.014634
 --------------------------
iter: 3378 | nc: 10 | ncalls: 8773 | eff(%): 38.505 | logz: -5.0e+03 +/- 2.4e-01 | dlogz: 3054.954 >  0.500
 loglike: -5.0e+03 | params: [-0.68243059 -0.26000416  3.11918123  9.93660463 29.15741793]
 Average call time: 9.12 sec | Current time: 2018-05-30 14:10:04.237520
 --------------------------
iter: 3379 | nc: 1 | ncalls: 8774 | eff(%): 38.512 | logz: -5.0e+03 +/- 2.4e-01 | dlogz: 3053.185 >  0.500
 loglike: -5.0e+03 | params: [-0.07873021 -1.47453114  3.21145001  8.5590133  29.46495066]
 Average call time: 9.13 sec | Current time: 2018-05-30 14:10:13.364281
 --------------------------
iter: 3380 | nc: 7 | ncalls: 8781 | eff(%): 38.492 | logz: -5.0e+03 +/- 2.3e-01 | dlogz: 3044.875 >  0.500
 loglike: -5.0e+03 | params: [ 0.06184796 -1.26725228  3.30010139  9.41174252 29.64751557]
 Average call time: 8.40 sec | Current time: 2018-05-30 14:11:12.180410
 --------------------------
iter: 3381 | nc: 1 | ncalls: 8782 | eff(%): 38.499 | logz: -5.0e+03 +/- 2.3e-01 | dlogz: 3043.773 >  0.500
 loglike: -5.0e+03 | params: [-0.09543525 -1.13855865  3.26681217  8.78169571 29.59061306]
 Average call time: 9.12 sec | Current time: 2018-05-30 14:11:21.300193
 --------------------------
iter: 3382 | nc: 2 | ncalls: 8784 | eff(%): 38.502 | logz: -5.0e+03 +/- 2.4e-01 | dlogz: 3042.591 >  0.500
 loglike: -5.0e+03 | params: [ 0.14429417 -1.4130993   3.17556348  9.96375962 29.29688944]
 Average call time: 9.30 sec | Current time: 2018-05-30 14:11:39.904544
 --------------------------
iter: 3383 | nc: 1 | ncalls: 8785 | eff(%): 38.509 | logz: -5.0e+03 +/- 2.4e-01 | dlogz: 3040.132 >  0.500
 loglike: -5.0e+03 | params: [ 0.05846142 -1.31626451  3.21517559  9.25147091 29.40958646]
 Average call time: 9.13 sec | Current time: 2018-05-30 14:11:49.030961
 --------------------------
iter: 3384 | nc: 1 | ncalls: 8786 | eff(%): 38.516 | logz: -5.0e+03 +/- 2.4e-01 | dlogz: 3034.440 >  0.500
 loglike: -4.9e+03 | params: [-0.51112001 -0.50775218  3.02246801  9.94564168 28.98255517]
 Average call time: 7.62 sec | Current time: 2018-05-30 14:11:56.651125
 --------------------------
iter: 3385 | nc: 3 | ncalls: 8789 | eff(%): 38.514 | logz: -5.0e+03 +/- 2.4e-01 | dlogz: 3030.213 >  0.500
 loglike: -4.9e+03 | params: [-0.16302353 -0.92000511  3.22224555  9.40557294 29.52852869]
 Average call time: 8.66 sec | Current time: 2018-05-30 14:12:22.629890
 --------------------------
iter: 3386 | nc: 6 | ncalls: 8795 | eff(%): 38.499 | logz: -5.0e+03 +/- 2.4e-01 | dlogz: 3023.026 >  0.500
 loglike: -4.9e+03 | params: [ 0.11765489 -1.31028245  3.18972979  9.31991058 29.32976878]
 Average call time: 8.99 sec | Current time: 2018-05-30 14:13:16.552140
 --------------------------
iter: 3387 | nc: 1 | ncalls: 8796 | eff(%): 38.506 | logz: -5.0e+03 +/- 2.3e-01 | dlogz: 3020.311 >  0.500
 loglike: -4.9e+03 | params: [ 1.38303640e-02 -1.47080976e+00  3.16259773e+00  8.51482419e+00
  2.92898873e+01]
 Average call time: 9.19 sec | Current time: 2018-05-30 14:13:25.744871
 --------------------------
iter: 3388 | nc: 2 | ncalls: 8798 | eff(%): 38.509 | logz: -5.0e+03 +/- 2.3e-01 | dlogz: 3018.950 >  0.500
 loglike: -4.9e+03 | params: [ 0.09461459 -1.52316915  3.04353792  9.43084618 28.98867851]
 Average call time: 9.23 sec | Current time: 2018-05-30 14:13:44.204208
 --------------------------
iter: 3389 | nc: 1 | ncalls: 8799 | eff(%): 38.516 | logz: -5.0e+03 +/- 2.3e-01 | dlogz: 3018.182 >  0.500
 loglike: -4.9e+03 | params: [-0.53409248 -0.50785109  3.0971427   9.42573001 29.16011043]
 Average call time: 9.31 sec | Current time: 2018-05-30 14:13:53.517362
 --------------------------
iter: 3390 | nc: 1 | ncalls: 8800 | eff(%): 38.523 | logz: -5.0e+03 +/- 2.4e-01 | dlogz: 3016.944 >  0.500
 loglike: -4.9e+03 | params: [-0.78088058 -0.44691409  3.30172627  8.37240038 29.69778865]
 Average call time: 9.24 sec | Current time: 2018-05-30 14:14:02.754307
 --------------------------
iter: 3391 | nc: 2 | ncalls: 8802 | eff(%): 38.525 | logz: -4.9e+03 +/- 2.4e-01 | dlogz: 3014.987 >  0.500
 loglike: -4.9e+03 | params: [ 0.11779371 -1.72180935  3.1940044   9.73785281 29.39734285]
 Average call time: 9.25 sec | Current time: 2018-05-30 14:14:21.251829
 --------------------------
iter: 3392 | nc: 3 | ncalls: 8805 | eff(%): 38.524 | logz: -4.9e+03 +/- 2.4e-01 | dlogz: 3010.848 >  0.500
 loglike: -4.9e+03 | params: [-0.19112513 -1.00158402  3.02366668  8.98795842 28.99674558]
 Average call time: 8.79 sec | Current time: 2018-05-30 14:14:47.610377
 --------------------------
iter: 3393 | nc: 1 | ncalls: 8806 | eff(%): 38.531 | logz: -4.9e+03 +/- 2.4e-01 | dlogz: 3009.315 >  0.500
 loglike: -4.9e+03 | params: [-0.19166363 -1.01579212  3.34637933  9.49189065 29.86590992]
 Average call time: 9.24 sec | Current time: 2018-05-30 14:14:56.845682
 --------------------------
iter: 3394 | nc: 3 | ncalls: 8809 | eff(%): 38.529 | logz: -4.9e+03 +/- 2.4e-01 | dlogz: 3003.905 >  0.500
 loglike: -4.9e+03 | params: [-0.06088485 -1.12289344  3.29798875  9.20805959 29.66802205]
 Average call time: 8.72 sec | Current time: 2018-05-30 14:15:23.002500
 --------------------------
iter: 3395 | nc: 3 | ncalls: 8812 | eff(%): 38.527 | logz: -4.9e+03 +/- 2.4e-01 | dlogz: 2988.665 >  0.500
 loglike: -4.9e+03 | params: [-0.04887441 -1.53763591  3.15034467  8.64161089 29.29723431]
 Average call time: 9.18 sec | Current time: 2018-05-30 14:15:50.546355
 --------------------------
iter: 3396 | nc: 2 | ncalls: 8814 | eff(%): 38.530 | logz: -4.9e+03 +/- 2.4e-01 | dlogz: 2987.170 >  0.500
 loglike: -4.9e+03 | params: [-0.17917136 -1.14550758  3.15174619  8.53059603 29.3168881 ]
 Average call time: 8.45 sec | Current time: 2018-05-30 14:16:07.442313
 --------------------------
iter: 3397 | nc: 3 | ncalls: 8817 | eff(%): 38.528 | logz: -4.9e+03 +/- 2.4e-01 | dlogz: 2984.040 >  0.500
 loglike: -4.9e+03 | params: [-0.85136386 -0.28636438  3.30539634  9.29165943 29.6741219 ]
 Average call time: 9.16 sec | Current time: 2018-05-30 14:16:34.931014
 --------------------------
iter: 3398 | nc: 2 | ncalls: 8819 | eff(%): 38.530 | logz: -4.9e+03 +/- 2.4e-01 | dlogz: 2980.430 >  0.500
 loglike: -4.9e+03 | params: [-0.23004215 -0.94464398  3.22389774  9.79334058 29.58995234]
 Average call time: 8.53 sec | Current time: 2018-05-30 14:16:51.996640
 --------------------------
iter: 3399 | nc: 5 | ncalls: 8824 | eff(%): 38.520 | logz: -4.9e+03 +/- 2.4e-01 | dlogz: 2978.268 >  0.500
 loglike: -4.9e+03 | params: [-0.79602315 -0.41920687  3.14239103  9.459718   29.31978329]
 Average call time: 9.25 sec | Current time: 2018-05-30 14:17:38.224624
 --------------------------
iter: 3400 | nc: 1 | ncalls: 8825 | eff(%): 38.527 | logz: -4.9e+03 +/- 2.4e-01 | dlogz: 2964.544 >  0.500
 loglike: -4.9e+03 | params: [-0.28245055 -0.64617116  3.10173284  9.85979345 29.16794591]
 Average call time: 9.22 sec | Current time: 2018-05-30 14:17:47.448448
 --------------------------
iter: 3401 | nc: 2 | ncalls: 8827 | eff(%): 38.530 | logz: -4.9e+03 +/- 2.4e-01 | dlogz: 2963.251 >  0.500
 loglike: -4.9e+03 | params: [-2.17908419e-02 -1.02397054e+00  3.29402873e+00  9.58326346e+00
  2.96523480e+01]
 Average call time: 8.52 sec | Current time: 2018-05-30 14:18:04.479687
 --------------------------
iter: 3402 | nc: 6 | ncalls: 8833 | eff(%): 38.515 | logz: -4.9e+03 +/- 2.4e-01 | dlogz: 2960.214 >  0.500
 loglike: -4.9e+03 | params: [-0.06780149 -1.46914602  3.11350556  8.8173413  29.22732771]
 Average call time: 8.74 sec | Current time: 2018-05-30 14:18:56.930904
 --------------------------
iter: 3403 | nc: 1 | ncalls: 8834 | eff(%): 38.522 | logz: -4.9e+03 +/- 2.3e-01 | dlogz: 2958.790 >  0.500
 loglike: -4.9e+03 | params: [ 2.51348180e-02 -1.47764528e+00  3.28631372e+00  9.28497120e+00
  2.96512634e+01]
 Average call time: 9.21 sec | Current time: 2018-05-30 14:19:06.144048
 --------------------------
iter: 3404 | nc: 3 | ncalls: 8837 | eff(%): 38.520 | logz: -4.9e+03 +/- 2.3e-01 | dlogz: 2958.018 >  0.500
 loglike: -4.9e+03 | params: [-0.40693685 -0.58073107  3.1786661   9.77953949 29.37306084]
 Average call time: 9.24 sec | Current time: 2018-05-30 14:19:33.859848
 --------------------------
iter: 3405 | nc: 1 | ncalls: 8838 | eff(%): 38.527 | logz: -4.9e+03 +/- 2.4e-01 | dlogz: 2957.428 >  0.500
 loglike: -4.9e+03 | params: [-0.4118511  -0.621603    3.05691511  9.32265196 29.07536441]
 Average call time: 9.26 sec | Current time: 2018-05-30 14:19:43.116732
 --------------------------
iter: 3406 | nc: 7 | ncalls: 8845 | eff(%): 38.508 | logz: -4.9e+03 +/- 2.4e-01 | dlogz: 2949.966 >  0.500
 loglike: -4.9e+03 | params: [ 0.07345929 -1.42386947  3.13897334  9.00222401 29.20497422]
 Average call time: 8.77 sec | Current time: 2018-05-30 14:20:44.536637
 --------------------------
iter: 3407 | nc: 1 | ncalls: 8846 | eff(%): 38.515 | logz: -4.9e+03 +/- 2.4e-01 | dlogz: 2948.863 >  0.500
 loglike: -4.9e+03 | params: [-0.84460272 -0.26582994  3.19743127  8.6031716  29.36715754]
 Average call time: 9.15 sec | Current time: 2018-05-30 14:20:53.683022
 --------------------------
iter: 3408 | nc: 8 | ncalls: 8854 | eff(%): 38.491 | logz: -4.9e+03 +/- 2.3e-01 | dlogz: 2947.442 >  0.500
 loglike: -4.9e+03 | params: [-0.16473714 -1.07667197  3.31730111  9.51162269 29.78700891]
 Average call time: 9.00 sec | Current time: 2018-05-30 14:22:05.674813
 --------------------------
iter: 3409 | nc: 2 | ncalls: 8856 | eff(%): 38.494 | logz: -4.9e+03 +/- 2.4e-01 | dlogz: 2945.966 >  0.500
 loglike: -4.9e+03 | params: [-0.26529537 -0.96668374  3.12908671  8.65487182 29.29957636]
 Average call time: 9.21 sec | Current time: 2018-05-30 14:22:24.097109
 --------------------------
iter: 3410 | nc: 1 | ncalls: 8857 | eff(%): 38.501 | logz: -4.9e+03 +/- 2.4e-01 | dlogz: 2943.691 >  0.500
 loglike: -4.9e+03 | params: [-2.23262644e-02 -1.41210748e+00  3.25148503e+00  9.39802523e+00
  2.95820954e+01]
 Average call time: 7.74 sec | Current time: 2018-05-30 14:22:31.836409
 --------------------------
iter: 3411 | nc: 1 | ncalls: 8858 | eff(%): 38.508 | logz: -4.9e+03 +/- 2.4e-01 | dlogz: 2939.117 >  0.500
 loglike: -4.9e+03 | params: [-0.78468397 -0.41672654  3.16408605  7.96856529 29.31176163]
 Average call time: 9.17 sec | Current time: 2018-05-30 14:22:41.010141
 --------------------------
iter: 3412 | nc: 3 | ncalls: 8861 | eff(%): 38.506 | logz: -4.9e+03 +/- 2.4e-01 | dlogz: 2937.553 >  0.500
 loglike: -4.9e+03 | params: [-0.78202714 -0.34103961  3.09414348  9.34440976 29.13197186]
 Average call time: 7.72 sec | Current time: 2018-05-30 14:23:04.179962
 --------------------------
iter: 3413 | nc: 2 | ncalls: 8863 | eff(%): 38.508 | logz: -4.9e+03 +/- 2.4e-01 | dlogz: 2935.260 >  0.500
 loglike: -4.9e+03 | params: [-0.84754348 -0.35183524  3.27219092  8.01392906 29.59002602]
 Average call time: 8.51 sec | Current time: 2018-05-30 14:23:21.197361
 --------------------------
iter: 3414 | nc: 1 | ncalls: 8864 | eff(%): 38.515 | logz: -4.9e+03 +/- 2.4e-01 | dlogz: 2932.761 >  0.500
 loglike: -4.8e+03 | params: [-0.75373378 -0.47064757  3.3603881   8.93414323 29.89293067]
 Average call time: 9.20 sec | Current time: 2018-05-30 14:23:30.398989
 --------------------------
iter: 3415 | nc: 10 | ncalls: 8874 | eff(%): 38.483 | logz: -4.9e+03 +/- 2.4e-01 | dlogz: 2930.563 >  0.500
 loglike: -4.8e+03 | params: [ 1.13733048e-02 -1.70270402e+00  3.24012559e+00  8.67130770e+00
  2.95185076e+01]
 Average call time: 9.05 sec | Current time: 2018-05-30 14:25:00.885789
 --------------------------
iter: 3416 | nc: 4 | ncalls: 8878 | eff(%): 38.477 | logz: -4.9e+03 +/- 2.4e-01 | dlogz: 2923.912 >  0.500
 loglike: -4.8e+03 | params: [ 0.13008444 -1.39492095  3.08545128  9.94546054 29.10201729]
 Average call time: 8.81 sec | Current time: 2018-05-30 14:25:36.131594
 --------------------------
iter: 3417 | nc: 7 | ncalls: 8885 | eff(%): 38.458 | logz: -4.9e+03 +/- 2.4e-01 | dlogz: 2920.947 >  0.500
 loglike: -4.8e+03 | params: [-0.32275353 -0.88693888  3.34154778  8.81289888 29.86157825]
 Average call time: 8.78 sec | Current time: 2018-05-30 14:26:37.595460
 --------------------------
iter: 3418 | nc: 3 | ncalls: 8888 | eff(%): 38.456 | logz: -4.8e+03 +/- 2.4e-01 | dlogz: 2918.374 >  0.500
 loglike: -4.8e+03 | params: [-7.03316812e-03 -9.69524082e-01  3.13664831e+00  9.65162496e+00
  2.92173041e+01]
 Average call time: 9.25 sec | Current time: 2018-05-30 14:27:05.334953
 --------------------------
iter: 3419 | nc: 7 | ncalls: 8895 | eff(%): 38.437 | logz: -4.8e+03 +/- 2.4e-01 | dlogz: 2912.635 >  0.500
 loglike: -4.8e+03 | params: [-0.22695279 -0.95695285  3.23563924  8.68479092 29.56031652]
 Average call time: 8.60 sec | Current time: 2018-05-30 14:28:05.544317
 --------------------------
iter: 3420 | nc: 2 | ncalls: 8897 | eff(%): 38.440 | logz: -4.8e+03 +/- 2.4e-01 | dlogz: 2911.509 >  0.500
 loglike: -4.8e+03 | params: [ 2.27929588e-02 -1.73636703e+00  3.16974231e+00  8.87685898e+00
  2.93287231e+01]
 Average call time: 9.30 sec | Current time: 2018-05-30 14:28:24.148459
 --------------------------
iter: 3421 | nc: 2 | ncalls: 8899 | eff(%): 38.443 | logz: -4.8e+03 +/- 2.4e-01 | dlogz: 2908.023 >  0.500
 loglike: -4.8e+03 | params: [-0.29108677 -0.76032806  3.12297239  9.11180405 29.24795931]
 Average call time: 9.25 sec | Current time: 2018-05-30 14:28:42.646546
 --------------------------
iter: 3422 | nc: 2 | ncalls: 8901 | eff(%): 38.445 | logz: -4.8e+03 +/- 2.4e-01 | dlogz: 2905.474 >  0.500
 loglike: -4.8e+03 | params: [-0.77538371 -0.47004562  3.30669745  8.21230321 29.73857061]
 Average call time: 9.15 sec | Current time: 2018-05-30 14:29:00.954750
 --------------------------
iter: 3423 | nc: 1 | ncalls: 8902 | eff(%): 38.452 | logz: -4.8e+03 +/- 2.4e-01 | dlogz: 2898.864 >  0.500
 loglike: -4.8e+03 | params: [-0.80602275 -0.28943176  3.12904684  9.86103086 29.22883415]
 Average call time: 9.37 sec | Current time: 2018-05-30 14:29:10.320856
 --------------------------
iter: 3424 | nc: 4 | ncalls: 8906 | eff(%): 38.446 | logz: -4.8e+03 +/- 2.4e-01 | dlogz: 2897.475 >  0.500
 loglike: -4.8e+03 | params: [ 0.08916411 -1.21140718  3.2589731   9.58918925 29.51976568]
 Average call time: 8.81 sec | Current time: 2018-05-30 14:29:45.546444
 --------------------------
iter: 3425 | nc: 2 | ncalls: 8908 | eff(%): 38.449 | logz: -4.8e+03 +/- 2.4e-01 | dlogz: 2895.339 >  0.500
 loglike: -4.8e+03 | params: [-0.32750899 -0.83329108  3.19595218  9.43536839 29.518802  ]
 Average call time: 9.20 sec | Current time: 2018-05-30 14:30:03.954983
 --------------------------
iter: 3426 | nc: 3 | ncalls: 8911 | eff(%): 38.447 | logz: -4.8e+03 +/- 2.4e-01 | dlogz: 2893.351 >  0.500
 loglike: -4.8e+03 | params: [ 0.03763314 -1.44875823  3.2275647   9.598252   29.51507441]
 Average call time: 9.19 sec | Current time: 2018-05-30 14:30:31.510427
 --------------------------
iter: 3427 | nc: 2 | ncalls: 8913 | eff(%): 38.449 | logz: -4.8e+03 +/- 2.4e-01 | dlogz: 2891.511 >  0.500
 loglike: -4.8e+03 | params: [ 0.10845637 -1.55810382  3.04846708  9.49385307 28.99690359]
 Average call time: 8.42 sec | Current time: 2018-05-30 14:30:48.346554
 --------------------------
iter: 3428 | nc: 5 | ncalls: 8918 | eff(%): 38.439 | logz: -4.8e+03 +/- 2.4e-01 | dlogz: 2887.974 >  0.500
 loglike: -4.8e+03 | params: [-0.72021964 -0.42746475  3.37176413  9.88712398 29.92267464]
 Average call time: 9.25 sec | Current time: 2018-05-30 14:31:34.574575
 --------------------------
iter: 3429 | nc: 2 | ncalls: 8920 | eff(%): 38.442 | logz: -4.8e+03 +/- 2.3e-01 | dlogz: 2886.640 >  0.500
 loglike: -4.8e+03 | params: [-0.16721418 -1.01877368  3.34492861  9.78710767 29.87024747]
 Average call time: 8.51 sec | Current time: 2018-05-30 14:31:51.587646
 --------------------------
iter: 3430 | nc: 2 | ncalls: 8922 | eff(%): 38.444 | logz: -4.8e+03 +/- 2.3e-01 | dlogz: 2885.566 >  0.500
 loglike: -4.8e+03 | params: [-0.61373675 -0.34657696  3.19236959  9.7603384  29.388406  ]
 Average call time: 9.24 sec | Current time: 2018-05-30 14:32:10.062522
 --------------------------
iter: 3431 | nc: 3 | ncalls: 8925 | eff(%): 38.443 | logz: -4.8e+03 +/- 2.4e-01 | dlogz: 2884.445 >  0.500
 loglike: -4.8e+03 | params: [-0.57662891 -0.6857088   3.21733448  8.53550977 29.56737247]
 Average call time: 9.27 sec | Current time: 2018-05-30 14:32:37.873680
 --------------------------
iter: 3432 | nc: 1 | ncalls: 8926 | eff(%): 38.449 | logz: -4.8e+03 +/- 2.4e-01 | dlogz: 2879.836 >  0.500
 loglike: -4.8e+03 | params: [ 2.75752161e-03 -1.23530749e+00  3.12962757e+00  9.27314787e+00
  2.92016745e+01]
 Average call time: 9.40 sec | Current time: 2018-05-30 14:32:47.270316
 --------------------------
iter: 3433 | nc: 2 | ncalls: 8928 | eff(%): 38.452 | logz: -4.8e+03 +/- 2.4e-01 | dlogz: 2873.367 >  0.500
 loglike: -4.8e+03 | params: [-0.50229407 -0.63226725  3.24911442  8.93189276 29.59010422]
 Average call time: 9.12 sec | Current time: 2018-05-30 14:33:05.513404
 --------------------------
iter: 3434 | nc: 1 | ncalls: 8929 | eff(%): 38.459 | logz: -4.8e+03 +/- 2.4e-01 | dlogz: 2871.925 >  0.500
 loglike: -4.8e+03 | params: [-0.43661767 -0.69679018  3.04584245  9.83745881 29.12531051]
 Average call time: 9.35 sec | Current time: 2018-05-30 14:33:14.866864
 --------------------------
iter: 3435 | nc: 4 | ncalls: 8933 | eff(%): 38.453 | logz: -4.8e+03 +/- 2.4e-01 | dlogz: 2867.342 >  0.500
 loglike: -4.8e+03 | params: [-0.30391716 -0.93059668  3.31077676  9.04142079 29.80629164]
 Average call time: 8.89 sec | Current time: 2018-05-30 14:33:50.407769
 --------------------------
iter: 3436 | nc: 2 | ncalls: 8935 | eff(%): 38.456 | logz: -4.8e+03 +/- 2.4e-01 | dlogz: 2864.003 >  0.500
 loglike: -4.8e+03 | params: [-0.10627103 -0.93519674  3.28729409  9.86568055 29.64436616]
 Average call time: 9.41 sec | Current time: 2018-05-30 14:34:09.218033
 --------------------------
iter: 3437 | nc: 1 | ncalls: 8936 | eff(%): 38.462 | logz: -4.8e+03 +/- 2.4e-01 | dlogz: 2855.910 >  0.500
 loglike: -4.8e+03 | params: [ 0.11225836 -1.44159118  3.13946711  9.21920423 29.2182922 ]
 Average call time: 9.24 sec | Current time: 2018-05-30 14:34:18.458967
 --------------------------
iter: 3438 | nc: 1 | ncalls: 8937 | eff(%): 38.469 | logz: -4.8e+03 +/- 2.4e-01 | dlogz: 2853.795 >  0.500
 loglike: -4.8e+03 | params: [-0.08118199 -1.4921896   3.17665363  8.69407447 29.39327167]
 Average call time: 9.22 sec | Current time: 2018-05-30 14:34:27.681874
 --------------------------
iter: 3439 | nc: 5 | ncalls: 8942 | eff(%): 38.459 | logz: -4.8e+03 +/- 2.4e-01 | dlogz: 2846.643 >  0.500
 loglike: -4.8e+03 | params: [-0.79877886 -0.35039334  3.11618185  9.69169508 29.23382724]
 Average call time: 9.26 sec | Current time: 2018-05-30 14:35:13.980949
 --------------------------
iter: 3440 | nc: 2 | ncalls: 8944 | eff(%): 38.462 | logz: -4.8e+03 +/- 2.4e-01 | dlogz: 2844.409 >  0.500
 loglike: -4.8e+03 | params: [-0.41976127 -0.61124306  3.24911703  9.36385157 29.56772013]
 Average call time: 8.46 sec | Current time: 2018-05-30 14:35:30.908476
 --------------------------
iter: 3441 | nc: 5 | ncalls: 8949 | eff(%): 38.451 | logz: -4.8e+03 +/- 2.4e-01 | dlogz: 2842.180 >  0.500
 loglike: -4.8e+03 | params: [-0.35022288 -0.6768903   3.05797188  9.31848673 29.07991133]
 Average call time: 9.21 sec | Current time: 2018-05-30 14:36:16.943000
 --------------------------
iter: 3442 | nc: 1 | ncalls: 8950 | eff(%): 38.458 | logz: -4.8e+03 +/- 2.4e-01 | dlogz: 2834.094 >  0.500
 loglike: -4.7e+03 | params: [-0.39457907 -0.69029318  3.00510115  9.66247386 28.97895727]
 Average call time: 9.23 sec | Current time: 2018-05-30 14:36:26.177374
 --------------------------
iter: 3443 | nc: 4 | ncalls: 8954 | eff(%): 38.452 | logz: -4.8e+03 +/- 2.4e-01 | dlogz: 2830.440 >  0.500
 loglike: -4.7e+03 | params: [-0.54233147 -0.69338782  3.20227437  8.53403977 29.49435325]
 Average call time: 9.21 sec | Current time: 2018-05-30 14:37:03.036911
 --------------------------
iter: 3444 | nc: 3 | ncalls: 8957 | eff(%): 38.450 | logz: -4.8e+03 +/- 2.4e-01 | dlogz: 2829.328 >  0.500
 loglike: -4.7e+03 | params: [-0.23436809 -0.79905999  3.04131919  9.67296692 29.05482826]
 Average call time: 9.22 sec | Current time: 2018-05-30 14:37:30.706155
 --------------------------
iter: 3445 | nc: 2 | ncalls: 8959 | eff(%): 38.453 | logz: -4.8e+03 +/- 2.4e-01 | dlogz: 2827.546 >  0.500
 loglike: -4.7e+03 | params: [-0.05883132 -1.43273894  3.11070896  8.94512821 29.22227317]
 Average call time: 9.26 sec | Current time: 2018-05-30 14:37:49.216223
 --------------------------
iter: 3446 | nc: 6 | ncalls: 8965 | eff(%): 38.438 | logz: -4.8e+03 +/- 2.4e-01 | dlogz: 2825.378 >  0.500
 loglike: -4.7e+03 | params: [ 0.1437725  -1.78711574  3.13983861  9.3578565  29.23183563]
 Average call time: 8.99 sec | Current time: 2018-05-30 14:38:43.170230
 --------------------------
iter: 3447 | nc: 2 | ncalls: 8967 | eff(%): 38.441 | logz: -4.8e+03 +/- 2.3e-01 | dlogz: 2823.915 >  0.500
 loglike: -4.7e+03 | params: [-0.48103228 -0.71564091  3.12916369  8.72425317 29.29652817]
 Average call time: 9.22 sec | Current time: 2018-05-30 14:39:01.603428
 --------------------------
iter: 3448 | nc: 1 | ncalls: 8968 | eff(%): 38.448 | logz: -4.8e+03 +/- 2.4e-01 | dlogz: 2822.879 >  0.500
 loglike: -4.7e+03 | params: [-0.19816929 -0.92083432  3.15127372  9.45930587 29.36263887]
 Average call time: 9.35 sec | Current time: 2018-05-30 14:39:10.957205
 --------------------------
iter: 3449 | nc: 1 | ncalls: 8969 | eff(%): 38.455 | logz: -4.7e+03 +/- 2.4e-01 | dlogz: 2819.694 >  0.500
 loglike: -4.7e+03 | params: [-0.91713362 -0.4143163   3.22846761  7.64303276 29.49461967]
 Average call time: 9.21 sec | Current time: 2018-05-30 14:39:20.163954
 --------------------------
iter: 3450 | nc: 4 | ncalls: 8973 | eff(%): 38.449 | logz: -4.7e+03 +/- 2.4e-01 | dlogz: 2809.607 >  0.500
 loglike: -4.7e+03 | params: [-0.06747609 -1.43580099  3.25196118  8.59373065 29.57126724]
 Average call time: 9.17 sec | Current time: 2018-05-30 14:39:56.837798
 --------------------------
iter: 3451 | nc: 4 | ncalls: 8977 | eff(%): 38.443 | logz: -4.7e+03 +/- 2.4e-01 | dlogz: 2801.354 >  0.500
 loglike: -4.7e+03 | params: [-0.08217502 -1.1605104   3.10253746  8.70933079 29.15454693]
 Average call time: 9.22 sec | Current time: 2018-05-30 14:40:33.720516
 --------------------------
iter: 3452 | nc: 1 | ncalls: 8978 | eff(%): 38.450 | logz: -4.7e+03 +/- 2.4e-01 | dlogz: 2794.548 >  0.500
 loglike: -4.7e+03 | params: [-0.06863556 -1.45832947  3.23431405  8.84443935 29.54842413]
 Average call time: 9.21 sec | Current time: 2018-05-30 14:40:42.932690
 --------------------------
iter: 3453 | nc: 1 | ncalls: 8979 | eff(%): 38.456 | logz: -4.7e+03 +/- 2.4e-01 | dlogz: 2787.002 >  0.500
 loglike: -4.7e+03 | params: [-0.31935457 -0.86537941  3.33707782  9.22509372 29.84947191]
 Average call time: 9.13 sec | Current time: 2018-05-30 14:40:52.061873
 --------------------------
iter: 3454 | nc: 1 | ncalls: 8980 | eff(%): 38.463 | logz: -4.7e+03 +/- 2.4e-01 | dlogz: 2784.170 >  0.500
 loglike: -4.7e+03 | params: [ 0.12410984 -1.7963695   3.13594928  9.74463886 29.23561809]
 Average call time: 7.83 sec | Current time: 2018-05-30 14:40:59.888423
 --------------------------
iter: 3455 | nc: 2 | ncalls: 8982 | eff(%): 38.466 | logz: -4.7e+03 +/- 2.4e-01 | dlogz: 2779.982 >  0.500
 loglike: -4.7e+03 | params: [-0.15635559 -1.13398515  3.2585413   9.29641855 29.65227764]
 Average call time: 8.71 sec | Current time: 2018-05-30 14:41:17.306751
 --------------------------
iter: 3456 | nc: 3 | ncalls: 8985 | eff(%): 38.464 | logz: -4.7e+03 +/- 2.4e-01 | dlogz: 2770.613 >  0.500
 loglike: -4.7e+03 | params: [-1.53954582e-02 -1.25524086e+00  3.01118793e+00  9.38643394e+00
  2.89255139e+01]
 Average call time: 9.19 sec | Current time: 2018-05-30 14:41:44.875401
 --------------------------
iter: 3457 | nc: 2 | ncalls: 8987 | eff(%): 38.467 | logz: -4.7e+03 +/- 2.4e-01 | dlogz: 2769.101 >  0.500
 loglike: -4.7e+03 | params: [-0.3514875  -0.90553833  3.25346361  8.32926387 29.62368053]
 Average call time: 9.26 sec | Current time: 2018-05-30 14:42:03.393337
 --------------------------
iter: 3458 | nc: 7 | ncalls: 8994 | eff(%): 38.448 | logz: -4.7e+03 +/- 2.4e-01 | dlogz: 2766.267 >  0.500
 loglike: -4.7e+03 | params: [-0.80691549 -0.3282979   3.31177632  9.31748918 29.7015569 ]
 Average call time: 9.22 sec | Current time: 2018-05-30 14:43:07.929214
 --------------------------
iter: 3459 | nc: 3 | ncalls: 8997 | eff(%): 38.446 | logz: -4.7e+03 +/- 2.4e-01 | dlogz: 2762.507 >  0.500
 loglike: -4.7e+03 | params: [-0.49000079 -0.59592698  3.14065308  9.9450582  29.36953712]
 Average call time: 9.22 sec | Current time: 2018-05-30 14:43:35.578009
 --------------------------
iter: 3460 | nc: 3 | ncalls: 9000 | eff(%): 38.444 | logz: -4.7e+03 +/- 2.4e-01 | dlogz: 2751.876 >  0.500
 loglike: -4.7e+03 | params: [ 0.08264423 -1.48744783  3.22619127  9.46657265 29.48442762]
 Average call time: 9.26 sec | Current time: 2018-05-30 14:44:03.346834
 --------------------------
iter: 3461 | nc: 3 | ncalls: 9003 | eff(%): 38.443 | logz: -4.7e+03 +/- 2.4e-01 | dlogz: 2750.036 >  0.500
 loglike: -4.7e+03 | params: [-0.8202392  -0.3908729   3.30648425  8.55103992 29.69835524]
 Average call time: 8.77 sec | Current time: 2018-05-30 14:44:29.650186
 --------------------------
iter: 3462 | nc: 4 | ncalls: 9007 | eff(%): 38.437 | logz: -4.7e+03 +/- 2.4e-01 | dlogz: 2738.541 >  0.500
 loglike: -4.7e+03 | params: [ 0.0305774  -1.50738357  3.15901508  9.56278154 29.34073856]
 Average call time: 9.20 sec | Current time: 2018-05-30 14:45:06.440301
 --------------------------
iter: 3463 | nc: 5 | ncalls: 9012 | eff(%): 38.427 | logz: -4.7e+03 +/- 2.4e-01 | dlogz: 2736.921 >  0.500
 loglike: -4.7e+03 | params: [-0.79991126 -0.35983728  3.16821609  8.17856784 29.30574463]
 Average call time: 9.19 sec | Current time: 2018-05-30 14:45:52.397065
 --------------------------
iter: 3464 | nc: 5 | ncalls: 9017 | eff(%): 38.416 | logz: -4.7e+03 +/- 2.4e-01 | dlogz: 2735.580 >  0.500
 loglike: -4.6e+03 | params: [-0.18622407 -0.97895335  3.35757793  9.43501956 29.88605529]
 Average call time: 8.63 sec | Current time: 2018-05-30 14:46:35.550288
 --------------------------
iter: 3465 | nc: 2 | ncalls: 9019 | eff(%): 38.419 | logz: -4.7e+03 +/- 2.4e-01 | dlogz: 2731.506 >  0.500
 loglike: -4.6e+03 | params: [-0.79261419 -0.26111366  3.12880235  9.19740848 29.18113434]
 Average call time: 9.25 sec | Current time: 2018-05-30 14:46:54.041180
 --------------------------
iter: 3466 | nc: 1 | ncalls: 9020 | eff(%): 38.426 | logz: -4.7e+03 +/- 2.4e-01 | dlogz: 2729.576 >  0.500
 loglike: -4.6e+03 | params: [-0.06286256 -1.23785247  3.13418155  9.71585298 29.27585588]
 Average call time: 9.22 sec | Current time: 2018-05-30 14:47:03.261566
 --------------------------
iter: 3467 | nc: 2 | ncalls: 9022 | eff(%): 38.428 | logz: -4.7e+03 +/- 2.4e-01 | dlogz: 2728.205 >  0.500
 loglike: -4.6e+03 | params: [-0.07925865 -0.99115556  3.13187995  9.27047642 29.21515327]
 Average call time: 9.30 sec | Current time: 2018-05-30 14:47:21.863666
 --------------------------
iter: 3468 | nc: 3 | ncalls: 9025 | eff(%): 38.427 | logz: -4.6e+03 +/- 2.4e-01 | dlogz: 2719.907 >  0.500
 loglike: -4.6e+03 | params: [-0.23840326 -0.75077981  3.23439117  9.92544305 29.51567772]
 Average call time: 9.17 sec | Current time: 2018-05-30 14:47:49.385499
 --------------------------
iter: 3469 | nc: 1 | ncalls: 9026 | eff(%): 38.433 | logz: -4.6e+03 +/- 2.4e-01 | dlogz: 2706.433 >  0.500
 loglike: -4.6e+03 | params: [-0.06418732 -1.16252099  3.23087273  9.88201961 29.56270916]
 Average call time: 9.14 sec | Current time: 2018-05-30 14:47:58.522824
 --------------------------
iter: 3470 | nc: 1 | ncalls: 9027 | eff(%): 38.440 | logz: -4.6e+03 +/- 2.4e-01 | dlogz: 2705.242 >  0.500
 loglike: -4.6e+03 | params: [-0.12962035 -1.10296516  3.16529929  8.62466584 29.34400424]
 Average call time: 9.10 sec | Current time: 2018-05-30 14:48:07.625543
 --------------------------
iter: 3471 | nc: 2 | ncalls: 9029 | eff(%): 38.443 | logz: -4.6e+03 +/- 2.4e-01 | dlogz: 2693.586 >  0.500
 loglike: -4.6e+03 | params: [ 0.04905148 -1.25028984  3.05387788  9.37604763 29.00556828]
 Average call time: 9.33 sec | Current time: 2018-05-30 14:48:26.285038
 --------------------------
iter: 3472 | nc: 1 | ncalls: 9030 | eff(%): 38.450 | logz: -4.6e+03 +/- 2.4e-01 | dlogz: 2684.316 >  0.500
 loglike: -4.6e+03 | params: [-0.89701919 -0.38517347  3.18653338  7.88461288 29.36973741]
 Average call time: 9.22 sec | Current time: 2018-05-30 14:48:35.500984
 --------------------------
iter: 3473 | nc: 1 | ncalls: 9031 | eff(%): 38.456 | logz: -4.6e+03 +/- 2.4e-01 | dlogz: 2674.490 >  0.500
 loglike: -4.6e+03 | params: [-0.79306827 -0.37178281  3.32596762  8.50031357 29.73330148]
 Average call time: 9.22 sec | Current time: 2018-05-30 14:48:44.718383
 --------------------------
iter: 3474 | nc: 1 | ncalls: 9032 | eff(%): 38.463 | logz: -4.6e+03 +/- 2.4e-01 | dlogz: 2671.483 >  0.500
 loglike: -4.6e+03 | params: [-0.14963465 -1.00340683  3.21448346  8.97741184 29.45719549]
 Average call time: 9.11 sec | Current time: 2018-05-30 14:48:53.830606
 --------------------------
iter: 3475 | nc: 8 | ncalls: 9040 | eff(%): 38.440 | logz: -4.6e+03 +/- 2.4e-01 | dlogz: 2670.162 >  0.500
 loglike: -4.6e+03 | params: [-0.22222143 -0.94128103  3.22701409  8.98668716 29.5502674 ]
 Average call time: 9.05 sec | Current time: 2018-05-30 14:50:06.223706
 --------------------------
iter: 3476 | nc: 3 | ncalls: 9043 | eff(%): 38.439 | logz: -4.6e+03 +/- 2.3e-01 | dlogz: 2668.176 >  0.500
 loglike: -4.6e+03 | params: [-0.81385485 -0.30140694  3.20269612  8.36622707 29.38009807]
 Average call time: 9.39 sec | Current time: 2018-05-30 14:50:34.380827
 --------------------------
iter: 3477 | nc: 3 | ncalls: 9046 | eff(%): 38.437 | logz: -4.6e+03 +/- 2.3e-01 | dlogz: 2667.129 >  0.500
 loglike: -4.6e+03 | params: [ 0.05540705 -1.63655791  3.10687834  9.42453599 29.18463916]
 Average call time: 8.75 sec | Current time: 2018-05-30 14:51:00.631910
 --------------------------
iter: 3478 | nc: 3 | ncalls: 9049 | eff(%): 38.435 | logz: -4.6e+03 +/- 2.4e-01 | dlogz: 2666.567 >  0.500
 loglike: -4.6e+03 | params: [-0.27417977 -0.90638426  3.21969419  8.88706947 29.50594788]
 Average call time: 8.79 sec | Current time: 2018-05-30 14:51:26.994920
 --------------------------
iter: 3479 | nc: 1 | ncalls: 9050 | eff(%): 38.442 | logz: -4.6e+03 +/- 2.4e-01 | dlogz: 2662.449 >  0.500
 loglike: -4.6e+03 | params: [-0.12430203 -1.02431382  3.02967758  9.15603601 28.9787054 ]
 Average call time: 9.28 sec | Current time: 2018-05-30 14:51:36.273643
 --------------------------
iter: 3480 | nc: 1 | ncalls: 9051 | eff(%): 38.449 | logz: -4.6e+03 +/- 2.4e-01 | dlogz: 2660.612 >  0.500
 loglike: -4.6e+03 | params: [-0.37952227 -0.60125616  3.25440043  9.75760935 29.57530318]
 Average call time: 9.26 sec | Current time: 2018-05-30 14:51:45.530874
 --------------------------
iter: 3481 | nc: 1 | ncalls: 9052 | eff(%): 38.456 | logz: -4.6e+03 +/- 2.4e-01 | dlogz: 2658.643 >  0.500
 loglike: -4.6e+03 | params: [-1.58633785e-02 -9.70047067e-01  3.10010465e+00  9.70854564e+00
  2.91218228e+01]
 Average call time: 9.37 sec | Current time: 2018-05-30 14:51:54.903858
 --------------------------
iter: 3482 | nc: 1 | ncalls: 9053 | eff(%): 38.462 | logz: -4.6e+03 +/- 2.4e-01 | dlogz: 2655.829 >  0.500
 loglike: -4.6e+03 | params: [-0.70943955 -0.50563046  3.28819775  8.77909377 29.72329957]
 Average call time: 9.20 sec | Current time: 2018-05-30 14:52:04.100493
 --------------------------
iter: 3483 | nc: 5 | ncalls: 9058 | eff(%): 38.452 | logz: -4.6e+03 +/- 2.4e-01 | dlogz: 2654.033 >  0.500
 loglike: -4.6e+03 | params: [-0.49110111 -0.67800768  3.06637136  9.33270116 29.167956  ]
 Average call time: 9.26 sec | Current time: 2018-05-30 14:52:50.392925
 --------------------------
iter: 3484 | nc: 2 | ncalls: 9060 | eff(%): 38.455 | logz: -4.6e+03 +/- 2.3e-01 | dlogz: 2652.366 >  0.500
 loglike: -4.6e+03 | params: [-0.73636239 -0.42529035  3.31224645  9.3324506  29.77738218]
 Average call time: 9.23 sec | Current time: 2018-05-30 14:53:08.847269
 --------------------------
iter: 3485 | nc: 1 | ncalls: 9061 | eff(%): 38.462 | logz: -4.6e+03 +/- 2.3e-01 | dlogz: 2651.353 >  0.500
 loglike: -4.6e+03 | params: [-0.12303383 -1.2108142   3.16042921  8.85687025 29.36818814]
 Average call time: 9.28 sec | Current time: 2018-05-30 14:53:18.130267
 --------------------------
iter: 3486 | nc: 6 | ncalls: 9067 | eff(%): 38.447 | logz: -4.6e+03 +/- 2.3e-01 | dlogz: 2650.738 >  0.500
 loglike: -4.6e+03 | params: [-0.4098641  -0.51705025  3.17946828  9.93575267 29.38003569]
 Average call time: 9.26 sec | Current time: 2018-05-30 14:54:13.719886
 --------------------------
iter: 3487 | nc: 2 | ncalls: 9069 | eff(%): 38.450 | logz: -4.6e+03 +/- 2.3e-01 | dlogz: 2650.248 >  0.500
 loglike: -4.6e+03 | params: [-0.48355093 -0.55862642  3.2810089   9.36197709 29.65729598]
 Average call time: 9.21 sec | Current time: 2018-05-30 14:54:32.131896
 --------------------------
iter: 3488 | nc: 3 | ncalls: 9072 | eff(%): 38.448 | logz: -4.6e+03 +/- 2.3e-01 | dlogz: 2649.176 >  0.500
 loglike: -4.6e+03 | params: [ 0.0795175  -1.43398494  3.21252802  9.98321831 29.44352078]
 Average call time: 9.27 sec | Current time: 2018-05-30 14:54:59.949769
 --------------------------
iter: 3489 | nc: 12 | ncalls: 9084 | eff(%): 38.408 | logz: -4.6e+03 +/- 2.3e-01 | dlogz: 2648.262 >  0.500
 loglike: -4.6e+03 | params: [ 0.09233014 -1.56043888  3.1794593   9.89667134 29.36183262]
 Average call time: 8.98 sec | Current time: 2018-05-30 14:56:47.697098
 --------------------------
iter: 3490 | nc: 1 | ncalls: 9085 | eff(%): 38.415 | logz: -4.6e+03 +/- 2.3e-01 | dlogz: 2647.361 >  0.500
 loglike: -4.6e+03 | params: [-2.03337737e-02 -1.21110457e+00  3.11143880e+00  9.68917008e+00
  2.92253335e+01]
 Average call time: 9.29 sec | Current time: 2018-05-30 14:56:56.984840
 --------------------------
iter: 3491 | nc: 5 | ncalls: 9090 | eff(%): 38.405 | logz: -4.6e+03 +/- 2.4e-01 | dlogz: 2646.638 >  0.500
 loglike: -4.6e+03 | params: [-0.71908394 -0.51503503  3.21427043  8.39522235 29.48981568]
 Average call time: 8.83 sec | Current time: 2018-05-30 14:57:41.150049
 --------------------------
iter: 3492 | nc: 2 | ncalls: 9092 | eff(%): 38.407 | logz: -4.6e+03 +/- 2.4e-01 | dlogz: 2643.537 >  0.500
 loglike: -4.6e+03 | params: [-0.31072586 -0.94938758  3.29700769  9.04067131 29.76807434]
 Average call time: 9.30 sec | Current time: 2018-05-30 14:57:59.748836
 --------------------------
iter: 3493 | nc: 5 | ncalls: 9097 | eff(%): 38.397 | logz: -4.6e+03 +/- 2.4e-01 | dlogz: 2637.185 >  0.500
 loglike: -4.6e+03 | params: [-0.73900223 -0.30332784  3.30169239  9.6655555  29.65266501]
 Average call time: 8.64 sec | Current time: 2018-05-30 14:58:42.929149
 --------------------------
iter: 3494 | nc: 1 | ncalls: 9098 | eff(%): 38.404 | logz: -4.6e+03 +/- 2.4e-01 | dlogz: 2635.866 >  0.500
 loglike: -4.6e+03 | params: [-0.6197141  -0.55901907  3.2323641   9.12067125 29.5984543 ]
 Average call time: 9.23 sec | Current time: 2018-05-30 14:58:52.164085
 --------------------------
iter: 3495 | nc: 2 | ncalls: 9100 | eff(%): 38.407 | logz: -4.6e+03 +/- 2.4e-01 | dlogz: 2634.121 >  0.500
 loglike: -4.5e+03 | params: [ 0.04748293 -1.49870224  3.21951749  9.63623881 29.47596523]
 Average call time: 8.46 sec | Current time: 2018-05-30 14:59:09.084876
 --------------------------
iter: 3496 | nc: 6 | ncalls: 9106 | eff(%): 38.392 | logz: -4.6e+03 +/- 2.4e-01 | dlogz: 2628.917 >  0.500
 loglike: -4.5e+03 | params: [-0.03427647 -1.43732917  3.14202399  9.29962475 29.30745727]
 Average call time: 9.15 sec | Current time: 2018-05-30 15:00:03.984155
 --------------------------
iter: 3497 | nc: 1 | ncalls: 9107 | eff(%): 38.399 | logz: -4.6e+03 +/- 2.4e-01 | dlogz: 2621.630 >  0.500
 loglike: -4.5e+03 | params: [-0.68226817 -0.41084065  3.26370989  9.7825443  29.6496584 ]
 Average call time: 7.59 sec | Current time: 2018-05-30 15:00:11.569475
 --------------------------
iter: 3498 | nc: 2 | ncalls: 9109 | eff(%): 38.402 | logz: -4.5e+03 +/- 2.4e-01 | dlogz: 2619.578 >  0.500
 loglike: -4.5e+03 | params: [-0.56756709 -0.62871435  3.12088748  9.2975753  29.2899541 ]
 Average call time: 8.40 sec | Current time: 2018-05-30 15:00:28.363856
 --------------------------
iter: 3499 | nc: 1 | ncalls: 9110 | eff(%): 38.408 | logz: -4.5e+03 +/- 2.4e-01 | dlogz: 2613.006 >  0.500
 loglike: -4.5e+03 | params: [-0.39120343 -0.75467094  3.23067444  8.80259686 29.57273126]
 Average call time: 9.12 sec | Current time: 2018-05-30 15:00:37.486201
 --------------------------
iter: 3500 | nc: 6 | ncalls: 9116 | eff(%): 38.394 | logz: -4.5e+03 +/- 2.4e-01 | dlogz: 2609.451 >  0.500
 loglike: -4.5e+03 | params: [-0.45499822 -0.79203047  3.27022933  8.76227763 29.70196545]
 Average call time: 8.96 sec | Current time: 2018-05-30 15:01:31.269553
 --------------------------
iter: 3501 | nc: 2 | ncalls: 9118 | eff(%): 38.397 | logz: -4.5e+03 +/- 2.5e-01 | dlogz: 2603.324 >  0.500
 loglike: -4.5e+03 | params: [-0.31274398 -0.73203792  3.17081349  9.0546626  29.36688792]
 Average call time: 9.28 sec | Current time: 2018-05-30 15:01:49.832916
 --------------------------
iter: 3502 | nc: 4 | ncalls: 9122 | eff(%): 38.391 | logz: -4.5e+03 +/- 2.4e-01 | dlogz: 2593.993 >  0.500
 loglike: -4.5e+03 | params: [-0.52580479 -0.6895189   3.33204432  9.05105528 29.86322471]
 Average call time: 9.24 sec | Current time: 2018-05-30 15:02:26.811698
 --------------------------
iter: 3503 | nc: 3 | ncalls: 9125 | eff(%): 38.389 | logz: -4.5e+03 +/- 2.4e-01 | dlogz: 2592.891 >  0.500
 loglike: -4.5e+03 | params: [-0.13639195 -0.94539252  3.22164307  9.80012252 29.53809246]
 Average call time: 9.29 sec | Current time: 2018-05-30 15:02:54.685614
 --------------------------
