GPU acceleration enabled
Loading Setup File: setup_files/mock_SFH6.py
using given n: 0
Starting SourceModule Code
Past the SourceModule code
CUDAC Available
Running Nested Sampling
dynamic:  True
{'pool': None, 'bound': 'multi', 'method': 'unif', 'nprocs': 1, 'update_interval': 1, 'bootstrap': 0, 'enlarge': 1.1, 'first_update': {'min_eff': 30.0}}
{'nlive_init': 300, 'maxcall': 120000, 'dlogz_init': 0.5, 'maxbatch': 0, 'nlive_batch': 0, 'wt_kwargs': {'pfrac': 1.0}, 'maxcall_per_it': 1000, 'print_progress': True, 'save_bounds': False}
-initializing models
-Saving initial results dataframe
Dynamic Sampler Initialized
iter: 1 | batch: 0 | nc: 1 | ncalls: 1 | eff(%):  0.332 | logz: -2.7e+05 +/- 1.5e-01 | dlogz:    inf >  0.500
 loglike: -2.7e+05 | params: [ 0.11065008 -1.75281604 -0.86122342 -0.50668455  1.01574866  0.68726667
  1.12530098  0.85596302 29.45194293]
 Average call time: 1950.69 sec | Current time: 2018-04-18 16:37:15.564965
 --------------------------
iter: 2 | batch: 0 | nc: 1 | ncalls: 2 | eff(%):  0.662 | logz: -2.7e+05 +/- 1.5e-01 | dlogz: 162073.539 >  0.500
 loglike: -2.7e+05 | params: [-1.08592487e+00 -4.97608692e-01 -1.67853276e+00 -5.53928266e-01
 -7.77920296e-01 -2.31799901e-02  1.38236141e+00  9.81559910e-01
  2.83327117e+01]
 Average call time: 6.70 sec | Current time: 2018-04-18 16:37:22.262173
 --------------------------
iter: 3 | batch: 0 | nc: 1 | ncalls: 3 | eff(%):  0.990 | logz: -2.6e+05 +/- 1.5e-01 | dlogz: 157473.765 >  0.500
 loglike: -2.6e+05 | params: [ 0.14103497 -0.69928955 -0.60148127 -1.30965025 -0.541989    1.77751223
  1.45874363  1.71842231 29.49849745]
 Average call time: 6.68 sec | Current time: 2018-04-18 16:37:28.941242
 --------------------------
iter: 4 | batch: 0 | nc: 1 | ncalls: 4 | eff(%):  1.316 | logz: -2.6e+05 +/- 1.5e-01 | dlogz: 152780.762 >  0.500
 loglike: -2.6e+05 | params: [ 2.04488678e-03 -1.86016698e+00  7.39811829e-02 -3.93937308e-01
 -3.59290838e-01  9.42213376e-01  1.31586737e+00  9.48408136e-01
  2.93351361e+01]
 Average call time: 5.50 sec | Current time: 2018-04-18 16:37:34.444024
 --------------------------
iter: 5 | batch: 0 | nc: 1 | ncalls: 5 | eff(%):  1.639 | logz: -2.5e+05 +/- 1.5e-01 | dlogz: 151076.228 >  0.500
 loglike: -2.5e+05 | params: [3.30143313e-01 2.25083441e-02 6.12422804e-02 9.78864087e-01
 1.43117829e+00 1.13798921e+00 8.61777557e-01 8.77395783e-01
 2.97069163e+01]
 Average call time: 6.67 sec | Current time: 2018-04-18 16:37:41.118597
 --------------------------
iter: 6 | batch: 0 | nc: 1 | ncalls: 6 | eff(%):  1.961 | logz: -2.5e+05 +/- 1.5e-01 | dlogz: 139796.119 >  0.500
 loglike: -2.5e+05 | params: [-1.41747224e+00 -1.56283060e+00 -5.21673932e-01 -4.11077834e-01
 -7.70516510e-01  2.36907082e-02  1.79373635e+00  1.01397966e+00
  2.92649804e+01]
 Average call time: 6.67 sec | Current time: 2018-04-18 16:37:47.787243
 --------------------------
iter: 7 | batch: 0 | nc: 1 | ncalls: 7 | eff(%):  2.280 | logz: -2.4e+05 +/- 1.5e-01 | dlogz: 137067.225 >  0.500
 loglike: -2.4e+05 | params: [ 0.21016532 -1.95035845  0.14308502 -0.94589451 -0.13217179  0.71283615
  0.49804432  2.11641323 29.18817644]
 Average call time: 6.63 sec | Current time: 2018-04-18 16:37:54.413725
 --------------------------
iter: 8 | batch: 0 | nc: 1 | ncalls: 8 | eff(%):  2.597 | logz: -2.3e+05 +/- 1.5e-01 | dlogz: 135683.113 >  0.500
 loglike: -2.3e+05 | params: [-0.20222899 -1.71480121  0.3340871  -0.35371036  0.3639559   0.62564326
  2.18453004  0.9014551  29.90736028]
 Average call time: 6.65 sec | Current time: 2018-04-18 16:38:01.061796
 --------------------------
iter: 9 | batch: 0 | nc: 1 | ncalls: 9 | eff(%):  2.913 | logz: -2.3e+05 +/- 1.5e-01 | dlogz: 124250.660 >  0.500
 loglike: -2.3e+05 | params: [-0.9203017   0.12245469  0.45053036 -0.43613804  0.79717988  1.78396216
  0.75541831  0.96216672 29.45118467]
 Average call time: 6.59 sec | Current time: 2018-04-18 16:38:07.653319
 --------------------------
iter: 10 | batch: 0 | nc: 1 | ncalls: 10 | eff(%):  3.226 | logz: -2.3e+05 +/- 1.5e-01 | dlogz: 123621.359 >  0.500
 loglike: -2.3e+05 | params: [ 0.10989656 -0.95066863 -0.3868039   0.83628752  1.52562725  0.10904591
  0.72309653  1.87341261 29.87516802]
 Average call time: 5.57 sec | Current time: 2018-04-18 16:38:13.224771
 --------------------------
iter: 11 | batch: 0 | nc: 1 | ncalls: 11 | eff(%):  3.537 | logz: -2.3e+05 +/- 1.5e-01 | dlogz: 122632.748 >  0.500
 loglike: -2.3e+05 | params: [-0.05552917 -0.36480455 -0.60533637  1.48812681  1.22819956  1.16416188
  1.45893634  1.14831922 29.88824279]
 Average call time: 6.64 sec | Current time: 2018-04-18 16:38:19.863556
 --------------------------
iter: 12 | batch: 0 | nc: 1 | ncalls: 12 | eff(%):  3.846 | logz: -2.2e+05 +/- 1.5e-01 | dlogz: 117164.820 >  0.500
 loglike: -2.2e+05 | params: [-6.56783753e-01  3.30413582e-01  8.20932286e-01 -9.73742898e-02
 -8.17254999e-01  6.61149408e-03  1.06838933e+00  1.51546908e+00
  2.92980418e+01]
 Average call time: 6.67 sec | Current time: 2018-04-18 16:38:26.531670
 --------------------------
iter: 13 | batch: 0 | nc: 1 | ncalls: 13 | eff(%):  4.153 | logz: -2.2e+05 +/- 1.5e-01 | dlogz: 115218.141 >  0.500
 loglike: -2.2e+05 | params: [ 0.27270367 -0.83754306 -0.38332036 -0.84488357 -0.78863659  1.53260203
  2.17350573  1.1254525  28.96653275]
 Average call time: 6.62 sec | Current time: 2018-04-18 16:38:33.154955
 --------------------------
iter: 14 | batch: 0 | nc: 1 | ncalls: 14 | eff(%):  4.459 | logz: -2.2e+05 +/- 1.5e-01 | dlogz: 113440.936 >  0.500
 loglike: -2.2e+05 | params: [-0.84938035  0.12565209  0.05251018 -0.10955833  0.6767905   2.0244786
  1.23366247  2.18943701 29.38874669]
 Average call time: 6.60 sec | Current time: 2018-04-18 16:38:39.752021
 --------------------------
iter: 15 | batch: 0 | nc: 1 | ncalls: 15 | eff(%):  4.762 | logz: -2.1e+05 +/- 1.5e-01 | dlogz: 107344.632 >  0.500
 loglike: -2.1e+05 | params: [-0.82452554 -0.7384218  -0.3048288  -0.38201072 -0.29765326  0.1648491
  2.16266145  2.13928689 29.4211961 ]
 Average call time: 6.65 sec | Current time: 2018-04-18 16:38:46.397155
 --------------------------
iter: 16 | batch: 0 | nc: 1 | ncalls: 16 | eff(%):  5.063 | logz: -2.1e+05 +/- 1.5e-01 | dlogz: 106979.205 >  0.500
 loglike: -2.1e+05 | params: [-0.24424539  0.26842082 -1.57369796  0.21831186 -0.44100575  1.84069917
  0.8858326   0.81439945 28.1500647 ]
 Average call time: 6.62 sec | Current time: 2018-04-18 16:38:53.013118
 --------------------------
iter: 17 | batch: 0 | nc: 1 | ncalls: 17 | eff(%):  5.363 | logz: -2.1e+05 +/- 1.5e-01 | dlogz: 106200.719 >  0.500
 loglike: -2.1e+05 | params: [-0.36588903  0.15390402 -1.5084526  -0.92615804  0.08699864  2.54920242
  0.7907068   2.29245941 29.95635048]
 Average call time: 7.27 sec | Current time: 2018-04-18 16:39:00.284002
 --------------------------
iter: 18 | batch: 0 | nc: 1 | ncalls: 18 | eff(%):  5.660 | logz: -2.1e+05 +/- 1.5e-01 | dlogz: 105913.311 >  0.500
 loglike: -2.1e+05 | params: [ 0.22942316 -0.16308575 -0.95055847 -0.36028218 -0.07276881  1.60799752
  0.84505751  1.91729941 27.80212757]
 Average call time: 6.67 sec | Current time: 2018-04-18 16:39:06.956659
 --------------------------
iter: 19 | batch: 0 | nc: 1 | ncalls: 19 | eff(%):  5.956 | logz: -2.1e+05 +/- 1.5e-01 | dlogz: 104015.081 >  0.500
 loglike: -2.1e+05 | params: [ 0.2193182   0.1593067  -0.56547453  0.65662519 -0.53434161  2.63287592
  1.35983946  0.96985151 29.73816311]
 Average call time: 6.62 sec | Current time: 2018-04-18 16:39:13.579132
 --------------------------
iter: 20 | batch: 0 | nc: 1 | ncalls: 20 | eff(%):  6.250 | logz: -2.1e+05 +/- 1.5e-01 | dlogz: 103901.116 >  0.500
 loglike: -2.1e+05 | params: [-1.03041446 -0.03681433 -0.70210201 -1.21893162  1.45079167  0.85052312
  1.54991429  2.34903985 29.33027227]
 Average call time: 6.60 sec | Current time: 2018-04-18 16:39:20.175535
 --------------------------
iter: 21 | batch: 0 | nc: 1 | ncalls: 21 | eff(%):  6.542 | logz: -2.1e+05 +/- 1.5e-01 | dlogz: 101903.247 >  0.500
 loglike: -2.1e+05 | params: [ 0.1575013  -0.21722393 -0.7755255  -0.92981354  1.38924619  0.76296195
  0.74362624  2.98946285 29.52419971]
 Average call time: 6.68 sec | Current time: 2018-04-18 16:39:26.856461
 --------------------------
iter: 22 | batch: 0 | nc: 1 | ncalls: 22 | eff(%):  6.832 | logz: -2.1e+05 +/- 1.5e-01 | dlogz: 101787.621 >  0.500
 loglike: -2.1e+05 | params: [ 0.36036505 -0.24485544  0.61991017  1.44393767  0.25282836  1.88254707
  0.86518598  1.41676246 29.53272893]
 Average call time: 6.69 sec | Current time: 2018-04-18 16:39:33.545865
 --------------------------
iter: 23 | batch: 0 | nc: 1 | ncalls: 23 | eff(%):  7.121 | logz: -2.0e+05 +/- 1.5e-01 | dlogz: 97133.177 >  0.500
 loglike: -2.0e+05 | params: [-1.3945408  -1.89330286 -0.19516269  0.37724082 -0.65806301  1.81446378
  0.82802707  1.39266749 29.11714183]
 Average call time: 6.57 sec | Current time: 2018-04-18 16:39:40.115657
 --------------------------
iter: 24 | batch: 0 | nc: 1 | ncalls: 24 | eff(%):  7.407 | logz: -2.0e+05 +/- 1.5e-01 | dlogz: 96826.430 >  0.500
 loglike: -2.0e+05 | params: [-0.9663947   0.37531615 -0.52836834  0.20183161  0.92758099 -0.1641397
  0.84448602  2.31965024 28.38970844]
 Average call time: 6.99 sec | Current time: 2018-04-18 16:39:47.103106
 --------------------------
iter: 25 | batch: 0 | nc: 1 | ncalls: 25 | eff(%):  7.692 | logz: -2.0e+05 +/- 1.5e-01 | dlogz: 95632.177 >  0.500
 loglike: -2.0e+05 | params: [-0.72980294 -0.59660312  0.70952349  0.44490588 -0.60380138  1.49408926
  1.67402055  1.80667299 29.46901825]
 Average call time: 5.48 sec | Current time: 2018-04-18 16:39:52.582984
 --------------------------
iter: 26 | batch: 0 | nc: 2 | ncalls: 27 | eff(%):  7.951 | logz: -2.0e+05 +/- 1.5e-01 | dlogz: 94356.966 >  0.500
 loglike: -2.0e+05 | params: [ 0.27868639  0.29535466 -1.32481136 -1.07594256 -0.87466232  0.52453523
  0.84837822  2.17366827 26.75360594]
 Average call time: 6.12 sec | Current time: 2018-04-18 16:40:04.816516
 --------------------------
iter: 27 | batch: 0 | nc: 1 | ncalls: 28 | eff(%):  8.232 | logz: -2.0e+05 +/- 1.5e-01 | dlogz: 93092.542 >  0.500
 loglike: -2.0e+05 | params: [-1.37199356 -0.73525763  1.01831396 -0.98601182  0.80361312 -0.13573727
  0.98744567  1.00784513 29.6240898 ]
 Average call time: 6.71 sec | Current time: 2018-04-18 16:40:11.529878
 --------------------------
iter: 28 | batch: 0 | nc: 1 | ncalls: 29 | eff(%):  8.511 | logz: -2.0e+05 +/- 1.5e-01 | dlogz: 92781.711 >  0.500
 loglike: -2.0e+05 | params: [-0.13740746 -1.02179171 -1.70335275  0.06890152  0.67955807  0.35482089
  0.48468094  2.14045049 28.02130325]
 Average call time: 5.53 sec | Current time: 2018-04-18 16:40:17.058855
 --------------------------
iter: 29 | batch: 0 | nc: 1 | ncalls: 30 | eff(%):  8.788 | logz: -2.0e+05 +/- 1.5e-01 | dlogz: 91946.891 >  0.500
 loglike: -2.0e+05 | params: [-1.1687496  -0.63806331  0.87114652  0.70251927  0.76428796  1.6207194
  0.57766696  1.39128205 29.60341902]
 Average call time: 6.67 sec | Current time: 2018-04-18 16:40:23.733129
 --------------------------
iter: 30 | batch: 0 | nc: 1 | ncalls: 31 | eff(%):  9.063 | logz: -2.0e+05 +/- 1.5e-01 | dlogz: 90601.610 >  0.500
 loglike: -2.0e+05 | params: [ 0.34735133 -0.85198921  0.10679937 -1.06746912 -0.2127293  -0.25350883
  0.7283878   1.28695352 27.389118  ]
 Average call time: 6.62 sec | Current time: 2018-04-18 16:40:30.350284
 --------------------------
iter: 31 | batch: 0 | nc: 1 | ncalls: 32 | eff(%):  9.337 | logz: -2.0e+05 +/- 1.5e-01 | dlogz: 87996.732 >  0.500
 loglike: -2.0e+05 | params: [-6.57981502e-02 -3.73166706e-01 -1.37737423e+00 -1.23846469e+00
  1.07511530e-02  1.76728619e+00  2.24588333e+00  2.95268100e+00
  2.94957998e+01]
 Average call time: 6.60 sec | Current time: 2018-04-18 16:40:36.951959
 --------------------------
iter: 32 | batch: 0 | nc: 1 | ncalls: 33 | eff(%):  9.610 | logz: -1.9e+05 +/- 1.5e-01 | dlogz: 87201.111 >  0.500
 loglike: -1.9e+05 | params: [ 0.11413258 -1.75258422 -0.36437099  0.26912797  0.70312782  0.23780543
  2.23996108  3.15849315 29.99227486]
 Average call time: 5.52 sec | Current time: 2018-04-18 16:40:42.470362
 --------------------------
iter: 33 | batch: 0 | nc: 1 | ncalls: 34 | eff(%):  9.880 | logz: -1.9e+05 +/- 1.5e-01 | dlogz: 85420.655 >  0.500
 loglike: -1.9e+05 | params: [-0.55334025  0.25638757 -1.1039796  -0.52043636  1.24015839  1.85729122
  0.53564121  1.65819936 28.32194534]
 Average call time: 6.63 sec | Current time: 2018-04-18 16:40:49.104418
 --------------------------
iter: 34 | batch: 0 | nc: 1 | ncalls: 35 | eff(%): 10.149 | logz: -1.9e+05 +/- 1.5e-01 | dlogz: 82998.547 >  0.500
 loglike: -1.9e+05 | params: [-1.11392384 -0.13432712 -1.13000105 -1.08281178  1.20823017  2.21663855
  1.92718825  1.06988332 29.27970179]
 Average call time: 6.73 sec | Current time: 2018-04-18 16:40:55.835242
 --------------------------
iter: 35 | batch: 0 | nc: 1 | ncalls: 36 | eff(%): 10.417 | logz: -1.9e+05 +/- 1.5e-01 | dlogz: 82021.378 >  0.500
 loglike: -1.9e+05 | params: [-8.55164277e-01 -1.05715075e+00 -2.75171159e-01 -8.30015061e-02
  4.97262759e-01 -8.40002881e-04  1.60086432e+00  8.66076833e-01
  2.77933511e+01]
 Average call time: 6.64 sec | Current time: 2018-04-18 16:41:02.472496
 --------------------------
iter: 36 | batch: 0 | nc: 2 | ncalls: 38 | eff(%): 10.651 | logz: -1.9e+05 +/- 1.5e-01 | dlogz: 81799.125 >  0.500
 loglike: -1.9e+05 | params: [-0.75224031 -0.99622303  0.99333206 -0.69832105  1.08721478  1.12867902
  0.58444257  1.13344643 29.58147752]
 Average call time: 6.07 sec | Current time: 2018-04-18 16:41:14.603643
 --------------------------
iter: 37 | batch: 0 | nc: 1 | ncalls: 39 | eff(%): 10.914 | logz: -1.9e+05 +/- 1.5e-01 | dlogz: 80546.940 >  0.500
 loglike: -1.9e+05 | params: [ 0.18891385 -0.33581051 -1.42257129  0.31835382  1.2126968   0.82070954
  2.92896161  2.71626399 29.72533551]
 Average call time: 5.54 sec | Current time: 2018-04-18 16:41:20.144416
 --------------------------
iter: 38 | batch: 0 | nc: 1 | ncalls: 40 | eff(%): 11.176 | logz: -1.9e+05 +/- 1.5e-01 | dlogz: 80308.108 >  0.500
 loglike: -1.9e+05 | params: [-1.2873025  -1.26687111 -0.1916157   1.16607899  1.70152798  0.75452667
  0.77399427  2.11544191 29.78994493]
 Average call time: 6.71 sec | Current time: 2018-04-18 16:41:26.850472
 --------------------------
iter: 39 | batch: 0 | nc: 2 | ncalls: 42 | eff(%): 11.404 | logz: -1.9e+05 +/- 1.5e-01 | dlogz: 79322.999 >  0.500
 loglike: -1.9e+05 | params: [-0.69553074 -0.85722526 -0.632993    0.54137161  1.73881936  1.40303452
  1.76373326  1.57589385 29.46107773]
 Average call time: 6.06 sec | Current time: 2018-04-18 16:41:38.965331
 --------------------------
iter: 40 | batch: 0 | nc: 1 | ncalls: 43 | eff(%): 11.662 | logz: -1.9e+05 +/- 1.5e-01 | dlogz: 78368.938 >  0.500
 loglike: -1.9e+05 | params: [-1.54213998e-02 -1.21123410e+00  7.53977105e-01  1.70742401e-01
  1.59288781e+00  2.43118721e-01  1.30747097e+00  2.54993283e+00
  2.97198058e+01]
 Average call time: 6.71 sec | Current time: 2018-04-18 16:41:45.676219
 --------------------------
iter: 41 | batch: 0 | nc: 1 | ncalls: 44 | eff(%): 11.919 | logz: -1.9e+05 +/- 1.5e-01 | dlogz: 77371.818 >  0.500
 loglike: -1.9e+05 | params: [-0.47218688 -1.50645552 -0.34115515 -0.60183681 -0.87337203  2.34836037
  1.60130729  2.04941104 29.51033   ]
 Average call time: 6.67 sec | Current time: 2018-04-18 16:41:52.347657
 --------------------------
iter: 42 | batch: 0 | nc: 1 | ncalls: 45 | eff(%): 12.174 | logz: -1.8e+05 +/- 1.5e-01 | dlogz: 77076.885 >  0.500
 loglike: -1.8e+05 | params: [-0.69384915 -1.36678258 -0.26145083 -0.8792171  -0.73357118  0.78579638
  2.63912375  2.22328365 29.69048111]
 Average call time: 6.73 sec | Current time: 2018-04-18 16:41:59.082103
 --------------------------
iter: 43 | batch: 0 | nc: 1 | ncalls: 46 | eff(%): 12.428 | logz: -1.8e+05 +/- 1.5e-01 | dlogz: 76877.617 >  0.500
 loglike: -1.8e+05 | params: [ 0.37814083 -1.95039216 -0.74768222 -1.08558465  1.44054581  1.9587248
  1.91185818  0.8962414  28.9408592 ]
 Average call time: 6.68 sec | Current time: 2018-04-18 16:42:05.767039
 --------------------------
iter: 44 | batch: 0 | nc: 1 | ncalls: 47 | eff(%): 12.680 | logz: -1.8e+05 +/- 1.5e-01 | dlogz: 76749.830 >  0.500
 loglike: -1.8e+05 | params: [ 0.36827171 -0.82301661 -0.24488763 -0.64395614 -0.60813313  2.08155584
  0.90802022  3.2177574  29.5181044 ]
 Average call time: 6.75 sec | Current time: 2018-04-18 16:42:12.516894
 --------------------------
iter: 45 | batch: 0 | nc: 1 | ncalls: 48 | eff(%): 12.931 | logz: -1.8e+05 +/- 1.5e-01 | dlogz: 76459.959 >  0.500
 loglike: -1.8e+05 | params: [ 0.15419545 -0.86152158  0.29878344  0.48104347  1.06282582  1.99297375
  0.48029364  1.70284638 28.78188595]
 Average call time: 7.18 sec | Current time: 2018-04-18 16:42:19.692597
 --------------------------
iter: 46 | batch: 0 | nc: 2 | ncalls: 50 | eff(%): 13.143 | logz: -1.8e+05 +/- 1.5e-01 | dlogz: 75312.768 >  0.500
 loglike: -1.8e+05 | params: [-0.059813    0.0593046  -0.37925818 -0.4167915   1.85617635  2.49779261
  2.49344828  1.21777389 29.71584896]
 Average call time: 6.08 sec | Current time: 2018-04-18 16:42:31.845540
 --------------------------
iter: 47 | batch: 0 | nc: 1 | ncalls: 51 | eff(%): 13.390 | logz: -1.8e+05 +/- 1.5e-01 | dlogz: 75042.203 >  0.500
 loglike: -1.8e+05 | params: [-0.05116686 -0.12307925  0.31233203 -1.09282125 -0.043945    0.47145058
  0.67829608  0.8072909  27.0773776 ]
 Average call time: 6.70 sec | Current time: 2018-04-18 16:42:38.546041
 --------------------------
iter: 48 | batch: 0 | nc: 1 | ncalls: 52 | eff(%): 13.636 | logz: -1.8e+05 +/- 1.5e-01 | dlogz: 73933.911 >  0.500
 loglike: -1.8e+05 | params: [-8.16997970e-03 -1.12885242e+00 -1.75393536e+00  5.50843706e-01
  1.42359007e+00  2.46486952e+00  8.07860543e-01  1.01041870e+00
  2.95513735e+01]
 Average call time: 6.62 sec | Current time: 2018-04-18 16:42:45.168385
 --------------------------
iter: 49 | batch: 0 | nc: 2 | ncalls: 54 | eff(%): 13.842 | logz: -1.8e+05 +/- 1.5e-01 | dlogz: 73741.608 >  0.500
 loglike: -1.8e+05 | params: [ 0.40843301  0.1989119   0.81592131  0.70327379  1.08648985  0.83940162
  1.01752429  3.03435622 29.06809581]
 Average call time: 6.68 sec | Current time: 2018-04-18 16:42:58.533380
 --------------------------
iter: 50 | batch: 0 | nc: 1 | ncalls: 55 | eff(%): 14.085 | logz: -1.8e+05 +/- 1.5e-01 | dlogz: 73735.060 >  0.500
 loglike: -1.8e+05 | params: [-0.50015967  0.28562985 -0.5447284  -0.83177681  1.02589007  0.8846122
  2.32230638  2.11269424 28.37241499]
 Average call time: 6.80 sec | Current time: 2018-04-18 16:43:05.337315
 --------------------------
iter: 51 | batch: 0 | nc: 1 | ncalls: 56 | eff(%): 14.326 | logz: -1.8e+05 +/- 1.5e-01 | dlogz: 72950.019 >  0.500
 loglike: -1.8e+05 | params: [-0.23973377 -1.1054326  -1.14350636 -0.7629399   0.35386812 -0.09625257
  2.4321291   3.06781849 29.72840491]
 Average call time: 6.72 sec | Current time: 2018-04-18 16:43:12.058413
 --------------------------
iter: 52 | batch: 0 | nc: 1 | ncalls: 57 | eff(%): 14.566 | logz: -1.8e+05 +/- 1.5e-01 | dlogz: 72501.187 >  0.500
 loglike: -1.8e+05 | params: [-0.82454166  0.48950282 -0.39574363  0.99985851  1.20544483  2.56705541
  2.62440448  2.28640168 29.89897844]
 Average call time: 6.62 sec | Current time: 2018-04-18 16:43:18.675476
 --------------------------
iter: 53 | batch: 0 | nc: 2 | ncalls: 59 | eff(%): 14.763 | logz: -1.8e+05 +/- 1.5e-01 | dlogz: 72430.321 >  0.500
 loglike: -1.8e+05 | params: [ 0.34336446 -0.54524682  0.38137004  0.41861626  1.37283441  2.44956373
  2.69868122  1.42461795 29.63926761]
 Average call time: 6.67 sec | Current time: 2018-04-18 16:43:32.017230
 --------------------------
iter: 54 | batch: 0 | nc: 1 | ncalls: 60 | eff(%): 15.000 | logz: -1.8e+05 +/- 1.5e-01 | dlogz: 70950.064 >  0.500
 loglike: -1.8e+05 | params: [-1.38777287  0.23730019  0.90543234 -0.07612215  1.80996012  0.14458736
  2.68899556  2.22487225 29.8964273 ]
 Average call time: 6.73 sec | Current time: 2018-04-18 16:43:38.749217
 --------------------------
iter: 55 | batch: 0 | nc: 1 | ncalls: 61 | eff(%): 15.235 | logz: -1.8e+05 +/- 1.5e-01 | dlogz: 70707.190 >  0.500
 loglike: -1.8e+05 | params: [-1.39866905e+00 -1.24680315e+00 -1.21141461e+00 -1.40708141e+00
 -5.22254555e-01  2.36109380e-02  2.67085524e+00  1.51888515e+00
  2.96062805e+01]
 Average call time: 6.71 sec | Current time: 2018-04-18 16:43:45.464171
 --------------------------
iter: 56 | batch: 0 | nc: 1 | ncalls: 62 | eff(%): 15.470 | logz: -1.8e+05 +/- 1.5e-01 | dlogz: 70659.296 >  0.500
 loglike: -1.8e+05 | params: [-0.73299955 -0.20846378 -0.33971511  1.18546219  0.61930009  2.63412129
  1.75825775  2.36679434 29.78697745]
 Average call time: 6.71 sec | Current time: 2018-04-18 16:43:52.171133
 --------------------------
iter: 57 | batch: 0 | nc: 1 | ncalls: 63 | eff(%): 15.702 | logz: -1.8e+05 +/- 1.5e-01 | dlogz: 70323.202 >  0.500
 loglike: -1.8e+05 | params: [-1.43237841 -0.83034381 -0.15948652 -0.81857114 -0.21842806  1.64501003
  0.53847762  1.69900834 27.92166231]
 Average call time: 6.68 sec | Current time: 2018-04-18 16:43:58.848250
 --------------------------
iter: 58 | batch: 0 | nc: 1 | ncalls: 64 | eff(%): 15.934 | logz: -1.8e+05 +/- 1.5e-01 | dlogz: 70315.394 >  0.500
 loglike: -1.8e+05 | params: [-0.03647574 -1.31794472  0.73773471  0.31404939 -0.66827079  1.13130168
  1.06852396  1.18371017 28.67223788]
 Average call time: 5.49 sec | Current time: 2018-04-18 16:44:04.335956
 --------------------------
iter: 59 | batch: 0 | nc: 2 | ncalls: 66 | eff(%): 16.120 | logz: -1.8e+05 +/- 1.5e-01 | dlogz: 69350.170 >  0.500
 loglike: -1.8e+05 | params: [-1.34360355e+00 -2.66486877e-02 -6.70652018e-01 -1.10001024e+00
  3.10824814e-01  1.63891311e+00  1.78847651e+00  1.40818550e+00
  2.77755583e+01]
 Average call time: 6.10 sec | Current time: 2018-04-18 16:44:16.527598
 --------------------------
iter: 60 | batch: 0 | nc: 1 | ncalls: 67 | eff(%): 16.349 | logz: -1.8e+05 +/- 1.5e-01 | dlogz: 68993.586 >  0.500
 loglike: -1.8e+05 | params: [-0.11654399 -1.94341881 -1.1435005   0.74584254  1.11483123 -0.19979413
  1.55567377  3.05418381 29.46268658]
 Average call time: 6.69 sec | Current time: 2018-04-18 16:44:23.213040
 --------------------------
iter: 61 | batch: 0 | nc: 1 | ncalls: 68 | eff(%): 16.576 | logz: -1.8e+05 +/- 1.5e-01 | dlogz: 68952.808 >  0.500
 loglike: -1.8e+05 | params: [-1.174994   -0.54289905 -0.0707086  -0.96785064 -0.15817035  0.27917551
  1.33997964  2.53391882 28.30289363]
 Average call time: 6.67 sec | Current time: 2018-04-18 16:44:29.879171
 --------------------------
iter: 62 | batch: 0 | nc: 1 | ncalls: 69 | eff(%): 16.802 | logz: -1.7e+05 +/- 1.5e-01 | dlogz: 67277.067 >  0.500
 loglike: -1.7e+05 | params: [ 0.1276053  -1.13261284  0.47330334 -1.37548367  1.25066194  0.10786444
  2.44623994  2.10642113 29.07206924]
 Average call time: 6.65 sec | Current time: 2018-04-18 16:44:36.532347
 --------------------------
iter: 63 | batch: 0 | nc: 2 | ncalls: 71 | eff(%): 16.981 | logz: -1.7e+05 +/- 1.5e-01 | dlogz: 66928.328 >  0.500
 loglike: -1.7e+05 | params: [-1.39905887 -1.79332871 -1.66621585 -0.03706175  0.90666273  0.2303848
  2.03670099  2.93121987 29.69992151]
 Average call time: 6.04 sec | Current time: 2018-04-18 16:44:48.604193
 --------------------------
iter: 64 | batch: 0 | nc: 1 | ncalls: 72 | eff(%): 17.204 | logz: -1.7e+05 +/- 1.5e-01 | dlogz: 66578.011 >  0.500
 loglike: -1.7e+05 | params: [-0.44863568  0.14527824  0.6745252   1.08277291 -0.33967336  2.4596236
  2.59856936  0.97712441 29.53452477]
 Average call time: 6.73 sec | Current time: 2018-04-18 16:44:55.333318
 --------------------------
iter: 65 | batch: 0 | nc: 1 | ncalls: 73 | eff(%): 17.426 | logz: -1.7e+05 +/- 1.5e-01 | dlogz: 66519.652 >  0.500
 loglike: -1.7e+05 | params: [ 0.07851623 -1.75372121 -0.45496943 -0.2908896   1.59297215  1.82090332
  1.54461437  0.87466905 28.77405008]
 Average call time: 6.18 sec | Current time: 2018-04-18 16:45:01.513869
 --------------------------
iter: 66 | batch: 0 | nc: 1 | ncalls: 74 | eff(%): 17.647 | logz: -1.7e+05 +/- 1.5e-01 | dlogz: 66052.469 >  0.500
 loglike: -1.7e+05 | params: [ 0.15874026 -1.80961203 -0.21726357  1.51930142  0.36789402  1.59249465
  1.78631692  2.45924675 29.13955544]
 Average call time: 6.66 sec | Current time: 2018-04-18 16:45:08.174264
 --------------------------
iter: 67 | batch: 0 | nc: 1 | ncalls: 75 | eff(%): 17.867 | logz: -1.7e+05 +/- 1.5e-01 | dlogz: 65470.633 >  0.500
 loglike: -1.7e+05 | params: [-1.4786165  -1.7672943  -1.37969785  0.4491135  -0.11974808  1.43264564
  2.14431785  1.40178204 28.62832048]
 Average call time: 6.62 sec | Current time: 2018-04-18 16:45:14.797788
 --------------------------
iter: 68 | batch: 0 | nc: 1 | ncalls: 76 | eff(%): 18.085 | logz: -1.7e+05 +/- 1.5e-01 | dlogz: 65274.476 >  0.500
 loglike: -1.7e+05 | params: [ 2.78820991e-03 -1.34230507e+00 -2.59242706e-01 -1.06032453e+00
  9.21353820e-01  1.76495518e+00  7.12970586e-01  2.01300454e+00
  2.80539476e+01]
 Average call time: 6.68 sec | Current time: 2018-04-18 16:45:21.477779
 --------------------------
iter: 69 | batch: 0 | nc: 1 | ncalls: 77 | eff(%): 18.302 | logz: -1.7e+05 +/- 1.5e-01 | dlogz: 65264.496 >  0.500
 loglike: -1.7e+05 | params: [-0.63147537 -0.93034606 -1.47561464  1.29354363 -0.45778932  2.40772084
  0.51097263  1.3213632  29.35655462]
 Average call time: 6.70 sec | Current time: 2018-04-18 16:45:28.182004
 --------------------------
iter: 70 | batch: 0 | nc: 2 | ncalls: 79 | eff(%): 18.470 | logz: -1.7e+05 +/- 1.5e-01 | dlogz: 65054.060 >  0.500
 loglike: -1.7e+05 | params: [-0.1421604  -1.95362642  0.88779433  0.7877886   0.11562022  1.6652835
  2.50225964  2.80141356 29.93325042]
 Average call time: 6.71 sec | Current time: 2018-04-18 16:45:41.602320
 --------------------------
iter: 71 | batch: 0 | nc: 1 | ncalls: 80 | eff(%): 18.684 | logz: -1.7e+05 +/- 1.5e-01 | dlogz: 64059.994 >  0.500
 loglike: -1.7e+05 | params: [-1.1169611  -0.44472807 -0.46878296  0.92317818  1.43510417  0.50279458
  1.30900466  3.20637658 29.83255741]
 Average call time: 6.71 sec | Current time: 2018-04-18 16:45:48.308791
 --------------------------
iter: 72 | batch: 0 | nc: 1 | ncalls: 81 | eff(%): 18.898 | logz: -1.7e+05 +/- 1.5e-01 | dlogz: 64033.362 >  0.500
 loglike: -1.7e+05 | params: [-0.82368876 -0.78919957 -0.14339304 -1.32477945 -0.7211499  -0.24550098
  2.00178021  1.60053312 27.78122306]
 Average call time: 6.75 sec | Current time: 2018-04-18 16:45:55.054133
 --------------------------
iter: 73 | batch: 0 | nc: 1 | ncalls: 82 | eff(%): 19.110 | logz: -1.7e+05 +/- 1.5e-01 | dlogz: 63993.765 >  0.500
 loglike: -1.7e+05 | params: [-0.84297214  0.18510681 -1.07237763 -0.29753375  0.72204842  1.23239871
  1.72101825  1.96735989 27.36132327]
 Average call time: 6.66 sec | Current time: 2018-04-18 16:46:01.716250
 --------------------------
iter: 74 | batch: 0 | nc: 1 | ncalls: 83 | eff(%): 19.321 | logz: -1.7e+05 +/- 1.5e-01 | dlogz: 62843.442 >  0.500
 loglike: -1.7e+05 | params: [-1.33293223e+00 -5.03515328e-01  7.56226236e-01 -8.83130558e-01
  1.83408432e+00 -4.02644028e-03  8.60083325e-01  8.12983297e-01
  2.91383561e+01]
 Average call time: 6.68 sec | Current time: 2018-04-18 16:46:08.392469
 --------------------------
