GPU acceleration enabled
Loading Setup File: setup_files/mock_mdf.py
using given n: 0
Starting SourceModule Code
Getting function
Past the SourceModule code
CUDAC Available
Running Nested Sampling
-initializing models
-Saving initial results dataframe
-Running dynesty sampler
iteration: 0 | nc: 1 | ncalls: 1 | eff(%): 2.0 | logz: -1.3e+06 +/- 3.0e-01 | dlogz: inf >  0.500
 loglike: -1.3e+06 | params: [-0.39506212 -1.95391348  3.92348541  6.34229525]
 Average call time: 3.61 sec | Current time: 2018-01-25 10:40:08.875035
 --------------------------
iteration: 1 | nc: 1 | ncalls: 2 | eff(%): 3.8 | logz: -1.3e+06 +/- 3.0e-01 | dlogz: inf >  0.500
 loglike: -1.3e+06 | params: [-1.09648862 -1.10340725  3.85658623  8.1197063 ]
 Average call time: 3.57 sec | Current time: 2018-01-25 10:40:12.403060
 --------------------------
iteration: 2 | nc: 1 | ncalls: 3 | eff(%): 5.7 | logz: -1.3e+06 +/- 3.0e-01 | dlogz: inf >  0.500
 loglike: -1.3e+06 | params: [-1.48130285 -0.69870276  3.93172429  5.45515743]
 Average call time: 3.56 sec | Current time: 2018-01-25 10:40:15.937745
 --------------------------
iteration: 3 | nc: 1 | ncalls: 4 | eff(%): 7.4 | logz: -1.3e+06 +/- 3.0e-01 | dlogz: inf >  0.500
 loglike: -1.3e+06 | params: [-0.80398241 -2.13482254  3.70538815  6.65222531]
 Average call time: 3.57 sec | Current time: 2018-01-25 10:40:19.531772
 --------------------------
iteration: 4 | nc: 1 | ncalls: 5 | eff(%): 9.1 | logz: -1.2e+06 +/- 3.1e-01 | dlogz: inf >  0.500
 loglike: -1.2e+06 | params: [-0.62621366 -1.27570201  3.75459423  6.00589336]
 Average call time: 3.57 sec | Current time: 2018-01-25 10:40:23.099938
 --------------------------
iteration: 5 | nc: 2 | ncalls: 7 | eff(%): 10.5 | logz: -1.2e+06 +/- 3.1e-01 | dlogz: inf >  0.500
 loglike: -1.2e+06 | params: [ 0.08104827 -0.51583707  3.87640529  7.33571308]
 Average call time: 3.59 sec | Current time: 2018-01-25 10:40:30.382738
 --------------------------
iteration: 6 | nc: 1 | ncalls: 8 | eff(%): 12.1 | logz: -1.2e+06 +/- 3.1e-01 | dlogz: inf >  0.500
 loglike: -1.2e+06 | params: [-0.86632776 -1.36380269  3.60738217  4.48938739]
 Average call time: 3.58 sec | Current time: 2018-01-25 10:40:33.936357
 --------------------------
iteration: 7 | nc: 1 | ncalls: 9 | eff(%): 13.6 | logz: -1.2e+06 +/- 3.1e-01 | dlogz: inf >  0.500
 loglike: -1.2e+06 | params: [-0.25444683 -1.51263471  3.5216131   6.6967759 ]
 Average call time: 3.58 sec | Current time: 2018-01-25 10:40:37.517741
 --------------------------
iteration: 8 | nc: 2 | ncalls: 11 | eff(%): 14.8 | logz: -1.2e+06 +/- 3.1e-01 | dlogz: inf >  0.500
 loglike: -1.2e+06 | params: [-0.29133199 -2.29379112  3.40712255  8.56442589]
 Average call time: 3.58 sec | Current time: 2018-01-25 10:40:44.693703
 --------------------------
iteration: 9 | nc: 1 | ncalls: 12 | eff(%): 16.1 | logz: -1.2e+06 +/- 3.1e-01 | dlogz: inf >  0.500
 loglike: -1.2e+06 | params: [-0.98869343 -2.28337701  3.32854217  7.25982394]
 Average call time: 3.58 sec | Current time: 2018-01-25 10:40:48.247313
 --------------------------
iteration: 10 | nc: 1 | ncalls: 13 | eff(%): 17.5 | logz: -1.2e+06 +/- 3.1e-01 | dlogz: inf >  0.500
 loglike: -1.2e+06 | params: [-0.49383367 -2.4724631   3.31847986  8.06112953]
 Average call time: 3.58 sec | Current time: 2018-01-25 10:40:51.808609
 --------------------------
iteration: 11 | nc: 1 | ncalls: 14 | eff(%): 18.8 | logz: -1.2e+06 +/- 3.1e-01 | dlogz: inf >  0.500
 loglike: -1.2e+06 | params: [-1.2521146  -2.2612382   3.21556917  5.69842907]
 Average call time: 3.58 sec | Current time: 2018-01-25 10:40:55.397216
 --------------------------
iteration: 12 | nc: 1 | ncalls: 15 | eff(%): 20.0 | logz: -1.2e+06 +/- 3.1e-01 | dlogz: inf >  0.500
 loglike: -1.2e+06 | params: [-0.5843767  -0.65919486  3.63720748  3.02092604]
 Average call time: 3.58 sec | Current time: 2018-01-25 10:40:59.002587
 --------------------------
iteration: 13 | nc: 1 | ncalls: 16 | eff(%): 21.2 | logz: -1.1e+06 +/- 3.1e-01 | dlogz: inf >  0.500
 loglike: -1.1e+06 | params: [-0.76876183 -0.8967948   3.34820678  6.61084303]
 Average call time: 3.58 sec | Current time: 2018-01-25 10:41:02.560451
 --------------------------
iteration: 14 | nc: 1 | ncalls: 17 | eff(%): 22.4 | logz: -1.1e+06 +/- 3.1e-01 | dlogz: inf >  0.500
 loglike: -1.1e+06 | params: [-1.33045231 -1.83399507  3.18528603  2.13948299]
 Average call time: 3.58 sec | Current time: 2018-01-25 10:41:06.165668
 --------------------------
iteration: 15 | nc: 1 | ncalls: 18 | eff(%): 23.5 | logz: -1.1e+06 +/- 3.1e-01 | dlogz: inf >  0.500
 loglike: -1.1e+06 | params: [ 0.03423326 -1.08376928  3.39060155  5.46208663]
 Average call time: 3.58 sec | Current time: 2018-01-25 10:41:09.716704
 --------------------------
iteration: 16 | nc: 1 | ncalls: 19 | eff(%): 24.6 | logz: -1.1e+06 +/- 3.1e-01 | dlogz: inf >  0.500
 loglike: -1.1e+06 | params: [-0.08800487 -2.20033257  3.23819023  7.64805594]
 Average call time: 3.58 sec | Current time: 2018-01-25 10:41:13.300729
 --------------------------
iteration: 17 | nc: 1 | ncalls: 20 | eff(%): 25.7 | logz: -1.1e+06 +/- 3.1e-01 | dlogz: inf >  0.500
 loglike: -1.1e+06 | params: [-0.04668308 -0.69982433  3.3374914   5.79323824]
 Average call time: 3.58 sec | Current time: 2018-01-25 10:41:16.849972
 --------------------------
iteration: 18 | nc: 1 | ncalls: 21 | eff(%): 26.8 | logz: -1.0e+06 +/- 3.1e-01 | dlogz: inf >  0.500
 loglike: -1.0e+06 | params: [-0.54886685 -1.81116606  2.9226413   2.00964257]
 Average call time: 3.58 sec | Current time: 2018-01-25 10:41:20.427356
 --------------------------
iteration: 19 | nc: 2 | ncalls: 23 | eff(%): 27.4 | logz: -1.0e+06 +/- 3.1e-01 | dlogz: 9.9e+05 >  0.500
 loglike: -1.0e+06 | params: [ 0.40297773 -1.13404241  1.22848764  4.28062354]
 Average call time: 3.58 sec | Current time: 2018-01-25 10:41:27.662279
 --------------------------
iteration: 20 | nc: 1 | ncalls: 24 | eff(%): 28.4 | logz: -1.0e+06 +/- 3.2e-01 | dlogz: 9.7e+05 >  0.500
 loglike: -1.0e+06 | params: [ 0.10429528 -2.21246635  3.11278291  6.63665047]
 Average call time: 3.58 sec | Current time: 2018-01-25 10:41:31.275304
 --------------------------
iteration: 21 | nc: 2 | ncalls: 26 | eff(%): 28.9 | logz: -1.0e+06 +/- 3.2e-01 | dlogz: 9.7e+05 >  0.500
 loglike: -1.0e+06 | params: [ 0.21295491 -1.04440797  3.07703543  4.77880751]
 Average call time: 3.58 sec | Current time: 2018-01-25 10:41:38.368619
 --------------------------
iteration: 22 | nc: 1 | ncalls: 27 | eff(%): 29.9 | logz: -9.9e+05 +/- 3.2e-01 | dlogz: 9.6e+05 >  0.500
 loglike: -9.9e+05 | params: [ 0.43167306 -2.2056862   1.088941    5.75114794]
 Average call time: 3.58 sec | Current time: 2018-01-25 10:41:41.908736
 --------------------------
iteration: 23 | nc: 2 | ncalls: 29 | eff(%): 30.4 | logz: -9.9e+05 +/- 3.2e-01 | dlogz: 9.5e+05 >  0.500
 loglike: -9.9e+05 | params: [-0.48145511 -1.17790516  2.89094333  3.96741462]
 Average call time: 3.58 sec | Current time: 2018-01-25 10:41:49.046428
 --------------------------
iteration: 24 | nc: 4 | ncalls: 33 | eff(%): 30.1 | logz: -9.9e+05 +/- 3.2e-01 | dlogz: 9.5e+05 >  0.500
 loglike: -9.9e+05 | params: [-1.4161972  -2.15162634  2.69620602  2.38312936]
 Average call time: 3.58 sec | Current time: 2018-01-25 10:42:03.467063
 --------------------------
iteration: 25 | nc: 1 | ncalls: 34 | eff(%): 31.0 | logz: -9.8e+05 +/- 3.2e-01 | dlogz: 9.5e+05 >  0.500
 loglike: -9.8e+05 | params: [-0.05042009 -1.06664423  1.1232357   4.5158542 ]
 Average call time: 3.58 sec | Current time: 2018-01-25 10:42:06.981482
 --------------------------
iteration: 26 | nc: 3 | ncalls: 37 | eff(%): 31.0 | logz: -9.8e+05 +/- 3.2e-01 | dlogz: 9.4e+05 >  0.500
 loglike: -9.8e+05 | params: [-1.1334673  -0.90517738  2.83710229  5.44522708]
 Average call time: 3.58 sec | Current time: 2018-01-25 10:42:17.884802
 --------------------------
iteration: 27 | nc: 2 | ncalls: 39 | eff(%): 31.5 | logz: -9.8e+05 +/- 3.2e-01 | dlogz: 9.4e+05 >  0.500
 loglike: -9.8e+05 | params: [ 0.02320783 -0.67119377  2.97586835  5.54694065]
 Average call time: 3.58 sec | Current time: 2018-01-25 10:42:25.037090
 --------------------------
iteration: 28 | nc: 2 | ncalls: 41 | eff(%): 31.9 | logz: -9.7e+05 +/- 3.2e-01 | dlogz: 9.3e+05 >  0.500
 loglike: -9.7e+05 | params: [-0.69000756 -0.50070081  1.32571003  3.61907442]
 Average call time: 3.59 sec | Current time: 2018-01-25 10:42:32.256643
 --------------------------
iteration: 29 | nc: 1 | ncalls: 42 | eff(%): 32.6 | logz: -9.6e+05 +/- 3.2e-01 | dlogz: 9.2e+05 >  0.500
 loglike: -9.6e+05 | params: [-0.66649292 -1.42829667  1.01862555  3.40513365]
 Average call time: 3.58 sec | Current time: 2018-01-25 10:42:35.792783
 --------------------------
iteration: 30 | nc: 2 | ncalls: 44 | eff(%): 33.0 | logz: -9.5e+05 +/- 3.2e-01 | dlogz: 9.2e+05 >  0.500
 loglike: -9.5e+05 | params: [ 0.30313779 -0.53261535  2.92273844  3.64005911]
 Average call time: 3.58 sec | Current time: 2018-01-25 10:42:42.966956
 --------------------------
iteration: 31 | nc: 1 | ncalls: 45 | eff(%): 33.7 | logz: -9.5e+05 +/- 3.2e-01 | dlogz: 9.1e+05 >  0.500
 loglike: -9.5e+05 | params: [-0.71062283 -2.4379008   2.73051953  7.80201396]
 Average call time: 3.58 sec | Current time: 2018-01-25 10:42:46.548277
 --------------------------
iteration: 32 | nc: 2 | ncalls: 47 | eff(%): 34.0 | logz: -9.5e+05 +/- 3.2e-01 | dlogz: 9.1e+05 >  0.500
 loglike: -9.5e+05 | params: [-0.36811071 -2.48647188  2.85232513  8.29698309]
 Average call time: 3.58 sec | Current time: 2018-01-25 10:42:53.660446
 --------------------------
iteration: 33 | nc: 3 | ncalls: 50 | eff(%): 34.0 | logz: -9.3e+05 +/- 3.2e-01 | dlogz: 9.1e+05 >  0.500
 loglike: -9.3e+05 | params: [ 0.45807764 -0.73753551  2.88304576  8.44389227]
 Average call time: 3.59 sec | Current time: 2018-01-25 10:43:04.568421
 --------------------------
iteration: 34 | nc: 2 | ncalls: 52 | eff(%): 34.3 | logz: -9.2e+05 +/- 3.2e-01 | dlogz: 8.9e+05 >  0.500
 loglike: -9.2e+05 | params: [ 0.16049146 -1.01047165  2.759437    4.94294282]
 Average call time: 3.58 sec | Current time: 2018-01-25 10:43:11.615285
 --------------------------
iteration: 35 | nc: 1 | ncalls: 53 | eff(%): 35.0 | logz: -9.2e+05 +/- 3.2e-01 | dlogz: 8.8e+05 >  0.500
 loglike: -9.2e+05 | params: [-0.37344978 -2.42367164  2.69655017  6.27098791]
 Average call time: 3.58 sec | Current time: 2018-01-25 10:43:15.181657
 --------------------------
iteration: 36 | nc: 1 | ncalls: 54 | eff(%): 35.6 | logz: -8.8e+05 +/- 3.3e-01 | dlogz: 8.9e+05 >  0.500
 loglike: -8.8e+05 | params: [-0.6065197  -1.66978356  2.44116552  8.86658859]
 Average call time: 3.58 sec | Current time: 2018-01-25 10:43:18.782319
 --------------------------
iteration: 37 | nc: 4 | ncalls: 58 | eff(%): 35.2 | logz: -8.8e+05 +/- 3.3e-01 | dlogz: 8.5e+05 >  0.500
 loglike: -8.8e+05 | params: [ 0.20779713 -1.92587515  1.51920168  2.07216965]
 Average call time: 3.59 sec | Current time: 2018-01-25 10:43:33.337458
 --------------------------
iteration: 38 | nc: 4 | ncalls: 62 | eff(%): 34.8 | logz: -8.7e+05 +/- 3.3e-01 | dlogz: 8.5e+05 >  0.500
 loglike: -8.7e+05 | params: [ 0.28111438 -0.55347042  2.78023399  3.92859598]
 Average call time: 3.59 sec | Current time: 2018-01-25 10:43:47.742992
 --------------------------
iteration: 39 | nc: 4 | ncalls: 66 | eff(%): 34.5 | logz: -8.7e+05 +/- 3.3e-01 | dlogz: 8.4e+05 >  0.500
 loglike: -8.7e+05 | params: [-0.42624361 -0.86159587  1.17134691  6.35537394]
 Average call time: 3.59 sec | Current time: 2018-01-25 10:44:02.148060
 --------------------------
iteration: 40 | nc: 2 | ncalls: 68 | eff(%): 34.7 | logz: -8.6e+05 +/- 3.3e-01 | dlogz: 8.4e+05 >  0.500
 loglike: -8.6e+05 | params: [-0.7353651  -2.39225263  2.35494522  8.85603793]
 Average call time: 3.59 sec | Current time: 2018-01-25 10:44:09.256092
 --------------------------
iteration: 41 | nc: 1 | ncalls: 69 | eff(%): 35.3 | logz: -8.6e+05 +/- 3.3e-01 | dlogz: 8.4e+05 >  0.500
 loglike: -8.6e+05 | params: [-0.42903625 -1.610404    1.06633353  5.84790672]
 Average call time: 3.59 sec | Current time: 2018-01-25 10:44:12.812931
 --------------------------
iteration: 42 | nc: 1 | ncalls: 70 | eff(%): 35.8 | logz: -8.5e+05 +/- 3.3e-01 | dlogz: 8.3e+05 >  0.500
 loglike: -8.5e+05 | params: [-0.31075044 -1.43337967  1.12997219  5.49146464]
 Average call time: 3.59 sec | Current time: 2018-01-25 10:44:16.388631
 --------------------------
iteration: 43 | nc: 1 | ncalls: 71 | eff(%): 36.4 | logz: -8.5e+05 +/- 3.3e-01 | dlogz: 8.3e+05 >  0.500
 loglike: -8.5e+05 | params: [-1.1169611  -1.25578246  2.31318322  7.28286867]
 Average call time: 3.59 sec | Current time: 2018-01-25 10:44:19.934854
 --------------------------
iteration: 44 | nc: 1 | ncalls: 72 | eff(%): 36.9 | logz: -8.5e+05 +/- 3.3e-01 | dlogz: 8.3e+05 >  0.500
 loglike: -8.5e+05 | params: [-1.4576134  -1.63295648  2.33893917  2.91055992]
 Average call time: 3.59 sec | Current time: 2018-01-25 10:44:23.504463
 --------------------------
iteration: 45 | nc: 1 | ncalls: 73 | eff(%): 37.4 | logz: -8.4e+05 +/- 3.3e-01 | dlogz: 8.2e+05 >  0.500
 loglike: -8.4e+05 | params: [-0.33902733 -0.63842674  2.01699071  1.96066498]
 Average call time: 3.59 sec | Current time: 2018-01-25 10:44:27.047244
 --------------------------
iteration: 46 | nc: 1 | ncalls: 74 | eff(%): 37.9 | logz: -8.4e+05 +/- 3.3e-01 | dlogz: 8.2e+05 >  0.500
 loglike: -8.4e+05 | params: [-0.92949808 -1.25016659  2.43428139  2.56540143]
 Average call time: 3.59 sec | Current time: 2018-01-25 10:44:30.604317
 --------------------------
iteration: 47 | nc: 2 | ncalls: 76 | eff(%): 38.1 | logz: -8.3e+05 +/- 3.3e-01 | dlogz: 8.1e+05 >  0.500
 loglike: -8.3e+05 | params: [-1.22891157 -2.24586738  2.24195194  5.93954989]
 Average call time: 3.59 sec | Current time: 2018-01-25 10:44:37.763396
 --------------------------
iteration: 48 | nc: 1 | ncalls: 77 | eff(%): 38.6 | logz: -8.2e+05 +/- 3.3e-01 | dlogz: 8.0e+05 >  0.500
 loglike: -8.2e+05 | params: [ 0.23629742 -1.15434357  1.26241484  8.09572751]
 Average call time: 3.58 sec | Current time: 2018-01-25 10:44:41.298577
 --------------------------
iteration: 49 | nc: 3 | ncalls: 80 | eff(%): 38.5 | logz: -8.2e+05 +/- 3.3e-01 | dlogz: 8.0e+05 >  0.500
 loglike: -8.2e+05 | params: [ 0.0113723  -0.63579755  2.12921248  3.37541827]
 Average call time: 3.58 sec | Current time: 2018-01-25 10:44:52.002945
 --------------------------
iteration: 50 | nc: 1 | ncalls: 81 | eff(%): 38.9 | logz: -8.1e+05 +/- 3.3e-01 | dlogz: 7.9e+05 >  0.500
 loglike: -8.1e+05 | params: [-0.77022803 -1.26920764  1.22614372  3.95059205]
 Average call time: 3.58 sec | Current time: 2018-01-25 10:44:55.607863
 --------------------------
iteration: 51 | nc: 3 | ncalls: 84 | eff(%): 38.8 | logz: -7.9e+05 +/- 3.3e-01 | dlogz: 7.8e+05 >  0.500
 loglike: -7.9e+05 | params: [-0.57326263 -1.09332584  1.19812268  6.35209134]
 Average call time: 3.58 sec | Current time: 2018-01-25 10:45:06.384870
 --------------------------
iteration: 52 | nc: 15 | ncalls: 99 | eff(%): 35.6 | logz: -7.7e+05 +/- 3.3e-01 | dlogz: 7.6e+05 >  0.500
 loglike: -7.7e+05 | params: [-0.55334025 -0.69488995  1.67798658  3.43322991]
 Average call time: 3.58 sec | Current time: 2018-01-25 10:46:00.049660
 --------------------------
iteration: 53 | nc: 2 | ncalls: 101 | eff(%): 35.8 | logz: -7.7e+05 +/- 3.4e-01 | dlogz: 7.5e+05 >  0.500
 loglike: -7.7e+05 | params: [ 0.37052582 -0.87914621  1.56502924  5.69854579]
 Average call time: 3.58 sec | Current time: 2018-01-25 10:46:07.213157
 --------------------------
iteration: 54 | nc: 1 | ncalls: 102 | eff(%): 36.2 | logz: -7.5e+05 +/- 3.4e-01 | dlogz: 7.5e+05 >  0.500
 loglike: -7.5e+05 | params: [ 0.41627871 -0.74813473  2.07345181  5.007961  ]
 Average call time: 3.58 sec | Current time: 2018-01-25 10:46:10.772788
 --------------------------
iteration: 55 | nc: 3 | ncalls: 105 | eff(%): 36.1 | logz: -7.4e+05 +/- 3.4e-01 | dlogz: 7.2e+05 >  0.500
 loglike: -7.4e+05 | params: [-1.38260315 -2.38201084  1.15591369  5.12788871]
 Average call time: 3.58 sec | Current time: 2018-01-25 10:46:21.489321
 --------------------------
iteration: 56 | nc: 5 | ncalls: 110 | eff(%): 35.6 | logz: -7.3e+05 +/- 3.4e-01 | dlogz: 7.2e+05 >  0.500
 loglike: -7.3e+05 | params: [-1.15706948 -1.02582701  1.38108818  3.957199  ]
 Average call time: 3.58 sec | Current time: 2018-01-25 10:46:39.345577
 --------------------------
iteration: 57 | nc: 3 | ncalls: 113 | eff(%): 35.6 | logz: -7.3e+05 +/- 3.4e-01 | dlogz: 7.1e+05 >  0.500
 loglike: -7.3e+05 | params: [ 0.26790233 -1.01727893  2.5471324   2.08201475]
 Average call time: 3.58 sec | Current time: 2018-01-25 10:46:50.065846
 --------------------------
iteration: 58 | nc: 8 | ncalls: 121 | eff(%): 34.5 | logz: -7.3e+05 +/- 3.4e-01 | dlogz: 7.1e+05 >  0.500
 loglike: -7.3e+05 | params: [-1.46028676 -1.21663254  1.48700306  3.06040392]
 Average call time: 3.58 sec | Current time: 2018-01-25 10:47:18.659048
 --------------------------
iteration: 59 | nc: 2 | ncalls: 123 | eff(%): 34.7 | logz: -7.3e+05 +/- 3.4e-01 | dlogz: 7.0e+05 >  0.500
 loglike: -7.3e+05 | params: [-1.42023269 -0.83135634  1.35117361  5.18481851]
 Average call time: 3.58 sec | Current time: 2018-01-25 10:47:25.790337
 --------------------------
iteration: 60 | nc: 1 | ncalls: 124 | eff(%): 35.1 | logz: -7.3e+05 +/- 3.4e-01 | dlogz: 7.0e+05 >  0.500
 loglike: -7.3e+05 | params: [-0.28204572 -0.52286724  1.67232107  5.69774175]
 Average call time: 3.58 sec | Current time: 2018-01-25 10:47:29.322934
 --------------------------
iteration: 61 | nc: 2 | ncalls: 126 | eff(%): 35.2 | logz: -7.2e+05 +/- 3.4e-01 | dlogz: 7.0e+05 >  0.500
 loglike: -7.2e+05 | params: [-1.38038155 -2.13142583  1.14206584  6.39904755]
 Average call time: 3.58 sec | Current time: 2018-01-25 10:47:36.449392
 --------------------------
iteration: 62 | nc: 5 | ncalls: 131 | eff(%): 34.8 | logz: -7.2e+05 +/- 3.4e-01 | dlogz: 6.9e+05 >  0.500
 loglike: -7.2e+05 | params: [-0.68158724 -1.04401306  1.51627123  4.07568713]
 Average call time: 3.58 sec | Current time: 2018-01-25 10:47:54.383596
 --------------------------
iteration: 63 | nc: 1 | ncalls: 132 | eff(%): 35.2 | logz: -7.2e+05 +/- 3.4e-01 | dlogz: 6.9e+05 >  0.500
 loglike: -7.2e+05 | params: [-1.28707896 -1.90568203  1.17517597  5.97059888]
 Average call time: 3.58 sec | Current time: 2018-01-25 10:47:57.929736
 --------------------------
iteration: 64 | nc: 2 | ncalls: 134 | eff(%): 35.3 | logz: -7.2e+05 +/- 3.4e-01 | dlogz: 6.9e+05 >  0.500
 loglike: -7.2e+05 | params: [-1.35860764 -2.18475383  1.48467404  3.26909666]
 Average call time: 3.58 sec | Current time: 2018-01-25 10:48:05.175399
 --------------------------
iteration: 65 | nc: 5 | ncalls: 139 | eff(%): 34.9 | logz: -7.1e+05 +/- 3.4e-01 | dlogz: 6.9e+05 >  0.500
 loglike: -7.1e+05 | params: [-1.05336155 -1.66087242  1.21873066  6.20671256]
 Average call time: 3.58 sec | Current time: 2018-01-25 10:48:23.312750
 --------------------------
iteration: 66 | nc: 3 | ncalls: 142 | eff(%): 34.9 | logz: -7.0e+05 +/- 3.4e-01 | dlogz: 6.8e+05 >  0.500
 loglike: -7.0e+05 | params: [-1.23546619 -0.55103756  1.54190531  7.08279929]
 Average call time: 3.58 sec | Current time: 2018-01-25 10:48:34.219736
 --------------------------
iteration: 67 | nc: 7 | ncalls: 149 | eff(%): 34.2 | logz: -7.0e+05 +/- 3.4e-01 | dlogz: 6.8e+05 >  0.500
 loglike: -7.0e+05 | params: [-1.27458635 -1.69001997  1.12621891  8.4125236 ]
 Average call time: 3.58 sec | Current time: 2018-01-25 10:48:59.413385
 --------------------------
iteration: 68 | nc: 13 | ncalls: 162 | eff(%): 32.5 | logz: -6.9e+05 +/- 3.4e-01 | dlogz: 6.7e+05 >  0.500
 loglike: -6.9e+05 | params: [ 0.22996358 -1.07945862  1.51189507  7.84066127]
 Average call time: 3.58 sec | Current time: 2018-01-25 10:49:45.900603
 --------------------------
iteration: 69 | nc: 14 | ncalls: 176 | eff(%): 31.0 | logz: -6.9e+05 +/- 3.4e-01 | dlogz: 6.7e+05 >  0.500
 loglike: -6.9e+05 | params: [-0.53567637 -0.96384226  1.90869533  1.12140073]
 Average call time: 3.59 sec | Current time: 2018-01-25 10:50:36.632203
 --------------------------
iteration: 70 | nc: 7 | ncalls: 183 | eff(%): 30.5 | logz: -6.9e+05 +/- 3.5e-01 | dlogz: 6.6e+05 >  0.500
 loglike: -6.9e+05 | params: [-0.84066311 -1.49406633  1.33568295  5.85754965]
 Average call time: 3.59 sec | Current time: 2018-01-25 10:51:01.622970
 --------------------------
iteration: 71 | nc: 9 | ncalls: 192 | eff(%): 29.8 | logz: -6.8e+05 +/- 3.5e-01 | dlogz: 6.6e+05 >  0.500
 loglike: -6.8e+05 | params: [-0.93586043 -1.83000806  1.25058102  7.08679318]
 Average call time: 3.59 sec | Current time: 2018-01-25 10:51:33.986723
 --------------------------
iteration: 72 | nc: 1 | ncalls: 193 | eff(%): 30.0 | logz: -6.8e+05 +/- 3.5e-01 | dlogz: 6.5e+05 >  0.500
 loglike: -6.8e+05 | params: [-1.49562114 -2.41606951  1.42536215  5.78589748]
 Average call time: 3.59 sec | Current time: 2018-01-25 10:51:37.674419
 --------------------------
iteration: 73 | nc: 2 | ncalls: 195 | eff(%): 30.2 | logz: -6.8e+05 +/- 3.5e-01 | dlogz: 6.5e+05 >  0.500
 loglike: -6.8e+05 | params: [-0.95883154 -1.45539343  1.29498559  6.7090934 ]
 Average call time: 3.59 sec | Current time: 2018-01-25 10:51:45.096136
 --------------------------
iteration: 74 | nc: 2 | ncalls: 197 | eff(%): 30.4 | logz: -6.8e+05 +/- 3.5e-01 | dlogz: 6.5e+05 >  0.500
 loglike: -6.8e+05 | params: [-0.23254846 -1.62338024  1.45771832  5.54727692]
 Average call time: 3.59 sec | Current time: 2018-01-25 10:51:52.442202
 --------------------------
iteration: 75 | nc: 2 | ncalls: 199 | eff(%): 30.5 | logz: -6.7e+05 +/- 3.5e-01 | dlogz: 6.5e+05 >  0.500
 loglike: -6.7e+05 | params: [-1.38050269 -2.16144415  1.20708508  8.24817961]
 Average call time: 3.59 sec | Current time: 2018-01-25 10:51:59.866817
 --------------------------
iteration: 76 | nc: 2 | ncalls: 201 | eff(%): 30.7 | logz: -6.7e+05 +/- 3.5e-01 | dlogz: 6.5e+05 >  0.500
 loglike: -6.7e+05 | params: [ 0.48713473 -0.86259298  2.6353665   4.61003244]
 Average call time: 3.59 sec | Current time: 2018-01-25 10:52:07.264440
 --------------------------
iteration: 77 | nc: 2 | ncalls: 203 | eff(%): 30.8 | logz: -6.7e+05 +/- 3.5e-01 | dlogz: 6.5e+05 >  0.500
 loglike: -6.7e+05 | params: [-0.44551585 -2.1046939   1.4971253   5.00792366]
 Average call time: 3.59 sec | Current time: 2018-01-25 10:52:14.627790
 --------------------------
iteration: 78 | nc: 1 | ncalls: 204 | eff(%): 31.1 | logz: -6.7e+05 +/- 3.5e-01 | dlogz: 6.4e+05 >  0.500
 loglike: -6.7e+05 | params: [-0.41432379 -2.08410177  1.27327054  7.9588457 ]
 Average call time: 3.59 sec | Current time: 2018-01-25 10:52:18.316071
 --------------------------
iteration: 79 | nc: 1 | ncalls: 205 | eff(%): 31.4 | logz: -6.7e+05 +/- 3.5e-01 | dlogz: 6.5e+05 >  0.500
 loglike: -6.7e+05 | params: [ 0.42523706 -1.46072911  1.62337303  8.00078245]
 Average call time: 3.59 sec | Current time: 2018-01-25 10:52:21.988849
 --------------------------
iteration: 80 | nc: 2 | ncalls: 207 | eff(%): 31.5 | logz: -6.6e+05 +/- 3.5e-01 | dlogz: 6.5e+05 >  0.500
 loglike: -6.6e+05 | params: [-1.30220658 -0.90230729  1.42840833  7.44532628]
 Average call time: 3.59 sec | Current time: 2018-01-25 10:52:29.405737
 --------------------------
iteration: 81 | nc: 2 | ncalls: 209 | eff(%): 31.7 | logz: -6.6e+05 +/- 3.5e-01 | dlogz: 6.5e+05 >  0.500
 loglike: -6.6e+05 | params: [-0.96599772 -1.88355825  1.53190841  4.86046782]
 Average call time: 3.60 sec | Current time: 2018-01-25 10:52:36.851079
 --------------------------
iteration: 82 | nc: 5 | ncalls: 214 | eff(%): 31.4 | logz: -6.6e+05 +/- 3.5e-01 | dlogz: 6.4e+05 >  0.500
 loglike: -6.6e+05 | params: [-0.07377915 -1.82903955  1.50308403  7.11751853]
 Average call time: 3.60 sec | Current time: 2018-01-25 10:52:55.405340
 --------------------------
iteration: 83 | nc: 4 | ncalls: 218 | eff(%): 31.3 | logz: -6.5e+05 +/- 3.5e-01 | dlogz: 6.4e+05 >  0.500
 loglike: -6.5e+05 | params: [ 0.31161439 -0.9628335   1.78369492  8.50764477]
 Average call time: 3.60 sec | Current time: 2018-01-25 10:53:10.262307
 --------------------------
iteration: 84 | nc: 9 | ncalls: 227 | eff(%): 30.7 | logz: -6.5e+05 +/- 3.5e-01 | dlogz: 6.4e+05 >  0.500
 loglike: -6.5e+05 | params: [-1.07986533 -1.07647886  1.49184412  6.50494514]
 Average call time: 3.61 sec | Current time: 2018-01-25 10:53:43.707064
 --------------------------
iteration: 85 | nc: 1 | ncalls: 228 | eff(%): 30.9 | logz: -6.5e+05 +/- 3.5e-01 | dlogz: 6.4e+05 >  0.500
 loglike: -6.5e+05 | params: [-1.09925283 -1.21285778  2.19959543  5.91385198]
 Average call time: 3.61 sec | Current time: 2018-01-25 10:53:47.399777
 --------------------------
iteration: 86 | nc: 1 | ncalls: 229 | eff(%): 31.2 | logz: -6.4e+05 +/- 3.5e-01 | dlogz: 6.3e+05 >  0.500
 loglike: -6.4e+05 | params: [-0.54722737 -1.93270165  1.4614368   7.21776336]
 Average call time: 3.61 sec | Current time: 2018-01-25 10:53:51.095308
 --------------------------
iteration: 87 | nc: 1 | ncalls: 230 | eff(%): 31.4 | logz: -6.3e+05 +/- 3.5e-01 | dlogz: 6.2e+05 >  0.500
 loglike: -6.3e+05 | params: [ 0.28670452 -1.60283196  1.73315074  7.51338371]
 Average call time: 3.61 sec | Current time: 2018-01-25 10:53:54.780555
 --------------------------
iteration: 88 | nc: 1 | ncalls: 231 | eff(%): 31.7 | logz: -6.3e+05 +/- 3.6e-01 | dlogz: 6.1e+05 >  0.500
 loglike: -6.3e+05 | params: [ 0.30718269 -1.94477     1.7699963   6.5976261 ]
 Average call time: 3.61 sec | Current time: 2018-01-25 10:53:58.497232
 --------------------------
iteration: 89 | nc: 3 | ncalls: 234 | eff(%): 31.7 | logz: -6.3e+05 +/- 3.6e-01 | dlogz: 6.1e+05 >  0.500
 loglike: -6.3e+05 | params: [-1.2718686  -0.5983803   1.97712224  2.54894952]
 Average call time: 3.61 sec | Current time: 2018-01-25 10:54:09.572672
 --------------------------
iteration: 90 | nc: 5 | ncalls: 239 | eff(%): 31.5 | logz: -6.2e+05 +/- 3.6e-01 | dlogz: 6.1e+05 >  0.500
 loglike: -6.2e+05 | params: [-0.85381061 -0.75715349  1.64690219  6.87956151]
 Average call time: 3.61 sec | Current time: 2018-01-25 10:54:28.045033
 --------------------------
iteration: 91 | nc: 10 | ncalls: 249 | eff(%): 30.8 | logz: -6.2e+05 +/- 3.6e-01 | dlogz: 6.0e+05 >  0.500
 loglike: -6.2e+05 | params: [-0.80904189 -1.31655705  1.68716037  3.1405469 ]
 Average call time: 3.61 sec | Current time: 2018-01-25 10:55:05.082916
 --------------------------
iteration: 92 | nc: 4 | ncalls: 253 | eff(%): 30.7 | logz: -6.1e+05 +/- 3.6e-01 | dlogz: 6.0e+05 >  0.500
 loglike: -6.1e+05 | params: [-1.19838191 -1.33347049  1.52260705  7.87613735]
 Average call time: 3.61 sec | Current time: 2018-01-25 10:55:19.835164
 --------------------------
iteration: 93 | nc: 1 | ncalls: 254 | eff(%): 30.9 | logz: -6.1e+05 +/- 3.6e-01 | dlogz: 5.9e+05 >  0.500
 loglike: -6.1e+05 | params: [ 0.36827171 -1.55841329  2.53707855  3.10384381]
 Average call time: 3.62 sec | Current time: 2018-01-25 10:55:23.533067
 --------------------------
iteration: 94 | nc: 2 | ncalls: 256 | eff(%): 31.0 | logz: -6.1e+05 +/- 3.6e-01 | dlogz: 5.9e+05 >  0.500
 loglike: -6.1e+05 | params: [-0.44745435 -1.32030656  1.87095676  1.39001993]
 Average call time: 3.62 sec | Current time: 2018-01-25 10:55:30.959463
 --------------------------
iteration: 95 | nc: 2 | ncalls: 258 | eff(%): 31.2 | logz: -5.9e+05 +/- 3.6e-01 | dlogz: 5.9e+05 >  0.500
 loglike: -5.9e+05 | params: [-1.06241579 -0.65026474  2.32642227  8.27452767]
 Average call time: 3.62 sec | Current time: 2018-01-25 10:55:38.365326
 --------------------------
iteration: 96 | nc: 3 | ncalls: 261 | eff(%): 31.2 | logz: -5.8e+05 +/- 3.6e-01 | dlogz: 5.7e+05 >  0.500
 loglike: -5.8e+05 | params: [-1.01890738 -1.22594655  2.22960508  4.57463679]
 Average call time: 3.62 sec | Current time: 2018-01-25 10:55:49.579956
 --------------------------
iteration: 97 | nc: 2 | ncalls: 263 | eff(%): 31.3 | logz: -5.8e+05 +/- 3.6e-01 | dlogz: 5.6e+05 >  0.500
 loglike: -5.8e+05 | params: [ 0.48930766 -2.14100426  1.95264047  5.54633124]
 Average call time: 3.62 sec | Current time: 2018-01-25 10:55:57.015306
 --------------------------
iteration: 98 | nc: 4 | ncalls: 267 | eff(%): 31.2 | logz: -5.7e+05 +/- 3.6e-01 | dlogz: 5.6e+05 >  0.500
 loglike: -5.7e+05 | params: [-0.76010297 -0.626886    2.44915863  2.00265286]
 Average call time: 3.62 sec | Current time: 2018-01-25 10:56:11.864485
 --------------------------
iteration: 99 | nc: 2 | ncalls: 269 | eff(%): 31.3 | logz: -5.7e+05 +/- 3.6e-01 | dlogz: 5.5e+05 >  0.500
 loglike: -5.7e+05 | params: [ 0.02940054 -2.39078826  2.47036897  2.44552145]
 Average call time: 3.62 sec | Current time: 2018-01-25 10:56:19.387555
 --------------------------
iteration: 100 | nc: 1 | ncalls: 270 | eff(%): 31.6 | logz: -5.6e+05 +/- 3.6e-01 | dlogz: 5.5e+05 >  0.500
 loglike: -5.6e+05 | params: [-0.72226677 -1.81933836  2.20670389  4.65687917]
 Average call time: 3.62 sec | Current time: 2018-01-25 10:56:23.142492
 --------------------------
iteration: 101 | nc: 4 | ncalls: 274 | eff(%): 31.5 | logz: -5.5e+05 +/- 3.6e-01 | dlogz: 5.4e+05 >  0.500
 loglike: -5.5e+05 | params: [-0.14492705 -1.69182148  1.65186112  7.18867788]
 Average call time: 3.62 sec | Current time: 2018-01-25 10:56:38.014629
 --------------------------
iteration: 102 | nc: 3 | ncalls: 277 | eff(%): 31.5 | logz: -5.5e+05 +/- 3.6e-01 | dlogz: 5.4e+05 >  0.500
 loglike: -5.5e+05 | params: [-1.32580897 -0.54473013  1.76986253  8.12663429]
 Average call time: 3.62 sec | Current time: 2018-01-25 10:56:49.227700
 --------------------------
iteration: 103 | nc: 2 | ncalls: 279 | eff(%): 31.6 | logz: -5.3e+05 +/- 3.6e-01 | dlogz: 5.3e+05 >  0.500
 loglike: -5.3e+05 | params: [ 0.02014603 -0.75257211  2.44375757  8.46211655]
 Average call time: 3.63 sec | Current time: 2018-01-25 10:56:56.647439
 --------------------------
iteration: 104 | nc: 3 | ncalls: 282 | eff(%): 31.6 | logz: -5.2e+05 +/- 3.6e-01 | dlogz: 5.2e+05 >  0.500
 loglike: -5.2e+05 | params: [-0.44355144 -0.59714247  2.44107754  5.02047651]
 Average call time: 3.63 sec | Current time: 2018-01-25 10:57:07.843249
 --------------------------
iteration: 105 | nc: 4 | ncalls: 286 | eff(%): 31.5 | logz: -5.1e+05 +/- 3.6e-01 | dlogz: 5.0e+05 >  0.500
 loglike: -5.1e+05 | params: [ 0.21374588 -1.17051333  2.00012783  5.14516399]
 Average call time: 3.63 sec | Current time: 2018-01-25 10:57:22.746515
 --------------------------
iteration: 106 | nc: 2 | ncalls: 288 | eff(%): 31.7 | logz: -4.9e+05 +/- 3.6e-01 | dlogz: 5.0e+05 >  0.500
 loglike: -4.9e+05 | params: [-0.24101691 -1.12763985  1.72114761  7.3034223 ]
 Average call time: 3.63 sec | Current time: 2018-01-25 10:57:30.183956
 --------------------------
iteration: 107 | nc: 8 | ncalls: 296 | eff(%): 31.2 | logz: -4.7e+05 +/- 3.7e-01 | dlogz: 4.7e+05 >  0.500
 loglike: -4.7e+05 | params: [-0.08435878 -1.84514183  2.27588213  6.63814001]
 Average call time: 3.63 sec | Current time: 2018-01-25 10:57:59.797962
 --------------------------
iteration: 108 | nc: 3 | ncalls: 299 | eff(%): 31.2 | logz: -4.6e+05 +/- 3.7e-01 | dlogz: 4.5e+05 >  0.500
 loglike: -4.6e+05 | params: [-1.06348367 -1.46242121  2.15235664  4.25032113]
 Average call time: 3.63 sec | Current time: 2018-01-25 10:58:10.958827
 --------------------------
iteration: 109 | nc: 2 | ncalls: 301 | eff(%): 31.3 | logz: -4.5e+05 +/- 3.7e-01 | dlogz: 4.4e+05 >  0.500
 loglike: -4.5e+05 | params: [-2.03233290e-04 -1.90328994e+00  1.83645153e+00  5.24531547e+00]
 Average call time: 3.63 sec | Current time: 2018-01-25 10:58:18.355333
 --------------------------
iteration: 110 | nc: 2 | ncalls: 303 | eff(%): 31.4 | logz: -4.4e+05 +/- 3.7e-01 | dlogz: 4.3e+05 >  0.500
 loglike: -4.4e+05 | params: [-0.02037339 -2.49054624  1.91843688  3.76360258]
 Average call time: 3.63 sec | Current time: 2018-01-25 10:58:25.767336
 --------------------------
iteration: 111 | nc: 3 | ncalls: 306 | eff(%): 31.5 | logz: -4.3e+05 +/- 3.7e-01 | dlogz: 4.2e+05 >  0.500
 loglike: -4.3e+05 | params: [ 0.10280192 -1.81203783  2.00617373  3.81257122]
 Average call time: 3.63 sec | Current time: 2018-01-25 10:58:36.872649
 --------------------------
iteration: 112 | nc: 6 | ncalls: 312 | eff(%): 31.2 | logz: -4.3e+05 +/- 3.7e-01 | dlogz: 4.1e+05 >  0.500
 loglike: -4.3e+05 | params: [-0.61218204 -2.43793028  2.08971928  6.84577433]
 Average call time: 3.63 sec | Current time: 2018-01-25 10:58:59.321578
 --------------------------
iteration: 113 | nc: 9 | ncalls: 321 | eff(%): 30.7 | logz: -4.3e+05 +/- 3.7e-01 | dlogz: 4.1e+05 >  0.500
 loglike: -4.3e+05 | params: [-0.5893699  -1.11891614  2.27208089  4.69437174]
 Average call time: 3.64 sec | Current time: 2018-01-25 10:59:32.809536
 --------------------------
iteration: 114 | nc: 5 | ncalls: 326 | eff(%): 30.6 | logz: -4.3e+05 +/- 3.7e-01 | dlogz: 4.1e+05 >  0.500
 loglike: -4.3e+05 | params: [-0.11945608 -1.4760396   2.22781508  8.2974839 ]
 Average call time: 3.64 sec | Current time: 2018-01-25 10:59:51.409841
 --------------------------
iteration: 115 | nc: 3 | ncalls: 329 | eff(%): 30.6 | logz: -4.2e+05 +/- 3.7e-01 | dlogz: 4.1e+05 >  0.500
 loglike: -4.2e+05 | params: [-0.11057571 -1.75224031  2.20453237  8.4007953 ]
 Average call time: 3.64 sec | Current time: 2018-01-25 11:00:02.603673
 --------------------------
iteration: 116 | nc: 10 | ncalls: 339 | eff(%): 30.1 | logz: -4.1e+05 +/- 3.7e-01 | dlogz: 4.0e+05 >  0.500
 loglike: -4.1e+05 | params: [-0.85445546 -1.82273843  1.99690466  8.83054564]
 Average call time: 3.64 sec | Current time: 2018-01-25 11:00:39.851977
 --------------------------
iteration: 117 | nc: 2 | ncalls: 341 | eff(%): 30.2 | logz: -4.1e+05 +/- 3.7e-01 | dlogz: 4.0e+05 >  0.500
 loglike: -4.1e+05 | params: [-0.55673493 -2.28574637  1.6876557   8.19972156]
 Average call time: 3.64 sec | Current time: 2018-01-25 11:00:47.318268
 --------------------------
iteration: 118 | nc: 2 | ncalls: 343 | eff(%): 30.3 | logz: -4.1e+05 +/- 3.7e-01 | dlogz: 3.9e+05 >  0.500
 loglike: -4.1e+05 | params: [-1.03759104 -2.45091122  1.77209482  4.28092824]
 Average call time: 3.64 sec | Current time: 2018-01-25 11:00:54.743645
 --------------------------
iteration: 119 | nc: 2 | ncalls: 345 | eff(%): 30.4 | logz: -4.0e+05 +/- 3.7e-01 | dlogz: 3.9e+05 >  0.500
 loglike: -4.0e+05 | params: [-1.44526044 -0.56275096  1.98249967  4.28222366]
 Average call time: 3.64 sec | Current time: 2018-01-25 11:01:02.175793
 --------------------------
iteration: 120 | nc: 9 | ncalls: 354 | eff(%): 30.0 | logz: -3.9e+05 +/- 3.7e-01 | dlogz: 3.9e+05 >  0.500
 loglike: -3.9e+05 | params: [-1.35331491 -2.38998721  1.96958444  5.72385444]
 Average call time: 3.65 sec | Current time: 2018-01-25 11:01:35.725007
 --------------------------
iteration: 121 | nc: 17 | ncalls: 371 | eff(%): 29.0 | logz: -3.9e+05 +/- 3.7e-01 | dlogz: 3.8e+05 >  0.500
 loglike: -3.9e+05 | params: [-1.30410635 -1.45211613  1.80828098  2.97694556]
 Average call time: 3.65 sec | Current time: 2018-01-25 11:02:38.634337
 --------------------------
iteration: 122 | nc: 5 | ncalls: 376 | eff(%): 28.9 | logz: -3.9e+05 +/- 3.7e-01 | dlogz: 3.8e+05 >  0.500
 loglike: -3.9e+05 | params: [-0.84248952 -1.40924134  1.7138055   7.97427726]
 Average call time: 3.65 sec | Current time: 2018-01-25 11:02:57.118239
 --------------------------
iteration: 123 | nc: 1 | ncalls: 377 | eff(%): 29.0 | logz: -3.9e+05 +/- 3.7e-01 | dlogz: 3.8e+05 >  0.500
 loglike: -3.9e+05 | params: [-0.02108975 -0.5698247   2.2888562   7.4150345 ]
 Average call time: 3.65 sec | Current time: 2018-01-25 11:03:00.815751
 --------------------------
iteration: 124 | nc: 1 | ncalls: 378 | eff(%): 29.2 | logz: -3.9e+05 +/- 3.7e-01 | dlogz: 3.7e+05 >  0.500
 loglike: -3.9e+05 | params: [-0.62960963 -0.85592292  2.35149068  2.78499117]
 Average call time: 3.65 sec | Current time: 2018-01-25 11:03:04.542835
 --------------------------
iteration: 125 | nc: 2 | ncalls: 380 | eff(%): 29.3 | logz: -3.7e+05 +/- 3.7e-01 | dlogz: 3.7e+05 >  0.500
 loglike: -3.7e+05 | params: [-1.19381285 -2.0938476   1.78696386  7.35829041]
 Average call time: 3.65 sec | Current time: 2018-01-25 11:03:11.941081
 --------------------------
iteration: 126 | nc: 2 | ncalls: 382 | eff(%): 29.4 | logz: -3.6e+05 +/- 3.8e-01 | dlogz: 3.6e+05 >  0.500
 loglike: -3.6e+05 | params: [-0.03662737 -1.46630493  1.78916285  7.99701486]
 Average call time: 3.65 sec | Current time: 2018-01-25 11:03:19.333688
 --------------------------
iteration: 127 | nc: 1 | ncalls: 383 | eff(%): 29.6 | logz: -3.5e+05 +/- 3.8e-01 | dlogz: 3.5e+05 >  0.500
 loglike: -3.5e+05 | params: [ 0.17878436 -2.46595303  2.36783931  2.92847895]
 Average call time: 3.65 sec | Current time: 2018-01-25 11:03:23.024468
 --------------------------
iteration: 128 | nc: 1 | ncalls: 384 | eff(%): 29.7 | logz: -3.5e+05 +/- 3.8e-01 | dlogz: 3.4e+05 >  0.500
 loglike: -3.5e+05 | params: [-1.0471753  -1.57933846  1.77369121  7.82416092]
 Average call time: 3.65 sec | Current time: 2018-01-25 11:03:26.719517
 --------------------------
iteration: 129 | nc: 1 | ncalls: 385 | eff(%): 29.9 | logz: -3.4e+05 +/- 3.8e-01 | dlogz: 3.3e+05 >  0.500
 loglike: -3.4e+05 | params: [-0.91774951 -2.19720947  2.00552398  6.26041422]
 Average call time: 3.65 sec | Current time: 2018-01-25 11:03:30.397367
 --------------------------
iteration: 130 | nc: 1 | ncalls: 386 | eff(%): 30.0 | logz: -3.4e+05 +/- 3.8e-01 | dlogz: 3.3e+05 >  0.500
 loglike: -3.4e+05 | params: [-0.35245405 -1.05115305  1.77883499  7.64538133]
 Average call time: 3.65 sec | Current time: 2018-01-25 11:03:34.111020
 --------------------------
iteration: 131 | nc: 5 | ncalls: 391 | eff(%): 29.9 | logz: -3.4e+05 +/- 3.8e-01 | dlogz: 3.3e+05 >  0.500
 loglike: -3.4e+05 | params: [-1.12253207 -1.40067285  1.77966427  6.49366947]
 Average call time: 3.65 sec | Current time: 2018-01-25 11:03:52.672115
 --------------------------
iteration: 132 | nc: 4 | ncalls: 395 | eff(%): 29.9 | logz: -3.4e+05 +/- 3.8e-01 | dlogz: 3.2e+05 >  0.500
 loglike: -3.4e+05 | params: [ 0.12707655 -1.41669502  1.84974282  7.99006513]
 Average call time: 3.65 sec | Current time: 2018-01-25 11:04:07.519638
 --------------------------
iteration: 133 | nc: 5 | ncalls: 400 | eff(%): 29.8 | logz: -3.4e+05 +/- 3.8e-01 | dlogz: 3.2e+05 >  0.500
 loglike: -3.4e+05 | params: [-0.37978182 -0.66591658  2.2990867   8.89043226]
 Average call time: 3.65 sec | Current time: 2018-01-25 11:04:25.995559
 --------------------------
iteration: 134 | nc: 3 | ncalls: 403 | eff(%): 29.8 | logz: -3.4e+05 +/- 3.8e-01 | dlogz: 3.2e+05 >  0.500
 loglike: -3.4e+05 | params: [-1.25550867 -1.18354542  2.10787195  4.57222919]
 Average call time: 3.65 sec | Current time: 2018-01-25 11:04:37.089282
 --------------------------
iteration: 135 | nc: 1 | ncalls: 404 | eff(%): 30.0 | logz: -3.2e+05 +/- 3.8e-01 | dlogz: 3.2e+05 >  0.500
 loglike: -3.2e+05 | params: [-1.03787887 -2.08090094  1.81210953  7.3227047 ]
 Average call time: 3.65 sec | Current time: 2018-01-25 11:04:40.789379
 --------------------------
iteration: 136 | nc: 20 | ncalls: 424 | eff(%): 28.9 | logz: -3.2e+05 +/- 3.8e-01 | dlogz: 3.1e+05 >  0.500
 loglike: -3.2e+05 | params: [-0.28164595 -1.25995689  2.32449991  2.59017516]
 Average call time: 3.65 sec | Current time: 2018-01-25 11:05:54.891069
 --------------------------
iteration: 137 | nc: 6 | ncalls: 430 | eff(%): 28.8 | logz: -3.2e+05 +/- 3.8e-01 | dlogz: 3.1e+05 >  0.500
 loglike: -3.2e+05 | params: [ 0.08513111 -0.82031083  2.34718289  8.43067689]
 Average call time: 3.66 sec | Current time: 2018-01-25 11:06:17.076548
 --------------------------
iteration: 138 | nc: 2 | ncalls: 432 | eff(%): 28.8 | logz: -3.2e+05 +/- 3.8e-01 | dlogz: 3.1e+05 >  0.500
 loglike: -3.2e+05 | params: [ 0.12653095 -1.9264501   2.35676643  3.41629097]
 Average call time: 3.66 sec | Current time: 2018-01-25 11:06:24.549395
 --------------------------
iteration: 139 | nc: 1 | ncalls: 433 | eff(%): 29.0 | logz: -3.1e+05 +/- 3.8e-01 | dlogz: 3.0e+05 >  0.500
 loglike: -3.1e+05 | params: [-0.41982599 -0.91967134  2.18068507  2.4149453 ]
 Average call time: 3.66 sec | Current time: 2018-01-25 11:06:28.252995
 --------------------------
iteration: 140 | nc: 2 | ncalls: 435 | eff(%): 29.1 | logz: -3.1e+05 +/- 3.8e-01 | dlogz: 2.9e+05 >  0.500
 loglike: -3.1e+05 | params: [-1.05118998 -2.3863648   2.15117705  1.86347597]
 Average call time: 3.66 sec | Current time: 2018-01-25 11:06:35.637318
 --------------------------
iteration: 141 | nc: 1 | ncalls: 436 | eff(%): 29.2 | logz: -3.0e+05 +/- 3.8e-01 | dlogz: 2.9e+05 >  0.500
 loglike: -3.0e+05 | params: [ 0.05995162 -1.95481479  1.82939277  7.41497742]
 Average call time: 3.66 sec | Current time: 2018-01-25 11:06:39.348533
 --------------------------
iteration: 142 | nc: 2 | ncalls: 438 | eff(%): 29.3 | logz: -3.0e+05 +/- 3.8e-01 | dlogz: 2.9e+05 >  0.500
 loglike: -3.0e+05 | params: [-1.0251474  -2.40351997  1.83295687  6.2350789 ]
 Average call time: 3.66 sec | Current time: 2018-01-25 11:06:46.746407
 --------------------------
iteration: 143 | nc: 3 | ncalls: 441 | eff(%): 29.3 | logz: -3.0e+05 +/- 3.8e-01 | dlogz: 2.8e+05 >  0.500
 loglike: -3.0e+05 | params: [-0.92824465 -0.52650557  2.29540255  5.59387531]
 Average call time: 3.66 sec | Current time: 2018-01-25 11:06:57.860010
 --------------------------
iteration: 144 | nc: 1 | ncalls: 442 | eff(%): 29.5 | logz: -2.9e+05 +/- 3.8e-01 | dlogz: 2.8e+05 >  0.500
 loglike: -2.9e+05 | params: [-1.10692695 -1.60063857  1.8803412   8.43150927]
 Average call time: 3.66 sec | Current time: 2018-01-25 11:07:01.595423
 --------------------------
iteration: 145 | nc: 7 | ncalls: 449 | eff(%): 29.3 | logz: -2.9e+05 +/- 3.9e-01 | dlogz: 2.8e+05 >  0.500
 loglike: -2.9e+05 | params: [-1.19426541 -1.51430947  1.83495207  6.97045371]
 Average call time: 3.66 sec | Current time: 2018-01-25 11:07:27.499576
 --------------------------
iteration: 146 | nc: 5 | ncalls: 454 | eff(%): 29.2 | logz: -2.8e+05 +/- 3.9e-01 | dlogz: 2.7e+05 >  0.500
 loglike: -2.8e+05 | params: [-0.2433139  -1.65215255  2.28761721  3.23200977]
 Average call time: 3.66 sec | Current time: 2018-01-25 11:07:46.073441
 --------------------------
iteration: 147 | nc: 2 | ncalls: 456 | eff(%): 29.2 | logz: -2.8e+05 +/- 3.9e-01 | dlogz: 2.7e+05 >  0.500
 loglike: -2.8e+05 | params: [ 0.07851623 -2.30297697  2.32699675  4.0453546 ]
 Average call time: 3.66 sec | Current time: 2018-01-25 11:07:53.414160
 --------------------------
iteration: 148 | nc: 6 | ncalls: 462 | eff(%): 29.1 | logz: -2.7e+05 +/- 3.9e-01 | dlogz: 2.6e+05 >  0.500
 loglike: -2.7e+05 | params: [-1.4697329  -0.95138642  1.83118427  5.99449255]
 Average call time: 3.66 sec | Current time: 2018-01-25 11:08:15.564922
 --------------------------
iteration: 149 | nc: 2 | ncalls: 464 | eff(%): 29.2 | logz: -2.7e+05 +/- 3.9e-01 | dlogz: 2.6e+05 >  0.500
 loglike: -2.7e+05 | params: [-0.60277498 -1.43364395  1.77241464  7.0022818 ]
 Average call time: 3.66 sec | Current time: 2018-01-25 11:08:22.987521
 --------------------------
iteration: 150 | nc: 5 | ncalls: 469 | eff(%): 29.1 | logz: -2.7e+05 +/- 3.9e-01 | dlogz: 2.6e+05 >  0.500
 loglike: -2.7e+05 | params: [-0.71566317 -1.8317485   1.7836198   6.91108815]
 Average call time: 3.66 sec | Current time: 2018-01-25 11:08:41.527730
 --------------------------
iteration: 151 | nc: 3 | ncalls: 472 | eff(%): 29.1 | logz: -2.6e+05 +/- 3.9e-01 | dlogz: 2.5e+05 >  0.500
 loglike: -2.6e+05 | params: [ 0.10019773 -1.6667936   1.90321976  6.26640545]
 Average call time: 3.66 sec | Current time: 2018-01-25 11:08:52.684334
 --------------------------
iteration: 152 | nc: 5 | ncalls: 477 | eff(%): 29.0 | logz: -2.6e+05 +/- 3.9e-01 | dlogz: 2.5e+05 >  0.500
 loglike: -2.6e+05 | params: [ 0.43589983 -2.43241952  2.29414456  4.25846773]
 Average call time: 3.66 sec | Current time: 2018-01-25 11:09:11.253524
 --------------------------
iteration: 153 | nc: 4 | ncalls: 481 | eff(%): 29.0 | logz: -2.6e+05 +/- 3.9e-01 | dlogz: 2.4e+05 >  0.500
 loglike: -2.6e+05 | params: [-0.66896354 -2.03556901  1.88634561  1.25900151]
 Average call time: 3.66 sec | Current time: 2018-01-25 11:09:26.219021
 --------------------------
iteration: 154 | nc: 16 | ncalls: 497 | eff(%): 28.3 | logz: -2.6e+05 +/- 3.9e-01 | dlogz: 2.5e+05 >  0.500
 loglike: -2.6e+05 | params: [-0.36971269 -1.371381    2.26941704  3.1389678 ]
 Average call time: 3.66 sec | Current time: 2018-01-25 11:10:25.778270
 --------------------------
iteration: 155 | nc: 7 | ncalls: 504 | eff(%): 28.2 | logz: -2.5e+05 +/- 3.9e-01 | dlogz: 2.4e+05 >  0.500
 loglike: -2.5e+05 | params: [-0.23714438 -1.06376607  2.09550436  3.44937754]
 Average call time: 3.66 sec | Current time: 2018-01-25 11:10:51.799069
 --------------------------
iteration: 156 | nc: 3 | ncalls: 507 | eff(%): 28.2 | logz: -2.5e+05 +/- 3.9e-01 | dlogz: 2.4e+05 >  0.500
 loglike: -2.5e+05 | params: [-0.55177478 -2.34906275  2.06443522  5.98426894]
 Average call time: 3.66 sec | Current time: 2018-01-25 11:11:02.959691
 --------------------------
iteration: 157 | nc: 5 | ncalls: 512 | eff(%): 28.1 | logz: -2.5e+05 +/- 3.9e-01 | dlogz: 2.4e+05 >  0.500
 loglike: -2.5e+05 | params: [-0.38972713 -2.0662193   2.26043611  1.94408346]
 Average call time: 3.66 sec | Current time: 2018-01-25 11:11:21.481142
 --------------------------
iteration: 158 | nc: 8 | ncalls: 520 | eff(%): 27.9 | logz: -2.4e+05 +/- 3.9e-01 | dlogz: 2.3e+05 >  0.500
 loglike: -2.4e+05 | params: [ 0.39266534 -1.77864879  1.98904904  7.09758693]
 Average call time: 3.66 sec | Current time: 2018-01-25 11:11:51.059561
 --------------------------
iteration: 159 | nc: 3 | ncalls: 523 | eff(%): 27.9 | logz: -2.4e+05 +/- 3.9e-01 | dlogz: 2.3e+05 >  0.500
 loglike: -2.4e+05 | params: [ 0.42942766 -1.77948298  2.33485563  5.10883592]
 Average call time: 3.67 sec | Current time: 2018-01-25 11:12:02.143481
 --------------------------
iteration: 160 | nc: 1 | ncalls: 524 | eff(%): 28.0 | logz: -2.3e+05 +/- 3.9e-01 | dlogz: 2.3e+05 >  0.500
 loglike: -2.3e+05 | params: [-0.1308586  -0.82003279  2.25069833  8.71382432]
 Average call time: 3.67 sec | Current time: 2018-01-25 11:12:05.880413
 --------------------------
iteration: 161 | nc: 10 | ncalls: 534 | eff(%): 27.7 | logz: -2.3e+05 +/- 3.9e-01 | dlogz: 2.2e+05 >  0.500
 loglike: -2.3e+05 | params: [-0.8663613  -1.50482804  1.82209467  7.93164702]
 Average call time: 3.67 sec | Current time: 2018-01-25 11:12:43.111812
 --------------------------
iteration: 162 | nc: 2 | ncalls: 536 | eff(%): 27.8 | logz: -2.2e+05 +/- 3.9e-01 | dlogz: 2.2e+05 >  0.500
 loglike: -2.2e+05 | params: [-0.8111713  -1.81066847  2.01953086  5.42070374]
 Average call time: 3.67 sec | Current time: 2018-01-25 11:12:50.479211
 --------------------------
iteration: 163 | nc: 6 | ncalls: 542 | eff(%): 27.7 | logz: -2.1e+05 +/- 3.9e-01 | dlogz: 2.1e+05 >  0.500
 loglike: -2.1e+05 | params: [-0.99233429 -2.4853661   1.91425447  5.41900332]
 Average call time: 3.67 sec | Current time: 2018-01-25 11:13:12.717486
 --------------------------
iteration: 164 | nc: 10 | ncalls: 552 | eff(%): 27.4 | logz: -2.0e+05 +/- 3.9e-01 | dlogz: 2.0e+05 >  0.500
 loglike: -2.0e+05 | params: [-0.25407568 -1.67407466  2.08918361  1.29282353]
 Average call time: 3.67 sec | Current time: 2018-01-25 11:13:49.656944
 --------------------------
iteration: 165 | nc: 2 | ncalls: 554 | eff(%): 27.5 | logz: -1.9e+05 +/- 4.0e-01 | dlogz: 1.9e+05 >  0.500
 loglike: -1.9e+05 | params: [-0.54367883 -1.07206182  2.07053715  2.34716234]
 Average call time: 3.67 sec | Current time: 2018-01-25 11:13:57.117680
 --------------------------
iteration: 166 | nc: 2 | ncalls: 556 | eff(%): 27.6 | logz: -1.9e+05 +/- 3.9e-01 | dlogz: 1.8e+05 >  0.500
 loglike: -1.9e+05 | params: [-0.36478828 -1.22888412  2.17106866  1.66616504]
 Average call time: 3.67 sec | Current time: 2018-01-25 11:14:04.530870
 --------------------------
iteration: 167 | nc: 1 | ncalls: 557 | eff(%): 27.7 | logz: -1.9e+05 +/- 4.0e-01 | dlogz: 1.8e+05 >  0.500
 loglike: -1.9e+05 | params: [ 0.42747735 -1.81071331  2.11858133  5.90269823]
 Average call time: 3.67 sec | Current time: 2018-01-25 11:14:08.252710
 --------------------------
iteration: 168 | nc: 1 | ncalls: 558 | eff(%): 27.8 | logz: -1.7e+05 +/- 4.0e-01 | dlogz: 1.8e+05 >  0.500
 loglike: -1.7e+05 | params: [-0.28204664 -1.1408109   2.22496177  3.78882249]
 Average call time: 3.67 sec | Current time: 2018-01-25 11:14:11.960246
 --------------------------
iteration: 169 | nc: 3 | ncalls: 561 | eff(%): 27.8 | logz: -1.7e+05 +/- 4.0e-01 | dlogz: 1.6e+05 >  0.500
 loglike: -1.7e+05 | params: [ 0.36962688 -1.8725918   2.0000933   7.20350642]
 Average call time: 3.67 sec | Current time: 2018-01-25 11:14:23.069281
 --------------------------
iteration: 170 | nc: 1 | ncalls: 562 | eff(%): 27.9 | logz: -1.7e+05 +/- 4.0e-01 | dlogz: 1.6e+05 >  0.500
 loglike: -1.7e+05 | params: [ 0.44122106 -1.64803963  2.26488198  5.6755647 ]
 Average call time: 3.67 sec | Current time: 2018-01-25 11:14:26.777233
 --------------------------
iteration: 171 | nc: 2 | ncalls: 564 | eff(%): 28.0 | logz: -1.7e+05 +/- 4.0e-01 | dlogz: 1.6e+05 >  0.500
 loglike: -1.7e+05 | params: [-0.54599458 -2.26971087  1.83199005  7.36809024]
 Average call time: 3.67 sec | Current time: 2018-01-25 11:14:34.216900
 --------------------------
iteration: 172 | nc: 2 | ncalls: 566 | eff(%): 28.1 | logz: -1.7e+05 +/- 4.0e-01 | dlogz: 1.6e+05 >  0.500
 loglike: -1.7e+05 | params: [-0.90920721 -2.40942624  2.06998557  2.91276717]
 Average call time: 3.67 sec | Current time: 2018-01-25 11:14:41.657548
 --------------------------
iteration: 173 | nc: 3 | ncalls: 569 | eff(%): 28.1 | logz: -1.7e+05 +/- 4.0e-01 | dlogz: 1.6e+05 >  0.500
 loglike: -1.7e+05 | params: [-0.84708742 -1.79335156  1.86421428  4.27556497]
 Average call time: 3.67 sec | Current time: 2018-01-25 11:14:52.837915
 --------------------------
iteration: 174 | nc: 4 | ncalls: 573 | eff(%): 28.1 | logz: -1.6e+05 +/- 4.0e-01 | dlogz: 1.6e+05 >  0.500
 loglike: -1.6e+05 | params: [-0.61547949 -1.42685833  2.18510521  2.62803439]
 Average call time: 3.67 sec | Current time: 2018-01-25 11:15:07.704793
 --------------------------
iteration: 175 | nc: 9 | ncalls: 582 | eff(%): 27.8 | logz: -1.5e+05 +/- 4.0e-01 | dlogz: 1.5e+05 >  0.500
 loglike: -1.5e+05 | params: [-0.08280975 -2.06165208  2.19467169  5.13364849]
 Average call time: 3.67 sec | Current time: 2018-01-25 11:15:41.005087
 --------------------------
iteration: 176 | nc: 1 | ncalls: 583 | eff(%): 28.0 | logz: -1.5e+05 +/- 4.0e-01 | dlogz: 1.4e+05 >  0.500
 loglike: -1.5e+05 | params: [-0.26352054 -1.02304345  2.20293625  5.02400839]
 Average call time: 3.67 sec | Current time: 2018-01-25 11:15:44.737317
 --------------------------
iteration: 177 | nc: 2 | ncalls: 585 | eff(%): 28.0 | logz: -1.5e+05 +/- 4.0e-01 | dlogz: 1.4e+05 >  0.500
 loglike: -1.5e+05 | params: [-0.94824936 -1.866365    1.90593113  2.27470048]
 Average call time: 3.67 sec | Current time: 2018-01-25 11:15:52.099484
 --------------------------
iteration: 178 | nc: 7 | ncalls: 592 | eff(%): 27.9 | logz: -1.5e+05 +/- 4.0e-01 | dlogz: 1.4e+05 >  0.500
 loglike: -1.5e+05 | params: [-1.08890991 -2.21307252  1.91871724  2.27008066]
 Average call time: 3.67 sec | Current time: 2018-01-25 11:16:17.971756
 --------------------------
iteration: 179 | nc: 3 | ncalls: 595 | eff(%): 27.9 | logz: -1.4e+05 +/- 4.0e-01 | dlogz: 1.4e+05 >  0.500
 loglike: -1.4e+05 | params: [-0.97417916 -0.83112172  2.0964013   7.10094848]
 Average call time: 3.67 sec | Current time: 2018-01-25 11:16:29.062812
 --------------------------
iteration: 180 | nc: 5 | ncalls: 600 | eff(%): 27.8 | logz: -1.4e+05 +/- 4.0e-01 | dlogz: 1.3e+05 >  0.500
 loglike: -1.4e+05 | params: [ 0.42634826 -1.97858533  2.22939632  5.74184408]
 Average call time: 3.67 sec | Current time: 2018-01-25 11:16:47.649957
 --------------------------
iteration: 181 | nc: 8 | ncalls: 608 | eff(%): 27.7 | logz: -1.3e+05 +/- 4.0e-01 | dlogz: 1.3e+05 >  0.500
 loglike: -1.3e+05 | params: [ 0.06323569 -1.34824207  2.21834177  4.96420995]
 Average call time: 3.67 sec | Current time: 2018-01-25 11:17:17.225732
 --------------------------
iteration: 182 | nc: 7 | ncalls: 615 | eff(%): 27.5 | logz: -1.3e+05 +/- 4.0e-01 | dlogz: 1.2e+05 >  0.500
 loglike: -1.3e+05 | params: [-1.21485814 -2.43294414  1.96851163  2.57520639]
 Average call time: 3.67 sec | Current time: 2018-01-25 11:17:43.084181
 --------------------------
iteration: 183 | nc: 3 | ncalls: 618 | eff(%): 27.5 | logz: -1.3e+05 +/- 4.0e-01 | dlogz: 1.2e+05 >  0.500
 loglike: -1.3e+05 | params: [ 0.21325402 -2.32028567  2.00902656  5.663249  ]
 Average call time: 3.67 sec | Current time: 2018-01-25 11:17:54.209769
 --------------------------
iteration: 184 | nc: 18 | ncalls: 636 | eff(%): 27.0 | logz: -1.3e+05 +/- 4.0e-01 | dlogz: 1.2e+05 >  0.500
 loglike: -1.3e+05 | params: [ 0.2468176  -0.92037159  2.20445237  8.53157498]
 Average call time: 3.67 sec | Current time: 2018-01-25 11:19:00.891605
 --------------------------
iteration: 185 | nc: 3 | ncalls: 639 | eff(%): 27.0 | logz: -1.3e+05 +/- 4.1e-01 | dlogz: 1.2e+05 >  0.500
 loglike: -1.3e+05 | params: [ 0.3662802  -1.19724371  2.19160773  7.30984114]
 Average call time: 3.67 sec | Current time: 2018-01-25 11:19:11.980497
 --------------------------
iteration: 186 | nc: 7 | ncalls: 646 | eff(%): 26.9 | logz: -1.2e+05 +/- 4.1e-01 | dlogz: 1.1e+05 >  0.500
 loglike: -1.2e+05 | params: [-1.36552547 -0.96547488  1.92868848  2.96996734]
 Average call time: 3.67 sec | Current time: 2018-01-25 11:19:37.966908
 --------------------------
iteration: 187 | nc: 2 | ncalls: 648 | eff(%): 26.9 | logz: -1.2e+05 +/- 4.1e-01 | dlogz: 1.1e+05 >  0.500
 loglike: -1.2e+05 | params: [-0.07706196 -1.80189743  2.12086498  3.32884357]
 Average call time: 3.67 sec | Current time: 2018-01-25 11:19:45.399276
 --------------------------
iteration: 188 | nc: 2 | ncalls: 650 | eff(%): 27.0 | logz: -1.2e+05 +/- 4.1e-01 | dlogz: 1.1e+05 >  0.500
 loglike: -1.2e+05 | params: [-1.21672216 -0.89383323  1.97629817  8.32236422]
 Average call time: 3.67 sec | Current time: 2018-01-25 11:19:52.815139
 --------------------------
iteration: 189 | nc: 1 | ncalls: 651 | eff(%): 27.1 | logz: -1.2e+05 +/- 4.1e-01 | dlogz: 1.1e+05 >  0.500
 loglike: -1.2e+05 | params: [-0.25729023 -2.38736083  2.03957981  7.10845094]
 Average call time: 3.67 sec | Current time: 2018-01-25 11:19:56.541793
 --------------------------
iteration: 190 | nc: 13 | ncalls: 664 | eff(%): 26.8 | logz: -1.1e+05 +/- 4.1e-01 | dlogz: 1.1e+05 >  0.500
 loglike: -1.1e+05 | params: [-0.35241493 -1.93662878  1.82341801  8.99440409]
 Average call time: 3.67 sec | Current time: 2018-01-25 11:20:44.632331
 --------------------------
iteration: 191 | nc: 1 | ncalls: 665 | eff(%): 26.9 | logz: -1.1e+05 +/- 4.1e-01 | dlogz: 1.0e+05 >  0.500
 loglike: -1.1e+05 | params: [ 0.37250902 -1.90676285  2.19949531  7.7164017 ]
 Average call time: 3.67 sec | Current time: 2018-01-25 11:20:48.407624
 --------------------------
iteration: 192 | nc: 1 | ncalls: 666 | eff(%): 27.0 | logz: -1.0e+05 +/- 4.1e-01 | dlogz: 9.8e+04 >  0.500
 loglike: -1.0e+05 | params: [-0.07616096 -1.76646063  1.99666828  4.47031102]
 Average call time: 3.67 sec | Current time: 2018-01-25 11:20:52.143763
 --------------------------
iteration: 193 | nc: 5 | ncalls: 671 | eff(%): 26.9 | logz: -1.0e+05 +/- 4.1e-01 | dlogz: 9.4e+04 >  0.500
 loglike: -1.0e+05 | params: [ 0.24569777 -2.07541975  2.08573273  5.36298339]
 Average call time: 3.67 sec | Current time: 2018-01-25 11:21:10.677677
 --------------------------
iteration: 194 | nc: 14 | ncalls: 685 | eff(%): 26.5 | logz: -1.0e+05 +/- 4.1e-01 | dlogz: 9.2e+04 >  0.500
 loglike: -1.0e+05 | params: [-0.95071424 -2.06514598  2.0343959   2.71578751]
 Average call time: 3.68 sec | Current time: 2018-01-25 11:22:02.801513
 --------------------------
iteration: 195 | nc: 22 | ncalls: 707 | eff(%): 25.9 | logz: -1.0e+05 +/- 4.1e-01 | dlogz: 9.2e+04 >  0.500
 loglike: -1.0e+05 | params: [ 0.04648749 -0.99320736  2.05710846  7.48331794]
 Average call time: 3.68 sec | Current time: 2018-01-25 11:23:24.200444
 --------------------------
iteration: 196 | nc: 5 | ncalls: 712 | eff(%): 25.9 | logz: -9.8e+04 +/- 4.1e-01 | dlogz: 9.0e+04 >  0.500
 loglike: -9.8e+04 | params: [-0.03293968 -1.80390533  2.10427949  7.29451558]
 Average call time: 3.68 sec | Current time: 2018-01-25 11:23:42.660028
 --------------------------
iteration: 197 | nc: 4 | ncalls: 716 | eff(%): 25.8 | logz: -9.3e+04 +/- 4.1e-01 | dlogz: 8.8e+04 >  0.500
 loglike: -9.3e+04 | params: [ 0.29207967 -2.29388803  2.13291184  5.43730561]
 Average call time: 3.68 sec | Current time: 2018-01-25 11:23:57.474829
 --------------------------
iteration: 198 | nc: 3 | ncalls: 719 | eff(%): 25.9 | logz: -9.2e+04 +/- 4.1e-01 | dlogz: 8.3e+04 >  0.500
 loglike: -9.2e+04 | params: [-0.64374283 -1.71275254  1.91192989  6.79050226]
 Average call time: 3.68 sec | Current time: 2018-01-25 11:24:08.661188
 --------------------------
iteration: 199 | nc: 6 | ncalls: 725 | eff(%): 25.8 | logz: -9.2e+04 +/- 4.1e-01 | dlogz: 8.2e+04 >  0.500
 loglike: -9.2e+04 | params: [ 0.4429186  -2.22691089  2.12059203  6.69632717]
 Average call time: 3.68 sec | Current time: 2018-01-25 11:24:30.921621
 --------------------------
iteration: 200 | nc: 3 | ncalls: 728 | eff(%): 25.8 | logz: -9.1e+04 +/- 4.1e-01 | dlogz: 8.2e+04 >  0.500
 loglike: -9.1e+04 | params: [-0.49718093 -0.86094002  2.09408188  8.66071855]
 Average call time: 3.68 sec | Current time: 2018-01-25 11:24:42.016528
 --------------------------
iteration: 201 | nc: 5 | ncalls: 733 | eff(%): 25.8 | logz: -8.9e+04 +/- 4.1e-01 | dlogz: 8.1e+04 >  0.500
 loglike: -8.9e+04 | params: [ 0.35892497 -1.16909681  2.13296355  8.66914106]
 Average call time: 3.68 sec | Current time: 2018-01-25 11:25:00.462905
 --------------------------
iteration: 202 | nc: 9 | ncalls: 742 | eff(%): 25.6 | logz: -8.9e+04 +/- 4.1e-01 | dlogz: 7.9e+04 >  0.500
 loglike: -8.9e+04 | params: [-0.91034131 -1.94109399  2.01066303  3.21250118]
 Average call time: 3.68 sec | Current time: 2018-01-25 11:25:33.949660
 --------------------------
iteration: 203 | nc: 1 | ncalls: 743 | eff(%): 25.7 | logz: -8.8e+04 +/- 4.1e-01 | dlogz: 7.8e+04 >  0.500
 loglike: -8.8e+04 | params: [-0.47584528 -1.95552416  1.88843925  8.12532198]
 Average call time: 3.68 sec | Current time: 2018-01-25 11:25:37.654768
 --------------------------
iteration: 204 | nc: 9 | ncalls: 752 | eff(%): 25.6 | logz: -8.5e+04 +/- 4.1e-01 | dlogz: 7.7e+04 >  0.500
 loglike: -8.5e+04 | params: [-0.13307413 -1.07459595  2.11075226  5.48956949]
 Average call time: 3.68 sec | Current time: 2018-01-25 11:26:10.942326
 --------------------------
iteration: 205 | nc: 11 | ncalls: 763 | eff(%): 25.3 | logz: -8.2e+04 +/- 4.1e-01 | dlogz: 7.4e+04 >  0.500
 loglike: -8.2e+04 | params: [-1.49415846 -0.81249271  1.97972925  7.05603982]
 Average call time: 3.68 sec | Current time: 2018-01-25 11:26:51.708082
 --------------------------
iteration: 206 | nc: 3 | ncalls: 766 | eff(%): 25.4 | logz: -8.0e+04 +/- 4.2e-01 | dlogz: 7.2e+04 >  0.500
 loglike: -8.0e+04 | params: [-0.72382166 -1.0598629   2.06330042  5.5501575 ]
 Average call time: 3.68 sec | Current time: 2018-01-25 11:27:02.783102
 --------------------------
iteration: 207 | nc: 3 | ncalls: 769 | eff(%): 25.4 | logz: -7.9e+04 +/- 4.2e-01 | dlogz: 7.0e+04 >  0.500
 loglike: -7.9e+04 | params: [-0.72269474 -1.37021219  1.91437011  6.89230053]
 Average call time: 3.68 sec | Current time: 2018-01-25 11:27:13.867428
 --------------------------
iteration: 208 | nc: 1 | ncalls: 770 | eff(%): 25.5 | logz: -7.6e+04 +/- 4.2e-01 | dlogz: 6.9e+04 >  0.500
 loglike: -7.6e+04 | params: [-0.81468728 -1.00553083  2.12803017  2.75574627]
 Average call time: 3.68 sec | Current time: 2018-01-25 11:27:17.554051
 --------------------------
iteration: 209 | nc: 5 | ncalls: 775 | eff(%): 25.5 | logz: -7.2e+04 +/- 4.2e-01 | dlogz: 6.6e+04 >  0.500
 loglike: -7.2e+04 | params: [-1.4179661  -0.9647917   1.94503007  4.72247586]
 Average call time: 3.68 sec | Current time: 2018-01-25 11:27:36.052799
 --------------------------
iteration: 210 | nc: 2 | ncalls: 777 | eff(%): 25.5 | logz: -7.2e+04 +/- 4.2e-01 | dlogz: 6.2e+04 >  0.500
 loglike: -7.2e+04 | params: [-0.23960756 -2.14332948  2.09898635  4.74828157]
 Average call time: 3.68 sec | Current time: 2018-01-25 11:27:43.491017
 --------------------------
iteration: 211 | nc: 2 | ncalls: 779 | eff(%): 25.6 | logz: -7.1e+04 +/- 4.2e-01 | dlogz: 6.1e+04 >  0.500
 loglike: -7.1e+04 | params: [-0.18422364 -2.25154965  2.11947556  3.30762182]
 Average call time: 3.68 sec | Current time: 2018-01-25 11:27:50.918741
 --------------------------
iteration: 212 | nc: 1 | ncalls: 780 | eff(%): 25.7 | logz: -7.1e+04 +/- 4.2e-01 | dlogz: 6.1e+04 >  0.500
 loglike: -7.1e+04 | params: [-0.43576792 -2.03943301  1.9184989   7.77254414]
 Average call time: 3.68 sec | Current time: 2018-01-25 11:27:54.654312
 --------------------------
iteration: 213 | nc: 6 | ncalls: 786 | eff(%): 25.6 | logz: -7.0e+04 +/- 4.2e-01 | dlogz: 6.0e+04 >  0.500
 loglike: -7.0e+04 | params: [-1.45463905 -0.78989063  1.91901161  7.07026756]
 Average call time: 3.68 sec | Current time: 2018-01-25 11:28:16.946052
 --------------------------
iteration: 214 | nc: 34 | ncalls: 820 | eff(%): 24.7 | logz: -6.8e+04 +/- 4.2e-01 | dlogz: 5.9e+04 >  0.500
 loglike: -6.8e+04 | params: [-0.6569088  -2.30176461  2.10121647  1.32864618]
 Average call time: 3.68 sec | Current time: 2018-01-25 11:30:23.451278
 --------------------------
iteration: 215 | nc: 12 | ncalls: 832 | eff(%): 24.5 | logz: -6.8e+04 +/- 4.2e-01 | dlogz: 5.7e+04 >  0.500
 loglike: -6.8e+04 | params: [ 0.35724467 -1.44085983  2.13658479  8.44468502]
 Average call time: 3.68 sec | Current time: 2018-01-25 11:31:08.173897
 --------------------------
iteration: 216 | nc: 3 | ncalls: 835 | eff(%): 24.5 | logz: -6.7e+04 +/- 4.2e-01 | dlogz: 5.7e+04 >  0.500
 loglike: -6.7e+04 | params: [-0.47883756 -1.05570584  1.93028553  5.49005937]
 Average call time: 3.68 sec | Current time: 2018-01-25 11:31:19.320956
 --------------------------
iteration: 217 | nc: 17 | ncalls: 852 | eff(%): 24.2 | logz: -6.7e+04 +/- 4.2e-01 | dlogz: 5.7e+04 >  0.500
 loglike: -6.7e+04 | params: [-0.23364632 -2.37073379  1.99958061  7.22293947]
 Average call time: 3.68 sec | Current time: 2018-01-25 11:32:22.578239
 --------------------------
iteration: 218 | nc: 1 | ncalls: 853 | eff(%): 24.3 | logz: -6.5e+04 +/- 4.2e-01 | dlogz: 5.7e+04 >  0.500
 loglike: -6.5e+04 | params: [ 0.31367849 -1.81853167  2.05752498  7.01805223]
 Average call time: 3.68 sec | Current time: 2018-01-25 11:32:26.308099
 --------------------------
iteration: 219 | nc: 17 | ncalls: 870 | eff(%): 23.9 | logz: -6.1e+04 +/- 4.2e-01 | dlogz: 5.5e+04 >  0.500
 loglike: -6.1e+04 | params: [-0.02792091 -1.83533577  2.07992745  6.9887182 ]
 Average call time: 3.68 sec | Current time: 2018-01-25 11:33:29.529406
 --------------------------
iteration: 220 | nc: 49 | ncalls: 919 | eff(%): 22.8 | logz: -6.0e+04 +/- 4.2e-01 | dlogz: 5.0e+04 >  0.500
 loglike: -6.0e+04 | params: [-0.71862189 -0.98916316  1.96871402  8.86397529]
 Average call time: 3.68 sec | Current time: 2018-01-25 11:36:31.363309
 --------------------------
iteration: 221 | nc: 6 | ncalls: 925 | eff(%): 22.8 | logz: -5.9e+04 +/- 4.2e-01 | dlogz: 4.9e+04 >  0.500
 loglike: -5.9e+04 | params: [ 0.14970249 -1.75327542  2.08933898  5.62411087]
 Average call time: 3.68 sec | Current time: 2018-01-25 11:36:53.594693
 --------------------------
iteration: 222 | nc: 6 | ncalls: 931 | eff(%): 22.7 | logz: -5.8e+04 +/- 4.2e-01 | dlogz: 4.9e+04 >  0.500
 loglike: -5.8e+04 | params: [-0.23256483 -1.18072221  1.90202622  7.27232325]
 Average call time: 3.68 sec | Current time: 2018-01-25 11:37:15.979544
 --------------------------
iteration: 223 | nc: 3 | ncalls: 934 | eff(%): 22.8 | logz: -5.8e+04 +/- 4.2e-01 | dlogz: 4.7e+04 >  0.500
 loglike: -5.8e+04 | params: [-0.54734859 -1.7487344   2.04720607  4.24539929]
 Average call time: 3.69 sec | Current time: 2018-01-25 11:37:27.149085
 --------------------------
iteration: 224 | nc: 1 | ncalls: 935 | eff(%): 22.8 | logz: -5.7e+04 +/- 4.2e-01 | dlogz: 4.7e+04 >  0.500
 loglike: -5.7e+04 | params: [-0.59378752 -1.34621876  1.88975199  5.57462572]
 Average call time: 3.69 sec | Current time: 2018-01-25 11:37:30.885312
 --------------------------
iteration: 225 | nc: 5 | ncalls: 940 | eff(%): 22.8 | logz: -5.7e+04 +/- 4.1e-01 | dlogz: 4.7e+04 >  0.500
 loglike: -5.7e+04 | params: [ 0.27595491 -2.24173656  2.1296603   7.1521921 ]
 Average call time: 3.69 sec | Current time: 2018-01-25 11:37:49.478544
 --------------------------
iteration: 226 | nc: 15 | ncalls: 955 | eff(%): 22.6 | logz: -5.7e+04 +/- 4.2e-01 | dlogz: 4.7e+04 >  0.500
 loglike: -5.7e+04 | params: [-0.83453448 -0.99522649  1.91093823  8.97696564]
 Average call time: 3.69 sec | Current time: 2018-01-25 11:38:45.098515
 --------------------------
iteration: 227 | nc: 48 | ncalls: 1003 | eff(%): 21.7 | logz: -5.6e+04 +/- 4.2e-01 | dlogz: 4.7e+04 >  0.500
 loglike: -5.6e+04 | params: [-0.73069172 -1.05478967  2.09192929  3.23217309]
 Average call time: 3.69 sec | Current time: 2018-01-25 11:41:43.426580
 --------------------------
iteration: 228 | nc: 18 | ncalls: 1021 | eff(%): 21.4 | logz: -5.5e+04 +/- 4.3e-01 | dlogz: 4.6e+04 >  0.500
 loglike: -5.5e+04 | params: [-1.10818025 -0.83690681  2.01354614  3.40288805]
 Average call time: 3.69 sec | Current time: 2018-01-25 11:42:50.192770
 --------------------------
iteration: 229 | nc: 8 | ncalls: 1029 | eff(%): 21.3 | logz: -5.4e+04 +/- 4.3e-01 | dlogz: 4.5e+04 >  0.500
 loglike: -5.4e+04 | params: [-0.45789594 -1.14644206  2.06130894  5.99980846]
 Average call time: 3.69 sec | Current time: 2018-01-25 11:43:19.904910
 --------------------------
iteration: 230 | nc: 10 | ncalls: 1039 | eff(%): 21.2 | logz: -5.3e+04 +/- 4.3e-01 | dlogz: 4.3e+04 >  0.500
 loglike: -5.3e+04 | params: [-0.91885691 -1.79726764  2.04825495  1.53246815]
 Average call time: 3.69 sec | Current time: 2018-01-25 11:43:57.162064
 --------------------------
iteration: 231 | nc: 3 | ncalls: 1042 | eff(%): 21.2 | logz: -5.3e+04 +/- 4.3e-01 | dlogz: 4.3e+04 >  0.500
 loglike: -5.3e+04 | params: [-1.21343228 -0.84162476  2.03624761  5.54751002]
 Average call time: 3.69 sec | Current time: 2018-01-25 11:44:08.343720
 --------------------------
iteration: 232 | nc: 2 | ncalls: 1044 | eff(%): 21.3 | logz: -5.2e+04 +/- 4.3e-01 | dlogz: 4.2e+04 >  0.500
 loglike: -5.2e+04 | params: [-0.35353665 -2.13015471  1.96012825  6.9675835 ]
 Average call time: 3.69 sec | Current time: 2018-01-25 11:44:15.767253
 --------------------------
iteration: 233 | nc: 3 | ncalls: 1047 | eff(%): 21.3 | logz: -5.1e+04 +/- 4.3e-01 | dlogz: 4.2e+04 >  0.500
 loglike: -5.1e+04 | params: [-0.83617497 -0.65217299  1.99945148  8.12143463]
 Average call time: 3.69 sec | Current time: 2018-01-25 11:44:26.868994
 --------------------------
iteration: 234 | nc: 9 | ncalls: 1056 | eff(%): 21.2 | logz: -5.0e+04 +/- 4.3e-01 | dlogz: 4.1e+04 >  0.500
 loglike: -5.0e+04 | params: [-0.63604638 -1.70808388  2.08117635  2.43052651]
 Average call time: 3.69 sec | Current time: 2018-01-25 11:45:00.423540
 --------------------------
iteration: 235 | nc: 10 | ncalls: 1066 | eff(%): 21.1 | logz: -5.0e+04 +/- 4.3e-01 | dlogz: 4.0e+04 >  0.500
 loglike: -5.0e+04 | params: [-0.60198376 -1.455583    2.05475265  1.72195256]
 Average call time: 3.69 sec | Current time: 2018-01-25 11:45:37.832955
 --------------------------
iteration: 236 | nc: 4 | ncalls: 1070 | eff(%): 21.2 | logz: -4.9e+04 +/- 4.3e-01 | dlogz: 4.0e+04 >  0.500
 loglike: -4.9e+04 | params: [-0.2579327  -1.80185871  2.02653597  6.13529482]
 Average call time: 3.69 sec | Current time: 2018-01-25 11:45:52.728815
 --------------------------
iteration: 237 | nc: 20 | ncalls: 1090 | eff(%): 20.9 | logz: -4.9e+04 +/- 4.3e-01 | dlogz: 3.9e+04 >  0.500
 loglike: -4.9e+04 | params: [-0.48545904 -1.83205219  2.00676318  2.46359726]
 Average call time: 3.69 sec | Current time: 2018-01-25 11:47:07.390533
 --------------------------
iteration: 238 | nc: 2 | ncalls: 1092 | eff(%): 20.9 | logz: -4.9e+04 +/- 4.3e-01 | dlogz: 3.8e+04 >  0.500
 loglike: -4.9e+04 | params: [-0.98848357 -1.21988985  2.08292374  2.1935138 ]
 Average call time: 3.69 sec | Current time: 2018-01-25 11:47:14.871940
 --------------------------
iteration: 239 | nc: 1 | ncalls: 1093 | eff(%): 21.0 | logz: -4.9e+04 +/- 4.3e-01 | dlogz: 3.8e+04 >  0.500
 loglike: -4.9e+04 | params: [-0.68759699 -1.96844069  2.06365101  2.26953364]
 Average call time: 3.69 sec | Current time: 2018-01-25 11:47:18.590439
 --------------------------
iteration: 240 | nc: 1 | ncalls: 1094 | eff(%): 21.1 | logz: -4.8e+04 +/- 4.3e-01 | dlogz: 3.8e+04 >  0.500
 loglike: -4.8e+04 | params: [-0.7343     -2.1293908   1.93744282  2.62533946]
 Average call time: 3.69 sec | Current time: 2018-01-25 11:47:22.338086
 --------------------------
iteration: 241 | nc: 4 | ncalls: 1098 | eff(%): 21.1 | logz: -4.7e+04 +/- 4.3e-01 | dlogz: 3.8e+04 >  0.500
 loglike: -4.7e+04 | params: [-0.96201307 -1.4775836   1.96302627  3.09025853]
 Average call time: 3.69 sec | Current time: 2018-01-25 11:47:37.324652
 --------------------------
iteration: 242 | nc: 1 | ncalls: 1099 | eff(%): 21.1 | logz: -4.6e+04 +/- 4.3e-01 | dlogz: 3.6e+04 >  0.500
 loglike: -4.6e+04 | params: [-0.60731885 -1.04134007  2.07515522  4.70340681]
 Average call time: 3.69 sec | Current time: 2018-01-25 11:47:41.045617
 --------------------------
iteration: 243 | nc: 18 | ncalls: 1117 | eff(%): 20.9 | logz: -4.5e+04 +/- 4.3e-01 | dlogz: 3.5e+04 >  0.500
 loglike: -4.5e+04 | params: [-0.47211103 -1.98504141  1.92490487  3.94385918]
 Average call time: 3.69 sec | Current time: 2018-01-25 11:48:48.132463
 --------------------------
iteration: 244 | nc: 1 | ncalls: 1118 | eff(%): 21.0 | logz: -4.5e+04 +/- 4.3e-01 | dlogz: 3.5e+04 >  0.500
 loglike: -4.5e+04 | params: [-1.10233863 -0.95973129  1.98819765  2.89640218]
 Average call time: 3.69 sec | Current time: 2018-01-25 11:48:51.834277
 --------------------------
iteration: 245 | nc: 19 | ncalls: 1137 | eff(%): 20.7 | logz: -4.5e+04 +/- 4.3e-01 | dlogz: 3.4e+04 >  0.500
 loglike: -4.5e+04 | params: [-0.72177831 -1.15940483  1.92685144  7.11243861]
 Average call time: 3.69 sec | Current time: 2018-01-25 11:50:02.192659
 --------------------------
iteration: 246 | nc: 6 | ncalls: 1143 | eff(%): 20.7 | logz: -4.4e+04 +/- 4.3e-01 | dlogz: 3.4e+04 >  0.500
 loglike: -4.4e+04 | params: [-0.46151995 -1.08216294  2.02590851  7.26019272]
 Average call time: 3.69 sec | Current time: 2018-01-25 11:50:24.448701
 --------------------------
iteration: 247 | nc: 35 | ncalls: 1178 | eff(%): 20.2 | logz: -4.4e+04 +/- 4.1e-01 | dlogz: 3.4e+04 >  0.500
 loglike: -4.4e+04 | params: [-0.33281439 -1.55397028  1.87229052  8.91338109]
 Average call time: 3.69 sec | Current time: 2018-01-25 11:52:33.953420
 --------------------------
iteration: 248 | nc: 8 | ncalls: 1186 | eff(%): 20.1 | logz: -4.3e+04 +/- 4.3e-01 | dlogz: 3.4e+04 >  0.500
 loglike: -4.3e+04 | params: [-0.79650636 -1.23973377  2.07348088  2.7025595 ]
 Average call time: 3.69 sec | Current time: 2018-01-25 11:53:03.579893
 --------------------------
iteration: 249 | nc: 4 | ncalls: 1190 | eff(%): 20.2 | logz: -4.3e+04 +/- 4.4e-01 | dlogz: 3.2e+04 >  0.500
 loglike: -4.3e+04 | params: [-0.25176437 -2.39205224  2.03300641  5.42698969]
 Average call time: 3.69 sec | Current time: 2018-01-25 11:53:18.383471
 --------------------------
iteration: 250 | nc: 13 | ncalls: 1203 | eff(%): 20.0 | logz: -4.1e+04 +/- 4.4e-01 | dlogz: 3.2e+04 >  0.500
 loglike: -4.1e+04 | params: [-0.77445289 -0.91345677  1.97702975  8.37188486]
 Average call time: 3.69 sec | Current time: 2018-01-25 11:54:06.616393
 --------------------------
iteration: 251 | nc: 21 | ncalls: 1224 | eff(%): 19.8 | logz: -4.0e+04 +/- 4.4e-01 | dlogz: 3.0e+04 >  0.500
 loglike: -4.0e+04 | params: [-0.4075178  -1.10023935  2.00890208  7.90114802]
 Average call time: 3.69 sec | Current time: 2018-01-25 11:55:24.651126
 --------------------------
iteration: 252 | nc: 7 | ncalls: 1231 | eff(%): 19.8 | logz: -3.9e+04 +/- 4.4e-01 | dlogz: 3.0e+04 >  0.500
 loglike: -3.9e+04 | params: [-0.21627241 -1.32438214  2.05655876  5.85139602]
 Average call time: 3.69 sec | Current time: 2018-01-25 11:55:50.849750
 --------------------------
iteration: 253 | nc: 5 | ncalls: 1236 | eff(%): 19.8 | logz: -3.9e+04 +/- 4.4e-01 | dlogz: 2.9e+04 >  0.500
 loglike: -3.9e+04 | params: [ 0.08777948 -1.94717865  1.9292269   8.14310799]
 Average call time: 3.69 sec | Current time: 2018-01-25 11:56:09.518792
 --------------------------
iteration: 254 | nc: 50 | ncalls: 1286 | eff(%): 19.1 | logz: -3.9e+04 +/- 4.4e-01 | dlogz: 2.9e+04 >  0.500
 loglike: -3.9e+04 | params: [-0.24921297 -2.02069293  1.89792379  5.86326666]
 Average call time: 3.69 sec | Current time: 2018-01-25 11:59:16.460705
 --------------------------
iteration: 255 | nc: 10 | ncalls: 1296 | eff(%): 19.0 | logz: -3.9e+04 +/- 4.4e-01 | dlogz: 2.8e+04 >  0.500
 loglike: -3.9e+04 | params: [-1.31637614 -0.8385351   2.05564237  2.5935104 ]
 Average call time: 3.69 sec | Current time: 2018-01-25 11:59:53.911985
 --------------------------
iteration: 256 | nc: 5 | ncalls: 1301 | eff(%): 19.0 | logz: -3.8e+04 +/- 4.4e-01 | dlogz: 2.8e+04 >  0.500
 loglike: -3.8e+04 | params: [-0.57278484 -1.10565942  1.97796176  7.55727486]
 Average call time: 3.70 sec | Current time: 2018-01-25 12:00:12.541645
 --------------------------
iteration: 257 | nc: 5 | ncalls: 1306 | eff(%): 19.0 | logz: -3.8e+04 +/- 4.4e-01 | dlogz: 2.8e+04 >  0.500
 loglike: -3.8e+04 | params: [-1.22651307 -1.05098677  2.04875643  2.86802958]
 Average call time: 3.70 sec | Current time: 2018-01-25 12:00:31.107608
 --------------------------
iteration: 258 | nc: 22 | ncalls: 1328 | eff(%): 18.8 | logz: -3.8e+04 +/- 4.4e-01 | dlogz: 2.8e+04 >  0.500
 loglike: -3.8e+04 | params: [-0.37820974 -1.09621969  2.04857666  6.06391556]
 Average call time: 3.70 sec | Current time: 2018-01-25 12:01:52.976242
 --------------------------
iteration: 259 | nc: 2 | ncalls: 1330 | eff(%): 18.8 | logz: -3.8e+04 +/- 4.4e-01 | dlogz: 2.8e+04 >  0.500
 loglike: -3.8e+04 | params: [-0.20106579 -1.4740572   1.88671544  7.87586385]
 Average call time: 3.70 sec | Current time: 2018-01-25 12:02:00.415664
 --------------------------
iteration: 260 | nc: 15 | ncalls: 1345 | eff(%): 18.7 | logz: -3.7e+04 +/- 4.4e-01 | dlogz: 2.7e+04 >  0.500
 loglike: -3.7e+04 | params: [-0.36855441 -0.9990094   2.03510784  6.32516677]
 Average call time: 3.70 sec | Current time: 2018-01-25 12:02:56.280392
 --------------------------
iteration: 261 | nc: 19 | ncalls: 1364 | eff(%): 18.5 | logz: -3.7e+04 +/- 4.4e-01 | dlogz: 2.7e+04 >  0.500
 loglike: -3.7e+04 | params: [-0.90170706 -0.95363976  1.97903798  6.64240639]
 Average call time: 3.70 sec | Current time: 2018-01-25 12:04:06.870181
 --------------------------
iteration: 262 | nc: 7 | ncalls: 1371 | eff(%): 18.5 | logz: -3.7e+04 +/- 4.4e-01 | dlogz: 2.7e+04 >  0.500
 loglike: -3.7e+04 | params: [ 0.28101129 -1.5938682   2.072743    8.50511079]
 Average call time: 3.70 sec | Current time: 2018-01-25 12:04:32.899547
 --------------------------
iteration: 263 | nc: 20 | ncalls: 1391 | eff(%): 18.3 | logz: -3.7e+04 +/- 4.4e-01 | dlogz: 2.7e+04 >  0.500
 loglike: -3.7e+04 | params: [-0.76667949 -1.91222429  1.95930941  2.02545585]
 Average call time: 3.70 sec | Current time: 2018-01-25 12:05:46.987570
 --------------------------
iteration: 264 | nc: 4 | ncalls: 1395 | eff(%): 18.3 | logz: -3.7e+04 +/- 4.4e-01 | dlogz: 2.7e+04 >  0.500
 loglike: -3.7e+04 | params: [-0.06208379 -2.29361344  2.07725201  4.66397893]
 Average call time: 3.70 sec | Current time: 2018-01-25 12:06:01.733866
 --------------------------
iteration: 265 | nc: 6 | ncalls: 1401 | eff(%): 18.3 | logz: -3.7e+04 +/- 4.4e-01 | dlogz: 2.6e+04 >  0.500
 loglike: -3.7e+04 | params: [-0.89338035 -1.58822045  2.00688826  2.71530014]
 Average call time: 3.70 sec | Current time: 2018-01-25 12:06:23.890474
 --------------------------
iteration: 266 | nc: 14 | ncalls: 1415 | eff(%): 18.2 | logz: -3.6e+04 +/- 4.4e-01 | dlogz: 2.6e+04 >  0.500
 loglike: -3.6e+04 | params: [-0.47314273 -2.44074459  1.94209476  5.4999739 ]
 Average call time: 3.70 sec | Current time: 2018-01-25 12:07:15.875605
 --------------------------
iteration: 267 | nc: 12 | ncalls: 1427 | eff(%): 18.1 | logz: -3.5e+04 +/- 4.4e-01 | dlogz: 2.6e+04 >  0.500
 loglike: -3.5e+04 | params: [-0.04913294 -2.06041132  2.06707506  5.90802949]
 Average call time: 3.70 sec | Current time: 2018-01-25 12:08:00.433120
 --------------------------
iteration: 268 | nc: 2 | ncalls: 1429 | eff(%): 18.2 | logz: -3.5e+04 +/- 4.4e-01 | dlogz: 2.5e+04 >  0.500
 loglike: -3.5e+04 | params: [-0.54868898 -2.20034051  2.04432328  1.33950527]
 Average call time: 3.70 sec | Current time: 2018-01-25 12:08:07.831119
 --------------------------
iteration: 269 | nc: 34 | ncalls: 1463 | eff(%): 17.8 | logz: -3.4e+04 +/- 4.4e-01 | dlogz: 2.4e+04 >  0.500
 loglike: -3.4e+04 | params: [-0.30812679 -2.47346491  1.89666591  6.846348  ]
 Average call time: 3.70 sec | Current time: 2018-01-25 12:10:14.167710
 --------------------------
iteration: 270 | nc: 69 | ncalls: 1532 | eff(%): 17.1 | logz: -3.4e+04 +/- 4.4e-01 | dlogz: 2.4e+04 >  0.500
 loglike: -3.4e+04 | params: [-0.57936958 -1.66972034  2.01762607  2.2410833 ]
 Average call time: 3.70 sec | Current time: 2018-01-25 12:14:31.037925
 --------------------------
iteration: 271 | nc: 47 | ncalls: 1579 | eff(%): 16.7 | logz: -3.4e+04 +/- 4.4e-01 | dlogz: 2.4e+04 >  0.500
 loglike: -3.4e+04 | params: [-0.42052512 -1.42175553  1.93742311  4.64818485]
 Average call time: 3.70 sec | Current time: 2018-01-25 12:17:25.990241
 --------------------------
iteration: 272 | nc: 4 | ncalls: 1583 | eff(%): 16.7 | logz: -3.4e+04 +/- 4.5e-01 | dlogz: 2.3e+04 >  0.500
 loglike: -3.4e+04 | params: [ 0.20885443 -2.46761465  1.97399186  7.70551369]
 Average call time: 3.70 sec | Current time: 2018-01-25 12:17:40.791848
 --------------------------
iteration: 273 | nc: 29 | ncalls: 1612 | eff(%): 16.5 | logz: -3.3e+04 +/- 4.5e-01 | dlogz: 2.3e+04 >  0.500
 loglike: -3.3e+04 | params: [-0.30518297 -1.98046474  2.05961553  4.04563588]
 Average call time: 3.70 sec | Current time: 2018-01-25 12:19:28.426487
 --------------------------
iteration: 274 | nc: 3 | ncalls: 1615 | eff(%): 16.5 | logz: -3.3e+04 +/- 4.5e-01 | dlogz: 2.3e+04 >  0.500
 loglike: -3.3e+04 | params: [-0.36266175 -2.27754296  2.06008364  3.44381675]
 Average call time: 3.70 sec | Current time: 2018-01-25 12:19:39.665154
 --------------------------
iteration: 275 | nc: 1 | ncalls: 1616 | eff(%): 16.6 | logz: -3.3e+04 +/- 4.5e-01 | dlogz: 2.3e+04 >  0.500
 loglike: -3.3e+04 | params: [-1.02966745 -0.80107115  1.90987635  7.66452565]
 Average call time: 3.70 sec | Current time: 2018-01-25 12:19:43.404351
 --------------------------
iteration: 276 | nc: 101 | ncalls: 1717 | eff(%): 15.7 | logz: -3.3e+04 +/- 4.5e-01 | dlogz: 2.3e+04 >  0.500
 loglike: -3.3e+04 | params: [-0.0507215  -1.36300646  1.91578956  8.8062018 ]
 Average call time: 3.70 sec | Current time: 2018-01-25 12:25:59.650321
 --------------------------
iteration: 277 | nc: 23 | ncalls: 1740 | eff(%): 15.5 | logz: -3.2e+04 +/- 4.5e-01 | dlogz: 2.2e+04 >  0.500
 loglike: -3.2e+04 | params: [-0.27892423 -2.08883904  1.99330899  5.98885654]
 Average call time: 3.70 sec | Current time: 2018-01-25 12:27:25.091745
 --------------------------
iteration: 278 | nc: 2 | ncalls: 1742 | eff(%): 15.6 | logz: -3.2e+04 +/- 4.5e-01 | dlogz: 2.1e+04 >  0.500
 loglike: -3.2e+04 | params: [-0.2816463  -1.87605695  2.00125628  5.93822254]
 Average call time: 3.70 sec | Current time: 2018-01-25 12:27:32.467065
 --------------------------
iteration: 279 | nc: 7 | ncalls: 1749 | eff(%): 15.6 | logz: -3.1e+04 +/- 4.5e-01 | dlogz: 2.1e+04 >  0.500
 loglike: -3.1e+04 | params: [-0.74319207 -2.03504974  1.95714947  3.18353308]
 Average call time: 3.70 sec | Current time: 2018-01-25 12:27:58.492733
 --------------------------
iteration: 280 | nc: 6 | ncalls: 1755 | eff(%): 15.6 | logz: -3.0e+04 +/- 4.5e-01 | dlogz: 2.0e+04 >  0.500
 loglike: -3.0e+04 | params: [-0.1888523  -2.46818739  2.02485214  5.68405558]
 Average call time: 3.70 sec | Current time: 2018-01-25 12:28:20.772694
 --------------------------
iteration: 281 | nc: 9 | ncalls: 1764 | eff(%): 15.5 | logz: -3.0e+04 +/- 4.5e-01 | dlogz: 2.0e+04 >  0.500
 loglike: -3.0e+04 | params: [-0.67224564 -0.83442051  2.01153664  8.36160425]
 Average call time: 3.70 sec | Current time: 2018-01-25 12:28:54.220838
 --------------------------
iteration: 282 | nc: 16 | ncalls: 1780 | eff(%): 15.5 | logz: -2.9e+04 +/- 4.5e-01 | dlogz: 2.0e+04 >  0.500
 loglike: -2.9e+04 | params: [-1.1005887  -1.05280109  2.06495512  1.18712781]
 Average call time: 3.70 sec | Current time: 2018-01-25 12:29:53.742619
 --------------------------
iteration: 283 | nc: 12 | ncalls: 1792 | eff(%): 15.4 | logz: -2.9e+04 +/- 4.5e-01 | dlogz: 1.9e+04 >  0.500
 loglike: -2.9e+04 | params: [-0.88716347 -1.14514668  2.05457552  2.79475332]
 Average call time: 3.70 sec | Current time: 2018-01-25 12:30:38.370809
 --------------------------
iteration: 284 | nc: 24 | ncalls: 1816 | eff(%): 15.3 | logz: -2.8e+04 +/- 4.5e-01 | dlogz: 1.8e+04 >  0.500
 loglike: -2.8e+04 | params: [-0.01061225 -2.49537158  1.97754348  5.59217936]
 Average call time: 3.70 sec | Current time: 2018-01-25 12:32:07.626798
 --------------------------
iteration: 285 | nc: 45 | ncalls: 1861 | eff(%): 15.0 | logz: -2.8e+04 +/- 4.5e-01 | dlogz: 1.8e+04 >  0.500
 loglike: -2.8e+04 | params: [-0.645513   -1.47331737  1.98161952  2.82113934]
 Average call time: 3.70 sec | Current time: 2018-01-25 12:34:54.489625
 --------------------------
iteration: 286 | nc: 8 | ncalls: 1869 | eff(%): 15.0 | logz: -2.8e+04 +/- 4.5e-01 | dlogz: 1.8e+04 >  0.500
 loglike: -2.8e+04 | params: [-0.70631666 -1.1697647   1.9963117   5.15828248]
 Average call time: 3.70 sec | Current time: 2018-01-25 12:35:24.319580
 --------------------------
iteration: 287 | nc: 47 | ncalls: 1916 | eff(%): 14.6 | logz: -2.8e+04 +/- 4.5e-01 | dlogz: 1.7e+04 >  0.500
 loglike: -2.8e+04 | params: [-0.36155935 -2.06297933  2.00461523  5.11842179]
 Average call time: 3.70 sec | Current time: 2018-01-25 12:38:19.019071
 --------------------------
iteration: 288 | nc: 11 | ncalls: 1927 | eff(%): 14.6 | logz: -2.7e+04 +/- 4.5e-01 | dlogz: 1.7e+04 >  0.500
 loglike: -2.7e+04 | params: [-0.18259719 -1.59536958  2.041116    5.40441273]
 Average call time: 3.70 sec | Current time: 2018-01-25 12:38:59.693212
 --------------------------
iteration: 289 | nc: 18 | ncalls: 1945 | eff(%): 14.5 | logz: -2.7e+04 +/- 4.5e-01 | dlogz: 1.7e+04 >  0.500
 loglike: -2.7e+04 | params: [-0.22366661 -1.32921817  2.01981696  5.48088739]
 Average call time: 3.70 sec | Current time: 2018-01-25 12:40:06.540911
 --------------------------
iteration: 290 | nc: 51 | ncalls: 1996 | eff(%): 14.2 | logz: -2.7e+04 +/- 4.5e-01 | dlogz: 1.7e+04 >  0.500
 loglike: -2.7e+04 | params: [-0.46745458 -1.10158587  1.89592203  7.89287692]
 Average call time: 3.70 sec | Current time: 2018-01-25 12:43:16.097679
 --------------------------
iteration: 291 | nc: 120 | ncalls: 2116 | eff(%): 13.5 | logz: -2.7e+04 +/- 4.5e-01 | dlogz: 1.7e+04 >  0.500
 loglike: -2.7e+04 | params: [ 0.08899405 -1.30725868  2.00242455  8.29014255]
 Average call time: 3.70 sec | Current time: 2018-01-25 12:50:41.114353
 --------------------------
iteration: 292 | nc: 43 | ncalls: 2159 | eff(%): 13.3 | logz: -2.6e+04 +/- 4.5e-01 | dlogz: 1.7e+04 >  0.500
 loglike: -2.6e+04 | params: [-0.84883373 -1.38729688  2.00393491  3.21601782]
 Average call time: 3.70 sec | Current time: 2018-01-25 12:53:20.984544
 --------------------------
iteration: 293 | nc: 3 | ncalls: 2162 | eff(%): 13.3 | logz: -2.6e+04 +/- 4.5e-01 | dlogz: 1.6e+04 >  0.500
 loglike: -2.6e+04 | params: [-0.99567783 -0.78765312  1.97412458  8.50314224]
 Average call time: 3.70 sec | Current time: 2018-01-25 12:53:32.126135
 --------------------------
iteration: 294 | nc: 12 | ncalls: 2174 | eff(%): 13.3 | logz: -2.6e+04 +/- 4.5e-01 | dlogz: 1.6e+04 >  0.500
 loglike: -2.6e+04 | params: [-0.6542067  -0.98301774  1.94216538  8.73587723]
 Average call time: 3.70 sec | Current time: 2018-01-25 12:54:16.474065
 --------------------------
iteration: 295 | nc: 20 | ncalls: 2194 | eff(%): 13.2 | logz: -2.5e+04 +/- 4.6e-01 | dlogz: 1.5e+04 >  0.500
 loglike: -2.5e+04 | params: [ 0.23076088 -2.01932093  2.01480605  7.77516624]
 Average call time: 3.70 sec | Current time: 2018-01-25 12:55:30.442968
 --------------------------
iteration: 296 | nc: 2 | ncalls: 2196 | eff(%): 13.2 | logz: -2.5e+04 +/- 4.6e-01 | dlogz: 1.5e+04 >  0.500
 loglike: -2.5e+04 | params: [-0.0258573  -1.26035345  2.01857377  7.2280796 ]
 Average call time: 3.70 sec | Current time: 2018-01-25 12:55:37.841671
 --------------------------
iteration: 297 | nc: 4 | ncalls: 2200 | eff(%): 13.2 | logz: -2.5e+04 +/- 4.6e-01 | dlogz: 1.5e+04 >  0.500
 loglike: -2.5e+04 | params: [-0.43869065 -2.25737789  2.03985216  3.49115779]
 Average call time: 3.70 sec | Current time: 2018-01-25 12:55:52.608318
 --------------------------
iteration: 298 | nc: 11 | ncalls: 2211 | eff(%): 13.2 | logz: -2.5e+04 +/- 4.6e-01 | dlogz: 1.5e+04 >  0.500
 loglike: -2.5e+04 | params: [-1.35893705 -0.91977009  2.05306736  2.89387736]
 Average call time: 3.70 sec | Current time: 2018-01-25 12:56:33.212455
 --------------------------
iteration: 299 | nc: 22 | ncalls: 2233 | eff(%): 13.1 | logz: -2.5e+04 +/- 4.6e-01 | dlogz: 1.5e+04 >  0.500
 loglike: -2.5e+04 | params: [-0.39958918 -1.50866153  1.91809355  7.18653704]
 Average call time: 3.70 sec | Current time: 2018-01-25 12:57:54.627237
 --------------------------
iteration: 300 | nc: 57 | ncalls: 2290 | eff(%): 12.9 | logz: -2.5e+04 +/- 4.6e-01 | dlogz: 1.5e+04 >  0.500
 loglike: -2.5e+04 | params: [-0.03898384 -1.19500579  1.96054952  8.63803832]
 Average call time: 3.70 sec | Current time: 2018-01-25 13:01:25.430947
 --------------------------
iteration: 301 | nc: 52 | ncalls: 2342 | eff(%): 12.6 | logz: -2.5e+04 +/- 4.6e-01 | dlogz: 1.5e+04 >  0.500
 loglike: -2.5e+04 | params: [-0.66644973 -1.68570529  1.98628554  3.84069585]
 Average call time: 3.70 sec | Current time: 2018-01-25 13:04:37.650566
 --------------------------
iteration: 302 | nc: 42 | ncalls: 2384 | eff(%): 12.4 | logz: -2.4e+04 +/- 4.6e-01 | dlogz: 1.4e+04 >  0.500
 loglike: -2.4e+04 | params: [-0.32292399 -1.00068395  1.94565881  8.08876243]
 Average call time: 3.70 sec | Current time: 2018-01-25 13:07:12.725366
 --------------------------
iteration: 303 | nc: 27 | ncalls: 2411 | eff(%): 12.4 | logz: -2.4e+04 +/- 4.6e-01 | dlogz: 1.4e+04 >  0.500
 loglike: -2.4e+04 | params: [-0.15851315 -1.22185873  1.99586184  8.34929245]
 Average call time: 3.70 sec | Current time: 2018-01-25 13:08:52.614210
 --------------------------
iteration: 304 | nc: 4 | ncalls: 2415 | eff(%): 12.4 | logz: -2.4e+04 +/- 4.6e-01 | dlogz: 1.4e+04 >  0.500
 loglike: -2.4e+04 | params: [-0.6730307  -1.72670361  2.0282875   2.50061221]
 Average call time: 3.70 sec | Current time: 2018-01-25 13:09:07.413410
 --------------------------
iteration: 305 | nc: 2 | ncalls: 2417 | eff(%): 12.4 | logz: -2.4e+04 +/- 4.6e-01 | dlogz: 1.4e+04 >  0.500
 loglike: -2.4e+04 | params: [ 0.16704379 -1.66062361  1.99132133  8.14650453]
 Average call time: 3.70 sec | Current time: 2018-01-25 13:09:14.823068
 --------------------------
iteration: 306 | nc: 65 | ncalls: 2482 | eff(%): 12.1 | logz: -2.4e+04 +/- 4.6e-01 | dlogz: 1.4e+04 >  0.500
 loglike: -2.4e+04 | params: [-0.77814873 -1.98757208  1.99682459  2.01563714]
 Average call time: 3.70 sec | Current time: 2018-01-25 13:13:15.732384
 --------------------------
iteration: 307 | nc: 20 | ncalls: 2502 | eff(%): 12.1 | logz: -2.4e+04 +/- 4.6e-01 | dlogz: 1.3e+04 >  0.500
 loglike: -2.4e+04 | params: [-0.452147   -1.02311448  1.98396116  8.30945642]
 Average call time: 3.70 sec | Current time: 2018-01-25 13:14:29.800546
 --------------------------
iteration: 308 | nc: 52 | ncalls: 2554 | eff(%): 11.9 | logz: -2.3e+04 +/- 4.6e-01 | dlogz: 1.3e+04 >  0.500
 loglike: -2.3e+04 | params: [-0.00808342 -2.10001402  2.01295551  7.32606818]
 Average call time: 3.70 sec | Current time: 2018-01-25 13:17:42.320222
 --------------------------
iteration: 309 | nc: 26 | ncalls: 2580 | eff(%): 11.8 | logz: -2.3e+04 +/- 4.6e-01 | dlogz: 1.3e+04 >  0.500
 loglike: -2.3e+04 | params: [-1.34850046 -0.81474836  2.03978981  3.34019094]
 Average call time: 3.70 sec | Current time: 2018-01-25 13:19:19.124960
 --------------------------
iteration: 310 | nc: 15 | ncalls: 2595 | eff(%): 11.8 | logz: -2.3e+04 +/- 4.6e-01 | dlogz: 1.3e+04 >  0.500
 loglike: -2.3e+04 | params: [-0.96714092 -0.84477729  1.95328014  7.81914165]
 Average call time: 3.70 sec | Current time: 2018-01-25 13:20:15.452956
 --------------------------
iteration: 311 | nc: 31 | ncalls: 2626 | eff(%): 11.7 | logz: -2.3e+04 +/- 4.6e-01 | dlogz: 1.3e+04 >  0.500
 loglike: -2.3e+04 | params: [-0.25448007 -1.53057076  2.01894989  5.42805977]
 Average call time: 3.70 sec | Current time: 2018-01-25 13:22:12.124412
 --------------------------
iteration: 312 | nc: 16 | ncalls: 2642 | eff(%): 11.6 | logz: -2.3e+04 +/- 4.6e-01 | dlogz: 1.3e+04 >  0.500
 loglike: -2.3e+04 | params: [-0.57263327 -2.07646248  1.98411573  4.05067744]
 Average call time: 3.70 sec | Current time: 2018-01-25 13:23:12.317906
 --------------------------
iteration: 313 | nc: 50 | ncalls: 2692 | eff(%): 11.5 | logz: -2.3e+04 +/- 4.6e-01 | dlogz: 1.3e+04 >  0.500
 loglike: -2.3e+04 | params: [-0.27653973 -1.02047991  1.95333065  8.58016411]
 Average call time: 3.71 sec | Current time: 2018-01-25 13:26:20.947989
 --------------------------
iteration: 314 | nc: 24 | ncalls: 2716 | eff(%): 11.4 | logz: -2.3e+04 +/- 4.6e-01 | dlogz: 1.3e+04 >  0.500
 loglike: -2.3e+04 | params: [-0.57686045 -0.98278475  1.90775215  7.45610464]
 Average call time: 3.71 sec | Current time: 2018-01-25 13:27:51.416298
 --------------------------
iteration: 315 | nc: 62 | ncalls: 2778 | eff(%): 11.2 | logz: -2.2e+04 +/- 4.6e-01 | dlogz: 1.3e+04 >  0.500
 loglike: -2.2e+04 | params: [ 0.02072522 -1.39117539  2.01390232  7.14129818]
 Average call time: 3.71 sec | Current time: 2018-01-25 13:31:44.825849
 --------------------------
iteration: 316 | nc: 20 | ncalls: 2798 | eff(%): 11.1 | logz: -2.2e+04 +/- 4.6e-01 | dlogz: 1.2e+04 >  0.500
 loglike: -2.2e+04 | params: [-0.64109065 -1.14927534  1.99812381  5.40917409]
 Average call time: 3.71 sec | Current time: 2018-01-25 13:33:00.135570
 --------------------------
iteration: 317 | nc: 29 | ncalls: 2827 | eff(%): 11.1 | logz: -2.2e+04 +/- 4.6e-01 | dlogz: 1.2e+04 >  0.500
 loglike: -2.2e+04 | params: [-0.14050458 -1.94350536  2.01373458  4.84136725]
 Average call time: 3.71 sec | Current time: 2018-01-25 13:34:49.050598
 --------------------------
