GPU acceleration enabled
Loading Setup File: setup_files/mock_tau_dmod.py
using given n: 0
Starting SourceModule Code
Past the SourceModule code
CUDAC Available
Running Nested Sampling
dynamic:  True
{'pool': None, 'bound': 'multi', 'method': 'unif', 'nprocs': 1, 'update_interval': 1, 'bootstrap': 0, 'enlarge': 1.1, 'first_update': {'min_eff': 30.0}}
{'nlive_init': 300, 'maxcall': 120000, 'dlogz_init': 0.5, 'maxbatch': 0, 'nlive_batch': 0, 'wt_kwargs': {'pfrac': 1.0}, 'maxcall_per_it': 1000, 'print_progress': True, 'save_bounds': False}
-initializing models
-Saving initial results dataframe
Dynamic Sampler Initialized
iter: 1 | batch: 0 | nc: 1 | ncalls: 1 | eff(%):  0.332 | logz: -4.7e+05 +/- 1.5e-01 | dlogz:    inf >  0.500
 loglike: -4.7e+05 | params: [ 0.48896316 -1.55315057  1.03660026  5.11298633 29.72700777]
 Average call time: 1978.90 sec | Current time: 2018-04-18 16:28:55.350842
 --------------------------
iter: 2 | batch: 0 | nc: 1 | ncalls: 2 | eff(%):  0.662 | logz: -4.1e+05 +/- 1.5e-01 | dlogz: 347712.877 >  0.500
 loglike: -4.1e+05 | params: [-1.31591625  0.21947476  1.04931717  8.77537102 29.59508276]
 Average call time: 6.83 sec | Current time: 2018-04-18 16:29:02.183432
 --------------------------
iter: 3 | batch: 0 | nc: 1 | ncalls: 3 | eff(%):  0.990 | logz: -4.1e+05 +/- 1.5e-01 | dlogz: 295270.103 >  0.500
 loglike: -4.1e+05 | params: [-0.77022803 -0.46150955  1.22614372  4.31941605 29.73256041]
 Average call time: 6.67 sec | Current time: 2018-04-18 16:29:08.850206
 --------------------------
iter: 4 | batch: 0 | nc: 1 | ncalls: 4 | eff(%):  1.316 | logz: -4.0e+05 +/- 1.5e-01 | dlogz: 288426.075 >  0.500
 loglike: -4.0e+05 | params: [-0.37760763 -0.74229209  1.04130535  7.95543959 29.53056476]
 Average call time: 6.61 sec | Current time: 2018-04-18 16:29:15.458243
 --------------------------
iter: 5 | batch: 0 | nc: 1 | ncalls: 5 | eff(%):  1.639 | logz: -3.9e+05 +/- 1.5e-01 | dlogz: 286261.993 >  0.500
 loglike: -3.9e+05 | params: [3.70525817e-01 2.60672437e-02 1.56502924e+00 6.28586401e+00
 2.96140422e+01]
 Average call time: 6.60 sec | Current time: 2018-04-18 16:29:22.062837
 --------------------------
iter: 6 | batch: 0 | nc: 1 | ncalls: 6 | eff(%):  1.961 | logz: -3.9e+05 +/- 1.5e-01 | dlogz: 270845.910 >  0.500
 loglike: -3.9e+05 | params: [-1.4668144  -0.66121366  1.1370762   2.38581429 29.37204179]
 Average call time: 6.65 sec | Current time: 2018-04-18 16:29:28.713239
 --------------------------
iter: 7 | batch: 0 | nc: 1 | ncalls: 7 | eff(%):  2.280 | logz: -3.9e+05 +/- 1.5e-01 | dlogz: 270556.673 >  0.500
 loglike: -3.9e+05 | params: [-0.07001224 -0.18977129  1.05602932  3.57231793 28.32194534]
 Average call time: 6.60 sec | Current time: 2018-04-18 16:29:35.314769
 --------------------------
iter: 8 | batch: 0 | nc: 1 | ncalls: 8 | eff(%):  2.597 | logz: -3.9e+05 +/- 1.5e-01 | dlogz: 268839.393 >  0.500
 loglike: -3.9e+05 | params: [-6.12805417e-01  2.50361571e-02  1.31160074e+00  3.06986265e+00
  2.91670576e+01]
 Average call time: 6.58 sec | Current time: 2018-04-18 16:29:41.889834
 --------------------------
iter: 9 | batch: 0 | nc: 1 | ncalls: 9 | eff(%):  2.913 | logz: -3.8e+05 +/- 1.5e-01 | dlogz: 268503.727 >  0.500
 loglike: -3.8e+05 | params: [ 0.03615774 -1.24275389  1.04552527  5.17031818 28.81334832]
 Average call time: 6.62 sec | Current time: 2018-04-18 16:29:48.512887
 --------------------------
iter: 10 | batch: 0 | nc: 1 | ncalls: 10 | eff(%):  3.226 | logz: -3.8e+05 +/- 1.5e-01 | dlogz: 262141.821 >  0.500
 loglike: -3.8e+05 | params: [ 0.38924259 -0.55154364  1.56028045  6.36836199 29.73502519]
 Average call time: 6.70 sec | Current time: 2018-04-18 16:29:55.211718
 --------------------------
iter: 11 | batch: 0 | nc: 1 | ncalls: 11 | eff(%):  3.537 | logz: -3.8e+05 +/- 1.5e-01 | dlogz: 257462.994 >  0.500
 loglike: -3.8e+05 | params: [ 2.93796326e-02 -1.10171234e+00  1.26401434e+00  7.56610840e+00
  2.95241997e+01]
 Average call time: 6.88 sec | Current time: 2018-04-18 16:30:02.092414
 --------------------------
iter: 12 | batch: 0 | nc: 1 | ncalls: 12 | eff(%):  3.846 | logz: -3.7e+05 +/- 1.5e-01 | dlogz: 256537.193 >  0.500
 loglike: -3.7e+05 | params: [-0.76070025 -0.48916499  1.30931332  8.22136764 29.78221294]
 Average call time: 15.02 sec | Current time: 2018-04-18 16:30:17.115324
 --------------------------
iter: 13 | batch: 0 | nc: 1 | ncalls: 13 | eff(%):  4.153 | logz: -3.7e+05 +/- 1.5e-01 | dlogz: 252407.817 >  0.500
 loglike: -3.7e+05 | params: [ 0.38874032 -1.19185308  1.29232594  9.52648534 29.42813929]
 Average call time: 6.67 sec | Current time: 2018-04-18 16:30:23.786648
 --------------------------
iter: 14 | batch: 0 | nc: 2 | ncalls: 15 | eff(%):  4.444 | logz: -3.7e+05 +/- 1.5e-01 | dlogz: 250037.900 >  0.500
 loglike: -3.7e+05 | params: [-0.54444917 -1.2332838   1.16982124  9.43151688 29.61601441]
 Average call time: 6.07 sec | Current time: 2018-04-18 16:30:35.923963
 --------------------------
iter: 15 | batch: 0 | nc: 1 | ncalls: 16 | eff(%):  4.747 | logz: -3.7e+05 +/- 1.5e-01 | dlogz: 248227.023 >  0.500
 loglike: -3.7e+05 | params: [-1.19237547 -0.05694895  1.1768894   1.71210251 28.65695385]
 Average call time: 6.64 sec | Current time: 2018-04-18 16:30:42.564805
 --------------------------
iter: 16 | batch: 0 | nc: 1 | ncalls: 17 | eff(%):  5.047 | logz: -3.6e+05 +/- 1.5e-01 | dlogz: 247264.895 >  0.500
 loglike: -3.6e+05 | params: [ 2.39477861e-02 -9.36977043e-01  1.41668033e+00  2.94567673e+00
  2.90588011e+01]
 Average call time: 6.65 sec | Current time: 2018-04-18 16:30:49.216007
 --------------------------
iter: 17 | batch: 0 | nc: 1 | ncalls: 18 | eff(%):  5.346 | logz: -3.6e+05 +/- 1.5e-01 | dlogz: 241653.013 >  0.500
 loglike: -3.6e+05 | params: [-0.7265632  -0.0369649   1.30403218  4.62644084 28.96958671]
 Average call time: 6.63 sec | Current time: 2018-04-18 16:30:55.842533
 --------------------------
iter: 18 | batch: 0 | nc: 1 | ncalls: 19 | eff(%):  5.643 | logz: -3.6e+05 +/- 1.5e-01 | dlogz: 238098.433 >  0.500
 loglike: -3.6e+05 | params: [ 0.44899028 -0.33053273  1.76695986  1.97480345 29.10472289]
 Average call time: 8.29 sec | Current time: 2018-04-18 16:31:04.129465
 --------------------------
iter: 19 | batch: 0 | nc: 1 | ncalls: 20 | eff(%):  5.938 | logz: -3.5e+05 +/- 1.5e-01 | dlogz: 236717.715 >  0.500
 loglike: -3.5e+05 | params: [ 0.46873802 -0.46094436  1.46414898  8.48322519 29.26278828]
 Average call time: 5.46 sec | Current time: 2018-04-18 16:31:09.589710
 --------------------------
iter: 20 | batch: 0 | nc: 1 | ncalls: 21 | eff(%):  6.231 | logz: -3.4e+05 +/- 1.5e-01 | dlogz: 235425.276 >  0.500
 loglike: -3.4e+05 | params: [ 0.30747071 -1.65373811  1.00463129  6.51550911 28.16681172]
 Average call time: 6.69 sec | Current time: 2018-04-18 16:31:16.283120
 --------------------------
iter: 21 | batch: 0 | nc: 1 | ncalls: 22 | eff(%):  6.522 | logz: -3.4e+05 +/- 1.5e-01 | dlogz: 225154.370 >  0.500
 loglike: -3.4e+05 | params: [-1.41483684 -1.38050682  1.13504991  7.34915464 29.33882708]
 Average call time: 6.62 sec | Current time: 2018-04-18 16:31:22.900050
 --------------------------
iter: 22 | batch: 0 | nc: 1 | ncalls: 23 | eff(%):  6.811 | logz: -3.4e+05 +/- 1.5e-01 | dlogz: 224516.523 >  0.500
 loglike: -3.4e+05 | params: [-0.92771481 -0.35338442  1.27090123  8.40038778 29.22965715]
 Average call time: 5.49 sec | Current time: 2018-04-18 16:31:28.394337
 --------------------------
iter: 23 | batch: 0 | nc: 1 | ncalls: 24 | eff(%):  7.099 | logz: -3.4e+05 +/- 1.5e-01 | dlogz: 224463.401 >  0.500
 loglike: -3.4e+05 | params: [-1.27421737 -0.90489628  1.21321961  8.34620597 29.46446259]
 Average call time: 6.66 sec | Current time: 2018-04-18 16:31:35.054515
 --------------------------
iter: 24 | batch: 0 | nc: 1 | ncalls: 25 | eff(%):  7.385 | logz: -3.4e+05 +/- 1.5e-01 | dlogz: 224299.119 >  0.500
 loglike: -3.4e+05 | params: [ 1.70115899e-01 -1.87560607e-02  1.98768399e+00  4.21482304e+00
  2.98404519e+01]
 Average call time: 6.59 sec | Current time: 2018-04-18 16:31:41.647992
 --------------------------
iter: 25 | batch: 0 | nc: 1 | ncalls: 26 | eff(%):  7.669 | logz: -3.4e+05 +/- 1.5e-01 | dlogz: 224140.986 >  0.500
 loglike: -3.4e+05 | params: [ 0.36157326 -1.15250775  1.36024937  5.64645438 28.79682825]
 Average call time: 6.65 sec | Current time: 2018-04-18 16:31:48.294963
 --------------------------
iter: 26 | batch: 0 | nc: 2 | ncalls: 28 | eff(%):  7.927 | logz: -3.3e+05 +/- 1.5e-01 | dlogz: 220391.206 >  0.500
 loglike: -3.3e+05 | params: [-0.5375585  -1.9126411   1.33268639  9.05832442 29.56840455]
 Average call time: 6.05 sec | Current time: 2018-04-18 16:32:00.398977
 --------------------------
iter: 27 | batch: 0 | nc: 1 | ncalls: 29 | eff(%):  8.207 | logz: -3.3e+05 +/- 1.5e-01 | dlogz: 215786.217 >  0.500
 loglike: -3.3e+05 | params: [-0.04658968 -0.23385685  1.09522453  3.15494866 27.48423029]
 Average call time: 6.58 sec | Current time: 2018-04-18 16:32:06.978989
 --------------------------
iter: 28 | batch: 0 | nc: 1 | ncalls: 30 | eff(%):  8.485 | logz: -3.3e+05 +/- 1.5e-01 | dlogz: 211764.142 >  0.500
 loglike: -3.3e+05 | params: [ 0.34589772 -0.19939649  1.3777931   7.4718322  28.46197708]
 Average call time: 6.66 sec | Current time: 2018-04-18 16:32:13.640723
 --------------------------
iter: 29 | batch: 0 | nc: 2 | ncalls: 32 | eff(%):  8.735 | logz: -3.3e+05 +/- 1.5e-01 | dlogz: 211161.976 >  0.500
 loglike: -3.3e+05 | params: [ 0.07868105 -1.07390487  1.33288733  4.64694421 28.60519512]
 Average call time: 6.06 sec | Current time: 2018-04-18 16:32:25.750735
 --------------------------
iter: 30 | batch: 0 | nc: 1 | ncalls: 33 | eff(%):  9.009 | logz: -3.3e+05 +/- 1.5e-01 | dlogz: 210237.117 >  0.500
 loglike: -3.3e+05 | params: [ 0.13662757 -0.73111233  1.06357991  4.90169582 27.78525222]
 Average call time: 6.60 sec | Current time: 2018-04-18 16:32:32.346858
 --------------------------
iter: 31 | batch: 0 | nc: 1 | ncalls: 34 | eff(%):  9.281 | logz: -3.3e+05 +/- 1.5e-01 | dlogz: 210118.687 >  0.500
 loglike: -3.3e+05 | params: [ 0.16442461 -0.05884117  1.18349007  3.90176076 27.50855879]
 Average call time: 6.84 sec | Current time: 2018-04-18 16:32:39.190947
 --------------------------
iter: 32 | batch: 0 | nc: 1 | ncalls: 35 | eff(%):  9.552 | logz: -3.2e+05 +/- 1.5e-01 | dlogz: 208112.899 >  0.500
 loglike: -3.2e+05 | params: [ 0.49167648  0.36051143  1.39343234  5.6651955  27.9089815 ]
 Average call time: 6.73 sec | Current time: 2018-04-18 16:32:45.924888
 --------------------------
iter: 33 | batch: 0 | nc: 1 | ncalls: 36 | eff(%):  9.821 | logz: -3.2e+05 +/- 1.5e-01 | dlogz: 203476.121 >  0.500
 loglike: -3.2e+05 | params: [-4.73026221e-01  1.76657260e-02  1.29689893e+00  5.25278555e+00
  2.82693674e+01]
 Average call time: 5.66 sec | Current time: 2018-04-18 16:32:51.587559
 --------------------------
iter: 34 | batch: 0 | nc: 1 | ncalls: 37 | eff(%): 10.089 | logz: -3.1e+05 +/- 1.5e-01 | dlogz: 201512.904 >  0.500
 loglike: -3.1e+05 | params: [-0.05911456 -1.4219888   1.07363318  3.31628447 27.64046412]
 Average call time: 6.60 sec | Current time: 2018-04-18 16:32:58.186753
 --------------------------
iter: 35 | batch: 0 | nc: 1 | ncalls: 38 | eff(%): 10.355 | logz: -3.1e+05 +/- 1.5e-01 | dlogz: 193781.455 >  0.500
 loglike: -3.1e+05 | params: [-1.11963229 -1.97848653  1.3825687   2.01578251 28.92165781]
 Average call time: 5.48 sec | Current time: 2018-04-18 16:33:03.666292
 --------------------------
iter: 36 | batch: 0 | nc: 1 | ncalls: 39 | eff(%): 10.619 | logz: -3.1e+05 +/- 1.5e-01 | dlogz: 193566.399 >  0.500
 loglike: -3.1e+05 | params: [-0.24101691 -0.28454981  1.72114761  8.09135009 29.42590983]
 Average call time: 6.66 sec | Current time: 2018-04-18 16:33:10.322320
 --------------------------
iter: 37 | batch: 0 | nc: 1 | ncalls: 40 | eff(%): 10.882 | logz: -3.1e+05 +/- 1.5e-01 | dlogz: 189053.149 >  0.500
 loglike: -3.1e+05 | params: [ 0.11823574  0.41414264  1.27726649  6.25081843 27.62170523]
 Average call time: 5.43 sec | Current time: 2018-04-18 16:33:15.755055
 --------------------------
iter: 38 | batch: 0 | nc: 2 | ncalls: 42 | eff(%): 11.111 | logz: -3.0e+05 +/- 1.5e-01 | dlogz: 186796.403 >  0.500
 loglike: -3.0e+05 | params: [ 0.34528697 -1.62319839  1.39294855  4.43701069 28.16794641]
 Average call time: 6.05 sec | Current time: 2018-04-18 16:33:27.859939
 --------------------------
iter: 39 | batch: 0 | nc: 1 | ncalls: 43 | eff(%): 11.370 | logz: -3.0e+05 +/- 1.5e-01 | dlogz: 184005.408 >  0.500
 loglike: -3.0e+05 | params: [-0.43090668  0.08142589  1.55810195  3.48357723 28.33223038]
 Average call time: 5.47 sec | Current time: 2018-04-18 16:33:33.332211
 --------------------------
iter: 40 | batch: 0 | nc: 2 | ncalls: 45 | eff(%): 11.594 | logz: -3.0e+05 +/- 1.5e-01 | dlogz: 182345.362 >  0.500
 loglike: -3.0e+05 | params: [-1.10516442 -0.79932415  1.83106076  1.0943537  29.55112481]
 Average call time: 7.35 sec | Current time: 2018-04-18 16:33:48.025384
 --------------------------
iter: 41 | batch: 0 | nc: 1 | ncalls: 46 | eff(%): 11.850 | logz: -3.0e+05 +/- 1.5e-01 | dlogz: 178522.486 >  0.500
 loglike: -3.0e+05 | params: [-1.23172372  0.45570883  1.46162696  8.38655324 28.7101459 ]
 Average call time: 6.64 sec | Current time: 2018-04-18 16:33:54.669201
 --------------------------
iter: 42 | batch: 0 | nc: 1 | ncalls: 47 | eff(%): 12.104 | logz: -3.0e+05 +/- 1.5e-01 | dlogz: 177746.798 >  0.500
 loglike: -3.0e+05 | params: [-1.19078833 -0.203598    1.40622071  1.0409182  28.1500647 ]
 Average call time: 5.53 sec | Current time: 2018-04-18 16:34:00.194672
 --------------------------
iter: 43 | batch: 0 | nc: 1 | ncalls: 48 | eff(%): 12.356 | logz: -2.9e+05 +/- 1.5e-01 | dlogz: 177625.555 >  0.500
 loglike: -2.9e+05 | params: [-0.56944279 -0.49042834  1.54536803  5.67126731 28.8406131 ]
 Average call time: 6.62 sec | Current time: 2018-04-18 16:34:06.811463
 --------------------------
iter: 44 | batch: 0 | nc: 1 | ncalls: 49 | eff(%): 12.607 | logz: -2.9e+05 +/- 1.5e-01 | dlogz: 175779.049 >  0.500
 loglike: -2.9e+05 | params: [-1.18609601 -0.06064892  1.10098473  1.09862663 27.28049342]
 Average call time: 5.45 sec | Current time: 2018-04-18 16:34:12.262102
 --------------------------
iter: 45 | batch: 0 | nc: 1 | ncalls: 50 | eff(%): 12.857 | logz: -2.9e+05 +/- 1.5e-01 | dlogz: 175532.478 >  0.500
 loglike: -2.9e+05 | params: [-1.48061945 -1.43739566  1.25257041  8.43368139 28.85906887]
 Average call time: 6.54 sec | Current time: 2018-04-18 16:34:18.801056
 --------------------------
iter: 46 | batch: 0 | nc: 1 | ncalls: 51 | eff(%): 13.105 | logz: -2.9e+05 +/- 1.5e-01 | dlogz: 174621.654 >  0.500
 loglike: -2.9e+05 | params: [-1.38038155 -1.53928229  1.14206584  7.07392849 28.37849912]
 Average call time: 6.70 sec | Current time: 2018-04-18 16:34:25.499531
 --------------------------
iter: 47 | batch: 0 | nc: 1 | ncalls: 52 | eff(%): 13.352 | logz: -2.8e+05 +/- 1.5e-01 | dlogz: 168933.263 >  0.500
 loglike: -2.8e+05 | params: [-1.23195759  0.48663457  1.53849361  3.85792141 28.27316562]
 Average call time: 6.54 sec | Current time: 2018-04-18 16:34:32.038497
 --------------------------
iter: 48 | batch: 0 | nc: 2 | ncalls: 54 | eff(%): 13.559 | logz: -2.8e+05 +/- 1.5e-01 | dlogz: 164705.986 >  0.500
 loglike: -2.8e+05 | params: [-0.67944408 -1.66113946  1.38119893  4.72585582 28.46977494]
 Average call time: 5.98 sec | Current time: 2018-04-18 16:34:43.993561
 --------------------------
iter: 49 | batch: 0 | nc: 1 | ncalls: 55 | eff(%): 13.803 | logz: -2.8e+05 +/- 1.5e-01 | dlogz: 162847.041 >  0.500
 loglike: -2.8e+05 | params: [-0.25407568 -0.96759333  2.08918361  1.32942647 29.47259484]
 Average call time: 6.55 sec | Current time: 2018-04-18 16:34:50.544469
 --------------------------
iter: 50 | batch: 0 | nc: 1 | ncalls: 56 | eff(%): 14.045 | logz: -2.8e+05 +/- 1.5e-01 | dlogz: 159702.735 >  0.500
 loglike: -2.8e+05 | params: [ 0.07638268 -0.58893666  2.24673658  3.95137596 29.68259255]
 Average call time: 6.63 sec | Current time: 2018-04-18 16:34:57.171848
 --------------------------
iter: 51 | batch: 0 | nc: 1 | ncalls: 57 | eff(%): 14.286 | logz: -2.7e+05 +/- 1.5e-01 | dlogz: 156664.863 >  0.500
 loglike: -2.7e+05 | params: [-0.53488304 -0.42570701  1.17865997  2.77198542 27.11683374]
 Average call time: 6.60 sec | Current time: 2018-04-18 16:35:03.772797
 --------------------------
iter: 52 | batch: 0 | nc: 1 | ncalls: 58 | eff(%): 14.525 | logz: -2.7e+05 +/- 1.5e-01 | dlogz: 155113.497 >  0.500
 loglike: -2.7e+05 | params: [ 0.26242841 -0.56831854  2.28412137  3.3254014  29.46107773]
 Average call time: 5.41 sec | Current time: 2018-04-18 16:35:09.181607
 --------------------------
iter: 53 | batch: 0 | nc: 1 | ncalls: 59 | eff(%): 14.763 | logz: -2.7e+05 +/- 1.5e-01 | dlogz: 153876.762 >  0.500
 loglike: -2.7e+05 | params: [ 0.28670452 -0.87853995  1.73315074  8.32755668 28.78859759]
 Average call time: 6.56 sec | Current time: 2018-04-18 16:35:15.741439
 --------------------------
iter: 54 | batch: 0 | nc: 1 | ncalls: 60 | eff(%): 15.000 | logz: -2.7e+05 +/- 1.5e-01 | dlogz: 152779.490 >  0.500
 loglike: -2.7e+05 | params: [-1.28560351 -1.50935213  1.71470903  8.42059401 29.58594235]
 Average call time: 6.64 sec | Current time: 2018-04-18 16:35:22.377618
 --------------------------
iter: 55 | batch: 0 | nc: 1 | ncalls: 61 | eff(%): 15.235 | logz: -2.7e+05 +/- 1.5e-01 | dlogz: 151821.517 >  0.500
 loglike: -2.7e+05 | params: [-0.25674715 -0.09701748  1.85995317  5.43146685 28.72764075]
 Average call time: 5.50 sec | Current time: 2018-04-18 16:35:27.873463
 --------------------------
iter: 56 | batch: 0 | nc: 1 | ncalls: 62 | eff(%): 15.470 | logz: -2.7e+05 +/- 1.5e-01 | dlogz: 150050.749 >  0.500
 loglike: -2.7e+05 | params: [ 1.53660113e-03 -2.54751496e-01  1.34007632e+00  3.58263477e+00
  2.70485784e+01]
 Average call time: 6.73 sec | Current time: 2018-04-18 16:35:34.607597
 --------------------------
iter: 57 | batch: 0 | nc: 1 | ncalls: 63 | eff(%): 15.702 | logz: -2.7e+05 +/- 1.5e-01 | dlogz: 149945.220 >  0.500
 loglike: -2.7e+05 | params: [-1.31781964  0.17463928  1.08210934  9.7176207  27.30999956]
 Average call time: 6.56 sec | Current time: 2018-04-18 16:35:41.164519
 --------------------------
iter: 58 | batch: 0 | nc: 1 | ncalls: 64 | eff(%): 15.934 | logz: -2.7e+05 +/- 1.5e-01 | dlogz: 148217.983 >  0.500
 loglike: -2.7e+05 | params: [-0.45833756 -0.52247734  2.33361584  2.28707205 29.84505644]
 Average call time: 6.76 sec | Current time: 2018-04-18 16:35:47.927969
 --------------------------
iter: 59 | batch: 0 | nc: 1 | ncalls: 65 | eff(%): 16.164 | logz: -2.7e+05 +/- 1.5e-01 | dlogz: 147148.638 >  0.500
 loglike: -2.7e+05 | params: [-0.08862363 -0.08992778  2.03382358  3.26665295 28.66883646]
 Average call time: 6.84 sec | Current time: 2018-04-18 16:35:54.763533
 --------------------------
iter: 60 | batch: 0 | nc: 2 | ncalls: 67 | eff(%): 16.349 | logz: -2.6e+05 +/- 1.5e-01 | dlogz: 146799.636 >  0.500
 loglike: -2.6e+05 | params: [ 0.19796375 -0.13958622  1.99675953  6.10600941 28.79859385]
 Average call time: 6.04 sec | Current time: 2018-04-18 16:36:06.847809
 --------------------------
iter: 61 | batch: 0 | nc: 2 | ncalls: 69 | eff(%): 16.531 | logz: -2.6e+05 +/- 1.5e-01 | dlogz: 146214.637 >  0.500
 loglike: -2.6e+05 | params: [-0.51524175 -1.12426096  1.60716999  2.43949701 28.24406609]
 Average call time: 7.68 sec | Current time: 2018-04-18 16:36:22.209573
 --------------------------
iter: 62 | batch: 0 | nc: 1 | ncalls: 70 | eff(%): 16.757 | logz: -2.6e+05 +/- 1.5e-01 | dlogz: 143990.041 >  0.500
 loglike: -2.6e+05 | params: [-0.77632981 -1.77189119  1.1357606   4.08206362 27.4216559 ]
 Average call time: 5.48 sec | Current time: 2018-04-18 16:36:27.686558
 --------------------------
iter: 63 | batch: 0 | nc: 2 | ncalls: 72 | eff(%): 16.935 | logz: -2.6e+05 +/- 1.5e-01 | dlogz: 143193.076 >  0.500
 loglike: -2.6e+05 | params: [ 0.23541335 -0.73175449  1.38490411  2.01805975 26.89119112]
 Average call time: 6.60 sec | Current time: 2018-04-18 16:36:40.896283
 --------------------------
iter: 64 | batch: 0 | nc: 1 | ncalls: 73 | eff(%): 17.158 | logz: -2.6e+05 +/- 1.5e-01 | dlogz: 142683.674 >  0.500
 loglike: -2.6e+05 | params: [-0.33624253 -1.78002827  1.69638688  8.31264384 29.01096149]
 Average call time: 6.57 sec | Current time: 2018-04-18 16:36:47.470485
 --------------------------
iter: 65 | batch: 0 | nc: 1 | ncalls: 74 | eff(%): 17.380 | logz: -2.6e+05 +/- 1.5e-01 | dlogz: 141800.807 >  0.500
 loglike: -2.6e+05 | params: [-0.99476849 -1.12997802  1.54776619  9.11616446 28.82611265]
 Average call time: 6.74 sec | Current time: 2018-04-18 16:36:54.207600
 --------------------------
iter: 66 | batch: 0 | nc: 1 | ncalls: 75 | eff(%): 17.600 | logz: -2.6e+05 +/- 1.5e-01 | dlogz: 140593.091 >  0.500
 loglike: -2.6e+05 | params: [-2.64891770e-01  1.13871785e-02  1.70251603e+00  4.60115551e+00
  2.79732566e+01]
 Average call time: 6.58 sec | Current time: 2018-04-18 16:37:00.790387
 --------------------------
iter: 67 | batch: 0 | nc: 2 | ncalls: 77 | eff(%): 17.772 | logz: -2.6e+05 +/- 1.5e-01 | dlogz: 140084.255 >  0.500
 loglike: -2.6e+05 | params: [-0.65743406 -0.26699166  2.1015931   3.09197266 29.14020226]
 Average call time: 6.64 sec | Current time: 2018-04-18 16:37:14.072104
 --------------------------
iter: 68 | batch: 0 | nc: 1 | ncalls: 78 | eff(%): 17.989 | logz: -2.6e+05 +/- 1.5e-01 | dlogz: 138979.783 >  0.500
 loglike: -2.6e+05 | params: [-1.21602387 -0.34058011  1.32351857  7.81331108 27.81701974]
 Average call time: 6.64 sec | Current time: 2018-04-18 16:37:20.711821
 --------------------------
iter: 69 | batch: 0 | nc: 1 | ncalls: 79 | eff(%): 18.206 | logz: -2.5e+05 +/- 1.5e-01 | dlogz: 136798.653 >  0.500
 loglike: -2.5e+05 | params: [ 0.19752259  0.08074437  2.03695406  3.1597407  28.14315021]
 Average call time: 5.53 sec | Current time: 2018-04-18 16:37:26.243900
 --------------------------
iter: 70 | batch: 0 | nc: 1 | ncalls: 80 | eff(%): 18.421 | logz: -2.5e+05 +/- 1.5e-01 | dlogz: 136061.527 >  0.500
 loglike: -2.5e+05 | params: [-1.09562311 -1.06898629  1.52096713  4.10710368 28.27095392]
 Average call time: 6.58 sec | Current time: 2018-04-18 16:37:32.825226
 --------------------------
iter: 71 | batch: 0 | nc: 1 | ncalls: 81 | eff(%): 18.635 | logz: -2.5e+05 +/- 1.5e-01 | dlogz: 135432.754 >  0.500
 loglike: -2.5e+05 | params: [-1.03161936  0.08455453  1.29554897  2.84524174 26.9389223 ]
 Average call time: 6.79 sec | Current time: 2018-04-18 16:37:39.618769
 --------------------------
iter: 72 | batch: 0 | nc: 1 | ncalls: 82 | eff(%): 18.848 | logz: -2.5e+05 +/- 1.5e-01 | dlogz: 134001.029 >  0.500
 loglike: -2.5e+05 | params: [-1.47513238  0.32045668  2.38067046  1.62662517 29.63972348]
 Average call time: 6.70 sec | Current time: 2018-04-18 16:37:46.323445
 --------------------------
iter: 73 | batch: 0 | nc: 1 | ncalls: 83 | eff(%): 19.060 | logz: -2.5e+05 +/- 1.5e-01 | dlogz: 133592.483 >  0.500
 loglike: -2.5e+05 | params: [-0.16594788 -0.56303933  1.15592586  5.88554292 26.83179646]
 Average call time: 5.58 sec | Current time: 2018-04-18 16:37:51.903602
 --------------------------
iter: 74 | batch: 0 | nc: 1 | ncalls: 84 | eff(%): 19.271 | logz: -2.5e+05 +/- 1.5e-01 | dlogz: 132235.201 >  0.500
 loglike: -2.5e+05 | params: [ 0.29864838 -1.78804139  1.54340883  1.45598926 27.20511495]
 Average call time: 6.55 sec | Current time: 2018-04-18 16:37:58.456226
 --------------------------
iter: 75 | batch: 0 | nc: 1 | ncalls: 85 | eff(%): 19.481 | logz: -2.5e+05 +/- 1.5e-01 | dlogz: 132066.589 >  0.500
 loglike: -2.5e+05 | params: [-1.23546619  0.43620304  1.54190531  7.8431492  27.92864726]
 Average call time: 6.70 sec | Current time: 2018-04-18 16:38:05.158747
 --------------------------
iter: 76 | batch: 0 | nc: 1 | ncalls: 86 | eff(%): 19.689 | logz: -2.5e+05 +/- 1.5e-01 | dlogz: 129191.168 >  0.500
 loglike: -2.5e+05 | params: [-1.01513829 -1.71823294  2.21497005  1.37865674 29.7062618 ]
 Average call time: 5.45 sec | Current time: 2018-04-18 16:38:10.613604
 --------------------------
iter: 77 | batch: 0 | nc: 1 | ncalls: 87 | eff(%): 19.897 | logz: -2.5e+05 +/- 1.5e-01 | dlogz: 128949.901 >  0.500
 loglike: -2.5e+05 | params: [-0.75814635 -0.88314962  2.24532466  5.32349657 29.93329429]
 Average call time: 6.60 sec | Current time: 2018-04-18 16:38:17.212530
 --------------------------
iter: 78 | batch: 0 | nc: 1 | ncalls: 88 | eff(%): 20.103 | logz: -2.5e+05 +/- 1.5e-01 | dlogz: 128363.410 >  0.500
 loglike: -2.5e+05 | params: [-0.07197347 -1.56023933  1.21208854  2.41860778 26.64623205]
 Average call time: 6.68 sec | Current time: 2018-04-18 16:38:23.889594
 --------------------------
iter: 79 | batch: 0 | nc: 2 | ncalls: 90 | eff(%): 20.256 | logz: -2.5e+05 +/- 1.5e-01 | dlogz: 128099.896 >  0.500
 loglike: -2.5e+05 | params: [ 0.13740702 -0.63719458  2.35376216  9.01501469 29.89305916]
 Average call time: 6.73 sec | Current time: 2018-04-18 16:38:37.343491
 --------------------------
iter: 80 | batch: 0 | nc: 1 | ncalls: 91 | eff(%): 20.460 | logz: -2.5e+05 +/- 1.5e-01 | dlogz: 127298.246 >  0.500
 loglike: -2.5e+05 | params: [ 2.53355641e-02 -8.38948245e-01  1.22175881e+00  5.23449422e+00
  2.68022879e+01]
 Average call time: 6.82 sec | Current time: 2018-04-18 16:38:44.159961
 --------------------------
iter: 81 | batch: 0 | nc: 1 | ncalls: 92 | eff(%): 20.663 | logz: -2.4e+05 +/- 1.5e-01 | dlogz: 126763.485 >  0.500
 loglike: -2.4e+05 | params: [-1.38050269 -1.57680518  1.20708508  9.15420206 27.78964024]
 Average call time: 5.45 sec | Current time: 2018-04-18 16:38:49.607259
 --------------------------
iter: 82 | batch: 0 | nc: 1 | ncalls: 93 | eff(%): 20.865 | logz: -2.4e+05 +/- 1.5e-01 | dlogz: 125460.532 >  0.500
 loglike: -2.4e+05 | params: [-1.32461825  0.16475956  1.12374268  9.62356682 26.90947231]
 Average call time: 6.69 sec | Current time: 2018-04-18 16:38:56.292682
 --------------------------
iter: 83 | batch: 0 | nc: 1 | ncalls: 94 | eff(%): 21.066 | logz: -2.4e+05 +/- 1.5e-01 | dlogz: 125164.470 >  0.500
 loglike: -2.4e+05 | params: [ 0.38641377 -1.10808079  1.0954038   5.26174335 26.26983037]
 Average call time: 8.55 sec | Current time: 2018-04-18 16:39:04.841880
 --------------------------
iter: 84 | batch: 0 | nc: 1 | ncalls: 95 | eff(%): 21.266 | logz: -2.4e+05 +/- 1.5e-01 | dlogz: 124477.314 >  0.500
 loglike: -2.4e+05 | params: [-0.17583281 -1.13148944  1.38570999  7.13166643 27.56513327]
 Average call time: 6.81 sec | Current time: 2018-04-18 16:39:11.649315
 --------------------------
iter: 85 | batch: 0 | nc: 1 | ncalls: 96 | eff(%): 21.465 | logz: -2.4e+05 +/- 1.5e-01 | dlogz: 123937.702 >  0.500
 loglike: -2.4e+05 | params: [-0.19660327 -0.3638371   2.65698193  2.67157091 29.92390548]
 Average call time: 6.90 sec | Current time: 2018-04-18 16:39:18.547598
 --------------------------
iter: 86 | batch: 0 | nc: 1 | ncalls: 97 | eff(%): 21.662 | logz: -2.4e+05 +/- 1.5e-01 | dlogz: 123083.530 >  0.500
 loglike: -2.4e+05 | params: [ 0.07841138 -0.46416005  1.47485362  5.28747683 27.13459669]
 Average call time: 5.43 sec | Current time: 2018-04-18 16:39:23.973904
 --------------------------
iter: 87 | batch: 0 | nc: 1 | ncalls: 98 | eff(%): 21.859 | logz: -2.4e+05 +/- 1.5e-01 | dlogz: 121962.196 >  0.500
 loglike: -2.4e+05 | params: [ 0.33684146 -1.87337386  1.67722804  4.26435489 27.64902281]
 Average call time: 6.64 sec | Current time: 2018-04-18 16:39:30.614141
 --------------------------
iter: 88 | batch: 0 | nc: 1 | ncalls: 99 | eff(%): 22.055 | logz: -2.4e+05 +/- 1.5e-01 | dlogz: 120721.954 >  0.500
 loglike: -2.4e+05 | params: [-1.39078826 -0.77469253  1.54207055  6.67832362 28.20496813]
 Average call time: 6.69 sec | Current time: 2018-04-18 16:39:37.299140
 --------------------------
iter: 89 | batch: 0 | nc: 1 | ncalls: 100 | eff(%): 22.250 | logz: -2.4e+05 +/- 1.5e-01 | dlogz: 119605.325 >  0.500
 loglike: -2.4e+05 | params: [-0.23973377 -1.1054326   1.63845981  3.00987301 27.67825517]
 Average call time: 6.84 sec | Current time: 2018-04-18 16:39:44.137652
 --------------------------
iter: 90 | batch: 0 | nc: 1 | ncalls: 101 | eff(%): 22.444 | logz: -2.4e+05 +/- 1.5e-01 | dlogz: 119487.480 >  0.500
 loglike: -2.4e+05 | params: [ 0.14581576 -1.31316593  1.15517184  2.33148953 26.06597068]
 Average call time: 5.52 sec | Current time: 2018-04-18 16:39:49.654990
 --------------------------
iter: 91 | batch: 0 | nc: 2 | ncalls: 103 | eff(%): 22.581 | logz: -2.4e+05 +/- 1.5e-01 | dlogz: 118331.128 >  0.500
 loglike: -2.4e+05 | params: [-1.253391    0.23695416  1.61518007  9.38789907 27.99171656]
 Average call time: 6.06 sec | Current time: 2018-04-18 16:40:01.773430
 --------------------------
iter: 92 | batch: 0 | nc: 2 | ncalls: 105 | eff(%): 22.716 | logz: -2.4e+05 +/- 1.5e-01 | dlogz: 118209.995 >  0.500
 loglike: -2.4e+05 | params: [-1.42792125 -1.84693887  1.06948226  5.56650497 27.0663641 ]
 Average call time: 6.62 sec | Current time: 2018-04-18 16:40:15.005757
 --------------------------
iter: 93 | batch: 0 | nc: 2 | ncalls: 107 | eff(%): 22.850 | logz: -2.4e+05 +/- 1.5e-01 | dlogz: 118036.962 >  0.500
 loglike: -2.4e+05 | params: [ 0.32850388 -0.96896852  1.60112076  6.79213998 27.59946057]
 Average call time: 6.00 sec | Current time: 2018-04-18 16:40:26.995923
 --------------------------
iter: 94 | batch: 0 | nc: 1 | ncalls: 108 | eff(%): 23.039 | logz: -2.3e+05 +/- 1.5e-01 | dlogz: 117441.985 >  0.500
 loglike: -2.3e+05 | params: [ 0.33032198 -1.23149582  1.89525889  6.93326673 28.38055089]
 Average call time: 6.64 sec | Current time: 2018-04-18 16:40:33.634058
 --------------------------
iter: 95 | batch: 0 | nc: 2 | ncalls: 110 | eff(%): 23.171 | logz: -2.3e+05 +/- 1.5e-01 | dlogz: 115422.141 >  0.500
 loglike: -2.3e+05 | params: [ 0.43468453 -1.83115196  1.95275822  7.27176674 28.5610615 ]
 Average call time: 6.60 sec | Current time: 2018-04-18 16:40:46.843610
 --------------------------
iter: 96 | batch: 0 | nc: 1 | ncalls: 111 | eff(%): 23.358 | logz: -2.3e+05 +/- 1.5e-01 | dlogz: 114868.900 >  0.500
 loglike: -2.3e+05 | params: [-0.93481196 -1.26666007  1.37816226  9.03862828 27.80509232]
 Average call time: 6.64 sec | Current time: 2018-04-18 16:40:53.478790
 --------------------------
iter: 97 | batch: 0 | nc: 1 | ncalls: 112 | eff(%): 23.544 | logz: -2.3e+05 +/- 1.5e-01 | dlogz: 113688.068 >  0.500
 loglike: -2.3e+05 | params: [-1.10482401e+00 -2.34978459e-02  1.26285894e+00  8.54132917e+00
  2.69650502e+01]
 Average call time: 6.74 sec | Current time: 2018-04-18 16:41:00.217013
 --------------------------
iter: 98 | batch: 0 | nc: 1 | ncalls: 113 | eff(%): 23.729 | logz: -2.3e+05 +/- 1.5e-01 | dlogz: 112703.971 >  0.500
 loglike: -2.3e+05 | params: [-1.14340823 -0.11959438  1.1514117   1.74401666 26.15433377]
 Average call time: 6.68 sec | Current time: 2018-04-18 16:41:06.892931
 --------------------------
iter: 99 | batch: 0 | nc: 1 | ncalls: 114 | eff(%): 23.913 | logz: -2.3e+05 +/- 1.5e-01 | dlogz: 112633.531 >  0.500
 loglike: -2.3e+05 | params: [-1.98257158e-01  2.32629167e-02  1.84888859e+00  3.46043611e+00
  2.75429488e+01]
 Average call time: 6.60 sec | Current time: 2018-04-18 16:41:13.496800
 --------------------------
iter: 100 | batch: 0 | nc: 2 | ncalls: 116 | eff(%): 24.038 | logz: -2.3e+05 +/- 1.5e-01 | dlogz: 112587.546 >  0.500
 loglike: -2.3e+05 | params: [ 0.13523034 -1.6574106   1.45905894  4.23317528 27.01384978]
 Average call time: 6.78 sec | Current time: 2018-04-18 16:41:27.052862
 --------------------------
iter: 101 | batch: 0 | nc: 1 | ncalls: 117 | eff(%): 24.221 | logz: -2.3e+05 +/- 1.5e-01 | dlogz: 111608.581 >  0.500
 loglike: -2.3e+05 | params: [-0.23450061 -1.16836287  1.48354038  6.76697107 27.55095982]
 Average call time: 6.73 sec | Current time: 2018-04-18 16:41:33.786015
 --------------------------
iter: 102 | batch: 0 | nc: 1 | ncalls: 118 | eff(%): 24.402 | logz: -2.3e+05 +/- 1.5e-01 | dlogz: 111211.292 >  0.500
 loglike: -2.3e+05 | params: [-1.20138997 -0.82270827  1.06687581  7.8373995  26.82262832]
 Average call time: 6.59 sec | Current time: 2018-04-18 16:41:40.375731
 --------------------------
iter: 103 | batch: 0 | nc: 1 | ncalls: 119 | eff(%): 24.582 | logz: -2.3e+05 +/- 1.5e-01 | dlogz: 110598.312 >  0.500
 loglike: -2.3e+05 | params: [-0.08036866 -1.70965402  1.59190744  8.01356911 27.82351566]
 Average call time: 5.51 sec | Current time: 2018-04-18 16:41:45.884269
 --------------------------
iter: 104 | batch: 0 | nc: 1 | ncalls: 120 | eff(%): 24.762 | logz: -2.3e+05 +/- 1.5e-01 | dlogz: 107854.007 >  0.500
 loglike: -2.3e+05 | params: [-0.59170225  0.45590363  1.39754228  1.54251029 26.27148911]
 Average call time: 6.77 sec | Current time: 2018-04-18 16:41:52.650346
 --------------------------
iter: 105 | batch: 0 | nc: 2 | ncalls: 122 | eff(%): 24.882 | logz: -2.3e+05 +/- 1.5e-01 | dlogz: 107645.144 >  0.500
 loglike: -2.3e+05 | params: [-0.83399507 -0.17892831  1.42730612  5.97222046 27.09217304]
 Average call time: 6.11 sec | Current time: 2018-04-18 16:42:04.870394
 --------------------------
iter: 106 | batch: 0 | nc: 1 | ncalls: 123 | eff(%): 25.059 | logz: -2.3e+05 +/- 1.5e-01 | dlogz: 107340.366 >  0.500
 loglike: -2.3e+05 | params: [-1.36639351 -0.81738731  1.61685329  3.02899376 27.73751426]
 Average call time: 6.77 sec | Current time: 2018-04-18 16:42:11.640546
 --------------------------
iter: 107 | batch: 0 | nc: 1 | ncalls: 124 | eff(%): 25.236 | logz: -2.3e+05 +/- 1.5e-01 | dlogz: 106675.712 >  0.500
 loglike: -2.3e+05 | params: [-0.38862711 -1.81770999  2.13555052  5.14980124 29.11416178]
 Average call time: 8.11 sec | Current time: 2018-04-18 16:42:19.750989
 --------------------------
iter: 108 | batch: 0 | nc: 2 | ncalls: 126 | eff(%): 25.352 | logz: -2.2e+05 +/- 1.5e-01 | dlogz: 106618.177 >  0.500
 loglike: -2.2e+05 | params: [-0.60687304 -0.73668547  1.24305654  8.40465915 26.96077972]
 Average call time: 6.06 sec | Current time: 2018-04-18 16:42:31.871411
 --------------------------
iter: 109 | batch: 0 | nc: 5 | ncalls: 131 | eff(%): 25.290 | logz: -2.2e+05 +/- 1.5e-01 | dlogz: 105538.038 >  0.500
 loglike: -2.2e+05 | params: [-0.68080056 -1.95423013  1.44597884  8.23901671 27.67911249]
 Average call time: 6.27 sec | Current time: 2018-04-18 16:43:03.222386
 --------------------------
iter: 110 | batch: 0 | nc: 1 | ncalls: 132 | eff(%): 25.463 | logz: -2.2e+05 +/- 1.5e-01 | dlogz: 103725.632 >  0.500
 loglike: -2.2e+05 | params: [-1.67336241e-02 -1.54129493e+00  2.04592328e+00  5.32433344e+00
  2.85757057e+01]
 Average call time: 6.60 sec | Current time: 2018-04-18 16:43:09.823199
 --------------------------
iter: 111 | batch: 0 | nc: 1 | ncalls: 133 | eff(%): 25.635 | logz: -2.2e+05 +/- 1.5e-01 | dlogz: 103427.698 >  0.500
 loglike: -2.2e+05 | params: [ 0.10685282 -1.17609844  2.13033732  7.18350943 28.82901147]
 Average call time: 6.58 sec | Current time: 2018-04-18 16:43:16.406691
 --------------------------
iter: 112 | batch: 0 | nc: 1 | ncalls: 134 | eff(%): 25.806 | logz: -2.2e+05 +/- 1.5e-01 | dlogz: 102344.039 >  0.500
 loglike: -2.2e+05 | params: [-1.08592487 -0.49760869  1.10343341  3.63690792 26.16920395]
 Average call time: 5.42 sec | Current time: 2018-04-18 16:43:21.826464
 --------------------------
iter: 113 | batch: 0 | nc: 2 | ncalls: 136 | eff(%): 25.917 | logz: -2.2e+05 +/- 1.5e-01 | dlogz: 102126.434 >  0.500
 loglike: -2.2e+05 | params: [-1.44255609  0.25532204  1.70963764  2.15725835 27.27150315]
 Average call time: 5.99 sec | Current time: 2018-04-18 16:43:33.806472
 --------------------------
iter: 114 | batch: 0 | nc: 1 | ncalls: 137 | eff(%): 26.087 | logz: -2.2e+05 +/- 1.5e-01 | dlogz: 101802.218 >  0.500
 loglike: -2.2e+05 | params: [-0.05552917 -0.36480455  2.17662981  9.76307315 28.84403042]
 Average call time: 6.63 sec | Current time: 2018-04-18 16:43:40.441089
 --------------------------
iter: 115 | batch: 0 | nc: 1 | ncalls: 138 | eff(%): 26.256 | logz: -2.2e+05 +/- 1.5e-01 | dlogz: 100828.948 >  0.500
 loglike: -2.2e+05 | params: [-0.41229488 -0.53007001  1.07546277  9.90191672 26.2830969 ]
 Average call time: 6.63 sec | Current time: 2018-04-18 16:43:47.073652
 --------------------------
iter: 116 | batch: 0 | nc: 1 | ncalls: 139 | eff(%): 26.424 | logz: -2.2e+05 +/- 1.5e-01 | dlogz: 100817.835 >  0.500
 loglike: -2.2e+05 | params: [-1.05658071 -0.23310642  1.91366308  8.05349982 28.42399142]
 Average call time: 5.49 sec | Current time: 2018-04-18 16:43:52.568052
 --------------------------
iter: 117 | batch: 0 | nc: 4 | ncalls: 143 | eff(%): 26.411 | logz: -2.2e+05 +/- 1.5e-01 | dlogz: 100262.268 >  0.500
 loglike: -2.2e+05 | params: [-0.37943792 -0.07722787  2.30556078  1.75180497 28.39437547]
 Average call time: 6.60 sec | Current time: 2018-04-18 16:44:18.965656
 --------------------------
iter: 118 | batch: 0 | nc: 1 | ncalls: 144 | eff(%): 26.577 | logz: -2.2e+05 +/- 1.5e-01 | dlogz: 99831.203 >  0.500
 loglike: -2.2e+05 | params: [ 0.31513605 -1.97386605  1.52060316  8.55224789 27.24101855]
 Average call time: 6.59 sec | Current time: 2018-04-18 16:44:25.553584
 --------------------------
iter: 119 | batch: 0 | nc: 2 | ncalls: 146 | eff(%): 26.682 | logz: -2.2e+05 +/- 1.5e-01 | dlogz: 99481.812 >  0.500
 loglike: -2.2e+05 | params: [-0.52214781 -0.28549191  1.84478974  7.09029959 27.98292685]
 Average call time: 6.09 sec | Current time: 2018-04-18 16:44:37.740601
 --------------------------
iter: 120 | batch: 0 | nc: 1 | ncalls: 147 | eff(%): 26.846 | logz: -2.1e+05 +/- 1.5e-01 | dlogz: 99412.166 >  0.500
 loglike: -2.1e+05 | params: [-0.27309609 -0.16432568  2.69910727  7.97689121 29.94618242]
 Average call time: 6.59 sec | Current time: 2018-04-18 16:44:44.327769
 --------------------------
iter: 121 | batch: 0 | nc: 1 | ncalls: 148 | eff(%): 27.009 | logz: -2.1e+05 +/- 1.5e-01 | dlogz: 95705.488 >  0.500
 loglike: -2.1e+05 | params: [-0.50301303 -0.50341163  1.90044235  5.15581747 27.98239912]
 Average call time: 6.62 sec | Current time: 2018-04-18 16:44:50.949466
 --------------------------
iter: 122 | batch: 0 | nc: 2 | ncalls: 150 | eff(%): 27.111 | logz: -2.1e+05 +/- 1.5e-01 | dlogz: 95484.584 >  0.500
 loglike: -2.1e+05 | params: [-0.89782038 -0.90679039  1.15232389  9.58160249 26.71557367]
 Average call time: 7.53 sec | Current time: 2018-04-18 16:45:06.018591
 --------------------------
iter: 123 | batch: 0 | nc: 2 | ncalls: 152 | eff(%): 27.212 | logz: -2.1e+05 +/- 1.5e-01 | dlogz: 95264.298 >  0.500
 loglike: -2.1e+05 | params: [-1.41535597  0.14255624  1.44262641  1.92769935 26.42539501]
 Average call time: 6.61 sec | Current time: 2018-04-18 16:45:19.237894
 --------------------------
iter: 124 | batch: 0 | nc: 1 | ncalls: 153 | eff(%): 27.373 | logz: -2.1e+05 +/- 1.5e-01 | dlogz: 94338.447 >  0.500
 loglike: -2.1e+05 | params: [-0.51390326 -1.18389629  1.34755918  9.74854628 27.0977131 ]
 Average call time: 5.43 sec | Current time: 2018-04-18 16:45:24.671596
 --------------------------
iter: 125 | batch: 0 | nc: 1 | ncalls: 154 | eff(%): 27.533 | logz: -2.1e+05 +/- 1.5e-01 | dlogz: 93221.115 >  0.500
 loglike: -2.1e+05 | params: [-0.03879916 -0.2526381   2.29080518  4.63484609 28.40442423]
 Average call time: 6.78 sec | Current time: 2018-04-18 16:45:31.451726
 --------------------------
iter: 126 | batch: 0 | nc: 1 | ncalls: 155 | eff(%): 27.692 | logz: -2.1e+05 +/- 1.5e-01 | dlogz: 93213.120 >  0.500
 loglike: -2.1e+05 | params: [-0.69778718  0.326536    2.54600844  8.28623817 29.52708891]
 Average call time: 6.79 sec | Current time: 2018-04-18 16:45:38.238212
 --------------------------
iter: 127 | batch: 0 | nc: 1 | ncalls: 156 | eff(%): 27.851 | logz: -2.1e+05 +/- 1.5e-01 | dlogz: 93194.548 >  0.500
 loglike: -2.1e+05 | params: [-1.4880706  -0.38523037  1.34456978  7.80737726 26.91216513]
 Average call time: 6.61 sec | Current time: 2018-04-18 16:45:44.844197
 --------------------------
iter: 128 | batch: 0 | nc: 1 | ncalls: 157 | eff(%): 28.009 | logz: -2.1e+05 +/- 1.5e-01 | dlogz: 91927.678 >  0.500
 loglike: -2.1e+05 | params: [ 0.10989656 -0.95066863  2.39516228  7.80755527 29.24060068]
 Average call time: 5.42 sec | Current time: 2018-04-18 16:45:50.259848
 --------------------------
iter: 129 | batch: 0 | nc: 1 | ncalls: 158 | eff(%): 28.166 | logz: -2.1e+05 +/- 1.5e-01 | dlogz: 91857.462 >  0.500
 loglike: -2.1e+05 | params: [ 0.39975732  0.18189726  2.11613612  6.81271141 27.73076216]
 Average call time: 6.59 sec | Current time: 2018-04-18 16:45:56.846371
 --------------------------
