GPU acceleration enabled
Loading Setup File: setup_files/nestle_1_gpu.py
using given n: 0
Starting SourceModule Code
Getting function
Past the SourceModule code
CUDAC Available
Running Nested Sampling
-initializing models
-Running nestle sampler
----------------
Iteration Number: 1, Likelihood Calls: 201, logz: -16069.83
Current time: 2017-08-15 14:30:50.236947
----------------
Iteration Number: 2, Likelihood Calls: 202, logz: -15655.96
Current time: 2017-08-15 14:30:51.764502
----------------
Iteration Number: 3, Likelihood Calls: 203, logz: -13477.76
Current time: 2017-08-15 14:30:53.308355
----------------
Iteration Number: 4, Likelihood Calls: 204, logz: -12828.53
Current time: 2017-08-15 14:30:54.849695
----------------
Iteration Number: 5, Likelihood Calls: 205, logz: -12651.41
Current time: 2017-08-15 14:30:56.373871
----------------
Iteration Number: 6, Likelihood Calls: 207, logz: -12479.72
Current time: 2017-08-15 14:30:59.402507
----------------
Iteration Number: 7, Likelihood Calls: 208, logz: -12222.27
Current time: 2017-08-15 14:31:00.934091
----------------
Iteration Number: 8, Likelihood Calls: 209, logz: -12150.39
Current time: 2017-08-15 14:31:02.468481
----------------
Iteration Number: 9, Likelihood Calls: 210, logz: -11508.81
Current time: 2017-08-15 14:31:04.001892
----------------
Iteration Number: 10, Likelihood Calls: 211, logz: -11484.00
Current time: 2017-08-15 14:31:05.538958
----------------
Iteration Number: 11, Likelihood Calls: 212, logz: -10879.95
Current time: 2017-08-15 14:31:07.059647
----------------
Iteration Number: 12, Likelihood Calls: 213, logz: -10745.25
Current time: 2017-08-15 14:31:08.579363
----------------
Iteration Number: 13, Likelihood Calls: 214, logz: -10570.87
Current time: 2017-08-15 14:31:10.102786
----------------
Iteration Number: 14, Likelihood Calls: 215, logz: -10495.35
Current time: 2017-08-15 14:31:11.616458
----------------
Iteration Number: 15, Likelihood Calls: 216, logz: -10308.95
Current time: 2017-08-15 14:31:13.162706
----------------
Iteration Number: 16, Likelihood Calls: 217, logz: -10223.66
Current time: 2017-08-15 14:31:14.678310
----------------
Iteration Number: 17, Likelihood Calls: 218, logz: -10161.83
Current time: 2017-08-15 14:31:16.195093
----------------
Iteration Number: 18, Likelihood Calls: 219, logz: -9755.00
Current time: 2017-08-15 14:31:17.713961
----------------
Iteration Number: 19, Likelihood Calls: 220, logz: -9742.17
Current time: 2017-08-15 14:31:19.223655
----------------
Iteration Number: 20, Likelihood Calls: 221, logz: -9458.54
Current time: 2017-08-15 14:31:20.752916
----------------
Iteration Number: 21, Likelihood Calls: 222, logz: -9003.94
Current time: 2017-08-15 14:31:22.279495
----------------
Iteration Number: 22, Likelihood Calls: 223, logz: -8947.22
Current time: 2017-08-15 14:31:23.814228
----------------
Iteration Number: 23, Likelihood Calls: 224, logz: -8899.39
Current time: 2017-08-15 14:31:25.346244
----------------
Iteration Number: 24, Likelihood Calls: 225, logz: -8843.72
Current time: 2017-08-15 14:31:26.876913
----------------
Iteration Number: 25, Likelihood Calls: 226, logz: -8709.71
Current time: 2017-08-15 14:31:28.411876
----------------
Iteration Number: 26, Likelihood Calls: 227, logz: -8466.04
Current time: 2017-08-15 14:31:29.955322
----------------
Iteration Number: 27, Likelihood Calls: 228, logz: -8131.39
Current time: 2017-08-15 14:31:31.486673
----------------
Iteration Number: 28, Likelihood Calls: 229, logz: -8126.33
Current time: 2017-08-15 14:31:33.018387
----------------
Iteration Number: 29, Likelihood Calls: 230, logz: -8105.76
Current time: 2017-08-15 14:31:34.546886
----------------
Iteration Number: 30, Likelihood Calls: 231, logz: -8072.21
Current time: 2017-08-15 14:31:36.075878
----------------
Iteration Number: 31, Likelihood Calls: 232, logz: -7711.79
Current time: 2017-08-15 14:31:37.603709
----------------
Iteration Number: 32, Likelihood Calls: 233, logz: -7577.76
Current time: 2017-08-15 14:31:39.136736
----------------
Iteration Number: 33, Likelihood Calls: 234, logz: -7529.02
Current time: 2017-08-15 14:31:40.659262
----------------
Iteration Number: 34, Likelihood Calls: 235, logz: -7451.07
Current time: 2017-08-15 14:31:42.187458
----------------
Iteration Number: 35, Likelihood Calls: 236, logz: -7426.28
Current time: 2017-08-15 14:31:43.706547
----------------
Iteration Number: 36, Likelihood Calls: 238, logz: -7298.33
Current time: 2017-08-15 14:31:46.700762
----------------
Iteration Number: 37, Likelihood Calls: 239, logz: -7224.93
Current time: 2017-08-15 14:31:48.230259
----------------
Iteration Number: 38, Likelihood Calls: 240, logz: -7154.73
Current time: 2017-08-15 14:31:49.752479
----------------
Iteration Number: 39, Likelihood Calls: 241, logz: -7103.02
Current time: 2017-08-15 14:31:51.283998
----------------
Iteration Number: 40, Likelihood Calls: 242, logz: -6878.93
Current time: 2017-08-15 14:31:52.811062
----------------
Iteration Number: 41, Likelihood Calls: 243, logz: -6738.78
Current time: 2017-08-15 14:31:54.354771
----------------
Iteration Number: 42, Likelihood Calls: 244, logz: -6729.00
Current time: 2017-08-15 14:31:55.882275
----------------
Iteration Number: 43, Likelihood Calls: 246, logz: -6696.58
Current time: 2017-08-15 14:31:58.899324
----------------
Iteration Number: 44, Likelihood Calls: 247, logz: -6446.14
Current time: 2017-08-15 14:32:00.421556
----------------
Iteration Number: 45, Likelihood Calls: 248, logz: -6356.64
Current time: 2017-08-15 14:32:01.953990
----------------
Iteration Number: 46, Likelihood Calls: 249, logz: -6066.18
Current time: 2017-08-15 14:32:03.471545
----------------
Iteration Number: 47, Likelihood Calls: 250, logz: -5969.87
Current time: 2017-08-15 14:32:04.991627
----------------
Iteration Number: 48, Likelihood Calls: 252, logz: -5961.42
Current time: 2017-08-15 14:32:07.976596
----------------
Iteration Number: 49, Likelihood Calls: 253, logz: -5897.98
Current time: 2017-08-15 14:32:09.497085
----------------
Iteration Number: 50, Likelihood Calls: 254, logz: -5788.30
Current time: 2017-08-15 14:32:11.014719
----------------
Iteration Number: 51, Likelihood Calls: 255, logz: -5634.89
Current time: 2017-08-15 14:32:12.529961
----------------
Iteration Number: 52, Likelihood Calls: 256, logz: -5617.40
Current time: 2017-08-15 14:32:14.070611
----------------
Iteration Number: 53, Likelihood Calls: 257, logz: -5573.09
Current time: 2017-08-15 14:32:15.600419
----------------
Iteration Number: 54, Likelihood Calls: 258, logz: -5259.96
Current time: 2017-08-15 14:32:17.121880
----------------
Iteration Number: 55, Likelihood Calls: 259, logz: -5185.43
Current time: 2017-08-15 14:32:18.650546
----------------
Iteration Number: 56, Likelihood Calls: 260, logz: -5106.45
Current time: 2017-08-15 14:32:20.189035
----------------
Iteration Number: 57, Likelihood Calls: 261, logz: -4988.73
Current time: 2017-08-15 14:32:21.723572
----------------
Iteration Number: 58, Likelihood Calls: 263, logz: -4967.14
Current time: 2017-08-15 14:32:24.742849
----------------
Iteration Number: 59, Likelihood Calls: 264, logz: -4853.85
Current time: 2017-08-15 14:32:26.277702
----------------
Iteration Number: 60, Likelihood Calls: 266, logz: -4831.56
Current time: 2017-08-15 14:32:29.271933
----------------
Iteration Number: 61, Likelihood Calls: 267, logz: -4825.49
Current time: 2017-08-15 14:32:30.793605
----------------
Iteration Number: 62, Likelihood Calls: 268, logz: -4645.92
Current time: 2017-08-15 14:32:32.303747
----------------
Iteration Number: 63, Likelihood Calls: 269, logz: -4568.93
Current time: 2017-08-15 14:32:33.799739
----------------
Iteration Number: 64, Likelihood Calls: 270, logz: -4568.20
Current time: 2017-08-15 14:32:35.314306
----------------
Iteration Number: 65, Likelihood Calls: 271, logz: -4546.21
Current time: 2017-08-15 14:32:36.832883
----------------
Iteration Number: 66, Likelihood Calls: 272, logz: -4416.45
Current time: 2017-08-15 14:32:38.353278
----------------
Iteration Number: 67, Likelihood Calls: 274, logz: -4382.80
Current time: 2017-08-15 14:32:41.350144
----------------
Iteration Number: 68, Likelihood Calls: 275, logz: -4319.26
Current time: 2017-08-15 14:32:42.865074
----------------
Iteration Number: 69, Likelihood Calls: 276, logz: -4313.51
Current time: 2017-08-15 14:32:44.394081
----------------
Iteration Number: 70, Likelihood Calls: 279, logz: -4265.02
Current time: 2017-08-15 14:32:48.907627
----------------
Iteration Number: 71, Likelihood Calls: 280, logz: -4166.57
Current time: 2017-08-15 14:32:50.439643
----------------
Iteration Number: 72, Likelihood Calls: 282, logz: -4158.41
Current time: 2017-08-15 14:32:53.458706
----------------
Iteration Number: 73, Likelihood Calls: 283, logz: -4124.57
Current time: 2017-08-15 14:32:55.005982
----------------
Iteration Number: 74, Likelihood Calls: 284, logz: -4057.80
Current time: 2017-08-15 14:32:56.538541
----------------
Iteration Number: 75, Likelihood Calls: 285, logz: -4034.87
Current time: 2017-08-15 14:32:58.074804
----------------
Iteration Number: 76, Likelihood Calls: 286, logz: -4030.12
Current time: 2017-08-15 14:32:59.612917
----------------
Iteration Number: 77, Likelihood Calls: 287, logz: -3935.97
Current time: 2017-08-15 14:33:01.144552
----------------
Iteration Number: 78, Likelihood Calls: 288, logz: -3890.08
Current time: 2017-08-15 14:33:02.678351
----------------
Iteration Number: 79, Likelihood Calls: 289, logz: -3846.13
Current time: 2017-08-15 14:33:04.211212
----------------
Iteration Number: 80, Likelihood Calls: 290, logz: -3646.61
Current time: 2017-08-15 14:33:05.735875
----------------
Iteration Number: 81, Likelihood Calls: 291, logz: -3480.09
Current time: 2017-08-15 14:33:07.255006
----------------
Iteration Number: 82, Likelihood Calls: 293, logz: -3387.40
Current time: 2017-08-15 14:33:10.274391
----------------
Iteration Number: 83, Likelihood Calls: 294, logz: -3265.36
Current time: 2017-08-15 14:33:11.812630
----------------
Iteration Number: 84, Likelihood Calls: 295, logz: -3234.27
Current time: 2017-08-15 14:33:13.337966
----------------
Iteration Number: 85, Likelihood Calls: 296, logz: -3224.54
Current time: 2017-08-15 14:33:14.880931
----------------
Iteration Number: 86, Likelihood Calls: 297, logz: -3185.90
Current time: 2017-08-15 14:33:16.411693
----------------
Iteration Number: 87, Likelihood Calls: 298, logz: -3169.69
Current time: 2017-08-15 14:33:17.941455
----------------
Iteration Number: 88, Likelihood Calls: 299, logz: -3166.55
Current time: 2017-08-15 14:33:19.479534
----------------
Iteration Number: 89, Likelihood Calls: 300, logz: -3160.98
Current time: 2017-08-15 14:33:21.019068
----------------
Iteration Number: 90, Likelihood Calls: 302, logz: -3089.93
Current time: 2017-08-15 14:33:24.053584
----------------
Iteration Number: 91, Likelihood Calls: 303, logz: -3086.74
Current time: 2017-08-15 14:33:25.596714
----------------
Iteration Number: 92, Likelihood Calls: 304, logz: -3024.20
Current time: 2017-08-15 14:33:27.138668
----------------
Iteration Number: 93, Likelihood Calls: 305, logz: -3013.66
Current time: 2017-08-15 14:33:28.671417
----------------
Iteration Number: 94, Likelihood Calls: 306, logz: -3009.69
Current time: 2017-08-15 14:33:30.210753
----------------
Iteration Number: 95, Likelihood Calls: 307, logz: -2930.85
Current time: 2017-08-15 14:33:31.734431
----------------
Iteration Number: 96, Likelihood Calls: 308, logz: -2910.36
Current time: 2017-08-15 14:33:33.246261
----------------
Iteration Number: 97, Likelihood Calls: 309, logz: -2887.73
Current time: 2017-08-15 14:33:34.751776
----------------
Iteration Number: 98, Likelihood Calls: 311, logz: -2859.01
Current time: 2017-08-15 14:33:37.745677
----------------
Iteration Number: 99, Likelihood Calls: 312, logz: -2839.14
Current time: 2017-08-15 14:33:39.265629
----------------
Iteration Number: 100, Likelihood Calls: 314, logz: -2821.80
Current time: 2017-08-15 14:33:42.258348
----------------
Iteration Number: 101, Likelihood Calls: 316, logz: -2805.31
Current time: 2017-08-15 14:33:45.263883
----------------
Iteration Number: 102, Likelihood Calls: 317, logz: -2788.81
Current time: 2017-08-15 14:33:46.792993
----------------
Iteration Number: 103, Likelihood Calls: 318, logz: -2713.21
Current time: 2017-08-15 14:33:48.318730
----------------
Iteration Number: 104, Likelihood Calls: 320, logz: -2697.93
Current time: 2017-08-15 14:33:51.343286
----------------
Iteration Number: 105, Likelihood Calls: 321, logz: -2648.77
Current time: 2017-08-15 14:33:52.878469
----------------
Iteration Number: 106, Likelihood Calls: 322, logz: -2640.48
Current time: 2017-08-15 14:33:54.412928
----------------
Iteration Number: 107, Likelihood Calls: 323, logz: -2639.46
Current time: 2017-08-15 14:33:55.955738
----------------
Iteration Number: 108, Likelihood Calls: 324, logz: -2625.63
Current time: 2017-08-15 14:33:57.489492
----------------
Iteration Number: 109, Likelihood Calls: 325, logz: -2594.94
Current time: 2017-08-15 14:33:59.016130
----------------
Iteration Number: 110, Likelihood Calls: 326, logz: -2535.96
Current time: 2017-08-15 14:34:00.551046
----------------
Iteration Number: 111, Likelihood Calls: 327, logz: -2428.44
Current time: 2017-08-15 14:34:02.068433
----------------
Iteration Number: 112, Likelihood Calls: 332, logz: -2422.34
Current time: 2017-08-15 14:34:09.500006
----------------
Iteration Number: 113, Likelihood Calls: 334, logz: -2407.50
Current time: 2017-08-15 14:34:12.502205
----------------
Iteration Number: 114, Likelihood Calls: 336, logz: -2385.98
Current time: 2017-08-15 14:34:15.552260
----------------
Iteration Number: 115, Likelihood Calls: 337, logz: -2373.19
Current time: 2017-08-15 14:34:17.090615
----------------
Iteration Number: 116, Likelihood Calls: 338, logz: -2360.13
Current time: 2017-08-15 14:34:18.625509
----------------
Iteration Number: 117, Likelihood Calls: 339, logz: -2327.98
Current time: 2017-08-15 14:34:20.157267
----------------
Iteration Number: 118, Likelihood Calls: 340, logz: -2301.17
Current time: 2017-08-15 14:34:21.691561
----------------
Iteration Number: 119, Likelihood Calls: 341, logz: -2297.41
Current time: 2017-08-15 14:34:23.222372
----------------
Iteration Number: 120, Likelihood Calls: 342, logz: -2295.32
Current time: 2017-08-15 14:34:24.755029
----------------
Iteration Number: 121, Likelihood Calls: 347, logz: -2265.75
Current time: 2017-08-15 14:34:32.218290
----------------
Iteration Number: 122, Likelihood Calls: 348, logz: -2251.77
Current time: 2017-08-15 14:34:33.752550
----------------
Iteration Number: 123, Likelihood Calls: 349, logz: -2243.03
Current time: 2017-08-15 14:34:35.277135
----------------
Iteration Number: 124, Likelihood Calls: 350, logz: -2169.78
Current time: 2017-08-15 14:34:36.810830
----------------
Iteration Number: 125, Likelihood Calls: 351, logz: -2142.03
Current time: 2017-08-15 14:34:38.337757
----------------
Iteration Number: 126, Likelihood Calls: 353, logz: -2140.35
Current time: 2017-08-15 14:34:41.352928
----------------
Iteration Number: 127, Likelihood Calls: 355, logz: -2094.83
Current time: 2017-08-15 14:34:44.398243
----------------
Iteration Number: 128, Likelihood Calls: 357, logz: -2074.19
Current time: 2017-08-15 14:34:47.430849
----------------
Iteration Number: 129, Likelihood Calls: 358, logz: -2034.71
Current time: 2017-08-15 14:34:48.973347
----------------
Iteration Number: 130, Likelihood Calls: 360, logz: -2017.76
Current time: 2017-08-15 14:34:52.001916
----------------
Iteration Number: 131, Likelihood Calls: 361, logz: -2016.97
Current time: 2017-08-15 14:34:53.530838
----------------
Iteration Number: 132, Likelihood Calls: 362, logz: -1994.00
Current time: 2017-08-15 14:34:55.065502
----------------
Iteration Number: 133, Likelihood Calls: 364, logz: -1991.40
Current time: 2017-08-15 14:34:58.090178
----------------
Iteration Number: 134, Likelihood Calls: 365, logz: -1990.65
Current time: 2017-08-15 14:34:59.611736
----------------
Iteration Number: 135, Likelihood Calls: 366, logz: -1934.57
Current time: 2017-08-15 14:35:01.127574
----------------
Iteration Number: 136, Likelihood Calls: 367, logz: -1909.76
Current time: 2017-08-15 14:35:02.656106
----------------
Iteration Number: 137, Likelihood Calls: 370, logz: -1896.23
Current time: 2017-08-15 14:35:07.141654
----------------
Iteration Number: 138, Likelihood Calls: 372, logz: -1885.68
Current time: 2017-08-15 14:35:10.145772
----------------
Iteration Number: 139, Likelihood Calls: 373, logz: -1847.99
Current time: 2017-08-15 14:35:11.688935
----------------
Iteration Number: 140, Likelihood Calls: 374, logz: -1841.85
Current time: 2017-08-15 14:35:13.222600
----------------
Iteration Number: 141, Likelihood Calls: 375, logz: -1836.03
Current time: 2017-08-15 14:35:14.751702
----------------
Iteration Number: 142, Likelihood Calls: 376, logz: -1828.95
Current time: 2017-08-15 14:35:16.306700
----------------
Iteration Number: 143, Likelihood Calls: 379, logz: -1827.90
Current time: 2017-08-15 14:35:20.808907
----------------
Iteration Number: 144, Likelihood Calls: 381, logz: -1819.82
Current time: 2017-08-15 14:35:23.813625
----------------
Iteration Number: 145, Likelihood Calls: 382, logz: -1807.11
Current time: 2017-08-15 14:35:25.333868
----------------
Iteration Number: 146, Likelihood Calls: 383, logz: -1772.35
Current time: 2017-08-15 14:35:26.841344
----------------
Iteration Number: 147, Likelihood Calls: 384, logz: -1738.71
Current time: 2017-08-15 14:35:28.348515
----------------
Iteration Number: 148, Likelihood Calls: 385, logz: -1649.82
Current time: 2017-08-15 14:35:29.861169
----------------
Iteration Number: 149, Likelihood Calls: 386, logz: -1604.93
Current time: 2017-08-15 14:35:31.381573
----------------
Iteration Number: 150, Likelihood Calls: 388, logz: -1603.59
Current time: 2017-08-15 14:35:34.371132
----------------
Iteration Number: 151, Likelihood Calls: 389, logz: -1590.88
Current time: 2017-08-15 14:35:35.895444
----------------
Iteration Number: 152, Likelihood Calls: 390, logz: -1536.56
Current time: 2017-08-15 14:35:37.415365
----------------
Iteration Number: 153, Likelihood Calls: 391, logz: -1525.27
Current time: 2017-08-15 14:35:38.939933
----------------
Iteration Number: 154, Likelihood Calls: 393, logz: -1524.42
Current time: 2017-08-15 14:35:41.967845
----------------
Iteration Number: 155, Likelihood Calls: 394, logz: -1488.15
Current time: 2017-08-15 14:35:43.490873
----------------
Iteration Number: 156, Likelihood Calls: 396, logz: -1450.72
Current time: 2017-08-15 14:35:46.510524
----------------
Iteration Number: 157, Likelihood Calls: 397, logz: -1442.35
Current time: 2017-08-15 14:35:48.035236
----------------
Iteration Number: 158, Likelihood Calls: 398, logz: -1434.76
Current time: 2017-08-15 14:35:49.558316
----------------
Iteration Number: 159, Likelihood Calls: 400, logz: -1430.28
Current time: 2017-08-15 14:35:52.570233
----------------
Iteration Number: 160, Likelihood Calls: 401, logz: -1409.49
Current time: 2017-08-15 14:35:54.091153
----------------
Iteration Number: 161, Likelihood Calls: 402, logz: -1377.39
Current time: 2017-08-15 14:35:55.611223
----------------
Iteration Number: 162, Likelihood Calls: 403, logz: -1309.69
Current time: 2017-08-15 14:35:57.136443
----------------
Iteration Number: 163, Likelihood Calls: 404, logz: -1296.56
Current time: 2017-08-15 14:35:58.642981
----------------
Iteration Number: 164, Likelihood Calls: 405, logz: -1290.99
Current time: 2017-08-15 14:36:00.148300
----------------
Iteration Number: 165, Likelihood Calls: 407, logz: -1285.40
Current time: 2017-08-15 14:36:03.140868
----------------
Iteration Number: 166, Likelihood Calls: 408, logz: -1261.77
Current time: 2017-08-15 14:36:04.669794
----------------
Iteration Number: 167, Likelihood Calls: 409, logz: -1251.48
Current time: 2017-08-15 14:36:06.188777
----------------
Iteration Number: 168, Likelihood Calls: 410, logz: -1250.24
Current time: 2017-08-15 14:36:07.709404
----------------
Iteration Number: 169, Likelihood Calls: 412, logz: -1235.61
Current time: 2017-08-15 14:36:10.725759
----------------
Iteration Number: 170, Likelihood Calls: 414, logz: -1233.20
Current time: 2017-08-15 14:36:13.744856
----------------
Iteration Number: 171, Likelihood Calls: 415, logz: -1199.15
Current time: 2017-08-15 14:36:15.270473
----------------
Iteration Number: 172, Likelihood Calls: 418, logz: -1187.68
Current time: 2017-08-15 14:36:19.796386
----------------
Iteration Number: 173, Likelihood Calls: 419, logz: -1166.88
Current time: 2017-08-15 14:36:21.321961
----------------
Iteration Number: 174, Likelihood Calls: 422, logz: -1151.57
Current time: 2017-08-15 14:36:25.792702
----------------
Iteration Number: 175, Likelihood Calls: 423, logz: -1139.68
Current time: 2017-08-15 14:36:27.294081
----------------
Iteration Number: 176, Likelihood Calls: 425, logz: -1135.51
Current time: 2017-08-15 14:36:30.281303
----------------
Iteration Number: 177, Likelihood Calls: 427, logz: -1131.93
Current time: 2017-08-15 14:36:33.278552
----------------
Iteration Number: 178, Likelihood Calls: 429, logz: -1121.67
Current time: 2017-08-15 14:36:36.274689
----------------
Iteration Number: 179, Likelihood Calls: 430, logz: -1120.37
Current time: 2017-08-15 14:36:37.798714
----------------
Iteration Number: 180, Likelihood Calls: 431, logz: -1089.81
Current time: 2017-08-15 14:36:39.323935
----------------
Iteration Number: 181, Likelihood Calls: 432, logz: -1080.06
Current time: 2017-08-15 14:36:40.846575
----------------
Iteration Number: 182, Likelihood Calls: 433, logz: -1056.13
Current time: 2017-08-15 14:36:42.368773
----------------
Iteration Number: 183, Likelihood Calls: 434, logz: -1029.24
Current time: 2017-08-15 14:36:43.887669
----------------
Iteration Number: 184, Likelihood Calls: 435, logz: -1024.21
Current time: 2017-08-15 14:36:45.411029
----------------
Iteration Number: 185, Likelihood Calls: 436, logz: -1019.39
Current time: 2017-08-15 14:36:46.931437
----------------
Iteration Number: 186, Likelihood Calls: 437, logz: -1011.44
Current time: 2017-08-15 14:36:48.449849
----------------
Iteration Number: 187, Likelihood Calls: 441, logz: -967.01
Current time: 2017-08-15 14:36:54.419587
----------------
Iteration Number: 188, Likelihood Calls: 442, logz: -961.00
Current time: 2017-08-15 14:36:55.923279
----------------
Iteration Number: 189, Likelihood Calls: 443, logz: -935.35
Current time: 2017-08-15 14:36:57.447306
----------------
Iteration Number: 190, Likelihood Calls: 449, logz: -918.02
Current time: 2017-08-15 14:37:06.358634
----------------
Iteration Number: 191, Likelihood Calls: 451, logz: -916.81
Current time: 2017-08-15 14:37:09.371641
----------------
Iteration Number: 192, Likelihood Calls: 452, logz: -885.71
Current time: 2017-08-15 14:37:10.893015
----------------
Iteration Number: 193, Likelihood Calls: 454, logz: -884.45
Current time: 2017-08-15 14:37:13.911675
----------------
Iteration Number: 194, Likelihood Calls: 455, logz: -880.88
Current time: 2017-08-15 14:37:15.424670
----------------
Iteration Number: 195, Likelihood Calls: 456, logz: -880.04
Current time: 2017-08-15 14:37:16.963154
----------------
Iteration Number: 196, Likelihood Calls: 457, logz: -877.88
Current time: 2017-08-15 14:37:18.477834
----------------
Iteration Number: 197, Likelihood Calls: 458, logz: -870.08
Current time: 2017-08-15 14:37:19.982861
----------------
Iteration Number: 198, Likelihood Calls: 459, logz: -841.72
Current time: 2017-08-15 14:37:21.495731
----------------
Iteration Number: 199, Likelihood Calls: 460, logz: -796.50
Current time: 2017-08-15 14:37:23.012017
----------------
Iteration Number: 200, Likelihood Calls: 465, logz: -789.31
Current time: 2017-08-15 14:37:30.409079
----------------
Iteration Number: 201, Likelihood Calls: 468, logz: -780.89
Current time: 2017-08-15 14:37:34.888611
----------------
Iteration Number: 202, Likelihood Calls: 469, logz: -776.88
Current time: 2017-08-15 14:37:36.410563
----------------
Iteration Number: 203, Likelihood Calls: 471, logz: -772.86
Current time: 2017-08-15 14:37:39.420171
----------------
Iteration Number: 204, Likelihood Calls: 472, logz: -765.45
Current time: 2017-08-15 14:37:40.944979
----------------
Iteration Number: 205, Likelihood Calls: 474, logz: -764.37
Current time: 2017-08-15 14:37:43.943845
----------------
Iteration Number: 206, Likelihood Calls: 475, logz: -758.30
Current time: 2017-08-15 14:37:45.463337
----------------
Iteration Number: 207, Likelihood Calls: 476, logz: -756.92
Current time: 2017-08-15 14:37:46.972859
----------------
Iteration Number: 208, Likelihood Calls: 479, logz: -748.13
Current time: 2017-08-15 14:37:51.445914
----------------
Iteration Number: 209, Likelihood Calls: 482, logz: -729.74
Current time: 2017-08-15 14:37:55.908190
----------------
Iteration Number: 210, Likelihood Calls: 483, logz: -726.55
Current time: 2017-08-15 14:37:57.435020
----------------
Iteration Number: 211, Likelihood Calls: 487, logz: -710.63
Current time: 2017-08-15 14:38:03.402027
----------------
Iteration Number: 212, Likelihood Calls: 488, logz: -702.94
Current time: 2017-08-15 14:38:04.924522
----------------
Iteration Number: 213, Likelihood Calls: 489, logz: -699.27
Current time: 2017-08-15 14:38:06.445215
----------------
Iteration Number: 214, Likelihood Calls: 490, logz: -695.69
Current time: 2017-08-15 14:38:07.967084
----------------
Iteration Number: 215, Likelihood Calls: 492, logz: -684.03
Current time: 2017-08-15 14:38:10.971524
----------------
Iteration Number: 216, Likelihood Calls: 493, logz: -669.62
Current time: 2017-08-15 14:38:12.509553
----------------
Iteration Number: 217, Likelihood Calls: 494, logz: -668.41
Current time: 2017-08-15 14:38:14.028521
----------------
Iteration Number: 218, Likelihood Calls: 496, logz: -666.06
Current time: 2017-08-15 14:38:17.052106
----------------
Iteration Number: 219, Likelihood Calls: 498, logz: -662.88
Current time: 2017-08-15 14:38:20.049367
----------------
Iteration Number: 220, Likelihood Calls: 501, logz: -657.68
Current time: 2017-08-15 14:38:24.501846
----------------
Iteration Number: 221, Likelihood Calls: 502, logz: -652.61
Current time: 2017-08-15 14:38:26.004513
----------------
Iteration Number: 222, Likelihood Calls: 503, logz: -645.62
Current time: 2017-08-15 14:38:27.512591
----------------
Iteration Number: 223, Likelihood Calls: 505, logz: -634.65
Current time: 2017-08-15 14:38:30.495993
----------------
Iteration Number: 224, Likelihood Calls: 506, logz: -633.78
Current time: 2017-08-15 14:38:32.017808
----------------
Iteration Number: 225, Likelihood Calls: 507, logz: -626.69
Current time: 2017-08-15 14:38:33.541865
----------------
Iteration Number: 226, Likelihood Calls: 508, logz: -616.76
Current time: 2017-08-15 14:38:35.075545
----------------
Iteration Number: 227, Likelihood Calls: 509, logz: -614.41
Current time: 2017-08-15 14:38:36.600836
----------------
Iteration Number: 228, Likelihood Calls: 511, logz: -611.92
Current time: 2017-08-15 14:38:39.612817
----------------
Iteration Number: 229, Likelihood Calls: 513, logz: -601.46
Current time: 2017-08-15 14:38:42.625789
----------------
Iteration Number: 230, Likelihood Calls: 514, logz: -598.12
Current time: 2017-08-15 14:38:44.145758
----------------
Iteration Number: 231, Likelihood Calls: 516, logz: -579.27
Current time: 2017-08-15 14:38:47.155886
----------------
Iteration Number: 232, Likelihood Calls: 517, logz: -577.51
Current time: 2017-08-15 14:38:48.669746
----------------
Iteration Number: 233, Likelihood Calls: 520, logz: -576.73
Current time: 2017-08-15 14:38:53.119584
----------------
Iteration Number: 234, Likelihood Calls: 521, logz: -575.14
Current time: 2017-08-15 14:38:54.616142
----------------
Iteration Number: 235, Likelihood Calls: 522, logz: -574.18
Current time: 2017-08-15 14:38:56.122495
----------------
Iteration Number: 236, Likelihood Calls: 523, logz: -564.03
Current time: 2017-08-15 14:38:57.638272
----------------
Iteration Number: 237, Likelihood Calls: 524, logz: -559.93
Current time: 2017-08-15 14:38:59.138928
----------------
Iteration Number: 238, Likelihood Calls: 527, logz: -556.04
Current time: 2017-08-15 14:39:03.636195
----------------
Iteration Number: 239, Likelihood Calls: 528, logz: -546.10
Current time: 2017-08-15 14:39:05.149398
----------------
Iteration Number: 240, Likelihood Calls: 529, logz: -543.43
Current time: 2017-08-15 14:39:06.658727
----------------
Iteration Number: 241, Likelihood Calls: 531, logz: -542.14
Current time: 2017-08-15 14:39:09.658979
----------------
Iteration Number: 242, Likelihood Calls: 535, logz: -535.25
Current time: 2017-08-15 14:39:15.637838
----------------
Iteration Number: 243, Likelihood Calls: 538, logz: -534.22
Current time: 2017-08-15 14:39:20.110360
----------------
Iteration Number: 244, Likelihood Calls: 539, logz: -533.66
Current time: 2017-08-15 14:39:21.605458
----------------
Iteration Number: 245, Likelihood Calls: 540, logz: -532.77
Current time: 2017-08-15 14:39:23.103956
----------------
Iteration Number: 246, Likelihood Calls: 543, logz: -531.63
Current time: 2017-08-15 14:39:27.567840
----------------
Iteration Number: 247, Likelihood Calls: 545, logz: -528.10
Current time: 2017-08-15 14:39:30.582481
----------------
Iteration Number: 248, Likelihood Calls: 546, logz: -519.10
Current time: 2017-08-15 14:39:32.094041
----------------
Iteration Number: 249, Likelihood Calls: 548, logz: -511.96
Current time: 2017-08-15 14:39:35.111213
----------------
Iteration Number: 250, Likelihood Calls: 550, logz: -510.59
Current time: 2017-08-15 14:39:38.106260
----------------
Iteration Number: 251, Likelihood Calls: 551, logz: -509.02
Current time: 2017-08-15 14:39:39.621186
----------------
Iteration Number: 252, Likelihood Calls: 553, logz: -499.46
Current time: 2017-08-15 14:39:42.623467
----------------
Iteration Number: 253, Likelihood Calls: 554, logz: -494.81
Current time: 2017-08-15 14:39:44.130700
----------------
Iteration Number: 254, Likelihood Calls: 556, logz: -483.21
Current time: 2017-08-15 14:39:47.111341
----------------
Iteration Number: 255, Likelihood Calls: 557, logz: -472.17
Current time: 2017-08-15 14:39:48.619532
----------------
Iteration Number: 256, Likelihood Calls: 558, logz: -471.10
Current time: 2017-08-15 14:39:50.126123
----------------
Iteration Number: 257, Likelihood Calls: 559, logz: -468.33
Current time: 2017-08-15 14:39:51.640102
----------------
Iteration Number: 258, Likelihood Calls: 560, logz: -450.39
Current time: 2017-08-15 14:39:53.154421
----------------
Iteration Number: 259, Likelihood Calls: 564, logz: -441.90
Current time: 2017-08-15 14:39:59.149364
----------------
Iteration Number: 260, Likelihood Calls: 565, logz: -437.34
Current time: 2017-08-15 14:40:00.669117
----------------
Iteration Number: 261, Likelihood Calls: 566, logz: -436.59
Current time: 2017-08-15 14:40:02.194706
----------------
Iteration Number: 262, Likelihood Calls: 568, logz: -435.45
Current time: 2017-08-15 14:40:05.204194
----------------
Iteration Number: 263, Likelihood Calls: 569, logz: -433.11
Current time: 2017-08-15 14:40:06.716244
----------------
Iteration Number: 264, Likelihood Calls: 570, logz: -431.90
Current time: 2017-08-15 14:40:08.227588
----------------
Iteration Number: 265, Likelihood Calls: 573, logz: -430.49
Current time: 2017-08-15 14:40:12.708091
----------------
Iteration Number: 266, Likelihood Calls: 574, logz: -429.67
Current time: 2017-08-15 14:40:14.207885
----------------
Iteration Number: 267, Likelihood Calls: 575, logz: -418.76
Current time: 2017-08-15 14:40:15.710812
----------------
Iteration Number: 268, Likelihood Calls: 576, logz: -414.96
Current time: 2017-08-15 14:40:17.236460
----------------
Iteration Number: 269, Likelihood Calls: 579, logz: -405.84
Current time: 2017-08-15 14:40:21.705051
----------------
Iteration Number: 270, Likelihood Calls: 580, logz: -398.48
Current time: 2017-08-15 14:40:23.213720
----------------
Iteration Number: 271, Likelihood Calls: 581, logz: -397.12
Current time: 2017-08-15 14:40:24.729859
----------------
Iteration Number: 272, Likelihood Calls: 583, logz: -396.35
Current time: 2017-08-15 14:40:27.740665
----------------
Iteration Number: 273, Likelihood Calls: 584, logz: -395.08
Current time: 2017-08-15 14:40:29.259778
----------------
Iteration Number: 274, Likelihood Calls: 585, logz: -387.51
Current time: 2017-08-15 14:40:30.777147
----------------
Iteration Number: 275, Likelihood Calls: 586, logz: -382.79
Current time: 2017-08-15 14:40:32.296806
----------------
Iteration Number: 276, Likelihood Calls: 588, logz: -379.62
Current time: 2017-08-15 14:40:35.313223
----------------
Iteration Number: 277, Likelihood Calls: 589, logz: -369.63
Current time: 2017-08-15 14:40:36.837100
----------------
Iteration Number: 278, Likelihood Calls: 591, logz: -367.27
Current time: 2017-08-15 14:40:39.845606
----------------
Iteration Number: 279, Likelihood Calls: 592, logz: -347.97
Current time: 2017-08-15 14:40:41.365220
----------------
Iteration Number: 280, Likelihood Calls: 593, logz: -345.27
Current time: 2017-08-15 14:40:42.877740
----------------
Iteration Number: 281, Likelihood Calls: 594, logz: -344.60
Current time: 2017-08-15 14:40:44.380422
----------------
Iteration Number: 282, Likelihood Calls: 595, logz: -338.73
Current time: 2017-08-15 14:40:45.895935
----------------
Iteration Number: 283, Likelihood Calls: 596, logz: -336.67
Current time: 2017-08-15 14:40:47.400652
----------------
Iteration Number: 284, Likelihood Calls: 599, logz: -335.65
Current time: 2017-08-15 14:40:51.864687
----------------
Iteration Number: 285, Likelihood Calls: 602, logz: -332.11
Current time: 2017-08-15 14:40:56.357325
----------------
Iteration Number: 286, Likelihood Calls: 603, logz: -329.85
Current time: 2017-08-15 14:40:57.890443
----------------
Iteration Number: 287, Likelihood Calls: 604, logz: -326.67
Current time: 2017-08-15 14:40:59.409105
----------------
Iteration Number: 288, Likelihood Calls: 605, logz: -325.33
Current time: 2017-08-15 14:41:00.925137
----------------
Iteration Number: 289, Likelihood Calls: 607, logz: -321.65
Current time: 2017-08-15 14:41:03.933804
----------------
Iteration Number: 290, Likelihood Calls: 609, logz: -317.43
Current time: 2017-08-15 14:41:06.939209
----------------
Iteration Number: 291, Likelihood Calls: 610, logz: -316.58
Current time: 2017-08-15 14:41:08.460179
----------------
Iteration Number: 292, Likelihood Calls: 611, logz: -313.23
Current time: 2017-08-15 14:41:09.970870
----------------
Iteration Number: 293, Likelihood Calls: 612, logz: -312.10
Current time: 2017-08-15 14:41:11.477927
----------------
Iteration Number: 294, Likelihood Calls: 614, logz: -305.31
Current time: 2017-08-15 14:41:14.484977
----------------
Iteration Number: 295, Likelihood Calls: 618, logz: -303.91
Current time: 2017-08-15 14:41:20.455370
----------------
Iteration Number: 296, Likelihood Calls: 619, logz: -289.87
Current time: 2017-08-15 14:41:21.965230
----------------
Iteration Number: 297, Likelihood Calls: 620, logz: -288.56
Current time: 2017-08-15 14:41:23.479801
----------------
Iteration Number: 298, Likelihood Calls: 621, logz: -283.16
Current time: 2017-08-15 14:41:24.999659
----------------
Iteration Number: 299, Likelihood Calls: 622, logz: -282.10
Current time: 2017-08-15 14:41:26.523582
----------------
Iteration Number: 300, Likelihood Calls: 627, logz: -281.39
Current time: 2017-08-15 14:41:34.013572
----------------
Iteration Number: 301, Likelihood Calls: 628, logz: -280.33
Current time: 2017-08-15 14:41:35.537551
----------------
Iteration Number: 302, Likelihood Calls: 629, logz: -277.02
Current time: 2017-08-15 14:41:37.062953
----------------
Iteration Number: 303, Likelihood Calls: 631, logz: -276.31
Current time: 2017-08-15 14:41:40.054915
----------------
Iteration Number: 304, Likelihood Calls: 633, logz: -274.68
Current time: 2017-08-15 14:41:43.048249
----------------
Iteration Number: 305, Likelihood Calls: 635, logz: -274.06
Current time: 2017-08-15 14:41:46.031502
----------------
Iteration Number: 306, Likelihood Calls: 636, logz: -269.37
Current time: 2017-08-15 14:41:47.551986
----------------
Iteration Number: 307, Likelihood Calls: 637, logz: -267.90
Current time: 2017-08-15 14:41:49.059244
----------------
Iteration Number: 308, Likelihood Calls: 638, logz: -264.31
Current time: 2017-08-15 14:41:50.572249
----------------
Iteration Number: 309, Likelihood Calls: 639, logz: -251.19
Current time: 2017-08-15 14:41:52.093969
----------------
Iteration Number: 310, Likelihood Calls: 640, logz: -244.09
Current time: 2017-08-15 14:41:53.618098
----------------
Iteration Number: 311, Likelihood Calls: 642, logz: -243.34
Current time: 2017-08-15 14:41:56.643383
----------------
Iteration Number: 312, Likelihood Calls: 643, logz: -242.64
Current time: 2017-08-15 14:41:58.175256
