Loading Setup File: setup_files/mocks_paper1/mock_6.py
Running Nested Sampling
-initializing models
-Saving initial results dataframe
Dynamic Sampler Initialized
iter: 1 | batch: 0 | nc: 1 | ncalls: 1 | bounds: 0 | eff(%):  0.200 | logz: -5.7e+05 +/- 1.2e-01 | dlogz:    inf >  0.500
 loglike: -5.7e+05 | params: [-0.35324362  0.16528063 -0.94612631  0.1916264   4.92801897  1.07914733
 25.59690449]
 Average call time: 4856.13 sec | Current time: 2018-12-03 14:40:30.204854
 --------------------------
iter: 2 | batch: 0 | nc: 1 | ncalls: 2 | bounds: 0 | eff(%):  0.398 | logz: -5.6e+05 +/- 1.2e-01 | dlogz: 542592.742 >  0.500
 loglike: -5.6e+05 | params: [-0.43951032  0.32618773 -0.84509578  0.16440085  4.93067794  2.23750938
 26.13336982]
 Average call time: 11.05 sec | Current time: 2018-12-03 14:40:41.257892
 --------------------------
iter: 3 | batch: 0 | nc: 1 | ncalls: 3 | bounds: 0 | eff(%):  0.596 | logz: -5.6e+05 +/- 1.2e-01 | dlogz: 540575.741 >  0.500
 loglike: -5.6e+05 | params: [-0.45575406  0.03974907 -0.48401391  0.17389856  4.99859838  0.95770308
 26.63692151]
 Average call time: 11.11 sec | Current time: 2018-12-03 14:40:52.363092
 --------------------------
iter: 4 | batch: 0 | nc: 1 | ncalls: 4 | bounds: 0 | eff(%):  0.794 | logz: -5.6e+05 +/- 1.2e-01 | dlogz: 539854.353 >  0.500
 loglike: -5.6e+05 | params: [-0.38963233  0.03126586 -0.40610651  0.06334497  4.8032394   2.67308857
 25.96809345]
 Average call time: 7.45 sec | Current time: 2018-12-03 14:40:59.812593
 --------------------------
iter: 5 | batch: 0 | nc: 1 | ncalls: 5 | bounds: 0 | eff(%):  0.990 | logz: -5.6e+05 +/- 1.2e-01 | dlogz: 538603.156 >  0.500
 loglike: -5.6e+05 | params: [-0.16210108  0.1684131  -0.18431644  0.38998478  4.68245633  0.88193816
 25.59226759]
 Average call time: 7.98 sec | Current time: 2018-12-03 14:41:07.790856
 --------------------------
iter: 6 | batch: 0 | nc: 1 | ncalls: 6 | bounds: 0 | eff(%):  1.186 | logz: -5.6e+05 +/- 1.2e-01 | dlogz: 536576.531 >  0.500
 loglike: -5.6e+05 | params: [-0.17910382  0.05880453 -0.09118627  0.0766243   4.63027209  0.18258329
 25.86767193]
 Average call time: 11.22 sec | Current time: 2018-12-03 14:41:19.014192
 --------------------------
iter: 7 | batch: 0 | nc: 1 | ncalls: 7 | bounds: 0 | eff(%):  1.381 | logz: -5.6e+05 +/- 1.2e-01 | dlogz: 536495.894 >  0.500
 loglike: -5.6e+05 | params: [-0.47614395  0.38579504 -0.48036456  0.09896058  4.50039123  1.87079668
 25.69329663]
 Average call time: 5.94 sec | Current time: 2018-12-03 14:41:24.954467
 --------------------------
iter: 8 | batch: 0 | nc: 1 | ncalls: 8 | bounds: 0 | eff(%):  1.575 | logz: -5.6e+05 +/- 1.2e-01 | dlogz: 536355.187 >  0.500
 loglike: -5.6e+05 | params: [ 0.17854585  0.29281253 -0.94207897  0.2098497   4.92624081  1.18829583
 28.14490157]
 Average call time: 3.96 sec | Current time: 2018-12-03 14:41:28.917436
 --------------------------
iter: 9 | batch: 0 | nc: 1 | ncalls: 9 | bounds: 0 | eff(%):  1.768 | logz: -5.6e+05 +/- 1.2e-01 | dlogz: 536311.734 >  0.500
 loglike: -5.6e+05 | params: [ 0.02843598  0.103141   -0.07513237  0.18801349  4.63726384  0.57249286
 25.92143542]
 Average call time: 12.62 sec | Current time: 2018-12-03 14:41:41.542428
 --------------------------
iter: 10 | batch: 0 | nc: 1 | ncalls: 10 | bounds: 0 | eff(%):  1.961 | logz: -5.6e+05 +/- 1.2e-01 | dlogz: 536290.993 >  0.500
 loglike: -5.6e+05 | params: [-0.3617803   0.37262712 -0.31349972  0.32962181  4.96031546  0.73745142
 27.86755873]
 Average call time: 9.27 sec | Current time: 2018-12-03 14:41:50.810269
 --------------------------
iter: 11 | batch: 0 | nc: 1 | ncalls: 11 | bounds: 0 | eff(%):  2.153 | logz: -5.6e+05 +/- 1.2e-01 | dlogz: 535635.596 >  0.500
 loglike: -5.6e+05 | params: [-0.3369382   0.16906228 -0.78597833  0.17587936  4.74256078  0.67025103
 27.65952263]
 Average call time: 12.69 sec | Current time: 2018-12-03 14:42:03.498849
 --------------------------
iter: 12 | batch: 0 | nc: 1 | ncalls: 12 | bounds: 0 | eff(%):  2.344 | logz: -5.6e+05 +/- 1.2e-01 | dlogz: 535545.351 >  0.500
 loglike: -5.6e+05 | params: [-0.34403816  0.05461427 -0.13014429  0.03040052  4.87449809  2.68724913
 27.05138979]
 Average call time: 14.51 sec | Current time: 2018-12-03 14:42:18.004498
 --------------------------
iter: 13 | batch: 0 | nc: 1 | ncalls: 13 | bounds: 0 | eff(%):  2.534 | logz: -5.6e+05 +/- 1.2e-01 | dlogz: 535511.052 >  0.500
 loglike: -5.6e+05 | params: [-0.07289091  0.04270449 -0.83072207  0.04623078  4.6240898   3.63453948
 25.531926  ]
 Average call time: 9.19 sec | Current time: 2018-12-03 14:42:27.190131
 --------------------------
iter: 14 | batch: 0 | nc: 1 | ncalls: 14 | bounds: 0 | eff(%):  2.724 | logz: -5.6e+05 +/- 1.2e-01 | dlogz: 534092.251 >  0.500
 loglike: -5.6e+05 | params: [-1.03479779e-02  1.44926992e-01 -4.54620671e-01  1.10415364e-01
  4.48713863e+00  1.49619656e+00  2.68531793e+01]
 Average call time: 4.02 sec | Current time: 2018-12-03 14:42:31.211772
 --------------------------
iter: 15 | batch: 0 | nc: 1 | ncalls: 15 | bounds: 0 | eff(%):  2.913 | logz: -5.6e+05 +/- 1.2e-01 | dlogz: 533807.963 >  0.500
 loglike: -5.6e+05 | params: [-0.08912087  0.29748914 -0.97201571  0.34816469  4.99452304  2.66994761
 29.25130417]
 Average call time: 7.62 sec | Current time: 2018-12-03 14:42:38.828906
 --------------------------
iter: 16 | batch: 0 | nc: 1 | ncalls: 16 | bounds: 0 | eff(%):  3.101 | logz: -5.6e+05 +/- 1.2e-01 | dlogz: 533538.691 >  0.500
 loglike: -5.6e+05 | params: [-0.16216995  0.31371567 -0.16784826  0.04538638  4.77565481  1.21209775
 28.28046125]
 Average call time: 11.43 sec | Current time: 2018-12-03 14:42:50.258399
 --------------------------
iter: 17 | batch: 0 | nc: 1 | ncalls: 17 | bounds: 0 | eff(%):  3.288 | logz: -5.6e+05 +/- 1.2e-01 | dlogz: 533359.946 >  0.500
 loglike: -5.6e+05 | params: [ 0.24803526  0.28399061 -0.62612016  0.1725741   4.70039765  2.03438485
 28.3200634 ]
 Average call time: 5.75 sec | Current time: 2018-12-03 14:42:56.009593
 --------------------------
iter: 18 | batch: 0 | nc: 1 | ncalls: 18 | bounds: 0 | eff(%):  3.475 | logz: -5.6e+05 +/- 1.2e-01 | dlogz: 533281.349 >  0.500
 loglike: -5.6e+05 | params: [-0.43291775  0.03458077 -0.72419398  0.16086556  4.54835369  0.46072605
 27.70264601]
 Average call time: 10.98 sec | Current time: 2018-12-03 14:43:06.991197
 --------------------------
iter: 19 | batch: 0 | nc: 1 | ncalls: 19 | bounds: 0 | eff(%):  3.661 | logz: -5.6e+05 +/- 1.2e-01 | dlogz: 533179.784 >  0.500
 loglike: -5.6e+05 | params: [ 2.05957431e-02  1.55556402e-01 -2.31982283e-01  3.30584542e-01
  4.70697477e+00  1.73559676e+00  2.80047826e+01]
 Average call time: 14.40 sec | Current time: 2018-12-03 14:43:21.387250
 --------------------------
iter: 20 | batch: 0 | nc: 1 | ncalls: 20 | bounds: 0 | eff(%):  3.846 | logz: -5.6e+05 +/- 1.2e-01 | dlogz: 532299.019 >  0.500
 loglike: -5.6e+05 | params: [ 0.11363518  0.23112977 -0.05917765  0.17099693  4.70847274  3.87004838
 25.26067585]
 Average call time: 5.92 sec | Current time: 2018-12-03 14:43:27.303329
 --------------------------
iter: 21 | batch: 0 | nc: 1 | ncalls: 21 | bounds: 0 | eff(%):  4.031 | logz: -5.6e+05 +/- 1.2e-01 | dlogz: 532176.389 >  0.500
 loglike: -5.6e+05 | params: [-2.68063652e-02  2.29471973e-01 -4.32918786e-01  3.30971091e-01
  4.75594922e+00  1.62392118e+00  2.85642201e+01]
 Average call time: 16.40 sec | Current time: 2018-12-03 14:43:43.704330
 --------------------------
iter: 22 | batch: 0 | nc: 1 | ncalls: 22 | bounds: 0 | eff(%):  4.215 | logz: -5.6e+05 +/- 1.2e-01 | dlogz: 532155.336 >  0.500
 loglike: -5.6e+05 | params: [-0.47710042  0.17237771 -0.99387779  0.27417125  4.47559709  3.06900228
 26.40555216]
 Average call time: 14.61 sec | Current time: 2018-12-03 14:43:58.312613
 --------------------------
iter: 23 | batch: 0 | nc: 1 | ncalls: 23 | bounds: 0 | eff(%):  4.398 | logz: -5.6e+05 +/- 1.2e-01 | dlogz: 532130.935 >  0.500
 loglike: -5.6e+05 | params: [ 1.10629723e-01  2.84916771e-01 -5.90395459e-01  2.21717320e-02
  4.81605746e+00  4.88149554e+00  2.50327314e+01]
 Average call time: 4.02 sec | Current time: 2018-12-03 14:44:02.332450
 --------------------------
iter: 24 | batch: 0 | nc: 1 | ncalls: 24 | bounds: 0 | eff(%):  4.580 | logz: -5.6e+05 +/- 1.2e-01 | dlogz: 532109.047 >  0.500
 loglike: -5.6e+05 | params: [-0.32885694  0.21142088 -0.06804284  0.23816932  4.95897846  3.4952069
 27.08177874]
 Average call time: 12.67 sec | Current time: 2018-12-03 14:44:15.006052
 --------------------------
iter: 25 | batch: 0 | nc: 1 | ncalls: 25 | bounds: 0 | eff(%):  4.762 | logz: -5.6e+05 +/- 1.2e-01 | dlogz: 531994.303 >  0.500
 loglike: -5.6e+05 | params: [ 0.1866589   0.25281137 -0.44066826  0.14498385  4.33041793  2.03681558
 26.44011193]
 Average call time: 5.86 sec | Current time: 2018-12-03 14:44:20.868681
 --------------------------
iter: 26 | batch: 0 | nc: 1 | ncalls: 26 | bounds: 0 | eff(%):  4.943 | logz: -5.5e+05 +/- 1.2e-01 | dlogz: 531986.860 >  0.500
 loglike: -5.5e+05 | params: [-0.03704021  0.39537999 -0.33377566  0.10187549  4.67396038  2.16889625
 28.95327266]
 Average call time: 11.32 sec | Current time: 2018-12-03 14:44:32.190080
 --------------------------
iter: 27 | batch: 0 | nc: 1 | ncalls: 27 | bounds: 0 | eff(%):  5.123 | logz: -5.5e+05 +/- 1.2e-01 | dlogz: 531022.719 >  0.500
 loglike: -5.5e+05 | params: [-0.47008726  0.3370423  -0.88294213  0.21877888  4.49223387  0.40579191
 28.46195393]
 Average call time: 11.19 sec | Current time: 2018-12-03 14:44:43.375643
 --------------------------
iter: 28 | batch: 0 | nc: 1 | ncalls: 28 | bounds: 0 | eff(%):  5.303 | logz: -5.5e+05 +/- 1.2e-01 | dlogz: 530868.654 >  0.500
 loglike: -5.5e+05 | params: [-2.17172434e-03  1.66222082e-01 -8.20695867e-01  3.02922183e-01
  4.06809581e+00  1.33672488e+00  2.50115097e+01]
 Average call time: 12.60 sec | Current time: 2018-12-03 14:44:55.978872
 --------------------------
iter: 29 | batch: 0 | nc: 1 | ncalls: 29 | bounds: 0 | eff(%):  5.482 | logz: -5.5e+05 +/- 1.2e-01 | dlogz: 530848.920 >  0.500
 loglike: -5.5e+05 | params: [ 0.14345969  0.25729188 -0.23281291  0.32340185  4.18572507  0.81565817
 25.12830242]
 Average call time: 5.61 sec | Current time: 2018-12-03 14:45:01.586785
 --------------------------
iter: 30 | batch: 0 | nc: 1 | ncalls: 30 | bounds: 0 | eff(%):  5.660 | logz: -5.5e+05 +/- 1.2e-01 | dlogz: 530791.571 >  0.500
 loglike: -5.5e+05 | params: [-0.06235547  0.26629362 -0.3886639   0.2643224   4.32200807  0.58127328
 26.41196878]
 Average call time: 9.30 sec | Current time: 2018-12-03 14:45:10.884071
 --------------------------
iter: 31 | batch: 0 | nc: 1 | ncalls: 31 | bounds: 0 | eff(%):  5.838 | logz: -5.5e+05 +/- 1.2e-01 | dlogz: 530745.224 >  0.500
 loglike: -5.5e+05 | params: [-0.05401569  0.37981337 -0.03333254  0.31774998  4.5821863   3.7405882
 25.12468148]
 Average call time: 6.02 sec | Current time: 2018-12-03 14:45:16.901975
 --------------------------
iter: 32 | batch: 0 | nc: 1 | ncalls: 32 | bounds: 0 | eff(%):  6.015 | logz: -5.5e+05 +/- 1.2e-01 | dlogz: 530704.359 >  0.500
 loglike: -5.5e+05 | params: [ 0.1084744   0.35162972 -0.33401177  0.24373889  4.57340904  3.64381375
 26.2219179 ]
 Average call time: 12.68 sec | Current time: 2018-12-03 14:45:29.581858
 --------------------------
iter: 33 | batch: 0 | nc: 1 | ncalls: 33 | bounds: 0 | eff(%):  6.191 | logz: -5.5e+05 +/- 1.1e-01 | dlogz: 530594.776 >  0.500
 loglike: -5.5e+05 | params: [ 0.03006807  0.13573066 -0.2162778   0.25027919  4.48699305  0.77890861
 27.72825931]
 Average call time: 7.45 sec | Current time: 2018-12-03 14:45:37.026955
 --------------------------
iter: 34 | batch: 0 | nc: 1 | ncalls: 34 | bounds: 0 | eff(%):  6.367 | logz: -5.5e+05 +/- 1.2e-01 | dlogz: 530593.080 >  0.500
 loglike: -5.5e+05 | params: [ 0.02938001  0.16385442 -0.18355009  0.2626305   4.72533551  3.65896878
 26.89977156]
 Average call time: 11.15 sec | Current time: 2018-12-03 14:45:48.174519
 --------------------------
iter: 35 | batch: 0 | nc: 1 | ncalls: 35 | bounds: 0 | eff(%):  6.542 | logz: -5.5e+05 +/- 1.2e-01 | dlogz: 530360.101 >  0.500
 loglike: -5.5e+05 | params: [-0.08875998  0.14159898 -0.86566483  0.18046234  4.8421117   3.09005334
 29.71601801]
 Average call time: 9.32 sec | Current time: 2018-12-03 14:45:57.496817
 --------------------------
iter: 36 | batch: 0 | nc: 2 | ncalls: 37 | bounds: 0 | eff(%):  6.704 | logz: -5.5e+05 +/- 1.2e-01 | dlogz: 530282.855 >  0.500
 loglike: -5.5e+05 | params: [-0.46637728  0.39244141 -0.54349226  0.04123015  4.53869399  1.42173271
 28.92090784]
 Average call time: 9.42 sec | Current time: 2018-12-03 14:46:16.330891
 --------------------------
iter: 37 | batch: 0 | nc: 1 | ncalls: 38 | bounds: 0 | eff(%):  6.877 | logz: -5.5e+05 +/- 1.2e-01 | dlogz: 530218.142 >  0.500
 loglike: -5.5e+05 | params: [-0.45791483  0.36006963 -0.10420049  0.19185822  4.61971118  1.31020256
 28.68230611]
 Average call time: 9.34 sec | Current time: 2018-12-03 14:46:25.674126
 --------------------------
iter: 38 | batch: 0 | nc: 1 | ncalls: 39 | bounds: 0 | eff(%):  7.050 | logz: -5.5e+05 +/- 1.2e-01 | dlogz: 530160.424 >  0.500
 loglike: -5.5e+05 | params: [ 0.11124115  0.30844831 -0.53413858  0.18774174  4.58927515  2.62708102
 28.5454967 ]
 Average call time: 7.71 sec | Current time: 2018-12-03 14:46:33.388036
 --------------------------
iter: 39 | batch: 0 | nc: 1 | ncalls: 40 | bounds: 0 | eff(%):  7.222 | logz: -5.5e+05 +/- 1.2e-01 | dlogz: 530118.200 >  0.500
 loglike: -5.5e+05 | params: [-0.08316021  0.09508344 -0.20939914  0.05329547  4.35170185  2.00597418
 27.17131157]
 Average call time: 12.73 sec | Current time: 2018-12-03 14:46:46.114286
 --------------------------
iter: 40 | batch: 0 | nc: 1 | ncalls: 41 | bounds: 0 | eff(%):  7.394 | logz: -5.5e+05 +/- 1.2e-01 | dlogz: 530083.369 >  0.500
 loglike: -5.5e+05 | params: [-0.05876001  0.19861237 -0.41590872  0.09300311  4.8422718   3.32524587
 29.10374468]
 Average call time: 7.45 sec | Current time: 2018-12-03 14:46:53.566357
 --------------------------
iter: 41 | batch: 0 | nc: 1 | ncalls: 42 | bounds: 0 | eff(%):  7.565 | logz: -5.5e+05 +/- 1.2e-01 | dlogz: 530045.666 >  0.500
 loglike: -5.5e+05 | params: [ 0.22819399  0.31406717 -0.86822353  0.37232835  4.31118632  3.20258016
 25.70285323]
 Average call time: 16.42 sec | Current time: 2018-12-03 14:47:09.983332
 --------------------------
iter: 42 | batch: 0 | nc: 1 | ncalls: 43 | bounds: 0 | eff(%):  7.735 | logz: -5.5e+05 +/- 1.2e-01 | dlogz: 529813.850 >  0.500
 loglike: -5.5e+05 | params: [-0.35739622  0.26568453 -0.06687705  0.09528497  4.62914691  3.31124922
 27.56631804]
 Average call time: 9.39 sec | Current time: 2018-12-03 14:47:19.371459
 --------------------------
iter: 43 | batch: 0 | nc: 1 | ncalls: 44 | bounds: 0 | eff(%):  7.904 | logz: -5.5e+05 +/- 1.2e-01 | dlogz: 529690.640 >  0.500
 loglike: -5.5e+05 | params: [-7.50940036e-02  3.34418550e-01 -2.50662552e-02  3.86785300e-01
  4.79881040e+00  4.45911664e+00  2.54626806e+01]
 Average call time: 9.30 sec | Current time: 2018-12-03 14:47:28.670266
 --------------------------
iter: 44 | batch: 0 | nc: 1 | ncalls: 45 | bounds: 0 | eff(%):  8.073 | logz: -5.5e+05 +/- 1.2e-01 | dlogz: 529364.977 >  0.500
 loglike: -5.5e+05 | params: [ 2.03849952e-02  2.24127136e-01 -1.10769917e-01  3.98612420e-02
  4.13273480e+00  1.24686883e+00  2.52934921e+01]
 Average call time: 14.57 sec | Current time: 2018-12-03 14:47:43.240683
 --------------------------
iter: 45 | batch: 0 | nc: 1 | ncalls: 46 | bounds: 0 | eff(%):  8.242 | logz: -5.5e+05 +/- 1.2e-01 | dlogz: 529354.600 >  0.500
 loglike: -5.5e+05 | params: [-0.40545944  0.35940875 -0.54872692  0.26733114  4.23722067  2.33540662
 26.36690895]
 Average call time: 11.14 sec | Current time: 2018-12-03 14:47:54.382733
 --------------------------
iter: 46 | batch: 0 | nc: 1 | ncalls: 47 | bounds: 0 | eff(%):  8.410 | logz: -5.5e+05 +/- 1.2e-01 | dlogz: 529297.095 >  0.500
 loglike: -5.5e+05 | params: [-2.77130760e-01  4.21889562e-02 -3.78675140e-01  2.86185809e-02
  4.42021874e+00  2.52006390e+00  2.87939172e+01]
 Average call time: 10.99 sec | Current time: 2018-12-03 14:48:05.368369
 --------------------------
iter: 47 | batch: 0 | nc: 1 | ncalls: 48 | bounds: 0 | eff(%):  8.577 | logz: -5.5e+05 +/- 1.2e-01 | dlogz: 528139.473 >  0.500
 loglike: -5.5e+05 | params: [-0.3264229   0.39656287 -0.9940021   0.1473952   4.15703245  0.87824097
 27.21166125]
 Average call time: 13.23 sec | Current time: 2018-12-03 14:48:18.599166
 --------------------------
iter: 48 | batch: 0 | nc: 1 | ncalls: 49 | bounds: 0 | eff(%):  8.743 | logz: -5.5e+05 +/- 1.2e-01 | dlogz: 527860.797 >  0.500
 loglike: -5.5e+05 | params: [-0.15483239  0.04645751 -0.09006913  0.06685571  4.57912665  1.71997418
 29.65994393]
 Average call time: 11.63 sec | Current time: 2018-12-03 14:48:30.225734
 --------------------------
iter: 49 | batch: 0 | nc: 1 | ncalls: 50 | bounds: 0 | eff(%):  8.909 | logz: -5.5e+05 +/- 1.2e-01 | dlogz: 527856.079 >  0.500
 loglike: -5.5e+05 | params: [-0.35343522  0.30921682 -0.87629396  0.14431091  4.33457853  4.35536023
 25.19244058]
 Average call time: 7.55 sec | Current time: 2018-12-03 14:48:37.775840
 --------------------------
iter: 50 | batch: 0 | nc: 1 | ncalls: 51 | bounds: 0 | eff(%):  9.074 | logz: -5.5e+05 +/- 1.2e-01 | dlogz: 527804.863 >  0.500
 loglike: -5.5e+05 | params: [-0.48619926  0.34793458 -0.88879495  0.11578614  4.96987858  6.64022027
 26.22527803]
 Average call time: 10.99 sec | Current time: 2018-12-03 14:48:48.770104
 --------------------------
iter: 51 | batch: 0 | nc: 1 | ncalls: 52 | bounds: 0 | eff(%):  9.239 | logz: -5.5e+05 +/- 1.2e-01 | dlogz: 527792.374 >  0.500
 loglike: -5.5e+05 | params: [ 0.05661107  0.05648574 -0.48827874  0.34057425  4.97417461  5.0829738
 26.42736665]
 Average call time: 12.65 sec | Current time: 2018-12-03 14:49:01.417275
 --------------------------
iter: 52 | batch: 0 | nc: 1 | ncalls: 53 | bounds: 0 | eff(%):  9.403 | logz: -5.5e+05 +/- 1.2e-01 | dlogz: 527701.305 >  0.500
 loglike: -5.5e+05 | params: [-0.36934647  0.1502853  -0.53234703  0.13528169  4.65859309  3.5835466
 28.42987617]
 Average call time: 9.56 sec | Current time: 2018-12-03 14:49:10.973331
 --------------------------
iter: 53 | batch: 0 | nc: 1 | ncalls: 54 | bounds: 0 | eff(%):  9.567 | logz: -5.5e+05 +/- 1.2e-01 | dlogz: 527685.415 >  0.500
 loglike: -5.5e+05 | params: [ 0.06768961  0.16013732 -0.71718764  0.11188351  4.48540767  3.00004564
 29.4401789 ]
 Average call time: 10.88 sec | Current time: 2018-12-03 14:49:21.848746
 --------------------------
iter: 54 | batch: 0 | nc: 1 | ncalls: 55 | bounds: 0 | eff(%):  9.730 | logz: -5.5e+05 +/- 1.2e-01 | dlogz: 527528.967 >  0.500
 loglike: -5.5e+05 | params: [-0.07737562  0.2661477  -0.22809279  0.34141154  4.32197377  3.48377021
 25.828126  ]
 Average call time: 14.53 sec | Current time: 2018-12-03 14:49:36.380954
 --------------------------
iter: 55 | batch: 0 | nc: 1 | ncalls: 56 | bounds: 0 | eff(%):  9.892 | logz: -5.5e+05 +/- 1.2e-01 | dlogz: 527302.541 >  0.500
 loglike: -5.5e+05 | params: [-0.35636041  0.25640133 -0.56227226  0.31843626  4.11990323  2.25348158
 26.38232128]
 Average call time: 5.70 sec | Current time: 2018-12-03 14:49:42.085358
 --------------------------
iter: 56 | batch: 0 | nc: 1 | ncalls: 57 | bounds: 0 | eff(%): 10.054 | logz: -5.5e+05 +/- 1.2e-01 | dlogz: 526949.446 >  0.500
 loglike: -5.5e+05 | params: [-0.11952635  0.06875452 -0.88688225  0.10466316  4.5593479   3.66228448
 28.48604836]
 Average call time: 14.78 sec | Current time: 2018-12-03 14:49:56.865493
 --------------------------
iter: 57 | batch: 0 | nc: 1 | ncalls: 58 | bounds: 0 | eff(%): 10.215 | logz: -5.5e+05 +/- 1.2e-01 | dlogz: 526676.647 >  0.500
 loglike: -5.5e+05 | params: [ 0.05487244  0.30053925 -0.89421725  0.10165112  4.29768441  2.04677929
 29.10612708]
 Average call time: 15.21 sec | Current time: 2018-12-03 14:50:12.079273
 --------------------------
iter: 58 | batch: 0 | nc: 1 | ncalls: 59 | bounds: 0 | eff(%): 10.376 | logz: -5.5e+05 +/- 1.2e-01 | dlogz: 526497.095 >  0.500
 loglike: -5.5e+05 | params: [-0.09351005  0.37886066 -0.67674123  0.05702795  4.78954904  6.87057509
 25.13018432]
 Average call time: 12.82 sec | Current time: 2018-12-03 14:50:24.903504
 --------------------------
iter: 59 | batch: 0 | nc: 1 | ncalls: 60 | bounds: 0 | eff(%): 10.536 | logz: -5.5e+05 +/- 1.2e-01 | dlogz: 526321.239 >  0.500
 loglike: -5.5e+05 | params: [ 0.08844177  0.23298181 -0.33947986  0.21829246  4.18298459  2.0879888
 27.65240752]
 Average call time: 11.03 sec | Current time: 2018-12-03 14:50:35.937366
 --------------------------
iter: 60 | batch: 0 | nc: 2 | ncalls: 62 | bounds: 0 | eff(%): 10.676 | logz: -5.5e+05 +/- 1.2e-01 | dlogz: 526177.932 >  0.500
 loglike: -5.5e+05 | params: [-0.21245642  0.26614238 -0.36073691  0.10287913  4.54715373  4.55142947
 26.49162812]
 Average call time: 8.46 sec | Current time: 2018-12-03 14:50:52.851795
 --------------------------
iter: 61 | batch: 0 | nc: 1 | ncalls: 63 | bounds: 0 | eff(%): 10.835 | logz: -5.5e+05 +/- 1.2e-01 | dlogz: 526059.242 >  0.500
 loglike: -5.5e+05 | params: [-0.10984965  0.03594321 -0.24252723  0.39557291  4.20560383  2.81745058
 26.67695621]
 Average call time: 12.98 sec | Current time: 2018-12-03 14:51:05.831399
 --------------------------
iter: 62 | batch: 0 | nc: 1 | ncalls: 64 | bounds: 0 | eff(%): 10.993 | logz: -5.5e+05 +/- 1.2e-01 | dlogz: 526023.088 >  0.500
 loglike: -5.5e+05 | params: [-0.48262944  0.21280799 -0.73340898  0.18921619  4.89443703  6.40243288
 26.42062758]
 Average call time: 9.38 sec | Current time: 2018-12-03 14:51:15.209945
 --------------------------
iter: 63 | batch: 0 | nc: 1 | ncalls: 65 | bounds: 0 | eff(%): 11.150 | logz: -5.5e+05 +/- 1.2e-01 | dlogz: 525961.713 >  0.500
 loglike: -5.5e+05 | params: [-0.38639816  0.09416713 -0.94260855  0.36760293  4.32268036  1.35613379
 29.33853338]
 Average call time: 11.08 sec | Current time: 2018-12-03 14:51:26.290099
 --------------------------
iter: 64 | batch: 0 | nc: 1 | ncalls: 66 | bounds: 0 | eff(%): 11.307 | logz: -5.5e+05 +/- 1.2e-01 | dlogz: 525730.634 >  0.500
 loglike: -5.5e+05 | params: [-0.32390542  0.31840422 -0.64004528  0.04710235  4.1408199   3.16916674
 26.78383734]
 Average call time: 12.85 sec | Current time: 2018-12-03 14:51:39.143535
 --------------------------
iter: 65 | batch: 0 | nc: 1 | ncalls: 67 | bounds: 0 | eff(%): 11.464 | logz: -5.5e+05 +/- 1.2e-01 | dlogz: 525535.191 >  0.500
 loglike: -5.5e+05 | params: [ 0.08972629  0.37155895 -0.66241576  0.29363553  4.29488736  3.79379771
 26.69351012]
 Average call time: 7.55 sec | Current time: 2018-12-03 14:51:46.688772
 --------------------------
iter: 66 | batch: 0 | nc: 1 | ncalls: 68 | bounds: 0 | eff(%): 11.620 | logz: -5.5e+05 +/- 1.2e-01 | dlogz: 525072.096 >  0.500
 loglike: -5.5e+05 | params: [ 0.18329546  0.26497112 -0.08752888  0.23031619  4.07238731  0.44635875
 26.63906109]
 Average call time: 12.95 sec | Current time: 2018-12-03 14:51:59.640436
 --------------------------
iter: 67 | batch: 0 | nc: 2 | ncalls: 70 | bounds: 0 | eff(%): 11.754 | logz: -5.5e+05 +/- 1.2e-01 | dlogz: 525048.998 >  0.500
 loglike: -5.5e+05 | params: [-0.18182068  0.26161387 -0.56443166  0.23007498  4.13955544  1.38377372
 27.9142019 ]
 Average call time: 10.88 sec | Current time: 2018-12-03 14:52:21.400499
 --------------------------
iter: 68 | batch: 0 | nc: 1 | ncalls: 71 | bounds: 0 | eff(%): 11.909 | logz: -5.5e+05 +/- 1.2e-01 | dlogz: 525041.917 >  0.500
 loglike: -5.5e+05 | params: [-0.12877449  0.32775377 -0.04543422  0.26224364  4.64339901  5.56788033
 25.21471495]
 Average call time: 12.69 sec | Current time: 2018-12-03 14:52:34.091809
 --------------------------
iter: 69 | batch: 0 | nc: 1 | ncalls: 72 | bounds: 0 | eff(%): 12.063 | logz: -5.5e+05 +/- 1.2e-01 | dlogz: 524597.640 >  0.500
 loglike: -5.5e+05 | params: [ 0.10096223  0.13702452 -0.88598022  0.23290679  4.0764354   3.53797671
 25.41766943]
 Average call time: 9.25 sec | Current time: 2018-12-03 14:52:43.341326
 --------------------------
iter: 70 | batch: 0 | nc: 2 | ncalls: 74 | bounds: 0 | eff(%): 12.195 | logz: -5.5e+05 +/- 1.2e-01 | dlogz: 524572.548 >  0.500
 loglike: -5.5e+05 | params: [-0.12655315  0.15680154 -0.83912881  0.29602287  4.34109941  2.61914328
 29.89032682]
 Average call time: 6.78 sec | Current time: 2018-12-03 14:52:56.893989
 --------------------------
iter: 71 | batch: 0 | nc: 1 | ncalls: 75 | bounds: 0 | eff(%): 12.348 | logz: -5.5e+05 +/- 1.2e-01 | dlogz: 524483.037 >  0.500
 loglike: -5.5e+05 | params: [-0.14690498  0.21469662 -0.73701952  0.05758075  4.19538543  1.22814193
 29.02832893]
 Average call time: 10.95 sec | Current time: 2018-12-03 14:53:07.844418
 --------------------------
iter: 72 | batch: 0 | nc: 1 | ncalls: 76 | bounds: 0 | eff(%): 12.500 | logz: -5.5e+05 +/- 1.2e-01 | dlogz: 524278.560 >  0.500
 loglike: -5.5e+05 | params: [-0.3908079   0.12242988 -0.91609487  0.09438258  4.79007675  7.76092243
 25.01948323]
 Average call time: 16.45 sec | Current time: 2018-12-03 14:53:24.297252
 --------------------------
iter: 73 | batch: 0 | nc: 1 | ncalls: 77 | bounds: 0 | eff(%): 12.652 | logz: -5.5e+05 +/- 1.2e-01 | dlogz: 524263.143 >  0.500
 loglike: -5.5e+05 | params: [ 0.08210333  0.37211468 -0.89058378  0.04655676  4.55137345  5.67662332
 26.07910826]
 Average call time: 13.22 sec | Current time: 2018-12-03 14:53:37.514295
 --------------------------
iter: 74 | batch: 0 | nc: 1 | ncalls: 78 | bounds: 0 | eff(%): 12.803 | logz: -5.5e+05 +/- 1.2e-01 | dlogz: 524185.486 >  0.500
 loglike: -5.5e+05 | params: [-0.10763014  0.23192635 -0.67044108  0.03281994  3.91790527  2.20547693
 26.52559771]
 Average call time: 9.42 sec | Current time: 2018-12-03 14:53:46.935926
 --------------------------
iter: 75 | batch: 0 | nc: 2 | ncalls: 80 | bounds: 0 | eff(%): 12.931 | logz: -5.5e+05 +/- 1.1e-01 | dlogz: 524157.686 >  0.500
 loglike: -5.5e+05 | params: [-0.24168727  0.26353457 -0.87379468  0.0851568   3.94834597  1.10353221
 26.84824937]
 Average call time: 11.12 sec | Current time: 2018-12-03 14:54:09.168494
 --------------------------
iter: 76 | batch: 0 | nc: 2 | ncalls: 82 | bounds: 0 | eff(%): 13.058 | logz: -5.5e+05 +/- 1.2e-01 | dlogz: 524155.731 >  0.500
 loglike: -5.5e+05 | params: [-0.17871064  0.38929286 -0.13836119  0.1682846   4.54018981  5.42915434
 25.52814218]
 Average call time: 12.23 sec | Current time: 2018-12-03 14:54:33.634699
 --------------------------
iter: 77 | batch: 0 | nc: 1 | ncalls: 83 | bounds: 0 | eff(%): 13.208 | logz: -5.5e+05 +/- 1.2e-01 | dlogz: 524071.788 >  0.500
 loglike: -5.5e+05 | params: [-0.38736329  0.10895736 -0.88483806  0.1313914   4.05750988  0.6872756
 28.14176585]
 Average call time: 11.15 sec | Current time: 2018-12-03 14:54:44.787684
 --------------------------
iter: 78 | batch: 0 | nc: 1 | ncalls: 84 | bounds: 0 | eff(%): 13.356 | logz: -5.5e+05 +/- 1.2e-01 | dlogz: 523859.652 >  0.500
 loglike: -5.5e+05 | params: [-0.07576492  0.03085205 -0.85966938  0.17199931  4.3083909   3.69759182
 28.46791603]
 Average call time: 5.66 sec | Current time: 2018-12-03 14:54:50.445477
 --------------------------
iter: 79 | batch: 0 | nc: 1 | ncalls: 85 | bounds: 0 | eff(%): 13.504 | logz: -5.5e+05 +/- 1.2e-01 | dlogz: 523731.919 >  0.500
 loglike: -5.5e+05 | params: [-0.17796847  0.28046732 -0.73523587  0.09410144  4.28206994  4.21024502
 26.96747485]
 Average call time: 13.22 sec | Current time: 2018-12-03 14:55:03.666407
 --------------------------
iter: 80 | batch: 0 | nc: 1 | ncalls: 86 | bounds: 0 | eff(%): 13.652 | logz: -5.5e+05 +/- 1.2e-01 | dlogz: 523620.197 >  0.500
 loglike: -5.5e+05 | params: [ 8.51769576e-03  1.59787672e-01 -8.62016991e-01  1.73067590e-01
  4.72518837e+00  5.41798600e+00  2.70961491e+01]
 Average call time: 12.78 sec | Current time: 2018-12-03 14:55:16.441508
 --------------------------
iter: 81 | batch: 0 | nc: 1 | ncalls: 87 | bounds: 0 | eff(%): 13.799 | logz: -5.5e+05 +/- 1.2e-01 | dlogz: 523402.875 >  0.500
 loglike: -5.5e+05 | params: [-0.48703616  0.1315402  -0.73220603  0.03395573  4.21615831  2.7370165
 29.45943342]
 Average call time: 14.50 sec | Current time: 2018-12-03 14:55:30.943477
 --------------------------
iter: 82 | batch: 0 | nc: 1 | ncalls: 88 | bounds: 0 | eff(%): 13.946 | logz: -5.5e+05 +/- 1.2e-01 | dlogz: 523142.170 >  0.500
 loglike: -5.5e+05 | params: [-0.17474523  0.14344145 -0.73099465  0.22335537  4.42477688  4.77531362
 26.83762987]
 Average call time: 10.96 sec | Current time: 2018-12-03 14:55:41.902093
 --------------------------
iter: 83 | batch: 0 | nc: 1 | ncalls: 89 | bounds: 0 | eff(%): 14.092 | logz: -5.5e+05 +/- 1.2e-01 | dlogz: 523015.513 >  0.500
 loglike: -5.5e+05 | params: [-0.26237291  0.23587749 -0.13087261  0.1857459   4.20859057  1.23575791
 28.52130486]
 Average call time: 14.45 sec | Current time: 2018-12-03 14:55:56.356500
 --------------------------
iter: 84 | batch: 0 | nc: 1 | ncalls: 90 | bounds: 0 | eff(%): 14.237 | logz: -5.5e+05 +/- 1.2e-01 | dlogz: 522925.405 >  0.500
 loglike: -5.5e+05 | params: [ 0.10256981  0.14523304 -0.62322089  0.28108151  3.82901147  0.97568728
 26.33876373]
 Average call time: 11.07 sec | Current time: 2018-12-03 14:56:07.427222
 --------------------------
iter: 85 | batch: 0 | nc: 1 | ncalls: 91 | bounds: 0 | eff(%): 14.382 | logz: -5.5e+05 +/- 1.2e-01 | dlogz: 522437.225 >  0.500
 loglike: -5.5e+05 | params: [ 0.18630374  0.32742127 -0.38559718  0.32548981  4.11466874  3.92616076
 25.63694278]
 Average call time: 7.52 sec | Current time: 2018-12-03 14:56:14.946877
 --------------------------
iter: 86 | batch: 0 | nc: 1 | ncalls: 92 | bounds: 0 | eff(%): 14.527 | logz: -5.4e+05 +/- 1.2e-01 | dlogz: 522100.973 >  0.500
 loglike: -5.4e+05 | params: [-0.05988054  0.24427112 -0.4393247   0.12814973  3.91899675  1.11497546
 27.03806043]
 Average call time: 7.43 sec | Current time: 2018-12-03 14:56:22.372648
 --------------------------
iter: 87 | batch: 0 | nc: 1 | ncalls: 93 | bounds: 0 | eff(%): 14.671 | logz: -5.4e+05 +/- 1.2e-01 | dlogz: 521732.469 >  0.500
 loglike: -5.4e+05 | params: [-0.41439618  0.30375302 -0.44784163  0.04104063  4.41075452  5.15596534
 27.14391451]
 Average call time: 11.10 sec | Current time: 2018-12-03 14:56:33.476616
 --------------------------
iter: 88 | batch: 0 | nc: 1 | ncalls: 94 | bounds: 0 | eff(%): 14.815 | logz: -5.4e+05 +/- 1.2e-01 | dlogz: 521721.310 >  0.500
 loglike: -5.4e+05 | params: [-0.42146419  0.16202531 -0.97822774  0.19036835  4.57245923  6.22946167
 26.24580658]
 Average call time: 4.06 sec | Current time: 2018-12-03 14:56:37.533929
 --------------------------
iter: 89 | batch: 0 | nc: 1 | ncalls: 95 | bounds: 0 | eff(%): 14.958 | logz: -5.4e+05 +/- 1.2e-01 | dlogz: 521574.540 >  0.500
 loglike: -5.4e+05 | params: [ 0.1902499   0.37628494 -0.3287212   0.07282175  4.71584896  6.3173607
 27.29936784]
 Average call time: 10.91 sec | Current time: 2018-12-03 14:56:48.440861
 --------------------------
iter: 90 | batch: 0 | nc: 1 | ncalls: 96 | bounds: 0 | eff(%): 15.101 | logz: -5.4e+05 +/- 1.2e-01 | dlogz: 521471.046 >  0.500
 loglike: -5.4e+05 | params: [-0.10726436  0.35994611 -0.03629413  0.28816151  4.05611555  2.82240208
 26.25925164]
 Average call time: 11.02 sec | Current time: 2018-12-03 14:56:59.458352
 --------------------------
iter: 91 | batch: 0 | nc: 1 | ncalls: 97 | bounds: 0 | eff(%): 15.243 | logz: -5.4e+05 +/- 1.2e-01 | dlogz: 521437.328 >  0.500
 loglike: -5.4e+05 | params: [ 0.0696884   0.13634989 -0.38386075  0.10333065  4.49009467  5.21813278
 27.36501472]
 Average call time: 5.73 sec | Current time: 2018-12-03 14:57:05.189273
 --------------------------
iter: 92 | batch: 0 | nc: 1 | ncalls: 98 | bounds: 0 | eff(%): 15.385 | logz: -5.4e+05 +/- 1.2e-01 | dlogz: 521394.434 >  0.500
 loglike: -5.4e+05 | params: [ 0.15111153  0.27567472 -0.91252839  0.35704706  4.1298582   2.60670485
 29.09156894]
 Average call time: 9.17 sec | Current time: 2018-12-03 14:57:14.361530
 --------------------------
iter: 93 | batch: 0 | nc: 1 | ncalls: 99 | bounds: 0 | eff(%): 15.526 | logz: -5.4e+05 +/- 1.2e-01 | dlogz: 521280.294 >  0.500
 loglike: -5.4e+05 | params: [-0.15052048  0.14045222 -0.72336454  0.38033326  3.86712179  2.14029215
 26.74455329]
 Average call time: 7.61 sec | Current time: 2018-12-03 14:57:21.969017
 --------------------------
iter: 94 | batch: 0 | nc: 1 | ncalls: 100 | bounds: 0 | eff(%): 15.667 | logz: -5.4e+05 +/- 1.2e-01 | dlogz: 521051.798 >  0.500
 loglike: -5.4e+05 | params: [-0.48692823  0.17860659 -0.91097705  0.39516636  4.79795432  6.04203906
 28.20132184]
 Average call time: 14.51 sec | Current time: 2018-12-03 14:57:36.477874
 --------------------------
iter: 95 | batch: 0 | nc: 1 | ncalls: 101 | bounds: 0 | eff(%): 15.807 | logz: -5.4e+05 +/- 1.2e-01 | dlogz: 520742.371 >  0.500
 loglike: -5.4e+05 | params: [-0.45220943  0.13583724 -0.73808454  0.32290026  4.06991968  4.53832177
 25.6879643 ]
 Average call time: 7.66 sec | Current time: 2018-12-03 14:57:44.135817
 --------------------------
iter: 96 | batch: 0 | nc: 1 | ncalls: 102 | bounds: 0 | eff(%): 15.947 | logz: -5.4e+05 +/- 1.2e-01 | dlogz: 520723.433 >  0.500
 loglike: -5.4e+05 | params: [ 0.08546425  0.1054188  -0.71015085  0.34261311  3.97666205  2.72480011
 27.83667189]
 Average call time: 10.98 sec | Current time: 2018-12-03 14:57:55.117753
 --------------------------
iter: 97 | batch: 0 | nc: 2 | ncalls: 104 | bounds: 0 | eff(%): 16.060 | logz: -5.4e+05 +/- 1.2e-01 | dlogz: 520643.179 >  0.500
 loglike: -5.4e+05 | params: [ 4.06836533e-04  7.67359057e-02 -5.29083308e-01  2.84709363e-02
  4.03884422e+00  1.72469093e+00  2.92029524e+01]
 Average call time: 10.16 sec | Current time: 2018-12-03 14:58:15.446371
 --------------------------
iter: 98 | batch: 0 | nc: 1 | ncalls: 105 | bounds: 0 | eff(%): 16.198 | logz: -5.4e+05 +/- 1.2e-01 | dlogz: 520267.428 >  0.500
 loglike: -5.4e+05 | params: [-0.43686419  0.21076521 -0.69512408  0.35082364  4.7661261   6.81005119
 27.36356139]
 Average call time: 10.92 sec | Current time: 2018-12-03 14:58:26.364184
 --------------------------
iter: 99 | batch: 0 | nc: 1 | ncalls: 106 | bounds: 0 | eff(%): 16.337 | logz: -5.4e+05 +/- 1.2e-01 | dlogz: 520228.868 >  0.500
 loglike: -5.4e+05 | params: [-0.35512457  0.14801973 -0.37283276  0.2242181   4.68121769  5.71096725
 27.68114663]
 Average call time: 11.00 sec | Current time: 2018-12-03 14:58:37.365596
 --------------------------
iter: 100 | batch: 0 | nc: 1 | ncalls: 107 | bounds: 0 | eff(%): 16.474 | logz: -5.4e+05 +/- 1.2e-01 | dlogz: 520199.140 >  0.500
 loglike: -5.4e+05 | params: [-0.16952477  0.34975236 -0.03980239  0.14120179  4.33705457  4.9866194
 26.25306092]
 Average call time: 9.14 sec | Current time: 2018-12-03 14:58:46.507258
 --------------------------
iter: 101 | batch: 0 | nc: 1 | ncalls: 108 | bounds: 0 | eff(%): 16.612 | logz: -5.4e+05 +/- 1.2e-01 | dlogz: 520085.797 >  0.500
 loglike: -5.4e+05 | params: [ 1.98826508e-02  2.21447416e-01 -3.19514662e-01  1.82411666e-01
  4.07113145e+00  3.36745474e+00  2.79000600e+01]
 Average call time: 7.34 sec | Current time: 2018-12-03 14:58:53.851366
 --------------------------
iter: 102 | batch: 0 | nc: 2 | ncalls: 110 | bounds: 0 | eff(%): 16.721 | logz: -5.4e+05 +/- 1.2e-01 | dlogz: 519827.161 >  0.500
 loglike: -5.4e+05 | params: [-0.18280521  0.13914602 -0.43169395  0.03275471  4.90736028  7.76765477
 26.41136325]
 Average call time: 8.45 sec | Current time: 2018-12-03 14:59:10.744980
 --------------------------
iter: 103 | batch: 0 | nc: 1 | ncalls: 111 | bounds: 0 | eff(%): 16.858 | logz: -5.4e+05 +/- 1.2e-01 | dlogz: 519803.521 >  0.500
 loglike: -5.4e+05 | params: [ 0.14895207  0.08584575 -0.42004718  0.29640345  3.92160934  3.29156695
 25.58963735]
 Average call time: 10.88 sec | Current time: 2018-12-03 14:59:21.624970
 --------------------------
iter: 104 | batch: 0 | nc: 2 | ncalls: 113 | bounds: 0 | eff(%): 16.966 | logz: -5.4e+05 +/- 1.2e-01 | dlogz: 519513.195 >  0.500
 loglike: -5.4e+05 | params: [-0.45983639  0.10101833 -0.35752117  0.31114585  4.00408977  0.54187234
 28.0932456 ]
 Average call time: 10.06 sec | Current time: 2018-12-03 14:59:41.753019
 --------------------------
iter: 105 | batch: 0 | nc: 1 | ncalls: 114 | bounds: 0 | eff(%): 17.101 | logz: -5.4e+05 +/- 1.2e-01 | dlogz: 519499.796 >  0.500
 loglike: -5.4e+05 | params: [ 0.1979608   0.21582774 -0.19041798  0.35507345  4.05067113  3.76892355
 25.36959802]
 Average call time: 5.62 sec | Current time: 2018-12-03 14:59:47.376675
 --------------------------
iter: 106 | batch: 0 | nc: 2 | ncalls: 116 | bounds: 0 | eff(%): 17.208 | logz: -5.4e+05 +/- 1.2e-01 | dlogz: 519424.920 >  0.500
 loglike: -5.4e+05 | params: [-0.26160877  0.07426805 -0.12693928  0.11170621  4.71787013  5.85172764
 26.84095056]
 Average call time: 9.36 sec | Current time: 2018-12-03 15:00:06.096747
 --------------------------
iter: 107 | batch: 0 | nc: 1 | ncalls: 117 | bounds: 0 | eff(%): 17.342 | logz: -5.4e+05 +/- 1.2e-01 | dlogz: 519307.606 >  0.500
 loglike: -5.4e+05 | params: [ 7.42807381e-03  7.33671872e-02 -8.44687147e-01  2.66831944e-01
  4.92661686e+00  5.58897858e+00  2.88098695e+01]
 Average call time: 5.72 sec | Current time: 2018-12-03 15:00:11.818240
 --------------------------
iter: 108 | batch: 0 | nc: 1 | ncalls: 118 | bounds: 0 | eff(%): 17.476 | logz: -5.4e+05 +/- 1.2e-01 | dlogz: 519142.144 >  0.500
 loglike: -5.4e+05 | params: [-0.43438388  0.11756763 -0.35988259  0.236489    4.55737278  7.35332074
 25.7619247 ]
 Average call time: 9.15 sec | Current time: 2018-12-03 15:00:20.969466
 --------------------------
iter: 109 | batch: 0 | nc: 1 | ncalls: 119 | bounds: 0 | eff(%): 17.609 | logz: -5.4e+05 +/- 1.2e-01 | dlogz: 519039.099 >  0.500
 loglike: -5.4e+05 | params: [-7.68640471e-02  2.82283767e-01 -5.02960453e-01  2.65178283e-02
  4.35994373e+00  6.12136609e+00  2.66874438e+01]
 Average call time: 14.43 sec | Current time: 2018-12-03 15:00:35.403272
 --------------------------
iter: 110 | batch: 0 | nc: 1 | ncalls: 120 | bounds: 0 | eff(%): 17.742 | logz: -5.4e+05 +/- 1.2e-01 | dlogz: 519002.870 >  0.500
 loglike: -5.4e+05 | params: [ 0.11540917  0.17497602 -0.38578768  0.3262106   4.00541798  3.22814441
 27.03633668]
 Average call time: 12.87 sec | Current time: 2018-12-03 15:00:48.276901
 --------------------------
iter: 111 | batch: 0 | nc: 1 | ncalls: 121 | bounds: 0 | eff(%): 17.874 | logz: -5.4e+05 +/- 1.2e-01 | dlogz: 518964.237 >  0.500
 loglike: -5.4e+05 | params: [-0.26716915  0.15294943 -0.86139257  0.0722004   4.24544635  4.09297944
 29.36443161]
 Average call time: 9.18 sec | Current time: 2018-12-03 15:00:57.460785
 --------------------------
iter: 112 | batch: 0 | nc: 1 | ncalls: 122 | bounds: 0 | eff(%): 18.006 | logz: -5.4e+05 +/- 1.2e-01 | dlogz: 518872.610 >  0.500
 loglike: -5.4e+05 | params: [ 2.37222817e-02  3.81834256e-01 -1.10036713e-01  3.97555598e-01
  4.27481404e+00  4.40646511e+00  2.72562703e+01]
 Average call time: 14.33 sec | Current time: 2018-12-03 15:01:11.793363
 --------------------------
iter: 113 | batch: 0 | nc: 1 | ncalls: 123 | bounds: 0 | eff(%): 18.138 | logz: -5.4e+05 +/- 1.2e-01 | dlogz: 518798.693 >  0.500
 loglike: -5.4e+05 | params: [-0.04326715  0.39565522 -0.77589298  0.24314273  4.3402318   6.36073085
 26.64613998]
 Average call time: 7.47 sec | Current time: 2018-12-03 15:01:19.261346
 --------------------------
iter: 114 | batch: 0 | nc: 1 | ncalls: 124 | bounds: 0 | eff(%): 18.269 | logz: -5.4e+05 +/- 1.2e-01 | dlogz: 518143.370 >  0.500
 loglike: -5.4e+05 | params: [-0.173065    0.27516162 -0.49775884  0.19624781  4.40506246  7.4402598
 25.64283455]
 Average call time: 10.89 sec | Current time: 2018-12-03 15:01:30.154221
 --------------------------
iter: 115 | batch: 0 | nc: 1 | ncalls: 125 | bounds: 0 | eff(%): 18.400 | logz: -5.4e+05 +/- 1.2e-01 | dlogz: 518040.466 >  0.500
 loglike: -5.4e+05 | params: [-0.46191903  0.38233433 -0.82110658  0.04916603  4.74714775  6.7030164
 29.86309304]
 Average call time: 9.24 sec | Current time: 2018-12-03 15:01:39.394853
 --------------------------
iter: 116 | batch: 0 | nc: 1 | ncalls: 126 | bounds: 0 | eff(%): 18.530 | logz: -5.4e+05 +/- 1.2e-01 | dlogz: 517704.321 >  0.500
 loglike: -5.4e+05 | params: [-0.126283    0.17370688 -0.89779212  0.05200554  4.90925068  7.8056313
 27.52430041]
 Average call time: 10.84 sec | Current time: 2018-12-03 15:01:50.232486
 --------------------------
iter: 117 | batch: 0 | nc: 1 | ncalls: 127 | bounds: 0 | eff(%): 18.660 | logz: -5.4e+05 +/- 1.2e-01 | dlogz: 517701.569 >  0.500
 loglike: -5.4e+05 | params: [ 0.14942787  0.03567407 -0.04182591  0.10639987  4.00744841  3.26591449
 27.01537712]
 Average call time: 5.61 sec | Current time: 2018-12-03 15:01:55.843630
 --------------------------
iter: 118 | batch: 0 | nc: 1 | ncalls: 128 | bounds: 0 | eff(%): 18.790 | logz: -5.4e+05 +/- 1.2e-01 | dlogz: 517403.723 >  0.500
 loglike: -5.4e+05 | params: [-0.14397195  0.39016059 -0.47431784  0.34608229  4.27532183  6.72459893
 25.94191649]
 Average call time: 14.50 sec | Current time: 2018-12-03 15:02:10.345818
 --------------------------
iter: 119 | batch: 0 | nc: 2 | ncalls: 130 | bounds: 0 | eff(%): 18.889 | logz: -5.4e+05 +/- 1.2e-01 | dlogz: 517220.810 >  0.500
 loglike: -5.4e+05 | params: [ 0.24837245  0.17242347 -0.11666423  0.23627266  4.81296356  7.09455923
 28.89642796]
 Average call time: 12.89 sec | Current time: 2018-12-03 15:02:36.132913
 --------------------------
iter: 120 | batch: 0 | nc: 1 | ncalls: 131 | bounds: 0 | eff(%): 19.017 | logz: -5.4e+05 +/- 1.2e-01 | dlogz: 517185.356 >  0.500
 loglike: -5.4e+05 | params: [-0.45863438  0.37525844 -0.7850273   0.12299079  4.32857097  6.23919667
 27.86066329]
 Average call time: 14.49 sec | Current time: 2018-12-03 15:02:50.625939
 --------------------------
iter: 121 | batch: 0 | nc: 1 | ncalls: 132 | bounds: 0 | eff(%): 19.146 | logz: -5.4e+05 +/- 1.2e-01 | dlogz: 517156.680 >  0.500
 loglike: -5.4e+05 | params: [-0.43955441  0.19594628 -0.14136658  0.05965498  4.41195026  4.81727203
 29.57791929]
 Average call time: 9.52 sec | Current time: 2018-12-03 15:03:00.142357
 --------------------------
iter: 122 | batch: 0 | nc: 1 | ncalls: 133 | bounds: 0 | eff(%): 19.273 | logz: -5.4e+05 +/- 1.2e-01 | dlogz: 517138.589 >  0.500
 loglike: -5.4e+05 | params: [ 0.06559105  0.27521827 -0.89877737  0.21371917  4.52718596  6.696835
 28.23263496]
 Average call time: 7.31 sec | Current time: 2018-12-03 15:03:07.454204
 --------------------------
iter: 123 | batch: 0 | nc: 1 | ncalls: 134 | bounds: 0 | eff(%): 19.401 | logz: -5.4e+05 +/- 1.2e-01 | dlogz: 516936.050 >  0.500
 loglike: -5.4e+05 | params: [ 0.12679415  0.19471059 -0.36758025  0.34081952  3.68408514  1.2603278
 25.90113884]
 Average call time: 7.36 sec | Current time: 2018-12-03 15:03:14.816441
 --------------------------
iter: 124 | batch: 0 | nc: 1 | ncalls: 135 | bounds: 0 | eff(%): 19.528 | logz: -5.4e+05 +/- 1.2e-01 | dlogz: 516852.519 >  0.500
 loglike: -5.4e+05 | params: [-0.13908444  0.03327855 -0.88910454  0.36024036  4.56840455  7.3297718
 26.53700835]
 Average call time: 9.31 sec | Current time: 2018-12-03 15:03:24.126761
 --------------------------
iter: 125 | batch: 0 | nc: 1 | ncalls: 136 | bounds: 0 | eff(%): 19.654 | logz: -5.4e+05 +/- 1.2e-01 | dlogz: 516759.204 >  0.500
 loglike: -5.4e+05 | params: [-0.08323517  0.04770808 -0.62148316  0.19521383  4.11416178  5.79149747
 26.15602241]
 Average call time: 3.90 sec | Current time: 2018-12-03 15:03:28.026983
 --------------------------
iter: 126 | batch: 0 | nc: 1 | ncalls: 137 | bounds: 0 | eff(%): 19.780 | logz: -5.4e+05 +/- 1.2e-01 | dlogz: 516732.043 >  0.500
 loglike: -5.4e+05 | params: [-0.18783725  0.35348135 -0.23922907  0.2282827   4.60936386  7.37354047
 27.32720402]
 Average call time: 4.02 sec | Current time: 2018-12-03 15:03:32.046893
 --------------------------
iter: 127 | batch: 0 | nc: 1 | ncalls: 138 | bounds: 0 | eff(%): 19.906 | logz: -5.4e+05 +/- 1.2e-01 | dlogz: 516666.791 >  0.500
 loglike: -5.4e+05 | params: [ 0.06749758  0.04928731 -0.61594782  0.36343938  3.80198183  2.65869346
 27.59160854]
 Average call time: 5.72 sec | Current time: 2018-12-03 15:03:37.762766
 --------------------------
iter: 128 | batch: 0 | nc: 2 | ncalls: 140 | bounds: 0 | eff(%): 20.000 | logz: -5.4e+05 +/- 1.2e-01 | dlogz: 516276.430 >  0.500
 loglike: -5.4e+05 | params: [-0.39317347  0.2299382  -0.72695674  0.39030815  3.67114762  2.11966096
 25.54155747]
 Average call time: 9.13 sec | Current time: 2018-12-03 15:03:56.014538
 --------------------------
iter: 129 | batch: 0 | nc: 1 | ncalls: 141 | bounds: 0 | eff(%): 20.125 | logz: -5.4e+05 +/- 1.2e-01 | dlogz: 516089.390 >  0.500
 loglike: -5.4e+05 | params: [ 1.66453487e-01  8.34347439e-02 -1.97515185e-02  1.44718686e-01
  3.84117043e+00  2.75340716e+00  2.65992344e+01]
 Average call time: 5.55 sec | Current time: 2018-12-03 15:04:01.563661
 --------------------------
iter: 130 | batch: 0 | nc: 2 | ncalls: 143 | bounds: 0 | eff(%): 20.218 | logz: -5.4e+05 +/- 1.2e-01 | dlogz: 516073.306 >  0.500
 loglike: -5.4e+05 | params: [-0.2099612   0.31838134 -0.89865594  0.17311639  3.96958671  0.19822711
 29.64091335]
 Average call time: 9.20 sec | Current time: 2018-12-03 15:04:19.953747
 --------------------------
iter: 131 | batch: 0 | nc: 1 | ncalls: 144 | bounds: 0 | eff(%): 20.342 | logz: -5.4e+05 +/- 1.2e-01 | dlogz: 516016.759 >  0.500
 loglike: -5.4e+05 | params: [ 0.11960879  0.07526841 -0.35299639  0.35590144  3.96544214  4.17411531
 25.67625922]
 Average call time: 10.75 sec | Current time: 2018-12-03 15:04:30.704689
 --------------------------
iter: 132 | batch: 0 | nc: 1 | ncalls: 145 | bounds: 0 | eff(%): 20.465 | logz: -5.4e+05 +/- 1.2e-01 | dlogz: 515438.193 >  0.500
 loglike: -5.4e+05 | params: [-0.04804387  0.16793406 -0.58768923  0.22248411  4.50370803  6.13807722
 29.25858985]
 Average call time: 3.96 sec | Current time: 2018-12-03 15:04:34.663242
 --------------------------
iter: 133 | batch: 0 | nc: 1 | ncalls: 146 | bounds: 0 | eff(%): 20.588 | logz: -5.4e+05 +/- 1.2e-01 | dlogz: 514855.561 >  0.500
 loglike: -5.4e+05 | params: [-0.36666398  0.10225688 -0.2756096   0.25996507  4.17813962  6.30717626
 25.72488662]
 Average call time: 7.41 sec | Current time: 2018-12-03 15:04:42.069077
 --------------------------
iter: 134 | batch: 0 | nc: 1 | ncalls: 147 | bounds: 0 | eff(%): 20.711 | logz: -5.4e+05 +/- 1.2e-01 | dlogz: 514757.541 >  0.500
 loglike: -5.4e+05 | params: [-8.57545174e-02  9.05774385e-02 -1.90236291e-02  5.64559212e-02
  3.99305152e+00  4.24448544e+00  2.64537986e+01]
 Average call time: 10.86 sec | Current time: 2018-12-03 15:04:52.930788
 --------------------------
iter: 135 | batch: 0 | nc: 1 | ncalls: 148 | bounds: 0 | eff(%): 20.833 | logz: -5.4e+05 +/- 1.2e-01 | dlogz: 514702.082 >  0.500
 loglike: -5.4e+05 | params: [ 0.226594    0.28285664 -0.97736752  0.10087232  3.90498682  5.41842347
 25.19198184]
 Average call time: 16.13 sec | Current time: 2018-12-03 15:05:09.063402
 --------------------------
iter: 136 | batch: 0 | nc: 1 | ncalls: 149 | bounds: 0 | eff(%): 20.955 | logz: -5.4e+05 +/- 1.2e-01 | dlogz: 514688.571 >  0.500
 loglike: -5.4e+05 | params: [-0.07923761  0.18954673 -0.14470097  0.36624864  4.50625917  7.72689088
 26.01155653]
 Average call time: 11.38 sec | Current time: 2018-12-03 15:05:20.443231
 --------------------------
iter: 137 | batch: 0 | nc: 1 | ncalls: 150 | bounds: 0 | eff(%): 21.077 | logz: -5.4e+05 +/- 1.2e-01 | dlogz: 514661.470 >  0.500
 loglike: -5.4e+05 | params: [-0.34856756  0.20551175 -0.94221785  0.12180654  4.48445741  7.39276092
 27.61847369]
 Average call time: 16.25 sec | Current time: 2018-12-03 15:05:36.690794
 --------------------------
iter: 138 | batch: 0 | nc: 1 | ncalls: 151 | bounds: 0 | eff(%): 21.198 | logz: -5.4e+05 +/- 1.2e-01 | dlogz: 514590.794 >  0.500
 loglike: -5.4e+05 | params: [-0.0467495   0.05917969 -0.19762582  0.37931023  4.91615528  7.06173475
 28.13840961]
 Average call time: 9.13 sec | Current time: 2018-12-03 15:05:45.820884
 --------------------------
iter: 139 | batch: 0 | nc: 2 | ncalls: 153 | bounds: 0 | eff(%): 21.286 | logz: -5.4e+05 +/- 1.2e-01 | dlogz: 514495.479 >  0.500
 loglike: -5.4e+05 | params: [-2.11448731e-03  3.74636104e-02 -1.24446408e-01  3.78321066e-01
  4.87642325e+00  6.01948045e+00  2.96636820e+01]
 Average call time: 13.92 sec | Current time: 2018-12-03 15:06:13.653021
 --------------------------
iter: 140 | batch: 0 | nc: 1 | ncalls: 154 | bounds: 0 | eff(%): 21.407 | logz: -5.4e+05 +/- 1.2e-01 | dlogz: 514097.459 >  0.500
 loglike: -5.4e+05 | params: [-0.44608256  0.36232106 -0.23485913  0.15855642  4.02353578  5.42877438
 26.15452989]
 Average call time: 5.79 sec | Current time: 2018-12-03 15:06:19.442886
 --------------------------
iter: 141 | batch: 0 | nc: 1 | ncalls: 155 | bounds: 0 | eff(%): 21.527 | logz: -5.4e+05 +/- 1.2e-01 | dlogz: 514059.960 >  0.500
 loglike: -5.4e+05 | params: [-4.18495300e-01  2.01268972e-01 -1.77561321e-02  4.54147422e-02
  4.40899845e+00  7.88583639e+00  2.60877490e+01]
 Average call time: 3.94 sec | Current time: 2018-12-03 15:06:23.387545
 --------------------------
iter: 142 | batch: 0 | nc: 1 | ncalls: 156 | bounds: 0 | eff(%): 21.646 | logz: -5.4e+05 +/- 1.2e-01 | dlogz: 513696.792 >  0.500
 loglike: -5.4e+05 | params: [-0.38838398  0.38050984 -0.31437021  0.05196943  3.8846885   4.92284436
 25.69486423]
 Average call time: 14.60 sec | Current time: 2018-12-03 15:06:37.989438
 --------------------------
iter: 143 | batch: 0 | nc: 1 | ncalls: 157 | bounds: 0 | eff(%): 21.766 | logz: -5.4e+05 +/- 1.2e-01 | dlogz: 513634.049 >  0.500
 loglike: -5.4e+05 | params: [-0.33338781  0.13104362 -0.48469355  0.35308994  4.83613021  7.65865865
 29.39430976]
 Average call time: 5.56 sec | Current time: 2018-12-03 15:06:43.547369
 --------------------------
iter: 144 | batch: 0 | nc: 1 | ncalls: 158 | bounds: 0 | eff(%): 21.884 | logz: -5.4e+05 +/- 1.2e-01 | dlogz: 513606.775 >  0.500
 loglike: -5.4e+05 | params: [-0.22287722  0.13949417 -0.31984685  0.04598939  3.77952801  2.05253278
 28.08364897]
 Average call time: 9.14 sec | Current time: 2018-12-03 15:06:52.683229
 --------------------------
iter: 145 | batch: 0 | nc: 1 | ncalls: 159 | bounds: 0 | eff(%): 22.003 | logz: -5.4e+05 +/- 1.2e-01 | dlogz: 513560.352 >  0.500
 loglike: -5.4e+05 | params: [-0.33091719  0.18506385 -0.76709001  0.3347954   4.56576772  6.53302361
 29.80649995]
 Average call time: 14.51 sec | Current time: 2018-12-03 15:07:07.190626
 --------------------------
iter: 146 | batch: 0 | nc: 1 | ncalls: 160 | bounds: 0 | eff(%): 22.121 | logz: -5.4e+05 +/- 1.2e-01 | dlogz: 513549.736 >  0.500
 loglike: -5.4e+05 | params: [ 0.13941942  0.35415904 -0.05740424  0.29358889  4.58654236  7.24879549
 28.52514208]
 Average call time: 10.87 sec | Current time: 2018-12-03 15:07:18.059811
 --------------------------
iter: 147 | batch: 0 | nc: 1 | ncalls: 161 | bounds: 0 | eff(%): 22.239 | logz: -5.4e+05 +/- 1.2e-01 | dlogz: 513340.221 >  0.500
 loglike: -5.4e+05 | params: [ 0.12935399  0.13789676 -0.15101432  0.3663107   4.59960447  6.95110617
 29.18881095]
 Average call time: 9.20 sec | Current time: 2018-12-03 15:07:27.263169
 --------------------------
iter: 148 | batch: 0 | nc: 1 | ncalls: 162 | bounds: 0 | eff(%): 22.356 | logz: -5.4e+05 +/- 1.2e-01 | dlogz: 513134.768 >  0.500
 loglike: -5.4e+05 | params: [-1.87500757e-02  1.31469488e-01 -1.70986098e-01  3.17621964e-01
  3.83792012e+00  3.71930910e+00  2.55944269e+01]
 Average call time: 5.71 sec | Current time: 2018-12-03 15:07:32.971621
 --------------------------
iter: 149 | batch: 0 | nc: 2 | ncalls: 164 | bounds: 0 | eff(%): 22.440 | logz: -5.4e+05 +/- 1.2e-01 | dlogz: 513085.064 >  0.500
 loglike: -5.4e+05 | params: [-0.41758691  0.17232777 -0.23671592  0.11723273  4.17502849  5.93646034
 27.66266457]
 Average call time: 12.88 sec | Current time: 2018-12-03 15:07:58.737743
 --------------------------
iter: 150 | batch: 0 | nc: 1 | ncalls: 165 | bounds: 0 | eff(%): 22.556 | logz: -5.4e+05 +/- 1.2e-01 | dlogz: 513055.408 >  0.500
 loglike: -5.4e+05 | params: [-0.02872995  0.16748098 -0.95263613  0.34089363  3.66270318  1.04640653
 27.91875232]
 Average call time: 10.87 sec | Current time: 2018-12-03 15:08:09.610831
 --------------------------
iter: 151 | batch: 0 | nc: 1 | ncalls: 166 | bounds: 0 | eff(%): 22.673 | logz: -5.4e+05 +/- 1.2e-01 | dlogz: 512737.483 >  0.500
 loglike: -5.4e+05 | params: [-0.23098453  0.30543368 -0.13432835  0.38260227  4.51825903  6.9411037
 28.56028561]
 Average call time: 10.77 sec | Current time: 2018-12-03 15:08:20.379550
 --------------------------
iter: 152 | batch: 0 | nc: 1 | ncalls: 167 | bounds: 0 | eff(%): 22.789 | logz: -5.4e+05 +/- 1.2e-01 | dlogz: 512690.017 >  0.500
 loglike: -5.4e+05 | params: [ 0.05107428  0.12531164 -0.64246154  0.12539356  3.56397434  1.06234014
 26.86089895]
 Average call time: 14.39 sec | Current time: 2018-12-03 15:08:34.770564
 --------------------------
iter: 153 | batch: 0 | nc: 1 | ncalls: 168 | bounds: 0 | eff(%): 22.904 | logz: -5.4e+05 +/- 1.2e-01 | dlogz: 512558.535 >  0.500
 loglike: -5.4e+05 | params: [-0.12365345  0.06523161 -0.11672941  0.09556026  3.86785563  2.21675505
 28.66686331]
 Average call time: 5.73 sec | Current time: 2018-12-03 15:08:40.504069
 --------------------------
iter: 154 | batch: 0 | nc: 1 | ncalls: 169 | bounds: 0 | eff(%): 23.019 | logz: -5.4e+05 +/- 1.2e-01 | dlogz: 512517.600 >  0.500
 loglike: -5.4e+05 | params: [ 0.11654116  0.19298995 -0.61622339  0.38455283  3.92990345  4.26862401
 27.60885533]
 Average call time: 7.31 sec | Current time: 2018-12-03 15:08:47.815369
 --------------------------
iter: 155 | batch: 0 | nc: 1 | ncalls: 170 | bounds: 0 | eff(%): 23.134 | logz: -5.4e+05 +/- 1.2e-01 | dlogz: 512512.152 >  0.500
 loglike: -5.4e+05 | params: [ 0.10395914  0.0413589  -0.72180831  0.37595033  4.35362628  7.27457345
 27.97308544]
 Average call time: 7.38 sec | Current time: 2018-12-03 15:08:55.197297
 --------------------------
iter: 156 | batch: 0 | nc: 1 | ncalls: 171 | bounds: 0 | eff(%): 23.249 | logz: -5.4e+05 +/- 1.2e-01 | dlogz: 512468.901 >  0.500
 loglike: -5.4e+05 | params: [ 2.00317223e-01  7.09724933e-02 -1.77164697e-02  7.84727482e-02
  4.28291255e+00  5.45253815e+00  2.70204463e+01]
 Average call time: 7.33 sec | Current time: 2018-12-03 15:09:02.530175
 --------------------------
iter: 157 | batch: 0 | nc: 2 | ncalls: 173 | bounds: 0 | eff(%): 23.328 | logz: -5.4e+05 +/- 1.2e-01 | dlogz: 512353.340 >  0.500
 loglike: -5.4e+05 | params: [-0.32085052  0.07221585 -0.06257814  0.30736329  4.81155271  6.89130688
 29.31861339]
 Average call time: 4.72 sec | Current time: 2018-12-03 15:09:11.967938
 --------------------------
iter: 158 | batch: 0 | nc: 1 | ncalls: 174 | bounds: 0 | eff(%): 23.442 | logz: -5.4e+05 +/- 1.2e-01 | dlogz: 512346.614 >  0.500
 loglike: -5.4e+05 | params: [-0.4074095   0.15165647 -0.61466624  0.04354988  4.27084763  7.85126596
 26.76150289]
 Average call time: 10.84 sec | Current time: 2018-12-03 15:09:22.810398
 --------------------------
iter: 159 | batch: 0 | nc: 4 | ncalls: 178 | bounds: 0 | eff(%): 23.451 | logz: -5.4e+05 +/- 1.2e-01 | dlogz: 512254.296 >  0.500
 loglike: -5.4e+05 | params: [-0.45716327  0.27438026 -0.23288337  0.28908384  4.18746873  4.50631054
 29.82918266]
 Average call time: 12.38 sec | Current time: 2018-12-03 15:10:12.321756
 --------------------------
iter: 160 | batch: 0 | nc: 1 | ncalls: 179 | bounds: 0 | eff(%): 23.564 | logz: -5.4e+05 +/- 1.2e-01 | dlogz: 512175.021 >  0.500
 loglike: -5.4e+05 | params: [-0.32066155  0.24131373 -0.09094023  0.25390225  4.09754987  4.24504767
 29.21297564]
 Average call time: 9.45 sec | Current time: 2018-12-03 15:10:21.772215
 --------------------------
iter: 161 | batch: 0 | nc: 1 | ncalls: 180 | bounds: 0 | eff(%): 23.676 | logz: -5.4e+05 +/- 1.2e-01 | dlogz: 512077.628 >  0.500
 loglike: -5.4e+05 | params: [ 0.21527005  0.31696634 -0.17293412  0.22003189  3.57389868  1.58645264
 25.00012955]
 Average call time: 3.97 sec | Current time: 2018-12-03 15:10:25.746084
 --------------------------
iter: 162 | batch: 0 | nc: 1 | ncalls: 181 | bounds: 0 | eff(%): 23.789 | logz: -5.4e+05 +/- 1.2e-01 | dlogz: 512042.144 >  0.500
 loglike: -5.4e+05 | params: [-0.0460085   0.32309818 -0.79927247  0.12932512  4.31367968  7.24976621
 28.65720839]
 Average call time: 7.35 sec | Current time: 2018-12-03 15:10:33.100940
 --------------------------
iter: 163 | batch: 0 | nc: 1 | ncalls: 182 | bounds: 0 | eff(%): 23.900 | logz: -5.4e+05 +/- 1.2e-01 | dlogz: 512016.964 >  0.500
 loglike: -5.4e+05 | params: [ 0.10399378  0.05757196 -0.69308575  0.13732032  3.56076255  2.73925807
 26.07614848]
 Average call time: 12.61 sec | Current time: 2018-12-03 15:10:45.707175
 --------------------------
iter: 164 | batch: 0 | nc: 1 | ncalls: 183 | bounds: 0 | eff(%): 24.012 | logz: -5.4e+05 +/- 1.2e-01 | dlogz: 511942.440 >  0.500
 loglike: -5.4e+05 | params: [ 0.13490186  0.27980594 -0.97422789  0.06974944  4.22440675  6.71877868
 28.58546873]
 Average call time: 5.62 sec | Current time: 2018-12-03 15:10:51.330501
 --------------------------
iter: 165 | batch: 0 | nc: 2 | ncalls: 185 | bounds: 0 | eff(%): 24.088 | logz: -5.3e+05 +/- 1.2e-01 | dlogz: 511856.373 >  0.500
 loglike: -5.3e+05 | params: [-0.06359095  0.0534357  -0.76787104  0.32875607  4.01096149  6.45773751
 26.47221694]
 Average call time: 12.07 sec | Current time: 2018-12-03 15:11:15.469512
 --------------------------
iter: 166 | batch: 0 | nc: 1 | ncalls: 186 | bounds: 0 | eff(%): 24.198 | logz: -5.3e+05 +/- 1.2e-01 | dlogz: 511634.759 >  0.500
 loglike: -5.3e+05 | params: [-0.36366775  0.29501246 -0.36611542  0.16858437  4.02453252  5.08441076
 28.394599  ]
 Average call time: 12.50 sec | Current time: 2018-12-03 15:11:27.965840
 --------------------------
iter: 167 | batch: 0 | nc: 1 | ncalls: 187 | bounds: 0 | eff(%): 24.309 | logz: -5.3e+05 +/- 1.2e-01 | dlogz: 511518.489 >  0.500
 loglike: -5.3e+05 | params: [-0.49264076  0.31274481 -0.66938862  0.22639736  3.93646887  7.07445474
 25.31210798]
 Average call time: 9.04 sec | Current time: 2018-12-03 15:11:37.008416
 --------------------------
iter: 168 | batch: 0 | nc: 4 | ncalls: 191 | bounds: 0 | eff(%): 24.313 | logz: -5.3e+05 +/- 1.2e-01 | dlogz: 511209.414 >  0.500
 loglike: -5.3e+05 | params: [-0.49884218  0.25287705 -0.45829707  0.31663965  4.28597581  7.63193707
 28.04978046]
 Average call time: 9.78 sec | Current time: 2018-12-03 15:12:16.119493
 --------------------------
iter: 169 | batch: 0 | nc: 2 | ncalls: 193 | bounds: 0 | eff(%): 24.387 | logz: -5.3e+05 +/- 1.2e-01 | dlogz: 511002.642 >  0.500
 loglike: -5.3e+05 | params: [ 1.11772803e-01  5.49759128e-02 -1.12210097e-01  2.62468421e-02
  4.45572045e+00  7.20028845e+00  2.92518328e+01]
 Average call time: 8.23 sec | Current time: 2018-12-03 15:12:32.576507
 --------------------------
iter: 170 | batch: 0 | nc: 1 | ncalls: 194 | bounds: 0 | eff(%): 24.496 | logz: -5.3e+05 +/- 1.2e-01 | dlogz: 510611.132 >  0.500
 loglike: -5.3e+05 | params: [-0.11732655  0.1060398  -0.70840208  0.22909384  3.50071036  0.2202758
 26.00329015]
 Average call time: 5.69 sec | Current time: 2018-12-03 15:12:38.263507
 --------------------------
iter: 171 | batch: 0 | nc: 1 | ncalls: 195 | bounds: 0 | eff(%): 24.604 | logz: -5.3e+05 +/- 1.2e-01 | dlogz: 510549.864 >  0.500
 loglike: -5.3e+05 | params: [-0.4767128   0.23919914 -0.14974825  0.38156577  3.73191519  0.70168413
 27.05038971]
 Average call time: 5.67 sec | Current time: 2018-12-03 15:12:43.934358
 --------------------------
iter: 172 | batch: 0 | nc: 1 | ncalls: 196 | bounds: 0 | eff(%): 24.713 | logz: -5.3e+05 +/- 1.2e-01 | dlogz: 510423.215 >  0.500
 loglike: -5.3e+05 | params: [-2.22311934e-01  2.33254551e-01 -4.96916835e-01  2.52320108e-02
  4.09130649e+00  7.07286541e+00  2.68244299e+01]
 Average call time: 16.14 sec | Current time: 2018-12-03 15:13:00.074078
 --------------------------
iter: 173 | batch: 0 | nc: 1 | ncalls: 197 | bounds: 0 | eff(%): 24.821 | logz: -5.3e+05 +/- 1.2e-01 | dlogz: 510342.146 >  0.500
 loglike: -5.3e+05 | params: [-9.64895834e-03  1.51673288e-01 -9.38888392e-01  3.44785447e-01
  3.60857547e+00  2.87570914e+00  2.72910351e+01]
 Average call time: 9.39 sec | Current time: 2018-12-03 15:13:09.463429
 --------------------------
iter: 174 | batch: 0 | nc: 1 | ncalls: 198 | bounds: 0 | eff(%): 24.928 | logz: -5.3e+05 +/- 1.2e-01 | dlogz: 510065.591 >  0.500
 loglike: -5.3e+05 | params: [ 0.18088387  0.18647663 -0.3853428   0.1555689   3.83927154  5.65938259
 25.08838909]
 Average call time: 12.55 sec | Current time: 2018-12-03 15:13:22.016776
 --------------------------
iter: 175 | batch: 0 | nc: 2 | ncalls: 200 | bounds: 0 | eff(%): 25.000 | logz: -5.3e+05 +/- 1.2e-01 | dlogz: 509868.473 >  0.500
 loglike: -5.3e+05 | params: [ 0.05842874  0.32360558 -0.43242525  0.37894954  4.39584775  7.80323728
 29.54464285]
 Average call time: 11.90 sec | Current time: 2018-12-03 15:13:45.815020
 --------------------------
iter: 176 | batch: 0 | nc: 1 | ncalls: 201 | bounds: 0 | eff(%): 25.107 | logz: -5.3e+05 +/- 1.2e-01 | dlogz: 509656.174 >  0.500
 loglike: -5.3e+05 | params: [-0.20375535  0.16235005 -0.93692723  0.18300443  3.8788837   6.16744403
 25.97184073]
 Average call time: 7.50 sec | Current time: 2018-12-03 15:13:53.317735
 --------------------------
iter: 177 | batch: 0 | nc: 1 | ncalls: 202 | bounds: 0 | eff(%): 25.214 | logz: -5.3e+05 +/- 1.2e-01 | dlogz: 509651.996 >  0.500
 loglike: -5.3e+05 | params: [-0.49517152  0.19965516 -0.47791192  0.07783939  3.61693634  1.13050468
 27.27074437]
 Average call time: 14.57 sec | Current time: 2018-12-03 15:14:07.884907
 --------------------------
iter: 178 | batch: 0 | nc: 1 | ncalls: 203 | bounds: 0 | eff(%): 25.320 | logz: -5.3e+05 +/- 1.2e-01 | dlogz: 509625.464 >  0.500
 loglike: -5.3e+05 | params: [-0.44625205  0.27468766 -0.74523311  0.05073567  4.16512656  7.51658633
 28.44056902]
 Average call time: 3.96 sec | Current time: 2018-12-03 15:14:11.847391
 --------------------------
iter: 179 | batch: 0 | nc: 2 | ncalls: 205 | bounds: 0 | eff(%): 25.390 | logz: -5.3e+05 +/- 1.2e-01 | dlogz: 509479.145 >  0.500
 loglike: -5.3e+05 | params: [-0.08325996  0.25920679 -0.31381992  0.11134536  4.15171115  6.86617191
 28.63898008]
 Average call time: 8.13 sec | Current time: 2018-12-03 15:14:28.108850
 --------------------------
iter: 180 | batch: 0 | nc: 1 | ncalls: 206 | bounds: 0 | eff(%): 25.496 | logz: -5.3e+05 +/- 1.2e-01 | dlogz: 509013.562 >  0.500
 loglike: -5.3e+05 | params: [ 0.12417022  0.31585396 -0.45156689  0.25311174  3.93707891  4.57431582
 28.87605067]
 Average call time: 14.46 sec | Current time: 2018-12-03 15:14:42.567491
 --------------------------
iter: 181 | batch: 0 | nc: 1 | ncalls: 207 | bounds: 0 | eff(%): 25.601 | logz: -5.3e+05 +/- 1.2e-01 | dlogz: 508741.774 >  0.500
 loglike: -5.3e+05 | params: [-0.21857548  0.23172385 -0.54473079  0.37894663  3.98823943  4.78277302
 29.6729731 ]
 Average call time: 16.18 sec | Current time: 2018-12-03 15:14:58.743295
 --------------------------
iter: 182 | batch: 0 | nc: 1 | ncalls: 208 | bounds: 0 | eff(%): 25.706 | logz: -5.3e+05 +/- 1.2e-01 | dlogz: 508639.603 >  0.500
 loglike: -5.3e+05 | params: [-1.34153410e-02  1.51321348e-01 -4.56689643e-01  3.53446711e-01
  4.48237985e+00  7.81505376e+00  2.99068246e+01]
 Average call time: 10.94 sec | Current time: 2018-12-03 15:15:09.681246
 --------------------------
iter: 183 | batch: 0 | nc: 2 | ncalls: 210 | bounds: 0 | eff(%): 25.775 | logz: -5.3e+05 +/- 1.2e-01 | dlogz: 508536.194 >  0.500
 loglike: -5.3e+05 | params: [-0.12732841  0.14563581 -0.63077181  0.04920849  4.0706313   7.42552037
 27.11332427]
 Average call time: 11.03 sec | Current time: 2018-12-03 15:15:31.746706
 --------------------------
iter: 184 | batch: 0 | nc: 2 | ncalls: 212 | bounds: 0 | eff(%): 25.843 | logz: -5.3e+05 +/- 1.2e-01 | dlogz: 508533.618 >  0.500
 loglike: -5.3e+05 | params: [-0.09141899  0.35606094 -0.28819439  0.23142075  3.58093684  0.35821168
 25.98420334]
 Average call time: 9.13 sec | Current time: 2018-12-03 15:15:50.013742
 --------------------------
iter: 185 | batch: 0 | nc: 1 | ncalls: 213 | bounds: 0 | eff(%): 25.947 | logz: -5.3e+05 +/- 1.2e-01 | dlogz: 508420.709 >  0.500
 loglike: -5.3e+05 | params: [-0.43366317  0.0415441  -0.89672715  0.20441997  3.69862869  0.81806927
 29.16106153]
 Average call time: 9.11 sec | Current time: 2018-12-03 15:15:59.126313
 --------------------------
iter: 186 | batch: 0 | nc: 2 | ncalls: 215 | bounds: 0 | eff(%): 26.014 | logz: -5.3e+05 +/- 1.2e-01 | dlogz: 507888.387 >  0.500
 loglike: -5.3e+05 | params: [-0.20728238  0.25659703 -0.28355189  0.21032651  4.0403249   6.67756965
 27.79971808]
 Average call time: 9.22 sec | Current time: 2018-12-03 15:16:17.567875
 --------------------------
iter: 187 | batch: 0 | nc: 1 | ncalls: 216 | bounds: 0 | eff(%): 26.117 | logz: -5.3e+05 +/- 1.2e-01 | dlogz: 507628.138 >  0.500
 loglike: -5.3e+05 | params: [ 0.0521495   0.13416986 -0.79557948  0.14795775  3.63782101  4.17919772
 26.55548901]
 Average call time: 9.25 sec | Current time: 2018-12-03 15:16:26.815263
 --------------------------
iter: 188 | batch: 0 | nc: 1 | ncalls: 217 | bounds: 0 | eff(%): 26.220 | logz: -5.3e+05 +/- 1.2e-01 | dlogz: 507547.954 >  0.500
 loglike: -5.3e+05 | params: [-0.1925315   0.11933087 -0.24520902  0.32060887  4.14915881  7.58747676
 27.00104118]
 Average call time: 12.71 sec | Current time: 2018-12-03 15:16:39.529645
 --------------------------
iter: 189 | batch: 0 | nc: 2 | ncalls: 219 | bounds: 0 | eff(%): 26.287 | logz: -5.3e+05 +/- 1.2e-01 | dlogz: 507376.613 >  0.500
 loglike: -5.3e+05 | params: [-1.93153907e-02  1.45402808e-01 -3.93324784e-01  3.32420720e-01
  3.51186026e+00  1.03159215e+00  2.64293884e+01]
 Average call time: 9.15 sec | Current time: 2018-12-03 15:16:57.835707
 --------------------------
iter: 190 | batch: 0 | nc: 1 | ncalls: 220 | bounds: 0 | eff(%): 26.389 | logz: -5.3e+05 +/- 1.2e-01 | dlogz: 506998.241 >  0.500
 loglike: -5.3e+05 | params: [ 0.13880354  0.07404508 -0.98086227  0.22675384  4.06993164  7.77554901
 28.76572412]
 Average call time: 7.45 sec | Current time: 2018-12-03 15:17:05.287759
 --------------------------
iter: 191 | batch: 0 | nc: 4 | ncalls: 224 | bounds: 0 | eff(%): 26.381 | logz: -5.3e+05 +/- 1.2e-01 | dlogz: 506874.733 >  0.500
 loglike: -5.3e+05 | params: [-0.40142578  0.36144842 -0.47512213  0.04746387  3.68932784  4.99554006
 25.82058075]
 Average call time: 5.70 sec | Current time: 2018-12-03 15:17:28.068265
 --------------------------
iter: 192 | batch: 0 | nc: 1 | ncalls: 225 | bounds: 0 | eff(%): 26.483 | logz: -5.3e+05 +/- 1.2e-01 | dlogz: 506682.090 >  0.500
 loglike: -5.3e+05 | params: [ 0.16696841  0.1833271  -0.07632434  0.19449764  3.51835406  1.06229492
 26.15348993]
 Average call time: 5.60 sec | Current time: 2018-12-03 15:17:33.664670
 --------------------------
iter: 193 | batch: 0 | nc: 2 | ncalls: 227 | bounds: 0 | eff(%): 26.547 | logz: -5.3e+05 +/- 1.1e-01 | dlogz: 506630.808 >  0.500
 loglike: -5.3e+05 | params: [-1.39931321e-02  2.26562361e-01 -5.36216596e-01  3.16452616e-01
  3.56759578e+00  2.90832140e+00  2.69055046e+01]
 Average call time: 8.28 sec | Current time: 2018-12-03 15:17:50.232564
 --------------------------
iter: 194 | batch: 0 | nc: 1 | ncalls: 228 | bounds: 0 | eff(%): 26.648 | logz: -5.3e+05 +/- 1.2e-01 | dlogz: 506629.054 >  0.500
 loglike: -5.3e+05 | params: [ 0.09775086  0.38227386 -0.90993125  0.09875636  3.52612635  2.48662566
 27.63522012]
 Average call time: 12.77 sec | Current time: 2018-12-03 15:18:03.007199
 --------------------------
iter: 195 | batch: 0 | nc: 2 | ncalls: 230 | bounds: 0 | eff(%): 26.712 | logz: -5.3e+05 +/- 1.2e-01 | dlogz: 506369.968 >  0.500
 loglike: -5.3e+05 | params: [ 0.08710626  0.09388304 -0.74673666  0.37100009  3.79210376  3.46126744
 29.20129648]
 Average call time: 5.66 sec | Current time: 2018-12-03 15:18:14.326661
 --------------------------
iter: 196 | batch: 0 | nc: 1 | ncalls: 231 | bounds: 0 | eff(%): 26.813 | logz: -5.3e+05 +/- 1.2e-01 | dlogz: 506359.418 >  0.500
 loglike: -5.3e+05 | params: [-7.35000410e-02  3.58500600e-02 -4.36587245e-03  2.55221603e-01
  4.11786450e+00  7.45757522e+00  2.67080928e+01]
 Average call time: 9.40 sec | Current time: 2018-12-03 15:18:23.728341
 --------------------------
iter: 197 | batch: 0 | nc: 1 | ncalls: 232 | bounds: 0 | eff(%): 26.913 | logz: -5.3e+05 +/- 1.2e-01 | dlogz: 506191.747 >  0.500
 loglike: -5.3e+05 | params: [-0.1386202   0.163473   -0.52592073  0.28900023  3.56862377  3.39694204
 25.82264309]
 Average call time: 10.90 sec | Current time: 2018-12-03 15:18:34.629972
 --------------------------
iter: 198 | batch: 0 | nc: 2 | ncalls: 234 | bounds: 0 | eff(%): 26.975 | logz: -5.3e+05 +/- 1.2e-01 | dlogz: 506182.045 >  0.500
 loglike: -5.3e+05 | params: [ 1.92915760e-02  2.68612397e-01 -7.32714803e-01  1.20496536e-01
  3.70845044e+00  5.79967989e+00  2.50467421e+01]
 Average call time: 9.12 sec | Current time: 2018-12-03 15:18:52.863370
 --------------------------
iter: 199 | batch: 0 | nc: 1 | ncalls: 235 | bounds: 0 | eff(%): 27.075 | logz: -5.3e+05 +/- 1.2e-01 | dlogz: 505725.067 >  0.500
 loglike: -5.3e+05 | params: [-2.48521765e-01  3.49556734e-01 -2.27157489e-03  2.64556303e-01
  3.90140805e+00  4.15073432e+00  2.91415328e+01]
 Average call time: 5.70 sec | Current time: 2018-12-03 15:18:58.565030
 --------------------------
iter: 200 | batch: 0 | nc: 2 | ncalls: 237 | bounds: 0 | eff(%): 27.137 | logz: -5.3e+05 +/- 1.2e-01 | dlogz: 505534.080 >  0.500
 loglike: -5.3e+05 | params: [-0.34900755  0.13093006 -0.83989625  0.20391029  3.58255656  3.36595453
 28.05519468]
 Average call time: 7.59 sec | Current time: 2018-12-03 15:19:13.746029
 --------------------------
iter: 201 | batch: 0 | nc: 1 | ncalls: 238 | bounds: 0 | eff(%): 27.236 | logz: -5.3e+05 +/- 1.2e-01 | dlogz: 505515.514 >  0.500
 loglike: -5.3e+05 | params: [ 0.22094808  0.17875252 -0.86997486  0.26737737  3.3516216   2.11242629
 26.43716415]
 Average call time: 14.51 sec | Current time: 2018-12-03 15:19:28.257829
 --------------------------
iter: 202 | batch: 0 | nc: 2 | ncalls: 240 | bounds: 0 | eff(%): 27.297 | logz: -5.3e+05 +/- 1.2e-01 | dlogz: 505392.615 >  0.500
 loglike: -5.3e+05 | params: [ 9.81611330e-02  2.75560406e-02 -8.94362434e-01  1.77257219e-01
  3.96619408e+00  6.74099431e+00  2.84852347e+01]
 Average call time: 6.75 sec | Current time: 2018-12-03 15:19:41.763260
 --------------------------
iter: 203 | batch: 0 | nc: 1 | ncalls: 241 | bounds: 0 | eff(%): 27.395 | logz: -5.3e+05 +/- 1.2e-01 | dlogz: 505344.659 >  0.500
 loglike: -5.3e+05 | params: [-0.05268334  0.23933391 -0.67151836  0.05866389  4.14858154  7.71902705
 29.85248359]
 Average call time: 14.41 sec | Current time: 2018-12-03 15:19:56.171647
 --------------------------
iter: 204 | batch: 0 | nc: 2 | ncalls: 243 | bounds: 0 | eff(%): 27.456 | logz: -5.3e+05 +/- 1.2e-01 | dlogz: 505262.338 >  0.500
 loglike: -5.3e+05 | params: [-0.40204837  0.03514357 -0.1601939   0.02860239  3.89331955  6.20179869
 26.47994211]
 Average call time: 8.87 sec | Current time: 2018-12-03 15:20:13.907624
 --------------------------
iter: 205 | batch: 0 | nc: 2 | ncalls: 245 | bounds: 0 | eff(%): 27.517 | logz: -5.3e+05 +/- 1.2e-01 | dlogz: 505218.556 >  0.500
 loglike: -5.3e+05 | params: [ 0.19126167  0.24112248 -0.27888793  0.25452508  4.0368769   7.37997367
 28.69844889]
 Average call time: 5.62 sec | Current time: 2018-12-03 15:20:25.145264
 --------------------------
iter: 206 | batch: 0 | nc: 1 | ncalls: 246 | bounds: 0 | eff(%): 27.614 | logz: -5.3e+05 +/- 1.2e-01 | dlogz: 505086.762 >  0.500
 loglike: -5.3e+05 | params: [ 0.07643744  0.11926802 -0.0615444   0.37668413  3.98017819  7.29480684
 26.18612354]
 Average call time: 3.85 sec | Current time: 2018-12-03 15:20:28.992422
 --------------------------
iter: 207 | batch: 0 | nc: 1 | ncalls: 247 | bounds: 0 | eff(%): 27.711 | logz: -5.3e+05 +/- 1.2e-01 | dlogz: 504738.653 >  0.500
 loglike: -5.3e+05 | params: [-2.83405848e-02  7.98730779e-02 -2.69410456e-01  3.95856641e-01
  4.11899104e+00  7.83832424e+00  2.90247414e+01]
 Average call time: 12.79 sec | Current time: 2018-12-03 15:20:41.784604
 --------------------------
iter: 208 | batch: 0 | nc: 1 | ncalls: 248 | bounds: 0 | eff(%): 27.807 | logz: -5.3e+05 +/- 1.2e-01 | dlogz: 504679.785 >  0.500
 loglike: -5.3e+05 | params: [-0.27195806  0.29066934 -0.03999446  0.38687134  4.21478552  6.94391389
 29.826774  ]
 Average call time: 3.89 sec | Current time: 2018-12-03 15:20:45.679074
 --------------------------
iter: 209 | batch: 0 | nc: 1 | ncalls: 249 | bounds: 0 | eff(%): 27.904 | logz: -5.3e+05 +/- 1.2e-01 | dlogz: 504549.150 >  0.500
 loglike: -5.3e+05 | params: [ 0.05120889  0.15893525 -0.1983974   0.31743952  3.80542152  5.01993503
 27.46841323]
 Average call time: 12.64 sec | Current time: 2018-12-03 15:20:58.316695
 --------------------------
iter: 210 | batch: 0 | nc: 1 | ncalls: 250 | bounds: 0 | eff(%): 28.000 | logz: -5.3e+05 +/- 1.2e-01 | dlogz: 504034.392 >  0.500
 loglike: -5.3e+05 | params: [ 0.03502166  0.24726775 -0.65088203  0.0386863   3.50627968  3.3901674
 26.18071005]
 Average call time: 9.32 sec | Current time: 2018-12-03 15:21:07.636947
 --------------------------
iter: 211 | batch: 0 | nc: 3 | ncalls: 253 | bounds: 0 | eff(%): 28.021 | logz: -5.3e+05 +/- 1.2e-01 | dlogz: 503811.481 >  0.500
 loglike: -5.3e+05 | params: [ 0.10325139  0.17951569 -0.66078243  0.13291542  3.87194397  7.98267673
 27.75951138]
 Average call time: 8.73 sec | Current time: 2018-12-03 15:21:33.821147
 --------------------------
iter: 212 | batch: 0 | nc: 3 | ncalls: 256 | bounds: 0 | eff(%): 28.042 | logz: -5.3e+05 +/- 1.2e-01 | dlogz: 503123.802 >  0.500
 loglike: -5.3e+05 | params: [-0.43735474  0.30912268 -0.49072755  0.27119802  3.52125777  3.03032194
 27.23370076]
 Average call time: 9.98 sec | Current time: 2018-12-03 15:22:03.773762
 --------------------------
iter: 213 | batch: 0 | nc: 2 | ncalls: 258 | bounds: 0 | eff(%): 28.100 | logz: -5.3e+05 +/- 1.2e-01 | dlogz: 505061.831 >  0.500
 loglike: -5.3e+05 | params: [-0.13817578  0.347083   -0.20328078  0.33264503  3.85642804  6.08923512
 27.88984307]
 Average call time: 7.46 sec | Current time: 2018-12-03 15:22:18.685773
 --------------------------
iter: 214 | batch: 0 | nc: 1 | ncalls: 259 | bounds: 0 | eff(%): 28.195 | logz: -5.3e+05 +/- 1.2e-01 | dlogz: 504983.990 >  0.500
 loglike: -5.3e+05 | params: [-0.28243863  0.33418704 -0.62398311  0.25148727  3.48008623  3.58784976
 25.99385948]
 Average call time: 5.72 sec | Current time: 2018-12-03 15:22:24.409476
 --------------------------
iter: 215 | batch: 0 | nc: 2 | ncalls: 261 | bounds: 0 | eff(%): 28.252 | logz: -5.3e+05 +/- 1.2e-01 | dlogz: 504835.719 >  0.500
 loglike: -5.3e+05 | params: [-0.42722608  0.37420413 -0.97174048  0.19514739  3.48724483  4.33671525
 25.37583029]
 Average call time: 10.93 sec | Current time: 2018-12-03 15:22:46.261532
 --------------------------
iter: 216 | batch: 0 | nc: 2 | ncalls: 263 | bounds: 0 | eff(%): 28.309 | logz: -5.3e+05 +/- 1.2e-01 | dlogz: 504400.202 >  0.500
 loglike: -5.3e+05 | params: [ 0.02949817  0.07693681 -0.25393659  0.33578266  3.53490308  3.56264806
 25.76286387]
 Average call time: 12.02 sec | Current time: 2018-12-03 15:23:10.306641
 --------------------------
iter: 217 | batch: 0 | nc: 1 | ncalls: 264 | bounds: 0 | eff(%): 28.403 | logz: -5.3e+05 +/- 1.2e-01 | dlogz: 504397.782 >  0.500
 loglike: -5.3e+05 | params: [ 0.18515332  0.10944014 -0.3511455   0.24344437  3.76030357  5.60108885
 27.08303493]
 Average call time: 9.10 sec | Current time: 2018-12-03 15:23:19.408593
 --------------------------
iter: 218 | batch: 0 | nc: 1 | ncalls: 265 | bounds: 0 | eff(%): 28.497 | logz: -5.2e+05 +/- 1.2e-01 | dlogz: 504150.586 >  0.500
 loglike: -5.2e+05 | params: [ 0.05443935  0.12219926 -0.46949234  0.33625058  3.5724903   3.9843627
 27.15316216]
 Average call time: 12.53 sec | Current time: 2018-12-03 15:23:31.934823
 --------------------------
iter: 219 | batch: 0 | nc: 1 | ncalls: 266 | bounds: 0 | eff(%): 28.590 | logz: -5.2e+05 +/- 1.2e-01 | dlogz: 503471.032 >  0.500
 loglike: -5.2e+05 | params: [ 0.04478189  0.23710085 -0.41607267  0.19355432  3.32844337  0.63521144
 25.02975261]
 Average call time: 12.56 sec | Current time: 2018-12-03 15:23:44.491896
 --------------------------
iter: 220 | batch: 0 | nc: 1 | ncalls: 267 | bounds: 0 | eff(%): 28.683 | logz: -5.2e+05 +/- 1.2e-01 | dlogz: 503416.530 >  0.500
 loglike: -5.2e+05 | params: [-0.40473134  0.15138667 -0.58332509  0.15737428  3.64896194  5.99267283
 27.32208748]
 Average call time: 12.68 sec | Current time: 2018-12-03 15:23:57.176289
 --------------------------
iter: 221 | batch: 0 | nc: 1 | ncalls: 268 | bounds: 0 | eff(%): 28.776 | logz: -5.2e+05 +/- 1.2e-01 | dlogz: 503008.642 >  0.500
 loglike: -5.2e+05 | params: [ 0.04865838  0.13975243 -0.50386954  0.03916182  3.33007999  2.33249275
 26.46667986]
 Average call time: 12.58 sec | Current time: 2018-12-03 15:24:09.752827
 --------------------------
iter: 222 | batch: 0 | nc: 1 | ncalls: 269 | bounds: 0 | eff(%): 28.869 | logz: -5.2e+05 +/- 1.2e-01 | dlogz: 502612.138 >  0.500
 loglike: -5.2e+05 | params: [-0.43035262  0.05924439 -0.95405748  0.07185775  3.57335024  4.73435629
 28.70667432]
 Average call time: 12.54 sec | Current time: 2018-12-03 15:24:22.291833
 --------------------------
iter: 223 | batch: 0 | nc: 1 | ncalls: 270 | bounds: 0 | eff(%): 28.961 | logz: -5.2e+05 +/- 1.2e-01 | dlogz: 502597.208 >  0.500
 loglike: -5.2e+05 | params: [-0.07516854  0.28298711 -0.21198811  0.29131769  3.43030928  1.07983022
 25.7002875 ]
 Average call time: 16.17 sec | Current time: 2018-12-03 15:24:38.457250
 --------------------------
iter: 224 | batch: 0 | nc: 3 | ncalls: 273 | bounds: 0 | eff(%): 28.978 | logz: -5.2e+05 +/- 1.2e-01 | dlogz: 502506.018 >  0.500
 loglike: -5.2e+05 | params: [-2.18440791e-02  2.61353708e-01 -9.42153577e-01  3.15346874e-01
  3.46297842e+00  2.91499848e+00  2.79822727e+01]
 Average call time: 9.37 sec | Current time: 2018-12-03 15:25:06.579004
 --------------------------
iter: 225 | batch: 0 | nc: 1 | ncalls: 274 | bounds: 0 | eff(%): 29.070 | logz: -5.2e+05 +/- 1.2e-01 | dlogz: 502377.032 >  0.500
 loglike: -5.2e+05 | params: [ 0.08213554  0.31734164 -0.23839609  0.36747318  3.63449113  4.59010389
 26.00877846]
 Average call time: 7.41 sec | Current time: 2018-12-03 15:25:13.992735
 --------------------------
iter: 226 | batch: 0 | nc: 1 | ncalls: 275 | bounds: 0 | eff(%): 29.161 | logz: -5.2e+05 +/- 1.2e-01 | dlogz: 502252.895 >  0.500
 loglike: -5.2e+05 | params: [ 0.17143909  0.35493446 -0.64488528  0.23181613  3.59682896  6.27435034
 25.02668663]
 Average call time: 10.75 sec | Current time: 2018-12-03 15:25:24.738862
 --------------------------
iter: 227 | batch: 0 | nc: 3 | ncalls: 278 | bounds: 0 | eff(%): 29.177 | logz: -5.2e+05 +/- 1.2e-01 | dlogz: 502119.447 >  0.500
 loglike: -5.2e+05 | params: [-2.55589715e-01  2.33407734e-02 -6.94845448e-01  3.87881759e-01
  3.90575800e+00  7.71276569e+00  2.81311042e+01]
 Average call time: 11.57 sec | Current time: 2018-12-03 15:25:59.462894
 --------------------------
iter: 228 | batch: 0 | nc: 2 | ncalls: 280 | bounds: 0 | eff(%): 29.231 | logz: -5.2e+05 +/- 1.2e-01 | dlogz: 501828.767 >  0.500
 loglike: -5.2e+05 | params: [-0.20693285  0.31170279 -0.78703215  0.28113052  3.71689969  7.01569932
 27.74859995]
 Average call time: 10.83 sec | Current time: 2018-12-03 15:26:21.117528
 --------------------------
iter: 229 | batch: 0 | nc: 3 | ncalls: 283 | bounds: 0 | eff(%): 29.246 | logz: -5.2e+05 +/- 1.2e-01 | dlogz: 501796.840 >  0.500
 loglike: -5.2e+05 | params: [ 3.13645477e-03  5.40318363e-02 -8.79038534e-01  2.19825964e-01
  3.28683930e+00  1.17726374e-01  2.69240995e+01]
 Average call time: 10.99 sec | Current time: 2018-12-03 15:26:54.082879
 --------------------------
iter: 230 | batch: 0 | nc: 2 | ncalls: 285 | bounds: 0 | eff(%): 29.299 | logz: -5.2e+05 +/- 1.2e-01 | dlogz: 501699.841 >  0.500
 loglike: -5.2e+05 | params: [-0.31338324  0.35474839 -0.62914668  0.25568768  3.45652123  2.07799316
 28.18441784]
 Average call time: 5.54 sec | Current time: 2018-12-03 15:27:05.159644
 --------------------------
iter: 231 | batch: 0 | nc: 1 | ncalls: 286 | bounds: 0 | eff(%): 29.389 | logz: -5.2e+05 +/- 1.2e-01 | dlogz: 501126.324 >  0.500
 loglike: -5.2e+05 | params: [ 1.28410393e-01  6.11357585e-02 -1.57999629e-03  3.89448439e-01
  3.54072275e+00  2.90033959e+00  2.75209460e+01]
 Average call time: 10.91 sec | Current time: 2018-12-03 15:27:16.066040
 --------------------------
iter: 232 | batch: 0 | nc: 5 | ncalls: 291 | bounds: 0 | eff(%): 29.330 | logz: -5.2e+05 +/- 1.2e-01 | dlogz: 500794.554 >  0.500
 loglike: -5.2e+05 | params: [-0.3956163   0.36676352 -0.1191977   0.09794991  3.63595403  5.98906052
 25.04301124]
 Average call time: 10.99 sec | Current time: 2018-12-03 15:28:11.024277
 --------------------------
iter: 233 | batch: 0 | nc: 1 | ncalls: 292 | bounds: 0 | eff(%): 29.419 | logz: -5.2e+05 +/- 1.2e-01 | dlogz: 500652.447 >  0.500
 loglike: -5.2e+05 | params: [-0.44086188  0.20319609 -0.80369598  0.06850702  3.67223788  7.06310462
 28.27813066]
 Average call time: 3.89 sec | Current time: 2018-12-03 15:28:14.913475
 --------------------------
iter: 234 | batch: 0 | nc: 1 | ncalls: 293 | bounds: 0 | eff(%): 29.508 | logz: -5.2e+05 +/- 1.2e-01 | dlogz: 499826.578 >  0.500
 loglike: -5.2e+05 | params: [ 0.09085666  0.21470746 -0.8231615   0.21791586  3.36403626  3.61185505
 25.71504003]
 Average call time: 3.76 sec | Current time: 2018-12-03 15:28:18.677530
 --------------------------
iter: 235 | batch: 0 | nc: 1 | ncalls: 294 | bounds: 0 | eff(%): 29.597 | logz: -5.2e+05 +/- 1.2e-01 | dlogz: 499651.750 >  0.500
 loglike: -5.2e+05 | params: [ 5.82146327e-02  2.18952489e-02 -4.96017369e-01  3.30835229e-01
  3.83178761e+00  7.44879196e+00  2.92721351e+01]
 Average call time: 5.82 sec | Current time: 2018-12-03 15:28:24.498011
 --------------------------
iter: 236 | batch: 0 | nc: 1 | ncalls: 295 | bounds: 0 | eff(%): 29.686 | logz: -5.2e+05 +/- 1.2e-01 | dlogz: 499594.831 >  0.500
 loglike: -5.2e+05 | params: [-0.08239028  0.32633048 -0.52551191  0.3427168   3.38717307  0.5949655
 27.18239805]
 Average call time: 10.80 sec | Current time: 2018-12-03 15:28:35.293757
 --------------------------
iter: 237 | batch: 0 | nc: 4 | ncalls: 299 | bounds: 0 | eff(%): 29.662 | logz: -5.2e+05 +/- 1.2e-01 | dlogz: 499518.739 >  0.500
 loglike: -5.2e+05 | params: [-0.31546307  0.036181   -0.75220273  0.03710632  3.82184651  6.69418349
 29.67067928]
 Average call time: 12.45 sec | Current time: 2018-12-03 15:29:25.079714
 --------------------------
iter: 238 | batch: 0 | nc: 1 | ncalls: 300 | bounds: 0 | eff(%): 29.750 | logz: -5.2e+05 +/- 1.2e-01 | dlogz: 499348.301 >  0.500
 loglike: -5.2e+05 | params: [ 0.11738113  0.03257938 -0.43050293  0.07605573  3.32021613  0.75957578
 27.27643638]
 Average call time: 14.32 sec | Current time: 2018-12-03 15:29:39.397173
 --------------------------
