Using pcmdpy version 0.7.2
Loading Setup File: setup_files/mocks_paper1/mock_5.py
Running Nested Sampling
-initializing models
-Saving initial results dataframe
Dynamic Sampler Initialized
iter: 1 | batch: 0 | nc: 1 | ncalls: 1 | bounds: 0 | eff(%):  0.200 | logz: -1.7e+05 +/- 1.2e-01 | dlogz:    inf >  0.500
 loglike: -1.7e+05 | params: [-0.45959474 -0.54835159  4.92801897  1.07914733 25.59690449]
 Average call time: 1898.05 sec | Current time: 2018-12-07 13:32:41.505252
 --------------------------
iter: 2 | batch: 0 | nc: 1 | ncalls: 2 | bounds: 0 | eff(%):  0.398 | logz: -1.7e+05 +/- 1.2e-01 | dlogz: 161497.992 >  0.500
 loglike: -1.7e+05 | params: [-0.49429139 -0.10366202  4.9902118   6.46743202 25.15083967]
 Average call time: 4.19 sec | Current time: 2018-12-07 13:32:45.699431
 --------------------------
iter: 3 | batch: 0 | nc: 1 | ncalls: 3 | bounds: 0 | eff(%):  0.596 | logz: -1.7e+05 +/- 1.2e-01 | dlogz: 160920.108 >  0.500
 loglike: -1.7e+05 | params: [-0.19279659 -0.99428492  4.81605746  4.88149554 25.03273138]
 Average call time: 4.04 sec | Current time: 2018-12-07 13:32:49.744025
 --------------------------
iter: 4 | batch: 0 | nc: 1 | ncalls: 4 | bounds: 0 | eff(%):  0.794 | logz: -1.7e+05 +/- 1.2e-01 | dlogz: 160699.114 >  0.500
 loglike: -1.7e+05 | params: [ 0.19373528 -0.47086836  4.88474293  4.42329681 25.03218989]
 Average call time: 3.44 sec | Current time: 2018-12-07 13:32:53.185980
 --------------------------
iter: 5 | batch: 0 | nc: 1 | ncalls: 5 | bounds: 0 | eff(%):  0.990 | logz: -1.7e+05 +/- 1.2e-01 | dlogz: 160166.259 >  0.500
 loglike: -1.7e+05 | params: [-0.49298857 -0.09935138  4.90896572  4.49946797 25.42386922]
 Average call time: 3.59 sec | Current time: 2018-12-07 13:32:56.775755
 --------------------------
iter: 6 | batch: 0 | nc: 1 | ncalls: 6 | bounds: 0 | eff(%):  1.186 | logz: -1.7e+05 +/- 1.2e-01 | dlogz: 159803.335 >  0.500
 loglike: -1.7e+05 | params: [ 0.1345481  -0.81674433  4.65187677  0.91885289 25.63411906]
 Average call time: 3.88 sec | Current time: 2018-12-07 13:33:00.658801
 --------------------------
iter: 7 | batch: 0 | nc: 1 | ncalls: 7 | bounds: 0 | eff(%):  1.381 | logz: -1.7e+05 +/- 1.2e-01 | dlogz: 158964.754 >  0.500
 loglike: -1.7e+05 | params: [-0.38355199 -0.63900804  4.82030103  1.12825111 26.36423293]
 Average call time: 4.74 sec | Current time: 2018-12-07 13:33:05.398426
 --------------------------
iter: 8 | batch: 0 | nc: 1 | ncalls: 8 | bounds: 0 | eff(%):  1.575 | logz: -1.7e+05 +/- 1.2e-01 | dlogz: 158891.553 >  0.500
 loglike: -1.7e+05 | params: [ 0.18668789 -0.82228373  4.92841037  5.26963329 25.71008859]
 Average call time: 4.12 sec | Current time: 2018-12-07 13:33:09.520469
 --------------------------
iter: 9 | batch: 0 | nc: 1 | ncalls: 9 | bounds: 0 | eff(%):  1.768 | logz: -1.7e+05 +/- 1.2e-01 | dlogz: 158786.587 >  0.500
 loglike: -1.7e+05 | params: [-0.07271908 -0.1106568   4.67256746  1.30384102 25.59492503]
 Average call time: 3.82 sec | Current time: 2018-12-07 13:33:13.342963
 --------------------------
iter: 10 | batch: 0 | nc: 1 | ncalls: 10 | bounds: 0 | eff(%):  1.961 | logz: -1.7e+05 +/- 1.2e-01 | dlogz: 158681.928 >  0.500
 loglike: -1.7e+05 | params: [-0.35092108 -0.55604638  4.69906938  5.40433144 25.40761548]
 Average call time: 4.88 sec | Current time: 2018-12-07 13:33:18.218425
 --------------------------
iter: 11 | batch: 0 | nc: 1 | ncalls: 11 | bounds: 0 | eff(%):  2.153 | logz: -1.7e+05 +/- 1.2e-01 | dlogz: 158592.263 >  0.500
 loglike: -1.7e+05 | params: [ 0.11176267 -0.02635584  4.68245633  0.88193816 25.59226759]
 Average call time: 3.95 sec | Current time: 2018-12-07 13:33:22.169043
 --------------------------
iter: 12 | batch: 0 | nc: 1 | ncalls: 12 | bounds: 0 | eff(%):  2.344 | logz: -1.7e+05 +/- 1.2e-01 | dlogz: 158329.344 >  0.500
 loglike: -1.7e+05 | params: [-0.4264044  -0.56177271  4.78994493  0.42860066 26.55423779]
 Average call time: 3.94 sec | Current time: 2018-12-07 13:33:26.104846
 --------------------------
iter: 13 | batch: 0 | nc: 1 | ncalls: 13 | bounds: 0 | eff(%):  2.534 | logz: -1.7e+05 +/- 1.2e-01 | dlogz: 158270.455 >  0.500
 loglike: -1.7e+05 | params: [-0.11027342 -0.79220899  4.50039123  1.87079668 25.69329663]
 Average call time: 3.94 sec | Current time: 2018-12-07 13:33:30.044556
 --------------------------
iter: 14 | batch: 0 | nc: 1 | ncalls: 14 | bounds: 0 | eff(%):  2.724 | logz: -1.7e+05 +/- 1.2e-01 | dlogz: 158161.440 >  0.500
 loglike: -1.7e+05 | params: [-0.35361751 -0.94260855  4.65897819  6.66229372 25.79502139]
 Average call time: 4.63 sec | Current time: 2018-12-07 13:33:34.674293
 --------------------------
iter: 15 | batch: 0 | nc: 1 | ncalls: 15 | bounds: 0 | eff(%):  2.913 | logz: -1.7e+05 +/- 1.2e-01 | dlogz: 157509.245 >  0.500
 loglike: -1.7e+05 | params: [-0.4705164  -0.56822348  4.41710339  3.43639502 25.44224555]
 Average call time: 4.75 sec | Current time: 2018-12-07 13:33:39.428194
 --------------------------
iter: 16 | batch: 0 | nc: 1 | ncalls: 16 | bounds: 0 | eff(%):  3.101 | logz: -1.7e+05 +/- 1.2e-01 | dlogz: 157444.363 >  0.500
 loglike: -1.7e+05 | params: [-0.10495467 -0.37027343  4.52605533  5.16499947 25.11343958]
 Average call time: 4.69 sec | Current time: 2018-12-07 13:33:44.114175
 --------------------------
iter: 17 | batch: 0 | nc: 1 | ncalls: 17 | bounds: 0 | eff(%):  3.288 | logz: -1.7e+05 +/- 1.2e-01 | dlogz: 157381.721 >  0.500
 loglike: -1.7e+05 | params: [-0.49338854 -0.38029686  4.64948003  1.77950847 26.61075498]
 Average call time: 4.66 sec | Current time: 2018-12-07 13:33:48.776862
 --------------------------
iter: 18 | batch: 0 | nc: 1 | ncalls: 18 | bounds: 0 | eff(%):  3.475 | logz: -1.7e+05 +/- 1.2e-01 | dlogz: 157184.997 >  0.500
 loglike: -1.7e+05 | params: [-0.33857773 -0.98159901  4.45194293  0.97851992 26.26034389]
 Average call time: 4.64 sec | Current time: 2018-12-07 13:33:53.412192
 --------------------------
iter: 19 | batch: 0 | nc: 1 | ncalls: 19 | bounds: 0 | eff(%):  3.661 | logz: -1.7e+05 +/- 1.2e-01 | dlogz: 157097.834 >  0.500
 loglike: -1.7e+05 | params: [-0.11620905 -0.15638356  4.97417461  5.0829738  26.42736665]
 Average call time: 4.41 sec | Current time: 2018-12-07 13:33:57.825512
 --------------------------
iter: 20 | batch: 0 | nc: 1 | ncalls: 20 | bounds: 0 | eff(%):  3.846 | logz: -1.7e+05 +/- 1.2e-01 | dlogz: 157036.956 >  0.500
 loglike: -1.7e+05 | params: [-0.18379391 -0.06783457  4.47053128  3.61687798 25.1459471 ]
 Average call time: 4.37 sec | Current time: 2018-12-07 13:34:02.197470
 --------------------------
iter: 21 | batch: 0 | nc: 1 | ncalls: 21 | bounds: 0 | eff(%):  4.031 | logz: -1.7e+05 +/- 1.2e-01 | dlogz: 157008.984 >  0.500
 loglike: -1.7e+05 | params: [ 0.10428684 -0.51572588  4.50670019  1.30255174 26.09858169]
 Average call time: 3.58 sec | Current time: 2018-12-07 13:34:05.778579
 --------------------------
iter: 22 | batch: 0 | nc: 1 | ncalls: 22 | bounds: 0 | eff(%):  4.215 | logz: -1.7e+05 +/- 1.2e-01 | dlogz: 156925.948 >  0.500
 loglike: -1.7e+05 | params: [-0.25760389 -0.4095182   4.41559427  2.36779316 25.86533613]
 Average call time: 4.14 sec | Current time: 2018-12-07 13:34:09.918352
 --------------------------
iter: 23 | batch: 0 | nc: 1 | ncalls: 23 | bounds: 0 | eff(%):  4.398 | logz: -1.7e+05 +/- 1.2e-01 | dlogz: 156846.697 >  0.500
 loglike: -1.7e+05 | params: [ 0.23054186 -0.24578438  4.66670982  0.39785245 26.42924424]
 Average call time: 3.62 sec | Current time: 2018-12-07 13:34:13.539926
 --------------------------
iter: 24 | batch: 0 | nc: 1 | ncalls: 24 | bounds: 0 | eff(%):  4.580 | logz: -1.7e+05 +/- 1.2e-01 | dlogz: 156692.925 >  0.500
 loglike: -1.7e+05 | params: [-0.46089775 -0.90727068  4.54795852  1.42839264 26.81443306]
 Average call time: 4.63 sec | Current time: 2018-12-07 13:34:18.170119
 --------------------------
iter: 25 | batch: 0 | nc: 1 | ncalls: 25 | bounds: 0 | eff(%):  4.762 | logz: -1.7e+05 +/- 1.2e-01 | dlogz: 156615.221 >  0.500
 loglike: -1.7e+05 | params: [-0.04550874 -0.03520348  4.87036592  7.44722759 25.92339916]
 Average call time: 3.99 sec | Current time: 2018-12-07 13:34:22.160365
 --------------------------
iter: 26 | batch: 0 | nc: 1 | ncalls: 26 | bounds: 0 | eff(%):  4.943 | logz: -1.7e+05 +/- 1.2e-01 | dlogz: 156585.682 >  0.500
 loglike: -1.7e+05 | params: [ 0.13451852 -0.52667012  4.6102201   1.88536466 26.52076869]
 Average call time: 4.55 sec | Current time: 2018-12-07 13:34:26.713528
 --------------------------
iter: 27 | batch: 0 | nc: 1 | ncalls: 27 | bounds: 0 | eff(%):  5.123 | logz: -1.7e+05 +/- 1.2e-01 | dlogz: 156554.568 >  0.500
 loglike: -1.7e+05 | params: [-0.48951189 -0.39102286  4.95426552  1.87044549 27.93608859]
 Average call time: 3.95 sec | Current time: 2018-12-07 13:34:30.662079
 --------------------------
iter: 28 | batch: 0 | nc: 1 | ncalls: 28 | bounds: 0 | eff(%):  5.303 | logz: -1.7e+05 +/- 1.2e-01 | dlogz: 156243.991 >  0.500
 loglike: -1.7e+05 | params: [-0.09290695 -0.50506511  4.20513187  2.53287818 25.57009889]
 Average call time: 4.61 sec | Current time: 2018-12-07 13:34:35.274479
 --------------------------
iter: 29 | batch: 0 | nc: 1 | ncalls: 29 | bounds: 0 | eff(%):  5.482 | logz: -1.7e+05 +/- 1.2e-01 | dlogz: 155966.384 >  0.500
 loglike: -1.7e+05 | params: [-0.27994311 -0.94363618  4.73816311  5.22535841 26.72791247]
 Average call time: 4.06 sec | Current time: 2018-12-07 13:34:39.336168
 --------------------------
iter: 30 | batch: 0 | nc: 1 | ncalls: 30 | bounds: 0 | eff(%):  5.660 | logz: -1.7e+05 +/- 1.2e-01 | dlogz: 155881.748 >  0.500
 loglike: -1.7e+05 | params: [-0.4836708  -0.55166223  4.57245923  6.22946167 26.24580658]
 Average call time: 4.68 sec | Current time: 2018-12-07 13:34:44.012602
 --------------------------
iter: 31 | batch: 0 | nc: 2 | ncalls: 32 | bounds: 0 | eff(%):  5.827 | logz: -1.7e+05 +/- 1.2e-01 | dlogz: 155721.373 >  0.500
 loglike: -1.7e+05 | params: [ 0.08547299 -0.17850605  4.81363902  4.91865312 26.45040911]
 Average call time: 3.91 sec | Current time: 2018-12-07 13:34:51.827286
 --------------------------
iter: 32 | batch: 0 | nc: 1 | ncalls: 33 | bounds: 0 | eff(%):  6.004 | logz: -1.7e+05 +/- 1.2e-01 | dlogz: 155584.512 >  0.500
 loglike: -1.7e+05 | params: [-0.18033853 -0.47798857  4.78697745  4.16706298 26.87616344]
 Average call time: 5.41 sec | Current time: 2018-12-07 13:34:57.238441
 --------------------------
iter: 33 | batch: 0 | nc: 1 | ncalls: 34 | bounds: 0 | eff(%):  6.180 | logz: -1.7e+05 +/- 1.2e-01 | dlogz: 155551.927 >  0.500
 loglike: -1.7e+05 | params: [-0.26836277 -0.63232422  4.05323068  1.52553513 25.68871428]
 Average call time: 3.97 sec | Current time: 2018-12-07 13:35:01.210725
 --------------------------
iter: 34 | batch: 0 | nc: 1 | ncalls: 35 | bounds: 0 | eff(%):  6.355 | logz: -1.7e+05 +/- 1.2e-01 | dlogz: 155528.660 >  0.500
 loglike: -1.7e+05 | params: [ 0.08681247 -0.65087839  3.99871138  0.5341318  25.39099112]
 Average call time: 3.91 sec | Current time: 2018-12-07 13:35:05.118596
 --------------------------
iter: 35 | batch: 0 | nc: 1 | ncalls: 36 | bounds: 0 | eff(%):  6.530 | logz: -1.7e+05 +/- 1.2e-01 | dlogz: 155487.817 >  0.500
 loglike: -1.7e+05 | params: [-0.0805012  -0.67109514  4.33041793  2.03681558 26.44011193]
 Average call time: 3.97 sec | Current time: 2018-12-07 13:35:09.086420
 --------------------------
iter: 36 | batch: 0 | nc: 1 | ncalls: 37 | bounds: 0 | eff(%):  6.704 | logz: -1.7e+05 +/- 1.2e-01 | dlogz: 155474.953 >  0.500
 loglike: -1.7e+05 | params: [-0.40116765 -0.07282014  4.31118632  3.20258016 25.70285323]
 Average call time: 3.85 sec | Current time: 2018-12-07 13:35:12.935092
 --------------------------
iter: 37 | batch: 0 | nc: 1 | ncalls: 38 | bounds: 0 | eff(%):  6.877 | logz: -1.7e+05 +/- 1.2e-01 | dlogz: 155443.660 >  0.500
 loglike: -1.7e+05 | params: [-0.45199759 -0.49410305  4.73370685  1.27679915 27.84739397]
 Average call time: 4.50 sec | Current time: 2018-12-07 13:35:17.436771
 --------------------------
iter: 38 | batch: 0 | nc: 1 | ncalls: 39 | bounds: 0 | eff(%):  7.050 | logz: -1.7e+05 +/- 1.2e-01 | dlogz: 155413.192 >  0.500
 loglike: -1.7e+05 | params: [-0.30376543 -0.10663812  4.28980322  2.16704025 26.03441955]
 Average call time: 4.42 sec | Current time: 2018-12-07 13:35:21.861533
 --------------------------
iter: 39 | batch: 0 | nc: 1 | ncalls: 40 | bounds: 0 | eff(%):  7.222 | logz: -1.7e+05 +/- 1.2e-01 | dlogz: 155366.770 >  0.500
 loglike: -1.7e+05 | params: [-0.35492425 -0.2599519   4.8269195   4.17556242 27.15022614]
 Average call time: 4.36 sec | Current time: 2018-12-07 13:35:26.225847
 --------------------------
iter: 40 | batch: 0 | nc: 1 | ncalls: 41 | bounds: 0 | eff(%):  7.394 | logz: -1.7e+05 +/- 1.2e-01 | dlogz: 155275.636 >  0.500
 loglike: -1.7e+05 | params: [ 0.10776493 -0.03589879  4.83085626  4.77020749 26.5575166 ]
 Average call time: 3.52 sec | Current time: 2018-12-07 13:35:29.743527
 --------------------------
iter: 41 | batch: 0 | nc: 1 | ncalls: 42 | bounds: 0 | eff(%):  7.565 | logz: -1.7e+05 +/- 1.2e-01 | dlogz: 155234.670 >  0.500
 loglike: -1.7e+05 | params: [-0.21993222 -0.98759302  4.68761335  6.99888096 26.75873411]
 Average call time: 4.08 sec | Current time: 2018-12-07 13:35:33.823617
 --------------------------
iter: 42 | batch: 0 | nc: 1 | ncalls: 43 | bounds: 0 | eff(%):  7.735 | logz: -1.7e+05 +/- 1.2e-01 | dlogz: 155063.091 >  0.500
 loglike: -1.7e+05 | params: [-0.13771034 -0.87466839  4.85781674  0.23450406 28.38285383]
 Average call time: 4.07 sec | Current time: 2018-12-07 13:35:37.891582
 --------------------------
iter: 43 | batch: 0 | nc: 1 | ncalls: 44 | bounds: 0 | eff(%):  7.904 | logz: -1.7e+05 +/- 1.2e-01 | dlogz: 155031.428 >  0.500
 loglike: -1.7e+05 | params: [ 0.04995332 -0.93447943  4.26204513  6.89220783 25.15805266]
 Average call time: 4.07 sec | Current time: 2018-12-07 13:35:41.962803
 --------------------------
iter: 44 | batch: 0 | nc: 1 | ncalls: 45 | bounds: 0 | eff(%):  8.073 | logz: -1.7e+05 +/- 1.2e-01 | dlogz: 155004.938 >  0.500
 loglike: -1.7e+05 | params: [-0.09850739 -0.3899995   4.40569456  3.33866823 26.30698513]
 Average call time: 4.02 sec | Current time: 2018-12-07 13:35:45.984576
 --------------------------
iter: 45 | batch: 0 | nc: 2 | ncalls: 47 | bounds: 0 | eff(%):  8.227 | logz: -1.7e+05 +/- 1.2e-01 | dlogz: 154854.719 >  0.500
 loglike: -1.7e+05 | params: [-0.44288361 -0.47843246  4.93626533  3.45148883 28.17912981]
 Average call time: 4.28 sec | Current time: 2018-12-07 13:35:54.535546
 --------------------------
iter: 46 | batch: 0 | nc: 1 | ncalls: 48 | bounds: 0 | eff(%):  8.394 | logz: -1.7e+05 +/- 1.2e-01 | dlogz: 154837.572 >  0.500
 loglike: -1.7e+05 | params: [-0.18773319 -0.3721227   4.62947331  0.64843964 27.75201572]
 Average call time: 4.77 sec | Current time: 2018-12-07 13:35:59.304167
 --------------------------
iter: 47 | batch: 0 | nc: 1 | ncalls: 49 | bounds: 0 | eff(%):  8.561 | logz: -1.7e+05 +/- 1.2e-01 | dlogz: 154740.624 >  0.500
 loglike: -1.7e+05 | params: [-0.27601949 -0.13839038  4.62322878  6.17180769 26.3061582 ]
 Average call time: 3.91 sec | Current time: 2018-12-07 13:36:03.209436
 --------------------------
iter: 48 | batch: 0 | nc: 1 | ncalls: 50 | bounds: 0 | eff(%):  8.727 | logz: -1.7e+05 +/- 1.2e-01 | dlogz: 154666.931 >  0.500
 loglike: -1.7e+05 | params: [-0.25249446 -0.39332478  4.28863915  5.06092402 25.58961529]
 Average call time: 4.70 sec | Current time: 2018-12-07 13:36:07.905334
 --------------------------
iter: 49 | batch: 0 | nc: 1 | ncalls: 51 | bounds: 0 | eff(%):  8.893 | logz: -1.7e+05 +/- 1.2e-01 | dlogz: 154588.579 >  0.500
 loglike: -1.7e+05 | params: [-0.49370075 -0.52845105  4.40968844  7.39311962 26.15718067]
 Average call time: 3.99 sec | Current time: 2018-12-07 13:36:11.897559
 --------------------------
iter: 50 | batch: 0 | nc: 1 | ncalls: 52 | bounds: 0 | eff(%):  9.058 | logz: -1.7e+05 +/- 1.2e-01 | dlogz: 154467.138 >  0.500
 loglike: -1.7e+05 | params: [-0.47813634 -0.11932711  4.6466715   0.81482257 27.99654556]
 Average call time: 4.07 sec | Current time: 2018-12-07 13:36:15.972353
 --------------------------
iter: 51 | batch: 0 | nc: 1 | ncalls: 53 | bounds: 0 | eff(%):  9.222 | logz: -1.7e+05 +/- 1.2e-01 | dlogz: 154379.272 >  0.500
 loglike: -1.7e+05 | params: [ 0.24586118 -0.82126023  1.04880035  3.710288   29.65875971]
 Average call time: 4.49 sec | Current time: 2018-12-07 13:36:20.461620
 --------------------------
iter: 52 | batch: 0 | nc: 2 | ncalls: 55 | bounds: 0 | eff(%):  9.369 | logz: -1.7e+05 +/- 1.2e-01 | dlogz: 154363.301 >  0.500
 loglike: -1.7e+05 | params: [ 0.24690978 -0.33678169  4.27160647  2.24428217 26.45959203]
 Average call time: 4.01 sec | Current time: 2018-12-07 13:36:28.481599
 --------------------------
iter: 53 | batch: 0 | nc: 1 | ncalls: 56 | bounds: 0 | eff(%):  9.532 | logz: -1.7e+05 +/- 1.2e-01 | dlogz: 154343.610 >  0.500
 loglike: -1.7e+05 | params: [ 0.10358267 -0.70555661  4.122476    1.8758118  26.44924576]
 Average call time: 4.56 sec | Current time: 2018-12-07 13:36:33.037146
 --------------------------
iter: 54 | batch: 0 | nc: 1 | ncalls: 57 | bounds: 0 | eff(%):  9.695 | logz: -1.7e+05 +/- 1.2e-01 | dlogz: 154276.170 >  0.500
 loglike: -1.7e+05 | params: [-0.21959012 -0.59848921  4.70039765  2.03438485 28.3200634 ]
 Average call time: 3.86 sec | Current time: 2018-12-07 13:36:36.893329
 --------------------------
iter: 55 | batch: 0 | nc: 1 | ncalls: 58 | bounds: 0 | eff(%):  9.857 | logz: -1.7e+05 +/- 1.2e-01 | dlogz: 154234.275 >  0.500
 loglike: -1.7e+05 | params: [-0.21146308 -0.86311231  4.81611982  2.29236457 28.64238843]
 Average call time: 3.73 sec | Current time: 2018-12-07 13:36:40.624420
 --------------------------
iter: 56 | batch: 0 | nc: 1 | ncalls: 59 | bounds: 0 | eff(%): 10.018 | logz: -1.7e+05 +/- 1.2e-01 | dlogz: 154220.677 >  0.500
 loglike: -1.7e+05 | params: [ 0.23534446 -0.85558164  4.61285233  5.99272858 26.74229517]
 Average call time: 3.74 sec | Current time: 2018-12-07 13:36:44.359805
 --------------------------
iter: 57 | batch: 0 | nc: 1 | ncalls: 60 | bounds: 0 | eff(%): 10.179 | logz: -1.7e+05 +/- 1.2e-01 | dlogz: 154191.182 >  0.500
 loglike: -1.7e+05 | params: [-0.22510943 -0.93422121  4.15123552  4.14786567 25.88419252]
 Average call time: 3.60 sec | Current time: 2018-12-07 13:36:47.956020
 --------------------------
iter: 58 | batch: 0 | nc: 2 | ncalls: 62 | bounds: 0 | eff(%): 10.320 | logz: -1.7e+05 +/- 1.2e-01 | dlogz: 154170.610 >  0.500
 loglike: -1.7e+05 | params: [-0.41832292 -0.53758051  4.54540733  3.77336392 27.33107636]
 Average call time: 4.09 sec | Current time: 2018-12-07 13:36:56.140635
 --------------------------
iter: 59 | batch: 0 | nc: 1 | ncalls: 63 | bounds: 0 | eff(%): 10.480 | logz: -1.7e+05 +/- 1.2e-01 | dlogz: 154072.607 >  0.500
 loglike: -1.7e+05 | params: [-0.05226967 -0.37153246  4.93060417  1.49290166 28.99988706]
 Average call time: 4.49 sec | Current time: 2018-12-07 13:37:00.625814
 --------------------------
iter: 60 | batch: 0 | nc: 1 | ncalls: 64 | bounds: 0 | eff(%): 10.638 | logz: -1.7e+05 +/- 1.1e-01 | dlogz: 154047.752 >  0.500
 loglike: -1.7e+05 | params: [-2.20976300e-02 -8.34049344e-01  4.49649266e+00  8.54978249e-01
  2.79506134e+01]
 Average call time: 4.67 sec | Current time: 2018-12-07 13:37:05.298735
 --------------------------
iter: 61 | batch: 0 | nc: 2 | ncalls: 66 | bounds: 0 | eff(%): 10.777 | logz: -1.7e+05 +/- 1.2e-01 | dlogz: 154045.643 >  0.500
 loglike: -1.7e+05 | params: [-0.20748413 -0.73287795  4.20866568  7.20712356 25.50793928]
 Average call time: 4.04 sec | Current time: 2018-12-07 13:37:13.380277
 --------------------------
iter: 62 | batch: 0 | nc: 1 | ncalls: 67 | bounds: 0 | eff(%): 10.935 | logz: -1.7e+05 +/- 1.2e-01 | dlogz: 154010.025 >  0.500
 loglike: -1.7e+05 | params: [ 0.1974636  -0.9427046   4.27318939  1.4005215  27.19853053]
 Average call time: 4.56 sec | Current time: 2018-12-07 13:37:17.941994
 --------------------------
iter: 63 | batch: 0 | nc: 1 | ncalls: 68 | bounds: 0 | eff(%): 11.092 | logz: -1.7e+05 +/- 1.2e-01 | dlogz: 153997.422 >  0.500
 loglike: -1.7e+05 | params: [ 4.62115947e-03 -9.12528386e-01  4.54786376e+00  6.28146995e+00
  2.65865221e+01]
 Average call time: 4.84 sec | Current time: 2018-12-07 13:37:22.776915
 --------------------------
iter: 64 | batch: 0 | nc: 1 | ncalls: 69 | bounds: 0 | eff(%): 11.248 | logz: -1.7e+05 +/- 1.2e-01 | dlogz: 153954.828 >  0.500
 loglike: -1.7e+05 | params: [-2.15147408e-02 -3.44116973e-01  4.07727598e+00  1.01795274e-01
  2.65034772e+01]
 Average call time: 4.63 sec | Current time: 2018-12-07 13:37:27.406739
 --------------------------
iter: 65 | batch: 0 | nc: 1 | ncalls: 70 | bounds: 0 | eff(%): 11.404 | logz: -1.7e+05 +/- 1.2e-01 | dlogz: 153818.331 >  0.500
 loglike: -1.7e+05 | params: [-0.07468909 -0.18165502  4.75594922  1.62392118 28.56422012]
 Average call time: 3.93 sec | Current time: 2018-12-07 13:37:31.340162
 --------------------------
iter: 66 | batch: 0 | nc: 2 | ncalls: 72 | bounds: 0 | eff(%): 11.538 | logz: -1.7e+05 +/- 1.2e-01 | dlogz: 153781.758 >  0.500
 loglike: -1.7e+05 | params: [-0.48047235 -0.88210632  4.31750552  1.1939469  27.84735568]
 Average call time: 3.89 sec | Current time: 2018-12-07 13:37:39.112857
 --------------------------
iter: 67 | batch: 0 | nc: 1 | ncalls: 73 | bounds: 0 | eff(%): 11.693 | logz: -1.7e+05 +/- 1.2e-01 | dlogz: 153713.365 >  0.500
 loglike: -1.7e+05 | params: [ 0.18435334 -0.44653633  4.07238731  0.44635875 26.63906109]
 Average call time: 4.46 sec | Current time: 2018-12-07 13:37:43.574159
 --------------------------
iter: 68 | batch: 0 | nc: 1 | ncalls: 74 | bounds: 0 | eff(%): 11.847 | logz: -1.7e+05 +/- 1.2e-01 | dlogz: 153593.742 >  0.500
 loglike: -1.7e+05 | params: [-0.38645355 -0.66482534  3.63020711  0.67940609 25.27503198]
 Average call time: 3.89 sec | Current time: 2018-12-07 13:37:47.465210
 --------------------------
iter: 69 | batch: 0 | nc: 1 | ncalls: 75 | bounds: 0 | eff(%): 12.000 | logz: -1.7e+05 +/- 1.2e-01 | dlogz: 153559.996 >  0.500
 loglike: -1.7e+05 | params: [-0.47901179 -0.13640872  4.99452304  2.66994761 29.25130417]
 Average call time: 3.60 sec | Current time: 2018-12-07 13:37:51.068650
 --------------------------
iter: 70 | batch: 0 | nc: 1 | ncalls: 76 | bounds: 0 | eff(%): 12.153 | logz: -1.7e+05 +/- 1.2e-01 | dlogz: 153514.427 >  0.500
 loglike: -1.7e+05 | params: [-0.42924325 -0.76972884  4.59641857  5.5963651  27.52278563]
 Average call time: 3.43 sec | Current time: 2018-12-07 13:37:54.501858
 --------------------------
iter: 71 | batch: 0 | nc: 2 | ncalls: 78 | bounds: 0 | eff(%): 12.284 | logz: -1.7e+05 +/- 1.2e-01 | dlogz: 153421.807 >  0.500
 loglike: -1.7e+05 | params: [-0.48302564 -0.78717811  3.90498682  5.41842347 25.19198184]
 Average call time: 3.63 sec | Current time: 2018-12-07 13:38:01.763435
 --------------------------
iter: 72 | batch: 0 | nc: 2 | ncalls: 80 | bounds: 0 | eff(%): 12.414 | logz: -1.7e+05 +/- 1.2e-01 | dlogz: 153417.905 >  0.500
 loglike: -1.7e+05 | params: [-0.03919789 -0.19607945  4.11466874  3.92616076 25.63694278]
 Average call time: 3.30 sec | Current time: 2018-12-07 13:38:08.353940
 --------------------------
iter: 73 | batch: 0 | nc: 1 | ncalls: 81 | bounds: 0 | eff(%): 12.565 | logz: -1.7e+05 +/- 1.2e-01 | dlogz: 153352.634 >  0.500
 loglike: -1.7e+05 | params: [-0.07050556 -0.8793378   4.9998549   7.97930474 28.47356071]
 Average call time: 3.86 sec | Current time: 2018-12-07 13:38:12.211940
 --------------------------
iter: 74 | batch: 0 | nc: 1 | ncalls: 82 | bounds: 0 | eff(%): 12.715 | logz: -1.6e+05 +/- 1.2e-01 | dlogz: 153243.230 >  0.500
 loglike: -1.6e+05 | params: [-0.4929923  -0.33875291  4.10455111  7.42027891 25.54708109]
 Average call time: 3.87 sec | Current time: 2018-12-07 13:38:16.079980
 --------------------------
iter: 75 | batch: 0 | nc: 1 | ncalls: 83 | bounds: 0 | eff(%): 12.864 | logz: -1.6e+05 +/- 1.2e-01 | dlogz: 153123.148 >  0.500
 loglike: -1.6e+05 | params: [ 0.16742203 -0.83153171  4.53425718  5.65192754 27.11054327]
 Average call time: 3.23 sec | Current time: 2018-12-07 13:38:19.309359
 --------------------------
iter: 76 | batch: 0 | nc: 2 | ncalls: 85 | bounds: 0 | eff(%): 12.991 | logz: -1.6e+05 +/- 1.1e-01 | dlogz: 153080.001 >  0.500
 loglike: -1.6e+05 | params: [ 2.34548532e-02 -7.41703501e-01  4.66323128e+00  4.30562967e+00
  2.77898221e+01]
 Average call time: 3.57 sec | Current time: 2018-12-07 13:38:26.445712
 --------------------------
iter: 77 | batch: 0 | nc: 1 | ncalls: 86 | bounds: 0 | eff(%): 13.140 | logz: -1.6e+05 +/- 1.2e-01 | dlogz: 153078.377 >  0.500
 loglike: -1.6e+05 | params: [-0.28006133 -0.46988317  4.46530208  6.9633916  26.78251651]
 Average call time: 3.29 sec | Current time: 2018-12-07 13:38:29.733193
 --------------------------
iter: 78 | batch: 0 | nc: 1 | ncalls: 87 | bounds: 0 | eff(%): 13.288 | logz: -1.6e+05 +/- 1.2e-01 | dlogz: 153057.906 >  0.500
 loglike: -1.6e+05 | params: [ 0.12122993 -0.38274595  4.87847513  2.465785   29.22864828]
 Average call time: 3.85 sec | Current time: 2018-12-07 13:38:33.583410
 --------------------------
iter: 79 | batch: 0 | nc: 1 | ncalls: 88 | bounds: 0 | eff(%): 13.435 | logz: -1.6e+05 +/- 1.2e-01 | dlogz: 152843.819 >  0.500
 loglike: -1.6e+05 | params: [-0.15097188 -0.84326324  4.66628602  5.80107857 27.79755371]
 Average call time: 3.32 sec | Current time: 2018-12-07 13:38:36.904221
 --------------------------
iter: 80 | batch: 0 | nc: 1 | ncalls: 89 | bounds: 0 | eff(%): 13.582 | logz: -1.6e+05 +/- 1.2e-01 | dlogz: 152793.173 >  0.500
 loglike: -1.6e+05 | params: [ 6.81045767e-02 -1.16502370e-02  4.20560383e+00  2.81745058e+00
  2.66769562e+01]
 Average call time: 3.33 sec | Current time: 2018-12-07 13:38:40.234507
 --------------------------
iter: 81 | batch: 0 | nc: 1 | ncalls: 90 | bounds: 0 | eff(%): 13.729 | logz: -1.6e+05 +/- 1.2e-01 | dlogz: 152741.844 >  0.500
 loglike: -1.6e+05 | params: [-0.18285052 -0.06651391  4.97588397  4.42792683 28.65117286]
 Average call time: 3.39 sec | Current time: 2018-12-07 13:38:43.626422
 --------------------------
iter: 82 | batch: 0 | nc: 2 | ncalls: 92 | bounds: 0 | eff(%): 13.851 | logz: -1.6e+05 +/- 1.2e-01 | dlogz: 152730.392 >  0.500
 loglike: -1.6e+05 | params: [-0.08212399 -0.54473079  4.77838561  6.00177287 27.96378039]
 Average call time: 3.41 sec | Current time: 2018-12-07 13:38:50.442623
 --------------------------
iter: 83 | batch: 0 | nc: 1 | ncalls: 93 | bounds: 0 | eff(%): 13.997 | logz: -1.6e+05 +/- 1.2e-01 | dlogz: 152701.060 >  0.500
 loglike: -1.6e+05 | params: [-0.47244633 -0.06485804  4.96855699  4.4460467  29.08459812]
 Average call time: 4.00 sec | Current time: 2018-12-07 13:38:54.442035
 --------------------------
iter: 84 | batch: 0 | nc: 1 | ncalls: 94 | bounds: 0 | eff(%): 14.141 | logz: -1.6e+05 +/- 1.2e-01 | dlogz: 152609.173 >  0.500
 loglike: -1.6e+05 | params: [-0.16825081 -0.61933068  4.33039388  5.72450126 26.77500413]
 Average call time: 4.01 sec | Current time: 2018-12-07 13:38:58.448845
 --------------------------
iter: 85 | batch: 0 | nc: 2 | ncalls: 96 | bounds: 0 | eff(%): 14.262 | logz: -1.6e+05 +/- 1.2e-01 | dlogz: 152450.069 >  0.500
 loglike: -1.6e+05 | params: [-0.12308033 -0.46312181  4.27680827  0.55121354 28.34710872]
 Average call time: 3.69 sec | Current time: 2018-12-07 13:39:05.832070
 --------------------------
iter: 86 | batch: 0 | nc: 1 | ncalls: 97 | bounds: 0 | eff(%): 14.405 | logz: -1.6e+05 +/- 1.1e-01 | dlogz: 152443.443 >  0.500
 loglike: -1.6e+05 | params: [-0.03789556 -0.78070883  4.49009467  5.21813278 27.36501472]
 Average call time: 4.13 sec | Current time: 2018-12-07 13:39:09.959412
 --------------------------
iter: 87 | batch: 0 | nc: 1 | ncalls: 98 | bounds: 0 | eff(%): 14.548 | logz: -1.6e+05 +/- 1.2e-01 | dlogz: 152441.057 >  0.500
 loglike: -1.6e+05 | params: [-0.17044708 -0.37067001  4.7002324   2.92020491 29.09566723]
 Average call time: 3.88 sec | Current time: 2018-12-07 13:39:13.842469
 --------------------------
iter: 88 | batch: 0 | nc: 1 | ncalls: 99 | bounds: 0 | eff(%): 14.691 | logz: -1.6e+05 +/- 1.2e-01 | dlogz: 152427.858 >  0.500
 loglike: -1.6e+05 | params: [-0.17332374 -0.4471711   4.13955544  1.38377372 27.9142019 ]
 Average call time: 4.71 sec | Current time: 2018-12-07 13:39:18.549348
 --------------------------
iter: 89 | batch: 0 | nc: 1 | ncalls: 100 | bounds: 0 | eff(%): 14.833 | logz: -1.6e+05 +/- 1.2e-01 | dlogz: 152393.729 >  0.500
 loglike: -1.6e+05 | params: [-0.29932373 -0.06717301  4.30458024  1.24900122 28.23501805]
 Average call time: 3.83 sec | Current time: 2018-12-07 13:39:22.382724
 --------------------------
iter: 90 | batch: 0 | nc: 1 | ncalls: 101 | bounds: 0 | eff(%): 14.975 | logz: -1.6e+05 +/- 1.2e-01 | dlogz: 152386.398 >  0.500
 loglike: -1.6e+05 | params: [-2.55325148e-02 -1.71249351e-01  3.85244171e+00  2.75029379e+00
  2.58384734e+01]
 Average call time: 4.12 sec | Current time: 2018-12-07 13:39:26.507685
 --------------------------
iter: 91 | batch: 0 | nc: 1 | ncalls: 102 | bounds: 0 | eff(%): 15.116 | logz: -1.6e+05 +/- 1.1e-01 | dlogz: 152375.528 >  0.500
 loglike: -1.6e+05 | params: [-0.28442538 -0.19472114  1.22483051  2.29771434 29.68355696]
 Average call time: 4.60 sec | Current time: 2018-12-07 13:39:31.106248
 --------------------------
iter: 92 | batch: 0 | nc: 1 | ncalls: 103 | bounds: 0 | eff(%): 15.257 | logz: -1.6e+05 +/- 1.2e-01 | dlogz: 152373.657 >  0.500
 loglike: -1.6e+05 | params: [-0.15845759 -0.844337    4.98381136  7.12855958 29.018747  ]
 Average call time: 4.81 sec | Current time: 2018-12-07 13:39:35.911713
 --------------------------
iter: 93 | batch: 0 | nc: 2 | ncalls: 105 | bounds: 0 | eff(%): 15.372 | logz: -1.6e+05 +/- 1.2e-01 | dlogz: 152348.117 >  0.500
 loglike: -1.6e+05 | params: [-0.3757811  -0.45522533  4.53748359  5.72326434 27.78185202]
 Average call time: 4.70 sec | Current time: 2018-12-07 13:39:45.303568
 --------------------------
iter: 94 | batch: 0 | nc: 1 | ncalls: 106 | bounds: 0 | eff(%): 15.512 | logz: -1.6e+05 +/- 1.2e-01 | dlogz: 152133.224 >  0.500
 loglike: -1.6e+05 | params: [-0.09903825 -0.68236044  4.01447455  1.51671913 27.81749588]
 Average call time: 4.08 sec | Current time: 2018-12-07 13:39:49.388485
 --------------------------
iter: 95 | batch: 0 | nc: 2 | ncalls: 108 | bounds: 0 | eff(%): 15.625 | logz: -1.6e+05 +/- 1.2e-01 | dlogz: 152114.463 >  0.500
 loglike: -1.6e+05 | params: [-0.47908459 -0.42669867  4.22257244  3.42204822 27.62633418]
 Average call time: 4.35 sec | Current time: 2018-12-07 13:39:58.084966
 --------------------------
iter: 96 | batch: 0 | nc: 2 | ncalls: 110 | bounds: 0 | eff(%): 15.738 | logz: -1.6e+05 +/- 1.1e-01 | dlogz: 152048.939 >  0.500
 loglike: -1.6e+05 | params: [-0.41362854 -0.70686473  4.05750988  0.6872756  28.14176585]
 Average call time: 3.72 sec | Current time: 2018-12-07 13:40:05.522616
 --------------------------
iter: 97 | batch: 0 | nc: 1 | ncalls: 111 | bounds: 0 | eff(%): 15.876 | logz: -1.6e+05 +/- 1.2e-01 | dlogz: 152047.309 >  0.500
 loglike: -1.6e+05 | params: [-0.38762471 -0.25393659  4.32402797  5.10643357 27.19154941]
 Average call time: 4.23 sec | Current time: 2018-12-07 13:40:09.757108
 --------------------------
iter: 98 | batch: 0 | nc: 2 | ncalls: 113 | bounds: 0 | eff(%): 15.987 | logz: -1.6e+05 +/- 1.1e-01 | dlogz: 151979.979 >  0.500
 loglike: -1.6e+05 | params: [-1.14663926e-02 -6.02797422e-01  4.15492057e+00  2.60300537e+00
  2.78404933e+01]
 Average call time: 3.46 sec | Current time: 2018-12-07 13:40:16.686905
 --------------------------
iter: 99 | batch: 0 | nc: 1 | ncalls: 114 | bounds: 0 | eff(%): 16.124 | logz: -1.6e+05 +/- 1.2e-01 | dlogz: 151978.522 >  0.500
 loglike: -1.6e+05 | params: [ 0.08685849 -0.23839609  4.65761245  5.30311998 27.84183791]
 Average call time: 3.81 sec | Current time: 2018-12-07 13:40:20.494228
 --------------------------
iter: 100 | batch: 0 | nc: 1 | ncalls: 115 | bounds: 0 | eff(%): 16.260 | logz: -1.6e+05 +/- 1.1e-01 | dlogz: 151926.138 >  0.500
 loglike: -1.6e+05 | params: [ 0.15184554 -0.56382658  4.20859057  1.23575791 28.52130486]
 Average call time: 4.03 sec | Current time: 2018-12-07 13:40:24.523080
 --------------------------
iter: 101 | batch: 0 | nc: 1 | ncalls: 116 | bounds: 0 | eff(%): 16.396 | logz: -1.6e+05 +/- 1.2e-01 | dlogz: 151924.229 >  0.500
 loglike: -1.6e+05 | params: [-1.66020676e-01 -2.63907413e-02  4.19110526e+00  2.34459158e+00
  2.77789320e+01]
 Average call time: 4.67 sec | Current time: 2018-12-07 13:40:29.193153
 --------------------------
iter: 102 | batch: 0 | nc: 2 | ncalls: 118 | bounds: 0 | eff(%): 16.505 | logz: -1.6e+05 +/- 1.2e-01 | dlogz: 151907.995 >  0.500
 loglike: -1.6e+05 | params: [-0.21957615 -0.583783    4.51033     6.11009031 27.7405619 ]
 Average call time: 4.31 sec | Current time: 2018-12-07 13:40:37.810295
 --------------------------
iter: 103 | batch: 0 | nc: 1 | ncalls: 119 | bounds: 0 | eff(%): 16.640 | logz: -1.6e+05 +/- 1.2e-01 | dlogz: 151760.663 >  0.500
 loglike: -1.6e+05 | params: [-0.49707752 -0.81570706  4.71186438  5.52335224 29.07397118]
 Average call time: 3.97 sec | Current time: 2018-12-07 13:40:41.777280
 --------------------------
iter: 104 | batch: 0 | nc: 1 | ncalls: 120 | bounds: 0 | eff(%): 16.774 | logz: -1.6e+05 +/- 1.2e-01 | dlogz: 151722.082 >  0.500
 loglike: -1.6e+05 | params: [-0.32009445 -0.87247164  4.58240795  7.28960414 28.1443961 ]
 Average call time: 4.54 sec | Current time: 2018-12-07 13:40:46.321155
 --------------------------
iter: 105 | batch: 0 | nc: 2 | ncalls: 122 | bounds: 0 | eff(%): 16.881 | logz: -1.6e+05 +/- 1.2e-01 | dlogz: 151690.179 >  0.500
 loglike: -1.6e+05 | params: [-0.40685674 -0.39127431  3.77325121  0.71451123 27.02040749]
 Average call time: 4.08 sec | Current time: 2018-12-07 13:40:54.478508
 --------------------------
iter: 106 | batch: 0 | nc: 1 | ncalls: 123 | bounds: 0 | eff(%): 17.014 | logz: -1.6e+05 +/- 1.2e-01 | dlogz: 151647.195 >  0.500
 loglike: -1.6e+05 | params: [-0.35628749 -0.36169698  4.32985846  3.81163403 27.90176517]
 Average call time: 4.58 sec | Current time: 2018-12-07 13:40:59.059702
 --------------------------
iter: 107 | batch: 0 | nc: 1 | ncalls: 124 | bounds: 0 | eff(%): 17.147 | logz: -1.6e+05 +/- 1.2e-01 | dlogz: 151637.743 >  0.500
 loglike: -1.6e+05 | params: [ 0.18409216 -0.20947587  4.96832586  7.67453392 28.95982068]
 Average call time: 4.10 sec | Current time: 2018-12-07 13:41:03.156339
 --------------------------
iter: 108 | batch: 0 | nc: 1 | ncalls: 125 | bounds: 0 | eff(%): 17.280 | logz: -1.6e+05 +/- 1.2e-01 | dlogz: 151631.497 >  0.500
 loglike: -1.6e+05 | params: [ 0.04695783 -0.57503161  3.90250494  4.74525928 25.68535527]
 Average call time: 3.99 sec | Current time: 2018-12-07 13:41:07.147967
 --------------------------
iter: 109 | batch: 0 | nc: 1 | ncalls: 126 | bounds: 0 | eff(%): 17.412 | logz: -1.6e+05 +/- 1.2e-01 | dlogz: 151620.619 >  0.500
 loglike: -1.6e+05 | params: [-0.27730454 -0.62805569  4.31079744  7.21900233 27.13651892]
 Average call time: 4.66 sec | Current time: 2018-12-07 13:41:11.803704
 --------------------------
iter: 110 | batch: 0 | nc: 1 | ncalls: 127 | bounds: 0 | eff(%): 17.544 | logz: -1.6e+05 +/- 1.1e-01 | dlogz: 151568.678 >  0.500
 loglike: -1.6e+05 | params: [-0.47672385 -0.63676024  3.92288717  3.85697593 26.72208485]
 Average call time: 4.61 sec | Current time: 2018-12-07 13:41:16.418033
 --------------------------
iter: 111 | batch: 0 | nc: 1 | ncalls: 128 | bounds: 0 | eff(%): 17.675 | logz: -1.6e+05 +/- 1.2e-01 | dlogz: 151566.540 >  0.500
 loglike: -1.6e+05 | params: [-0.35058311 -0.49522555  4.03129861  7.31694834 26.17684397]
 Average call time: 4.45 sec | Current time: 2018-12-07 13:41:20.866036
 --------------------------
iter: 112 | batch: 0 | nc: 1 | ncalls: 129 | bounds: 0 | eff(%): 17.806 | logz: -1.6e+05 +/- 1.2e-01 | dlogz: 151495.615 >  0.500
 loglike: -1.6e+05 | params: [-0.03291756 -0.50631735  4.3621508   5.7255662  27.21954491]
 Average call time: 3.74 sec | Current time: 2018-12-07 13:41:24.609874
 --------------------------
iter: 113 | batch: 0 | nc: 2 | ncalls: 131 | bounds: 0 | eff(%): 17.908 | logz: -1.6e+05 +/- 1.2e-01 | dlogz: 151492.653 >  0.500
 loglike: -1.6e+05 | params: [ 2.13927234e-02 -1.15348202e-01  4.00557642e+00  2.17831597e+00
  2.75378725e+01]
 Average call time: 4.02 sec | Current time: 2018-12-07 13:41:32.647068
 --------------------------
iter: 114 | batch: 0 | nc: 3 | ncalls: 134 | bounds: 0 | eff(%): 17.981 | logz: -1.6e+05 +/- 1.2e-01 | dlogz: 151448.716 >  0.500
 loglike: -1.6e+05 | params: [-0.17233012 -0.387851    4.6727923   5.04331969 28.52998783]
 Average call time: 3.96 sec | Current time: 2018-12-07 13:41:44.523835
 --------------------------
iter: 115 | batch: 0 | nc: 1 | ncalls: 135 | bounds: 0 | eff(%): 18.110 | logz: -1.6e+05 +/- 1.2e-01 | dlogz: 151421.389 >  0.500
 loglike: -1.6e+05 | params: [ 0.21211644 -0.24784316  3.56105747  1.74618455 25.83933086]
 Average call time: 4.43 sec | Current time: 2018-12-07 13:41:48.950609
 --------------------------
iter: 116 | batch: 0 | nc: 1 | ncalls: 136 | bounds: 0 | eff(%): 18.239 | logz: -1.6e+05 +/- 1.2e-01 | dlogz: 151398.324 >  0.500
 loglike: -1.6e+05 | params: [-0.15283076 -0.15281333  3.71209438  3.00611212 25.68991505]
 Average call time: 4.01 sec | Current time: 2018-12-07 13:41:52.962965
 --------------------------
iter: 117 | batch: 0 | nc: 2 | ncalls: 138 | bounds: 0 | eff(%): 18.339 | logz: -1.6e+05 +/- 1.2e-01 | dlogz: 151393.408 >  0.500
 loglike: -1.6e+05 | params: [-0.3190009  -0.07053247  3.91226716  3.00870189 26.6984575 ]
 Average call time: 4.39 sec | Current time: 2018-12-07 13:42:01.751701
 --------------------------
iter: 118 | batch: 0 | nc: 2 | ncalls: 140 | bounds: 0 | eff(%): 18.438 | logz: -1.6e+05 +/- 1.2e-01 | dlogz: 151385.612 >  0.500
 loglike: -1.6e+05 | params: [-1.41821708e-02 -2.28092791e-01  4.38327940e+00  6.66089819e+00
  2.71416267e+01]
 Average call time: 4.30 sec | Current time: 2018-12-07 13:42:10.349148
 --------------------------
iter: 119 | batch: 0 | nc: 1 | ncalls: 141 | bounds: 0 | eff(%): 18.565 | logz: -1.6e+05 +/- 1.2e-01 | dlogz: 151375.503 >  0.500
 loglike: -1.6e+05 | params: [-0.28789073 -0.75820128  4.48540767  3.00004564 29.4401789 ]
 Average call time: 4.59 sec | Current time: 2018-12-07 13:42:14.944044
 --------------------------
iter: 120 | batch: 0 | nc: 2 | ncalls: 143 | bounds: 0 | eff(%): 18.663 | logz: -1.6e+05 +/- 1.2e-01 | dlogz: 151370.517 >  0.500
 loglike: -1.6e+05 | params: [-0.149323   -0.66129798  4.68133281  7.50697639 28.35639398]
 Average call time: 4.69 sec | Current time: 2018-12-07 13:42:24.326175
 --------------------------
iter: 121 | batch: 0 | nc: 1 | ncalls: 144 | bounds: 0 | eff(%): 18.789 | logz: -1.6e+05 +/- 1.2e-01 | dlogz: 151342.457 >  0.500
 loglike: -1.6e+05 | params: [ 0.0342997  -0.966108    4.31206834  5.71745895 27.46710812]
 Average call time: 4.60 sec | Current time: 2018-12-07 13:42:28.925996
 --------------------------
iter: 122 | batch: 0 | nc: 1 | ncalls: 145 | bounds: 0 | eff(%): 18.915 | logz: -1.6e+05 +/- 1.2e-01 | dlogz: 151334.367 >  0.500
 loglike: -1.6e+05 | params: [ 0.19275675 -0.54079569  3.51835406  1.06229492 26.15348993]
 Average call time: 4.50 sec | Current time: 2018-12-07 13:42:33.427670
 --------------------------
iter: 123 | batch: 0 | nc: 1 | ncalls: 146 | bounds: 0 | eff(%): 19.040 | logz: -1.6e+05 +/- 1.2e-01 | dlogz: 151319.404 >  0.500
 loglike: -1.6e+05 | params: [-1.81408810e-02 -2.33826719e-01  4.00408977e+00  5.41872340e-01
  2.80932456e+01]
 Average call time: 3.88 sec | Current time: 2018-12-07 13:42:37.311630
 --------------------------
iter: 124 | batch: 0 | nc: 1 | ncalls: 147 | bounds: 0 | eff(%): 19.165 | logz: -1.6e+05 +/- 1.2e-01 | dlogz: 151303.663 >  0.500
 loglike: -1.6e+05 | params: [-0.39475204 -0.60000181  4.3083909   3.69759182 28.46791603]
 Average call time: 4.39 sec | Current time: 2018-12-07 13:42:41.702452
 --------------------------
iter: 125 | batch: 0 | nc: 1 | ncalls: 148 | bounds: 0 | eff(%): 19.290 | logz: -1.6e+05 +/- 1.2e-01 | dlogz: 151295.644 >  0.500
 loglike: -1.6e+05 | params: [ 2.84359811e-02 -7.81207894e-01  4.69947051e+00  3.59291197e+00
  2.95465798e+01]
 Average call time: 4.40 sec | Current time: 2018-12-07 13:42:46.098367
 --------------------------
iter: 126 | batch: 0 | nc: 2 | ncalls: 150 | bounds: 0 | eff(%): 19.385 | logz: -1.6e+05 +/- 1.2e-01 | dlogz: 151289.891 >  0.500
 loglike: -1.6e+05 | params: [-0.43797336 -0.86417144  4.65082676  6.98822903 28.91832129]
 Average call time: 4.47 sec | Current time: 2018-12-07 13:42:55.032333
 --------------------------
iter: 127 | batch: 0 | nc: 1 | ncalls: 151 | bounds: 0 | eff(%): 19.508 | logz: -1.6e+05 +/- 1.2e-01 | dlogz: 151238.926 >  0.500
 loglike: -1.6e+05 | params: [ 0.09335649 -0.78116647  3.98478335  3.68747727 27.04131163]
 Average call time: 4.68 sec | Current time: 2018-12-07 13:42:59.715451
 --------------------------
iter: 128 | batch: 0 | nc: 2 | ncalls: 153 | bounds: 0 | eff(%): 19.602 | logz: -1.6e+05 +/- 1.1e-01 | dlogz: 151172.343 >  0.500
 loglike: -1.6e+05 | params: [ 0.12131494 -0.0949663   3.92576671  2.21972068 27.35987263]
 Average call time: 4.15 sec | Current time: 2018-12-07 13:43:08.008957
 --------------------------
iter: 129 | batch: 0 | nc: 2 | ncalls: 155 | bounds: 0 | eff(%): 19.695 | logz: -1.6e+05 +/- 1.2e-01 | dlogz: 151170.415 >  0.500
 loglike: -1.6e+05 | params: [-0.30750093 -0.30029674  4.60627558  7.87116937 28.20456406]
 Average call time: 3.77 sec | Current time: 2018-12-07 13:43:15.557181
 --------------------------
iter: 130 | batch: 0 | nc: 1 | ncalls: 156 | bounds: 0 | eff(%): 19.817 | logz: -1.6e+05 +/- 1.2e-01 | dlogz: 151152.884 >  0.500
 loglike: -1.6e+05 | params: [-0.24378608 -0.1887008   4.49083921  5.36130698 27.94393274]
 Average call time: 4.54 sec | Current time: 2018-12-07 13:43:20.097116
 --------------------------
iter: 131 | batch: 0 | nc: 1 | ncalls: 157 | bounds: 0 | eff(%): 19.939 | logz: -1.6e+05 +/- 1.2e-01 | dlogz: 151098.324 >  0.500
 loglike: -1.6e+05 | params: [-9.68597733e-03 -3.93387394e-01  3.83149713e+00  2.58218696e+00
  2.72292676e+01]
 Average call time: 4.68 sec | Current time: 2018-12-07 13:43:24.776739
 --------------------------
iter: 132 | batch: 0 | nc: 1 | ncalls: 158 | bounds: 0 | eff(%): 20.061 | logz: -1.6e+05 +/- 1.1e-01 | dlogz: 150975.305 >  0.500
 loglike: -1.6e+05 | params: [-1.33358708e-02 -8.85920483e-01  3.82140437e+00  2.94185965e+00
  2.71146319e+01]
 Average call time: 4.03 sec | Current time: 2018-12-07 13:43:28.810918
 --------------------------
iter: 133 | batch: 0 | nc: 2 | ncalls: 160 | bounds: 0 | eff(%): 20.152 | logz: -1.6e+05 +/- 1.1e-01 | dlogz: 150973.523 >  0.500
 loglike: -1.6e+05 | params: [ 0.19196521 -0.8298777   3.87352712  6.97140135 25.64654878]
 Average call time: 3.86 sec | Current time: 2018-12-07 13:43:36.524696
 --------------------------
iter: 134 | batch: 0 | nc: 1 | ncalls: 161 | bounds: 0 | eff(%): 20.272 | logz: -1.6e+05 +/- 1.1e-01 | dlogz: 150971.449 >  0.500
 loglike: -1.6e+05 | params: [ 0.07323518 -0.14828203  4.35987475  4.42201532 27.72370846]
 Average call time: 3.81 sec | Current time: 2018-12-07 13:43:40.335207
 --------------------------
iter: 135 | batch: 0 | nc: 1 | ncalls: 162 | bounds: 0 | eff(%): 20.393 | logz: -1.6e+05 +/- 1.2e-01 | dlogz: 150969.660 >  0.500
 loglike: -1.6e+05 | params: [-0.38182945 -0.26941046  4.95638569  6.2600073  29.89767357]
 Average call time: 3.86 sec | Current time: 2018-12-07 13:43:44.193066
 --------------------------
iter: 136 | batch: 0 | nc: 1 | ncalls: 163 | bounds: 0 | eff(%): 20.513 | logz: -1.6e+05 +/- 1.2e-01 | dlogz: 150877.125 >  0.500
 loglike: -1.6e+05 | params: [-0.2963998  -0.96556913  3.50834236  4.20958364 25.20977907]
 Average call time: 3.76 sec | Current time: 2018-12-07 13:43:47.956135
 --------------------------
iter: 137 | batch: 0 | nc: 1 | ncalls: 164 | bounds: 0 | eff(%): 20.633 | logz: -1.6e+05 +/- 1.1e-01 | dlogz: 150843.085 >  0.500
 loglike: -1.6e+05 | params: [ 0.04499385 -0.09991216  4.1166552   4.83332277 26.45562622]
 Average call time: 3.71 sec | Current time: 2018-12-07 13:43:51.663883
 --------------------------
iter: 138 | batch: 0 | nc: 1 | ncalls: 165 | bounds: 0 | eff(%): 20.752 | logz: -1.6e+05 +/- 1.2e-01 | dlogz: 150841.842 >  0.500
 loglike: -1.6e+05 | params: [ 0.13768881 -0.04851113  3.73191519  0.70168413 27.05038971]
 Average call time: 3.69 sec | Current time: 2018-12-07 13:43:55.353678
 --------------------------
iter: 139 | batch: 0 | nc: 1 | ncalls: 166 | bounds: 0 | eff(%): 20.871 | logz: -1.6e+05 +/- 1.2e-01 | dlogz: 150782.342 >  0.500
 loglike: -1.6e+05 | params: [ 0.08671518 -0.20448985  4.4103226   4.39673939 27.95314285]
 Average call time: 4.46 sec | Current time: 2018-12-07 13:43:59.809906
 --------------------------
iter: 140 | batch: 0 | nc: 1 | ncalls: 167 | bounds: 0 | eff(%): 20.990 | logz: -1.6e+05 +/- 1.2e-01 | dlogz: 150741.556 >  0.500
 loglike: -1.6e+05 | params: [-0.29915453 -0.9632744   4.21615831  2.7370165  29.45943342]
 Average call time: 3.70 sec | Current time: 2018-12-07 13:44:03.511636
 --------------------------
iter: 141 | batch: 0 | nc: 1 | ncalls: 168 | bounds: 0 | eff(%): 21.108 | logz: -1.6e+05 +/- 1.2e-01 | dlogz: 150730.996 >  0.500
 loglike: -1.6e+05 | params: [-0.19289625 -0.72097456  4.27697227  5.06500201 27.93412971]
 Average call time: 3.54 sec | Current time: 2018-12-07 13:44:07.050267
 --------------------------
iter: 142 | batch: 0 | nc: 1 | ncalls: 169 | bounds: 0 | eff(%): 21.226 | logz: -1.6e+05 +/- 1.2e-01 | dlogz: 150667.500 >  0.500
 loglike: -1.6e+05 | params: [ 0.14947187 -0.28794288  3.65508414  3.13988012 25.89652066]
 Average call time: 4.13 sec | Current time: 2018-12-07 13:44:11.178636
 --------------------------
iter: 143 | batch: 0 | nc: 1 | ncalls: 170 | bounds: 0 | eff(%): 21.343 | logz: -1.6e+05 +/- 1.1e-01 | dlogz: 150660.354 >  0.500
 loglike: -1.6e+05 | params: [ 0.11239589 -0.77068029  3.66046568  4.64729884 25.39686001]
 Average call time: 3.50 sec | Current time: 2018-12-07 13:44:14.683314
 --------------------------
iter: 144 | batch: 0 | nc: 1 | ncalls: 171 | bounds: 0 | eff(%): 21.461 | logz: -1.6e+05 +/- 1.2e-01 | dlogz: 150658.724 >  0.500
 loglike: -1.6e+05 | params: [ 1.59874224e-01 -2.99164995e-03  4.13487509e+00  5.82903530e+00
  2.64360660e+01]
 Average call time: 4.04 sec | Current time: 2018-12-07 13:44:18.724357
 --------------------------
iter: 145 | batch: 0 | nc: 1 | ncalls: 172 | bounds: 0 | eff(%): 21.577 | logz: -1.6e+05 +/- 1.2e-01 | dlogz: 150590.903 >  0.500
 loglike: -1.6e+05 | params: [-0.06112117 -0.95564935  4.77663435  7.17249179 29.40703238]
 Average call time: 3.95 sec | Current time: 2018-12-07 13:44:22.677943
 --------------------------
iter: 146 | batch: 0 | nc: 1 | ncalls: 173 | bounds: 0 | eff(%): 21.694 | logz: -1.6e+05 +/- 1.2e-01 | dlogz: 150566.676 >  0.500
 loglike: -1.6e+05 | params: [ 0.15421184 -0.59297983  1.43469173  3.86848653 29.91121934]
 Average call time: 3.91 sec | Current time: 2018-12-07 13:44:26.587082
 --------------------------
iter: 147 | batch: 0 | nc: 1 | ncalls: 174 | bounds: 0 | eff(%): 21.810 | logz: -1.6e+05 +/- 1.2e-01 | dlogz: 150513.966 >  0.500
 loglike: -1.6e+05 | params: [-0.17828073 -0.28027907  4.07212356  1.63550835 29.31435385]
 Average call time: 3.84 sec | Current time: 2018-12-07 13:44:30.425767
 --------------------------
iter: 148 | batch: 0 | nc: 1 | ncalls: 175 | bounds: 0 | eff(%): 21.926 | logz: -1.6e+05 +/- 1.2e-01 | dlogz: 150449.212 >  0.500
 loglike: -1.6e+05 | params: [ 1.91025634e-02 -9.57057011e-01  4.33434760e+00  3.02259328e+00
  2.96827850e+01]
 Average call time: 3.36 sec | Current time: 2018-12-07 13:44:33.780865
 --------------------------
iter: 149 | batch: 0 | nc: 1 | ncalls: 176 | bounds: 0 | eff(%): 22.041 | logz: -1.6e+05 +/- 1.2e-01 | dlogz: 150415.086 >  0.500
 loglike: -1.6e+05 | params: [-0.12877449 -0.19012166  4.81826314  5.13611771 29.55424876]
 Average call time: 3.83 sec | Current time: 2018-12-07 13:44:37.615200
 --------------------------
iter: 150 | batch: 0 | nc: 1 | ncalls: 177 | bounds: 0 | eff(%): 22.157 | logz: -1.6e+05 +/- 1.2e-01 | dlogz: 150327.114 >  0.500
 loglike: -1.6e+05 | params: [-5.84488351e-03 -8.16733651e-01  4.18964523e+00  4.93770269e+00
  2.77782669e+01]
 Average call time: 3.42 sec | Current time: 2018-12-07 13:44:41.034990
 --------------------------
iter: 151 | batch: 0 | nc: 1 | ncalls: 178 | bounds: 0 | eff(%): 22.271 | logz: -1.6e+05 +/- 1.2e-01 | dlogz: 150311.300 >  0.500
 loglike: -1.6e+05 | params: [ 0.23354902 -0.52728881  3.26457758  1.25880683 25.49872209]
 Average call time: 4.14 sec | Current time: 2018-12-07 13:44:45.176901
 --------------------------
iter: 152 | batch: 0 | nc: 1 | ncalls: 179 | bounds: 0 | eff(%): 22.386 | logz: -1.6e+05 +/- 1.2e-01 | dlogz: 150295.662 >  0.500
 loglike: -1.6e+05 | params: [ 0.06892834 -0.55883109  4.55423303  4.28159102 29.42495769]
 Average call time: 3.47 sec | Current time: 2018-12-07 13:44:48.643826
 --------------------------
iter: 153 | batch: 0 | nc: 2 | ncalls: 181 | bounds: 0 | eff(%): 22.467 | logz: -1.6e+05 +/- 1.2e-01 | dlogz: 150274.537 >  0.500
 loglike: -1.6e+05 | params: [-0.44970202 -0.05633741  4.17203196  6.94369427 26.96993281]
 Average call time: 4.05 sec | Current time: 2018-12-07 13:44:56.737326
 --------------------------
iter: 154 | batch: 0 | nc: 1 | ncalls: 182 | bounds: 0 | eff(%): 22.581 | logz: -1.6e+05 +/- 1.2e-01 | dlogz: 150251.774 >  0.500
 loglike: -1.6e+05 | params: [-0.48272243 -0.49267404  3.74624891  1.19158457 28.36211431]
 Average call time: 4.10 sec | Current time: 2018-12-07 13:45:00.841165
 --------------------------
iter: 155 | batch: 0 | nc: 1 | ncalls: 183 | bounds: 0 | eff(%): 22.694 | logz: -1.6e+05 +/- 1.2e-01 | dlogz: 150214.715 >  0.500
 loglike: -1.6e+05 | params: [-0.26484338 -0.43169395  1.13426008  7.81703655 29.85294606]
 Average call time: 3.98 sec | Current time: 2018-12-07 13:45:04.818939
 --------------------------
iter: 156 | batch: 0 | nc: 1 | ncalls: 184 | bounds: 0 | eff(%): 22.807 | logz: -1.6e+05 +/- 1.2e-01 | dlogz: 150211.739 >  0.500
 loglike: -1.6e+05 | params: [-0.43104839 -0.94619777  4.45118467  5.07676603 29.34826576]
 Average call time: 4.62 sec | Current time: 2018-12-07 13:45:09.440467
 --------------------------
iter: 157 | batch: 0 | nc: 1 | ncalls: 185 | bounds: 0 | eff(%): 22.920 | logz: -1.6e+05 +/- 1.2e-01 | dlogz: 150120.184 >  0.500
 loglike: -1.6e+05 | params: [-0.06671031 -0.42427659  4.08840338  3.33747541 28.33452369]
 Average call time: 4.50 sec | Current time: 2018-12-07 13:45:13.943317
 --------------------------
iter: 158 | batch: 0 | nc: 1 | ncalls: 186 | bounds: 0 | eff(%): 23.032 | logz: -1.6e+05 +/- 1.2e-01 | dlogz: 150115.086 >  0.500
 loglike: -1.6e+05 | params: [-0.23366396 -0.44258914  3.59682896  6.27435034 25.02668663]
 Average call time: 4.01 sec | Current time: 2018-12-07 13:45:17.956156
 --------------------------
iter: 159 | batch: 0 | nc: 1 | ncalls: 187 | bounds: 0 | eff(%): 23.144 | logz: -1.6e+05 +/- 1.2e-01 | dlogz: 150083.014 >  0.500
 loglike: -1.6e+05 | params: [-0.30795116 -0.79849379  4.38959675  7.05823967 28.61500736]
 Average call time: 4.60 sec | Current time: 2018-12-07 13:45:22.551930
 --------------------------
iter: 160 | batch: 0 | nc: 1 | ncalls: 188 | bounds: 0 | eff(%): 23.256 | logz: -1.6e+05 +/- 1.2e-01 | dlogz: 150040.793 >  0.500
 loglike: -1.6e+05 | params: [-0.22999696 -0.83912881  3.90550388  6.69867134 26.59439448]
 Average call time: 4.06 sec | Current time: 2018-12-07 13:45:26.614894
 --------------------------
iter: 161 | batch: 0 | nc: 2 | ncalls: 190 | bounds: 0 | eff(%): 23.333 | logz: -1.6e+05 +/- 1.2e-01 | dlogz: 150018.033 >  0.500
 loglike: -1.6e+05 | params: [-0.44531733 -0.34916093  4.0227446   7.46359969 26.8820208 ]
 Average call time: 4.32 sec | Current time: 2018-12-07 13:45:35.252655
 --------------------------
iter: 162 | batch: 0 | nc: 1 | ncalls: 191 | bounds: 0 | eff(%): 23.444 | logz: -1.6e+05 +/- 1.1e-01 | dlogz: 149946.773 >  0.500
 loglike: -1.6e+05 | params: [-0.22633551 -0.38460382  1.30152497  3.01370965 29.66570051]
 Average call time: 4.53 sec | Current time: 2018-12-07 13:45:39.781281
 --------------------------
iter: 163 | batch: 0 | nc: 1 | ncalls: 192 | bounds: 0 | eff(%): 23.555 | logz: -1.6e+05 +/- 1.2e-01 | dlogz: 149945.538 >  0.500
 loglike: -1.6e+05 | params: [-0.075094   -0.17258276  4.89973498  7.72527335 29.748513  ]
 Average call time: 4.61 sec | Current time: 2018-12-07 13:45:44.393268
 --------------------------
iter: 164 | batch: 0 | nc: 5 | ncalls: 197 | bounds: 0 | eff(%): 23.529 | logz: -1.6e+05 +/- 1.2e-01 | dlogz: 149929.460 >  0.500
 loglike: -1.6e+05 | params: [-0.3529965  -0.96127111  3.46344702  4.56058712 25.54115409]
 Average call time: 4.24 sec | Current time: 2018-12-07 13:46:05.590396
 --------------------------
iter: 165 | batch: 0 | nc: 1 | ncalls: 198 | bounds: 0 | eff(%): 23.639 | logz: -1.6e+05 +/- 1.2e-01 | dlogz: 149915.645 >  0.500
 loglike: -1.6e+05 | params: [ 0.09913477 -0.85719722  4.22266314  7.0482562  27.49960082]
 Average call time: 3.44 sec | Current time: 2018-12-07 13:46:09.031827
 --------------------------
iter: 166 | batch: 0 | nc: 1 | ncalls: 199 | bounds: 0 | eff(%): 23.748 | logz: -1.6e+05 +/- 1.2e-01 | dlogz: 149910.467 >  0.500
 loglike: -1.6e+05 | params: [-0.06075564 -0.13036201  4.32890784  6.25064808 27.74216554]
 Average call time: 3.88 sec | Current time: 2018-12-07 13:46:12.914646
 --------------------------
iter: 167 | batch: 0 | nc: 1 | ncalls: 200 | bounds: 0 | eff(%): 23.857 | logz: -1.6e+05 +/- 1.2e-01 | dlogz: 149896.137 >  0.500
 loglike: -1.6e+05 | params: [-0.49327642 -0.29152038  3.60112076  0.7055837  27.5408133 ]
 Average call time: 4.60 sec | Current time: 2018-12-07 13:46:17.517355
 --------------------------
iter: 168 | batch: 0 | nc: 1 | ncalls: 201 | bounds: 0 | eff(%): 23.966 | logz: -1.6e+05 +/- 1.2e-01 | dlogz: 149871.283 >  0.500
 loglike: -1.6e+05 | params: [-0.07910286 -0.49691683  1.0550738   6.20533031 29.41320595]
 Average call time: 4.52 sec | Current time: 2018-12-07 13:46:22.039333
 --------------------------
iter: 169 | batch: 0 | nc: 1 | ncalls: 202 | bounds: 0 | eff(%): 24.074 | logz: -1.6e+05 +/- 1.2e-01 | dlogz: 149862.906 >  0.500
 loglike: -1.6e+05 | params: [-0.34868323 -0.30170362  4.80878164  7.13070997 29.96783681]
 Average call time: 3.98 sec | Current time: 2018-12-07 13:46:26.014682
 --------------------------
iter: 170 | batch: 0 | nc: 1 | ncalls: 203 | bounds: 0 | eff(%): 24.182 | logz: -1.6e+05 +/- 1.2e-01 | dlogz: 149854.145 >  0.500
 loglike: -1.6e+05 | params: [-0.44758534 -0.11215664  3.82360674  1.80499104 28.61257086]
 Average call time: 3.99 sec | Current time: 2018-12-07 13:46:30.000720
 --------------------------
iter: 171 | batch: 0 | nc: 1 | ncalls: 204 | bounds: 0 | eff(%): 24.290 | logz: -1.6e+05 +/- 1.2e-01 | dlogz: 149817.231 >  0.500
 loglike: -1.6e+05 | params: [-0.43511216 -0.24698617  3.9691572   2.59250023 29.22657214]
 Average call time: 3.91 sec | Current time: 2018-12-07 13:46:33.908931
 --------------------------
iter: 172 | batch: 0 | nc: 1 | ncalls: 205 | bounds: 0 | eff(%): 24.397 | logz: -1.6e+05 +/- 1.2e-01 | dlogz: 149748.821 >  0.500
 loglike: -1.6e+05 | params: [-0.43096859 -0.1122101   1.06575623  6.9250479  29.49385345]
 Average call time: 4.49 sec | Current time: 2018-12-07 13:46:38.396270
 --------------------------
iter: 173 | batch: 0 | nc: 1 | ncalls: 206 | bounds: 0 | eff(%): 24.504 | logz: -1.6e+05 +/- 1.2e-01 | dlogz: 149730.662 >  0.500
 loglike: -1.6e+05 | params: [-0.39354746 -0.53412719  3.28293941  1.67087928 25.93135392]
 Average call time: 3.94 sec | Current time: 2018-12-07 13:46:42.336677
 --------------------------
iter: 174 | batch: 0 | nc: 6 | ncalls: 212 | bounds: 0 | eff(%): 24.438 | logz: -1.6e+05 +/- 1.2e-01 | dlogz: 149718.912 >  0.500
 loglike: -1.6e+05 | params: [ 0.06609324 -0.20892402  4.14915881  7.58747676 27.00104118]
 Average call time: 4.03 sec | Current time: 2018-12-07 13:47:06.527097
 --------------------------
iter: 175 | batch: 0 | nc: 1 | ncalls: 213 | bounds: 0 | eff(%): 24.544 | logz: -1.6e+05 +/- 1.2e-01 | dlogz: 149707.032 >  0.500
 loglike: -1.6e+05 | params: [-0.4644771  -0.15554307  3.66270318  1.04640653 27.91875232]
 Average call time: 3.94 sec | Current time: 2018-12-07 13:47:10.463689
 --------------------------
iter: 176 | batch: 0 | nc: 2 | ncalls: 215 | bounds: 0 | eff(%): 24.615 | logz: -1.6e+05 +/- 1.2e-01 | dlogz: 149641.232 >  0.500
 loglike: -1.6e+05 | params: [-1.98929078e-02 -2.84947507e-01  3.95369007e+00  7.77089694e+00
  2.62302462e+01]
 Average call time: 3.93 sec | Current time: 2018-12-07 13:47:18.329096
 --------------------------
iter: 177 | batch: 0 | nc: 1 | ncalls: 216 | bounds: 0 | eff(%): 24.721 | logz: -1.6e+05 +/- 1.2e-01 | dlogz: 149637.362 >  0.500
 loglike: -1.6e+05 | params: [-6.98335687e-03 -3.69613880e-01  4.32886885e+00  7.02189295e+00
  2.80337564e+01]
 Average call time: 3.91 sec | Current time: 2018-12-07 13:47:22.234738
 --------------------------
iter: 178 | batch: 0 | nc: 3 | ncalls: 219 | bounds: 0 | eff(%): 24.757 | logz: -1.6e+05 +/- 1.2e-01 | dlogz: 149628.784 >  0.500
 loglike: -1.6e+05 | params: [ 0.03746087 -0.51924965  4.49114635  4.11352481 29.9151742 ]
 Average call time: 3.89 sec | Current time: 2018-12-07 13:47:33.901882
 --------------------------
iter: 179 | batch: 0 | nc: 1 | ncalls: 220 | bounds: 0 | eff(%): 24.861 | logz: -1.6e+05 +/- 1.2e-01 | dlogz: 149625.534 >  0.500
 loglike: -1.6e+05 | params: [-0.35941273 -0.78510487  4.04341596  7.5646256  27.50775277]
 Average call time: 4.00 sec | Current time: 2018-12-07 13:47:37.903178
 --------------------------
iter: 180 | batch: 0 | nc: 2 | ncalls: 222 | bounds: 0 | eff(%): 24.931 | logz: -1.6e+05 +/- 1.2e-01 | dlogz: 149572.787 >  0.500
 loglike: -1.6e+05 | params: [ 0.2038417  -0.06135754  3.98017819  7.29480684 26.18612354]
 Average call time: 3.71 sec | Current time: 2018-12-07 13:47:45.313626
 --------------------------
iter: 181 | batch: 0 | nc: 1 | ncalls: 223 | bounds: 0 | eff(%): 25.035 | logz: -1.6e+05 +/- 1.2e-01 | dlogz: 149570.287 >  0.500
 loglike: -1.6e+05 | params: [-0.06629435 -0.91619108  3.37673043  1.49808881 27.10433614]
 Average call time: 4.06 sec | Current time: 2018-12-07 13:47:49.375792
 --------------------------
iter: 182 | batch: 0 | nc: 1 | ncalls: 224 | bounds: 0 | eff(%): 25.138 | logz: -1.6e+05 +/- 1.2e-01 | dlogz: 149552.173 >  0.500
 loglike: -1.6e+05 | params: [-0.37004127 -0.42004718  3.90950999  5.87017845 27.01997908]
 Average call time: 3.92 sec | Current time: 2018-12-07 13:47:53.294879
 --------------------------
iter: 183 | batch: 0 | nc: 1 | ncalls: 225 | bounds: 0 | eff(%): 25.241 | logz: -1.6e+05 +/- 1.2e-01 | dlogz: 149543.563 >  0.500
 loglike: -1.6e+05 | params: [-0.19693306 -0.78271296  4.09433894  6.79679784 27.6484981 ]
 Average call time: 4.79 sec | Current time: 2018-12-07 13:47:58.088731
 --------------------------
iter: 184 | batch: 0 | nc: 2 | ncalls: 227 | bounds: 0 | eff(%): 25.309 | logz: -1.6e+05 +/- 1.2e-01 | dlogz: 149486.971 >  0.500
 loglike: -1.6e+05 | params: [-0.32088501 -0.16975427  3.97905671  4.73318411 27.46433926]
 Average call time: 4.33 sec | Current time: 2018-12-07 13:48:06.740411
 --------------------------
iter: 185 | batch: 0 | nc: 1 | ncalls: 228 | bounds: 0 | eff(%): 25.412 | logz: -1.6e+05 +/- 1.2e-01 | dlogz: 149407.244 >  0.500
 loglike: -1.6e+05 | params: [ 0.16737773 -0.54907791  3.78883868  3.18329221 28.1131188 ]
 Average call time: 3.93 sec | Current time: 2018-12-07 13:48:10.672553
 --------------------------
iter: 186 | batch: 0 | nc: 1 | ncalls: 229 | bounds: 0 | eff(%): 25.514 | logz: -1.6e+05 +/- 1.2e-01 | dlogz: 149358.416 >  0.500
 loglike: -1.6e+05 | params: [-0.06022825 -0.5175677   4.44297896  6.39408186 29.11375044]
 Average call time: 3.91 sec | Current time: 2018-12-07 13:48:14.581056
 --------------------------
iter: 187 | batch: 0 | nc: 1 | ncalls: 230 | bounds: 0 | eff(%): 25.616 | logz: -1.6e+05 +/- 1.2e-01 | dlogz: 149326.997 >  0.500
 loglike: -1.6e+05 | params: [-0.18667267 -0.86997486  3.6039723   4.74445267 26.27368753]
 Average call time: 3.82 sec | Current time: 2018-12-07 13:48:18.400478
 --------------------------
iter: 188 | batch: 0 | nc: 2 | ncalls: 232 | bounds: 0 | eff(%): 25.683 | logz: -1.6e+05 +/- 1.2e-01 | dlogz: 149243.259 >  0.500
 loglike: -1.6e+05 | params: [ 0.14158882 -0.42725393  4.59678124  5.86026713 29.8512476 ]
 Average call time: 4.28 sec | Current time: 2018-12-07 13:48:26.958797
 --------------------------
iter: 189 | batch: 0 | nc: 1 | ncalls: 233 | bounds: 0 | eff(%): 25.784 | logz: -1.6e+05 +/- 1.2e-01 | dlogz: 149236.355 >  0.500
 loglike: -1.6e+05 | params: [-0.48034664 -0.4994003   3.11250844  1.86381753 25.00844841]
 Average call time: 4.62 sec | Current time: 2018-12-07 13:48:31.578891
 --------------------------
iter: 190 | batch: 0 | nc: 1 | ncalls: 234 | bounds: 0 | eff(%): 25.886 | logz: -1.6e+05 +/- 1.2e-01 | dlogz: 149171.907 >  0.500
 loglike: -1.6e+05 | params: [ 0.23058012 -0.47431784  4.43244518  6.56876062 29.19278414]
 Average call time: 3.97 sec | Current time: 2018-12-07 13:48:35.547533
 --------------------------
iter: 191 | batch: 0 | nc: 1 | ncalls: 235 | bounds: 0 | eff(%): 25.986 | logz: -1.6e+05 +/- 1.2e-01 | dlogz: 149100.121 >  0.500
 loglike: -1.6e+05 | params: [ 0.09680961 -0.74835585  3.12192602  0.54480358 25.68666253]
 Average call time: 3.83 sec | Current time: 2018-12-07 13:48:39.379824
 --------------------------
iter: 192 | batch: 0 | nc: 2 | ncalls: 237 | bounds: 0 | eff(%): 26.052 | logz: -1.6e+05 +/- 1.2e-01 | dlogz: 149049.994 >  0.500
 loglike: -1.6e+05 | params: [ 0.13673926 -0.08865605  4.59960447  6.95110617 29.18881095]
 Average call time: 3.86 sec | Current time: 2018-12-07 13:48:47.092736
 --------------------------
iter: 193 | batch: 0 | nc: 1 | ncalls: 238 | bounds: 0 | eff(%): 26.152 | logz: -1.6e+05 +/- 1.2e-01 | dlogz: 149011.754 >  0.500
 loglike: -1.6e+05 | params: [-0.11449681 -0.13112911  3.88138899  7.23837164 26.38807499]
 Average call time: 4.28 sec | Current time: 2018-12-07 13:48:51.369878
 --------------------------
iter: 194 | batch: 0 | nc: 2 | ncalls: 240 | bounds: 0 | eff(%): 26.216 | logz: -1.6e+05 +/- 1.2e-01 | dlogz: 149000.578 >  0.500
 loglike: -1.6e+05 | params: [-0.32531751 -0.17159106  4.56576772  6.53302361 29.80649995]
 Average call time: 4.10 sec | Current time: 2018-12-07 13:48:59.568485
 --------------------------
iter: 195 | batch: 0 | nc: 1 | ncalls: 241 | bounds: 0 | eff(%): 26.316 | logz: -1.6e+05 +/- 1.2e-01 | dlogz: 148988.371 >  0.500
 loglike: -1.6e+05 | params: [ 0.14748621 -0.76495677  3.25500265  0.30982598 26.90025727]
 Average call time: 3.75 sec | Current time: 2018-12-07 13:49:03.317826
 --------------------------
iter: 196 | batch: 0 | nc: 1 | ncalls: 242 | bounds: 0 | eff(%): 26.415 | logz: -1.6e+05 +/- 1.2e-01 | dlogz: 148899.328 >  0.500
 loglike: -1.6e+05 | params: [-0.15184786 -0.63802978  4.07556924  5.21943969 28.51597791]
 Average call time: 4.90 sec | Current time: 2018-12-07 13:49:08.220384
 --------------------------
iter: 197 | batch: 0 | nc: 2 | ncalls: 244 | bounds: 0 | eff(%): 26.478 | logz: -1.6e+05 +/- 1.2e-01 | dlogz: 148844.836 >  0.500
 loglike: -1.6e+05 | params: [-0.16536829 -0.14470097  4.64472249  7.02486186 29.82714613]
 Average call time: 4.28 sec | Current time: 2018-12-07 13:49:16.780034
 --------------------------
iter: 198 | batch: 0 | nc: 2 | ncalls: 246 | bounds: 0 | eff(%): 26.542 | logz: -1.6e+05 +/- 1.2e-01 | dlogz: 148832.078 >  0.500
 loglike: -1.6e+05 | params: [ 0.05120889 -0.63438091  4.20641039  6.28361118 28.5067769 ]
 Average call time: 4.65 sec | Current time: 2018-12-07 13:49:26.070101
 --------------------------
iter: 199 | batch: 0 | nc: 2 | ncalls: 248 | bounds: 0 | eff(%): 26.604 | logz: -1.6e+05 +/- 1.2e-01 | dlogz: 148818.917 >  0.500
 loglike: -1.6e+05 | params: [-0.28727219 -0.46329397  4.09295486  7.05471429 28.18695723]
 Average call time: 4.64 sec | Current time: 2018-12-07 13:49:35.353100
 --------------------------
iter: 200 | batch: 0 | nc: 1 | ncalls: 249 | bounds: 0 | eff(%): 26.702 | logz: -1.6e+05 +/- 1.2e-01 | dlogz: 148733.616 >  0.500
 loglike: -1.6e+05 | params: [-0.03054914 -0.89965937  3.41209666  3.24527614 26.67652156]
 Average call time: 3.97 sec | Current time: 2018-12-07 13:49:39.319880
 --------------------------
iter: 201 | batch: 0 | nc: 1 | ncalls: 250 | bounds: 0 | eff(%): 26.800 | logz: -1.6e+05 +/- 1.2e-01 | dlogz: 148658.585 >  0.500
 loglike: -1.6e+05 | params: [-0.46222653 -0.84554764  3.26616649  0.4236463  27.08709682]
 Average call time: 4.68 sec | Current time: 2018-12-07 13:49:44.003915
 --------------------------
iter: 202 | batch: 0 | nc: 1 | ncalls: 251 | bounds: 0 | eff(%): 26.897 | logz: -1.6e+05 +/- 1.2e-01 | dlogz: 148650.244 >  0.500
 loglike: -1.6e+05 | params: [-0.23163705 -0.49900487  3.73385174  5.73034601 26.85125377]
 Average call time: 3.85 sec | Current time: 2018-12-07 13:49:47.857840
 --------------------------
iter: 203 | batch: 0 | nc: 1 | ncalls: 252 | bounds: 0 | eff(%): 26.995 | logz: -1.6e+05 +/- 1.2e-01 | dlogz: 148624.773 >  0.500
 loglike: -1.6e+05 | params: [-0.23098453 -0.24885875  4.46268658  7.63831037 29.39782379]
 Average call time: 4.62 sec | Current time: 2018-12-07 13:49:52.476235
 --------------------------
iter: 204 | batch: 0 | nc: 1 | ncalls: 253 | bounds: 0 | eff(%): 27.092 | logz: -1.6e+05 +/- 1.2e-01 | dlogz: 148609.873 >  0.500
 loglike: -1.6e+05 | params: [ 0.03733608 -0.49914076  4.0403249   6.67756965 27.79971808]
 Average call time: 3.82 sec | Current time: 2018-12-07 13:49:56.293418
 --------------------------
iter: 205 | batch: 0 | nc: 1 | ncalls: 254 | bounds: 0 | eff(%): 27.188 | logz: -1.6e+05 +/- 1.2e-01 | dlogz: 148596.039 >  0.500
 loglike: -1.6e+05 | params: [-2.11448731e-03 -9.54043131e-01  4.50221437e+00  7.54930638e+00
  2.98455291e+01]
 Average call time: 3.73 sec | Current time: 2018-12-07 13:50:00.019649
 --------------------------
iter: 206 | batch: 0 | nc: 1 | ncalls: 255 | bounds: 0 | eff(%): 27.285 | logz: -1.6e+05 +/- 1.2e-01 | dlogz: 148557.357 >  0.500
 loglike: -1.6e+05 | params: [-0.16210986 -0.15974701  4.29008225  7.44844194 28.51028912]
 Average call time: 3.63 sec | Current time: 2018-12-07 13:50:03.650299
 --------------------------
iter: 207 | batch: 0 | nc: 1 | ncalls: 256 | bounds: 0 | eff(%): 27.381 | logz: -1.6e+05 +/- 1.2e-01 | dlogz: 148552.987 >  0.500
 loglike: -1.6e+05 | params: [-0.25954399 -0.40769811  3.44020975  4.14817728 25.72378229]
 Average call time: 4.15 sec | Current time: 2018-12-07 13:50:07.797740
 --------------------------
iter: 208 | batch: 0 | nc: 2 | ncalls: 258 | bounds: 0 | eff(%): 27.441 | logz: -1.6e+05 +/- 1.2e-01 | dlogz: 148532.737 >  0.500
 loglike: -1.6e+05 | params: [-0.08615981 -0.90746387  3.96172309  4.55794981 28.72928864]
 Average call time: 3.68 sec | Current time: 2018-12-07 13:50:15.161092
 --------------------------
iter: 209 | batch: 0 | nc: 2 | ncalls: 260 | bounds: 0 | eff(%): 27.500 | logz: -1.6e+05 +/- 1.2e-01 | dlogz: 148496.153 >  0.500
 loglike: -1.6e+05 | params: [-0.42789046 -0.18065763  3.51842602  6.29068494 25.38567701]
 Average call time: 3.82 sec | Current time: 2018-12-07 13:50:22.807561
 --------------------------
iter: 210 | batch: 0 | nc: 1 | ncalls: 261 | bounds: 0 | eff(%): 27.595 | logz: -1.6e+05 +/- 1.2e-01 | dlogz: 148435.452 >  0.500
 loglike: -1.6e+05 | params: [ 2.93800149e-02 -6.21435743e-01  4.26579962e+00  5.14416038e+00
  2.96566694e+01]
 Average call time: 3.33 sec | Current time: 2018-12-07 13:50:26.138005
 --------------------------
iter: 211 | batch: 0 | nc: 1 | ncalls: 262 | bounds: 0 | eff(%): 27.690 | logz: -1.6e+05 +/- 1.2e-01 | dlogz: 148414.157 >  0.500
 loglike: -1.6e+05 | params: [-0.09588611 -0.49237005  3.57232353  4.40300152 26.59127223]
 Average call time: 3.26 sec | Current time: 2018-12-07 13:50:29.399825
 --------------------------
iter: 212 | batch: 0 | nc: 1 | ncalls: 263 | bounds: 0 | eff(%): 27.785 | logz: -1.6e+05 +/- 1.2e-01 | dlogz: 148404.298 >  0.500
 loglike: -1.6e+05 | params: [-0.44243546 -0.06321306  4.34329944  7.78368701 29.11587419]
 Average call time: 3.45 sec | Current time: 2018-12-07 13:50:32.848273
 --------------------------
iter: 213 | batch: 0 | nc: 1 | ncalls: 264 | bounds: 0 | eff(%): 27.880 | logz: -1.6e+05 +/- 1.2e-01 | dlogz: 148377.335 >  0.500
 loglike: -1.6e+05 | params: [-0.3459994  -0.11681777  3.78329424  5.71613427 26.84895569]
 Average call time: 4.10 sec | Current time: 2018-12-07 13:50:36.946882
 --------------------------
iter: 214 | batch: 0 | nc: 2 | ncalls: 266 | bounds: 0 | eff(%): 27.937 | logz: -1.6e+05 +/- 1.1e-01 | dlogz: 148368.347 >  0.500
 loglike: -1.6e+05 | params: [-0.45118138 -0.5811601   3.22376151  3.1450035  25.89999063]
 Average call time: 3.93 sec | Current time: 2018-12-07 13:50:44.805990
 --------------------------
iter: 215 | batch: 0 | nc: 1 | ncalls: 267 | bounds: 0 | eff(%): 28.031 | logz: -1.6e+05 +/- 1.2e-01 | dlogz: 148367.036 >  0.500
 loglike: -1.6e+05 | params: [-0.41868022 -0.24333656  1.30828744  3.13401223 29.5189392 ]
 Average call time: 4.11 sec | Current time: 2018-12-07 13:50:48.912566
 --------------------------
iter: 216 | batch: 0 | nc: 1 | ncalls: 268 | bounds: 0 | eff(%): 28.125 | logz: -1.6e+05 +/- 1.1e-01 | dlogz: 148364.841 >  0.500
 loglike: -1.6e+05 | params: [-0.42077867 -0.42271708  3.61724954  7.73222803 25.98333117]
 Average call time: 4.60 sec | Current time: 2018-12-07 13:50:53.513974
 --------------------------
iter: 217 | batch: 0 | nc: 1 | ncalls: 269 | bounds: 0 | eff(%): 28.218 | logz: -1.6e+05 +/- 1.2e-01 | dlogz: 148363.577 >  0.500
 loglike: -1.6e+05 | params: [-0.19789291 -0.06870291  3.69265114  3.41191554 27.84333306]
 Average call time: 3.88 sec | Current time: 2018-12-07 13:50:57.388881
 --------------------------
iter: 218 | batch: 0 | nc: 2 | ncalls: 271 | bounds: 0 | eff(%): 28.275 | logz: -1.6e+05 +/- 1.2e-01 | dlogz: 148286.191 >  0.500
 loglike: -1.6e+05 | params: [-0.49422477 -0.02629397  3.17365847  0.91438845 25.09187637]
 Average call time: 4.30 sec | Current time: 2018-12-07 13:51:05.979171
 --------------------------
iter: 219 | batch: 0 | nc: 1 | ncalls: 272 | bounds: 0 | eff(%): 28.368 | logz: -1.6e+05 +/- 1.2e-01 | dlogz: 148253.546 >  0.500
 loglike: -1.6e+05 | params: [ 0.1749739  -0.58324646  3.14340665  0.14904728 26.50320853]
 Average call time: 4.64 sec | Current time: 2018-12-07 13:51:10.615475
 --------------------------
iter: 220 | batch: 0 | nc: 2 | ncalls: 274 | bounds: 0 | eff(%): 28.424 | logz: -1.6e+05 +/- 1.2e-01 | dlogz: 148233.342 >  0.500
 loglike: -1.6e+05 | params: [-0.28829551 -0.34217925  4.10834397  7.56941056 28.34054014]
 Average call time: 4.35 sec | Current time: 2018-12-07 13:51:19.318865
 --------------------------
iter: 221 | batch: 0 | nc: 1 | ncalls: 275 | bounds: 0 | eff(%): 28.516 | logz: -1.6e+05 +/- 1.2e-01 | dlogz: 148208.160 >  0.500
 loglike: -1.6e+05 | params: [ 0.16296337 -0.25863947  3.0628432   1.16848956 25.19941826]
 Average call time: 4.57 sec | Current time: 2018-12-07 13:51:23.892085
 --------------------------
iter: 222 | batch: 0 | nc: 1 | ncalls: 276 | bounds: 0 | eff(%): 28.608 | logz: -1.6e+05 +/- 1.2e-01 | dlogz: 148187.228 >  0.500
 loglike: -1.6e+05 | params: [-1.33591257e-02 -4.11988506e-01  3.76030357e+00  5.60108885e+00
  2.70830349e+01]
 Average call time: 3.92 sec | Current time: 2018-12-07 13:51:27.807273
 --------------------------
iter: 223 | batch: 0 | nc: 1 | ncalls: 277 | bounds: 0 | eff(%): 28.700 | logz: -1.6e+05 +/- 1.2e-01 | dlogz: 148174.420 >  0.500
 loglike: -1.6e+05 | params: [ 0.07533747 -0.29188464  4.18746873  4.50631054 29.82918266]
 Average call time: 4.53 sec | Current time: 2018-12-07 13:51:32.332621
 --------------------------
iter: 224 | batch: 0 | nc: 2 | ncalls: 279 | bounds: 0 | eff(%): 28.755 | logz: -1.6e+05 +/- 1.2e-01 | dlogz: 148150.414 >  0.500
 loglike: -1.6e+05 | params: [ 0.20060189 -0.52920664  3.04943807  2.17754577 25.49448355]
 Average call time: 4.26 sec | Current time: 2018-12-07 13:51:40.858133
 --------------------------
iter: 225 | batch: 0 | nc: 2 | ncalls: 281 | bounds: 0 | eff(%): 28.809 | logz: -1.6e+05 +/- 1.2e-01 | dlogz: 148001.579 >  0.500
 loglike: -1.6e+05 | params: [-0.24558682 -0.70285415  3.87194397  7.98267673 27.75951138]
 Average call time: 3.96 sec | Current time: 2018-12-07 13:51:48.782947
 --------------------------
iter: 226 | batch: 0 | nc: 2 | ncalls: 283 | bounds: 0 | eff(%): 28.863 | logz: -1.6e+05 +/- 1.1e-01 | dlogz: 147908.059 >  0.500
 loglike: -1.6e+05 | params: [-0.36666398 -0.78353454  3.89756159  5.08874745 28.97267452]
 Average call time: 3.54 sec | Current time: 2018-12-07 13:51:55.861261
 --------------------------
iter: 227 | batch: 0 | nc: 1 | ncalls: 284 | bounds: 0 | eff(%): 28.954 | logz: -1.6e+05 +/- 1.2e-01 | dlogz: 147906.192 >  0.500
 loglike: -1.6e+05 | params: [-0.08017873 -0.16224585  1.22445426  7.1698686  29.47899753]
 Average call time: 3.48 sec | Current time: 2018-12-07 13:51:59.337990
 --------------------------
iter: 228 | batch: 0 | nc: 5 | ncalls: 289 | bounds: 0 | eff(%): 28.897 | logz: -1.6e+05 +/- 1.2e-01 | dlogz: 147889.931 >  0.500
 loglike: -1.6e+05 | params: [-0.29555555 -0.72353574  4.20748871  7.66930089 29.37966317]
 Average call time: 4.07 sec | Current time: 2018-12-07 13:52:19.664471
 --------------------------
iter: 229 | batch: 0 | nc: 1 | ncalls: 290 | bounds: 0 | eff(%): 28.987 | logz: -1.6e+05 +/- 1.2e-01 | dlogz: 147845.037 >  0.500
 loglike: -1.6e+05 | params: [-0.46857395 -0.82581317  3.26160802  1.46584025 27.83305239]
 Average call time: 3.90 sec | Current time: 2018-12-07 13:52:23.566050
 --------------------------
iter: 230 | batch: 0 | nc: 1 | ncalls: 291 | bounds: 0 | eff(%): 29.077 | logz: -1.6e+05 +/- 1.2e-01 | dlogz: 147834.770 >  0.500
 loglike: -1.6e+05 | params: [-0.06341687 -0.93225172  1.02380209  3.79729282 28.95113871]
 Average call time: 3.99 sec | Current time: 2018-12-07 13:52:27.558414
 --------------------------
iter: 231 | batch: 0 | nc: 1 | ncalls: 292 | bounds: 0 | eff(%): 29.167 | logz: -1.6e+05 +/- 1.2e-01 | dlogz: 147816.596 >  0.500
 loglike: -1.6e+05 | params: [-0.188873   -0.71792159  3.25910414  4.11155842 25.55977775]
 Average call time: 3.93 sec | Current time: 2018-12-07 13:52:31.486872
 --------------------------
iter: 232 | batch: 0 | nc: 1 | ncalls: 293 | bounds: 0 | eff(%): 29.256 | logz: -1.6e+05 +/- 1.2e-01 | dlogz: 147805.518 >  0.500
 loglike: -1.6e+05 | params: [-0.10827254 -0.90167147  3.8545467   7.08392069 27.83527211]
 Average call time: 4.66 sec | Current time: 2018-12-07 13:52:36.150300
 --------------------------
iter: 233 | batch: 0 | nc: 1 | ncalls: 294 | bounds: 0 | eff(%): 29.345 | logz: -1.6e+05 +/- 1.2e-01 | dlogz: 147758.275 >  0.500
 loglike: -1.6e+05 | params: [-0.09693797 -0.07969558  3.84099608  4.33621167 28.2163546 ]
 Average call time: 3.94 sec | Current time: 2018-12-07 13:52:40.085616
 --------------------------
iter: 234 | batch: 0 | nc: 1 | ncalls: 295 | bounds: 0 | eff(%): 29.434 | logz: -1.6e+05 +/- 1.2e-01 | dlogz: 147741.516 >  0.500
 loglike: -1.6e+05 | params: [-0.4875554  -0.46448546  1.18276827  1.31643699 29.21505224]
 Average call time: 3.94 sec | Current time: 2018-12-07 13:52:44.028634
 --------------------------
iter: 235 | batch: 0 | nc: 1 | ncalls: 296 | bounds: 0 | eff(%): 29.523 | logz: -1.6e+05 +/- 1.2e-01 | dlogz: 147718.397 >  0.500
 loglike: -1.6e+05 | params: [-0.09251723 -0.12250865  4.48237985  7.81505376 29.90682459]
 Average call time: 3.97 sec | Current time: 2018-12-07 13:52:47.999910
 --------------------------
iter: 236 | batch: 0 | nc: 4 | ncalls: 300 | bounds: 0 | eff(%): 29.500 | logz: -1.6e+05 +/- 1.2e-01 | dlogz: 147633.772 >  0.500
 loglike: -1.6e+05 | params: [-2.05975101e-02 -1.42310289e-02  3.87134329e+00  3.89094100e+00
  2.86248327e+01]
 Average call time: 4.11 sec | Current time: 2018-12-07 13:53:04.457038
 --------------------------
iter: 237 | batch: 0 | nc: 2 | ncalls: 302 | bounds: 0 | eff(%): 29.551 | logz: -1.6e+05 +/- 1.2e-01 | dlogz: 147606.287 >  0.500
 loglike: -1.6e+05 | params: [-0.49220315 -0.3267781   4.15969918  6.66311949 29.97191017]
 Average call time: 3.84 sec | Current time: 2018-12-07 13:53:12.132153
 --------------------------
iter: 238 | batch: 0 | nc: 1 | ncalls: 303 | bounds: 0 | eff(%): 29.639 | logz: -1.6e+05 +/- 1.2e-01 | dlogz: 147502.680 >  0.500
 loglike: -1.6e+05 | params: [ 1.98826508e-02 -4.69875222e-01  3.72194135e+00  3.47645307e+00
  2.88389143e+01]
 Average call time: 4.43 sec | Current time: 2018-12-07 13:53:16.558408
 --------------------------
iter: 239 | batch: 0 | nc: 1 | ncalls: 304 | bounds: 0 | eff(%): 29.726 | logz: -1.6e+05 +/- 1.2e-01 | dlogz: 147477.431 >  0.500
 loglike: -1.6e+05 | params: [-0.1710867  -0.20295589  3.70265975  4.4056824  27.82113496]
 Average call time: 4.10 sec | Current time: 2018-12-07 13:53:20.657226
 --------------------------
iter: 240 | batch: 0 | nc: 3 | ncalls: 307 | bounds: 0 | eff(%): 29.740 | logz: -1.6e+05 +/- 1.2e-01 | dlogz: 147392.352 >  0.500
 loglike: -1.6e+05 | params: [-0.10001738 -0.95667594  3.24573232  2.70438072 27.51483417]
 Average call time: 4.00 sec | Current time: 2018-12-07 13:53:32.672212
 --------------------------
iter: 241 | batch: 0 | nc: 4 | ncalls: 311 | bounds: 0 | eff(%): 29.716 | logz: -1.6e+05 +/- 1.2e-01 | dlogz: 147374.937 >  0.500
 loglike: -1.6e+05 | params: [ 0.19126167 -0.41809873  3.88444829  4.97565308 28.79609612]
 Average call time: 4.16 sec | Current time: 2018-12-07 13:53:49.309608
 --------------------------
iter: 242 | batch: 0 | nc: 1 | ncalls: 312 | bounds: 0 | eff(%): 29.803 | logz: -1.6e+05 +/- 1.2e-01 | dlogz: 147307.543 >  0.500
 loglike: -1.6e+05 | params: [-0.28543931 -0.0674173   3.77287734  7.67906787 27.02576083]
 Average call time: 3.97 sec | Current time: 2018-12-07 13:53:53.275562
 --------------------------
iter: 243 | batch: 0 | nc: 1 | ncalls: 313 | bounds: 0 | eff(%): 29.889 | logz: -1.6e+05 +/- 1.2e-01 | dlogz: 147290.997 >  0.500
 loglike: -1.6e+05 | params: [-0.23632145 -0.55705432  3.31797374  4.97873118 25.88558744]
 Average call time: 4.62 sec | Current time: 2018-12-07 13:53:57.896907
 --------------------------
iter: 244 | batch: 0 | nc: 3 | ncalls: 316 | bounds: 0 | eff(%): 29.902 | logz: -1.6e+05 +/- 1.2e-01 | dlogz: 147144.573 >  0.500
 loglike: -1.6e+05 | params: [ 0.23428528 -0.939706    3.85967126  1.51386037 29.31005135]
 Average call time: 4.76 sec | Current time: 2018-12-07 13:54:12.172258
 --------------------------
iter: 245 | batch: 0 | nc: 1 | ncalls: 317 | bounds: 0 | eff(%): 29.988 | logz: -1.6e+05 +/- 1.2e-01 | dlogz: 147087.429 >  0.500
 loglike: -1.6e+05 | params: [-0.36249703 -0.29303735  3.33847893  3.76859029 26.66894189]
 Average call time: 4.75 sec | Current time: 2018-12-07 13:54:16.921366
 --------------------------
iter: 246 | batch: 0 | nc: 4 | ncalls: 321 | bounds: 0 | eff(%): 29.963 | logz: -1.6e+05 +/- 1.2e-01 | dlogz: 147058.153 >  0.500
 loglike: -1.6e+05 | params: [-0.20393413 -0.35734105  3.60456096  7.74199549 26.65899198]
 Average call time: 4.09 sec | Current time: 2018-12-07 13:54:33.286241
 --------------------------
