Loading Setup File: setup_files/mocks_paper1/mismatch_10.py
Running Nested Sampling
-initializing models
-Saving initial results dataframe
Dynamic Sampler Initialized
iter: 1 | batch: 0 | nc: 1 | ncalls: 1 | bounds: 0 | eff(%):  0.200 | logz: -5.7e+05 +/- 1.2e-01 | dlogz:    inf >  0.500
 loglike: -5.7e+05 | params: [-0.45959474 -0.54835159  4.92801897  1.07914733 22.71628539]
 Average call time: 2597.67 sec | Current time: 2018-12-06 14:02:02.505594
 --------------------------
iter: 2 | batch: 0 | nc: 1 | ncalls: 2 | bounds: 0 | eff(%):  0.398 | logz: -5.7e+05 +/- 1.2e-01 | dlogz: 557344.151 >  0.500
 loglike: -5.7e+05 | params: [ 0.1345481  -0.81674433  4.65187677  0.91885289 22.76094287]
 Average call time: 5.23 sec | Current time: 2018-12-06 14:02:07.732268
 --------------------------
iter: 3 | batch: 0 | nc: 1 | ncalls: 3 | bounds: 0 | eff(%):  0.596 | logz: -5.7e+05 +/- 1.2e-01 | dlogz: 553133.978 >  0.500
 loglike: -5.7e+05 | params: [-0.38355199 -0.63900804  4.82030103  1.12825111 23.63707951]
 Average call time: 5.08 sec | Current time: 2018-12-06 14:02:12.815995
 --------------------------
iter: 4 | batch: 0 | nc: 1 | ncalls: 4 | bounds: 0 | eff(%):  0.794 | logz: -5.7e+05 +/- 1.2e-01 | dlogz: 552816.089 >  0.500
 loglike: -5.7e+05 | params: [-0.4264044  -0.56177271  4.78994493  0.42860066 23.86508534]
 Average call time: 4.52 sec | Current time: 2018-12-06 14:02:17.332640
 --------------------------
iter: 5 | batch: 0 | nc: 1 | ncalls: 5 | bounds: 0 | eff(%):  0.990 | logz: -5.7e+05 +/- 1.2e-01 | dlogz: 551360.427 >  0.500
 loglike: -5.7e+05 | params: [-0.07271908 -0.1106568   4.67256746  1.30384102 22.71391003]
 Average call time: 4.66 sec | Current time: 2018-12-06 14:02:21.996271
 --------------------------
iter: 6 | batch: 0 | nc: 1 | ncalls: 6 | bounds: 0 | eff(%):  1.186 | logz: -5.7e+05 +/- 1.2e-01 | dlogz: 550785.232 >  0.500
 loglike: -5.7e+05 | params: [ 0.11176267 -0.02635584  4.68245633  0.88193816 22.7107211 ]
 Average call time: 4.57 sec | Current time: 2018-12-06 14:02:26.566110
 --------------------------
iter: 7 | batch: 0 | nc: 1 | ncalls: 7 | bounds: 0 | eff(%):  1.381 | logz: -5.6e+05 +/- 1.2e-01 | dlogz: 550100.214 >  0.500
 loglike: -5.6e+05 | params: [-0.11027342 -0.79220899  4.50039123  1.87079668 22.83195596]
 Average call time: 5.18 sec | Current time: 2018-12-06 14:02:31.749990
 --------------------------
iter: 8 | batch: 0 | nc: 1 | ncalls: 8 | bounds: 0 | eff(%):  1.575 | logz: -5.6e+05 +/- 1.2e-01 | dlogz: 549851.821 >  0.500
 loglike: -5.6e+05 | params: [ 0.23054186 -0.24578438  4.66670982  0.39785245 23.71509308]
 Average call time: 5.15 sec | Current time: 2018-12-06 14:02:36.904658
 --------------------------
iter: 9 | batch: 0 | nc: 1 | ncalls: 9 | bounds: 0 | eff(%):  1.768 | logz: -5.6e+05 +/- 1.2e-01 | dlogz: 548463.368 >  0.500
 loglike: -5.6e+05 | params: [ 0.10428684 -0.51572588  4.50670019  1.30255174 23.31829802]
 Average call time: 4.53 sec | Current time: 2018-12-06 14:02:41.431904
 --------------------------
iter: 10 | batch: 0 | nc: 1 | ncalls: 10 | bounds: 0 | eff(%):  1.961 | logz: -5.6e+05 +/- 1.1e-01 | dlogz: 548360.373 >  0.500
 loglike: -5.6e+05 | params: [-0.49338854 -0.38029686  4.64948003  1.77950847 23.93290598]
 Average call time: 5.75 sec | Current time: 2018-12-06 14:02:47.186259
 --------------------------
iter: 11 | batch: 0 | nc: 1 | ncalls: 11 | bounds: 0 | eff(%):  2.153 | logz: -5.6e+05 +/- 1.2e-01 | dlogz: 548357.331 >  0.500
 loglike: -5.6e+05 | params: [-0.33857773 -0.98159901  4.45194293  0.97851992 23.51241267]
 Average call time: 5.17 sec | Current time: 2018-12-06 14:02:52.353324
 --------------------------
iter: 12 | batch: 0 | nc: 1 | ncalls: 12 | bounds: 0 | eff(%):  2.344 | logz: -5.6e+05 +/- 1.2e-01 | dlogz: 548135.481 >  0.500
 loglike: -5.6e+05 | params: [-0.46089775 -0.90727068  4.54795852  1.42839264 24.17731967]
 Average call time: 5.23 sec | Current time: 2018-12-06 14:02:57.580416
 --------------------------
iter: 13 | batch: 0 | nc: 1 | ncalls: 13 | bounds: 0 | eff(%):  2.534 | logz: -5.6e+05 +/- 1.2e-01 | dlogz: 547892.054 >  0.500
 loglike: -5.6e+05 | params: [-0.48951189 -0.39102286  4.95426552  1.87044549 25.52330631]
 Average call time: 4.54 sec | Current time: 2018-12-06 14:03:02.117701
 --------------------------
iter: 14 | batch: 0 | nc: 1 | ncalls: 14 | bounds: 0 | eff(%):  2.724 | logz: -5.6e+05 +/- 1.2e-01 | dlogz: 547792.687 >  0.500
 loglike: -5.6e+05 | params: [ 0.13451852 -0.52667012  4.6102201   1.88536466 23.82492243]
 Average call time: 5.21 sec | Current time: 2018-12-06 14:03:07.330067
 --------------------------
iter: 15 | batch: 0 | nc: 1 | ncalls: 15 | bounds: 0 | eff(%):  2.913 | logz: -5.6e+05 +/- 1.2e-01 | dlogz: 547739.280 >  0.500
 loglike: -5.6e+05 | params: [-0.13771034 -0.87466839  4.85781674  0.23450406 26.05942459]
 Average call time: 5.68 sec | Current time: 2018-12-06 14:03:13.006783
 --------------------------
iter: 16 | batch: 0 | nc: 1 | ncalls: 16 | bounds: 0 | eff(%):  3.101 | logz: -5.6e+05 +/- 1.2e-01 | dlogz: 546363.834 >  0.500
 loglike: -5.6e+05 | params: [-0.45199759 -0.49410305  4.73370685  1.27679915 25.41687276]
 Average call time: 6.10 sec | Current time: 2018-12-06 14:03:19.105517
 --------------------------
iter: 17 | batch: 0 | nc: 1 | ncalls: 17 | bounds: 0 | eff(%):  3.288 | logz: -5.6e+05 +/- 1.2e-01 | dlogz: 546236.324 >  0.500
 loglike: -5.6e+05 | params: [-0.25760389 -0.4095182   4.41559427  2.36779316 23.03840336]
 Average call time: 5.79 sec | Current time: 2018-12-06 14:03:24.893230
 --------------------------
iter: 18 | batch: 0 | nc: 1 | ncalls: 18 | bounds: 0 | eff(%):  3.475 | logz: -5.6e+05 +/- 1.2e-01 | dlogz: 544695.086 >  0.500
 loglike: -5.6e+05 | params: [-0.18773319 -0.3721227   4.62947331  0.64843964 25.30241886]
 Average call time: 5.21 sec | Current time: 2018-12-06 14:03:30.105140
 --------------------------
iter: 19 | batch: 0 | nc: 1 | ncalls: 19 | bounds: 0 | eff(%):  3.661 | logz: -5.6e+05 +/- 1.2e-01 | dlogz: 544360.709 >  0.500
 loglike: -5.6e+05 | params: [-0.05226967 -0.37153246  4.93060417  1.49290166 26.79986448]
 Average call time: 5.93 sec | Current time: 2018-12-06 14:03:36.032987
 --------------------------
iter: 20 | batch: 0 | nc: 1 | ncalls: 20 | bounds: 0 | eff(%):  3.846 | logz: -5.6e+05 +/- 1.2e-01 | dlogz: 544114.301 >  0.500
 loglike: -5.6e+05 | params: [-0.0805012  -0.67109514  4.33041793  2.03681558 23.72813432]
 Average call time: 5.14 sec | Current time: 2018-12-06 14:03:41.174541
 --------------------------
iter: 21 | batch: 0 | nc: 1 | ncalls: 21 | bounds: 0 | eff(%):  4.031 | logz: -5.6e+05 +/- 1.2e-01 | dlogz: 543499.996 >  0.500
 loglike: -5.6e+05 | params: [-2.20976300e-02 -8.34049344e-01  4.49649266e+00  8.54978249e-01
  2.55407360e+01]
 Average call time: 5.38 sec | Current time: 2018-12-06 14:03:46.557408
 --------------------------
iter: 22 | batch: 0 | nc: 1 | ncalls: 22 | bounds: 0 | eff(%):  4.215 | logz: -5.6e+05 +/- 1.1e-01 | dlogz: 543285.689 >  0.500
 loglike: -5.6e+05 | params: [-0.21959012 -0.59848921  4.70039765  2.03438485 25.98407608]
 Average call time: 5.42 sec | Current time: 2018-12-06 14:03:51.977858
 --------------------------
iter: 23 | batch: 0 | nc: 1 | ncalls: 23 | bounds: 0 | eff(%):  4.398 | logz: -5.6e+05 +/- 1.2e-01 | dlogz: 543283.275 >  0.500
 loglike: -5.6e+05 | params: [-0.47813634 -0.11932711  4.6466715   0.81482257 25.59585467]
 Average call time: 5.40 sec | Current time: 2018-12-06 14:03:57.375269
 --------------------------
iter: 24 | batch: 0 | nc: 1 | ncalls: 24 | bounds: 0 | eff(%):  4.580 | logz: -5.6e+05 +/- 1.2e-01 | dlogz: 542980.245 >  0.500
 loglike: -5.6e+05 | params: [ 0.19373528 -0.47086836  4.88474293  4.42329681 22.03862787]
 Average call time: 5.21 sec | Current time: 2018-12-06 14:04:02.589655
 --------------------------
iter: 25 | batch: 0 | nc: 1 | ncalls: 25 | bounds: 0 | eff(%):  4.762 | logz: -5.6e+05 +/- 1.2e-01 | dlogz: 542960.480 >  0.500
 loglike: -5.6e+05 | params: [-0.07468909 -0.18165502  4.75594922  1.62392118 26.27706415]
 Average call time: 5.16 sec | Current time: 2018-12-06 14:04:07.744913
 --------------------------
iter: 26 | batch: 0 | nc: 1 | ncalls: 26 | bounds: 0 | eff(%):  4.943 | logz: -5.6e+05 +/- 1.2e-01 | dlogz: 542724.202 >  0.500
 loglike: -5.6e+05 | params: [ 0.1974636  -0.9427046   4.27318939  1.4005215  24.63823663]
 Average call time: 5.09 sec | Current time: 2018-12-06 14:04:12.838163
 --------------------------
iter: 27 | batch: 0 | nc: 1 | ncalls: 27 | bounds: 0 | eff(%):  5.123 | logz: -5.6e+05 +/- 1.2e-01 | dlogz: 542119.680 >  0.500
 loglike: -5.6e+05 | params: [-0.49298857 -0.09935138  4.90896572  4.49946797 22.50864306]
 Average call time: 4.60 sec | Current time: 2018-12-06 14:04:17.442293
 --------------------------
iter: 28 | batch: 0 | nc: 1 | ncalls: 28 | bounds: 0 | eff(%):  5.303 | logz: -5.6e+05 +/- 1.2e-01 | dlogz: 541811.370 >  0.500
 loglike: -5.6e+05 | params: [-0.19279659 -0.99428492  4.81605746  4.88149554 22.03927766]
 Average call time: 5.16 sec | Current time: 2018-12-06 14:04:22.604011
 --------------------------
iter: 29 | batch: 0 | nc: 1 | ncalls: 29 | bounds: 0 | eff(%):  5.482 | logz: -5.6e+05 +/- 1.2e-01 | dlogz: 541508.637 >  0.500
 loglike: -5.6e+05 | params: [-0.30376543 -0.10663812  4.28980322  2.16704025 23.24130346]
 Average call time: 4.62 sec | Current time: 2018-12-06 14:04:27.223572
 --------------------------
iter: 30 | batch: 0 | nc: 1 | ncalls: 30 | bounds: 0 | eff(%):  5.660 | logz: -5.6e+05 +/- 1.1e-01 | dlogz: 541416.679 >  0.500
 loglike: -5.6e+05 | params: [ 0.08681247 -0.65087839  3.99871138  0.5341318  22.46918934]
 Average call time: 5.10 sec | Current time: 2018-12-06 14:04:32.327617
 --------------------------
iter: 31 | batch: 0 | nc: 1 | ncalls: 31 | bounds: 0 | eff(%):  5.838 | logz: -5.6e+05 +/- 1.2e-01 | dlogz: 541414.393 >  0.500
 loglike: -5.6e+05 | params: [-0.26836277 -0.63232422  4.05323068  1.52553513 22.82645714]
 Average call time: 5.40 sec | Current time: 2018-12-06 14:04:37.731949
 --------------------------
iter: 32 | batch: 0 | nc: 1 | ncalls: 32 | bounds: 0 | eff(%):  6.015 | logz: -5.6e+05 +/- 1.2e-01 | dlogz: 541274.863 >  0.500
 loglike: -5.6e+05 | params: [-0.48047235 -0.88210632  4.31750552  1.1939469  25.41682681]
 Average call time: 5.11 sec | Current time: 2018-12-06 14:04:42.842050
 --------------------------
iter: 33 | batch: 0 | nc: 1 | ncalls: 33 | bounds: 0 | eff(%):  6.191 | logz: -5.6e+05 +/- 1.2e-01 | dlogz: 540862.004 >  0.500
 loglike: -5.6e+05 | params: [-0.09290695 -0.50506511  4.20513187  2.53287818 22.68411867]
 Average call time: 5.40 sec | Current time: 2018-12-06 14:04:48.240066
 --------------------------
iter: 34 | batch: 0 | nc: 1 | ncalls: 34 | bounds: 0 | eff(%):  6.367 | logz: -5.6e+05 +/- 1.2e-01 | dlogz: 540496.796 >  0.500
 loglike: -5.6e+05 | params: [-0.4705164  -0.56822348  4.41710339  3.43639502 22.53069466]
 Average call time: 5.12 sec | Current time: 2018-12-06 14:04:53.360384
 --------------------------
iter: 35 | batch: 0 | nc: 1 | ncalls: 35 | bounds: 0 | eff(%):  6.542 | logz: -5.6e+05 +/- 1.2e-01 | dlogz: 540290.683 >  0.500
 loglike: -5.6e+05 | params: [ 0.10358267 -0.70555661  4.122476    1.8758118  23.73909491]
 Average call time: 4.52 sec | Current time: 2018-12-06 14:04:57.883004
 --------------------------
iter: 36 | batch: 0 | nc: 1 | ncalls: 36 | bounds: 0 | eff(%):  6.716 | logz: -5.5e+05 +/- 1.2e-01 | dlogz: 540109.726 >  0.500
 loglike: -5.5e+05 | params: [ 0.24690978 -0.33678169  4.27160647  2.24428217 23.75151044]
 Average call time: 4.58 sec | Current time: 2018-12-06 14:05:02.463974
 --------------------------
iter: 37 | batch: 0 | nc: 1 | ncalls: 37 | bounds: 0 | eff(%):  6.890 | logz: -5.5e+05 +/- 1.2e-01 | dlogz: 539943.569 >  0.500
 loglike: -5.5e+05 | params: [-0.49429139 -0.10366202  4.9902118   6.46743202 22.1810076 ]
 Average call time: 5.28 sec | Current time: 2018-12-06 14:05:07.747218
 --------------------------
iter: 38 | batch: 0 | nc: 1 | ncalls: 38 | bounds: 0 | eff(%):  7.063 | logz: -5.5e+05 +/- 1.2e-01 | dlogz: 539539.930 >  0.500
 loglike: -5.5e+05 | params: [-0.47901179 -0.13640872  4.99452304  2.66994761 27.10156501]
 Average call time: 5.23 sec | Current time: 2018-12-06 14:05:12.981112
 --------------------------
iter: 39 | batch: 0 | nc: 1 | ncalls: 39 | bounds: 0 | eff(%):  7.236 | logz: -5.5e+05 +/- 1.2e-01 | dlogz: 539345.987 >  0.500
 loglike: -5.5e+05 | params: [ 0.18435334 -0.44653633  4.07238731  0.44635875 23.96687331]
 Average call time: 5.65 sec | Current time: 2018-12-06 14:05:18.631961
 --------------------------
iter: 40 | batch: 0 | nc: 1 | ncalls: 40 | bounds: 0 | eff(%):  7.407 | logz: -5.5e+05 +/- 1.2e-01 | dlogz: 538986.634 >  0.500
 loglike: -5.5e+05 | params: [-2.15147408e-02 -3.44116973e-01  4.07727598e+00  1.01795274e-01
  2.38041727e+01]
 Average call time: 5.43 sec | Current time: 2018-12-06 14:05:24.059182
 --------------------------
iter: 41 | batch: 0 | nc: 1 | ncalls: 41 | bounds: 0 | eff(%):  7.579 | logz: -5.5e+05 +/- 1.2e-01 | dlogz: 538686.222 >  0.500
 loglike: -5.5e+05 | params: [ 0.18668789 -0.82228373  4.92841037  5.26963329 22.85210631]
 Average call time: 5.14 sec | Current time: 2018-12-06 14:05:29.199336
 --------------------------
iter: 42 | batch: 0 | nc: 1 | ncalls: 42 | bounds: 0 | eff(%):  7.749 | logz: -5.5e+05 +/- 1.2e-01 | dlogz: 538598.350 >  0.500
 loglike: -5.5e+05 | params: [-0.44288361 -0.47843246  4.93626533  3.45148883 25.81495577]
 Average call time: 5.77 sec | Current time: 2018-12-06 14:05:34.965389
 --------------------------
iter: 43 | batch: 0 | nc: 1 | ncalls: 43 | bounds: 0 | eff(%):  7.919 | logz: -5.5e+05 +/- 1.2e-01 | dlogz: 538528.668 >  0.500
 loglike: -5.5e+05 | params: [-0.12308033 -0.46312181  4.27680827  0.55121354 26.01653046]
 Average call time: 4.69 sec | Current time: 2018-12-06 14:05:39.651663
 --------------------------
iter: 44 | batch: 0 | nc: 1 | ncalls: 44 | bounds: 0 | eff(%):  8.088 | logz: -5.5e+05 +/- 1.2e-01 | dlogz: 537649.893 >  0.500
 loglike: -5.5e+05 | params: [-0.18379391 -0.06783457  4.47053128  3.61687798 22.17513652]
 Average call time: 5.14 sec | Current time: 2018-12-06 14:05:44.790901
 --------------------------
iter: 45 | batch: 0 | nc: 1 | ncalls: 45 | bounds: 0 | eff(%):  8.257 | logz: -5.5e+05 +/- 1.2e-01 | dlogz: 537235.898 >  0.500
 loglike: -5.5e+05 | params: [ 0.15184554 -0.56382658  4.20859057  1.23575791 26.22556583]
 Average call time: 4.62 sec | Current time: 2018-12-06 14:05:49.409517
 --------------------------
iter: 46 | batch: 0 | nc: 2 | ncalls: 47 | bounds: 0 | eff(%):  8.410 | logz: -5.5e+05 +/- 1.2e-01 | dlogz: 536840.135 >  0.500
 loglike: -5.5e+05 | params: [-0.29932373 -0.06717301  4.30458024  1.24900122 25.88202166]
 Average call time: 5.22 sec | Current time: 2018-12-06 14:05:59.852956
 --------------------------
iter: 47 | batch: 0 | nc: 1 | ncalls: 48 | bounds: 0 | eff(%):  8.577 | logz: -5.5e+05 +/- 1.2e-01 | dlogz: 536316.335 >  0.500
 loglike: -5.5e+05 | params: [-0.35092108 -0.55604638  4.69906938  5.40433144 22.48913858]
 Average call time: 5.83 sec | Current time: 2018-12-06 14:06:05.685198
 --------------------------
iter: 48 | batch: 0 | nc: 1 | ncalls: 49 | bounds: 0 | eff(%):  8.743 | logz: -5.5e+05 +/- 1.2e-01 | dlogz: 536306.787 >  0.500
 loglike: -5.5e+05 | params: [-0.40116765 -0.07282014  4.31118632  3.20258016 22.84342388]
 Average call time: 5.18 sec | Current time: 2018-12-06 14:06:10.867222
 --------------------------
iter: 49 | batch: 0 | nc: 2 | ncalls: 51 | bounds: 0 | eff(%):  8.893 | logz: -5.5e+05 +/- 1.2e-01 | dlogz: 536132.751 >  0.500
 loglike: -5.5e+05 | params: [-0.17332374 -0.4471711   4.13955544  1.38377372 25.49704227]
 Average call time: 5.73 sec | Current time: 2018-12-06 14:06:22.324433
 --------------------------
iter: 50 | batch: 0 | nc: 1 | ncalls: 52 | bounds: 0 | eff(%):  9.058 | logz: -5.5e+05 +/- 1.2e-01 | dlogz: 536115.087 >  0.500
 loglike: -5.5e+05 | params: [-0.18033853 -0.47798857  4.78697745  4.16706298 24.25139613]
 Average call time: 5.16 sec | Current time: 2018-12-06 14:06:27.484315
 --------------------------
iter: 51 | batch: 0 | nc: 1 | ncalls: 53 | bounds: 0 | eff(%):  9.222 | logz: -5.5e+05 +/- 1.2e-01 | dlogz: 535931.510 >  0.500
 loglike: -5.5e+05 | params: [-0.37466595 -0.7640902   4.80331188  4.69952382 24.3455955 ]
 Average call time: 5.14 sec | Current time: 2018-12-06 14:06:32.623822
 --------------------------
iter: 52 | batch: 0 | nc: 1 | ncalls: 54 | bounds: 0 | eff(%):  9.386 | logz: -5.5e+05 +/- 1.2e-01 | dlogz: 535800.434 >  0.500
 loglike: -5.5e+05 | params: [-0.35492425 -0.2599519   4.8269195   4.17556242 24.58027137]
 Average call time: 5.21 sec | Current time: 2018-12-06 14:06:37.833372
 --------------------------
iter: 53 | batch: 0 | nc: 1 | ncalls: 55 | bounds: 0 | eff(%):  9.550 | logz: -5.5e+05 +/- 1.2e-01 | dlogz: 535425.937 >  0.500
 loglike: -5.5e+05 | params: [-0.09850739 -0.3899995   4.40569456  3.33866823 23.56838215]
 Average call time: 5.15 sec | Current time: 2018-12-06 14:06:42.984185
 --------------------------
iter: 54 | batch: 0 | nc: 1 | ncalls: 56 | bounds: 0 | eff(%):  9.712 | logz: -5.5e+05 +/- 1.2e-01 | dlogz: 535348.541 >  0.500
 loglike: -5.5e+05 | params: [-0.17715425 -0.15748074  4.30541228  3.21273315 23.00027563]
 Average call time: 5.22 sec | Current time: 2018-12-06 14:06:48.201089
 --------------------------
iter: 55 | batch: 0 | nc: 1 | ncalls: 57 | bounds: 0 | eff(%):  9.874 | logz: -5.5e+05 +/- 1.2e-01 | dlogz: 535203.199 >  0.500
 loglike: -5.5e+05 | params: [-0.17044708 -0.37067001  4.7002324   2.92020491 26.91480068]
 Average call time: 4.61 sec | Current time: 2018-12-06 14:06:52.814165
 --------------------------
iter: 56 | batch: 0 | nc: 2 | ncalls: 59 | bounds: 0 | eff(%): 10.018 | logz: -5.5e+05 +/- 1.2e-01 | dlogz: 535012.657 >  0.500
 loglike: -5.5e+05 | params: [-0.11620905 -0.15638356  4.97417461  5.0829738  23.71283998]
 Average call time: 4.88 sec | Current time: 2018-12-06 14:07:02.571092
 --------------------------
iter: 57 | batch: 0 | nc: 1 | ncalls: 60 | bounds: 0 | eff(%): 10.179 | logz: -5.5e+05 +/- 1.2e-01 | dlogz: 534849.572 >  0.500
 loglike: -5.5e+05 | params: [-0.41362854 -0.70686473  4.05750988  0.6872756  25.77011902]
 Average call time: 5.08 sec | Current time: 2018-12-06 14:07:07.648245
 --------------------------
iter: 58 | batch: 0 | nc: 2 | ncalls: 62 | bounds: 0 | eff(%): 10.320 | logz: -5.5e+05 +/- 1.2e-01 | dlogz: 534327.880 >  0.500
 loglike: -5.5e+05 | params: [-0.09903825 -0.68236044  4.01447455  1.51671913 25.38099505]
 Average call time: 4.98 sec | Current time: 2018-12-06 14:07:17.598459
 --------------------------
iter: 59 | batch: 0 | nc: 1 | ncalls: 63 | bounds: 0 | eff(%): 10.480 | logz: -5.5e+05 +/- 1.2e-01 | dlogz: 534179.183 >  0.500
 loglike: -5.5e+05 | params: [-0.41832292 -0.53758051  4.54540733  3.77336392 24.79729163]
 Average call time: 5.08 sec | Current time: 2018-12-06 14:07:22.676955
 --------------------------
iter: 60 | batch: 0 | nc: 1 | ncalls: 64 | bounds: 0 | eff(%): 10.638 | logz: -5.5e+05 +/- 1.2e-01 | dlogz: 533817.471 >  0.500
 loglike: -5.5e+05 | params: [-0.27994311 -0.94363618  4.73816311  5.22535841 24.07349497]
 Average call time: 4.52 sec | Current time: 2018-12-06 14:07:27.192886
 --------------------------
iter: 61 | batch: 0 | nc: 2 | ncalls: 66 | bounds: 0 | eff(%): 10.777 | logz: -5.5e+05 +/- 1.2e-01 | dlogz: 532814.869 >  0.500
 loglike: -5.5e+05 | params: [-0.10495467 -0.37027343  4.52605533  5.16499947 22.13612749]
 Average call time: 5.45 sec | Current time: 2018-12-06 14:07:38.101535
 --------------------------
iter: 62 | batch: 0 | nc: 1 | ncalls: 67 | bounds: 0 | eff(%): 10.935 | logz: -5.5e+05 +/- 1.2e-01 | dlogz: 532461.527 >  0.500
 loglike: -5.5e+05 | params: [-0.16602068 -0.02639074  4.19110526  2.34459158 25.33471835]
 Average call time: 5.83 sec | Current time: 2018-12-06 14:07:43.929718
 --------------------------
iter: 63 | batch: 0 | nc: 1 | ncalls: 68 | bounds: 0 | eff(%): 11.092 | logz: -5.5e+05 +/- 1.2e-01 | dlogz: 532418.703 >  0.500
 loglike: -5.5e+05 | params: [-1.81408810e-02 -2.33826719e-01  4.00408977e+00  5.41872340e-01
  2.57118947e+01]
 Average call time: 5.48 sec | Current time: 2018-12-06 14:07:49.414735
 --------------------------
iter: 64 | batch: 0 | nc: 1 | ncalls: 69 | bounds: 0 | eff(%): 11.248 | logz: -5.5e+05 +/- 1.2e-01 | dlogz: 531777.676 >  0.500
 loglike: -5.5e+05 | params: [-1.14663926e-02 -6.02797422e-01  4.15492057e+00  2.60300537e+00
  2.54085919e+01]
 Average call time: 5.81 sec | Current time: 2018-12-06 14:07:55.228933
 --------------------------
iter: 65 | batch: 0 | nc: 1 | ncalls: 70 | bounds: 0 | eff(%): 11.404 | logz: -5.5e+05 +/- 1.2e-01 | dlogz: 531767.801 >  0.500
 loglike: -5.5e+05 | params: [ 6.81045767e-02 -1.16502370e-02  4.20560383e+00  2.81745058e+00
  2.40123475e+01]
 Average call time: 4.67 sec | Current time: 2018-12-06 14:07:59.896645
 --------------------------
iter: 66 | batch: 0 | nc: 2 | ncalls: 72 | bounds: 0 | eff(%): 11.538 | logz: -5.5e+05 +/- 1.2e-01 | dlogz: 531760.418 >  0.500
 loglike: -5.5e+05 | params: [ 0.10776493 -0.03589879  4.83085626  4.77020749 23.86901992]
 Average call time: 5.38 sec | Current time: 2018-12-06 14:08:10.662406
 --------------------------
iter: 67 | batch: 0 | nc: 1 | ncalls: 73 | bounds: 0 | eff(%): 11.693 | logz: -5.5e+05 +/- 1.2e-01 | dlogz: 531622.695 >  0.500
 loglike: -5.5e+05 | params: [-0.28789073 -0.75820128  4.48540767  3.00004564 27.32821467]
 Average call time: 5.21 sec | Current time: 2018-12-06 14:08:15.877256
 --------------------------
iter: 68 | batch: 0 | nc: 1 | ncalls: 74 | bounds: 0 | eff(%): 11.847 | logz: -5.5e+05 +/- 1.2e-01 | dlogz: 531547.826 >  0.500
 loglike: -5.5e+05 | params: [ 0.08547299 -0.17850605  4.81363902  4.91865312 23.74049093]
 Average call time: 5.24 sec | Current time: 2018-12-06 14:08:21.120962
 --------------------------
iter: 69 | batch: 0 | nc: 1 | ncalls: 75 | bounds: 0 | eff(%): 12.000 | logz: -5.5e+05 +/- 1.2e-01 | dlogz: 531357.063 >  0.500
 loglike: -5.5e+05 | params: [-0.35361751 -0.94260855  4.65897819  6.66229372 22.95402567]
 Average call time: 5.44 sec | Current time: 2018-12-06 14:08:26.561049
 --------------------------
iter: 70 | batch: 0 | nc: 1 | ncalls: 76 | bounds: 0 | eff(%): 12.153 | logz: -5.5e+05 +/- 1.2e-01 | dlogz: 531136.393 >  0.500
 loglike: -5.5e+05 | params: [ 2.13927234e-02 -1.15348202e-01  4.00557642e+00  2.17831597e+00
  2.50454469e+01]
 Average call time: 5.19 sec | Current time: 2018-12-06 14:08:31.746327
 --------------------------
iter: 71 | batch: 0 | nc: 1 | ncalls: 77 | bounds: 0 | eff(%): 12.305 | logz: -5.5e+05 +/- 1.2e-01 | dlogz: 530565.329 >  0.500
 loglike: -5.5e+05 | params: [-0.47244633 -0.06485804  4.96855699  4.4460467  26.90151774]
 Average call time: 5.30 sec | Current time: 2018-12-06 14:08:37.048422
 --------------------------
iter: 72 | batch: 0 | nc: 1 | ncalls: 78 | bounds: 0 | eff(%): 12.457 | logz: -5.4e+05 +/- 1.2e-01 | dlogz: 530022.499 >  0.500
 loglike: -5.4e+05 | params: [-0.18285052 -0.06651391  4.97588397  4.42792683 26.38140743]
 Average call time: 5.10 sec | Current time: 2018-12-06 14:08:42.151054
 --------------------------
iter: 73 | batch: 0 | nc: 2 | ncalls: 80 | bounds: 0 | eff(%): 12.586 | logz: -5.4e+05 +/- 1.2e-01 | dlogz: 529788.142 >  0.500
 loglike: -5.4e+05 | params: [ 2.34548532e-02 -7.41703501e-01  4.66323128e+00  4.30562967e+00
  2.53477865e+01]
 Average call time: 4.88 sec | Current time: 2018-12-06 14:08:51.903669
 --------------------------
iter: 74 | batch: 0 | nc: 1 | ncalls: 81 | bounds: 0 | eff(%): 12.737 | logz: -5.4e+05 +/- 1.2e-01 | dlogz: 529775.152 >  0.500
 loglike: -5.4e+05 | params: [ 0.02843598 -0.78120789  4.69947051  3.59291197 27.45589575]
 Average call time: 5.25 sec | Current time: 2018-12-06 14:08:57.154559
 --------------------------
iter: 75 | batch: 0 | nc: 1 | ncalls: 82 | bounds: 0 | eff(%): 12.887 | logz: -5.4e+05 +/- 1.2e-01 | dlogz: 529396.448 >  0.500
 loglike: -5.4e+05 | params: [-0.29915453 -0.9632744   4.21615831  2.7370165  27.35132011]
 Average call time: 5.12 sec | Current time: 2018-12-06 14:09:02.273434
 --------------------------
iter: 76 | batch: 0 | nc: 1 | ncalls: 83 | bounds: 0 | eff(%): 13.036 | logz: -5.4e+05 +/- 1.2e-01 | dlogz: 529359.051 >  0.500
 loglike: -5.4e+05 | params: [-0.17828073 -0.28027907  4.07212356  1.63550835 27.17722461]
 Average call time: 4.58 sec | Current time: 2018-12-06 14:09:06.850360
 --------------------------
iter: 77 | batch: 0 | nc: 2 | ncalls: 85 | bounds: 0 | eff(%): 13.162 | logz: -5.4e+05 +/- 1.2e-01 | dlogz: 529338.845 >  0.500
 loglike: -5.4e+05 | params: [-0.4836708  -0.55166223  4.57245923  6.22946167 23.49496789]
 Average call time: 4.86 sec | Current time: 2018-12-06 14:09:16.576090
 --------------------------
iter: 78 | batch: 0 | nc: 1 | ncalls: 86 | bounds: 0 | eff(%): 13.311 | logz: -5.4e+05 +/- 1.2e-01 | dlogz: 529303.547 >  0.500
 loglike: -5.4e+05 | params: [-0.38645355 -0.66482534  3.63020711  0.67940609 22.33003837]
 Average call time: 4.55 sec | Current time: 2018-12-06 14:09:21.128722
 --------------------------
iter: 79 | batch: 0 | nc: 1 | ncalls: 87 | bounds: 0 | eff(%): 13.458 | logz: -5.4e+05 +/- 1.2e-01 | dlogz: 528972.744 >  0.500
 loglike: -5.4e+05 | params: [-0.47908459 -0.42669867  4.22257244  3.42204822 25.15160102]
 Average call time: 5.89 sec | Current time: 2018-12-06 14:09:27.018335
 --------------------------
iter: 80 | batch: 0 | nc: 1 | ncalls: 88 | bounds: 0 | eff(%): 13.605 | logz: -5.4e+05 +/- 1.2e-01 | dlogz: 528936.908 >  0.500
 loglike: -5.4e+05 | params: [ 0.12131494 -0.0949663   3.92576671  2.21972068 24.83184715]
 Average call time: 5.31 sec | Current time: 2018-12-06 14:09:32.323905
 --------------------------
iter: 81 | batch: 0 | nc: 1 | ncalls: 89 | bounds: 0 | eff(%): 13.752 | logz: -5.4e+05 +/- 1.2e-01 | dlogz: 528772.167 >  0.500
 loglike: -5.4e+05 | params: [-0.40685674 -0.39127431  3.77325121  0.71451123 24.42448898]
 Average call time: 4.61 sec | Current time: 2018-12-06 14:09:36.931159
 --------------------------
iter: 82 | batch: 0 | nc: 1 | ncalls: 90 | bounds: 0 | eff(%): 13.898 | logz: -5.4e+05 +/- 1.2e-01 | dlogz: 528535.087 >  0.500
 loglike: -5.4e+05 | params: [ 1.91025634e-02 -9.57057011e-01  4.33434760e+00  3.02259328e+00
  2.76193420e+01]
 Average call time: 5.58 sec | Current time: 2018-12-06 14:09:42.515111
 --------------------------
iter: 83 | batch: 0 | nc: 2 | ncalls: 92 | bounds: 0 | eff(%): 14.020 | logz: -5.4e+05 +/- 1.2e-01 | dlogz: 528071.548 >  0.500
 loglike: -5.4e+05 | params: [ 0.23428528 -0.939706    3.85967126  1.51386037 27.17206163]
 Average call time: 4.90 sec | Current time: 2018-12-06 14:09:52.313163
 --------------------------
iter: 84 | batch: 0 | nc: 1 | ncalls: 93 | bounds: 0 | eff(%): 14.165 | logz: -5.4e+05 +/- 1.2e-01 | dlogz: 527614.557 >  0.500
 loglike: -5.4e+05 | params: [-0.04550874 -0.03520348  4.87036592  7.44722759 23.10807899]
 Average call time: 5.15 sec | Current time: 2018-12-06 14:09:57.463404
 --------------------------
iter: 85 | batch: 0 | nc: 1 | ncalls: 94 | bounds: 0 | eff(%): 14.310 | logz: -5.4e+05 +/- 1.2e-01 | dlogz: 527603.071 >  0.500
 loglike: -5.4e+05 | params: [-0.08041423 -0.90598808  4.1617821   4.13626232 23.14083026]
 Average call time: 5.74 sec | Current time: 2018-12-06 14:10:03.203965
 --------------------------
iter: 86 | batch: 0 | nc: 1 | ncalls: 95 | bounds: 0 | eff(%): 14.454 | logz: -5.4e+05 +/- 1.2e-01 | dlogz: 527391.155 >  0.500
 loglike: -5.4e+05 | params: [-0.02553251 -0.17124935  3.85244171  2.75029379 23.00616806]
 Average call time: 5.35 sec | Current time: 2018-12-06 14:10:08.550506
 --------------------------
iter: 87 | batch: 0 | nc: 1 | ncalls: 96 | bounds: 0 | eff(%): 14.597 | logz: -5.4e+05 +/- 1.2e-01 | dlogz: 527296.803 >  0.500
 loglike: -5.4e+05 | params: [-0.22510943 -0.93422121  4.15123552  4.14786567 23.06103102]
 Average call time: 5.20 sec | Current time: 2018-12-06 14:10:13.753722
 --------------------------
iter: 88 | batch: 0 | nc: 1 | ncalls: 97 | bounds: 0 | eff(%): 14.740 | logz: -5.4e+05 +/- 1.2e-01 | dlogz: 527060.388 >  0.500
 loglike: -5.4e+05 | params: [-0.42924325 -0.76972884  4.59641857  5.5963651  25.02734275]
 Average call time: 5.12 sec | Current time: 2018-12-06 14:10:18.872392
 --------------------------
iter: 89 | batch: 0 | nc: 1 | ncalls: 98 | bounds: 0 | eff(%): 14.883 | logz: -5.4e+05 +/- 1.2e-01 | dlogz: 526721.170 >  0.500
 loglike: -5.4e+05 | params: [-0.35628749 -0.36169698  4.32985846  3.81163403 25.4821182 ]
 Average call time: 5.10 sec | Current time: 2018-12-06 14:10:23.973335
 --------------------------
iter: 90 | batch: 0 | nc: 1 | ncalls: 99 | bounds: 0 | eff(%): 15.025 | logz: -5.4e+05 +/- 1.2e-01 | dlogz: 526605.340 >  0.500
 loglike: -5.4e+05 | params: [-0.21993222 -0.98759302  4.68761335  6.99888096 24.11048093]
 Average call time: 5.86 sec | Current time: 2018-12-06 14:10:29.829932
 --------------------------
iter: 91 | batch: 0 | nc: 1 | ncalls: 100 | bounds: 0 | eff(%): 15.167 | logz: -5.4e+05 +/- 1.2e-01 | dlogz: 526228.521 >  0.500
 loglike: -5.4e+05 | params: [ 0.13768881 -0.04851113  3.73191519  0.70168413 24.46046766]
 Average call time: 4.56 sec | Current time: 2018-12-06 14:10:34.391792
 --------------------------
iter: 92 | batch: 0 | nc: 1 | ncalls: 101 | bounds: 0 | eff(%): 15.308 | logz: -5.4e+05 +/- 1.2e-01 | dlogz: 526055.249 >  0.500
 loglike: -5.4e+05 | params: [-0.25249446 -0.39332478  4.28863915  5.06092402 22.70753835]
 Average call time: 4.48 sec | Current time: 2018-12-06 14:10:38.871203
 --------------------------
iter: 93 | batch: 0 | nc: 1 | ncalls: 102 | bounds: 0 | eff(%): 15.449 | logz: -5.4e+05 +/- 1.1e-01 | dlogz: 526023.372 >  0.500
 loglike: -5.4e+05 | params: [-0.39475204 -0.60000181  4.3083909   3.69759182 26.16149924]
 Average call time: 5.65 sec | Current time: 2018-12-06 14:10:44.521687
 --------------------------
iter: 94 | batch: 0 | nc: 1 | ncalls: 103 | bounds: 0 | eff(%): 15.589 | logz: -5.4e+05 +/- 1.2e-01 | dlogz: 529739.732 >  0.500
 loglike: -5.4e+05 | params: [ 0.23534446 -0.85558164  4.61285233  5.99272858 24.0907542 ]
 Average call time: 5.51 sec | Current time: 2018-12-06 14:10:50.033238
 --------------------------
iter: 95 | batch: 0 | nc: 1 | ncalls: 104 | bounds: 0 | eff(%): 15.728 | logz: -5.4e+05 +/- 1.2e-01 | dlogz: 529714.684 >  0.500
 loglike: -5.4e+05 | params: [-0.27601949 -0.13839038  4.62322878  6.17180769 23.56738984]
 Average call time: 5.92 sec | Current time: 2018-12-06 14:10:55.954726
 --------------------------
iter: 96 | batch: 0 | nc: 1 | ncalls: 105 | bounds: 0 | eff(%): 15.868 | logz: -5.4e+05 +/- 1.2e-01 | dlogz: 529643.020 >  0.500
 loglike: -5.4e+05 | params: [-0.49707752 -0.81570706  4.71186438  5.52335224 26.88876541]
 Average call time: 4.68 sec | Current time: 2018-12-06 14:11:00.629746
 --------------------------
iter: 97 | batch: 0 | nc: 1 | ncalls: 106 | bounds: 0 | eff(%): 16.007 | logz: -5.4e+05 +/- 1.2e-01 | dlogz: 529079.528 >  0.500
 loglike: -5.4e+05 | params: [-0.03919789 -0.19607945  4.11466874  3.92616076 22.76433133]
 Average call time: 4.64 sec | Current time: 2018-12-06 14:11:05.274039
 --------------------------
iter: 98 | batch: 0 | nc: 1 | ncalls: 107 | bounds: 0 | eff(%): 16.145 | logz: -5.4e+05 +/- 1.2e-01 | dlogz: 528975.926 >  0.500
 loglike: -5.4e+05 | params: [-9.68597733e-03 -3.93387394e-01  3.83149713e+00  2.58218696e+00
  2.46751211e+01]
 Average call time: 5.88 sec | Current time: 2018-12-06 14:11:11.151875
 --------------------------
iter: 99 | batch: 0 | nc: 1 | ncalls: 108 | bounds: 0 | eff(%): 16.283 | logz: -5.4e+05 +/- 1.2e-01 | dlogz: 528945.131 >  0.500
 loglike: -5.4e+05 | params: [ 0.21211644 -0.24784316  3.56105747  1.74618455 23.00719703]
 Average call time: 4.53 sec | Current time: 2018-12-06 14:11:15.681749
 --------------------------
iter: 100 | batch: 0 | nc: 1 | ncalls: 109 | bounds: 0 | eff(%): 16.420 | logz: -5.4e+05 +/- 1.2e-01 | dlogz: 528932.103 >  0.500
 loglike: -5.4e+05 | params: [ 4.62115947e-03 -9.12528386e-01  4.54786376e+00  6.28146995e+00
  2.39038265e+01]
 Average call time: 5.41 sec | Current time: 2018-12-06 14:11:21.088649
 --------------------------
iter: 101 | batch: 0 | nc: 1 | ncalls: 110 | bounds: 0 | eff(%): 16.557 | logz: -5.4e+05 +/- 1.2e-01 | dlogz: 528604.948 >  0.500
 loglike: -5.4e+05 | params: [-0.08212399 -0.54473079  4.77838561  6.00177287 25.55653647]
 Average call time: 5.13 sec | Current time: 2018-12-06 14:11:26.216727
 --------------------------
iter: 102 | batch: 0 | nc: 1 | ncalls: 111 | bounds: 0 | eff(%): 16.694 | logz: -5.4e+05 +/- 1.2e-01 | dlogz: 528479.692 >  0.500
 loglike: -5.4e+05 | params: [ 0.21493067 -0.11461276  4.11714237  0.3512837  27.77571118]
 Average call time: 5.62 sec | Current time: 2018-12-06 14:11:31.833523
 --------------------------
iter: 103 | batch: 0 | nc: 2 | ncalls: 113 | bounds: 0 | eff(%): 16.803 | logz: -5.4e+05 +/- 1.2e-01 | dlogz: 528416.597 >  0.500
 loglike: -5.4e+05 | params: [-0.07050556 -0.8793378   4.9998549   7.97930474 26.16827286]
 Average call time: 5.19 sec | Current time: 2018-12-06 14:11:42.210964
 --------------------------
iter: 104 | batch: 0 | nc: 1 | ncalls: 114 | bounds: 0 | eff(%): 16.938 | logz: -5.4e+05 +/- 1.2e-01 | dlogz: 528301.130 >  0.500
 loglike: -5.4e+05 | params: [-0.15097188 -0.84326324  4.66628602  5.80107857 25.35706446]
 Average call time: 5.10 sec | Current time: 2018-12-06 14:11:47.314931
 --------------------------
iter: 105 | batch: 0 | nc: 1 | ncalls: 115 | bounds: 0 | eff(%): 17.073 | logz: -5.4e+05 +/- 1.2e-01 | dlogz: 528049.385 >  0.500
 loglike: -5.4e+05 | params: [-0.17233012 -0.387851    4.6727923   5.04331969 26.23598539]
 Average call time: 5.15 sec | Current time: 2018-12-06 14:11:52.467180
 --------------------------
iter: 106 | batch: 0 | nc: 1 | ncalls: 116 | bounds: 0 | eff(%): 17.208 | logz: -5.4e+05 +/- 1.2e-01 | dlogz: 527995.740 >  0.500
 loglike: -5.4e+05 | params: [-0.48272243 -0.49267404  3.74624891  1.19158457 26.03453717]
 Average call time: 5.12 sec | Current time: 2018-12-06 14:11:57.588275
 --------------------------
iter: 107 | batch: 0 | nc: 1 | ncalls: 117 | bounds: 0 | eff(%): 17.342 | logz: -5.4e+05 +/- 1.2e-01 | dlogz: 527937.681 >  0.500
 loglike: -5.4e+05 | params: [ 0.16742203 -0.83153171  4.53425718  5.65192754 24.53265192]
 Average call time: 5.33 sec | Current time: 2018-12-06 14:12:02.922229
 --------------------------
iter: 108 | batch: 0 | nc: 1 | ncalls: 118 | bounds: 0 | eff(%): 17.476 | logz: -5.4e+05 +/- 1.2e-01 | dlogz: 527805.446 >  0.500
 loglike: -5.4e+05 | params: [ 0.19275675 -0.54079569  3.51835406  1.06229492 23.38418791]
 Average call time: 5.11 sec | Current time: 2018-12-06 14:12:08.029970
 --------------------------
iter: 109 | batch: 0 | nc: 2 | ncalls: 120 | bounds: 0 | eff(%): 17.581 | logz: -5.4e+05 +/- 1.2e-01 | dlogz: 527723.848 >  0.500
 loglike: -5.4e+05 | params: [-0.03789556 -0.78070883  4.49009467  5.21813278 24.83801767]
 Average call time: 5.20 sec | Current time: 2018-12-06 14:12:18.433477
 --------------------------
iter: 110 | batch: 0 | nc: 2 | ncalls: 122 | bounds: 0 | eff(%): 17.685 | logz: -5.4e+05 +/- 1.2e-01 | dlogz: 527581.563 >  0.500
 loglike: -5.4e+05 | params: [-0.08588122 -0.94462993  4.41075452  5.15596534 24.57269741]
 Average call time: 5.35 sec | Current time: 2018-12-06 14:12:29.139071
 --------------------------
iter: 111 | batch: 0 | nc: 1 | ncalls: 123 | bounds: 0 | eff(%): 17.817 | logz: -5.4e+05 +/- 1.2e-01 | dlogz: 527414.646 >  0.500
 loglike: -5.4e+05 | params: [-0.15845759 -0.844337    4.98381136  7.12855958 26.8224964 ]
 Average call time: 5.20 sec | Current time: 2018-12-06 14:12:34.341676
 --------------------------
iter: 112 | batch: 0 | nc: 1 | ncalls: 124 | bounds: 0 | eff(%): 17.949 | logz: -5.4e+05 +/- 1.2e-01 | dlogz: 527374.948 >  0.500
 loglike: -5.4e+05 | params: [ 0.08685849 -0.23839609  4.65761245  5.30311998 25.41020549]
 Average call time: 4.55 sec | Current time: 2018-12-06 14:12:38.888595
 --------------------------
iter: 113 | batch: 0 | nc: 1 | ncalls: 125 | bounds: 0 | eff(%): 18.080 | logz: -5.4e+05 +/- 1.2e-01 | dlogz: 527323.776 >  0.500
 loglike: -5.4e+05 | params: [-0.43511216 -0.24698617  3.9691572   2.59250023 27.07188656]
 Average call time: 4.60 sec | Current time: 2018-12-06 14:12:43.487383
 --------------------------
iter: 114 | batch: 0 | nc: 1 | ncalls: 126 | bounds: 0 | eff(%): 18.211 | logz: -5.4e+05 +/- 1.2e-01 | dlogz: 527100.084 >  0.500
 loglike: -5.4e+05 | params: [ 0.06892834 -0.55883109  4.55423303  4.28159102 27.30994922]
 Average call time: 5.65 sec | Current time: 2018-12-06 14:12:49.133026
 --------------------------
iter: 115 | batch: 0 | nc: 1 | ncalls: 127 | bounds: 0 | eff(%): 18.341 | logz: -5.4e+05 +/- 1.2e-01 | dlogz: 527005.700 >  0.500
 loglike: -5.4e+05 | params: [-0.3757811  -0.45522533  4.53748359  5.72326434 25.33822243]
 Average call time: 5.09 sec | Current time: 2018-12-06 14:12:54.226743
 --------------------------
iter: 116 | batch: 0 | nc: 1 | ncalls: 128 | bounds: 0 | eff(%): 18.471 | logz: -5.4e+05 +/- 1.2e-01 | dlogz: 526976.932 >  0.500
 loglike: -5.4e+05 | params: [-0.38182945 -0.26941046  4.95638569  6.2600073  27.87720828]
 Average call time: 5.02 sec | Current time: 2018-12-06 14:12:59.248587
 --------------------------
iter: 117 | batch: 0 | nc: 1 | ncalls: 129 | bounds: 0 | eff(%): 18.601 | logz: -5.4e+05 +/- 1.2e-01 | dlogz: 526852.885 >  0.500
 loglike: -5.4e+05 | params: [-0.06671031 -0.42427659  4.08840338  3.33747541 26.00142843]
 Average call time: 4.59 sec | Current time: 2018-12-06 14:13:03.839398
 --------------------------
iter: 118 | batch: 0 | nc: 2 | ncalls: 131 | bounds: 0 | eff(%): 18.700 | logz: -5.4e+05 +/- 1.2e-01 | dlogz: 526761.084 >  0.500
 loglike: -5.4e+05 | params: [-0.44758534 -0.11215664  3.82360674  1.80499104 26.33508503]
 Average call time: 5.53 sec | Current time: 2018-12-06 14:13:14.891238
 --------------------------
iter: 119 | batch: 0 | nc: 3 | ncalls: 134 | bounds: 0 | eff(%): 18.770 | logz: -5.4e+05 +/- 1.2e-01 | dlogz: 526330.129 >  0.500
 loglike: -5.4e+05 | params: [-0.49370075 -0.52845105  4.40968844  7.39311962 23.3886168 ]
 Average call time: 5.16 sec | Current time: 2018-12-06 14:13:30.380959
 --------------------------
iter: 120 | batch: 0 | nc: 1 | ncalls: 135 | bounds: 0 | eff(%): 18.898 | logz: -5.4e+05 +/- 1.2e-01 | dlogz: 526153.890 >  0.500
 loglike: -5.4e+05 | params: [-1.33358708e-02 -8.85920483e-01  3.82140437e+00  2.94185965e+00
  2.45375583e+01]
 Average call time: 5.12 sec | Current time: 2018-12-06 14:13:35.498069
 --------------------------
iter: 121 | batch: 0 | nc: 1 | ncalls: 136 | bounds: 0 | eff(%): 19.025 | logz: -5.4e+05 +/- 1.2e-01 | dlogz: 526079.789 >  0.500
 loglike: -5.4e+05 | params: [-0.12877449 -0.19012166  4.81826314  5.13611771 27.46509852]
 Average call time: 5.24 sec | Current time: 2018-12-06 14:13:40.741849
 --------------------------
iter: 122 | batch: 0 | nc: 2 | ncalls: 138 | bounds: 0 | eff(%): 19.122 | logz: -5.4e+05 +/- 1.2e-01 | dlogz: 526001.179 >  0.500
 loglike: -5.4e+05 | params: [ 0.03746087 -0.51924965  4.49114635  4.11352481 27.89820904]
 Average call time: 5.16 sec | Current time: 2018-12-06 14:13:51.069605
 --------------------------
iter: 123 | batch: 0 | nc: 2 | ncalls: 140 | bounds: 0 | eff(%): 19.219 | logz: -5.4e+05 +/- 1.2e-01 | dlogz: 525904.513 >  0.500
 loglike: -5.4e+05 | params: [ 0.08671518 -0.20448985  4.4103226   4.39673939 25.54377142]
 Average call time: 5.18 sec | Current time: 2018-12-06 14:14:01.430873
 --------------------------
iter: 124 | batch: 0 | nc: 1 | ncalls: 141 | bounds: 0 | eff(%): 19.345 | logz: -5.4e+05 +/- 1.2e-01 | dlogz: 525811.755 >  0.500
 loglike: -5.4e+05 | params: [ 0.07323518 -0.14828203  4.35987475  4.42201532 25.26845015]
 Average call time: 5.31 sec | Current time: 2018-12-06 14:14:06.737819
 --------------------------
iter: 125 | batch: 0 | nc: 2 | ncalls: 143 | bounds: 0 | eff(%): 19.440 | logz: -5.4e+05 +/- 1.2e-01 | dlogz: 525646.168 >  0.500
 loglike: -5.4e+05 | params: [-0.38762471 -0.25393659  4.32402797  5.10643357 24.62985929]
 Average call time: 5.18 sec | Current time: 2018-12-06 14:14:17.092667
 --------------------------
iter: 126 | batch: 0 | nc: 1 | ncalls: 144 | bounds: 0 | eff(%): 19.565 | logz: -5.4e+05 +/- 1.2e-01 | dlogz: 525575.022 >  0.500
 loglike: -5.4e+05 | params: [ 0.20793528 -0.85922813  3.624369    1.00169357 26.48031087]
 Average call time: 5.16 sec | Current time: 2018-12-06 14:14:22.253186
 --------------------------
iter: 127 | batch: 0 | nc: 1 | ncalls: 145 | bounds: 0 | eff(%): 19.690 | logz: -5.4e+05 +/- 1.2e-01 | dlogz: 525404.879 >  0.500
 loglike: -5.4e+05 | params: [ 0.18409216 -0.20947587  4.96832586  7.67453392 26.75178481]
 Average call time: 5.25 sec | Current time: 2018-12-06 14:14:27.507369
 --------------------------
iter: 128 | batch: 0 | nc: 1 | ncalls: 146 | bounds: 0 | eff(%): 19.814 | logz: -5.4e+05 +/- 1.2e-01 | dlogz: 525134.422 >  0.500
 loglike: -5.4e+05 | params: [-0.47672385 -0.63676024  3.92288717  3.85697593 24.06650182]
 Average call time: 4.57 sec | Current time: 2018-12-06 14:14:32.081255
 --------------------------
iter: 129 | batch: 0 | nc: 1 | ncalls: 147 | bounds: 0 | eff(%): 19.938 | logz: -5.4e+05 +/- 1.2e-01 | dlogz: 524930.418 >  0.500
 loglike: -5.4e+05 | params: [-0.28006133 -0.46988317  4.46530208  6.9633916  24.13901981]
 Average call time: 5.12 sec | Current time: 2018-12-06 14:14:37.199407
 --------------------------
iter: 130 | batch: 0 | nc: 1 | ncalls: 148 | bounds: 0 | eff(%): 20.062 | logz: -5.4e+05 +/- 1.2e-01 | dlogz: 524731.262 >  0.500
 loglike: -5.4e+05 | params: [ 0.09335649 -0.78116647  3.98478335  3.68747727 24.44957396]
 Average call time: 5.24 sec | Current time: 2018-12-06 14:14:42.439204
 --------------------------
iter: 131 | batch: 0 | nc: 2 | ncalls: 150 | bounds: 0 | eff(%): 20.154 | logz: -5.4e+05 +/- 1.2e-01 | dlogz: 524728.627 >  0.500
 loglike: -5.4e+05 | params: [ 0.14779201 -0.59450278  3.78603035  1.07560166 27.8957183 ]
 Average call time: 5.36 sec | Current time: 2018-12-06 14:14:53.157769
 --------------------------
iter: 132 | batch: 0 | nc: 1 | ncalls: 151 | bounds: 0 | eff(%): 20.276 | logz: -5.4e+05 +/- 1.2e-01 | dlogz: 524669.683 >  0.500
 loglike: -5.4e+05 | params: [-0.16825081 -0.61933068  4.33039388  5.72450126 24.13000495]
 Average call time: 5.25 sec | Current time: 2018-12-06 14:14:58.405844
 --------------------------
iter: 133 | batch: 0 | nc: 1 | ncalls: 152 | bounds: 0 | eff(%): 20.399 | logz: -5.4e+05 +/- 1.2e-01 | dlogz: 524486.700 >  0.500
 loglike: -5.4e+05 | params: [-0.21957615 -0.583783    4.51033     6.11009031 25.28867429]
 Average call time: 5.31 sec | Current time: 2018-12-06 14:15:03.716779
 --------------------------
iter: 134 | batch: 0 | nc: 1 | ncalls: 153 | bounds: 0 | eff(%): 20.521 | logz: -5.4e+05 +/- 1.2e-01 | dlogz: 524276.444 >  0.500
 loglike: -5.4e+05 | params: [-0.24378608 -0.1887008   4.49083921  5.36130698 25.53271929]
 Average call time: 4.53 sec | Current time: 2018-12-06 14:15:08.250380
 --------------------------
iter: 135 | batch: 0 | nc: 2 | ncalls: 155 | bounds: 0 | eff(%): 20.611 | logz: -5.4e+05 +/- 1.1e-01 | dlogz: 524250.274 >  0.500
 loglike: -5.4e+05 | params: [-0.43797336 -0.86417144  4.65082676  6.98822903 26.70198555]
 Average call time: 5.28 sec | Current time: 2018-12-06 14:15:18.810850
 --------------------------
iter: 136 | batch: 0 | nc: 1 | ncalls: 156 | bounds: 0 | eff(%): 20.732 | logz: -5.4e+05 +/- 1.2e-01 | dlogz: 524248.290 >  0.500
 loglike: -5.4e+05 | params: [-0.15283076 -0.15281333  3.71209438  3.00611212 22.82789806]
 Average call time: 5.74 sec | Current time: 2018-12-06 14:15:24.550607
 --------------------------
iter: 137 | batch: 0 | nc: 1 | ncalls: 157 | bounds: 0 | eff(%): 20.852 | logz: -5.4e+05 +/- 1.2e-01 | dlogz: 524204.405 >  0.500
 loglike: -5.4e+05 | params: [-0.43104839 -0.94619777  4.45118467  5.07676603 27.21791891]
 Average call time: 5.74 sec | Current time: 2018-12-06 14:15:30.289276
 --------------------------
iter: 138 | batch: 0 | nc: 1 | ncalls: 158 | bounds: 0 | eff(%): 20.973 | logz: -5.4e+05 +/- 1.2e-01 | dlogz: 524004.338 >  0.500
 loglike: -5.4e+05 | params: [-0.12722034 -0.98284782  4.35994373  6.12136609 24.02493259]
 Average call time: 4.48 sec | Current time: 2018-12-06 14:15:34.771315
 --------------------------
iter: 139 | batch: 0 | nc: 2 | ncalls: 160 | bounds: 0 | eff(%): 21.061 | logz: -5.4e+05 +/- 1.2e-01 | dlogz: 523847.153 >  0.500
 loglike: -5.4e+05 | params: [-0.4644771  -0.15554307  3.66270318  1.04640653 25.50250278]
 Average call time: 4.81 sec | Current time: 2018-12-06 14:15:44.384116
 --------------------------
iter: 140 | batch: 0 | nc: 1 | ncalls: 161 | bounds: 0 | eff(%): 21.180 | logz: -5.4e+05 +/- 1.2e-01 | dlogz: 523810.441 >  0.500
 loglike: -5.4e+05 | params: [ 0.04995332 -0.93447943  4.26204513  6.89220783 22.18966319]
 Average call time: 5.27 sec | Current time: 2018-12-06 14:15:49.654560
 --------------------------
iter: 141 | batch: 0 | nc: 1 | ncalls: 162 | bounds: 0 | eff(%): 21.299 | logz: -5.4e+05 +/- 1.2e-01 | dlogz: 523801.319 >  0.500
 loglike: -5.4e+05 | params: [-0.49327642 -0.29152038  3.60112076  0.7055837  25.04897596]
 Average call time: 5.21 sec | Current time: 2018-12-06 14:15:54.863089
 --------------------------
iter: 142 | batch: 0 | nc: 1 | ncalls: 163 | bounds: 0 | eff(%): 21.418 | logz: -5.4e+05 +/- 1.2e-01 | dlogz: 523741.688 >  0.500
 loglike: -5.4e+05 | params: [-0.2837436  -0.33480156  4.29526452  7.69412214 22.22697882]
 Average call time: 5.23 sec | Current time: 2018-12-06 14:16:00.089026
 --------------------------
iter: 143 | batch: 0 | nc: 1 | ncalls: 164 | bounds: 0 | eff(%): 21.536 | logz: -5.3e+05 +/- 1.2e-01 | dlogz: 523734.392 >  0.500
 loglike: -5.3e+05 | params: [-0.32009445 -0.87247164  4.58240795  7.28960414 25.77327532]
 Average call time: 5.25 sec | Current time: 2018-12-06 14:16:05.339080
 --------------------------
iter: 144 | batch: 0 | nc: 1 | ncalls: 165 | bounds: 0 | eff(%): 21.654 | logz: -5.3e+05 +/- 1.2e-01 | dlogz: 523223.789 >  0.500
 loglike: -5.3e+05 | params: [-0.149323   -0.66129798  4.68133281  7.50697639 26.02767278]
 Average call time: 5.25 sec | Current time: 2018-12-06 14:16:10.590466
 --------------------------
iter: 145 | batch: 0 | nc: 1 | ncalls: 166 | bounds: 0 | eff(%): 21.772 | logz: -5.3e+05 +/- 1.2e-01 | dlogz: 522902.921 >  0.500
 loglike: -5.3e+05 | params: [-0.03291756 -0.50631735  4.3621508   5.7255662  24.66345389]
 Average call time: 4.60 sec | Current time: 2018-12-06 14:16:15.187750
 --------------------------
iter: 146 | batch: 0 | nc: 1 | ncalls: 167 | bounds: 0 | eff(%): 21.889 | logz: -5.3e+05 +/- 1.2e-01 | dlogz: 522746.754 >  0.500
 loglike: -5.3e+05 | params: [-0.19289625 -0.72097456  4.27697227  5.06500201 25.52095565]
 Average call time: 5.30 sec | Current time: 2018-12-06 14:16:20.491112
 --------------------------
iter: 147 | batch: 0 | nc: 1 | ncalls: 168 | bounds: 0 | eff(%): 22.006 | logz: -5.3e+05 +/- 1.2e-01 | dlogz: 522637.886 >  0.500
 loglike: -5.3e+05 | params: [-0.06112117 -0.95564935  4.77663435  7.17249179 27.28843886]
 Average call time: 5.11 sec | Current time: 2018-12-06 14:16:25.598713
 --------------------------
iter: 148 | batch: 0 | nc: 1 | ncalls: 169 | bounds: 0 | eff(%): 22.123 | logz: -5.3e+05 +/- 1.2e-01 | dlogz: 522540.145 >  0.500
 loglike: -5.3e+05 | params: [-0.34868323 -0.30170362  4.80878164  7.13070997 27.96140418]
 Average call time: 5.73 sec | Current time: 2018-12-06 14:16:31.326147
 --------------------------
iter: 149 | batch: 0 | nc: 1 | ncalls: 170 | bounds: 0 | eff(%): 22.239 | logz: -5.3e+05 +/- 1.2e-01 | dlogz: 522328.040 >  0.500
 loglike: -5.3e+05 | params: [-0.45673045 -0.54955993  4.09174387  6.67399877 22.40083753]
 Average call time: 5.27 sec | Current time: 2018-12-06 14:16:36.594648
 --------------------------
iter: 150 | batch: 0 | nc: 1 | ncalls: 171 | bounds: 0 | eff(%): 22.355 | logz: -5.3e+05 +/- 1.2e-01 | dlogz: 522296.145 >  0.500
 loglike: -5.3e+05 | params: [-0.20748413 -0.73287795  4.20866568  7.20712356 22.60952713]
 Average call time: 5.86 sec | Current time: 2018-12-06 14:16:42.458981
 --------------------------
iter: 151 | batch: 0 | nc: 1 | ncalls: 172 | bounds: 0 | eff(%): 22.470 | logz: -5.3e+05 +/- 1.2e-01 | dlogz: 522181.716 >  0.500
 loglike: -5.3e+05 | params: [-0.48302564 -0.78717811  3.90498682  5.41842347 22.23037821]
 Average call time: 5.76 sec | Current time: 2018-12-06 14:16:48.218644
 --------------------------
iter: 152 | batch: 0 | nc: 1 | ncalls: 173 | bounds: 0 | eff(%): 22.585 | logz: -5.3e+05 +/- 1.2e-01 | dlogz: 521776.108 >  0.500
 loglike: -5.3e+05 | params: [ 0.0342997  -0.966108    4.31206834  5.71745895 24.96052974]
 Average call time: 5.40 sec | Current time: 2018-12-06 14:16:53.615415
 --------------------------
iter: 153 | batch: 0 | nc: 1 | ncalls: 174 | bounds: 0 | eff(%): 22.700 | logz: -5.3e+05 +/- 1.2e-01 | dlogz: 521595.843 >  0.500
 loglike: -5.3e+05 | params: [-0.30750093 -0.30029674  4.60627558  7.87116937 25.84547687]
 Average call time: 5.71 sec | Current time: 2018-12-06 14:16:59.320949
 --------------------------
iter: 154 | batch: 0 | nc: 1 | ncalls: 175 | bounds: 0 | eff(%): 22.815 | logz: -5.3e+05 +/- 1.2e-01 | dlogz: 521415.392 >  0.500
 loglike: -5.3e+05 | params: [-0.075094   -0.17258276  4.89973498  7.72527335 27.6982156 ]
 Average call time: 5.32 sec | Current time: 2018-12-06 14:17:04.638921
 --------------------------
iter: 155 | batch: 0 | nc: 1 | ncalls: 176 | bounds: 0 | eff(%): 22.929 | logz: -5.3e+05 +/- 1.2e-01 | dlogz: 521131.409 >  0.500
 loglike: -5.3e+05 | params: [-5.84488351e-03 -8.16733651e-01  4.18964523e+00  4.93770269e+00
  2.53339203e+01]
 Average call time: 5.69 sec | Current time: 2018-12-06 14:17:10.324228
 --------------------------
iter: 156 | batch: 0 | nc: 1 | ncalls: 177 | bounds: 0 | eff(%): 23.043 | logz: -5.3e+05 +/- 1.2e-01 | dlogz: 521080.933 >  0.500
 loglike: -5.3e+05 | params: [-0.35804111 -0.65245319  4.26445225  6.92087785 24.06092336]
 Average call time: 5.06 sec | Current time: 2018-12-06 14:17:15.385226
 --------------------------
iter: 157 | batch: 0 | nc: 1 | ncalls: 178 | bounds: 0 | eff(%): 23.156 | logz: -5.3e+05 +/- 1.2e-01 | dlogz: 520373.144 >  0.500
 loglike: -5.3e+05 | params: [ 0.04499385 -0.09991216  4.1166552   4.83332277 23.74675147]
 Average call time: 5.44 sec | Current time: 2018-12-06 14:17:20.827870
 --------------------------
iter: 158 | batch: 0 | nc: 1 | ncalls: 179 | bounds: 0 | eff(%): 23.270 | logz: -5.3e+05 +/- 1.2e-01 | dlogz: 520134.152 >  0.500
 loglike: -5.3e+05 | params: [ 0.14947187 -0.28794288  3.65508414  3.13988012 23.0758248 ]
 Average call time: 5.20 sec | Current time: 2018-12-06 14:17:26.026059
 --------------------------
iter: 159 | batch: 0 | nc: 2 | ncalls: 181 | bounds: 0 | eff(%): 23.348 | logz: -5.3e+05 +/- 1.2e-01 | dlogz: 520071.816 >  0.500
 loglike: -5.3e+05 | params: [ 0.16737773 -0.54907791  3.78883868  3.18329221 25.73574256]
 Average call time: 5.61 sec | Current time: 2018-12-06 14:17:37.244276
 --------------------------
iter: 160 | batch: 0 | nc: 1 | ncalls: 182 | bounds: 0 | eff(%): 23.460 | logz: -5.3e+05 +/- 1.2e-01 | dlogz: 519790.590 >  0.500
 loglike: -5.3e+05 | params: [-1.41821708e-02 -2.28092791e-01  4.38327940e+00  6.66089819e+00
  2.45699521e+01]
 Average call time: 4.70 sec | Current time: 2018-12-06 14:17:41.947055
 --------------------------
iter: 161 | batch: 0 | nc: 1 | ncalls: 183 | bounds: 0 | eff(%): 23.572 | logz: -5.3e+05 +/- 1.2e-01 | dlogz: 519549.102 >  0.500
 loglike: -5.3e+05 | params: [-0.4929923  -0.33875291  4.10455111  7.42027891 22.65649731]
 Average call time: 5.10 sec | Current time: 2018-12-06 14:17:47.048288
 --------------------------
iter: 162 | batch: 0 | nc: 1 | ncalls: 184 | bounds: 0 | eff(%): 23.684 | logz: -5.3e+05 +/- 1.2e-01 | dlogz: 519404.748 >  0.500
 loglike: -5.3e+05 | params: [-0.35871253 -0.07513105  3.82527663  0.56442615 27.30178716]
 Average call time: 5.71 sec | Current time: 2018-12-06 14:17:52.760893
 --------------------------
iter: 163 | batch: 0 | nc: 1 | ncalls: 185 | bounds: 0 | eff(%): 23.796 | logz: -5.3e+05 +/- 1.2e-01 | dlogz: 519275.960 >  0.500
 loglike: -5.3e+05 | params: [-0.27730454 -0.62805569  4.31079744  7.21900233 24.56382271]
 Average call time: 5.16 sec | Current time: 2018-12-06 14:17:57.922319
 --------------------------
iter: 164 | batch: 0 | nc: 1 | ncalls: 186 | bounds: 0 | eff(%): 23.907 | logz: -5.3e+05 +/- 1.2e-01 | dlogz: 519221.148 >  0.500
 loglike: -5.3e+05 | params: [ 0.04695783 -0.57503161  3.90250494  4.74525928 22.82242633]
 Average call time: 5.21 sec | Current time: 2018-12-06 14:18:03.129205
 --------------------------
iter: 165 | batch: 0 | nc: 1 | ncalls: 187 | bounds: 0 | eff(%): 24.017 | logz: -5.3e+05 +/- 1.2e-01 | dlogz: 518776.544 >  0.500
 loglike: -5.3e+05 | params: [-0.32531751 -0.17159106  4.56576772  6.53302361 27.76779994]
 Average call time: 5.80 sec | Current time: 2018-12-06 14:18:08.932502
 --------------------------
iter: 166 | batch: 0 | nc: 1 | ncalls: 188 | bounds: 0 | eff(%): 24.128 | logz: -5.3e+05 +/- 1.2e-01 | dlogz: 518167.758 >  0.500
 loglike: -5.3e+05 | params: [-0.02404002 -0.80197014  4.0812626   5.88092082 23.63693266]
 Average call time: 4.58 sec | Current time: 2018-12-06 14:18:13.512840
 --------------------------
iter: 167 | batch: 0 | nc: 2 | ncalls: 190 | bounds: 0 | eff(%): 24.203 | logz: -5.3e+05 +/- 1.2e-01 | dlogz: 518145.146 >  0.500
 loglike: -5.3e+05 | params: [ 0.23354902 -0.52728881  3.26457758  1.25880683 22.59846651]
 Average call time: 5.03 sec | Current time: 2018-12-06 14:18:23.576975
 --------------------------
iter: 168 | batch: 0 | nc: 1 | ncalls: 191 | bounds: 0 | eff(%): 24.313 | logz: -5.3e+05 +/- 1.2e-01 | dlogz: 517705.341 >  0.500
 loglike: -5.3e+05 | params: [-0.06075564 -0.13036201  4.32890784  6.25064808 25.29059865]
 Average call time: 5.72 sec | Current time: 2018-12-06 14:18:29.298407
 --------------------------
iter: 169 | batch: 0 | nc: 1 | ncalls: 192 | bounds: 0 | eff(%): 24.422 | logz: -5.3e+05 +/- 1.2e-01 | dlogz: 517611.408 >  0.500
 loglike: -5.3e+05 | params: [-0.30795116 -0.79849379  4.38959675  7.05823967 26.33800883]
 Average call time: 5.73 sec | Current time: 2018-12-06 14:18:35.023735
 --------------------------
iter: 170 | batch: 0 | nc: 1 | ncalls: 193 | bounds: 0 | eff(%): 24.531 | logz: -5.3e+05 +/- 1.2e-01 | dlogz: 517576.923 >  0.500
 loglike: -5.3e+05 | params: [-0.16536829 -0.14470097  4.64472249  7.02486186 27.79257535]
 Average call time: 4.67 sec | Current time: 2018-12-06 14:18:39.692827
 --------------------------
iter: 171 | batch: 0 | nc: 4 | ncalls: 197 | bounds: 0 | eff(%): 24.534 | logz: -5.3e+05 +/- 1.2e-01 | dlogz: 517459.265 >  0.500
 loglike: -5.3e+05 | params: [-0.06022825 -0.5175677   4.44297896  6.39408186 26.93650053]
 Average call time: 5.45 sec | Current time: 2018-12-06 14:19:01.506411
 --------------------------
iter: 172 | batch: 0 | nc: 1 | ncalls: 198 | bounds: 0 | eff(%): 24.642 | logz: -5.3e+05 +/- 1.2e-01 | dlogz: 517322.705 >  0.500
 loglike: -5.3e+05 | params: [-0.06629435 -0.91619108  3.37673043  1.49808881 24.52520337]
 Average call time: 5.19 sec | Current time: 2018-12-06 14:19:06.695360
 --------------------------
iter: 173 | batch: 0 | nc: 1 | ncalls: 199 | bounds: 0 | eff(%): 24.750 | logz: -5.3e+05 +/- 1.2e-01 | dlogz: 517225.740 >  0.500
 loglike: -5.3e+05 | params: [ 0.13673926 -0.08865605  4.59960447  6.95110617 27.02657314]
 Average call time: 5.17 sec | Current time: 2018-12-06 14:19:11.865187
 --------------------------
iter: 174 | batch: 0 | nc: 1 | ncalls: 200 | bounds: 0 | eff(%): 24.857 | logz: -5.3e+05 +/- 1.2e-01 | dlogz: 517132.814 >  0.500
 loglike: -5.3e+05 | params: [ 0.23058012 -0.47431784  4.43244518  6.56876062 27.03134096]
 Average call time: 5.18 sec | Current time: 2018-12-06 14:19:17.044101
 --------------------------
iter: 175 | batch: 0 | nc: 1 | ncalls: 201 | bounds: 0 | eff(%): 24.964 | logz: -5.3e+05 +/- 1.2e-01 | dlogz: 516553.408 >  0.500
 loglike: -5.3e+05 | params: [-0.32088501 -0.16975427  3.97905671  4.73318411 24.95720712]
 Average call time: 5.83 sec | Current time: 2018-12-06 14:19:22.872370
 --------------------------
iter: 176 | batch: 0 | nc: 2 | ncalls: 203 | bounds: 0 | eff(%): 25.036 | logz: -5.3e+05 +/- 1.2e-01 | dlogz: 516390.862 >  0.500
 loglike: -5.3e+05 | params: [ 0.02938001 -0.62143574  4.26579962  5.14416038 27.58800327]
 Average call time: 4.70 sec | Current time: 2018-12-06 14:19:32.266415
 --------------------------
iter: 177 | batch: 0 | nc: 1 | ncalls: 204 | bounds: 0 | eff(%): 25.142 | logz: -5.3e+05 +/- 1.2e-01 | dlogz: 516361.419 >  0.500
 loglike: -5.3e+05 | params: [ 1.59874224e-01 -2.99164995e-03  4.13487509e+00  5.82903530e+00
  2.37232791e+01]
 Average call time: 5.15 sec | Current time: 2018-12-06 14:19:37.414911
 --------------------------
iter: 178 | batch: 0 | nc: 1 | ncalls: 205 | bounds: 0 | eff(%): 25.248 | logz: -5.3e+05 +/- 1.2e-01 | dlogz: 515812.327 >  0.500
 loglike: -5.3e+05 | params: [ 0.07533747 -0.29188464  4.18746873  4.50631054 27.79501919]
 Average call time: 5.81 sec | Current time: 2018-12-06 14:19:43.224390
 --------------------------
iter: 179 | batch: 0 | nc: 1 | ncalls: 206 | bounds: 0 | eff(%): 25.354 | logz: -5.3e+05 +/- 1.2e-01 | dlogz: 515764.857 >  0.500
 loglike: -5.3e+05 | params: [-6.98335687e-03 -3.69613880e-01  4.32886885e+00  7.02189295e+00
  2.56405076e+01]
 Average call time: 5.09 sec | Current time: 2018-12-06 14:19:48.317767
 --------------------------
iter: 180 | batch: 0 | nc: 2 | ncalls: 208 | bounds: 0 | eff(%): 25.424 | logz: -5.3e+05 +/- 1.2e-01 | dlogz: 515372.383 >  0.500
 loglike: -5.3e+05 | params: [-0.44970202 -0.05633741  4.17203196  6.94369427 24.36391937]
 Average call time: 5.09 sec | Current time: 2018-12-06 14:19:58.499864
 --------------------------
