Using pcmdpy version 0.7.2
Loading Setup File: setup_files/mocks_paper1/mock_8.py
Running Nested Sampling
-initializing models
-Saving initial results dataframe
Dynamic Sampler Initialized
iter: 1 | batch: 0 | nc: 1 | ncalls: 1 | bounds: 0 | eff(%):  0.200 | logz: -1.6e+05 +/- 1.2e-01 | dlogz:    inf >  0.500
 loglike: -1.6e+05 | params: [-0.04504055 -0.29212572 -2.13791047 -0.84208018 -0.52155077  0.98316074
  1.03708354 29.76755694]
 Average call time: 1854.18 sec | Current time: 2018-12-07 13:31:53.642975
 --------------------------
iter: 2 | batch: 0 | nc: 1 | ncalls: 2 | bounds: 0 | eff(%):  0.398 | logz: -1.6e+05 +/- 1.2e-01 | dlogz: 154712.639 >  0.500
 loglike: -1.6e+05 | params: [ 0.1067525  -0.38559718 -1.15847112 -0.17645284 -0.1550821   0.36337017
  0.98662477 29.63364535]
 Average call time: 3.50 sec | Current time: 2018-12-07 13:31:57.138356
 --------------------------
iter: 3 | batch: 0 | nc: 1 | ncalls: 3 | bounds: 0 | eff(%):  0.596 | logz: -1.6e+05 +/- 1.2e-01 | dlogz: 153893.991 >  0.500
 loglike: -1.6e+05 | params: [ 1.13283930e-01 -1.88270931e-02 -2.06171107e+00 -1.57248140e+00
  4.87783977e-01  4.18401495e-01  1.69553876e+00  2.99133474e+01]
 Average call time: 3.62 sec | Current time: 2018-12-07 13:32:00.754657
 --------------------------
iter: 4 | batch: 0 | nc: 1 | ncalls: 4 | bounds: 0 | eff(%):  0.794 | logz: -1.6e+05 +/- 1.2e-01 | dlogz: 152373.079 >  0.500
 loglike: -1.6e+05 | params: [ 2.01356473e-01 -7.86075303e-03 -1.66604724e+00 -9.99479551e-02
 -3.85426137e-01  6.63629719e-01  1.40362204e+00  2.95753583e+01]
 Average call time: 4.18 sec | Current time: 2018-12-07 13:32:04.936900
 --------------------------
iter: 5 | batch: 0 | nc: 1 | ncalls: 5 | bounds: 0 | eff(%):  0.990 | logz: -1.6e+05 +/- 1.2e-01 | dlogz: 152028.738 >  0.500
 loglike: -1.6e+05 | params: [ 2.38132723e-01 -3.89459853e-01 -1.46291550e+00 -4.24856879e-01
 -1.90757762e-02  4.80053260e-01  2.89748702e+00  2.54796832e+01]
 Average call time: 3.61 sec | Current time: 2018-12-07 13:32:08.542208
 --------------------------
iter: 6 | batch: 0 | nc: 1 | ncalls: 6 | bounds: 0 | eff(%):  1.186 | logz: -1.6e+05 +/- 1.2e-01 | dlogz: 151178.088 >  0.500
 loglike: -1.6e+05 | params: [-0.37305163 -0.93682811 -2.70186404 -1.24892549 -0.89831675  0.91857309
  1.01968022 29.63282725]
 Average call time: 4.24 sec | Current time: 2018-12-07 13:32:12.785204
 --------------------------
iter: 7 | batch: 0 | nc: 1 | ncalls: 7 | bounds: 0 | eff(%):  1.381 | logz: -1.6e+05 +/- 1.2e-01 | dlogz: 151158.246 >  0.500
 loglike: -1.6e+05 | params: [-0.29706183 -0.47769672 -2.56965517 -0.30651385  0.64435079  1.2427019
  2.92449744 25.89369885]
 Average call time: 4.25 sec | Current time: 2018-12-07 13:32:17.034797
 --------------------------
iter: 8 | batch: 0 | nc: 1 | ncalls: 8 | bounds: 0 | eff(%):  1.575 | logz: -1.6e+05 +/- 1.2e-01 | dlogz: 151070.180 >  0.500
 loglike: -1.6e+05 | params: [-0.09838859 -0.555202   -2.72208987 -0.52181052  0.80586265  2.04377602
  2.7955919  25.92339916]
 Average call time: 3.61 sec | Current time: 2018-12-07 13:32:20.641456
 --------------------------
iter: 9 | batch: 0 | nc: 1 | ncalls: 9 | bounds: 0 | eff(%):  1.768 | logz: -1.6e+05 +/- 1.2e-01 | dlogz: 150951.462 >  0.500
 loglike: -1.6e+05 | params: [-0.41444036 -0.29464891 -2.04685409 -0.88793443 -0.49664606  1.24520516
  1.00266432 29.88420035]
 Average call time: 3.61 sec | Current time: 2018-12-07 13:32:24.246771
 --------------------------
iter: 10 | batch: 0 | nc: 1 | ncalls: 10 | bounds: 0 | eff(%):  1.961 | logz: -1.6e+05 +/- 1.2e-01 | dlogz: 150868.555 >  0.500
 loglike: -1.6e+05 | params: [-0.3475886  -0.33297394 -1.61674369 -1.62983663 -0.03805419  0.52449129
  1.11771464 29.34927856]
 Average call time: 3.67 sec | Current time: 2018-12-07 13:32:27.918030
 --------------------------
iter: 11 | batch: 0 | nc: 1 | ncalls: 11 | bounds: 0 | eff(%):  2.153 | logz: -1.6e+05 +/- 1.2e-01 | dlogz: 150803.027 >  0.500
 loglike: -1.6e+05 | params: [ 0.07006092 -0.16739625 -1.646425   -0.64608208  0.0522136   0.15890157
  2.913738   25.35387112]
 Average call time: 4.25 sec | Current time: 2018-12-07 13:32:32.169853
 --------------------------
iter: 12 | batch: 0 | nc: 1 | ncalls: 12 | bounds: 0 | eff(%):  2.344 | logz: -1.6e+05 +/- 1.2e-01 | dlogz: 150716.812 >  0.500
 loglike: -1.6e+05 | params: [ 0.24578653 -0.43294452 -1.04318901 -1.55144482 -0.78590404  0.76980765
  2.84499139 25.51849152]
 Average call time: 4.24 sec | Current time: 2018-12-07 13:32:36.406928
 --------------------------
iter: 13 | batch: 0 | nc: 1 | ncalls: 13 | bounds: 0 | eff(%):  2.534 | logz: -1.6e+05 +/- 1.2e-01 | dlogz: 150413.533 >  0.500
 loglike: -1.6e+05 | params: [ 0.17740981 -0.25408499 -2.06939416 -1.71509999  0.19876379  1.66086861
  2.78876945 25.54708109]
 Average call time: 3.76 sec | Current time: 2018-12-07 13:32:40.166882
 --------------------------
iter: 14 | batch: 0 | nc: 1 | ncalls: 14 | bounds: 0 | eff(%):  2.724 | logz: -1.6e+05 +/- 1.2e-01 | dlogz: 150403.192 >  0.500
 loglike: -1.6e+05 | params: [-0.30627763 -0.08419218 -1.70159585 -0.61785836 -0.47818586  0.78585462
  1.60013739 29.89409103]
 Average call time: 3.58 sec | Current time: 2018-12-07 13:32:43.750549
 --------------------------
iter: 15 | batch: 0 | nc: 1 | ncalls: 15 | bounds: 0 | eff(%):  2.913 | logz: -1.6e+05 +/- 1.2e-01 | dlogz: 150381.750 >  0.500
 loglike: -1.6e+05 | params: [-0.08041423 -0.90598808 -1.18542118 -0.71194864 -0.74345364  1.40166954
  2.80178017 25.99059172]
 Average call time: 4.25 sec | Current time: 2018-12-07 13:32:48.004073
 --------------------------
iter: 16 | batch: 0 | nc: 1 | ncalls: 16 | bounds: 0 | eff(%):  3.101 | logz: -1.6e+05 +/- 1.2e-01 | dlogz: 150319.309 >  0.500
 loglike: -1.6e+05 | params: [-0.48129778 -0.1162723  -1.61213954 -0.68341399  0.16341759  0.62825075
  2.89193393 25.06572795]
 Average call time: 3.60 sec | Current time: 2018-12-07 13:32:51.607693
 --------------------------
iter: 17 | batch: 0 | nc: 1 | ncalls: 17 | bounds: 0 | eff(%):  3.288 | logz: -1.6e+05 +/- 1.2e-01 | dlogz: 150278.828 >  0.500
 loglike: -1.6e+05 | params: [ 0.22682936 -0.25069868 -0.90083943 -1.55696404  0.54496313  1.57135422
  2.85842592 25.5733354 ]
 Average call time: 3.57 sec | Current time: 2018-12-07 13:32:55.179227
 --------------------------
iter: 18 | batch: 0 | nc: 1 | ncalls: 18 | bounds: 0 | eff(%):  3.475 | logz: -1.6e+05 +/- 1.2e-01 | dlogz: 150158.482 >  0.500
 loglike: -1.6e+05 | params: [-0.4531838  -0.74064289 -1.70195304 -0.74799976  0.74118522  0.21943649
  2.84867958 26.70049082]
 Average call time: 4.21 sec | Current time: 2018-12-07 13:32:59.384387
 --------------------------
iter: 19 | batch: 0 | nc: 1 | ncalls: 19 | bounds: 0 | eff(%):  3.661 | logz: -1.6e+05 +/- 1.2e-01 | dlogz: 150059.844 >  0.500
 loglike: -1.6e+05 | params: [-0.39689586 -0.30425099 -1.62530901 -1.05819369  0.39243316  1.77905886
  2.77484128 25.53613961]
 Average call time: 4.01 sec | Current time: 2018-12-07 13:33:03.397474
 --------------------------
iter: 20 | batch: 0 | nc: 1 | ncalls: 20 | bounds: 0 | eff(%):  3.846 | logz: -1.6e+05 +/- 1.2e-01 | dlogz: 149834.849 >  0.500
 loglike: -1.6e+05 | params: [-0.14432249 -0.94891674 -2.21488734 -0.68427485  0.067963    0.8413866
  2.654757   25.16339145]
 Average call time: 4.06 sec | Current time: 2018-12-07 13:33:07.458538
 --------------------------
iter: 21 | batch: 0 | nc: 1 | ncalls: 21 | bounds: 0 | eff(%):  4.031 | logz: -1.6e+05 +/- 1.2e-01 | dlogz: 149488.278 >  0.500
 loglike: -1.6e+05 | params: [ 0.13672771 -0.47672888 -1.14301441 -0.69808837  0.77128169  0.39564322
  1.0458426  29.67445319]
 Average call time: 4.07 sec | Current time: 2018-12-07 13:33:11.528530
 --------------------------
iter: 22 | batch: 0 | nc: 2 | ncalls: 23 | bounds: 0 | eff(%):  4.207 | logz: -1.6e+05 +/- 1.2e-01 | dlogz: 149298.372 >  0.500
 loglike: -1.6e+05 | params: [-0.37240827 -0.28161822 -1.02671695 -1.47516769  0.82438123  1.6170243
  2.76888919 25.18851421]
 Average call time: 3.90 sec | Current time: 2018-12-07 13:33:19.332085
 --------------------------
iter: 23 | batch: 0 | nc: 1 | ncalls: 24 | bounds: 0 | eff(%):  4.389 | logz: -1.6e+05 +/- 1.2e-01 | dlogz: 149273.247 >  0.500
 loglike: -1.6e+05 | params: [-0.33857773 -0.98159901 -1.04034076 -1.5113771  -0.61959284  2.09353235
  2.59128625 26.22527803]
 Average call time: 3.57 sec | Current time: 2018-12-07 13:33:22.904221
 --------------------------
iter: 24 | batch: 0 | nc: 1 | ncalls: 25 | bounds: 0 | eff(%):  4.571 | logz: -1.6e+05 +/- 1.2e-01 | dlogz: 149216.496 >  0.500
 loglike: -1.6e+05 | params: [-0.45408166 -0.97683925 -1.75153335 -1.20060515 -0.23311887  2.05581157
  2.53108691 26.42062758]
 Average call time: 4.25 sec | Current time: 2018-12-07 13:33:27.158503
 --------------------------
iter: 25 | batch: 0 | nc: 1 | ncalls: 26 | bounds: 0 | eff(%):  4.753 | logz: -1.6e+05 +/- 1.2e-01 | dlogz: 149069.452 >  0.500
 loglike: -1.6e+05 | params: [-0.21904595 -0.93692723 -1.90839417 -0.29434535  0.41233138  0.49732935
  2.66127582 25.14360977]
 Average call time: 4.24 sec | Current time: 2018-12-07 13:33:31.399223
 --------------------------
iter: 26 | batch: 0 | nc: 1 | ncalls: 27 | bounds: 0 | eff(%):  4.934 | logz: -1.6e+05 +/- 1.2e-01 | dlogz: 148891.176 >  0.500
 loglike: -1.6e+05 | params: [-0.20707941 -0.18431644 -0.81902391  0.10744096 -0.92577137  0.34550009
  2.89645285 25.72209181]
 Average call time: 4.26 sec | Current time: 2018-12-07 13:33:35.661498
 --------------------------
iter: 27 | batch: 0 | nc: 1 | ncalls: 28 | bounds: 0 | eff(%):  5.114 | logz: -1.5e+05 +/- 1.2e-01 | dlogz: 148679.437 >  0.500
 loglike: -1.5e+05 | params: [-0.40435782 -0.88713528 -1.30548332 -1.25503714  0.67940985  0.76562092
  2.68361973 26.18264757]
 Average call time: 3.57 sec | Current time: 2018-12-07 13:33:39.228197
 --------------------------
iter: 28 | batch: 0 | nc: 1 | ncalls: 29 | bounds: 0 | eff(%):  5.293 | logz: -1.5e+05 +/- 1.2e-01 | dlogz: 148504.370 >  0.500
 loglike: -1.5e+05 | params: [-0.12006599 -0.70879984 -1.42304122 -1.68305524 -0.47609674  0.29438762
  1.3039878  29.14685066]
 Average call time: 4.37 sec | Current time: 2018-12-07 13:33:43.600446
 --------------------------
iter: 29 | batch: 0 | nc: 2 | ncalls: 31 | bounds: 0 | eff(%):  5.461 | logz: -1.5e+05 +/- 1.2e-01 | dlogz: 147970.297 >  0.500
 loglike: -1.5e+05 | params: [ 0.0929909  -0.49060955 -1.4315993  -0.65437513 -0.95123971  1.24431536
  2.57473006 25.02094926]
 Average call time: 3.86 sec | Current time: 2018-12-07 13:33:51.328616
 --------------------------
iter: 30 | batch: 0 | nc: 1 | ncalls: 32 | bounds: 0 | eff(%):  5.639 | logz: -1.5e+05 +/- 1.2e-01 | dlogz: 147852.433 >  0.500
 loglike: -1.5e+05 | params: [ 0.24837245 -0.59888561 -0.99964069 -0.59551004  0.78275138  1.87936755
  2.49410546 25.15904032]
 Average call time: 3.65 sec | Current time: 2018-12-07 13:33:54.979953
 --------------------------
iter: 31 | batch: 0 | nc: 1 | ncalls: 33 | bounds: 0 | eff(%):  5.816 | logz: -1.5e+05 +/- 1.2e-01 | dlogz: 147799.770 >  0.500
 loglike: -1.5e+05 | params: [-0.28789073 -0.75820128 -1.02360839 -0.99959843  0.65234116  2.00835038
  2.68105209 26.86022686]
 Average call time: 3.55 sec | Current time: 2018-12-07 13:33:58.525953
 --------------------------
iter: 32 | batch: 0 | nc: 1 | ncalls: 34 | bounds: 0 | eff(%):  5.993 | logz: -1.5e+05 +/- 1.2e-01 | dlogz: 147522.131 >  0.500
 loglike: -1.5e+05 | params: [ 0.03844577 -0.94207897 -1.76710327  0.2293332  -0.84821246  1.36655369
  2.6390104  25.71111946]
 Average call time: 3.52 sec | Current time: 2018-12-07 13:34:02.041770
 --------------------------
iter: 33 | batch: 0 | nc: 1 | ncalls: 35 | bounds: 0 | eff(%):  6.168 | logz: -1.5e+05 +/- 1.2e-01 | dlogz: 147489.472 >  0.500
 loglike: -1.5e+05 | params: [-0.20451008 -0.54336688 -1.42876306 -0.78202422  0.43662629  1.80064733
  2.56710878 25.9898928 ]
 Average call time: 3.49 sec | Current time: 2018-12-07 13:34:05.535470
 --------------------------
iter: 34 | batch: 0 | nc: 1 | ncalls: 36 | bounds: 0 | eff(%):  6.343 | logz: -1.5e+05 +/- 1.2e-01 | dlogz: 147453.543 >  0.500
 loglike: -1.5e+05 | params: [ 0.16891501 -0.18964677 -0.83810981  0.18164092  0.05860061  0.7315997
  2.77237574 25.25325228]
 Average call time: 3.90 sec | Current time: 2018-12-07 13:34:09.432182
 --------------------------
iter: 35 | batch: 0 | nc: 1 | ncalls: 37 | bounds: 0 | eff(%):  6.518 | logz: -1.5e+05 +/- 1.2e-01 | dlogz: 147287.981 >  0.500
 loglike: -1.5e+05 | params: [-0.03789556 -0.78070883 -1.0212649  -0.43805738 -0.17772451  0.5769737
  2.60317791 25.49258162]
 Average call time: 3.93 sec | Current time: 2018-12-07 13:34:13.365520
 --------------------------
iter: 36 | batch: 0 | nc: 1 | ncalls: 38 | bounds: 0 | eff(%):  6.691 | logz: -1.5e+05 +/- 1.2e-01 | dlogz: 146959.198 >  0.500
 loglike: -1.5e+05 | params: [-0.49408725 -0.374373   -1.61269906 -1.26335886  0.24766178  2.06520628
  2.30394377 25.65120422]
 Average call time: 3.31 sec | Current time: 2018-12-07 13:34:16.675411
 --------------------------
iter: 37 | batch: 0 | nc: 1 | ncalls: 39 | bounds: 0 | eff(%):  6.865 | logz: -1.5e+05 +/- 1.2e-01 | dlogz: 146654.646 >  0.500
 loglike: -1.5e+05 | params: [-0.34622985 -0.76526943 -1.57236468 -0.47685212  0.84157169  0.46122639
  2.53548911 25.77632003]
 Average call time: 3.32 sec | Current time: 2018-12-07 13:34:19.996074
 --------------------------
iter: 38 | batch: 0 | nc: 1 | ncalls: 40 | bounds: 0 | eff(%):  7.037 | logz: -1.5e+05 +/- 1.2e-01 | dlogz: 146445.619 >  0.500
 loglike: -1.5e+05 | params: [ 0.03848804 -0.48998867 -2.39389586 -1.0781505   0.37843307  1.46353088
  2.85304552 29.20517843]
 Average call time: 3.33 sec | Current time: 2018-12-07 13:34:23.329700
 --------------------------
iter: 39 | batch: 0 | nc: 1 | ncalls: 41 | bounds: 0 | eff(%):  7.209 | logz: -1.5e+05 +/- 1.2e-01 | dlogz: 146420.704 >  0.500
 loglike: -1.5e+05 | params: [-0.02949723 -0.73830827 -1.60122631 -0.62398323 -0.72304907  1.4227533
  2.82194806 26.78383842]
 Average call time: 3.35 sec | Current time: 2018-12-07 13:34:26.682466
 --------------------------
iter: 40 | batch: 0 | nc: 1 | ncalls: 42 | bounds: 0 | eff(%):  7.380 | logz: -1.5e+05 +/- 1.2e-01 | dlogz: 146246.836 >  0.500
 loglike: -1.5e+05 | params: [-0.39844482 -0.99545353 -1.69127988 -1.7006016  -0.05270133  0.19997719
  1.24349301 29.21505224]
 Average call time: 3.94 sec | Current time: 2018-12-07 13:34:30.622920
 --------------------------
iter: 41 | batch: 0 | nc: 1 | ncalls: 43 | bounds: 0 | eff(%):  7.551 | logz: -1.5e+05 +/- 1.2e-01 | dlogz: 146100.288 >  0.500
 loglike: -1.5e+05 | params: [-0.21275671 -0.34191027 -1.00388382 -0.58844203 -0.26764948  0.62534892
  2.66607315 25.8663915 ]
 Average call time: 3.91 sec | Current time: 2018-12-07 13:34:34.536035
 --------------------------
iter: 42 | batch: 0 | nc: 1 | ncalls: 44 | bounds: 0 | eff(%):  7.721 | logz: -1.5e+05 +/- 1.2e-01 | dlogz: 146067.844 >  0.500
 loglike: -1.5e+05 | params: [ 0.04468503 -0.32678184 -2.68951949 -1.01641261  0.37855211  1.83993635
  2.84396729 29.39782379]
 Average call time: 3.91 sec | Current time: 2018-12-07 13:34:38.443439
 --------------------------
iter: 43 | batch: 0 | nc: 1 | ncalls: 45 | bounds: 0 | eff(%):  7.890 | logz: -1.5e+05 +/- 1.2e-01 | dlogz: 145972.616 >  0.500
 loglike: -1.5e+05 | params: [ 0.05532308 -0.43570256 -1.27459677 -0.82300743 -0.8124044   2.10049874
  2.71491645 29.018747  ]
 Average call time: 3.31 sec | Current time: 2018-12-07 13:34:41.757442
 --------------------------
iter: 44 | batch: 0 | nc: 1 | ncalls: 46 | bounds: 0 | eff(%):  8.059 | logz: -1.5e+05 +/- 1.1e-01 | dlogz: 145967.507 >  0.500
 loglike: -1.5e+05 | params: [-0.18557764 -0.43133339 -2.68289086  0.25748105  0.11427804  1.6675253
  2.79821155 26.7080928 ]
 Average call time: 3.47 sec | Current time: 2018-12-07 13:34:45.224364
 --------------------------
iter: 45 | batch: 0 | nc: 1 | ncalls: 47 | bounds: 0 | eff(%):  8.227 | logz: -1.5e+05 +/- 1.2e-01 | dlogz: 145966.337 >  0.500
 loglike: -1.5e+05 | params: [-0.04311723 -0.37997844 -1.88331229 -1.33624341 -0.23582315  1.95812775
  2.278403   25.40761548]
 Average call time: 3.32 sec | Current time: 2018-12-07 13:34:48.549283
 --------------------------
iter: 46 | batch: 0 | nc: 1 | ncalls: 48 | bounds: 0 | eff(%):  8.394 | logz: -1.5e+05 +/- 1.2e-01 | dlogz: 145712.908 >  0.500
 loglike: -1.5e+05 | params: [-0.42704919 -0.69908349 -2.64577899 -0.56743136  0.32510274  1.61012966
  2.33173308 25.56679387]
 Average call time: 3.30 sec | Current time: 2018-12-07 13:34:51.851654
 --------------------------
iter: 47 | batch: 0 | nc: 1 | ncalls: 49 | bounds: 0 | eff(%):  8.561 | logz: -1.5e+05 +/- 1.2e-01 | dlogz: 145564.827 >  0.500
 loglike: -1.5e+05 | params: [-1.52715112e-02 -5.13078806e-01 -1.88188290e+00 -1.26389304e+00
 -3.25803513e-01  9.88736226e-01  1.10938394e+00  2.89877409e+01]
 Average call time: 3.88 sec | Current time: 2018-12-07 13:34:55.731439
 --------------------------
iter: 48 | batch: 0 | nc: 2 | ncalls: 51 | bounds: 0 | eff(%):  8.711 | logz: -1.5e+05 +/- 1.2e-01 | dlogz: 145492.997 >  0.500
 loglike: -1.5e+05 | params: [-0.43511216 -0.24698617 -1.28173363 -1.10277449  0.56689846  1.17768637
  2.60067499 25.93016992]
 Average call time: 3.58 sec | Current time: 2018-12-07 13:35:02.897403
 --------------------------
iter: 49 | batch: 0 | nc: 2 | ncalls: 53 | bounds: 0 | eff(%):  8.861 | logz: -1.5e+05 +/- 1.2e-01 | dlogz: 145455.183 >  0.500
 loglike: -1.5e+05 | params: [ 0.17877527 -0.26855832 -2.22967408 -0.78983815 -0.96605242  0.12644554
  2.05219472 29.77892343]
 Average call time: 3.31 sec | Current time: 2018-12-07 13:35:09.519653
 --------------------------
iter: 50 | batch: 0 | nc: 1 | ncalls: 54 | bounds: 0 | eff(%):  9.025 | logz: -1.5e+05 +/- 1.1e-01 | dlogz: 145277.273 >  0.500
 loglike: -1.5e+05 | params: [-0.11765953 -0.11820351 -1.09622742 -0.44073322 -0.64664864  0.34928366
  2.69140421 25.7403116 ]
 Average call time: 3.43 sec | Current time: 2018-12-07 13:35:12.950789
 --------------------------
iter: 51 | batch: 0 | nc: 1 | ncalls: 55 | bounds: 0 | eff(%):  9.189 | logz: -1.5e+05 +/- 1.2e-01 | dlogz: 145274.803 >  0.500
 loglike: -1.5e+05 | params: [ 0.12203229 -0.86152571 -1.62736996 -0.77823637 -0.51035744  0.22180721
  2.8092047  29.52001801]
 Average call time: 3.88 sec | Current time: 2018-12-07 13:35:16.831415
 --------------------------
iter: 52 | batch: 0 | nc: 1 | ncalls: 56 | bounds: 0 | eff(%):  9.353 | logz: -1.5e+05 +/- 1.2e-01 | dlogz: 145250.955 >  0.500
 loglike: -1.5e+05 | params: [-0.36727005 -0.57913277 -2.2865641  -1.47873048  0.66747358  1.928746
  2.19329272 25.78780366]
 Average call time: 3.29 sec | Current time: 2018-12-07 13:35:20.123058
 --------------------------
iter: 53 | batch: 0 | nc: 1 | ncalls: 57 | bounds: 0 | eff(%):  9.515 | logz: -1.5e+05 +/- 1.2e-01 | dlogz: 145134.124 >  0.500
 loglike: -1.5e+05 | params: [-0.41289621 -0.80269752 -1.20774131 -0.82202938 -0.50603111  0.84394462
  2.46214962 25.90223743]
 Average call time: 3.29 sec | Current time: 2018-12-07 13:35:23.416655
 --------------------------
iter: 54 | batch: 0 | nc: 1 | ncalls: 58 | bounds: 0 | eff(%):  9.677 | logz: -1.5e+05 +/- 1.2e-01 | dlogz: 145037.379 >  0.500
 loglike: -1.5e+05 | params: [-0.3691888  -0.64866438 -1.9071737  -1.49800932  0.42953309  0.34026091
  1.69219439 29.95642633]
 Average call time: 3.86 sec | Current time: 2018-12-07 13:35:27.281119
 --------------------------
iter: 55 | batch: 0 | nc: 1 | ncalls: 59 | bounds: 0 | eff(%):  9.839 | logz: -1.5e+05 +/- 1.2e-01 | dlogz: 145016.451 >  0.500
 loglike: -1.5e+05 | params: [-0.30238932 -0.80257233 -2.47513329 -1.19468259 -0.95592013  0.5000803
  2.83057266 29.84868508]
 Average call time: 3.30 sec | Current time: 2018-12-07 13:35:30.584620
 --------------------------
iter: 56 | batch: 0 | nc: 1 | ncalls: 60 | bounds: 0 | eff(%): 10.000 | logz: -1.5e+05 +/- 1.2e-01 | dlogz: 144967.760 >  0.500
 loglike: -1.5e+05 | params: [-3.33387813e-01 -7.07779935e-01 -1.73569933e+00  1.93177670e-02
  7.94334707e-01  2.02217752e+00  2.69325819e+00  2.95236390e+01]
 Average call time: 3.89 sec | Current time: 2018-12-07 13:35:34.477736
 --------------------------
iter: 57 | batch: 0 | nc: 1 | ncalls: 61 | bounds: 0 | eff(%): 10.160 | logz: -1.5e+05 +/- 1.2e-01 | dlogz: 144876.114 >  0.500
 loglike: -1.5e+05 | params: [ 0.13405872 -0.97064888 -1.36429794 -0.09101461 -0.53128118  1.11794632
  2.89727056 26.96212521]
 Average call time: 3.33 sec | Current time: 2018-12-07 13:35:37.807232
 --------------------------
iter: 58 | batch: 0 | nc: 1 | ncalls: 62 | bounds: 0 | eff(%): 10.320 | logz: -1.5e+05 +/- 1.2e-01 | dlogz: 144829.930 >  0.500
 loglike: -1.5e+05 | params: [-0.14054057 -0.54972294 -2.03613048 -1.29895574 -0.3391921   0.53663639
  1.75595196 29.67820097]
 Average call time: 3.90 sec | Current time: 2018-12-07 13:35:41.710425
 --------------------------
iter: 59 | batch: 0 | nc: 1 | ncalls: 63 | bounds: 0 | eff(%): 10.480 | logz: -1.5e+05 +/- 1.2e-01 | dlogz: 144637.942 >  0.500
 loglike: -1.5e+05 | params: [ 1.99145013e-02 -4.06243202e-02 -1.95600789e+00 -1.68018483e+00
  7.06028350e-03  2.69778000e-01  2.81786769e+00  2.86819345e+01]
 Average call time: 4.06 sec | Current time: 2018-12-07 13:35:45.773921
 --------------------------
iter: 60 | batch: 0 | nc: 1 | ncalls: 64 | bounds: 0 | eff(%): 10.638 | logz: -1.5e+05 +/- 1.2e-01 | dlogz: 144509.099 >  0.500
 loglike: -1.5e+05 | params: [-0.3482075  -0.84005589 -1.64427919 -0.84143597  0.58686766  1.9309543
  2.68866387 29.82714613]
 Average call time: 3.40 sec | Current time: 2018-12-07 13:35:49.173339
 --------------------------
iter: 61 | batch: 0 | nc: 1 | ncalls: 65 | bounds: 0 | eff(%): 10.796 | logz: -1.5e+05 +/- 1.2e-01 | dlogz: 144365.770 >  0.500
 loglike: -1.5e+05 | params: [-0.16494489 -0.58489178 -1.80553521  0.23285994 -0.37688298  0.13340702
  2.77934096 29.36638035]
 Average call time: 3.91 sec | Current time: 2018-12-07 13:35:53.079304
 --------------------------
iter: 62 | batch: 0 | nc: 1 | ncalls: 66 | bounds: 0 | eff(%): 10.954 | logz: -1.5e+05 +/- 1.2e-01 | dlogz: 144304.305 >  0.500
 loglike: -1.5e+05 | params: [ 0.05842874 -0.20103796 -1.63116273  0.1554209   0.57419348  2.05877971
  2.75339142 29.43447205]
 Average call time: 3.33 sec | Current time: 2018-12-07 13:35:56.410634
 --------------------------
iter: 63 | batch: 0 | nc: 1 | ncalls: 67 | bounds: 0 | eff(%): 11.111 | logz: -1.5e+05 +/- 1.2e-01 | dlogz: 144207.612 >  0.500
 loglike: -1.5e+05 | params: [ 0.02984295 -0.96825849 -2.28743475 -0.99167206  0.04002707  0.28457044
  1.3997922  29.06257991]
 Average call time: 3.87 sec | Current time: 2018-12-07 13:36:00.280255
 --------------------------
iter: 64 | batch: 0 | nc: 2 | ncalls: 69 | bounds: 0 | eff(%): 11.248 | logz: -1.5e+05 +/- 1.2e-01 | dlogz: 144190.964 >  0.500
 loglike: -1.5e+05 | params: [-0.20487877 -0.95891756 -2.52442273 -0.33879023 -0.4709759   0.7203679
  2.68478301 29.32355791]
 Average call time: 3.60 sec | Current time: 2018-12-07 13:36:07.480287
 --------------------------
iter: 65 | batch: 0 | nc: 1 | ncalls: 70 | bounds: 0 | eff(%): 11.404 | logz: -1.5e+05 +/- 1.2e-01 | dlogz: 144024.758 >  0.500
 loglike: -1.5e+05 | params: [-0.31635587 -0.33598732 -1.80387073 -1.66390009 -0.90193947  1.89933182
  2.71973656 29.57580494]
 Average call time: 3.84 sec | Current time: 2018-12-07 13:36:11.319877
 --------------------------
iter: 66 | batch: 0 | nc: 1 | ncalls: 71 | bounds: 0 | eff(%): 11.559 | logz: -1.5e+05 +/- 1.2e-01 | dlogz: 143982.220 >  0.500
 loglike: -1.5e+05 | params: [-0.29824598 -0.46485429 -1.05392379 -0.5501635  -0.38867845  1.1858544
  2.37623708 25.09988989]
 Average call time: 3.32 sec | Current time: 2018-12-07 13:36:14.642619
 --------------------------
iter: 67 | batch: 0 | nc: 1 | ncalls: 72 | bounds: 0 | eff(%): 11.713 | logz: -1.5e+05 +/- 1.2e-01 | dlogz: 143930.659 >  0.500
 loglike: -1.5e+05 | params: [ 0.14276687 -0.85245786 -2.56015682 -1.5210897  -0.53722728  1.16882671
  2.66818532 29.34391873]
 Average call time: 3.83 sec | Current time: 2018-12-07 13:36:18.473147
 --------------------------
iter: 68 | batch: 0 | nc: 1 | ncalls: 73 | bounds: 0 | eff(%): 11.867 | logz: -1.5e+05 +/- 1.2e-01 | dlogz: 143863.112 >  0.500
 loglike: -1.5e+05 | params: [-0.18735258 -0.84780749 -1.34269542 -1.52374901 -0.98960245  1.99591825
  2.52155026 29.33145207]
 Average call time: 3.32 sec | Current time: 2018-12-07 13:36:21.791729
 --------------------------
iter: 69 | batch: 0 | nc: 2 | ncalls: 75 | bounds: 0 | eff(%): 12.000 | logz: -1.5e+05 +/- 1.2e-01 | dlogz: 143835.453 >  0.500
 loglike: -1.5e+05 | params: [-0.12778877 -0.40901214 -1.88274519 -0.45418031 -0.97384877  1.01543203
  1.48390664 29.41704241]
 Average call time: 3.33 sec | Current time: 2018-12-07 13:36:28.443779
 --------------------------
iter: 70 | batch: 0 | nc: 1 | ncalls: 76 | bounds: 0 | eff(%): 12.153 | logz: -1.5e+05 +/- 1.2e-01 | dlogz: 143831.698 >  0.500
 loglike: -1.5e+05 | params: [-0.26716915 -0.65013308 -2.48909736 -1.45904826  0.49899278  1.11947393
  2.68130692 29.26444586]
 Average call time: 3.98 sec | Current time: 2018-12-07 13:36:32.427942
 --------------------------
iter: 71 | batch: 0 | nc: 1 | ncalls: 77 | bounds: 0 | eff(%): 12.305 | logz: -1.5e+05 +/- 1.2e-01 | dlogz: 143677.880 >  0.500
 loglike: -1.5e+05 | params: [-0.46228912 -0.87837529 -1.75371877 -0.53893298 -0.57548837  0.16689615
  2.69688006 29.55833938]
 Average call time: 3.35 sec | Current time: 2018-12-07 13:36:35.775779
 --------------------------
iter: 72 | batch: 0 | nc: 1 | ncalls: 78 | bounds: 0 | eff(%): 12.457 | logz: -1.5e+05 +/- 1.1e-01 | dlogz: 143674.935 >  0.500
 loglike: -1.5e+05 | params: [ 0.0947621  -0.95049888 -1.33363088 -0.63125561 -0.4347952   1.99142186
  2.44216032 29.00603817]
 Average call time: 3.28 sec | Current time: 2018-12-07 13:36:39.051854
 --------------------------
iter: 73 | batch: 0 | nc: 1 | ncalls: 79 | bounds: 0 | eff(%): 12.608 | logz: -1.5e+05 +/- 1.2e-01 | dlogz: 143673.553 >  0.500
 loglike: -1.5e+05 | params: [ 0.2026799  -0.04400593 -1.98728553 -0.58893246 -0.17173414  0.8866452
  1.88593944 29.39393044]
 Average call time: 3.90 sec | Current time: 2018-12-07 13:36:42.953489
 --------------------------
iter: 74 | batch: 0 | nc: 1 | ncalls: 80 | bounds: 0 | eff(%): 12.759 | logz: -1.5e+05 +/- 1.2e-01 | dlogz: 143576.616 >  0.500
 loglike: -1.5e+05 | params: [-0.19974828 -0.96035123 -2.55655583 -0.5243011  -0.97422121  0.96951506
  2.62057281 29.13176534]
 Average call time: 4.04 sec | Current time: 2018-12-07 13:36:46.996747
 --------------------------
iter: 75 | batch: 0 | nc: 1 | ncalls: 81 | bounds: 0 | eff(%): 12.909 | logz: -1.5e+05 +/- 1.2e-01 | dlogz: 143514.755 >  0.500
 loglike: -1.5e+05 | params: [-0.07691264 -0.27983997 -2.3176841   0.1905164  -0.47736334  0.98750525
  2.8857681  28.9319024 ]
 Average call time: 3.37 sec | Current time: 2018-12-07 13:36:50.368690
 --------------------------
iter: 76 | batch: 0 | nc: 1 | ncalls: 82 | bounds: 0 | eff(%): 13.058 | logz: -1.5e+05 +/- 1.2e-01 | dlogz: 143405.146 >  0.500
 loglike: -1.5e+05 | params: [-0.07502255 -0.23917019 -1.51473693 -1.1627439  -0.64632796  0.95264274
  1.10734549 28.69421099]
 Average call time: 3.88 sec | Current time: 2018-12-07 13:36:54.249783
 --------------------------
iter: 77 | batch: 0 | nc: 2 | ncalls: 84 | bounds: 0 | eff(%): 13.185 | logz: -1.5e+05 +/- 1.2e-01 | dlogz: 143297.860 >  0.500
 loglike: -1.5e+05 | params: [-0.25464951 -0.16635537 -1.68900584 -1.65681097 -0.95536824  1.1126205
  1.54528613 29.35294261]
 Average call time: 3.90 sec | Current time: 2018-12-07 13:37:02.057056
 --------------------------
iter: 78 | batch: 0 | nc: 1 | ncalls: 85 | bounds: 0 | eff(%): 13.333 | logz: -1.5e+05 +/- 1.2e-01 | dlogz: 143249.355 >  0.500
 loglike: -1.5e+05 | params: [-0.43010682 -0.63134809 -1.29695103 -1.66737348 -0.38473632  0.73750976
  2.29584058 25.3419656 ]
 Average call time: 3.89 sec | Current time: 2018-12-07 13:37:05.950930
 --------------------------
iter: 79 | batch: 0 | nc: 1 | ncalls: 86 | bounds: 0 | eff(%): 13.481 | logz: -1.5e+05 +/- 1.2e-01 | dlogz: 143165.130 >  0.500
 loglike: -1.5e+05 | params: [ 0.07698925 -0.99977275 -2.16492134 -0.34284423 -0.94195555  1.15588811
  2.72472434 29.81852934]
 Average call time: 3.90 sec | Current time: 2018-12-07 13:37:09.847499
 --------------------------
iter: 80 | batch: 0 | nc: 2 | ncalls: 88 | bounds: 0 | eff(%): 13.605 | logz: -1.5e+05 +/- 1.2e-01 | dlogz: 143138.071 >  0.500
 loglike: -1.5e+05 | params: [ 0.09363735 -0.06118541 -2.27209544 -1.07964823  0.49895416  0.9275364
  1.49358517 29.09621534]
 Average call time: 3.95 sec | Current time: 2018-12-07 13:37:17.755309
 --------------------------
iter: 81 | batch: 0 | nc: 1 | ncalls: 89 | bounds: 0 | eff(%): 13.752 | logz: -1.5e+05 +/- 1.2e-01 | dlogz: 143107.588 >  0.500
 loglike: -1.5e+05 | params: [-0.47911241 -0.64676844 -1.65182389 -1.64140291  0.18848864  0.89902484
  2.69674577 29.13924306]
 Average call time: 3.32 sec | Current time: 2018-12-07 13:37:21.079886
 --------------------------
iter: 82 | batch: 0 | nc: 1 | ncalls: 90 | bounds: 0 | eff(%): 13.898 | logz: -1.5e+05 +/- 1.2e-01 | dlogz: 143048.353 >  0.500
 loglike: -1.5e+05 | params: [ 0.23289821 -0.38114548 -1.79934946 -1.2910317   0.03604229  1.39178722
  2.79603853 29.86598356]
 Average call time: 3.91 sec | Current time: 2018-12-07 13:37:24.991527
 --------------------------
iter: 83 | batch: 0 | nc: 1 | ncalls: 91 | bounds: 0 | eff(%): 14.044 | logz: -1.5e+05 +/- 1.2e-01 | dlogz: 142725.951 >  0.500
 loglike: -1.5e+05 | params: [-0.19578123 -0.33057043 -2.30884288 -0.05323456 -0.81216628  1.78123226
  2.58342961 28.90224165]
 Average call time: 3.32 sec | Current time: 2018-12-07 13:37:28.306973
 --------------------------
iter: 84 | batch: 0 | nc: 1 | ncalls: 92 | bounds: 0 | eff(%): 14.189 | logz: -1.5e+05 +/- 1.2e-01 | dlogz: 142709.254 >  0.500
 loglike: -1.5e+05 | params: [-0.4184953  -0.52297639 -0.80182449 -1.6000254   0.58076883  2.07969088
  1.3706339  25.22415149]
 Average call time: 3.30 sec | Current time: 2018-12-07 13:37:31.606790
 --------------------------
iter: 85 | batch: 0 | nc: 1 | ncalls: 93 | bounds: 0 | eff(%): 14.334 | logz: -1.5e+05 +/- 1.2e-01 | dlogz: 142468.638 >  0.500
 loglike: -1.5e+05 | params: [ 0.08891053 -0.89865594 -1.96043649 -0.24899385 -1.09886277  1.9649584
  1.85598125 25.34812509]
 Average call time: 3.31 sec | Current time: 2018-12-07 13:37:34.916900
 --------------------------
iter: 86 | batch: 0 | nc: 1 | ncalls: 94 | bounds: 0 | eff(%): 14.478 | logz: -1.5e+05 +/- 1.2e-01 | dlogz: 142438.491 >  0.500
 loglike: -1.5e+05 | params: [-0.31005249 -0.07631555 -1.37026035 -0.88283342  0.5567882   1.58825291
  2.41205664 25.52891377]
 Average call time: 3.32 sec | Current time: 2018-12-07 13:37:38.237767
 --------------------------
iter: 87 | batch: 0 | nc: 2 | ncalls: 96 | bounds: 0 | eff(%): 14.597 | logz: -1.5e+05 +/- 1.2e-01 | dlogz: 142211.466 >  0.500
 loglike: -1.5e+05 | params: [ 0.22094808 -0.58223022 -2.50626195 -0.43180105  0.05208041  0.61806807
  1.51039994 29.0263943 ]
 Average call time: 3.61 sec | Current time: 2018-12-07 13:37:45.465866
 --------------------------
iter: 88 | batch: 0 | nc: 1 | ncalls: 97 | bounds: 0 | eff(%): 14.740 | logz: -1.5e+05 +/- 1.2e-01 | dlogz: 142153.760 >  0.500
 loglike: -1.5e+05 | params: [-0.28805449 -0.70666403 -2.51420406  0.05257464 -0.22118424  1.4103359
  2.55414461 26.41481432]
 Average call time: 4.05 sec | Current time: 2018-12-07 13:37:49.520010
 --------------------------
iter: 89 | batch: 0 | nc: 1 | ncalls: 98 | bounds: 0 | eff(%): 14.883 | logz: -1.5e+05 +/- 1.2e-01 | dlogz: 141924.273 >  0.500
 loglike: -1.5e+05 | params: [ 0.06455528 -0.1952231  -2.17742545 -0.1725492  -0.67415779  0.68829136
  2.63349803 28.72082756]
 Average call time: 3.88 sec | Current time: 2018-12-07 13:37:53.400384
 --------------------------
iter: 90 | batch: 0 | nc: 1 | ncalls: 99 | bounds: 0 | eff(%): 15.025 | logz: -1.5e+05 +/- 1.2e-01 | dlogz: 141920.936 >  0.500
 loglike: -1.5e+05 | params: [ 1.29346418e-02 -9.38800377e-01 -1.28523774e+00 -3.88593712e-01
 -1.10293880e+00  1.45503686e+00  2.51538387e+00  2.91538731e+01]
 Average call time: 3.37 sec | Current time: 2018-12-07 13:37:56.770230
 --------------------------
iter: 91 | batch: 0 | nc: 2 | ncalls: 101 | bounds: 0 | eff(%): 15.141 | logz: -1.5e+05 +/- 1.2e-01 | dlogz: 141805.140 >  0.500
 loglike: -1.5e+05 | params: [ 0.18046504 -0.59351276 -1.73978501 -0.5231432   0.47152317  0.51004812
  1.51092963 29.1420996 ]
 Average call time: 3.61 sec | Current time: 2018-12-07 13:38:03.980339
 --------------------------
iter: 92 | batch: 0 | nc: 1 | ncalls: 102 | bounds: 0 | eff(%): 15.282 | logz: -1.5e+05 +/- 1.2e-01 | dlogz: 141582.097 >  0.500
 loglike: -1.5e+05 | params: [ 0.13218722 -0.3384843  -1.53175278  0.24189693  0.20871828  0.53951667
  2.77251447 26.30942801]
 Average call time: 3.35 sec | Current time: 2018-12-07 13:38:07.327468
 --------------------------
iter: 93 | batch: 0 | nc: 2 | ncalls: 104 | bounds: 0 | eff(%): 15.397 | logz: -1.5e+05 +/- 1.2e-01 | dlogz: 141404.036 >  0.500
 loglike: -1.5e+05 | params: [ 0.09382331 -0.43345867 -1.11147775  0.21608029  0.80671855  2.00799826
  2.03910811 25.46268064]
 Average call time: 3.88 sec | Current time: 2018-12-07 13:38:15.089118
 --------------------------
iter: 94 | batch: 0 | nc: 1 | ncalls: 105 | bounds: 0 | eff(%): 15.537 | logz: -1.5e+05 +/- 1.2e-01 | dlogz: 141374.884 >  0.500
 loglike: -1.5e+05 | params: [ 0.22904552 -0.72557172 -2.39141284 -1.30399694  0.39797758  1.99837169
  1.93863539 28.31041798]
 Average call time: 3.38 sec | Current time: 2018-12-07 13:38:18.473823
 --------------------------
iter: 95 | batch: 0 | nc: 1 | ncalls: 106 | bounds: 0 | eff(%): 15.677 | logz: -1.5e+05 +/- 1.2e-01 | dlogz: 141339.740 >  0.500
 loglike: -1.5e+05 | params: [-0.23262252 -0.90187254 -1.88985766  0.16118526 -1.04054036  0.73028817
  2.50010811 28.97755074]
 Average call time: 3.31 sec | Current time: 2018-12-07 13:38:21.786350
 --------------------------
iter: 96 | batch: 0 | nc: 1 | ncalls: 107 | bounds: 0 | eff(%): 15.815 | logz: -1.5e+05 +/- 1.2e-01 | dlogz: 140940.150 >  0.500
 loglike: -1.5e+05 | params: [-0.49998057 -0.85117864 -0.86889202 -0.36252762 -0.95547025  1.55093731
  2.15650754 25.69486423]
 Average call time: 3.90 sec | Current time: 2018-12-07 13:38:25.682847
 --------------------------
iter: 97 | batch: 0 | nc: 1 | ncalls: 108 | bounds: 0 | eff(%): 15.954 | logz: -1.5e+05 +/- 1.2e-01 | dlogz: 140913.951 >  0.500
 loglike: -1.5e+05 | params: [-0.15664126 -0.07959743 -1.0081739  -1.22855569 -0.42771281  0.47377052
  2.73912638 28.53264082]
 Average call time: 3.34 sec | Current time: 2018-12-07 13:38:29.024216
 --------------------------
iter: 98 | batch: 0 | nc: 1 | ncalls: 109 | bounds: 0 | eff(%): 16.092 | logz: -1.5e+05 +/- 1.2e-01 | dlogz: 140907.479 >  0.500
 loglike: -1.5e+05 | params: [ 2.01343892e-02 -5.78788059e-01 -1.04961334e+00 -5.83640096e-01
  7.56394328e-01  1.86910410e+00  1.85182434e+00  2.50865503e+01]
 Average call time: 3.91 sec | Current time: 2018-12-07 13:38:32.931131
 --------------------------
iter: 99 | batch: 0 | nc: 1 | ncalls: 110 | bounds: 0 | eff(%): 16.230 | logz: -1.5e+05 +/- 1.2e-01 | dlogz: 140873.281 >  0.500
 loglike: -1.5e+05 | params: [-0.15163572 -0.3546855  -1.64515534 -1.5921488   0.4043152   0.49943247
  2.45772805 25.61853021]
 Average call time: 3.30 sec | Current time: 2018-12-07 13:38:36.228341
 --------------------------
iter: 100 | batch: 0 | nc: 1 | ncalls: 111 | bounds: 0 | eff(%): 16.367 | logz: -1.5e+05 +/- 1.2e-01 | dlogz: 140676.522 >  0.500
 loglike: -1.5e+05 | params: [-0.22578568 -0.1983974  -1.20084104 -0.33107644  0.12182278  1.09595835
  2.61660968 28.56048493]
 Average call time: 3.36 sec | Current time: 2018-12-07 13:38:39.592723
 --------------------------
iter: 101 | batch: 0 | nc: 1 | ncalls: 112 | bounds: 0 | eff(%): 16.503 | logz: -1.5e+05 +/- 1.2e-01 | dlogz: 140656.403 >  0.500
 loglike: -1.5e+05 | params: [-9.90382481e-02 -6.82360443e-01 -1.25907495e+00 -1.37512413e+00
  3.26795452e-03  1.40410727e+00  2.47934870e+00  2.92290992e+01]
 Average call time: 3.30 sec | Current time: 2018-12-07 13:38:42.892412
 --------------------------
iter: 102 | batch: 0 | nc: 2 | ncalls: 114 | bounds: 0 | eff(%): 16.612 | logz: -1.5e+05 +/- 1.2e-01 | dlogz: 140473.024 >  0.500
 loglike: -1.5e+05 | params: [ 1.95027822e-01 -5.89758109e-01 -1.71764724e+00 -2.86687578e-02
  6.35001412e-01  1.99378458e+00  2.37547582e+00  2.94831780e+01]
 Average call time: 3.40 sec | Current time: 2018-12-07 13:38:49.688285
 --------------------------
iter: 103 | batch: 0 | nc: 1 | ncalls: 115 | bounds: 0 | eff(%): 16.748 | logz: -1.5e+05 +/- 1.2e-01 | dlogz: 140417.188 >  0.500
 loglike: -1.5e+05 | params: [ 0.23748445 -0.50911311 -1.45254406  0.09425638 -0.98854834  2.05122252
  2.16699617 28.17306651]
 Average call time: 3.96 sec | Current time: 2018-12-07 13:38:53.647313
 --------------------------
iter: 104 | batch: 0 | nc: 1 | ncalls: 116 | bounds: 0 | eff(%): 16.883 | logz: -1.5e+05 +/- 1.2e-01 | dlogz: 140388.290 >  0.500
 loglike: -1.5e+05 | params: [-0.17278384 -0.79752485 -1.87853307 -0.24949101 -0.93170021  1.13203558
  2.62276717 29.96771826]
 Average call time: 3.33 sec | Current time: 2018-12-07 13:38:56.979322
 --------------------------
iter: 105 | batch: 0 | nc: 3 | ncalls: 119 | bounds: 0 | eff(%): 16.963 | logz: -1.5e+05 +/- 1.2e-01 | dlogz: 140344.450 >  0.500
 loglike: -1.5e+05 | params: [-0.3893637  -0.41994597 -2.59933102 -0.82321265  0.59458382  0.75974592
  1.61072427 29.5906826 ]
 Average call time: 3.50 sec | Current time: 2018-12-07 13:39:07.467021
 --------------------------
iter: 106 | batch: 0 | nc: 1 | ncalls: 120 | bounds: 0 | eff(%): 17.097 | logz: -1.5e+05 +/- 1.2e-01 | dlogz: 140334.107 >  0.500
 loglike: -1.5e+05 | params: [ 0.05051147 -0.31643211 -1.92374629 -0.34738053 -0.389335    0.57347587
  2.50563541 28.63352579]
 Average call time: 3.31 sec | Current time: 2018-12-07 13:39:10.775536
 --------------------------
iter: 107 | batch: 0 | nc: 1 | ncalls: 121 | bounds: 0 | eff(%): 17.230 | logz: -1.5e+05 +/- 1.2e-01 | dlogz: 140314.350 >  0.500
 loglike: -1.5e+05 | params: [ 0.14358347 -0.18116954 -1.08919857 -1.35702061  0.72600749  1.52123137
  1.05311052 29.41815596]
 Average call time: 3.38 sec | Current time: 2018-12-07 13:39:14.151271
 --------------------------
iter: 108 | batch: 0 | nc: 1 | ncalls: 122 | bounds: 0 | eff(%): 17.363 | logz: -1.5e+05 +/- 1.2e-01 | dlogz: 140311.294 >  0.500
 loglike: -1.5e+05 | params: [-1.80057843e-02 -3.48859760e-01 -8.31629825e-01 -1.07019041e+00
 -1.10832978e+00  2.05600511e+00  2.02236352e+00  2.55154357e+01]
 Average call time: 3.90 sec | Current time: 2018-12-07 13:39:18.050734
 --------------------------
iter: 109 | batch: 0 | nc: 2 | ncalls: 124 | bounds: 0 | eff(%): 17.468 | logz: -1.5e+05 +/- 1.2e-01 | dlogz: 140188.991 >  0.500
 loglike: -1.5e+05 | params: [-0.03608044 -0.74938782 -1.60030222 -0.06274056 -0.63077761  0.63378057
  1.19162381 28.95123767]
 Average call time: 3.62 sec | Current time: 2018-12-07 13:39:25.286946
 --------------------------
iter: 110 | batch: 0 | nc: 1 | ncalls: 125 | bounds: 0 | eff(%): 17.600 | logz: -1.5e+05 +/- 1.2e-01 | dlogz: 140044.170 >  0.500
 loglike: -1.5e+05 | params: [-0.24304515 -0.99385586 -1.88921011 -0.13969898  0.22759948  1.19863923
  2.06398827 25.06992075]
 Average call time: 3.41 sec | Current time: 2018-12-07 13:39:28.699557
 --------------------------
iter: 111 | batch: 0 | nc: 1 | ncalls: 126 | bounds: 0 | eff(%): 17.732 | logz: -1.5e+05 +/- 1.2e-01 | dlogz: 139902.661 >  0.500
 loglike: -1.5e+05 | params: [ 0.11457572 -0.18003918 -0.98112697 -0.19462936 -1.04722475  1.00138379
  1.24573965 28.8303449 ]
 Average call time: 3.31 sec | Current time: 2018-12-07 13:39:32.013462
 --------------------------
iter: 112 | batch: 0 | nc: 1 | ncalls: 127 | bounds: 0 | eff(%): 17.863 | logz: -1.5e+05 +/- 1.2e-01 | dlogz: 139825.455 >  0.500
 loglike: -1.5e+05 | params: [ 0.20614864 -0.15062643 -1.82088767 -1.60634569 -0.51406072  0.63242397
  2.52974618 28.8373996 ]
 Average call time: 3.30 sec | Current time: 2018-12-07 13:39:35.318019
 --------------------------
iter: 113 | batch: 0 | nc: 1 | ncalls: 128 | bounds: 0 | eff(%): 17.994 | logz: -1.5e+05 +/- 1.1e-01 | dlogz: 139771.619 >  0.500
 loglike: -1.5e+05 | params: [-0.12477911 -0.88531105 -2.32734719 -1.67141202  0.72176823  0.47775973
  2.59606878 29.92795337]
 Average call time: 3.92 sec | Current time: 2018-12-07 13:39:39.240602
 --------------------------
iter: 114 | batch: 0 | nc: 1 | ncalls: 129 | bounds: 0 | eff(%): 18.124 | logz: -1.5e+05 +/- 1.2e-01 | dlogz: 139770.118 >  0.500
 loglike: -1.5e+05 | params: [ 0.09346123 -0.0611916  -1.39008462 -0.60090331  0.26041229  1.68461684
  2.36352212 28.0378866 ]
 Average call time: 3.34 sec | Current time: 2018-12-07 13:39:42.581231
 --------------------------
iter: 115 | batch: 0 | nc: 1 | ncalls: 130 | bounds: 0 | eff(%): 18.254 | logz: -1.5e+05 +/- 1.2e-01 | dlogz: 139741.605 >  0.500
 loglike: -1.5e+05 | params: [-0.20714958 -0.4038558  -1.83247448 -1.33131335 -0.06547099  1.36232715
  0.99271149 29.19571894]
 Average call time: 3.40 sec | Current time: 2018-12-07 13:39:45.980269
 --------------------------
iter: 116 | batch: 0 | nc: 1 | ncalls: 131 | bounds: 0 | eff(%): 18.384 | logz: -1.5e+05 +/- 1.2e-01 | dlogz: 139716.412 >  0.500
 loglike: -1.5e+05 | params: [ 0.1084744  -0.1272902  -1.43433578 -0.55621411  0.66297412  1.00576109
  1.42430144 29.07086482]
 Average call time: 4.21 sec | Current time: 2018-12-07 13:39:50.190656
 --------------------------
iter: 117 | batch: 0 | nc: 1 | ncalls: 132 | bounds: 0 | eff(%): 18.513 | logz: -1.5e+05 +/- 1.2e-01 | dlogz: 139584.182 >  0.500
 loglike: -1.5e+05 | params: [-0.06193154 -0.80788656 -0.84517633 -0.91726926  0.51776748  0.78830654
  1.02612261 29.20355998]
 Average call time: 3.40 sec | Current time: 2018-12-07 13:39:53.593573
 --------------------------
iter: 118 | batch: 0 | nc: 1 | ncalls: 133 | bounds: 0 | eff(%): 18.641 | logz: -1.5e+05 +/- 1.2e-01 | dlogz: 139565.194 >  0.500
 loglike: -1.5e+05 | params: [-0.06820744 -0.22789915 -1.9466982  -0.39997773  0.6129026   0.76761841
  1.04262998 28.97021965]
 Average call time: 4.03 sec | Current time: 2018-12-07 13:39:57.625113
 --------------------------
iter: 119 | batch: 0 | nc: 1 | ncalls: 134 | bounds: 0 | eff(%): 18.770 | logz: -1.5e+05 +/- 1.2e-01 | dlogz: 139537.941 >  0.500
 loglike: -1.5e+05 | params: [-0.26512666 -0.91258528 -2.21961855 -0.19159977 -0.77020157  1.84692883
  1.51092621 25.28964522]
 Average call time: 3.60 sec | Current time: 2018-12-07 13:40:01.221542
 --------------------------
iter: 120 | batch: 0 | nc: 1 | ncalls: 135 | bounds: 0 | eff(%): 18.898 | logz: -1.5e+05 +/- 1.2e-01 | dlogz: 139436.794 >  0.500
 loglike: -1.5e+05 | params: [-0.41603334 -0.52964831 -2.4775849  -1.10679255  0.12779308  1.89196859
  2.0955274  28.63526717]
 Average call time: 3.73 sec | Current time: 2018-12-07 13:40:04.948602
 --------------------------
iter: 121 | batch: 0 | nc: 1 | ncalls: 136 | bounds: 0 | eff(%): 19.025 | logz: -1.5e+05 +/- 1.2e-01 | dlogz: 139429.201 >  0.500
 loglike: -1.5e+05 | params: [-0.126283   -0.5955082  -2.56189647 -1.56533697  0.83089494  2.05938579
  1.94525444 29.07494101]
 Average call time: 3.58 sec | Current time: 2018-12-07 13:40:08.529489
 --------------------------
iter: 122 | batch: 0 | nc: 4 | ncalls: 140 | bounds: 0 | eff(%): 19.062 | logz: -1.5e+05 +/- 1.2e-01 | dlogz: 139370.348 >  0.500
 loglike: -1.5e+05 | params: [-0.45170366 -0.32462077 -2.13512957 -1.00097548 -0.08534452  1.7843541
  1.15203827 29.99210002]
 Average call time: 3.60 sec | Current time: 2018-12-07 13:40:22.936349
 --------------------------
iter: 123 | batch: 0 | nc: 1 | ncalls: 141 | bounds: 0 | eff(%): 19.189 | logz: -1.5e+05 +/- 1.2e-01 | dlogz: 139161.587 >  0.500
 loglike: -1.5e+05 | params: [ 1.36739257e-01 -8.86560505e-02 -9.66509995e-01  6.70053872e-04
  5.51793982e-01  6.15878750e-01  2.62155054e+00  2.80881405e+01]
 Average call time: 3.58 sec | Current time: 2018-12-07 13:40:26.519346
 --------------------------
iter: 124 | batch: 0 | nc: 1 | ncalls: 142 | bounds: 0 | eff(%): 19.315 | logz: -1.5e+05 +/- 1.2e-01 | dlogz: 139087.069 >  0.500
 loglike: -1.5e+05 | params: [ 9.18984974e-03 -9.81450568e-01 -9.86471889e-01 -2.53329754e-01
 -4.43434747e-01  1.42877088e+00  2.28396612e+00  2.83344225e+01]
 Average call time: 4.20 sec | Current time: 2018-12-07 13:40:30.722668
 --------------------------
iter: 125 | batch: 0 | nc: 1 | ncalls: 143 | bounds: 0 | eff(%): 19.440 | logz: -1.5e+05 +/- 1.2e-01 | dlogz: 138736.839 >  0.500
 loglike: -1.5e+05 | params: [-0.39102751 -0.80986604 -1.08997894 -1.28749641  0.37951407  0.52064181
  2.32885128 28.5666859 ]
 Average call time: 4.17 sec | Current time: 2018-12-07 13:40:34.890991
 --------------------------
iter: 126 | batch: 0 | nc: 1 | ncalls: 144 | bounds: 0 | eff(%): 19.565 | logz: -1.5e+05 +/- 1.2e-01 | dlogz: 138648.632 >  0.500
 loglike: -1.5e+05 | params: [-0.11105703 -0.65319315 -2.06030543  0.03691077 -0.638409    0.17945471
  1.15238703 28.78331722]
 Average call time: 3.59 sec | Current time: 2018-12-07 13:40:38.480692
 --------------------------
iter: 127 | batch: 0 | nc: 1 | ncalls: 145 | bounds: 0 | eff(%): 19.690 | logz: -1.5e+05 +/- 1.2e-01 | dlogz: 138607.948 >  0.500
 loglike: -1.5e+05 | params: [ 0.11779138 -0.53243067 -2.08890818  0.1068792   0.7514535   1.45115065
  1.21354351 29.6448112 ]
 Average call time: 4.20 sec | Current time: 2018-12-07 13:40:42.684821
 --------------------------
iter: 128 | batch: 0 | nc: 1 | ncalls: 146 | bounds: 0 | eff(%): 19.814 | logz: -1.4e+05 +/- 1.2e-01 | dlogz: 138552.679 >  0.500
 loglike: -1.4e+05 | params: [-0.20298722 -0.91812064 -1.08299046 -1.34874151 -0.64875635  0.41436155
  1.39038444 28.82899329]
 Average call time: 3.56 sec | Current time: 2018-12-07 13:40:46.248107
 --------------------------
iter: 129 | batch: 0 | nc: 1 | ncalls: 147 | bounds: 0 | eff(%): 19.938 | logz: -1.4e+05 +/- 1.2e-01 | dlogz: 138482.097 >  0.500
 loglike: -1.4e+05 | params: [-0.4713745  -0.70094341 -2.02278111 -0.49044781 -1.06978485  1.94768987
  1.41326623 25.6870506 ]
 Average call time: 3.81 sec | Current time: 2018-12-07 13:40:50.057547
 --------------------------
iter: 130 | batch: 0 | nc: 1 | ncalls: 148 | bounds: 0 | eff(%): 20.062 | logz: -1.4e+05 +/- 1.2e-01 | dlogz: 138464.279 >  0.500
 loglike: -1.4e+05 | params: [-0.33257752 -0.67368393 -1.27773987 -1.72381221 -0.11576514  1.74456795
  2.35142809 29.65113415]
 Average call time: 4.22 sec | Current time: 2018-12-07 13:40:54.272823
 --------------------------
iter: 131 | batch: 0 | nc: 2 | ncalls: 150 | bounds: 0 | eff(%): 20.154 | logz: -1.4e+05 +/- 1.2e-01 | dlogz: 138422.531 >  0.500
 loglike: -1.4e+05 | params: [-0.38069212 -0.56059611 -1.50765226  0.116329   -0.40975447  1.74685995
  2.21581986 28.57526247]
 Average call time: 3.78 sec | Current time: 2018-12-07 13:41:01.835919
 --------------------------
iter: 132 | batch: 0 | nc: 1 | ncalls: 151 | bounds: 0 | eff(%): 20.276 | logz: -1.4e+05 +/- 1.2e-01 | dlogz: 138335.599 >  0.500
 loglike: -1.4e+05 | params: [-0.03277838 -0.58703733 -2.04018982 -1.66058132  0.61256702  1.45424948
  1.11047751 29.4348297 ]
 Average call time: 4.00 sec | Current time: 2018-12-07 13:41:05.835850
 --------------------------
iter: 133 | batch: 0 | nc: 1 | ncalls: 152 | bounds: 0 | eff(%): 20.399 | logz: -1.4e+05 +/- 1.2e-01 | dlogz: 138261.978 >  0.500
 loglike: -1.4e+05 | params: [ 0.1213067  -0.10855807 -1.13769866  0.18881278  0.2039643   0.2005068
  2.68664147 29.71475087]
 Average call time: 3.47 sec | Current time: 2018-12-07 13:41:09.305672
 --------------------------
iter: 134 | batch: 0 | nc: 2 | ncalls: 154 | bounds: 0 | eff(%): 20.489 | logz: -1.4e+05 +/- 1.2e-01 | dlogz: 138245.015 >  0.500
 loglike: -1.4e+05 | params: [-2.68063652e-02 -4.48757967e-01 -1.63214980e+00 -9.70972525e-02
  7.54244211e-01  4.94395887e-01  2.36122233e+00  2.84896990e+01]
 Average call time: 3.60 sec | Current time: 2018-12-07 13:41:16.504613
 --------------------------
iter: 135 | batch: 0 | nc: 1 | ncalls: 155 | bounds: 0 | eff(%): 20.611 | logz: -1.4e+05 +/- 1.2e-01 | dlogz: 138228.431 >  0.500
 loglike: -1.4e+05 | params: [ 0.06412218 -0.19737975 -2.11455147 -1.71620419 -0.51342129  2.04481284
  2.38841328 29.81820613]
 Average call time: 3.61 sec | Current time: 2018-12-07 13:41:20.118563
 --------------------------
iter: 136 | batch: 0 | nc: 1 | ncalls: 156 | bounds: 0 | eff(%): 20.732 | logz: -1.4e+05 +/- 1.2e-01 | dlogz: 138157.653 >  0.500
 loglike: -1.4e+05 | params: [-0.10456844 -0.80234695 -2.43489536 -0.73180629  0.85667772  0.89657668
  2.36356081 25.87952135]
 Average call time: 4.28 sec | Current time: 2018-12-07 13:41:24.402170
 --------------------------
iter: 137 | batch: 0 | nc: 1 | ncalls: 157 | bounds: 0 | eff(%): 20.852 | logz: -1.4e+05 +/- 1.2e-01 | dlogz: 138135.654 >  0.500
 loglike: -1.4e+05 | params: [-6.33771327e-03 -4.74363792e-01 -1.93002642e+00 -9.18716572e-01
 -3.81192584e-01  1.79638181e+00  1.87718644e+00  2.79244980e+01]
 Average call time: 3.60 sec | Current time: 2018-12-07 13:41:28.003464
 --------------------------
iter: 138 | batch: 0 | nc: 1 | ncalls: 158 | bounds: 0 | eff(%): 20.973 | logz: -1.4e+05 +/- 1.2e-01 | dlogz: 137988.696 >  0.500
 loglike: -1.4e+05 | params: [ 8.94332768e-02 -1.93128415e-03 -2.66085303e+00 -1.64842950e+00
 -6.58614039e-02  1.31535198e+00  1.10004112e+00  2.85490784e+01]
 Average call time: 3.59 sec | Current time: 2018-12-07 13:41:31.588983
 --------------------------
iter: 139 | batch: 0 | nc: 1 | ncalls: 159 | bounds: 0 | eff(%): 21.093 | logz: -1.4e+05 +/- 1.2e-01 | dlogz: 137962.514 >  0.500
 loglike: -1.4e+05 | params: [ 0.23105846 -0.273053   -1.77252132 -1.07254612 -0.38527402  0.26232198
  2.47084993 29.6364053 ]
 Average call time: 3.67 sec | Current time: 2018-12-07 13:41:35.258304
 --------------------------
iter: 140 | batch: 0 | nc: 1 | ncalls: 160 | bounds: 0 | eff(%): 21.212 | logz: -1.4e+05 +/- 1.2e-01 | dlogz: 137739.699 >  0.500
 loglike: -1.4e+05 | params: [-0.16254341 -0.3816736  -1.47153121 -0.9501753   0.83610827  0.99726431
  2.55089309 29.84818223]
 Average call time: 3.63 sec | Current time: 2018-12-07 13:41:38.892110
 --------------------------
iter: 141 | batch: 0 | nc: 1 | ncalls: 161 | bounds: 0 | eff(%): 21.331 | logz: -1.4e+05 +/- 1.2e-01 | dlogz: 137604.019 >  0.500
 loglike: -1.4e+05 | params: [ 0.12287008 -0.57167466 -2.43506183 -0.64423785  0.6450114   1.53220428
  2.04827509 28.22617105]
 Average call time: 4.20 sec | Current time: 2018-12-07 13:41:43.095387
 --------------------------
iter: 142 | batch: 0 | nc: 1 | ncalls: 162 | bounds: 0 | eff(%): 21.450 | logz: -1.4e+05 +/- 1.2e-01 | dlogz: 137599.025 >  0.500
 loglike: -1.4e+05 | params: [-3.85738806e-03 -5.56751754e-01 -2.31637865e+00 -1.59886984e+00
  2.78332532e-01  1.81729710e+00  1.76098044e+00  2.79970000e+01]
 Average call time: 3.57 sec | Current time: 2018-12-07 13:41:46.663654
 --------------------------
iter: 143 | batch: 0 | nc: 1 | ncalls: 163 | bounds: 0 | eff(%): 21.569 | logz: -1.4e+05 +/- 1.2e-01 | dlogz: 137559.563 >  0.500
 loglike: -1.4e+05 | params: [-2.55615364e-01 -4.78317591e-01 -1.06349896e+00  1.04508022e-02
  5.20379376e-01  1.01906648e+00  1.70308749e+00  2.97967477e+01]
 Average call time: 3.82 sec | Current time: 2018-12-07 13:41:50.481253
 --------------------------
iter: 144 | batch: 0 | nc: 1 | ncalls: 164 | bounds: 0 | eff(%): 21.687 | logz: -1.4e+05 +/- 1.2e-01 | dlogz: 137537.833 >  0.500
 loglike: -1.4e+05 | params: [ 2.21963897e-01 -4.80364556e-01 -2.35073021e+00  1.64084103e-02
 -6.75427439e-01  3.85911710e-01  2.38601286e+00  2.98689445e+01]
 Average call time: 3.60 sec | Current time: 2018-12-07 13:41:54.080129
 --------------------------
iter: 145 | batch: 0 | nc: 1 | ncalls: 165 | bounds: 0 | eff(%): 21.805 | logz: -1.4e+05 +/- 1.2e-01 | dlogz: 137369.598 >  0.500
 loglike: -1.4e+05 | params: [-0.03523354 -0.83588385 -2.6605291  -0.98567226  0.18640149  1.20517184
  2.07686519 27.76285827]
 Average call time: 4.23 sec | Current time: 2018-12-07 13:41:58.314192
 --------------------------
iter: 146 | batch: 0 | nc: 1 | ncalls: 166 | bounds: 0 | eff(%): 21.922 | logz: -1.4e+05 +/- 1.2e-01 | dlogz: 137364.646 >  0.500
 loglike: -1.4e+05 | params: [ 0.03273065 -0.6422815  -2.01016087 -0.58716807  0.74314037  0.54102917
  2.2953364  28.80282278]
 Average call time: 4.20 sec | Current time: 2018-12-07 13:42:02.515749
 --------------------------
iter: 147 | batch: 0 | nc: 1 | ncalls: 167 | bounds: 0 | eff(%): 22.039 | logz: -1.4e+05 +/- 1.2e-01 | dlogz: 137352.558 >  0.500
 loglike: -1.4e+05 | params: [-0.42474453 -0.39697583 -1.97003979 -1.06317858  0.61077873  2.10404991
  2.22267272 28.62676006]
 Average call time: 3.59 sec | Current time: 2018-12-07 13:42:06.103806
 --------------------------
iter: 148 | batch: 0 | nc: 1 | ncalls: 168 | bounds: 0 | eff(%): 22.156 | logz: -1.4e+05 +/- 1.2e-01 | dlogz: 137296.578 >  0.500
 loglike: -1.4e+05 | params: [-0.37140105 -0.26291351 -2.51225344 -0.99448745  0.08493761  0.31480193
  2.54028265 29.72776618]
 Average call time: 3.60 sec | Current time: 2018-12-07 13:42:09.703617
 --------------------------
iter: 149 | batch: 0 | nc: 1 | ncalls: 169 | bounds: 0 | eff(%): 22.272 | logz: -1.4e+05 +/- 1.2e-01 | dlogz: 137229.955 >  0.500
 loglike: -1.4e+05 | params: [-0.19537575 -0.90688555 -1.65761518 -0.31111131  0.43144921  0.98251939
  2.3050907  29.10357069]
 Average call time: 3.55 sec | Current time: 2018-12-07 13:42:13.253269
 --------------------------
iter: 150 | batch: 0 | nc: 1 | ncalls: 170 | bounds: 0 | eff(%): 22.388 | logz: -1.4e+05 +/- 1.1e-01 | dlogz: 137214.578 >  0.500
 loglike: -1.4e+05 | params: [-0.25173678 -0.90713683 -2.5597628  -1.64190216 -0.85079487  1.39526818
  2.10878904 28.70667432]
 Average call time: 3.44 sec | Current time: 2018-12-07 13:42:16.696194
 --------------------------
iter: 151 | batch: 0 | nc: 1 | ncalls: 171 | bounds: 0 | eff(%): 22.504 | logz: -1.4e+05 +/- 1.2e-01 | dlogz: 137213.129 >  0.500
 loglike: -1.4e+05 | params: [-0.4368574  -0.1740354  -1.33677779 -1.24467493 -0.99605672  0.96210145
  2.34761732 28.59076789]
 Average call time: 4.01 sec | Current time: 2018-12-07 13:42:20.707801
 --------------------------
iter: 152 | batch: 0 | nc: 1 | ncalls: 172 | bounds: 0 | eff(%): 22.619 | logz: -1.4e+05 +/- 1.2e-01 | dlogz: 137160.469 >  0.500
 loglike: -1.4e+05 | params: [ 0.11321138 -0.86296424 -2.46027294 -1.01530381 -0.6168055   0.54612184
  2.06230122 27.40031198]
 Average call time: 4.08 sec | Current time: 2018-12-07 13:42:24.784152
 --------------------------
iter: 153 | batch: 0 | nc: 1 | ncalls: 173 | bounds: 0 | eff(%): 22.734 | logz: -1.4e+05 +/- 1.2e-01 | dlogz: 137093.400 >  0.500
 loglike: -1.4e+05 | params: [ 0.09025576 -0.54012643 -2.74668759 -0.19302507 -0.46250763  1.19489494
  2.40376872 29.41421186]
 Average call time: 3.57 sec | Current time: 2018-12-07 13:42:28.352057
 --------------------------
iter: 154 | batch: 0 | nc: 1 | ncalls: 174 | bounds: 0 | eff(%): 22.849 | logz: -1.4e+05 +/- 1.2e-01 | dlogz: 137059.152 >  0.500
 loglike: -1.4e+05 | params: [-0.25081012 -0.43266562 -1.3670153  -1.54991625 -1.01612594  1.83418539
  2.19547505 29.34826576]
 Average call time: 3.62 sec | Current time: 2018-12-07 13:42:31.971636
 --------------------------
iter: 155 | batch: 0 | nc: 1 | ncalls: 175 | bounds: 0 | eff(%): 22.963 | logz: -1.4e+05 +/- 1.2e-01 | dlogz: 136848.802 >  0.500
 loglike: -1.4e+05 | params: [-0.47408063 -0.93486052 -1.60845096 -1.19576825 -0.16531015  0.73582769
  2.68009918 27.03510087]
 Average call time: 3.62 sec | Current time: 2018-12-07 13:42:35.595889
 --------------------------
iter: 156 | batch: 0 | nc: 2 | ncalls: 177 | bounds: 0 | eff(%): 23.043 | logz: -1.4e+05 +/- 1.2e-01 | dlogz: 136819.322 >  0.500
 loglike: -1.4e+05 | params: [ 0.03078452 -0.073826   -0.96820278 -1.08218035 -0.76022336  1.66657778
  2.2143647  27.75982978]
 Average call time: 3.90 sec | Current time: 2018-12-07 13:42:43.387916
 --------------------------
iter: 157 | batch: 0 | nc: 1 | ncalls: 178 | bounds: 0 | eff(%): 23.156 | logz: -1.4e+05 +/- 1.2e-01 | dlogz: 136807.897 >  0.500
 loglike: -1.4e+05 | params: [ 0.06119716 -0.47538159 -2.18479278 -1.2774057  -0.11625207  1.97250738
  2.08379384 29.94872308]
 Average call time: 4.21 sec | Current time: 2018-12-07 13:42:47.598500
 --------------------------
iter: 158 | batch: 0 | nc: 2 | ncalls: 180 | bounds: 0 | eff(%): 23.235 | logz: -1.4e+05 +/- 1.2e-01 | dlogz: 136804.852 >  0.500
 loglike: -1.4e+05 | params: [-2.97266641e-02 -4.51715189e-01 -1.33109578e+00 -6.76094780e-01
 -8.51075658e-02  5.86534956e-01  2.39462406e+00  2.99803761e+01]
 Average call time: 3.66 sec | Current time: 2018-12-07 13:42:54.924599
 --------------------------
iter: 159 | batch: 0 | nc: 1 | ncalls: 181 | bounds: 0 | eff(%): 23.348 | logz: -1.4e+05 +/- 1.2e-01 | dlogz: 136792.893 >  0.500
 loglike: -1.4e+05 | params: [-0.3298464  -0.84621269 -0.78323659  0.08352425  0.21758914  1.1813777
  2.00374351 25.0290308 ]
 Average call time: 3.55 sec | Current time: 2018-12-07 13:42:58.477431
 --------------------------
iter: 160 | batch: 0 | nc: 1 | ncalls: 182 | bounds: 0 | eff(%): 23.460 | logz: -1.4e+05 +/- 1.2e-01 | dlogz: 136785.256 >  0.500
 loglike: -1.4e+05 | params: [-0.28459011 -0.28289908 -1.46484559 -1.46405924 -0.99410847  0.718976
  2.3237139  27.94378574]
 Average call time: 3.68 sec | Current time: 2018-12-07 13:43:02.155742
 --------------------------
iter: 161 | batch: 0 | nc: 2 | ncalls: 184 | bounds: 0 | eff(%): 23.538 | logz: -1.4e+05 +/- 1.2e-01 | dlogz: 136742.978 >  0.500
 loglike: -1.4e+05 | params: [-0.17233012 -0.387851   -0.92991608 -0.48231386  0.28826473  0.40826049
  2.4276611  29.15503496]
 Average call time: 3.60 sec | Current time: 2018-12-07 13:43:09.354351
 --------------------------
iter: 162 | batch: 0 | nc: 2 | ncalls: 186 | bounds: 0 | eff(%): 23.615 | logz: -1.4e+05 +/- 1.2e-01 | dlogz: 136719.509 >  0.500
 loglike: -1.4e+05 | params: [-0.17944314 -0.96930606 -2.11499661 -1.44711419 -0.33810132  0.90968478
  1.98434177 29.71419772]
 Average call time: 3.56 sec | Current time: 2018-12-07 13:43:16.477259
 --------------------------
iter: 163 | batch: 0 | nc: 2 | ncalls: 188 | bounds: 0 | eff(%): 23.692 | logz: -1.4e+05 +/- 1.2e-01 | dlogz: 136709.216 >  0.500
 loglike: -1.4e+05 | params: [-0.09815933 -0.72853306 -2.69745048 -0.47961602 -0.08332947  0.19250469
  2.45047982 29.94174881]
 Average call time: 3.58 sec | Current time: 2018-12-07 13:43:23.643248
 --------------------------
iter: 164 | batch: 0 | nc: 2 | ncalls: 190 | bounds: 0 | eff(%): 23.768 | logz: -1.4e+05 +/- 1.2e-01 | dlogz: 136495.538 >  0.500
 loglike: -1.4e+05 | params: [-0.06764965 -0.68244268 -1.80503787 -0.15314851  0.6634459   0.27017552
  2.01002624 29.84857031]
 Average call time: 3.66 sec | Current time: 2018-12-07 13:43:30.955276
 --------------------------
iter: 165 | batch: 0 | nc: 3 | ncalls: 193 | bounds: 0 | eff(%): 23.810 | logz: -1.4e+05 +/- 1.2e-01 | dlogz: 136486.111 >  0.500
 loglike: -1.4e+05 | params: [-6.58078652e-02 -1.13388577e-03 -2.47782298e+00 -6.20383479e-01
  5.91426131e-02  3.28361307e-01  1.73725939e+00  2.88164204e+01]
 Average call time: 3.61 sec | Current time: 2018-12-07 13:43:41.797289
 --------------------------
iter: 166 | batch: 0 | nc: 1 | ncalls: 194 | bounds: 0 | eff(%): 23.919 | logz: -1.4e+05 +/- 1.2e-01 | dlogz: 136431.062 >  0.500
 loglike: -1.4e+05 | params: [ 2.26472283e-02 -3.59734624e-01 -1.50106560e+00 -7.62859050e-02
  3.02490457e-01  7.79553511e-01  1.27092364e+00  2.88234491e+01]
 Average call time: 3.59 sec | Current time: 2018-12-07 13:43:45.385630
 --------------------------
iter: 167 | batch: 0 | nc: 1 | ncalls: 195 | bounds: 0 | eff(%): 24.029 | logz: -1.4e+05 +/- 1.2e-01 | dlogz: 136422.100 >  0.500
 loglike: -1.4e+05 | params: [-2.05975101e-02 -1.42310289e-02 -1.33064058e+00 -7.74055304e-01
  3.26202685e-01  1.33581730e+00  2.52953658e+00  2.97667614e+01]
 Average call time: 3.57 sec | Current time: 2018-12-07 13:43:48.954819
 --------------------------
iter: 168 | batch: 0 | nc: 2 | ncalls: 197 | bounds: 0 | eff(%): 24.103 | logz: -1.4e+05 +/- 1.2e-01 | dlogz: 136414.288 >  0.500
 loglike: -1.4e+05 | params: [ 0.0876902  -0.88841228 -2.58045404 -1.54157553 -0.43466946  0.97707009
  2.09460731 27.37761617]
 Average call time: 4.02 sec | Current time: 2018-12-07 13:43:56.998911
 --------------------------
iter: 169 | batch: 0 | nc: 3 | ncalls: 200 | bounds: 0 | eff(%): 24.143 | logz: -1.4e+05 +/- 1.2e-01 | dlogz: 136397.190 >  0.500
 loglike: -1.4e+05 | params: [-0.04499359 -0.17784021 -1.5103821  -1.49794109 -0.55197505  2.08208749
  1.79913598 27.87117207]
 Average call time: 3.81 sec | Current time: 2018-12-07 13:44:08.421882
 --------------------------
iter: 170 | batch: 0 | nc: 1 | ncalls: 201 | bounds: 0 | eff(%): 24.251 | logz: -1.4e+05 +/- 1.2e-01 | dlogz: 136375.755 >  0.500
 loglike: -1.4e+05 | params: [-0.14926027 -0.69662713 -0.93701568 -0.85187667  0.24822007  0.89010545
  2.4708121  26.06483924]
 Average call time: 4.29 sec | Current time: 2018-12-07 13:44:12.711647
 --------------------------
iter: 171 | batch: 0 | nc: 2 | ncalls: 203 | bounds: 0 | eff(%): 24.324 | logz: -1.4e+05 +/- 1.2e-01 | dlogz: 136369.774 >  0.500
 loglike: -1.4e+05 | params: [ 0.11239174 -0.71854018 -1.67098841 -1.70867144 -0.79918575  1.38367551
  2.20581696 25.28923212]
 Average call time: 3.89 sec | Current time: 2018-12-07 13:44:20.500628
 --------------------------
iter: 172 | batch: 0 | nc: 2 | ncalls: 205 | bounds: 0 | eff(%): 24.397 | logz: -1.4e+05 +/- 1.2e-01 | dlogz: 136338.255 >  0.500
 loglike: -1.4e+05 | params: [ 0.16645349 -0.83306646 -0.80581526 -1.07737307  0.29685482  0.7803417
  1.57522804 29.08422491]
 Average call time: 3.62 sec | Current time: 2018-12-07 13:44:27.739148
 --------------------------
iter: 173 | batch: 0 | nc: 1 | ncalls: 206 | bounds: 0 | eff(%): 24.504 | logz: -1.4e+05 +/- 1.2e-01 | dlogz: 136187.129 >  0.500
 loglike: -1.4e+05 | params: [-0.34641839 -0.7712016  -1.45965005 -1.69454338 -0.5248982   1.06942421
  1.97808171 29.79499025]
 Average call time: 4.16 sec | Current time: 2018-12-07 13:44:31.894736
 --------------------------
iter: 174 | batch: 0 | nc: 3 | ncalls: 209 | bounds: 0 | eff(%): 24.542 | logz: -1.4e+05 +/- 1.2e-01 | dlogz: 140483.709 >  0.500
 loglike: -1.4e+05 | params: [-5.00353737e-03 -8.29737016e-01 -7.67924737e-01 -4.07155682e-02
  2.43669304e-01  1.60137268e-01  1.19737346e+00  2.90305084e+01]
 Average call time: 3.54 sec | Current time: 2018-12-07 13:44:42.527554
 --------------------------
iter: 175 | batch: 0 | nc: 2 | ncalls: 211 | bounds: 0 | eff(%): 24.613 | logz: -1.4e+05 +/- 1.2e-01 | dlogz: 140436.653 >  0.500
 loglike: -1.4e+05 | params: [-2.63847355e-02 -2.05465096e-01 -1.19487520e+00 -1.44383256e+00
 -9.48754088e-01  6.22106906e-01  2.21576911e+00  2.78485395e+01]
 Average call time: 3.59 sec | Current time: 2018-12-07 13:44:49.710652
 --------------------------
iter: 176 | batch: 0 | nc: 2 | ncalls: 213 | bounds: 0 | eff(%): 24.684 | logz: -1.4e+05 +/- 1.2e-01 | dlogz: 140279.315 >  0.500
 loglike: -1.4e+05 | params: [-0.34371666 -0.83213383 -2.47887189 -0.82809475 -1.11478825  0.73815553
  2.15644366 29.9694668 ]
 Average call time: 3.44 sec | Current time: 2018-12-07 13:44:56.590439
 --------------------------
iter: 177 | batch: 0 | nc: 1 | ncalls: 214 | bounds: 0 | eff(%): 24.790 | logz: -1.4e+05 +/- 1.2e-01 | dlogz: 140144.992 >  0.500
 loglike: -1.4e+05 | params: [ 0.13945168 -0.40204463 -1.37861891 -0.65943386  0.65472977  0.21312591
  2.50190168 25.72586635]
 Average call time: 3.36 sec | Current time: 2018-12-07 13:44:59.952519
 --------------------------
iter: 178 | batch: 0 | nc: 2 | ncalls: 216 | bounds: 0 | eff(%): 24.860 | logz: -1.4e+05 +/- 1.2e-01 | dlogz: 140096.038 >  0.500
 loglike: -1.4e+05 | params: [ 0.20394651 -0.82291107 -2.65767297 -0.97146812  0.05821548  1.39013961
  2.11894336 29.4723725 ]
 Average call time: 3.89 sec | Current time: 2018-12-07 13:45:07.733428
 --------------------------
iter: 179 | batch: 0 | nc: 1 | ncalls: 217 | bounds: 0 | eff(%): 24.965 | logz: -1.4e+05 +/- 1.2e-01 | dlogz: 140087.470 >  0.500
 loglike: -1.4e+05 | params: [-0.41536966 -0.35592885 -1.92490276  0.07005212  0.44887305  1.9589033
  1.61070275 28.60046751]
 Average call time: 3.32 sec | Current time: 2018-12-07 13:45:11.055232
 --------------------------
iter: 180 | batch: 0 | nc: 1 | ncalls: 218 | bounds: 0 | eff(%): 25.070 | logz: -1.4e+05 +/- 1.2e-01 | dlogz: 140073.938 >  0.500
 loglike: -1.4e+05 | params: [-0.23618988 -0.36986689 -2.05065831 -1.30814733 -0.67709195  0.94772064
  1.08135472 28.25419535]
 Average call time: 3.95 sec | Current time: 2018-12-07 13:45:15.002109
 --------------------------
iter: 181 | batch: 0 | nc: 1 | ncalls: 219 | bounds: 0 | eff(%): 25.174 | logz: -1.4e+05 +/- 1.2e-01 | dlogz: 140030.547 >  0.500
 loglike: -1.4e+05 | params: [-0.36577275 -0.13798973 -1.5077568  -1.10368028 -0.6558662   1.47449675
  2.20427637 27.9699497 ]
 Average call time: 3.29 sec | Current time: 2018-12-07 13:45:18.291843
 --------------------------
iter: 182 | batch: 0 | nc: 1 | ncalls: 220 | bounds: 0 | eff(%): 25.278 | logz: -1.4e+05 +/- 1.2e-01 | dlogz: 140021.655 >  0.500
 loglike: -1.4e+05 | params: [-0.35277198 -0.87234996 -1.43019329  0.02902409  0.18752187  1.41303758
  2.03853611 28.50493599]
 Average call time: 3.32 sec | Current time: 2018-12-07 13:45:21.609858
 --------------------------
iter: 183 | batch: 0 | nc: 1 | ncalls: 221 | bounds: 0 | eff(%): 25.381 | logz: -1.4e+05 +/- 1.2e-01 | dlogz: 139937.716 >  0.500
 loglike: -1.4e+05 | params: [-0.13817578 -0.13925526 -1.17287378 -0.08828703  0.30448362  1.62485511
  2.09147151 29.90475668]
 Average call time: 3.91 sec | Current time: 2018-12-07 13:45:25.520470
 --------------------------
iter: 184 | batch: 0 | nc: 1 | ncalls: 222 | bounds: 0 | eff(%): 25.485 | logz: -1.4e+05 +/- 1.2e-01 | dlogz: 139891.459 >  0.500
 loglike: -1.4e+05 | params: [-0.44758534 -0.11215664 -1.35450886 -1.3021439   0.32129795  2.06668712
  1.05612229 28.57458908]
 Average call time: 3.35 sec | Current time: 2018-12-07 13:45:28.869185
 --------------------------
iter: 185 | batch: 0 | nc: 1 | ncalls: 223 | bounds: 0 | eff(%): 25.588 | logz: -1.4e+05 +/- 1.2e-01 | dlogz: 139672.548 >  0.500
 loglike: -1.4e+05 | params: [ 0.10428684 -0.51572588 -1.01296213 -1.42934372 -0.68429772  1.57513525
  1.06657541 29.07755641]
 Average call time: 3.31 sec | Current time: 2018-12-07 13:45:32.176027
 --------------------------
iter: 186 | batch: 0 | nc: 2 | ncalls: 225 | bounds: 0 | eff(%): 25.655 | logz: -1.4e+05 +/- 1.1e-01 | dlogz: 139613.463 >  0.500
 loglike: -1.4e+05 | params: [-0.34900755 -0.70807879 -2.44610473 -0.76583831  0.16754788  0.93541699
  2.15761216 27.92772985]
 Average call time: 3.34 sec | Current time: 2018-12-07 13:45:38.862353
 --------------------------
iter: 187 | batch: 0 | nc: 1 | ncalls: 226 | bounds: 0 | eff(%): 25.758 | logz: -1.4e+05 +/- 1.2e-01 | dlogz: 139611.690 >  0.500
 loglike: -1.4e+05 | params: [-0.21209955 -0.62205877 -1.91438392 -0.31999151 -0.63538914  0.46415578
  1.36846521 28.62195199]
 Average call time: 3.36 sec | Current time: 2018-12-07 13:45:42.219649
 --------------------------
iter: 188 | batch: 0 | nc: 1 | ncalls: 227 | bounds: 0 | eff(%): 25.860 | logz: -1.4e+05 +/- 1.2e-01 | dlogz: 139601.440 >  0.500
 loglike: -1.4e+05 | params: [-0.11543662 -0.17169343 -1.53180413  0.20545036 -0.52479749  1.80005237
  2.03002239 25.208341  ]
 Average call time: 3.43 sec | Current time: 2018-12-07 13:45:45.646320
 --------------------------
iter: 189 | batch: 0 | nc: 1 | ncalls: 228 | bounds: 0 | eff(%): 25.962 | logz: -1.4e+05 +/- 1.2e-01 | dlogz: 139574.967 >  0.500
 loglike: -1.4e+05 | params: [-0.33990854 -0.77863338 -2.69590679  0.0403478   0.06352841  1.98228401
  1.66665606 29.45251307]
 Average call time: 3.99 sec | Current time: 2018-12-07 13:45:49.638603
 --------------------------
iter: 190 | batch: 0 | nc: 1 | ncalls: 229 | bounds: 0 | eff(%): 26.063 | logz: -1.4e+05 +/- 1.2e-01 | dlogz: 139561.776 >  0.500
 loglike: -1.4e+05 | params: [-0.47548623 -0.80315933 -0.96460272 -1.36373965 -0.87274214  2.0721076
  1.41097646 29.69359459]
 Average call time: 4.28 sec | Current time: 2018-12-07 13:45:53.919346
 --------------------------
iter: 191 | batch: 0 | nc: 1 | ncalls: 230 | bounds: 0 | eff(%): 26.164 | logz: -1.4e+05 +/- 1.2e-01 | dlogz: 139543.132 >  0.500
 loglike: -1.4e+05 | params: [-1.56073821e-02 -5.67309459e-01 -1.30511139e+00 -3.35897684e-01
 -2.63193607e-01  9.16336633e-01  2.13774640e+00  2.82444275e+01]
 Average call time: 3.62 sec | Current time: 2018-12-07 13:45:57.541184
 --------------------------
iter: 192 | batch: 0 | nc: 1 | ncalls: 231 | bounds: 0 | eff(%): 26.265 | logz: -1.4e+05 +/- 1.2e-01 | dlogz: 139441.521 >  0.500
 loglike: -1.4e+05 | params: [ 0.20770288 -0.43968655 -1.41569843 -1.33684156 -0.87063465  1.30878266
  2.03704438 28.10633739]
 Average call time: 3.55 sec | Current time: 2018-12-07 13:46:01.086320
 --------------------------
iter: 193 | batch: 0 | nc: 3 | ncalls: 234 | bounds: 0 | eff(%): 26.294 | logz: -1.4e+05 +/- 1.2e-01 | dlogz: 139388.663 >  0.500
 loglike: -1.4e+05 | params: [ 0.19126167 -0.41809873 -1.32408808 -0.49944465  0.39470805  1.95162436
  2.41491384 26.03976317]
 Average call time: 4.01 sec | Current time: 2018-12-07 13:46:13.129633
 --------------------------
iter: 194 | batch: 0 | nc: 1 | ncalls: 235 | bounds: 0 | eff(%): 26.395 | logz: -1.4e+05 +/- 1.2e-01 | dlogz: 139375.301 >  0.500
 loglike: -1.4e+05 | params: [-1.12795469e-01 -3.00792937e-01 -2.16903087e+00 -1.05679726e-02
  6.87883994e-01  1.64575956e+00  1.45799756e+00  2.96922780e+01]
 Average call time: 4.21 sec | Current time: 2018-12-07 13:46:17.337784
 --------------------------
iter: 195 | batch: 0 | nc: 1 | ncalls: 236 | bounds: 0 | eff(%): 26.495 | logz: -1.4e+05 +/- 1.2e-01 | dlogz: 139372.712 >  0.500
 loglike: -1.4e+05 | params: [-3.38770478e-01 -7.28971601e-01 -1.10202674e+00 -1.79560197e-01
  2.05349210e-02  7.16704899e-01  2.36010977e+00  2.98000277e+01]
 Average call time: 3.60 sec | Current time: 2018-12-07 13:46:20.937920
 --------------------------
iter: 196 | batch: 0 | nc: 1 | ncalls: 237 | bounds: 0 | eff(%): 26.594 | logz: -1.4e+05 +/- 1.1e-01 | dlogz: 139320.805 >  0.500
 loglike: -1.4e+05 | params: [ 0.06691296 -0.3254716  -2.30450027 -0.85251993  0.61180833  2.02898827
  1.57343843 29.17131822]
 Average call time: 4.19 sec | Current time: 2018-12-07 13:46:25.125297
 --------------------------
iter: 197 | batch: 0 | nc: 1 | ncalls: 238 | bounds: 0 | eff(%): 26.694 | logz: -1.4e+05 +/- 1.2e-01 | dlogz: 139319.085 >  0.500
 loglike: -1.4e+05 | params: [ 0.18623868 -0.68470959 -2.00283911 -1.42819257 -0.21851809  2.00129175
  2.20298687 27.90660528]
 Average call time: 3.69 sec | Current time: 2018-12-07 13:46:28.815345
 --------------------------
iter: 198 | batch: 0 | nc: 2 | ncalls: 240 | bounds: 0 | eff(%): 26.757 | logz: -1.4e+05 +/- 1.2e-01 | dlogz: 139293.039 >  0.500
 loglike: -1.4e+05 | params: [ 0.1107166  -0.48914956 -0.83085303 -1.34458433 -1.03680733  0.84331147
  2.10668331 29.43545674]
 Average call time: 3.58 sec | Current time: 2018-12-07 13:46:35.973426
 --------------------------
iter: 199 | batch: 0 | nc: 1 | ncalls: 241 | bounds: 0 | eff(%): 26.856 | logz: -1.4e+05 +/- 1.2e-01 | dlogz: 139267.430 >  0.500
 loglike: -1.4e+05 | params: [-3.99396395e-01 -1.77164697e-02 -2.45856092e+00 -9.23309283e-02
  2.31342553e-01  9.16771576e-01  1.37010836e+00  2.88679237e+01]
 Average call time: 3.56 sec | Current time: 2018-12-07 13:46:39.533848
 --------------------------
iter: 200 | batch: 0 | nc: 1 | ncalls: 242 | bounds: 0 | eff(%): 26.954 | logz: -1.4e+05 +/- 1.2e-01 | dlogz: 139222.881 >  0.500
 loglike: -1.4e+05 | params: [ 0.10161073 -0.85623318 -1.35779029 -0.32462459 -0.68614619  1.95832831
  1.81981579 29.54657979]
 Average call time: 4.21 sec | Current time: 2018-12-07 13:46:43.747525
 --------------------------
iter: 201 | batch: 0 | nc: 1 | ncalls: 243 | bounds: 0 | eff(%): 27.052 | logz: -1.4e+05 +/- 1.2e-01 | dlogz: 139217.640 >  0.500
 loglike: -1.4e+05 | params: [ 5.38168876e-02 -2.90003874e-02 -2.27421375e+00 -1.64862404e+00
 -6.28135850e-01  1.98626330e-01  2.34645754e+00  2.91735339e+01]
 Average call time: 3.45 sec | Current time: 2018-12-07 13:46:47.201983
 --------------------------
iter: 202 | batch: 0 | nc: 1 | ncalls: 244 | bounds: 0 | eff(%): 27.151 | logz: -1.4e+05 +/- 1.2e-01 | dlogz: 139154.116 >  0.500
 loglike: -1.4e+05 | params: [-0.22000971 -0.17131362 -2.58583315 -1.60578077 -0.1119365   1.97544648
  1.23345812 27.84739397]
 Average call time: 3.37 sec | Current time: 2018-12-07 13:46:50.570466
 --------------------------
iter: 203 | batch: 0 | nc: 1 | ncalls: 245 | bounds: 0 | eff(%): 27.248 | logz: -1.4e+05 +/- 1.2e-01 | dlogz: 139140.669 >  0.500
 loglike: -1.4e+05 | params: [-1.45617131e-02 -4.13164038e-01 -1.97566883e+00 -5.82157356e-01
 -7.54406861e-01  3.74288091e-01  1.14139308e+00  2.78762080e+01]
 Average call time: 4.24 sec | Current time: 2018-12-07 13:46:54.805614
 --------------------------
iter: 204 | batch: 0 | nc: 1 | ncalls: 246 | bounds: 0 | eff(%): 27.346 | logz: -1.4e+05 +/- 1.2e-01 | dlogz: 138998.750 >  0.500
 loglike: -1.4e+05 | params: [-0.0636732  -0.23992795 -1.89336509 -0.83772102 -0.33850186  1.78467948
  2.14843699 27.7142893 ]
 Average call time: 4.09 sec | Current time: 2018-12-07 13:46:58.892983
 --------------------------
iter: 205 | batch: 0 | nc: 1 | ncalls: 247 | bounds: 0 | eff(%): 27.443 | logz: -1.4e+05 +/- 1.2e-01 | dlogz: 138991.306 >  0.500
 loglike: -1.4e+05 | params: [-0.34104466 -0.67328613 -2.76622606 -1.20018191  0.77652253  0.94432495
  2.02535373 28.05400707]
 Average call time: 3.61 sec | Current time: 2018-12-07 13:47:02.507896
 --------------------------
iter: 206 | batch: 0 | nc: 2 | ncalls: 249 | bounds: 0 | eff(%): 27.503 | logz: -1.4e+05 +/- 1.2e-01 | dlogz: 138980.249 >  0.500
 loglike: -1.4e+05 | params: [-2.48690419e-02 -7.55455300e-01 -9.04003260e-01 -1.18067411e+00
 -8.72707298e-01  6.16088188e-01  2.30565787e+00  2.96891029e+01]
 Average call time: 3.57 sec | Current time: 2018-12-07 13:47:09.642359
 --------------------------
iter: 207 | batch: 0 | nc: 1 | ncalls: 250 | bounds: 0 | eff(%): 27.600 | logz: -1.4e+05 +/- 1.2e-01 | dlogz: 138936.755 >  0.500
 loglike: -1.4e+05 | params: [-0.32233665 -0.6633285  -1.04235722 -1.59412293 -0.93475934  1.46552042
  2.19120854 29.43643193]
 Average call time: 3.57 sec | Current time: 2018-12-07 13:47:13.217072
 --------------------------
iter: 208 | batch: 0 | nc: 1 | ncalls: 251 | bounds: 0 | eff(%): 27.696 | logz: -1.4e+05 +/- 1.2e-01 | dlogz: 138836.131 >  0.500
 loglike: -1.4e+05 | params: [-0.22925603 -0.04492474 -2.50599549 -1.18809403  0.49450534  2.03990717
  1.12037861 27.91712135]
 Average call time: 4.22 sec | Current time: 2018-12-07 13:47:17.437746
 --------------------------
iter: 209 | batch: 0 | nc: 1 | ncalls: 252 | bounds: 0 | eff(%): 27.793 | logz: -1.4e+05 +/- 1.2e-01 | dlogz: 138802.839 >  0.500
 loglike: -1.4e+05 | params: [ 0.09844706 -0.69640569 -1.96932545 -0.83519899 -1.08266004  1.34370129
  2.54464402 26.17086006]
 Average call time: 4.20 sec | Current time: 2018-12-07 13:47:21.642666
 --------------------------
iter: 210 | batch: 0 | nc: 1 | ncalls: 253 | bounds: 0 | eff(%): 27.888 | logz: -1.4e+05 +/- 1.2e-01 | dlogz: 138768.349 >  0.500
 loglike: -1.4e+05 | params: [ 0.12540608 -0.55034508 -1.07353533 -1.51307174 -1.02790083  1.90176837
  1.35907193 28.42704022]
 Average call time: 3.64 sec | Current time: 2018-12-07 13:47:25.279751
 --------------------------
iter: 211 | batch: 0 | nc: 1 | ncalls: 254 | bounds: 0 | eff(%): 27.984 | logz: -1.4e+05 +/- 1.2e-01 | dlogz: 138759.019 >  0.500
 loglike: -1.4e+05 | params: [ 0.08779165 -0.39400214 -1.0228157  -1.56191161 -0.03242667  1.93968346
  2.16085726 27.79665869]
 Average call time: 3.63 sec | Current time: 2018-12-07 13:47:28.907451
 --------------------------
iter: 212 | batch: 0 | nc: 1 | ncalls: 255 | bounds: 0 | eff(%): 28.079 | logz: -1.4e+05 +/- 1.2e-01 | dlogz: 138715.167 >  0.500
 loglike: -1.4e+05 | params: [-0.1647523  -0.07276056 -1.40759685 -0.74726171 -0.85057514  1.04119442
  2.26212287 28.64150644]
 Average call time: 4.20 sec | Current time: 2018-12-07 13:47:33.108972
 --------------------------
iter: 213 | batch: 0 | nc: 1 | ncalls: 256 | bounds: 0 | eff(%): 28.175 | logz: -1.4e+05 +/- 1.2e-01 | dlogz: 138700.366 >  0.500
 loglike: -1.4e+05 | params: [-0.31003477 -0.49316155 -2.39719191 -1.61961915 -0.38987732  1.54826763
  1.88388335 29.61310139]
 Average call time: 4.24 sec | Current time: 2018-12-07 13:47:37.346338
 --------------------------
iter: 214 | batch: 0 | nc: 1 | ncalls: 257 | bounds: 0 | eff(%): 28.269 | logz: -1.4e+05 +/- 1.2e-01 | dlogz: 138673.713 >  0.500
 loglike: -1.4e+05 | params: [ 0.22848753 -0.81887389 -1.84479943 -1.08257496 -0.35472116  1.67644067
  0.96183416 27.44184149]
 Average call time: 3.57 sec | Current time: 2018-12-07 13:47:40.919736
 --------------------------
iter: 215 | batch: 0 | nc: 1 | ncalls: 258 | bounds: 0 | eff(%): 28.364 | logz: -1.4e+05 +/- 1.2e-01 | dlogz: 138657.873 >  0.500
 loglike: -1.4e+05 | params: [-0.4321371  -0.40069089 -1.38998251 -1.61856092 -0.95451094  0.77522697
  2.11668337 29.64334853]
 Average call time: 4.21 sec | Current time: 2018-12-07 13:47:45.133015
 --------------------------
iter: 216 | batch: 0 | nc: 3 | ncalls: 261 | bounds: 0 | eff(%): 28.384 | logz: -1.4e+05 +/- 1.2e-01 | dlogz: 138649.041 >  0.500
 loglike: -1.4e+05 | params: [-0.37596454 -0.19079582 -2.44145091 -0.0895258  -0.15017007  1.01655408
  2.1603395  28.07316747]
 Average call time: 3.80 sec | Current time: 2018-12-07 13:47:56.520619
 --------------------------
iter: 217 | batch: 0 | nc: 1 | ncalls: 262 | bounds: 0 | eff(%): 28.478 | logz: -1.4e+05 +/- 1.2e-01 | dlogz: 138603.439 >  0.500
 loglike: -1.4e+05 | params: [ 0.18652235 -0.33225739 -0.78881057 -0.22335693 -0.7349105   1.99966874
  1.77850466 28.91782004]
 Average call time: 3.41 sec | Current time: 2018-12-07 13:47:59.935050
 --------------------------
iter: 218 | batch: 0 | nc: 1 | ncalls: 263 | bounds: 0 | eff(%): 28.571 | logz: -1.4e+05 +/- 1.1e-01 | dlogz: 138573.591 >  0.500
 loglike: -1.4e+05 | params: [-0.0886139  -0.70821642 -1.16055173 -0.82691252  0.78949672  0.55515292
  2.12268294 29.8067482 ]
 Average call time: 4.03 sec | Current time: 2018-12-07 13:48:03.963457
 --------------------------
iter: 219 | batch: 0 | nc: 2 | ncalls: 265 | bounds: 0 | eff(%): 28.627 | logz: -1.4e+05 +/- 1.2e-01 | dlogz: 138572.456 >  0.500
 loglike: -1.4e+05 | params: [ 0.20060189 -0.52920664 -1.74159319 -1.20782625 -0.92593698  1.70628577
  1.22113983 29.02832893]
 Average call time: 3.51 sec | Current time: 2018-12-07 13:48:10.976333
 --------------------------
