GPU acceleration enabled
using given n: 0
Starting SourceModule Code
Getting function
Past the SourceModule code
CUDAC Available
Simulating Dataset 0
--Luminosity Cut: inf
----N_im: 256
------Varying parameter -1
------Varying parameter 0
------Varying parameter 1
------Varying parameter 2
------Varying parameter 3
------Varying parameter 4
------Varying parameter 5
------Varying parameter 6
------Varying parameter 7
------Varying parameter 8
----N_im: 512
------Varying parameter -1
------Varying parameter 0
------Varying parameter 1
------Varying parameter 2
------Varying parameter 3
------Varying parameter 4
------Varying parameter 5
------Varying parameter 6
------Varying parameter 7
------Varying parameter 8
----N_im: 1024
------Varying parameter -1
------Varying parameter 0
------Varying parameter 1
------Varying parameter 2
------Varying parameter 3
------Varying parameter 4
------Varying parameter 5
------Varying parameter 6
------Varying parameter 7
------Varying parameter 8
----N_im: 2048
------Varying parameter -1
------Varying parameter 0
------Varying parameter 1
------Varying parameter 2
------Varying parameter 3
------Varying parameter 4
------Varying parameter 5
------Varying parameter 6
------Varying parameter 7
------Varying parameter 8
--Luminosity Cut: 1.0e+04
----N_im: 256
------Varying parameter -1
------Varying parameter 0
------Varying parameter 1
------Varying parameter 2
------Varying parameter 3
------Varying parameter 4
------Varying parameter 5
------Varying parameter 6
------Varying parameter 7
------Varying parameter 8
----N_im: 512
------Varying parameter -1
------Varying parameter 0
------Varying parameter 1
------Varying parameter 2
------Varying parameter 3
------Varying parameter 4
------Varying parameter 5
------Varying parameter 6
------Varying parameter 7
------Varying parameter 8
----N_im: 1024
------Varying parameter -1
------Varying parameter 0
------Varying parameter 1
------Varying parameter 2
------Varying parameter 3
------Varying parameter 4
------Varying parameter 5
------Varying parameter 6
------Varying parameter 7
------Varying parameter 8
----N_im: 2048
------Varying parameter -1
------Varying parameter 0
------Varying parameter 1
------Varying parameter 2
------Varying parameter 3
------Varying parameter 4
------Varying parameter 5
------Varying parameter 6
------Varying parameter 7
------Varying parameter 8
--Luminosity Cut: 1.0e+03
----N_im: 256
------Varying parameter -1
------Varying parameter 0
------Varying parameter 1
------Varying parameter 2
------Varying parameter 3
------Varying parameter 4
------Varying parameter 5
------Varying parameter 6
------Varying parameter 7
------Varying parameter 8
----N_im: 512
------Varying parameter -1
------Varying parameter 0
------Varying parameter 1
------Varying parameter 2
------Varying parameter 3
------Varying parameter 4
------Varying parameter 5
------Varying parameter 6
------Varying parameter 7
------Varying parameter 8
----N_im: 1024
------Varying parameter -1
------Varying parameter 0
------Varying parameter 1
------Varying parameter 2
------Varying parameter 3
------Varying parameter 4
------Varying parameter 5
------Varying parameter 6
------Varying parameter 7
------Varying parameter 8
----N_im: 2048
------Varying parameter -1
------Varying parameter 0
------Varying parameter 1
------Varying parameter 2
------Varying parameter 3
------Varying parameter 4
------Varying parameter 5
------Varying parameter 6
------Varying parameter 7
------Varying parameter 8
Simulating Dataset 1
--Luminosity Cut: inf
----N_im: 256
------Varying parameter -1
------Varying parameter 0
------Varying parameter 1
------Varying parameter 2
------Varying parameter 3
------Varying parameter 4
------Varying parameter 5
------Varying parameter 6
------Varying parameter 7
------Varying parameter 8
----N_im: 512
------Varying parameter -1
------Varying parameter 0
------Varying parameter 1
------Varying parameter 2
------Varying parameter 3
------Varying parameter 4
------Varying parameter 5
------Varying parameter 6
------Varying parameter 7
------Varying parameter 8
----N_im: 1024
------Varying parameter -1
------Varying parameter 0
------Varying parameter 1
------Varying parameter 2
------Varying parameter 3
------Varying parameter 4
------Varying parameter 5
------Varying parameter 6
------Varying parameter 7
------Varying parameter 8
----N_im: 2048
------Varying parameter -1
------Varying parameter 0
------Varying parameter 1
------Varying parameter 2
------Varying parameter 3
------Varying parameter 4
------Varying parameter 5
------Varying parameter 6
------Varying parameter 7
------Varying parameter 8
--Luminosity Cut: 1.0e+04
----N_im: 256
------Varying parameter -1
------Varying parameter 0
------Varying parameter 1
------Varying parameter 2
------Varying parameter 3
------Varying parameter 4
------Varying parameter 5
------Varying parameter 6
------Varying parameter 7
------Varying parameter 8
----N_im: 512
------Varying parameter -1
------Varying parameter 0
------Varying parameter 1
------Varying parameter 2
------Varying parameter 3
------Varying parameter 4
------Varying parameter 5
------Varying parameter 6
------Varying parameter 7
------Varying parameter 8
----N_im: 1024
------Varying parameter -1
------Varying parameter 0
------Varying parameter 1
------Varying parameter 2
------Varying parameter 3
------Varying parameter 4
------Varying parameter 5
------Varying parameter 6
------Varying parameter 7
------Varying parameter 8
----N_im: 2048
------Varying parameter -1
------Varying parameter 0
------Varying parameter 1
------Varying parameter 2
------Varying parameter 3
------Varying parameter 4
------Varying parameter 5
------Varying parameter 6
------Varying parameter 7
------Varying parameter 8
--Luminosity Cut: 1.0e+03
----N_im: 256
------Varying parameter -1
------Varying parameter 0
------Varying parameter 1
------Varying parameter 2
------Varying parameter 3
------Varying parameter 4
------Varying parameter 5
------Varying parameter 6
------Varying parameter 7
------Varying parameter 8
----N_im: 512
------Varying parameter -1
------Varying parameter 0
------Varying parameter 1
------Varying parameter 2
------Varying parameter 3
------Varying parameter 4
------Varying parameter 5
------Varying parameter 6
------Varying parameter 7
------Varying parameter 8
----N_im: 1024
------Varying parameter -1
------Varying parameter 0
------Varying parameter 1
------Varying parameter 2
------Varying parameter 3
------Varying parameter 4
------Varying parameter 5
------Varying parameter 6
------Varying parameter 7
------Varying parameter 8
----N_im: 2048
------Varying parameter -1
------Varying parameter 0
------Varying parameter 1
------Varying parameter 2
------Varying parameter 3
------Varying parameter 4
------Varying parameter 5
------Varying parameter 6
------Varying parameter 7
------Varying parameter 8
Simulating Dataset 2
--Luminosity Cut: inf
----N_im: 256
------Varying parameter -1
------Varying parameter 0
------Varying parameter 1
------Varying parameter 2
------Varying parameter 3
------Varying parameter 4
------Varying parameter 5
------Varying parameter 6
------Varying parameter 7
------Varying parameter 8
----N_im: 512
------Varying parameter -1
------Varying parameter 0
------Varying parameter 1
------Varying parameter 2
------Varying parameter 3
------Varying parameter 4
------Varying parameter 5
------Varying parameter 6
------Varying parameter 7
------Varying parameter 8
----N_im: 1024
------Varying parameter -1
------Varying parameter 0
------Varying parameter 1
------Varying parameter 2
------Varying parameter 3
------Varying parameter 4
------Varying parameter 5
------Varying parameter 6
------Varying parameter 7
------Varying parameter 8
----N_im: 2048
------Varying parameter -1
------Varying parameter 0
------Varying parameter 1
------Varying parameter 2
------Varying parameter 3
------Varying parameter 4
------Varying parameter 5
------Varying parameter 6
------Varying parameter 7
------Varying parameter 8
--Luminosity Cut: 1.0e+04
----N_im: 256
------Varying parameter -1
------Varying parameter 0
------Varying parameter 1
------Varying parameter 2
------Varying parameter 3
------Varying parameter 4
------Varying parameter 5
------Varying parameter 6
------Varying parameter 7
------Varying parameter 8
----N_im: 512
------Varying parameter -1
------Varying parameter 0
------Varying parameter 1
------Varying parameter 2
------Varying parameter 3
------Varying parameter 4
------Varying parameter 5
------Varying parameter 6
------Varying parameter 7
------Varying parameter 8
----N_im: 1024
------Varying parameter -1
------Varying parameter 0
------Varying parameter 1
------Varying parameter 2
------Varying parameter 3
------Varying parameter 4
------Varying parameter 5
------Varying parameter 6
------Varying parameter 7
------Varying parameter 8
----N_im: 2048
------Varying parameter -1
------Varying parameter 0
------Varying parameter 1
------Varying parameter 2
------Varying parameter 3
------Varying parameter 4
------Varying parameter 5
------Varying parameter 6
------Varying parameter 7
------Varying parameter 8
--Luminosity Cut: 1.0e+03
----N_im: 256
------Varying parameter -1
------Varying parameter 0
------Varying parameter 1
------Varying parameter 2
------Varying parameter 3
------Varying parameter 4
------Varying parameter 5
------Varying parameter 6
------Varying parameter 7
------Varying parameter 8
----N_im: 512
------Varying parameter -1
------Varying parameter 0
------Varying parameter 1
------Varying parameter 2
------Varying parameter 3
------Varying parameter 4
------Varying parameter 5
------Varying parameter 6
------Varying parameter 7
------Varying parameter 8
----N_im: 1024
------Varying parameter -1
------Varying parameter 0
------Varying parameter 1
------Varying parameter 2
------Varying parameter 3
------Varying parameter 4
------Varying parameter 5
------Varying parameter 6
------Varying parameter 7
------Varying parameter 8
----N_im: 2048
------Varying parameter -1
------Varying parameter 0
------Varying parameter 1
------Varying parameter 2
------Varying parameter 3
------Varying parameter 4
------Varying parameter 5
------Varying parameter 6
------Varying parameter 7
------Varying parameter 8
Simulating Dataset 3
--Luminosity Cut: inf
----N_im: 256
------Varying parameter -1
------Varying parameter 0
------Varying parameter 1
------Varying parameter 2
------Varying parameter 3
------Varying parameter 4
------Varying parameter 5
------Varying parameter 6
------Varying parameter 7
------Varying parameter 8
----N_im: 512
------Varying parameter -1
------Varying parameter 0
------Varying parameter 1
------Varying parameter 2
------Varying parameter 3
------Varying parameter 4
------Varying parameter 5
------Varying parameter 6
------Varying parameter 7
------Varying parameter 8
----N_im: 1024
------Varying parameter -1
------Varying parameter 0
------Varying parameter 1
------Varying parameter 2
------Varying parameter 3
------Varying parameter 4
------Varying parameter 5
------Varying parameter 6
------Varying parameter 7
------Varying parameter 8
----N_im: 2048
------Varying parameter -1
------Varying parameter 0
------Varying parameter 1
------Varying parameter 2
------Varying parameter 3
------Varying parameter 4
------Varying parameter 5
------Varying parameter 6
------Varying parameter 7
------Varying parameter 8
--Luminosity Cut: 1.0e+04
----N_im: 256
------Varying parameter -1
------Varying parameter 0
------Varying parameter 1
------Varying parameter 2
------Varying parameter 3
------Varying parameter 4
------Varying parameter 5
------Varying parameter 6
------Varying parameter 7
------Varying parameter 8
----N_im: 512
------Varying parameter -1
------Varying parameter 0
------Varying parameter 1
------Varying parameter 2
------Varying parameter 3
------Varying parameter 4
------Varying parameter 5
------Varying parameter 6
------Varying parameter 7
------Varying parameter 8
----N_im: 1024
------Varying parameter -1
------Varying parameter 0
------Varying parameter 1
------Varying parameter 2
------Varying parameter 3
------Varying parameter 4
------Varying parameter 5
------Varying parameter 6
------Varying parameter 7
------Varying parameter 8
----N_im: 2048
------Varying parameter -1
------Varying parameter 0
------Varying parameter 1
------Varying parameter 2
------Varying parameter 3
------Varying parameter 4
------Varying parameter 5
------Varying parameter 6
------Varying parameter 7
------Varying parameter 8
--Luminosity Cut: 1.0e+03
----N_im: 256
------Varying parameter -1
------Varying parameter 0
------Varying parameter 1
------Varying parameter 2
------Varying parameter 3
------Varying parameter 4
------Varying parameter 5
------Varying parameter 6
------Varying parameter 7
------Varying parameter 8
----N_im: 512
------Varying parameter -1
------Varying parameter 0
------Varying parameter 1
------Varying parameter 2
------Varying parameter 3
------Varying parameter 4
------Varying parameter 5
------Varying parameter 6
------Varying parameter 7
------Varying parameter 8
----N_im: 1024
------Varying parameter -1
------Varying parameter 0
------Varying parameter 1
------Varying parameter 2
------Varying parameter 3
------Varying parameter 4
------Varying parameter 5
------Varying parameter 6
------Varying parameter 7
------Varying parameter 8
----N_im: 2048
------Varying parameter -1
------Varying parameter 0
------Varying parameter 1
------Varying parameter 2
------Varying parameter 3
------Varying parameter 4
------Varying parameter 5
------Varying parameter 6
------Varying parameter 7
------Varying parameter 8
Simulating Dataset 4
--Luminosity Cut: inf
----N_im: 256
------Varying parameter -1
------Varying parameter 0
------Varying parameter 1
------Varying parameter 2
------Varying parameter 3
------Varying parameter 4
------Varying parameter 5
------Varying parameter 6
------Varying parameter 7
------Varying parameter 8
----N_im: 512
------Varying parameter -1
------Varying parameter 0
------Varying parameter 1
------Varying parameter 2
------Varying parameter 3
------Varying parameter 4
------Varying parameter 5
------Varying parameter 6
------Varying parameter 7
------Varying parameter 8
----N_im: 1024
------Varying parameter -1
------Varying parameter 0
------Varying parameter 1
------Varying parameter 2
------Varying parameter 3
------Varying parameter 4
------Varying parameter 5
------Varying parameter 6
------Varying parameter 7
------Varying parameter 8
----N_im: 2048
------Varying parameter -1
------Varying parameter 0
------Varying parameter 1
------Varying parameter 2
------Varying parameter 3
------Varying parameter 4
------Varying parameter 5
------Varying parameter 6
------Varying parameter 7
------Varying parameter 8
--Luminosity Cut: 1.0e+04
----N_im: 256
------Varying parameter -1
------Varying parameter 0
------Varying parameter 1
------Varying parameter 2
------Varying parameter 3
------Varying parameter 4
------Varying parameter 5
------Varying parameter 6
------Varying parameter 7
------Varying parameter 8
----N_im: 512
------Varying parameter -1
------Varying parameter 0
------Varying parameter 1
------Varying parameter 2
------Varying parameter 3
------Varying parameter 4
------Varying parameter 5
------Varying parameter 6
------Varying parameter 7
------Varying parameter 8
----N_im: 1024
------Varying parameter -1
------Varying parameter 0
------Varying parameter 1
------Varying parameter 2
------Varying parameter 3
------Varying parameter 4
------Varying parameter 5
------Varying parameter 6
------Varying parameter 7
------Varying parameter 8
----N_im: 2048
------Varying parameter -1
------Varying parameter 0
------Varying parameter 1
------Varying parameter 2
------Varying parameter 3
------Varying parameter 4
------Varying parameter 5
------Varying parameter 6
------Varying parameter 7
------Varying parameter 8
--Luminosity Cut: 1.0e+03
----N_im: 256
------Varying parameter -1
------Varying parameter 0
------Varying parameter 1
------Varying parameter 2
------Varying parameter 3
------Varying parameter 4
------Varying parameter 5
------Varying parameter 6
------Varying parameter 7
------Varying parameter 8
----N_im: 512
------Varying parameter -1
------Varying parameter 0
------Varying parameter 1
------Varying parameter 2
------Varying parameter 3
------Varying parameter 4
------Varying parameter 5
------Varying parameter 6
------Varying parameter 7
------Varying parameter 8
----N_im: 1024
------Varying parameter -1
------Varying parameter 0
------Varying parameter 1
------Varying parameter 2
------Varying parameter 3
------Varying parameter 4
------Varying parameter 5
------Varying parameter 6
------Varying parameter 7
------Varying parameter 8
----N_im: 2048
------Varying parameter -1
------Varying parameter 0
------Varying parameter 1
------Varying parameter 2
------Varying parameter 3
------Varying parameter 4
------Varying parameter 5
------Varying parameter 6
------Varying parameter 7
------Varying parameter 8
Simulating Dataset 5
--Luminosity Cut: inf
----N_im: 256
------Varying parameter -1
------Varying parameter 0
------Varying parameter 1
------Varying parameter 2
------Varying parameter 3
------Varying parameter 4
------Varying parameter 5
------Varying parameter 6
------Varying parameter 7
------Varying parameter 8
----N_im: 512
------Varying parameter -1
------Varying parameter 0
------Varying parameter 1
------Varying parameter 2
------Varying parameter 3
------Varying parameter 4
------Varying parameter 5
------Varying parameter 6
------Varying parameter 7
------Varying parameter 8
----N_im: 1024
------Varying parameter -1
------Varying parameter 0
------Varying parameter 1
------Varying parameter 2
------Varying parameter 3
------Varying parameter 4
------Varying parameter 5
------Varying parameter 6
------Varying parameter 7
------Varying parameter 8
----N_im: 2048
------Varying parameter -1
------Varying parameter 0
------Varying parameter 1
------Varying parameter 2
------Varying parameter 3
------Varying parameter 4
------Varying parameter 5
------Varying parameter 6
------Varying parameter 7
------Varying parameter 8
--Luminosity Cut: 1.0e+04
----N_im: 256
------Varying parameter -1
------Varying parameter 0
------Varying parameter 1
------Varying parameter 2
------Varying parameter 3
------Varying parameter 4
------Varying parameter 5
------Varying parameter 6
------Varying parameter 7
------Varying parameter 8
----N_im: 512
------Varying parameter -1
------Varying parameter 0
------Varying parameter 1
------Varying parameter 2
------Varying parameter 3
------Varying parameter 4
------Varying parameter 5
------Varying parameter 6
------Varying parameter 7
------Varying parameter 8
----N_im: 1024
------Varying parameter -1
------Varying parameter 0
------Varying parameter 1
------Varying parameter 2
------Varying parameter 3
------Varying parameter 4
------Varying parameter 5
------Varying parameter 6
------Varying parameter 7
------Varying parameter 8
----N_im: 2048
------Varying parameter -1
------Varying parameter 0
------Varying parameter 1
------Varying parameter 2
------Varying parameter 3
------Varying parameter 4
------Varying parameter 5
------Varying parameter 6
------Varying parameter 7
------Varying parameter 8
--Luminosity Cut: 1.0e+03
----N_im: 256
------Varying parameter -1
------Varying parameter 0
------Varying parameter 1
------Varying parameter 2
------Varying parameter 3
------Varying parameter 4
------Varying parameter 5
------Varying parameter 6
------Varying parameter 7
------Varying parameter 8
----N_im: 512
------Varying parameter -1
------Varying parameter 0
------Varying parameter 1
------Varying parameter 2
------Varying parameter 3
------Varying parameter 4
------Varying parameter 5
------Varying parameter 6
------Varying parameter 7
------Varying parameter 8
----N_im: 1024
------Varying parameter -1
------Varying parameter 0
------Varying parameter 1
------Varying parameter 2
------Varying parameter 3
------Varying parameter 4
------Varying parameter 5
------Varying parameter 6
------Varying parameter 7
------Varying parameter 8
----N_im: 2048
------Varying parameter -1
------Varying parameter 0
------Varying parameter 1
------Varying parameter 2
------Varying parameter 3
------Varying parameter 4
------Varying parameter 5
------Varying parameter 6
------Varying parameter 7
------Varying parameter 8
       JobID    JobName   NTasks  AllocCPUS    AllocGRES  Partition    Elapsed     MaxRSS  MaxVMSize  MaxDiskRead MaxDiskWrite      State 
------------ ---------- -------- ---------- ------------ ---------- ---------- ---------- ---------- ------------ ------------ ---------- 
25514345     batch_var+                   2        gpu:1 serial_re+   06:33:29                                                    RUNNING 
25514345.ex+     extern        1          2        gpu:1              06:33:29                                                    RUNNING 
