GPU acceleration enabled
Loading command line arguments
Using 2 threads
Setting N_scale to 1024
Setting N_walkers to 20
Setting N_burn to 0
Setting N_sample to 500
Requiring GPU
Requiring CUDAC
Appending _gpu_multi to filenames
---Setting up model galaxy
---Simulating model galaxy
---Running emcee
-initializing models
-Setting up emcee sampler
emcee: Exception while calling your likelihood function:
  params: [-0.62796624 -2.70711898  2.77910673 -3.41199769 -5.41738086 -3.8272449
 -0.22891133  0.2454661   1.95838926]
  args: [<driver.Driver instance at 0x2b10cd4855a8>, 1024]
  kwargs: {'gal_class': <class galaxy.Galaxy_Model at 0x2b10c01250b8>}
  exception:
emcee: Exception while calling your likelihood function:
  params: [-0.63779204 -2.7307009   0.91257202 -6.29046502 -5.51089023  0.03200145
  2.72916571 -0.45281775  2.02651381]
  args: [<driver.Driver instance at 0x2b10cd4855a8>, 1024]
  kwargs: {'gal_class': <class galaxy.Galaxy_Model at 0x2b10c01250b8>}
  exception:
emcee: Exception while calling your likelihood function:
  params: [-0.90603197 -3.37447673 -4.71596837 -4.04567564  2.06043105 -0.91702071
 -0.22908193 -5.95756926 -5.14723237]
  args: [<driver.Driver instance at 0x2b10a298d830>, 1024]
  kwargs: {'gal_class': <class galaxy.Galaxy_Model at 0x2b10c01250b8>}
  exception:
emcee: Exception while calling your likelihood function:
  params: [-1.0413962  -3.69935089 -4.34740696 -4.85691865 -7.53304228  0.79893562
  1.03346376 -5.59325028  1.49444371]
  args: [<driver.Driver instance at 0x2b10a298d830>, 1024]
  kwargs: {'gal_class': <class galaxy.Galaxy_Model at 0x2b10c01250b8>}
  exception:
