Using pcmdpy version 0.9.0
Loading Setup File: setup_files/M31/M31_model12.py
(2, 47362)
Running Nested Sampling
-initializing models
-Saving initial results dataframe
iter: 1 | nc: 1 | ncalls: 401 | bounds: 0 | eff(%):  0.249 | logz: -1.6e+05 +/- 1.3e-01 | dlogz:    inf >  0.500
 loglike: -1.6e+05 | params: [-0.98858279 -0.65549303  5.9902118   4.04941986 22.15083967]
 Average call time: 0.35 sec | Current time: 2019-04-18 20:49:30.043288
 --------------------------
iter: 2 | nc: 1 | ncalls: 402 | bounds: 0 | eff(%):  0.498 | logz: -1.6e+05 +/- 1.3e-01 | dlogz: 151442.942 >  0.500
 loglike: -1.6e+05 | params: [-0.91918947 -1.32252739  5.92801897  0.70731923 22.59690449]
 Average call time: 0.52 sec | Current time: 2019-04-18 20:49:30.559144
 --------------------------
iter: 3 | nc: 1 | ncalls: 403 | bounds: 0 | eff(%):  0.744 | logz: -1.6e+05 +/- 1.3e-01 | dlogz: 151106.929 >  0.500
 loglike: -1.6e+05 | params: [-0.38559319 -1.99142737  5.81605746  3.06573774 22.03273138]
 Average call time: 0.53 sec | Current time: 2019-04-18 20:49:31.092045
 --------------------------
iter: 4 | nc: 1 | ncalls: 404 | bounds: 0 | eff(%):  0.990 | logz: -1.6e+05 +/- 1.3e-01 | dlogz: 150777.773 >  0.500
 loglike: -1.6e+05 | params: [-0.98597714 -0.64902707  5.90896572  2.82878393 22.42386922]
 Average call time: 0.53 sec | Current time: 2019-04-18 20:49:31.617261
 --------------------------
iter: 5 | nc: 1 | ncalls: 405 | bounds: 0 | eff(%):  1.235 | logz: -1.6e+05 +/- 1.3e-01 | dlogz: 150430.404 >  0.500
 loglike: -1.6e+05 | params: [ 0.38747057 -1.20630253  5.88474293  2.78153853 22.03218989]
 Average call time: 0.38 sec | Current time: 2019-04-18 20:49:31.996332
 --------------------------
iter: 6 | nc: 1 | ncalls: 406 | bounds: 0 | eff(%):  1.478 | logz: -1.6e+05 +/- 1.3e-01 | dlogz: 150088.725 >  0.500
 loglike: -1.6e+05 | params: [-0.70184216 -1.33406957  5.69906938  3.39002836 22.40761548]
 Average call time: 0.52 sec | Current time: 2019-04-18 20:49:32.511424
 --------------------------
iter: 7 | nc: 1 | ncalls: 407 | bounds: 0 | eff(%):  1.720 | logz: -1.6e+05 +/- 1.3e-01 | dlogz: 149338.363 >  0.500
 loglike: -1.6e+05 | params: [-0.76710399 -1.45851206  5.82030103  0.737776   23.36423293]
 Average call time: 0.52 sec | Current time: 2019-04-18 20:49:33.034849
 --------------------------
iter: 8 | nc: 1 | ncalls: 408 | bounds: 0 | eff(%):  1.961 | logz: -1.6e+05 +/- 1.3e-01 | dlogz: 148609.168 >  0.500
 loglike: -1.6e+05 | params: [-0.14543816 -0.66598521  5.67256746  0.8466862  22.59492503]
 Average call time: 0.52 sec | Current time: 2019-04-18 20:49:33.551428
 --------------------------
iter: 9 | nc: 1 | ncalls: 409 | bounds: 0 | eff(%):  2.200 | logz: -1.6e+05 +/- 1.3e-01 | dlogz: 148250.773 >  0.500
 loglike: -1.6e+05 | params: [ 0.26909621 -1.72511649  5.65187677  0.6078961  22.63411906]
 Average call time: 0.52 sec | Current time: 2019-04-18 20:49:34.071284
 --------------------------
iter: 10 | nc: 1 | ncalls: 410 | bounds: 0 | eff(%):  2.439 | logz: -1.6e+05 +/- 1.3e-01 | dlogz: 148112.855 >  0.500
 loglike: -1.6e+05 | params: [-0.85280881 -1.34265907  5.78994493  0.3038156  23.55423779]
 Average call time: 0.57 sec | Current time: 2019-04-18 20:49:34.645774
 --------------------------
iter: 11 | nc: 1 | ncalls: 411 | bounds: 0 | eff(%):  2.676 | logz: -1.6e+05 +/- 1.3e-01 | dlogz: 147981.324 >  0.500
 loglike: -1.6e+05 | params: [-0.94103281 -1.35233522  5.41710339  2.16940957 22.44224555]
 Average call time: 0.52 sec | Current time: 2019-04-18 20:49:35.169728
 --------------------------
iter: 12 | nc: 1 | ncalls: 412 | bounds: 0 | eff(%):  2.913 | logz: -1.6e+05 +/- 1.2e-01 | dlogz: 147976.579 >  0.500
 loglike: -1.6e+05 | params: [-0.70723501 -1.91391282  5.65897819  4.17028345 22.79502139]
 Average call time: 0.54 sec | Current time: 2019-04-18 20:49:35.709222
 --------------------------
iter: 13 | nc: 1 | ncalls: 413 | bounds: 0 | eff(%):  3.148 | logz: -1.6e+05 +/- 1.3e-01 | dlogz: 147975.350 >  0.500
 loglike: -1.6e+05 | params: [-0.22054683 -1.68831348  5.50039123  1.19834225 22.69329663]
 Average call time: 0.52 sec | Current time: 2019-04-18 20:49:36.233078
 --------------------------
iter: 14 | nc: 1 | ncalls: 414 | bounds: 0 | eff(%):  3.382 | logz: -1.6e+05 +/- 1.3e-01 | dlogz: 147783.696 >  0.500
 loglike: -1.6e+05 | params: [-0.20990934 -1.05541015  5.52605533  3.24158195 22.11343958]
 Average call time: 0.36 sec | Current time: 2019-04-18 20:49:36.592929
 --------------------------
iter: 15 | nc: 1 | ncalls: 415 | bounds: 0 | eff(%):  3.614 | logz: -1.6e+05 +/- 1.3e-01 | dlogz: 147743.012 >  0.500
 loglike: -1.6e+05 | params: [-0.36758781 -0.60175185  5.47053128  2.28135469 22.1459471 ]
 Average call time: 0.51 sec | Current time: 2019-04-18 20:49:37.104373
 --------------------------
iter: 16 | nc: 1 | ncalls: 416 | bounds: 0 | eff(%):  3.846 | logz: -1.6e+05 +/- 1.3e-01 | dlogz: 147718.192 >  0.500
 loglike: -1.6e+05 | params: [-0.2324181  -0.73457533  5.97417461  3.19070527 23.42736665]
 Average call time: 0.54 sec | Current time: 2019-04-18 20:49:37.642109
 --------------------------
iter: 17 | nc: 1 | ncalls: 417 | bounds: 0 | eff(%):  4.077 | logz: -1.6e+05 +/- 1.3e-01 | dlogz: 147527.811 >  0.500
 loglike: -1.6e+05 | params: [-0.51520778 -1.11427729  5.41559427  1.50660588 22.86533613]
 Average call time: 0.51 sec | Current time: 2019-04-18 20:49:38.148456
 --------------------------
iter: 18 | nc: 1 | ncalls: 418 | bounds: 0 | eff(%):  4.306 | logz: -1.6e+05 +/- 1.3e-01 | dlogz: 146967.375 >  0.500
 loglike: -1.6e+05 | params: [-0.96734161 -1.32749335  5.57245923  3.901818   23.24580658]
 Average call time: 0.51 sec | Current time: 2019-04-18 20:49:38.654739
 --------------------------
iter: 19 | nc: 1 | ncalls: 419 | bounds: 0 | eff(%):  4.535 | logz: -1.6e+05 +/- 1.3e-01 | dlogz: 146533.839 >  0.500
 loglike: -1.6e+05 | params: [-0.09101749 -0.55280521  5.87036592  4.65714117 22.92339916]
 Average call time: 0.52 sec | Current time: 2019-04-18 20:49:39.175377
 --------------------------
iter: 20 | nc: 1 | ncalls: 420 | bounds: 0 | eff(%):  4.762 | logz: -1.6e+05 +/- 1.3e-01 | dlogz: 146374.900 >  0.500
 loglike: -1.6e+05 | params: [-0.7098485  -0.88992785  5.8269195   2.62788049 24.15022614]
 Average call time: 0.61 sec | Current time: 2019-04-18 20:49:39.788072
 --------------------------
iter: 21 | nc: 1 | ncalls: 421 | bounds: 0 | eff(%):  4.988 | logz: -1.6e+05 +/- 1.3e-01 | dlogz: 146279.778 >  0.500
 loglike: -1.6e+05 | params: [ 0.20857369 -1.27358883  5.50670019  0.84588652 23.09858169]
 Average call time: 0.51 sec | Current time: 2019-04-18 20:49:40.294873
 --------------------------
iter: 22 | nc: 1 | ncalls: 422 | bounds: 0 | eff(%):  5.213 | logz: -1.6e+05 +/- 1.3e-01 | dlogz: 146267.302 >  0.500
 loglike: -1.6e+05 | params: [-0.92179549 -1.86090603  5.54795852  0.92393974 23.81443306]
 Average call time: 0.52 sec | Current time: 2019-04-18 20:49:40.813334
 --------------------------
iter: 23 | nc: 2 | ncalls: 424 | bounds: 0 | eff(%):  5.425 | logz: -1.6e+05 +/- 1.3e-01 | dlogz: 146185.469 >  0.500
 loglike: -1.6e+05 | params: [-0.80233529 -0.6092302   5.31118632  2.02438516 22.70285323]
 Average call time: 0.43 sec | Current time: 2019-04-18 20:49:41.666332
 --------------------------
iter: 24 | nc: 1 | ncalls: 425 | bounds: 0 | eff(%):  5.647 | logz: -1.6e+05 +/- 1.3e-01 | dlogz: 146172.834 >  0.500
 loglike: -1.6e+05 | params: [-0.18581391 -1.25759766  5.20513187  1.60900039 22.57009889]
 Average call time: 0.35 sec | Current time: 2019-04-18 20:49:42.017365
 --------------------------
iter: 25 | nc: 1 | ncalls: 426 | bounds: 0 | eff(%):  5.869 | logz: -1.6e+05 +/- 1.3e-01 | dlogz: 146062.692 >  0.500
 loglike: -1.6e+05 | params: [ 0.26903703 -1.29000519  5.6102201   1.20737808 23.52076869]
 Average call time: 0.51 sec | Current time: 2019-04-18 20:49:42.524065
 --------------------------
iter: 26 | nc: 1 | ncalls: 427 | bounds: 0 | eff(%):  6.089 | logz: -1.6e+05 +/- 1.3e-01 | dlogz: 146051.954 >  0.500
 loglike: -1.6e+05 | params: [ 0.17094599 -0.76775907  5.81363902  3.08878485 23.45040911]
 Average call time: 0.35 sec | Current time: 2019-04-18 20:49:42.877682
 --------------------------
iter: 27 | nc: 1 | ncalls: 428 | bounds: 0 | eff(%):  6.308 | logz: -1.6e+05 +/- 1.3e-01 | dlogz: 146032.152 >  0.500
 loglike: -1.6e+05 | params: [-0.97902378 -1.08653429  5.95426552  1.19812442 24.93608859]
 Average call time: 0.35 sec | Current time: 2019-04-18 20:49:43.229494
 --------------------------
iter: 28 | nc: 1 | ncalls: 429 | bounds: 0 | eff(%):  6.527 | logz: -1.6e+05 +/- 1.3e-01 | dlogz: 146015.114 >  0.500
 loglike: -1.6e+05 | params: [ 0.46108372 -0.86867657  5.66670982  0.28474392 23.42924424]
 Average call time: 0.51 sec | Current time: 2019-04-18 20:49:43.737436
 --------------------------
iter: 29 | nc: 1 | ncalls: 430 | bounds: 0 | eff(%):  6.744 | logz: -1.6e+05 +/- 1.3e-01 | dlogz: 145912.768 >  0.500
 loglike: -1.6e+05 | params: [ 0.21552985 -0.55384819  5.83085626  2.99671097 23.5575166 ]
 Average call time: 0.50 sec | Current time: 2019-04-18 20:49:44.242165
 --------------------------
iter: 30 | nc: 1 | ncalls: 431 | bounds: 0 | eff(%):  6.961 | logz: -1.6e+05 +/- 1.3e-01 | dlogz: 145749.830 >  0.500
 loglike: -1.6e+05 | params: [-0.60753085 -0.65995718  5.28980322  1.38208826 23.03441955]
 Average call time: 0.42 sec | Current time: 2019-04-18 20:49:44.658476
 --------------------------
iter: 31 | nc: 1 | ncalls: 432 | bounds: 0 | eff(%):  7.176 | logz: -1.6e+05 +/- 1.3e-01 | dlogz: 145619.412 >  0.500
 loglike: -1.6e+05 | params: [-0.50498892 -1.08998718  5.28863915  3.17702882 22.58961529]
 Average call time: 0.35 sec | Current time: 2019-04-18 20:49:45.007109
 --------------------------
iter: 32 | nc: 1 | ncalls: 433 | bounds: 0 | eff(%):  7.390 | logz: -1.6e+05 +/- 1.3e-01 | dlogz: 145586.412 >  0.500
 loglike: -1.6e+05 | params: [-0.55203898 -0.70758558  5.62322878  3.86605793 23.3061582 ]
 Average call time: 0.36 sec | Current time: 2019-04-18 20:49:45.362301
 --------------------------
iter: 33 | nc: 1 | ncalls: 434 | bounds: 0 | eff(%):  7.604 | logz: -1.6e+05 +/- 1.3e-01 | dlogz: 145524.361 >  0.500
 loglike: -1.6e+05 | params: [-0.19701477 -1.08499925  5.40569456  2.10879422 23.30698513]
 Average call time: 0.51 sec | Current time: 2019-04-18 20:49:45.873404
 --------------------------
iter: 34 | nc: 1 | ncalls: 435 | bounds: 0 | eff(%):  7.816 | logz: -1.6e+05 +/- 1.3e-01 | dlogz: 145503.804 >  0.500
 loglike: -1.6e+05 | params: [-0.98740151 -1.29267658  5.40968844  4.62358052 23.15718067]
 Average call time: 0.35 sec | Current time: 2019-04-18 20:49:46.222743
 --------------------------
iter: 35 | nc: 1 | ncalls: 436 | bounds: 0 | eff(%):  8.028 | logz: -1.6e+05 +/- 1.3e-01 | dlogz: 145399.294 >  0.500
 loglike: -1.6e+05 | params: [-0.53672554 -1.44848633  5.05323068  0.98419268 22.68871428]
 Average call time: 0.50 sec | Current time: 2019-04-18 20:49:46.726152
 --------------------------
iter: 36 | nc: 1 | ncalls: 437 | bounds: 0 | eff(%):  8.238 | logz: -1.6e+05 +/- 1.3e-01 | dlogz: 145345.073 >  0.500
 loglike: -1.6e+05 | params: [-0.16100239 -1.50664271  5.33041793  1.30131599 23.44011193]
 Average call time: 0.35 sec | Current time: 2019-04-18 20:49:47.080762
 --------------------------
iter: 37 | nc: 1 | ncalls: 438 | bounds: 0 | eff(%):  8.447 | logz: -1.6e+05 +/- 1.3e-01 | dlogz: 145271.681 >  0.500
 loglike: -1.6e+05 | params: [-0.90399517 -1.24115458  5.73370685  0.8299134  24.84739397]
 Average call time: 0.51 sec | Current time: 2019-04-18 20:49:47.587789
 --------------------------
iter: 38 | nc: 1 | ncalls: 439 | bounds: 0 | eff(%):  8.656 | logz: -1.6e+05 +/- 1.3e-01 | dlogz: 145187.262 >  0.500
 loglike: -1.6e+05 | params: [-0.43986444 -1.98138953  5.68761335  4.37905274 23.75873411]
 Average call time: 0.51 sec | Current time: 2019-04-18 20:49:48.098247
 --------------------------
iter: 39 | nc: 1 | ncalls: 440 | bounds: 0 | eff(%):  8.864 | logz: -1.6e+05 +/- 1.3e-01 | dlogz: 145101.562 >  0.500
 loglike: -1.6e+05 | params: [ 0.09990664 -1.90171915  5.26204513  4.3128884  22.15805266]
 Average call time: 0.36 sec | Current time: 2019-04-18 20:49:48.453793
 --------------------------
iter: 40 | nc: 1 | ncalls: 441 | bounds: 0 | eff(%):  9.070 | logz: -1.6e+05 +/- 1.3e-01 | dlogz: 145031.308 >  0.500
 loglike: -1.6e+05 | params: [ 0.17362493 -1.47631759  4.99871138  0.36927162 22.39099112]
 Average call time: 0.38 sec | Current time: 2019-04-18 20:49:48.832660
 --------------------------
iter: 41 | nc: 1 | ncalls: 442 | bounds: 0 | eff(%):  9.276 | logz: -1.6e+05 +/- 1.3e-01 | dlogz: 145021.698 >  0.500
 loglike: -1.6e+05 | params: [-0.45021886 -1.90133182  5.15123552  2.61070149 22.88419252]
 Average call time: 0.51 sec | Current time: 2019-04-18 20:49:49.342393
 --------------------------
iter: 42 | nc: 1 | ncalls: 443 | bounds: 0 | eff(%):  9.481 | logz: -1.6e+05 +/- 1.3e-01 | dlogz: 144932.913 >  0.500
 loglike: -1.6e+05 | params: [-0.83664583 -1.30637077  5.54540733  2.3784156  24.33107636]
 Average call time: 0.51 sec | Current time: 2019-04-18 20:49:49.856974
 --------------------------
iter: 43 | nc: 1 | ncalls: 444 | bounds: 0 | eff(%):  9.685 | logz: -1.6e+05 +/- 1.3e-01 | dlogz: 144861.490 >  0.500
 loglike: -1.6e+05 | params: [-0.27542069 -1.81200259  5.85781674  0.18342657 25.38285383]
 Average call time: 0.50 sec | Current time: 2019-04-18 20:49:50.356703
 --------------------------
iter: 44 | nc: 1 | ncalls: 445 | bounds: 0 | eff(%):  9.888 | logz: -1.6e+05 +/- 1.3e-01 | dlogz: 144673.330 >  0.500
 loglike: -1.6e+05 | params: [-0.37546638 -1.05818405  5.62947331  0.44017142 24.75201572]
 Average call time: 0.51 sec | Current time: 2019-04-18 20:49:50.863742
 --------------------------
iter: 45 | nc: 2 | ncalls: 447 | bounds: 0 | eff(%): 10.067 | logz: -1.6e+05 +/- 1.3e-01 | dlogz: 144571.574 >  0.500
 loglike: -1.6e+05 | params: [-0.96605129 -1.68076716  4.90498682  3.39876899 22.19198184]
 Average call time: 0.52 sec | Current time: 2019-04-18 20:49:51.903626
 --------------------------
iter: 46 | nc: 1 | ncalls: 448 | bounds: 0 | eff(%): 10.268 | logz: -1.6e+05 +/- 1.3e-01 | dlogz: 144505.157 >  0.500
 loglike: -1.6e+05 | params: [-0.43918023 -1.39773382  5.70039765  1.29980832 25.3200634 ]
 Average call time: 0.35 sec | Current time: 2019-04-18 20:49:52.253204
 --------------------------
iter: 47 | nc: 1 | ncalls: 449 | bounds: 0 | eff(%): 10.468 | logz: -1.6e+05 +/- 1.3e-01 | dlogz: 144210.859 >  0.500
 loglike: -1.6e+05 | params: [-0.41496827 -1.59931693  5.20866568  4.50821588 22.50793928]
 Average call time: 0.51 sec | Current time: 2019-04-18 20:49:52.763938
 --------------------------
iter: 48 | nc: 1 | ncalls: 450 | bounds: 0 | eff(%): 10.667 | logz: -1.6e+05 +/- 1.3e-01 | dlogz: 144130.681 >  0.500
 loglike: -1.6e+05 | params: [ 0.20716535 -1.55833492  5.122476    1.20145289 23.44924576]
 Average call time: 0.50 sec | Current time: 2019-04-18 20:49:53.263067
 --------------------------
iter: 49 | nc: 1 | ncalls: 451 | bounds: 0 | eff(%): 10.865 | logz: -1.6e+05 +/- 1.3e-01 | dlogz: 143920.080 >  0.500
 loglike: -1.6e+05 | params: [-0.7729071  -1.49723801  4.63020711  0.45937846 22.27503198]
 Average call time: 0.50 sec | Current time: 2019-04-18 20:49:53.767504
 --------------------------
iter: 50 | nc: 1 | ncalls: 452 | bounds: 0 | eff(%): 11.062 | logz: -1.6e+05 +/- 1.3e-01 | dlogz: 143805.771 >  0.500
 loglike: -1.6e+05 | params: [-0.56012266 -1.20482476  5.46530208  4.35704036 23.78251651]
 Average call time: 0.40 sec | Current time: 2019-04-18 20:49:54.165632
 --------------------------
iter: 51 | nc: 1 | ncalls: 453 | bounds: 0 | eff(%): 11.258 | logz: -1.6e+05 +/- 1.3e-01 | dlogz: 143775.809 >  0.500
 loglike: -1.6e+05 | params: [ 9.24231894e-03 -1.86879258e+00  5.54786376e+00  3.93407630e+00
  2.35865221e+01]
 Average call time: 0.34 sec | Current time: 2019-04-18 20:49:54.510165
 --------------------------
iter: 52 | nc: 2 | ncalls: 455 | bounds: 0 | eff(%): 11.429 | logz: -1.6e+05 +/- 1.3e-01 | dlogz: 143771.450 >  0.500
 loglike: -1.6e+05 | params: [-0.95802357 -0.70461309  5.99452304  1.69401814 26.25130417]
 Average call time: 0.54 sec | Current time: 2019-04-18 20:49:55.593683
 --------------------------
iter: 53 | nc: 1 | ncalls: 456 | bounds: 0 | eff(%): 11.623 | logz: -1.6e+05 +/- 1.3e-01 | dlogz: 143764.205 >  0.500
 loglike: -1.6e+05 | params: [-0.10453934 -1.05729869  5.93060417  0.96395166 25.99988706]
 Average call time: 0.52 sec | Current time: 2019-04-18 20:49:56.114915
 --------------------------
iter: 54 | nc: 1 | ncalls: 457 | bounds: 0 | eff(%): 11.816 | logz: -1.6e+05 +/- 1.3e-01 | dlogz: 143745.794 >  0.500
 loglike: -1.6e+05 | params: [-0.04302948 -1.01617546  5.07727598  0.10111352 23.50347722]
 Average call time: 0.52 sec | Current time: 2019-04-18 20:49:56.634748
 --------------------------
iter: 55 | nc: 1 | ncalls: 458 | bounds: 0 | eff(%): 12.009 | logz: -1.6e+05 +/- 1.3e-01 | dlogz: 143635.521 >  0.500
 loglike: -1.6e+05 | params: [-0.04419526 -1.75107402  5.49649266  0.56827765 24.95061336]
 Average call time: 0.35 sec | Current time: 2019-04-18 20:49:56.988392
 --------------------------
iter: 56 | nc: 1 | ncalls: 459 | bounds: 0 | eff(%): 12.200 | logz: -1.6e+05 +/- 1.3e-01 | dlogz: 143566.782 >  0.500
 loglike: -1.6e+05 | params: [-0.14937818 -0.77248254  5.75594922  1.04521693 25.56422012]
 Average call time: 0.52 sec | Current time: 2019-04-18 20:49:57.506224
 --------------------------
iter: 57 | nc: 1 | ncalls: 460 | bounds: 0 | eff(%): 12.391 | logz: -1.6e+05 +/- 1.3e-01 | dlogz: 143549.952 >  0.500
 loglike: -1.6e+05 | params: [-0.36570105 -0.59977087  5.97588397  2.78441031 25.65117286]
 Average call time: 0.36 sec | Current time: 2019-04-18 20:49:57.863152
 --------------------------
iter: 58 | nc: 1 | ncalls: 461 | bounds: 0 | eff(%): 12.581 | logz: -1.6e+05 +/- 1.3e-01 | dlogz: 143543.110 >  0.500
 loglike: -1.6e+05 | params: [ 0.04690971 -1.61255525  5.66323128  2.70855511 24.7898221 ]
 Average call time: 0.35 sec | Current time: 2019-04-18 20:49:58.217958
 --------------------------
iter: 59 | nc: 4 | ncalls: 465 | bounds: 0 | eff(%): 12.688 | logz: -1.6e+05 +/- 1.3e-01 | dlogz: 143539.188 >  0.500
 loglike: -1.6e+05 | params: [-0.9609447  -1.82315948  5.31750552  0.77852402 24.84735568]
 Average call time: 0.41 sec | Current time: 2019-04-18 20:49:59.855836
 --------------------------
iter: 60 | nc: 1 | ncalls: 466 | bounds: 0 | eff(%): 12.876 | logz: -1.6e+05 +/- 1.3e-01 | dlogz: 143489.623 >  0.500
 loglike: -1.6e+05 | params: [ 0.33484407 -1.74729757  5.53425718  3.54360062 24.11054327]
 Average call time: 0.39 sec | Current time: 2019-04-18 20:50:00.242943
 --------------------------
iter: 61 | nc: 1 | ncalls: 467 | bounds: 0 | eff(%): 13.062 | logz: -1.6e+05 +/- 1.3e-01 | dlogz: 143411.951 >  0.500
 loglike: -1.6e+05 | params: [ 0.39492719 -1.9140569   5.27318939  0.90665257 24.19853053]
 Average call time: 0.52 sec | Current time: 2019-04-18 20:50:00.759479
 --------------------------
iter: 62 | nc: 1 | ncalls: 468 | bounds: 0 | eff(%): 13.248 | logz: -1.6e+05 +/- 1.3e-01 | dlogz: 143394.192 >  0.500
 loglike: -1.6e+05 | params: [ 0.13620915 -0.51747536  5.20560383  1.78550732 23.67695621]
 Average call time: 0.51 sec | Current time: 2019-04-18 20:50:01.274115
 --------------------------
iter: 63 | nc: 1 | ncalls: 469 | bounds: 0 | eff(%): 13.433 | logz: -1.6e+05 +/- 1.3e-01 | dlogz: 143363.262 >  0.500
 loglike: -1.6e+05 | params: [-0.05106503 -0.75687403  4.85244171  1.74385311 22.83847338]
 Average call time: 0.50 sec | Current time: 2019-04-18 20:50:01.773961
 --------------------------
iter: 64 | nc: 1 | ncalls: 470 | bounds: 0 | eff(%): 13.617 | logz: -1.6e+05 +/- 1.3e-01 | dlogz: 143317.968 >  0.500
 loglike: -1.6e+05 | params: [-0.77524943 -0.88090489  5.32402797  3.20525627 24.19154941]
 Average call time: 0.35 sec | Current time: 2019-04-18 20:50:02.121660
 --------------------------
iter: 65 | nc: 1 | ncalls: 471 | bounds: 0 | eff(%): 13.800 | logz: -1.6e+05 +/- 1.3e-01 | dlogz: 143190.617 >  0.500
 loglike: -1.6e+05 | params: [-0.33650163 -1.42899601  5.33039388  3.58861471 23.77500413]
 Average call time: 0.52 sec | Current time: 2019-04-18 20:50:02.644717
 --------------------------
iter: 66 | nc: 3 | ncalls: 474 | bounds: 0 | eff(%): 13.924 | logz: -1.6e+05 +/- 1.3e-01 | dlogz: 143137.841 >  0.500
 loglike: -1.6e+05 | params: [-0.14101113 -1.8190067   5.9998549   4.9871637  25.47356071]
 Average call time: 0.52 sec | Current time: 2019-04-18 20:50:04.214724
 --------------------------
iter: 67 | nc: 1 | ncalls: 475 | bounds: 0 | eff(%): 14.105 | logz: -1.6e+05 +/- 1.3e-01 | dlogz: 143127.050 >  0.500
 loglike: -1.6e+05 | params: [-0.95816919 -1.14004801  5.22257244  2.16051092 24.62633418]
 Average call time: 0.51 sec | Current time: 2019-04-18 20:50:04.721700
 --------------------------
iter: 68 | nc: 1 | ncalls: 476 | bounds: 0 | eff(%): 14.286 | logz: -1.6e+05 +/- 1.3e-01 | dlogz: 143029.486 >  0.500
 loglike: -1.6e+05 | params: [-0.07579112 -1.67106324  5.49009467  3.27453805 24.36501472]
 Average call time: 0.51 sec | Current time: 2019-04-18 20:50:05.235573
 --------------------------
iter: 69 | nc: 1 | ncalls: 477 | bounds: 0 | eff(%): 14.465 | logz: -1.6e+05 +/- 1.3e-01 | dlogz: 143005.119 >  0.500
 loglike: -1.6e+05 | params: [ 0.09391567 -1.36254742  4.90250494  2.98123677 22.68535527]
 Average call time: 0.52 sec | Current time: 2019-04-18 20:50:05.757294
 --------------------------
iter: 70 | nc: 1 | ncalls: 478 | bounds: 0 | eff(%): 14.644 | logz: -1.6e+05 +/- 1.3e-01 | dlogz: 142902.036 >  0.500
 loglike: -1.6e+05 | params: [-0.34089417 -1.05600502  5.7002324   1.84924102 26.09566723]
 Average call time: 0.53 sec | Current time: 2019-04-18 20:50:06.288260
 --------------------------
iter: 71 | nc: 1 | ncalls: 479 | bounds: 0 | eff(%): 14.823 | logz: -1.6e+05 +/- 1.3e-01 | dlogz: 142888.950 >  0.500
 loglike: -1.6e+05 | params: [-0.71257499 -1.04254547  5.32985846  2.40215275 24.90176517]
 Average call time: 0.37 sec | Current time: 2019-04-18 20:50:06.655963
 --------------------------
iter: 72 | nc: 1 | ncalls: 480 | bounds: 0 | eff(%): 15.000 | logz: -1.6e+05 +/- 1.3e-01 | dlogz: 142878.133 >  0.500
 loglike: -1.6e+05 | params: [-0.30566152 -0.72921999  4.71209438  1.90252524 22.68991505]
 Average call time: 0.50 sec | Current time: 2019-04-18 20:50:07.156771
 --------------------------
iter: 73 | nc: 2 | ncalls: 482 | bounds: 0 | eff(%): 15.145 | logz: -1.6e+05 +/- 1.3e-01 | dlogz: 142862.084 >  0.500
 loglike: -1.6e+05 | params: [-0.95344771 -1.45514036  4.92288717  2.43027621 23.72208485]
 Average call time: 0.43 sec | Current time: 2019-04-18 20:50:08.010418
 --------------------------
iter: 74 | nc: 1 | ncalls: 483 | bounds: 0 | eff(%): 15.321 | logz: -1.6e+05 +/- 1.3e-01 | dlogz: 142739.017 >  0.500
 loglike: -1.6e+05 | params: [ 0.17371699 -0.85759413  5.65761245  3.32725163 24.84183791]
 Average call time: 0.35 sec | Current time: 2019-04-18 20:50:08.358109
 --------------------------
iter: 75 | nc: 1 | ncalls: 484 | bounds: 0 | eff(%): 15.496 | logz: -1.6e+05 +/- 1.3e-01 | dlogz: 142678.853 >  0.500
 loglike: -1.6e+05 | params: [-0.99415503 -1.72356059  5.71186438  3.46385139 26.07397118]
 Average call time: 0.35 sec | Current time: 2019-04-18 20:50:08.707605
 --------------------------
iter: 76 | nc: 1 | ncalls: 485 | bounds: 0 | eff(%): 15.670 | logz: -1.6e+05 +/- 1.3e-01 | dlogz: 142661.480 >  0.500
 loglike: -1.6e+05 | params: [-0.31691517 -1.7665055   5.98381136  4.45948632 26.018747  ]
 Average call time: 0.35 sec | Current time: 2019-04-18 20:50:09.059009
 --------------------------
iter: 77 | nc: 1 | ncalls: 486 | bounds: 0 | eff(%): 15.844 | logz: -1.6e+05 +/- 1.3e-01 | dlogz: 142531.708 >  0.500
 loglike: -1.6e+05 | params: [-0.59864746 -0.60075952  5.30458024  0.81267164 25.23501805]
 Average call time: 0.51 sec | Current time: 2019-04-18 20:50:09.569590
 --------------------------
iter: 78 | nc: 1 | ncalls: 487 | bounds: 0 | eff(%): 16.016 | logz: -1.6e+05 +/- 1.3e-01 | dlogz: 142483.795 >  0.500
 loglike: -1.6e+05 | params: [-0.6401889  -1.80870746  5.58240795  4.55937472 25.1443961 ]
 Average call time: 0.50 sec | Current time: 2019-04-18 20:50:10.070557
 --------------------------
iter: 79 | nc: 1 | ncalls: 488 | bounds: 0 | eff(%): 16.189 | logz: -1.6e+05 +/- 1.3e-01 | dlogz: 142481.228 >  0.500
 loglike: -1.6e+05 | params: [-0.34466024 -1.0817765   5.6727923   3.16610968 25.52998783]
 Average call time: 0.35 sec | Current time: 2019-04-18 20:50:10.421905
 --------------------------
iter: 80 | nc: 3 | ncalls: 491 | bounds: 0 | eff(%): 16.293 | logz: -1.6e+05 +/- 1.3e-01 | dlogz: 142420.661 >  0.500
 loglike: -1.6e+05 | params: [-0.24616065 -1.19468271  5.27680827  0.37986663 25.34710872]
 Average call time: 0.52 sec | Current time: 2019-04-18 20:50:11.981005
 --------------------------
iter: 81 | nc: 1 | ncalls: 492 | bounds: 0 | eff(%): 16.463 | logz: -1.6e+05 +/- 1.3e-01 | dlogz: 142413.862 >  0.500
 loglike: -1.6e+05 | params: [-0.4391523  -1.37567451  5.51033     3.82777753 24.7405619 ]
 Average call time: 0.51 sec | Current time: 2019-04-18 20:50:12.492443
 --------------------------
iter: 82 | nc: 1 | ncalls: 493 | bounds: 0 | eff(%): 16.633 | logz: -1.6e+05 +/- 1.3e-01 | dlogz: 142403.730 >  0.500
 loglike: -1.6e+05 | params: [-0.33204135 -0.53958611  5.19110526  1.49221503 24.77893196]
 Average call time: 0.51 sec | Current time: 2019-04-18 20:50:13.002129
 --------------------------
iter: 83 | nc: 1 | ncalls: 494 | bounds: 0 | eff(%): 16.802 | logz: -1.6e+05 +/- 1.3e-01 | dlogz: 142381.576 >  0.500
 loglike: -1.6e+05 | params: [-2.29327852e-02 -1.40419613e+00  5.15492057e+00  1.65249700e+00
  2.48404933e+01]
 Average call time: 0.51 sec | Current time: 2019-04-18 20:50:13.509654
 --------------------------
iter: 84 | nc: 1 | ncalls: 495 | bounds: 0 | eff(%): 16.970 | logz: -1.6e+05 +/- 1.3e-01 | dlogz: 142357.049 >  0.500
 loglike: -1.6e+05 | params: [ 0.08998769 -0.64986824  5.1166552   3.03585842 23.45562622]
 Average call time: 0.50 sec | Current time: 2019-04-18 20:50:14.011748
 --------------------------
iter: 85 | nc: 1 | ncalls: 496 | bounds: 0 | eff(%): 17.137 | logz: -1.6e+05 +/- 1.3e-01 | dlogz: 142333.942 >  0.500
 loglike: -1.6e+05 | params: [-0.78950407 -1.40000271  5.3083909   2.33141771 25.46791603]
 Average call time: 0.51 sec | Current time: 2019-04-18 20:50:14.518379
 --------------------------
iter: 86 | nc: 1 | ncalls: 497 | bounds: 0 | eff(%): 17.304 | logz: -1.6e+05 +/- 1.3e-01 | dlogz: 142289.290 >  0.500
 loglike: -1.6e+05 | params: [-0.48757216 -0.7830512   5.49083921  3.3633423  24.94393274]
 Average call time: 0.50 sec | Current time: 2019-04-18 20:50:15.023076
 --------------------------
iter: 87 | nc: 2 | ncalls: 499 | bounds: 0 | eff(%): 17.435 | logz: -1.6e+05 +/- 1.3e-01 | dlogz: 142275.455 >  0.500
 loglike: -1.6e+05 | params: [-0.5927996  -1.94835369  4.50834236  2.64898226 22.20977907]
 Average call time: 0.35 sec | Current time: 2019-04-18 20:50:15.719553
 --------------------------
iter: 88 | nc: 1 | ncalls: 500 | bounds: 0 | eff(%): 17.600 | logz: -1.6e+05 +/- 1.3e-01 | dlogz: 142261.188 >  0.500
 loglike: -1.6e+05 | params: [-0.06583512 -1.25947603  5.3621508   3.58927524 24.21954491]
 Average call time: 0.51 sec | Current time: 2019-04-18 20:50:16.232411
 --------------------------
iter: 89 | nc: 1 | ncalls: 501 | bounds: 0 | eff(%): 17.764 | logz: -1.6e+05 +/- 1.3e-01 | dlogz: 142222.950 >  0.500
 loglike: -1.6e+05 | params: [-0.55460907 -1.44208353  5.31079744  4.51558372 24.13651892]
 Average call time: 0.35 sec | Current time: 2019-04-18 20:50:16.582599
 --------------------------
iter: 90 | nc: 1 | ncalls: 502 | bounds: 0 | eff(%): 17.928 | logz: -1.6e+05 +/- 1.3e-01 | dlogz: 142177.720 >  0.500
 loglike: -1.6e+05 | params: [-0.87594673 -1.79625716  5.65082676  4.37244586 25.91832129]
 Average call time: 0.53 sec | Current time: 2019-04-18 20:50:17.116495
 --------------------------
iter: 91 | nc: 1 | ncalls: 503 | bounds: 0 | eff(%): 18.091 | logz: -1.6e+05 +/- 1.3e-01 | dlogz: 142161.470 >  0.500
 loglike: -1.6e+05 | params: [ 0.18671297 -1.6717497   4.98478335  2.32514413 24.04131163]
 Average call time: 0.35 sec | Current time: 2019-04-18 20:50:17.467882
 --------------------------
iter: 92 | nc: 2 | ncalls: 505 | bounds: 0 | eff(%): 18.218 | logz: -1.6e+05 +/- 1.3e-01 | dlogz: 142109.662 >  0.500
 loglike: -1.6e+05 | params: [-0.61500185 -0.95044511  5.60627558  4.92009239 25.20456406]
 Average call time: 0.51 sec | Current time: 2019-04-18 20:50:18.481805
 --------------------------
iter: 93 | nc: 1 | ncalls: 506 | bounds: 0 | eff(%): 18.379 | logz: -1.6e+05 +/- 1.3e-01 | dlogz: 142104.324 >  0.500
 loglike: -1.6e+05 | params: [-0.57578145 -1.63730192  5.48540767  1.89876249 26.4401789 ]
 Average call time: 0.52 sec | Current time: 2019-04-18 20:50:18.998706
 --------------------------
iter: 94 | nc: 1 | ncalls: 507 | bounds: 0 | eff(%): 18.540 | logz: -1.6e+05 +/- 1.3e-01 | dlogz: 142082.874 >  0.500
 loglike: -1.6e+05 | params: [ 0.14647036 -0.72242305  5.35987475  2.78074368 24.72370846]
 Average call time: 0.36 sec | Current time: 2019-04-18 20:50:19.355385
 --------------------------
iter: 95 | nc: 1 | ncalls: 508 | bounds: 0 | eff(%): 18.701 | logz: -1.6e+05 +/- 1.3e-01 | dlogz: 142069.929 >  0.500
 loglike: -1.6e+05 | params: [-0.81371348 -1.08691146  4.77325121  0.48115254 24.02040749]
 Average call time: 0.35 sec | Current time: 2019-04-18 20:50:19.708851
 --------------------------
iter: 96 | nc: 1 | ncalls: 509 | bounds: 0 | eff(%): 18.861 | logz: -1.6e+05 +/- 1.3e-01 | dlogz: 142046.289 >  0.500
 loglike: -1.6e+05 | params: [ 0.17343037 -0.80673478  5.4103226   2.7650662  24.95314285]
 Average call time: 0.35 sec | Current time: 2019-04-18 20:50:20.059051
 --------------------------
iter: 97 | nc: 1 | ncalls: 510 | bounds: 0 | eff(%): 19.020 | logz: -1.6e+05 +/- 1.3e-01 | dlogz: 142039.525 >  0.500
 loglike: -1.6e+05 | params: [-0.7636589  -0.90411568  5.95638569  3.92076402 26.89767357]
 Average call time: 0.36 sec | Current time: 2019-04-18 20:50:20.416228
 --------------------------
iter: 98 | nc: 2 | ncalls: 512 | bounds: 0 | eff(%): 19.141 | logz: -1.6e+05 +/- 1.3e-01 | dlogz: 142008.491 >  0.500
 loglike: -1.6e+05 | params: [ 0.05687196 -1.67181184  5.69947051  2.2664897  26.54657979]
 Average call time: 0.44 sec | Current time: 2019-04-18 20:50:21.293122
 --------------------------
iter: 99 | nc: 1 | ncalls: 513 | bounds: 0 | eff(%): 19.298 | logz: -1.6e+05 +/- 1.2e-01 | dlogz: 142004.684 >  0.500
 loglike: -1.6e+05 | params: [ 0.29894374 -0.93191432  4.65508414  1.98549526 22.89652066]
 Average call time: 0.52 sec | Current time: 2019-04-18 20:50:21.813780
 --------------------------
iter: 100 | nc: 1 | ncalls: 514 | bounds: 0 | eff(%): 19.455 | logz: -1.6e+05 +/- 1.3e-01 | dlogz: 142002.697 >  0.500
 loglike: -1.6e+05 | params: [ 0.04278545 -0.6730223   5.00557642  1.38908206 24.53787245]
 Average call time: 0.55 sec | Current time: 2019-04-18 20:50:22.365526
 --------------------------
iter: 101 | nc: 1 | ncalls: 515 | bounds: 0 | eff(%): 19.612 | logz: -1.6e+05 +/- 1.3e-01 | dlogz: 141960.318 >  0.500
 loglike: -1.6e+05 | params: [ 0.42423287 -0.87176474  4.56105747  1.12105118 22.83933086]
 Average call time: 0.51 sec | Current time: 2019-04-18 20:50:22.876304
 --------------------------
iter: 102 | nc: 2 | ncalls: 517 | bounds: 0 | eff(%): 19.729 | logz: -1.6e+05 +/- 1.3e-01 | dlogz: 141950.863 >  0.500
 loglike: -1.6e+05 | params: [-0.02667174 -1.82888072  4.82140437  1.86267244 24.11463192]
 Average call time: 0.53 sec | Current time: 2019-04-18 20:50:23.944710
 --------------------------
iter: 103 | nc: 2 | ncalls: 519 | bounds: 0 | eff(%): 19.846 | logz: -1.6e+05 +/- 1.3e-01 | dlogz: 141829.535 >  0.500
 loglike: -1.6e+05 | params: [ 0.30369108 -1.34573986  5.20859057  0.80445744 25.52130486]
 Average call time: 0.44 sec | Current time: 2019-04-18 20:50:24.826886
 --------------------------
iter: 104 | nc: 1 | ncalls: 520 | bounds: 0 | eff(%): 20.000 | logz: -1.5e+05 +/- 1.3e-01 | dlogz: 141790.812 >  0.500
 loglike: -1.5e+05 | params: [-1.93719547e-02 -1.09008109e+00  4.83149713e+00  1.63958432e+00
  2.42292676e+01]
 Average call time: 0.51 sec | Current time: 2019-04-18 20:50:25.341888
 --------------------------
iter: 105 | nc: 2 | ncalls: 522 | bounds: 0 | eff(%): 20.115 | logz: -1.5e+05 +/- 1.3e-01 | dlogz: 141716.758 >  0.500
 loglike: -1.5e+05 | params: [ 0.22479178 -1.65602043  4.66046568  2.9204765  22.39686001]
 Average call time: 0.45 sec | Current time: 2019-04-18 20:50:26.235376
 --------------------------
iter: 106 | nc: 2 | ncalls: 524 | bounds: 0 | eff(%): 20.229 | logz: -1.5e+05 +/- 1.3e-01 | dlogz: 141623.708 >  0.500
 loglike: -1.5e+05 | params: [ 0.31974845 -0.50448747  5.13487509  3.65345227 23.43606595]
 Average call time: 0.37 sec | Current time: 2019-04-18 20:50:26.979267
 --------------------------
iter: 107 | nc: 1 | ncalls: 525 | bounds: 0 | eff(%): 20.381 | logz: -1.5e+05 +/- 1.3e-01 | dlogz: 141597.349 >  0.500
 loglike: -1.5e+05 | params: [ 0.36818433 -0.8142138   5.96832586  4.79812863 25.95982068]
 Average call time: 0.51 sec | Current time: 2019-04-18 20:50:27.494171
 --------------------------
iter: 108 | nc: 1 | ncalls: 526 | bounds: 0 | eff(%): 20.532 | logz: -1.5e+05 +/- 1.3e-01 | dlogz: 141578.852 >  0.500
 loglike: -1.5e+05 | params: [-0.03628176 -0.85074008  5.00408977  0.37407272 25.0932456 ]
 Average call time: 0.52 sec | Current time: 2019-04-18 20:50:28.012528
 --------------------------
iter: 109 | nc: 1 | ncalls: 527 | bounds: 0 | eff(%): 20.683 | logz: -1.5e+05 +/- 1.3e-01 | dlogz: 141566.072 >  0.500
 loglike: -1.5e+05 | params: [ 0.3855135  -1.31119353  4.51835406  0.69686647 23.15348993]
 Average call time: 0.36 sec | Current time: 2019-04-18 20:50:28.373992
 --------------------------
iter: 110 | nc: 1 | ncalls: 528 | bounds: 0 | eff(%): 20.833 | logz: -1.5e+05 +/- 1.3e-01 | dlogz: 141556.775 >  0.500
 loglike: -1.5e+05 | params: [-0.25754897 -0.78518249  5.81826314  3.22366795 26.55424876]
 Average call time: 0.39 sec | Current time: 2019-04-18 20:50:28.766679
 --------------------------
iter: 111 | nc: 2 | ncalls: 530 | bounds: 0 | eff(%): 20.943 | logz: -1.5e+05 +/- 1.3e-01 | dlogz: 141528.664 >  0.500
 loglike: -1.5e+05 | params: [ 0.38393042 -1.74481655  4.87352712  4.36200843 22.64654878]
 Average call time: 0.44 sec | Current time: 2019-04-18 20:50:29.644653
 --------------------------
iter: 112 | nc: 2 | ncalls: 532 | bounds: 0 | eff(%): 21.053 | logz: -1.5e+05 +/- 1.3e-01 | dlogz: 141518.199 >  0.500
 loglike: -1.5e+05 | params: [-0.89063467 -1.02374139  5.0227446   4.66729601 23.8820208 ]
 Average call time: 0.37 sec | Current time: 2019-04-18 20:50:30.381150
 --------------------------
iter: 113 | nc: 2 | ncalls: 534 | bounds: 0 | eff(%): 21.161 | logz: -1.5e+05 +/- 1.3e-01 | dlogz: 141463.630 >  0.500
 loglike: -1.5e+05 | params: [-0.02836434 -0.84213919  5.3832794   4.16941787 24.14162671]
 Average call time: 0.52 sec | Current time: 2019-04-18 20:50:31.424330
 --------------------------
iter: 114 | nc: 1 | ncalls: 535 | bounds: 0 | eff(%): 21.308 | logz: -1.5e+05 +/- 1.2e-01 | dlogz: 141419.586 >  0.500
 loglike: -1.5e+05 | params: [-0.13342061 -1.13641489  5.08840338  2.10805437 25.33452369]
 Average call time: 0.35 sec | Current time: 2019-04-18 20:50:31.773743
 --------------------------
iter: 115 | nc: 1 | ncalls: 536 | bounds: 0 | eff(%): 21.455 | logz: -1.5e+05 +/- 1.3e-01 | dlogz: 141418.477 >  0.500
 loglike: -1.5e+05 | params: [-0.59830905 -1.9449116   5.21615831  1.73561783 26.45943342]
 Average call time: 0.36 sec | Current time: 2019-04-18 20:50:32.133904
 --------------------------
iter: 116 | nc: 1 | ncalls: 537 | bounds: 0 | eff(%): 21.601 | logz: -1.5e+05 +/- 1.3e-01 | dlogz: 141403.029 >  0.500
 loglike: -1.5e+05 | params: [-0.86209679 -1.91929666  5.45118467  3.18685488 26.34826576]
 Average call time: 0.52 sec | Current time: 2019-04-18 20:50:32.655789
 --------------------------
iter: 117 | nc: 1 | ncalls: 538 | bounds: 0 | eff(%): 21.747 | logz: -1.5e+05 +/- 1.3e-01 | dlogz: 141400.737 >  0.500
 loglike: -1.5e+05 | params: [-0.705993   -1.94190667  4.46344702  2.86669327 22.54115409]
 Average call time: 0.51 sec | Current time: 2019-04-18 20:50:33.161213
 --------------------------
iter: 118 | nc: 1 | ncalls: 539 | bounds: 0 | eff(%): 21.892 | logz: -1.5e+05 +/- 1.3e-01 | dlogz: 141374.655 >  0.500
 loglike: -1.5e+05 | params: [ 0.27537762 -0.5727667   4.73191519  0.47319649 24.05038971]
 Average call time: 0.50 sec | Current time: 2019-04-18 20:50:33.662293
 --------------------------
iter: 119 | nc: 1 | ncalls: 540 | bounds: 0 | eff(%): 22.037 | logz: -1.5e+05 +/- 1.3e-01 | dlogz: 141331.579 >  0.500
 loglike: -1.5e+05 | params: [ 0.03820513 -1.93558552  5.3343476   1.91274773 26.682785  ]
 Average call time: 0.52 sec | Current time: 2019-04-18 20:50:34.183368
 --------------------------
iter: 120 | nc: 1 | ncalls: 541 | bounds: 0 | eff(%): 22.181 | logz: -1.5e+05 +/- 1.2e-01 | dlogz: 141273.614 >  0.500
 loglike: -1.5e+05 | params: [ 0.13785669 -1.33824664  5.55423303  2.69364507 26.42495769]
 Average call time: 0.54 sec | Current time: 2019-04-18 20:50:34.722575
 --------------------------
iter: 121 | nc: 1 | ncalls: 542 | bounds: 0 | eff(%): 22.325 | logz: -1.5e+05 +/- 1.3e-01 | dlogz: 141272.096 >  0.500
 loglike: -1.5e+05 | params: [-0.64177002 -0.7546314   4.97905671  2.9737471  24.46433926]
 Average call time: 0.35 sec | Current time: 2019-04-18 20:50:35.076292
 --------------------------
iter: 122 | nc: 1 | ncalls: 543 | bounds: 0 | eff(%): 22.468 | logz: -1.5e+05 +/- 1.3e-01 | dlogz: 141128.217 >  0.500
 loglike: -1.5e+05 | params: [-1.16897670e-02 -1.72510048e+00  5.18964523e+00  3.10060040e+00
  2.47782669e+01]
 Average call time: 0.52 sec | Current time: 2019-04-18 20:50:35.594479
 --------------------------
iter: 123 | nc: 1 | ncalls: 544 | bounds: 0 | eff(%): 22.610 | logz: -1.5e+05 +/- 1.3e-01 | dlogz: 141120.764 >  0.500
 loglike: -1.5e+05 | params: [ 0.46709805 -1.29093322  4.26457758  0.81875361 22.49872209]
 Average call time: 0.50 sec | Current time: 2019-04-18 20:50:36.095961
 --------------------------
iter: 124 | nc: 1 | ncalls: 545 | bounds: 0 | eff(%): 22.752 | logz: -1.5e+05 +/- 1.3e-01 | dlogz: 141096.508 >  0.500
 loglike: -1.5e+05 | params: [-0.69736646 -0.95255544  5.80878164  4.46082011 26.96783681]
 Average call time: 0.36 sec | Current time: 2019-04-18 20:50:36.453391
 --------------------------
iter: 125 | nc: 2 | ncalls: 547 | bounds: 0 | eff(%): 22.852 | logz: -1.5e+05 +/- 1.3e-01 | dlogz: 141058.225 >  0.500
 loglike: -1.5e+05 | params: [-0.74008255 -1.13007076  4.90950999  3.67897144 24.01997908]
 Average call time: 0.35 sec | Current time: 2019-04-18 20:50:37.162814
 --------------------------
iter: 126 | nc: 1 | ncalls: 548 | bounds: 0 | eff(%): 22.993 | logz: -1.5e+05 +/- 1.3e-01 | dlogz: 141016.099 >  0.500
 loglike: -1.5e+05 | params: [-0.35656146 -0.92041861  5.07212356  1.05240391 26.31435385]
 Average call time: 0.35 sec | Current time: 2019-04-18 20:50:37.516220
 --------------------------
iter: 127 | nc: 1 | ncalls: 549 | bounds: 0 | eff(%): 23.133 | logz: -1.5e+05 +/- 1.3e-01 | dlogz: 141010.283 >  0.500
 loglike: -1.5e+05 | params: [-0.51908798 -1.11154717  4.44020975  2.61089477 22.72378229]
 Average call time: 0.51 sec | Current time: 2019-04-18 20:50:38.029920
 --------------------------
iter: 128 | nc: 3 | ncalls: 552 | bounds: 0 | eff(%): 23.188 | logz: -1.5e+05 +/- 1.3e-01 | dlogz: 140889.668 >  0.500
 loglike: -1.5e+05 | params: [ 0.07492173 -1.27887447  5.49114635  2.58940146 26.9151742 ]
 Average call time: 0.46 sec | Current time: 2019-04-18 20:50:39.417989
 --------------------------
iter: 129 | nc: 1 | ncalls: 553 | bounds: 0 | eff(%): 23.327 | logz: -1.5e+05 +/- 1.3e-01 | dlogz: 140863.333 >  0.500
 loglike: -1.5e+05 | params: [-0.87022431 -0.87047926  4.9691572   1.64598116 26.22657214]
 Average call time: 0.51 sec | Current time: 2019-04-18 20:50:39.932909
 --------------------------
iter: 130 | nc: 2 | ncalls: 555 | bounds: 0 | eff(%): 23.423 | logz: -1.5e+05 +/- 1.3e-01 | dlogz: 140852.437 >  0.500
 loglike: -1.5e+05 | params: [-0.45999392 -1.75869321  4.90550388  4.19284678 23.59439448]
 Average call time: 0.57 sec | Current time: 2019-04-18 20:50:41.074756
 --------------------------
iter: 131 | nc: 1 | ncalls: 556 | bounds: 0 | eff(%): 23.561 | logz: -1.5e+05 +/- 1.3e-01 | dlogz: 140840.037 >  0.500
 loglike: -1.5e+05 | params: [-0.12151129 -0.69554302  5.32890784  3.91495894 24.74216554]
 Average call time: 0.51 sec | Current time: 2019-04-18 20:50:41.588768
 --------------------------
iter: 132 | nc: 1 | ncalls: 557 | bounds: 0 | eff(%): 23.698 | logz: -1.5e+05 +/- 1.3e-01 | dlogz: 140801.586 >  0.500
 loglike: -1.5e+05 | params: [-0.96544487 -1.23901105  4.74624891  0.77705878 25.36211431]
 Average call time: 0.52 sec | Current time: 2019-04-18 20:50:42.112847
 --------------------------
iter: 133 | nc: 2 | ncalls: 559 | bounds: 0 | eff(%): 23.792 | logz: -1.5e+05 +/- 1.3e-01 | dlogz: 140753.557 >  0.500
 loglike: -1.5e+05 | params: [-0.89517067 -0.66823495  4.82360674  1.15752609 25.61257086]
 Average call time: 0.43 sec | Current time: 2019-04-18 20:50:42.978738
 --------------------------
iter: 134 | nc: 1 | ncalls: 560 | bounds: 0 | eff(%): 23.929 | logz: -1.5e+05 +/- 1.3e-01 | dlogz: 140727.637 >  0.500
 loglike: -1.5e+05 | params: [-0.71882546 -1.6776573   5.04341596  4.72995765 24.50775277]
 Average call time: 0.50 sec | Current time: 2019-04-18 20:50:43.481085
 --------------------------
iter: 135 | nc: 2 | ncalls: 562 | bounds: 0 | eff(%): 24.021 | logz: -1.5e+05 +/- 1.3e-01 | dlogz: 140691.486 >  0.500
 loglike: -1.5e+05 | params: [ 0.40768339 -0.59203632  4.98017819  4.56260171 23.18612354]
 Average call time: 0.51 sec | Current time: 2019-04-18 20:50:44.493601
 --------------------------
iter: 136 | nc: 1 | ncalls: 563 | bounds: 0 | eff(%): 24.156 | logz: -1.5e+05 +/- 1.3e-01 | dlogz: 140664.744 >  0.500
 loglike: -1.5e+05 | params: [ 0.33475546 -1.32361687  4.78883868  2.01242175 25.1131188 ]
 Average call time: 0.50 sec | Current time: 2019-04-18 20:50:44.993743
 --------------------------
iter: 137 | nc: 1 | ncalls: 564 | bounds: 0 | eff(%): 24.291 | logz: -1.5e+05 +/- 1.3e-01 | dlogz: 140642.036 >  0.500
 loglike: -1.5e+05 | params: [-0.9289542  -0.73331461  4.66270318  0.68701165 24.91875232]
 Average call time: 0.52 sec | Current time: 2019-04-18 20:50:45.510075
 --------------------------
iter: 138 | nc: 5 | ncalls: 569 | bounds: 0 | eff(%): 24.253 | logz: -1.5e+05 +/- 1.3e-01 | dlogz: 140621.740 >  0.500
 loglike: -1.5e+05 | params: [ 0.19826954 -1.78579584  5.22266314  4.40967789 24.49960082]
 Average call time: 0.44 sec | Current time: 2019-04-18 20:50:47.689892
 --------------------------
iter: 139 | nc: 1 | ncalls: 570 | bounds: 0 | eff(%): 24.386 | logz: -1.5e+05 +/- 1.3e-01 | dlogz: 140615.345 >  0.500
 loglike: -1.5e+05 | params: [-0.37334534 -1.80496229  4.6039723   2.98073647 23.27368753]
 Average call time: 0.52 sec | Current time: 2019-04-18 20:50:48.214459
 --------------------------
iter: 140 | nc: 2 | ncalls: 572 | bounds: 0 | eff(%): 24.476 | logz: -1.5e+05 +/- 1.3e-01 | dlogz: 140604.437 >  0.500
 loglike: -1.5e+05 | params: [ 0.46857055 -1.90955899  4.85967126  0.97695137 26.31005135]
 Average call time: 0.46 sec | Current time: 2019-04-18 20:50:49.143434
 --------------------------
iter: 141 | nc: 1 | ncalls: 573 | bounds: 0 | eff(%): 24.607 | logz: -1.5e+05 +/- 1.3e-01 | dlogz: 140574.263 >  0.500
 loglike: -1.5e+05 | params: [-0.15018801 -0.75887414  5.89973498  4.82959993 26.748513  ]
 Average call time: 0.53 sec | Current time: 2019-04-18 20:50:49.668893
 --------------------------
iter: 142 | nc: 1 | ncalls: 574 | bounds: 0 | eff(%): 24.739 | logz: -1.5e+05 +/- 1.3e-01 | dlogz: 140516.761 >  0.500
 loglike: -1.5e+05 | params: [-0.85578093 -0.77098644  4.51842602  3.93979193 22.38567701]
 Average call time: 0.52 sec | Current time: 2019-04-18 20:50:50.189776
 --------------------------
iter: 143 | nc: 2 | ncalls: 576 | bounds: 0 | eff(%): 24.826 | logz: -1.5e+05 +/- 1.3e-01 | dlogz: 140482.596 >  0.500
 loglike: -1.5e+05 | params: [ 0.13218647 -0.81338603  5.14915881  4.74413116 24.00104118]
 Average call time: 0.45 sec | Current time: 2019-04-18 20:50:51.095454
 --------------------------
iter: 144 | nc: 2 | ncalls: 578 | bounds: 0 | eff(%): 24.913 | logz: -1.5e+05 +/- 1.3e-01 | dlogz: 140480.093 >  0.500
 loglike: -1.5e+05 | params: [ 0.27347851 -0.63298408  5.59960447  4.34942028 26.18881095]
 Average call time: 0.44 sec | Current time: 2019-04-18 20:50:51.976365
 --------------------------
iter: 145 | nc: 3 | ncalls: 581 | bounds: 0 | eff(%): 24.957 | logz: -1.5e+05 +/- 1.3e-01 | dlogz: 140428.598 >  0.500
 loglike: -1.5e+05 | params: [-0.96069329 -1.24910046  4.11250844  1.1940134  22.00844841]
 Average call time: 0.41 sec | Current time: 2019-04-18 20:50:53.218770
 --------------------------
iter: 146 | nc: 1 | ncalls: 582 | bounds: 0 | eff(%): 25.086 | logz: -1.5e+05 +/- 1.3e-01 | dlogz: 140405.373 >  0.500
 loglike: -1.5e+05 | params: [-0.71742505 -0.61269658  4.82527663  0.38806179 26.41815596]
 Average call time: 0.52 sec | Current time: 2019-04-18 20:50:53.735017
 --------------------------
iter: 147 | nc: 1 | ncalls: 583 | bounds: 0 | eff(%): 25.214 | logz: -1.5e+05 +/- 1.3e-01 | dlogz: 140391.261 >  0.500
 loglike: -1.5e+05 | params: [-0.65063502 -0.75738659  5.56576772  4.09010325 26.80649995]
 Average call time: 0.52 sec | Current time: 2019-04-18 20:50:54.254592
 --------------------------
iter: 148 | nc: 2 | ncalls: 585 | bounds: 0 | eff(%): 25.299 | logz: -1.5e+05 +/- 1.3e-01 | dlogz: 140358.921 >  0.500
 loglike: -1.5e+05 | params: [-0.69199879 -0.67522665  4.78329424  3.58342505 23.84895569]
 Average call time: 0.44 sec | Current time: 2019-04-18 20:50:55.128860
 --------------------------
iter: 149 | nc: 1 | ncalls: 586 | bounds: 0 | eff(%): 25.427 | logz: -1.5e+05 +/- 1.3e-01 | dlogz: 140331.134 >  0.500
 loglike: -1.5e+05 | params: [ 0.42986133 -0.67191913  5.11714237  0.25585951 26.81309265]
 Average call time: 0.53 sec | Current time: 2019-04-18 20:50:55.656463
 --------------------------
iter: 150 | nc: 1 | ncalls: 587 | bounds: 0 | eff(%): 25.554 | logz: -1.5e+05 +/- 1.3e-01 | dlogz: 140239.072 >  0.500
 loglike: -1.5e+05 | params: [-0.19177222 -1.23855507  4.57232353  2.76895031 23.59127223]
 Average call time: 0.55 sec | Current time: 2019-04-18 20:50:56.206416
 --------------------------
iter: 151 | nc: 1 | ncalls: 588 | bounds: 0 | eff(%): 25.680 | logz: -1.5e+05 +/- 1.2e-01 | dlogz: 140234.975 >  0.500
 loglike: -1.5e+05 | params: [-0.39578583 -0.60305436  4.69265114  2.1542261  24.84333306]
 Average call time: 0.52 sec | Current time: 2019-04-18 20:50:56.726991
 --------------------------
iter: 152 | nc: 1 | ncalls: 589 | bounds: 0 | eff(%): 25.806 | logz: -1.5e+05 +/- 1.3e-01 | dlogz: 140233.839 >  0.500
 loglike: -1.5e+05 | params: [-0.06109828 -1.84948906  4.41209666  2.05086748 23.67652156]
 Average call time: 0.52 sec | Current time: 2019-04-18 20:50:57.248035
 --------------------------
iter: 153 | nc: 3 | ncalls: 592 | bounds: 0 | eff(%): 25.845 | logz: -1.5e+05 +/- 1.3e-01 | dlogz: 140221.374 >  0.500
 loglike: -1.5e+05 | params: [-0.03978582 -0.92742126  4.95369007  4.8578981  23.23024619]
 Average call time: 0.43 sec | Current time: 2019-04-18 20:50:58.539177
 --------------------------
iter: 154 | nc: 1 | ncalls: 593 | bounds: 0 | eff(%): 25.970 | logz: -1.5e+05 +/- 1.3e-01 | dlogz: 140124.725 >  0.500
 loglike: -1.5e+05 | params: [-0.4632741  -1.24850731  4.73385174  3.59223993 23.85125377]
 Average call time: 0.52 sec | Current time: 2019-04-18 20:50:59.055928
 --------------------------
iter: 155 | nc: 1 | ncalls: 594 | bounds: 0 | eff(%): 26.094 | logz: -1.5e+05 +/- 1.3e-01 | dlogz: 140121.544 >  0.500
 loglike: -1.5e+05 | params: [-0.39386611 -1.67406944  5.09433894  4.25371005 24.6484981 ]
 Average call time: 0.52 sec | Current time: 2019-04-18 20:50:59.571019
 --------------------------
iter: 156 | nc: 2 | ncalls: 596 | bounds: 0 | eff(%): 26.174 | logz: -1.5e+05 +/- 1.3e-01 | dlogz: 140083.712 >  0.500
 loglike: -1.5e+05 | params: [ 0.32592675 -0.8879592   4.0628432   0.76273403 22.19941826]
 Average call time: 0.37 sec | Current time: 2019-04-18 20:51:00.314237
 --------------------------
iter: 157 | nc: 1 | ncalls: 597 | bounds: 0 | eff(%): 26.298 | logz: -1.5e+05 +/- 1.3e-01 | dlogz: 140075.843 >  0.500
 loglike: -1.5e+05 | params: [-0.88487092 -0.59481959  5.34329944  4.86583118 26.11587419]
 Average call time: 0.52 sec | Current time: 2019-04-18 20:51:00.833118
 --------------------------
iter: 158 | nc: 1 | ncalls: 598 | bounds: 0 | eff(%): 26.421 | logz: -1.5e+05 +/- 1.3e-01 | dlogz: 140038.950 >  0.500
 loglike: -1.5e+05 | params: [ 0.19361922 -1.62253377  4.12192602  0.37589083 22.68666253]
 Average call time: 0.36 sec | Current time: 2019-04-18 20:51:01.196670
 --------------------------
iter: 159 | nc: 1 | ncalls: 599 | bounds: 0 | eff(%): 26.544 | logz: -1.5e+05 +/- 1.3e-01 | dlogz: 140028.099 >  0.500
 loglike: -1.5e+05 | params: [-0.13258871 -1.87428661  4.37673043  0.96716901 24.10433614]
 Average call time: 0.36 sec | Current time: 2019-04-18 20:51:01.561065
 --------------------------
iter: 160 | nc: 1 | ncalls: 600 | bounds: 0 | eff(%): 26.667 | logz: -1.5e+05 +/- 1.3e-01 | dlogz: 140017.975 >  0.500
 loglike: -1.5e+05 | params: [-0.17231963 -1.86119581  4.96172309  2.86505748 25.72928864]
 Average call time: 0.55 sec | Current time: 2019-04-18 20:51:02.108632
 --------------------------
iter: 161 | nc: 1 | ncalls: 601 | bounds: 0 | eff(%): 26.789 | logz: -1.5e+05 +/- 1.3e-01 | dlogz: 140003.183 >  0.500
 loglike: -1.5e+05 | params: [-0.84155735 -1.13407563  4.61724954  4.83391359 22.98333117]
 Average call time: 0.51 sec | Current time: 2019-04-18 20:51:02.622916
 --------------------------
iter: 162 | nc: 1 | ncalls: 602 | bounds: 0 | eff(%): 26.910 | logz: -1.5e+05 +/- 1.3e-01 | dlogz: 139926.710 >  0.500
 loglike: -1.5e+05 | params: [ 0.10241778 -1.45157137  5.20641039  3.9354044  25.5067769 ]
 Average call time: 0.36 sec | Current time: 2019-04-18 20:51:02.980295
 --------------------------
iter: 163 | nc: 3 | ncalls: 605 | bounds: 0 | eff(%): 26.942 | logz: -1.5e+05 +/- 1.3e-01 | dlogz: 139903.072 >  0.500
 loglike: -1.5e+05 | params: [ 0.29497242 -1.64743516  4.25500265  0.23014523 23.90025727]
 Average call time: 0.49 sec | Current time: 2019-04-18 20:51:04.440966
 --------------------------
iter: 164 | nc: 1 | ncalls: 606 | bounds: 0 | eff(%): 27.063 | logz: -1.5e+05 +/- 1.3e-01 | dlogz: 139883.196 >  0.500
 loglike: -1.5e+05 | params: [ 0.40120378 -1.29380997  4.04943807  1.38860434 22.49448355]
 Average call time: 0.52 sec | Current time: 2019-04-18 20:51:04.964892
 --------------------------
iter: 165 | nc: 4 | ncalls: 610 | bounds: 0 | eff(%): 27.049 | logz: -1.5e+05 +/- 1.3e-01 | dlogz: 139860.464 >  0.500
 loglike: -1.5e+05 | params: [-0.12045651 -1.27635155  5.44297896  4.00392419 26.11375044]
 Average call time: 0.52 sec | Current time: 2019-04-18 20:51:07.063070
 --------------------------
iter: 166 | nc: 1 | ncalls: 611 | bounds: 0 | eff(%): 27.169 | logz: -1.5e+05 +/- 1.3e-01 | dlogz: 139855.764 >  0.500
 loglike: -1.5e+05 | params: [ 0.15067494 -0.93782696  5.18746873  2.83302806 26.82918266]
 Average call time: 0.51 sec | Current time: 2019-04-18 20:51:07.577261
 --------------------------
iter: 167 | nc: 2 | ncalls: 613 | bounds: 0 | eff(%): 27.243 | logz: -1.5e+05 +/- 1.3e-01 | dlogz: 139847.131 >  0.500
 loglike: -1.5e+05 | params: [-0.19387593 -0.61954337  4.84099608  2.7275237  25.2163546 ]
 Average call time: 0.51 sec | Current time: 2019-04-18 20:51:08.594953
 --------------------------
iter: 168 | nc: 1 | ncalls: 614 | bounds: 0 | eff(%): 27.362 | logz: -1.5e+05 +/- 1.3e-01 | dlogz: 139831.884 >  0.500
 loglike: -1.5e+05 | params: [ 0.26584156 -1.29376088  4.33959837  0.91201831 24.73579122]
 Average call time: 0.35 sec | Current time: 2019-04-18 20:51:08.948746
 --------------------------
iter: 169 | nc: 1 | ncalls: 615 | bounds: 0 | eff(%): 27.480 | logz: -1.5e+05 +/- 1.3e-01 | dlogz: 139818.838 >  0.500
 loglike: -1.5e+05 | params: [ 0.05876003 -1.43215361  5.26579962  3.22865644 26.65666939]
 Average call time: 0.51 sec | Current time: 2019-04-18 20:51:09.454078
 --------------------------
iter: 170 | nc: 1 | ncalls: 616 | bounds: 0 | eff(%): 27.597 | logz: -1.5e+05 +/- 1.3e-01 | dlogz: 139809.513 >  0.500
 loglike: -1.5e+05 | params: [-0.377746   -1.57688238  4.25910414  2.5881818  22.55977775]
 Average call time: 0.38 sec | Current time: 2019-04-18 20:51:09.834083
 --------------------------
iter: 171 | nc: 2 | ncalls: 618 | bounds: 0 | eff(%): 27.670 | logz: -1.5e+05 +/- 1.3e-01 | dlogz: 139796.415 >  0.500
 loglike: -1.5e+05 | params: [-0.33073658 -0.71705146  5.64472249  4.39516749 26.82714613]
 Average call time: 0.44 sec | Current time: 2019-04-18 20:51:10.708957
 --------------------------
iter: 172 | nc: 5 | ncalls: 623 | bounds: 0 | eff(%): 27.608 | logz: -1.5e+05 +/- 1.3e-01 | dlogz: 139786.664 >  0.500
 loglike: -1.5e+05 | params: [-0.46196906 -0.87328812  5.46268658  4.77566086 26.39782379]
 Average call time: 0.42 sec | Current time: 2019-04-18 20:51:12.813330
 --------------------------
iter: 173 | nc: 1 | ncalls: 624 | bounds: 0 | eff(%): 27.724 | logz: -1.5e+05 +/- 1.3e-01 | dlogz: 139718.619 >  0.500
 loglike: -1.5e+05 | params: [ 0.34994779 -1.37486969  4.14340665  0.13042173 23.50320853]
 Average call time: 0.51 sec | Current time: 2019-04-18 20:51:13.319417
 --------------------------
iter: 174 | nc: 1 | ncalls: 625 | bounds: 0 | eff(%): 27.840 | logz: -1.5e+05 +/- 1.3e-01 | dlogz: 139684.642 >  0.500
 loglike: -1.5e+05 | params: [-0.57454438 -1.19494096  5.09295486  4.41368355 25.18695723]
 Average call time: 0.52 sec | Current time: 2019-04-18 20:51:13.837893
 --------------------------
iter: 175 | nc: 2 | ncalls: 627 | bounds: 0 | eff(%): 27.911 | logz: -1.5e+05 +/- 1.3e-01 | dlogz: 139669.863 >  0.500
 loglike: -1.5e+05 | params: [-0.22899362 -0.69669367  4.88138899  4.5275976  23.38807499]
 Average call time: 0.51 sec | Current time: 2019-04-18 20:51:14.865892
 --------------------------
iter: 176 | nc: 1 | ncalls: 628 | bounds: 0 | eff(%): 28.025 | logz: -1.5e+05 +/- 1.3e-01 | dlogz: 139657.179 >  0.500
 loglike: -1.5e+05 | params: [-0.72499406 -0.93955603  4.33847893  2.37545474 23.66894189]
 Average call time: 0.50 sec | Current time: 2019-04-18 20:51:15.365331
 --------------------------
iter: 177 | nc: 1 | ncalls: 629 | bounds: 0 | eff(%): 28.140 | logz: -1.5e+05 +/- 1.3e-01 | dlogz: 139651.770 >  0.500
 loglike: -1.5e+05 | params: [-0.70749432 -0.76922377  4.08113672  2.02812535 22.20541221]
 Average call time: 0.36 sec | Current time: 2019-04-18 20:51:15.728254
 --------------------------
iter: 178 | nc: 5 | ncalls: 634 | bounds: 0 | eff(%): 28.076 | logz: -1.5e+05 +/- 1.3e-01 | dlogz: 139637.613 >  0.500
 loglike: -1.5e+05 | params: [ 0.0777426  -1.78857616  4.62217073  2.23257977 25.84008654]
 Average call time: 0.44 sec | Current time: 2019-04-18 20:51:17.936410
 --------------------------
iter: 179 | nc: 1 | ncalls: 635 | bounds: 0 | eff(%): 28.189 | logz: -1.5e+05 +/- 1.3e-01 | dlogz: 139622.083 >  0.500
 loglike: -1.5e+05 | params: [ 0.07467217 -1.24871114  5.0403249   4.17975839 24.79971808]
 Average call time: 0.51 sec | Current time: 2019-04-18 20:51:18.451082
 --------------------------
iter: 180 | nc: 1 | ncalls: 636 | bounds: 0 | eff(%): 28.302 | logz: -1.5e+05 +/- 1.2e-01 | dlogz: 139617.416 >  0.500
 loglike: -1.5e+05 | params: [-0.73332796 -1.6753018   4.89756159  3.19428639 25.97267452]
 Average call time: 0.55 sec | Current time: 2019-04-18 20:51:18.996157
 --------------------------
iter: 181 | nc: 2 | ncalls: 638 | bounds: 0 | eff(%): 28.370 | logz: -1.5e+05 +/- 1.3e-01 | dlogz: 139616.302 >  0.500
 loglike: -1.5e+05 | params: [-0.34217341 -0.80443383  4.70265975  2.77061313 24.82113496]
 Average call time: 0.35 sec | Current time: 2019-04-18 20:51:19.692989
 --------------------------
iter: 182 | nc: 2 | ncalls: 640 | bounds: 0 | eff(%): 28.438 | logz: -1.5e+05 +/- 1.3e-01 | dlogz: 139590.096 >  0.500
 loglike: -1.5e+05 | params: [-0.92445307 -1.76832145  4.26616649  0.30074264 24.08709682]
 Average call time: 0.35 sec | Current time: 2019-04-18 20:51:20.390597
 --------------------------
iter: 183 | nc: 3 | ncalls: 643 | bounds: 0 | eff(%): 28.460 | logz: -1.5e+05 +/- 1.3e-01 | dlogz: 139564.321 >  0.500
 loglike: -1.5e+05 | params: [-0.55426152 -1.91241202  4.48529944  0.21113433 26.27527343]
 Average call time: 0.46 sec | Current time: 2019-04-18 20:51:21.769388
 --------------------------
iter: 184 | nc: 1 | ncalls: 644 | bounds: 0 | eff(%): 28.571 | logz: -1.5e+05 +/- 1.3e-01 | dlogz: 139492.962 >  0.500
 loglike: -1.5e+05 | params: [-0.9844063  -0.99016715  5.15969918  4.17079563 26.97191017]
 Average call time: 0.35 sec | Current time: 2019-04-18 20:51:22.119205
 --------------------------
iter: 185 | nc: 1 | ncalls: 645 | bounds: 0 | eff(%): 28.682 | logz: -1.5e+05 +/- 1.3e-01 | dlogz: 139437.873 >  0.500
 loglike: -1.5e+05 | params: [ 0.46116024 -1.21147676  5.43244518  4.11226925 26.19278414]
 Average call time: 0.50 sec | Current time: 2019-04-18 20:51:22.621519
 --------------------------
iter: 186 | nc: 1 | ncalls: 646 | bounds: 0 | eff(%): 28.793 | logz: -1.5e+05 +/- 1.3e-01 | dlogz: 139427.812 >  0.500
 loglike: -1.5e+05 | params: [ 0.08785893 -0.53931664  4.14192751  2.27951019 22.11055589]
 Average call time: 0.51 sec | Current time: 2019-04-18 20:51:23.130980
 --------------------------
iter: 187 | nc: 1 | ncalls: 647 | bounds: 0 | eff(%): 28.903 | logz: -1.5e+05 +/- 1.3e-01 | dlogz: 139421.513 >  0.500
 loglike: -1.5e+05 | params: [-0.02671825 -1.11798276  4.76030357  3.51206777 24.08303493]
 Average call time: 0.51 sec | Current time: 2019-04-18 20:51:23.642117
 --------------------------
iter: 188 | nc: 1 | ncalls: 648 | bounds: 0 | eff(%): 29.012 | logz: -1.5e+05 +/- 1.3e-01 | dlogz: 139374.163 >  0.500
 loglike: -1.5e+05 | params: [-0.57659103 -1.01326887  5.10834397  4.73292554 25.34054014]
 Average call time: 0.51 sec | Current time: 2019-04-18 20:51:24.154483
 --------------------------
iter: 189 | nc: 2 | ncalls: 650 | bounds: 0 | eff(%): 29.077 | logz: -1.5e+05 +/- 1.3e-01 | dlogz: 139346.283 >  0.500
 loglike: -1.5e+05 | params: [ 0.38252335 -1.12714809  4.88444829  3.12413925 25.79609612]
 Average call time: 0.37 sec | Current time: 2019-04-18 20:51:24.894178
 --------------------------
iter: 190 | nc: 1 | ncalls: 651 | bounds: 0 | eff(%): 29.186 | logz: -1.5e+05 +/- 1.3e-01 | dlogz: 139314.507 >  0.500
 loglike: -1.5e+05 | params: [-0.4726429  -1.33558148  4.31797374  3.12604846 22.88558744]
 Average call time: 0.39 sec | Current time: 2019-04-18 20:51:25.281214
 --------------------------
iter: 191 | nc: 2 | ncalls: 653 | bounds: 0 | eff(%): 29.250 | logz: -1.5e+05 +/- 1.3e-01 | dlogz: 139306.715 >  0.500
 loglike: -1.5e+05 | params: [-0.32421972 -0.73962052  5.29008225  4.65789437 25.51028912]
 Average call time: 0.36 sec | Current time: 2019-04-18 20:51:25.999004
 --------------------------
iter: 192 | nc: 2 | ncalls: 655 | bounds: 0 | eff(%): 29.313 | logz: -1.5e+05 +/- 1.3e-01 | dlogz: 139291.424 >  0.500
 loglike: -1.5e+05 | params: [ 0.39092159 -1.36600272  4.08357249  0.14387512 24.15163697]
 Average call time: 0.52 sec | Current time: 2019-04-18 20:51:27.036308
 --------------------------
iter: 193 | nc: 1 | ncalls: 656 | bounds: 0 | eff(%): 29.421 | logz: -1.5e+05 +/- 1.3e-01 | dlogz: 139135.112 >  0.500
 loglike: -1.5e+05 | params: [-0.9371479  -1.73871975  4.26160802  0.94716674 24.83305239]
 Average call time: 0.35 sec | Current time: 2019-04-18 20:51:27.387677
 --------------------------
iter: 194 | nc: 1 | ncalls: 657 | bounds: 0 | eff(%): 29.528 | logz: -1.5e+05 +/- 1.3e-01 | dlogz: 139093.386 >  0.500
 loglike: -1.5e+05 | params: [-0.85609505 -0.87760568  4.09847364  1.52472265 23.14095376]
 Average call time: 0.35 sec | Current time: 2019-04-18 20:51:27.735418
 --------------------------
iter: 195 | nc: 1 | ncalls: 658 | bounds: 0 | eff(%): 29.635 | logz: -1.5e+05 +/- 1.3e-01 | dlogz: 139078.478 >  0.500
 loglike: -1.5e+05 | params: [-2.24524511e-02 -1.01830226e+00  4.20930924e+00  1.01007750e+00
  2.69048819e+01]
 Average call time: 0.35 sec | Current time: 2019-04-18 20:51:28.086374
 --------------------------
iter: 196 | nc: 2 | ncalls: 660 | bounds: 0 | eff(%): 29.697 | logz: -1.5e+05 +/- 1.3e-01 | dlogz: 139069.633 >  0.500
 loglike: -1.5e+05 | params: [-0.98817451 -1.0615595   4.30722634  1.25254945 25.42848044]
 Average call time: 0.42 sec | Current time: 2019-04-18 20:51:28.935865
 --------------------------
iter: 197 | nc: 3 | ncalls: 663 | bounds: 0 | eff(%): 29.713 | logz: -1.5e+05 +/- 1.3e-01 | dlogz: 139033.554 >  0.500
 loglike: -1.5e+05 | params: [-0.20003476 -1.93501391  4.24573232  1.71537538 24.51483417]
 Average call time: 0.40 sec | Current time: 2019-04-18 20:51:30.135335
 --------------------------
iter: 198 | nc: 1 | ncalls: 664 | bounds: 0 | eff(%): 29.819 | logz: -1.5e+05 +/- 1.3e-01 | dlogz: 139007.929 >  0.500
 loglike: -1.5e+05 | params: [-0.59111109 -1.58530362  5.20748871  4.79488283 26.37966317]
 Average call time: 0.51 sec | Current time: 2019-04-18 20:51:30.641937
 --------------------------
iter: 199 | nc: 2 | ncalls: 666 | bounds: 0 | eff(%): 29.880 | logz: -1.5e+05 +/- 1.3e-01 | dlogz: 139001.591 >  0.500
 loglike: -1.5e+05 | params: [-0.83215852 -1.08920944  4.26377857  0.1331439  25.08720854]
 Average call time: 0.52 sec | Current time: 2019-04-18 20:51:31.677308
 --------------------------
iter: 200 | nc: 1 | ncalls: 667 | bounds: 0 | eff(%): 29.985 | logz: -1.5e+05 +/- 1.3e-01 | dlogz: 138961.277 >  0.500
 loglike: -1.5e+05 | params: [ 0.14441279 -1.19922116  4.5652809   2.76779788 25.56058869]
 Average call time: 0.55 sec | Current time: 2019-04-18 20:51:32.225669
 --------------------------
iter: 201 | nc: 1 | ncalls: 668 | bounds: 0 | eff(%): 30.090 | logz: -1.5e+05 +/- 1.3e-01 | dlogz: 138901.866 >  0.500
 loglike: -1.5e+05 | params: [-0.5404942  -0.86182483  4.25310044  0.28700449 24.82758362]
 Average call time: 0.36 sec | Current time: 2019-04-18 20:51:32.581034
 --------------------------
iter: 202 | nc: 1 | ncalls: 669 | bounds: 0 | eff(%): 30.194 | logz: -1.5e+05 +/- 1.3e-01 | dlogz: 138867.188 >  0.500
 loglike: -1.5e+05 | params: [-0.31932993 -1.40896563  4.68657366  2.81358844 26.21454358]
 Average call time: 0.51 sec | Current time: 2019-04-18 20:51:33.087788
 --------------------------
iter: 203 | nc: 1 | ncalls: 670 | bounds: 0 | eff(%): 30.299 | logz: -1.5e+05 +/- 1.3e-01 | dlogz: 138816.116 >  0.500
 loglike: -1.5e+05 | params: [-0.18503446 -0.68376298  5.48237985  4.88528651 26.90682459]
 Average call time: 0.36 sec | Current time: 2019-04-18 20:51:33.451941
 --------------------------
iter: 204 | nc: 1 | ncalls: 671 | bounds: 0 | eff(%): 30.402 | logz: -1.5e+05 +/- 1.3e-01 | dlogz: 138700.487 >  0.500
 loglike: -1.5e+05 | params: [-4.22897463e-03 -1.93106470e+00  5.50221437e+00  4.72045585e+00
  2.68455291e+01]
 Average call time: 0.52 sec | Current time: 2019-04-18 20:51:33.974229
 --------------------------
iter: 205 | nc: 1 | ncalls: 672 | bounds: 0 | eff(%): 30.506 | logz: -1.5e+05 +/- 1.3e-01 | dlogz: 138693.887 >  0.500
 loglike: -1.5e+05 | params: [-0.60746241 -1.12618556  4.21960795  1.08166926 25.2854006 ]
 Average call time: 0.35 sec | Current time: 2019-04-18 20:51:34.326950
 --------------------------
iter: 206 | nc: 1 | ncalls: 673 | bounds: 0 | eff(%): 30.609 | logz: -1.5e+05 +/- 1.3e-01 | dlogz: 138638.106 >  0.500
 loglike: -1.5e+05 | params: [-0.9209056  -1.93598172  4.11573799  3.05655937 22.41126709]
 Average call time: 0.35 sec | Current time: 2019-04-18 20:51:34.681811
 --------------------------
iter: 207 | nc: 1 | ncalls: 674 | bounds: 0 | eff(%): 30.712 | logz: -1.5e+05 +/- 1.3e-01 | dlogz: 138621.056 >  0.500
 loglike: -1.5e+05 | params: [-0.57087863 -0.60112596  4.77287734  4.80094083 24.02576083]
 Average call time: 0.35 sec | Current time: 2019-04-18 20:51:35.034997
 --------------------------
iter: 208 | nc: 2 | ncalls: 676 | bounds: 0 | eff(%): 30.769 | logz: -1.5e+05 +/- 1.3e-01 | dlogz: 138587.093 >  0.500
 loglike: -1.5e+05 | params: [-0.79388482 -0.59386721  5.02487674  4.76915207 26.2982955 ]
 Average call time: 0.52 sec | Current time: 2019-04-18 20:51:36.071050
 --------------------------
iter: 209 | nc: 1 | ncalls: 677 | bounds: 0 | eff(%): 30.871 | logz: -1.5e+05 +/- 1.2e-01 | dlogz: 138569.068 >  0.500
 loglike: -1.5e+05 | params: [-0.92574831 -0.92548899  4.2050632   1.78789124 26.70707202]
 Average call time: 0.52 sec | Current time: 2019-04-18 20:51:36.587765
 --------------------------
iter: 210 | nc: 2 | ncalls: 679 | bounds: 0 | eff(%): 30.928 | logz: -1.5e+05 +/- 1.3e-01 | dlogz: 138567.524 >  0.500
 loglike: -1.5e+05 | params: [ 0.41009354 -0.67961672  3.83258012  0.18481933 22.34327321]
 Average call time: 0.55 sec | Current time: 2019-04-18 20:51:37.678152
 --------------------------
iter: 211 | nc: 2 | ncalls: 681 | bounds: 0 | eff(%): 30.984 | logz: -1.5e+05 +/- 1.3e-01 | dlogz: 138522.454 >  0.500
 loglike: -1.5e+05 | params: [ 0.07225455 -0.9944909   4.53676575  2.01430154 25.8332686 ]
 Average call time: 0.38 sec | Current time: 2019-04-18 20:51:38.428407
 --------------------------
iter: 212 | nc: 1 | ncalls: 682 | bounds: 0 | eff(%): 31.085 | logz: -1.5e+05 +/- 1.3e-01 | dlogz: 138482.709 >  0.500
 loglike: -1.5e+05 | params: [-0.49117364 -1.55428122  4.87194397  4.98925519 24.75951138]
 Average call time: 0.51 sec | Current time: 2019-04-18 20:51:38.940348
 --------------------------
iter: 213 | nc: 1 | ncalls: 683 | bounds: 0 | eff(%): 31.186 | logz: -1.5e+05 +/- 1.3e-01 | dlogz: 138474.722 >  0.500
 loglike: -1.5e+05 | params: [-0.23591432 -0.9989653   4.15882414  0.52260219 24.83930576]
 Average call time: 0.53 sec | Current time: 2019-04-18 20:51:39.470438
 --------------------------
iter: 214 | nc: 1 | ncalls: 684 | bounds: 0 | eff(%): 31.287 | logz: -1.5e+05 +/- 1.3e-01 | dlogz: 138397.579 >  0.500
 loglike: -1.5e+05 | params: [-0.21654508 -1.8525072   4.8545467   4.43179891 24.83527211]
 Average call time: 0.36 sec | Current time: 2019-04-18 20:51:39.826534
 --------------------------
iter: 215 | nc: 1 | ncalls: 685 | bounds: 0 | eff(%): 31.387 | logz: -1.5e+05 +/- 1.3e-01 | dlogz: 138388.808 >  0.500
 loglike: -1.5e+05 | params: [ 9.02252930e-03 -1.54209694e+00  3.98948546e+00  1.71650107e+00
  2.30904237e+01]
 Average call time: 0.37 sec | Current time: 2019-04-18 20:51:40.191946
 --------------------------
iter: 216 | nc: 1 | ncalls: 686 | bounds: 0 | eff(%): 31.487 | logz: -1.5e+05 +/- 1.3e-01 | dlogz: 138364.085 >  0.500
 loglike: -1.5e+05 | params: [ 0.12996953 -0.79818855  4.50812446  2.78659557 25.58804111]
 Average call time: 0.37 sec | Current time: 2019-04-18 20:51:40.558320
 --------------------------
iter: 217 | nc: 1 | ncalls: 687 | bounds: 0 | eff(%): 31.587 | logz: -1.5e+05 +/- 1.3e-01 | dlogz: 138350.589 >  0.500
 loglike: -1.5e+05 | params: [-0.15287982 -1.55828812  4.53597968  3.25185202 24.76250958]
 Average call time: 0.52 sec | Current time: 2019-04-18 20:51:41.078985
 --------------------------
iter: 218 | nc: 1 | ncalls: 688 | bounds: 0 | eff(%): 31.686 | logz: -1.5e+05 +/- 1.3e-01 | dlogz: 138329.207 >  0.500
 loglike: -1.5e+05 | params: [-0.88174152 -1.98661064  4.23332088  4.78334496 22.17279577]
 Average call time: 0.52 sec | Current time: 2019-04-18 20:51:41.601691
 --------------------------
iter: 219 | nc: 2 | ncalls: 690 | bounds: 0 | eff(%): 31.739 | logz: -1.5e+05 +/- 1.3e-01 | dlogz: 138300.573 >  0.500
 loglike: -1.5e+05 | params: [ 0.15145836 -1.68054823  4.74874236  3.42820212 26.37702488]
 Average call time: 0.46 sec | Current time: 2019-04-18 20:51:42.519797
 --------------------------
iter: 220 | nc: 1 | ncalls: 691 | bounds: 0 | eff(%): 31.838 | logz: -1.5e+05 +/- 1.3e-01 | dlogz: 138264.652 >  0.500
 loglike: -1.5e+05 | params: [-0.47296662 -1.31268946  4.10256946  3.47294841 22.01798622]
 Average call time: 0.63 sec | Current time: 2019-04-18 20:51:43.144830
 --------------------------
iter: 221 | nc: 1 | ncalls: 692 | bounds: 0 | eff(%): 31.936 | logz: -1.5e+05 +/- 1.3e-01 | dlogz: 138229.998 >  0.500
 loglike: -1.5e+05 | params: [-0.13437049 -1.21222009  4.57429597  1.37316136 26.89099911]
 Average call time: 0.51 sec | Current time: 2019-04-18 20:51:43.650884
 --------------------------
iter: 222 | nc: 1 | ncalls: 693 | bounds: 0 | eff(%): 32.035 | logz: -1.5e+05 +/- 1.3e-01 | dlogz: 138227.486 >  0.500
 loglike: -1.5e+05 | params: [-0.26896618 -1.59988896  4.42004441  3.79236423 23.35292114]
 Average call time: 0.36 sec | Current time: 2019-04-18 20:51:44.007021
 --------------------------
iter: 223 | nc: 4 | ncalls: 697 | bounds: 0 | eff(%): 31.994 | logz: -1.5e+05 +/- 1.3e-01 | dlogz: 138170.113 >  0.500
 loglike: -1.5e+05 | params: [ 0.24021199 -1.43597466  4.4367081   3.13810563 24.20749985]
 Average call time: 0.44 sec | Current time: 2019-04-18 20:51:45.774891
 --------------------------
iter: 224 | nc: 2 | ncalls: 699 | bounds: 0 | eff(%): 32.046 | logz: -1.5e+05 +/- 1.3e-01 | dlogz: 138168.254 >  0.500
 loglike: -1.5e+05 | params: [ 0.04119149 -1.46490894  5.07207087  4.10490593 26.63371846]
 Average call time: 0.50 sec | Current time: 2019-04-18 20:51:46.782827
 --------------------------
iter: 225 | nc: 1 | ncalls: 700 | bounds: 0 | eff(%): 32.143 | logz: -1.5e+05 +/- 1.3e-01 | dlogz: 138107.223 >  0.500
 loglike: -1.5e+05 | params: [-0.69653304 -0.91043621  4.28527206  2.96124392 24.28360949]
 Average call time: 0.52 sec | Current time: 2019-04-18 20:51:47.302420
 --------------------------
iter: 226 | nc: 3 | ncalls: 703 | bounds: 0 | eff(%): 32.148 | logz: -1.5e+05 +/- 1.3e-01 | dlogz: 138086.492 >  0.500
 loglike: -1.5e+05 | params: [-0.40786827 -1.03601157  4.60456096  4.83997189 23.65899198]
 Average call time: 0.41 sec | Current time: 2019-04-18 20:51:48.539386
 --------------------------
iter: 227 | nc: 1 | ncalls: 704 | bounds: 0 | eff(%): 32.244 | logz: -1.5e+05 +/- 1.3e-01 | dlogz: 138007.510 >  0.500
 loglike: -1.5e+05 | params: [ 0.30088184 -0.50340736  4.57427687  3.65422486 24.5637559 ]
 Average call time: 0.35 sec | Current time: 2019-04-18 20:51:48.887323
 --------------------------
iter: 228 | nc: 1 | ncalls: 705 | bounds: 0 | eff(%): 32.340 | logz: -1.5e+05 +/- 1.3e-01 | dlogz: 137912.862 >  0.500
 loglike: -1.5e+05 | params: [ 0.17532887 -0.65668014  3.8433358   0.22218785 26.41863851]
 Average call time: 0.35 sec | Current time: 2019-04-18 20:51:49.239209
 --------------------------
iter: 229 | nc: 1 | ncalls: 706 | bounds: 0 | eff(%): 32.436 | logz: -1.5e+05 +/- 1.3e-01 | dlogz: 137910.371 >  0.500
 loglike: -1.5e+05 | params: [ 0.17268453 -0.86314598  3.90966172  0.25595287 25.676074  ]
 Average call time: 0.50 sec | Current time: 2019-04-18 20:51:49.743111
 --------------------------
iter: 230 | nc: 2 | ncalls: 708 | bounds: 0 | eff(%): 32.486 | logz: -1.5e+05 +/- 1.3e-01 | dlogz: 137903.966 >  0.500
 loglike: -1.5e+05 | params: [-0.43231809 -1.18656416  4.06317593  2.12763038 23.94433306]
 Average call time: 0.47 sec | Current time: 2019-04-18 20:51:50.676130
 --------------------------
iter: 231 | nc: 4 | ncalls: 712 | bounds: 0 | eff(%): 32.444 | logz: -1.5e+05 +/- 1.3e-01 | dlogz: 137869.278 >  0.500
 loglike: -1.5e+05 | params: [ 0.10778458 -1.11904455  3.88653014  0.6249214  23.14609283]
 Average call time: 0.48 sec | Current time: 2019-04-18 20:51:52.614997
 --------------------------
iter: 232 | nc: 1 | ncalls: 713 | bounds: 0 | eff(%): 32.539 | logz: -1.5e+05 +/- 1.3e-01 | dlogz: 137851.912 >  0.500
 loglike: -1.5e+05 | params: [-0.83061966 -1.52942931  4.32913647  3.50185899 24.34760089]
 Average call time: 0.51 sec | Current time: 2019-04-18 20:51:53.124116
 --------------------------
iter: 233 | nc: 1 | ncalls: 714 | bounds: 0 | eff(%): 32.633 | logz: -1.5e+05 +/- 1.3e-01 | dlogz: 137790.442 >  0.500
 loglike: -1.5e+05 | params: [ 0.27890336 -1.10306694  4.77538664  2.7321657  26.44615042]
 Average call time: 0.35 sec | Current time: 2019-04-18 20:51:53.478840
 --------------------------
iter: 234 | nc: 1 | ncalls: 715 | bounds: 0 | eff(%): 32.727 | logz: -1.5e+05 +/- 1.3e-01 | dlogz: 137601.268 >  0.500
 loglike: -1.5e+05 | params: [-0.74118236 -0.77584573  4.1558288   2.61517318 24.93617922]
 Average call time: 0.51 sec | Current time: 2019-04-18 20:51:53.985891
 --------------------------
iter: 235 | nc: 1 | ncalls: 716 | bounds: 0 | eff(%): 32.821 | logz: -1.5e+05 +/- 1.3e-01 | dlogz: 137590.525 >  0.500
 loglike: -1.5e+05 | params: [-0.85472518 -1.31621927  4.3585104   3.42979588 25.05453849]
 Average call time: 0.50 sec | Current time: 2019-04-18 20:51:54.490452
 --------------------------
iter: 236 | nc: 3 | ncalls: 719 | bounds: 0 | eff(%): 32.823 | logz: -1.5e+05 +/- 1.3e-01 | dlogz: 137570.937 >  0.500
 loglike: -1.5e+05 | params: [ 0.32182131 -1.14099112  3.71216183  1.36605187 26.32634717]
 Average call time: 0.46 sec | Current time: 2019-04-18 20:51:55.862578
 --------------------------
iter: 237 | nc: 1 | ncalls: 720 | bounds: 0 | eff(%): 32.917 | logz: -1.5e+05 +/- 1.3e-01 | dlogz: 137549.667 >  0.500
 loglike: -1.5e+05 | params: [ 0.11353673 -1.03357148  4.68912905  4.23823226 25.34594491]
 Average call time: 0.51 sec | Current time: 2019-04-18 20:51:56.370655
 --------------------------
iter: 238 | nc: 2 | ncalls: 722 | bounds: 0 | eff(%): 32.964 | logz: -1.5e+05 +/- 1.3e-01 | dlogz: 137507.832 >  0.500
 loglike: -1.5e+05 | params: [ 0.33795164 -1.23654948  4.26090494  4.15968308 22.3733441 ]
 Average call time: 0.43 sec | Current time: 2019-04-18 20:51:57.233052
 --------------------------
iter: 239 | nc: 1 | ncalls: 723 | bounds: 0 | eff(%): 33.057 | logz: -1.5e+05 +/- 1.3e-01 | dlogz: 137475.912 >  0.500
 loglike: -1.5e+05 | params: [ 0.04113471 -1.11686428  4.86922793  4.38235481 26.0266252 ]
 Average call time: 0.35 sec | Current time: 2019-04-18 20:51:57.583113
 --------------------------
iter: 240 | nc: 1 | ncalls: 724 | bounds: 0 | eff(%): 33.149 | logz: -1.5e+05 +/- 1.3e-01 | dlogz: 137449.239 >  0.500
 loglike: -1.5e+05 | params: [-0.68588388 -1.49330582  4.02631474  1.52688079 25.35817753]
 Average call time: 0.38 sec | Current time: 2019-04-18 20:51:57.967701
 --------------------------
iter: 241 | nc: 1 | ncalls: 725 | bounds: 0 | eff(%): 33.241 | logz: -1.5e+05 +/- 1.3e-01 | dlogz: 137429.284 >  0.500
 loglike: -1.5e+05 | params: [-0.9063676  -1.61096434  4.12871838  2.51517922 26.66228903]
 Average call time: 0.51 sec | Current time: 2019-04-18 20:51:58.474985
 --------------------------
iter: 242 | nc: 2 | ncalls: 727 | bounds: 0 | eff(%): 33.287 | logz: -1.5e+05 +/- 1.3e-01 | dlogz: 137400.553 >  0.500
 loglike: -1.5e+05 | params: [-0.98478114 -1.16067157  3.92412218  1.58807497 26.95392861]
 Average call time: 0.43 sec | Current time: 2019-04-18 20:51:59.334156
 --------------------------
iter: 243 | nc: 1 | ncalls: 728 | bounds: 0 | eff(%): 33.379 | logz: -1.5e+05 +/- 1.3e-01 | dlogz: 137353.891 >  0.500
 loglike: -1.5e+05 | params: [-0.78934005 -1.76703072  4.59823099  4.91010566 25.47403708]
 Average call time: 0.35 sec | Current time: 2019-04-18 20:51:59.685184
 --------------------------
iter: 244 | nc: 1 | ncalls: 729 | bounds: 0 | eff(%): 33.471 | logz: -1.5e+05 +/- 1.3e-01 | dlogz: 137210.006 >  0.500
 loglike: -1.5e+05 | params: [-0.99388837 -0.82311646  4.2419138   3.33654867 24.6091113 ]
 Average call time: 0.51 sec | Current time: 2019-04-18 20:52:00.192119
 --------------------------
iter: 245 | nc: 1 | ncalls: 730 | bounds: 0 | eff(%): 33.562 | logz: -1.5e+05 +/- 1.3e-01 | dlogz: 137201.487 >  0.500
 loglike: -1.5e+05 | params: [ 0.4869279  -0.64293068  3.7456615   2.04042452 22.22715008]
 Average call time: 0.53 sec | Current time: 2019-04-18 20:52:00.717287
 --------------------------
iter: 246 | nc: 2 | ncalls: 732 | bounds: 0 | eff(%): 33.607 | logz: -1.5e+05 +/- 1.3e-01 | dlogz: 137187.081 >  0.500
 loglike: -1.5e+05 | params: [-0.61260276 -1.47663401  3.88307373  0.28701993 23.49528296]
 Average call time: 0.52 sec | Current time: 2019-04-18 20:52:01.764034
 --------------------------
iter: 247 | nc: 2 | ncalls: 734 | bounds: 0 | eff(%): 33.651 | logz: -1.5e+05 +/- 1.4e-01 | dlogz: 137182.174 >  0.500
 loglike: -1.5e+05 | params: [-9.86663500e-03 -9.88676123e-01  4.66753801e+00  4.91823176e+00
  2.44544345e+01]
 Average call time: 0.43 sec | Current time: 2019-04-18 20:52:02.631438
 --------------------------
iter: 248 | nc: 2 | ncalls: 736 | bounds: 0 | eff(%): 33.696 | logz: -1.5e+05 +/- 1.4e-01 | dlogz: 137110.974 >  0.500
 loglike: -1.5e+05 | params: [-0.57212356 -1.06262494  3.91237518  1.05880838 23.91158726]
 Average call time: 0.44 sec | Current time: 2019-04-18 20:52:03.508300
 --------------------------
iter: 249 | nc: 1 | ncalls: 737 | bounds: 0 | eff(%): 33.786 | logz: -1.5e+05 +/- 1.4e-01 | dlogz: 137100.323 >  0.500
 loglike: -1.5e+05 | params: [-0.04029483 -1.88758878  3.81367795  1.44351229 26.41704241]
 Average call time: 0.36 sec | Current time: 2019-04-18 20:52:03.870498
 --------------------------
iter: 250 | nc: 1 | ncalls: 738 | bounds: 0 | eff(%): 33.875 | logz: -1.5e+05 +/- 1.4e-01 | dlogz: 137082.682 >  0.500
 loglike: -1.5e+05 | params: [ 0.25760985 -0.63773922  4.37846835  3.89015647 23.72049997]
 Average call time: 0.55 sec | Current time: 2019-04-18 20:52:04.421812
 --------------------------
iter: 251 | nc: 2 | ncalls: 740 | bounds: 0 | eff(%): 33.919 | logz: -1.5e+05 +/- 1.3e-01 | dlogz: 137030.847 >  0.500
 loglike: -1.5e+05 | params: [-0.67185342 -1.1549248   3.92024959  0.55592966 24.56953279]
 Average call time: 0.44 sec | Current time: 2019-04-18 20:52:05.308663
 --------------------------
iter: 252 | nc: 1 | ncalls: 741 | bounds: 0 | eff(%): 34.008 | logz: -1.5e+05 +/- 1.4e-01 | dlogz: 137029.323 >  0.500
 loglike: -1.5e+05 | params: [-0.92457823 -1.81756294  4.02518692  3.02739284 23.37060506]
 Average call time: 0.36 sec | Current time: 2019-04-18 20:52:05.667585
 --------------------------
iter: 253 | nc: 1 | ncalls: 742 | bounds: 0 | eff(%): 34.097 | logz: -1.5e+05 +/- 1.4e-01 | dlogz: 136972.070 >  0.500
 loglike: -1.5e+05 | params: [ 0.18228701 -1.153362    3.66231544  1.70686025 26.60324069]
 Average call time: 0.52 sec | Current time: 2019-04-18 20:52:06.191408
 --------------------------
iter: 254 | nc: 4 | ncalls: 746 | bounds: 0 | eff(%): 34.048 | logz: -1.5e+05 +/- 1.4e-01 | dlogz: 136894.241 >  0.500
 loglike: -1.5e+05 | params: [-0.24660249 -1.32505197  3.86944802  0.61310061 23.86875405]
 Average call time: 0.44 sec | Current time: 2019-04-18 20:52:07.934589
 --------------------------
iter: 255 | nc: 2 | ncalls: 748 | bounds: 0 | eff(%): 34.091 | logz: -1.5e+05 +/- 1.4e-01 | dlogz: 136817.755 >  0.500
 loglike: -1.5e+05 | params: [-0.98134928 -0.60772599  3.84089394  0.44116259 26.54965436]
 Average call time: 0.35 sec | Current time: 2019-04-18 20:52:08.636651
 --------------------------
iter: 256 | nc: 1 | ncalls: 749 | bounds: 0 | eff(%): 34.179 | logz: -1.5e+05 +/- 1.4e-01 | dlogz: 136758.071 >  0.500
 loglike: -1.5e+05 | params: [-0.74204635 -1.28108114  3.80110825  1.88894529 23.08707865]
 Average call time: 0.52 sec | Current time: 2019-04-18 20:52:09.154495
 --------------------------
iter: 257 | nc: 3 | ncalls: 752 | bounds: 0 | eff(%): 34.176 | logz: -1.5e+05 +/- 1.4e-01 | dlogz: 136740.494 >  0.500
 loglike: -1.5e+05 | params: [ 0.45799747 -0.67574966  4.52173252  4.65245813 23.99063303]
 Average call time: 0.50 sec | Current time: 2019-04-18 20:52:10.669102
 --------------------------
iter: 258 | nc: 1 | ncalls: 753 | bounds: 0 | eff(%): 34.263 | logz: -1.5e+05 +/- 1.4e-01 | dlogz: 136716.835 >  0.500
 loglike: -1.5e+05 | params: [-0.07490531 -1.02847687  4.10028116  3.91038636 22.05692694]
 Average call time: 0.51 sec | Current time: 2019-04-18 20:52:11.177091
 --------------------------
iter: 259 | nc: 1 | ncalls: 754 | bounds: 0 | eff(%): 34.350 | logz: -1.5e+05 +/- 1.4e-01 | dlogz: 136697.566 >  0.500
 loglike: -1.5e+05 | params: [-0.66793337 -1.13017049  4.56638832  4.65823542 26.86598356]
 Average call time: 0.51 sec | Current time: 2019-04-18 20:52:11.690057
 --------------------------
iter: 260 | nc: 1 | ncalls: 755 | bounds: 0 | eff(%): 34.437 | logz: -1.5e+05 +/- 1.4e-01 | dlogz: 136679.105 >  0.500
 loglike: -1.5e+05 | params: [ 0.07501683 -1.93838215  3.7579271   1.48214194 23.67497984]
 Average call time: 0.38 sec | Current time: 2019-04-18 20:52:12.069679
 --------------------------
iter: 261 | nc: 3 | ncalls: 758 | bounds: 0 | eff(%): 34.433 | logz: -1.5e+05 +/- 1.4e-01 | dlogz: 136632.618 >  0.500
 loglike: -1.5e+05 | params: [-0.21875317 -1.1134864   3.77815446  0.80073923 26.80632055]
 Average call time: 0.40 sec | Current time: 2019-04-18 20:52:13.280654
 --------------------------
iter: 262 | nc: 3 | ncalls: 761 | bounds: 0 | eff(%): 34.428 | logz: -1.5e+05 +/- 1.3e-01 | dlogz: 136574.068 >  0.500
 loglike: -1.5e+05 | params: [ 0.05074319 -1.51417213  4.07328684  3.24416617 23.46670379]
 Average call time: 0.51 sec | Current time: 2019-04-18 20:52:14.802042
 --------------------------
iter: 263 | nc: 1 | ncalls: 762 | bounds: 0 | eff(%): 34.514 | logz: -1.5e+05 +/- 1.4e-01 | dlogz: 136571.974 >  0.500
 loglike: -1.5e+05 | params: [-0.91495749 -1.84509073  3.94126279  3.40582014 22.45447422]
 Average call time: 0.51 sec | Current time: 2019-04-18 20:52:15.309623
 --------------------------
iter: 264 | nc: 1 | ncalls: 763 | bounds: 0 | eff(%): 34.600 | logz: -1.5e+05 +/- 1.4e-01 | dlogz: 136560.672 >  0.500
 loglike: -1.5e+05 | params: [-0.36950451 -1.1100622   4.17128103  4.29503631 22.62805831]
 Average call time: 0.51 sec | Current time: 2019-04-18 20:52:15.818223
 --------------------------
iter: 265 | nc: 3 | ncalls: 766 | bounds: 0 | eff(%): 34.595 | logz: -1.5e+05 +/- 1.4e-01 | dlogz: 136506.998 >  0.500
 loglike: -1.5e+05 | params: [-0.61953573 -0.73548781  4.47051236  4.92246712 25.05270073]
 Average call time: 0.41 sec | Current time: 2019-04-18 20:52:17.063111
 --------------------------
iter: 266 | nc: 1 | ncalls: 767 | bounds: 0 | eff(%): 34.681 | logz: -1.5e+05 +/- 1.4e-01 | dlogz: 136490.590 >  0.500
 loglike: -1.5e+05 | params: [-0.77790652 -1.86845829  3.83431302  1.82392267 25.96744355]
 Average call time: 0.51 sec | Current time: 2019-04-18 20:52:17.568829
 --------------------------
iter: 267 | nc: 4 | ncalls: 771 | bounds: 0 | eff(%): 34.630 | logz: -1.5e+05 +/- 1.4e-01 | dlogz: 136432.460 >  0.500
 loglike: -1.5e+05 | params: [ 0.4851183  -1.87896492  4.29404699  4.34594032 23.23202576]
 Average call time: 0.47 sec | Current time: 2019-04-18 20:52:19.458291
 --------------------------
iter: 268 | nc: 2 | ncalls: 773 | bounds: 0 | eff(%): 34.670 | logz: -1.5e+05 +/- 1.4e-01 | dlogz: 136418.179 >  0.500
 loglike: -1.5e+05 | params: [ 0.35351145 -0.61894801  3.86176321  2.87166918 22.14279018]
 Average call time: 0.51 sec | Current time: 2019-04-18 20:52:20.478733
 --------------------------
iter: 269 | nc: 1 | ncalls: 774 | bounds: 0 | eff(%): 34.755 | logz: -1.5e+05 +/- 1.4e-01 | dlogz: 136291.824 >  0.500
 loglike: -1.5e+05 | params: [ 0.40821259 -0.96782929  4.26576778  3.49114959 25.94005945]
 Average call time: 0.51 sec | Current time: 2019-04-18 20:52:20.988083
 --------------------------
iter: 270 | nc: 1 | ncalls: 775 | bounds: 0 | eff(%): 34.839 | logz: -1.5e+05 +/- 1.4e-01 | dlogz: 136240.950 >  0.500
 loglike: -1.5e+05 | params: [-0.93810418 -1.73769836  3.68038966  1.76897224 22.22384458]
 Average call time: 0.38 sec | Current time: 2019-04-18 20:52:21.370013
 --------------------------
iter: 271 | nc: 2 | ncalls: 777 | bounds: 0 | eff(%): 34.878 | logz: -1.5e+05 +/- 1.4e-01 | dlogz: 136208.933 >  0.500
 loglike: -1.5e+05 | params: [-0.82310879 -0.85460805  4.13464437  3.63797081 24.98816168]
 Average call time: 0.51 sec | Current time: 2019-04-18 20:52:22.380207
 --------------------------
iter: 272 | nc: 2 | ncalls: 779 | bounds: 0 | eff(%): 34.917 | logz: -1.5e+05 +/- 1.4e-01 | dlogz: 136146.815 >  0.500
 loglike: -1.5e+05 | params: [-0.05567577 -1.75993228  4.48671845  4.4860083  25.65528297]
 Average call time: 0.37 sec | Current time: 2019-04-18 20:52:23.124007
 --------------------------
iter: 273 | nc: 2 | ncalls: 781 | bounds: 0 | eff(%): 34.955 | logz: -1.5e+05 +/- 1.4e-01 | dlogz: 136078.820 >  0.500
 loglike: -1.5e+05 | params: [-0.38486343 -1.28471655  4.03244274  3.17896436 23.94053924]
 Average call time: 0.43 sec | Current time: 2019-04-18 20:52:23.982102
 --------------------------
iter: 274 | nc: 2 | ncalls: 783 | bounds: 0 | eff(%): 34.994 | logz: -1.5e+05 +/- 1.4e-01 | dlogz: 136005.188 >  0.500
 loglike: -1.5e+05 | params: [-0.07982207 -0.89859541  4.26547637  3.89852966 26.93272803]
 Average call time: 0.51 sec | Current time: 2019-04-18 20:52:25.003040
 --------------------------
iter: 275 | nc: 1 | ncalls: 784 | bounds: 0 | eff(%): 35.077 | logz: -1.5e+05 +/- 1.4e-01 | dlogz: 135939.940 >  0.500
 loglike: -1.5e+05 | params: [-0.05270262 -1.54684323  4.10817609  3.31103109 26.26442663]
 Average call time: 0.37 sec | Current time: 2019-04-18 20:52:25.369000
 --------------------------
iter: 276 | nc: 5 | ncalls: 789 | bounds: 0 | eff(%): 34.981 | logz: -1.5e+05 +/- 1.4e-01 | dlogz: 135920.457 >  0.500
 loglike: -1.5e+05 | params: [ 0.25148275 -1.8244132   4.09240925  4.37798649 22.19353918]
 Average call time: 0.49 sec | Current time: 2019-04-18 20:52:27.807796
 --------------------------
iter: 277 | nc: 1 | ncalls: 790 | bounds: 0 | eff(%): 35.063 | logz: -1.5e+05 +/- 1.4e-01 | dlogz: 135914.704 >  0.500
 loglike: -1.5e+05 | params: [-0.48051987 -1.72723379  3.67626215  1.46588395 22.24608015]
 Average call time: 0.51 sec | Current time: 2019-04-18 20:52:28.320809
 --------------------------
iter: 278 | nc: 2 | ncalls: 792 | bounds: 0 | eff(%): 35.101 | logz: -1.5e+05 +/- 1.4e-01 | dlogz: 135901.349 >  0.500
 loglike: -1.5e+05 | params: [ 0.12703174 -1.40604853  3.62906934  1.73489904 25.69499413]
 Average call time: 0.43 sec | Current time: 2019-04-18 20:52:29.171468
 --------------------------
iter: 279 | nc: 1 | ncalls: 793 | bounds: 0 | eff(%): 35.183 | logz: -1.5e+05 +/- 1.4e-01 | dlogz: 135887.952 >  0.500
 loglike: -1.5e+05 | params: [ 0.1555716  -1.50408292  4.17260376  3.69717437 26.41421186]
 Average call time: 0.51 sec | Current time: 2019-04-18 20:52:29.677793
 --------------------------
iter: 280 | nc: 1 | ncalls: 794 | bounds: 0 | eff(%): 35.264 | logz: -1.5e+05 +/- 1.4e-01 | dlogz: 135874.493 >  0.500
 loglike: -1.5e+05 | params: [-0.21044564 -1.97385647  3.66954303  0.53621247 26.93639944]
 Average call time: 0.54 sec | Current time: 2019-04-18 20:52:30.221677
 --------------------------
iter: 281 | nc: 1 | ncalls: 795 | bounds: 0 | eff(%): 35.346 | logz: -1.5e+05 +/- 1.4e-01 | dlogz: 135866.868 >  0.500
 loglike: -1.5e+05 | params: [-0.15957844 -0.84633672  3.7407477   0.50931604 24.99296934]
 Average call time: 0.50 sec | Current time: 2019-04-18 20:52:30.724934
 --------------------------
iter: 282 | nc: 1 | ncalls: 796 | bounds: 0 | eff(%): 35.427 | logz: -1.5e+05 +/- 1.4e-01 | dlogz: 135854.632 >  0.500
 loglike: -1.5e+05 | params: [-0.13000516 -0.90941985  3.98512654  2.99584053 24.20891761]
 Average call time: 0.51 sec | Current time: 2019-04-18 20:52:31.230062
 --------------------------
iter: 283 | nc: 1 | ncalls: 797 | bounds: 0 | eff(%): 35.508 | logz: -1.5e+05 +/- 1.4e-01 | dlogz: 135817.106 >  0.500
 loglike: -1.5e+05 | params: [-0.19602446 -1.72360567  4.34713226  3.95096408 26.99034358]
 Average call time: 0.51 sec | Current time: 2019-04-18 20:52:31.738995
 --------------------------
iter: 284 | nc: 1 | ncalls: 798 | bounds: 0 | eff(%): 35.589 | logz: -1.5e+05 +/- 1.4e-01 | dlogz: 135765.273 >  0.500
 loglike: -1.5e+05 | params: [ 0.09590063 -0.95158286  3.72107358  2.07897176 25.00553029]
 Average call time: 0.51 sec | Current time: 2019-04-18 20:52:32.249681
 --------------------------
iter: 285 | nc: 4 | ncalls: 802 | bounds: 0 | eff(%): 35.536 | logz: -1.5e+05 +/- 1.4e-01 | dlogz: 135758.222 >  0.500
 loglike: -1.5e+05 | params: [-0.08276182 -1.33833038  4.10881835  3.921121   23.25675097]
 Average call time: 0.43 sec | Current time: 2019-04-18 20:52:33.981126
 --------------------------
iter: 286 | nc: 1 | ncalls: 803 | bounds: 0 | eff(%): 35.616 | logz: -1.5e+05 +/- 1.3e-01 | dlogz: 135695.516 >  0.500
 loglike: -1.5e+05 | params: [-0.97348327 -1.26910144  4.19873897  1.08366554 26.17781042]
 Average call time: 0.50 sec | Current time: 2019-04-18 20:52:34.486008
 --------------------------
iter: 287 | nc: 1 | ncalls: 804 | bounds: 0 | eff(%): 35.697 | logz: -1.5e+05 +/- 1.4e-01 | dlogz: 135691.814 >  0.500
 loglike: -1.5e+05 | params: [-0.87470949 -0.85872628  4.03708979  3.33913235 25.15157221]
 Average call time: 0.36 sec | Current time: 2019-04-18 20:52:34.849166
 --------------------------
iter: 288 | nc: 3 | ncalls: 807 | bounds: 0 | eff(%): 35.688 | logz: -1.5e+05 +/- 1.4e-01 | dlogz: 135685.615 >  0.500
 loglike: -1.5e+05 | params: [-2.06159404e-02 -1.27838363e+00  4.25371379e+00  4.15449394e+00
  2.49415999e+01]
 Average call time: 0.40 sec | Current time: 2019-04-18 20:52:36.038566
 --------------------------
iter: 289 | nc: 4 | ncalls: 811 | bounds: 0 | eff(%): 35.635 | logz: -1.5e+05 +/- 1.4e-01 | dlogz: 135628.884 >  0.500
 loglike: -1.5e+05 | params: [-0.97407312 -1.73457688  3.68245453  0.8358932  23.17049162]
 Average call time: 0.51 sec | Current time: 2019-04-18 20:52:38.087340
 --------------------------
iter: 290 | nc: 1 | ncalls: 812 | bounds: 0 | eff(%): 35.714 | logz: -1.5e+05 +/- 1.4e-01 | dlogz: 135566.983 >  0.500
 loglike: -1.5e+05 | params: [-0.07865275 -1.3440329   4.37241499  4.76205605 24.76560217]
 Average call time: 0.39 sec | Current time: 2019-04-18 20:52:38.473778
 --------------------------
iter: 291 | nc: 1 | ncalls: 813 | bounds: 0 | eff(%): 35.793 | logz: -1.5e+05 +/- 1.4e-01 | dlogz: 135561.091 >  0.500
 loglike: -1.5e+05 | params: [ 0.12779315 -1.398877    3.6123017   1.34110615 24.53419225]
 Average call time: 0.50 sec | Current time: 2019-04-18 20:52:38.976195
 --------------------------
iter: 292 | nc: 3 | ncalls: 816 | bounds: 0 | eff(%): 35.784 | logz: -1.5e+05 +/- 1.4e-01 | dlogz: 135545.822 >  0.500
 loglike: -1.5e+05 | params: [ 0.16848854 -1.04087719  4.20786383  2.87651934 25.80414906]
 Average call time: 0.47 sec | Current time: 2019-04-18 20:52:40.396191
 --------------------------
iter: 293 | nc: 1 | ncalls: 817 | bounds: 0 | eff(%): 35.863 | logz: -1.5e+05 +/- 1.4e-01 | dlogz: 135486.158 >  0.500
 loglike: -1.5e+05 | params: [ 0.4148054  -0.77272964  4.22241866  4.71002949 23.98680168]
 Average call time: 0.35 sec | Current time: 2019-04-18 20:52:40.747202
 --------------------------
iter: 294 | nc: 4 | ncalls: 821 | bounds: 0 | eff(%): 35.810 | logz: -1.5e+05 +/- 1.4e-01 | dlogz: 135383.785 >  0.500
 loglike: -1.5e+05 | params: [ 0.22656786 -0.52824064  3.40920231  0.49519921 26.02878593]
 Average call time: 0.44 sec | Current time: 2019-04-18 20:52:42.520192
 --------------------------
iter: 295 | nc: 5 | ncalls: 826 | bounds: 0 | eff(%): 35.714 | logz: -1.5e+05 +/- 1.4e-01 | dlogz: 135356.818 >  0.500
 loglike: -1.5e+05 | params: [-0.77926465 -1.9555295   4.37557397  0.65892192 26.75404925]
 Average call time: 0.49 sec | Current time: 2019-04-18 20:52:44.986969
 --------------------------
iter: 296 | nc: 3 | ncalls: 829 | bounds: 0 | eff(%): 35.706 | logz: -1.5e+05 +/- 1.4e-01 | dlogz: 135334.815 >  0.500
 loglike: -1.5e+05 | params: [ 0.35546928 -1.44741651  3.48215739  0.45154642 24.09285825]
 Average call time: 0.51 sec | Current time: 2019-04-18 20:52:46.520905
 --------------------------
iter: 297 | nc: 1 | ncalls: 830 | bounds: 0 | eff(%): 35.783 | logz: -1.5e+05 +/- 1.4e-01 | dlogz: 135223.500 >  0.500
 loglike: -1.5e+05 | params: [-0.63635372 -1.83093976  3.61996007  0.30615756 26.63282725]
 Average call time: 0.35 sec | Current time: 2019-04-18 20:52:46.869676
 --------------------------
iter: 298 | nc: 1 | ncalls: 831 | bounds: 0 | eff(%): 35.860 | logz: -1.5e+05 +/- 1.4e-01 | dlogz: 135196.070 >  0.500
 loglike: -1.5e+05 | params: [ 0.07116052 -0.86280346  4.31187445  4.90666155 24.8182196 ]
 Average call time: 0.51 sec | Current time: 2019-04-18 20:52:47.381764
 --------------------------
iter: 299 | nc: 3 | ncalls: 834 | bounds: 0 | eff(%): 35.851 | logz: -1.5e+05 +/- 1.4e-01 | dlogz: 135187.227 >  0.500
 loglike: -1.5e+05 | params: [-0.77114084 -1.14738558  4.11289711  4.76200094 24.40179589]
 Average call time: 0.50 sec | Current time: 2019-04-18 20:52:48.893420
 --------------------------
iter: 300 | nc: 1 | ncalls: 835 | bounds: 0 | eff(%): 35.928 | logz: -1.5e+05 +/- 1.4e-01 | dlogz: 135126.210 >  0.500
 loglike: -1.5e+05 | params: [-0.24439126 -0.60206426  4.29651911  4.94974862 24.14886513]
 Average call time: 0.62 sec | Current time: 2019-04-18 20:52:49.513959
 --------------------------
iter: 301 | nc: 2 | ncalls: 837 | bounds: 0 | eff(%): 35.962 | logz: -1.5e+05 +/- 1.4e-01 | dlogz: 135095.094 >  0.500
 loglike: -1.5e+05 | params: [-0.38858187 -1.25256601  3.61796719  0.6008186  22.42112558]
 Average call time: 0.45 sec | Current time: 2019-04-18 20:52:50.407177
 --------------------------
iter: 302 | nc: 1 | ncalls: 838 | bounds: 0 | eff(%): 36.038 | logz: -1.5e+05 +/- 1.4e-01 | dlogz: 135067.038 >  0.500
 loglike: -1.5e+05 | params: [ 0.25258692 -0.81125364  3.31691198  1.85029254 26.80056481]
 Average call time: 0.36 sec | Current time: 2019-04-18 20:52:50.768551
 --------------------------
iter: 303 | nc: 1 | ncalls: 839 | bounds: 0 | eff(%): 36.114 | logz: -1.5e+05 +/- 1.3e-01 | dlogz: 135040.264 >  0.500
 loglike: -1.5e+05 | params: [-0.41724682 -1.4648488   4.06437308  4.17958353 23.50822476]
 Average call time: 0.51 sec | Current time: 2019-04-18 20:52:51.282455
 --------------------------
iter: 304 | nc: 1 | ncalls: 840 | bounds: 0 | eff(%): 36.190 | logz: -1.5e+05 +/- 1.4e-01 | dlogz: 135037.630 >  0.500
 loglike: -1.5e+05 | params: [ 0.19689412 -1.54460853  3.59397355  2.30154111 22.10267588]
 Average call time: 0.36 sec | Current time: 2019-04-18 20:52:51.641793
 --------------------------
iter: 305 | nc: 1 | ncalls: 841 | bounds: 0 | eff(%): 36.266 | logz: -1.5e+05 +/- 1.4e-01 | dlogz: 135027.972 >  0.500
 loglike: -1.5e+05 | params: [-0.44360976 -1.32988977  3.66043288  2.45390369 26.91661787]
 Average call time: 0.36 sec | Current time: 2019-04-18 20:52:52.005654
 --------------------------
iter: 306 | nc: 3 | ncalls: 844 | bounds: 0 | eff(%): 36.256 | logz: -1.5e+05 +/- 1.4e-01 | dlogz: 134903.302 >  0.500
 loglike: -1.5e+05 | params: [-0.81453621 -1.78679912  3.58406814  0.50120886 26.20830442]
 Average call time: 0.42 sec | Current time: 2019-04-18 20:52:53.265654
 --------------------------
iter: 307 | nc: 2 | ncalls: 846 | bounds: 0 | eff(%): 36.288 | logz: -1.5e+05 +/- 1.4e-01 | dlogz: 134833.800 >  0.500
 loglike: -1.5e+05 | params: [-1.85771714e-02 -1.09276707e+00  3.57997149e+00  1.93556646e+00
  2.23153639e+01]
 Average call time: 0.45 sec | Current time: 2019-04-18 20:52:54.156944
 --------------------------
iter: 308 | nc: 1 | ncalls: 847 | bounds: 0 | eff(%): 36.364 | logz: -1.5e+05 +/- 1.4e-01 | dlogz: 134829.086 >  0.500
 loglike: -1.5e+05 | params: [-0.63434449 -0.56817597  3.75090997  3.1869373  22.40269727]
 Average call time: 0.53 sec | Current time: 2019-04-18 20:52:54.683906
 --------------------------
iter: 309 | nc: 3 | ncalls: 850 | bounds: 0 | eff(%): 36.353 | logz: -1.5e+05 +/- 1.4e-01 | dlogz: 134818.348 >  0.500
 loglike: -1.5e+05 | params: [-0.21509332 -0.78252664  4.07139768  4.74277961 22.7176254 ]
 Average call time: 0.42 sec | Current time: 2019-04-18 20:52:55.954772
 --------------------------
iter: 310 | nc: 1 | ncalls: 851 | bounds: 0 | eff(%): 36.428 | logz: -1.5e+05 +/- 1.4e-01 | dlogz: 134811.136 >  0.500
 loglike: -1.5e+05 | params: [-0.2580374  -0.70726313  4.37858301  4.73969874 26.83333732]
 Average call time: 0.55 sec | Current time: 2019-04-18 20:52:56.505349
 --------------------------
iter: 311 | nc: 1 | ncalls: 852 | bounds: 0 | eff(%): 36.502 | logz: -1.5e+05 +/- 1.4e-01 | dlogz: 134733.934 >  0.500
 loglike: -1.5e+05 | params: [-0.13418347 -1.65586364  3.68696986  2.31204791 25.23152326]
 Average call time: 0.52 sec | Current time: 2019-04-18 20:52:57.026817
 --------------------------
iter: 312 | nc: 2 | ncalls: 854 | bounds: 0 | eff(%): 36.534 | logz: -1.5e+05 +/- 1.3e-01 | dlogz: 134679.940 >  0.500
 loglike: -1.5e+05 | params: [-0.9716759  -0.64297681  4.12180035  0.49160927 25.12335231]
 Average call time: 0.45 sec | Current time: 2019-04-18 20:52:57.926022
 --------------------------
iter: 313 | nc: 2 | ncalls: 856 | bounds: 0 | eff(%): 36.565 | logz: -1.5e+05 +/- 1.4e-01 | dlogz: 134678.346 >  0.500
 loglike: -1.5e+05 | params: [-0.0769443  -0.74641171  3.83905884  3.19885676 26.22130946]
 Average call time: 0.44 sec | Current time: 2019-04-18 20:52:58.798398
 --------------------------
iter: 314 | nc: 1 | ncalls: 857 | bounds: 0 | eff(%): 36.639 | logz: -1.5e+05 +/- 1.4e-01 | dlogz: 134666.010 >  0.500
 loglike: -1.5e+05 | params: [-0.7948107  -1.62999184  3.71624434  2.99956434 23.08974785]
 Average call time: 0.36 sec | Current time: 2019-04-18 20:52:59.160868
 --------------------------
iter: 315 | nc: 2 | ncalls: 859 | bounds: 0 | eff(%): 36.671 | logz: -1.5e+05 +/- 1.4e-01 | dlogz: 134642.473 >  0.500
 loglike: -1.5e+05 | params: [ 0.3076224  -1.8710933   4.18260745  4.58617148 25.06330745]
 Average call time: 0.53 sec | Current time: 2019-04-18 20:53:00.222548
 --------------------------
iter: 316 | nc: 1 | ncalls: 860 | bounds: 0 | eff(%): 36.744 | logz: -1.5e+05 +/- 1.4e-01 | dlogz: 134613.199 >  0.500
 loglike: -1.5e+05 | params: [-0.07670165 -0.8384188   4.09875831  4.22871613 24.23093317]
 Average call time: 0.36 sec | Current time: 2019-04-18 20:53:00.583872
 --------------------------
