Using pcmdpy version 0.9.0
Loading Setup File: setup_files/M31/M31_model12.py
(2, 122613)
Running Nested Sampling
-initializing models
-Saving initial results dataframe
iter: 1 | nc: 1 | ncalls: 401 | bounds: 0 | eff(%):  0.249 | logz: -2.0e+05 +/- 1.3e-01 | dlogz:    inf >  0.500
 loglike: -2.0e+05 | params: [-0.98858279 -0.65549303  5.9902118   4.04941986 22.15083967]
 Average call time: 0.40 sec | Current time: 2019-04-18 20:49:58.024573
 --------------------------
iter: 2 | nc: 1 | ncalls: 402 | bounds: 0 | eff(%):  0.498 | logz: -2.0e+05 +/- 1.3e-01 | dlogz: 171991.815 >  0.500
 loglike: -2.0e+05 | params: [-0.38559319 -1.99142737  5.81605746  3.06573774 22.03273138]
 Average call time: 0.58 sec | Current time: 2019-04-18 20:49:58.602257
 --------------------------
iter: 3 | nc: 1 | ncalls: 403 | bounds: 0 | eff(%):  0.744 | logz: -2.0e+05 +/- 1.3e-01 | dlogz: 171316.119 >  0.500
 loglike: -2.0e+05 | params: [-0.91918947 -1.32252739  5.92801897  0.70731923 22.59690449]
 Average call time: 0.59 sec | Current time: 2019-04-18 20:49:59.191853
 --------------------------
iter: 4 | nc: 1 | ncalls: 404 | bounds: 0 | eff(%):  0.990 | logz: -2.0e+05 +/- 1.3e-01 | dlogz: 170841.661 >  0.500
 loglike: -2.0e+05 | params: [-0.98597714 -0.64902707  5.90896572  2.82878393 22.42386922]
 Average call time: 0.58 sec | Current time: 2019-04-18 20:49:59.769916
 --------------------------
iter: 5 | nc: 1 | ncalls: 405 | bounds: 0 | eff(%):  1.235 | logz: -2.0e+05 +/- 1.3e-01 | dlogz: 170462.172 >  0.500
 loglike: -2.0e+05 | params: [ 0.38747057 -1.20630253  5.88474293  2.78153853 22.03218989]
 Average call time: 0.41 sec | Current time: 2019-04-18 20:50:00.182137
 --------------------------
iter: 6 | nc: 1 | ncalls: 406 | bounds: 0 | eff(%):  1.478 | logz: -2.0e+05 +/- 1.3e-01 | dlogz: 170198.976 >  0.500
 loglike: -2.0e+05 | params: [-0.70184216 -1.33406957  5.69906938  3.39002836 22.40761548]
 Average call time: 0.59 sec | Current time: 2019-04-18 20:50:00.768632
 --------------------------
iter: 7 | nc: 1 | ncalls: 407 | bounds: 0 | eff(%):  1.720 | logz: -2.0e+05 +/- 1.3e-01 | dlogz: 169750.881 >  0.500
 loglike: -2.0e+05 | params: [-0.70723501 -1.91391282  5.65897819  4.17028345 22.79502139]
 Average call time: 0.59 sec | Current time: 2019-04-18 20:50:01.356161
 --------------------------
iter: 8 | nc: 1 | ncalls: 408 | bounds: 0 | eff(%):  1.961 | logz: -2.0e+05 +/- 1.3e-01 | dlogz: 168645.592 >  0.500
 loglike: -2.0e+05 | params: [-0.20990934 -1.05541015  5.52605533  3.24158195 22.11343958]
 Average call time: 0.56 sec | Current time: 2019-04-18 20:50:01.913884
 --------------------------
iter: 9 | nc: 1 | ncalls: 409 | bounds: 0 | eff(%):  2.200 | logz: -2.0e+05 +/- 1.3e-01 | dlogz: 168475.139 >  0.500
 loglike: -2.0e+05 | params: [-0.76710399 -1.45851206  5.82030103  0.737776   23.36423293]
 Average call time: 0.58 sec | Current time: 2019-04-18 20:50:02.494063
 --------------------------
iter: 10 | nc: 1 | ncalls: 410 | bounds: 0 | eff(%):  2.439 | logz: -2.0e+05 +/- 1.3e-01 | dlogz: 168177.574 >  0.500
 loglike: -2.0e+05 | params: [-0.94103281 -1.35233522  5.41710339  2.16940957 22.44224555]
 Average call time: 0.63 sec | Current time: 2019-04-18 20:50:03.125760
 --------------------------
iter: 11 | nc: 1 | ncalls: 411 | bounds: 0 | eff(%):  2.676 | logz: -2.0e+05 +/- 1.3e-01 | dlogz: 167870.031 >  0.500
 loglike: -2.0e+05 | params: [-0.2324181  -0.73457533  5.97417461  3.19070527 23.42736665]
 Average call time: 0.58 sec | Current time: 2019-04-18 20:50:03.705948
 --------------------------
iter: 12 | nc: 1 | ncalls: 412 | bounds: 0 | eff(%):  2.913 | logz: -2.0e+05 +/- 1.3e-01 | dlogz: 167857.529 >  0.500
 loglike: -2.0e+05 | params: [-0.14543816 -0.66598521  5.67256746  0.8466862  22.59492503]
 Average call time: 0.59 sec | Current time: 2019-04-18 20:50:04.298967
 --------------------------
iter: 13 | nc: 1 | ncalls: 413 | bounds: 0 | eff(%):  3.148 | logz: -2.0e+05 +/- 1.3e-01 | dlogz: 167806.841 >  0.500
 loglike: -2.0e+05 | params: [-0.09101749 -0.55280521  5.87036592  4.65714117 22.92339916]
 Average call time: 0.59 sec | Current time: 2019-04-18 20:50:04.884717
 --------------------------
iter: 14 | nc: 1 | ncalls: 414 | bounds: 0 | eff(%):  3.382 | logz: -2.0e+05 +/- 1.3e-01 | dlogz: 167762.732 >  0.500
 loglike: -2.0e+05 | params: [-0.36758781 -0.60175185  5.47053128  2.28135469 22.1459471 ]
 Average call time: 0.40 sec | Current time: 2019-04-18 20:50:05.281989
 --------------------------
iter: 15 | nc: 1 | ncalls: 415 | bounds: 0 | eff(%):  3.614 | logz: -2.0e+05 +/- 1.3e-01 | dlogz: 167687.862 >  0.500
 loglike: -2.0e+05 | params: [ 0.26909621 -1.72511649  5.65187677  0.6078961  22.63411906]
 Average call time: 0.59 sec | Current time: 2019-04-18 20:50:05.868792
 --------------------------
iter: 16 | nc: 1 | ncalls: 416 | bounds: 0 | eff(%):  3.846 | logz: -2.0e+05 +/- 1.3e-01 | dlogz: 167646.855 >  0.500
 loglike: -2.0e+05 | params: [-0.85280881 -1.34265907  5.78994493  0.3038156  23.55423779]
 Average call time: 0.60 sec | Current time: 2019-04-18 20:50:06.466069
 --------------------------
iter: 17 | nc: 1 | ncalls: 417 | bounds: 0 | eff(%):  4.077 | logz: -2.0e+05 +/- 1.3e-01 | dlogz: 167515.756 >  0.500
 loglike: -2.0e+05 | params: [-0.22054683 -1.68831348  5.50039123  1.19834225 22.69329663]
 Average call time: 0.57 sec | Current time: 2019-04-18 20:50:07.038019
 --------------------------
iter: 18 | nc: 1 | ncalls: 418 | bounds: 0 | eff(%):  4.306 | logz: -2.0e+05 +/- 1.3e-01 | dlogz: 167408.134 >  0.500
 loglike: -2.0e+05 | params: [-0.96734161 -1.32749335  5.57245923  3.901818   23.24580658]
 Average call time: 0.57 sec | Current time: 2019-04-18 20:50:07.604003
 --------------------------
iter: 19 | nc: 1 | ncalls: 419 | bounds: 0 | eff(%):  4.535 | logz: -2.0e+05 +/- 1.3e-01 | dlogz: 166900.882 >  0.500
 loglike: -2.0e+05 | params: [-0.51520778 -1.11427729  5.41559427  1.50660588 22.86533613]
 Average call time: 0.60 sec | Current time: 2019-04-18 20:50:08.199615
 --------------------------
iter: 20 | nc: 1 | ncalls: 420 | bounds: 0 | eff(%):  4.762 | logz: -2.0e+05 +/- 1.3e-01 | dlogz: 166593.229 >  0.500
 loglike: -2.0e+05 | params: [ 0.09990664 -1.90171915  5.26204513  4.3128884  22.15805266]
 Average call time: 0.61 sec | Current time: 2019-04-18 20:50:08.814174
 --------------------------
iter: 21 | nc: 1 | ncalls: 421 | bounds: 0 | eff(%):  4.988 | logz: -2.0e+05 +/- 1.3e-01 | dlogz: 166299.983 >  0.500
 loglike: -2.0e+05 | params: [-0.55203898 -0.70758558  5.62322878  3.86605793 23.3061582 ]
 Average call time: 0.59 sec | Current time: 2019-04-18 20:50:09.405400
 --------------------------
iter: 22 | nc: 1 | ncalls: 422 | bounds: 0 | eff(%):  5.213 | logz: -2.0e+05 +/- 1.3e-01 | dlogz: 166164.396 >  0.500
 loglike: -2.0e+05 | params: [ 0.17094599 -0.76775907  5.81363902  3.08878485 23.45040911]
 Average call time: 0.60 sec | Current time: 2019-04-18 20:50:10.009328
 --------------------------
iter: 23 | nc: 2 | ncalls: 424 | bounds: 0 | eff(%):  5.425 | logz: -2.0e+05 +/- 1.3e-01 | dlogz: 166161.065 >  0.500
 loglike: -2.0e+05 | params: [-0.98740151 -1.29267658  5.40968844  4.62358052 23.15718067]
 Average call time: 0.48 sec | Current time: 2019-04-18 20:50:10.963624
 --------------------------
iter: 24 | nc: 1 | ncalls: 425 | bounds: 0 | eff(%):  5.647 | logz: -2.0e+05 +/- 1.2e-01 | dlogz: 166127.979 >  0.500
 loglike: -2.0e+05 | params: [-0.50498892 -1.08998718  5.28863915  3.17702882 22.58961529]
 Average call time: 0.40 sec | Current time: 2019-04-18 20:50:11.360365
 --------------------------
iter: 25 | nc: 1 | ncalls: 426 | bounds: 0 | eff(%):  5.869 | logz: -2.0e+05 +/- 1.3e-01 | dlogz: 166126.160 >  0.500
 loglike: -2.0e+05 | params: [-0.43986444 -1.98138953  5.68761335  4.37905274 23.75873411]
 Average call time: 0.57 sec | Current time: 2019-04-18 20:50:11.931697
 --------------------------
iter: 26 | nc: 1 | ncalls: 427 | bounds: 0 | eff(%):  6.089 | logz: -2.0e+05 +/- 1.3e-01 | dlogz: 166070.116 >  0.500
 loglike: -2.0e+05 | params: [-0.7098485  -0.88992785  5.8269195   2.62788049 24.15022614]
 Average call time: 0.40 sec | Current time: 2019-04-18 20:50:12.328124
 --------------------------
iter: 27 | nc: 1 | ncalls: 428 | bounds: 0 | eff(%):  6.308 | logz: -2.0e+05 +/- 1.3e-01 | dlogz: 166019.131 >  0.500
 loglike: -2.0e+05 | params: [-0.80233529 -0.6092302   5.31118632  2.02438516 22.70285323]
 Average call time: 0.39 sec | Current time: 2019-04-18 20:50:12.722224
 --------------------------
iter: 28 | nc: 1 | ncalls: 429 | bounds: 0 | eff(%):  6.527 | logz: -2.0e+05 +/- 1.3e-01 | dlogz: 165941.962 >  0.500
 loglike: -2.0e+05 | params: [-0.18581391 -1.25759766  5.20513187  1.60900039 22.57009889]
 Average call time: 0.57 sec | Current time: 2019-04-18 20:50:13.287569
 --------------------------
iter: 29 | nc: 1 | ncalls: 430 | bounds: 0 | eff(%):  6.744 | logz: -2.0e+05 +/- 1.3e-01 | dlogz: 165782.539 >  0.500
 loglike: -2.0e+05 | params: [-0.41496827 -1.59931693  5.20866568  4.50821588 22.50793928]
 Average call time: 0.57 sec | Current time: 2019-04-18 20:50:13.853122
 --------------------------
iter: 30 | nc: 1 | ncalls: 431 | bounds: 0 | eff(%):  6.961 | logz: -2.0e+05 +/- 1.3e-01 | dlogz: 165744.557 >  0.500
 loglike: -2.0e+05 | params: [-0.92179549 -1.86090603  5.54795852  0.92393974 23.81443306]
 Average call time: 0.45 sec | Current time: 2019-04-18 20:50:14.305398
 --------------------------
iter: 31 | nc: 1 | ncalls: 432 | bounds: 0 | eff(%):  7.176 | logz: -2.0e+05 +/- 1.3e-01 | dlogz: 165695.520 >  0.500
 loglike: -2.0e+05 | params: [ 0.21552985 -0.55384819  5.83085626  2.99671097 23.5575166 ]
 Average call time: 0.39 sec | Current time: 2019-04-18 20:50:14.694399
 --------------------------
iter: 32 | nc: 1 | ncalls: 433 | bounds: 0 | eff(%):  7.390 | logz: -2.0e+05 +/- 1.3e-01 | dlogz: 165687.708 >  0.500
 loglike: -2.0e+05 | params: [ 0.20857369 -1.27358883  5.50670019  0.84588652 23.09858169]
 Average call time: 0.40 sec | Current time: 2019-04-18 20:50:15.092689
 --------------------------
iter: 33 | nc: 1 | ncalls: 434 | bounds: 0 | eff(%):  7.604 | logz: -2.0e+05 +/- 1.3e-01 | dlogz: 165676.443 >  0.500
 loglike: -2.0e+05 | params: [ 0.26903703 -1.29000519  5.6102201   1.20737808 23.52076869]
 Average call time: 0.58 sec | Current time: 2019-04-18 20:50:15.674337
 --------------------------
iter: 34 | nc: 1 | ncalls: 435 | bounds: 0 | eff(%):  7.816 | logz: -2.0e+05 +/- 1.3e-01 | dlogz: 165372.985 >  0.500
 loglike: -2.0e+05 | params: [-0.96605129 -1.68076716  4.90498682  3.39876899 22.19198184]
 Average call time: 0.39 sec | Current time: 2019-04-18 20:50:16.067733
 --------------------------
iter: 35 | nc: 1 | ncalls: 436 | bounds: 0 | eff(%):  8.028 | logz: -2.0e+05 +/- 1.3e-01 | dlogz: 165349.732 >  0.500
 loglike: -2.0e+05 | params: [-0.97902378 -1.08653429  5.95426552  1.19812442 24.93608859]
 Average call time: 0.58 sec | Current time: 2019-04-18 20:50:16.644959
 --------------------------
iter: 36 | nc: 1 | ncalls: 437 | bounds: 0 | eff(%):  8.238 | logz: -2.0e+05 +/- 1.3e-01 | dlogz: 165297.734 >  0.500
 loglike: -2.0e+05 | params: [ 0.46108372 -0.86867657  5.66670982  0.28474392 23.42924424]
 Average call time: 0.39 sec | Current time: 2019-04-18 20:50:17.037425
 --------------------------
iter: 37 | nc: 1 | ncalls: 438 | bounds: 0 | eff(%):  8.447 | logz: -2.0e+05 +/- 1.3e-01 | dlogz: 165244.129 >  0.500
 loglike: -2.0e+05 | params: [-0.60753085 -0.65995718  5.28980322  1.38208826 23.03441955]
 Average call time: 0.58 sec | Current time: 2019-04-18 20:50:17.618249
 --------------------------
iter: 38 | nc: 1 | ncalls: 439 | bounds: 0 | eff(%):  8.656 | logz: -2.0e+05 +/- 1.3e-01 | dlogz: 165180.815 >  0.500
 loglike: -2.0e+05 | params: [-0.19701477 -1.08499925  5.40569456  2.10879422 23.30698513]
 Average call time: 0.58 sec | Current time: 2019-04-18 20:50:18.200430
 --------------------------
iter: 39 | nc: 1 | ncalls: 440 | bounds: 0 | eff(%):  8.864 | logz: -2.0e+05 +/- 1.3e-01 | dlogz: 165175.493 >  0.500
 loglike: -2.0e+05 | params: [-0.53672554 -1.44848633  5.05323068  0.98419268 22.68871428]
 Average call time: 0.40 sec | Current time: 2019-04-18 20:50:18.597129
 --------------------------
iter: 40 | nc: 1 | ncalls: 441 | bounds: 0 | eff(%):  9.070 | logz: -2.0e+05 +/- 1.3e-01 | dlogz: 165102.434 >  0.500
 loglike: -2.0e+05 | params: [-0.45021886 -1.90133182  5.15123552  2.61070149 22.88419252]
 Average call time: 0.45 sec | Current time: 2019-04-18 20:50:19.049536
 --------------------------
iter: 41 | nc: 1 | ncalls: 442 | bounds: 0 | eff(%):  9.276 | logz: -2.0e+05 +/- 1.3e-01 | dlogz: 165084.973 >  0.500
 loglike: -2.0e+05 | params: [ 9.24231894e-03 -1.86879258e+00  5.54786376e+00  3.93407630e+00
  2.35865221e+01]
 Average call time: 0.57 sec | Current time: 2019-04-18 20:50:19.618040
 --------------------------
iter: 42 | nc: 1 | ncalls: 443 | bounds: 0 | eff(%):  9.481 | logz: -2.0e+05 +/- 1.3e-01 | dlogz: 164819.831 >  0.500
 loglike: -2.0e+05 | params: [-0.16100239 -1.50664271  5.33041793  1.30131599 23.44011193]
 Average call time: 0.58 sec | Current time: 2019-04-18 20:50:20.195938
 --------------------------
iter: 43 | nc: 1 | ncalls: 444 | bounds: 0 | eff(%):  9.685 | logz: -2.0e+05 +/- 1.3e-01 | dlogz: 164736.611 >  0.500
 loglike: -2.0e+05 | params: [-0.56012266 -1.20482476  5.46530208  4.35704036 23.78251651]
 Average call time: 0.57 sec | Current time: 2019-04-18 20:50:20.763271
 --------------------------
iter: 44 | nc: 1 | ncalls: 445 | bounds: 0 | eff(%):  9.888 | logz: -2.0e+05 +/- 1.3e-01 | dlogz: 164665.051 >  0.500
 loglike: -2.0e+05 | params: [ 0.17362493 -1.47631759  4.99871138  0.36927162 22.39099112]
 Average call time: 0.57 sec | Current time: 2019-04-18 20:50:21.336729
 --------------------------
iter: 45 | nc: 2 | ncalls: 447 | bounds: 0 | eff(%): 10.067 | logz: -2.0e+05 +/- 1.3e-01 | dlogz: 164651.870 >  0.500
 loglike: -2.0e+05 | params: [-0.83664583 -1.30637077  5.54540733  2.3784156  24.33107636]
 Average call time: 0.59 sec | Current time: 2019-04-18 20:50:22.525550
 --------------------------
iter: 46 | nc: 1 | ncalls: 448 | bounds: 0 | eff(%): 10.268 | logz: -2.0e+05 +/- 1.3e-01 | dlogz: 164478.458 >  0.500
 loglike: -2.0e+05 | params: [-0.90399517 -1.24115458  5.73370685  0.8299134  24.84739397]
 Average call time: 0.39 sec | Current time: 2019-04-18 20:50:22.912662
 --------------------------
iter: 47 | nc: 1 | ncalls: 449 | bounds: 0 | eff(%): 10.468 | logz: -2.0e+05 +/- 1.3e-01 | dlogz: 164468.604 >  0.500
 loglike: -2.0e+05 | params: [-0.14101113 -1.8190067   5.9998549   4.9871637  25.47356071]
 Average call time: 0.57 sec | Current time: 2019-04-18 20:50:23.481296
 --------------------------
iter: 48 | nc: 1 | ncalls: 450 | bounds: 0 | eff(%): 10.667 | logz: -2.0e+05 +/- 1.3e-01 | dlogz: 164036.486 >  0.500
 loglike: -2.0e+05 | params: [-0.7729071  -1.49723801  4.63020711  0.45937846 22.27503198]
 Average call time: 0.56 sec | Current time: 2019-04-18 20:50:24.045717
 --------------------------
iter: 49 | nc: 1 | ncalls: 451 | bounds: 0 | eff(%): 10.865 | logz: -2.0e+05 +/- 1.3e-01 | dlogz: 163955.574 >  0.500
 loglike: -2.0e+05 | params: [-0.33650163 -1.42899601  5.33039388  3.58861471 23.77500413]
 Average call time: 0.58 sec | Current time: 2019-04-18 20:50:24.625484
 --------------------------
iter: 50 | nc: 1 | ncalls: 452 | bounds: 0 | eff(%): 11.062 | logz: -2.0e+05 +/- 1.3e-01 | dlogz: 163853.995 >  0.500
 loglike: -2.0e+05 | params: [-0.27542069 -1.81200259  5.85781674  0.18342657 25.38285383]
 Average call time: 0.46 sec | Current time: 2019-04-18 20:50:25.081792
 --------------------------
iter: 51 | nc: 1 | ncalls: 453 | bounds: 0 | eff(%): 11.258 | logz: -2.0e+05 +/- 1.3e-01 | dlogz: 163808.193 >  0.500
 loglike: -2.0e+05 | params: [-0.37546638 -1.05818405  5.62947331  0.44017142 24.75201572]
 Average call time: 0.38 sec | Current time: 2019-04-18 20:50:25.466518
 --------------------------
iter: 52 | nc: 2 | ncalls: 455 | bounds: 0 | eff(%): 11.429 | logz: -2.0e+05 +/- 1.3e-01 | dlogz: 163804.622 >  0.500
 loglike: -2.0e+05 | params: [ 0.33484407 -1.74729757  5.53425718  3.54360062 24.11054327]
 Average call time: 0.61 sec | Current time: 2019-04-18 20:50:26.692414
 --------------------------
iter: 53 | nc: 1 | ncalls: 456 | bounds: 0 | eff(%): 11.623 | logz: -2.0e+05 +/- 1.3e-01 | dlogz: 163591.370 >  0.500
 loglike: -2.0e+05 | params: [ 0.09391567 -1.36254742  4.90250494  2.98123677 22.68535527]
 Average call time: 0.59 sec | Current time: 2019-04-18 20:50:27.277828
 --------------------------
iter: 54 | nc: 1 | ncalls: 457 | bounds: 0 | eff(%): 11.816 | logz: -2.0e+05 +/- 1.3e-01 | dlogz: 163381.933 >  0.500
 loglike: -2.0e+05 | params: [ 0.04690971 -1.61255525  5.66323128  2.70855511 24.7898221 ]
 Average call time: 0.58 sec | Current time: 2019-04-18 20:50:27.859929
 --------------------------
iter: 55 | nc: 1 | ncalls: 458 | bounds: 0 | eff(%): 12.009 | logz: -2.0e+05 +/- 1.3e-01 | dlogz: 163339.976 >  0.500
 loglike: -2.0e+05 | params: [-0.43918023 -1.39773382  5.70039765  1.29980832 25.3200634 ]
 Average call time: 0.39 sec | Current time: 2019-04-18 20:50:28.254350
 --------------------------
iter: 56 | nc: 1 | ncalls: 459 | bounds: 0 | eff(%): 12.200 | logz: -2.0e+05 +/- 1.3e-01 | dlogz: 163327.446 >  0.500
 loglike: -2.0e+05 | params: [-0.07579112 -1.67106324  5.49009467  3.27453805 24.36501472]
 Average call time: 0.56 sec | Current time: 2019-04-18 20:50:28.818115
 --------------------------
iter: 57 | nc: 1 | ncalls: 460 | bounds: 0 | eff(%): 12.391 | logz: -2.0e+05 +/- 1.2e-01 | dlogz: 163296.883 >  0.500
 loglike: -2.0e+05 | params: [-0.77524943 -0.88090489  5.32402797  3.20525627 24.19154941]
 Average call time: 0.40 sec | Current time: 2019-04-18 20:50:29.215788
 --------------------------
iter: 58 | nc: 1 | ncalls: 461 | bounds: 0 | eff(%): 12.581 | logz: -2.0e+05 +/- 1.3e-01 | dlogz: 163295.757 >  0.500
 loglike: -2.0e+05 | params: [ 0.20716535 -1.55833492  5.122476    1.20145289 23.44924576]
 Average call time: 0.39 sec | Current time: 2019-04-18 20:50:29.605301
 --------------------------
iter: 59 | nc: 4 | ncalls: 465 | bounds: 0 | eff(%): 12.688 | logz: -2.0e+05 +/- 1.3e-01 | dlogz: 163275.088 >  0.500
 loglike: -2.0e+05 | params: [-0.55460907 -1.44208353  5.31079744  4.51558372 24.13651892]
 Average call time: 0.45 sec | Current time: 2019-04-18 20:50:31.400952
 --------------------------
iter: 60 | nc: 1 | ncalls: 466 | bounds: 0 | eff(%): 12.876 | logz: -2.0e+05 +/- 1.3e-01 | dlogz: 163194.985 >  0.500
 loglike: -2.0e+05 | params: [-0.36570105 -0.59977087  5.97588397  2.78441031 25.65117286]
 Average call time: 0.42 sec | Current time: 2019-04-18 20:50:31.819245
 --------------------------
iter: 61 | nc: 1 | ncalls: 467 | bounds: 0 | eff(%): 13.062 | logz: -2.0e+05 +/- 1.3e-01 | dlogz: 163179.479 >  0.500
 loglike: -2.0e+05 | params: [-0.31691517 -1.7665055   5.98381136  4.45948632 26.018747  ]
 Average call time: 0.57 sec | Current time: 2019-04-18 20:50:32.392873
 --------------------------
iter: 62 | nc: 1 | ncalls: 468 | bounds: 0 | eff(%): 13.248 | logz: -2.0e+05 +/- 1.3e-01 | dlogz: 163164.804 >  0.500
 loglike: -2.0e+05 | params: [-0.5927996  -1.94835369  4.50834236  2.64898226 22.20977907]
 Average call time: 0.57 sec | Current time: 2019-04-18 20:50:32.962862
 --------------------------
iter: 63 | nc: 1 | ncalls: 469 | bounds: 0 | eff(%): 13.433 | logz: -2.0e+05 +/- 1.3e-01 | dlogz: 163110.002 >  0.500
 loglike: -2.0e+05 | params: [-0.04302948 -1.01617546  5.07727598  0.10111352 23.50347722]
 Average call time: 0.57 sec | Current time: 2019-04-18 20:50:33.529738
 --------------------------
iter: 64 | nc: 1 | ncalls: 470 | bounds: 0 | eff(%): 13.617 | logz: -2.0e+05 +/- 1.3e-01 | dlogz: 163098.211 >  0.500
 loglike: -2.0e+05 | params: [-0.05106503 -0.75687403  4.85244171  1.74385311 22.83847338]
 Average call time: 0.40 sec | Current time: 2019-04-18 20:50:33.926932
 --------------------------
iter: 65 | nc: 1 | ncalls: 471 | bounds: 0 | eff(%): 13.800 | logz: -2.0e+05 +/- 1.3e-01 | dlogz: 163045.042 >  0.500
 loglike: -2.0e+05 | params: [-0.6401889  -1.80870746  5.58240795  4.55937472 25.1443961 ]
 Average call time: 0.60 sec | Current time: 2019-04-18 20:50:34.522843
 --------------------------
iter: 66 | nc: 3 | ncalls: 474 | bounds: 0 | eff(%): 13.924 | logz: -2.0e+05 +/- 1.3e-01 | dlogz: 163023.364 >  0.500
 loglike: -2.0e+05 | params: [-0.4391523  -1.37567451  5.51033     3.82777753 24.7405619 ]
 Average call time: 0.60 sec | Current time: 2019-04-18 20:50:36.331056
 --------------------------
iter: 67 | nc: 1 | ncalls: 475 | bounds: 0 | eff(%): 14.105 | logz: -2.0e+05 +/- 1.3e-01 | dlogz: 163019.353 >  0.500
 loglike: -2.0e+05 | params: [-0.30566152 -0.72921999  4.71209438  1.90252524 22.68991505]
 Average call time: 0.58 sec | Current time: 2019-04-18 20:50:36.908114
 --------------------------
iter: 68 | nc: 1 | ncalls: 476 | bounds: 0 | eff(%): 14.286 | logz: -2.0e+05 +/- 1.3e-01 | dlogz: 162873.002 >  0.500
 loglike: -2.0e+05 | params: [ 0.38393042 -1.74481655  4.87352712  4.36200843 22.64654878]
 Average call time: 0.58 sec | Current time: 2019-04-18 20:50:37.493079
 --------------------------
iter: 69 | nc: 1 | ncalls: 477 | bounds: 0 | eff(%): 14.465 | logz: -2.0e+05 +/- 1.3e-01 | dlogz: 162857.775 >  0.500
 loglike: -2.0e+05 | params: [-0.95802357 -0.70461309  5.99452304  1.69401814 26.25130417]
 Average call time: 0.60 sec | Current time: 2019-04-18 20:50:38.088977
 --------------------------
iter: 70 | nc: 1 | ncalls: 478 | bounds: 0 | eff(%): 14.644 | logz: -2.0e+05 +/- 1.3e-01 | dlogz: 162829.539 >  0.500
 loglike: -2.0e+05 | params: [-0.9609447  -1.82315948  5.31750552  0.77852402 24.84735568]
 Average call time: 0.61 sec | Current time: 2019-04-18 20:50:38.695861
 --------------------------
iter: 71 | nc: 1 | ncalls: 479 | bounds: 0 | eff(%): 14.823 | logz: -2.0e+05 +/- 1.2e-01 | dlogz: 162773.362 >  0.500
 loglike: -2.0e+05 | params: [-0.06583512 -1.25947603  5.3621508   3.58927524 24.21954491]
 Average call time: 0.42 sec | Current time: 2019-04-18 20:50:39.114575
 --------------------------
iter: 72 | nc: 1 | ncalls: 480 | bounds: 0 | eff(%): 15.000 | logz: -2.0e+05 +/- 1.3e-01 | dlogz: 162772.090 >  0.500
 loglike: -2.0e+05 | params: [-0.10453934 -1.05729869  5.93060417  0.96395166 25.99988706]
 Average call time: 0.57 sec | Current time: 2019-04-18 20:50:39.681275
 --------------------------
iter: 73 | nc: 2 | ncalls: 482 | bounds: 0 | eff(%): 15.145 | logz: -2.0e+05 +/- 1.3e-01 | dlogz: 162768.593 >  0.500
 loglike: -2.0e+05 | params: [-0.61500185 -0.95044511  5.60627558  4.92009239 25.20456406]
 Average call time: 0.47 sec | Current time: 2019-04-18 20:50:40.630321
 --------------------------
iter: 74 | nc: 1 | ncalls: 483 | bounds: 0 | eff(%): 15.321 | logz: -2.0e+05 +/- 1.3e-01 | dlogz: 162748.865 >  0.500
 loglike: -2.0e+05 | params: [ 0.17371699 -0.85759413  5.65761245  3.32725163 24.84183791]
 Average call time: 0.39 sec | Current time: 2019-04-18 20:50:41.018262
 --------------------------
iter: 75 | nc: 1 | ncalls: 484 | bounds: 0 | eff(%): 15.496 | logz: -2.0e+05 +/- 1.2e-01 | dlogz: 162730.028 >  0.500
 loglike: -2.0e+05 | params: [-0.04419526 -1.75107402  5.49649266  0.56827765 24.95061336]
 Average call time: 0.40 sec | Current time: 2019-04-18 20:50:41.417420
 --------------------------
iter: 76 | nc: 1 | ncalls: 485 | bounds: 0 | eff(%): 15.670 | logz: -2.0e+05 +/- 1.3e-01 | dlogz: 162728.081 >  0.500
 loglike: -2.0e+05 | params: [-0.95344771 -1.45514036  4.92288717  2.43027621 23.72208485]
 Average call time: 0.39 sec | Current time: 2019-04-18 20:50:41.807013
 --------------------------
iter: 77 | nc: 1 | ncalls: 486 | bounds: 0 | eff(%): 15.844 | logz: -2.0e+05 +/- 1.3e-01 | dlogz: 162722.776 >  0.500
 loglike: -2.0e+05 | params: [ 0.13620915 -0.51747536  5.20560383  1.78550732 23.67695621]
 Average call time: 0.58 sec | Current time: 2019-04-18 20:50:42.383393
 --------------------------
iter: 78 | nc: 1 | ncalls: 487 | bounds: 0 | eff(%): 16.016 | logz: -2.0e+05 +/- 1.3e-01 | dlogz: 162718.921 >  0.500
 loglike: -2.0e+05 | params: [-0.14937818 -0.77248254  5.75594922  1.04521693 25.56422012]
 Average call time: 0.58 sec | Current time: 2019-04-18 20:50:42.961571
 --------------------------
iter: 79 | nc: 1 | ncalls: 488 | bounds: 0 | eff(%): 16.189 | logz: -2.0e+05 +/- 1.3e-01 | dlogz: 162612.696 >  0.500
 loglike: -2.0e+05 | params: [ 0.39492719 -1.9140569   5.27318939  0.90665257 24.19853053]
 Average call time: 0.40 sec | Current time: 2019-04-18 20:50:43.358849
 --------------------------
iter: 80 | nc: 2 | ncalls: 490 | bounds: 0 | eff(%): 16.327 | logz: -2.0e+05 +/- 1.3e-01 | dlogz: 162582.316 >  0.500
 loglike: -2.0e+05 | params: [ 0.08998769 -0.64986824  5.1166552   3.03585842 23.45562622]
 Average call time: 0.63 sec | Current time: 2019-04-18 20:50:44.614450
 --------------------------
iter: 81 | nc: 1 | ncalls: 491 | bounds: 0 | eff(%): 16.497 | logz: -2.0e+05 +/- 1.3e-01 | dlogz: 162562.491 >  0.500
 loglike: -2.0e+05 | params: [-0.95816919 -1.14004801  5.22257244  2.16051092 24.62633418]
 Average call time: 0.56 sec | Current time: 2019-04-18 20:50:45.171131
 --------------------------
iter: 82 | nc: 1 | ncalls: 492 | bounds: 0 | eff(%): 16.667 | logz: -2.0e+05 +/- 1.3e-01 | dlogz: 162528.102 >  0.500
 loglike: -2.0e+05 | params: [ 0.22479178 -1.65602043  4.66046568  2.9204765  22.39686001]
 Average call time: 0.58 sec | Current time: 2019-04-18 20:50:45.751190
 --------------------------
iter: 83 | nc: 1 | ncalls: 493 | bounds: 0 | eff(%): 16.836 | logz: -2.0e+05 +/- 1.3e-01 | dlogz: 162486.190 >  0.500
 loglike: -2.0e+05 | params: [-0.89063467 -1.02374139  5.0227446   4.66729601 23.8820208 ]
 Average call time: 0.57 sec | Current time: 2019-04-18 20:50:46.325111
 --------------------------
iter: 84 | nc: 1 | ncalls: 494 | bounds: 0 | eff(%): 17.004 | logz: -2.0e+05 +/- 1.3e-01 | dlogz: 162468.533 >  0.500
 loglike: -2.0e+05 | params: [-0.71257499 -1.04254547  5.32985846  2.40215275 24.90176517]
 Average call time: 0.56 sec | Current time: 2019-04-18 20:50:46.886536
 --------------------------
iter: 85 | nc: 1 | ncalls: 495 | bounds: 0 | eff(%): 17.172 | logz: -2.0e+05 +/- 1.3e-01 | dlogz: 162427.904 >  0.500
 loglike: -2.0e+05 | params: [-0.48757216 -0.7830512   5.49083921  3.3633423  24.94393274]
 Average call time: 0.58 sec | Current time: 2019-04-18 20:50:47.465670
 --------------------------
iter: 86 | nc: 1 | ncalls: 496 | bounds: 0 | eff(%): 17.339 | logz: -2.0e+05 +/- 1.3e-01 | dlogz: 162414.995 >  0.500
 loglike: -2.0e+05 | params: [-0.34466024 -1.0817765   5.6727923   3.16610968 25.52998783]
 Average call time: 0.59 sec | Current time: 2019-04-18 20:50:48.050714
 --------------------------
iter: 87 | nc: 1 | ncalls: 497 | bounds: 0 | eff(%): 17.505 | logz: -2.0e+05 +/- 1.2e-01 | dlogz: 162406.265 >  0.500
 loglike: -2.0e+05 | params: [-0.705993   -1.94190667  4.46344702  2.86669327 22.54115409]
 Average call time: 0.58 sec | Current time: 2019-04-18 20:50:48.628943
 --------------------------
iter: 88 | nc: 2 | ncalls: 499 | bounds: 0 | eff(%): 17.635 | logz: -2.0e+05 +/- 1.3e-01 | dlogz: 162404.219 >  0.500
 loglike: -2.0e+05 | params: [-0.99415503 -1.72356059  5.71186438  3.46385139 26.07397118]
 Average call time: 0.39 sec | Current time: 2019-04-18 20:50:49.411280
 --------------------------
iter: 89 | nc: 1 | ncalls: 500 | bounds: 0 | eff(%): 17.800 | logz: -2.0e+05 +/- 1.3e-01 | dlogz: 162331.304 >  0.500
 loglike: -1.9e+05 | params: [-0.87594673 -1.79625716  5.65082676  4.37244586 25.91832129]
 Average call time: 0.56 sec | Current time: 2019-04-18 20:50:49.974187
 --------------------------
iter: 90 | nc: 1 | ncalls: 501 | bounds: 0 | eff(%): 17.964 | logz: -1.9e+05 +/- 1.3e-01 | dlogz: 162263.606 >  0.500
 loglike: -1.9e+05 | params: [-0.85578093 -0.77098644  4.51842602  3.93979193 22.38567701]
 Average call time: 0.43 sec | Current time: 2019-04-18 20:50:50.399639
 --------------------------
iter: 91 | nc: 1 | ncalls: 502 | bounds: 0 | eff(%): 18.127 | logz: -1.9e+05 +/- 1.3e-01 | dlogz: 162249.297 >  0.500
 loglike: -1.9e+05 | params: [ 0.31974845 -0.50448747  5.13487509  3.65345227 23.43606595]
 Average call time: 0.58 sec | Current time: 2019-04-18 20:50:50.976992
 --------------------------
iter: 92 | nc: 1 | ncalls: 503 | bounds: 0 | eff(%): 18.290 | logz: -1.9e+05 +/- 1.3e-01 | dlogz: 162156.091 >  0.500
 loglike: -1.9e+05 | params: [-0.45999392 -1.75869321  4.90550388  4.19284678 23.59439448]
 Average call time: 0.40 sec | Current time: 2019-04-18 20:50:51.373548
 --------------------------
iter: 93 | nc: 2 | ncalls: 505 | bounds: 0 | eff(%): 18.416 | logz: -1.9e+05 +/- 1.3e-01 | dlogz: 162131.733 >  0.500
 loglike: -1.9e+05 | params: [ 0.36818433 -0.8142138   5.96832586  4.79812863 25.95982068]
 Average call time: 0.57 sec | Current time: 2019-04-18 20:50:52.522435
 --------------------------
iter: 94 | nc: 1 | ncalls: 506 | bounds: 0 | eff(%): 18.577 | logz: -1.9e+05 +/- 1.3e-01 | dlogz: 161999.347 >  0.500
 loglike: -1.9e+05 | params: [-0.34089417 -1.05600502  5.7002324   1.84924102 26.09566723]
 Average call time: 0.58 sec | Current time: 2019-04-18 20:50:53.104670
 --------------------------
iter: 95 | nc: 1 | ncalls: 507 | bounds: 0 | eff(%): 18.738 | logz: -1.9e+05 +/- 1.3e-01 | dlogz: 161954.867 >  0.500
 loglike: -1.9e+05 | params: [-0.03978582 -0.92742126  4.95369007  4.8578981  23.23024619]
 Average call time: 0.40 sec | Current time: 2019-04-18 20:50:53.505438
 --------------------------
iter: 96 | nc: 1 | ncalls: 508 | bounds: 0 | eff(%): 18.898 | logz: -1.9e+05 +/- 1.3e-01 | dlogz: 161948.629 >  0.500
 loglike: -1.9e+05 | params: [ 0.29894374 -0.93191432  4.65508414  1.98549526 22.89652066]
 Average call time: 0.39 sec | Current time: 2019-04-18 20:50:53.899137
 --------------------------
iter: 97 | nc: 1 | ncalls: 509 | bounds: 0 | eff(%): 19.057 | logz: -1.9e+05 +/- 1.3e-01 | dlogz: 161887.442 >  0.500
 loglike: -1.9e+05 | params: [ 0.40768339 -0.59203632  4.98017819  4.56260171 23.18612354]
 Average call time: 0.39 sec | Current time: 2019-04-18 20:50:54.287268
 --------------------------
iter: 98 | nc: 1 | ncalls: 510 | bounds: 0 | eff(%): 19.216 | logz: -1.9e+05 +/- 1.3e-01 | dlogz: 161817.751 >  0.500
 loglike: -1.9e+05 | params: [-0.96069329 -1.24910046  4.11250844  1.1940134  22.00844841]
 Average call time: 0.38 sec | Current time: 2019-04-18 20:50:54.670352
 --------------------------
iter: 99 | nc: 1 | ncalls: 511 | bounds: 0 | eff(%): 19.374 | logz: -1.9e+05 +/- 1.3e-01 | dlogz: 161806.593 >  0.500
 loglike: -1.9e+05 | params: [ 0.14647036 -0.72242305  5.35987475  2.78074368 24.72370846]
 Average call time: 0.57 sec | Current time: 2019-04-18 20:50:55.235512
 --------------------------
iter: 100 | nc: 1 | ncalls: 512 | bounds: 0 | eff(%): 19.531 | logz: -1.9e+05 +/- 1.3e-01 | dlogz: 161783.600 >  0.500
 loglike: -1.9e+05 | params: [ 0.18671297 -1.6717497   4.98478335  2.32514413 24.04131163]
 Average call time: 0.42 sec | Current time: 2019-04-18 20:50:55.653580
 --------------------------
iter: 101 | nc: 1 | ncalls: 513 | bounds: 0 | eff(%): 19.688 | logz: -1.9e+05 +/- 1.3e-01 | dlogz: 161777.507 >  0.500
 loglike: -1.9e+05 | params: [-0.74008255 -1.13007076  4.90950999  3.67897144 24.01997908]
 Average call time: 0.57 sec | Current time: 2019-04-18 20:50:56.226020
 --------------------------
iter: 102 | nc: 1 | ncalls: 514 | bounds: 0 | eff(%): 19.844 | logz: -1.9e+05 +/- 1.3e-01 | dlogz: 161774.751 >  0.500
 loglike: -1.9e+05 | params: [-0.7636589  -0.90411568  5.95638569  3.92076402 26.89767357]
 Average call time: 0.58 sec | Current time: 2019-04-18 20:50:56.806180
 --------------------------
iter: 103 | nc: 1 | ncalls: 515 | bounds: 0 | eff(%): 20.000 | logz: -1.9e+05 +/- 1.3e-01 | dlogz: 161754.028 >  0.500
 loglike: -1.9e+05 | params: [-0.51908798 -1.11154717  4.44020975  2.61089477 22.72378229]
 Average call time: 0.57 sec | Current time: 2019-04-18 20:50:57.373106
 --------------------------
iter: 104 | nc: 2 | ncalls: 517 | bounds: 0 | eff(%): 20.116 | logz: -1.9e+05 +/- 1.3e-01 | dlogz: 161739.291 >  0.500
 loglike: -1.9e+05 | params: [-0.81371348 -1.08691146  4.77325121  0.48115254 24.02040749]
 Average call time: 0.60 sec | Current time: 2019-04-18 20:50:58.563300
 --------------------------
iter: 105 | nc: 2 | ncalls: 519 | bounds: 0 | eff(%): 20.231 | logz: -1.9e+05 +/- 1.3e-01 | dlogz: 161727.848 >  0.500
 loglike: -1.9e+05 | params: [-0.78950407 -1.40000271  5.3083909   2.33141771 25.46791603]
 Average call time: 0.49 sec | Current time: 2019-04-18 20:50:59.541201
 --------------------------
iter: 106 | nc: 1 | ncalls: 520 | bounds: 0 | eff(%): 20.385 | logz: -1.9e+05 +/- 1.2e-01 | dlogz: 161700.676 >  0.500
 loglike: -1.9e+05 | params: [-0.71882546 -1.6776573   5.04341596  4.72995765 24.50775277]
 Average call time: 0.56 sec | Current time: 2019-04-18 20:51:00.104899
 --------------------------
iter: 107 | nc: 1 | ncalls: 521 | bounds: 0 | eff(%): 20.537 | logz: -1.9e+05 +/- 1.3e-01 | dlogz: 161698.625 >  0.500
 loglike: -1.9e+05 | params: [ 0.17343037 -0.80673478  5.4103226   2.7650662  24.95314285]
 Average call time: 0.57 sec | Current time: 2019-04-18 20:51:00.670321
 --------------------------
iter: 108 | nc: 3 | ncalls: 524 | bounds: 0 | eff(%): 20.611 | logz: -1.9e+05 +/- 1.3e-01 | dlogz: 161680.366 >  0.500
 loglike: -1.9e+05 | params: [-0.34664749 -1.17075665  5.13955544  0.89626471 24.9142019 ]
 Average call time: 0.41 sec | Current time: 2019-04-18 20:51:01.890290
 --------------------------
iter: 109 | nc: 1 | ncalls: 525 | bounds: 0 | eff(%): 20.762 | logz: -1.9e+05 +/- 1.3e-01 | dlogz: 161670.898 >  0.500
 loglike: -1.9e+05 | params: [ 0.13218647 -0.81338603  5.14915881  4.74413116 24.00104118]
 Average call time: 0.57 sec | Current time: 2019-04-18 20:51:02.457440
 --------------------------
iter: 110 | nc: 1 | ncalls: 526 | bounds: 0 | eff(%): 20.913 | logz: -1.9e+05 +/- 1.3e-01 | dlogz: 161662.414 >  0.500
 loglike: -1.9e+05 | params: [-0.59864746 -0.60075952  5.30458024  0.81267164 25.23501805]
 Average call time: 0.61 sec | Current time: 2019-04-18 20:51:03.068352
 --------------------------
iter: 111 | nc: 1 | ncalls: 527 | bounds: 0 | eff(%): 21.063 | logz: -1.9e+05 +/- 1.2e-01 | dlogz: 161602.935 >  0.500
 loglike: -1.9e+05 | params: [-0.33204135 -0.53958611  5.19110526  1.49221503 24.77893196]
 Average call time: 0.40 sec | Current time: 2019-04-18 20:51:03.467307
 --------------------------
iter: 112 | nc: 1 | ncalls: 528 | bounds: 0 | eff(%): 21.212 | logz: -1.9e+05 +/- 1.3e-01 | dlogz: 161601.723 >  0.500
 loglike: -1.9e+05 | params: [-2.29327852e-02 -1.40419613e+00  5.15492057e+00  1.65249700e+00
  2.48404933e+01]
 Average call time: 0.39 sec | Current time: 2019-04-18 20:51:03.861207
 --------------------------
iter: 113 | nc: 2 | ncalls: 530 | bounds: 0 | eff(%): 21.321 | logz: -1.9e+05 +/- 1.3e-01 | dlogz: 161591.488 >  0.500
 loglike: -1.9e+05 | params: [ 0.42423287 -0.87176474  4.56105747  1.12105118 22.83933086]
 Average call time: 0.47 sec | Current time: 2019-04-18 20:51:04.809908
 --------------------------
iter: 114 | nc: 2 | ncalls: 532 | bounds: 0 | eff(%): 21.429 | logz: -1.9e+05 +/- 1.3e-01 | dlogz: 161554.560 >  0.500
 loglike: -1.9e+05 | params: [-0.22899362 -0.69669367  4.88138899  4.5275976  23.38807499]
 Average call time: 0.41 sec | Current time: 2019-04-18 20:51:05.622891
 --------------------------
iter: 115 | nc: 2 | ncalls: 534 | bounds: 0 | eff(%): 21.536 | logz: -1.9e+05 +/- 1.3e-01 | dlogz: 161548.864 >  0.500
 loglike: -1.9e+05 | params: [-0.24616065 -1.19468271  5.27680827  0.37986663 25.34710872]
 Average call time: 0.60 sec | Current time: 2019-04-18 20:51:06.813495
 --------------------------
iter: 116 | nc: 1 | ncalls: 535 | bounds: 0 | eff(%): 21.682 | logz: -1.9e+05 +/- 1.3e-01 | dlogz: 161543.199 >  0.500
 loglike: -1.9e+05 | params: [ 0.19826954 -1.78579584  5.22266314  4.40967789 24.49960082]
 Average call time: 0.39 sec | Current time: 2019-04-18 20:51:07.203925
 --------------------------
iter: 117 | nc: 1 | ncalls: 536 | bounds: 0 | eff(%): 21.828 | logz: -1.9e+05 +/- 1.3e-01 | dlogz: 161517.621 >  0.500
 loglike: -1.9e+05 | params: [-0.37334534 -1.80496229  4.6039723   2.98073647 23.27368753]
 Average call time: 0.40 sec | Current time: 2019-04-18 20:51:07.601006
 --------------------------
iter: 118 | nc: 2 | ncalls: 538 | bounds: 0 | eff(%): 21.933 | logz: -1.9e+05 +/- 1.3e-01 | dlogz: 161498.853 >  0.500
 loglike: -1.9e+05 | params: [-0.12151129 -0.69554302  5.32890784  3.91495894 24.74216554]
 Average call time: 0.58 sec | Current time: 2019-04-18 20:51:08.763726
 --------------------------
iter: 119 | nc: 1 | ncalls: 539 | bounds: 0 | eff(%): 22.078 | logz: -1.9e+05 +/- 1.3e-01 | dlogz: 161461.441 >  0.500
 loglike: -1.9e+05 | params: [-0.82725708 -1.56029709  5.05750988  0.46425955 25.14176585]
 Average call time: 0.56 sec | Current time: 2019-04-18 20:51:09.319758
 --------------------------
iter: 120 | nc: 1 | ncalls: 540 | bounds: 0 | eff(%): 22.222 | logz: -1.9e+05 +/- 1.3e-01 | dlogz: 161425.335 >  0.500
 loglike: -1.9e+05 | params: [-0.02667174 -1.82888072  4.82140437  1.86267244 24.11463192]
 Average call time: 0.63 sec | Current time: 2019-04-18 20:51:09.946351
 --------------------------
iter: 121 | nc: 1 | ncalls: 541 | bounds: 0 | eff(%): 22.366 | logz: -1.9e+05 +/- 1.3e-01 | dlogz: 161385.549 >  0.500
 loglike: -1.9e+05 | params: [-0.1980765  -1.52354066  5.01447455  0.97872453 24.81749588]
 Average call time: 0.57 sec | Current time: 2019-04-18 20:51:10.521208
 --------------------------
iter: 122 | nc: 1 | ncalls: 542 | bounds: 0 | eff(%): 22.509 | logz: -1.9e+05 +/- 1.3e-01 | dlogz: 161354.340 >  0.500
 loglike: -1.9e+05 | params: [-1.16897670e-02 -1.72510048e+00  5.18964523e+00  3.10060040e+00
  2.47782669e+01]
 Average call time: 0.39 sec | Current time: 2019-04-18 20:51:10.914867
 --------------------------
iter: 123 | nc: 1 | ncalls: 543 | bounds: 0 | eff(%): 22.652 | logz: -1.9e+05 +/- 1.3e-01 | dlogz: 161285.136 >  0.500
 loglike: -1.9e+05 | params: [-0.25754897 -0.78518249  5.81826314  3.22366795 26.55424876]
 Average call time: 0.58 sec | Current time: 2019-04-18 20:51:11.493305
 --------------------------
iter: 124 | nc: 1 | ncalls: 544 | bounds: 0 | eff(%): 22.794 | logz: -1.9e+05 +/- 1.3e-01 | dlogz: 161282.353 >  0.500
 loglike: -1.9e+05 | params: [-0.64177002 -0.7546314   4.97905671  2.9737471  24.46433926]
 Average call time: 0.57 sec | Current time: 2019-04-18 20:51:12.062327
 --------------------------
iter: 125 | nc: 1 | ncalls: 545 | bounds: 0 | eff(%): 22.936 | logz: -1.9e+05 +/- 1.3e-01 | dlogz: 161253.169 >  0.500
 loglike: -1.9e+05 | params: [-0.39386611 -1.67406944  5.09433894  4.25371005 24.6484981 ]
 Average call time: 0.40 sec | Current time: 2019-04-18 20:51:12.458429
 --------------------------
iter: 126 | nc: 2 | ncalls: 547 | bounds: 0 | eff(%): 23.035 | logz: -1.9e+05 +/- 1.3e-01 | dlogz: 161223.767 >  0.500
 loglike: -1.9e+05 | params: [ 0.04278545 -0.6730223   5.00557642  1.38908206 24.53787245]
 Average call time: 0.40 sec | Current time: 2019-04-18 20:51:13.255001
 --------------------------
iter: 127 | nc: 1 | ncalls: 548 | bounds: 0 | eff(%): 23.175 | logz: -1.9e+05 +/- 1.3e-01 | dlogz: 161201.797 >  0.500
 loglike: -1.9e+05 | params: [ 0.3855135  -1.31119353  4.51835406  0.69686647 23.15348993]
 Average call time: 0.40 sec | Current time: 2019-04-18 20:51:13.653076
 --------------------------
iter: 128 | nc: 1 | ncalls: 549 | bounds: 0 | eff(%): 23.315 | logz: -1.9e+05 +/- 1.3e-01 | dlogz: 161195.991 >  0.500
 loglike: -1.9e+05 | params: [-1.93719547e-02 -1.09008109e+00  4.83149713e+00  1.63958432e+00
  2.42292676e+01]
 Average call time: 0.59 sec | Current time: 2019-04-18 20:51:14.242558
 --------------------------
iter: 129 | nc: 3 | ncalls: 552 | bounds: 0 | eff(%): 23.370 | logz: -1.9e+05 +/- 1.3e-01 | dlogz: 161192.862 >  0.500
 loglike: -1.9e+05 | params: [-0.15018801 -0.75887414  5.89973498  4.82959993 26.748513  ]
 Average call time: 0.52 sec | Current time: 2019-04-18 20:51:15.814321
 --------------------------
iter: 130 | nc: 1 | ncalls: 553 | bounds: 0 | eff(%): 23.508 | logz: -1.9e+05 +/- 1.3e-01 | dlogz: 161142.864 >  0.500
 loglike: -1.9e+05 | params: [-0.69199879 -0.67522665  4.78329424  3.58342505 23.84895569]
 Average call time: 0.60 sec | Current time: 2019-04-18 20:51:16.410031
 --------------------------
iter: 131 | nc: 2 | ncalls: 555 | bounds: 0 | eff(%): 23.604 | logz: -1.9e+05 +/- 1.3e-01 | dlogz: 161138.477 >  0.500
 loglike: -1.9e+05 | params: [ 0.05687196 -1.67181184  5.69947051  2.2664897  26.54657979]
 Average call time: 0.57 sec | Current time: 2019-04-18 20:51:17.551530
 --------------------------
iter: 132 | nc: 1 | ncalls: 556 | bounds: 0 | eff(%): 23.741 | logz: -1.9e+05 +/- 1.3e-01 | dlogz: 161107.696 >  0.500
 loglike: -1.9e+05 | params: [-0.57578145 -1.63730192  5.48540767  1.89876249 26.4401789 ]
 Average call time: 0.56 sec | Current time: 2019-04-18 20:51:18.116021
 --------------------------
iter: 133 | nc: 1 | ncalls: 557 | bounds: 0 | eff(%): 23.878 | logz: -1.9e+05 +/- 1.3e-01 | dlogz: 161101.948 >  0.500
 loglike: -1.9e+05 | params: [-0.70749432 -0.76922377  4.08113672  2.02812535 22.20541221]
 Average call time: 0.59 sec | Current time: 2019-04-18 20:51:18.704643
 --------------------------
iter: 134 | nc: 2 | ncalls: 559 | bounds: 0 | eff(%): 23.971 | logz: -1.9e+05 +/- 1.3e-01 | dlogz: 161099.577 >  0.500
 loglike: -1.9e+05 | params: [-0.69736646 -0.95255544  5.80878164  4.46082011 26.96783681]
 Average call time: 0.49 sec | Current time: 2019-04-18 20:51:19.683365
 --------------------------
iter: 135 | nc: 1 | ncalls: 560 | bounds: 0 | eff(%): 24.107 | logz: -1.9e+05 +/- 1.3e-01 | dlogz: 161095.132 >  0.500
 loglike: -1.9e+05 | params: [-0.4632741  -1.24850731  4.73385174  3.59223993 23.85125377]
 Average call time: 0.57 sec | Current time: 2019-04-18 20:51:20.253345
 --------------------------
iter: 136 | nc: 2 | ncalls: 562 | bounds: 0 | eff(%): 24.199 | logz: -1.9e+05 +/- 1.3e-01 | dlogz: 161084.719 >  0.500
 loglike: -1.9e+05 | params: [-0.86209679 -1.91929666  5.45118467  3.18685488 26.34826576]
 Average call time: 0.57 sec | Current time: 2019-04-18 20:51:21.398088
 --------------------------
iter: 137 | nc: 1 | ncalls: 563 | bounds: 0 | eff(%): 24.334 | logz: -1.9e+05 +/- 1.3e-01 | dlogz: 161026.393 >  0.500
 loglike: -1.9e+05 | params: [ 0.46709805 -1.29093322  4.26457758  0.81875361 22.49872209]
 Average call time: 0.59 sec | Current time: 2019-04-18 20:51:21.985412
 --------------------------
iter: 138 | nc: 1 | ncalls: 564 | bounds: 0 | eff(%): 24.468 | logz: -1.9e+05 +/- 1.3e-01 | dlogz: 161023.925 >  0.500
 loglike: -1.9e+05 | params: [-0.19177222 -1.23855507  4.57232353  2.76895031 23.59127223]
 Average call time: 0.57 sec | Current time: 2019-04-18 20:51:22.551657
 --------------------------
iter: 139 | nc: 5 | ncalls: 569 | bounds: 0 | eff(%): 24.429 | logz: -1.9e+05 +/- 1.3e-01 | dlogz: 160879.962 >  0.500
 loglike: -1.9e+05 | params: [-0.4726429  -1.33558148  4.31797374  3.12604846 22.88558744]
 Average call time: 0.47 sec | Current time: 2019-04-18 20:51:24.913801
 --------------------------
iter: 140 | nc: 1 | ncalls: 570 | bounds: 0 | eff(%): 24.561 | logz: -1.9e+05 +/- 1.3e-01 | dlogz: 160826.374 >  0.500
 loglike: -1.9e+05 | params: [-0.9209056  -1.93598172  4.11573799  3.05655937 22.41126709]
 Average call time: 0.61 sec | Current time: 2019-04-18 20:51:25.524869
 --------------------------
iter: 141 | nc: 2 | ncalls: 572 | bounds: 0 | eff(%): 24.650 | logz: -1.9e+05 +/- 1.3e-01 | dlogz: 160819.572 >  0.500
 loglike: -1.9e+05 | params: [ 0.30369108 -1.34573986  5.20859057  0.80445744 25.52130486]
 Average call time: 0.50 sec | Current time: 2019-04-18 20:51:26.521225
 --------------------------
iter: 142 | nc: 1 | ncalls: 573 | bounds: 0 | eff(%): 24.782 | logz: -1.9e+05 +/- 1.3e-01 | dlogz: 160771.860 >  0.500
 loglike: -1.9e+05 | params: [-0.13342061 -1.13641489  5.08840338  2.10805437 25.33452369]
 Average call time: 0.58 sec | Current time: 2019-04-18 20:51:27.098171
 --------------------------
iter: 143 | nc: 1 | ncalls: 574 | bounds: 0 | eff(%): 24.913 | logz: -1.9e+05 +/- 1.3e-01 | dlogz: 160756.411 >  0.500
 loglike: -1.9e+05 | params: [-0.03628176 -0.85074008  5.00408977  0.37407272 25.0932456 ]
 Average call time: 0.57 sec | Current time: 2019-04-18 20:51:27.672172
 --------------------------
iter: 144 | nc: 2 | ncalls: 576 | bounds: 0 | eff(%): 25.000 | logz: -1.9e+05 +/- 1.3e-01 | dlogz: 160705.119 >  0.500
 loglike: -1.9e+05 | params: [ 0.32592675 -0.8879592   4.0628432   0.76273403 22.19941826]
 Average call time: 0.49 sec | Current time: 2019-04-18 20:51:28.661287
 --------------------------
iter: 145 | nc: 2 | ncalls: 578 | bounds: 0 | eff(%): 25.087 | logz: -1.9e+05 +/- 1.3e-01 | dlogz: 160666.843 >  0.500
 loglike: -1.9e+05 | params: [ 0.27537762 -0.5727667   4.73191519  0.47319649 24.05038971]
 Average call time: 0.48 sec | Current time: 2019-04-18 20:51:29.627833
 --------------------------
iter: 146 | nc: 4 | ncalls: 582 | bounds: 0 | eff(%): 25.086 | logz: -1.9e+05 +/- 1.3e-01 | dlogz: 160664.298 >  0.500
 loglike: -1.9e+05 | params: [ 0.08785893 -0.53931664  4.14192751  2.27951019 22.11055589]
 Average call time: 0.48 sec | Current time: 2019-04-18 20:51:31.553034
 --------------------------
iter: 147 | nc: 1 | ncalls: 583 | bounds: 0 | eff(%): 25.214 | logz: -1.9e+05 +/- 1.3e-01 | dlogz: 160617.574 >  0.500
 loglike: -1.9e+05 | params: [ 0.13785669 -1.33824664  5.55423303  2.69364507 26.42495769]
 Average call time: 0.58 sec | Current time: 2019-04-18 20:51:32.130719
 --------------------------
iter: 148 | nc: 2 | ncalls: 585 | bounds: 0 | eff(%): 25.299 | logz: -1.9e+05 +/- 1.3e-01 | dlogz: 160612.136 >  0.500
 loglike: -1.9e+05 | params: [ 0.19361922 -1.62253377  4.12192602  0.37589083 22.68666253]
 Average call time: 0.48 sec | Current time: 2019-04-18 20:51:33.088345
 --------------------------
iter: 149 | nc: 1 | ncalls: 586 | bounds: 0 | eff(%): 25.427 | logz: -1.9e+05 +/- 1.3e-01 | dlogz: 160599.346 >  0.500
 loglike: -1.9e+05 | params: [-0.57454438 -1.19494096  5.09295486  4.41368355 25.18695723]
 Average call time: 0.58 sec | Current time: 2019-04-18 20:51:33.667939
 --------------------------
iter: 150 | nc: 1 | ncalls: 587 | bounds: 0 | eff(%): 25.554 | logz: -1.9e+05 +/- 1.3e-01 | dlogz: 160585.855 >  0.500
 loglike: -1.9e+05 | params: [ 0.27347851 -0.63298408  5.59960447  4.34942028 26.18881095]
 Average call time: 0.61 sec | Current time: 2019-04-18 20:51:34.280756
 --------------------------
iter: 151 | nc: 1 | ncalls: 588 | bounds: 0 | eff(%): 25.680 | logz: -1.9e+05 +/- 1.3e-01 | dlogz: 160551.427 >  0.500
 loglike: -1.9e+05 | params: [-0.06109828 -1.84948906  4.41209666  2.05086748 23.67652156]
 Average call time: 0.57 sec | Current time: 2019-04-18 20:51:34.850325
 --------------------------
iter: 152 | nc: 1 | ncalls: 589 | bounds: 0 | eff(%): 25.806 | logz: -1.9e+05 +/- 1.3e-01 | dlogz: 160496.762 >  0.500
 loglike: -1.9e+05 | params: [ 0.07467217 -1.24871114  5.0403249   4.17975839 24.79971808]
 Average call time: 0.58 sec | Current time: 2019-04-18 20:51:35.425795
 --------------------------
iter: 153 | nc: 3 | ncalls: 592 | bounds: 0 | eff(%): 25.845 | logz: -1.9e+05 +/- 1.3e-01 | dlogz: 160461.523 >  0.500
 loglike: -1.9e+05 | params: [-0.59830905 -1.9449116   5.21615831  1.73561783 26.45943342]
 Average call time: 0.47 sec | Current time: 2019-04-18 20:51:36.832875
 --------------------------
iter: 154 | nc: 1 | ncalls: 593 | bounds: 0 | eff(%): 25.970 | logz: -1.9e+05 +/- 1.2e-01 | dlogz: 160425.379 >  0.500
 loglike: -1.9e+05 | params: [-0.32421972 -0.73962052  5.29008225  4.65789437 25.51028912]
 Average call time: 0.56 sec | Current time: 2019-04-18 20:51:37.397846
 --------------------------
iter: 155 | nc: 1 | ncalls: 594 | bounds: 0 | eff(%): 26.094 | logz: -1.9e+05 +/- 1.3e-01 | dlogz: 160424.142 >  0.500
 loglike: -1.9e+05 | params: [-0.12045651 -1.27635155  5.44297896  4.00392419 26.11375044]
 Average call time: 0.57 sec | Current time: 2019-04-18 20:51:37.967308
 --------------------------
iter: 156 | nc: 2 | ncalls: 596 | bounds: 0 | eff(%): 26.174 | logz: -1.9e+05 +/- 1.2e-01 | dlogz: 160381.101 >  0.500
 loglike: -1.9e+05 | params: [ 0.40120378 -1.29380997  4.04943807  1.38860434 22.49448355]
 Average call time: 0.41 sec | Current time: 2019-04-18 20:51:38.777911
 --------------------------
iter: 157 | nc: 1 | ncalls: 597 | bounds: 0 | eff(%): 26.298 | logz: -1.9e+05 +/- 1.3e-01 | dlogz: 160379.308 >  0.500
 loglike: -1.9e+05 | params: [-0.57659103 -1.01326887  5.10834397  4.73292554 25.34054014]
 Average call time: 0.58 sec | Current time: 2019-04-18 20:51:39.362422
 --------------------------
iter: 158 | nc: 1 | ncalls: 598 | bounds: 0 | eff(%): 26.421 | logz: -1.9e+05 +/- 1.3e-01 | dlogz: 160366.294 >  0.500
 loglike: -1.9e+05 | params: [-0.65063502 -0.75738659  5.56576772  4.09010325 26.80649995]
 Average call time: 0.40 sec | Current time: 2019-04-18 20:51:39.759677
 --------------------------
iter: 159 | nc: 1 | ncalls: 599 | bounds: 0 | eff(%): 26.544 | logz: -1.9e+05 +/- 1.3e-01 | dlogz: 160356.971 >  0.500
 loglike: -1.9e+05 | params: [-0.46196906 -0.87328812  5.46268658  4.77566086 26.39782379]
 Average call time: 0.39 sec | Current time: 2019-04-18 20:51:40.152333
 --------------------------
iter: 160 | nc: 1 | ncalls: 600 | bounds: 0 | eff(%): 26.667 | logz: -1.9e+05 +/- 1.2e-01 | dlogz: 160328.622 >  0.500
 loglike: -1.9e+05 | params: [-0.88487092 -0.59481959  5.34329944  4.86583118 26.11587419]
 Average call time: 0.61 sec | Current time: 2019-04-18 20:51:40.760745
 --------------------------
iter: 161 | nc: 1 | ncalls: 601 | bounds: 0 | eff(%): 26.789 | logz: -1.9e+05 +/- 1.3e-01 | dlogz: 160327.126 >  0.500
 loglike: -1.9e+05 | params: [-0.72499406 -0.93955603  4.33847893  2.37545474 23.66894189]
 Average call time: 0.58 sec | Current time: 2019-04-18 20:51:41.338472
 --------------------------
iter: 162 | nc: 1 | ncalls: 602 | bounds: 0 | eff(%): 26.910 | logz: -1.9e+05 +/- 1.3e-01 | dlogz: 160319.856 >  0.500
 loglike: -1.9e+05 | params: [ 0.10241778 -1.45157137  5.20641039  3.9354044  25.5067769 ]
 Average call time: 0.38 sec | Current time: 2019-04-18 20:51:41.721505
 --------------------------
iter: 163 | nc: 3 | ncalls: 605 | bounds: 0 | eff(%): 26.942 | logz: -1.9e+05 +/- 1.3e-01 | dlogz: 160307.654 >  0.500
 loglike: -1.9e+05 | params: [-0.96544487 -1.23901105  4.74624891  0.77705878 25.36211431]
 Average call time: 0.53 sec | Current time: 2019-04-18 20:51:43.315568
 --------------------------
iter: 164 | nc: 1 | ncalls: 606 | bounds: 0 | eff(%): 27.063 | logz: -1.9e+05 +/- 1.3e-01 | dlogz: 160246.011 >  0.500
 loglike: -1.9e+05 | params: [-0.33073658 -0.71705146  5.64472249  4.39516749 26.82714613]
 Average call time: 0.57 sec | Current time: 2019-04-18 20:51:43.888876
 --------------------------
iter: 165 | nc: 2 | ncalls: 608 | bounds: 0 | eff(%): 27.138 | logz: -1.9e+05 +/- 1.2e-01 | dlogz: 160237.186 >  0.500
 loglike: -1.9e+05 | params: [-0.85609505 -0.87760568  4.09847364  1.52472265 23.14095376]
 Average call time: 0.58 sec | Current time: 2019-04-18 20:51:45.054292
 --------------------------
iter: 166 | nc: 2 | ncalls: 610 | bounds: 0 | eff(%): 27.213 | logz: -1.9e+05 +/- 1.2e-01 | dlogz: 160236.056 >  0.500
 loglike: -1.9e+05 | params: [-0.9289542  -0.73331461  4.66270318  0.68701165 24.91875232]
 Average call time: 0.58 sec | Current time: 2019-04-18 20:51:46.207957
 --------------------------
iter: 167 | nc: 1 | ncalls: 611 | bounds: 0 | eff(%): 27.332 | logz: -1.9e+05 +/- 1.2e-01 | dlogz: 160234.911 >  0.500
 loglike: -1.9e+05 | params: [-0.26896618 -1.59988896  4.42004441  3.79236423 23.35292114]
 Average call time: 0.56 sec | Current time: 2019-04-18 20:51:46.771276
 --------------------------
iter: 168 | nc: 3 | ncalls: 614 | bounds: 0 | eff(%): 27.362 | logz: -1.9e+05 +/- 1.3e-01 | dlogz: 160233.840 >  0.500
 loglike: -1.9e+05 | params: [ 0.03820513 -1.93558552  5.3343476   1.91274773 26.682785  ]
 Average call time: 0.51 sec | Current time: 2019-04-18 20:51:48.315830
 --------------------------
iter: 169 | nc: 1 | ncalls: 615 | bounds: 0 | eff(%): 27.480 | logz: -1.9e+05 +/- 1.3e-01 | dlogz: 160207.565 >  0.500
 loglike: -1.9e+05 | params: [-0.13258871 -1.87428661  4.37673043  0.96716901 24.10433614]
 Average call time: 0.60 sec | Current time: 2019-04-18 20:51:48.911909
 --------------------------
iter: 170 | nc: 1 | ncalls: 616 | bounds: 0 | eff(%): 27.597 | logz: -1.9e+05 +/- 1.3e-01 | dlogz: 160153.287 >  0.500
 loglike: -1.9e+05 | params: [-0.49117364 -1.55428122  4.87194397  4.98925519 24.75951138]
 Average call time: 0.42 sec | Current time: 2019-04-18 20:51:49.334537
 --------------------------
iter: 171 | nc: 2 | ncalls: 618 | bounds: 0 | eff(%): 27.670 | logz: -1.9e+05 +/- 1.3e-01 | dlogz: 160113.467 >  0.500
 loglike: -1.9e+05 | params: [-0.92445307 -1.76832145  4.26616649  0.30074264 24.08709682]
 Average call time: 0.49 sec | Current time: 2019-04-18 20:51:50.314839
 --------------------------
iter: 172 | nc: 6 | ncalls: 624 | bounds: 0 | eff(%): 27.564 | logz: -1.9e+05 +/- 1.3e-01 | dlogz: 160081.737 >  0.500
 loglike: -1.9e+05 | params: [ 0.07492173 -1.27887447  5.49114635  2.58940146 26.9151742 ]
 Average call time: 0.49 sec | Current time: 2019-04-18 20:51:53.233415
 --------------------------
iter: 173 | nc: 1 | ncalls: 625 | bounds: 0 | eff(%): 27.680 | logz: -1.9e+05 +/- 1.3e-01 | dlogz: 160050.783 >  0.500
 loglike: -1.9e+05 | params: [-0.35656146 -0.92041861  5.07212356  1.05240391 26.31435385]
 Average call time: 0.57 sec | Current time: 2019-04-18 20:51:53.807748
 --------------------------
iter: 174 | nc: 2 | ncalls: 627 | bounds: 0 | eff(%): 27.751 | logz: -1.9e+05 +/- 1.3e-01 | dlogz: 160041.379 >  0.500
 loglike: -1.9e+05 | params: [-0.89517067 -0.66823495  4.82360674  1.15752609 25.61257086]
 Average call time: 0.59 sec | Current time: 2019-04-18 20:51:54.984419
 --------------------------
iter: 175 | nc: 1 | ncalls: 628 | bounds: 0 | eff(%): 27.866 | logz: -1.9e+05 +/- 1.3e-01 | dlogz: 160031.161 >  0.500
 loglike: -1.9e+05 | params: [-0.39578583 -0.60305436  4.69265114  2.1542261  24.84333306]
 Average call time: 0.56 sec | Current time: 2019-04-18 20:51:55.549271
 --------------------------
iter: 176 | nc: 1 | ncalls: 629 | bounds: 0 | eff(%): 27.981 | logz: -1.9e+05 +/- 1.3e-01 | dlogz: 160001.367 >  0.500
 loglike: -1.9e+05 | params: [ 0.33475546 -1.32361687  4.78883868  2.01242175 25.1131188 ]
 Average call time: 0.39 sec | Current time: 2019-04-18 20:51:55.942483
 --------------------------
iter: 177 | nc: 5 | ncalls: 634 | bounds: 0 | eff(%): 27.918 | logz: -1.9e+05 +/- 1.3e-01 | dlogz: 159982.537 >  0.500
 loglike: -1.9e+05 | params: [-0.87022431 -0.87047926  4.9691572   1.64598116 26.22657214]
 Average call time: 0.50 sec | Current time: 2019-04-18 20:51:58.421030
 --------------------------
iter: 178 | nc: 2 | ncalls: 636 | bounds: 0 | eff(%): 27.987 | logz: -1.9e+05 +/- 1.3e-01 | dlogz: 159979.105 >  0.500
 loglike: -1.9e+05 | params: [-0.21654508 -1.8525072   4.8545467   4.43179891 24.83527211]
 Average call time: 0.59 sec | Current time: 2019-04-18 20:51:59.598893
 --------------------------
iter: 179 | nc: 2 | ncalls: 638 | bounds: 0 | eff(%): 28.056 | logz: -1.9e+05 +/- 1.3e-01 | dlogz: 159937.328 >  0.500
 loglike: -1.9e+05 | params: [ 0.49172237 -1.73189034  2.04880035  2.33929255 26.65875971]
 Average call time: 0.39 sec | Current time: 2019-04-18 20:52:00.370586
 --------------------------
iter: 180 | nc: 2 | ncalls: 640 | bounds: 0 | eff(%): 28.125 | logz: -1.9e+05 +/- 1.3e-01 | dlogz: 159901.693 >  0.500
 loglike: -1.9e+05 | params: [-0.17231963 -1.86119581  4.96172309  2.86505748 25.72928864]
 Average call time: 0.41 sec | Current time: 2019-04-18 20:52:01.189421
 --------------------------
iter: 181 | nc: 1 | ncalls: 641 | bounds: 0 | eff(%): 28.237 | logz: -1.9e+05 +/- 1.3e-01 | dlogz: 159883.631 >  0.500
 loglike: -1.9e+05 | params: [ 0.29497242 -1.64743516  4.25500265  0.23014523 23.90025727]
 Average call time: 0.40 sec | Current time: 2019-04-18 20:52:01.586628
 --------------------------
iter: 182 | nc: 2 | ncalls: 643 | bounds: 0 | eff(%): 28.305 | logz: -1.9e+05 +/- 1.3e-01 | dlogz: 159858.394 >  0.500
 loglike: -1.9e+05 | params: [-0.34217341 -0.80443383  4.70265975  2.77061313 24.82113496]
 Average call time: 0.57 sec | Current time: 2019-04-18 20:52:02.736044
 --------------------------
iter: 183 | nc: 1 | ncalls: 644 | bounds: 0 | eff(%): 28.416 | logz: -1.9e+05 +/- 1.3e-01 | dlogz: 159842.036 >  0.500
 loglike: -1.9e+05 | params: [ 0.34994779 -1.37486969  4.14340665  0.13042173 23.50320853]
 Average call time: 0.39 sec | Current time: 2019-04-18 20:52:03.125731
 --------------------------
iter: 184 | nc: 1 | ncalls: 645 | bounds: 0 | eff(%): 28.527 | logz: -1.9e+05 +/- 1.3e-01 | dlogz: 159840.015 >  0.500
 loglike: -1.9e+05 | params: [ 0.46116024 -1.21147676  5.43244518  4.11226925 26.19278414]
 Average call time: 0.59 sec | Current time: 2019-04-18 20:52:03.715208
 --------------------------
iter: 185 | nc: 1 | ncalls: 646 | bounds: 0 | eff(%): 28.638 | logz: -1.9e+05 +/- 1.3e-01 | dlogz: 159818.322 >  0.500
 loglike: -1.9e+05 | params: [-0.19387593 -0.61954337  4.84099608  2.7275237  25.2163546 ]
 Average call time: 0.57 sec | Current time: 2019-04-18 20:52:04.288789
 --------------------------
iter: 186 | nc: 1 | ncalls: 647 | bounds: 0 | eff(%): 28.748 | logz: -1.9e+05 +/- 1.3e-01 | dlogz: 159772.475 >  0.500
 loglike: -1.9e+05 | params: [-0.91495749 -1.84509073  3.94126279  3.40582014 22.45447422]
 Average call time: 0.57 sec | Current time: 2019-04-18 20:52:04.855800
 --------------------------
iter: 187 | nc: 1 | ncalls: 648 | bounds: 0 | eff(%): 28.858 | logz: -1.9e+05 +/- 1.3e-01 | dlogz: 159765.779 >  0.500
 loglike: -1.9e+05 | params: [-0.59111109 -1.58530362  5.20748871  4.79488283 26.37966317]
 Average call time: 0.57 sec | Current time: 2019-04-18 20:52:05.421817
 --------------------------
iter: 188 | nc: 2 | ncalls: 650 | bounds: 0 | eff(%): 28.923 | logz: -1.9e+05 +/- 1.3e-01 | dlogz: 159752.722 >  0.500
 loglike: -1.9e+05 | params: [ 9.02252930e-03 -1.54209694e+00  3.98948546e+00  1.71650107e+00
  2.30904237e+01]
 Average call time: 0.41 sec | Current time: 2019-04-18 20:52:06.240563
 --------------------------
iter: 189 | nc: 1 | ncalls: 651 | bounds: 0 | eff(%): 29.032 | logz: -1.9e+05 +/- 1.3e-01 | dlogz: 159727.419 >  0.500
 loglike: -1.9e+05 | params: [-0.73332796 -1.6753018   4.89756159  3.19428639 25.97267452]
 Average call time: 0.40 sec | Current time: 2019-04-18 20:52:06.637545
 --------------------------
iter: 190 | nc: 2 | ncalls: 653 | bounds: 0 | eff(%): 29.096 | logz: -1.9e+05 +/- 1.3e-01 | dlogz: 159707.184 >  0.500
 loglike: -1.9e+05 | params: [ 0.41009354 -0.67961672  3.83258012  0.18481933 22.34327321]
 Average call time: 0.41 sec | Current time: 2019-04-18 20:52:07.466796
 --------------------------
iter: 191 | nc: 2 | ncalls: 655 | bounds: 0 | eff(%): 29.160 | logz: -1.9e+05 +/- 1.3e-01 | dlogz: 159652.035 >  0.500
 loglike: -1.9e+05 | params: [ 0.25148275 -1.8244132   4.09240925  4.37798649 22.19353918]
 Average call time: 0.58 sec | Current time: 2019-04-18 20:52:08.630265
 --------------------------
iter: 192 | nc: 1 | ncalls: 656 | bounds: 0 | eff(%): 29.268 | logz: -1.9e+05 +/- 1.3e-01 | dlogz: 159621.485 >  0.500
 loglike: -1.9e+05 | params: [-0.93810418 -1.73769836  3.68038966  1.76897224 22.22384458]
 Average call time: 0.39 sec | Current time: 2019-04-18 20:52:09.019325
 --------------------------
iter: 193 | nc: 1 | ncalls: 657 | bounds: 0 | eff(%): 29.376 | logz: -1.9e+05 +/- 1.3e-01 | dlogz: 159610.850 >  0.500
 loglike: -1.9e+05 | params: [-4.22897463e-03 -1.93106470e+00  5.50221437e+00  4.72045585e+00
  2.68455291e+01]
 Average call time: 0.39 sec | Current time: 2019-04-18 20:52:09.413347
 --------------------------
iter: 194 | nc: 1 | ncalls: 658 | bounds: 0 | eff(%): 29.483 | logz: -1.9e+05 +/- 1.3e-01 | dlogz: 159601.217 >  0.500
 loglike: -1.9e+05 | params: [ 0.05876003 -1.43215361  5.26579962  3.22865644 26.65666939]
 Average call time: 0.39 sec | Current time: 2019-04-18 20:52:09.804984
 --------------------------
iter: 195 | nc: 2 | ncalls: 660 | bounds: 0 | eff(%): 29.545 | logz: -1.9e+05 +/- 1.3e-01 | dlogz: 159545.490 >  0.500
 loglike: -1.9e+05 | params: [-0.71742505 -0.61269658  4.82527663  0.38806179 26.41815596]
 Average call time: 0.48 sec | Current time: 2019-04-18 20:52:10.768241
 --------------------------
iter: 196 | nc: 3 | ncalls: 663 | bounds: 0 | eff(%): 29.563 | logz: -1.9e+05 +/- 1.3e-01 | dlogz: 159536.490 >  0.500
 loglike: -1.9e+05 | params: [ 0.42986133 -0.67191913  5.11714237  0.25585951 26.81309265]
 Average call time: 0.45 sec | Current time: 2019-04-18 20:52:12.107730
 --------------------------
iter: 197 | nc: 1 | ncalls: 664 | bounds: 0 | eff(%): 29.669 | logz: -1.9e+05 +/- 1.2e-01 | dlogz: 159520.520 >  0.500
 loglike: -1.9e+05 | params: [-0.04119502 -0.52134654  4.87134329  2.45134315 25.6248327 ]
 Average call time: 0.58 sec | Current time: 2019-04-18 20:52:12.689982
 --------------------------
iter: 198 | nc: 1 | ncalls: 665 | bounds: 0 | eff(%): 29.774 | logz: -1.9e+05 +/- 1.3e-01 | dlogz: 159519.206 >  0.500
 loglike: -1.9e+05 | params: [-0.20003476 -1.93501391  4.24573232  1.71537538 24.51483417]
 Average call time: 0.58 sec | Current time: 2019-04-18 20:52:13.273100
 --------------------------
iter: 199 | nc: 1 | ncalls: 666 | bounds: 0 | eff(%): 29.880 | logz: -1.9e+05 +/- 1.2e-01 | dlogz: 159498.212 >  0.500
 loglike: -1.9e+05 | params: [-0.9371479  -1.73871975  4.26160802  0.94716674 24.83305239]
 Average call time: 0.58 sec | Current time: 2019-04-18 20:52:13.851183
 --------------------------
iter: 200 | nc: 1 | ncalls: 667 | bounds: 0 | eff(%): 29.985 | logz: -1.9e+05 +/- 1.3e-01 | dlogz: 159496.939 >  0.500
 loglike: -1.9e+05 | params: [ 0.26584156 -1.29376088  4.33959837  0.91201831 24.73579122]
 Average call time: 0.61 sec | Current time: 2019-04-18 20:52:14.458399
 --------------------------
iter: 201 | nc: 1 | ncalls: 668 | bounds: 0 | eff(%): 30.090 | logz: -1.9e+05 +/- 1.3e-01 | dlogz: 159483.268 >  0.500
 loglike: -1.9e+05 | params: [-0.18503446 -0.68376298  5.48237985  4.88528651 26.90682459]
 Average call time: 0.39 sec | Current time: 2019-04-18 20:52:14.849521
 --------------------------
iter: 202 | nc: 1 | ncalls: 669 | bounds: 0 | eff(%): 30.194 | logz: -1.9e+05 +/- 1.3e-01 | dlogz: 159470.138 >  0.500
 loglike: -1.9e+05 | params: [ 0.46857055 -1.90955899  4.85967126  0.97695137 26.31005135]
 Average call time: 0.57 sec | Current time: 2019-04-18 20:52:15.421819
 --------------------------
iter: 203 | nc: 1 | ncalls: 670 | bounds: 0 | eff(%): 30.299 | logz: -1.9e+05 +/- 1.3e-01 | dlogz: 159468.380 >  0.500
 loglike: -1.9e+05 | params: [-0.9844063  -0.99016715  5.15969918  4.17079563 26.97191017]
 Average call time: 0.40 sec | Current time: 2019-04-18 20:52:15.824515
 --------------------------
iter: 204 | nc: 2 | ncalls: 672 | bounds: 0 | eff(%): 30.357 | logz: -1.9e+05 +/- 1.2e-01 | dlogz: 159443.041 >  0.500
 loglike: -1.9e+05 | params: [-0.48051987 -1.72723379  3.67626215  1.46588395 22.24608015]
 Average call time: 0.49 sec | Current time: 2019-04-18 20:52:16.809028
 --------------------------
iter: 205 | nc: 1 | ncalls: 673 | bounds: 0 | eff(%): 30.461 | logz: -1.9e+05 +/- 1.3e-01 | dlogz: 159441.878 >  0.500
 loglike: -1.9e+05 | params: [ 0.41587055 -1.7888422   4.624369    0.65927829 25.73359239]
 Average call time: 0.40 sec | Current time: 2019-04-18 20:52:17.206739
 --------------------------
iter: 206 | nc: 3 | ncalls: 676 | bounds: 0 | eff(%): 30.473 | logz: -1.9e+05 +/- 1.3e-01 | dlogz: 159409.899 >  0.500
 loglike: -1.9e+05 | params: [-0.62010499 -0.61447332  4.79210376  2.18483676 26.20129648]
 Average call time: 0.53 sec | Current time: 2019-04-18 20:52:18.790166
 --------------------------
iter: 207 | nc: 1 | ncalls: 677 | bounds: 0 | eff(%): 30.576 | logz: -1.9e+05 +/- 1.3e-01 | dlogz: 159390.370 >  0.500
 loglike: -1.9e+05 | params: [ 0.15067494 -0.93782696  5.18746873  2.83302806 26.82918266]
 Average call time: 0.56 sec | Current time: 2019-04-18 20:52:19.349011
 --------------------------
iter: 208 | nc: 2 | ncalls: 679 | bounds: 0 | eff(%): 30.633 | logz: -1.9e+05 +/- 1.3e-01 | dlogz: 159319.475 >  0.500
 loglike: -1.9e+05 | params: [-0.83061966 -1.52942931  4.32913647  3.50185899 24.34760089]
 Average call time: 0.59 sec | Current time: 2019-04-18 20:52:20.525014
 --------------------------
iter: 209 | nc: 2 | ncalls: 681 | bounds: 0 | eff(%): 30.690 | logz: -1.9e+05 +/- 1.3e-01 | dlogz: 159315.596 >  0.500
 loglike: -1.9e+05 | params: [ 0.10778458 -1.11904455  3.88653014  0.6249214  23.14609283]
 Average call time: 0.41 sec | Current time: 2019-04-18 20:52:21.341009
 --------------------------
iter: 210 | nc: 1 | ncalls: 682 | bounds: 0 | eff(%): 30.792 | logz: -1.9e+05 +/- 1.2e-01 | dlogz: 159312.564 >  0.500
 loglike: -1.9e+05 | params: [-0.92457823 -1.81756294  4.02518692  3.02739284 23.37060506]
 Average call time: 0.62 sec | Current time: 2019-04-18 20:52:21.960882
 --------------------------
iter: 211 | nc: 1 | ncalls: 683 | bounds: 0 | eff(%): 30.893 | logz: -1.9e+05 +/- 1.3e-01 | dlogz: 159311.437 >  0.500
 loglike: -1.9e+05 | params: [-0.5404942  -0.86182483  4.25310044  0.28700449 24.82758362]
 Average call time: 0.57 sec | Current time: 2019-04-18 20:52:22.532232
 --------------------------
iter: 212 | nc: 1 | ncalls: 684 | bounds: 0 | eff(%): 30.994 | logz: -1.9e+05 +/- 1.3e-01 | dlogz: 159303.959 >  0.500
 loglike: -1.9e+05 | params: [-0.15287982 -1.55828812  4.53597968  3.25185202 24.76250958]
 Average call time: 0.39 sec | Current time: 2019-04-18 20:52:22.918834
 --------------------------
iter: 213 | nc: 1 | ncalls: 685 | bounds: 0 | eff(%): 31.095 | logz: -1.9e+05 +/- 1.3e-01 | dlogz: 159299.617 >  0.500
 loglike: -1.9e+05 | params: [-0.83215852 -1.08920944  4.26377857  0.1331439  25.08720854]
 Average call time: 0.40 sec | Current time: 2019-04-18 20:52:23.319341
 --------------------------
iter: 214 | nc: 1 | ncalls: 686 | bounds: 0 | eff(%): 31.195 | logz: -1.9e+05 +/- 1.3e-01 | dlogz: 159291.273 >  0.500
 loglike: -1.9e+05 | params: [ 0.24021199 -1.43597466  4.4367081   3.13810563 24.20749985]
 Average call time: 0.40 sec | Current time: 2019-04-18 20:52:23.716101
 --------------------------
iter: 215 | nc: 1 | ncalls: 687 | bounds: 0 | eff(%): 31.295 | logz: -1.9e+05 +/- 1.3e-01 | dlogz: 159285.126 >  0.500
 loglike: -1.9e+05 | params: [ 0.38252335 -1.12714809  4.88444829  3.12413925 25.79609612]
 Average call time: 0.59 sec | Current time: 2019-04-18 20:52:24.304400
 --------------------------
iter: 216 | nc: 1 | ncalls: 688 | bounds: 0 | eff(%): 31.395 | logz: -1.9e+05 +/- 1.2e-01 | dlogz: 159281.901 >  0.500
 loglike: -1.9e+05 | params: [-0.74204635 -1.28108114  3.80110825  1.88894529 23.08707865]
 Average call time: 0.59 sec | Current time: 2019-04-18 20:52:24.893646
 --------------------------
iter: 217 | nc: 2 | ncalls: 690 | bounds: 0 | eff(%): 31.449 | logz: -1.9e+05 +/- 1.3e-01 | dlogz: 159280.649 >  0.500
 loglike: -1.9e+05 | params: [-0.69653304 -0.91043621  4.28527206  2.96124392 24.28360949]
 Average call time: 0.50 sec | Current time: 2019-04-18 20:52:25.890068
 --------------------------
iter: 218 | nc: 1 | ncalls: 691 | bounds: 0 | eff(%): 31.548 | logz: -1.9e+05 +/- 1.3e-01 | dlogz: 159269.043 >  0.500
 loglike: -1.9e+05 | params: [ 0.39092159 -1.36600272  4.08357249  0.14387512 24.15163697]
 Average call time: 0.57 sec | Current time: 2019-04-18 20:52:26.461802
 --------------------------
iter: 219 | nc: 1 | ncalls: 692 | bounds: 0 | eff(%): 31.647 | logz: -1.9e+05 +/- 1.3e-01 | dlogz: 159263.221 >  0.500
 loglike: -1.9e+05 | params: [-0.43231809 -1.18656416  4.06317593  2.12763038 23.94433306]
 Average call time: 0.57 sec | Current time: 2019-04-18 20:52:27.032763
 --------------------------
iter: 220 | nc: 5 | ncalls: 697 | bounds: 0 | eff(%): 31.564 | logz: -1.9e+05 +/- 1.3e-01 | dlogz: 159256.447 >  0.500
 loglike: -1.9e+05 | params: [ 0.0777426  -1.78857616  4.62217073  2.23257977 25.84008654]
 Average call time: 0.48 sec | Current time: 2019-04-18 20:52:29.423867
 --------------------------
iter: 221 | nc: 1 | ncalls: 698 | bounds: 0 | eff(%): 31.662 | logz: -1.9e+05 +/- 1.3e-01 | dlogz: 159250.066 >  0.500
 loglike: -1.9e+05 | params: [-0.61260276 -1.47663401  3.88307373  0.28701993 23.49528296]
 Average call time: 0.58 sec | Current time: 2019-04-18 20:52:30.008755
 --------------------------
iter: 222 | nc: 1 | ncalls: 699 | bounds: 0 | eff(%): 31.760 | logz: -1.9e+05 +/- 1.3e-01 | dlogz: 159248.403 >  0.500
 loglike: -1.9e+05 | params: [-0.79388482 -0.59386721  5.02487674  4.76915207 26.2982955 ]
 Average call time: 0.59 sec | Current time: 2019-04-18 20:52:30.596427
 --------------------------
iter: 223 | nc: 5 | ncalls: 704 | bounds: 0 | eff(%): 31.676 | logz: -1.9e+05 +/- 1.3e-01 | dlogz: 159214.885 >  0.500
 loglike: -1.9e+05 | params: [-0.98817451 -1.0615595   4.30722634  1.25254945 25.42848044]
 Average call time: 0.47 sec | Current time: 2019-04-18 20:52:32.965686
 --------------------------
iter: 224 | nc: 1 | ncalls: 705 | bounds: 0 | eff(%): 31.773 | logz: -1.9e+05 +/- 1.3e-01 | dlogz: 159204.222 >  0.500
 loglike: -1.9e+05 | params: [-0.55426152 -1.91241202  4.48529944  0.21113433 26.27527343]
 Average call time: 0.40 sec | Current time: 2019-04-18 20:52:33.362693
 --------------------------
iter: 225 | nc: 1 | ncalls: 706 | bounds: 0 | eff(%): 31.870 | logz: -1.9e+05 +/- 1.3e-01 | dlogz: 159196.606 >  0.500
 loglike: -1.9e+05 | params: [ 0.4851183  -1.87896492  4.29404699  4.34594032 23.23202576]
 Average call time: 0.59 sec | Current time: 2019-04-18 20:52:33.950890
 --------------------------
iter: 226 | nc: 6 | ncalls: 712 | bounds: 0 | eff(%): 31.742 | logz: -1.9e+05 +/- 1.3e-01 | dlogz: 159165.918 >  0.500
 loglike: -1.9e+05 | params: [ 0.07225455 -0.9944909   4.53676575  2.01430154 25.8332686 ]
 Average call time: 0.53 sec | Current time: 2019-04-18 20:52:37.121790
 --------------------------
iter: 227 | nc: 1 | ncalls: 713 | bounds: 0 | eff(%): 31.837 | logz: -1.9e+05 +/- 1.3e-01 | dlogz: 159161.047 >  0.500
 loglike: -1.9e+05 | params: [-9.86663500e-03 -9.88676123e-01  4.66753801e+00  4.91823176e+00
  2.44544345e+01]
 Average call time: 0.58 sec | Current time: 2019-04-18 20:52:37.703507
 --------------------------
iter: 228 | nc: 1 | ncalls: 714 | bounds: 0 | eff(%): 31.933 | logz: -1.9e+05 +/- 1.3e-01 | dlogz: 159135.461 >  0.500
 loglike: -1.9e+05 | params: [ 0.30842367 -1.38946974  2.43469173  2.4374157  26.91121934]
 Average call time: 0.40 sec | Current time: 2019-04-18 20:52:38.101976
 --------------------------
iter: 229 | nc: 1 | ncalls: 715 | bounds: 0 | eff(%): 32.028 | logz: -1.9e+05 +/- 1.3e-01 | dlogz: 159124.815 >  0.500
 loglike: -1.9e+05 | params: [-0.60746241 -1.12618556  4.21960795  1.08166926 25.2854006 ]
 Average call time: 0.58 sec | Current time: 2019-04-18 20:52:38.677509
 --------------------------
iter: 230 | nc: 1 | ncalls: 716 | bounds: 0 | eff(%): 32.123 | logz: -1.9e+05 +/- 1.3e-01 | dlogz: 159092.771 >  0.500
 loglike: -1.9e+05 | params: [ 0.25258692 -0.81125364  3.31691198  1.85029254 26.80056481]
 Average call time: 0.64 sec | Current time: 2019-04-18 20:52:39.316499
 --------------------------
iter: 231 | nc: 3 | ncalls: 719 | bounds: 0 | eff(%): 32.128 | logz: -1.9e+05 +/- 1.3e-01 | dlogz: 159091.036 >  0.500
 loglike: -1.9e+05 | params: [ 0.4869279  -0.64293068  3.7456615   2.04042452 22.22715008]
 Average call time: 0.52 sec | Current time: 2019-04-18 20:52:40.883174
 --------------------------
iter: 232 | nc: 1 | ncalls: 720 | bounds: 0 | eff(%): 32.222 | logz: -1.9e+05 +/- 1.3e-01 | dlogz: 159077.166 >  0.500
 loglike: -1.9e+05 | params: [-0.23591432 -0.9989653   4.15882414  0.52260219 24.83930576]
 Average call time: 0.59 sec | Current time: 2019-04-18 20:52:41.477828
 --------------------------
iter: 233 | nc: 2 | ncalls: 722 | bounds: 0 | eff(%): 32.271 | logz: -1.9e+05 +/- 1.3e-01 | dlogz: 159067.356 >  0.500
 loglike: -1.9e+05 | params: [ 0.35351145 -0.61894801  3.86176321  2.87166918 22.14279018]
 Average call time: 0.49 sec | Current time: 2019-04-18 20:52:42.456367
 --------------------------
iter: 234 | nc: 1 | ncalls: 723 | bounds: 0 | eff(%): 32.365 | logz: -1.9e+05 +/- 1.3e-01 | dlogz: 159058.667 >  0.500
 loglike: -1.9e+05 | params: [ 0.14441279 -1.19922116  4.5652809   2.76779788 25.56058869]
 Average call time: 0.40 sec | Current time: 2019-04-18 20:52:42.852424
 --------------------------
iter: 235 | nc: 1 | ncalls: 724 | bounds: 0 | eff(%): 32.459 | logz: -1.9e+05 +/- 1.3e-01 | dlogz: 159028.523 >  0.500
 loglike: -1.9e+05 | params: [-2.24524511e-02 -1.01830226e+00  4.20930924e+00  1.01007750e+00
  2.69048819e+01]
 Average call time: 0.39 sec | Current time: 2019-04-18 20:52:43.245195
 --------------------------
iter: 236 | nc: 1 | ncalls: 725 | bounds: 0 | eff(%): 32.552 | logz: -1.9e+05 +/- 1.3e-01 | dlogz: 159023.755 >  0.500
 loglike: -1.9e+05 | params: [ 0.25760985 -0.63773922  4.37846835  3.89015647 23.72049997]
 Average call time: 0.56 sec | Current time: 2019-04-18 20:52:43.804294
 --------------------------
iter: 237 | nc: 3 | ncalls: 728 | bounds: 0 | eff(%): 32.555 | logz: -1.9e+05 +/- 1.3e-01 | dlogz: 158997.933 >  0.500
 loglike: -1.9e+05 | params: [-0.12801842 -1.83073932  4.57628459  2.16145319 26.5095983 ]
 Average call time: 0.45 sec | Current time: 2019-04-18 20:52:45.143020
 --------------------------
iter: 238 | nc: 1 | ncalls: 729 | bounds: 0 | eff(%): 32.647 | logz: -1.9e+05 +/- 1.3e-01 | dlogz: 158993.241 >  0.500
 loglike: -1.9e+05 | params: [-0.57212356 -1.06262494  3.91237518  1.05880838 23.91158726]
 Average call time: 0.58 sec | Current time: 2019-04-18 20:52:45.721564
 --------------------------
iter: 239 | nc: 1 | ncalls: 730 | bounds: 0 | eff(%): 32.740 | logz: -1.9e+05 +/- 1.3e-01 | dlogz: 158985.669 >  0.500
 loglike: -1.9e+05 | params: [ 0.17532887 -0.65668014  3.8433358   0.22218785 26.41863851]
 Average call time: 0.57 sec | Current time: 2019-04-18 20:52:46.291892
 --------------------------
iter: 240 | nc: 2 | ncalls: 732 | bounds: 0 | eff(%): 32.787 | logz: -1.9e+05 +/- 1.3e-01 | dlogz: 158983.282 >  0.500
 loglike: -1.9e+05 | params: [-0.80072872 -1.8456059   4.3009664   1.64976083 26.22814296]
 Average call time: 0.63 sec | Current time: 2019-04-18 20:52:47.549140
 --------------------------
iter: 241 | nc: 2 | ncalls: 734 | bounds: 0 | eff(%): 32.834 | logz: -1.9e+05 +/- 1.3e-01 | dlogz: 158972.877 >  0.500
 loglike: -1.9e+05 | params: [ 0.20891008 -1.32286321  2.28187809  1.14970208 26.50123057]
 Average call time: 0.48 sec | Current time: 2019-04-18 20:52:48.514894
 --------------------------
iter: 242 | nc: 2 | ncalls: 736 | bounds: 0 | eff(%): 32.880 | logz: -1.9e+05 +/- 1.3e-01 | dlogz: 158948.048 >  0.500
 loglike: -1.9e+05 | params: [ 0.30088184 -0.50340736  4.57427687  3.65422486 24.5637559 ]
 Average call time: 0.48 sec | Current time: 2019-04-18 20:52:49.482205
 --------------------------
iter: 243 | nc: 1 | ncalls: 737 | bounds: 0 | eff(%): 32.972 | logz: -1.9e+05 +/- 1.3e-01 | dlogz: 158945.581 >  0.500
 loglike: -1.9e+05 | params: [-0.38858187 -1.25256601  3.61796719  0.6008186  22.42112558]
 Average call time: 0.40 sec | Current time: 2019-04-18 20:52:49.880071
 --------------------------
iter: 244 | nc: 1 | ncalls: 738 | bounds: 0 | eff(%): 33.062 | logz: -1.9e+05 +/- 1.3e-01 | dlogz: 158936.402 >  0.500
 loglike: -1.9e+05 | params: [ 0.32182131 -1.14099112  3.71216183  1.36605187 26.32634717]
 Average call time: 0.58 sec | Current time: 2019-04-18 20:52:50.456897
 --------------------------
iter: 245 | nc: 2 | ncalls: 740 | bounds: 0 | eff(%): 33.108 | logz: -1.9e+05 +/- 1.3e-01 | dlogz: 158921.480 >  0.500
 loglike: -1.9e+05 | params: [-0.31932993 -1.40896563  4.68657366  2.81358844 26.21454358]
 Average call time: 0.48 sec | Current time: 2019-04-18 20:52:51.423519
 --------------------------
iter: 246 | nc: 1 | ncalls: 741 | bounds: 0 | eff(%): 33.198 | logz: -1.9e+05 +/- 1.3e-01 | dlogz: 158918.450 >  0.500
 loglike: -1.9e+05 | params: [ 0.05074319 -1.51417213  4.07328684  3.24416617 23.46670379]
 Average call time: 0.40 sec | Current time: 2019-04-18 20:52:51.822664
 --------------------------
iter: 247 | nc: 1 | ncalls: 742 | bounds: 0 | eff(%): 33.288 | logz: -1.9e+05 +/- 1.2e-01 | dlogz: 158909.748 >  0.500
 loglike: -1.9e+05 | params: [-0.77926465 -1.9555295   4.37557397  0.65892192 26.75404925]
 Average call time: 0.58 sec | Current time: 2019-04-18 20:52:52.399612
 --------------------------
iter: 248 | nc: 2 | ncalls: 744 | bounds: 0 | eff(%): 33.333 | logz: -1.9e+05 +/- 1.3e-01 | dlogz: 158908.562 >  0.500
 loglike: -1.9e+05 | params: [-0.21509332 -0.78252664  4.07139768  4.74277961 22.7176254 ]
 Average call time: 0.49 sec | Current time: 2019-04-18 20:52:53.387832
 --------------------------
iter: 249 | nc: 2 | ncalls: 746 | bounds: 0 | eff(%): 33.378 | logz: -1.9e+05 +/- 1.4e-01 | dlogz: 158905.889 >  0.500
 loglike: -1.9e+05 | params: [-0.9716759  -0.64297681  4.12180035  0.49160927 25.12335231]
 Average call time: 0.47 sec | Current time: 2019-04-18 20:52:54.336133
 --------------------------
iter: 250 | nc: 2 | ncalls: 748 | bounds: 0 | eff(%): 33.422 | logz: -1.9e+05 +/- 1.3e-01 | dlogz: 158876.956 >  0.500
 loglike: -1.9e+05 | params: [ 0.45799747 -0.67574966  4.52173252  4.65245813 23.99063303]
 Average call time: 0.41 sec | Current time: 2019-04-18 20:52:55.153504
 --------------------------
iter: 251 | nc: 1 | ncalls: 749 | bounds: 0 | eff(%): 33.511 | logz: -1.9e+05 +/- 1.3e-01 | dlogz: 158875.393 >  0.500
 loglike: -1.9e+05 | params: [-0.78934005 -1.76703072  4.59823099  4.91010566 25.47403708]
 Average call time: 0.58 sec | Current time: 2019-04-18 20:52:55.729698
 --------------------------
iter: 252 | nc: 3 | ncalls: 752 | bounds: 0 | eff(%): 33.511 | logz: -1.9e+05 +/- 1.4e-01 | dlogz: 158872.329 >  0.500
 loglike: -1.9e+05 | params: [ 0.27890336 -1.10306694  4.77538664  2.7321657  26.44615042]
 Average call time: 0.57 sec | Current time: 2019-04-18 20:52:57.448585
 --------------------------
iter: 253 | nc: 1 | ncalls: 753 | bounds: 0 | eff(%): 33.599 | logz: -1.9e+05 +/- 1.3e-01 | dlogz: 158858.921 >  0.500
 loglike: -1.9e+05 | params: [-0.24660249 -1.32505197  3.86944802  0.61310061 23.86875405]
 Average call time: 0.57 sec | Current time: 2019-04-18 20:52:58.015075
 --------------------------
iter: 254 | nc: 1 | ncalls: 754 | bounds: 0 | eff(%): 33.687 | logz: -1.9e+05 +/- 1.2e-01 | dlogz: 158854.154 >  0.500
 loglike: -1.9e+05 | params: [ 0.18228701 -1.153362    3.66231544  1.70686025 26.60324069]
 Average call time: 0.58 sec | Current time: 2019-04-18 20:52:58.590810
 --------------------------
iter: 255 | nc: 1 | ncalls: 755 | bounds: 0 | eff(%): 33.775 | logz: -1.9e+05 +/- 1.4e-01 | dlogz: 158852.992 >  0.500
 loglike: -1.9e+05 | params: [-0.85472518 -1.31621927  4.3585104   3.42979588 25.05453849]
 Average call time: 0.40 sec | Current time: 2019-04-18 20:52:58.986384
 --------------------------
