Using pcmdpy version 0.9.0
Loading Setup File: setup_files/M51/M51_model11.py
(2, 16436)
Running Nested Sampling
-initializing models
-Saving initial results dataframe
iter: 1 | nc: 1 | ncalls: 401 | bounds: 0 | eff(%):  0.249 | logz: -1.4e+05 +/- 1.3e-01 | dlogz:    inf >  0.500
 loglike: -1.4e+05 | params: [-0.59412366 -1.21654508 -0.66360396  2.800201    3.99827146  3.65114256
  5.83514663 28.71495908]
 Average call time: 4.38 sec | Current time: 2019-04-18 18:43:49.004769
 --------------------------
iter: 2 | nc: 1 | ncalls: 402 | bounds: 0 | eff(%):  0.498 | logz: -1.4e+05 +/- 1.3e-01 | dlogz: 138790.743 >  0.500
 loglike: -1.4e+05 | params: [-0.19677719 -1.332803   -0.96847337  2.36960766  4.32129518  5.2532908
  5.57733555 28.73871933]
 Average call time: 3.59 sec | Current time: 2019-04-18 18:43:52.594943
 --------------------------
iter: 3 | nc: 1 | ncalls: 403 | bounds: 0 | eff(%):  0.744 | logz: -1.4e+05 +/- 1.3e-01 | dlogz: 138578.848 >  0.500
 loglike: -1.4e+05 | params: [ 0.14012184 -0.75109437  1.18285639  2.12106455  2.81399707  1.48354191
  5.81362775 28.2830969 ]
 Average call time: 3.93 sec | Current time: 2019-04-18 18:43:56.524260
 --------------------------
iter: 4 | nc: 1 | ncalls: 404 | bounds: 0 | eff(%):  0.990 | logz: -1.4e+05 +/- 1.3e-01 | dlogz: 137943.214 >  0.500
 loglike: -1.4e+05 | params: [ 3.54819622e-01 -8.81127485e-01  3.36918058e-01 -1.69712789e-02
  3.10709745e+00  4.48747599e+00  5.56369065e+00  2.84376649e+01]
 Average call time: 4.03 sec | Current time: 2019-04-18 18:44:00.549830
 --------------------------
iter: 5 | nc: 1 | ncalls: 405 | bounds: 0 | eff(%):  1.235 | logz: -1.4e+05 +/- 1.3e-01 | dlogz: 136538.051 >  0.500
 loglike: -1.4e+05 | params: [ 0.47626545 -1.08418978  1.54987539  2.56351495  2.67141832  2.12584529
  5.7811258  28.38374654]
 Average call time: 3.54 sec | Current time: 2019-04-18 18:44:04.092411
 --------------------------
iter: 6 | nc: 1 | ncalls: 406 | bounds: 0 | eff(%):  1.478 | logz: -1.4e+05 +/- 1.3e-01 | dlogz: 136489.894 >  0.500
 loglike: -1.4e+05 | params: [-0.9063676  -1.61096434  1.0718003   1.91722918  4.19194031  1.60461174
  5.68351091 29.36039266]
 Average call time: 3.98 sec | Current time: 2019-04-18 18:44:08.069300
 --------------------------
iter: 7 | nc: 1 | ncalls: 407 | bounds: 0 | eff(%):  1.720 | logz: -1.4e+05 +/- 1.3e-01 | dlogz: 136336.600 >  0.500
 loglike: -1.4e+05 | params: [-0.90816332 -1.96525887  0.97263969  1.0120184   2.24333214  5.27736191
  5.04832557 29.13650206]
 Average call time: 3.71 sec | Current time: 2019-04-18 18:44:11.780354
 --------------------------
iter: 8 | nc: 1 | ncalls: 408 | bounds: 0 | eff(%):  1.961 | logz: -1.4e+05 +/- 1.3e-01 | dlogz: 135982.466 >  0.500
 loglike: -1.4e+05 | params: [-0.91195236 -1.91150813 -0.84903316  2.00959866  2.08209396  5.38152326
  2.29150036 29.30953721]
 Average call time: 3.94 sec | Current time: 2019-04-18 18:44:15.723952
 --------------------------
iter: 9 | nc: 1 | ncalls: 409 | bounds: 0 | eff(%):  2.200 | logz: -1.4e+05 +/- 1.3e-01 | dlogz: 135772.049 >  0.500
 loglike: -1.4e+05 | params: [-0.37115528 -1.14700008 -0.89007534  3.92819081  2.93812596  4.50078938
  5.58257485 29.36647424]
 Average call time: 3.98 sec | Current time: 2019-04-18 18:44:19.703518
 --------------------------
iter: 10 | nc: 1 | ncalls: 410 | bounds: 0 | eff(%):  2.439 | logz: -1.4e+05 +/- 1.3e-01 | dlogz: 135284.034 >  0.500
 loglike: -1.4e+05 | params: [ 2.77135460e-01 -1.38506299e+00 -1.13299761e-02  2.96481823e+00
  3.62641301e+00  4.53208369e+00  5.64834779e+00  2.96008329e+01]
 Average call time: 4.32 sec | Current time: 2019-04-18 18:44:24.027262
 --------------------------
iter: 11 | nc: 2 | ncalls: 412 | bounds: 0 | eff(%):  2.670 | logz: -1.4e+05 +/- 1.3e-01 | dlogz: 135256.330 >  0.500
 loglike: -1.4e+05 | params: [ 0.49198074 -1.7307532   0.21326921  2.21881992  0.49950338  4.98551936
  5.76618604 30.22757872]
 Average call time: 3.80 sec | Current time: 2019-04-18 18:44:31.631188
 --------------------------
iter: 12 | nc: 1 | ncalls: 413 | bounds: 0 | eff(%):  2.906 | logz: -1.4e+05 +/- 1.3e-01 | dlogz: 135194.168 >  0.500
 loglike: -1.4e+05 | params: [-0.4380919  -1.90539084  0.65891803  2.82453801  3.53423264  2.16039746
  5.30870339 28.11488781]
 Average call time: 3.53 sec | Current time: 2019-04-18 18:44:35.160405
 --------------------------
iter: 13 | nc: 1 | ncalls: 414 | bounds: 0 | eff(%):  3.140 | logz: -1.4e+05 +/- 1.3e-01 | dlogz: 134908.677 >  0.500
 loglike: -1.4e+05 | params: [ 0.35538702 -1.5835775  -0.03025635  2.74446735  4.06838467  5.31769418
  4.42087156 29.32002955]
 Average call time: 3.92 sec | Current time: 2019-04-18 18:44:39.077286
 --------------------------
iter: 14 | nc: 1 | ncalls: 415 | bounds: 0 | eff(%):  3.373 | logz: -1.4e+05 +/- 1.3e-01 | dlogz: 134813.897 >  0.500
 loglike: -1.4e+05 | params: [-0.7345401  -1.36869916 -0.09742181  0.45576775  4.04451703  5.02323077
  4.37273719 28.63024293]
 Average call time: 3.53 sec | Current time: 2019-04-18 18:44:42.603120
 --------------------------
iter: 15 | nc: 1 | ncalls: 416 | bounds: 0 | eff(%):  3.606 | logz: -1.4e+05 +/- 1.3e-01 | dlogz: 134775.286 >  0.500
 loglike: -1.4e+05 | params: [-0.08623446 -1.06996766  0.7090818   0.74074188  2.23792357  5.08199426
  4.54295775 28.32609239]
 Average call time: 4.03 sec | Current time: 2019-04-18 18:44:46.636335
 --------------------------
iter: 16 | nc: 1 | ncalls: 417 | bounds: 0 | eff(%):  3.837 | logz: -1.4e+05 +/- 1.3e-01 | dlogz: 134612.174 >  0.500
 loglike: -1.4e+05 | params: [ 0.4487548  -1.77926465 -0.93833008  2.32122827  0.91837188  5.18616428
  3.16004997 28.77447476]
 Average call time: 3.94 sec | Current time: 2019-04-18 18:44:50.580148
 --------------------------
iter: 17 | nc: 1 | ncalls: 418 | bounds: 0 | eff(%):  4.067 | logz: -1.4e+05 +/- 1.3e-01 | dlogz: 134543.478 >  0.500
 loglike: -1.4e+05 | params: [-0.05899446 -1.60746241  1.27325375  2.16526225  1.26347174  4.01124536
  5.63004786 29.42707074]
 Average call time: 4.28 sec | Current time: 2019-04-18 18:44:54.860107
 --------------------------
iter: 18 | nc: 1 | ncalls: 419 | bounds: 0 | eff(%):  4.296 | logz: -1.4e+05 +/- 1.3e-01 | dlogz: 134413.185 >  0.500
 loglike: -1.4e+05 | params: [ 0.07249082 -0.91386277 -0.98221232  1.08890671  2.78405442  5.10607141
  3.21320792 28.48033249]
 Average call time: 3.67 sec | Current time: 2019-04-18 18:44:58.526987
 --------------------------
iter: 19 | nc: 1 | ncalls: 420 | bounds: 0 | eff(%):  4.524 | logz: -1.4e+05 +/- 1.3e-01 | dlogz: 134075.502 >  0.500
 loglike: -1.4e+05 | params: [-0.37174015 -1.16608943  0.48485584  0.66564681  2.45447078  3.1547102
  5.45611808 29.39319918]
 Average call time: 3.95 sec | Current time: 2019-04-18 18:45:02.478763
 --------------------------
iter: 20 | nc: 1 | ncalls: 421 | bounds: 0 | eff(%):  4.751 | logz: -1.4e+05 +/- 1.3e-01 | dlogz: 134054.531 >  0.500
 loglike: -1.4e+05 | params: [-0.36659602 -0.55920811  0.45703298  3.71846871  3.73483005  3.60534354
  5.6205097  29.58944134]
 Average call time: 4.36 sec | Current time: 2019-04-18 18:45:06.841084
 --------------------------
iter: 21 | nc: 1 | ncalls: 422 | bounds: 0 | eff(%):  4.976 | logz: -1.4e+05 +/- 1.3e-01 | dlogz: 134035.591 >  0.500
 loglike: -1.4e+05 | params: [ 0.17782106 -1.84798391  0.55483341  2.91524101  0.51184433  5.09565556
  3.69811426 28.27850007]
 Average call time: 4.00 sec | Current time: 2019-04-18 18:45:10.841327
 --------------------------
iter: 22 | nc: 1 | ncalls: 423 | bounds: 0 | eff(%):  5.201 | logz: -1.4e+05 +/- 1.3e-01 | dlogz: 133917.263 >  0.500
 loglike: -1.4e+05 | params: [-0.942749   -1.55141511  0.43014416  2.43233309  0.57000018  5.06111851
  2.81268421 28.54964048]
 Average call time: 4.07 sec | Current time: 2019-04-18 18:45:14.906280
 --------------------------
iter: 23 | nc: 1 | ncalls: 424 | bounds: 0 | eff(%):  5.425 | logz: -1.4e+05 +/- 1.3e-01 | dlogz: 133748.147 >  0.500
 loglike: -1.4e+05 | params: [-0.8604297  -1.22914016 -0.26724692  1.86673566  1.5701901   1.42485986
  5.40834512 29.49559387]
 Average call time: 3.65 sec | Current time: 2019-04-18 18:45:18.556935
 --------------------------
iter: 24 | nc: 2 | ncalls: 426 | bounds: 0 | eff(%):  5.634 | logz: -1.4e+05 +/- 1.3e-01 | dlogz: 133627.110 >  0.500
 loglike: -1.4e+05 | params: [ 0.40289436 -0.78435965 -0.30354576  2.29492719  4.07615131  5.25229394
  2.12737717 29.27034429]
 Average call time: 4.31 sec | Current time: 2019-04-18 18:45:27.173906
 --------------------------
iter: 25 | nc: 2 | ncalls: 428 | bounds: 0 | eff(%):  5.841 | logz: -1.4e+05 +/- 1.3e-01 | dlogz: 133623.204 >  0.500
 loglike: -1.4e+05 | params: [ 0.36627463 -0.96179487 -0.88514612  3.2800019   1.94190315  5.12915288
  3.78943181 28.50132643]
 Average call time: 3.74 sec | Current time: 2019-04-18 18:45:34.656076
 --------------------------
iter: 26 | nc: 1 | ncalls: 429 | bounds: 0 | eff(%):  6.061 | logz: -1.4e+05 +/- 1.3e-01 | dlogz: 133616.838 >  0.500
 loglike: -1.4e+05 | params: [-0.29425096 -1.69914203 -0.22264918  0.6558127   1.87907488  5.02993738
  3.59130399 28.71318355]
 Average call time: 3.94 sec | Current time: 2019-04-18 18:45:38.591514
 --------------------------
iter: 27 | nc: 1 | ncalls: 430 | bounds: 0 | eff(%):  6.279 | logz: -1.4e+05 +/- 1.3e-01 | dlogz: 133492.525 >  0.500
 loglike: -1.4e+05 | params: [-0.85578093 -0.77098644  1.46150794  3.08017832  0.7706507   5.27091812
  5.38855457 30.52173252]
 Average call time: 3.93 sec | Current time: 2019-04-18 18:45:42.523737
 --------------------------
iter: 28 | nc: 1 | ncalls: 431 | bounds: 0 | eff(%):  6.497 | logz: -1.4e+05 +/- 1.3e-01 | dlogz: 133231.457 >  0.500
 loglike: -1.4e+05 | params: [ 0.13352922 -0.60184816  0.44869856  1.13336344  1.94988633  4.69372232
  5.46177845 29.70921514]
 Average call time: 3.61 sec | Current time: 2019-04-18 18:45:46.133640
 --------------------------
iter: 29 | nc: 1 | ncalls: 432 | bounds: 0 | eff(%):  6.713 | logz: -1.4e+05 +/- 1.3e-01 | dlogz: 133134.881 >  0.500
 loglike: -1.4e+05 | params: [ 0.26437443 -1.00772645  1.41220082  3.89702257  3.12700644  2.2447721
  5.53118069 29.0475424 ]
 Average call time: 3.56 sec | Current time: 2019-04-18 18:45:49.692212
 --------------------------
iter: 30 | nc: 1 | ncalls: 433 | bounds: 0 | eff(%):  6.928 | logz: -1.4e+05 +/- 1.3e-01 | dlogz: 133110.876 >  0.500
 loglike: -1.4e+05 | params: [-0.89826347 -1.84748031  1.40986751  0.75391601  3.98143828  5.37095828
  4.99209541 30.90077737]
 Average call time: 3.60 sec | Current time: 2019-04-18 18:45:53.291035
 --------------------------
iter: 31 | nc: 1 | ncalls: 434 | bounds: 0 | eff(%):  7.143 | logz: -1.4e+05 +/- 1.3e-01 | dlogz: 133063.275 >  0.500
 loglike: -1.4e+05 | params: [-0.2580374  -0.70726313  1.32166493  3.73316347  4.32877894  4.51713521
  5.43940661 29.8433358 ]
 Average call time: 3.51 sec | Current time: 2019-04-18 18:45:56.802617
 --------------------------
iter: 32 | nc: 1 | ncalls: 435 | bounds: 0 | eff(%):  7.356 | logz: -1.4e+05 +/- 1.3e-01 | dlogz: 132684.609 >  0.500
 loglike: -1.4e+05 | params: [-0.21044564 -1.97385647  0.61262495  0.30174612  4.41122864  5.1808792
  4.86584768 30.56105747]
 Average call time: 3.64 sec | Current time: 2019-04-18 18:46:00.439972
 --------------------------
iter: 33 | nc: 1 | ncalls: 436 | bounds: 0 | eff(%):  7.569 | logz: -1.4e+05 +/- 1.3e-01 | dlogz: 132558.838 >  0.500
 loglike: -1.4e+05 | params: [-0.84948906 -1.09546375  0.53562681  1.28687155  3.93112734  5.37383858
  4.43149718 30.90140805]
 Average call time: 4.26 sec | Current time: 2019-04-18 18:46:04.695788
 --------------------------
iter: 34 | nc: 1 | ncalls: 437 | bounds: 0 | eff(%):  7.780 | logz: -1.4e+05 +/- 1.3e-01 | dlogz: 132448.473 >  0.500
 loglike: -1.4e+05 | params: [-0.87283923 -1.5004963   1.85679663  0.51539579  2.67198484  2.47509792
  5.75520087 30.67114762]
 Average call time: 3.96 sec | Current time: 2019-04-18 18:46:08.656262
 --------------------------
iter: 35 | nc: 1 | ncalls: 438 | bounds: 0 | eff(%):  7.991 | logz: -1.4e+05 +/- 1.3e-01 | dlogz: 132328.282 >  0.500
 loglike: -1.4e+05 | params: [-0.67715546 -1.97239851  2.39502486  0.39047451  1.4703842   5.35280346
  5.16872425 28.98022242]
 Average call time: 4.48 sec | Current time: 2019-04-18 18:46:13.136833
 --------------------------
iter: 36 | nc: 2 | ncalls: 440 | bounds: 0 | eff(%):  8.182 | logz: -1.4e+05 +/- 1.3e-01 | dlogz: 132227.961 >  0.500
 loglike: -1.4e+05 | params: [-0.69245971 -1.64790414  1.33097701  2.45952447  4.39271325  2.08819154
  5.05712997 28.62105603]
 Average call time: 4.02 sec | Current time: 2019-04-18 18:46:21.183117
 --------------------------
iter: 37 | nc: 1 | ncalls: 441 | bounds: 0 | eff(%):  8.390 | logz: -1.4e+05 +/- 1.3e-01 | dlogz: 132138.237 >  0.500
 loglike: -1.4e+05 | params: [-0.04941135 -1.34253518 -0.44662698  2.21929276  2.57500619  5.18863994
  3.77865703 30.01023825]
 Average call time: 4.30 sec | Current time: 2019-04-18 18:46:25.480002
 --------------------------
iter: 38 | nc: 1 | ncalls: 442 | bounds: 0 | eff(%):  8.597 | logz: -1.4e+05 +/- 1.3e-01 | dlogz: 132122.948 >  0.500
 loglike: -1.4e+05 | params: [-0.89395573 -1.76356537 -0.41068602  1.08020263  2.60893319  4.47587974
  5.37859464 30.54956579]
 Average call time: 4.20 sec | Current time: 2019-04-18 18:46:29.682717
 --------------------------
iter: 39 | nc: 2 | ncalls: 444 | bounds: 0 | eff(%):  8.784 | logz: -1.4e+05 +/- 1.3e-01 | dlogz: 132114.558 >  0.500
 loglike: -1.4e+05 | params: [-0.74481655 -0.92242733  2.42227248  0.46289332  4.35833233  4.39978737
  5.52393014 28.15081136]
 Average call time: 3.78 sec | Current time: 2019-04-18 18:46:37.252741
 --------------------------
iter: 40 | nc: 1 | ncalls: 445 | bounds: 0 | eff(%):  8.989 | logz: -1.4e+05 +/- 1.3e-01 | dlogz: 132040.650 >  0.500
 loglike: -1.4e+05 | params: [-0.49340625 -0.50629831  0.79137865  3.18932908  3.27579986  5.22564307
  4.71694377 29.98085552]
 Average call time: 3.65 sec | Current time: 2019-04-18 18:46:40.905757
 --------------------------
iter: 41 | nc: 1 | ncalls: 446 | bounds: 0 | eff(%):  9.193 | logz: -1.4e+05 +/- 1.3e-01 | dlogz: 132008.766 >  0.500
 loglike: -1.4e+05 | params: [-0.66677563 -1.5616699   1.00430772  3.45186424  4.29823929  5.21009382
  5.37266812 31.61891117]
 Average call time: 4.00 sec | Current time: 2019-04-18 18:46:44.901640
 --------------------------
iter: 42 | nc: 1 | ncalls: 447 | bounds: 0 | eff(%):  9.396 | logz: -1.4e+05 +/- 1.3e-01 | dlogz: 131876.413 >  0.500
 loglike: -1.4e+05 | params: [-0.1870201  -0.58344476  0.236117    0.33542222  4.25165812  4.81106417
  1.96136777 28.47157473]
 Average call time: 3.96 sec | Current time: 2019-04-18 18:46:48.857688
 --------------------------
iter: 43 | nc: 1 | ncalls: 448 | bounds: 0 | eff(%):  9.598 | logz: -1.4e+05 +/- 1.3e-01 | dlogz: 131786.406 >  0.500
 loglike: -1.4e+05 | params: [-0.8972573  -1.29687164  0.36083533  0.27646303  1.00542332  5.03375164
  5.34493122 31.13465704]
 Average call time: 3.52 sec | Current time: 2019-04-18 18:46:52.378898
 --------------------------
iter: 44 | nc: 1 | ncalls: 449 | bounds: 0 | eff(%):  9.800 | logz: -1.4e+05 +/- 1.3e-01 | dlogz: 131747.056 >  0.500
 loglike: -1.4e+05 | params: [-0.94816127 -1.90229078  1.25880445  1.02169221  2.37894957  2.63739414
  5.34635011 29.6280807 ]
 Average call time: 4.28 sec | Current time: 2019-04-18 18:46:56.658010
 --------------------------
iter: 45 | nc: 1 | ncalls: 450 | bounds: 0 | eff(%): 10.000 | logz: -1.4e+05 +/- 1.3e-01 | dlogz: 131734.551 >  0.500
 loglike: -1.4e+05 | params: [ 0.44668128 -1.97446125  1.64936498  0.50741417  1.0833605   3.98115587
  5.78383718 30.77922966]
 Average call time: 3.54 sec | Current time: 2019-04-18 18:47:00.198107
 --------------------------
iter: 46 | nc: 1 | ncalls: 451 | bounds: 0 | eff(%): 10.200 | logz: -1.4e+05 +/- 1.3e-01 | dlogz: 131685.736 >  0.500
 loglike: -1.4e+05 | params: [-0.42834861 -1.71024914  0.29065799  2.45432327  2.61177327  5.06414257
  4.69821639 30.1449173 ]
 Average call time: 4.00 sec | Current time: 2019-04-18 18:47:04.195015
 --------------------------
iter: 47 | nc: 1 | ncalls: 452 | bounds: 0 | eff(%): 10.398 | logz: -1.4e+05 +/- 1.3e-01 | dlogz: 131666.677 >  0.500
 loglike: -1.4e+05 | params: [-0.40902016 -1.31505032  1.61818026  1.84918027  3.58282245  4.76703342
  5.12036931 28.79191424]
 Average call time: 4.32 sec | Current time: 2019-04-18 18:47:08.516648
 --------------------------
iter: 48 | nc: 1 | ncalls: 453 | bounds: 0 | eff(%): 10.596 | logz: -1.4e+05 +/- 1.3e-01 | dlogz: 131628.476 >  0.500
 loglike: -1.4e+05 | params: [-0.93284663 -1.83066303  0.69524787  0.22994712  3.72708951  4.84738747
  2.38169968 28.7728778 ]
 Average call time: 3.49 sec | Current time: 2019-04-18 18:47:12.003170
 --------------------------
iter: 49 | nc: 1 | ncalls: 454 | bounds: 0 | eff(%): 10.793 | logz: -1.4e+05 +/- 1.2e-01 | dlogz: 131546.890 >  0.500
 loglike: -1.4e+05 | params: [-0.59823479 -1.56450278 -0.04837412  2.16300544  1.43719045  5.20112229
  3.60813028 30.51994881]
 Average call time: 4.32 sec | Current time: 2019-04-18 18:47:16.325289
 --------------------------
iter: 50 | nc: 1 | ncalls: 455 | bounds: 0 | eff(%): 10.989 | logz: -1.4e+05 +/- 1.3e-01 | dlogz: 131545.502 >  0.500
 loglike: -1.4e+05 | params: [-0.20913688 -1.70352043 -0.39408435  1.94961613  4.42292532  2.95889213
  4.71327337 28.70361708]
 Average call time: 4.39 sec | Current time: 2019-04-18 18:47:20.718296
 --------------------------
iter: 51 | nc: 1 | ncalls: 456 | bounds: 0 | eff(%): 11.184 | logz: -1.3e+05 +/- 1.3e-01 | dlogz: 131507.895 >  0.500
 loglike: -1.3e+05 | params: [-0.45851206 -0.56738712 -0.53628461  1.03704064  3.69858056  5.24555311
  2.22690897 30.33369708]
 Average call time: 3.50 sec | Current time: 2019-04-18 18:47:24.213377
 --------------------------
iter: 52 | nc: 1 | ncalls: 457 | bounds: 0 | eff(%): 11.379 | logz: -1.3e+05 +/- 1.3e-01 | dlogz: 131333.108 >  0.500
 loglike: -1.3e+05 | params: [-0.80871565 -1.83070291  1.86473973  0.90315443  4.06838957  2.6969806
  5.3533912  28.94611806]
 Average call time: 3.50 sec | Current time: 2019-04-18 18:47:27.708512
 --------------------------
iter: 53 | nc: 1 | ncalls: 458 | bounds: 0 | eff(%): 11.572 | logz: -1.3e+05 +/- 1.3e-01 | dlogz: 131326.174 >  0.500
 loglike: -1.3e+05 | params: [-0.16082846 -1.85898212  2.10486403  1.98933142  1.22266259  3.96907785
  5.5897121  28.79247338]
 Average call time: 3.91 sec | Current time: 2019-04-18 18:47:31.623314
 --------------------------
iter: 54 | nc: 1 | ncalls: 459 | bounds: 0 | eff(%): 11.765 | logz: -1.3e+05 +/- 1.3e-01 | dlogz: 131294.881 >  0.500
 loglike: -1.3e+05 | params: [ 0.08937006 -0.99017276 -0.90333261  1.38040348  3.4666741   4.84561146
  5.67408633 31.51825903]
 Average call time: 3.50 sec | Current time: 2019-04-18 18:47:35.119111
 --------------------------
iter: 55 | nc: 1 | ncalls: 460 | bounds: 0 | eff(%): 11.957 | logz: -1.3e+05 +/- 1.3e-01 | dlogz: 131126.737 >  0.500
 loglike: -1.3e+05 | params: [ 0.37247736 -1.52706439  0.47002816  0.55684357  2.27253369  5.16832227
  4.3921255  30.32528422]
 Average call time: 4.28 sec | Current time: 2019-04-18 18:47:39.403410
 --------------------------
iter: 56 | nc: 1 | ncalls: 461 | bounds: 0 | eff(%): 12.148 | logz: -1.3e+05 +/- 1.3e-01 | dlogz: 131118.799 >  0.500
 loglike: -1.3e+05 | params: [-0.25256601 -1.39326231 -0.64808656  0.28255476  4.37135976  5.28451035
  3.87666064 31.25995281]
 Average call time: 4.02 sec | Current time: 2019-04-18 18:47:43.425096
 --------------------------
iter: 57 | nc: 1 | ncalls: 462 | bounds: 0 | eff(%): 12.338 | logz: -1.3e+05 +/- 1.3e-01 | dlogz: 130993.547 >  0.500
 loglike: -1.3e+05 | params: [ 0.03511384 -0.95548946  0.60950987  2.95528979  2.2394401   1.78119452
  5.39177977 30.11984443]
 Average call time: 3.94 sec | Current time: 2019-04-18 18:47:47.367247
 --------------------------
iter: 58 | nc: 1 | ncalls: 463 | bounds: 0 | eff(%): 12.527 | logz: -1.3e+05 +/- 1.3e-01 | dlogz: 130884.786 >  0.500
 loglike: -1.3e+05 | params: [ 0.39971015 -1.02293279  0.53189223  3.10057487  1.72945357  3.65531949
  5.33372987 29.7446937 ]
 Average call time: 3.88 sec | Current time: 2019-04-18 18:47:51.246836
 --------------------------
iter: 59 | nc: 1 | ncalls: 464 | bounds: 0 | eff(%): 12.716 | logz: -1.3e+05 +/- 1.3e-01 | dlogz: 130840.273 >  0.500
 loglike: -1.3e+05 | params: [-0.08998718 -0.76676032  1.45494218  0.41734653  1.60561978  5.32991374
  3.58442371 30.29693766]
 Average call time: 4.41 sec | Current time: 2019-04-18 18:47:55.652458
 --------------------------
iter: 60 | nc: 2 | ncalls: 466 | bounds: 0 | eff(%): 12.876 | logz: -1.3e+05 +/- 1.3e-01 | dlogz: 130777.305 >  0.500
 loglike: -1.3e+05 | params: [-0.83614566 -0.92861024  0.6566252   3.83294759  3.90866431  2.94381543
  5.39741012 30.698306  ]
 Average call time: 4.18 sec | Current time: 2019-04-18 18:48:04.017527
 --------------------------
iter: 61 | nc: 1 | ncalls: 467 | bounds: 0 | eff(%): 13.062 | logz: -1.3e+05 +/- 1.3e-01 | dlogz: 130713.100 >  0.500
 loglike: -1.3e+05 | params: [ 0.19689412 -1.54460853  0.53705547  1.74283072  0.54424979  3.85314134
  5.0754398  28.93668805]
 Average call time: 4.28 sec | Current time: 2019-04-18 18:48:08.297325
 --------------------------
iter: 62 | nc: 1 | ncalls: 468 | bounds: 0 | eff(%): 13.248 | logz: -1.3e+05 +/- 1.3e-01 | dlogz: 130631.352 >  0.500
 loglike: -1.3e+05 | params: [-0.98740151 -1.29267658  2.35277037  3.63837309  1.38785362  5.34674454
  1.8812119  29.34100209]
 Average call time: 4.01 sec | Current time: 2019-04-18 18:48:12.304113
 --------------------------
iter: 63 | nc: 2 | ncalls: 470 | bounds: 0 | eff(%): 13.404 | logz: -1.3e+05 +/- 1.3e-01 | dlogz: 130624.168 >  0.500
 loglike: -1.3e+05 | params: [-0.55524056 -1.47157164  1.15539546  0.8963048   1.11501012  2.87683807
  5.33701332 29.99809648]
 Average call time: 4.36 sec | Current time: 2019-04-18 18:48:21.024380
 --------------------------
iter: 64 | nc: 2 | ncalls: 472 | bounds: 0 | eff(%): 13.559 | logz: -1.3e+05 +/- 1.2e-01 | dlogz: 130617.711 >  0.500
 loglike: -1.3e+05 | params: [ 0.18764661 -1.15018801  2.25275087  3.84538928  4.32300698  5.18173528
  4.06436798 28.37014451]
 Average call time: 4.17 sec | Current time: 2019-04-18 18:48:29.359036
 --------------------------
iter: 65 | nc: 1 | ncalls: 473 | bounds: 0 | eff(%): 13.742 | logz: -1.3e+05 +/- 1.3e-01 | dlogz: 130615.748 >  0.500
 loglike: -1.3e+05 | params: [ 0.039829   -0.56093648  0.56369059  0.05285906  2.72369044  1.70529477
  5.62188712 30.94554757]
 Average call time: 3.93 sec | Current time: 2019-04-18 18:48:33.288575
 --------------------------
iter: 66 | nc: 1 | ncalls: 474 | bounds: 0 | eff(%): 13.924 | logz: -1.3e+05 +/- 1.3e-01 | dlogz: 130435.213 >  0.500
 loglike: -1.3e+05 | params: [ 0.11064616 -1.15355383  1.92651284  1.76721385  1.08476108  5.36673624
  5.41598466 31.2149976 ]
 Average call time: 3.56 sec | Current time: 2019-04-18 18:48:36.848259
 --------------------------
iter: 67 | nc: 1 | ncalls: 475 | bounds: 0 | eff(%): 14.105 | logz: -1.3e+05 +/- 1.3e-01 | dlogz: 130429.441 >  0.500
 loglike: -1.3e+05 | params: [-0.54977882 -1.30736376  0.92548105  2.28829087  3.94066104  4.71183272
  4.97147251 30.19373243]
 Average call time: 4.33 sec | Current time: 2019-04-18 18:48:41.177347
 --------------------------
iter: 68 | nc: 1 | ncalls: 476 | bounds: 0 | eff(%): 14.286 | logz: -1.3e+05 +/- 1.3e-01 | dlogz: 130393.851 >  0.500
 loglike: -1.3e+05 | params: [-0.57578145 -1.63730192  2.42848959  1.41403184  4.0142522   5.18243952
  5.34825592 29.48818149]
 Average call time: 3.99 sec | Current time: 2019-04-18 18:48:45.166881
 --------------------------
iter: 69 | nc: 1 | ncalls: 477 | bounds: 0 | eff(%): 14.465 | logz: -1.3e+05 +/- 1.3e-01 | dlogz: 130337.027 >  0.500
 loglike: -1.3e+05 | params: [-0.44001942 -0.75697043 -0.69595993  0.20166718  2.48569688  5.11663173
  2.45306799 30.27791517]
 Average call time: 4.26 sec | Current time: 2019-04-18 18:48:49.428223
 --------------------------
iter: 70 | nc: 2 | ncalls: 479 | bounds: 0 | eff(%): 14.614 | logz: -1.3e+05 +/- 1.3e-01 | dlogz: 130330.672 >  0.500
 loglike: -1.3e+05 | params: [-0.07982207 -0.89859541  1.20855829  3.04649484  4.40829151  4.53974764
  4.31456424 28.63313816]
 Average call time: 4.43 sec | Current time: 2019-04-18 18:48:58.294354
 --------------------------
iter: 71 | nc: 1 | ncalls: 480 | bounds: 0 | eff(%): 14.792 | logz: -1.3e+05 +/- 1.3e-01 | dlogz: 130326.681 >  0.500
 loglike: -1.3e+05 | params: [-0.85409838 -1.54862524 -0.81585159  2.27836598  3.35977537  4.38599808
  4.64961792 28.45343509]
 Average call time: 4.28 sec | Current time: 2019-04-18 18:49:02.572657
 --------------------------
iter: 72 | nc: 1 | ncalls: 481 | bounds: 0 | eff(%): 14.969 | logz: -1.3e+05 +/- 1.3e-01 | dlogz: 130323.650 >  0.500
 loglike: -1.3e+05 | params: [-0.57610897 -1.55999604 -0.55270173  3.51837798  2.26720141  3.98641056
  5.09444098 29.13185145]
 Average call time: 3.54 sec | Current time: 2019-04-18 18:49:06.110668
 --------------------------
iter: 73 | nc: 1 | ncalls: 482 | bounds: 0 | eff(%): 15.145 | logz: -1.3e+05 +/- 1.3e-01 | dlogz: 130296.906 >  0.500
 loglike: -1.3e+05 | params: [-0.33038967 -1.53975433 -0.98777759  1.11976167  1.53328495  1.52982729
  5.07337863 29.33519823]
 Average call time: 4.31 sec | Current time: 2019-04-18 18:49:10.418246
 --------------------------
iter: 74 | nc: 1 | ncalls: 483 | bounds: 0 | eff(%): 15.321 | logz: -1.3e+05 +/- 1.3e-01 | dlogz: 130274.867 >  0.500
 loglike: -1.3e+05 | params: [-0.60477865 -1.70385849 -0.47456021  1.02386353  0.79772961  2.16589937
  5.64729706 31.87894807]
 Average call time: 3.88 sec | Current time: 2019-04-18 18:49:14.298600
 --------------------------
iter: 75 | nc: 1 | ncalls: 484 | bounds: 0 | eff(%): 15.496 | logz: -1.3e+05 +/- 1.3e-01 | dlogz: 130198.801 >  0.500
 loglike: -1.3e+05 | params: [ 0.45809105 -1.58835759 -0.30711931  0.80523483  3.50552504  5.16248214
  3.86342253 30.64833439]
 Average call time: 3.55 sec | Current time: 2019-04-18 18:49:17.848966
 --------------------------
iter: 76 | nc: 1 | ncalls: 485 | bounds: 0 | eff(%): 15.670 | logz: -1.3e+05 +/- 1.3e-01 | dlogz: 130076.008 >  0.500
 loglike: -1.3e+05 | params: [-0.63271174 -1.00398098  0.86796493  0.08542854  0.90569093  4.9644024
  5.42562487 31.66064395]
 Average call time: 4.29 sec | Current time: 2019-04-18 18:49:22.139793
 --------------------------
iter: 77 | nc: 1 | ncalls: 486 | bounds: 0 | eff(%): 15.844 | logz: -1.3e+05 +/- 1.3e-01 | dlogz: 130057.723 >  0.500
 loglike: -1.3e+05 | params: [-0.84682423 -0.6367794  -0.46087283  3.57592639  0.50392341  2.07706242
  5.21377493 29.24101855]
 Average call time: 3.59 sec | Current time: 2019-04-18 18:49:25.725926
 --------------------------
iter: 78 | nc: 2 | ncalls: 488 | bounds: 0 | eff(%): 15.984 | logz: -1.3e+05 +/- 1.2e-01 | dlogz: 130013.336 >  0.500
 loglike: -1.3e+05 | params: [-0.30918226 -1.44267332 -0.43256544  1.77294927  4.23123683  4.44226881
  2.28985576 28.64822323]
 Average call time: 3.88 sec | Current time: 2019-04-18 18:49:33.486696
 --------------------------
iter: 79 | nc: 1 | ncalls: 489 | bounds: 0 | eff(%): 16.155 | logz: -1.3e+05 +/- 1.2e-01 | dlogz: 130012.202 >  0.500
 loglike: -1.3e+05 | params: [ 0.38053071 -0.70844712 -0.35063127  2.49901158  0.79804541  4.71915448
  4.55020887 28.76106821]
 Average call time: 4.28 sec | Current time: 2019-04-18 18:49:37.762179
 --------------------------
iter: 80 | nc: 1 | ncalls: 490 | bounds: 0 | eff(%): 16.327 | logz: -1.3e+05 +/- 1.3e-01 | dlogz: 130010.410 >  0.500
 loglike: -1.3e+05 | params: [-0.32988977 -1.37733767  0.86463595  3.87894859  1.95580391  1.43255281
  5.54483366 31.49310428]
 Average call time: 4.35 sec | Current time: 2019-04-18 18:49:42.116391
 --------------------------
iter: 81 | nc: 1 | ncalls: 491 | bounds: 0 | eff(%): 16.497 | logz: -1.3e+05 +/- 1.3e-01 | dlogz: 129957.923 >  0.500
 loglike: -1.3e+05 | params: [ 0.36855501 -1.68110599  0.23168591  0.99223869  4.03555661  4.6727281
  2.90382297 28.82753564]
 Average call time: 4.37 sec | Current time: 2019-04-18 18:49:46.490621
 --------------------------
iter: 82 | nc: 1 | ncalls: 492 | bounds: 0 | eff(%): 16.667 | logz: -1.3e+05 +/- 1.3e-01 | dlogz: 129893.999 >  0.500
 loglike: -1.3e+05 | params: [ 0.35319322 -1.64518118 -0.54258103  1.21715745  3.85715427  4.71211587
  3.23982572 28.95988475]
 Average call time: 4.80 sec | Current time: 2019-04-18 18:49:51.287988
 --------------------------
iter: 83 | nc: 1 | ncalls: 493 | bounds: 0 | eff(%): 16.836 | logz: -1.3e+05 +/- 1.3e-01 | dlogz: 129884.779 >  0.500
 loglike: -1.3e+05 | params: [-0.99654708 -1.21746843  1.97736643  1.71032992  4.01634211  3.50018616
  5.39718646 29.81070647]
 Average call time: 4.29 sec | Current time: 2019-04-18 18:49:55.576757
 --------------------------
iter: 84 | nc: 1 | ncalls: 494 | bounds: 0 | eff(%): 17.004 | logz: -1.3e+05 +/- 1.3e-01 | dlogz: 129862.630 >  0.500
 loglike: -1.3e+05 | params: [-0.696415   -1.76008383  1.18714801  1.73035676  3.88330519  5.02764737
  5.36347949 31.8617169 ]
 Average call time: 4.09 sec | Current time: 2019-04-18 18:49:59.665290
 --------------------------
iter: 85 | nc: 2 | ncalls: 496 | bounds: 0 | eff(%): 17.137 | logz: -1.3e+05 +/- 1.3e-01 | dlogz: 129821.543 >  0.500
 loglike: -1.3e+05 | params: [-0.30566152 -0.72921999  1.6551763   1.41710348  1.01404112  2.99416267
  5.58240868 30.69265114]
 Average call time: 4.29 sec | Current time: 2019-04-18 18:50:08.242184
 --------------------------
iter: 86 | nc: 1 | ncalls: 497 | bounds: 0 | eff(%): 17.304 | logz: -1.3e+05 +/- 1.3e-01 | dlogz: 129797.390 >  0.500
 loglike: -1.3e+05 | params: [ 0.47496891 -1.26366966  1.57061825  3.60174147  0.7324732   5.26818381
  4.32014409 30.53845321]
 Average call time: 3.89 sec | Current time: 2019-04-18 18:50:12.134888
 --------------------------
iter: 87 | nc: 1 | ncalls: 498 | bounds: 0 | eff(%): 17.470 | logz: -1.3e+05 +/- 1.3e-01 | dlogz: 129726.713 >  0.500
 loglike: -1.3e+05 | params: [ 0.38252335 -1.12714809  1.82753021  2.41433941  3.49898598  5.0689875
  4.81597942 28.83181054]
 Average call time: 3.52 sec | Current time: 2019-04-18 18:50:15.651973
 --------------------------
iter: 88 | nc: 1 | ncalls: 499 | bounds: 0 | eff(%): 17.635 | logz: -1.3e+05 +/- 1.3e-01 | dlogz: 129533.417 >  0.500
 loglike: -1.3e+05 | params: [-0.50705557 -1.12224234 -0.8795155   3.72228866  4.04311759  4.90855079
  3.27767919 30.22964343]
 Average call time: 4.01 sec | Current time: 2019-04-18 18:50:19.661228
 --------------------------
iter: 89 | nc: 1 | ncalls: 500 | bounds: 0 | eff(%): 17.800 | logz: -1.3e+05 +/- 1.3e-01 | dlogz: 129490.643 >  0.500
 loglike: -1.3e+05 | params: [ 0.49157305 -1.14941677  2.38932835  0.31033907  1.1377618   2.70535407
  5.67613452 28.41479321]
 Average call time: 3.97 sec | Current time: 2019-04-18 18:50:23.634065
 --------------------------
iter: 90 | nc: 1 | ncalls: 501 | bounds: 0 | eff(%): 17.964 | logz: -1.3e+05 +/- 1.3e-01 | dlogz: 129211.736 >  0.500
 loglike: -1.3e+05 | params: [-0.89517067 -0.66823495  1.76668867  0.80894091  3.35216577  5.29911302
  2.09839633 30.85967126]
 Average call time: 3.54 sec | Current time: 2019-04-18 18:50:27.175677
 --------------------------
iter: 91 | nc: 1 | ncalls: 502 | bounds: 0 | eff(%): 18.127 | logz: -1.3e+05 +/- 1.3e-01 | dlogz: 129162.643 >  0.500
 loglike: -1.3e+05 | params: [-0.83073932 -1.03389328  0.62590085  3.55333294  3.60731597  5.08354537
  3.20755725 30.88037401]
 Average call time: 3.89 sec | Current time: 2019-04-18 18:50:31.061096
 --------------------------
iter: 92 | nc: 1 | ncalls: 503 | bounds: 0 | eff(%): 18.290 | logz: -1.3e+05 +/- 1.3e-01 | dlogz: 129086.926 >  0.500
 loglike: -1.3e+05 | params: [-0.77168664 -1.01864887 -0.53514356  1.7622498   4.39155489  1.91298126
  2.098336   28.27148911]
 Average call time: 3.99 sec | Current time: 2019-04-18 18:50:35.047821
 --------------------------
iter: 93 | nc: 1 | ncalls: 504 | bounds: 0 | eff(%): 18.452 | logz: -1.3e+05 +/- 1.3e-01 | dlogz: 129054.860 >  0.500
 loglike: -1.3e+05 | params: [-0.9371479  -1.73871975  1.20468994  0.63721898  2.728551    3.43894189
  5.33270386 30.88138899]
 Average call time: 3.58 sec | Current time: 2019-04-18 18:50:38.628780
 --------------------------
iter: 94 | nc: 2 | ncalls: 506 | bounds: 0 | eff(%): 18.577 | logz: -1.3e+05 +/- 1.3e-01 | dlogz: 129013.672 >  0.500
 loglike: -1.3e+05 | params: [-0.77626923 -0.80148454  1.57250402  2.46719878  3.79097794  4.88768081
  4.28422541 29.15336749]
 Average call time: 4.36 sec | Current time: 2019-04-18 18:50:47.343659
 --------------------------
iter: 95 | nc: 1 | ncalls: 507 | bounds: 0 | eff(%): 18.738 | logz: -1.3e+05 +/- 1.3e-01 | dlogz: 128922.200 >  0.500
 loglike: -1.3e+05 | params: [ 0.21522525 -1.78798543 -0.73227189  1.37585771  4.3372771   4.14983691
  1.94775022 28.85128756]
 Average call time: 3.88 sec | Current time: 2019-04-18 18:50:51.222562
 --------------------------
iter: 96 | nc: 1 | ncalls: 508 | bounds: 0 | eff(%): 18.898 | logz: -1.3e+05 +/- 1.3e-01 | dlogz: 128863.779 >  0.500
 loglike: -1.3e+05 | params: [-0.23087323 -0.75754015  1.41209813  3.82412943  1.6599749   4.7658435
  4.04619654 28.1666728 ]
 Average call time: 3.88 sec | Current time: 2019-04-18 18:50:55.105534
 --------------------------
iter: 97 | nc: 1 | ncalls: 509 | bounds: 0 | eff(%): 19.057 | logz: -1.3e+05 +/- 1.3e-01 | dlogz: 128831.496 >  0.500
 loglike: -1.3e+05 | params: [-0.89701804 -1.51908798  1.31228947  2.38586405  2.5118191   1.96195071
  5.36445509 30.95294072]
 Average call time: 3.75 sec | Current time: 2019-04-18 18:50:58.850542
 --------------------------
iter: 98 | nc: 1 | ncalls: 510 | bounds: 0 | eff(%): 19.216 | logz: -1.3e+05 +/- 1.3e-01 | dlogz: 128781.077 >  0.500
 loglike: -1.3e+05 | params: [ 0.13382592 -0.9882074  -0.13329416  1.70818884  3.93318654  5.22371531
  3.13302861 31.33705457]
 Average call time: 3.52 sec | Current time: 2019-04-18 18:51:02.370941
 --------------------------
iter: 99 | nc: 1 | ncalls: 511 | bounds: 0 | eff(%): 19.374 | logz: -1.3e+05 +/- 1.3e-01 | dlogz: 128658.372 >  0.500
 loglike: -1.3e+05 | params: [ 0.24406457 -1.79228856  1.22096647  1.85675596  1.688855    1.60935319
  5.60456115 31.61601441]
 Average call time: 4.34 sec | Current time: 2019-04-18 18:51:06.712569
 --------------------------
iter: 100 | nc: 2 | ncalls: 513 | bounds: 0 | eff(%): 19.493 | logz: -1.3e+05 +/- 1.3e-01 | dlogz: 128467.702 >  0.500
 loglike: -1.3e+05 | params: [-0.40897472 -1.74993109  0.76431432  0.13521767  2.00250321  3.62835989
  5.17920654 30.50373793]
 Average call time: 3.92 sec | Current time: 2019-04-18 18:51:14.557061
 --------------------------
iter: 101 | nc: 1 | ncalls: 514 | bounds: 0 | eff(%): 19.650 | logz: -1.3e+05 +/- 1.3e-01 | dlogz: 128410.467 >  0.500
 loglike: -1.3e+05 | params: [-0.41415881 -0.77647467  2.83765856  3.62811063  0.85802714  1.85673895
  5.77905744 28.57767345]
 Average call time: 3.56 sec | Current time: 2019-04-18 18:51:18.119303
 --------------------------
iter: 102 | nc: 2 | ncalls: 516 | bounds: 0 | eff(%): 19.767 | logz: -1.3e+05 +/- 1.3e-01 | dlogz: 128397.789 >  0.500
 loglike: -1.3e+05 | params: [ 7.81111942e-03 -1.14299164e+00  3.71479365e-01  2.02748186e-01
  3.29338764e+00  2.32209595e+00  4.99831738e+00  2.94398189e+01]
 Average call time: 4.02 sec | Current time: 2019-04-18 18:51:26.166750
 --------------------------
iter: 103 | nc: 1 | ncalls: 517 | bounds: 0 | eff(%): 19.923 | logz: -1.3e+05 +/- 1.3e-01 | dlogz: 128350.232 >  0.500
 loglike: -1.3e+05 | params: [-0.57122673 -0.76563818  0.04201644  0.15255009  1.05388221  1.44889556
  4.9868868  29.39648643]
 Average call time: 3.98 sec | Current time: 2019-04-18 18:51:30.144483
 --------------------------
iter: 104 | nc: 1 | ncalls: 518 | bounds: 0 | eff(%): 20.077 | logz: -1.3e+05 +/- 1.3e-01 | dlogz: 128233.128 >  0.500
 loglike: -1.3e+05 | params: [-0.86489688 -1.68911961  1.46920827  1.15407236  2.57028518  4.00417475
  5.26876162 30.69072674]
 Average call time: 3.89 sec | Current time: 2019-04-18 18:51:34.033760
 --------------------------
iter: 105 | nc: 1 | ncalls: 519 | bounds: 0 | eff(%): 20.231 | logz: -1.3e+05 +/- 1.3e-01 | dlogz: 128228.061 >  0.500
 loglike: -1.3e+05 | params: [-0.83206668 -1.29447246 -0.47946343  1.19964361  2.96515604  4.94967594
  4.17720654 30.90821374]
 Average call time: 4.28 sec | Current time: 2019-04-18 18:51:38.315449
 --------------------------
iter: 106 | nc: 1 | ncalls: 520 | bounds: 0 | eff(%): 20.385 | logz: -1.3e+05 +/- 1.3e-01 | dlogz: 128204.572 >  0.500
 loglike: -1.3e+05 | params: [-0.87022431 -0.87047926  1.91223912  1.20767974  3.84336679  3.52111151
  5.18750173 28.74413594]
 Average call time: 3.61 sec | Current time: 2019-04-18 18:51:41.927725
 --------------------------
iter: 107 | nc: 1 | ncalls: 521 | bounds: 0 | eff(%): 20.537 | logz: -1.3e+05 +/- 1.3e-01 | dlogz: 128159.163 >  0.500
 loglike: -1.3e+05 | params: [ 0.26796995 -1.76668099 -0.37790222  0.16900097  4.33010057  3.57620497
  3.13720962 28.53734069]
 Average call time: 3.88 sec | Current time: 2019-04-18 18:51:45.810948
 --------------------------
iter: 108 | nc: 2 | ncalls: 523 | bounds: 0 | eff(%): 20.650 | logz: -1.3e+05 +/- 1.3e-01 | dlogz: 128152.669 >  0.500
 loglike: -1.3e+05 | params: [-0.19468271 -0.7711969  -0.82845553  2.62334127  3.5305756   4.21538633
  5.04468905 30.23104331]
 Average call time: 4.14 sec | Current time: 2019-04-18 18:51:54.088900
 --------------------------
iter: 109 | nc: 1 | ncalls: 524 | bounds: 0 | eff(%): 20.802 | logz: -1.3e+05 +/- 1.3e-01 | dlogz: 127941.031 >  0.500
 loglike: -1.3e+05 | params: [ 0.39005564 -1.38463716  1.0404119   3.35589119  3.9795727   5.15330792
  4.7371034  31.58654236]
 Average call time: 3.50 sec | Current time: 2019-04-18 18:51:57.593727
 --------------------------
iter: 110 | nc: 1 | ncalls: 525 | bounds: 0 | eff(%): 20.952 | logz: -1.3e+05 +/- 1.3e-01 | dlogz: 127914.600 >  0.500
 loglike: -1.3e+05 | params: [-2.61891394e-02 -8.27654998e-01 -1.03556878e+00  2.79525268e+00
  5.97677089e-01  4.69499322e+00  4.70150333e+00  2.99736865e+01]
 Average call time: 4.29 sec | Current time: 2019-04-18 18:52:01.882181
 --------------------------
iter: 111 | nc: 2 | ncalls: 527 | bounds: 0 | eff(%): 21.063 | logz: -1.3e+05 +/- 1.3e-01 | dlogz: 127887.232 >  0.500
 loglike: -1.3e+05 | params: [-0.40975754 -1.93837634 -0.57313907  2.73564826  1.76761807  2.60647456
  5.35571776 31.45884633]
 Average call time: 4.18 sec | Current time: 2019-04-18 18:52:10.238213
 --------------------------
iter: 112 | nc: 1 | ncalls: 528 | bounds: 0 | eff(%): 21.212 | logz: -1.3e+05 +/- 1.3e-01 | dlogz: 127825.559 >  0.500
 loglike: -1.3e+05 | params: [ 0.25673013 -0.92435938 -0.10044635  2.27527247  4.09834815  3.84505382
  4.95477019 30.09875831]
 Average call time: 3.54 sec | Current time: 2019-04-18 18:52:13.778358
 --------------------------
iter: 113 | nc: 1 | ncalls: 529 | bounds: 0 | eff(%): 21.361 | logz: -1.3e+05 +/- 1.3e-01 | dlogz: 127715.817 >  0.500
 loglike: -1.3e+05 | params: [ 0.1859818  -1.23591432  1.61250778  2.10447844  0.80709046  3.65436949
  5.13561186 28.0167594 ]
 Average call time: 4.39 sec | Current time: 2019-04-18 18:52:18.171711
 --------------------------
iter: 114 | nc: 2 | ncalls: 531 | bounds: 0 | eff(%): 21.469 | logz: -1.3e+05 +/- 1.3e-01 | dlogz: 127634.756 >  0.500
 loglike: -1.3e+05 | params: [-0.92457823 -1.81756294  0.96826885  2.33536275  1.55859313  1.49953107
  5.37991188 31.6466715 ]
 Average call time: 3.79 sec | Current time: 2019-04-18 18:52:25.743297
 --------------------------
iter: 115 | nc: 2 | ncalls: 533 | bounds: 0 | eff(%): 21.576 | logz: -1.3e+05 +/- 1.3e-01 | dlogz: 127596.440 >  0.500
 loglike: -1.3e+05 | params: [-0.37470517 -1.77171123  1.79031553  0.36573069  0.73036498  5.15757526
  5.02925227 31.46516166]
 Average call time: 4.02 sec | Current time: 2019-04-18 18:52:33.780401
 --------------------------
iter: 116 | nc: 1 | ncalls: 534 | bounds: 0 | eff(%): 21.723 | logz: -1.3e+05 +/- 1.3e-01 | dlogz: 127583.789 >  0.500
 loglike: -1.3e+05 | params: [ 0.24869692 -1.29525936  1.26449406  0.38126542  2.31178704  4.92833221
  3.71715141 29.86486109]
 Average call time: 3.89 sec | Current time: 2019-04-18 18:52:37.666109
 --------------------------
iter: 117 | nc: 1 | ncalls: 535 | bounds: 0 | eff(%): 21.869 | logz: -1.3e+05 +/- 1.3e-01 | dlogz: 126984.098 >  0.500
 loglike: -1.3e+05 | params: [ 0.46579641 -1.07171822  0.87700747  0.83116531  2.78165445  3.9493132
  5.57822882 31.89278685]
 Average call time: 4.36 sec | Current time: 2019-04-18 18:52:42.023171
 --------------------------
iter: 118 | nc: 1 | ncalls: 536 | bounds: 0 | eff(%): 22.015 | logz: -1.3e+05 +/- 1.3e-01 | dlogz: 126974.123 >  0.500
 loglike: -1.3e+05 | params: [-0.30327144 -1.03202825  1.18539569  0.22893111  3.51820028  2.1646037
  4.90160786 28.49482417]
 Average call time: 4.33 sec | Current time: 2019-04-18 18:52:46.351811
 --------------------------
