Using pcmdpy version 0.9.0
Loading Setup File: setup_files/M51/M51_model10.py
(2, 19639)
Running Nested Sampling
-initializing models
-Saving initial results dataframe
iter: 1 | nc: 1 | ncalls: 401 | bounds: 0 | eff(%):  0.249 | logz: -1.4e+05 +/- 1.3e-01 | dlogz:    inf >  0.500
 loglike: -1.4e+05 | params: [-0.02683068 -1.48162626  1.11632335  3.45561968  3.94448893  5.28928121
  5.78267999]
 Average call time: 0.95 sec | Current time: 2019-04-18 17:20:04.919924
 --------------------------
iter: 2 | nc: 1 | ncalls: 402 | bounds: 0 | eff(%):  0.498 | logz: -1.4e+05 +/- 1.3e-01 | dlogz: 139372.979 >  0.500
 loglike: -1.4e+05 | params: [-0.66183437 -1.34843215 -0.12527812  3.25929005  4.0278768   4.64015202
  5.70242027]
 Average call time: 0.94 sec | Current time: 2019-04-18 17:20:05.859782
 --------------------------
iter: 3 | nc: 1 | ncalls: 403 | bounds: 0 | eff(%):  0.744 | logz: -1.4e+05 +/- 1.3e-01 | dlogz: 139036.526 >  0.500
 loglike: -1.4e+05 | params: [-0.51427476 -1.86065408 -0.32001105  3.26313483  0.76672984  3.46919503
  5.79348564]
 Average call time: 0.93 sec | Current time: 2019-04-18 17:20:06.785784
 --------------------------
iter: 4 | nc: 1 | ncalls: 404 | bounds: 0 | eff(%):  0.990 | logz: -1.4e+05 +/- 1.3e-01 | dlogz: 138935.093 >  0.500
 loglike: -1.4e+05 | params: [-0.25310629 -1.45999392 -0.41343331  2.85115819  3.8032085   2.65844046
  5.76948177]
 Average call time: 0.93 sec | Current time: 2019-04-18 17:20:07.711160
 --------------------------
iter: 5 | nc: 1 | ncalls: 405 | bounds: 0 | eff(%):  1.235 | logz: -1.4e+05 +/- 1.3e-01 | dlogz: 138709.120 >  0.500
 loglike: -1.4e+05 | params: [-0.92383805 -0.56973292 -0.34134441  0.25266517  4.20925684  4.72622432
  5.74769475]
 Average call time: 0.96 sec | Current time: 2019-04-18 17:20:08.668302
 --------------------------
iter: 6 | nc: 1 | ncalls: 406 | bounds: 0 | eff(%):  1.478 | logz: -1.4e+05 +/- 1.3e-01 | dlogz: 138598.955 >  0.500
 loglike: -1.4e+05 | params: [-0.63092614 -1.93612763 -0.06572898  0.12572085  3.28395559  4.72175196
  5.59376373]
 Average call time: 0.94 sec | Current time: 2019-04-18 17:20:09.605880
 --------------------------
iter: 7 | nc: 1 | ncalls: 407 | bounds: 0 | eff(%):  1.720 | logz: -1.4e+05 +/- 1.3e-01 | dlogz: 138529.516 >  0.500
 loglike: -1.4e+05 | params: [ 0.08052087 -0.64461298  0.05354192  0.97231603  3.26092214  4.98920047
  5.79198961]
 Average call time: 0.75 sec | Current time: 2019-04-18 17:20:10.353058
 --------------------------
iter: 8 | nc: 1 | ncalls: 408 | bounds: 0 | eff(%):  1.961 | logz: -1.4e+05 +/- 1.3e-01 | dlogz: 138407.593 >  0.500
 loglike: -1.4e+05 | params: [-0.07251039 -1.02891423  0.51030573  3.86533163  2.23945159  4.6136425
  5.73576609]
 Average call time: 0.75 sec | Current time: 2019-04-18 17:20:11.106796
 --------------------------
iter: 9 | nc: 1 | ncalls: 409 | bounds: 0 | eff(%):  2.200 | logz: -1.4e+05 +/- 1.3e-01 | dlogz: 138307.018 >  0.500
 loglike: -1.4e+05 | params: [-0.96318341 -1.61395259  0.58354604 -0.02074972  2.34830487  4.79261332
  5.54993911]
 Average call time: 0.80 sec | Current time: 2019-04-18 17:20:11.907372
 --------------------------
iter: 10 | nc: 1 | ncalls: 410 | bounds: 0 | eff(%):  2.439 | logz: -1.4e+05 +/- 1.3e-01 | dlogz: 138014.060 >  0.500
 loglike: -1.4e+05 | params: [ 0.14539195 -1.19950836  1.83122136  2.33618364  2.15357296  5.11686923
  5.83310429]
 Average call time: 0.92 sec | Current time: 2019-04-18 17:20:12.830515
 --------------------------
iter: 11 | nc: 1 | ncalls: 411 | bounds: 0 | eff(%):  2.676 | logz: -1.4e+05 +/- 1.3e-01 | dlogz: 137805.226 >  0.500
 loglike: -1.4e+05 | params: [-0.10303108 -1.48568469  0.01281655  0.3609691   1.13055734  2.32656407
  5.66053219]
 Average call time: 0.95 sec | Current time: 2019-04-18 17:20:13.783231
 --------------------------
iter: 12 | nc: 1 | ncalls: 412 | bounds: 0 | eff(%):  2.913 | logz: -1.4e+05 +/- 1.3e-01 | dlogz: 137798.908 >  0.500
 loglike: -1.4e+05 | params: [-0.8972573  -1.29687164  0.36083533  0.27646303  1.00542332  5.03375164
  5.34493122]
 Average call time: 0.95 sec | Current time: 2019-04-18 17:20:14.735750
 --------------------------
iter: 13 | nc: 1 | ncalls: 413 | bounds: 0 | eff(%):  3.148 | logz: -1.4e+05 +/- 1.3e-01 | dlogz: 137747.533 >  0.500
 loglike: -1.4e+05 | params: [-0.52261833 -0.81771299  1.20078327  1.60796974  1.77383173  5.06551743
  5.57909737]
 Average call time: 0.78 sec | Current time: 2019-04-18 17:20:15.520040
 --------------------------
iter: 14 | nc: 1 | ncalls: 414 | bounds: 0 | eff(%):  3.382 | logz: -1.4e+05 +/- 1.3e-01 | dlogz: 137739.342 >  0.500
 loglike: -1.4e+05 | params: [-0.10872609 -1.7345401   0.62655084  0.90515057  0.97222253  4.96533283
  5.49752621]
 Average call time: 0.98 sec | Current time: 2019-04-18 17:20:16.498772
 --------------------------
iter: 15 | nc: 1 | ncalls: 415 | bounds: 0 | eff(%):  3.614 | logz: -1.4e+05 +/- 1.3e-01 | dlogz: 137675.898 >  0.500
 loglike: -1.4e+05 | params: [-0.7816158  -1.59567154 -0.72129755  0.7286288   4.25218583  5.26187295
  1.8728069 ]
 Average call time: 0.96 sec | Current time: 2019-04-18 17:20:17.458787
 --------------------------
iter: 16 | nc: 1 | ncalls: 416 | bounds: 0 | eff(%):  3.846 | logz: -1.4e+05 +/- 1.3e-01 | dlogz: 137456.710 >  0.500
 loglike: -1.4e+05 | params: [-0.33406957 -0.61284898  1.62881936  0.27174669  2.75274608  1.86557367
  5.85707521]
 Average call time: 0.96 sec | Current time: 2019-04-18 17:20:18.417507
 --------------------------
iter: 17 | nc: 1 | ncalls: 417 | bounds: 0 | eff(%):  4.077 | logz: -1.4e+05 +/- 1.3e-01 | dlogz: 137431.612 >  0.500
 loglike: -1.4e+05 | params: [-0.90093866 -0.99648287  0.32499815  2.31254019  1.37832292  2.45319833
  5.58852826]
 Average call time: 0.98 sec | Current time: 2019-04-18 17:20:19.402443
 --------------------------
iter: 18 | nc: 1 | ncalls: 418 | bounds: 0 | eff(%):  4.306 | logz: -1.4e+05 +/- 1.3e-01 | dlogz: 137416.728 >  0.500
 loglike: -1.4e+05 | params: [-0.77868679 -1.84538344 -0.63152307  1.11866053  2.58257638  4.84822696
  5.3323553 ]
 Average call time: 0.97 sec | Current time: 2019-04-18 17:20:20.368161
 --------------------------
iter: 19 | nc: 1 | ncalls: 419 | bounds: 0 | eff(%):  4.535 | logz: -1.4e+05 +/- 1.3e-01 | dlogz: 137379.993 >  0.500
 loglike: -1.4e+05 | params: [-0.39175418 -0.95523862 -0.56294255  3.87613317  1.63574584  1.60838017
  5.59538342]
 Average call time: 0.76 sec | Current time: 2019-04-18 17:20:21.127582
 --------------------------
iter: 20 | nc: 1 | ncalls: 420 | bounds: 0 | eff(%):  4.762 | logz: -1.4e+05 +/- 1.3e-01 | dlogz: 137374.485 >  0.500
 loglike: -1.4e+05 | params: [-0.49150465 -1.81987532  1.00817276  2.74248255  1.65667179  4.82936334
  5.4804491 ]
 Average call time: 1.00 sec | Current time: 2019-04-18 17:20:22.130372
 --------------------------
iter: 21 | nc: 1 | ncalls: 421 | bounds: 0 | eff(%):  4.988 | logz: -1.4e+05 +/- 1.3e-01 | dlogz: 137336.414 >  0.500
 loglike: -1.4e+05 | params: [-0.814819   -1.48030342  0.48441695  0.19354776  3.73295671  5.30761651
  3.26642263]
 Average call time: 0.96 sec | Current time: 2019-04-18 17:20:23.092833
 --------------------------
iter: 22 | nc: 1 | ncalls: 422 | bounds: 0 | eff(%):  5.213 | logz: -1.4e+05 +/- 1.3e-01 | dlogz: 137279.924 >  0.500
 loglike: -1.4e+05 | params: [-0.29384735 -1.942749    0.13930829  1.43271654  2.94878787  1.49081597
  5.53541394]
 Average call time: 0.99 sec | Current time: 2019-04-18 17:20:24.083209
 --------------------------
iter: 23 | nc: 1 | ncalls: 423 | bounds: 0 | eff(%):  5.437 | logz: -1.4e+05 +/- 1.3e-01 | dlogz: 137265.742 >  0.500
 loglike: -1.4e+05 | params: [-0.43715097 -1.16424797  0.76415875  3.72403991  3.45034851  3.7539492
  5.59559879]
 Average call time: 0.78 sec | Current time: 2019-04-18 17:20:24.867508
 --------------------------
iter: 24 | nc: 1 | ncalls: 424 | bounds: 0 | eff(%):  5.660 | logz: -1.4e+05 +/- 1.3e-01 | dlogz: 137183.702 >  0.500
 loglike: -1.4e+05 | params: [ 0.20650279 -1.37033281  0.2999522   1.1342377   3.33405306  5.37415361
  4.06482942]
 Average call time: 0.98 sec | Current time: 2019-04-18 17:20:25.852260
 --------------------------
iter: 25 | nc: 1 | ncalls: 425 | bounds: 0 | eff(%):  5.882 | logz: -1.4e+05 +/- 1.3e-01 | dlogz: 137072.102 >  0.500
 loglike: -1.4e+05 | params: [-0.4199224  -0.82217894 -0.65154183  1.55740579  3.43169579  1.43266013
  5.56995099]
 Average call time: 0.97 sec | Current time: 2019-04-18 17:20:26.822141
 --------------------------
iter: 26 | nc: 1 | ncalls: 426 | bounds: 0 | eff(%):  6.103 | logz: -1.4e+05 +/- 1.3e-01 | dlogz: 136964.488 >  0.500
 loglike: -1.4e+05 | params: [-0.79668368 -1.80940053  0.59901784  2.41542925  0.9911767   5.28084975
  2.57976072]
 Average call time: 0.77 sec | Current time: 2019-04-18 17:20:27.591252
 --------------------------
iter: 27 | nc: 1 | ncalls: 427 | bounds: 0 | eff(%):  6.323 | logz: -1.4e+05 +/- 1.3e-01 | dlogz: 136919.261 >  0.500
 loglike: -1.4e+05 | params: [-0.02000337 -1.97056714  0.14074632  1.86731661  2.54720394  5.21891708
  4.89993917]
 Average call time: 0.93 sec | Current time: 2019-04-18 17:20:28.525514
 --------------------------
iter: 28 | nc: 2 | ncalls: 429 | bounds: 0 | eff(%):  6.527 | logz: -1.4e+05 +/- 1.3e-01 | dlogz: 136900.920 >  0.500
 loglike: -1.4e+05 | params: [-0.43978255 -0.69507762  0.9411784   1.26017278  2.80279619  1.56032746
  5.63385467]
 Average call time: 0.88 sec | Current time: 2019-04-18 17:20:30.294093
 --------------------------
iter: 29 | nc: 1 | ncalls: 430 | bounds: 0 | eff(%):  6.744 | logz: -1.4e+05 +/- 1.3e-01 | dlogz: 136884.181 >  0.500
 loglike: -1.4e+05 | params: [ 0.08785893 -0.53931664  1.08500943  1.72484629  0.5505538   3.80687824
  5.71640641]
 Average call time: 0.75 sec | Current time: 2019-04-18 17:20:31.045006
 --------------------------
iter: 30 | nc: 1 | ncalls: 431 | bounds: 0 | eff(%):  6.961 | logz: -1.4e+05 +/- 1.3e-01 | dlogz: 136750.533 >  0.500
 loglike: -1.4e+05 | params: [-0.97407232 -1.55970974  0.01425779  0.09255671  3.6782674   2.71812311
  5.42476705]
 Average call time: 0.82 sec | Current time: 2019-04-18 17:20:31.865987
 --------------------------
iter: 31 | nc: 1 | ncalls: 432 | bounds: 0 | eff(%):  7.176 | logz: -1.4e+05 +/- 1.3e-01 | dlogz: 136611.632 >  0.500
 loglike: -1.4e+05 | params: [ 0.38730342 -0.94052126 -0.82176559  3.48017907  1.81302576  5.36612939
  3.70551704]
 Average call time: 0.79 sec | Current time: 2019-04-18 17:20:32.654142
 --------------------------
iter: 32 | nc: 1 | ncalls: 433 | bounds: 0 | eff(%):  7.390 | logz: -1.4e+05 +/- 1.3e-01 | dlogz: 136534.697 >  0.500
 loglike: -1.4e+05 | params: [-0.91432654 -0.99586739  2.01154844  2.77811575  3.64957782  3.61396819
  5.72056644]
 Average call time: 0.77 sec | Current time: 2019-04-18 17:20:33.426601
 --------------------------
iter: 33 | nc: 1 | ncalls: 434 | bounds: 0 | eff(%):  7.604 | logz: -1.4e+05 +/- 1.3e-01 | dlogz: 136380.677 >  0.500
 loglike: -1.4e+05 | params: [-0.59752139 -1.29203821 -0.74156212 -0.01864073  2.69542997  5.20606362
  1.99545693]
 Average call time: 0.96 sec | Current time: 2019-04-18 17:20:34.389107
 --------------------------
iter: 34 | nc: 1 | ncalls: 435 | bounds: 0 | eff(%):  7.816 | logz: -1.4e+05 +/- 1.3e-01 | dlogz: 136363.587 >  0.500
 loglike: -1.4e+05 | params: [-0.79770403 -1.90278356  0.1638478   2.72201353  2.81713768  4.25215281
  5.35302016]
 Average call time: 0.96 sec | Current time: 2019-04-18 17:20:35.351379
 --------------------------
iter: 35 | nc: 1 | ncalls: 436 | bounds: 0 | eff(%):  8.028 | logz: -1.4e+05 +/- 1.3e-01 | dlogz: 136348.519 >  0.500
 loglike: -1.4e+05 | params: [ 0.11064616 -1.15355383  1.92651284  1.76721385  1.08476108  5.36673624
  5.41598466]
 Average call time: 0.96 sec | Current time: 2019-04-18 17:20:36.306554
 --------------------------
iter: 36 | nc: 1 | ncalls: 437 | bounds: 0 | eff(%):  8.238 | logz: -1.4e+05 +/- 1.3e-01 | dlogz: 136261.361 >  0.500
 loglike: -1.4e+05 | params: [ 0.13537921 -1.44682636  0.07433138  0.91284918  3.94751676  2.85130242
  5.40936343]
 Average call time: 0.77 sec | Current time: 2019-04-18 17:20:37.077624
 --------------------------
iter: 37 | nc: 1 | ncalls: 438 | bounds: 0 | eff(%):  8.447 | logz: -1.4e+05 +/- 1.3e-01 | dlogz: 136248.027 >  0.500
 loglike: -1.4e+05 | params: [ 0.18474253 -1.98478114  1.18129106  1.86977648  1.67686416  5.34606777
  4.31870217]
 Average call time: 0.76 sec | Current time: 2019-04-18 17:20:37.836557
 --------------------------
iter: 38 | nc: 1 | ncalls: 439 | bounds: 0 | eff(%):  8.656 | logz: -1.4e+05 +/- 1.3e-01 | dlogz: 136189.135 >  0.500
 loglike: -1.4e+05 | params: [-0.36561042 -1.52968675  1.21630612  0.07991438  4.36946936  5.26528173
  2.98631091]
 Average call time: 0.80 sec | Current time: 2019-04-18 17:20:38.631791
 --------------------------
iter: 39 | nc: 1 | ncalls: 440 | bounds: 0 | eff(%):  8.864 | logz: -1.4e+05 +/- 1.2e-01 | dlogz: 136150.476 >  0.500
 loglike: -1.4e+05 | params: [-0.58935044 -1.68208931  0.24993742 -0.05417336  1.52931968  5.18343073
  3.52868409]
 Average call time: 0.94 sec | Current time: 2019-04-18 17:20:39.572541
 --------------------------
iter: 40 | nc: 1 | ncalls: 441 | bounds: 0 | eff(%):  9.070 | logz: -1.4e+05 +/- 1.3e-01 | dlogz: 136148.663 >  0.500
 loglike: -1.4e+05 | params: [-0.34615532 -1.87354965  0.45157616  3.72684539  2.54548758  4.52568663
  5.30348672]
 Average call time: 0.81 sec | Current time: 2019-04-18 17:20:40.380893
 --------------------------
iter: 41 | nc: 1 | ncalls: 442 | bounds: 0 | eff(%):  9.276 | logz: -1.4e+05 +/- 1.3e-01 | dlogz: 135995.161 >  0.500
 loglike: -1.4e+05 | params: [-0.77279631 -1.70723501 -0.82735226  3.60463249  3.78478945  2.01894199
  5.32804702]
 Average call time: 0.80 sec | Current time: 2019-04-18 17:20:41.176031
 --------------------------
iter: 42 | nc: 1 | ncalls: 443 | bounds: 0 | eff(%):  9.481 | logz: -1.4e+05 +/- 1.3e-01 | dlogz: 135919.486 >  0.500
 loglike: -1.4e+05 | params: [-0.99768436 -1.08074848  1.10989364  3.06817694  3.7480849   5.1965639
  4.29704468]
 Average call time: 0.76 sec | Current time: 2019-04-18 17:20:41.933869
 --------------------------
iter: 43 | nc: 1 | ncalls: 444 | bounds: 0 | eff(%):  9.685 | logz: -1.4e+05 +/- 1.3e-01 | dlogz: 135856.869 >  0.500
 loglike: -1.4e+05 | params: [-0.61096434 -1.20173061  0.9146568   3.67548553  0.68379595  5.20921547
  3.21761297]
 Average call time: 0.95 sec | Current time: 2019-04-18 17:20:42.883009
 --------------------------
iter: 44 | nc: 1 | ncalls: 445 | bounds: 0 | eff(%):  9.888 | logz: -1.4e+05 +/- 1.3e-01 | dlogz: 135823.405 >  0.500
 loglike: -1.4e+05 | params: [-0.05668117 -1.7636589   1.8654401   3.90203999  3.58110012  5.30106374
  5.07701343]
 Average call time: 0.98 sec | Current time: 2019-04-18 17:20:43.859269
 --------------------------
iter: 45 | nc: 2 | ncalls: 447 | bounds: 0 | eff(%): 10.067 | logz: -1.4e+05 +/- 1.3e-01 | dlogz: 135534.325 >  0.500
 loglike: -1.4e+05 | params: [-0.17824174 -0.90464814 -0.94498094  3.40001941  4.45663212  2.68416418
  5.25826365]
 Average call time: 0.96 sec | Current time: 2019-04-18 17:20:45.788145
 --------------------------
iter: 46 | nc: 1 | ncalls: 448 | bounds: 0 | eff(%): 10.268 | logz: -1.4e+05 +/- 1.3e-01 | dlogz: 135530.828 >  0.500
 loglike: -1.4e+05 | params: [ 0.35128213 -1.72246434 -0.55494157  3.87268339  1.41299344  5.13780055
  3.65698882]
 Average call time: 0.93 sec | Current time: 2019-04-18 17:20:46.716154
 --------------------------
iter: 47 | nc: 2 | ncalls: 450 | bounds: 0 | eff(%): 10.444 | logz: -1.4e+05 +/- 1.3e-01 | dlogz: 135432.032 >  0.500
 loglike: -1.4e+05 | params: [-0.09608773 -1.41604976  0.59232502  2.07706594  3.96581711  4.44017917
  5.26409219]
 Average call time: 0.78 sec | Current time: 2019-04-18 17:20:48.282347
 --------------------------
iter: 48 | nc: 1 | ncalls: 451 | bounds: 0 | eff(%): 10.643 | logz: -1.4e+05 +/- 1.3e-01 | dlogz: 135424.497 >  0.500
 loglike: -1.4e+05 | params: [-0.24554975 -1.83215852  1.37185675  2.20943287  0.48916533  3.85269172
  5.50571186]
 Average call time: 0.78 sec | Current time: 2019-04-18 17:20:49.063199
 --------------------------
iter: 49 | nc: 1 | ncalls: 452 | bounds: 0 | eff(%): 10.841 | logz: -1.4e+05 +/- 1.3e-01 | dlogz: 135418.285 >  0.500
 loglike: -1.4e+05 | params: [-0.25225977 -1.10204698  0.14367172  1.79268429  2.44450821  3.72556144
  5.33577227]
 Average call time: 0.94 sec | Current time: 2019-04-18 17:20:50.003967
 --------------------------
iter: 50 | nc: 1 | ncalls: 453 | bounds: 0 | eff(%): 11.038 | logz: -1.4e+05 +/- 1.3e-01 | dlogz: 135344.081 >  0.500
 loglike: -1.4e+05 | params: [-0.48051987 -1.72723379  0.61934407  1.0606616   0.6589732   4.71806096
  5.11243092]
 Average call time: 0.98 sec | Current time: 2019-04-18 17:20:50.983842
 --------------------------
iter: 51 | nc: 1 | ncalls: 454 | bounds: 0 | eff(%): 11.233 | logz: -1.4e+05 +/- 1.3e-01 | dlogz: 135288.755 >  0.500
 loglike: -1.4e+05 | params: [-0.19622251 -1.99068723  0.14564875  1.69322699  2.91070507  5.05571718
  4.36016699]
 Average call time: 0.79 sec | Current time: 2019-04-18 17:20:51.774605
 --------------------------
iter: 52 | nc: 1 | ncalls: 455 | bounds: 0 | eff(%): 11.429 | logz: -1.4e+05 +/- 1.3e-01 | dlogz: 135285.413 >  0.500
 loglike: -1.4e+05 | params: [-0.092017   -0.80355983 -0.25400794  1.09644499  3.77578877  5.00305967
  4.78298703]
 Average call time: 0.96 sec | Current time: 2019-04-18 17:20:52.734735
 --------------------------
iter: 53 | nc: 1 | ncalls: 456 | bounds: 0 | eff(%): 11.623 | logz: -1.4e+05 +/- 1.3e-01 | dlogz: 135258.707 >  0.500
 loglike: -1.4e+05 | params: [-0.93837634 -1.81858287  1.73307588  1.25116328  1.68565877  4.88142233
  5.31606664]
 Average call time: 0.78 sec | Current time: 2019-04-18 17:20:53.512945
 --------------------------
iter: 54 | nc: 1 | ncalls: 457 | bounds: 0 | eff(%): 11.816 | logz: -1.4e+05 +/- 1.3e-01 | dlogz: 135239.697 >  0.500
 loglike: -1.4e+05 | params: [-0.36923135 -1.21209975  0.08765229  2.58023923  0.82331072  4.67198612
  5.08687747]
 Average call time: 0.98 sec | Current time: 2019-04-18 17:20:54.488591
 --------------------------
iter: 55 | nc: 1 | ncalls: 458 | bounds: 0 | eff(%): 12.009 | logz: -1.4e+05 +/- 1.2e-01 | dlogz: 135156.378 >  0.500
 loglike: -1.4e+05 | params: [-0.49723801 -1.01367233 -0.7635479   0.16567988  1.75488834  3.7448521
  5.27281458]
 Average call time: 0.79 sec | Current time: 2019-04-18 17:20:55.276755
 --------------------------
iter: 56 | nc: 1 | ncalls: 459 | bounds: 0 | eff(%): 12.200 | logz: -1.4e+05 +/- 1.3e-01 | dlogz: 135153.966 >  0.500
 loglike: -1.4e+05 | params: [-0.27816887 -1.94758466 -0.61333623  3.52713182  4.03051364  5.04356883
  3.086827  ]
 Average call time: 0.96 sec | Current time: 2019-04-18 17:20:56.234535
 --------------------------
iter: 57 | nc: 1 | ncalls: 460 | bounds: 0 | eff(%): 12.391 | logz: -1.4e+05 +/- 1.3e-01 | dlogz: 135150.278 >  0.500
 loglike: -1.4e+05 | params: [-0.25465682 -1.50406918  0.41999468  0.25311214  3.53274039  5.09204912
  3.54787973]
 Average call time: 0.76 sec | Current time: 2019-04-18 17:20:56.998735
 --------------------------
iter: 58 | nc: 2 | ncalls: 462 | bounds: 0 | eff(%): 12.554 | logz: -1.4e+05 +/- 1.3e-01 | dlogz: 135047.648 >  0.500
 loglike: -1.4e+05 | params: [-0.44001942 -0.75697043 -0.69595993  0.20166718  2.48569688  5.11663173
  2.45306799]
 Average call time: 0.96 sec | Current time: 2019-04-18 17:20:58.915766
 --------------------------
iter: 59 | nc: 1 | ncalls: 463 | bounds: 0 | eff(%): 12.743 | logz: -1.4e+05 +/- 1.2e-01 | dlogz: 135000.159 >  0.500
 loglike: -1.4e+05 | params: [ 0.28873566 -1.51163535  0.29346191  3.61820038  3.01092172  2.04672751
  5.35371298]
 Average call time: 0.79 sec | Current time: 2019-04-18 17:20:59.702911
 --------------------------
iter: 60 | nc: 1 | ncalls: 464 | bounds: 0 | eff(%): 12.931 | logz: -1.4e+05 +/- 1.3e-01 | dlogz: 134998.778 >  0.500
 loglike: -1.4e+05 | params: [ 0.20791829 -1.91568856  0.05584868  3.69249987  3.81573536  5.0156203
  4.23568866]
 Average call time: 0.81 sec | Current time: 2019-04-18 17:21:00.517740
 --------------------------
iter: 61 | nc: 1 | ncalls: 465 | bounds: 0 | eff(%): 13.118 | logz: -1.4e+05 +/- 1.3e-01 | dlogz: 134989.879 >  0.500
 loglike: -1.4e+05 | params: [-0.29425096 -1.69914203 -0.22264918  0.6558127   1.87907488  5.02993738
  3.59130399]
 Average call time: 0.82 sec | Current time: 2019-04-18 17:21:01.335662
 --------------------------
iter: 62 | nc: 1 | ncalls: 466 | bounds: 0 | eff(%): 13.305 | logz: -1.4e+05 +/- 1.3e-01 | dlogz: 134917.441 >  0.500
 loglike: -1.4e+05 | params: [-0.21654508 -1.8525072   1.79762862  3.48181668  2.73032677  5.3608512
  2.57217939]
 Average call time: 0.80 sec | Current time: 2019-04-18 17:21:02.131170
 --------------------------
iter: 63 | nc: 2 | ncalls: 468 | bounds: 0 | eff(%): 13.462 | logz: -1.4e+05 +/- 1.3e-01 | dlogz: 134820.118 >  0.500
 loglike: -1.4e+05 | params: [-0.9931803  -1.19372574 -0.99054687  2.08771244  0.64487736  1.99884234
  5.2292621 ]
 Average call time: 0.87 sec | Current time: 2019-04-18 17:21:03.865168
 --------------------------
iter: 64 | nc: 1 | ncalls: 469 | bounds: 0 | eff(%): 13.646 | logz: -1.4e+05 +/- 1.3e-01 | dlogz: 134788.052 >  0.500
 loglike: -1.4e+05 | params: [-0.86732633 -1.91495749 -0.6438267   1.88691709  3.16073777  1.74650425
  5.18606954]
 Average call time: 0.80 sec | Current time: 2019-04-18 17:21:04.665196
 --------------------------
iter: 65 | nc: 1 | ncalls: 470 | bounds: 0 | eff(%): 13.830 | logz: -1.4e+05 +/- 1.3e-01 | dlogz: 134758.647 >  0.500
 loglike: -1.4e+05 | params: [ 0.01485615 -1.78934005 -0.43566666  2.54388529  4.38872595  4.16215454
  4.90511589]
 Average call time: 0.96 sec | Current time: 2019-04-18 17:21:05.624342
 --------------------------
iter: 66 | nc: 2 | ncalls: 472 | bounds: 0 | eff(%): 13.983 | logz: -1.4e+05 +/- 1.3e-01 | dlogz: 134755.882 >  0.500
 loglike: -1.4e+05 | params: [-0.9371479  -1.73871975  1.20468994  0.63721898  2.728551    3.43894189
  5.33270386]
 Average call time: 0.98 sec | Current time: 2019-04-18 17:21:07.582526
 --------------------------
iter: 67 | nc: 1 | ncalls: 473 | bounds: 0 | eff(%): 14.165 | logz: -1.4e+05 +/- 1.3e-01 | dlogz: 134658.016 >  0.500
 loglike: -1.4e+05 | params: [-0.72731599 -1.22145545  1.78369503  3.64557582  2.57863566  5.26766781
  4.04623136]
 Average call time: 0.79 sec | Current time: 2019-04-18 17:21:08.367668
 --------------------------
iter: 68 | nc: 1 | ncalls: 474 | bounds: 0 | eff(%): 14.346 | logz: -1.4e+05 +/- 1.3e-01 | dlogz: 134608.987 >  0.500
 loglike: -1.4e+05 | params: [ 0.38393042 -1.74481655  1.81660904  3.42484486  0.97934811  5.27914812
  4.8740828 ]
 Average call time: 0.98 sec | Current time: 2019-04-18 17:21:09.342998
 --------------------------
iter: 69 | nc: 1 | ncalls: 475 | bounds: 0 | eff(%): 14.526 | logz: -1.4e+05 +/- 1.3e-01 | dlogz: 134542.740 >  0.500
 loglike: -1.4e+05 | params: [ 0.41952402 -1.04941056  1.26836615  0.3970161   3.03839367  3.06574381
  5.46489895]
 Average call time: 0.99 sec | Current time: 2019-04-18 17:21:10.328283
 --------------------------
iter: 70 | nc: 1 | ncalls: 476 | bounds: 0 | eff(%): 14.706 | logz: -1.4e+05 +/- 1.3e-01 | dlogz: 134361.877 >  0.500
 loglike: -1.4e+05 | params: [-0.54376939 -0.92750918  1.83944786  0.02036006  1.6053615   3.70487022
  5.58036684]
 Average call time: 1.00 sec | Current time: 2019-04-18 17:21:11.326482
 --------------------------
iter: 71 | nc: 1 | ncalls: 477 | bounds: 0 | eff(%): 14.885 | logz: -1.4e+05 +/- 1.3e-01 | dlogz: 134331.378 >  0.500
 loglike: -1.4e+05 | params: [-0.98655284 -0.93728058  1.54420268  0.25227896  2.49475972  5.14080274
  4.35892106]
 Average call time: 0.95 sec | Current time: 2019-04-18 17:21:12.273730
 --------------------------
iter: 72 | nc: 1 | ncalls: 478 | bounds: 0 | eff(%): 15.063 | logz: -1.4e+05 +/- 1.3e-01 | dlogz: 134303.770 >  0.500
 loglike: -1.4e+05 | params: [ 0.38758715 -1.46451805  2.21961571  2.50622546  3.32231906  4.33661495
  5.74121876]
 Average call time: 0.95 sec | Current time: 2019-04-18 17:21:13.219708
 --------------------------
iter: 73 | nc: 1 | ncalls: 479 | bounds: 0 | eff(%): 15.240 | logz: -1.4e+05 +/- 1.3e-01 | dlogz: 134196.652 >  0.500
 loglike: -1.4e+05 | params: [ 0.47496891 -1.26366966  1.57061825  3.60174147  0.7324732   5.26818381
  4.32014409]
 Average call time: 0.81 sec | Current time: 2019-04-18 17:21:14.034152
 --------------------------
iter: 74 | nc: 2 | ncalls: 481 | bounds: 0 | eff(%): 15.385 | logz: -1.4e+05 +/- 1.3e-01 | dlogz: 134148.801 >  0.500
 loglike: -1.4e+05 | params: [ 0.17421252 -1.70835643 -0.04386471  3.64039211  3.25421284  3.08483244
  5.2182575 ]
 Average call time: 0.87 sec | Current time: 2019-04-18 17:21:15.772826
 --------------------------
iter: 75 | nc: 1 | ncalls: 482 | bounds: 0 | eff(%): 15.560 | logz: -1.4e+05 +/- 1.3e-01 | dlogz: 134144.329 >  0.500
 loglike: -1.4e+05 | params: [-0.97239851 -0.7055214  -0.61209787  0.95392942  4.43198766  4.69442881
  2.83744274]
 Average call time: 0.76 sec | Current time: 2019-04-18 17:21:16.537292
 --------------------------
iter: 76 | nc: 1 | ncalls: 483 | bounds: 0 | eff(%): 15.735 | logz: -1.4e+05 +/- 1.3e-01 | dlogz: 134121.243 >  0.500
 loglike: -1.4e+05 | params: [-0.86876777 -1.61486461  1.50355157  2.22448586  4.01948187  5.05549234
  2.46676007]
 Average call time: 0.93 sec | Current time: 2019-04-18 17:21:17.469324
 --------------------------
iter: 77 | nc: 1 | ncalls: 484 | bounds: 0 | eff(%): 15.909 | logz: -1.4e+05 +/- 1.2e-01 | dlogz: 133871.598 >  0.500
 loglike: -1.4e+05 | params: [ 0.49084004 -1.21762968 -0.64621048  0.15522446  1.77644642  3.62197165
  5.20823692]
 Average call time: 0.92 sec | Current time: 2019-04-18 17:21:18.394210
 --------------------------
iter: 78 | nc: 1 | ncalls: 485 | bounds: 0 | eff(%): 16.082 | logz: -1.4e+05 +/- 1.3e-01 | dlogz: 133869.892 >  0.500
 loglike: -1.4e+05 | params: [-0.96525887 -1.23891584  0.00944602  1.72687736  4.35654612  4.57403014
  2.99372238]
 Average call time: 0.98 sec | Current time: 2019-04-18 17:21:19.375362
 --------------------------
iter: 79 | nc: 1 | ncalls: 486 | bounds: 0 | eff(%): 16.255 | logz: -1.4e+05 +/- 1.3e-01 | dlogz: 133833.425 >  0.500
 loglike: -1.4e+05 | params: [ 0.10974489 -0.89260823 -0.63378706  0.80513977  3.75979349  2.36863591
  5.14212198]
 Average call time: 0.78 sec | Current time: 2019-04-18 17:21:20.150651
 --------------------------
iter: 80 | nc: 1 | ncalls: 487 | bounds: 0 | eff(%): 16.427 | logz: -1.4e+05 +/- 1.3e-01 | dlogz: 133830.775 >  0.500
 loglike: -1.4e+05 | params: [ 8.13673067e-04 -1.77604248e+00  8.26748692e-01  3.48220516e-02
  3.50095331e+00  2.20555320e+00  5.21958221e+00]
 Average call time: 1.08 sec | Current time: 2019-04-18 17:21:21.228619
 --------------------------
iter: 81 | nc: 2 | ncalls: 489 | bounds: 0 | eff(%): 16.564 | logz: -1.4e+05 +/- 1.3e-01 | dlogz: 133710.027 >  0.500
 loglike: -1.4e+05 | params: [ 0.34945384 -1.84761822  0.75820212  1.52174594  3.14868274  3.59809911
  5.22885518]
 Average call time: 0.95 sec | Current time: 2019-04-18 17:21:23.120824
 --------------------------
iter: 82 | nc: 2 | ncalls: 491 | bounds: 0 | eff(%): 16.701 | logz: -1.4e+05 +/- 1.3e-01 | dlogz: 133616.113 >  0.500
 loglike: -1.4e+05 | params: [ 0.23572419 -0.55807807 -0.90559886  2.91508557  3.03925182  4.07205393
  5.2353691 ]
 Average call time: 0.96 sec | Current time: 2019-04-18 17:21:25.041880
 --------------------------
iter: 83 | nc: 1 | ncalls: 492 | bounds: 0 | eff(%): 16.870 | logz: -1.4e+05 +/- 1.3e-01 | dlogz: 133603.650 >  0.500
 loglike: -1.4e+05 | params: [-0.2386674  -1.96821005  0.67716896  1.73090653  1.41738904  4.70390781
  4.83627702]
 Average call time: 0.82 sec | Current time: 2019-04-18 17:21:25.857717
 --------------------------
iter: 84 | nc: 1 | ncalls: 493 | bounds: 0 | eff(%): 17.039 | logz: -1.4e+05 +/- 1.3e-01 | dlogz: 133578.457 >  0.500
 loglike: -1.4e+05 | params: [-0.98528152 -0.8444284   0.26552746  2.11825806  3.39857795  4.91429437
  2.1069067 ]
 Average call time: 0.94 sec | Current time: 2019-04-18 17:21:26.798524
 --------------------------
iter: 85 | nc: 1 | ncalls: 494 | bounds: 0 | eff(%): 17.206 | logz: -1.4e+05 +/- 1.3e-01 | dlogz: 133534.248 >  0.500
 loglike: -1.4e+05 | params: [-0.90229078 -1.13160405  0.01911983  1.86249479  1.71657834  4.87205468
  3.48530101]
 Average call time: 0.74 sec | Current time: 2019-04-18 17:21:27.540597
 --------------------------
iter: 86 | nc: 1 | ncalls: 495 | bounds: 0 | eff(%): 17.374 | logz: -1.4e+05 +/- 1.3e-01 | dlogz: 133372.959 >  0.500
 loglike: -1.4e+05 | params: [ 0.4510134  -1.89869118  0.21342621  2.73310619  3.02317059  3.91341813
  5.17222291]
 Average call time: 0.94 sec | Current time: 2019-04-18 17:21:28.478177
 --------------------------
iter: 87 | nc: 1 | ncalls: 496 | bounds: 0 | eff(%): 17.540 | logz: -1.4e+05 +/- 1.3e-01 | dlogz: 133356.889 >  0.500
 loglike: -1.4e+05 | params: [-0.96695257 -1.68587623 -0.94301729  1.7005126   1.69538414  1.97954026
  5.05326153]
 Average call time: 0.93 sec | Current time: 2019-04-18 17:21:29.407094
 --------------------------
iter: 88 | nc: 1 | ncalls: 497 | bounds: 0 | eff(%): 17.706 | logz: -1.4e+05 +/- 1.3e-01 | dlogz: 133219.081 >  0.500
 loglike: -1.4e+05 | params: [ 0.10778458 -1.11904455  0.82961206  0.37416157  1.37898335  4.98278566
  3.52423446]
 Average call time: 0.96 sec | Current time: 2019-04-18 17:21:30.368523
 --------------------------
iter: 89 | nc: 1 | ncalls: 498 | bounds: 0 | eff(%): 17.871 | logz: -1.4e+05 +/- 1.3e-01 | dlogz: 133210.432 >  0.500
 loglike: -1.4e+05 | params: [ 0.40525281 -0.6439946   1.83202359  2.56196702  2.03094883  5.27762406
  4.70125073]
 Average call time: 0.75 sec | Current time: 2019-04-18 17:21:31.116359
 --------------------------
iter: 90 | nc: 1 | ncalls: 499 | bounds: 0 | eff(%): 18.036 | logz: -1.4e+05 +/- 1.3e-01 | dlogz: 133178.374 >  0.500
 loglike: -1.4e+05 | params: [-0.41386571 -0.84854164 -0.20504669  2.69439666  3.17900877  4.88454479
  4.05610028]
 Average call time: 1.00 sec | Current time: 2019-04-18 17:21:32.118339
 --------------------------
iter: 91 | nc: 2 | ncalls: 501 | bounds: 0 | eff(%): 18.164 | logz: -1.4e+05 +/- 1.3e-01 | dlogz: 133156.394 >  0.500
 loglike: -1.4e+05 | params: [-0.1135182  -1.33732472  1.50229571  0.24541756  2.27578704  2.47966961
  5.39085424]
 Average call time: 0.78 sec | Current time: 2019-04-18 17:21:33.683176
 --------------------------
iter: 92 | nc: 1 | ncalls: 502 | bounds: 0 | eff(%): 18.327 | logz: -1.4e+05 +/- 1.3e-01 | dlogz: 133152.160 >  0.500
 loglike: -1.4e+05 | params: [-0.97385647 -1.37392136 -0.70082626  3.89477385  4.26006341  4.39155225
  4.41827779]
 Average call time: 0.99 sec | Current time: 2019-04-18 17:21:34.668449
 --------------------------
iter: 93 | nc: 1 | ncalls: 503 | bounds: 0 | eff(%): 18.489 | logz: -1.4e+05 +/- 1.3e-01 | dlogz: 133070.949 >  0.500
 loglike: -1.4e+05 | params: [-0.08276182 -1.33833038  1.05190027  3.06493675  1.46750986  3.23449416
  5.245967  ]
 Average call time: 0.95 sec | Current time: 2019-04-18 17:21:35.619257
 --------------------------
iter: 94 | nc: 1 | ncalls: 504 | bounds: 0 | eff(%): 18.651 | logz: -1.4e+05 +/- 1.3e-01 | dlogz: 133046.430 >  0.500
 loglike: -1.4e+05 | params: [-0.07865275 -1.3440329   1.31549691  3.75141434  2.67459082  4.99786631
  2.41123933]
 Average call time: 0.94 sec | Current time: 2019-04-18 17:21:36.564151
 --------------------------
iter: 95 | nc: 2 | ncalls: 506 | bounds: 0 | eff(%): 18.775 | logz: -1.4e+05 +/- 1.3e-01 | dlogz: 133028.579 >  0.500
 loglike: -1.4e+05 | params: [-0.11752002 -1.29495116  1.27944705  0.71410806  4.30438089  3.01596076
  5.14021606]
 Average call time: 0.99 sec | Current time: 2019-04-18 17:21:38.541148
 --------------------------
iter: 96 | nc: 2 | ncalls: 508 | bounds: 0 | eff(%): 18.898 | logz: -1.4e+05 +/- 1.3e-01 | dlogz: 132996.729 >  0.500
 loglike: -1.4e+05 | params: [-0.22914016 -1.70387331  0.86416328  1.05373532  0.50404406  4.93404969
  3.35281418]
 Average call time: 0.89 sec | Current time: 2019-04-18 17:21:40.330495
 --------------------------
iter: 97 | nc: 1 | ncalls: 509 | bounds: 0 | eff(%): 19.057 | logz: -1.4e+05 +/- 1.3e-01 | dlogz: 132988.045 >  0.500
 loglike: -1.4e+05 | params: [ 0.30222306 -0.99075768 -0.70703162  3.49351806  3.59196729  2.65214253
  5.13047546]
 Average call time: 1.00 sec | Current time: 2019-04-18 17:21:41.329823
 --------------------------
iter: 98 | nc: 1 | ncalls: 510 | bounds: 0 | eff(%): 19.216 | logz: -1.4e+05 +/- 1.3e-01 | dlogz: 132979.491 >  0.500
 loglike: -1.4e+05 | params: [-0.75874202 -0.59139437 -0.97754553  1.32469958  0.92519298  4.51008363
  4.88883102]
 Average call time: 0.94 sec | Current time: 2019-04-18 17:21:42.269816
 --------------------------
iter: 99 | nc: 2 | ncalls: 512 | bounds: 0 | eff(%): 19.336 | logz: -1.4e+05 +/- 1.3e-01 | dlogz: 132972.631 >  0.500
 loglike: -1.4e+05 | params: [-0.55237056 -1.01112221  1.32363281  3.88313035  2.92459811  2.00179019
  5.18309817]
 Average call time: 0.95 sec | Current time: 2019-04-18 17:21:44.160028
 --------------------------
iter: 100 | nc: 1 | ncalls: 513 | bounds: 0 | eff(%): 19.493 | logz: -1.4e+05 +/- 1.3e-01 | dlogz: 132955.395 >  0.500
 loglike: -1.4e+05 | params: [ 0.1895242  -1.92574831  1.80844463  2.1507175   1.83997948  5.14858249
  4.8704724 ]
 Average call time: 0.80 sec | Current time: 2019-04-18 17:21:44.960696
 --------------------------
iter: 101 | nc: 1 | ncalls: 514 | bounds: 0 | eff(%): 19.650 | logz: -1.4e+05 +/- 1.3e-01 | dlogz: 132900.549 >  0.500
 loglike: -1.4e+05 | params: [-2.93809966e-01 -1.23146072e+00 -4.99617035e-03  3.41241138e-01
  3.65749451e+00  1.95413599e+00  5.07988346e+00]
 Average call time: 0.97 sec | Current time: 2019-04-18 17:21:45.931053
 --------------------------
iter: 102 | nc: 1 | ncalls: 515 | bounds: 0 | eff(%): 19.806 | logz: -1.4e+05 +/- 1.3e-01 | dlogz: 132892.458 >  0.500
 loglike: -1.4e+05 | params: [-0.1870201  -0.58344476  0.236117    0.33542222  4.25165812  4.81106417
  1.96136777]
 Average call time: 0.78 sec | Current time: 2019-04-18 17:21:46.708981
 --------------------------
iter: 103 | nc: 2 | ncalls: 517 | bounds: 0 | eff(%): 19.923 | logz: -1.4e+05 +/- 1.3e-01 | dlogz: 132831.064 >  0.500
 loglike: -1.4e+05 | params: [-0.51908798 -1.11154717  1.38329168  1.99536431  1.04113492  4.89015965
  4.81016103]
 Average call time: 0.96 sec | Current time: 2019-04-18 17:21:48.636402
 --------------------------
iter: 104 | nc: 1 | ncalls: 518 | bounds: 0 | eff(%): 20.077 | logz: -1.4e+05 +/- 1.3e-01 | dlogz: 132809.989 >  0.500
 loglike: -1.4e+05 | params: [-0.21746843 -0.86214331  0.70775754  3.49988733  2.57937036  4.92289103
  3.66792678]
 Average call time: 0.95 sec | Current time: 2019-04-18 17:21:49.588392
 --------------------------
iter: 105 | nc: 1 | ncalls: 519 | bounds: 0 | eff(%): 20.231 | logz: -1.4e+05 +/- 1.3e-01 | dlogz: 132789.317 >  0.500
 loglike: -1.4e+05 | params: [ 0.0494727  -1.86209679 -0.84170917  3.39683897  2.98199062  4.86153749
  2.20798381]
 Average call time: 0.77 sec | Current time: 2019-04-18 17:21:50.360377
 --------------------------
iter: 106 | nc: 1 | ncalls: 520 | bounds: 0 | eff(%): 20.385 | logz: -1.4e+05 +/- 1.3e-01 | dlogz: 132786.894 >  0.500
 loglike: -1.4e+05 | params: [-4.44623868e-01 -1.15820572e+00  9.55414584e-01  7.28099658e-04
  3.55341557e+00  4.91348964e+00  3.31676425e+00]
 Average call time: 0.77 sec | Current time: 2019-04-18 17:21:51.131191
 --------------------------
iter: 107 | nc: 1 | ncalls: 521 | bounds: 0 | eff(%): 20.537 | logz: -1.4e+05 +/- 1.3e-01 | dlogz: 132710.285 >  0.500
 loglike: -1.4e+05 | params: [ 0.25995303 -1.17936418  1.12204869 -0.0190846   2.94092164  5.03240491
  2.70760435]
 Average call time: 0.96 sec | Current time: 2019-04-18 17:21:52.087205
 --------------------------
iter: 108 | nc: 1 | ncalls: 522 | bounds: 0 | eff(%): 20.690 | logz: -1.4e+05 +/- 1.3e-01 | dlogz: 132673.330 >  0.500
 loglike: -1.4e+05 | params: [-0.83070291 -0.90437832 -0.09941795  3.55193479  1.7761648   4.87909577
  2.80333837]
 Average call time: 0.97 sec | Current time: 2019-04-18 17:21:53.054494
 --------------------------
iter: 109 | nc: 1 | ncalls: 523 | bounds: 0 | eff(%): 20.841 | logz: -1.4e+05 +/- 1.3e-01 | dlogz: 132612.350 >  0.500
 loglike: -1.4e+05 | params: [-0.4726429  -1.33558148  1.26105566  2.41589794  1.17057904  4.84285203
  4.69830308]
 Average call time: 0.97 sec | Current time: 2019-04-18 17:21:54.023616
 --------------------------
iter: 110 | nc: 1 | ncalls: 524 | bounds: 0 | eff(%): 20.992 | logz: -1.4e+05 +/- 1.3e-01 | dlogz: 132553.760 >  0.500
 loglike: -1.4e+05 | params: [ 0.19689412 -1.54460853  0.53705547  1.74283072  0.54424979  3.85314134
  5.0754398 ]
 Average call time: 0.82 sec | Current time: 2019-04-18 17:21:54.848571
 --------------------------
iter: 111 | nc: 3 | ncalls: 527 | bounds: 0 | eff(%): 21.063 | logz: -1.4e+05 +/- 1.3e-01 | dlogz: 132546.245 >  0.500
 loglike: -1.4e+05 | params: [-0.29093322 -1.15078341 -0.47018044  0.34463197  0.80817759  4.39498019
  4.82637751]
 Average call time: 0.84 sec | Current time: 2019-04-18 17:21:57.354994
 --------------------------
iter: 112 | nc: 1 | ncalls: 528 | bounds: 0 | eff(%): 21.212 | logz: -1.4e+05 +/- 1.2e-01 | dlogz: 132527.496 >  0.500
 loglike: -1.4e+05 | params: [ 0.2056241  -1.38278643 -0.20429065  1.12341344  2.95383444  2.37579309
  5.05594408]
 Average call time: 0.95 sec | Current time: 2019-04-18 17:21:58.307299
 --------------------------
iter: 113 | nc: 1 | ncalls: 529 | bounds: 0 | eff(%): 21.361 | logz: -1.4e+05 +/- 1.3e-01 | dlogz: 132526.373 >  0.500
 loglike: -1.4e+05 | params: [-0.16816822 -1.50241596  2.32433512  0.56783833  1.14112494  1.60627155
  5.7252118 ]
 Average call time: 0.77 sec | Current time: 2019-04-18 17:21:59.072555
 --------------------------
iter: 114 | nc: 2 | ncalls: 531 | bounds: 0 | eff(%): 21.469 | logz: -1.4e+05 +/- 1.3e-01 | dlogz: 132464.002 >  0.500
 loglike: -1.4e+05 | params: [-0.68807105 -0.63527465  1.10643856  2.55734513  2.38641939  3.63663867
  5.16701128]
 Average call time: 0.96 sec | Current time: 2019-04-18 17:22:00.984073
 --------------------------
iter: 115 | nc: 1 | ncalls: 532 | bounds: 0 | eff(%): 21.617 | logz: -1.4e+05 +/- 1.3e-01 | dlogz: 132373.585 >  0.500
 loglike: -1.4e+05 | params: [ 0.35709169 -0.92310845 -0.82523394  1.94407222  4.3883499   1.93396074
  4.37314157]
 Average call time: 0.79 sec | Current time: 2019-04-18 17:22:01.772829
 --------------------------
iter: 116 | nc: 1 | ncalls: 533 | bounds: 0 | eff(%): 21.764 | logz: -1.4e+05 +/- 1.3e-01 | dlogz: 132205.916 >  0.500
 loglike: -1.4e+05 | params: [ 0.08377126 -0.53142945 -0.81574206  2.80532557  1.17798775  4.83096596
  4.37433117]
 Average call time: 0.96 sec | Current time: 2019-04-18 17:22:02.729660
 --------------------------
iter: 117 | nc: 1 | ncalls: 534 | bounds: 0 | eff(%): 21.910 | logz: -1.4e+05 +/- 1.3e-01 | dlogz: 132184.248 >  0.500
 loglike: -1.4e+05 | params: [-0.93275455 -0.52983655  0.76911286  0.16912959  4.00080308  2.05215663
  4.99394659]
 Average call time: 0.78 sec | Current time: 2019-04-18 17:22:03.504666
 --------------------------
iter: 118 | nc: 1 | ncalls: 535 | bounds: 0 | eff(%): 22.056 | logz: -1.4e+05 +/- 1.3e-01 | dlogz: 132152.437 >  0.500
 loglike: -1.4e+05 | params: [ 0.38252335 -1.12714809  1.82753021  2.41433941  3.49898598  5.0689875
  4.81597942]
 Average call time: 0.95 sec | Current time: 2019-04-18 17:22:04.456052
 --------------------------
iter: 119 | nc: 1 | ncalls: 536 | bounds: 0 | eff(%): 22.201 | logz: -1.4e+05 +/- 1.3e-01 | dlogz: 132088.165 >  0.500
 loglike: -1.4e+05 | params: [-0.28387686 -1.95225933  1.88394112  2.46385224  1.10228966  3.86964333
  5.43763525]
 Average call time: 0.95 sec | Current time: 2019-04-18 17:22:05.406917
 --------------------------
iter: 120 | nc: 1 | ncalls: 537 | bounds: 0 | eff(%): 22.346 | logz: -1.4e+05 +/- 1.3e-01 | dlogz: 132071.101 >  0.500
 loglike: -1.4e+05 | params: [-0.07690573 -1.88692814  0.41837795  3.67821471  3.06762166  2.97173519
  5.01214089]
 Average call time: 0.81 sec | Current time: 2019-04-18 17:22:06.213629
 --------------------------
iter: 121 | nc: 2 | ncalls: 539 | bounds: 0 | eff(%): 22.449 | logz: -1.4e+05 +/- 1.3e-01 | dlogz: 132009.892 >  0.500
 loglike: -1.4e+05 | params: [-0.87910881 -1.30547523  2.37761562  0.36307518  3.87405935  3.77141705
  5.51955575]
 Average call time: 0.96 sec | Current time: 2019-04-18 17:22:08.141948
 --------------------------
iter: 122 | nc: 1 | ncalls: 540 | bounds: 0 | eff(%): 22.593 | logz: -1.4e+05 +/- 1.3e-01 | dlogz: 131875.953 >  0.500
 loglike: -1.4e+05 | params: [-0.46524505 -1.85280881  0.69599107  3.73559923  0.62848916  2.62631511
  4.98636796]
 Average call time: 0.97 sec | Current time: 2019-04-18 17:22:09.108842
 --------------------------
iter: 123 | nc: 2 | ncalls: 542 | bounds: 0 | eff(%): 22.694 | logz: -1.3e+05 +/- 1.3e-01 | dlogz: 131865.531 >  0.500
 loglike: -1.3e+05 | params: [ 0.38053071 -0.70844712 -0.35063127  2.49901158  0.79804541  4.71915448
  4.55020887]
 Average call time: 0.89 sec | Current time: 2019-04-18 17:22:10.884170
 --------------------------
iter: 124 | nc: 1 | ncalls: 543 | bounds: 0 | eff(%): 22.836 | logz: -1.3e+05 +/- 1.3e-01 | dlogz: 131766.897 >  0.500
 loglike: -1.3e+05 | params: [ 0.47354218 -1.80122886 -0.81580239  0.21714341  0.84669327  4.66029438
  4.37564633]
 Average call time: 0.97 sec | Current time: 2019-04-18 17:22:11.854170
 --------------------------
iter: 125 | nc: 1 | ncalls: 544 | bounds: 0 | eff(%): 22.978 | logz: -1.3e+05 +/- 1.3e-01 | dlogz: 131758.232 >  0.500
 loglike: -1.3e+05 | params: [-0.84292838 -1.43937378 -0.96982903  1.73900537  4.03456832  4.48644978
  2.85386558]
 Average call time: 0.79 sec | Current time: 2019-04-18 17:22:12.645363
 --------------------------
iter: 126 | nc: 1 | ncalls: 545 | bounds: 0 | eff(%): 23.119 | logz: -1.3e+05 +/- 1.3e-01 | dlogz: 131723.062 >  0.500
 loglike: -1.3e+05 | params: [-0.54391612 -0.93156838  2.78310407  3.80745787  3.67689461  4.84819773
  5.71863951]
 Average call time: 0.76 sec | Current time: 2019-04-18 17:22:13.404251
 --------------------------
iter: 127 | nc: 1 | ncalls: 546 | bounds: 0 | eff(%): 23.260 | logz: -1.3e+05 +/- 1.3e-01 | dlogz: 131643.939 >  0.500
 loglike: -1.3e+05 | params: [ 0.11322215 -1.85597736  0.98996698  3.32012008  4.43628369  3.90594959
  2.99911363]
 Average call time: 0.79 sec | Current time: 2019-04-18 17:22:14.194625
 --------------------------
iter: 128 | nc: 1 | ncalls: 547 | bounds: 0 | eff(%): 23.400 | logz: -1.3e+05 +/- 1.3e-01 | dlogz: 131587.714 >  0.500
 loglike: -1.3e+05 | params: [-0.18422116 -1.11804201 -0.95630105  3.90206173  0.74520598  4.65338556
  2.40536336]
 Average call time: 0.77 sec | Current time: 2019-04-18 17:22:14.963372
 --------------------------
iter: 129 | nc: 1 | ncalls: 548 | bounds: 0 | eff(%): 23.540 | logz: -1.3e+05 +/- 1.3e-01 | dlogz: 131576.783 >  0.500
 loglike: -1.3e+05 | params: [-0.38506299 -1.60790446  1.96224585  3.10995823  3.6112679   5.17405235
  3.45805326]
 Average call time: 0.78 sec | Current time: 2019-04-18 17:22:15.745841
 --------------------------
iter: 130 | nc: 2 | ncalls: 550 | bounds: 0 | eff(%): 23.636 | logz: -1.3e+05 +/- 1.3e-01 | dlogz: 131552.993 >  0.500
 loglike: -1.3e+05 | params: [-4.22897463e-03 -1.93106470e+00  2.44529629e+00  3.71745500e+00
  4.33853233e+00  4.38013017e+00  5.58816590e+00]
 Average call time: 1.01 sec | Current time: 2019-04-18 17:22:17.767614
 --------------------------
iter: 131 | nc: 1 | ncalls: 551 | bounds: 0 | eff(%): 23.775 | logz: -1.3e+05 +/- 1.3e-01 | dlogz: 131460.608 >  0.500
 loglike: -1.3e+05 | params: [-0.17967887 -1.6330326   0.71747109  3.18571215  0.87757673  2.30286384
  5.02427794]
 Average call time: 0.76 sec | Current time: 2019-04-18 17:22:18.525156
 --------------------------
iter: 132 | nc: 1 | ncalls: 552 | bounds: 0 | eff(%): 23.913 | logz: -1.3e+05 +/- 1.3e-01 | dlogz: 131148.398 >  0.500
 loglike: -1.3e+05 | params: [-0.70648723 -1.42652382 -0.84142334  1.75224793  4.39012805  1.87869568
  2.33474391]
 Average call time: 0.93 sec | Current time: 2019-04-18 17:22:19.458053
 --------------------------
iter: 133 | nc: 1 | ncalls: 553 | bounds: 0 | eff(%): 24.051 | logz: -1.3e+05 +/- 1.3e-01 | dlogz: 131127.461 >  0.500
 loglike: -1.3e+05 | params: [-0.01267543 -1.21154569  0.61565354  1.57579556  1.94718471  4.75850238
  3.74052462]
 Average call time: 0.96 sec | Current time: 2019-04-18 17:22:20.419429
 --------------------------
iter: 134 | nc: 1 | ncalls: 554 | bounds: 0 | eff(%): 24.188 | logz: -1.3e+05 +/- 1.3e-01 | dlogz: 131061.913 >  0.500
 loglike: -1.3e+05 | params: [-0.91150813 -1.92204316  1.00702628  1.56563918  4.46070746  1.81720492
  3.16675752]
 Average call time: 0.76 sec | Current time: 2019-04-18 17:22:21.175909
 --------------------------
iter: 135 | nc: 1 | ncalls: 555 | bounds: 0 | eff(%): 24.324 | logz: -1.3e+05 +/- 1.3e-01 | dlogz: 131032.863 >  0.500
 loglike: -1.3e+05 | params: [-0.975261   -0.82637507  0.33956835  2.94436568  0.68192265  1.69571777
  5.01458241]
 Average call time: 0.93 sec | Current time: 2019-04-18 17:22:22.108034
 --------------------------
iter: 136 | nc: 1 | ncalls: 556 | bounds: 0 | eff(%): 24.460 | logz: -1.3e+05 +/- 1.2e-01 | dlogz: 131015.017 >  0.500
 loglike: -1.3e+05 | params: [-0.98844953 -0.53944096  1.1167404   0.35800288  0.53561018  4.8047319
  4.14820458]
 Average call time: 0.79 sec | Current time: 2019-04-18 17:22:22.893040
 --------------------------
iter: 137 | nc: 1 | ncalls: 557 | bounds: 0 | eff(%): 24.596 | logz: -1.3e+05 +/- 1.3e-01 | dlogz: 131013.383 >  0.500
 loglike: -1.3e+05 | params: [ 0.43182403 -1.34340876  1.46303074  0.26781212  1.48636957  2.18894973
  5.24681707]
 Average call time: 0.95 sec | Current time: 2019-04-18 17:22:23.840161
 --------------------------
iter: 138 | nc: 1 | ncalls: 558 | bounds: 0 | eff(%): 24.731 | logz: -1.3e+05 +/- 1.3e-01 | dlogz: 130802.138 >  0.500
 loglike: -1.3e+05 | params: [ 0.01703539 -1.44820656 -0.50498604  1.55689209  4.18729745  4.07557602
  3.53413957]
 Average call time: 0.96 sec | Current time: 2019-04-18 17:22:24.795239
 --------------------------
iter: 139 | nc: 1 | ncalls: 559 | bounds: 0 | eff(%): 24.866 | logz: -1.3e+05 +/- 1.3e-01 | dlogz: 130692.501 >  0.500
 loglike: -1.3e+05 | params: [ 0.22479178 -1.65602043  1.6035476   2.24808409  0.77959709  1.55221294
  5.2853103 ]
 Average call time: 0.94 sec | Current time: 2019-04-18 17:22:25.739777
 --------------------------
iter: 140 | nc: 1 | ncalls: 560 | bounds: 0 | eff(%): 25.000 | logz: -1.3e+05 +/- 1.3e-01 | dlogz: 130681.311 >  0.500
 loglike: -1.3e+05 | params: [-0.91726876 -0.59766404 -0.1970273   1.0297679   3.79068005  4.49137889
  4.14575095]
 Average call time: 1.09 sec | Current time: 2019-04-18 17:22:26.828547
 --------------------------
iter: 141 | nc: 1 | ncalls: 561 | bounds: 0 | eff(%): 25.134 | logz: -1.3e+05 +/- 1.3e-01 | dlogz: 130644.668 >  0.500
 loglike: -1.3e+05 | params: [ 0.25870798 -1.53461804  2.33902462  3.5910301   4.06171355  4.85183939
  5.20826907]
 Average call time: 0.95 sec | Current time: 2019-04-18 17:22:27.779184
 --------------------------
iter: 142 | nc: 2 | ncalls: 563 | bounds: 0 | eff(%): 25.222 | logz: -1.3e+05 +/- 1.3e-01 | dlogz: 130620.420 >  0.500
 loglike: -1.3e+05 | params: [-0.87902065 -0.79136422 -0.4373012   1.46566325  4.39278703  2.46520811
  2.76391617]
 Average call time: 0.86 sec | Current time: 2019-04-18 17:22:29.505694
 --------------------------
iter: 143 | nc: 1 | ncalls: 564 | bounds: 0 | eff(%): 25.355 | logz: -1.3e+05 +/- 1.3e-01 | dlogz: 130613.771 >  0.500
 loglike: -1.3e+05 | params: [-0.73869294 -1.48571593  0.8136938   1.15914578  4.12070218  3.14674594
  4.60112125]
 Average call time: 0.96 sec | Current time: 2019-04-18 17:22:30.462696
 --------------------------
iter: 144 | nc: 1 | ncalls: 565 | bounds: 0 | eff(%): 25.487 | logz: -1.3e+05 +/- 1.3e-01 | dlogz: 130548.675 >  0.500
 loglike: -1.3e+05 | params: [-0.21153645 -0.96746477 -1.0425291   1.80246573  1.90998996  4.45849412
  4.44934167]
 Average call time: 0.75 sec | Current time: 2019-04-18 17:22:31.215150
 --------------------------
iter: 145 | nc: 1 | ncalls: 566 | bounds: 0 | eff(%): 25.618 | logz: -1.3e+05 +/- 1.3e-01 | dlogz: 130282.167 >  0.500
 loglike: -1.3e+05 | params: [-0.09349899 -1.84534334  2.15257865  3.72786724  4.37826436  4.90785387
  4.367948  ]
 Average call time: 0.78 sec | Current time: 2019-04-18 17:22:31.993431
 --------------------------
iter: 146 | nc: 2 | ncalls: 568 | bounds: 0 | eff(%): 25.704 | logz: -1.3e+05 +/- 1.2e-01 | dlogz: 130247.653 >  0.500
 loglike: -1.3e+05 | params: [-0.23905269 -1.80754794 -0.60444708  0.83684542  4.02145698  3.18661323
  4.646059  ]
 Average call time: 0.84 sec | Current time: 2019-04-18 17:22:33.665671
 --------------------------
iter: 147 | nc: 1 | ncalls: 569 | bounds: 0 | eff(%): 25.835 | logz: -1.3e+05 +/- 1.3e-01 | dlogz: 130246.019 >  0.500
 loglike: -1.3e+05 | params: [ 0.2389469  -0.92784917 -0.07869353  0.20100166  2.16912586  4.20709096
  4.72983463]
 Average call time: 0.94 sec | Current time: 2019-04-18 17:22:34.607456
 --------------------------
iter: 148 | nc: 4 | ncalls: 573 | bounds: 0 | eff(%): 25.829 | logz: -1.3e+05 +/- 1.3e-01 | dlogz: 130209.617 >  0.500
 loglike: -1.3e+05 | params: [ 0.49607052 -0.95793179  0.4386013   1.55169746  4.16250674  2.36236025
  4.51327104]
 Average call time: 0.90 sec | Current time: 2019-04-18 17:22:38.198594
 --------------------------
iter: 149 | nc: 1 | ncalls: 574 | bounds: 0 | eff(%): 25.958 | logz: -1.3e+05 +/- 1.3e-01 | dlogz: 130035.464 >  0.500
 loglike: -1.3e+05 | params: [-0.33558051 -0.65041334  0.3362811  -0.04980613  1.25899914  3.40202268
  4.88851892]
 Average call time: 0.95 sec | Current time: 2019-04-18 17:22:39.151238
 --------------------------
iter: 150 | nc: 1 | ncalls: 575 | bounds: 0 | eff(%): 26.087 | logz: -1.3e+05 +/- 1.3e-01 | dlogz: 129988.204 >  0.500
 loglike: -1.3e+05 | params: [-0.16651992 -1.05576268  1.68780222  0.90718445  3.61382024  4.80883471
  4.76840438]
 Average call time: 0.98 sec | Current time: 2019-04-18 17:22:40.131441
 --------------------------
iter: 151 | nc: 1 | ncalls: 576 | bounds: 0 | eff(%): 26.215 | logz: -1.3e+05 +/- 1.3e-01 | dlogz: 129881.338 >  0.500
 loglike: -1.3e+05 | params: [-0.94017452 -0.74851725 -0.5886866   2.03806356  3.95434296  1.53775623
  4.62678346]
 Average call time: 0.76 sec | Current time: 2019-04-18 17:22:40.893093
 --------------------------
iter: 152 | nc: 2 | ncalls: 578 | bounds: 0 | eff(%): 26.298 | logz: -1.3e+05 +/- 1.3e-01 | dlogz: 129781.804 >  0.500
 loglike: -1.3e+05 | params: [-0.1271819  -1.86801696 -0.12840224  3.19571823  3.47307058  4.60203248
  3.03499387]
 Average call time: 0.95 sec | Current time: 2019-04-18 17:22:42.802385
 --------------------------
iter: 153 | nc: 1 | ncalls: 579 | bounds: 0 | eff(%): 26.425 | logz: -1.3e+05 +/- 1.3e-01 | dlogz: 129772.388 >  0.500
 loglike: -1.3e+05 | params: [-0.05361273 -1.17313695  1.21140678  3.2190342   4.2180583   2.15453054
  4.70859641]
 Average call time: 0.76 sec | Current time: 2019-04-18 17:22:43.564550
 --------------------------
iter: 154 | nc: 2 | ncalls: 581 | bounds: 0 | eff(%): 26.506 | logz: -1.3e+05 +/- 1.3e-01 | dlogz: 129706.156 >  0.500
 loglike: -1.3e+05 | params: [-0.15847522 -1.33073658  2.36427803  3.59037679  3.96836826  5.24464178
  2.66646554]
 Average call time: 0.95 sec | Current time: 2019-04-18 17:22:45.474429
 --------------------------
iter: 155 | nc: 1 | ncalls: 582 | bounds: 0 | eff(%): 26.632 | logz: -1.3e+05 +/- 1.3e-01 | dlogz: 129603.675 >  0.500
 loglike: -1.3e+05 | params: [-0.37567451 -0.68362625  1.98616562  2.13810383  4.07147294  5.06573018
  3.71898353]
 Average call time: 0.81 sec | Current time: 2019-04-18 17:22:46.279929
 --------------------------
iter: 156 | nc: 1 | ncalls: 583 | bounds: 0 | eff(%): 26.758 | logz: -1.3e+05 +/- 1.3e-01 | dlogz: 129528.731 >  0.500
 loglike: -1.3e+05 | params: [ 0.22125945 -0.9542759   0.58150009 -0.03148536  4.27816654  3.80393528
  1.88340542]
 Average call time: 0.77 sec | Current time: 2019-04-18 17:22:47.050288
 --------------------------
iter: 157 | nc: 3 | ncalls: 586 | bounds: 0 | eff(%): 26.792 | logz: -1.3e+05 +/- 1.3e-01 | dlogz: 129526.186 >  0.500
 loglike: -1.3e+05 | params: [-0.67387641 -1.41159628 -0.20083142  1.58648966  4.20466986  1.67165958
  3.98483842]
 Average call time: 0.96 sec | Current time: 2019-04-18 17:22:49.928252
 --------------------------
iter: 158 | nc: 1 | ncalls: 587 | bounds: 0 | eff(%): 26.917 | logz: -1.3e+05 +/- 1.2e-01 | dlogz: 129506.413 >  0.500
 loglike: -1.3e+05 | params: [ 0.2224823  -0.86138824  0.80652759  1.71135686  4.05138424  2.66245957
  4.69361767]
 Average call time: 0.79 sec | Current time: 2019-04-18 17:22:50.718671
 --------------------------
iter: 159 | nc: 3 | ncalls: 590 | bounds: 0 | eff(%): 26.949 | logz: -1.3e+05 +/- 1.3e-01 | dlogz: 129504.678 >  0.500
 loglike: -1.3e+05 | params: [-0.2879439  -0.53883976  1.04581056  3.37809948  3.73743092  4.73715219
  2.6107535 ]
 Average call time: 0.82 sec | Current time: 2019-04-18 17:22:53.184955
 --------------------------
iter: 160 | nc: 1 | ncalls: 591 | bounds: 0 | eff(%): 27.073 | logz: -1.3e+05 +/- 1.3e-01 | dlogz: 129496.526 >  0.500
 loglike: -1.3e+05 | params: [ 0.17070515 -1.27040696  2.16684214  1.75135241  0.74398718  2.23982453
  5.45820477]
 Average call time: 1.00 sec | Current time: 2019-04-18 17:22:54.182660
 --------------------------
iter: 161 | nc: 1 | ncalls: 592 | bounds: 0 | eff(%): 27.196 | logz: -1.3e+05 +/- 1.3e-01 | dlogz: 129268.822 >  0.500
 loglike: -1.3e+05 | params: [ 0.01620337 -0.56186657  2.30722467  2.46555719  2.23022484  5.36768245
  2.17273367]
 Average call time: 0.95 sec | Current time: 2019-04-18 17:22:55.136427
 --------------------------
iter: 162 | nc: 1 | ncalls: 593 | bounds: 0 | eff(%): 27.319 | logz: -1.3e+05 +/- 1.3e-01 | dlogz: 129239.893 >  0.500
 loglike: -1.3e+05 | params: [-0.55426152 -1.91241202  1.42838136  0.03637621  3.88232783  2.60827369
  4.89235409]
 Average call time: 0.76 sec | Current time: 2019-04-18 17:22:55.899931
 --------------------------
iter: 163 | nc: 2 | ncalls: 595 | bounds: 0 | eff(%): 27.395 | logz: -1.3e+05 +/- 1.3e-01 | dlogz: 129159.033 >  0.500
 loglike: -1.3e+05 | params: [-0.1230704  -1.30343222  0.27823543  2.18344507  0.83815677  4.54470698
  3.90089744]
 Average call time: 0.97 sec | Current time: 2019-04-18 17:22:57.830920
 --------------------------
iter: 164 | nc: 4 | ncalls: 599 | bounds: 0 | eff(%): 27.379 | logz: -1.3e+05 +/- 1.3e-01 | dlogz: 129079.767 >  0.500
 loglike: -1.3e+05 | params: [-0.59475024 -1.29496301  0.06827992  1.97264091  4.16892413  3.02389244
  3.95455029]
 Average call time: 0.82 sec | Current time: 2019-04-18 17:23:01.126309
 --------------------------
iter: 165 | nc: 6 | ncalls: 605 | bounds: 0 | eff(%): 27.273 | logz: -1.3e+05 +/- 1.3e-01 | dlogz: 128980.086 >  0.500
 loglike: -1.3e+05 | params: [-0.55828812 -1.04900762  1.51602234  2.15566196  2.0221937   2.45141307
  5.06588599]
 Average call time: 0.86 sec | Current time: 2019-04-18 17:23:06.293035
 --------------------------
iter: 166 | nc: 1 | ncalls: 606 | bounds: 0 | eff(%): 27.393 | logz: -1.3e+05 +/- 1.3e-01 | dlogz: 128860.595 >  0.500
 loglike: -1.3e+05 | params: [ 0.24834044 -0.83215543  1.13681435  2.39946213  3.39918799  3.64840125
  4.95806085]
 Average call time: 0.79 sec | Current time: 2019-04-18 17:23:07.084275
 --------------------------
iter: 167 | nc: 1 | ncalls: 607 | bounds: 0 | eff(%): 27.512 | logz: -1.3e+05 +/- 1.3e-01 | dlogz: 128852.530 >  0.500
 loglike: -1.3e+05 | params: [ 0.25126425 -1.01356185  1.53511955  3.40921948  0.96729846  4.69750479
  4.51423708]
 Average call time: 0.77 sec | Current time: 2019-04-18 17:23:07.855556
 --------------------------
iter: 168 | nc: 1 | ncalls: 608 | bounds: 0 | eff(%): 27.632 | logz: -1.3e+05 +/- 1.3e-01 | dlogz: 128842.093 >  0.500
 loglike: -1.3e+05 | params: [ 0.33583578 -0.54010281  1.31672724  1.40995229  1.75448786  4.8686179
  2.71975657]
 Average call time: 0.99 sec | Current time: 2019-04-18 17:23:08.843981
 --------------------------
iter: 169 | nc: 1 | ncalls: 609 | bounds: 0 | eff(%): 27.750 | logz: -1.3e+05 +/- 1.3e-01 | dlogz: 128832.556 >  0.500
 loglike: -1.3e+05 | params: [-0.08653429 -0.51715043 -0.16048998  2.29452517  3.80234088  4.55291518
  3.1741323 ]
 Average call time: 1.00 sec | Current time: 2019-04-18 17:23:09.841113
 --------------------------
