Using pcmdpy version 0.9.0
Loading Setup File: setup_files/M87/M87_model3b.py
(2, 32454)
Running Nested Sampling
-initializing models
-Saving initial results dataframe
iter: 1 | nc: 1 | ncalls: 501 | bounds: 0 | eff(%):  0.200 | logz: -1.5e+05 +/- 1.2e-01 | dlogz:    inf >  0.500
 loglike: -1.5e+05 | params: [-9.68829629e-01 -1.11627230e+00  1.83935447e-02  9.85280290e-01
  1.95249736e+00  2.83527436e+00  5.53258876e+00  3.00262912e+01]
 Average call time: 1.86 sec | Current time: 2019-04-10 18:47:28.401911
 --------------------------
iter: 2 | nc: 1 | ncalls: 502 | bounds: 0 | eff(%):  0.398 | logz: -1.5e+05 +/- 1.2e-01 | dlogz: 141560.682 >  0.500
 loglike: -1.5e+05 | params: [-0.66176972 -1.47769672 -0.93912208  1.36218043  2.43343056  3.44972551
  5.56515227 30.35747954]
 Average call time: 1.88 sec | Current time: 2019-04-10 18:47:30.277192
 --------------------------
iter: 3 | nc: 1 | ncalls: 503 | bounds: 0 | eff(%):  0.596 | logz: -1.5e+05 +/- 1.2e-01 | dlogz: 141394.241 >  0.500
 loglike: -1.5e+05 | params: [-4.98984697e-02 -1.16739625e+00 -1.58919068e-02  1.02261220e+00
  1.84129337e+00  2.36592518e+00  5.55439283e+00  3.01415484e+01]
 Average call time: 1.88 sec | Current time: 2019-04-10 18:47:32.156587
 --------------------------
iter: 4 | nc: 1 | ncalls: 504 | bounds: 0 | eff(%):  0.794 | logz: -1.5e+05 +/- 1.2e-01 | dlogz: 141204.381 >  0.500
 loglike: -1.5e+05 | params: [-0.78734712 -1.28161822  0.60381614  0.19352659  2.613461    3.82404791
  5.40954403 30.07540568]
 Average call time: 2.13 sec | Current time: 2019-04-10 18:47:34.286196
 --------------------------
iter: 5 | nc: 1 | ncalls: 505 | bounds: 0 | eff(%):  0.990 | logz: -1.5e+05 +/- 1.2e-01 | dlogz: 141128.520 >  0.500
 loglike: -1.5e+05 | params: [-0.51179901 -1.18431644  0.81150918  1.77613524  0.8633084   2.5525237
  5.53710768 30.28883673]
 Average call time: 1.89 sec | Current time: 2019-04-10 18:47:36.174360
 --------------------------
iter: 6 | nc: 1 | ncalls: 506 | bounds: 0 | eff(%):  1.186 | logz: -1.5e+05 +/- 1.2e-01 | dlogz: 141044.802 >  0.500
 loglike: -1.5e+05 | params: [-8.28159763e-01 -1.30425099e+00  5.22408109e-03  6.10500592e-01
  2.18151293e+00  3.98608247e+00  5.41549612e+00  3.02144558e+01]
 Average call time: 2.13 sec | Current time: 2019-04-10 18:47:38.299465
 --------------------------
iter: 7 | nc: 1 | ncalls: 507 | bounds: 0 | eff(%):  1.381 | logz: -1.5e+05 +/- 1.2e-01 | dlogz: 141029.272 >  0.500
 loglike: -1.5e+05 | params: [ 0.2302212  -1.38945985  0.16761759  1.2438374   1.77000399  2.68707687
  5.53814186 30.19187327]
 Average call time: 1.87 sec | Current time: 2019-04-10 18:47:40.173964
 --------------------------
iter: 8 | nc: 1 | ncalls: 508 | bounds: 0 | eff(%):  1.575 | logz: -1.5e+05 +/- 1.2e-01 | dlogz: 140957.804 >  0.500
 loglike: -1.5e+05 | params: [-0.33064765 -1.555202   -1.09155678  1.14688376  2.59494242  4.25079963
  5.43624673 30.36935966]
 Average call time: 1.63 sec | Current time: 2019-04-10 18:47:41.803161
 --------------------------
iter: 9 | nc: 1 | ncalls: 509 | bounds: 0 | eff(%):  1.768 | logz: -1.5e+05 +/- 1.2e-01 | dlogz: 140937.779 >  0.500
 loglike: -1.5e+05 | params: [-0.921973   -1.74064289 -0.07141995  0.92069452  2.53026499  2.4264601
  5.48933441 30.68019633]
 Average call time: 1.66 sec | Current time: 2019-04-10 18:47:43.464599
 --------------------------
iter: 10 | nc: 1 | ncalls: 510 | bounds: 0 | eff(%):  1.961 | logz: -1.5e+05 +/- 1.2e-01 | dlogz: 140882.195 >  0.500
 loglike: -1.5e+05 | params: [ 0.24297754 -1.43294452  0.58734407  0.11724946  1.00317573  2.97683126
  5.48564622 30.20739661]
 Average call time: 1.74 sec | Current time: 2019-04-10 18:47:45.206717
 --------------------------
iter: 11 | nc: 1 | ncalls: 511 | bounds: 0 | eff(%):  2.153 | logz: -1.5e+05 +/- 1.2e-01 | dlogz: 140741.133 >  0.500
 loglike: -1.5e+05 | params: [-0.30069039 -1.90598808  0.44511191  0.95674564  1.04562613  3.60869315
  5.44243501 30.39623669]
 Average call time: 1.86 sec | Current time: 2019-04-10 18:47:47.066953
 --------------------------
iter: 12 | nc: 1 | ncalls: 512 | bounds: 0 | eff(%):  2.344 | logz: -1.5e+05 +/- 1.2e-01 | dlogz: 140724.775 >  0.500
 loglike: -1.5e+05 | params: [-0.53174325 -1.93692723 -0.27786108  1.37434893  2.20141115  2.70435296
  5.30193065 30.05744391]
 Average call time: 1.88 sec | Current time: 2019-04-10 18:47:48.942859
 --------------------------
iter: 13 | nc: 1 | ncalls: 513 | bounds: 0 | eff(%):  2.534 | logz: -1.5e+05 +/- 1.2e-01 | dlogz: 140672.991 >  0.500
 loglike: -1.5e+05 | params: [ 0.12901635 -1.25408499 -0.43886107 -0.04640571  1.98784356  3.86789222
  5.42942428 30.21883244]
 Average call time: 1.61 sec | Current time: 2019-04-10 18:47:50.550944
 --------------------------
iter: 14 | nc: 1 | ncalls: 514 | bounds: 0 | eff(%):  2.724 | logz: -1.5e+05 +/- 1.2e-01 | dlogz: 140616.471 >  0.500
 loglike: -1.5e+05 | params: [ 0.21138227 -1.25069868  0.72969365  0.11173024  2.3340429   3.77837783
  5.49908076 30.22933416]
 Average call time: 1.62 sec | Current time: 2019-04-10 18:47:52.172479
 --------------------------
iter: 15 | nc: 1 | ncalls: 515 | bounds: 0 | eff(%):  2.913 | logz: -1.5e+05 +/- 1.2e-01 | dlogz: 140572.027 >  0.500
 loglike: -1.5e+05 | params: [-0.47596273 -1.43133339 -1.05235777  1.92617534  1.90335781  3.87454891
  5.43886639 30.68323712]
 Average call time: 1.90 sec | Current time: 2019-04-10 18:47:54.072998
 --------------------------
iter: 16 | nc: 1 | ncalls: 516 | bounds: 0 | eff(%):  3.101 | logz: -1.5e+05 +/- 1.1e-01 | dlogz: 140493.555 >  0.500
 loglike: -1.5e+05 | params: [-0.40720416 -1.94891674 -0.58435425  0.98441943  1.85704277  3.04841021
  5.29541183 30.06535658]
 Average call time: 2.13 sec | Current time: 2019-04-10 18:47:56.198939
 --------------------------
iter: 17 | nc: 1 | ncalls: 517 | bounds: 0 | eff(%):  3.288 | logz: -1.5e+05 +/- 1.2e-01 | dlogz: 140490.434 >  0.500
 loglike: -1.5e+05 | params: [ 0.11485836 -1.18964677  0.79242328  1.85033521  1.84768038  2.9386233
  5.41303058 30.10130091]
 Average call time: 2.12 sec | Current time: 2019-04-10 18:47:58.316254
 --------------------------
iter: 18 | nc: 1 | ncalls: 518 | bounds: 0 | eff(%):  3.475 | logz: -1.5e+05 +/- 1.2e-01 | dlogz: 140455.716 >  0.500
 loglike: -1.5e+05 | params: [-2.15828720e-01 -1.73830827e+00  2.93067753e-02  1.04471106e+00
  1.06603070e+00  3.62977691e+00  5.46260289e+00  3.07135354e+01]
 Average call time: 1.86 sec | Current time: 2019-04-10 18:48:00.175390
 --------------------------
iter: 19 | nc: 1 | ncalls: 519 | bounds: 0 | eff(%):  3.661 | logz: -1.5e+05 +/- 1.2e-01 | dlogz: 140448.898 >  0.500
 loglike: -1.5e+05 | params: [-0.84059637 -1.88713528  0.32504976  0.41365715  2.46848962  2.97264453
  5.32427456 30.47305903]
 Average call time: 1.86 sec | Current time: 2019-04-10 18:48:02.038996
 --------------------------
iter: 20 | nc: 1 | ncalls: 520 | bounds: 0 | eff(%):  3.846 | logz: -1.5e+05 +/- 1.2e-01 | dlogz: 140434.731 >  0.500
 loglike: -1.5e+05 | params: [ 0.06427955 -1.590042   -0.61298509  1.44448904  2.24750134  3.89019607
  5.47175285 30.80041647]
 Average call time: 2.18 sec | Current time: 2019-04-10 18:48:04.215558
 --------------------------
iter: 21 | nc: 1 | ncalls: 521 | bounds: 0 | eff(%):  4.031 | logz: -1.5e+05 +/- 1.2e-01 | dlogz: 140338.675 >  0.500
 loglike: -1.5e+05 | params: [-0.47216335 -1.03947208 -0.37880361  1.82131429  2.30170986  3.426826
  5.45783381 30.79472067]
 Average call time: 1.86 sec | Current time: 2019-04-10 18:48:06.075228
 --------------------------
iter: 22 | nc: 2 | ncalls: 523 | bounds: 0 | eff(%):  4.207 | logz: -1.5e+05 +/- 1.2e-01 | dlogz: 140327.964 >  0.500
 loglike: -1.5e+05 | params: [-0.8940327  -1.66699753  0.32107821  0.21977783  1.77028725  2.86170319
  5.52517939 31.33557381]
 Average call time: 1.87 sec | Current time: 2019-04-10 18:48:09.807058
 --------------------------
iter: 23 | nc: 1 | ncalls: 524 | bounds: 0 | eff(%):  4.389 | logz: -1.5e+05 +/- 1.1e-01 | dlogz: 140254.943 >  0.500
 loglike: -1.5e+05 | params: [-0.47645012 -1.44405962 -0.36489218  0.29490333  1.66153022  3.20150932
  5.375638   30.69659959]
 Average call time: 1.61 sec | Current time: 2019-04-10 18:48:11.412225
 --------------------------
iter: 24 | nc: 1 | ncalls: 525 | bounds: 0 | eff(%):  4.571 | logz: -1.5e+05 +/- 1.2e-01 | dlogz: 140253.352 >  0.500
 loglike: -1.5e+05 | params: [ 0.05364536 -1.3384843   0.09878031  1.91059121  1.99779805  2.74654028
  5.4131693  30.5237712 ]
 Average call time: 2.08 sec | Current time: 2019-04-10 18:48:13.493620
 --------------------------
iter: 25 | nc: 1 | ncalls: 526 | bounds: 0 | eff(%):  4.753 | logz: -1.5e+05 +/- 1.2e-01 | dlogz: 140244.816 >  0.500
 loglike: -1.5e+05 | params: [-0.10259038 -1.94207897 -0.13657018  1.89802749  0.94086731  3.5735773
  5.27966523 30.28444778]
 Average call time: 1.84 sec | Current time: 2019-04-10 18:48:15.334909
 --------------------------
iter: 26 | nc: 1 | ncalls: 527 | bounds: 0 | eff(%):  4.934 | logz: -1.5e+05 +/- 1.1e-01 | dlogz: 140238.896 >  0.500
 loglike: -1.5e+05 | params: [ 0.24331729 -1.82050213 -0.50068549  1.07148989  0.68404652  4.11691391
  5.53067198 31.11378936]
 Average call time: 1.87 sec | Current time: 2019-04-10 18:48:17.206342
 --------------------------
iter: 27 | nc: 1 | ncalls: 528 | bounds: 0 | eff(%):  5.114 | logz: -1.5e+05 +/- 1.2e-01 | dlogz: 140237.559 >  0.500
 loglike: -1.5e+05 | params: [-0.73096288 -1.98159901  0.59019233  0.15731719  1.16948693  4.30055595
  5.23194108 30.49011121]
 Average call time: 1.89 sec | Current time: 2019-04-10 18:48:19.094126
 --------------------------
iter: 28 | nc: 1 | ncalls: 529 | bounds: 0 | eff(%):  5.293 | logz: -1.5e+05 +/- 1.1e-01 | dlogz: 140211.437 >  0.500
 loglike: -1.5e+05 | params: [-0.88369141 -1.48609344 -0.74094356  0.89544776  1.21938988  2.33658415
  5.35175152 30.74779694]
 Average call time: 1.89 sec | Current time: 2019-04-10 18:48:20.985652
 --------------------------
iter: 29 | nc: 2 | ncalls: 531 | bounds: 0 | eff(%):  5.461 | logz: -1.5e+05 +/- 1.2e-01 | dlogz: 140208.907 >  0.500
 loglike: -1.5e+05 | params: [-0.36276588 -1.11820351  0.53430567  1.22796107  1.14243113  2.55630726
  5.33205904 30.29612464]
 Average call time: 1.89 sec | Current time: 2019-04-10 18:48:24.759291
 --------------------------
iter: 30 | nc: 1 | ncalls: 532 | bounds: 0 | eff(%):  5.639 | logz: -1.5e+05 +/- 1.2e-01 | dlogz: 140204.555 >  0.500
 loglike: -1.5e+05 | params: [ 0.11974938 -1.54774153  0.67407645  0.24128748  2.13827182  3.2650248
  5.52440277 31.05136432]
 Average call time: 1.93 sec | Current time: 2019-04-10 18:48:26.686549
 --------------------------
iter: 31 | nc: 1 | ncalls: 533 | bounds: 0 | eff(%):  5.816 | logz: -1.5e+05 +/- 1.2e-01 | dlogz: 140190.616 >  0.500
 loglike: -1.5e+05 | params: [-0.52126118 -1.34191027  0.62664927  1.08025225  1.52143029  2.83237253
  5.30672798 30.3465566 ]
 Average call time: 1.88 sec | Current time: 2019-04-10 18:48:28.568004
 --------------------------
iter: 32 | nc: 1 | ncalls: 534 | bounds: 0 | eff(%):  5.993 | logz: -1.5e+05 +/- 1.2e-01 | dlogz: 140174.238 >  0.500
 loglike: -1.5e+05 | params: [-1.16818345e-02 -1.49060955e+00  1.98933791e-01  1.01431915e+00
  8.37840062e-01  3.45133897e+00  5.21538489e+00  3.00083797e+01]
 Average call time: 2.11 sec | Current time: 2019-04-10 18:48:30.680435
 --------------------------
iter: 33 | nc: 1 | ncalls: 535 | bounds: 0 | eff(%):  6.168 | logz: -1.5e+05 +/- 1.2e-01 | dlogz: 140113.476 >  0.500
 loglike: -1.5e+05 | params: [-0.64648455 -1.75820128  0.6069247   0.66909585  2.44142093  4.21537398
  5.32170692 30.74409074]
 Average call time: 2.12 sec | Current time: 2019-04-10 18:48:32.796648
 --------------------------
iter: 34 | nc: 1 | ncalls: 536 | bounds: 0 | eff(%):  6.343 | logz: -1.5e+05 +/- 1.2e-01 | dlogz: 140110.243 >  0.500
 loglike: -1.5e+05 | params: [-0.33734403 -1.31951466 -0.28098089  1.4704728   1.49255311  3.47564066
  5.55412071 31.43236166]
 Average call time: 1.88 sec | Current time: 2019-04-10 18:48:34.671708
 --------------------------
iter: 35 | nc: 1 | ncalls: 537 | bounds: 0 | eff(%):  6.518 | logz: -1.5e+05 +/- 1.2e-01 | dlogz: 140089.794 >  0.500
 loglike: -1.5e+05 | params: [-9.77030909e-01 -1.14454824e+00  9.71299282e-03  1.73329770e+00
  2.12364485e+00  4.25611570e+00  5.36012464e+00  3.10179340e+01]
 Average call time: 1.91 sec | Current time: 2019-04-10 18:48:36.585950
 --------------------------
iter: 36 | nc: 1 | ncalls: 538 | bounds: 0 | eff(%):  6.691 | logz: -1.5e+05 +/- 1.1e-01 | dlogz: 140084.909 >  0.500
 loglike: -1.5e+05 | params: [-9.56801056e-01 -1.93486052e+00  2.20821266e-02  4.72926036e-01
  1.62376962e+00  2.94285130e+00  5.32075401e+00  3.08140403e+01]
 Average call time: 1.65 sec | Current time: 2019-04-10 18:48:38.236608
 --------------------------
iter: 37 | nc: 1 | ncalls: 539 | bounds: 0 | eff(%):  6.865 | logz: -1.5e+05 +/- 1.2e-01 | dlogz: 140083.064 >  0.500
 loglike: -1.5e+05 | params: [-0.89185359 -1.24698617  0.34879946  0.5659198   2.35597823  3.38470998
  5.24132982 30.37206797]
 Average call time: 1.88 sec | Current time: 2019-04-10 18:48:40.121459
 --------------------------
iter: 38 | nc: 1 | ncalls: 540 | bounds: 0 | eff(%):  7.037 | logz: -1.5e+05 +/- 1.2e-01 | dlogz: 140075.097 >  0.500
 loglike: -1.5e+05 | params: [-0.99712257 -1.47831229  0.38136311  0.81724489  2.44246589  3.37424731
  5.34617219 30.90535323]
 Average call time: 1.61 sec | Current time: 2019-04-10 18:48:41.735463
 --------------------------
iter: 39 | nc: 1 | ncalls: 541 | bounds: 0 | eff(%):  7.209 | logz: -1.5e+05 +/- 1.2e-01 | dlogz: 140060.009 >  0.500
 loglike: -1.5e+05 | params: [ 0.20556773 -1.98297417  0.21736239  0.21578701  0.97597508  3.61473216
  5.53949755 31.38961483]
 Average call time: 2.10 sec | Current time: 2019-04-10 18:48:43.838337
 --------------------------
iter: 40 | nc: 1 | ncalls: 542 | bounds: 0 | eff(%):  7.380 | logz: -1.5e+05 +/- 1.2e-01 | dlogz: 140050.365 >  0.500
 loglike: -1.5e+05 | params: [-0.22982593 -1.78070883  0.60926819  1.2306369   1.61135526  2.78399731
  5.24383274 30.19703265]
 Average call time: 2.00 sec | Current time: 2019-04-10 18:48:45.833983
 --------------------------
iter: 41 | nc: 1 | ncalls: 543 | bounds: 0 | eff(%):  7.551 | logz: -1.5e+05 +/- 1.2e-01 | dlogz: 140044.005 >  0.500
 loglike: -1.5e+05 | params: [-0.5075168  -1.54336688  0.20177003  0.88667007  2.22570606  4.00767094
  5.20776361 30.39595712]
 Average call time: 1.85 sec | Current time: 2019-04-10 18:48:47.686823
 --------------------------
iter: 42 | nc: 1 | ncalls: 544 | bounds: 0 | eff(%):  7.721 | logz: -1.5e+05 +/- 1.2e-01 | dlogz: 140028.900 >  0.500
 loglike: -1.5e+05 | params: [-0.92346944 -1.97683925 -0.12100026  0.46808913  1.5559609   4.26283518
  5.17174174 30.56825103]
 Average call time: 1.86 sec | Current time: 2019-04-10 18:48:49.547450
 --------------------------
iter: 43 | nc: 1 | ncalls: 545 | bounds: 0 | eff(%):  7.890 | logz: -1.5e+05 +/- 1.2e-01 | dlogz: 140015.924 >  0.500
 loglike: -1.5e+05 | params: [-0.38169784 -1.13817542  0.05351236  1.82866167  2.5986843   3.88272183
  5.36728226 30.9216679 ]
 Average call time: 1.90 sec | Current time: 2019-04-10 18:48:51.445501
 --------------------------
iter: 44 | nc: 1 | ncalls: 546 | bounds: 0 | eff(%):  8.059 | logz: -1.5e+05 +/- 1.2e-01 | dlogz: 139953.569 >  0.500
 loglike: -1.5e+05 | params: [-0.74371642 -1.76526943  0.05816841  1.19184216  2.63065146  2.66825
  5.17614394 30.31052801]
 Average call time: 2.12 sec | Current time: 2019-04-10 18:48:53.564147
 --------------------------
iter: 45 | nc: 1 | ncalls: 547 | bounds: 0 | eff(%):  8.227 | logz: -1.5e+05 +/- 1.2e-01 | dlogz: 139948.571 >  0.500
 loglike: -1.5e+05 | params: [-0.29485441 -1.27983997 -0.68715102  1.85921068  1.31171643  3.19452886
  5.52642294 31.57276096]
 Average call time: 1.61 sec | Current time: 2019-04-10 18:48:55.175561
 --------------------------
iter: 46 | nc: 1 | ncalls: 548 | bounds: 0 | eff(%):  8.394 | logz: -1.5e+05 +/- 1.2e-01 | dlogz: 139918.907 >  0.500
 loglike: -1.5e+05 | params: [-0.05539231 -1.06789877 -0.38297082  0.52876165  1.409238    3.97101538
  5.37846819 30.85460757]
 Average call time: 1.85 sec | Current time: 2019-04-10 18:48:57.022133
 --------------------------
iter: 47 | nc: 1 | ncalls: 549 | bounds: 0 | eff(%):  8.561 | logz: -1.5e+05 +/- 1.2e-01 | dlogz: 139899.773 >  0.500
 loglike: -1.5e+05 | params: [-0.87235353 -1.09118627 -0.83775651  1.75004313  0.68625653  2.66268544
  5.25446642 30.62050927]
 Average call time: 1.86 sec | Current time: 2019-04-10 18:48:58.886749
 --------------------------
iter: 48 | nc: 3 | ncalls: 552 | bounds: 0 | eff(%):  8.696 | logz: -1.5e+05 +/- 1.2e-01 | dlogz: 139892.535 >  0.500
 loglike: -1.5e+05 | params: [-0.19117638 -1.03532684 -0.98268049  1.63443054  0.92737111  4.29405413
  5.34946597 31.03930774]
 Average call time: 1.72 sec | Current time: 2019-04-10 18:49:04.060770
 --------------------------
iter: 49 | nc: 2 | ncalls: 554 | bounds: 0 | eff(%):  8.845 | logz: -1.5e+05 +/- 1.2e-01 | dlogz: 139870.376 >  0.500
 loglike: -1.5e+05 | params: [-0.87981744 -1.18065763  0.12343387  1.50216909  0.81962018  4.25961329
  5.34185624 31.26086626]
 Average call time: 1.88 sec | Current time: 2019-04-10 18:49:07.828855
 --------------------------
iter: 50 | nc: 1 | ncalls: 555 | bounds: 0 | eff(%):  9.009 | logz: -1.5e+05 +/- 1.2e-01 | dlogz: 139854.710 >  0.500
 loglike: -1.5e+05 | params: [-0.64675748 -1.70666403 -0.88367097  1.72126892  1.56789553  3.61735951
  5.19479945 30.56592573]
 Average call time: 1.90 sec | Current time: 2019-04-10 18:49:09.727884
 --------------------------
iter: 51 | nc: 1 | ncalls: 556 | bounds: 0 | eff(%):  9.173 | logz: -1.5e+05 +/- 1.1e-01 | dlogz: 139839.127 >  0.500
 loglike: -1.5e+05 | params: [-0.4213846  -1.15281333  0.22026805  0.67063167  0.94131539  3.12123556
  5.4387833  31.34632557]
 Average call time: 1.82 sec | Current time: 2019-04-10 18:49:11.549749
 --------------------------
iter: 52 | nc: 1 | ncalls: 557 | bounds: 0 | eff(%):  9.336 | logz: -1.5e+05 +/- 1.2e-01 | dlogz: 139837.482 >  0.500
 loglike: -1.5e+05 | params: [ 0.0882437  -1.02341092  0.8269507   0.80669999  0.83394985  3.06986379
  5.46678466 31.04168925]
 Average call time: 1.61 sec | Current time: 2019-04-10 18:49:13.161180
 --------------------------
iter: 53 | nc: 1 | ncalls: 558 | bounds: 0 | eff(%):  9.498 | logz: -1.5e+05 +/- 1.2e-01 | dlogz: 139789.363 >  0.500
 loglike: -1.5e+05 | params: [ 0.18696546 -1.53387891 -0.0522129   0.72001595  1.2060463   3.88082137
  5.39616022 31.19834623]
 Average call time: 1.88 sec | Current time: 2019-04-10 18:49:15.044459
 --------------------------
iter: 54 | nc: 1 | ncalls: 559 | bounds: 0 | eff(%):  9.660 | logz: -1.5e+05 +/- 1.2e-01 | dlogz: 139761.463 >  0.500
 loglike: -1.5e+05 | params: [-6.29367131e-01 -1.64771442e+00 -2.96223684e-02  4.10232330e-01
  9.91799894e-01  3.06257326e+00  5.31608562e+00  3.09990482e+01]
 Average call time: 1.87 sec | Current time: 2019-04-10 18:49:16.918659
 --------------------------
iter: 55 | nc: 1 | ncalls: 560 | bounds: 0 | eff(%):  9.821 | logz: -1.5e+05 +/- 1.1e-01 | dlogz: 139756.080 >  0.500
 loglike: -1.5e+05 | params: [-0.91162978 -1.84237691 -0.81266311  0.50218124  1.73876142  3.8620941
  5.33687628 31.27478289]
 Average call time: 1.86 sec | Current time: 2019-04-10 18:49:18.779717
 --------------------------
iter: 56 | nc: 1 | ncalls: 561 | bounds: 0 | eff(%):  9.982 | logz: -1.5e+05 +/- 1.2e-01 | dlogz: 139753.211 >  0.500
 loglike: -1.5e+05 | params: [ 0.17330307 -1.25495545  0.68569095  0.4093565   1.65528408  3.93537334
  5.48532068 31.27496651]
 Average call time: 2.11 sec | Current time: 2019-04-10 18:49:20.886939
 --------------------------
iter: 57 | nc: 2 | ncalls: 563 | bounds: 0 | eff(%): 10.124 | logz: -1.5e+05 +/- 1.2e-01 | dlogz: 139705.411 >  0.500
 loglike: -1.5e+05 | params: [ 0.24728742 -1.59888561  0.63089239  1.07318424  2.57183115  4.08639115
  5.1347603  30.06361613]
 Average call time: 2.01 sec | Current time: 2019-04-10 18:49:24.903619
 --------------------------
iter: 58 | nc: 1 | ncalls: 564 | bounds: 0 | eff(%): 10.284 | logz: -1.5e+05 +/- 1.2e-01 | dlogz: 139690.493 >  0.500
 loglike: -1.5e+05 | params: [-0.10251993 -1.48998867 -0.76336278  0.59054379  2.16751284  3.67055449
  5.49370035 31.68207137]
 Average call time: 2.08 sec | Current time: 2019-04-10 18:49:26.982130
 --------------------------
iter: 59 | nc: 1 | ncalls: 565 | bounds: 0 | eff(%): 10.442 | logz: -1.5e+05 +/- 1.2e-01 | dlogz: 139686.807 >  0.500
 loglike: -1.5e+05 | params: [ 0.16642513 -1.34862186 -0.34137398  1.51236737  1.29902162  3.45181397
  5.31444389 30.87234685]
 Average call time: 2.13 sec | Current time: 2019-04-10 18:49:29.115239
 --------------------------
iter: 60 | nc: 1 | ncalls: 566 | bounds: 0 | eff(%): 10.601 | logz: -1.5e+05 +/- 1.2e-01 | dlogz: 139678.821 >  0.500
 loglike: -1.5e+05 | params: [-0.96108104 -1.09717744  0.08883181  1.01126927  1.99183994  2.64507871
  5.14180581 30.38885809]
 Average call time: 1.90 sec | Current time: 2019-04-10 18:49:31.015182
 --------------------------
iter: 61 | nc: 1 | ncalls: 567 | bounds: 0 | eff(%): 10.758 | logz: -1.5e+05 +/- 1.2e-01 | dlogz: 139667.348 >  0.500
 loglike: -1.5e+05 | params: [-0.86345472 -1.28574016 -0.2790075   1.87855373  2.38862699  3.09606194
  5.34628402 31.349153  ]
 Average call time: 1.86 sec | Current time: 2019-04-10 18:49:32.872337
 --------------------------
iter: 62 | nc: 2 | ncalls: 569 | bounds: 0 | eff(%): 10.896 | logz: -1.5e+05 +/- 1.1e-01 | dlogz: 139662.479 >  0.500
 loglike: -1.5e+05 | params: [-0.10855079 -1.95857636 -1.02886931  1.61904463  1.39363087  4.0978628
  5.17935141 30.71806184]
 Average call time: 1.87 sec | Current time: 2019-04-10 18:49:36.619835
 --------------------------
iter: 63 | nc: 1 | ncalls: 570 | bounds: 0 | eff(%): 11.053 | logz: -1.5e+05 +/- 1.2e-01 | dlogz: 139659.598 >  0.500
 loglike: -1.5e+05 | params: [-1.33475831e-01 -1.04062432e+00 -3.25474806e-01 -1.14905419e-02
  1.79614005e+00  2.47680161e+00  5.45852252e+00  3.14727738e+01]
 Average call time: 1.86 sec | Current time: 2019-04-10 18:49:38.483660
 --------------------------
iter: 64 | nc: 1 | ncalls: 571 | bounds: 0 | eff(%): 11.208 | logz: -1.5e+05 +/- 1.2e-01 | dlogz: 139648.907 >  0.500
 loglike: -1.5e+05 | params: [-2.58823244e-03 -1.69640569e+00 -3.38792365e-01  8.33495289e-01
  7.06419727e-01  3.55072490e+00  5.18529886e+00  3.04683440e+01]
 Average call time: 1.90 sec | Current time: 2019-04-10 18:49:40.384958
 --------------------------
iter: 65 | nc: 1 | ncalls: 572 | bounds: 0 | eff(%): 11.364 | logz: -1.5e+05 +/- 1.2e-01 | dlogz: 139645.682 >  0.500
 loglike: -1.5e+05 | params: [-0.13740514 -1.30365964 -0.30256517  1.43972482  1.55401488  2.51475148
  5.34346884 31.05992222]
 Average call time: 1.90 sec | Current time: 2019-04-10 18:49:42.282034
 --------------------------
