Using pcmdpy version 0.9.0
Loading Setup File: setup_files/M87v2/M87_model11.py
(2, 20283)
Running Nested Sampling
-initializing models
-Saving initial results dataframe
iter: 1 | nc: 1 | ncalls: 401 | bounds: 0 | eff(%):  0.249 | logz: -1.4e+05 +/- 1.3e-01 | dlogz:    inf >  0.500
 loglike: -1.4e+05 | params: [-0.59412366 -1.21654508 -0.87299811  2.6207595   3.91243198  3.87681074
  6.4134606  29.71495908]
 Average call time: 1.61 sec | Current time: 2019-04-18 17:33:00.394078
 --------------------------
iter: 2 | nc: 1 | ncalls: 402 | bounds: 0 | eff(%):  0.498 | logz: -1.4e+05 +/- 1.3e-01 | dlogz: 138503.745 >  0.500
 loglike: -1.4e+05 | params: [ 0.14012184 -0.75109437  0.97346224  1.94162304  2.72815759  1.70921008
  6.39194171 29.2830969 ]
 Average call time: 1.34 sec | Current time: 2019-04-18 17:33:01.735451
 --------------------------
iter: 3 | nc: 1 | ncalls: 403 | bounds: 0 | eff(%):  0.744 | logz: -1.4e+05 +/- 1.3e-01 | dlogz: 138167.007 >  0.500
 loglike: -1.4e+05 | params: [ 0.47626545 -1.08418978  1.34048124  2.38407344  2.58557884  2.35151346
  6.35943976 29.38374654]
 Average call time: 1.43 sec | Current time: 2019-04-18 17:33:03.166305
 --------------------------
iter: 4 | nc: 1 | ncalls: 404 | bounds: 0 | eff(%):  0.990 | logz: -1.4e+05 +/- 1.3e-01 | dlogz: 137726.701 >  0.500
 loglike: -1.4e+05 | params: [-0.19677719 -1.332803   -1.17786752  2.19016616  4.2354557   5.47895898
  6.15564952 29.73871933]
 Average call time: 1.51 sec | Current time: 2019-04-18 17:33:04.676579
 --------------------------
iter: 5 | nc: 1 | ncalls: 405 | bounds: 0 | eff(%):  1.235 | logz: -1.4e+05 +/- 1.3e-01 | dlogz: 137548.970 >  0.500
 loglike: -1.4e+05 | params: [-0.4380919  -1.90539084  0.44952388  2.6450965   3.44839316  2.38606564
  5.88701736 29.11488781]
 Average call time: 1.30 sec | Current time: 2019-04-18 17:33:05.976586
 --------------------------
iter: 6 | nc: 1 | ncalls: 406 | bounds: 0 | eff(%):  1.478 | logz: -1.4e+05 +/- 1.3e-01 | dlogz: 136933.444 >  0.500
 loglike: -1.4e+05 | params: [-0.74481655 -0.92242733  2.21287833  0.28345182  4.27249285  4.62545554
  6.1022441  29.15081136]
 Average call time: 1.46 sec | Current time: 2019-04-18 17:33:07.439791
 --------------------------
iter: 7 | nc: 1 | ncalls: 407 | bounds: 0 | eff(%):  1.720 | logz: -1.4e+05 +/- 1.3e-01 | dlogz: 136843.535 >  0.500
 loglike: -1.4e+05 | params: [-0.9063676  -1.61096434  0.86240615  1.73778767  4.10610083  1.83027992
  6.26182488 30.36039266]
 Average call time: 1.41 sec | Current time: 2019-04-18 17:33:08.845354
 --------------------------
iter: 8 | nc: 1 | ncalls: 408 | bounds: 0 | eff(%):  1.961 | logz: -1.4e+05 +/- 1.3e-01 | dlogz: 136753.603 >  0.500
 loglike: -1.4e+05 | params: [ 0.35481962 -0.88112748  0.12752391 -0.19641278  3.02125797  4.71314416
  6.14200461 29.43766487]
 Average call time: 1.43 sec | Current time: 2019-04-18 17:33:10.276441
 --------------------------
iter: 9 | nc: 1 | ncalls: 409 | bounds: 0 | eff(%):  2.200 | logz: -1.4e+05 +/- 1.3e-01 | dlogz: 136729.840 >  0.500
 loglike: -1.4e+05 | params: [ 0.49157305 -1.14941677  2.1799342   0.13089757  1.05192231  2.93102225
  6.25444849 29.41479321]
 Average call time: 1.49 sec | Current time: 2019-04-18 17:33:11.762096
 --------------------------
iter: 10 | nc: 1 | ncalls: 410 | bounds: 0 | eff(%):  2.439 | logz: -1.4e+05 +/- 1.3e-01 | dlogz: 136225.654 >  0.500
 loglike: -1.4e+05 | params: [-0.41415881 -0.77647467  2.62826441  3.44866913  0.77218766  2.08240713
  6.35737141 29.57767345]
 Average call time: 1.59 sec | Current time: 2019-04-18 17:33:13.348850
 --------------------------
iter: 11 | nc: 1 | ncalls: 411 | bounds: 0 | eff(%):  2.676 | logz: -1.4e+05 +/- 1.3e-01 | dlogz: 136171.963 >  0.500
 loglike: -1.4e+05 | params: [-0.37115528 -1.14700008 -1.09946949  3.74874931  2.85228648  4.72645755
  6.16088882 30.36647424]
 Average call time: 1.39 sec | Current time: 2019-04-18 17:33:14.741829
 --------------------------
iter: 12 | nc: 1 | ncalls: 412 | bounds: 0 | eff(%):  2.913 | logz: -1.4e+05 +/- 1.3e-01 | dlogz: 136161.004 >  0.500
 loglike: -1.4e+05 | params: [-0.16082846 -1.85898212  1.89546988  1.80988992  1.13682311  4.19474602
  6.16802606 29.79247338]
 Average call time: 1.42 sec | Current time: 2019-04-18 17:33:16.157033
 --------------------------
iter: 13 | nc: 1 | ncalls: 413 | bounds: 0 | eff(%):  3.148 | logz: -1.4e+05 +/- 1.3e-01 | dlogz: 136135.999 >  0.500
 loglike: -1.4e+05 | params: [-0.05899446 -1.60746241  1.0638596   1.98582075  1.17763226  4.23691354
  6.20836183 30.42707074]
 Average call time: 1.29 sec | Current time: 2019-04-18 17:33:17.445778
 --------------------------
iter: 14 | nc: 1 | ncalls: 414 | bounds: 0 | eff(%):  3.382 | logz: -1.4e+05 +/- 1.3e-01 | dlogz: 135948.837 >  0.500
 loglike: -1.4e+05 | params: [ 0.26437443 -1.00772645  1.20280667  3.71758106  3.04116696  2.47044028
  6.10949466 30.0475424 ]
 Average call time: 1.45 sec | Current time: 2019-04-18 17:33:18.894331
 --------------------------
iter: 15 | nc: 1 | ncalls: 415 | bounds: 0 | eff(%):  3.614 | logz: -1.4e+05 +/- 1.3e-01 | dlogz: 135757.098 >  0.500
 loglike: -1.4e+05 | params: [-0.98817451 -1.0615595   1.04091411  0.70706949  3.11905396  5.5218195
  5.17235325 29.52096338]
 Average call time: 1.29 sec | Current time: 2019-04-18 17:33:20.179967
 --------------------------
iter: 16 | nc: 1 | ncalls: 416 | bounds: 0 | eff(%):  3.846 | logz: -1.4e+05 +/- 1.3e-01 | dlogz: 135740.614 >  0.500
 loglike: -1.4e+05 | params: [ 0.27713546 -1.38506299 -0.22072413  2.78537672  3.54057353  4.75775187
  6.22666176 30.60083294]
 Average call time: 1.50 sec | Current time: 2019-04-18 17:33:21.680996
 --------------------------
iter: 17 | nc: 1 | ncalls: 417 | bounds: 0 | eff(%):  4.077 | logz: -1.4e+05 +/- 1.3e-01 | dlogz: 135722.199 >  0.500
 loglike: -1.4e+05 | params: [-0.90816332 -1.96525887  0.76324553  0.83257689  2.15749266  5.50303009
  5.62663954 30.13650206]
 Average call time: 1.45 sec | Current time: 2019-04-18 17:33:23.130039
 --------------------------
iter: 18 | nc: 1 | ncalls: 418 | bounds: 0 | eff(%):  4.306 | logz: -1.4e+05 +/- 1.3e-01 | dlogz: 135580.052 >  0.500
 loglike: -1.4e+05 | params: [-0.80871565 -1.83070291  1.65534558  0.72371293  3.98255009  2.92264878
  5.93170517 29.94611806]
 Average call time: 1.52 sec | Current time: 2019-04-18 17:33:24.652070
 --------------------------
iter: 19 | nc: 1 | ncalls: 419 | bounds: 0 | eff(%):  4.535 | logz: -1.4e+05 +/- 1.3e-01 | dlogz: 135367.610 >  0.500
 loglike: -1.4e+05 | params: [ 0.45365872 -0.87604802  2.46463336  0.11985911  3.71365665  4.53411539
  6.28131757 29.45866832]
 Average call time: 1.39 sec | Current time: 2019-04-18 17:33:26.044856
 --------------------------
iter: 20 | nc: 1 | ncalls: 420 | bounds: 0 | eff(%):  4.762 | logz: -1.4e+05 +/- 1.3e-01 | dlogz: 135332.819 >  0.500
 loglike: -1.4e+05 | params: [-0.36659602 -0.55920811  0.24763883  3.53902721  3.64899057  3.83101172
  6.19882366 30.58944134]
 Average call time: 1.46 sec | Current time: 2019-04-18 17:33:27.503039
 --------------------------
iter: 21 | nc: 1 | ncalls: 421 | bounds: 0 | eff(%):  4.988 | logz: -1.4e+05 +/- 1.2e-01 | dlogz: 135283.411 >  0.500
 loglike: -1.4e+05 | params: [-0.67715546 -1.97239851  2.18563071  0.21103301  1.38454472  5.57847163
  5.74703821 29.98022242]
 Average call time: 1.56 sec | Current time: 2019-04-18 17:33:29.062806
 --------------------------
iter: 22 | nc: 1 | ncalls: 422 | bounds: 0 | eff(%):  5.213 | logz: -1.4e+05 +/- 1.3e-01 | dlogz: 135282.266 >  0.500
 loglike: -1.4e+05 | params: [ 4.91980743e-01 -1.73075320e+00  3.87506418e-03  2.03937842e+00
  4.13663901e-01  5.21118754e+00  6.34450001e+00  3.12275787e+01]
 Average call time: 1.47 sec | Current time: 2019-04-18 17:33:30.531655
 --------------------------
iter: 23 | nc: 1 | ncalls: 423 | bounds: 0 | eff(%):  5.437 | logz: -1.4e+05 +/- 1.3e-01 | dlogz: 135239.519 >  0.500
 loglike: -1.4e+05 | params: [-0.37174015 -1.16608943  0.27546169  0.4862053   2.3686313   3.38037837
  6.03443205 30.39319918]
 Average call time: 1.50 sec | Current time: 2019-04-18 17:33:32.034020
 --------------------------
iter: 24 | nc: 1 | ncalls: 424 | bounds: 0 | eff(%):  5.660 | logz: -1.4e+05 +/- 1.3e-01 | dlogz: 135110.245 >  0.500
 loglike: -1.4e+05 | params: [-0.8604297  -1.22914016 -0.47664107  1.68729416  1.48435062  1.65052803
  5.98665909 30.49559387]
 Average call time: 1.37 sec | Current time: 2019-04-18 17:33:33.402974
 --------------------------
iter: 25 | nc: 2 | ncalls: 426 | bounds: 0 | eff(%):  5.869 | logz: -1.4e+05 +/- 1.3e-01 | dlogz: 134957.534 >  0.500
 loglike: -1.4e+05 | params: [-0.87283923 -1.5004963   1.64740248  0.33595429  2.58614536  2.7007661
  6.33351483 31.67114762]
 Average call time: 1.61 sec | Current time: 2019-04-18 17:33:36.618020
 --------------------------
iter: 26 | nc: 2 | ncalls: 428 | bounds: 0 | eff(%):  6.075 | logz: -1.4e+05 +/- 1.3e-01 | dlogz: 134935.396 >  0.500
 loglike: -1.4e+05 | params: [ 0.1859818  -1.23591432  1.40311363  1.92503693  0.72125098  3.88003766
  5.71392583 29.0167594 ]
 Average call time: 1.37 sec | Current time: 2019-04-18 17:33:39.366999
 --------------------------
iter: 27 | nc: 1 | ncalls: 429 | bounds: 0 | eff(%):  6.294 | logz: -1.4e+05 +/- 1.3e-01 | dlogz: 134804.253 >  0.500
 loglike: -1.4e+05 | params: [-0.40902016 -1.31505032  1.40878611  1.66973877  3.49698297  4.9927016
  5.69868328 29.79191424]
 Average call time: 1.45 sec | Current time: 2019-04-18 17:33:40.819278
 --------------------------
iter: 28 | nc: 1 | ncalls: 430 | bounds: 0 | eff(%):  6.512 | logz: -1.4e+05 +/- 1.3e-01 | dlogz: 134764.786 >  0.500
 loglike: -1.4e+05 | params: [-0.91195236 -1.91150813 -1.05842731  1.83015715  1.99625448  5.60719143
  2.86981432 30.30953721]
 Average call time: 1.42 sec | Current time: 2019-04-18 17:33:42.242425
 --------------------------
iter: 29 | nc: 1 | ncalls: 431 | bounds: 0 | eff(%):  6.729 | logz: -1.4e+05 +/- 1.3e-01 | dlogz: 134693.275 >  0.500
 loglike: -1.4e+05 | params: [-0.69245971 -1.64790414  1.12158286  2.28008296  4.30687377  2.31385972
  5.63544393 29.62105603]
 Average call time: 1.35 sec | Current time: 2019-04-18 17:33:43.590402
 --------------------------
iter: 30 | nc: 1 | ncalls: 432 | bounds: 0 | eff(%):  6.944 | logz: -1.4e+05 +/- 1.3e-01 | dlogz: 134650.750 >  0.500
 loglike: -1.4e+05 | params: [-0.57578145 -1.63730192  2.21909544  1.23459034  3.92841272  5.40810769
  5.92656989 30.48818149]
 Average call time: 1.36 sec | Current time: 2019-04-18 17:33:44.954682
 --------------------------
iter: 31 | nc: 1 | ncalls: 433 | bounds: 0 | eff(%):  7.159 | logz: -1.4e+05 +/- 1.3e-01 | dlogz: 134604.836 >  0.500
 loglike: -1.4e+05 | params: [-0.08623446 -1.06996766  0.49968765  0.56130038  2.15208409  5.30766243
  5.12127172 29.32609239]
 Average call time: 1.32 sec | Current time: 2019-04-18 17:33:46.276623
 --------------------------
iter: 32 | nc: 1 | ncalls: 434 | bounds: 0 | eff(%):  7.373 | logz: -1.4e+05 +/- 1.3e-01 | dlogz: 134584.881 >  0.500
 loglike: -1.4e+05 | params: [-0.94816127 -1.90229078  1.0494103   0.84225071  2.29311009  2.86306232
  5.92466408 30.6280807 ]
 Average call time: 1.29 sec | Current time: 2019-04-18 17:33:47.565900
 --------------------------
iter: 33 | nc: 1 | ncalls: 435 | bounds: 0 | eff(%):  7.586 | logz: -1.4e+05 +/- 1.3e-01 | dlogz: 134559.574 >  0.500
 loglike: -1.4e+05 | params: [-0.7345401  -1.36869916 -0.30681596  0.27632624  3.95867755  5.24889895
  4.95105116 29.63024293]
 Average call time: 1.36 sec | Current time: 2019-04-18 17:33:48.922758
 --------------------------
iter: 34 | nc: 1 | ncalls: 436 | bounds: 0 | eff(%):  7.798 | logz: -1.4e+05 +/- 1.3e-01 | dlogz: 134459.359 >  0.500
 loglike: -1.4e+05 | params: [-0.87022431 -0.87047926  1.70284497  1.02823823  3.75752731  3.74677969
  5.7658157  29.74413594]
 Average call time: 1.53 sec | Current time: 2019-04-18 17:33:50.457222
 --------------------------
iter: 35 | nc: 1 | ncalls: 437 | bounds: 0 | eff(%):  8.009 | logz: -1.4e+05 +/- 1.3e-01 | dlogz: 134314.193 >  0.500
 loglike: -1.4e+05 | params: [ 0.44668128 -1.97446125  1.43997083  0.32797266  0.99752102  4.20682405
  6.36215115 31.77922966]
 Average call time: 1.45 sec | Current time: 2019-04-18 17:33:51.911358
 --------------------------
iter: 36 | nc: 1 | ncalls: 438 | bounds: 0 | eff(%):  8.219 | logz: -1.4e+05 +/- 1.3e-01 | dlogz: 134308.048 >  0.500
 loglike: -1.4e+05 | params: [ 0.35538702 -1.5835775  -0.2396505   2.56502585  3.98254519  5.54336236
  4.99918553 30.32002955]
 Average call time: 1.67 sec | Current time: 2019-04-18 17:33:53.583522
 --------------------------
iter: 37 | nc: 2 | ncalls: 440 | bounds: 0 | eff(%):  8.409 | logz: -1.4e+05 +/- 1.3e-01 | dlogz: 134297.912 >  0.500
 loglike: -1.4e+05 | params: [-0.99654708 -1.21746843  1.76797228  1.53088842  3.93050263  3.72585434
  5.97550043 30.81070647]
 Average call time: 1.49 sec | Current time: 2019-04-18 17:33:56.569501
 --------------------------
iter: 38 | nc: 1 | ncalls: 441 | bounds: 0 | eff(%):  8.617 | logz: -1.4e+05 +/- 1.3e-01 | dlogz: 134276.881 >  0.500
 loglike: -1.4e+05 | params: [ 0.13352922 -0.60184816  0.23930441  0.95392193  1.86404685  4.91939049
  6.04009242 30.70921514]
 Average call time: 1.54 sec | Current time: 2019-04-18 17:33:58.105158
 --------------------------
iter: 39 | nc: 1 | ncalls: 442 | bounds: 0 | eff(%):  8.824 | logz: -1.4e+05 +/- 1.3e-01 | dlogz: 134146.250 >  0.500
 loglike: -1.4e+05 | params: [ 0.17782106 -1.84798391  0.34543926  2.7357995   0.42600485  5.32132374
  4.27642823 29.27850007]
 Average call time: 1.59 sec | Current time: 2019-04-18 17:33:59.699545
 --------------------------
iter: 40 | nc: 2 | ncalls: 444 | bounds: 0 | eff(%):  9.009 | logz: -1.4e+05 +/- 1.3e-01 | dlogz: 134066.994 >  0.500
 loglike: -1.4e+05 | params: [-0.2580374  -0.70726313  1.11227078  3.55372197  4.24293946  4.74280338
  6.01772058 30.8433358 ]
 Average call time: 1.42 sec | Current time: 2019-04-18 17:34:02.533700
 --------------------------
iter: 41 | nc: 1 | ncalls: 445 | bounds: 0 | eff(%):  9.213 | logz: -1.4e+05 +/- 1.3e-01 | dlogz: 134056.763 >  0.500
 loglike: -1.4e+05 | params: [-0.57610897 -1.55999604 -0.76209588  3.33893648  2.18136193  4.21207874
  5.67275495 30.13185145]
 Average call time: 1.36 sec | Current time: 2019-04-18 17:34:03.889953
 --------------------------
iter: 42 | nc: 1 | ncalls: 446 | bounds: 0 | eff(%):  9.417 | logz: -1.4e+05 +/- 1.3e-01 | dlogz: 134048.632 >  0.500
 loglike: -1.4e+05 | params: [-0.942749   -1.55141511  0.22075001  2.25289158  0.4841607   5.28678669
  3.39099818 29.54964048]
 Average call time: 1.52 sec | Current time: 2019-04-18 17:34:05.412552
 --------------------------
iter: 43 | nc: 1 | ncalls: 447 | bounds: 0 | eff(%):  9.620 | logz: -1.4e+05 +/- 1.3e-01 | dlogz: 134025.452 >  0.500
 loglike: -1.4e+05 | params: [-0.85578093 -0.77098644  1.25211379  2.90073682  0.68481121  5.4965863
  5.96686853 31.52173252]
 Average call time: 1.48 sec | Current time: 2019-04-18 17:34:06.896658
 --------------------------
iter: 44 | nc: 1 | ncalls: 448 | bounds: 0 | eff(%):  9.821 | logz: -1.4e+05 +/- 1.3e-01 | dlogz: 134020.553 >  0.500
 loglike: -1.4e+05 | params: [ 0.34369926 -1.32161229  2.35339895  0.37897359  3.32211449  3.50740933
  6.33196158 31.10272864]
 Average call time: 1.31 sec | Current time: 2019-04-18 17:34:08.201680
 --------------------------
iter: 45 | nc: 1 | ncalls: 449 | bounds: 0 | eff(%): 10.022 | logz: -1.4e+05 +/- 1.3e-01 | dlogz: 133983.052 >  0.500
 loglike: -1.4e+05 | params: [-0.84682423 -0.6367794  -0.67026698  3.39648489  0.41808393  2.3027306
  5.7920889  30.24101855]
 Average call time: 1.55 sec | Current time: 2019-04-18 17:34:09.751541
 --------------------------
iter: 46 | nc: 1 | ncalls: 450 | bounds: 0 | eff(%): 10.222 | logz: -1.4e+05 +/- 1.3e-01 | dlogz: 133903.544 >  0.500
 loglike: -1.4e+05 | params: [-0.55524056 -1.47157164  0.94600131  0.7168633   1.02917064  3.10250625
  5.91532729 30.99809648]
 Average call time: 1.32 sec | Current time: 2019-04-18 17:34:11.069412
 --------------------------
iter: 47 | nc: 1 | ncalls: 451 | bounds: 0 | eff(%): 10.421 | logz: -1.4e+05 +/- 1.3e-01 | dlogz: 133876.325 >  0.500
 loglike: -1.4e+05 | params: [ 0.4487548  -1.77926465 -1.14772423  2.14178677  0.8325324   5.41183246
  3.73836394 29.77447476]
 Average call time: 1.47 sec | Current time: 2019-04-18 17:34:12.539041
 --------------------------
iter: 48 | nc: 2 | ncalls: 453 | bounds: 0 | eff(%): 10.596 | logz: -1.4e+05 +/- 1.2e-01 | dlogz: 133851.607 >  0.500
 loglike: -1.4e+05 | params: [ 0.19689412 -1.54460853  0.32766132  1.56338921  0.45841031  4.07880952
  5.65375377 29.93668805]
 Average call time: 1.41 sec | Current time: 2019-04-18 17:34:15.363473
 --------------------------
iter: 49 | nc: 1 | ncalls: 454 | bounds: 0 | eff(%): 10.793 | logz: -1.4e+05 +/- 1.3e-01 | dlogz: 133849.603 >  0.500
 loglike: -1.4e+05 | params: [ 0.36627463 -0.96179487 -1.09454027  3.1005604   1.85606367  5.35482106
  4.36774578 29.50132643]
 Average call time: 1.55 sec | Current time: 2019-04-18 17:34:16.910753
 --------------------------
iter: 50 | nc: 1 | ncalls: 455 | bounds: 0 | eff(%): 10.989 | logz: -1.4e+05 +/- 1.3e-01 | dlogz: 133720.309 >  0.500
 loglike: -1.4e+05 | params: [ 0.33783003 -0.78447015  2.5900926   3.59706905  2.74093162  2.85460633
  6.1092172  29.20260182]
 Average call time: 1.60 sec | Current time: 2019-04-18 17:34:18.514639
 --------------------------
iter: 51 | nc: 1 | ncalls: 456 | bounds: 0 | eff(%): 11.184 | logz: -1.4e+05 +/- 1.2e-01 | dlogz: 133709.202 >  0.500
 loglike: -1.4e+05 | params: [-0.42551341 -1.01286541  2.2585446   2.05690313  2.08843143  2.64210479
  5.89661201 29.6931132 ]
 Average call time: 1.28 sec | Current time: 2019-04-18 17:34:19.794039
 --------------------------
iter: 52 | nc: 1 | ncalls: 457 | bounds: 0 | eff(%): 11.379 | logz: -1.4e+05 +/- 1.3e-01 | dlogz: 133707.607 >  0.500
 loglike: -1.4e+05 | params: [ 0.39971015 -1.02293279  0.32249808  2.92113337  1.64361409  3.88098767
  5.91204384 30.7446937 ]
 Average call time: 1.30 sec | Current time: 2019-04-18 17:34:21.089219
 --------------------------
iter: 53 | nc: 1 | ncalls: 458 | bounds: 0 | eff(%): 11.572 | logz: -1.4e+05 +/- 1.3e-01 | dlogz: 133623.463 >  0.500
 loglike: -1.4e+05 | params: [-0.89395573 -1.76356537 -0.62008017  0.90076113  2.52309371  4.70154792
  5.95690861 31.54956579]
 Average call time: 1.43 sec | Current time: 2019-04-18 17:34:22.518005
 --------------------------
iter: 54 | nc: 1 | ncalls: 459 | bounds: 0 | eff(%): 11.765 | logz: -1.4e+05 +/- 1.3e-01 | dlogz: 133617.077 >  0.500
 loglike: -1.4e+05 | params: [ 0.07249082 -0.91386277 -1.19160647  0.90946521  2.69821494  5.33173959
  3.79152189 29.48033249]
 Average call time: 1.27 sec | Current time: 2019-04-18 17:34:23.784462
 --------------------------
iter: 55 | nc: 1 | ncalls: 460 | bounds: 0 | eff(%): 11.957 | logz: -1.4e+05 +/- 1.3e-01 | dlogz: 133524.992 >  0.500
 loglike: -1.4e+05 | params: [-0.33038967 -1.53975433 -1.19717174  0.94032016  1.44744547  1.75549546
  5.65169259 30.33519823]
 Average call time: 1.55 sec | Current time: 2019-04-18 17:34:25.335608
 --------------------------
iter: 56 | nc: 1 | ncalls: 461 | bounds: 0 | eff(%): 12.148 | logz: -1.4e+05 +/- 1.3e-01 | dlogz: 133515.934 >  0.500
 loglike: -1.4e+05 | params: [-0.30566152 -0.72921999  1.44578215  1.23766197  0.92820164  3.21983085
  6.16072265 31.69265114]
 Average call time: 1.48 sec | Current time: 2019-04-18 17:34:26.818202
 --------------------------
iter: 57 | nc: 1 | ncalls: 462 | bounds: 0 | eff(%): 12.338 | logz: -1.4e+05 +/- 1.3e-01 | dlogz: 133460.717 >  0.500
 loglike: -1.4e+05 | params: [ 0.03511384 -0.95548946  0.40011572  2.77584828  2.15360062  2.00686269
  5.97009374 31.11984443]
 Average call time: 1.44 sec | Current time: 2019-04-18 17:34:28.255841
 --------------------------
iter: 58 | nc: 1 | ncalls: 463 | bounds: 0 | eff(%): 12.527 | logz: -1.4e+05 +/- 1.3e-01 | dlogz: 133374.544 >  0.500
 loglike: -1.4e+05 | params: [-0.29425096 -1.69914203 -0.43204333  0.4763712   1.7932354   5.25560556
  4.16961796 29.71318355]
 Average call time: 1.40 sec | Current time: 2019-04-18 17:34:29.655607
 --------------------------
iter: 59 | nc: 1 | ncalls: 464 | bounds: 0 | eff(%): 12.716 | logz: -1.4e+05 +/- 1.3e-01 | dlogz: 133351.552 >  0.500
 loglike: -1.4e+05 | params: [ 0.38252335 -1.12714809  1.61813606  2.2348979   3.4131465   5.29465567
  5.39429339 29.83181054]
 Average call time: 1.62 sec | Current time: 2019-04-18 17:34:31.276001
 --------------------------
iter: 60 | nc: 1 | ncalls: 465 | bounds: 0 | eff(%): 12.903 | logz: -1.4e+05 +/- 1.3e-01 | dlogz: 133315.301 >  0.500
 loglike: -1.4e+05 | params: [-0.85409838 -1.54862524 -1.02524574  2.09892448  3.27393589  4.61166626
  5.22793189 29.45343509]
 Average call time: 1.54 sec | Current time: 2019-04-18 17:34:32.812738
 --------------------------
iter: 61 | nc: 1 | ncalls: 466 | bounds: 0 | eff(%): 13.090 | logz: -1.4e+05 +/- 1.3e-01 | dlogz: 133311.567 >  0.500
 loglike: -1.4e+05 | params: [ 0.07697609 -1.234983   -0.5214795   1.07748621  3.38059654  4.3184687
  6.27055676 32.36414274]
 Average call time: 1.54 sec | Current time: 2019-04-18 17:34:34.354724
 --------------------------
iter: 62 | nc: 1 | ncalls: 467 | bounds: 0 | eff(%): 13.276 | logz: -1.4e+05 +/- 1.3e-01 | dlogz: 133225.444 >  0.500
 loglike: -1.4e+05 | params: [-0.89826347 -1.84748031  1.20047336  0.5744745   3.8955988   5.59662646
  5.57040937 31.90077737]
 Average call time: 1.54 sec | Current time: 2019-04-18 17:34:35.896357
 --------------------------
iter: 63 | nc: 1 | ncalls: 468 | bounds: 0 | eff(%): 13.462 | logz: -1.4e+05 +/- 1.3e-01 | dlogz: 133210.283 >  0.500
 loglike: -1.4e+05 | params: [-0.95329725 -0.64576616  1.18290967  1.91893718  3.02925074  2.26751715
  5.56676766 29.77771619]
 Average call time: 1.48 sec | Current time: 2019-04-18 17:34:37.378961
 --------------------------
iter: 64 | nc: 1 | ncalls: 469 | bounds: 0 | eff(%): 13.646 | logz: -1.4e+05 +/- 1.3e-01 | dlogz: 133069.917 >  0.500
 loglike: -1.4e+05 | params: [ 0.40289436 -0.78435965 -0.51293991  2.11548569  3.99031183  5.47796212
  2.70569114 30.27034429]
 Average call time: 1.63 sec | Current time: 2019-04-18 17:34:39.005596
 --------------------------
iter: 65 | nc: 1 | ncalls: 470 | bounds: 0 | eff(%): 13.830 | logz: -1.4e+05 +/- 1.3e-01 | dlogz: 133063.865 >  0.500
 loglike: -1.4e+05 | params: [-0.8972573  -1.29687164  0.15144118  0.09702152  0.91958384  5.25941982
  5.92324518 32.13465704]
 Average call time: 1.56 sec | Current time: 2019-04-18 17:34:40.568993
 --------------------------
iter: 66 | nc: 1 | ncalls: 471 | bounds: 0 | eff(%): 14.013 | logz: -1.4e+05 +/- 1.3e-01 | dlogz: 133059.195 >  0.500
 loglike: -1.4e+05 | params: [-0.66677563 -1.5616699   0.79491357  3.27242274  4.21239981  5.43576199
  5.95098209 32.61891117]
 Average call time: 1.63 sec | Current time: 2019-04-18 17:34:42.202792
 --------------------------
iter: 67 | nc: 1 | ncalls: 472 | bounds: 0 | eff(%): 14.195 | logz: -1.4e+05 +/- 1.3e-01 | dlogz: 133006.549 >  0.500
 loglike: -1.4e+05 | params: [-0.83614566 -0.92861024  0.44723105  3.65350609  3.82282483  3.16948361
  5.97572409 31.698306  ]
 Average call time: 1.46 sec | Current time: 2019-04-18 17:34:43.660045
 --------------------------
iter: 68 | nc: 1 | ncalls: 473 | bounds: 0 | eff(%): 14.376 | logz: -1.4e+05 +/- 1.3e-01 | dlogz: 133003.838 >  0.500
 loglike: -1.4e+05 | params: [-0.98740151 -1.29267658  2.14337622  3.45893159  1.30201414  5.57241271
  2.45952587 30.34100209]
 Average call time: 1.45 sec | Current time: 2019-04-18 17:34:45.114582
 --------------------------
iter: 69 | nc: 1 | ncalls: 474 | bounds: 0 | eff(%): 14.557 | logz: -1.4e+05 +/- 1.3e-01 | dlogz: 132962.211 >  0.500
 loglike: -1.4e+05 | params: [-0.9371479  -1.73871975  0.99529579  0.45777748  2.64271152  3.66461007
  5.91101783 31.88138899]
 Average call time: 1.33 sec | Current time: 2019-04-18 17:34:46.445045
 --------------------------
iter: 70 | nc: 1 | ncalls: 475 | bounds: 0 | eff(%): 14.737 | logz: -1.4e+05 +/- 1.3e-01 | dlogz: 132942.161 >  0.500
 loglike: -1.4e+05 | params: [-0.21044564 -1.97385647  0.4032308   0.12230461  4.32538916  5.40654738
  5.44416165 31.56105747]
 Average call time: 1.61 sec | Current time: 2019-04-18 17:34:48.053306
 --------------------------
iter: 71 | nc: 1 | ncalls: 476 | bounds: 0 | eff(%): 14.916 | logz: -1.4e+05 +/- 1.3e-01 | dlogz: 132869.746 >  0.500
 loglike: -1.4e+05 | params: [ 0.08937006 -0.99017276 -1.11272676  1.20096198  3.38083462  5.07127964
  6.25240029 32.51825903]
 Average call time: 1.48 sec | Current time: 2019-04-18 17:34:49.529310
 --------------------------
iter: 72 | nc: 1 | ncalls: 477 | bounds: 0 | eff(%): 15.094 | logz: -1.4e+05 +/- 1.3e-01 | dlogz: 132801.036 >  0.500
 loglike: -1.4e+05 | params: [-0.86489688 -1.68911961  1.25981412  0.97463085  2.4844457   4.22984293
  5.84707559 31.69072674]
 Average call time: 1.51 sec | Current time: 2019-04-18 17:34:51.042986
 --------------------------
iter: 73 | nc: 3 | ncalls: 480 | bounds: 0 | eff(%): 15.208 | logz: -1.4e+05 +/- 1.2e-01 | dlogz: 132781.819 >  0.500
 loglike: -1.4e+05 | params: [ 0.18764661 -1.15018801  2.04335672  3.66594778  4.2371675   5.40740346
  4.64268195 29.37014451]
 Average call time: 1.58 sec | Current time: 2019-04-18 17:34:55.782016
 --------------------------
iter: 74 | nc: 1 | ncalls: 481 | bounds: 0 | eff(%): 15.385 | logz: -1.4e+05 +/- 1.3e-01 | dlogz: 132780.673 >  0.500
 loglike: -1.4e+05 | params: [-0.20913688 -1.70352043 -0.6034785   1.77017463  4.33708584  3.1845603
  5.29158734 29.70361708]
 Average call time: 1.31 sec | Current time: 2019-04-18 17:34:57.090095
 --------------------------
iter: 75 | nc: 1 | ncalls: 482 | bounds: 0 | eff(%): 15.560 | logz: -1.4e+05 +/- 1.3e-01 | dlogz: 132710.987 >  0.500
 loglike: -1.4e+05 | params: [ 0.40796368 -0.88243318  2.37662794  0.71511163  2.35613901  4.84810641
  6.25379742 31.54993302]
 Average call time: 1.56 sec | Current time: 2019-04-18 17:34:58.653255
 --------------------------
iter: 76 | nc: 1 | ncalls: 483 | bounds: 0 | eff(%): 15.735 | logz: -1.4e+05 +/- 1.3e-01 | dlogz: 132700.167 >  0.500
 loglike: -1.4e+05 | params: [-0.46574685 -1.92784593  1.12162047  2.48008652  2.35808326  5.27061413
  3.42034572 29.95540193]
 Average call time: 1.43 sec | Current time: 2019-04-18 17:35:00.079572
 --------------------------
iter: 77 | nc: 1 | ncalls: 484 | bounds: 0 | eff(%): 15.909 | logz: -1.4e+05 +/- 1.3e-01 | dlogz: 132651.997 >  0.500
 loglike: -1.4e+05 | params: [ 0.27890336 -1.10306694  1.50907441  1.91491949  3.93318994  1.81765876
  5.56826908 29.58069308]
 Average call time: 1.32 sec | Current time: 2019-04-18 17:35:01.399977
 --------------------------
iter: 78 | nc: 1 | ncalls: 485 | bounds: 0 | eff(%): 16.082 | logz: -1.4e+05 +/- 1.3e-01 | dlogz: 132648.112 >  0.500
 loglike: -1.4e+05 | params: [ 0.039829   -0.56093648  0.35429644 -0.12658245  2.63785096  1.93096294
  6.20020109 31.94554757]
 Average call time: 1.54 sec | Current time: 2019-04-18 17:35:02.939540
 --------------------------
iter: 79 | nc: 1 | ncalls: 486 | bounds: 0 | eff(%): 16.255 | logz: -1.4e+05 +/- 1.3e-01 | dlogz: 132607.508 >  0.500
 loglike: -1.4e+05 | params: [-0.42834861 -1.71024914  0.08126384  2.27488176  2.52593379  5.28981075
  5.27653036 31.1449173 ]
 Average call time: 1.33 sec | Current time: 2019-04-18 17:35:04.271563
 --------------------------
iter: 80 | nc: 2 | ncalls: 488 | bounds: 0 | eff(%): 16.393 | logz: -1.4e+05 +/- 1.3e-01 | dlogz: 132571.321 >  0.500
 loglike: -1.4e+05 | params: [ 0.11064616 -1.15355383  1.71711869  1.58777234  0.9989216   5.59240442
  5.99429863 32.2149976 ]
 Average call time: 1.47 sec | Current time: 2019-04-18 17:35:07.210955
 --------------------------
iter: 81 | nc: 1 | ncalls: 489 | bounds: 0 | eff(%): 16.564 | logz: -1.4e+05 +/- 1.3e-01 | dlogz: 132564.984 >  0.500
 loglike: -1.4e+05 | params: [-0.89701804 -1.51908798  1.10289532  2.20642255  2.42597962  2.18761889
  5.94276905 31.95294072]
 Average call time: 1.53 sec | Current time: 2019-04-18 17:35:08.741998
 --------------------------
iter: 82 | nc: 1 | ncalls: 490 | bounds: 0 | eff(%): 16.735 | logz: -1.4e+05 +/- 1.3e-01 | dlogz: 132557.214 >  0.500
 loglike: -1.4e+05 | params: [-0.60477865 -1.70385849 -0.68395436  0.84442202  0.71189013  2.39156755
  6.22561103 32.87894807]
 Average call time: 1.57 sec | Current time: 2019-04-18 17:35:10.312444
 --------------------------
iter: 83 | nc: 1 | ncalls: 491 | bounds: 0 | eff(%): 16.904 | logz: -1.4e+05 +/- 1.3e-01 | dlogz: 132443.437 >  0.500
 loglike: -1.4e+05 | params: [-0.84948906 -1.09546375  0.32623266  1.10743005  3.84528786  5.59950676
  5.00981115 31.90140805]
 Average call time: 1.60 sec | Current time: 2019-04-18 17:35:11.917360
 --------------------------
iter: 84 | nc: 1 | ncalls: 492 | bounds: 0 | eff(%): 17.073 | logz: -1.4e+05 +/- 1.3e-01 | dlogz: 132424.058 >  0.500
 loglike: -1.4e+05 | params: [-0.32988977 -1.37733767  0.6552418   3.69950709  1.86996443  1.65822098
  6.12314763 32.49310428]
 Average call time: 1.72 sec | Current time: 2019-04-18 17:35:13.635899
 --------------------------
iter: 85 | nc: 1 | ncalls: 493 | bounds: 0 | eff(%): 17.241 | logz: -1.4e+05 +/- 1.3e-01 | dlogz: 132408.280 >  0.500
 loglike: -1.4e+05 | params: [-0.49340625 -0.50629831  0.5819845   3.00988758  3.18996038  5.45131124
  5.29525773 30.98085552]
 Average call time: 1.54 sec | Current time: 2019-04-18 17:35:15.177675
 --------------------------
iter: 86 | nc: 1 | ncalls: 494 | bounds: 0 | eff(%): 17.409 | logz: -1.4e+05 +/- 1.3e-01 | dlogz: 132399.834 >  0.500
 loglike: -1.4e+05 | params: [ 0.29894374 -0.93191432  1.38877191  1.3053926   1.09348613  4.58672129
  5.50363009 29.62618981]
 Average call time: 1.53 sec | Current time: 2019-04-18 17:35:16.705234
 --------------------------
iter: 87 | nc: 2 | ncalls: 496 | bounds: 0 | eff(%): 17.540 | logz: -1.4e+05 +/- 1.3e-01 | dlogz: 132390.690 >  0.500
 loglike: -1.4e+05 | params: [-0.54977882 -1.30736376  0.7160869   2.10884936  3.85482156  4.93750089
  5.54978647 31.19373243]
 Average call time: 1.55 sec | Current time: 2019-04-18 17:35:19.813917
 --------------------------
iter: 88 | nc: 1 | ncalls: 497 | bounds: 0 | eff(%): 17.706 | logz: -1.4e+05 +/- 1.3e-01 | dlogz: 132386.871 >  0.500
 loglike: -1.4e+05 | params: [-0.50686714 -1.18193101 -0.31457156  3.25335143  1.08320457  3.09113653
  5.4738724  30.22473564]
 Average call time: 1.41 sec | Current time: 2019-04-18 17:35:21.225741
 --------------------------
iter: 89 | nc: 1 | ncalls: 498 | bounds: 0 | eff(%): 17.871 | logz: -1.4e+05 +/- 1.3e-01 | dlogz: 132362.271 >  0.500
 loglike: -1.4e+05 | params: [ 7.81111942e-03 -1.14299164e+00  1.62085214e-01  2.33066817e-02
  3.20754816e+00  2.54776413e+00  5.57663135e+00  3.04398189e+01]
 Average call time: 1.29 sec | Current time: 2019-04-18 17:35:22.516940
 --------------------------
iter: 90 | nc: 1 | ncalls: 499 | bounds: 0 | eff(%): 18.036 | logz: -1.4e+05 +/- 1.3e-01 | dlogz: 132296.325 >  0.500
 loglike: -1.4e+05 | params: [-0.93284663 -1.83066303  0.48585372  0.05050561  3.64125003  5.07305565
  2.96001365 29.7728778 ]
 Average call time: 1.54 sec | Current time: 2019-04-18 17:35:24.061836
 --------------------------
iter: 91 | nc: 1 | ncalls: 500 | bounds: 0 | eff(%): 18.200 | logz: -1.4e+05 +/- 1.3e-01 | dlogz: 132288.359 >  0.500
 loglike: -1.4e+05 | params: [-0.40897472 -1.74993109  0.55492017 -0.04422383  1.91666372  3.85402807
  5.75752051 31.50373793]
 Average call time: 1.49 sec | Current time: 2019-04-18 17:35:25.555617
 --------------------------
iter: 92 | nc: 1 | ncalls: 501 | bounds: 0 | eff(%): 18.363 | logz: -1.4e+05 +/- 1.3e-01 | dlogz: 132283.230 >  0.500
 loglike: -1.4e+05 | params: [ 0.4967449  -1.39832841  2.26703084  2.04276712  4.18923316  5.15014203
  5.55267665 29.12723225]
 Average call time: 1.30 sec | Current time: 2019-04-18 17:35:26.855584
 --------------------------
iter: 93 | nc: 1 | ncalls: 502 | bounds: 0 | eff(%): 18.526 | logz: -1.4e+05 +/- 1.3e-01 | dlogz: 132269.940 >  0.500
 loglike: -1.4e+05 | params: [-5.71226729e-01 -7.65638183e-01 -1.67377708e-01 -2.68914110e-02
  9.68042728e-01  1.67456373e+00  5.56520077e+00  3.03964864e+01]
 Average call time: 1.43 sec | Current time: 2019-04-18 17:35:28.280778
 --------------------------
iter: 94 | nc: 1 | ncalls: 503 | bounds: 0 | eff(%): 18.688 | logz: -1.4e+05 +/- 1.3e-01 | dlogz: 132234.698 >  0.500
 loglike: -1.4e+05 | params: [-0.07579112 -1.67106324  2.22378244  2.35767243  2.26828138  2.54535434
  5.77082153 29.3940653 ]
 Average call time: 1.50 sec | Current time: 2019-04-18 17:35:29.776110
 --------------------------
iter: 95 | nc: 1 | ncalls: 504 | bounds: 0 | eff(%): 18.849 | logz: -1.4e+05 +/- 1.3e-01 | dlogz: 132199.858 >  0.500
 loglike: -1.4e+05 | params: [-0.62010499 -0.61447332  1.52579153  1.46812036  3.73730679  4.56791276
  5.388579   29.42313101]
 Average call time: 1.37 sec | Current time: 2019-04-18 17:35:31.143737
 --------------------------
iter: 96 | nc: 2 | ncalls: 506 | bounds: 0 | eff(%): 18.972 | logz: -1.4e+05 +/- 1.3e-01 | dlogz: 132151.506 >  0.500
 loglike: -1.4e+05 | params: [-0.8369906  -1.28446458  2.66266324  0.0337364   3.78526806  5.5507887
  3.30573352 29.17932119]
 Average call time: 1.61 sec | Current time: 2019-04-18 17:35:34.371637
 --------------------------
iter: 97 | nc: 1 | ncalls: 507 | bounds: 0 | eff(%): 19.132 | logz: -1.4e+05 +/- 1.3e-01 | dlogz: 132131.646 >  0.500
 loglike: -1.4e+05 | params: [-0.696415   -1.76008383  0.97775386  1.55091526  3.79746571  5.25331555
  5.94179345 32.8617169 ]
 Average call time: 1.40 sec | Current time: 2019-04-18 17:35:35.771533
 --------------------------
iter: 98 | nc: 1 | ncalls: 508 | bounds: 0 | eff(%): 19.291 | logz: -1.4e+05 +/- 1.3e-01 | dlogz: 132125.516 >  0.500
 loglike: -1.4e+05 | params: [-0.04941135 -1.34253518 -0.65602113  2.03985126  2.48916671  5.41430811
  4.356971   31.01023825]
 Average call time: 1.40 sec | Current time: 2019-04-18 17:35:37.176283
 --------------------------
iter: 99 | nc: 1 | ncalls: 509 | bounds: 0 | eff(%): 19.450 | logz: -1.4e+05 +/- 1.3e-01 | dlogz: 132037.526 >  0.500
 loglike: -1.4e+05 | params: [ 0.24406457 -1.79228856  1.01157232  1.67731445  1.60301552  1.83502137
  6.18287511 32.61601441]
 Average call time: 1.42 sec | Current time: 2019-04-18 17:35:38.591572
 --------------------------
iter: 100 | nc: 1 | ncalls: 510 | bounds: 0 | eff(%): 19.608 | logz: -1.4e+05 +/- 1.3e-01 | dlogz: 132034.146 >  0.500
 loglike: -1.4e+05 | params: [ 0.38053071 -0.70844712 -0.56002542  2.31957008  0.71220593  4.94482266
  5.12852284 29.76106821]
 Average call time: 1.32 sec | Current time: 2019-04-18 17:35:39.912567
 --------------------------
iter: 101 | nc: 1 | ncalls: 511 | bounds: 0 | eff(%): 19.765 | logz: -1.4e+05 +/- 1.3e-01 | dlogz: 131913.293 >  0.500
 loglike: -1.4e+05 | params: [-0.63271174 -1.00398098  0.65857078 -0.09401297  0.81985145  5.19007058
  6.00393883 32.66064395]
 Average call time: 1.57 sec | Current time: 2019-04-18 17:35:41.483688
 --------------------------
iter: 102 | nc: 2 | ncalls: 513 | bounds: 0 | eff(%): 19.883 | logz: -1.4e+05 +/- 1.3e-01 | dlogz: 131858.561 >  0.500
 loglike: -1.4e+05 | params: [-0.82579241 -1.70404628  1.8508296   1.58972845  1.61166818  3.07929617
  5.48876497 29.72178994]
 Average call time: 1.46 sec | Current time: 2019-04-18 17:35:44.396021
 --------------------------
iter: 103 | nc: 1 | ncalls: 514 | bounds: 0 | eff(%): 20.039 | logz: -1.4e+05 +/- 1.3e-01 | dlogz: 131803.540 >  0.500
 loglike: -1.4e+05 | params: [-0.92457823 -1.81756294  0.7588747   2.15592124  1.47275365  1.72519924
  5.95822585 32.6466715 ]
 Average call time: 1.34 sec | Current time: 2019-04-18 17:35:45.736563
 --------------------------
iter: 104 | nc: 2 | ncalls: 516 | bounds: 0 | eff(%): 20.155 | logz: -1.4e+05 +/- 1.3e-01 | dlogz: 131712.485 >  0.500
 loglike: -1.4e+05 | params: [-0.40975754 -1.93837634 -0.78253322  2.55620675  1.68177859  2.83214274
  5.93403173 32.45884633]
 Average call time: 1.52 sec | Current time: 2019-04-18 17:35:48.768155
 --------------------------
iter: 105 | nc: 1 | ncalls: 517 | bounds: 0 | eff(%): 20.309 | logz: -1.4e+05 +/- 1.3e-01 | dlogz: 131701.890 >  0.500
 loglike: -1.4e+05 | params: [-0.77626923 -0.80148454  1.36310987  2.28775727  3.70513846  5.11334898
  4.86253937 30.15336749]
 Average call time: 1.48 sec | Current time: 2019-04-18 17:35:50.245583
 --------------------------
iter: 106 | nc: 1 | ncalls: 518 | bounds: 0 | eff(%): 20.463 | logz: -1.4e+05 +/- 1.3e-01 | dlogz: 131662.527 >  0.500
 loglike: -1.4e+05 | params: [ 0.37247736 -1.52706439  0.26063401  0.37740207  2.18669421  5.39399045
  4.97043947 31.32528422]
 Average call time: 1.41 sec | Current time: 2019-04-18 17:35:51.658977
 --------------------------
iter: 107 | nc: 1 | ncalls: 519 | bounds: 0 | eff(%): 20.617 | logz: -1.4e+05 +/- 1.3e-01 | dlogz: 131605.574 >  0.500
 loglike: -1.4e+05 | params: [-0.1874456  -0.82905401  2.01966359  3.57985182  2.81609397  2.76892034
  5.74276626 30.50406757]
 Average call time: 1.51 sec | Current time: 2019-04-18 17:35:53.171192
 --------------------------
iter: 108 | nc: 1 | ncalls: 520 | bounds: 0 | eff(%): 20.769 | logz: -1.4e+05 +/- 1.3e-01 | dlogz: 131593.874 >  0.500
 loglike: -1.4e+05 | params: [-0.70561128 -1.64264548  2.03172955  3.35215514  0.48781843  3.90179837
  5.65810672 30.68204973]
 Average call time: 1.36 sec | Current time: 2019-04-18 17:35:54.526437
 --------------------------
iter: 109 | nc: 1 | ncalls: 521 | bounds: 0 | eff(%): 20.921 | logz: -1.4e+05 +/- 1.3e-01 | dlogz: 131585.627 >  0.500
 loglike: -1.4e+05 | params: [-0.23087323 -0.75754015  1.20270398  3.64468793  1.57413542  4.99151168
  4.62451051 29.1666728 ]
 Average call time: 1.43 sec | Current time: 2019-04-18 17:35:55.956588
 --------------------------
iter: 110 | nc: 2 | ncalls: 523 | bounds: 0 | eff(%): 21.033 | logz: -1.4e+05 +/- 1.2e-01 | dlogz: 131573.508 >  0.500
 loglike: -1.4e+05 | params: [-0.59823479 -1.56450278 -0.25776827  1.98356394  1.35135097  5.42679047
  4.18644425 31.51994881]
 Average call time: 1.53 sec | Current time: 2019-04-18 17:35:59.019071
 --------------------------
iter: 111 | nc: 1 | ncalls: 524 | bounds: 0 | eff(%): 21.183 | logz: -1.4e+05 +/- 1.2e-01 | dlogz: 131572.405 >  0.500
 loglike: -1.4e+05 | params: [-0.08998718 -0.76676032  1.24554803  0.23790503  1.5197803   5.55558192
  4.16273768 31.29693766]
 Average call time: 1.26 sec | Current time: 2019-04-18 17:36:00.281259
 --------------------------
iter: 112 | nc: 1 | ncalls: 525 | bounds: 0 | eff(%): 21.333 | logz: -1.4e+05 +/- 1.3e-01 | dlogz: 131571.823 >  0.500
 loglike: -1.4e+05 | params: [-0.07982207 -0.89859541  0.99916414  2.86705334  4.32245203  4.76541582
  4.89287821 29.63313816]
 Average call time: 1.53 sec | Current time: 2019-04-18 17:36:01.807294
 --------------------------
iter: 113 | nc: 2 | ncalls: 527 | bounds: 0 | eff(%): 21.442 | logz: -1.4e+05 +/- 1.3e-01 | dlogz: 131547.722 >  0.500
 loglike: -1.4e+05 | params: [ 0.30589244 -0.53511637  2.65914744  1.50979862  0.71347055  3.1170873
  6.21672537 31.08337849]
 Average call time: 1.54 sec | Current time: 2019-04-18 17:36:04.883364
 --------------------------
iter: 114 | nc: 1 | ncalls: 528 | bounds: 0 | eff(%): 21.591 | logz: -1.4e+05 +/- 1.3e-01 | dlogz: 131505.511 >  0.500
 loglike: -1.4e+05 | params: [-0.33826256 -1.94283331 -1.19050847  0.75113615  2.20961757  5.10525741
  4.1702264  30.29938372]
 Average call time: 1.31 sec | Current time: 2019-04-18 17:36:06.190278
 --------------------------
iter: 115 | nc: 1 | ncalls: 529 | bounds: 0 | eff(%): 21.739 | logz: -1.4e+05 +/- 1.3e-01 | dlogz: 131475.183 >  0.500
 loglike: -1.4e+05 | params: [ 0.17853566 -0.7076501   0.45118929  2.50797408  1.43532614  2.38860821
  5.71760423 31.08113672]
 Average call time: 1.64 sec | Current time: 2019-04-18 17:36:07.827444
 --------------------------
iter: 116 | nc: 2 | ncalls: 531 | bounds: 0 | eff(%): 21.846 | logz: -1.4e+05 +/- 1.3e-01 | dlogz: 131453.833 >  0.500
 loglike: -1.4e+05 | params: [-0.15728068 -1.79361071  0.82632703  1.99701645  1.69450527  1.74353974
  5.35343955 30.06606427]
 Average call time: 1.42 sec | Current time: 2019-04-18 17:36:10.673195
 --------------------------
iter: 117 | nc: 2 | ncalls: 533 | bounds: 0 | eff(%): 21.951 | logz: -1.4e+05 +/- 1.3e-01 | dlogz: 131441.324 >  0.500
 loglike: -1.4e+05 | params: [-1.87020095e-01 -5.83444762e-01  2.67228497e-02  1.55980711e-01
  4.16581864e+00  5.03673234e+00  2.53968174e+00  2.94715747e+01]
 Average call time: 1.48 sec | Current time: 2019-04-18 17:36:13.634020
 --------------------------
iter: 118 | nc: 1 | ncalls: 534 | bounds: 0 | eff(%): 22.097 | logz: -1.4e+05 +/- 1.3e-01 | dlogz: 131393.178 >  0.500
 loglike: -1.4e+05 | params: [-0.61618661 -0.80936432  1.68885757  1.89634445  4.25950661  4.62641471
  5.62956825 31.34903776]
 Average call time: 1.42 sec | Current time: 2019-04-18 17:36:15.050516
 --------------------------
iter: 119 | nc: 1 | ncalls: 535 | bounds: 0 | eff(%): 22.243 | logz: -1.4e+05 +/- 1.3e-01 | dlogz: 131286.733 >  0.500
 loglike: -1.4e+05 | params: [-0.31328253 -0.61939614  2.24996442  0.77667582  1.76830477  2.33894798
  6.04271849 31.82611265]
 Average call time: 1.62 sec | Current time: 2019-04-18 17:36:16.667977
 --------------------------
iter: 120 | nc: 1 | ncalls: 536 | bounds: 0 | eff(%): 22.388 | logz: -1.4e+05 +/- 1.3e-01 | dlogz: 131250.871 >  0.500
 loglike: -1.4e+05 | params: [ 0.47496891 -1.26366966  1.3612241   3.42229996  0.64663372  5.49385199
  4.89845806 31.53845321]
 Average call time: 1.62 sec | Current time: 2019-04-18 17:36:18.286980
 --------------------------
iter: 121 | nc: 4 | ncalls: 540 | bounds: 0 | eff(%): 22.407 | logz: -1.4e+05 +/- 1.3e-01 | dlogz: 131247.001 >  0.500
 loglike: -1.4e+05 | params: [-0.19468271 -0.7711969  -1.03784968  2.44389977  3.44473612  4.4410545
  5.62300302 31.23104331]
 Average call time: 1.45 sec | Current time: 2019-04-18 17:36:24.090175
 --------------------------
iter: 122 | nc: 1 | ncalls: 541 | bounds: 0 | eff(%): 22.551 | logz: -1.4e+05 +/- 1.3e-01 | dlogz: 131208.707 >  0.500
 loglike: -1.4e+05 | params: [-0.16424797 -1.31709619  2.51207339  2.75445222  2.74729392  5.34697153
  5.86731928 31.49780928]
 Average call time: 1.55 sec | Current time: 2019-04-18 17:36:25.644688
 --------------------------
iter: 123 | nc: 1 | ncalls: 542 | bounds: 0 | eff(%): 22.694 | logz: -1.4e+05 +/- 1.3e-01 | dlogz: 131153.912 >  0.500
 loglike: -1.4e+05 | params: [ 0.22354561 -1.86193719  2.28484738 -0.16803097  3.83199006  5.20367582
  5.83700055 31.61147745]
 Average call time: 1.46 sec | Current time: 2019-04-18 17:36:27.105246
 --------------------------
iter: 124 | nc: 1 | ncalls: 543 | bounds: 0 | eff(%): 22.836 | logz: -1.4e+05 +/- 1.3e-01 | dlogz: 131151.495 >  0.500
 loglike: -1.4e+05 | params: [-0.37470517 -1.77171123  1.58092138  0.18628919  0.64452549  5.38324343
  5.60756624 32.46516166]
 Average call time: 1.58 sec | Current time: 2019-04-18 17:36:28.685578
 --------------------------
iter: 125 | nc: 1 | ncalls: 544 | bounds: 0 | eff(%): 22.978 | logz: -1.4e+05 +/- 1.3e-01 | dlogz: 131110.985 >  0.500
 loglike: -1.4e+05 | params: [-0.39949657 -1.94052684 -0.84679942  2.18518501  0.67528797  3.33043706
  5.80561133 32.30541228]
 Average call time: 1.43 sec | Current time: 2019-04-18 17:36:30.114499
 --------------------------
iter: 126 | nc: 1 | ncalls: 545 | bounds: 0 | eff(%): 23.119 | logz: -1.4e+05 +/- 1.3e-01 | dlogz: 131097.375 >  0.500
 loglike: -1.4e+05 | params: [-0.99415503 -1.72356059  2.44555216  2.51221393  3.63544655  5.56890851
  2.75829449 31.29404699]
 Average call time: 1.77 sec | Current time: 2019-04-18 17:36:31.887384
 --------------------------
iter: 127 | nc: 1 | ncalls: 546 | bounds: 0 | eff(%): 23.260 | logz: -1.4e+05 +/- 1.3e-01 | dlogz: 131061.579 >  0.500
 loglike: -1.4e+05 | params: [ 0.03253523 -1.99460413  0.5904992   1.21409367  3.45183885  4.20071442
  5.24831661 30.13145525]
 Average call time: 1.57 sec | Current time: 2019-04-18 17:36:33.459564
 --------------------------
iter: 128 | nc: 1 | ncalls: 547 | bounds: 0 | eff(%): 23.400 | logz: -1.4e+05 +/- 1.3e-01 | dlogz: 131022.332 >  0.500
 loglike: -1.4e+05 | params: [ 0.15397849 -1.99965913 -0.06353045  2.54809875  0.73981929  3.70318315
  6.0139144  32.85482347]
 Average call time: 1.30 sec | Current time: 2019-04-18 17:36:34.759267
 --------------------------
iter: 129 | nc: 1 | ncalls: 548 | bounds: 0 | eff(%): 23.540 | logz: -1.4e+05 +/- 1.3e-01 | dlogz: 130925.188 >  0.500
 loglike: -1.4e+05 | params: [ 0.27887097 -1.18416341  1.09620205  0.32264469  0.51516425  2.22963136
  5.46321218 30.47512971]
 Average call time: 1.57 sec | Current time: 2019-04-18 17:36:36.330574
 --------------------------
iter: 130 | nc: 4 | ncalls: 552 | bounds: 0 | eff(%): 23.551 | logz: -1.4e+05 +/- 1.3e-01 | dlogz: 130896.971 >  0.500
 loglike: -1.4e+05 | params: [ 0.46579641 -1.07171822  0.66761332  0.6517238   2.69581497  4.17498138
  6.15654279 32.89278685]
 Average call time: 1.47 sec | Current time: 2019-04-18 17:36:42.197883
 --------------------------
iter: 131 | nc: 2 | ncalls: 554 | bounds: 0 | eff(%): 23.646 | logz: -1.4e+05 +/- 1.3e-01 | dlogz: 130892.055 >  0.500
 loglike: -1.4e+05 | params: [-0.61652007 -1.83753276  1.83841066  2.89612477  3.42268526  5.26620551
  5.07002541 31.27347033]
 Average call time: 1.39 sec | Current time: 2019-04-18 17:36:44.981987
 --------------------------
iter: 132 | nc: 1 | ncalls: 555 | bounds: 0 | eff(%): 23.784 | logz: -1.4e+05 +/- 1.3e-01 | dlogz: 130881.577 >  0.500
 loglike: -1.4e+05 | params: [-0.45851206 -0.56738712 -0.74567876  0.85759914  3.61274108  5.47122128
  2.80522294 31.33369708]
 Average call time: 1.45 sec | Current time: 2019-04-18 17:36:46.428343
 --------------------------
iter: 133 | nc: 1 | ncalls: 556 | bounds: 0 | eff(%): 23.921 | logz: -1.4e+05 +/- 1.3e-01 | dlogz: 130864.021 >  0.500
 loglike: -1.4e+05 | params: [-0.25256601 -1.39326231 -0.85748071  0.10311326  4.28552028  5.51017852
  4.45497461 32.25995281]
 Average call time: 1.54 sec | Current time: 2019-04-18 17:36:47.973168
 --------------------------
iter: 134 | nc: 1 | ncalls: 557 | bounds: 0 | eff(%): 24.057 | logz: -1.4e+05 +/- 1.3e-01 | dlogz: 130833.462 >  0.500
 loglike: -1.4e+05 | params: [ 0.28553375 -1.77868679 -0.8540014   0.19160781  1.54927583  3.72906036
  5.90083636 32.47513499]
 Average call time: 1.42 sec | Current time: 2019-04-18 17:36:49.396437
 --------------------------
iter: 135 | nc: 1 | ncalls: 558 | bounds: 0 | eff(%): 24.194 | logz: -1.4e+05 +/- 1.3e-01 | dlogz: 130732.148 >  0.500
 loglike: -1.4e+05 | params: [ 0.23378084 -0.60472621  1.54191907  2.96871459  4.21204993  3.15212854
  5.36557469 29.51409878]
 Average call time: 1.60 sec | Current time: 2019-04-18 17:36:50.995474
 --------------------------
iter: 136 | nc: 2 | ncalls: 560 | bounds: 0 | eff(%): 24.286 | logz: -1.4e+05 +/- 1.3e-01 | dlogz: 130722.414 >  0.500
 loglike: -1.4e+05 | params: [ 0.25673013 -0.92435938 -0.3098405   2.09583096  4.01250867  4.070722
  5.53308415 31.09875831]
 Average call time: 1.36 sec | Current time: 2019-04-18 17:36:53.715560
 --------------------------
iter: 137 | nc: 1 | ncalls: 561 | bounds: 0 | eff(%): 24.421 | logz: -1.4e+05 +/- 1.3e-01 | dlogz: 130706.130 >  0.500
 loglike: -1.4e+05 | params: [ 0.45809105 -1.58835759 -0.51651346  0.62579333  3.41968556  5.38815032
  4.4417365  31.64833439]
 Average call time: 1.41 sec | Current time: 2019-04-18 17:36:55.127809
 --------------------------
iter: 138 | nc: 3 | ncalls: 564 | bounds: 0 | eff(%): 24.468 | logz: -1.4e+05 +/- 1.3e-01 | dlogz: 130590.400 >  0.500
 loglike: -1.4e+05 | params: [-2.61891394e-02 -8.27654998e-01 -1.24496293e+00  2.61581118e+00
  5.11837608e-01  4.92066140e+00  5.27981730e+00  3.09736865e+01]
 Average call time: 1.61 sec | Current time: 2019-04-18 17:36:59.951600
 --------------------------
iter: 139 | nc: 1 | ncalls: 565 | bounds: 0 | eff(%): 24.602 | logz: -1.4e+05 +/- 1.3e-01 | dlogz: 130571.031 >  0.500
 loglike: -1.4e+05 | params: [ 0.12911056 -0.79283465 -0.08853867  2.8886888   1.27541482  2.76798966
  5.83146179 31.97666205]
 Average call time: 1.66 sec | Current time: 2019-04-18 17:37:01.615584
 --------------------------
iter: 140 | nc: 1 | ncalls: 566 | bounds: 0 | eff(%): 24.735 | logz: -1.4e+05 +/- 1.3e-01 | dlogz: 130558.135 >  0.500
 loglike: -1.4e+05 | params: [-4.40019424e-01 -7.56970425e-01 -9.05354078e-01  2.22256717e-02
  2.39985740e+00  5.34229990e+00  3.03138195e+00  3.12779152e+01]
 Average call time: 1.45 sec | Current time: 2019-04-18 17:37:03.067698
 --------------------------
iter: 141 | nc: 1 | ncalls: 567 | bounds: 0 | eff(%): 24.868 | logz: -1.4e+05 +/- 1.2e-01 | dlogz: 130436.403 >  0.500
 loglike: -1.4e+05 | params: [-0.89517067 -0.66823495  1.55729452  0.6294994   3.26632629  5.52478119
  2.6767103  31.85967126]
 Average call time: 1.49 sec | Current time: 2019-04-18 17:37:04.554008
 --------------------------
iter: 142 | nc: 2 | ncalls: 569 | bounds: 0 | eff(%): 24.956 | logz: -1.4e+05 +/- 1.3e-01 | dlogz: 130435.164 >  0.500
 loglike: -1.4e+05 | params: [-0.09077859 -1.06844849  1.84304471  0.96721838  1.81175806  5.37161226
  5.07890755 31.25214771]
 Average call time: 1.51 sec | Current time: 2019-04-18 17:37:07.575844
 --------------------------
iter: 143 | nc: 2 | ncalls: 571 | bounds: 0 | eff(%): 25.044 | logz: -1.4e+05 +/- 1.3e-01 | dlogz: 130423.546 >  0.500
 loglike: -1.4e+05 | params: [ 0.1895242  -1.92574831  1.59905048  1.97127599  1.75414     5.37425067
  5.44878637 32.20483054]
 Average call time: 1.52 sec | Current time: 2019-04-18 17:37:10.609676
 --------------------------
iter: 144 | nc: 2 | ncalls: 573 | bounds: 0 | eff(%): 25.131 | logz: -1.4e+05 +/- 1.3e-01 | dlogz: 130417.799 >  0.500
 loglike: -1.4e+05 | params: [ 0.35319322 -1.64518118 -0.75197519  1.03771595  3.77131479  4.93778404
  3.81813969 29.95988475]
 Average call time: 1.50 sec | Current time: 2019-04-18 17:37:13.619582
 --------------------------
iter: 145 | nc: 2 | ncalls: 575 | bounds: 0 | eff(%): 25.217 | logz: -1.4e+05 +/- 1.2e-01 | dlogz: 130376.773 >  0.500
 loglike: -1.4e+05 | params: [ 3.68555012e-01 -1.68110599e+00  2.22917599e-02  8.12797185e-01
  3.94971713e+00  4.89839628e+00  3.48213694e+00  2.98275356e+01]
 Average call time: 1.42 sec | Current time: 2019-04-18 17:37:16.462772
 --------------------------
iter: 146 | nc: 1 | ncalls: 576 | bounds: 0 | eff(%): 25.347 | logz: -1.4e+05 +/- 1.3e-01 | dlogz: 130375.379 >  0.500
 loglike: -1.4e+05 | params: [-0.45157137 -0.7975961   1.86463014  2.57163431  2.86737595  3.58332364
  5.79768508 31.84838795]
 Average call time: 1.57 sec | Current time: 2019-04-18 17:37:18.034116
 --------------------------
iter: 147 | nc: 1 | ncalls: 577 | bounds: 0 | eff(%): 25.477 | logz: -1.4e+05 +/- 1.3e-01 | dlogz: 130359.729 >  0.500
 loglike: -1.4e+05 | params: [-0.81395629 -1.78991375 -0.53920692  2.66108083  2.91180792  3.17263905
  5.46006681 31.52375228]
 Average call time: 1.46 sec | Current time: 2019-04-18 17:37:19.489914
 --------------------------
iter: 148 | nc: 1 | ncalls: 578 | bounds: 0 | eff(%): 25.606 | logz: -1.4e+05 +/- 1.3e-01 | dlogz: 130316.766 >  0.500
 loglike: -1.4e+05 | params: [-0.50705557 -1.12224234 -1.08890965  3.54284715  3.95727811  5.13421896
  3.85599316 31.22964343]
 Average call time: 1.43 sec | Current time: 2019-04-18 17:37:20.916908
 --------------------------
iter: 149 | nc: 1 | ncalls: 579 | bounds: 0 | eff(%): 25.734 | logz: -1.4e+05 +/- 1.3e-01 | dlogz: 130079.241 >  0.500
 loglike: -1.4e+05 | params: [-0.65395302 -1.9692628  -0.93461102  0.41447076  1.76538761  3.14259395
  5.30199224 30.92300142]
 Average call time: 1.50 sec | Current time: 2019-04-18 17:37:22.413116
 --------------------------
iter: 150 | nc: 2 | ncalls: 581 | bounds: 0 | eff(%): 25.818 | logz: -1.4e+05 +/- 1.3e-01 | dlogz: 130043.180 >  0.500
 loglike: -1.4e+05 | params: [-0.80568216 -0.52669925  0.6230252   3.20348934  3.11834394  4.5489543
  5.49390647 31.36306077]
 Average call time: 1.55 sec | Current time: 2019-04-18 17:37:25.505116
 --------------------------
iter: 151 | nc: 1 | ncalls: 582 | bounds: 0 | eff(%): 25.945 | logz: -1.4e+05 +/- 1.3e-01 | dlogz: 129985.918 >  0.500
 loglike: -1.4e+05 | params: [-0.42652382 -1.91918947  0.54028141  3.69423176  0.87204041  2.08611665
  5.38962651 31.34921453]
 Average call time: 1.41 sec | Current time: 2019-04-18 17:37:26.916943
 --------------------------
iter: 152 | nc: 1 | ncalls: 583 | bounds: 0 | eff(%): 26.072 | logz: -1.4e+05 +/- 1.3e-01 | dlogz: 129957.726 >  0.500
 loglike: -1.4e+05 | params: [-0.83073932 -1.03389328  0.4165067   3.37389144  3.52147649  5.30921354
  3.78587122 31.88037401]
 Average call time: 1.57 sec | Current time: 2019-04-18 17:37:28.484602
 --------------------------
iter: 153 | nc: 1 | ncalls: 584 | bounds: 0 | eff(%): 26.199 | logz: -1.4e+05 +/- 1.3e-01 | dlogz: 129925.903 >  0.500
 loglike: -1.4e+05 | params: [-0.59414379 -1.65998905  1.3257244   1.94055344  2.23140322  4.72914691
  5.00313007 30.42193489]
 Average call time: 1.60 sec | Current time: 2019-04-18 17:37:30.079794
 --------------------------
iter: 154 | nc: 2 | ncalls: 586 | bounds: 0 | eff(%): 26.280 | logz: -1.4e+05 +/- 1.3e-01 | dlogz: 129846.037 >  0.500
 loglike: -1.4e+05 | params: [-0.63250068 -0.53389063 -0.80353461  2.88809319  2.32185104  4.83235328
  4.24123239 29.28187809]
 Average call time: 1.31 sec | Current time: 2019-04-18 17:37:32.699769
 --------------------------
iter: 155 | nc: 1 | ncalls: 587 | bounds: 0 | eff(%): 26.405 | logz: -1.4e+05 +/- 1.3e-01 | dlogz: 129773.929 >  0.500
 loglike: -1.4e+05 | params: [ 0.24869692 -1.29525936  1.05509991  0.20182392  2.22594756  5.15400039
  4.29546538 30.86486109]
 Average call time: 1.53 sec | Current time: 2019-04-18 17:37:34.229516
 --------------------------
iter: 156 | nc: 1 | ncalls: 588 | bounds: 0 | eff(%): 26.531 | logz: -1.4e+05 +/- 1.3e-01 | dlogz: 129733.131 >  0.500
 loglike: -1.4e+05 | params: [-0.30918226 -1.44267332 -0.64195959  1.59350777  4.14539735  4.66793699
  2.86816973 29.64822323]
 Average call time: 1.37 sec | Current time: 2019-04-18 17:37:35.599451
 --------------------------
iter: 157 | nc: 1 | ncalls: 589 | bounds: 0 | eff(%): 26.655 | logz: -1.4e+05 +/- 1.3e-01 | dlogz: 129725.776 >  0.500
 loglike: -1.4e+05 | params: [-0.46524505 -1.85280881  0.48659692  3.55615773  0.54264968  2.85198329
  5.56468193 32.18204059]
 Average call time: 1.59 sec | Current time: 2019-04-18 17:37:37.187258
 --------------------------
iter: 158 | nc: 1 | ncalls: 590 | bounds: 0 | eff(%): 26.780 | logz: -1.4e+05 +/- 1.3e-01 | dlogz: 129633.216 >  0.500
 loglike: -1.4e+05 | params: [-0.03601157 -1.02328964  2.60305258  1.09340638  0.40707085  5.50341716
  4.60919276 29.41234858]
 Average call time: 1.53 sec | Current time: 2019-04-18 17:37:38.715920
 --------------------------
iter: 159 | nc: 1 | ncalls: 591 | bounds: 0 | eff(%): 26.904 | logz: -1.4e+05 +/- 1.3e-01 | dlogz: 129628.275 >  0.500
 loglike: -1.4e+05 | params: [ 0.22478347 -1.57781026  0.92433541 -0.18355567  1.02535889  4.15875797
  4.97609963 29.23138569]
 Average call time: 1.62 sec | Current time: 2019-04-18 17:37:40.333392
 --------------------------
iter: 160 | nc: 2 | ncalls: 593 | bounds: 0 | eff(%): 26.981 | logz: -1.4e+05 +/- 1.3e-01 | dlogz: 129614.520 >  0.500
 loglike: -1.4e+05 | params: [-0.44139178 -1.73951643  0.11462274  2.03716672  1.00407758  4.71155478
  2.57018059 29.04383406]
 Average call time: 1.40 sec | Current time: 2019-04-18 17:37:43.124072
 --------------------------
iter: 161 | nc: 1 | ncalls: 594 | bounds: 0 | eff(%): 27.104 | logz: -1.3e+05 +/- 1.3e-01 | dlogz: 129575.972 >  0.500
 loglike: -1.3e+05 | params: [ 0.24352085 -0.82517646  1.5716079   1.59877437  0.85181113  4.62507864
  5.12204239 29.40489051]
 Average call time: 1.46 sec | Current time: 2019-04-18 17:37:44.584108
 --------------------------
iter: 162 | nc: 2 | ncalls: 596 | bounds: 0 | eff(%): 27.181 | logz: -1.3e+05 +/- 1.3e-01 | dlogz: 129527.779 >  0.500
 loglike: -1.3e+05 | params: [-0.79400124 -1.78701791  1.3887596   0.19757088  3.40440786  3.42561279
  5.21204491 30.4269095 ]
 Average call time: 1.52 sec | Current time: 2019-04-18 17:37:47.620431
 --------------------------
iter: 163 | nc: 1 | ncalls: 597 | bounds: 0 | eff(%): 27.303 | logz: -1.3e+05 +/- 1.3e-01 | dlogz: 129512.877 >  0.500
 loglike: -1.3e+05 | params: [-0.33413653 -1.95344771  0.18664681  2.68909996  2.2785359   2.98626094
  4.99905602 29.50482129]
 Average call time: 1.53 sec | Current time: 2019-04-18 17:37:49.147698
 --------------------------
iter: 164 | nc: 1 | ncalls: 598 | bounds: 0 | eff(%): 27.425 | logz: -1.3e+05 +/- 1.3e-01 | dlogz: 129489.197 >  0.500
 loglike: -1.3e+05 | params: [-0.83206668 -1.29447246 -0.68885758  1.02020211  2.87931656  5.17534412
  4.75552051 31.90821374]
 Average call time: 1.31 sec | Current time: 2019-04-18 17:37:50.461985
 --------------------------
iter: 165 | nc: 3 | ncalls: 601 | bounds: 0 | eff(%): 27.454 | logz: -1.3e+05 +/- 1.3e-01 | dlogz: 129477.567 >  0.500
 loglike: -1.3e+05 | params: [-0.91568856 -1.58271247  2.48053334  3.11983908  4.00896502  3.98706141
  5.52953956 30.37639998]
 Average call time: 1.38 sec | Current time: 2019-04-18 17:37:54.606692
 --------------------------
iter: 166 | nc: 1 | ncalls: 602 | bounds: 0 | eff(%): 27.575 | logz: -1.3e+05 +/- 1.3e-01 | dlogz: 129462.383 >  0.500
 loglike: -1.3e+05 | params: [-0.55428122 -0.92302101  2.7249165   1.9738219   3.93585378  2.28246621
  5.96979147 31.81110255]
 Average call time: 1.54 sec | Current time: 2019-04-18 17:37:56.144917
 --------------------------
iter: 167 | nc: 3 | ncalls: 605 | bounds: 0 | eff(%): 27.603 | logz: -1.3e+05 +/- 1.3e-01 | dlogz: 129436.406 >  0.500
 loglike: -1.3e+05 | params: [ 0.23416242 -0.85266417 -0.65967329  1.17172877  2.22458098  4.95985569
  2.63939977 29.98285979]
 Average call time: 1.42 sec | Current time: 2019-04-18 17:38:00.417317
 --------------------------
iter: 168 | nc: 1 | ncalls: 606 | bounds: 0 | eff(%): 27.723 | logz: -1.3e+05 +/- 1.3e-01 | dlogz: 129390.857 >  0.500
 loglike: -1.3e+05 | params: [-0.30036362 -1.93584088  2.16787453  1.41812029  4.08613865  2.5963523
  5.60657374 31.24620216]
 Average call time: 1.44 sec | Current time: 2019-04-18 17:38:01.860273
 --------------------------
iter: 169 | nc: 1 | ncalls: 607 | bounds: 0 | eff(%): 27.842 | logz: -1.3e+05 +/- 1.3e-01 | dlogz: 129384.313 >  0.500
 loglike: -1.3e+05 | params: [-0.18581391 -1.25759766  1.93881964  0.99804985  0.83234872  3.84971721
  5.51196968 30.7407477 ]
 Average call time: 1.28 sec | Current time: 2019-04-18 17:38:03.140932
 --------------------------
iter: 170 | nc: 1 | ncalls: 608 | bounds: 0 | eff(%): 27.961 | logz: -1.3e+05 +/- 1.3e-01 | dlogz: 129264.141 >  0.500
 loglike: -1.3e+05 | params: [ 0.13696061 -1.17320637  0.73709834  2.4998941   1.64743422  2.95541868
  5.33489563 30.86310391]
 Average call time: 1.46 sec | Current time: 2019-04-18 17:38:04.603772
 --------------------------
iter: 171 | nc: 1 | ncalls: 609 | bounds: 0 | eff(%): 28.079 | logz: -1.3e+05 +/- 1.3e-01 | dlogz: 129232.512 >  0.500
 loglike: -1.3e+05 | params: [ 0.07225455 -0.9944909   1.27045353  1.32890793  3.44288448  2.49543164
  5.26256401 30.21821744]
 Average call time: 1.56 sec | Current time: 2019-04-18 17:38:06.165825
 --------------------------
iter: 172 | nc: 2 | ncalls: 611 | bounds: 0 | eff(%): 28.151 | logz: -1.3e+05 +/- 1.3e-01 | dlogz: 129153.662 >  0.500
 loglike: -1.3e+05 | params: [-0.86021363 -1.44702214  1.67241016 -0.10095976  1.85425775  2.86642647
  5.15614688 29.27357248]
 Average call time: 1.43 sec | Current time: 2019-04-18 17:38:09.024026
 --------------------------
iter: 173 | nc: 1 | ncalls: 612 | bounds: 0 | eff(%): 28.268 | logz: -1.3e+05 +/- 1.3e-01 | dlogz: 129144.216 >  0.500
 loglike: -1.3e+05 | params: [-0.37567451 -0.68362625  1.77677147  1.95866232  3.98563346  5.29139836
  4.29729749 31.26258709]
 Average call time: 1.55 sec | Current time: 2019-04-18 17:38:10.577338
 --------------------------
iter: 174 | nc: 1 | ncalls: 613 | bounds: 0 | eff(%): 28.385 | logz: -1.3e+05 +/- 1.3e-01 | dlogz: 129104.411 >  0.500
 loglike: -1.3e+05 | params: [ 0.49794614 -1.51203526  2.13473111  2.21218127  2.14072192  3.71741141
  5.55481673 30.00540077]
 Average call time: 1.41 sec | Current time: 2019-04-18 17:38:11.987702
 --------------------------
iter: 175 | nc: 1 | ncalls: 614 | bounds: 0 | eff(%): 28.502 | logz: -1.3e+05 +/- 1.3e-01 | dlogz: 129096.534 >  0.500
 loglike: -1.3e+05 | params: [ 0.04026878 -1.36818209  2.16708554  2.06650701  4.13651905  5.12961513
  4.2681144  29.06924027]
 Average call time: 1.36 sec | Current time: 2019-04-18 17:38:13.344698
 --------------------------
iter: 176 | nc: 1 | ncalls: 615 | bounds: 0 | eff(%): 28.618 | logz: -1.3e+05 +/- 1.3e-01 | dlogz: 129058.439 >  0.500
 loglike: -1.3e+05 | params: [-0.18576961 -0.71580521 -0.76386558  3.75402134  1.44517536  2.22871434
  5.04038453 29.64851211]
 Average call time: 1.64 sec | Current time: 2019-04-18 17:38:14.984718
 --------------------------
iter: 177 | nc: 1 | ncalls: 616 | bounds: 0 | eff(%): 28.734 | logz: -1.3e+05 +/- 1.3e-01 | dlogz: 129049.934 >  0.500
 loglike: -1.3e+05 | params: [-0.39834039 -0.6040784   0.79503236  3.00454087  3.90335851  4.65926419
  4.29321709 29.29567842]
 Average call time: 1.68 sec | Current time: 2019-04-18 17:38:16.664834
 --------------------------
iter: 178 | nc: 2 | ncalls: 618 | bounds: 0 | eff(%): 28.803 | logz: -1.3e+05 +/- 1.3e-01 | dlogz: 128927.573 >  0.500
 loglike: -1.3e+05 | params: [-0.66580333 -0.66524454  0.53737612  2.55505148  1.93743022  4.0990881
  5.30132673 31.00343696]
 Average call time: 1.39 sec | Current time: 2019-04-18 17:38:19.450311
 --------------------------
iter: 179 | nc: 1 | ncalls: 619 | bounds: 0 | eff(%): 28.918 | logz: -1.3e+05 +/- 1.3e-01 | dlogz: 128893.361 >  0.500
 loglike: -1.3e+05 | params: [-0.94017452 -0.74851725 -0.79808075  1.85862205  3.86850348  1.7634244
  5.20509743 30.90507391]
 Average call time: 1.42 sec | Current time: 2019-04-18 17:38:20.869127
 --------------------------
iter: 180 | nc: 5 | ncalls: 624 | bounds: 0 | eff(%): 28.846 | logz: -1.3e+05 +/- 1.3e-01 | dlogz: 128812.170 >  0.500
 loglike: -1.3e+05 | params: [-0.67981709 -1.66795007 -1.12550135  3.31448281  2.75078723  5.35597496
  3.89777785 32.56201045]
 Average call time: 1.48 sec | Current time: 2019-04-18 17:38:28.257414
 --------------------------
iter: 181 | nc: 1 | ncalls: 625 | bounds: 0 | eff(%): 28.960 | logz: -1.3e+05 +/- 1.3e-01 | dlogz: 128712.697 >  0.500
 loglike: -1.3e+05 | params: [-0.95097247 -1.704739    2.33710679  0.50630789  0.87824611  5.53562214
  3.38641864 32.75487567]
 Average call time: 1.44 sec | Current time: 2019-04-18 17:38:29.699977
 --------------------------
iter: 182 | nc: 2 | ncalls: 627 | bounds: 0 | eff(%): 29.027 | logz: -1.3e+05 +/- 1.3e-01 | dlogz: 128703.123 >  0.500
 loglike: -1.3e+05 | params: [ 0.39924048 -0.76078241 -0.68453946  2.35422724  3.91207426  4.57403519
  4.49837748 29.54100737]
 Average call time: 1.39 sec | Current time: 2019-04-18 17:38:32.472011
 --------------------------
iter: 183 | nc: 1 | ncalls: 628 | bounds: 0 | eff(%): 29.140 | logz: -1.3e+05 +/- 1.3e-01 | dlogz: 128663.172 >  0.500
 loglike: -1.3e+05 | params: [-0.24404946 -1.3947179   1.69069761  0.84199449  2.49830026  4.9375465
  5.00802459 30.96676592]
 Average call time: 1.62 sec | Current time: 2019-04-18 17:38:34.096864
 --------------------------
iter: 184 | nc: 1 | ncalls: 629 | bounds: 0 | eff(%): 29.253 | logz: -1.3e+05 +/- 1.3e-01 | dlogz: 128550.217 >  0.500
 loglike: -1.3e+05 | params: [ 0.48617858 -1.0769443   2.07658988  1.60527163  2.90594859  4.98564063
  5.11961942 29.58750775]
 Average call time: 1.69 sec | Current time: 2019-04-18 17:38:35.782351
 --------------------------
iter: 185 | nc: 1 | ncalls: 630 | bounds: 0 | eff(%): 29.365 | logz: -1.3e+05 +/- 1.3e-01 | dlogz: 128499.053 >  0.500
 loglike: -1.3e+05 | params: [-0.59649197 -1.19728143  2.15846466  2.1334602   1.8463735   3.76311574
  5.31693988 29.07991191]
 Average call time: 1.28 sec | Current time: 2019-04-18 17:38:37.058331
 --------------------------
iter: 186 | nc: 1 | ncalls: 631 | bounds: 0 | eff(%): 29.477 | logz: -1.3e+05 +/- 1.3e-01 | dlogz: 128468.593 >  0.500
 loglike: -1.3e+05 | params: [-0.57689533 -1.49750605 -0.9322042   2.80960939  2.41335939  4.25278273
  4.95679205 30.48370731]
 Average call time: 1.61 sec | Current time: 2019-04-18 17:38:38.671112
 --------------------------
iter: 187 | nc: 2 | ncalls: 633 | bounds: 0 | eff(%): 29.542 | logz: -1.3e+05 +/- 1.3e-01 | dlogz: 128462.707 >  0.500
 loglike: -1.3e+05 | params: [ 0.27347851 -0.63298408  2.33329224  3.23512731  3.72731836  2.62316444
  5.8075668  31.47051236]
 Average call time: 1.57 sec | Current time: 2019-04-18 17:38:41.810558
 --------------------------
iter: 188 | nc: 1 | ncalls: 634 | bounds: 0 | eff(%): 29.653 | logz: -1.3e+05 +/- 1.3e-01 | dlogz: 128452.189 >  0.500
 loglike: -1.3e+05 | params: [ 0.15231705 -1.55009534  0.92121078  0.74479252  2.15065877  4.84865091
  2.85100193 29.91993896]
 Average call time: 1.42 sec | Current time: 2019-04-18 17:38:43.230547
 --------------------------
iter: 189 | nc: 1 | ncalls: 635 | bounds: 0 | eff(%): 29.764 | logz: -1.3e+05 +/- 1.3e-01 | dlogz: 128397.538 >  0.500
 loglike: -1.3e+05 | params: [ 0.20210144 -1.48402837  0.07525274  1.17249841  2.14805232  3.9265668
  4.90577792 29.70846995]
 Average call time: 1.43 sec | Current time: 2019-04-18 17:38:44.664000
 --------------------------
iter: 190 | nc: 1 | ncalls: 636 | bounds: 0 | eff(%): 29.874 | logz: -1.3e+05 +/- 1.3e-01 | dlogz: 128301.173 >  0.500
 loglike: -1.3e+05 | params: [-0.80159965 -0.53827817 -0.54377182  2.80761244  2.30491686  4.68090853
  3.64712805 29.06070036]
 Average call time: 1.46 sec | Current time: 2019-04-18 17:38:46.123677
 --------------------------
iter: 191 | nc: 1 | ncalls: 637 | bounds: 0 | eff(%): 29.984 | logz: -1.3e+05 +/- 1.3e-01 | dlogz: 128062.801 >  0.500
 loglike: -1.3e+05 | params: [-0.76138424 -1.34089417  1.25100772  3.4664452   1.80422146  4.88512684
  4.99610544 31.86020997]
 Average call time: 1.56 sec | Current time: 2019-04-18 17:38:47.682686
 --------------------------
iter: 192 | nc: 3 | ncalls: 640 | bounds: 0 | eff(%): 30.000 | logz: -1.3e+05 +/- 1.3e-01 | dlogz: 128040.856 >  0.500
 loglike: -1.3e+05 | params: [-0.74280211 -0.89437026 -0.75819465  1.2448123   2.79360562  2.02101081
  5.64503101 32.78221294]
 Average call time: 1.40 sec | Current time: 2019-04-18 17:38:51.879000
 --------------------------
iter: 193 | nc: 1 | ncalls: 641 | bounds: 0 | eff(%): 30.109 | logz: -1.3e+05 +/- 1.3e-01 | dlogz: 128038.557 >  0.500
 loglike: -1.3e+05 | params: [-0.98169987 -1.31450228  2.46069554  3.15031155  2.26958911  5.21881316
  3.33951639 30.21661495]
 Average call time: 1.37 sec | Current time: 2019-04-18 17:38:53.246245
 --------------------------
iter: 194 | nc: 2 | ncalls: 643 | bounds: 0 | eff(%): 30.171 | logz: -1.3e+05 +/- 1.3e-01 | dlogz: 128027.968 >  0.500
 loglike: -1.3e+05 | params: [ 0.36472535 -1.18874126  1.3453786   1.69052311  2.6299834   4.91838403
  4.78881423 30.88013023]
 Average call time: 1.43 sec | Current time: 2019-04-18 17:38:56.099774
 --------------------------
iter: 195 | nc: 1 | ncalls: 644 | bounds: 0 | eff(%): 30.280 | logz: -1.3e+05 +/- 1.3e-01 | dlogz: 127957.390 >  0.500
 loglike: -1.3e+05 | params: [-0.91037702 -1.74608311 -0.99019879  3.3903026   2.16590984  2.03413386
  5.0965734  31.00909351]
 Average call time: 1.42 sec | Current time: 2019-04-18 17:38:57.521393
 --------------------------
iter: 196 | nc: 1 | ncalls: 645 | bounds: 0 | eff(%): 30.388 | logz: -1.3e+05 +/- 1.2e-01 | dlogz: 127867.706 >  0.500
 loglike: -1.3e+05 | params: [ 0.27154389 -1.20545057  0.37208665 -0.16055542  0.97090805  4.82593382
  4.11464678 30.35687028]
 Average call time: 1.58 sec | Current time: 2019-04-18 17:38:59.102561
 --------------------------
iter: 197 | nc: 1 | ncalls: 646 | bounds: 0 | eff(%): 30.495 | logz: -1.3e+05 +/- 1.3e-01 | dlogz: 127866.076 >  0.500
 loglike: -1.3e+05 | params: [ 0.21522525 -1.78798543 -0.94166604  1.19641621  4.25143762  4.37550508
  2.52606419 29.85128756]
 Average call time: 1.46 sec | Current time: 2019-04-18 17:39:00.559464
 --------------------------
iter: 198 | nc: 1 | ncalls: 647 | bounds: 0 | eff(%): 30.603 | logz: -1.3e+05 +/- 1.3e-01 | dlogz: 127756.569 >  0.500
 loglike: -1.3e+05 | params: [-0.34376087 -0.54361201  1.82913163  0.29331868  4.08498906  4.91977938
  4.00646094 29.56228258]
 Average call time: 1.54 sec | Current time: 2019-04-18 17:39:02.104332
 --------------------------
iter: 199 | nc: 2 | ncalls: 649 | bounds: 0 | eff(%): 30.663 | logz: -1.3e+05 +/- 1.3e-01 | dlogz: 127737.850 >  0.500
 loglike: -1.3e+05 | params: [-0.29852055 -1.5449407   2.39228087  1.53003386  3.12017054  3.17161784
  5.50608992 29.85187139]
 Average call time: 1.50 sec | Current time: 2019-04-18 17:39:05.104301
 --------------------------
iter: 200 | nc: 1 | ncalls: 650 | bounds: 0 | eff(%): 30.769 | logz: -1.3e+05 +/- 1.3e-01 | dlogz: 127680.236 >  0.500
 loglike: -1.3e+05 | params: [ 0.47016345 -1.3152384  -1.04283694  3.30490679  1.04550136  4.74531933
  2.9785411  29.98003957]
 Average call time: 1.58 sec | Current time: 2019-04-18 17:39:06.683801
 --------------------------
iter: 201 | nc: 1 | ncalls: 651 | bounds: 0 | eff(%): 30.876 | logz: -1.3e+05 +/- 1.3e-01 | dlogz: 127675.374 >  0.500
 loglike: -1.3e+05 | params: [ 0.49679942 -1.27848238  1.16028581  1.56550011  3.91749098  4.5171823
  4.72043751 30.13163822]
 Average call time: 1.58 sec | Current time: 2019-04-18 17:39:08.263155
 --------------------------
iter: 202 | nc: 1 | ncalls: 652 | bounds: 0 | eff(%): 30.982 | logz: -1.3e+05 +/- 1.3e-01 | dlogz: 127648.294 >  0.500
 loglike: -1.3e+05 | params: [-0.44395172 -0.66936737 -1.08366613  1.9283296   1.6817574   2.61623113
  4.98565963 29.83049282]
 Average call time: 1.27 sec | Current time: 2019-04-18 17:39:09.537368
 --------------------------
iter: 203 | nc: 3 | ncalls: 655 | bounds: 0 | eff(%): 30.992 | logz: -1.3e+05 +/- 1.3e-01 | dlogz: 127608.193 >  0.500
 loglike: -1.3e+05 | params: [-0.98470352 -1.13465766 -0.69731082  0.21807183  1.14842192  4.59366966
  3.30482112 29.46678106]
 Average call time: 1.45 sec | Current time: 2019-04-18 17:39:13.891472
 --------------------------
iter: 204 | nc: 1 | ncalls: 656 | bounds: 0 | eff(%): 31.098 | logz: -1.3e+05 +/- 1.3e-01 | dlogz: 127597.041 >  0.500
 loglike: -1.3e+05 | params: [ 0.1755833  -1.09100322  2.22068083  0.10996399  2.55887705  5.27077385
  4.88618024 31.23732695]
 Average call time: 1.53 sec | Current time: 2019-04-18 17:39:15.425518
 --------------------------
iter: 205 | nc: 2 | ncalls: 658 | bounds: 0 | eff(%): 31.155 | logz: -1.3e+05 +/- 1.3e-01 | dlogz: 127556.727 >  0.500
 loglike: -1.3e+05 | params: [-0.99829766 -1.70116623  0.75278557  2.79751141  4.03042066  2.55006824
  5.03095228 31.35204598]
 Average call time: 1.41 sec | Current time: 2019-04-18 17:39:18.253707
 --------------------------
iter: 206 | nc: 1 | ncalls: 659 | bounds: 0 | eff(%): 31.259 | logz: -1.3e+05 +/- 1.3e-01 | dlogz: 127513.440 >  0.500
 loglike: -1.3e+05 | params: [ 0.25970915 -1.9660432   1.62700733  2.85573112  1.56022329  2.37259432
  5.1579051  29.73652061]
 Average call time: 1.32 sec | Current time: 2019-04-18 17:39:19.569703
 --------------------------
iter: 207 | nc: 1 | ncalls: 660 | bounds: 0 | eff(%): 31.364 | logz: -1.3e+05 +/- 1.3e-01 | dlogz: 127464.270 >  0.500
 loglike: -1.3e+05 | params: [-0.19231352 -1.7031922   2.1486799   2.01795703  0.72904692  3.37765389
  5.43150272 30.46479389]
 Average call time: 1.45 sec | Current time: 2019-04-18 17:39:21.016319
 --------------------------
iter: 208 | nc: 1 | ncalls: 661 | bounds: 0 | eff(%): 31.467 | logz: -1.3e+05 +/- 1.3e-01 | dlogz: 127415.460 >  0.500
 loglike: -1.3e+05 | params: [ 0.18388717 -1.85223273  0.50301677  1.28889009  3.70666348  4.4564418
  3.85553758 29.09854534]
 Average call time: 1.52 sec | Current time: 2019-04-18 17:39:22.538981
 --------------------------
iter: 209 | nc: 1 | ncalls: 662 | bounds: 0 | eff(%): 31.571 | logz: -1.3e+05 +/- 1.3e-01 | dlogz: 127405.088 >  0.500
 loglike: -1.3e+05 | params: [-0.48609031 -1.99078379  0.48789201  2.95438924  3.07892936  3.78868541
  4.69244225 29.0559366 ]
 Average call time: 1.25 sec | Current time: 2019-04-18 17:39:23.789683
 --------------------------
iter: 210 | nc: 1 | ncalls: 663 | bounds: 0 | eff(%): 31.674 | logz: -1.3e+05 +/- 1.3e-01 | dlogz: 127265.253 >  0.500
 loglike: -1.3e+05 | params: [ 0.13956658 -1.69151438  2.09604967  2.86563013  1.08092578  5.14682822
  2.8077901  29.80875378]
 Average call time: 1.51 sec | Current time: 2019-04-18 17:39:25.299145
 --------------------------
iter: 211 | nc: 1 | ncalls: 664 | bounds: 0 | eff(%): 31.777 | logz: -1.3e+05 +/- 1.3e-01 | dlogz: 127254.751 >  0.500
 loglike: -1.3e+05 | params: [-0.77168664 -1.01864887 -0.74453771  1.58280829  4.30571541  2.13864943
  2.67664997 29.27148911]
 Average call time: 1.39 sec | Current time: 2019-04-18 17:39:26.693272
 --------------------------
iter: 212 | nc: 4 | ncalls: 668 | bounds: 0 | eff(%): 31.737 | logz: -1.3e+05 +/- 1.3e-01 | dlogz: 127198.163 >  0.500
 loglike: -1.3e+05 | params: [-1.63232676e-02 -1.53185031e+00  9.94159049e-01  9.56960303e-01
  2.70767697e+00  4.80789308e+00  3.60748795e+00  3.03512318e+01]
 Average call time: 1.52 sec | Current time: 2019-04-18 17:39:32.753780
 --------------------------
iter: 213 | nc: 1 | ncalls: 669 | bounds: 0 | eff(%): 31.839 | logz: -1.3e+05 +/- 1.3e-01 | dlogz: 127116.470 >  0.500
 loglike: -1.3e+05 | params: [-0.38084678 -1.34229753 -0.80110186  3.58723075  4.27455201  5.13835492
  2.86454517 32.69914644]
 Average call time: 1.30 sec | Current time: 2019-04-18 17:39:34.049720
 --------------------------
iter: 214 | nc: 1 | ncalls: 670 | bounds: 0 | eff(%): 31.940 | logz: -1.3e+05 +/- 1.3e-01 | dlogz: 127085.173 >  0.500
 loglike: -1.3e+05 | params: [ 0.042323   -1.62926593  1.20060695  2.35694114  2.47655076  4.71911253
  2.48107583 29.50059147]
 Average call time: 1.65 sec | Current time: 2019-04-18 17:39:35.697281
 --------------------------
iter: 215 | nc: 1 | ncalls: 671 | bounds: 0 | eff(%): 32.042 | logz: -1.3e+05 +/- 1.3e-01 | dlogz: 126818.473 >  0.500
 loglike: -1.3e+05 | params: [-0.27927776 -1.03411035  1.22019347  2.81098483  1.52287383  3.57813388
  5.16317504 31.03987942]
 Average call time: 1.57 sec | Current time: 2019-04-18 17:39:37.265648
 --------------------------
iter: 216 | nc: 1 | ncalls: 672 | bounds: 0 | eff(%): 32.143 | logz: -1.3e+05 +/- 1.3e-01 | dlogz: 126770.409 >  0.500
 loglike: -1.3e+05 | params: [ 0.20322146 -1.78434976  1.55073166  2.58453803  1.25143803  5.30806357
  4.2040973  32.63726384]
 Average call time: 1.42 sec | Current time: 2019-04-18 17:39:38.685973
 --------------------------
iter: 217 | nc: 2 | ncalls: 674 | bounds: 0 | eff(%): 32.196 | logz: -1.3e+05 +/- 1.3e-01 | dlogz: 126715.237 >  0.500
 loglike: -1.3e+05 | params: [ 2.67969951e-01 -1.76668099e+00 -5.87296368e-01 -1.04405328e-02
  4.24426109e+00  3.80187315e+00  3.71552359e+00  2.95373407e+01]
 Average call time: 1.44 sec | Current time: 2019-04-18 17:39:41.571717
 --------------------------
iter: 218 | nc: 1 | ncalls: 675 | bounds: 0 | eff(%): 32.296 | logz: -1.3e+05 +/- 1.3e-01 | dlogz: 126691.807 >  0.500
 loglike: -1.3e+05 | params: [-0.52558342 -0.73155711 -0.8789127   1.58962807  2.73478     4.32679378
  4.87916507 30.57901796]
 Average call time: 1.61 sec | Current time: 2019-04-18 17:39:43.181941
 --------------------------
iter: 219 | nc: 1 | ncalls: 676 | bounds: 0 | eff(%): 32.396 | logz: -1.3e+05 +/- 1.3e-01 | dlogz: 126639.533 >  0.500
 loglike: -1.3e+05 | params: [-0.95716295 -1.78950407  0.33368054  3.0746037   2.19783508  4.38292588
  4.98745566 31.62353211]
 Average call time: 1.48 sec | Current time: 2019-04-18 17:39:44.659829
 --------------------------
iter: 220 | nc: 1 | ncalls: 677 | bounds: 0 | eff(%): 32.496 | logz: -1.3e+05 +/- 1.3e-01 | dlogz: 126572.316 >  0.500
 loglike: -1.3e+05 | params: [-4.62216673e-01 -1.71742447e+00  1.42467865e+00 -1.94690061e-02
  1.99517895e+00  4.94130477e+00  2.92994289e+00  3.11654532e+01]
 Average call time: 1.32 sec | Current time: 2019-04-18 17:39:45.982407
 --------------------------
iter: 221 | nc: 1 | ncalls: 678 | bounds: 0 | eff(%): 32.596 | logz: -1.3e+05 +/- 1.3e-01 | dlogz: 126562.328 >  0.500
 loglike: -1.3e+05 | params: [-2.45797166e-02 -1.88501575e+00  7.66338411e-01  3.52409066e+00
  2.87797035e+00  4.62995615e+00  3.62068407e+00  3.01727283e+01]
 Average call time: 1.31 sec | Current time: 2019-04-18 17:39:47.295066
 --------------------------
iter: 222 | nc: 2 | ncalls: 680 | bounds: 0 | eff(%): 32.647 | logz: -1.3e+05 +/- 1.3e-01 | dlogz: 126560.319 >  0.500
 loglike: -1.3e+05 | params: [-0.84509073 -1.27202645  1.43231646  0.12979217  3.70511883  4.71444718
  2.68018771 30.28967145]
 Average call time: 1.35 sec | Current time: 2019-04-18 17:39:49.985077
 --------------------------
iter: 223 | nc: 1 | ncalls: 681 | bounds: 0 | eff(%): 32.746 | logz: -1.3e+05 +/- 1.3e-01 | dlogz: 126531.902 >  0.500
 loglike: -1.3e+05 | params: [ 0.12239432 -1.21307238 -0.10327333  0.67897581  2.39122625  5.3364217
  4.73205339 32.95897846]
 Average call time: 1.45 sec | Current time: 2019-04-18 17:39:51.431754
 --------------------------
iter: 224 | nc: 1 | ncalls: 682 | bounds: 0 | eff(%): 32.845 | logz: -1.3e+05 +/- 1.3e-01 | dlogz: 126463.889 >  0.500
 loglike: -1.3e+05 | params: [-0.66515504 -1.5105259   1.71083248 -0.21383721  2.39220013  4.88054284
  5.26732189 32.72090732]
 Average call time: 1.33 sec | Current time: 2019-04-18 17:39:52.757644
 --------------------------
iter: 225 | nc: 2 | ncalls: 684 | bounds: 0 | eff(%): 32.895 | logz: -1.3e+05 +/- 1.3e-01 | dlogz: 126444.610 >  0.500
 loglike: -1.3e+05 | params: [-0.97017352 -1.84154365  0.38902692  2.73240688  3.73879837  4.39678083
  4.63448312 31.08959069]
 Average call time: 1.62 sec | Current time: 2019-04-18 17:39:55.993384
 --------------------------
iter: 226 | nc: 1 | ncalls: 685 | bounds: 0 | eff(%): 32.993 | logz: -1.3e+05 +/- 1.3e-01 | dlogz: 126425.139 >  0.500
 loglike: -1.3e+05 | params: [-0.38278643 -1.68026472 -0.08855309  2.25793816  1.36913781  4.80731682
  2.51106321 30.92140556]
 Average call time: 1.43 sec | Current time: 2019-04-18 17:39:57.423487
 --------------------------
iter: 227 | nc: 1 | ncalls: 686 | bounds: 0 | eff(%): 33.090 | logz: -1.3e+05 +/- 1.3e-01 | dlogz: 126419.372 >  0.500
 loglike: -1.3e+05 | params: [-0.50162023 -1.14899843  1.53228163  0.13395469  0.59147851  5.05977773
  4.95541581 32.47861261]
 Average call time: 1.45 sec | Current time: 2019-04-18 17:39:58.874171
 --------------------------
iter: 228 | nc: 1 | ncalls: 687 | bounds: 0 | eff(%): 33.188 | logz: -1.3e+05 +/- 1.3e-01 | dlogz: 126391.973 >  0.500
 loglike: -1.3e+05 | params: [-0.9321197  -1.48632273  0.15534367  3.74956575  4.15308789  2.1331695
  4.5089545  30.9089815 ]
 Average call time: 1.43 sec | Current time: 2019-04-18 17:40:00.307486
 --------------------------
iter: 229 | nc: 2 | ncalls: 689 | bounds: 0 | eff(%): 33.237 | logz: -1.3e+05 +/- 1.3e-01 | dlogz: 126321.795 >  0.500
 loglike: -1.3e+05 | params: [-0.0570591  -1.63695904  0.43216958  2.20044549  1.90848205  4.52043188
  2.62347749 29.1714924 ]
 Average call time: 1.48 sec | Current time: 2019-04-18 17:40:03.267672
 --------------------------
iter: 230 | nc: 3 | ncalls: 692 | bounds: 0 | eff(%): 33.237 | logz: -1.3e+05 +/- 1.3e-01 | dlogz: 126284.854 >  0.500
 loglike: -1.3e+05 | params: [-0.91967277 -1.68019079  1.30360307  2.83090592  3.38035938  1.83232589
  4.91013076 30.38528035]
 Average call time: 1.60 sec | Current time: 2019-04-18 17:40:08.076226
 --------------------------
iter: 231 | nc: 1 | ncalls: 693 | bounds: 0 | eff(%): 33.333 | logz: -1.3e+05 +/- 1.3e-01 | dlogz: 126257.400 >  0.500
 loglike: -1.3e+05 | params: [-0.80489344 -1.38852558  2.42655922  0.48845422  3.98847535  3.92129482
  5.43545264 31.69781899]
 Average call time: 1.33 sec | Current time: 2019-04-18 17:40:09.402613
 --------------------------
iter: 232 | nc: 3 | ncalls: 696 | bounds: 0 | eff(%): 33.333 | logz: -1.3e+05 +/- 1.3e-01 | dlogz: 126248.993 >  0.500
 loglike: -1.3e+05 | params: [-0.97129305 -0.9222574  -0.70251533  2.38838353  2.11715105  4.68066229
  3.27317727 30.35118448]
 Average call time: 1.51 sec | Current time: 2019-04-18 17:40:13.921856
 --------------------------
iter: 233 | nc: 2 | ncalls: 698 | bounds: 0 | eff(%): 33.381 | logz: -1.3e+05 +/- 1.3e-01 | dlogz: 126226.640 >  0.500
 loglike: -1.3e+05 | params: [-0.794757   -0.95288122  1.79214686 -0.06277166  1.79548209  1.7415766
  5.05126772 29.69696417]
 Average call time: 1.45 sec | Current time: 2019-04-18 17:40:16.826800
 --------------------------
iter: 234 | nc: 1 | ncalls: 699 | bounds: 0 | eff(%): 33.476 | logz: -1.3e+05 +/- 1.3e-01 | dlogz: 126172.519 >  0.500
 loglike: -1.3e+05 | params: [-0.05386573 -1.57179001 -0.7622252  -0.18036439  1.72889209  3.54587375
  4.62029847 29.1441575 ]
 Average call time: 1.38 sec | Current time: 2019-04-18 17:40:18.203973
 --------------------------
iter: 235 | nc: 1 | ncalls: 700 | bounds: 0 | eff(%): 33.571 | logz: -1.3e+05 +/- 1.3e-01 | dlogz: 126071.668 >  0.500
 loglike: -1.3e+05 | params: [-0.93555141 -1.9881124  -0.98751299  0.37603861  1.60593163  5.11460764
  3.88015882 32.78133629]
 Average call time: 1.52 sec | Current time: 2019-04-18 17:40:19.728634
 --------------------------
iter: 236 | nc: 3 | ncalls: 703 | bounds: 0 | eff(%): 33.570 | logz: -1.3e+05 +/- 1.3e-01 | dlogz: 125997.002 >  0.500
 loglike: -1.3e+05 | params: [-0.03509362 -1.42292617 -0.71876145  3.58233261  1.48632761  4.5225038
  2.81290363 29.92108462]
 Average call time: 1.49 sec | Current time: 2019-04-18 17:40:24.213489
 --------------------------
iter: 237 | nc: 3 | ncalls: 706 | bounds: 0 | eff(%): 33.569 | logz: -1.3e+05 +/- 1.3e-01 | dlogz: 125946.628 >  0.500
 loglike: -1.3e+05 | params: [ 0.33018265 -1.15479187 -0.07300973  1.2123867   0.46107059  4.65597558
  3.55344735 30.09728375]
 Average call time: 1.40 sec | Current time: 2019-04-18 17:40:28.412051
 --------------------------
iter: 238 | nc: 2 | ncalls: 708 | bounds: 0 | eff(%): 33.616 | logz: -1.3e+05 +/- 1.3e-01 | dlogz: 125796.504 >  0.500
 loglike: -1.3e+05 | params: [ 4.12297288e-01 -7.25939647e-01  6.24536883e-01  2.10958157e-02
  1.59560896e+00  2.65625488e+00  5.62395807e+00  3.20699197e+01]
 Average call time: 1.30 sec | Current time: 2019-04-18 17:40:31.017438
 --------------------------
iter: 239 | nc: 4 | ncalls: 712 | bounds: 0 | eff(%): 33.567 | logz: -1.3e+05 +/- 1.3e-01 | dlogz: 125767.737 >  0.500
 loglike: -1.3e+05 | params: [-0.51546002 -1.81276527 -0.58877664  0.0885893   2.22833567  5.04312675
  2.85295516 32.41195026]
 Average call time: 1.49 sec | Current time: 2019-04-18 17:40:36.967071
 --------------------------
iter: 240 | nc: 1 | ncalls: 713 | bounds: 0 | eff(%): 33.661 | logz: -1.3e+05 +/- 1.3e-01 | dlogz: 125627.548 >  0.500
 loglike: -1.3e+05 | params: [ 0.30917988 -1.23793833  2.66582713  1.47107395  2.46431532  5.39557051
  4.49480667 30.50093076]
 Average call time: 1.58 sec | Current time: 2019-04-18 17:40:38.547328
 --------------------------
iter: 241 | nc: 1 | ncalls: 714 | bounds: 0 | eff(%): 33.754 | logz: -1.3e+05 +/- 1.3e-01 | dlogz: 125598.704 >  0.500
 loglike: -1.3e+05 | params: [ 0.06546129 -1.46342224  0.24599049  2.05945105  4.11001114  2.47346528
  5.15513853 32.04225823]
 Average call time: 1.44 sec | Current time: 2019-04-18 17:40:39.988119
 --------------------------
iter: 242 | nc: 1 | ncalls: 715 | bounds: 0 | eff(%): 33.846 | logz: -1.3e+05 +/- 1.3e-01 | dlogz: 125536.388 >  0.500
 loglike: -1.3e+05 | params: [-0.19631867 -1.5927996  -1.12858873  2.27455516  2.45707145  1.77641631
  5.46542536 32.95339905]
 Average call time: 1.45 sec | Current time: 2019-04-18 17:40:41.438561
 --------------------------
iter: 243 | nc: 1 | ncalls: 716 | bounds: 0 | eff(%): 33.939 | logz: -1.3e+05 +/- 1.3e-01 | dlogz: 125507.008 >  0.500
 loglike: -1.3e+05 | params: [-0.40796712 -1.9534256   1.04104714  3.16721978  4.18222506  4.34050825
  2.74018447 30.64031177]
 Average call time: 1.55 sec | Current time: 2019-04-18 17:40:42.987449
 --------------------------
iter: 244 | nc: 1 | ncalls: 717 | bounds: 0 | eff(%): 34.031 | logz: -1.3e+05 +/- 1.3e-01 | dlogz: 125503.437 >  0.500
 loglike: -1.3e+05 | params: [ 0.13525569 -1.98119563 -0.77687241  3.5998713   3.1015161   4.58251426
  3.09434402 30.72145296]
 Average call time: 1.49 sec | Current time: 2019-04-18 17:40:44.474777
 --------------------------
