iter: 2368 | nc: 279 | ncalls: 32288 | bounds: 247 | eff(%):  7.334 | logz: -1.1e+04 +/- 1.8e-01 | dlogz: 11196.094 >  0.500
 loglike: -1.1e+04 | params: [-0.76224032 -1.01292286  0.63906098  2.28744814  2.94520978  3.57058892
  4.85595059 31.74043167]
 Average call time: 0.51 sec | Current time: 2019-04-18 21:35:52.753898
 --------------------------
iter: 2369 | nc: 39 | ncalls: 32327 | bounds: 247 | eff(%):  7.328 | logz: -1.1e+04 +/- 1.8e-01 | dlogz: 11187.822 >  0.500
 loglike: -1.1e+04 | params: [ 1.35910200e-02 -1.26371986e+00 -3.38619428e-01  2.00618035e+00
  3.16384186e+00  2.88589418e+00  4.49908824e+00  3.05395289e+01]
 Average call time: 0.51 sec | Current time: 2019-04-18 21:36:12.707143
 --------------------------
iter: 2370 | nc: 121 | ncalls: 32448 | bounds: 249 | eff(%):  7.304 | logz: -1.1e+04 +/- 1.8e-01 | dlogz: 11182.007 >  0.500
 loglike: -1.1e+04 | params: [-0.2224351  -1.02832068  0.06335421  2.98581754  1.07308636  1.65666047
  4.72713339 31.22808455]
 Average call time: 0.50 sec | Current time: 2019-04-18 21:37:13.477700
 --------------------------
iter: 2371 | nc: 27 | ncalls: 32475 | bounds: 249 | eff(%):  7.301 | logz: -1.1e+04 +/- 1.8e-01 | dlogz: 11157.861 >  0.500
 loglike: -1.1e+04 | params: [-0.14469748 -0.81565237  1.93572561  2.41818452  3.98616046  4.2590629
  3.10572537 31.44795226]
 Average call time: 0.47 sec | Current time: 2019-04-18 21:37:26.107666
 --------------------------
