Using pcmdpy version 0.9.0
Loading Setup File: setup_files/M87v2/M87_model11.py
(2, 36907)
Running Nested Sampling
-initializing models
-Saving initial results dataframe
iter: 1 | nc: 1 | ncalls: 401 | bounds: 0 | eff(%):  0.249 | logz: -1.5e+05 +/- 1.3e-01 | dlogz:    inf >  0.500
 loglike: -1.5e+05 | params: [-0.59412366 -1.21654508 -0.87299811  2.6207595   3.91243198  3.87681074
  6.4134606  29.71495908]
 Average call time: 2.68 sec | Current time: 2019-04-18 17:34:26.036237
 --------------------------
iter: 2 | nc: 1 | ncalls: 402 | bounds: 0 | eff(%):  0.498 | logz: -1.5e+05 +/- 1.3e-01 | dlogz: 153924.548 >  0.500
 loglike: -1.5e+05 | params: [ 0.14012184 -0.75109437  0.97346224  1.94162304  2.72815759  1.70921008
  6.39194171 29.2830969 ]
 Average call time: 2.22 sec | Current time: 2019-04-18 17:34:28.257979
 --------------------------
iter: 3 | nc: 1 | ncalls: 403 | bounds: 0 | eff(%):  0.744 | logz: -1.5e+05 +/- 1.3e-01 | dlogz: 153701.352 >  0.500
 loglike: -1.5e+05 | params: [ 0.47626545 -1.08418978  1.34048124  2.38407344  2.58557884  2.35151346
  6.35943976 29.38374654]
 Average call time: 2.41 sec | Current time: 2019-04-18 17:34:30.664997
 --------------------------
iter: 4 | nc: 1 | ncalls: 404 | bounds: 0 | eff(%):  0.990 | logz: -1.5e+05 +/- 1.3e-01 | dlogz: 153337.229 >  0.500
 loglike: -1.5e+05 | params: [-0.19677719 -1.332803   -1.17786752  2.19016616  4.2354557   5.47895898
  6.15564952 29.73871933]
 Average call time: 2.48 sec | Current time: 2019-04-18 17:34:33.144343
 --------------------------
iter: 5 | nc: 1 | ncalls: 405 | bounds: 0 | eff(%):  1.235 | logz: -1.5e+05 +/- 1.3e-01 | dlogz: 153090.426 >  0.500
 loglike: -1.5e+05 | params: [-0.74481655 -0.92242733  2.21287833  0.28345182  4.27249285  4.62545554
  6.1022441  29.15081136]
 Average call time: 2.20 sec | Current time: 2019-04-18 17:34:35.340568
 --------------------------
iter: 6 | nc: 1 | ncalls: 406 | bounds: 0 | eff(%):  1.478 | logz: -1.5e+05 +/- 1.3e-01 | dlogz: 152839.794 >  0.500
 loglike: -1.5e+05 | params: [-0.4380919  -1.90539084  0.44952388  2.6450965   3.44839316  2.38606564
  5.88701736 29.11488781]
 Average call time: 2.44 sec | Current time: 2019-04-18 17:34:37.784517
 --------------------------
iter: 7 | nc: 1 | ncalls: 407 | bounds: 0 | eff(%):  1.720 | logz: -1.5e+05 +/- 1.3e-01 | dlogz: 152481.106 >  0.500
 loglike: -1.5e+05 | params: [-0.41415881 -0.77647467  2.62826441  3.44866913  0.77218766  2.08240713
  6.35737141 29.57767345]
 Average call time: 2.28 sec | Current time: 2019-04-18 17:34:40.066003
 --------------------------
iter: 8 | nc: 1 | ncalls: 408 | bounds: 0 | eff(%):  1.961 | logz: -1.5e+05 +/- 1.3e-01 | dlogz: 152379.320 >  0.500
 loglike: -1.5e+05 | params: [ 0.35481962 -0.88112748  0.12752391 -0.19641278  3.02125797  4.71314416
  6.14200461 29.43766487]
 Average call time: 2.42 sec | Current time: 2019-04-18 17:34:42.483285
 --------------------------
iter: 9 | nc: 1 | ncalls: 409 | bounds: 0 | eff(%):  2.200 | logz: -1.5e+05 +/- 1.3e-01 | dlogz: 152289.218 >  0.500
 loglike: -1.5e+05 | params: [-0.9063676  -1.61096434  0.86240615  1.73778767  4.10610083  1.83027992
  6.26182488 30.36039266]
 Average call time: 2.45 sec | Current time: 2019-04-18 17:34:44.930858
 --------------------------
iter: 10 | nc: 1 | ncalls: 410 | bounds: 0 | eff(%):  2.439 | logz: -1.5e+05 +/- 1.3e-01 | dlogz: 152162.666 >  0.500
 loglike: -1.5e+05 | params: [ 0.49157305 -1.14941677  2.1799342   0.13089757  1.05192231  2.93102225
  6.25444849 29.41479321]
 Average call time: 2.74 sec | Current time: 2019-04-18 17:34:47.668070
 --------------------------
iter: 11 | nc: 1 | ncalls: 411 | bounds: 0 | eff(%):  2.676 | logz: -1.5e+05 +/- 1.3e-01 | dlogz: 152149.980 >  0.500
 loglike: -1.5e+05 | params: [-0.16082846 -1.85898212  1.89546988  1.80988992  1.13682311  4.19474602
  6.16802606 29.79247338]
 Average call time: 2.27 sec | Current time: 2019-04-18 17:34:49.942175
 --------------------------
iter: 12 | nc: 1 | ncalls: 412 | bounds: 0 | eff(%):  2.913 | logz: -1.5e+05 +/- 1.3e-01 | dlogz: 151868.016 >  0.500
 loglike: -1.5e+05 | params: [ 0.45365872 -0.87604802  2.46463336  0.11985911  3.71365665  4.53411539
  6.28131757 29.45866832]
 Average call time: 2.40 sec | Current time: 2019-04-18 17:34:52.338157
 --------------------------
iter: 13 | nc: 1 | ncalls: 413 | bounds: 0 | eff(%):  3.148 | logz: -1.5e+05 +/- 1.3e-01 | dlogz: 151634.567 >  0.500
 loglike: -1.5e+05 | params: [-0.37115528 -1.14700008 -1.09946949  3.74874931  2.85228648  4.72645755
  6.16088882 30.36647424]
 Average call time: 2.18 sec | Current time: 2019-04-18 17:34:54.519215
 --------------------------
iter: 14 | nc: 1 | ncalls: 414 | bounds: 0 | eff(%):  3.382 | logz: -1.5e+05 +/- 1.3e-01 | dlogz: 151609.217 >  0.500
 loglike: -1.5e+05 | params: [-0.98817451 -1.0615595   1.04091411  0.70706949  3.11905396  5.5218195
  5.17235325 29.52096338]
 Average call time: 2.41 sec | Current time: 2019-04-18 17:34:56.927621
 --------------------------
iter: 15 | nc: 1 | ncalls: 415 | bounds: 0 | eff(%):  3.614 | logz: -1.5e+05 +/- 1.3e-01 | dlogz: 151421.322 >  0.500
 loglike: -1.5e+05 | params: [-0.05899446 -1.60746241  1.0638596   1.98582075  1.17763226  4.23691354
  6.20836183 30.42707074]
 Average call time: 2.17 sec | Current time: 2019-04-18 17:34:59.094829
 --------------------------
iter: 16 | nc: 1 | ncalls: 416 | bounds: 0 | eff(%):  3.846 | logz: -1.5e+05 +/- 1.3e-01 | dlogz: 151374.553 >  0.500
 loglike: -1.5e+05 | params: [ 0.26437443 -1.00772645  1.20280667  3.71758106  3.04116696  2.47044028
  6.10949466 30.0475424 ]
 Average call time: 2.48 sec | Current time: 2019-04-18 17:35:01.572888
 --------------------------
iter: 17 | nc: 1 | ncalls: 417 | bounds: 0 | eff(%):  4.077 | logz: -1.5e+05 +/- 1.3e-01 | dlogz: 151249.721 >  0.500
 loglike: -1.5e+05 | params: [-0.90816332 -1.96525887  0.76324553  0.83257689  2.15749266  5.50303009
  5.62663954 30.13650206]
 Average call time: 2.43 sec | Current time: 2019-04-18 17:35:03.999290
 --------------------------
iter: 18 | nc: 1 | ncalls: 418 | bounds: 0 | eff(%):  4.306 | logz: -1.5e+05 +/- 1.3e-01 | dlogz: 151241.091 >  0.500
 loglike: -1.5e+05 | params: [ 0.27713546 -1.38506299 -0.22072413  2.78537672  3.54057353  4.75775187
  6.22666176 30.60083294]
 Average call time: 2.60 sec | Current time: 2019-04-18 17:35:06.600430
 --------------------------
iter: 19 | nc: 1 | ncalls: 419 | bounds: 0 | eff(%):  4.535 | logz: -1.5e+05 +/- 1.3e-01 | dlogz: 151152.543 >  0.500
 loglike: -1.5e+05 | params: [-0.67715546 -1.97239851  2.18563071  0.21103301  1.38454472  5.57847163
  5.74703821 29.98022242]
 Average call time: 2.26 sec | Current time: 2019-04-18 17:35:08.865162
 --------------------------
iter: 20 | nc: 1 | ncalls: 420 | bounds: 0 | eff(%):  4.762 | logz: -1.5e+05 +/- 1.3e-01 | dlogz: 151108.895 >  0.500
 loglike: -1.5e+05 | params: [-0.80871565 -1.83070291  1.65534558  0.72371293  3.98255009  2.92264878
  5.93170517 29.94611806]
 Average call time: 2.44 sec | Current time: 2019-04-18 17:35:11.309493
 --------------------------
iter: 21 | nc: 1 | ncalls: 421 | bounds: 0 | eff(%):  4.988 | logz: -1.5e+05 +/- 1.3e-01 | dlogz: 151063.781 >  0.500
 loglike: -1.5e+05 | params: [-0.37174015 -1.16608943  0.27546169  0.4862053   2.3686313   3.38037837
  6.03443205 30.39319918]
 Average call time: 2.64 sec | Current time: 2019-04-18 17:35:13.946480
 --------------------------
iter: 22 | nc: 1 | ncalls: 422 | bounds: 0 | eff(%):  5.213 | logz: -1.5e+05 +/- 1.3e-01 | dlogz: 150808.525 >  0.500
 loglike: -1.5e+05 | params: [-0.36659602 -0.55920811  0.24763883  3.53902721  3.64899057  3.83101172
  6.19882366 30.58944134]
 Average call time: 2.46 sec | Current time: 2019-04-18 17:35:16.408135
 --------------------------
iter: 23 | nc: 1 | ncalls: 423 | bounds: 0 | eff(%):  5.437 | logz: -1.5e+05 +/- 1.3e-01 | dlogz: 150800.036 >  0.500
 loglike: -1.5e+05 | params: [ 0.1859818  -1.23591432  1.40311363  1.92503693  0.72125098  3.88003766
  5.71392583 29.0167594 ]
 Average call time: 2.49 sec | Current time: 2019-04-18 17:35:18.896699
 --------------------------
iter: 24 | nc: 1 | ncalls: 424 | bounds: 0 | eff(%):  5.660 | logz: -1.5e+05 +/- 1.3e-01 | dlogz: 150773.931 >  0.500
 loglike: -1.5e+05 | params: [ 4.91980743e-01 -1.73075320e+00  3.87506418e-03  2.03937842e+00
  4.13663901e-01  5.21118754e+00  6.34450001e+00  3.12275787e+01]
 Average call time: 2.26 sec | Current time: 2019-04-18 17:35:21.157306
 --------------------------
iter: 25 | nc: 2 | ncalls: 426 | bounds: 0 | eff(%):  5.869 | logz: -1.5e+05 +/- 1.3e-01 | dlogz: 150723.998 >  0.500
 loglike: -1.5e+05 | params: [-0.8604297  -1.22914016 -0.47664107  1.68729416  1.48435062  1.65052803
  5.98665909 30.49559387]
 Average call time: 2.63 sec | Current time: 2019-04-18 17:35:26.411872
 --------------------------
iter: 26 | nc: 2 | ncalls: 428 | bounds: 0 | eff(%):  6.075 | logz: -1.5e+05 +/- 1.3e-01 | dlogz: 150637.548 >  0.500
 loglike: -1.5e+05 | params: [-0.08623446 -1.06996766  0.49968765  0.56130038  2.15208409  5.30766243
  5.12127172 29.32609239]
 Average call time: 2.28 sec | Current time: 2019-04-18 17:35:30.979113
 --------------------------
iter: 27 | nc: 1 | ncalls: 429 | bounds: 0 | eff(%):  6.294 | logz: -1.5e+05 +/- 1.3e-01 | dlogz: 150599.414 >  0.500
 loglike: -1.5e+05 | params: [-0.69245971 -1.64790414  1.12158286  2.28008296  4.30687377  2.31385972
  5.63544393 29.62105603]
 Average call time: 2.40 sec | Current time: 2019-04-18 17:35:33.381203
 --------------------------
iter: 28 | nc: 1 | ncalls: 430 | bounds: 0 | eff(%):  6.512 | logz: -1.5e+05 +/- 1.3e-01 | dlogz: 150587.570 >  0.500
 loglike: -1.5e+05 | params: [ 0.33783003 -0.78447015  2.5900926   3.59706905  2.74093162  2.85460633
  6.1092172  29.20260182]
 Average call time: 2.41 sec | Current time: 2019-04-18 17:35:35.790738
 --------------------------
iter: 29 | nc: 1 | ncalls: 431 | bounds: 0 | eff(%):  6.729 | logz: -1.5e+05 +/- 1.3e-01 | dlogz: 150554.795 >  0.500
 loglike: -1.5e+05 | params: [-0.40902016 -1.31505032  1.40878611  1.66973877  3.49698297  4.9927016
  5.69868328 29.79191424]
 Average call time: 2.23 sec | Current time: 2019-04-18 17:35:38.021673
 --------------------------
iter: 30 | nc: 1 | ncalls: 432 | bounds: 0 | eff(%):  6.944 | logz: -1.5e+05 +/- 1.3e-01 | dlogz: 150547.056 >  0.500
 loglike: -1.5e+05 | params: [-0.57578145 -1.63730192  2.21909544  1.23459034  3.92841272  5.40810769
  5.92656989 30.48818149]
 Average call time: 2.26 sec | Current time: 2019-04-18 17:35:40.281211
 --------------------------
iter: 31 | nc: 1 | ncalls: 433 | bounds: 0 | eff(%):  7.159 | logz: -1.5e+05 +/- 1.3e-01 | dlogz: 150491.335 >  0.500
 loglike: -1.5e+05 | params: [-0.91195236 -1.91150813 -1.05842731  1.83015715  1.99625448  5.60719143
  2.86981432 30.30953721]
 Average call time: 2.18 sec | Current time: 2019-04-18 17:35:42.466183
 --------------------------
iter: 32 | nc: 1 | ncalls: 434 | bounds: 0 | eff(%):  7.373 | logz: -1.5e+05 +/- 1.3e-01 | dlogz: 150382.569 >  0.500
 loglike: -1.5e+05 | params: [-0.7345401  -1.36869916 -0.30681596  0.27632624  3.95867755  5.24889895
  4.95105116 29.63024293]
 Average call time: 2.17 sec | Current time: 2019-04-18 17:35:44.631746
 --------------------------
iter: 33 | nc: 1 | ncalls: 435 | bounds: 0 | eff(%):  7.586 | logz: -1.5e+05 +/- 1.3e-01 | dlogz: 150365.200 >  0.500
 loglike: -1.5e+05 | params: [-0.87283923 -1.5004963   1.64740248  0.33595429  2.58614536  2.7007661
  6.33351483 31.67114762]
 Average call time: 2.26 sec | Current time: 2019-04-18 17:35:46.888179
 --------------------------
iter: 34 | nc: 1 | ncalls: 436 | bounds: 0 | eff(%):  7.798 | logz: -1.5e+05 +/- 1.3e-01 | dlogz: 150334.378 >  0.500
 loglike: -1.5e+05 | params: [-0.94816127 -1.90229078  1.0494103   0.84225071  2.29311009  2.86306232
  5.92466408 30.6280807 ]
 Average call time: 2.58 sec | Current time: 2019-04-18 17:35:49.471552
 --------------------------
iter: 35 | nc: 1 | ncalls: 437 | bounds: 0 | eff(%):  8.009 | logz: -1.5e+05 +/- 1.3e-01 | dlogz: 150283.749 >  0.500
 loglike: -1.5e+05 | params: [-0.87022431 -0.87047926  1.70284497  1.02823823  3.75752731  3.74677969
  5.7658157  29.74413594]
 Average call time: 2.45 sec | Current time: 2019-04-18 17:35:51.920007
 --------------------------
iter: 36 | nc: 1 | ncalls: 438 | bounds: 0 | eff(%):  8.219 | logz: -1.5e+05 +/- 1.3e-01 | dlogz: 150266.400 >  0.500
 loglike: -1.5e+05 | params: [ 0.17782106 -1.84798391  0.34543926  2.7357995   0.42600485  5.32132374
  4.27642823 29.27850007]
 Average call time: 2.74 sec | Current time: 2019-04-18 17:35:54.657835
 --------------------------
iter: 37 | nc: 2 | ncalls: 440 | bounds: 0 | eff(%):  8.409 | logz: -1.5e+05 +/- 1.3e-01 | dlogz: 150198.520 >  0.500
 loglike: -1.5e+05 | params: [-0.942749   -1.55141511  0.22075001  2.25289158  0.4841607   5.28678669
  3.39099818 29.54964048]
 Average call time: 2.46 sec | Current time: 2019-04-18 17:35:59.576721
 --------------------------
iter: 38 | nc: 1 | ncalls: 441 | bounds: 0 | eff(%):  8.617 | logz: -1.5e+05 +/- 1.3e-01 | dlogz: 150067.979 >  0.500
 loglike: -1.5e+05 | params: [-0.42551341 -1.01286541  2.2585446   2.05690313  2.08843143  2.64210479
  5.89661201 29.6931132 ]
 Average call time: 2.62 sec | Current time: 2019-04-18 17:36:02.193439
 --------------------------
iter: 39 | nc: 1 | ncalls: 442 | bounds: 0 | eff(%):  8.824 | logz: -1.5e+05 +/- 1.3e-01 | dlogz: 150019.547 >  0.500
 loglike: -1.5e+05 | params: [ 0.35538702 -1.5835775  -0.2396505   2.56502585  3.98254519  5.54336236
  4.99918553 30.32002955]
 Average call time: 2.56 sec | Current time: 2019-04-18 17:36:04.751868
 --------------------------
iter: 40 | nc: 2 | ncalls: 444 | bounds: 0 | eff(%):  9.009 | logz: -1.5e+05 +/- 1.3e-01 | dlogz: 149963.628 >  0.500
 loglike: -1.5e+05 | params: [-0.57610897 -1.55999604 -0.76209588  3.33893648  2.18136193  4.21207874
  5.67275495 30.13185145]
 Average call time: 2.39 sec | Current time: 2019-04-18 17:36:09.525150
 --------------------------
iter: 41 | nc: 1 | ncalls: 445 | bounds: 0 | eff(%):  9.213 | logz: -1.5e+05 +/- 1.3e-01 | dlogz: 149958.504 >  0.500
 loglike: -1.5e+05 | params: [-0.99654708 -1.21746843  1.76797228  1.53088842  3.93050263  3.72585434
  5.97550043 30.81070647]
 Average call time: 2.22 sec | Current time: 2019-04-18 17:36:11.745982
 --------------------------
iter: 42 | nc: 1 | ncalls: 446 | bounds: 0 | eff(%):  9.417 | logz: -1.5e+05 +/- 1.3e-01 | dlogz: 149927.372 >  0.500
 loglike: -1.5e+05 | params: [-0.2580374  -0.70726313  1.11227078  3.55372197  4.24293946  4.74280338
  6.01772058 30.8433358 ]
 Average call time: 2.47 sec | Current time: 2019-04-18 17:36:14.217209
 --------------------------
iter: 43 | nc: 1 | ncalls: 447 | bounds: 0 | eff(%):  9.620 | logz: -1.5e+05 +/- 1.3e-01 | dlogz: 149884.812 >  0.500
 loglike: -1.5e+05 | params: [ 0.13352922 -0.60184816  0.23930441  0.95392193  1.86404685  4.91939049
  6.04009242 30.70921514]
 Average call time: 2.43 sec | Current time: 2019-04-18 17:36:16.652000
 --------------------------
iter: 44 | nc: 1 | ncalls: 448 | bounds: 0 | eff(%):  9.821 | logz: -1.5e+05 +/- 1.3e-01 | dlogz: 149873.330 >  0.500
 loglike: -1.5e+05 | params: [ 0.36627463 -0.96179487 -1.09454027  3.1005604   1.85606367  5.35482106
  4.36774578 29.50132643]
 Average call time: 2.16 sec | Current time: 2019-04-18 17:36:18.809446
 --------------------------
iter: 45 | nc: 1 | ncalls: 449 | bounds: 0 | eff(%): 10.022 | logz: -1.5e+05 +/- 1.3e-01 | dlogz: 149844.223 >  0.500
 loglike: -1.5e+05 | params: [-0.84682423 -0.6367794  -0.67026698  3.39648489  0.41808393  2.3027306
  5.7920889  30.24101855]
 Average call time: 2.59 sec | Current time: 2019-04-18 17:36:21.401192
 --------------------------
iter: 46 | nc: 1 | ncalls: 450 | bounds: 0 | eff(%): 10.222 | logz: -1.5e+05 +/- 1.3e-01 | dlogz: 149827.415 >  0.500
 loglike: -1.5e+05 | params: [ 0.34369926 -1.32161229  2.35339895  0.37897359  3.32211449  3.50740933
  6.33196158 31.10272864]
 Average call time: 2.18 sec | Current time: 2019-04-18 17:36:23.583146
 --------------------------
iter: 47 | nc: 1 | ncalls: 451 | bounds: 0 | eff(%): 10.421 | logz: -1.5e+05 +/- 1.3e-01 | dlogz: 149799.362 >  0.500
 loglike: -1.5e+05 | params: [ 0.44668128 -1.97446125  1.43997083  0.32797266  0.99752102  4.20682405
  6.36215115 31.77922966]
 Average call time: 2.45 sec | Current time: 2019-04-18 17:36:26.032743
 --------------------------
iter: 48 | nc: 2 | ncalls: 453 | bounds: 0 | eff(%): 10.596 | logz: -1.5e+05 +/- 1.3e-01 | dlogz: 149796.783 >  0.500
 loglike: -1.5e+05 | params: [ 0.4487548  -1.77926465 -1.14772423  2.14178677  0.8325324   5.41183246
  3.73836394 29.77447476]
 Average call time: 2.38 sec | Current time: 2019-04-18 17:36:30.792290
 --------------------------
iter: 49 | nc: 1 | ncalls: 454 | bounds: 0 | eff(%): 10.793 | logz: -1.5e+05 +/- 1.3e-01 | dlogz: 149784.593 >  0.500
 loglike: -1.5e+05 | params: [ 0.19689412 -1.54460853  0.32766132  1.56338921  0.45841031  4.07880952
  5.65375377 29.93668805]
 Average call time: 2.62 sec | Current time: 2019-04-18 17:36:33.415793
 --------------------------
iter: 50 | nc: 1 | ncalls: 455 | bounds: 0 | eff(%): 10.989 | logz: -1.5e+05 +/- 1.3e-01 | dlogz: 149743.868 >  0.500
 loglike: -1.5e+05 | params: [ 0.07249082 -0.91386277 -1.19160647  0.90946521  2.69821494  5.33173959
  3.79152189 29.48033249]
 Average call time: 2.69 sec | Current time: 2019-04-18 17:36:36.106066
 --------------------------
iter: 51 | nc: 1 | ncalls: 456 | bounds: 0 | eff(%): 11.184 | logz: -1.5e+05 +/- 1.3e-01 | dlogz: 149725.102 >  0.500
 loglike: -1.5e+05 | params: [-0.85409838 -1.54862524 -1.02524574  2.09892448  3.27393589  4.61166626
  5.22793189 29.45343509]
 Average call time: 2.17 sec | Current time: 2019-04-18 17:36:38.277998
 --------------------------
iter: 52 | nc: 1 | ncalls: 457 | bounds: 0 | eff(%): 11.379 | logz: -1.5e+05 +/- 1.3e-01 | dlogz: 149661.575 >  0.500
 loglike: -1.5e+05 | params: [-0.55524056 -1.47157164  0.94600131  0.7168633   1.02917064  3.10250625
  5.91532729 30.99809648]
 Average call time: 2.12 sec | Current time: 2019-04-18 17:36:40.397403
 --------------------------
iter: 53 | nc: 1 | ncalls: 458 | bounds: 0 | eff(%): 11.572 | logz: -1.5e+05 +/- 1.3e-01 | dlogz: 149639.887 >  0.500
 loglike: -1.5e+05 | params: [-0.85578093 -0.77098644  1.25211379  2.90073682  0.68481121  5.4965863
  5.96686853 31.52173252]
 Average call time: 2.36 sec | Current time: 2019-04-18 17:36:42.757264
 --------------------------
iter: 54 | nc: 1 | ncalls: 459 | bounds: 0 | eff(%): 11.765 | logz: -1.5e+05 +/- 1.3e-01 | dlogz: 149600.237 >  0.500
 loglike: -1.5e+05 | params: [-0.29425096 -1.69914203 -0.43204333  0.4763712   1.7932354   5.25560556
  4.16961796 29.71318355]
 Average call time: 2.14 sec | Current time: 2019-04-18 17:36:44.894719
 --------------------------
iter: 55 | nc: 1 | ncalls: 460 | bounds: 0 | eff(%): 11.957 | logz: -1.5e+05 +/- 1.3e-01 | dlogz: 149593.392 >  0.500
 loglike: -1.5e+05 | params: [-0.8369906  -1.28446458  2.66266324  0.0337364   3.78526806  5.5507887
  3.30573352 29.17932119]
 Average call time: 2.55 sec | Current time: 2019-04-18 17:36:47.445233
 --------------------------
iter: 56 | nc: 1 | ncalls: 461 | bounds: 0 | eff(%): 12.148 | logz: -1.5e+05 +/- 1.3e-01 | dlogz: 149559.532 >  0.500
 loglike: -1.5e+05 | params: [ 0.38252335 -1.12714809  1.61813606  2.2348979   3.4131465   5.29465567
  5.39429339 29.83181054]
 Average call time: 2.43 sec | Current time: 2019-04-18 17:36:49.872063
 --------------------------
iter: 57 | nc: 1 | ncalls: 462 | bounds: 0 | eff(%): 12.338 | logz: -1.5e+05 +/- 1.3e-01 | dlogz: 149468.541 >  0.500
 loglike: -1.5e+05 | params: [-0.33038967 -1.53975433 -1.19717174  0.94032016  1.44744547  1.75549546
  5.65169259 30.33519823]
 Average call time: 2.38 sec | Current time: 2019-04-18 17:36:52.254392
 --------------------------
iter: 58 | nc: 1 | ncalls: 463 | bounds: 0 | eff(%): 12.527 | logz: -1.5e+05 +/- 1.2e-01 | dlogz: 149450.728 >  0.500
 loglike: -1.5e+05 | params: [ 0.18764661 -1.15018801  2.04335672  3.66594778  4.2371675   5.40740346
  4.64268195 29.37014451]
 Average call time: 2.33 sec | Current time: 2019-04-18 17:36:54.582313
 --------------------------
iter: 59 | nc: 1 | ncalls: 464 | bounds: 0 | eff(%): 12.716 | logz: -1.5e+05 +/- 1.3e-01 | dlogz: 149449.071 >  0.500
 loglike: -1.5e+05 | params: [ 0.39971015 -1.02293279  0.32249808  2.92113337  1.64361409  3.88098767
  5.91204384 30.7446937 ]
 Average call time: 2.64 sec | Current time: 2019-04-18 17:36:57.222399
 --------------------------
iter: 60 | nc: 1 | ncalls: 465 | bounds: 0 | eff(%): 12.903 | logz: -1.5e+05 +/- 1.3e-01 | dlogz: 149437.265 >  0.500
 loglike: -1.5e+05 | params: [-0.89395573 -1.76356537 -0.62008017  0.90076113  2.52309371  4.70154792
  5.95690861 31.54956579]
 Average call time: 2.48 sec | Current time: 2019-04-18 17:36:59.704996
 --------------------------
iter: 61 | nc: 1 | ncalls: 466 | bounds: 0 | eff(%): 13.090 | logz: -1.5e+05 +/- 1.3e-01 | dlogz: 149393.281 >  0.500
 loglike: -1.5e+05 | params: [-0.95329725 -0.64576616  1.18290967  1.91893718  3.02925074  2.26751715
  5.56676766 29.77771619]
 Average call time: 2.60 sec | Current time: 2019-04-18 17:37:02.307946
 --------------------------
iter: 62 | nc: 1 | ncalls: 467 | bounds: 0 | eff(%): 13.276 | logz: -1.5e+05 +/- 1.3e-01 | dlogz: 149360.021 >  0.500
 loglike: -1.5e+05 | params: [ 0.4967449  -1.39832841  2.26703084  2.04276712  4.18923316  5.15014203
  5.55267665 29.12723225]
 Average call time: 2.61 sec | Current time: 2019-04-18 17:37:04.915500
 --------------------------
iter: 63 | nc: 1 | ncalls: 468 | bounds: 0 | eff(%): 13.462 | logz: -1.5e+05 +/- 1.3e-01 | dlogz: 149324.750 >  0.500
 loglike: -1.5e+05 | params: [-0.98740151 -1.29267658  2.14337622  3.45893159  1.30201414  5.57241271
  2.45952587 30.34100209]
 Average call time: 2.45 sec | Current time: 2019-04-18 17:37:07.366723
 --------------------------
iter: 64 | nc: 1 | ncalls: 469 | bounds: 0 | eff(%): 13.646 | logz: -1.5e+05 +/- 1.3e-01 | dlogz: 149287.366 >  0.500
 loglike: -1.5e+05 | params: [-0.20913688 -1.70352043 -0.6034785   1.77017463  4.33708584  3.1845603
  5.29158734 29.70361708]
 Average call time: 2.68 sec | Current time: 2019-04-18 17:37:10.047846
 --------------------------
iter: 65 | nc: 1 | ncalls: 470 | bounds: 0 | eff(%): 13.830 | logz: -1.5e+05 +/- 1.3e-01 | dlogz: 149252.096 >  0.500
 loglike: -1.5e+05 | params: [ 0.03511384 -0.95548946  0.40011572  2.77584828  2.15360062  2.00686269
  5.97009374 31.11984443]
 Average call time: 2.63 sec | Current time: 2019-04-18 17:37:12.676474
 --------------------------
iter: 66 | nc: 1 | ncalls: 471 | bounds: 0 | eff(%): 14.013 | logz: -1.5e+05 +/- 1.3e-01 | dlogz: 149237.421 >  0.500
 loglike: -1.5e+05 | params: [-0.07579112 -1.67106324  2.22378244  2.35767243  2.26828138  2.54535434
  5.77082153 29.3940653 ]
 Average call time: 2.69 sec | Current time: 2019-04-18 17:37:15.369353
 --------------------------
iter: 67 | nc: 1 | ncalls: 472 | bounds: 0 | eff(%): 14.195 | logz: -1.5e+05 +/- 1.3e-01 | dlogz: 149233.001 >  0.500
 loglike: -1.5e+05 | params: [ 0.40289436 -0.78435965 -0.51293991  2.11548569  3.99031183  5.47796212
  2.70569114 30.27034429]
 Average call time: 2.42 sec | Current time: 2019-04-18 17:37:17.789477
 --------------------------
iter: 68 | nc: 1 | ncalls: 473 | bounds: 0 | eff(%): 14.376 | logz: -1.5e+05 +/- 1.3e-01 | dlogz: 149199.648 >  0.500
 loglike: -1.5e+05 | params: [-0.30566152 -0.72921999  1.44578215  1.23766197  0.92820164  3.21983085
  6.16072265 31.69265114]
 Average call time: 2.40 sec | Current time: 2019-04-18 17:37:20.190137
 --------------------------
iter: 69 | nc: 1 | ncalls: 474 | bounds: 0 | eff(%): 14.557 | logz: -1.5e+05 +/- 1.3e-01 | dlogz: 149176.516 >  0.500
 loglike: -1.5e+05 | params: [ 0.27890336 -1.10306694  1.50907441  1.91491949  3.93318994  1.81765876
  5.56826908 29.58069308]
 Average call time: 2.20 sec | Current time: 2019-04-18 17:37:22.391956
 --------------------------
iter: 70 | nc: 1 | ncalls: 475 | bounds: 0 | eff(%): 14.737 | logz: -1.5e+05 +/- 1.3e-01 | dlogz: 149032.482 >  0.500
 loglike: -1.5e+05 | params: [-0.46574685 -1.92784593  1.12162047  2.48008652  2.35808326  5.27061413
  3.42034572 29.95540193]
 Average call time: 2.77 sec | Current time: 2019-04-18 17:37:25.158951
 --------------------------
iter: 71 | nc: 1 | ncalls: 476 | bounds: 0 | eff(%): 14.916 | logz: -1.5e+05 +/- 1.3e-01 | dlogz: 149016.756 >  0.500
 loglike: -1.5e+05 | params: [-0.89826347 -1.84748031  1.20047336  0.5744745   3.8955988   5.59662646
  5.57040937 31.90077737]
 Average call time: 2.46 sec | Current time: 2019-04-18 17:37:27.621240
 --------------------------
iter: 72 | nc: 1 | ncalls: 477 | bounds: 0 | eff(%): 15.094 | logz: -1.5e+05 +/- 1.3e-01 | dlogz: 149004.061 >  0.500
 loglike: -1.5e+05 | params: [-0.83614566 -0.92861024  0.44723105  3.65350609  3.82282483  3.16948361
  5.97572409 31.698306  ]
 Average call time: 2.59 sec | Current time: 2019-04-18 17:37:30.213806
 --------------------------
iter: 73 | nc: 3 | ncalls: 480 | bounds: 0 | eff(%): 15.208 | logz: -1.5e+05 +/- 1.3e-01 | dlogz: 148959.691 >  0.500
 loglike: -1.5e+05 | params: [ 0.07697609 -1.234983   -0.5214795   1.07748621  3.38059654  4.3184687
  6.27055676 32.36414274]
 Average call time: 2.64 sec | Current time: 2019-04-18 17:37:38.120971
 --------------------------
iter: 74 | nc: 1 | ncalls: 481 | bounds: 0 | eff(%): 15.385 | logz: -1.5e+05 +/- 1.3e-01 | dlogz: 148928.937 >  0.500
 loglike: -1.5e+05 | params: [-0.62010499 -0.61447332  1.52579153  1.46812036  3.73730679  4.56791276
  5.388579   29.42313101]
 Average call time: 2.18 sec | Current time: 2019-04-18 17:37:40.296991
 --------------------------
iter: 75 | nc: 1 | ncalls: 482 | bounds: 0 | eff(%): 15.560 | logz: -1.5e+05 +/- 1.3e-01 | dlogz: 148920.123 >  0.500
 loglike: -1.5e+05 | params: [-0.93284663 -1.83066303  0.48585372  0.05050561  3.64125003  5.07305565
  2.96001365 29.7728778 ]
 Average call time: 2.61 sec | Current time: 2019-04-18 17:37:42.905133
 --------------------------
iter: 76 | nc: 1 | ncalls: 483 | bounds: 0 | eff(%): 15.735 | logz: -1.5e+05 +/- 1.3e-01 | dlogz: 148897.813 >  0.500
 loglike: -1.5e+05 | params: [ 0.29894374 -0.93191432  1.38877191  1.3053926   1.09348613  4.58672129
  5.50363009 29.62618981]
 Average call time: 2.38 sec | Current time: 2019-04-18 17:37:45.288884
 --------------------------
iter: 77 | nc: 1 | ncalls: 484 | bounds: 0 | eff(%): 15.909 | logz: -1.5e+05 +/- 1.3e-01 | dlogz: 148869.892 >  0.500
 loglike: -1.5e+05 | params: [-0.8972573  -1.29687164  0.15144118  0.09702152  0.91958384  5.25941982
  5.92324518 32.13465704]
 Average call time: 2.21 sec | Current time: 2019-04-18 17:37:47.497027
 --------------------------
iter: 78 | nc: 1 | ncalls: 485 | bounds: 0 | eff(%): 16.082 | logz: -1.5e+05 +/- 1.3e-01 | dlogz: 148837.248 >  0.500
 loglike: -1.5e+05 | params: [-0.50686714 -1.18193101 -0.31457156  3.25335143  1.08320457  3.09113653
  5.4738724  30.22473564]
 Average call time: 2.62 sec | Current time: 2019-04-18 17:37:50.117887
 --------------------------
iter: 79 | nc: 1 | ncalls: 486 | bounds: 0 | eff(%): 16.255 | logz: -1.5e+05 +/- 1.3e-01 | dlogz: 148814.337 >  0.500
 loglike: -1.5e+05 | params: [ 0.40796368 -0.88243318  2.37662794  0.71511163  2.35613901  4.84810641
  6.25379742 31.54993302]
 Average call time: 2.22 sec | Current time: 2019-04-18 17:37:52.338023
 --------------------------
iter: 80 | nc: 2 | ncalls: 488 | bounds: 0 | eff(%): 16.393 | logz: -1.5e+05 +/- 1.3e-01 | dlogz: 148760.785 >  0.500
 loglike: -1.5e+05 | params: [-0.21044564 -1.97385647  0.4032308   0.12230461  4.32538916  5.40654738
  5.44416165 31.56105747]
 Average call time: 2.41 sec | Current time: 2019-04-18 17:37:57.162545
 --------------------------
iter: 81 | nc: 1 | ncalls: 489 | bounds: 0 | eff(%): 16.564 | logz: -1.5e+05 +/- 1.3e-01 | dlogz: 148758.034 >  0.500
 loglike: -1.5e+05 | params: [-0.9371479  -1.73871975  0.99529579  0.45777748  2.64271152  3.66461007
  5.91101783 31.88138899]
 Average call time: 2.59 sec | Current time: 2019-04-18 17:37:59.752053
 --------------------------
iter: 82 | nc: 1 | ncalls: 490 | bounds: 0 | eff(%): 16.735 | logz: -1.5e+05 +/- 1.3e-01 | dlogz: 148690.913 >  0.500
 loglike: -1.5e+05 | params: [-5.71226729e-01 -7.65638183e-01 -1.67377708e-01 -2.68914110e-02
  9.68042728e-01  1.67456373e+00  5.56520077e+00  3.03964864e+01]
 Average call time: 2.63 sec | Current time: 2019-04-18 17:38:02.383595
 --------------------------
iter: 83 | nc: 1 | ncalls: 491 | bounds: 0 | eff(%): 16.904 | logz: -1.5e+05 +/- 1.3e-01 | dlogz: 148687.718 >  0.500
 loglike: -1.5e+05 | params: [-0.42834861 -1.71024914  0.08126384  2.27488176  2.52593379  5.28981075
  5.27653036 31.1449173 ]
 Average call time: 2.65 sec | Current time: 2019-04-18 17:38:05.036994
 --------------------------
iter: 84 | nc: 1 | ncalls: 492 | bounds: 0 | eff(%): 17.073 | logz: -1.5e+05 +/- 1.3e-01 | dlogz: 148671.928 >  0.500
 loglike: -1.5e+05 | params: [ 7.81111942e-03 -1.14299164e+00  1.62085214e-01  2.33066817e-02
  3.20754816e+00  2.54776413e+00  5.57663135e+00  3.04398189e+01]
 Average call time: 2.91 sec | Current time: 2019-04-18 17:38:07.946848
 --------------------------
iter: 85 | nc: 1 | ncalls: 493 | bounds: 0 | eff(%): 17.241 | logz: -1.5e+05 +/- 1.3e-01 | dlogz: 148646.993 >  0.500
 loglike: -1.5e+05 | params: [ 0.08937006 -0.99017276 -1.11272676  1.20096198  3.38083462  5.07127964
  6.25240029 32.51825903]
 Average call time: 2.60 sec | Current time: 2019-04-18 17:38:10.550673
 --------------------------
iter: 86 | nc: 1 | ncalls: 494 | bounds: 0 | eff(%): 17.409 | logz: -1.5e+05 +/- 1.2e-01 | dlogz: 148642.954 >  0.500
 loglike: -1.5e+05 | params: [-0.66677563 -1.5616699   0.79491357  3.27242274  4.21239981  5.43576199
  5.95098209 32.61891117]
 Average call time: 2.51 sec | Current time: 2019-04-18 17:38:13.061288
 --------------------------
iter: 87 | nc: 2 | ncalls: 496 | bounds: 0 | eff(%): 17.540 | logz: -1.5e+05 +/- 1.3e-01 | dlogz: 148641.373 >  0.500
 loglike: -1.5e+05 | params: [ 0.039829   -0.56093648  0.35429644 -0.12658245  2.63785096  1.93096294
  6.20020109 31.94554757]
 Average call time: 2.61 sec | Current time: 2019-04-18 17:38:18.285458
 --------------------------
iter: 88 | nc: 1 | ncalls: 497 | bounds: 0 | eff(%): 17.706 | logz: -1.5e+05 +/- 1.2e-01 | dlogz: 148631.986 >  0.500
 loglike: -1.5e+05 | params: [-0.89701804 -1.51908798  1.10289532  2.20642255  2.42597962  2.18761889
  5.94276905 31.95294072]
 Average call time: 2.39 sec | Current time: 2019-04-18 17:38:20.674428
 --------------------------
iter: 89 | nc: 1 | ncalls: 498 | bounds: 0 | eff(%): 17.871 | logz: -1.5e+05 +/- 1.3e-01 | dlogz: 148630.671 >  0.500
 loglike: -1.5e+05 | params: [-0.86489688 -1.68911961  1.25981412  0.97463085  2.4844457   4.22984293
  5.84707559 31.69072674]
 Average call time: 2.17 sec | Current time: 2019-04-18 17:38:22.840409
 --------------------------
iter: 90 | nc: 1 | ncalls: 499 | bounds: 0 | eff(%): 18.036 | logz: -1.5e+05 +/- 1.3e-01 | dlogz: 148624.948 >  0.500
 loglike: -1.5e+05 | params: [-0.49340625 -0.50629831  0.5819845   3.00988758  3.18996038  5.45131124
  5.29525773 30.98085552]
 Average call time: 2.58 sec | Current time: 2019-04-18 17:38:25.424691
 --------------------------
iter: 91 | nc: 1 | ncalls: 500 | bounds: 0 | eff(%): 18.200 | logz: -1.5e+05 +/- 1.3e-01 | dlogz: 148613.382 >  0.500
 loglike: -1.5e+05 | params: [-0.23087323 -0.75754015  1.20270398  3.64468793  1.57413542  4.99151168
  4.62451051 29.1666728 ]
 Average call time: 2.44 sec | Current time: 2019-04-18 17:38:27.863709
 --------------------------
iter: 92 | nc: 1 | ncalls: 501 | bounds: 0 | eff(%): 18.363 | logz: -1.5e+05 +/- 1.3e-01 | dlogz: 148611.071 >  0.500
 loglike: -1.5e+05 | params: [-0.54977882 -1.30736376  0.7160869   2.10884936  3.85482156  4.93750089
  5.54978647 31.19373243]
 Average call time: 2.15 sec | Current time: 2019-04-18 17:38:30.013495
 --------------------------
iter: 93 | nc: 1 | ncalls: 502 | bounds: 0 | eff(%): 18.526 | logz: -1.5e+05 +/- 1.3e-01 | dlogz: 148605.906 >  0.500
 loglike: -1.5e+05 | params: [-0.82579241 -1.70404628  1.8508296   1.58972845  1.61166818  3.07929617
  5.48876497 29.72178994]
 Average call time: 2.39 sec | Current time: 2019-04-18 17:38:32.399754
 --------------------------
iter: 94 | nc: 1 | ncalls: 503 | bounds: 0 | eff(%): 18.688 | logz: -1.5e+05 +/- 1.2e-01 | dlogz: 148571.620 >  0.500
 loglike: -1.5e+05 | params: [ 0.38053071 -0.70844712 -0.56002542  2.31957008  0.71220593  4.94482266
  5.12852284 29.76106821]
 Average call time: 2.44 sec | Current time: 2019-04-18 17:38:34.844482
 --------------------------
iter: 95 | nc: 1 | ncalls: 504 | bounds: 0 | eff(%): 18.849 | logz: -1.5e+05 +/- 1.3e-01 | dlogz: 148570.420 >  0.500
 loglike: -1.5e+05 | params: [-1.87020095e-01 -5.83444762e-01  2.67228497e-02  1.55980711e-01
  4.16581864e+00  5.03673234e+00  2.53968174e+00  2.94715747e+01]
 Average call time: 2.22 sec | Current time: 2019-04-18 17:38:37.069121
 --------------------------
iter: 96 | nc: 2 | ncalls: 506 | bounds: 0 | eff(%): 18.972 | logz: -1.5e+05 +/- 1.3e-01 | dlogz: 148528.841 >  0.500
 loglike: -1.5e+05 | params: [ 0.11064616 -1.15355383  1.71711869  1.58777234  0.9989216   5.59240442
  5.99429863 32.2149976 ]
 Average call time: 2.66 sec | Current time: 2019-04-18 17:38:42.381755
 --------------------------
iter: 97 | nc: 1 | ncalls: 507 | bounds: 0 | eff(%): 19.132 | logz: -1.5e+05 +/- 1.2e-01 | dlogz: 148483.995 >  0.500
 loglike: -1.5e+05 | params: [-0.07982207 -0.89859541  0.99916414  2.86705334  4.32245203  4.76541582
  4.89287821 29.63313816]
 Average call time: 2.38 sec | Current time: 2019-04-18 17:38:44.763003
 --------------------------
iter: 98 | nc: 1 | ncalls: 508 | bounds: 0 | eff(%): 19.291 | logz: -1.5e+05 +/- 1.3e-01 | dlogz: 148482.860 >  0.500
 loglike: -1.5e+05 | params: [-0.84948906 -1.09546375  0.32623266  1.10743005  3.84528786  5.59950676
  5.00981115 31.90140805]
 Average call time: 2.39 sec | Current time: 2019-04-18 17:38:47.153425
 --------------------------
iter: 99 | nc: 1 | ncalls: 509 | bounds: 0 | eff(%): 19.450 | logz: -1.5e+05 +/- 1.3e-01 | dlogz: 148474.686 >  0.500
 loglike: -1.5e+05 | params: [-0.60477865 -1.70385849 -0.68395436  0.84442202  0.71189013  2.39156755
  6.22561103 32.87894807]
 Average call time: 2.31 sec | Current time: 2019-04-18 17:38:49.461448
 --------------------------
iter: 100 | nc: 1 | ncalls: 510 | bounds: 0 | eff(%): 19.608 | logz: -1.5e+05 +/- 1.3e-01 | dlogz: 148457.519 >  0.500
 loglike: -1.5e+05 | params: [-0.32988977 -1.37733767  0.6552418   3.69950709  1.86996443  1.65822098
  6.12314763 32.49310428]
 Average call time: 2.22 sec | Current time: 2019-04-18 17:38:51.685760
 --------------------------
iter: 101 | nc: 1 | ncalls: 511 | bounds: 0 | eff(%): 19.765 | logz: -1.5e+05 +/- 1.3e-01 | dlogz: 148435.374 >  0.500
 loglike: -1.5e+05 | params: [-0.40897472 -1.74993109  0.55492017 -0.04422383  1.91666372  3.85402807
  5.75752051 31.50373793]
 Average call time: 2.65 sec | Current time: 2019-04-18 17:38:54.340147
 --------------------------
iter: 102 | nc: 1 | ncalls: 512 | bounds: 0 | eff(%): 19.922 | logz: -1.5e+05 +/- 1.3e-01 | dlogz: 148392.254 >  0.500
 loglike: -1.5e+05 | params: [-0.04941135 -1.34253518 -0.65602113  2.03985126  2.48916671  5.41430811
  4.356971   31.01023825]
 Average call time: 2.57 sec | Current time: 2019-04-18 17:38:56.905427
 --------------------------
iter: 103 | nc: 1 | ncalls: 513 | bounds: 0 | eff(%): 20.078 | logz: -1.5e+05 +/- 1.3e-01 | dlogz: 148375.715 >  0.500
 loglike: -1.5e+05 | params: [-0.77626923 -0.80148454  1.36310987  2.28775727  3.70513846  5.11334898
  4.86253937 30.15336749]
 Average call time: 2.19 sec | Current time: 2019-04-18 17:38:59.094724
 --------------------------
iter: 104 | nc: 1 | ncalls: 514 | bounds: 0 | eff(%): 20.233 | logz: -1.5e+05 +/- 1.3e-01 | dlogz: 148336.817 >  0.500
 loglike: -1.5e+05 | params: [ 0.11685748 -0.80155694  1.00398677  3.544629    3.77211735  5.50896636
  6.07124856 32.54757764]
 Average call time: 2.20 sec | Current time: 2019-04-18 17:39:01.291746
 --------------------------
iter: 105 | nc: 2 | ncalls: 516 | bounds: 0 | eff(%): 20.349 | logz: -1.5e+05 +/- 1.3e-01 | dlogz: 148273.187 >  0.500
 loglike: -1.5e+05 | params: [-0.33826256 -1.94283331 -1.19050847  0.75113615  2.20961757  5.10525741
  4.1702264  30.29938372]
 Average call time: 2.47 sec | Current time: 2019-04-18 17:39:06.235412
 --------------------------
iter: 106 | nc: 1 | ncalls: 517 | bounds: 0 | eff(%): 20.503 | logz: -1.5e+05 +/- 1.3e-01 | dlogz: 148227.788 >  0.500
 loglike: -1.5e+05 | params: [-0.70561128 -1.64264548  2.03172955  3.35215514  0.48781843  3.90179837
  5.65810672 30.68204973]
 Average call time: 2.43 sec | Current time: 2019-04-18 17:39:08.664061
 --------------------------
iter: 107 | nc: 1 | ncalls: 518 | bounds: 0 | eff(%): 20.656 | logz: -1.5e+05 +/- 1.3e-01 | dlogz: 148199.715 >  0.500
 loglike: -1.5e+05 | params: [-0.15728068 -1.79361071  0.82632703  1.99701645  1.69450527  1.74353974
  5.35343955 30.06606427]
 Average call time: 2.38 sec | Current time: 2019-04-18 17:39:11.044501
 --------------------------
iter: 108 | nc: 1 | ncalls: 519 | bounds: 0 | eff(%): 20.809 | logz: -1.5e+05 +/- 1.3e-01 | dlogz: 148193.499 >  0.500
 loglike: -1.5e+05 | params: [ 0.24406457 -1.79228856  1.01157232  1.67731445  1.60301552  1.83502137
  6.18287511 32.61601441]
 Average call time: 2.61 sec | Current time: 2019-04-18 17:39:13.650421
 --------------------------
iter: 109 | nc: 1 | ncalls: 520 | bounds: 0 | eff(%): 20.962 | logz: -1.5e+05 +/- 1.3e-01 | dlogz: 148169.168 >  0.500
 loglike: -1.5e+05 | params: [-0.1874456  -0.82905401  2.01966359  3.57985182  2.81609397  2.76892034
  5.74276626 30.50406757]
 Average call time: 2.24 sec | Current time: 2019-04-18 17:39:15.891099
 --------------------------
iter: 110 | nc: 1 | ncalls: 521 | bounds: 0 | eff(%): 21.113 | logz: -1.5e+05 +/- 1.3e-01 | dlogz: 148155.339 >  0.500
 loglike: -1.5e+05 | params: [-0.63271174 -1.00398098  0.65857078 -0.09401297  0.81985145  5.19007058
  6.00393883 32.66064395]
 Average call time: 2.43 sec | Current time: 2019-04-18 17:39:18.320397
 --------------------------
iter: 111 | nc: 2 | ncalls: 523 | bounds: 0 | eff(%): 21.224 | logz: -1.5e+05 +/- 1.2e-01 | dlogz: 148130.073 >  0.500
 loglike: -1.5e+05 | params: [ 0.30589244 -0.53511637  2.65914744  1.50979862  0.71347055  3.1170873
  6.21672537 31.08337849]
 Average call time: 2.52 sec | Current time: 2019-04-18 17:39:23.357112
 --------------------------
iter: 112 | nc: 1 | ncalls: 524 | bounds: 0 | eff(%): 21.374 | logz: -1.5e+05 +/- 1.3e-01 | dlogz: 148128.918 >  0.500
 loglike: -1.5e+05 | params: [ 0.37247736 -1.52706439  0.26063401  0.37740207  2.18669421  5.39399045
  4.97043947 31.32528422]
 Average call time: 2.16 sec | Current time: 2019-04-18 17:39:25.515094
 --------------------------
iter: 113 | nc: 1 | ncalls: 525 | bounds: 0 | eff(%): 21.524 | logz: -1.5e+05 +/- 1.3e-01 | dlogz: 148078.698 >  0.500
 loglike: -1.5e+05 | params: [-0.696415   -1.76008383  0.97775386  1.55091526  3.79746571  5.25331555
  5.94179345 32.8617169 ]
 Average call time: 2.59 sec | Current time: 2019-04-18 17:39:28.104442
 --------------------------
iter: 114 | nc: 1 | ncalls: 526 | bounds: 0 | eff(%): 21.673 | logz: -1.5e+05 +/- 1.3e-01 | dlogz: 148064.278 >  0.500
 loglike: -1.5e+05 | params: [-0.59823479 -1.56450278 -0.25776827  1.98356394  1.35135097  5.42679047
  4.18644425 31.51994881]
 Average call time: 2.45 sec | Current time: 2019-04-18 17:39:30.555696
 --------------------------
iter: 115 | nc: 1 | ncalls: 527 | bounds: 0 | eff(%): 21.822 | logz: -1.5e+05 +/- 1.3e-01 | dlogz: 148051.355 >  0.500
 loglike: -1.5e+05 | params: [-0.53433831 -1.47519961 -0.71188249  0.31569068  3.62171596  3.6303548
  5.92707957 32.41155669]
 Average call time: 2.66 sec | Current time: 2019-04-18 17:39:33.220319
 --------------------------
iter: 116 | nc: 1 | ncalls: 528 | bounds: 0 | eff(%): 21.970 | logz: -1.5e+05 +/- 1.3e-01 | dlogz: 148001.638 >  0.500
 loglike: -1.5e+05 | params: [-0.92457823 -1.81756294  0.7588747   2.15592124  1.47275365  1.72519924
  5.95822585 32.6466715 ]
 Average call time: 2.21 sec | Current time: 2019-04-18 17:39:35.426733
 --------------------------
iter: 117 | nc: 1 | ncalls: 529 | bounds: 0 | eff(%): 22.117 | logz: -1.5e+05 +/- 1.3e-01 | dlogz: 147987.699 >  0.500
 loglike: -1.5e+05 | params: [ 0.17853566 -0.7076501   0.45118929  2.50797408  1.43532614  2.38860821
  5.71760423 31.08113672]
 Average call time: 2.69 sec | Current time: 2019-04-18 17:39:38.115036
 --------------------------
iter: 118 | nc: 2 | ncalls: 531 | bounds: 0 | eff(%): 22.222 | logz: -1.5e+05 +/- 1.3e-01 | dlogz: 147967.818 >  0.500
 loglike: -1.5e+05 | params: [-0.40975754 -1.93837634 -0.78253322  2.55620675  1.68177859  2.83214274
  5.93403173 32.45884633]
 Average call time: 2.33 sec | Current time: 2019-04-18 17:39:42.778354
 --------------------------
iter: 119 | nc: 2 | ncalls: 533 | bounds: 0 | eff(%): 22.326 | logz: -1.5e+05 +/- 1.3e-01 | dlogz: 147957.381 >  0.500
 loglike: -1.5e+05 | params: [-0.08998718 -0.76676032  1.24554803  0.23790503  1.5197803   5.55558192
  4.16273768 31.29693766]
 Average call time: 2.45 sec | Current time: 2019-04-18 17:39:47.683394
 --------------------------
iter: 120 | nc: 1 | ncalls: 534 | bounds: 0 | eff(%): 22.472 | logz: -1.5e+05 +/- 1.3e-01 | dlogz: 147953.855 >  0.500
 loglike: -1.5e+05 | params: [ 0.03253523 -1.99460413  0.5904992   1.21409367  3.45183885  4.20071442
  5.24831661 30.13145525]
 Average call time: 2.50 sec | Current time: 2019-04-18 17:39:50.184504
 --------------------------
iter: 121 | nc: 1 | ncalls: 535 | bounds: 0 | eff(%): 22.617 | logz: -1.5e+05 +/- 1.3e-01 | dlogz: 147922.940 >  0.500
 loglike: -1.5e+05 | params: [ 0.23378084 -0.60472621  1.54191907  2.96871459  4.21204993  3.15212854
  5.36557469 29.51409878]
 Average call time: 2.65 sec | Current time: 2019-04-18 17:39:52.836596
 --------------------------
iter: 122 | nc: 1 | ncalls: 536 | bounds: 0 | eff(%): 22.761 | logz: -1.5e+05 +/- 1.3e-01 | dlogz: 147889.794 >  0.500
 loglike: -1.5e+05 | params: [-0.19468271 -0.7711969  -1.03784968  2.44389977  3.44473612  4.4410545
  5.62300302 31.23104331]
 Average call time: 2.65 sec | Current time: 2019-04-18 17:39:55.490297
 --------------------------
iter: 123 | nc: 4 | ncalls: 540 | bounds: 0 | eff(%): 22.778 | logz: -1.5e+05 +/- 1.3e-01 | dlogz: 147883.109 >  0.500
 loglike: -1.5e+05 | params: [-0.61618661 -0.80936432  1.68885757  1.89634445  4.25950661  4.62641471
  5.62956825 31.34903776]
 Average call time: 2.41 sec | Current time: 2019-04-18 17:40:05.138270
 --------------------------
iter: 124 | nc: 1 | ncalls: 541 | bounds: 0 | eff(%): 22.921 | logz: -1.5e+05 +/- 1.3e-01 | dlogz: 147811.518 >  0.500
 loglike: -1.5e+05 | params: [ 0.47496891 -1.26366966  1.3612241   3.42229996  0.64663372  5.49385199
  4.89845806 31.53845321]
 Average call time: 2.62 sec | Current time: 2019-04-18 17:40:07.760043
 --------------------------
iter: 125 | nc: 1 | ncalls: 542 | bounds: 0 | eff(%): 23.063 | logz: -1.5e+05 +/- 1.3e-01 | dlogz: 147790.754 >  0.500
 loglike: -1.5e+05 | params: [-0.16424797 -1.31709619  2.51207339  2.75445222  2.74729392  5.34697153
  5.86731928 31.49780928]
 Average call time: 2.43 sec | Current time: 2019-04-18 17:40:10.194573
 --------------------------
iter: 126 | nc: 1 | ncalls: 543 | bounds: 0 | eff(%): 23.204 | logz: -1.5e+05 +/- 1.3e-01 | dlogz: 147780.922 >  0.500
 loglike: -1.5e+05 | params: [-0.99415503 -1.72356059  2.44555216  2.51221393  3.63544655  5.56890851
  2.75829449 31.29404699]
 Average call time: 2.65 sec | Current time: 2019-04-18 17:40:12.842175
 --------------------------
iter: 127 | nc: 1 | ncalls: 544 | bounds: 0 | eff(%): 23.346 | logz: -1.5e+05 +/- 1.3e-01 | dlogz: 147750.466 >  0.500
 loglike: -1.5e+05 | params: [ 3.68555012e-01 -1.68110599e+00  2.22917599e-02  8.12797185e-01
  3.94971713e+00  4.89839628e+00  3.48213694e+00  2.98275356e+01]
 Average call time: 2.42 sec | Current time: 2019-04-18 17:40:15.258268
 --------------------------
iter: 128 | nc: 1 | ncalls: 545 | bounds: 0 | eff(%): 23.486 | logz: -1.5e+05 +/- 1.3e-01 | dlogz: 147737.952 >  0.500
 loglike: -1.5e+05 | params: [ 0.27887097 -1.18416341  1.09620205  0.32264469  0.51516425  2.22963136
  5.46321218 30.47512971]
 Average call time: 2.93 sec | Current time: 2019-04-18 17:40:18.192307
 --------------------------
iter: 129 | nc: 1 | ncalls: 546 | bounds: 0 | eff(%): 23.626 | logz: -1.5e+05 +/- 1.3e-01 | dlogz: 147718.516 >  0.500
 loglike: -1.5e+05 | params: [ 0.22354561 -1.86193719  2.28484738 -0.16803097  3.83199006  5.20367582
  5.83700055 31.61147745]
 Average call time: 2.63 sec | Current time: 2019-04-18 17:40:20.821945
 --------------------------
iter: 130 | nc: 1 | ncalls: 547 | bounds: 0 | eff(%): 23.766 | logz: -1.5e+05 +/- 1.2e-01 | dlogz: 147714.731 >  0.500
 loglike: -1.5e+05 | params: [-0.39949657 -1.94052684 -0.84679942  2.18518501  0.67528797  3.33043706
  5.80561133 32.30541228]
 Average call time: 2.22 sec | Current time: 2019-04-18 17:40:23.043012
 --------------------------
