Using pcmdpy version 0.9.0
Loading Setup File: setup_files/NGC3377/NGC3377_model7b.py
(2, 15663)
Running Nested Sampling
-initializing models
-Saving initial results dataframe
iter: 1 | nc: 1 | ncalls: 501 | bounds: 0 | eff(%):  0.200 | logz: -1.4e+05 +/- 1.2e-01 | dlogz:    inf >  0.500
 loglike: -1.4e+05 | params: [-0.91918947 -1.54835159  5.44601422  9.58675989 29.2387618 ]
 Average call time: 0.32 sec | Current time: 2019-04-16 11:34:07.056158
 --------------------------
iter: 2 | nc: 1 | ncalls: 502 | bounds: 0 | eff(%):  0.398 | logz: -1.4e+05 +/- 1.2e-01 | dlogz: 135611.665 >  0.500
 loglike: -1.4e+05 | params: [-0.76710399 -1.63900804  5.36522577  9.59111086 29.54569317]
 Average call time: 0.34 sec | Current time: 2019-04-16 11:34:07.391426
 --------------------------
iter: 3 | nc: 1 | ncalls: 503 | bounds: 0 | eff(%):  0.596 | logz: -1.4e+05 +/- 1.2e-01 | dlogz: 133962.971 >  0.500
 loglike: -1.4e+05 | params: [-0.98597714 -1.09935138  5.43172429  9.88982628 29.16954769]
 Average call time: 0.33 sec | Current time: 2019-04-16 11:34:07.719469
 --------------------------
iter: 4 | nc: 1 | ncalls: 504 | bounds: 0 | eff(%):  0.794 | logz: -1.4e+05 +/- 1.2e-01 | dlogz: 133859.588 >  0.500
 loglike: -1.4e+05 | params: [-0.85280881 -1.56177271  5.3424587   9.52911651 29.62169511]
 Average call time: 0.31 sec | Current time: 2019-04-16 11:34:08.032630
 --------------------------
iter: 5 | nc: 1 | ncalls: 505 | bounds: 0 | eff(%):  0.990 | logz: -1.4e+05 +/- 1.2e-01 | dlogz: 133819.243 >  0.500
 loglike: -1.4e+05 | params: [-0.98858279 -1.10366202  5.49265885 10.06420284 29.06033587]
 Average call time: 0.33 sec | Current time: 2019-04-16 11:34:08.367480
 --------------------------
iter: 6 | nc: 1 | ncalls: 506 | bounds: 0 | eff(%):  1.186 | logz: -1.4e+05 +/- 1.2e-01 | dlogz: 133461.864 >  0.500
 loglike: -1.4e+05 | params: [-0.97902378 -1.39102286  5.46569914  9.65687492 30.17443544]
 Average call time: 0.33 sec | Current time: 2019-04-16 11:34:08.699081
 --------------------------
iter: 7 | nc: 1 | ncalls: 507 | bounds: 0 | eff(%):  1.381 | logz: -1.4e+05 +/- 1.2e-01 | dlogz: 133200.872 >  0.500
 loglike: -1.4e+05 | params: [ 0.38747057 -1.47086836  5.4135572   9.88307693 29.01287596]
 Average call time: 0.32 sec | Current time: 2019-04-16 11:34:09.021458
 --------------------------
iter: 8 | nc: 1 | ncalls: 508 | bounds: 0 | eff(%):  1.575 | logz: -1.4e+05 +/- 1.2e-01 | dlogz: 133191.807 >  0.500
 loglike: -1.4e+05 | params: [-0.38559319 -1.99428492  5.36204309  9.92367682 29.01309255]
 Average call time: 0.32 sec | Current time: 2019-04-16 11:34:09.344977
 --------------------------
iter: 9 | nc: 1 | ncalls: 509 | bounds: 0 | eff(%):  1.768 | logz: -1.4e+05 +/- 1.2e-01 | dlogz: 133070.822 >  0.500
 loglike: -1.4e+05 | params: [-0.14543816 -1.1106568   5.2544256   9.60666946 29.23797001]
 Average call time: 0.32 sec | Current time: 2019-04-16 11:34:09.666505
 --------------------------
iter: 10 | nc: 1 | ncalls: 510 | bounds: 0 | eff(%):  1.961 | logz: -1.4e+05 +/- 1.2e-01 | dlogz: 132776.626 >  0.500
 loglike: -1.4e+05 | params: [ 0.26909621 -1.81674433  5.23890757  9.57255659 29.25364762]
 Average call time: 0.44 sec | Current time: 2019-04-16 11:34:10.103358
 --------------------------
iter: 11 | nc: 1 | ncalls: 511 | bounds: 0 | eff(%):  2.153 | logz: -1.4e+05 +/- 1.2e-01 | dlogz: 132724.885 >  0.500
 loglike: -1.4e+05 | params: [ 0.22352533 -1.02635584  5.26184225  9.56928566 29.23690703]
 Average call time: 0.32 sec | Current time: 2019-04-16 11:34:10.420039
 --------------------------
iter: 12 | nc: 1 | ncalls: 512 | bounds: 0 | eff(%):  2.344 | logz: -1.4e+05 +/- 1.2e-01 | dlogz: 132607.655 >  0.500
 loglike: -1.4e+05 | params: [-0.98677709 -1.38029686  5.23711002  9.64881721 29.64430199]
 Average call time: 0.33 sec | Current time: 2019-04-16 11:34:10.745947
 --------------------------
iter: 13 | nc: 1 | ncalls: 513 | bounds: 0 | eff(%):  2.534 | logz: -1.4e+05 +/- 1.2e-01 | dlogz: 132394.505 >  0.500
 loglike: -1.4e+05 | params: [-0.27542069 -1.87466839  5.39336255  9.51191808 30.35314153]
 Average call time: 0.33 sec | Current time: 2019-04-16 11:34:11.073929
 --------------------------
iter: 14 | nc: 1 | ncalls: 514 | bounds: 0 | eff(%):  2.724 | logz: -1.4e+05 +/- 1.2e-01 | dlogz: 132379.339 >  0.500
 loglike: -1.4e+05 | params: [ 0.37337579 -1.82228373  5.44630778  9.95806877 29.28403544]
 Average call time: 0.33 sec | Current time: 2019-04-16 11:34:11.400600
 --------------------------
iter: 15 | nc: 1 | ncalls: 515 | bounds: 0 | eff(%):  2.913 | logz: -1.4e+05 +/- 1.2e-01 | dlogz: 132246.669 >  0.500
 loglike: -1.4e+05 | params: [-0.2324181  -1.15638356  5.48063096  9.94152932 29.57094666]
 Average call time: 0.32 sec | Current time: 2019-04-16 11:34:11.720777
 --------------------------
iter: 16 | nc: 1 | ncalls: 516 | bounds: 0 | eff(%):  3.101 | logz: -1.4e+05 +/- 1.2e-01 | dlogz: 132127.908 >  0.500
 loglike: -1.4e+05 | params: [-0.90399517 -1.49410305  5.30028013  9.60427334 30.13895759]
 Average call time: 0.32 sec | Current time: 2019-04-16 11:34:12.043467
 --------------------------
iter: 17 | nc: 1 | ncalls: 517 | bounds: 0 | eff(%):  3.288 | logz: -1.4e+05 +/- 1.2e-01 | dlogz: 131813.933 >  0.500
 loglike: -1.4e+05 | params: [-0.70184216 -1.55604638  5.27430203  9.97000405 29.16304619]
 Average call time: 0.33 sec | Current time: 2019-04-16 11:34:12.376731
 --------------------------
iter: 18 | nc: 1 | ncalls: 518 | bounds: 0 | eff(%):  3.475 | logz: -1.4e+05 +/- 1.2e-01 | dlogz: 131722.796 >  0.500
 loglike: -1.4e+05 | params: [-0.92179549 -1.90727068  5.16096889  9.61770568 29.72577322]
 Average call time: 0.31 sec | Current time: 2019-04-16 11:34:12.691541
 --------------------------
iter: 19 | nc: 1 | ncalls: 519 | bounds: 0 | eff(%):  3.661 | logz: -1.4e+05 +/- 1.2e-01 | dlogz: 131717.011 >  0.500
 loglike: -1.4e+05 | params: [-0.88576722 -1.47843246  5.452199    9.79696736 30.27165192]
 Average call time: 0.33 sec | Current time: 2019-04-16 11:34:13.017594
 --------------------------
iter: 20 | nc: 1 | ncalls: 520 | bounds: 0 | eff(%):  3.846 | logz: -1.4e+05 +/- 1.2e-01 | dlogz: 131711.469 >  0.500
 loglike: -1.4e+05 | params: [-0.7098485  -1.2599519   5.37018962  9.86112578 29.86009046]
 Average call time: 0.37 sec | Current time: 2019-04-16 11:34:13.386413
 --------------------------
iter: 21 | nc: 1 | ncalls: 521 | bounds: 0 | eff(%):  4.031 | logz: -1.4e+05 +/- 1.2e-01 | dlogz: 131580.748 >  0.500
 loglike: -1.4e+05 | params: [ 0.46108372 -1.24578438  5.25003237  9.52639199 29.57169769]
 Average call time: 0.33 sec | Current time: 2019-04-16 11:34:13.711750
 --------------------------
iter: 22 | nc: 1 | ncalls: 522 | bounds: 0 | eff(%):  4.215 | logz: -1.4e+05 +/- 1.2e-01 | dlogz: 131576.211 >  0.500
 loglike: -1.4e+05 | params: [-0.22054683 -1.79220899  5.12529342  9.65690604 29.27731865]
 Average call time: 0.31 sec | Current time: 2019-04-16 11:34:14.018419
 --------------------------
iter: 23 | nc: 1 | ncalls: 523 | bounds: 0 | eff(%):  4.398 | logz: -1.4e+05 +/- 1.2e-01 | dlogz: 131538.234 >  0.500
 loglike: -1.4e+05 | params: [-0.95627268 -1.11932711  5.23500363  9.56333871 30.19861822]
 Average call time: 0.31 sec | Current time: 2019-04-16 11:34:14.325884
 --------------------------
iter: 24 | nc: 1 | ncalls: 524 | bounds: 0 | eff(%):  4.580 | logz: -1.4e+05 +/- 1.2e-01 | dlogz: 131290.129 >  0.500
 loglike: -1.4e+05 | params: [-0.67715546 -1.98159901  5.0889572   9.57784354 29.50413756]
 Average call time: 0.32 sec | Current time: 2019-04-16 11:34:14.649621
 --------------------------
iter: 25 | nc: 1 | ncalls: 525 | bounds: 0 | eff(%):  4.762 | logz: -1.4e+05 +/- 1.2e-01 | dlogz: 131187.861 >  0.500
 loglike: -1.4e+05 | params: [-0.36067707 -1.47798857  5.34023309  9.86037267 29.75046538]
 Average call time: 0.34 sec | Current time: 2019-04-16 11:34:14.988577
 --------------------------
iter: 26 | nc: 1 | ncalls: 526 | bounds: 0 | eff(%):  4.943 | logz: -1.4e+05 +/- 1.2e-01 | dlogz: 131179.702 >  0.500
 loglike: -1.4e+05 | params: [-0.95802357 -1.13640872  5.49589228  9.72771688 30.70052167]
 Average call time: 0.34 sec | Current time: 2019-04-16 11:34:15.323643
 --------------------------
iter: 27 | nc: 1 | ncalls: 527 | bounds: 0 | eff(%):  5.123 | logz: -1.4e+05 +/- 1.2e-01 | dlogz: 131096.559 >  0.500
 loglike: -1.4e+05 | params: [-0.10453934 -1.37153246  5.44795312  9.62342167 30.59995483]
 Average call time: 0.32 sec | Current time: 2019-04-16 11:34:15.642157
 --------------------------
iter: 28 | nc: 1 | ncalls: 528 | bounds: 0 | eff(%):  5.303 | logz: -1.4e+05 +/- 1.2e-01 | dlogz: 131028.005 >  0.500
 loglike: -1.4e+05 | params: [-0.37546638 -1.3721227   5.22210499  9.54859592 30.10080629]
 Average call time: 0.32 sec | Current time: 2019-04-16 11:34:15.963420
 --------------------------
iter: 29 | nc: 1 | ncalls: 529 | bounds: 0 | eff(%):  5.482 | logz: -1.3e+05 +/- 1.2e-01 | dlogz: 131001.110 >  0.500
 loglike: -1.3e+05 | params: [ 0.20857369 -1.51572588  5.13002514  9.60655522 29.43943267]
 Average call time: 0.30 sec | Current time: 2019-04-16 11:34:16.266150
 --------------------------
iter: 30 | nc: 1 | ncalls: 530 | bounds: 0 | eff(%):  5.660 | logz: -1.3e+05 +/- 1.2e-01 | dlogz: 130667.414 >  0.500
 loglike: -1.3e+05 | params: [-0.94103281 -1.56822348  5.06282754  9.79562994 29.17689822]
 Average call time: 0.36 sec | Current time: 2019-04-16 11:34:16.629379
 --------------------------
iter: 31 | nc: 2 | ncalls: 532 | bounds: 0 | eff(%):  5.827 | logz: -1.3e+05 +/- 1.2e-01 | dlogz: 130619.154 >  0.500
 loglike: -1.3e+05 | params: [ 0.26903703 -1.52667012  5.20766508  9.65819687 29.60830748]
 Average call time: 0.31 sec | Current time: 2019-04-16 11:34:17.253781
 --------------------------
iter: 32 | nc: 1 | ncalls: 533 | bounds: 0 | eff(%):  6.004 | logz: -1.3e+05 +/- 1.2e-01 | dlogz: 130569.065 >  0.500
 loglike: -1.3e+05 | params: [ 0.21552985 -1.03589879  5.37314219  9.91381585 29.62300664]
 Average call time: 0.32 sec | Current time: 2019-04-16 11:34:17.570663
 --------------------------
iter: 33 | nc: 1 | ncalls: 534 | bounds: 0 | eff(%):  6.180 | logz: -1.3e+05 +/- 1.2e-01 | dlogz: 130478.618 >  0.500
 loglike: -1.3e+05 | params: [-0.55988622 -1.94363618  5.30362233  9.95414568 29.69116499]
 Average call time: 0.33 sec | Current time: 2019-04-16 11:34:17.899031
 --------------------------
iter: 34 | nc: 1 | ncalls: 535 | bounds: 0 | eff(%):  6.355 | logz: -1.3e+05 +/- 1.2e-01 | dlogz: 130474.302 >  0.500
 loglike: -1.3e+05 | params: [-0.36758781 -1.06783457  5.10289846  9.8116221  29.05837884]
 Average call time: 0.32 sec | Current time: 2019-04-16 11:34:18.221104
 --------------------------
iter: 35 | nc: 1 | ncalls: 536 | bounds: 0 | eff(%):  6.530 | logz: -1.3e+05 +/- 1.2e-01 | dlogz: 130396.756 >  0.500
 loglike: -1.3e+05 | params: [-0.51520778 -1.4095182   5.0616957   9.7009437  29.34613445]
 Average call time: 0.33 sec | Current time: 2019-04-16 11:34:18.550476
 --------------------------
iter: 36 | nc: 1 | ncalls: 537 | bounds: 0 | eff(%):  6.704 | logz: -1.3e+05 +/- 1.2e-01 | dlogz: 130352.602 >  0.500
 loglike: -1.3e+05 | params: [-0.43918023 -1.59848921  5.27529824  9.67140119 30.32802536]
 Average call time: 0.33 sec | Current time: 2019-04-16 11:34:18.878526
 --------------------------
iter: 37 | nc: 1 | ncalls: 538 | bounds: 0 | eff(%):  6.877 | logz: -1.3e+05 +/- 1.2e-01 | dlogz: 130315.595 >  0.500
 loglike: -1.3e+05 | params: [ 0.17094599 -1.17850605  5.36022927  9.92696926 29.58016364]
 Average call time: 0.33 sec | Current time: 2019-04-16 11:34:19.203804
 --------------------------
iter: 38 | nc: 1 | ncalls: 539 | bounds: 0 | eff(%):  7.050 | logz: -1.3e+05 +/- 1.2e-01 | dlogz: 130227.273 >  0.500
 loglike: -1.3e+05 | params: [-0.70723501 -1.94260855  5.24423364 10.08146906 29.31800856]
 Average call time: 0.32 sec | Current time: 2019-04-16 11:34:19.524076
 --------------------------
iter: 39 | nc: 1 | ncalls: 540 | bounds: 0 | eff(%):  7.222 | logz: -1.3e+05 +/- 1.2e-01 | dlogz: 130142.243 >  0.500
 loglike: -1.3e+05 | params: [-0.09101749 -1.03520348  5.40277444 10.15102017 29.36935966]
 Average call time: 0.32 sec | Current time: 2019-04-16 11:34:19.843073
 --------------------------
iter: 40 | nc: 1 | ncalls: 541 | bounds: 0 | eff(%):  7.394 | logz: -1.3e+05 +/- 1.2e-01 | dlogz: 130074.506 >  0.500
 loglike: -1.3e+05 | params: [-0.36570105 -1.06651391  5.48191298  9.88348719 30.46046914]
 Average call time: 0.37 sec | Current time: 2019-04-16 11:34:20.209465
 --------------------------
iter: 41 | nc: 1 | ncalls: 542 | bounds: 0 | eff(%):  7.565 | logz: -1.3e+05 +/- 1.2e-01 | dlogz: 129938.518 >  0.500
 loglike: -1.3e+05 | params: [-0.94489265 -1.06485804  5.47641774  9.88509275 30.63383925]
 Average call time: 0.32 sec | Current time: 2019-04-16 11:34:20.527144
 --------------------------
iter: 42 | nc: 1 | ncalls: 543 | bounds: 0 | eff(%):  7.735 | logz: -1.3e+05 +/- 1.2e-01 | dlogz: 129933.709 >  0.500
 loglike: -1.3e+05 | params: [-0.20990934 -1.37027343  5.1445415   9.94879742 29.04537583]
 Average call time: 0.32 sec | Current time: 2019-04-16 11:34:20.849254
 --------------------------
iter: 43 | nc: 1 | ncalls: 544 | bounds: 0 | eff(%):  7.904 | logz: -1.3e+05 +/- 1.2e-01 | dlogz: 129833.320 >  0.500
 loglike: -1.3e+05 | params: [-0.14937818 -1.18165502  5.31696191  9.63503099 30.42568805]
 Average call time: 0.33 sec | Current time: 2019-04-16 11:34:21.178306
 --------------------------
iter: 44 | nc: 1 | ncalls: 545 | bounds: 0 | eff(%):  8.073 | logz: -1.3e+05 +/- 1.2e-01 | dlogz: 129780.739 >  0.500
 loglike: -1.3e+05 | params: [-0.80233529 -1.07282014  4.98338974  9.77491217 29.28114129]
 Average call time: 0.33 sec | Current time: 2019-04-16 11:34:21.503371
 --------------------------
iter: 45 | nc: 2 | ncalls: 547 | bounds: 0 | eff(%):  8.227 | logz: -1.3e+05 +/- 1.2e-01 | dlogz: 129066.830 >  0.500
 loglike: -1.3e+05 | params: [-0.04419526 -1.83404934  5.1223695   9.56689681 30.18024534]
 Average call time: 0.31 sec | Current time: 2019-04-16 11:34:22.125670
 --------------------------
iter: 46 | nc: 1 | ncalls: 548 | bounds: 0 | eff(%):  8.394 | logz: -1.3e+05 +/- 1.2e-01 | dlogz: 129033.101 >  0.500
 loglike: -1.3e+05 | params: [-0.83664583 -1.53758051  5.1590555   9.82548794 29.93243054]
 Average call time: 0.33 sec | Current time: 2019-04-16 11:34:22.457810
 --------------------------
iter: 47 | nc: 1 | ncalls: 549 | bounds: 0 | eff(%):  8.561 | logz: -1.3e+05 +/- 1.2e-01 | dlogz: 128950.137 >  0.500
 loglike: -1.3e+05 | params: [-0.96734161 -1.55166223  5.17934442 10.04311686 29.49832263]
 Average call time: 0.32 sec | Current time: 2019-04-16 11:34:22.775841
 --------------------------
iter: 48 | nc: 2 | ncalls: 551 | bounds: 0 | eff(%):  8.711 | logz: -1.3e+05 +/- 1.2e-01 | dlogz: 128881.678 >  0.500
 loglike: -1.3e+05 | params: [-0.16100239 -1.67109514  4.99781345  9.67161657 29.57604477]
 Average call time: 0.32 sec | Current time: 2019-04-16 11:34:23.408676
 --------------------------
iter: 49 | nc: 1 | ncalls: 552 | bounds: 0 | eff(%):  8.877 | logz: -1.3e+05 +/- 1.2e-01 | dlogz: 128766.159 >  0.500
 loglike: -1.3e+05 | params: [-0.43986444 -1.98759302  5.26571001 10.11129325 29.70349364]
 Average call time: 0.32 sec | Current time: 2019-04-16 11:34:23.729415
 --------------------------
iter: 50 | nc: 1 | ncalls: 553 | bounds: 0 | eff(%):  9.042 | logz: -1.3e+05 +/- 1.2e-01 | dlogz: 128746.803 >  0.500
 loglike: -1.3e+05 | params: [-0.60753085 -1.10663812  4.96735242  9.68315547 29.41376782]
 Average call time: 0.36 sec | Current time: 2019-04-16 11:34:24.094161
 --------------------------
iter: 51 | nc: 1 | ncalls: 554 | bounds: 0 | eff(%):  9.206 | logz: -1.3e+05 +/- 1.2e-01 | dlogz: 128686.489 >  0.500
 loglike: -1.3e+05 | params: [-0.55203898 -1.13839038  5.21742159 10.03800828 29.52246328]
 Average call time: 0.31 sec | Current time: 2019-04-16 11:34:24.406621
 --------------------------
iter: 52 | nc: 1 | ncalls: 555 | bounds: 0 | eff(%):  9.369 | logz: -1.3e+05 +/- 1.2e-01 | dlogz: 128545.875 >  0.500
 loglike: -1.3e+05 | params: [ 0.04690971 -1.7417035   5.24742346  9.87265073 30.11592884]
 Average call time: 0.34 sec | Current time: 2019-04-16 11:34:24.742542
 --------------------------
iter: 53 | nc: 1 | ncalls: 556 | bounds: 0 | eff(%):  9.532 | logz: -1.3e+05 +/- 1.2e-01 | dlogz: 128350.968 >  0.500
 loglike: -1.3e+05 | params: [-0.19701477 -1.3899995   5.05427092  9.7869706  29.52279405]
 Average call time: 0.32 sec | Current time: 2019-04-16 11:34:25.062662
 --------------------------
iter: 54 | nc: 1 | ncalls: 557 | bounds: 0 | eff(%):  9.695 | logz: -1.3e+05 +/- 1.2e-01 | dlogz: 128268.253 >  0.500
 loglike: -1.3e+05 | params: [-0.9609447  -1.88210632  4.98812914  9.596932   30.13894227]
 Average call time: 0.33 sec | Current time: 2019-04-16 11:34:25.389051
 --------------------------
iter: 55 | nc: 2 | ncalls: 559 | bounds: 0 | eff(%):  9.839 | logz: -1.3e+05 +/- 1.2e-01 | dlogz: 128239.806 >  0.500
 loglike: -1.3e+05 | params: [-0.31691517 -1.844337    5.48785852 10.12278376 30.6074988 ]
 Average call time: 0.32 sec | Current time: 2019-04-16 11:34:26.031951
 --------------------------
iter: 56 | nc: 1 | ncalls: 560 | bounds: 0 | eff(%): 10.000 | logz: -1.3e+05 +/- 1.2e-01 | dlogz: 128226.253 >  0.500
 loglike: -1.3e+05 | params: [-0.34089417 -1.37067001  5.2751743   9.74989157 30.63826689]
 Average call time: 0.33 sec | Current time: 2019-04-16 11:34:26.361031
 --------------------------
iter: 57 | nc: 2 | ncalls: 562 | bounds: 0 | eff(%): 10.142 | logz: -1.3e+05 +/- 1.2e-01 | dlogz: 128117.497 >  0.500
 loglike: -1.3e+05 | params: [-0.18581391 -1.50506511  4.9038489   9.71557148 29.22803956]
 Average call time: 0.32 sec | Current time: 2019-04-16 11:34:27.003753
 --------------------------
iter: 58 | nc: 1 | ncalls: 563 | bounds: 0 | eff(%): 10.302 | logz: -1.3e+05 +/- 1.2e-01 | dlogz: 128114.508 >  0.500
 loglike: -1.3e+05 | params: [-0.85848649 -1.76972884  5.19731393  9.98701969 30.00911425]
 Average call time: 0.33 sec | Current time: 2019-04-16 11:34:27.337495
 --------------------------
iter: 59 | nc: 1 | ncalls: 564 | bounds: 0 | eff(%): 10.461 | logz: -1.3e+05 +/- 1.2e-01 | dlogz: 128068.552 >  0.500
 loglike: -1.3e+05 | params: [-0.16424797 -1.54473079  5.33378921 10.0229419  30.18551216]
 Average call time: 0.33 sec | Current time: 2019-04-16 11:34:27.669179
 --------------------------
iter: 60 | nc: 2 | ncalls: 566 | bounds: 0 | eff(%): 10.601 | logz: -1.3e+05 +/- 1.2e-01 | dlogz: 128048.432 >  0.500
 loglike: -1.3e+05 | params: [-0.14101113 -1.8793378   5.49989117 10.19816624 30.38942429]
 Average call time: 0.33 sec | Current time: 2019-04-16 11:34:28.326683
 --------------------------
iter: 61 | nc: 1 | ncalls: 567 | bounds: 0 | eff(%): 10.758 | logz: -1.3e+05 +/- 1.2e-01 | dlogz: 127988.084 >  0.500
 loglike: -1.3e+05 | params: [-0.3543085  -1.15748074  4.97905921  9.7758118  29.33342521]
 Average call time: 0.31 sec | Current time: 2019-04-16 11:34:28.641369
 --------------------------
iter: 62 | nc: 1 | ncalls: 568 | bounds: 0 | eff(%): 10.915 | logz: -1.3e+05 +/- 1.2e-01 | dlogz: 127817.440 >  0.500
 loglike: -1.3e+05 | params: [ 0.47068892 -1.85558164  5.20963924 10.02214051 29.69691807]
 Average call time: 0.32 sec | Current time: 2019-04-16 11:34:28.963073
 --------------------------
iter: 63 | nc: 1 | ncalls: 569 | bounds: 0 | eff(%): 11.072 | logz: -1.3e+05 +/- 1.2e-01 | dlogz: 127399.500 >  0.500
 loglike: -1.3e+05 | params: [-0.7636589  -1.26941046  5.46728927 10.04582343 30.95906943]
 Average call time: 0.32 sec | Current time: 2019-04-16 11:34:29.279662
 --------------------------
iter: 64 | nc: 1 | ncalls: 570 | bounds: 0 | eff(%): 11.228 | logz: -1.3e+05 +/- 1.2e-01 | dlogz: 127364.906 >  0.500
 loglike: -1.3e+05 | params: [-0.53672554 -1.63232422  4.78992301  9.62631324 29.27548571]
 Average call time: 0.33 sec | Current time: 2019-04-16 11:34:29.612627
 --------------------------
iter: 65 | nc: 2 | ncalls: 572 | bounds: 0 | eff(%): 11.364 | logz: -1.3e+05 +/- 1.2e-01 | dlogz: 127228.542 >  0.500
 loglike: -1.3e+05 | params: [-0.99415503 -1.81570706  5.28389829  9.9805502  30.62958847]
 Average call time: 0.31 sec | Current time: 2019-04-16 11:34:30.233122
 --------------------------
iter: 66 | nc: 1 | ncalls: 573 | bounds: 0 | eff(%): 11.518 | logz: -1.3e+05 +/- 1.2e-01 | dlogz: 127184.984 >  0.500
 loglike: -1.3e+05 | params: [ 9.24231894e-03 -1.91252839e+00  5.16089782e+00  1.00477252e+01
  2.96346088e+01]
 Average call time: 0.33 sec | Current time: 2019-04-16 11:34:30.560137
 --------------------------
iter: 67 | nc: 1 | ncalls: 574 | bounds: 0 | eff(%): 11.672 | logz: -1.3e+05 +/- 1.2e-01 | dlogz: 127011.832 >  0.500
 loglike: -1.3e+05 | params: [ 0.17362493 -1.65087839  4.74903354  9.53846737 29.15639645]
 Average call time: 0.32 sec | Current time: 2019-04-16 11:34:30.881029
 --------------------------
iter: 68 | nc: 2 | ncalls: 576 | bounds: 0 | eff(%): 11.806 | logz: -1.3e+05 +/- 1.2e-01 | dlogz: 126881.138 >  0.500
 loglike: -1.3e+05 | params: [ 0.39492719 -1.9427046   4.95489204  9.61523608 29.87941221]
 Average call time: 0.31 sec | Current time: 2019-04-16 11:34:31.509162
 --------------------------
iter: 69 | nc: 1 | ncalls: 577 | bounds: 0 | eff(%): 11.958 | logz: -1.3e+05 +/- 1.2e-01 | dlogz: 126841.076 >  0.500
 loglike: -1.3e+05 | params: [-0.50498892 -1.39332478  4.96647937  9.93957555 29.23584612]
 Average call time: 0.32 sec | Current time: 2019-04-16 11:34:31.830300
 --------------------------
iter: 70 | nc: 1 | ncalls: 578 | bounds: 0 | eff(%): 12.111 | logz: -1.3e+05 +/- 1.2e-01 | dlogz: 126826.670 >  0.500
 loglike: -1.3e+05 | params: [-0.34466024 -1.387851    5.25459423  9.93801567 30.41199513]
 Average call time: 0.38 sec | Current time: 2019-04-16 11:34:32.209194
 --------------------------
iter: 71 | nc: 2 | ncalls: 580 | bounds: 0 | eff(%): 12.241 | logz: -1.3e+05 +/- 1.2e-01 | dlogz: 126750.213 >  0.500
 loglike: -1.3e+05 | params: [-0.7515622  -1.45522533  5.15311269  9.99826393 30.11274081]
 Average call time: 0.31 sec | Current time: 2019-04-16 11:34:32.832175
 --------------------------
iter: 72 | nc: 1 | ncalls: 581 | bounds: 0 | eff(%): 12.392 | logz: -1.3e+05 +/- 1.2e-01 | dlogz: 126651.142 >  0.500
 loglike: -1.3e+05 | params: [-0.04302948 -1.34411697  4.80795698  9.50015907 29.60139089]
 Average call time: 0.32 sec | Current time: 2019-04-16 11:34:33.155634
 --------------------------
iter: 73 | nc: 1 | ncalls: 582 | bounds: 0 | eff(%): 12.543 | logz: -1.3e+05 +/- 1.2e-01 | dlogz: 126638.419 >  0.500
 loglike: -1.3e+05 | params: [ 0.17371699 -1.23839609  5.24320934  9.96103595 30.13673516]
 Average call time: 0.32 sec | Current time: 2019-04-16 11:34:33.473825
 --------------------------
iter: 74 | nc: 1 | ncalls: 583 | bounds: 0 | eff(%): 12.693 | logz: -1.3e+05 +/- 1.2e-01 | dlogz: 126630.026 >  0.500
 loglike: -1.3e+05 | params: [-0.59864746 -1.06717301  4.97843518  9.60181023 30.29400722]
 Average call time: 0.33 sec | Current time: 2019-04-16 11:34:33.799959
 --------------------------
iter: 75 | nc: 2 | ncalls: 585 | bounds: 0 | eff(%): 12.821 | logz: -1.3e+05 +/- 1.2e-01 | dlogz: 126550.689 >  0.500
 loglike: -1.3e+05 | params: [ 0.49381956 -1.33678169  4.95370486  9.68999969 29.58383681]
 Average call time: 0.31 sec | Current time: 2019-04-16 11:34:34.415998
 --------------------------
iter: 76 | nc: 1 | ncalls: 586 | bounds: 0 | eff(%): 12.969 | logz: -1.3e+05 +/- 1.2e-01 | dlogz: 126496.313 >  0.500
 loglike: -1.3e+05 | params: [-0.24616065 -1.46312181  4.9576062   9.53998095 30.33884349]
 Average call time: 0.32 sec | Current time: 2019-04-16 11:34:34.740214
 --------------------------
iter: 77 | nc: 1 | ncalls: 587 | bounds: 0 | eff(%): 13.118 | logz: -1.3e+05 +/- 1.2e-01 | dlogz: 126465.057 >  0.500
 loglike: -1.3e+05 | params: [-0.98740151 -1.52845105  5.05726633 10.14622579 29.46287227]
 Average call time: 0.35 sec | Current time: 2019-04-16 11:34:35.093205
 --------------------------
iter: 78 | nc: 1 | ncalls: 588 | bounds: 0 | eff(%): 13.265 | logz: -1.3e+05 +/- 1.2e-01 | dlogz: 126383.433 >  0.500
 loglike: -1.3e+05 | params: [ 0.05687196 -1.78120789  5.27460289  9.80949853 30.81863192]
 Average call time: 0.36 sec | Current time: 2019-04-16 11:34:35.448402
 --------------------------
iter: 79 | nc: 1 | ncalls: 589 | bounds: 0 | eff(%): 13.413 | logz: -1.3e+05 +/- 1.1e-01 | dlogz: 126256.025 >  0.500
 loglike: -1.3e+05 | params: [-0.25754897 -1.19012166  5.36369735  9.94623828 30.82169951]
 Average call time: 0.37 sec | Current time: 2019-04-16 11:34:35.818196
 --------------------------
iter: 80 | nc: 1 | ncalls: 590 | bounds: 0 | eff(%): 13.559 | logz: -1.3e+05 +/- 1.2e-01 | dlogz: 126253.792 >  0.500
 loglike: -1.3e+05 | params: [-0.07579112 -1.78070883  5.117571    9.95350544 29.94600589]
 Average call time: 0.37 sec | Current time: 2019-04-16 11:34:36.184935
 --------------------------
iter: 81 | nc: 2 | ncalls: 592 | bounds: 0 | eff(%): 13.682 | logz: -1.3e+05 +/- 1.2e-01 | dlogz: 126192.472 >  0.500
 loglike: -1.3e+05 | params: [-0.45021886 -1.93422121  4.86342664  9.85867164 29.35367701]
 Average call time: 0.34 sec | Current time: 2019-04-16 11:34:36.869902
 --------------------------
iter: 82 | nc: 1 | ncalls: 593 | bounds: 0 | eff(%): 13.828 | logz: -1.3e+05 +/- 1.2e-01 | dlogz: 126115.184 >  0.500
 loglike: -1.3e+05 | params: [-0.56012266 -1.46988317  5.09897656 10.10814862 29.7130066 ]
 Average call time: 0.35 sec | Current time: 2019-04-16 11:34:37.223103
 --------------------------
iter: 83 | nc: 1 | ncalls: 594 | bounds: 0 | eff(%): 13.973 | logz: -1.3e+05 +/- 1.2e-01 | dlogz: 126089.684 >  0.500
 loglike: -1.3e+05 | params: [ 0.33484407 -1.83153171  5.15069289  9.99194295 29.84421731]
 Average call time: 0.37 sec | Current time: 2019-04-16 11:34:37.591735
 --------------------------
iter: 84 | nc: 1 | ncalls: 595 | bounds: 0 | eff(%): 14.118 | logz: -1.3e+05 +/- 1.2e-01 | dlogz: 126027.534 >  0.500
 loglike: -1.3e+05 | params: [-0.57578145 -1.75820128  5.11405575  9.75696607 30.77607156]
 Average call time: 0.33 sec | Current time: 2019-04-16 11:34:37.920679
 --------------------------
iter: 85 | nc: 1 | ncalls: 596 | bounds: 0 | eff(%): 14.262 | logz: -1.3e+05 +/- 1.2e-01 | dlogz: 125775.838 >  0.500
 loglike: -1.3e+05 | params: [ 0.20716535 -1.70555661  4.841857    9.65735041 29.5796983 ]
 Average call time: 0.35 sec | Current time: 2019-04-16 11:34:38.269986
 --------------------------
iter: 86 | nc: 1 | ncalls: 597 | bounds: 0 | eff(%): 14.405 | logz: -1.3e+05 +/- 1.2e-01 | dlogz: 125666.017 >  0.500
 loglike: -1.3e+05 | params: [ 0.36870668 -1.44653633  4.80429048  9.53069002 29.65562444]
 Average call time: 0.35 sec | Current time: 2019-04-16 11:34:38.618436
 --------------------------
iter: 87 | nc: 1 | ncalls: 598 | bounds: 0 | eff(%): 14.548 | logz: -1.3e+05 +/- 1.2e-01 | dlogz: 125655.972 >  0.500
 loglike: -1.3e+05 | params: [-0.16082846 -1.90598808  4.87133658  9.8576435  29.38027675]
 Average call time: 0.36 sec | Current time: 2019-04-16 11:34:38.974385
 --------------------------
iter: 88 | nc: 1 | ncalls: 599 | bounds: 0 | eff(%): 14.691 | logz: -1.3e+05 +/- 1.2e-01 | dlogz: 125604.675 >  0.500
 loglike: -1.3e+05 | params: [-0.87594673 -1.86417144  5.23812007 10.11034941 30.56732852]
 Average call time: 0.35 sec | Current time: 2019-04-16 11:34:39.322596
 --------------------------
iter: 89 | nc: 1 | ncalls: 600 | bounds: 0 | eff(%): 14.833 | logz: -1.3e+05 +/- 1.2e-01 | dlogz: 125585.143 >  0.500
 loglike: -1.3e+05 | params: [-0.48757216 -1.1887008   5.11812941  9.96619176 30.1775731 ]
 Average call time: 0.36 sec | Current time: 2019-04-16 11:34:39.683468
 --------------------------
iter: 90 | nc: 1 | ncalls: 601 | bounds: 0 | eff(%): 14.975 | logz: -1.3e+05 +/- 1.2e-01 | dlogz: 125502.948 >  0.500
 loglike: -1.3e+05 | params: [-0.71257499 -1.36169698  4.99739385  9.82887896 30.16070607]
 Average call time: 0.40 sec | Current time: 2019-04-16 11:34:40.082434
 --------------------------
iter: 91 | nc: 1 | ncalls: 602 | bounds: 0 | eff(%): 15.116 | logz: -1.3e+05 +/- 1.2e-01 | dlogz: 125478.415 >  0.500
 loglike: -1.3e+05 | params: [-0.95816919 -1.42669867  4.91692933  9.7943587  30.05053367]
 Average call time: 0.35 sec | Current time: 2019-04-16 11:34:40.428205
 --------------------------
iter: 92 | nc: 1 | ncalls: 603 | bounds: 0 | eff(%): 15.257 | logz: -1.3e+05 +/- 1.2e-01 | dlogz: 125384.213 >  0.500
 loglike: -1.3e+05 | params: [-0.4391523  -1.583783    5.1327475  10.03253965 30.09622476]
 Average call time: 0.34 sec | Current time: 2019-04-16 11:34:40.766125
 --------------------------
iter: 93 | nc: 2 | ncalls: 605 | bounds: 0 | eff(%): 15.372 | logz: -1.3e+05 +/- 1.2e-01 | dlogz: 125357.881 >  0.500
 loglike: -1.3e+05 | params: [ 0.36818433 -1.20947587  5.4762444  10.17116123 30.58392827]
 Average call time: 0.35 sec | Current time: 2019-04-16 11:34:41.457990
 --------------------------
iter: 94 | nc: 1 | ncalls: 606 | bounds: 0 | eff(%): 15.512 | logz: -1.3e+05 +/- 1.2e-01 | dlogz: 125321.109 >  0.500
 loglike: -1.3e+05 | params: [-0.77524943 -1.25393659  4.99302098  9.94360804 29.87661976]
 Average call time: 0.35 sec | Current time: 2019-04-16 11:34:41.812536
 --------------------------
