Using pcmdpy version 0.9.3
Loading Setup File: setup_files/NGC3377/NGC3377_model14.py
(2, 15663)
Running Nested Sampling
-initializing models
-Saving initial results dataframe
iter: 1 | nc: 1 | ncalls: 401 | bounds: 0 | eff(%):  0.249 | logz: -7.1e+03 +/- 1.3e-01 | dlogz:    inf >  0.500
 loglike: -7.1e+03 | params: [-0.59412366 -1.21654508 -1.37299811  2.1207595   3.41243198  3.37681074
  5.9134606  28.71495908]
 Average call time: 3.72 sec | Current time: 2019-06-25 15:59:11.142454
 --------------------------
iter: 2 | nc: 1 | ncalls: 402 | bounds: 0 | eff(%):  0.498 | logz: -6.9e+03 +/- 1.3e-01 | dlogz: 7105.618 >  0.500
 loglike: -6.9e+03 | params: [ 0.14012184 -0.75109437  0.47346224  1.44162304  2.22815759  1.20921008
  5.89194171 28.2830969 ]
 Average call time: 3.91 sec | Current time: 2019-06-25 15:59:15.056503
 --------------------------
iter: 3 | nc: 1 | ncalls: 403 | bounds: 0 | eff(%):  0.744 | logz: -6.8e+03 +/- 1.3e-01 | dlogz: 6892.257 >  0.500
 loglike: -6.8e+03 | params: [-0.74481655 -0.92242733  1.71287833 -0.21654818  3.77249285  4.12545554
  5.6022441  28.15081136]
 Average call time: 3.69 sec | Current time: 2019-06-25 15:59:18.744956
 --------------------------
iter: 4 | nc: 1 | ncalls: 404 | bounds: 0 | eff(%):  0.990 | logz: -6.7e+03 +/- 1.3e-01 | dlogz: 6785.262 >  0.500
 loglike: -6.6e+03 | params: [-0.41415881 -0.77647467  2.12826441  2.94866913  0.27218766  1.58240713
  5.85737141 28.57767345]
 Average call time: 3.91 sec | Current time: 2019-06-25 15:59:22.654130
 --------------------------
iter: 5 | nc: 1 | ncalls: 405 | bounds: 0 | eff(%):  1.235 | logz: -6.3e+03 +/- 1.3e-01 | dlogz: 6651.613 >  0.500
 loglike: -6.3e+03 | params: [ 0.47626545 -1.08418978  0.84048124  1.88407344  2.08557884  1.85151346
  5.85943976 28.38374654]
 Average call time: 3.93 sec | Current time: 2019-06-25 15:59:26.581533
 --------------------------
iter: 6 | nc: 1 | ncalls: 406 | bounds: 0 | eff(%):  1.478 | logz: -6.0e+03 +/- 1.3e-01 | dlogz: 6284.068 >  0.500
 loglike: -6.0e+03 | params: [-0.19677719 -1.332803   -1.67786752  1.69016616  3.7354557   4.97895898
  5.65564952 28.73871933]
 Average call time: 3.71 sec | Current time: 2019-06-25 15:59:30.288929
 --------------------------
iter: 7 | nc: 1 | ncalls: 407 | bounds: 0 | eff(%):  1.720 | logz: -5.7e+03 +/- 1.3e-01 | dlogz: 5977.124 >  0.500
 loglike: -5.7e+03 | params: [ 0.45365872 -0.87604802  1.96463336 -0.38014089  3.21365665  4.03411539
  5.78131757 28.45866832]
 Average call time: 3.72 sec | Current time: 2019-06-25 15:59:34.005946
 --------------------------
iter: 8 | nc: 1 | ncalls: 408 | bounds: 0 | eff(%):  1.961 | logz: -5.7e+03 +/- 1.3e-01 | dlogz: 5689.224 >  0.500
 loglike: -5.7e+03 | params: [ 0.49157305 -1.14941677  1.6799342  -0.36910243  0.55192231  2.43102225
  5.75444849 28.41479321]
 Average call time: 3.66 sec | Current time: 2019-06-25 15:59:37.670280
 --------------------------
iter: 9 | nc: 1 | ncalls: 409 | bounds: 0 | eff(%):  2.200 | logz: -5.5e+03 +/- 1.3e-01 | dlogz: 5677.493 >  0.500
 loglike: -5.5e+03 | params: [-0.4380919  -1.90539084 -0.05047612  2.1450965   2.94839316  1.88606564
  5.38701736 28.11488781]
 Average call time: 3.67 sec | Current time: 2019-06-25 15:59:41.343228
 --------------------------
iter: 10 | nc: 1 | ncalls: 410 | bounds: 0 | eff(%):  2.439 | logz: -5.4e+03 +/- 1.3e-01 | dlogz: 5492.479 >  0.500
 loglike: -5.4e+03 | params: [ 0.33783003 -0.78447015  2.0900926   3.09706905  2.24093162  2.35460633
  5.6092172  28.20260182]
 Average call time: 3.80 sec | Current time: 2019-06-25 15:59:45.138691
 --------------------------
iter: 11 | nc: 1 | ncalls: 411 | bounds: 0 | eff(%):  2.676 | logz: -5.3e+03 +/- 1.3e-01 | dlogz: 5398.759 >  0.500
 loglike: -5.3e+03 | params: [-0.16082846 -1.85898212  1.39546988  1.30988992  0.63682311  3.69474602
  5.66802606 28.79247338]
 Average call time: 3.66 sec | Current time: 2019-06-25 15:59:48.796124
 --------------------------
iter: 12 | nc: 1 | ncalls: 412 | bounds: 0 | eff(%):  2.913 | logz: -5.2e+03 +/- 1.3e-01 | dlogz: 5283.516 >  0.500
 loglike: -5.2e+03 | params: [ 0.35481962 -0.88112748 -0.37247609 -0.69641278  2.52125797  4.21314416
  5.64200461 28.43766487]
 Average call time: 3.69 sec | Current time: 2019-06-25 15:59:52.481378
 --------------------------
iter: 13 | nc: 1 | ncalls: 413 | bounds: 0 | eff(%):  3.148 | logz: -5.1e+03 +/- 1.3e-01 | dlogz: 5210.497 >  0.500
 loglike: -5.1e+03 | params: [-0.9063676  -1.61096434  0.36240615  1.23778767  3.60610083  1.33027992
  5.76182488 29.36039266]
 Average call time: 3.94 sec | Current time: 2019-06-25 15:59:56.421003
 --------------------------
iter: 14 | nc: 1 | ncalls: 414 | bounds: 0 | eff(%):  3.382 | logz: -4.9e+03 +/- 1.3e-01 | dlogz: 5089.712 >  0.500
 loglike: -4.9e+03 | params: [-0.8369906  -1.28446458  2.16266324 -0.4662636   3.28526806  5.0507887
  2.80573352 28.17932119]
 Average call time: 3.69 sec | Current time: 2019-06-25 16:00:00.114216
 --------------------------
iter: 15 | nc: 1 | ncalls: 415 | bounds: 0 | eff(%):  3.614 | logz: -4.8e+03 +/- 1.3e-01 | dlogz: 4885.443 >  0.500
 loglike: -4.8e+03 | params: [-0.67715546 -1.97239851  1.68563071 -0.28896699  0.88454472  5.07847163
  5.24703821 28.98022242]
 Average call time: 3.68 sec | Current time: 2019-06-25 16:00:03.789563
 --------------------------
iter: 16 | nc: 1 | ncalls: 416 | bounds: 0 | eff(%):  3.846 | logz: -4.5e+03 +/- 1.3e-01 | dlogz: 4800.958 >  0.500
 loglike: -4.5e+03 | params: [-0.98817451 -1.0615595   0.54091411  0.20706949  2.61905396  5.0218195
  4.67235325 28.52096338]
 Average call time: 3.92 sec | Current time: 2019-06-25 16:00:07.706358
 --------------------------
iter: 17 | nc: 1 | ncalls: 417 | bounds: 0 | eff(%):  4.077 | logz: -4.4e+03 +/- 1.3e-01 | dlogz: 4465.181 >  0.500
 loglike: -4.3e+03 | params: [-0.80871565 -1.83070291  1.15534558  0.22371293  3.48255009  2.42264878
  5.43170517 28.94611806]
 Average call time: 3.92 sec | Current time: 2019-06-25 16:00:11.624813
 --------------------------
iter: 18 | nc: 1 | ncalls: 418 | bounds: 0 | eff(%):  4.306 | logz: -4.3e+03 +/- 1.3e-01 | dlogz: 4352.714 >  0.500
 loglike: -4.3e+03 | params: [-0.37115528 -1.14700008 -1.59946949  3.24874931  2.35228648  4.22645755
  5.66088882 29.36647424]
 Average call time: 3.68 sec | Current time: 2019-06-25 16:00:15.307732
 --------------------------
iter: 19 | nc: 1 | ncalls: 419 | bounds: 0 | eff(%):  4.535 | logz: -4.2e+03 +/- 1.3e-01 | dlogz: 4330.125 >  0.500
 loglike: -4.2e+03 | params: [-0.42551341 -1.01286541  1.7585446   1.55690313  1.58843143  2.14210479
  5.39661201 28.6931132 ]
 Average call time: 3.91 sec | Current time: 2019-06-25 16:00:19.221737
 --------------------------
iter: 20 | nc: 1 | ncalls: 420 | bounds: 0 | eff(%):  4.762 | logz: -4.2e+03 +/- 1.3e-01 | dlogz: 4196.974 >  0.500
 loglike: -4.2e+03 | params: [ 0.1859818  -1.23591432  0.90311363  1.42503693  0.22125098  3.38003766
  5.21392583 28.0167594 ]
 Average call time: 3.73 sec | Current time: 2019-06-25 16:00:22.956077
 --------------------------
iter: 21 | nc: 1 | ncalls: 421 | bounds: 0 | eff(%):  4.988 | logz: -4.1e+03 +/- 1.3e-01 | dlogz: 4189.169 >  0.500
 loglike: -4.1e+03 | params: [-0.05899446 -1.60746241  0.5638596   1.48582075  0.67763226  3.73691354
  5.70836183 29.42707074]
 Average call time: 3.71 sec | Current time: 2019-06-25 16:00:26.662212
 --------------------------
iter: 22 | nc: 1 | ncalls: 422 | bounds: 0 | eff(%):  5.213 | logz: -4.1e+03 +/- 1.3e-01 | dlogz: 4137.830 >  0.500
 loglike: -4.1e+03 | params: [ 0.4967449  -1.39832841  1.76703084  1.54276712  3.68923316  4.65014203
  5.05267665 28.12723225]
 Average call time: 3.71 sec | Current time: 2019-06-25 16:00:30.367379
 --------------------------
iter: 23 | nc: 1 | ncalls: 423 | bounds: 0 | eff(%):  5.437 | logz: -4.1e+03 +/- 1.3e-01 | dlogz: 4117.861 >  0.500
 loglike: -4.1e+03 | params: [-0.90816332 -1.96525887  0.26324553  0.33257689  1.65749266  5.00303009
  5.12663954 29.13650206]
 Average call time: 3.95 sec | Current time: 2019-06-25 16:00:34.313334
 --------------------------
iter: 24 | nc: 1 | ncalls: 424 | bounds: 0 | eff(%):  5.660 | logz: -4.0e+03 +/- 1.3e-01 | dlogz: 4090.994 >  0.500
 loglike: -4.0e+03 | params: [-0.07579112 -1.67106324  1.72378244  1.85767243  1.76828138  2.04535434
  5.27082153 28.3940653 ]
 Average call time: 3.94 sec | Current time: 2019-06-25 16:00:38.253893
 --------------------------
iter: 25 | nc: 2 | ncalls: 426 | bounds: 0 | eff(%):  5.869 | logz: -4.0e+03 +/- 1.3e-01 | dlogz: 4039.551 >  0.500
 loglike: -4.0e+03 | params: [ 0.26437443 -1.00772645  0.70280667  3.21758106  2.54116696  1.97044028
  5.60949466 29.0475424 ]
 Average call time: 3.58 sec | Current time: 2019-06-25 16:00:45.411002
 --------------------------
iter: 26 | nc: 2 | ncalls: 428 | bounds: 0 | eff(%):  6.075 | logz: -4.0e+03 +/- 1.3e-01 | dlogz: 4022.824 >  0.500
 loglike: -4.0e+03 | params: [-0.57578145 -1.63730192  1.71909544  0.73459034  3.42841272  4.90810769
  5.42656989 29.48818149]
 Average call time: 3.67 sec | Current time: 2019-06-25 16:00:52.742810
 --------------------------
iter: 27 | nc: 1 | ncalls: 429 | bounds: 0 | eff(%):  6.294 | logz: -3.8e+03 +/- 1.3e-01 | dlogz: 3957.398 >  0.500
 loglike: -3.8e+03 | params: [-0.40902016 -1.31505032  0.90878611  1.16973877  2.99698297  4.4927016
  5.19868328 28.79191424]
 Average call time: 3.66 sec | Current time: 2019-06-25 16:00:56.404060
 --------------------------
iter: 28 | nc: 1 | ncalls: 430 | bounds: 0 | eff(%):  6.512 | logz: -3.8e+03 +/- 1.2e-01 | dlogz: 3765.279 >  0.500
 loglike: -3.8e+03 | params: [-0.69245971 -1.64790414  0.62158286  1.78008296  3.80687377  1.81385972
  5.13544393 28.62105603]
 Average call time: 3.88 sec | Current time: 2019-06-25 16:01:00.288604
 --------------------------
iter: 29 | nc: 1 | ncalls: 431 | bounds: 0 | eff(%):  6.729 | logz: -3.7e+03 +/- 1.3e-01 | dlogz: 3763.732 >  0.500
 loglike: -3.7e+03 | params: [ 0.27713546 -1.38506299 -0.72072413  2.28537672  3.04057353  4.25775187
  5.72666176 29.60083294]
 Average call time: 3.93 sec | Current time: 2019-06-25 16:01:04.220115
 --------------------------
iter: 30 | nc: 1 | ncalls: 432 | bounds: 0 | eff(%):  6.944 | logz: -3.7e+03 +/- 1.2e-01 | dlogz: 3738.601 >  0.500
 loglike: -3.7e+03 | params: [-0.87022431 -0.87047926  1.20284497  0.52823823  3.25752731  3.24677969
  5.2658157  28.74413594]
 Average call time: 4.06 sec | Current time: 2019-06-25 16:01:08.284227
 --------------------------
iter: 31 | nc: 1 | ncalls: 433 | bounds: 0 | eff(%):  7.159 | logz: -3.6e+03 +/- 1.3e-01 | dlogz: 3737.100 >  0.500
 loglike: -3.6e+03 | params: [-0.36659602 -0.55920811 -0.25236117  3.03902721  3.14899057  3.33101172
  5.69882366 29.58944134]
 Average call time: 3.89 sec | Current time: 2019-06-25 16:01:12.173566
 --------------------------
iter: 32 | nc: 1 | ncalls: 434 | bounds: 0 | eff(%):  7.373 | logz: -3.6e+03 +/- 1.3e-01 | dlogz: 3645.577 >  0.500
 loglike: -3.6e+03 | params: [ 0.18764661 -1.15018801  1.54335672  3.16594778  3.7371675   4.90740346
  4.14268195 28.37014451]
 Average call time: 3.73 sec | Current time: 2019-06-25 16:01:15.901050
 --------------------------
iter: 33 | nc: 1 | ncalls: 435 | bounds: 0 | eff(%):  7.586 | logz: -3.6e+03 +/- 1.3e-01 | dlogz: 3604.505 >  0.500
 loglike: -3.6e+03 | params: [-3.71740150e-01 -1.16608943e+00 -2.24538306e-01 -1.37946978e-02
  1.86863130e+00  2.88037837e+00  5.53443205e+00  2.93931992e+01]
 Average call time: 3.86 sec | Current time: 2019-06-25 16:01:19.765368
 --------------------------
iter: 34 | nc: 1 | ncalls: 436 | bounds: 0 | eff(%):  7.798 | logz: -3.5e+03 +/- 1.3e-01 | dlogz: 3586.336 >  0.500
 loglike: -3.5e+03 | params: [-8.62344611e-02 -1.06996766e+00 -3.12348291e-04  6.13003781e-02
  1.65208409e+00  4.80766243e+00  4.62127172e+00  2.83260924e+01]
 Average call time: 3.67 sec | Current time: 2019-06-25 16:01:23.432542
 --------------------------
iter: 35 | nc: 1 | ncalls: 437 | bounds: 0 | eff(%):  8.009 | logz: -3.5e+03 +/- 1.3e-01 | dlogz: 3545.064 >  0.500
 loglike: -3.5e+03 | params: [-0.8604297  -1.22914016 -0.97664107  1.18729416  0.98435062  1.15052803
  5.48665909 29.49559387]
 Average call time: 3.66 sec | Current time: 2019-06-25 16:01:27.093810
 --------------------------
iter: 36 | nc: 2 | ncalls: 439 | bounds: 0 | eff(%):  8.200 | logz: -3.3e+03 +/- 1.3e-01 | dlogz: 3465.338 >  0.500
 loglike: -3.3e+03 | params: [-0.7345401  -1.36869916 -0.80681596 -0.22367376  3.45867755  4.74889895
  4.45105116 28.63024293]
 Average call time: 3.66 sec | Current time: 2019-06-25 16:01:34.406207
 --------------------------
iter: 37 | nc: 1 | ncalls: 440 | bounds: 0 | eff(%):  8.409 | logz: -3.2e+03 +/- 1.3e-01 | dlogz: 3324.281 >  0.500
 loglike: -3.2e+03 | params: [ 0.04026878 -1.36818209  1.66708554  1.56650701  3.63651905  4.62961513
  3.7681144  28.06924027]
 Average call time: 3.95 sec | Current time: 2019-06-25 16:01:38.356446
 --------------------------
iter: 38 | nc: 1 | ncalls: 441 | bounds: 0 | eff(%):  8.617 | logz: -3.1e+03 +/- 1.3e-01 | dlogz: 3246.104 >  0.500
 loglike: -3.1e+03 | params: [ 0.34369926 -1.32161229  1.85339895 -0.12102641  2.82211449  3.00740933
  5.83196158 30.10272864]
 Average call time: 3.64 sec | Current time: 2019-06-25 16:01:41.995257
 --------------------------
iter: 39 | nc: 1 | ncalls: 442 | bounds: 0 | eff(%):  8.824 | logz: -3.1e+03 +/- 1.3e-01 | dlogz: 3137.750 >  0.500
 loglike: -3.1e+03 | params: [-0.91195236 -1.91150813 -1.55842731  1.33015715  1.49625448  5.10719143
  2.36981432 29.30953721]
 Average call time: 3.91 sec | Current time: 2019-06-25 16:01:45.905660
 --------------------------
iter: 40 | nc: 2 | ncalls: 444 | bounds: 0 | eff(%):  9.009 | logz: -3.1e+03 +/- 1.2e-01 | dlogz: 3119.599 >  0.500
 loglike: -3.1e+03 | params: [-0.97243709 -0.71682237  0.52467204  2.86299404  2.79286056  4.98959113
  5.50340532 30.03586806]
 Average call time: 3.82 sec | Current time: 2019-06-25 16:01:53.550586
 --------------------------
iter: 41 | nc: 1 | ncalls: 445 | bounds: 0 | eff(%):  9.213 | logz: -3.1e+03 +/- 1.1e-01 | dlogz: 3118.302 >  0.500
 loglike: -3.1e+03 | params: [ 0.17782106 -1.84798391 -0.15456074  2.2357995  -0.07399515  4.82132374
  3.77642823 28.27850007]
 Average call time: 3.71 sec | Current time: 2019-06-25 16:01:57.256327
 --------------------------
iter: 42 | nc: 1 | ncalls: 446 | bounds: 0 | eff(%):  9.417 | logz: -3.1e+03 +/- 1.3e-01 | dlogz: 3117.569 >  0.500
 loglike: -3.1e+03 | params: [-0.94816127 -1.90229078  0.5494103   0.34225071  1.79311009  2.36306232
  5.42466408 29.6280807 ]
 Average call time: 3.94 sec | Current time: 2019-06-25 16:02:01.199947
 --------------------------
iter: 43 | nc: 1 | ncalls: 447 | bounds: 0 | eff(%):  9.620 | logz: -3.1e+03 +/- 1.3e-01 | dlogz: 3094.377 >  0.500
 loglike: -3.1e+03 | params: [ 0.49198074 -1.7307532  -0.49612494  1.53937842 -0.0863361   4.71118754
  5.84450001 30.22757872]
 Average call time: 3.91 sec | Current time: 2019-06-25 16:02:05.113030
 --------------------------
iter: 44 | nc: 1 | ncalls: 448 | bounds: 0 | eff(%):  9.821 | logz: -3.0e+03 +/- 1.3e-01 | dlogz: 3090.647 >  0.500
 loglike: -3.0e+03 | params: [-9.42749002e-01 -1.55141511e+00 -2.79249987e-01  1.75289158e+00
 -1.58393028e-02  4.78678669e+00  2.89099818e+00  2.85496405e+01]
 Average call time: 3.94 sec | Current time: 2019-06-25 16:02:09.054273
 --------------------------
iter: 45 | nc: 1 | ncalls: 449 | bounds: 0 | eff(%): 10.022 | logz: -3.0e+03 +/- 1.3e-01 | dlogz: 3039.141 >  0.500
 loglike: -3.0e+03 | params: [-0.87283923 -1.5004963   1.14740248 -0.16404571  2.08614536  2.2007661
  5.83351483 30.67114762]
 Average call time: 3.68 sec | Current time: 2019-06-25 16:02:12.733556
 --------------------------
iter: 46 | nc: 1 | ncalls: 450 | bounds: 0 | eff(%): 10.222 | logz: -3.0e+03 +/- 1.3e-01 | dlogz: 3026.497 >  0.500
 loglike: -3.0e+03 | params: [-0.98740151 -1.29267658  1.64337622  2.95893159  0.80201414  5.07241271
  1.95952587 29.34100209]
 Average call time: 3.92 sec | Current time: 2019-06-25 16:02:16.648660
 --------------------------
iter: 47 | nc: 1 | ncalls: 451 | bounds: 0 | eff(%): 10.421 | logz: -3.0e+03 +/- 1.3e-01 | dlogz: 2973.174 >  0.500
 loglike: -3.0e+03 | params: [-0.99654708 -1.21746843  1.26797228  1.03088842  3.43050263  3.22585434
  5.47550043 29.81070647]
 Average call time: 3.67 sec | Current time: 2019-06-25 16:02:20.315777
 --------------------------
iter: 48 | nc: 2 | ncalls: 453 | bounds: 0 | eff(%): 10.596 | logz: -3.0e+03 +/- 1.3e-01 | dlogz: 2957.004 >  0.500
 loglike: -2.9e+03 | params: [-0.2580374  -0.70726313  0.61227078  3.05372197  3.74293946  4.24280338
  5.51772058 29.8433358 ]
 Average call time: 3.81 sec | Current time: 2019-06-25 16:02:27.929822
 --------------------------
iter: 49 | nc: 1 | ncalls: 454 | bounds: 0 | eff(%): 10.793 | logz: -2.9e+03 +/- 1.3e-01 | dlogz: 2952.092 >  0.500
 loglike: -2.9e+03 | params: [-0.57610897 -1.55999604 -1.26209588  2.83893648  1.68136193  3.71207874
  5.17275495 29.13185145]
 Average call time: 3.94 sec | Current time: 2019-06-25 16:02:31.869179
 --------------------------
iter: 50 | nc: 1 | ncalls: 455 | bounds: 0 | eff(%): 10.989 | logz: -2.9e+03 +/- 1.3e-01 | dlogz: 2902.434 >  0.500
 loglike: -2.9e+03 | params: [-0.62010499 -0.61447332  1.02579153  0.96812036  3.23730679  4.06791276
  4.888579   28.42313101]
 Average call time: 4.02 sec | Current time: 2019-06-25 16:02:35.885462
 --------------------------
iter: 51 | nc: 1 | ncalls: 456 | bounds: 0 | eff(%): 11.184 | logz: -2.9e+03 +/- 1.3e-01 | dlogz: 2882.254 >  0.500
 loglike: -2.9e+03 | params: [-0.20913688 -1.70352043 -1.1034785   1.27017463  3.83708584  2.6845603
  4.79158734 28.70361708]
 Average call time: 3.93 sec | Current time: 2019-06-25 16:02:39.811436
 --------------------------
iter: 52 | nc: 1 | ncalls: 457 | bounds: 0 | eff(%): 11.379 | logz: -2.8e+03 +/- 1.3e-01 | dlogz: 2876.363 >  0.500
 loglike: -2.8e+03 | params: [-0.84682423 -0.6367794  -1.17026698  2.89648489 -0.08191607  1.8027306
  5.2920889  29.24101855]
 Average call time: 3.75 sec | Current time: 2019-06-25 16:02:43.563146
 --------------------------
iter: 53 | nc: 1 | ncalls: 458 | bounds: 0 | eff(%): 11.572 | logz: -2.8e+03 +/- 1.3e-01 | dlogz: 2847.257 >  0.500
 loglike: -2.8e+03 | params: [-0.82579241 -1.70404628  1.3508296   1.08972845  1.11166818  2.57929617
  4.98876497 28.72178994]
 Average call time: 3.73 sec | Current time: 2019-06-25 16:02:47.295032
 --------------------------
iter: 54 | nc: 1 | ncalls: 459 | bounds: 0 | eff(%): 11.765 | logz: -2.8e+03 +/- 1.3e-01 | dlogz: 2818.597 >  0.500
 loglike: -2.8e+03 | params: [ 0.38252335 -1.12714809  1.11813606  1.7348979   2.9131465   4.79465567
  4.89429339 28.83181054]
 Average call time: 3.88 sec | Current time: 2019-06-25 16:02:51.179447
 --------------------------
iter: 55 | nc: 1 | ncalls: 460 | bounds: 0 | eff(%): 11.957 | logz: -2.8e+03 +/- 1.3e-01 | dlogz: 2813.448 >  0.500
 loglike: -2.8e+03 | params: [-0.85409838 -1.54862524 -1.52524574  1.59892448  2.77393589  4.11166626
  4.72793189 28.45343509]
 Average call time: 3.72 sec | Current time: 2019-06-25 16:02:54.897920
 --------------------------
iter: 56 | nc: 1 | ncalls: 461 | bounds: 0 | eff(%): 12.148 | logz: -2.7e+03 +/- 1.3e-01 | dlogz: 2775.680 >  0.500
 loglike: -2.7e+03 | params: [ 0.27890336 -1.10306694  1.00907441  1.41491949  3.43318994  1.31765876
  5.06826908 28.58069308]
 Average call time: 3.73 sec | Current time: 2019-06-25 16:02:58.627113
 --------------------------
iter: 57 | nc: 1 | ncalls: 462 | bounds: 0 | eff(%): 12.338 | logz: -2.7e+03 +/- 1.3e-01 | dlogz: 2722.748 >  0.500
 loglike: -2.7e+03 | params: [ 0.13352922 -0.60184816 -0.26069559  0.45392193  1.36404685  4.41939049
  5.54009242 29.70921514]
 Average call time: 3.68 sec | Current time: 2019-06-25 16:03:02.306998
 --------------------------
iter: 58 | nc: 1 | ncalls: 463 | bounds: 0 | eff(%): 12.527 | logz: -2.7e+03 +/- 1.3e-01 | dlogz: 2703.073 >  0.500
 loglike: -2.7e+03 | params: [ 0.07249082 -0.91386277 -1.69160647  0.40946521  2.19821494  4.83173959
  3.29152189 28.48033249]
 Average call time: 3.73 sec | Current time: 2019-06-25 16:03:06.037682
 --------------------------
iter: 59 | nc: 1 | ncalls: 464 | bounds: 0 | eff(%): 12.716 | logz: -2.7e+03 +/- 1.3e-01 | dlogz: 2689.255 >  0.500
 loglike: -2.7e+03 | params: [ 0.36627463 -0.96179487 -1.59454027  2.6005604   1.35606367  4.85482106
  3.86774578 28.50132643]
 Average call time: 3.97 sec | Current time: 2019-06-25 16:03:10.009872
 --------------------------
iter: 60 | nc: 1 | ncalls: 465 | bounds: 0 | eff(%): 12.903 | logz: -2.7e+03 +/- 1.2e-01 | dlogz: 2664.470 >  0.500
 loglike: -2.7e+03 | params: [-0.23087323 -0.75754015  0.70270398  3.14468793  1.07413542  4.49151168
  4.12451051 28.1666728 ]
 Average call time: 4.00 sec | Current time: 2019-06-25 16:03:14.008175
 --------------------------
iter: 61 | nc: 1 | ncalls: 466 | bounds: 0 | eff(%): 13.090 | logz: -2.7e+03 +/- 1.3e-01 | dlogz: 2663.000 >  0.500
 loglike: -2.6e+03 | params: [-0.95329725 -0.64576616  0.68290967  1.41893718  2.52925074  1.76751715
  5.06676766 28.77771619]
 Average call time: 3.93 sec | Current time: 2019-06-25 16:03:17.935895
 --------------------------
iter: 62 | nc: 1 | ncalls: 467 | bounds: 0 | eff(%): 13.276 | logz: -2.6e+03 +/- 1.3e-01 | dlogz: 2654.272 >  0.500
 loglike: -2.6e+03 | params: [-2.94250963e-01 -1.69914203e+00 -9.32043334e-01 -2.36288024e-02
  1.29323540e+00  4.75560556e+00  3.66961796e+00  2.87131835e+01]
 Average call time: 3.71 sec | Current time: 2019-06-25 16:03:21.648422
 --------------------------
iter: 63 | nc: 1 | ncalls: 468 | bounds: 0 | eff(%): 13.462 | logz: -2.5e+03 +/- 1.3e-01 | dlogz: 2584.086 >  0.500
 loglike: -2.5e+03 | params: [-0.29852055 -1.5449407   1.89228087  1.03003386  2.62017054  2.67161784
  5.00608992 28.85187139]
 Average call time: 3.92 sec | Current time: 2019-06-25 16:03:25.564935
 --------------------------
iter: 64 | nc: 1 | ncalls: 469 | bounds: 0 | eff(%): 13.646 | logz: -2.5e+03 +/- 1.2e-01 | dlogz: 2543.595 >  0.500
 loglike: -2.5e+03 | params: [ 0.19689412 -1.54460853 -0.17233868  1.06338921 -0.04158969  3.57880952
  5.15375377 28.93668805]
 Average call time: 3.67 sec | Current time: 2019-06-25 16:03:29.236085
 --------------------------
iter: 65 | nc: 1 | ncalls: 470 | bounds: 0 | eff(%): 13.830 | logz: -2.5e+03 +/- 1.2e-01 | dlogz: 2542.366 >  0.500
 loglike: -2.5e+03 | params: [ 0.29894374 -0.93191432  0.88877191  0.8053926   0.59348613  4.08672129
  5.00363009 28.62618981]
 Average call time: 3.68 sec | Current time: 2019-06-25 16:03:32.915097
 --------------------------
iter: 66 | nc: 1 | ncalls: 471 | bounds: 0 | eff(%): 14.013 | logz: -2.5e+03 +/- 1.3e-01 | dlogz: 2540.464 >  0.500
 loglike: -2.5e+03 | params: [ 0.35538702 -1.5835775  -0.7396505   2.06502585  3.48254519  5.04336236
  4.49918553 29.32002955]
 Average call time: 3.92 sec | Current time: 2019-06-25 16:03:36.835593
 --------------------------
iter: 67 | nc: 2 | ncalls: 473 | bounds: 0 | eff(%): 14.165 | logz: -2.5e+03 +/- 1.3e-01 | dlogz: 2499.288 >  0.500
 loglike: -2.5e+03 | params: [ 0.30589244 -0.53511637  2.15914744  1.00979862  0.21347055  2.6170873
  5.71672537 30.08337849]
 Average call time: 3.92 sec | Current time: 2019-06-25 16:03:44.672085
 --------------------------
iter: 68 | nc: 1 | ncalls: 474 | bounds: 0 | eff(%): 14.346 | logz: -2.5e+03 +/- 1.3e-01 | dlogz: 2493.767 >  0.500
 loglike: -2.4e+03 | params: [ 0.4487548  -1.77926465 -1.64772423  1.64178677  0.3325324   4.91183246
  3.23836394 28.77447476]
 Average call time: 3.70 sec | Current time: 2019-06-25 16:03:48.376042
 --------------------------
iter: 69 | nc: 1 | ncalls: 475 | bounds: 0 | eff(%): 14.526 | logz: -2.4e+03 +/- 1.3e-01 | dlogz: 2455.054 >  0.500
 loglike: -2.4e+03 | params: [-0.55524056 -1.47157164  0.44600131  0.2168633   0.52917064  2.60250625
  5.41532729 29.99809648]
 Average call time: 3.94 sec | Current time: 2019-06-25 16:03:52.311667
 --------------------------
iter: 70 | nc: 1 | ncalls: 476 | bounds: 0 | eff(%): 14.706 | logz: -2.4e+03 +/- 1.3e-01 | dlogz: 2385.336 >  0.500
 loglike: -2.4e+03 | params: [-0.85578093 -0.77098644  0.75211379  2.40073682  0.18481121  4.9965863
  5.46686853 30.52173252]
 Average call time: 4.06 sec | Current time: 2019-06-25 16:03:56.370086
 --------------------------
iter: 71 | nc: 1 | ncalls: 477 | bounds: 0 | eff(%): 14.885 | logz: -2.4e+03 +/- 1.3e-01 | dlogz: 2358.921 >  0.500
 loglike: -2.4e+03 | params: [-0.46574685 -1.92784593  0.62162047  1.98008652  1.85808326  4.77061413
  2.92034572 28.95540193]
 Average call time: 3.68 sec | Current time: 2019-06-25 16:04:00.051551
 --------------------------
iter: 72 | nc: 3 | ncalls: 480 | bounds: 0 | eff(%): 15.000 | logz: -2.3e+03 +/- 1.3e-01 | dlogz: 2356.469 >  0.500
 loglike: -2.3e+03 | params: [-0.91568856 -1.58271247  1.98053334  2.61983908  3.50896502  3.48706141
  5.02953956 29.37639998]
 Average call time: 3.77 sec | Current time: 2019-06-25 16:04:11.374495
 --------------------------
iter: 73 | nc: 1 | ncalls: 481 | bounds: 0 | eff(%): 15.177 | logz: -2.3e+03 +/- 1.3e-01 | dlogz: 2273.490 >  0.500
 loglike: -2.3e+03 | params: [-0.33038967 -1.53975433 -1.69717174  0.44032016  0.94744547  1.25549546
  5.15169259 29.33519823]
 Average call time: 3.91 sec | Current time: 2019-06-25 16:04:15.284441
 --------------------------
iter: 74 | nc: 1 | ncalls: 482 | bounds: 0 | eff(%): 15.353 | logz: -2.3e+03 +/- 1.3e-01 | dlogz: 2268.085 >  0.500
 loglike: -2.3e+03 | params: [ 0.44668128 -1.97446125  0.93997083 -0.17202734  0.49752102  3.70682405
  5.86215115 30.77922966]
 Average call time: 3.94 sec | Current time: 2019-06-25 16:04:19.226697
 --------------------------
iter: 75 | nc: 1 | ncalls: 483 | bounds: 0 | eff(%): 15.528 | logz: -2.3e+03 +/- 1.3e-01 | dlogz: 2261.416 >  0.500
 loglike: -2.2e+03 | params: [-0.86021363 -1.44702214  1.17241016 -0.60095976  1.35425775  2.36642647
  4.65614688 28.27357248]
 Average call time: 3.68 sec | Current time: 2019-06-25 16:04:22.908475
 --------------------------
iter: 76 | nc: 1 | ncalls: 484 | bounds: 0 | eff(%): 15.702 | logz: -2.2e+03 +/- 1.3e-01 | dlogz: 2255.340 >  0.500
 loglike: -2.2e+03 | params: [-0.1874456  -0.82905401  1.51966359  3.07985182  2.31609397  2.26892034
  5.24276626 29.50406757]
 Average call time: 3.96 sec | Current time: 2019-06-25 16:04:26.866766
 --------------------------
iter: 77 | nc: 1 | ncalls: 485 | bounds: 0 | eff(%): 15.876 | logz: -2.2e+03 +/- 1.3e-01 | dlogz: 2178.198 >  0.500
 loglike: -2.2e+03 | params: [ 0.40796368 -0.88243318  1.87662794  0.21511163  1.85613901  4.34810641
  5.75379742 30.54993302]
 Average call time: 3.90 sec | Current time: 2019-06-25 16:04:30.764824
 --------------------------
iter: 78 | nc: 1 | ncalls: 486 | bounds: 0 | eff(%): 16.049 | logz: -2.2e+03 +/- 1.3e-01 | dlogz: 2175.134 >  0.500
 loglike: -2.2e+03 | params: [ 0.23378084 -0.60472621  1.04191907  2.46871459  3.71204993  2.65212854
  4.86557469 28.51409878]
 Average call time: 3.89 sec | Current time: 2019-06-25 16:04:34.652912
 --------------------------
iter: 79 | nc: 1 | ncalls: 487 | bounds: 0 | eff(%): 16.222 | logz: -2.1e+03 +/- 1.3e-01 | dlogz: 2160.000 >  0.500
 loglike: -2.1e+03 | params: [-7.05611281e-01 -1.64264548e+00  1.53172955e+00  2.85215514e+00
 -1.21815664e-02  3.40179837e+00  5.15810672e+00  2.96820497e+01]
 Average call time: 3.69 sec | Current time: 2019-06-25 16:04:38.347038
 --------------------------
iter: 80 | nc: 1 | ncalls: 488 | bounds: 0 | eff(%): 16.393 | logz: -2.1e+03 +/- 1.3e-01 | dlogz: 2148.228 >  0.500
 loglike: -2.1e+03 | params: [-9.32846626e-01 -1.83066303e+00 -1.41462765e-02 -4.49494387e-01
  3.14125003e+00  4.57305565e+00  2.46001365e+00  2.87728778e+01]
 Average call time: 3.97 sec | Current time: 2019-06-25 16:04:42.313076
 --------------------------
iter: 81 | nc: 1 | ncalls: 489 | bounds: 0 | eff(%): 16.564 | logz: -2.1e+03 +/- 1.3e-01 | dlogz: 2097.738 >  0.500
 loglike: -2.1e+03 | params: [ 0.39971015 -1.02293279 -0.17750192  2.42113337  1.14361409  3.38098767
  5.41204384 29.7446937 ]
 Average call time: 3.96 sec | Current time: 2019-06-25 16:04:46.271817
 --------------------------
iter: 82 | nc: 1 | ncalls: 490 | bounds: 0 | eff(%): 16.735 | logz: -2.1e+03 +/- 1.3e-01 | dlogz: 2094.485 >  0.500
 loglike: -2.1e+03 | params: [ 0.48617858 -1.0769443   1.57658988  1.10527163  2.40594859  4.48564063
  4.61961942 28.58750775]
 Average call time: 3.97 sec | Current time: 2019-06-25 16:04:50.244873
 --------------------------
iter: 83 | nc: 1 | ncalls: 491 | bounds: 0 | eff(%): 16.904 | logz: -2.0e+03 +/- 1.3e-01 | dlogz: 2064.202 >  0.500
 loglike: -2.0e+03 | params: [ 0.03511384 -0.95548946 -0.09988428  2.27584828  1.65360062  1.50686269
  5.47009374 30.11984443]
 Average call time: 3.95 sec | Current time: 2019-06-25 16:04:54.197365
 --------------------------
iter: 84 | nc: 1 | ncalls: 492 | bounds: 0 | eff(%): 17.073 | logz: -2.0e+03 +/- 1.3e-01 | dlogz: 2038.239 >  0.500
 loglike: -2.0e+03 | params: [-0.07982207 -0.89859541  0.49916414  2.36705334  3.82245203  4.26541582
  4.39287821 28.63313816]
 Average call time: 3.74 sec | Current time: 2019-06-25 16:04:57.938425
 --------------------------
iter: 85 | nc: 1 | ncalls: 493 | bounds: 0 | eff(%): 17.241 | logz: -2.0e+03 +/- 1.2e-01 | dlogz: 2031.505 >  0.500
 loglike: -2.0e+03 | params: [-0.89395573 -1.76356537 -1.12008017  0.40076113  2.02309371  4.20154792
  5.45690861 30.54956579]
 Average call time: 3.93 sec | Current time: 2019-06-25 16:05:01.869361
 --------------------------
iter: 86 | nc: 1 | ncalls: 494 | bounds: 0 | eff(%): 17.409 | logz: -2.0e+03 +/- 1.3e-01 | dlogz: 2030.305 >  0.500
 loglike: -2.0e+03 | params: [-0.1870201  -0.58344476 -0.47327715 -0.34401929  3.66581864  4.53673234
  2.03968174 28.47157473]
 Average call time: 3.94 sec | Current time: 2019-06-25 16:05:05.813979
 --------------------------
iter: 87 | nc: 2 | ncalls: 496 | bounds: 0 | eff(%): 17.540 | logz: -2.0e+03 +/- 1.3e-01 | dlogz: 1992.521 >  0.500
 loglike: -2.0e+03 | params: [-0.98169987 -1.31450228  1.96069554  2.65031155  1.76958911  4.71881316
  2.83951639 29.21661495]
 Average call time: 3.69 sec | Current time: 2019-06-25 16:05:13.198441
 --------------------------
iter: 88 | nc: 1 | ncalls: 497 | bounds: 0 | eff(%): 17.706 | logz: -2.0e+03 +/- 1.3e-01 | dlogz: 1975.536 >  0.500
 loglike: -2.0e+03 | params: [-0.50686714 -1.18193101 -0.81457156  2.75335143  0.58320457  2.59113653
  4.9738724  29.22473564]
 Average call time: 3.68 sec | Current time: 2019-06-25 16:05:16.880656
 --------------------------
iter: 89 | nc: 1 | ncalls: 498 | bounds: 0 | eff(%): 17.871 | logz: -2.0e+03 +/- 1.3e-01 | dlogz: 1965.575 >  0.500
 loglike: -2.0e+03 | params: [-0.30566152 -0.72921999  0.94578215  0.73766197  0.42820164  2.71983085
  5.66072265 30.69265114]
 Average call time: 3.92 sec | Current time: 2019-06-25 16:05:20.803727
 --------------------------
iter: 90 | nc: 1 | ncalls: 499 | bounds: 0 | eff(%): 18.036 | logz: -2.0e+03 +/- 1.3e-01 | dlogz: 1961.025 >  0.500
 loglike: -1.9e+03 | params: [ 0.40289436 -0.78435965 -1.01293991  1.61548569  3.49031183  4.97796212
  2.20569114 29.27034429]
 Average call time: 3.79 sec | Current time: 2019-06-25 16:05:24.590788
 --------------------------
iter: 91 | nc: 1 | ncalls: 500 | bounds: 0 | eff(%): 18.200 | logz: -1.9e+03 +/- 1.3e-01 | dlogz: 1951.460 >  0.500
 loglike: -1.9e+03 | params: [-0.77626923 -0.80148454  0.86310987  1.78775727  3.20513846  4.61334898
  4.36253937 29.15336749]
 Average call time: 3.97 sec | Current time: 2019-06-25 16:05:28.564803
 --------------------------
iter: 92 | nc: 1 | ncalls: 501 | bounds: 0 | eff(%): 18.363 | logz: -1.9e+03 +/- 1.2e-01 | dlogz: 1929.823 >  0.500
 loglike: -1.9e+03 | params: [ 0.49794614 -1.51203526  1.63473111  1.71218127  1.64072192  3.21741141
  5.05481673 29.00540077]
 Average call time: 3.67 sec | Current time: 2019-06-25 16:05:32.232534
 --------------------------
iter: 93 | nc: 1 | ncalls: 502 | bounds: 0 | eff(%): 18.526 | logz: -1.9e+03 +/- 1.3e-01 | dlogz: 1928.331 >  0.500
 loglike: -1.9e+03 | params: [ 0.0822177  -1.98597737  2.0467561   1.71854635  2.86352082  4.47595498
  2.00523896 28.39267915]
 Average call time: 3.65 sec | Current time: 2019-06-25 16:05:35.880672
 --------------------------
iter: 94 | nc: 1 | ncalls: 503 | bounds: 0 | eff(%): 18.688 | logz: -1.9e+03 +/- 1.3e-01 | dlogz: 1919.004 >  0.500
 loglike: -1.9e+03 | params: [-0.16424797 -1.31709619  2.01207339  2.25445222  2.24729392  4.84697153
  5.36731928 30.49780928]
 Average call time: 3.86 sec | Current time: 2019-06-25 16:05:39.740468
 --------------------------
iter: 95 | nc: 1 | ncalls: 504 | bounds: 0 | eff(%): 18.849 | logz: -1.9e+03 +/- 1.3e-01 | dlogz: 1914.004 >  0.500
 loglike: -1.9e+03 | params: [ 0.4583491  -1.04722897 -0.34841876  1.28296957  0.16382927  4.71197265
  4.99609775 29.45848859]
 Average call time: 3.66 sec | Current time: 2019-06-25 16:05:43.398015
 --------------------------
iter: 96 | nc: 2 | ncalls: 506 | bounds: 0 | eff(%): 18.972 | logz: -1.9e+03 +/- 1.3e-01 | dlogz: 1897.101 >  0.500
 loglike: -1.9e+03 | params: [ 0.24352085 -0.82517646  1.0716079   1.09877437  0.35181113  4.12507864
  4.62204239 28.40489051]
 Average call time: 3.90 sec | Current time: 2019-06-25 16:05:51.193335
 --------------------------
iter: 97 | nc: 1 | ncalls: 507 | bounds: 0 | eff(%): 19.132 | logz: -1.9e+03 +/- 1.3e-01 | dlogz: 1893.464 >  0.500
 loglike: -1.9e+03 | params: [-0.57122673 -0.76563818 -0.66737771 -0.52689141  0.46804273  1.17456373
  5.06520077 29.39648643]
 Average call time: 3.91 sec | Current time: 2019-06-25 16:05:55.108145
 --------------------------
iter: 98 | nc: 1 | ncalls: 508 | bounds: 0 | eff(%): 19.291 | logz: -1.8e+03 +/- 1.3e-01 | dlogz: 1859.791 >  0.500
 loglike: -1.8e+03 | params: [-0.99996113 -1.77676796  2.02852819  2.00873196  0.2127899   3.99328156
  4.37748079 28.55589138]
 Average call time: 3.91 sec | Current time: 2019-06-25 16:05:59.019396
 --------------------------
iter: 99 | nc: 1 | ncalls: 509 | bounds: 0 | eff(%): 19.450 | logz: -1.8e+03 +/- 1.3e-01 | dlogz: 1823.672 >  0.500
 loglike: -1.8e+03 | params: [ 0.13956658 -1.69151438  1.59604967  2.36563013  0.58092578  4.64682822
  2.3077901  28.80875378]
 Average call time: 3.91 sec | Current time: 2019-06-25 16:06:02.932848
 --------------------------
iter: 100 | nc: 1 | ncalls: 510 | bounds: 0 | eff(%): 19.608 | logz: -1.8e+03 +/- 1.3e-01 | dlogz: 1782.107 >  0.500
 loglike: -1.7e+03 | params: [ 0.38053071 -0.70844712 -1.06002542  1.81957008  0.21220593  4.44482266
  4.62852284 28.76106821]
 Average call time: 4.00 sec | Current time: 2019-06-25 16:06:06.932268
 --------------------------
iter: 101 | nc: 1 | ncalls: 511 | bounds: 0 | eff(%): 19.765 | logz: -1.7e+03 +/- 1.3e-01 | dlogz: 1749.608 >  0.500
 loglike: -1.7e+03 | params: [-0.49340625 -0.50629831  0.0819845   2.50988758  2.68996038  4.95131124
  4.79525773 29.98085552]
 Average call time: 3.69 sec | Current time: 2019-06-25 16:06:10.620568
 --------------------------
iter: 102 | nc: 1 | ncalls: 512 | bounds: 0 | eff(%): 19.922 | logz: -1.7e+03 +/- 1.2e-01 | dlogz: 1745.951 >  0.500
 loglike: -1.7e+03 | params: [-0.99415503 -1.72356059  1.94555216  2.01221393  3.13544655  5.06890851
  2.25829449 30.29404699]
 Average call time: 3.90 sec | Current time: 2019-06-25 16:06:14.522796
 --------------------------
iter: 103 | nc: 1 | ncalls: 513 | bounds: 0 | eff(%): 20.078 | logz: -1.7e+03 +/- 1.3e-01 | dlogz: 1744.710 >  0.500
 loglike: -1.7e+03 | params: [ 7.81111942e-03 -1.14299164e+00 -3.37914786e-01 -4.76693318e-01
  2.70754816e+00  2.04776413e+00  5.07663135e+00  2.94398189e+01]
 Average call time: 3.94 sec | Current time: 2019-06-25 16:06:18.466705
 --------------------------
iter: 104 | nc: 1 | ncalls: 514 | bounds: 0 | eff(%): 20.233 | logz: -1.7e+03 +/- 1.3e-01 | dlogz: 1733.379 >  0.500
 loglike: -1.7e+03 | params: [ 0.40613279 -0.86567122  2.04524048  2.70484919  3.33116032  2.73058192
  4.72156463 28.49397552]
 Average call time: 3.91 sec | Current time: 2019-06-25 16:06:22.374390
 --------------------------
iter: 105 | nc: 3 | ncalls: 517 | bounds: 0 | eff(%): 20.309 | logz: -1.7e+03 +/- 1.2e-01 | dlogz: 1730.636 >  0.500
 loglike: -1.7e+03 | params: [-0.83614566 -0.92861024 -0.05276895  3.15350609  3.32282483  2.66948361
  5.47572409 30.698306  ]
 Average call time: 3.83 sec | Current time: 2019-06-25 16:06:33.868974
 --------------------------
iter: 106 | nc: 1 | ncalls: 518 | bounds: 0 | eff(%): 20.463 | logz: -1.7e+03 +/- 1.3e-01 | dlogz: 1729.089 >  0.500
 loglike: -1.7e+03 | params: [-0.63250068 -0.53389063 -1.30353461  2.38809319  1.82185104  4.33235328
  3.74123239 28.28187809]
 Average call time: 3.88 sec | Current time: 2019-06-25 16:06:37.752287
 --------------------------
iter: 107 | nc: 1 | ncalls: 519 | bounds: 0 | eff(%): 20.617 | logz: -1.7e+03 +/- 1.3e-01 | dlogz: 1704.653 >  0.500
 loglike: -1.7e+03 | params: [-0.34376087 -0.54361201  1.32913163 -0.20668132  3.58498906  4.41977938
  3.50646094 28.56228258]
 Average call time: 3.70 sec | Current time: 2019-06-25 16:06:41.448884
 --------------------------
iter: 108 | nc: 1 | ncalls: 520 | bounds: 0 | eff(%): 20.769 | logz: -1.7e+03 +/- 1.3e-01 | dlogz: 1689.487 >  0.500
 loglike: -1.7e+03 | params: [-0.44139178 -1.73951643 -0.38537726  1.53716672  0.50407758  4.21155478
  2.07018059 28.04383406]
 Average call time: 3.69 sec | Current time: 2019-06-25 16:06:45.141621
 --------------------------
iter: 109 | nc: 1 | ncalls: 521 | bounds: 0 | eff(%): 20.921 | logz: -1.7e+03 +/- 1.3e-01 | dlogz: 1666.512 >  0.500
 loglike: -1.7e+03 | params: [-0.21044564 -1.97385647 -0.0967692  -0.37769539  3.82538916  4.90654738
  4.94416165 30.56105747]
 Average call time: 3.87 sec | Current time: 2019-06-25 16:06:49.011219
 --------------------------
iter: 110 | nc: 2 | ncalls: 523 | bounds: 0 | eff(%): 21.033 | logz: -1.7e+03 +/- 1.2e-01 | dlogz: 1661.415 >  0.500
 loglike: -1.7e+03 | params: [-0.89826347 -1.84748031  0.70047336  0.0744745   3.3955988   5.09662646
  5.07040937 30.90077737]
 Average call time: 3.84 sec | Current time: 2019-06-25 16:06:56.700609
 --------------------------
iter: 111 | nc: 1 | ncalls: 524 | bounds: 0 | eff(%): 21.183 | logz: -1.7e+03 +/- 1.3e-01 | dlogz: 1659.937 >  0.500
 loglike: -1.6e+03 | params: [ 0.30917988 -1.23793833  2.16582713  0.97107395  1.96431532  4.89557051
  3.99480667 29.50093076]
 Average call time: 3.91 sec | Current time: 2019-06-25 16:07:00.606870
 --------------------------
iter: 112 | nc: 1 | ncalls: 525 | bounds: 0 | eff(%): 21.333 | logz: -1.6e+03 +/- 1.3e-01 | dlogz: 1655.747 >  0.500
 loglike: -1.6e+03 | params: [-2.00830172e-02 -1.76124680e+00  1.79085264e+00  9.85445471e-01
  3.57097226e+00  2.94541031e+00  4.45388834e+00  2.84872379e+01]
 Average call time: 3.93 sec | Current time: 2019-06-25 16:07:04.536110
 --------------------------
iter: 113 | nc: 1 | ncalls: 526 | bounds: 0 | eff(%): 21.483 | logz: -1.6e+03 +/- 1.3e-01 | dlogz: 1647.668 >  0.500
 loglike: -1.6e+03 | params: [-0.15728068 -1.79361071  0.32632703  1.49701645  1.19450527  1.24353974
  4.85343955 29.06606427]
 Average call time: 3.68 sec | Current time: 2019-06-25 16:07:08.211423
 --------------------------
iter: 114 | nc: 1 | ncalls: 527 | bounds: 0 | eff(%): 21.632 | logz: -1.6e+03 +/- 1.3e-01 | dlogz: 1617.102 >  0.500
 loglike: -1.6e+03 | params: [ 0.039829   -0.56093648 -0.14570356 -0.62658245  2.13785096  1.43096294
  5.70020109 30.94554757]
 Average call time: 3.69 sec | Current time: 2019-06-25 16:07:11.901068
 --------------------------
iter: 115 | nc: 1 | ncalls: 528 | bounds: 0 | eff(%): 21.780 | logz: -1.6e+03 +/- 1.3e-01 | dlogz: 1608.004 >  0.500
 loglike: -1.6e+03 | params: [-0.39834039 -0.6040784   0.29503236  2.50454087  3.40335851  4.15926419
  3.79321709 28.29567842]
 Average call time: 3.71 sec | Current time: 2019-06-25 16:07:15.615198
 --------------------------
iter: 116 | nc: 1 | ncalls: 529 | bounds: 0 | eff(%): 21.928 | logz: -1.5e+03 +/- 1.3e-01 | dlogz: 1579.708 >  0.500
 loglike: -1.5e+03 | params: [-0.54977882 -1.30736376  0.2160869   1.60884936  3.35482156  4.43750089
  5.04978647 30.19373243]
 Average call time: 3.66 sec | Current time: 2019-06-25 16:07:19.278762
 --------------------------
iter: 117 | nc: 2 | ncalls: 531 | bounds: 0 | eff(%): 22.034 | logz: -1.5e+03 +/- 1.2e-01 | dlogz: 1509.096 >  0.500
 loglike: -1.5e+03 | params: [-0.55428122 -0.92302101  2.2249165   1.4738219   3.43585378  1.78246621
  5.46979147 30.81110255]
 Average call time: 3.80 sec | Current time: 2019-06-25 16:07:26.888865
 --------------------------
