Using pcmdpy version 0.9.0
Loading Setup File: setup_files/NGC3377/NGC3377_model1.py
(2, 52056)
Running Nested Sampling
-initializing models
-Saving initial results dataframe
iter: 1 | nc: 1 | ncalls: 501 | bounds: 0 | eff(%):  0.200 | logz: -1.6e+05 +/- 1.2e-01 | dlogz:    inf >  0.500
 loglike: -1.6e+05 | params: [ 0.087972   -1.96226862  4.96730557  0.4467937 ]
 Average call time: 0.72 sec | Current time: 2019-03-14 13:29:30.188959
 --------------------------
iter: 2 | nc: 1 | ncalls: 502 | bounds: 0 | eff(%):  0.398 | logz: -1.6e+05 +/- 1.2e-01 | dlogz: 152159.752 >  0.500
 loglike: -1.6e+05 | params: [ 0.05232731 -1.72140485  4.94292911  0.57008951]
 Average call time: 0.72 sec | Current time: 2019-03-14 13:29:30.910506
 --------------------------
iter: 3 | nc: 1 | ncalls: 503 | bounds: 0 | eff(%):  0.596 | logz: -1.6e+05 +/- 1.2e-01 | dlogz: 152054.081 >  0.500
 loglike: -1.6e+05 | params: [ 0.38404059 -1.14941837  4.98344474  0.97582487]
 Average call time: 0.54 sec | Current time: 2019-03-14 13:29:31.454642
 --------------------------
iter: 4 | nc: 1 | ncalls: 504 | bounds: 0 | eff(%):  0.794 | logz: -1.6e+05 +/- 1.2e-01 | dlogz: 151948.167 >  0.500
 loglike: -1.6e+05 | params: [-0.29965934 -1.01437982  4.82962066  1.84816165]
 Average call time: 0.73 sec | Current time: 2019-03-14 13:29:32.180404
 --------------------------
iter: 5 | nc: 1 | ncalls: 505 | bounds: 0 | eff(%):  0.990 | logz: -1.6e+05 +/- 1.2e-01 | dlogz: 151525.577 >  0.500
 loglike: -1.6e+05 | params: [-0.20285415 -0.92302101  4.99342154  2.80432115]
 Average call time: 0.73 sec | Current time: 2019-03-14 13:29:32.906434
 --------------------------
iter: 6 | nc: 1 | ncalls: 506 | bounds: 0 | eff(%):  1.186 | logz: -1.6e+05 +/- 1.2e-01 | dlogz: 151490.023 >  0.500
 loglike: -1.6e+05 | params: [ 0.33434676 -0.90292913  4.88433746  0.66186869]
 Average call time: 0.55 sec | Current time: 2019-03-14 13:29:33.459272
 --------------------------
iter: 7 | nc: 1 | ncalls: 507 | bounds: 0 | eff(%):  1.381 | logz: -1.6e+05 +/- 1.2e-01 | dlogz: 151471.099 >  0.500
 loglike: -1.6e+05 | params: [-0.22404697 -1.12541361  4.78985439  0.38074745]
 Average call time: 0.55 sec | Current time: 2019-03-14 13:29:34.012959
 --------------------------
iter: 8 | nc: 2 | ncalls: 509 | bounds: 0 | eff(%):  1.572 | logz: -1.6e+05 +/- 1.2e-01 | dlogz: 151443.217 >  0.500
 loglike: -1.6e+05 | params: [ 0.0911655  -1.53274502  4.75526219  0.34818724]
 Average call time: 0.63 sec | Current time: 2019-03-14 13:29:35.282860
 --------------------------
iter: 9 | nc: 1 | ncalls: 510 | bounds: 0 | eff(%):  1.765 | logz: -1.6e+05 +/- 1.2e-01 | dlogz: 151231.608 >  0.500
 loglike: -1.6e+05 | params: [-0.49065143 -0.64902707  4.93172429  2.82878393]
 Average call time: 0.56 sec | Current time: 2019-03-14 13:29:35.838800
 --------------------------
iter: 10 | nc: 1 | ncalls: 511 | bounds: 0 | eff(%):  1.957 | logz: -1.6e+05 +/- 1.2e-01 | dlogz: 151196.968 >  0.500
 loglike: -1.6e+05 | params: [ 0.29107598 -0.81906545  4.84334561  2.06102036]
 Average call time: 0.84 sec | Current time: 2019-03-14 13:29:36.675238
 --------------------------
iter: 11 | nc: 1 | ncalls: 512 | bounds: 0 | eff(%):  2.148 | logz: -1.6e+05 +/- 1.2e-01 | dlogz: 151165.300 >  0.500
 loglike: -1.6e+05 | params: [ 0.11900422 -0.83080081  4.79401591  1.77393095]
 Average call time: 0.55 sec | Current time: 2019-03-14 13:29:37.225948
 --------------------------
iter: 12 | nc: 1 | ncalls: 513 | bounds: 0 | eff(%):  2.339 | logz: -1.6e+05 +/- 1.2e-01 | dlogz: 151113.679 >  0.500
 loglike: -1.6e+05 | params: [-0.30656567 -0.88992785  4.87018962  2.62788049]
 Average call time: 0.72 sec | Current time: 2019-03-14 13:29:37.947749
 --------------------------
iter: 13 | nc: 1 | ncalls: 514 | bounds: 0 | eff(%):  2.529 | logz: -1.6e+05 +/- 1.2e-01 | dlogz: 151094.512 >  0.500
 loglike: -1.6e+05 | params: [-0.44786366 -1.86090603  4.66096889  0.92393974]
 Average call time: 0.72 sec | Current time: 2019-03-14 13:29:38.667991
 --------------------------
iter: 14 | nc: 1 | ncalls: 515 | bounds: 0 | eff(%):  2.718 | logz: -1.5e+05 +/- 1.2e-01 | dlogz: 151069.156 >  0.500
 loglike: -1.5e+05 | params: [ 0.46910581 -0.87604802  4.79820919  0.53321674]
 Average call time: 0.54 sec | Current time: 2019-03-14 13:29:39.211486
 --------------------------
iter: 15 | nc: 1 | ncalls: 516 | bounds: 0 | eff(%):  2.907 | logz: -1.5e+05 +/- 1.2e-01 | dlogz: 150997.819 >  0.500
 loglike: -1.5e+05 | params: [ 0.26801772 -0.77400839  4.78023108  1.11448406]
 Average call time: 0.56 sec | Current time: 2019-03-14 13:29:39.766792
 --------------------------
iter: 16 | nc: 1 | ncalls: 517 | bounds: 0 | eff(%):  3.095 | logz: -1.5e+05 +/- 1.2e-01 | dlogz: 150993.844 >  0.500
 loglike: -1.5e+05 | params: [-0.22297975 -1.98427438  4.6633436   1.93210249]
 Average call time: 0.73 sec | Current time: 2019-03-14 13:29:40.493493
 --------------------------
iter: 17 | nc: 1 | ncalls: 518 | bounds: 0 | eff(%):  3.282 | logz: -1.5e+05 +/- 1.2e-01 | dlogz: 150931.219 >  0.500
 loglike: -1.5e+05 | params: [ 0.3795261  -1.25011975  4.74275582  2.1208217 ]
 Average call time: 0.56 sec | Current time: 2019-03-14 13:29:41.050759
 --------------------------
iter: 18 | nc: 1 | ncalls: 519 | bounds: 0 | eff(%):  3.468 | logz: -1.5e+05 +/- 1.2e-01 | dlogz: 150898.767 >  0.500
 loglike: -1.5e+05 | params: [-0.0626886  -1.11034438  4.85432003  2.81029013]
 Average call time: 0.72 sec | Current time: 2019-03-14 13:29:41.772797
 --------------------------
iter: 19 | nc: 1 | ncalls: 520 | bounds: 0 | eff(%):  3.654 | logz: -1.5e+05 +/- 1.2e-01 | dlogz: 150851.675 >  0.500
 loglike: -1.5e+05 | params: [ 0.40993087 -1.81504325  4.68434499  1.10479411]
 Average call time: 0.73 sec | Current time: 2019-03-14 13:29:42.502152
 --------------------------
iter: 20 | nc: 1 | ncalls: 521 | bounds: 0 | eff(%):  3.839 | logz: -1.5e+05 +/- 1.2e-01 | dlogz: 150839.038 >  0.500
 loglike: -1.5e+05 | params: [ 0.47405581 -0.86867657  4.75003237  0.28474392]
 Average call time: 0.58 sec | Current time: 2019-03-14 13:29:43.084260
 --------------------------
iter: 21 | nc: 1 | ncalls: 522 | bounds: 0 | eff(%):  4.023 | logz: -1.5e+05 +/- 1.2e-01 | dlogz: 150820.809 >  0.500
 loglike: -1.5e+05 | params: [ 0.31569707 -1.86193719  4.66336971  0.18055138]
 Average call time: 0.55 sec | Current time: 2019-03-14 13:29:43.631737
 --------------------------
iter: 22 | nc: 1 | ncalls: 523 | bounds: 0 | eff(%):  4.207 | logz: -1.5e+05 +/- 1.2e-01 | dlogz: 150811.591 >  0.500
 loglike: -1.5e+05 | params: [-0.23287795 -0.79675037  4.69890768  0.59778049]
 Average call time: 0.54 sec | Current time: 2019-03-14 13:29:44.173347
 --------------------------
iter: 23 | nc: 1 | ncalls: 524 | bounds: 0 | eff(%):  4.389 | logz: -1.5e+05 +/- 1.2e-01 | dlogz: 150805.224 >  0.500
 loglike: -1.5e+05 | params: [ 0.43864246 -0.88243318  4.73220513  1.26240107]
 Average call time: 0.55 sec | Current time: 2019-03-14 13:29:44.722789
 --------------------------
iter: 24 | nc: 1 | ncalls: 525 | bounds: 0 | eff(%):  4.571 | logz: -1.5e+05 +/- 1.2e-01 | dlogz: 150789.118 >  0.500
 loglike: -1.5e+05 | params: [ 0.05246894 -1.59043511  4.92348541  3.37215584]
 Average call time: 0.72 sec | Current time: 2019-03-14 13:29:45.441836
 --------------------------
iter: 25 | nc: 1 | ncalls: 526 | bounds: 0 | eff(%):  4.753 | logz: -1.5e+05 +/- 1.2e-01 | dlogz: 150719.127 >  0.500
 loglike: -1.5e+05 | params: [-0.21718764 -1.63730192  4.61405575  1.89876249]
 Average call time: 0.72 sec | Current time: 2019-03-14 13:29:46.163715
 --------------------------
iter: 26 | nc: 1 | ncalls: 527 | bounds: 0 | eff(%):  4.934 | logz: -1.5e+05 +/- 1.2e-01 | dlogz: 150698.942 >  0.500
 loglike: -1.5e+05 | params: [ 0.13720316 -1.75107402  4.6223695   0.56827765]
 Average call time: 0.76 sec | Current time: 2019-03-14 13:29:46.920444
 --------------------------
iter: 27 | nc: 1 | ncalls: 528 | bounds: 0 | eff(%):  5.114 | logz: -1.5e+05 +/- 1.2e-01 | dlogz: 150666.658 >  0.500
 loglike: -1.5e+05 | params: [ 0.46479652 -0.54861278  4.79008643  1.00493118]
 Average call time: 0.54 sec | Current time: 2019-03-14 13:29:47.465416
 --------------------------
iter: 28 | nc: 1 | ncalls: 529 | bounds: 0 | eff(%):  5.293 | logz: -1.5e+05 +/- 1.2e-01 | dlogz: 150644.553 >  0.500
 loglike: -1.5e+05 | params: [-0.12805569 -0.75845096  4.70341861  2.19378855]
 Average call time: 0.72 sec | Current time: 2019-03-14 13:29:48.183285
 --------------------------
iter: 29 | nc: 1 | ncalls: 530 | bounds: 0 | eff(%):  5.472 | logz: -1.5e+05 +/- 1.2e-01 | dlogz: 150621.273 >  0.500
 loglike: -1.5e+05 | params: [ 0.30571579 -1.27358883  4.63002514  0.84588652]
 Average call time: 0.72 sec | Current time: 2019-03-14 13:29:48.906824
 --------------------------
iter: 30 | nc: 1 | ncalls: 531 | bounds: 0 | eff(%):  5.650 | logz: -1.5e+05 +/- 1.2e-01 | dlogz: 150599.458 >  0.500
 loglike: -1.5e+05 | params: [-0.07195954 -1.6124331   4.5958083   0.94906367]
 Average call time: 0.59 sec | Current time: 2019-03-14 13:29:49.492668
 --------------------------
iter: 31 | nc: 1 | ncalls: 532 | bounds: 0 | eff(%):  5.827 | logz: -1.5e+05 +/- 1.2e-01 | dlogz: 150586.856 >  0.500
 loglike: -1.5e+05 | params: [ 0.40157012 -1.50722911  4.62212817  1.25899462]
 Average call time: 0.56 sec | Current time: 2019-03-14 13:29:50.053544
 --------------------------
iter: 32 | nc: 1 | ncalls: 533 | bounds: 0 | eff(%):  6.004 | logz: -1.5e+05 +/- 1.2e-01 | dlogz: 150580.978 >  0.500
 loglike: -1.5e+05 | params: [-0.34468715 -1.02566338  4.94496265  3.50455634]
 Average call time: 0.55 sec | Current time: 2019-03-14 13:29:50.599851
 --------------------------
iter: 33 | nc: 1 | ncalls: 534 | bounds: 0 | eff(%):  6.180 | logz: -1.5e+05 +/- 1.2e-01 | dlogz: 150563.922 >  0.500
 loglike: -1.5e+05 | params: [-0.3298777  -0.92242733  4.60939292  0.7336178 ]
 Average call time: 0.55 sec | Current time: 2019-03-14 13:29:51.152345
 --------------------------
iter: 34 | nc: 1 | ncalls: 535 | bounds: 0 | eff(%):  6.355 | logz: -1.5e+05 +/- 1.2e-01 | dlogz: 150538.381 >  0.500
 loglike: -1.5e+05 | params: [ 0.26803089 -1.70844778  4.58861231  0.24073757]
 Average call time: 0.55 sec | Current time: 2019-03-14 13:29:51.697526
 --------------------------
iter: 35 | nc: 1 | ncalls: 536 | bounds: 0 | eff(%):  6.530 | logz: -1.5e+05 +/- 1.2e-01 | dlogz: 150481.256 >  0.500
 loglike: -1.5e+05 | params: [-0.48954642 -1.73969842  4.51741596  1.62024772]
 Average call time: 0.72 sec | Current time: 2019-03-14 13:29:52.414308
 --------------------------
iter: 36 | nc: 3 | ncalls: 539 | bounds: 0 | eff(%):  6.679 | logz: -1.5e+05 +/- 1.1e-01 | dlogz: 150459.820 >  0.500
 loglike: -1.5e+05 | params: [ 0.2837222  -1.09100322  4.61524479  0.52109521]
 Average call time: 0.67 sec | Current time: 2019-03-14 13:29:54.410593
 --------------------------
iter: 37 | nc: 1 | ncalls: 540 | bounds: 0 | eff(%):  6.852 | logz: -1.5e+05 +/- 1.2e-01 | dlogz: 150458.355 >  0.500
 loglike: -1.5e+05 | params: [ 0.38855826 -1.20602702  4.65497461  2.31811542]
 Average call time: 0.73 sec | Current time: 2019-03-14 13:29:55.136389
 --------------------------
iter: 38 | nc: 1 | ncalls: 541 | bounds: 0 | eff(%):  7.024 | logz: -1.5e+05 +/- 1.2e-01 | dlogz: 150423.153 >  0.500
 loglike: -1.5e+05 | params: [-0.18316388 -1.14785202  4.60738217  2.23724978]
 Average call time: 0.74 sec | Current time: 2019-03-14 13:29:55.874127
 --------------------------
iter: 39 | nc: 1 | ncalls: 542 | bounds: 0 | eff(%):  7.196 | logz: -1.5e+05 +/- 1.2e-01 | dlogz: 150387.555 >  0.500
 loglike: -1.5e+05 | params: [-0.49610335 -1.72356059  4.78389829  3.46385139]
 Average call time: 0.55 sec | Current time: 2019-03-14 13:29:56.422107
 --------------------------
iter: 40 | nc: 1 | ncalls: 543 | bounds: 0 | eff(%):  7.366 | logz: -1.5e+05 +/- 1.2e-01 | dlogz: 150337.785 >  0.500
 loglike: -1.5e+05 | params: [-0.41646611 -1.1021092   4.53819241  0.99795279]
 Average call time: 0.59 sec | Current time: 2019-03-14 13:29:57.015370
 --------------------------
iter: 41 | nc: 1 | ncalls: 544 | bounds: 0 | eff(%):  7.537 | logz: -1.5e+05 +/- 1.2e-01 | dlogz: 150331.156 >  0.500
 loglike: -1.5e+05 | params: [-0.00503265 -0.78518249  4.86369735  3.22366795]
 Average call time: 0.73 sec | Current time: 2019-03-14 13:29:57.742532
 --------------------------
iter: 42 | nc: 1 | ncalls: 545 | bounds: 0 | eff(%):  7.706 | logz: -1.5e+05 +/- 1.2e-01 | dlogz: 150284.533 >  0.500
 loglike: -1.5e+05 | params: [-0.04218835 -0.61939614  4.63720748  1.3378172 ]
 Average call time: 0.72 sec | Current time: 2019-03-14 13:29:58.462221
 --------------------------
iter: 43 | nc: 1 | ncalls: 546 | bounds: 0 | eff(%):  7.875 | logz: -1.5e+05 +/- 1.2e-01 | dlogz: 150217.488 >  0.500
 loglike: -1.5e+05 | params: [ 0.49438203 -1.14941677  4.58468482  0.54673884]
 Average call time: 0.74 sec | Current time: 2019-03-14 13:29:59.197859
 --------------------------
iter: 44 | nc: 1 | ncalls: 547 | bounds: 0 | eff(%):  8.044 | logz: -1.5e+05 +/- 1.2e-01 | dlogz: 150145.129 >  0.500
 loglike: -1.5e+05 | params: [-0.02699706 -1.64871452  4.50146544  0.58272999]
 Average call time: 0.55 sec | Current time: 2019-03-14 13:29:59.747765
 --------------------------
iter: 45 | nc: 1 | ncalls: 548 | bounds: 0 | eff(%):  8.212 | logz: -1.5e+05 +/- 1.2e-01 | dlogz: 150120.755 >  0.500
 loglike: -1.5e+05 | params: [-0.06310683 -1.0817765   4.75459423  3.16610968]
 Average call time: 0.73 sec | Current time: 2019-03-14 13:30:00.481472
 --------------------------
iter: 46 | nc: 1 | ncalls: 549 | bounds: 0 | eff(%):  8.379 | logz: -1.5e+05 +/- 1.2e-01 | dlogz: 150072.209 >  0.500
 loglike: -1.5e+05 | params: [-0.36201699 -1.39578583  4.79389128  3.39849765]
 Average call time: 0.73 sec | Current time: 2019-03-14 13:30:01.208751
 --------------------------
iter: 47 | nc: 1 | ncalls: 550 | bounds: 0 | eff(%):  8.545 | logz: -1.5e+05 +/- 1.2e-01 | dlogz: 150069.101 >  0.500
 loglike: -1.5e+05 | params: [ 0.10995609 -1.56487727  4.48042398  1.94248278]
 Average call time: 0.56 sec | Current time: 2019-03-14 13:30:01.765394
 --------------------------
iter: 48 | nc: 1 | ncalls: 551 | bounds: 0 | eff(%):  8.711 | logz: -1.5e+05 +/- 1.2e-01 | dlogz: 149987.540 >  0.500
 loglike: -1.5e+05 | params: [ 0.07265925 -1.8190067   4.99989117  4.9871637 ]
 Average call time: 0.73 sec | Current time: 2019-03-14 13:30:02.493203
 --------------------------
iter: 49 | nc: 1 | ncalls: 552 | bounds: 0 | eff(%):  8.877 | logz: -1.5e+05 +/- 1.2e-01 | dlogz: 149859.984 >  0.500
 loglike: -1.5e+05 | params: [-0.11700894 -1.01286541  4.64364262  2.90609566]
 Average call time: 0.55 sec | Current time: 2019-03-14 13:30:03.039473
 --------------------------
iter: 50 | nc: 1 | ncalls: 553 | bounds: 0 | eff(%):  9.042 | logz: -1.5e+05 +/- 1.2e-01 | dlogz: 149807.090 >  0.500
 loglike: -1.5e+05 | params: [ 0.49782993 -1.39832841  4.6500073   2.88877904]
 Average call time: 0.76 sec | Current time: 2019-03-14 13:30:03.799721
 --------------------------
iter: 51 | nc: 1 | ncalls: 554 | bounds: 0 | eff(%):  9.206 | logz: -1.5e+05 +/- 1.2e-01 | dlogz: 149801.920 >  0.500
 loglike: -1.5e+05 | params: [-0.23220603 -1.9449116   4.41211873  1.73561783]
 Average call time: 0.55 sec | Current time: 2019-03-14 13:30:04.345901
 --------------------------
iter: 52 | nc: 1 | ncalls: 555 | bounds: 0 | eff(%):  9.369 | logz: -1.5e+05 +/- 1.1e-01 | dlogz: 149779.103 >  0.500
 loglike: -1.5e+05 | params: [-0.47946482 -1.07366883  4.41366461  1.24744286]
 Average call time: 0.73 sec | Current time: 2019-03-14 13:30:05.073378
 --------------------------
iter: 53 | nc: 1 | ncalls: 556 | bounds: 0 | eff(%):  9.532 | logz: -1.5e+05 +/- 1.2e-01 | dlogz: 149776.409 >  0.500
 loglike: -1.5e+05 | params: [ 0.14077456 -1.41839007  4.44958357  1.22366659]
 Average call time: 0.55 sec | Current time: 2019-03-14 13:30:05.623705
 --------------------------
iter: 54 | nc: 1 | ncalls: 557 | bounds: 0 | eff(%):  9.695 | logz: -1.5e+05 +/- 1.2e-01 | dlogz: 149740.547 >  0.500
 loglike: -1.5e+05 | params: [ 0.38803578 -0.57518201  4.61827671  1.92302232]
 Average call time: 0.73 sec | Current time: 2019-03-14 13:30:06.349976
 --------------------------
iter: 55 | nc: 1 | ncalls: 558 | bounds: 0 | eff(%):  9.857 | logz: -1.5e+05 +/- 1.2e-01 | dlogz: 149734.593 >  0.500
 loglike: -1.5e+05 | params: [-0.15199121 -1.7261169   4.70538815  3.561988  ]
 Average call time: 0.72 sec | Current time: 2019-03-14 13:30:07.073736
 --------------------------
iter: 56 | nc: 1 | ncalls: 559 | bounds: 0 | eff(%): 10.018 | logz: -1.5e+05 +/- 1.2e-01 | dlogz: 149727.764 >  0.500
 loglike: -1.5e+05 | params: [ 0.19351252 -1.36818209  4.57504833  2.91786041]
 Average call time: 0.72 sec | Current time: 2019-03-14 13:30:07.793470
 --------------------------
iter: 57 | nc: 1 | ncalls: 560 | bounds: 0 | eff(%): 10.179 | logz: -1.5e+05 +/- 1.1e-01 | dlogz: 149724.425 >  0.500
 loglike: -1.5e+05 | params: [-0.47211279 -1.14004801  4.41692933  2.16051092]
 Average call time: 0.72 sec | Current time: 2019-03-14 13:30:08.516547
 --------------------------
iter: 58 | nc: 1 | ncalls: 561 | bounds: 0 | eff(%): 10.339 | logz: -1.5e+05 +/- 1.2e-01 | dlogz: 149723.313 >  0.500
 loglike: -1.5e+05 | params: [ 0.29052413 -0.5118778   4.87640529  3.98062426]
 Average call time: 0.55 sec | Current time: 2019-03-14 13:30:09.066077
 --------------------------
iter: 59 | nc: 1 | ncalls: 562 | bounds: 0 | eff(%): 10.498 | logz: -1.5e+05 +/- 1.2e-01 | dlogz: 149693.581 >  0.500
 loglike: -1.5e+05 | params: [-0.44260855 -0.62788318  4.49201027  0.87912096]
 Average call time: 0.56 sec | Current time: 2019-03-14 13:30:09.622146
 --------------------------
iter: 60 | nc: 1 | ncalls: 563 | bounds: 0 | eff(%): 10.657 | logz: -1.5e+05 +/- 1.2e-01 | dlogz: 149682.279 >  0.500
 loglike: -1.5e+05 | params: [-0.48779991 -1.31450228  4.79525583  4.24552097]
 Average call time: 0.59 sec | Current time: 2019-03-14 13:30:10.207665
 --------------------------
iter: 61 | nc: 1 | ncalls: 564 | bounds: 0 | eff(%): 10.816 | logz: -1.5e+05 +/- 1.2e-01 | dlogz: 149659.567 >  0.500
 loglike: -1.5e+05 | params: [ 0.11613925 -1.67106324  4.617571    3.27453805]
 Average call time: 0.55 sec | Current time: 2019-03-14 13:30:10.753456
 --------------------------
iter: 62 | nc: 1 | ncalls: 565 | bounds: 0 | eff(%): 10.973 | logz: -1.5e+05 +/- 1.2e-01 | dlogz: 149628.953 >  0.500
 loglike: -1.5e+05 | params: [ 0.34531443 -1.19818001  4.49771106  1.01156653]
 Average call time: 0.73 sec | Current time: 2019-03-14 13:30:11.487184
 --------------------------
iter: 63 | nc: 1 | ncalls: 566 | bounds: 0 | eff(%): 11.131 | logz: -1.5e+05 +/- 1.2e-01 | dlogz: 149615.753 >  0.500
 loglike: -1.5e+05 | params: [-0.32110658 -1.88487092  4.81036081  4.19554182]
 Average call time: 0.72 sec | Current time: 2019-03-14 13:30:12.210792
 --------------------------
iter: 64 | nc: 1 | ncalls: 567 | bounds: 0 | eff(%): 11.287 | logz: -1.5e+05 +/- 1.1e-01 | dlogz: 149574.067 >  0.500
 loglike: -1.5e+05 | params: [ 0.43742186 -0.86567122  4.85866453  4.31232959]
 Average call time: 0.55 sec | Current time: 2019-03-14 13:30:12.761743
 --------------------------
iter: 65 | nc: 1 | ncalls: 568 | bounds: 0 | eff(%): 11.444 | logz: -1.5e+05 +/- 1.2e-01 | dlogz: 149572.647 >  0.500
 loglike: -1.5e+05 | params: [-0.44379237 -1.58271247  4.81013418  4.20819219]
 Average call time: 0.73 sec | Current time: 2019-03-14 13:30:13.494737
 --------------------------
iter: 66 | nc: 3 | ncalls: 571 | bounds: 0 | eff(%): 11.559 | logz: -1.5e+05 +/- 1.2e-01 | dlogz: 149565.251 >  0.500
 loglike: -1.5e+05 | params: [-0.35205672 -1.975261    4.34724987  1.81069588]
 Average call time: 0.67 sec | Current time: 2019-03-14 13:30:15.514155
 --------------------------
iter: 67 | nc: 2 | ncalls: 573 | bounds: 0 | eff(%): 11.693 | logz: -1.5e+05 +/- 1.2e-01 | dlogz: 149519.700 >  0.500
 loglike: -1.5e+05 | params: [ 0.39188668 -0.78447015  4.89230362  4.79279891]
 Average call time: 0.63 sec | Current time: 2019-03-14 13:30:16.774944
 --------------------------
iter: 68 | nc: 1 | ncalls: 574 | bounds: 0 | eff(%): 11.847 | logz: -1.5e+05 +/- 1.1e-01 | dlogz: 149503.100 >  0.500
 loglike: -1.5e+05 | params: [ 0.38989605 -1.74729757  4.65069289  3.54360062]
 Average call time: 0.75 sec | Current time: 2019-03-14 13:30:17.522115
 --------------------------
iter: 69 | nc: 1 | ncalls: 575 | bounds: 0 | eff(%): 12.000 | logz: -1.5e+05 +/- 1.2e-01 | dlogz: 149501.682 >  0.500
 loglike: -1.5e+05 | params: [ 0.03670603 -0.84014193  4.64103074  3.22321809]
 Average call time: 0.55 sec | Current time: 2019-03-14 13:30:18.074115
 --------------------------
iter: 70 | nc: 1 | ncalls: 576 | bounds: 0 | eff(%): 12.153 | logz: -1.5e+05 +/- 1.1e-01 | dlogz: 149490.772 >  0.500
 loglike: -1.5e+05 | params: [-0.03198825 -0.81465839  4.76884657  3.62918287]
 Average call time: 0.76 sec | Current time: 2019-03-14 13:30:18.838128
 --------------------------
iter: 71 | nc: 1 | ncalls: 577 | bounds: 0 | eff(%): 12.305 | logz: -1.5e+05 +/- 1.2e-01 | dlogz: 149488.661 >  0.500
 loglike: -1.5e+05 | params: [-0.4228646  -0.54200253  4.64850069  3.18912233]
 Average call time: 0.74 sec | Current time: 2019-03-14 13:30:19.580108
 --------------------------
iter: 72 | nc: 2 | ncalls: 579 | bounds: 0 | eff(%): 12.435 | logz: -1.5e+05 +/- 1.2e-01 | dlogz: 149482.068 >  0.500
 loglike: -1.5e+05 | params: [ 0.25114125 -0.70149253  4.86264951  4.40986732]
 Average call time: 0.71 sec | Current time: 2019-03-14 13:30:21.008119
 --------------------------
iter: 73 | nc: 2 | ncalls: 581 | bounds: 0 | eff(%): 12.565 | logz: -1.5e+05 +/- 1.2e-01 | dlogz: 149414.982 >  0.500
 loglike: -1.5e+05 | params: [ 0.04279073 -1.25759766  4.4038489   1.60900039]
 Average call time: 0.71 sec | Current time: 2019-03-14 13:30:22.438070
 --------------------------
iter: 74 | nc: 1 | ncalls: 582 | bounds: 0 | eff(%): 12.715 | logz: -1.5e+05 +/- 1.2e-01 | dlogz: 149405.132 >  0.500
 loglike: -1.5e+05 | params: [-0.04872692 -1.02369287  4.4279155   1.48651803]
 Average call time: 0.55 sec | Current time: 2019-03-14 13:30:22.988945
 --------------------------
iter: 75 | nc: 1 | ncalls: 583 | bounds: 0 | eff(%): 12.864 | logz: -1.5e+05 +/- 1.2e-01 | dlogz: 149352.987 >  0.500
 loglike: -1.5e+05 | params: [ 0.28246455 -1.52404338  4.45494136  2.58701983]
 Average call time: 0.72 sec | Current time: 2019-03-14 13:30:23.713169
 --------------------------
iter: 76 | nc: 1 | ncalls: 584 | bounds: 0 | eff(%): 13.014 | logz: -1.5e+05 +/- 1.2e-01 | dlogz: 149349.872 >  0.500
 loglike: -1.5e+05 | params: [ 0.33776219 -1.61953573  4.52902439  3.12637765]
 Average call time: 0.55 sec | Current time: 2019-03-14 13:30:24.264901
 --------------------------
iter: 77 | nc: 2 | ncalls: 586 | bounds: 0 | eff(%): 13.140 | logz: -1.5e+05 +/- 1.2e-01 | dlogz: 149335.152 >  0.500
 loglike: -1.5e+05 | params: [-0.29824431 -0.95255544  4.85658623  4.46082011]
 Average call time: 0.72 sec | Current time: 2019-03-14 13:30:25.707843
 --------------------------
iter: 78 | nc: 1 | ncalls: 587 | bounds: 0 | eff(%): 13.288 | logz: -1.5e+05 +/- 1.2e-01 | dlogz: 149329.865 >  0.500
 loglike: -1.5e+05 | params: [-0.38386161 -1.70404628  4.33785637  2.33380668]
 Average call time: 0.55 sec | Current time: 2019-03-14 13:30:26.261020
 --------------------------
iter: 79 | nc: 1 | ncalls: 588 | bounds: 0 | eff(%): 13.435 | logz: -1.5e+05 +/- 1.2e-01 | dlogz: 149281.092 >  0.500
 loglike: -1.5e+05 | params: [-0.10943921 -0.77647467  4.92093248  4.611009  ]
 Average call time: 0.73 sec | Current time: 2019-03-14 13:30:26.986399
 --------------------------
iter: 80 | nc: 2 | ncalls: 590 | bounds: 0 | eff(%): 13.559 | logz: -1.5e+05 +/- 1.2e-01 | dlogz: 149270.139 >  0.500
 loglike: -1.5e+05 | params: [ 0.49863076 -1.51203526  4.5507825   3.09631139]
 Average call time: 0.66 sec | Current time: 2019-03-14 13:30:28.298758
 --------------------------
iter: 81 | nc: 2 | ncalls: 592 | bounds: 0 | eff(%): 13.682 | logz: -1.5e+05 +/- 1.2e-01 | dlogz: 149222.797 >  0.500
 loglike: -1.5e+05 | params: [-0.46527634 -1.76711064  4.27075842  1.90703389]
 Average call time: 0.73 sec | Current time: 2019-03-14 13:30:29.755905
 --------------------------
iter: 82 | nc: 1 | ncalls: 593 | bounds: 0 | eff(%): 13.828 | logz: -1.5e+05 +/- 1.2e-01 | dlogz: 149185.671 >  0.500
 loglike: -1.5e+05 | params: [-0.41609487 -1.70638456  4.84255756  4.85171138]
 Average call time: 0.55 sec | Current time: 2019-03-14 13:30:30.305756
 --------------------------
iter: 83 | nc: 1 | ncalls: 594 | bounds: 0 | eff(%): 13.973 | logz: -1.5e+05 +/- 1.2e-01 | dlogz: 149181.107 >  0.500
 loglike: -1.5e+05 | params: [ 0.06661048 -1.22899362  4.60661266  3.62970151]
 Average call time: 0.55 sec | Current time: 2019-03-14 13:30:30.856657
 --------------------------
iter: 84 | nc: 1 | ncalls: 595 | bounds: 0 | eff(%): 14.118 | logz: -1.5e+05 +/- 1.2e-01 | dlogz: 149174.418 >  0.500
 loglike: -1.5e+05 | params: [-0.19331352 -1.91508938  4.81050563  4.52961765]
 Average call time: 0.73 sec | Current time: 2019-03-14 13:30:31.583988
 --------------------------
iter: 85 | nc: 1 | ncalls: 596 | bounds: 0 | eff(%): 14.262 | logz: -1.5e+05 +/- 1.2e-01 | dlogz: 149171.461 >  0.500
 loglike: -1.5e+05 | params: [-0.12657629 -1.98138953  4.76571001  4.37905274]
 Average call time: 0.72 sec | Current time: 2019-03-14 13:30:32.308029
 --------------------------
iter: 86 | nc: 1 | ncalls: 597 | bounds: 0 | eff(%): 14.405 | logz: -1.5e+05 +/- 1.2e-01 | dlogz: 149136.730 >  0.500
 loglike: -1.5e+05 | params: [ 0.09275608 -0.59810807  4.57383875  3.15981637]
 Average call time: 0.55 sec | Current time: 2019-03-14 13:30:32.859583
 --------------------------
iter: 87 | nc: 1 | ncalls: 598 | bounds: 0 | eff(%): 14.548 | logz: -1.5e+05 +/- 1.2e-01 | dlogz: 149118.425 >  0.500
 loglike: -1.5e+05 | params: [ 0.0124275  -1.78286531  4.63042608  3.71735238]
 Average call time: 0.72 sec | Current time: 2019-03-14 13:30:33.581605
 --------------------------
iter: 88 | nc: 1 | ncalls: 599 | bounds: 0 | eff(%): 14.691 | logz: -1.5e+05 +/- 1.1e-01 | dlogz: 149039.641 >  0.500
 loglike: -1.5e+05 | params: [ 0.09763234 -1.36570105  4.80045826  4.97045787]
 Average call time: 0.55 sec | Current time: 2019-03-14 13:30:34.132087
 --------------------------
iter: 89 | nc: 1 | ncalls: 600 | bounds: 0 | eff(%): 14.833 | logz: -1.5e+05 +/- 1.1e-01 | dlogz: 149038.391 >  0.500
 loglike: -1.5e+05 | params: [ 0.05578639 -1.70361801  4.37180258  0.52933626]
 Average call time: 0.73 sec | Current time: 2019-03-14 13:30:34.857107
 --------------------------
iter: 90 | nc: 2 | ncalls: 602 | bounds: 0 | eff(%): 14.950 | logz: -1.5e+05 +/- 1.2e-01 | dlogz: 149036.501 >  0.500
 loglike: -1.5e+05 | params: [-0.38598022 -1.15957844  4.30732655  2.23241594]
 Average call time: 0.56 sec | Current time: 2019-03-14 13:30:35.983746
 --------------------------
iter: 91 | nc: 1 | ncalls: 603 | bounds: 0 | eff(%): 15.091 | logz: -1.5e+05 +/- 1.2e-01 | dlogz: 148996.230 >  0.500
 loglike: -1.5e+05 | params: [-0.49769806 -1.21746843  4.27571338  2.26172764]
 Average call time: 0.74 sec | Current time: 2019-03-14 13:30:36.727032
 --------------------------
iter: 92 | nc: 1 | ncalls: 604 | bounds: 0 | eff(%): 15.232 | logz: -1.5e+05 +/- 1.2e-01 | dlogz: 148929.816 >  0.500
 loglike: -1.5e+05 | params: [ 0.12277659 -1.25947603  4.5216131   3.58927524]
 Average call time: 0.55 sec | Current time: 2019-03-14 13:30:37.273729
 --------------------------
iter: 93 | nc: 1 | ncalls: 605 | bounds: 0 | eff(%): 15.372 | logz: -1.5e+05 +/- 1.2e-01 | dlogz: 148892.565 >  0.500
 loglike: -1.5e+05 | params: [-0.2752137  -1.56522627  4.54694563  3.74641101]
 Average call time: 0.72 sec | Current time: 2019-03-14 13:30:37.990253
 --------------------------
iter: 94 | nc: 1 | ncalls: 606 | bounds: 0 | eff(%): 15.512 | logz: -1.5e+05 +/- 1.2e-01 | dlogz: 148879.978 >  0.500
 loglike: -1.5e+05 | params: [ 0.36393011 -0.65184396  4.5510997   3.29905988]
 Average call time: 0.72 sec | Current time: 2019-03-14 13:30:38.712555
 --------------------------
iter: 95 | nc: 1 | ncalls: 607 | bounds: 0 | eff(%): 15.651 | logz: -1.5e+05 +/- 1.2e-01 | dlogz: 148842.950 >  0.500
 loglike: -1.5e+05 | params: [ 0.34898568 -0.63298408  4.69970335  4.34942028]
 Average call time: 0.55 sec | Current time: 2019-03-14 13:30:39.262862
 --------------------------
iter: 96 | nc: 1 | ncalls: 608 | bounds: 0 | eff(%): 15.789 | logz: -1.5e+05 +/- 1.2e-01 | dlogz: 148831.853 >  0.500
 loglike: -1.5e+05 | params: [-0.32326626 -1.4440462   4.27875359  1.60030115]
 Average call time: 0.72 sec | Current time: 2019-03-14 13:30:39.986767
 --------------------------
iter: 97 | nc: 1 | ncalls: 609 | bounds: 0 | eff(%): 15.928 | logz: -1.5e+05 +/- 1.2e-01 | dlogz: 148825.858 >  0.500
 loglike: -1.5e+05 | params: [-0.24793122 -0.51129553  4.48362795  1.30077247]
 Average call time: 0.55 sec | Current time: 2019-03-14 13:30:40.540387
 --------------------------
iter: 98 | nc: 1 | ncalls: 610 | bounds: 0 | eff(%): 16.066 | logz: -1.5e+05 +/- 1.2e-01 | dlogz: 148818.448 >  0.500
 loglike: -1.5e+05 | params: [-0.17362275 -1.54116887  4.62387309  4.33708675]
 Average call time: 0.72 sec | Current time: 2019-03-14 13:30:41.261783
 --------------------------
iter: 99 | nc: 2 | ncalls: 612 | bounds: 0 | eff(%): 16.176 | logz: -1.5e+05 +/- 1.2e-01 | dlogz: 148632.278 >  0.500
 loglike: -1.5e+05 | params: [-0.344337   -0.50607074  4.66907326  4.03837206]
 Average call time: 0.73 sec | Current time: 2019-03-14 13:30:42.713760
 --------------------------
iter: 100 | nc: 1 | ncalls: 613 | bounds: 0 | eff(%): 16.313 | logz: -1.5e+05 +/- 1.2e-01 | dlogz: 148612.811 >  0.500
 loglike: -1.5e+05 | params: [ 0.37592701 -0.85352964  4.55515391  4.21584657]
 Average call time: 0.76 sec | Current time: 2019-03-14 13:30:43.472531
 --------------------------
iter: 101 | nc: 1 | ncalls: 614 | bounds: 0 | eff(%): 16.450 | logz: -1.5e+05 +/- 1.1e-01 | dlogz: 148547.975 >  0.500
 loglike: -1.5e+05 | params: [-0.36417144 -0.63093996  4.61578318  3.93995487]
 Average call time: 0.55 sec | Current time: 2019-03-14 13:30:44.023025
 --------------------------
iter: 102 | nc: 1 | ncalls: 615 | bounds: 0 | eff(%): 16.585 | logz: -1.5e+05 +/- 1.2e-01 | dlogz: 148546.515 >  0.500
 loglike: -1.5e+05 | params: [-0.40911258 -1.21452871  4.68378509  4.82215875]
 Average call time: 0.73 sec | Current time: 2019-03-14 13:30:44.748257
 --------------------------
iter: 103 | nc: 1 | ncalls: 616 | bounds: 0 | eff(%): 16.721 | logz: -1.5e+05 +/- 1.2e-01 | dlogz: 148468.293 >  0.500
 loglike: -1.5e+05 | params: [-0.491601   -1.29267658  4.55726633  4.62358052]
 Average call time: 0.73 sec | Current time: 2019-03-14 13:30:45.478331
 --------------------------
iter: 104 | nc: 1 | ncalls: 617 | bounds: 0 | eff(%): 16.856 | logz: -1.5e+05 +/- 1.1e-01 | dlogz: 148459.036 >  0.500
 loglike: -1.5e+05 | params: [ 0.25971106 -1.69151438  4.52177142  3.89678623]
 Average call time: 0.72 sec | Current time: 2019-03-14 13:30:46.194057
 --------------------------
iter: 105 | nc: 1 | ncalls: 618 | bounds: 0 | eff(%): 16.990 | logz: -1.5e+05 +/- 1.1e-01 | dlogz: 148456.437 >  0.500
 loglike: -1.5e+05 | params: [ 0.16384735 -1.9310647   4.62666078  4.72045585]
 Average call time: 0.72 sec | Current time: 2019-03-14 13:30:46.910366
 --------------------------
iter: 106 | nc: 1 | ncalls: 619 | bounds: 0 | eff(%): 17.124 | logz: -1.5e+05 +/- 1.2e-01 | dlogz: 148455.255 >  0.500
 loglike: -1.5e+05 | params: [ 0.35811129 -0.77175431  4.51567048  1.02307816]
 Average call time: 0.55 sec | Current time: 2019-03-14 13:30:47.457958
 --------------------------
iter: 107 | nc: 1 | ncalls: 620 | bounds: 0 | eff(%): 17.258 | logz: -1.5e+05 +/- 1.2e-01 | dlogz: 148428.917 >  0.500
 loglike: -1.5e+05 | params: [-0.38910454 -0.65694593  4.67630341  4.58428884]
 Average call time: 0.56 sec | Current time: 2019-03-14 13:30:48.014615
 --------------------------
iter: 108 | nc: 1 | ncalls: 621 | bounds: 0 | eff(%): 17.391 | logz: -1.5e+05 +/- 1.2e-01 | dlogz: 148424.281 >  0.500
 loglike: -1.5e+05 | params: [-0.31159851 -1.98858279  4.68901393  4.98800945]
 Average call time: 0.73 sec | Current time: 2019-03-14 13:30:48.744359
 --------------------------
iter: 109 | nc: 2 | ncalls: 623 | bounds: 0 | eff(%): 17.496 | logz: -1.5e+05 +/- 1.2e-01 | dlogz: 148352.011 >  0.500
 loglike: -1.5e+05 | params: [-0.20674844 -1.20482476  4.59897656  4.35704036]
 Average call time: 0.64 sec | Current time: 2019-03-14 13:30:50.018362
 --------------------------
iter: 110 | nc: 1 | ncalls: 624 | bounds: 0 | eff(%): 17.628 | logz: -1.5e+05 +/- 1.2e-01 | dlogz: 148331.725 >  0.500
 loglike: -1.5e+05 | params: [ 0.35529903 -0.63322907  4.62969438  4.83060321]
 Average call time: 0.77 sec | Current time: 2019-03-14 13:30:50.786527
 --------------------------
iter: 111 | nc: 1 | ncalls: 625 | bounds: 0 | eff(%): 17.760 | logz: -1.5e+05 +/- 1.2e-01 | dlogz: 148305.180 >  0.500
 loglike: -1.5e+05 | params: [-0.3760573  -1.82092865  4.21556917  2.9777878 ]
 Average call time: 0.72 sec | Current time: 2019-03-14 13:30:51.510764
 --------------------------
iter: 112 | nc: 1 | ncalls: 626 | bounds: 0 | eff(%): 17.891 | logz: -1.5e+05 +/- 1.2e-01 | dlogz: 148045.137 >  0.500
 loglike: -1.5e+05 | params: [-0.45840498 -1.53372866  4.34686074  3.99799973]
 Average call time: 0.55 sec | Current time: 2019-03-14 13:30:52.060711
 --------------------------
iter: 113 | nc: 2 | ncalls: 628 | bounds: 0 | eff(%): 17.994 | logz: -1.5e+05 +/- 1.2e-01 | dlogz: 147990.728 >  0.500
 loglike: -1.5e+05 | params: [-0.1328023  -1.65133789  4.35515169  3.66085528]
 Average call time: 0.64 sec | Current time: 2019-03-14 13:30:53.336993
 --------------------------
iter: 114 | nc: 1 | ncalls: 629 | bounds: 0 | eff(%): 18.124 | logz: -1.5e+05 +/- 1.2e-01 | dlogz: 147986.200 >  0.500
 loglike: -1.5e+05 | params: [-0.4896042  -0.99016715  4.36977439  4.17079563]
 Average call time: 0.72 sec | Current time: 2019-03-14 13:30:54.061479
 --------------------------
iter: 115 | nc: 1 | ncalls: 630 | bounds: 0 | eff(%): 18.254 | logz: -1.5e+05 +/- 1.2e-01 | dlogz: 147924.183 >  0.500
 loglike: -1.5e+05 | params: [-0.19115036 -1.44848633  4.28992301  0.98419268]
 Average call time: 0.73 sec | Current time: 2019-03-14 13:30:54.791436
 --------------------------
iter: 116 | nc: 1 | ncalls: 631 | bounds: 0 | eff(%): 18.384 | logz: -1.5e+05 +/- 1.2e-01 | dlogz: 147906.805 >  0.500
 loglike: -1.5e+05 | params: [-0.12148316 -1.30836646  4.33562134  3.63016932]
 Average call time: 0.72 sec | Current time: 2019-03-14 13:30:55.514879
 --------------------------
iter: 117 | nc: 1 | ncalls: 632 | bounds: 0 | eff(%): 18.513 | logz: -1.5e+05 +/- 1.2e-01 | dlogz: 147902.976 >  0.500
 loglike: -1.5e+05 | params: [-0.24434671 -1.83753276  4.32854217  3.93414216]
 Average call time: 0.55 sec | Current time: 2019-03-14 13:30:56.061159
 --------------------------
iter: 118 | nc: 1 | ncalls: 633 | bounds: 0 | eff(%): 18.641 | logz: -1.5e+05 +/- 1.2e-01 | dlogz: 147795.361 >  0.500
 loglike: -1.5e+05 | params: [-0.30374085 -1.64264548  4.47353134  4.49277937]
 Average call time: 0.74 sec | Current time: 2019-03-14 13:30:56.799380
 --------------------------
iter: 119 | nc: 1 | ncalls: 634 | bounds: 0 | eff(%): 18.770 | logz: -1.5e+05 +/- 1.2e-01 | dlogz: 147783.048 >  0.500
 loglike: -1.5e+05 | params: [ 0.29176441 -1.15018801  4.48225171  4.87717535]
 Average call time: 0.74 sec | Current time: 2019-03-14 13:30:57.542243
 --------------------------
iter: 120 | nc: 2 | ncalls: 636 | bounds: 0 | eff(%): 18.868 | logz: -1.5e+05 +/- 1.2e-01 | dlogz: 147760.935 >  0.500
 loglike: -1.5e+05 | params: [-0.40398491 -1.2324181   4.53084933  4.9683639 ]
 Average call time: 0.74 sec | Current time: 2019-03-14 13:30:59.015911
 --------------------------
iter: 121 | nc: 1 | ncalls: 637 | bounds: 0 | eff(%): 18.995 | logz: -1.5e+05 +/- 1.2e-01 | dlogz: 147679.880 >  0.500
 loglike: -1.5e+05 | params: [ 0.4015689  -0.52446151  3.92273844  1.7170362 ]
 Average call time: 0.71 sec | Current time: 2019-03-14 13:30:59.730252
 --------------------------
iter: 122 | nc: 1 | ncalls: 638 | bounds: 0 | eff(%): 19.122 | logz: -1.5e+05 +/- 1.1e-01 | dlogz: 147601.679 >  0.500
 loglike: -1.5e+05 | params: [ 0.48654561 -0.81619147  3.84300794  0.87559424]
 Average call time: 0.72 sec | Current time: 2019-03-14 13:31:00.446231
 --------------------------
iter: 123 | nc: 1 | ncalls: 639 | bounds: 0 | eff(%): 19.249 | logz: -1.5e+05 +/- 1.2e-01 | dlogz: 147599.387 >  0.500
 loglike: -1.5e+05 | params: [ 0.39560199 -0.63488529  3.88663766  0.87204758]
 Average call time: 0.56 sec | Current time: 2019-03-14 13:31:01.003433
 --------------------------
iter: 124 | nc: 1 | ncalls: 640 | bounds: 0 | eff(%): 19.375 | logz: -1.5e+05 +/- 1.2e-01 | dlogz: 147543.923 >  0.500
 loglike: -1.5e+05 | params: [ 0.104334   -1.84534334  4.40712255  4.73321086]
 Average call time: 0.74 sec | Current time: 2019-03-14 13:31:01.742700
 --------------------------
iter: 125 | nc: 1 | ncalls: 641 | bounds: 0 | eff(%): 19.501 | logz: -1.5e+05 +/- 1.2e-01 | dlogz: 147516.670 >  0.500
 loglike: -1.5e+05 | params: [-0.05888692 -1.20919312  4.33946183  1.33161595]
 Average call time: 0.55 sec | Current time: 2019-03-14 13:31:02.290187
 --------------------------
iter: 126 | nc: 1 | ncalls: 642 | bounds: 0 | eff(%): 19.626 | logz: -1.5e+05 +/- 1.2e-01 | dlogz: 147470.578 >  0.500
 loglike: -1.5e+05 | params: [ 0.04170293 -0.82905401  4.46448186  4.77170781]
 Average call time: 0.55 sec | Current time: 2019-03-14 13:31:02.838506
 --------------------------
iter: 127 | nc: 1 | ncalls: 643 | bounds: 0 | eff(%): 19.751 | logz: -1.5e+05 +/- 1.2e-01 | dlogz: 147432.841 >  0.500
 loglike: -1.5e+05 | params: [-0.39457559 -1.41593576  4.26393875  3.97015892]
 Average call time: 0.72 sec | Current time: 2019-03-14 13:31:03.560770
 --------------------------
iter: 128 | nc: 1 | ncalls: 644 | bounds: 0 | eff(%): 19.876 | logz: -1.5e+05 +/- 1.2e-01 | dlogz: 147414.805 >  0.500
 loglike: -1.5e+05 | params: [ 0.39055719 -0.54010281  3.78023399  1.89376504]
 Average call time: 0.72 sec | Current time: 2019-03-14 13:31:04.283052
 --------------------------
iter: 129 | nc: 1 | ncalls: 645 | bounds: 0 | eff(%): 20.000 | logz: -1.5e+05 +/- 1.2e-01 | dlogz: 147376.630 >  0.500
 loglike: -1.5e+05 | params: [ 0.35258065 -1.18416341  3.77188571  0.78162907]
 Average call time: 0.72 sec | Current time: 2019-03-14 13:31:05.006896
 --------------------------
iter: 130 | nc: 1 | ncalls: 646 | bounds: 0 | eff(%): 20.124 | logz: -1.5e+05 +/- 1.1e-01 | dlogz: 147341.215 >  0.500
 loglike: -1.5e+05 | params: [-0.13438091 -0.7975961   4.34820678  3.53664136]
 Average call time: 0.75 sec | Current time: 2019-03-14 13:31:05.758096
 --------------------------
iter: 131 | nc: 2 | ncalls: 648 | bounds: 0 | eff(%): 20.216 | logz: -1.5e+05 +/- 1.2e-01 | dlogz: 147339.703 >  0.500
 loglike: -1.5e+05 | params: [ 0.33246462 -1.29525936  3.7410591   0.63362362]
 Average call time: 0.64 sec | Current time: 2019-03-14 13:31:07.030184
 --------------------------
iter: 132 | nc: 1 | ncalls: 649 | bounds: 0 | eff(%): 20.339 | logz: -1.5e+05 +/- 1.2e-01 | dlogz: 147328.477 >  0.500
 loglike: -1.5e+05 | params: [ 0.46522447 -0.5754461   3.65536075  0.55342703]
 Average call time: 0.75 sec | Current time: 2019-03-14 13:31:07.779865
 --------------------------
iter: 133 | nc: 1 | ncalls: 650 | bounds: 0 | eff(%): 20.462 | logz: -1.5e+05 +/- 1.2e-01 | dlogz: 147279.735 >  0.500
 loglike: -1.5e+05 | params: [ 0.49356736 -0.77194473  3.6353665   2.31114487]
 Average call time: 0.76 sec | Current time: 2019-03-14 13:31:08.536654
 --------------------------
iter: 134 | nc: 1 | ncalls: 651 | bounds: 0 | eff(%): 20.584 | logz: -1.5e+05 +/- 1.2e-01 | dlogz: 147242.772 >  0.500
 loglike: -1.5e+05 | params: [ 0.33024573 -0.88285374  3.759437    2.51505248]
 Average call time: 0.55 sec | Current time: 2019-03-14 13:31:09.084121
 --------------------------
iter: 135 | nc: 1 | ncalls: 652 | bounds: 0 | eff(%): 20.706 | logz: -1.5e+05 +/- 1.2e-01 | dlogz: 147197.725 >  0.500
 loglike: -1.5e+05 | params: [ 0.43413586 -1.29380997  3.53707855  1.38860434]
 Average call time: 0.76 sec | Current time: 2019-03-14 13:31:09.844071
 --------------------------
iter: 136 | nc: 1 | ncalls: 653 | bounds: 0 | eff(%): 20.827 | logz: -1.5e+05 +/- 1.1e-01 | dlogz: 147181.568 >  0.500
 loglike: -1.5e+05 | params: [ 0.47474461 -0.9095795   3.49068637  1.72004067]
 Average call time: 0.74 sec | Current time: 2019-03-14 13:31:10.581971
 --------------------------
iter: 137 | nc: 1 | ncalls: 654 | bounds: 0 | eff(%): 20.948 | logz: -1.5e+05 +/- 1.2e-01 | dlogz: 147179.963 >  0.500
 loglike: -1.5e+05 | params: [ 0.44420457 -1.80328383  3.55506517  2.43850234]
 Average call time: 0.72 sec | Current time: 2019-03-14 13:31:11.306019
 --------------------------
iter: 138 | nc: 2 | ncalls: 656 | bounds: 0 | eff(%): 21.037 | logz: -1.5e+05 +/- 1.2e-01 | dlogz: 147136.866 >  0.500
 loglike: -1.5e+05 | params: [ 0.38395117 -0.8879592   3.5471324   0.76273403]
 Average call time: 0.64 sec | Current time: 2019-03-14 13:31:12.585143
 --------------------------
iter: 139 | nc: 1 | ncalls: 657 | bounds: 0 | eff(%): 21.157 | logz: -1.5e+05 +/- 1.1e-01 | dlogz: 147120.613 >  0.500
 loglike: -1.5e+05 | params: [ 3.08316531e-03 -1.97934733e+00  4.31847986e+00  4.42494183e+00]
 Average call time: 0.75 sec | Current time: 2019-03-14 13:31:13.331166
 --------------------------
iter: 140 | nc: 2 | ncalls: 659 | bounds: 0 | eff(%): 21.244 | logz: -1.5e+05 +/- 1.2e-01 | dlogz: 147118.618 >  0.500
 loglike: -1.5e+05 | params: [ 0.26821136 -1.55009534  3.64064226  1.29876016]
 Average call time: 0.68 sec | Current time: 2019-03-14 13:31:14.684018
 --------------------------
iter: 141 | nc: 1 | ncalls: 660 | bounds: 0 | eff(%): 21.364 | logz: -1.5e+05 +/- 1.2e-01 | dlogz: 147113.736 >  0.500
 loglike: -1.5e+05 | params: [ 0.44006236 -0.67961672  3.37443509  0.18481933]
 Average call time: 0.75 sec | Current time: 2019-03-14 13:31:15.432954
 --------------------------
iter: 142 | nc: 1 | ncalls: 661 | bounds: 0 | eff(%): 21.483 | logz: -1.5e+05 +/- 1.2e-01 | dlogz: 147055.329 >  0.500
 loglike: -1.5e+05 | params: [ 0.17566494 -1.18246537  3.69268098  0.16852233]
 Average call time: 0.55 sec | Current time: 2019-03-14 13:31:15.982164
 --------------------------
iter: 143 | nc: 1 | ncalls: 662 | bounds: 0 | eff(%): 21.601 | logz: -1.5e+05 +/- 1.2e-01 | dlogz: 147049.204 >  0.500
 loglike: -1.5e+05 | params: [ 0.29574615 -1.62253377  3.59144451  0.37589083]
 Average call time: 0.55 sec | Current time: 2019-03-14 13:31:16.529237
 --------------------------
iter: 144 | nc: 1 | ncalls: 663 | bounds: 0 | eff(%): 21.719 | logz: -1.5e+05 +/- 1.1e-01 | dlogz: 147036.306 >  0.500
 loglike: -1.5e+05 | params: [ 0.32937638 -1.79228856  3.70841341  2.44109953]
 Average call time: 0.55 sec | Current time: 2019-03-14 13:31:17.080968
 --------------------------
iter: 145 | nc: 1 | ncalls: 664 | bounds: 0 | eff(%): 21.837 | logz: -1.5e+05 +/- 1.2e-01 | dlogz: 147034.253 >  0.500
 loglike: -1.5e+05 | params: [ 0.38177223 -0.85599833  3.39326211  0.46220606]
 Average call time: 0.55 sec | Current time: 2019-03-14 13:31:17.630550
 --------------------------
iter: 146 | nc: 1 | ncalls: 665 | bounds: 0 | eff(%): 21.955 | logz: -1.5e+05 +/- 1.2e-01 | dlogz: 147021.597 >  0.500
 loglike: -1.5e+05 | params: [ 0.45012646 -1.37320108  3.63472918  3.09292693]
 Average call time: 0.72 sec | Current time: 2019-03-14 13:31:18.350154
 --------------------------
iter: 147 | nc: 2 | ncalls: 667 | bounds: 0 | eff(%): 22.039 | logz: -1.5e+05 +/- 1.2e-01 | dlogz: 147002.981 >  0.500
 loglike: -1.5e+05 | params: [-0.13077181 -1.88470331  4.30297348  4.64367719]
 Average call time: 0.72 sec | Current time: 2019-03-14 13:31:19.795162
 --------------------------
iter: 148 | nc: 1 | ncalls: 668 | bounds: 0 | eff(%): 22.156 | logz: -1.5e+05 +/- 1.2e-01 | dlogz: 146985.839 >  0.500
 loglike: -1.5e+05 | params: [ 0.13399492 -1.03514734  3.65750575  2.01110366]
 Average call time: 0.55 sec | Current time: 2019-03-14 13:31:20.343988
 --------------------------
iter: 149 | nc: 1 | ncalls: 669 | bounds: 0 | eff(%): 22.272 | logz: -1.5e+05 +/- 1.2e-01 | dlogz: 146971.351 >  0.500
 loglike: -1.5e+05 | params: [ 0.42717986 -0.75830513  3.178195    0.78879617]
 Average call time: 0.77 sec | Current time: 2019-03-14 13:31:21.112113
 --------------------------
iter: 150 | nc: 2 | ncalls: 671 | bounds: 0 | eff(%): 22.355 | logz: -1.5e+05 +/- 1.2e-01 | dlogz: 146963.130 >  0.500
 loglike: -1.5e+05 | params: [ 0.2513941  -1.60538304  3.52272347  0.70853597]
 Average call time: 0.76 sec | Current time: 2019-03-14 13:31:22.623704
 --------------------------
iter: 151 | nc: 1 | ncalls: 672 | bounds: 0 | eff(%): 22.470 | logz: -1.5e+05 +/- 1.2e-01 | dlogz: 146960.391 >  0.500
 loglike: -1.5e+05 | params: [ 0.45813935 -0.68610105  3.07345181  2.55487612]
 Average call time: 0.72 sec | Current time: 2019-03-14 13:31:23.340299
 --------------------------
iter: 152 | nc: 1 | ncalls: 673 | bounds: 0 | eff(%): 22.585 | logz: -1.5e+05 +/- 1.2e-01 | dlogz: 146957.135 >  0.500
 loglike: -1.5e+05 | params: [ 0.45082797 -1.12667269  3.17279775  2.54402945]
 Average call time: 0.72 sec | Current time: 2019-03-14 13:31:24.060446
 --------------------------
iter: 153 | nc: 1 | ncalls: 674 | bounds: 0 | eff(%): 22.700 | logz: -1.5e+05 +/- 1.1e-01 | dlogz: 146951.595 >  0.500
 loglike: -1.5e+05 | params: [ 0.46879201 -0.96240799  2.06789743  1.14282727]
 Average call time: 0.73 sec | Current time: 2019-03-14 13:31:24.786232
 --------------------------
iter: 154 | nc: 1 | ncalls: 675 | bounds: 0 | eff(%): 22.815 | logz: -1.5e+05 +/- 1.1e-01 | dlogz: 146950.316 >  0.500
 loglike: -1.5e+05 | params: [ 0.44738726 -0.71444777  2.07811059  0.67767904]
 Average call time: 0.73 sec | Current time: 2019-03-14 13:31:25.515308
 --------------------------
iter: 155 | nc: 1 | ncalls: 676 | bounds: 0 | eff(%): 22.929 | logz: -1.5e+05 +/- 1.2e-01 | dlogz: 146949.600 >  0.500
 loglike: -1.5e+05 | params: [ 0.45148887 -0.9755318   2.22848764  2.10938192]
 Average call time: 0.55 sec | Current time: 2019-03-14 13:31:26.065837
 --------------------------
iter: 156 | nc: 2 | ncalls: 678 | bounds: 0 | eff(%): 23.009 | logz: -1.5e+05 +/- 1.2e-01 | dlogz: 146942.886 >  0.500
 loglike: -1.5e+05 | params: [ 0.40234096 -0.61894801  3.39632241  2.87166918]
 Average call time: 0.63 sec | Current time: 2019-03-14 13:31:27.330341
 --------------------------
iter: 157 | nc: 2 | ncalls: 680 | bounds: 0 | eff(%): 23.088 | logz: -1.5e+05 +/- 1.1e-01 | dlogz: 146940.331 >  0.500
 loglike: -1.5e+05 | params: [ 0.4720607  -1.58835759  2.56234908  1.15298615]
 Average call time: 0.72 sec | Current time: 2019-03-14 13:31:28.769693
 --------------------------
iter: 158 | nc: 1 | ncalls: 681 | bounds: 0 | eff(%): 23.201 | logz: -1.5e+05 +/- 1.1e-01 | dlogz: 146939.095 >  0.500
 loglike: -1.5e+05 | params: [ 0.46011296 -1.66430661  2.63461013  0.85418431]
 Average call time: 0.72 sec | Current time: 2019-03-14 13:31:29.494297
 --------------------------
iter: 159 | nc: 1 | ncalls: 682 | bounds: 0 | eff(%): 23.314 | logz: -1.5e+05 +/- 1.2e-01 | dlogz: 146938.062 >  0.500
 loglike: -1.5e+05 | params: [ 0.47261861 -0.76523774  2.09931086  2.89053564]
 Average call time: 0.73 sec | Current time: 2019-03-14 13:31:30.219972
 --------------------------
iter: 160 | nc: 1 | ncalls: 683 | bounds: 0 | eff(%): 23.426 | logz: -1.5e+05 +/- 1.1e-01 | dlogz: 146933.895 >  0.500
 loglike: -1.5e+05 | params: [ 0.48236145 -1.80122886  2.18083676  0.43257416]
 Average call time: 0.59 sec | Current time: 2019-03-14 13:31:30.806931
 --------------------------
iter: 161 | nc: 1 | ncalls: 684 | bounds: 0 | eff(%): 23.538 | logz: -1.5e+05 +/- 1.1e-01 | dlogz: 146932.594 >  0.500
 loglike: -1.5e+05 | params: [ 0.39510373 -0.90341511  2.15109386  0.85681659]
 Average call time: 0.55 sec | Current time: 2019-03-14 13:31:31.355529
 --------------------------
iter: 162 | nc: 1 | ncalls: 685 | bounds: 0 | eff(%): 23.650 | logz: -1.5e+05 +/- 1.1e-01 | dlogz: 146931.014 >  0.500
 loglike: -1.5e+05 | params: [ 0.40321308 -0.88112748  3.0453771   0.14578366]
 Average call time: 0.72 sec | Current time: 2019-03-14 13:31:32.077212
 --------------------------
iter: 163 | nc: 1 | ncalls: 686 | bounds: 0 | eff(%): 23.761 | logz: -1.5e+05 +/- 1.1e-01 | dlogz: 146929.862 >  0.500
 loglike: -1.5e+05 | params: [ 0.3893432  -0.6227872   2.45715482  0.68302653]
 Average call time: 0.55 sec | Current time: 2019-03-14 13:31:32.632199
 --------------------------
iter: 164 | nc: 1 | ncalls: 687 | bounds: 0 | eff(%): 23.872 | logz: -1.5e+05 +/- 1.0e-01 | dlogz: 146929.031 >  0.500
 loglike: -1.5e+05 | params: [ 0.40351056 -0.5489866   2.20261764  1.65617175]
 Average call time: 0.72 sec | Current time: 2019-03-14 13:31:33.351204
 --------------------------
iter: 165 | nc: 1 | ncalls: 688 | bounds: 0 | eff(%): 23.983 | logz: -1.5e+05 +/- 1.1e-01 | dlogz: 146928.283 >  0.500
 loglike: -1.5e+05 | params: [ 0.33221231 -0.8353047   2.18349007  1.67984752]
 Average call time: 0.55 sec | Current time: 2019-03-14 13:31:33.897299
 --------------------------
iter: 166 | nc: 2 | ncalls: 690 | bounds: 0 | eff(%): 24.058 | logz: -1.5e+05 +/- 1.1e-01 | dlogz: 146926.742 >  0.500
 loglike: -1.5e+05 | params: [ 0.28591104 -0.50289693  2.1581888   0.30912638]
 Average call time: 0.74 sec | Current time: 2019-03-14 13:31:35.386228
 --------------------------
iter: 167 | nc: 1 | ncalls: 691 | bounds: 0 | eff(%): 24.168 | logz: -1.5e+05 +/- 1.1e-01 | dlogz: 146925.689 >  0.500
 loglike: -1.5e+05 | params: [ 0.43198879 -1.25310629  3.08001217  0.88826885]
 Average call time: 0.71 sec | Current time: 2019-03-14 13:31:36.100224
 --------------------------
iter: 168 | nc: 2 | ncalls: 693 | bounds: 0 | eff(%): 24.242 | logz: -1.5e+05 +/- 1.0e-01 | dlogz: 146924.824 >  0.500
 loglike: -1.5e+05 | params: [ 0.30911787 -0.55151441  2.27726649  2.95877892]
 Average call time: 0.72 sec | Current time: 2019-03-14 13:31:37.546023
 --------------------------
iter: 169 | nc: 2 | ncalls: 695 | bounds: 0 | eff(%): 24.317 | logz: -1.5e+05 +/- 1.0e-01 | dlogz: 146924.156 >  0.500
 loglike: -1.5e+05 | params: [ 0.22251417 -0.53142945  2.18088201  3.6030973 ]
 Average call time: 0.73 sec | Current time: 2019-03-14 13:31:38.996699
 --------------------------
iter: 170 | nc: 1 | ncalls: 696 | bounds: 0 | eff(%): 24.425 | logz: -1.5e+05 +/- 1.0e-01 | dlogz: 146923.697 >  0.500
 loglike: -1.5e+05 | params: [ 0.43046926 -1.98396237  2.27924684  0.75703827]
 Average call time: 0.84 sec | Current time: 2019-03-14 13:31:39.835720
 --------------------------
iter: 171 | nc: 1 | ncalls: 697 | bounds: 0 | eff(%): 24.534 | logz: -1.5e+05 +/- 1.1e-01 | dlogz: 146923.095 >  0.500
 loglike: -1.5e+05 | params: [ 0.43282699 -0.76078241  2.43632958  3.27031769]
 Average call time: 0.56 sec | Current time: 2019-03-14 13:31:40.393509
 --------------------------
iter: 172 | nc: 1 | ncalls: 698 | bounds: 0 | eff(%): 24.642 | logz: -1.5e+05 +/- 1.1e-01 | dlogz: 146921.161 >  0.500
 loglike: -1.5e+05 | params: [ 0.39336188 -0.76632379  2.78495199  1.11373116]
 Average call time: 0.56 sec | Current time: 2019-03-14 13:31:40.956226
 --------------------------
iter: 173 | nc: 1 | ncalls: 699 | bounds: 0 | eff(%): 24.750 | logz: -1.5e+05 +/- 1.0e-01 | dlogz: 146920.159 >  0.500
 loglike: -1.5e+05 | params: [ 0.26008122 -0.75109437  3.67983085  2.76487755]
 Average call time: 0.73 sec | Current time: 2019-03-14 13:31:41.685623
 --------------------------
iter: 174 | nc: 1 | ncalls: 700 | bounds: 0 | eff(%): 24.857 | logz: -1.5e+05 +/- 1.1e-01 | dlogz: 146919.553 >  0.500
 loglike: -1.5e+05 | params: [ 0.43526291 -0.78435965  2.56502924  2.97785929]
 Average call time: 0.55 sec | Current time: 2019-03-14 13:31:42.231465
 --------------------------
iter: 175 | nc: 2 | ncalls: 702 | bounds: 0 | eff(%): 24.929 | logz: -1.5e+05 +/- 1.1e-01 | dlogz: 146917.896 >  0.500
 loglike: -1.5e+05 | params: [ 0.43907042 -1.97023529  3.03428396  0.66727777]
 Average call time: 0.64 sec | Current time: 2019-03-14 13:31:43.503424
 --------------------------
iter: 176 | nc: 1 | ncalls: 703 | bounds: 0 | eff(%): 25.036 | logz: -1.5e+05 +/- 1.1e-01 | dlogz: 146916.216 >  0.500
 loglike: -1.5e+05 | params: [ 0.36763282 -1.33223836  2.08756826  0.62527139]
 Average call time: 0.72 sec | Current time: 2019-03-14 13:31:44.223628
 --------------------------
iter: 177 | nc: 1 | ncalls: 704 | bounds: 0 | eff(%): 25.142 | logz: -1.5e+05 +/- 1.1e-01 | dlogz: 146915.005 >  0.500
 loglike: -1.5e+05 | params: [ 0.46583653 -1.77926465  2.088941    3.01007811]
 Average call time: 0.55 sec | Current time: 2019-03-14 13:31:44.771511
 --------------------------
iter: 178 | nc: 1 | ncalls: 705 | bounds: 0 | eff(%): 25.248 | logz: -1.5e+05 +/- 1.1e-01 | dlogz: 146913.857 >  0.500
 loglike: -1.5e+05 | params: [ 0.41084975 -0.96179487  2.12882897  4.18457581]
 Average call time: 0.55 sec | Current time: 2019-03-14 13:31:45.319598
 --------------------------
iter: 179 | nc: 2 | ncalls: 707 | bounds: 0 | eff(%): 25.318 | logz: -1.5e+05 +/- 1.1e-01 | dlogz: 146912.593 >  0.500
 loglike: -1.5e+05 | params: [ 0.40212882 -1.64518118  2.38575278  1.65759136]
 Average call time: 0.72 sec | Current time: 2019-03-14 13:31:46.756702
 --------------------------
iter: 180 | nc: 1 | ncalls: 708 | bounds: 0 | eff(%): 25.424 | logz: -1.5e+05 +/- 1.0e-01 | dlogz: 146911.824 >  0.500
 loglike: -1.5e+05 | params: [ 0.06349918 -1.02836434  4.31572163  4.24451726]
 Average call time: 0.75 sec | Current time: 2019-03-14 13:31:47.508461
 --------------------------
iter: 181 | nc: 1 | ncalls: 709 | bounds: 0 | eff(%): 25.529 | logz: -1.5e+05 +/- 1.0e-01 | dlogz: 146911.225 >  0.500
 loglike: -1.5e+05 | params: [ 0.40468212 -1.20432487  2.23976078  3.16088526]
 Average call time: 0.71 sec | Current time: 2019-03-14 13:31:48.220657
 --------------------------
iter: 182 | nc: 1 | ncalls: 710 | bounds: 0 | eff(%): 25.634 | logz: -1.5e+05 +/- 1.0e-01 | dlogz: 146910.616 >  0.500
 loglike: -1.5e+05 | params: [ 0.40373536 -1.79224287  2.00463129  3.10288829]
 Average call time: 0.55 sec | Current time: 2019-03-14 13:31:48.771426
 --------------------------
iter: 183 | nc: 1 | ncalls: 711 | bounds: 0 | eff(%): 25.738 | logz: -1.5e+05 +/- 1.0e-01 | dlogz: 146910.121 >  0.500
 loglike: -1.5e+05 | params: [ 0.3570225  -1.77868679  2.30923312  0.62110889]
 Average call time: 0.55 sec | Current time: 2019-03-14 13:31:49.320423
 --------------------------
iter: 184 | nc: 1 | ncalls: 712 | bounds: 0 | eff(%): 25.843 | logz: -1.5e+05 +/- 1.1e-01 | dlogz: 146909.532 >  0.500
 loglike: -1.5e+05 | params: [ 0.31479424 -0.5148817   2.24207016  2.91020756]
 Average call time: 0.72 sec | Current time: 2019-03-14 13:31:50.040248
 --------------------------
iter: 185 | nc: 2 | ncalls: 714 | bounds: 0 | eff(%): 25.910 | logz: -1.5e+05 +/- 1.1e-01 | dlogz: 146908.371 >  0.500
 loglike: -1.5e+05 | params: [ 0.35427585 -1.36650727  2.26534733  0.37780554]
 Average call time: 0.63 sec | Current time: 2019-03-14 13:31:51.305428
 --------------------------
iter: 186 | nc: 2 | ncalls: 716 | bounds: 0 | eff(%): 25.978 | logz: -1.5e+05 +/- 1.0e-01 | dlogz: 146907.438 >  0.500
 loglike: -1.5e+05 | params: [ 0.41296919 -1.8445216   2.38047143  0.11996464]
 Average call time: 0.55 sec | Current time: 2019-03-14 13:31:52.413644
 --------------------------
iter: 187 | nc: 1 | ncalls: 717 | bounds: 0 | eff(%): 26.081 | logz: -1.5e+05 +/- 1.0e-01 | dlogz: 146906.760 >  0.500
 loglike: -1.5e+05 | params: [ 0.36770668 -1.23905269  2.38490411  0.65427698]
 Average call time: 0.72 sec | Current time: 2019-03-14 13:31:53.137216
 --------------------------
iter: 188 | nc: 1 | ncalls: 718 | bounds: 0 | eff(%): 26.184 | logz: -1.5e+05 +/- 1.0e-01 | dlogz: 146906.235 >  0.500
 loglike: -1.5e+05 | params: [ 0.33792546 -1.63810617  3.30278694  2.19652173]
 Average call time: 0.72 sec | Current time: 2019-03-14 13:31:53.854224
 --------------------------
iter: 189 | nc: 2 | ncalls: 720 | bounds: 0 | eff(%): 26.250 | logz: -1.5e+05 +/- 9.9e-02 | dlogz: 146905.807 >  0.500
 loglike: -1.5e+05 | params: [ 0.42264349 -1.77391903  2.39294855  1.97126138]
 Average call time: 0.64 sec | Current time: 2019-03-14 13:31:55.128505
 --------------------------
iter: 190 | nc: 3 | ncalls: 723 | bounds: 0 | eff(%): 26.279 | logz: -1.5e+05 +/- 9.8e-02 | dlogz: 146905.391 >  0.500
 loglike: -1.5e+05 | params: [ 0.35977314 -1.9525842   2.20040973  2.41792087]
 Average call time: 0.75 sec | Current time: 2019-03-14 13:31:57.364120
 --------------------------
iter: 191 | nc: 1 | ncalls: 724 | bounds: 0 | eff(%): 26.381 | logz: -1.5e+05 +/- 1.0e-01 | dlogz: 146905.006 >  0.500
 loglike: -1.5e+05 | params: [ 0.21499388 -0.91386277  2.05602932  1.50048421]
 Average call time: 0.55 sec | Current time: 2019-03-14 13:31:57.912363
 --------------------------
iter: 192 | nc: 1 | ncalls: 725 | bounds: 0 | eff(%): 26.483 | logz: -1.5e+05 +/- 1.1e-01 | dlogz: 146904.141 >  0.500
 loglike: -1.5e+05 | params: [ 0.34769593 -1.20545057  3.22879916  0.18970894]
 Average call time: 0.76 sec | Current time: 2019-03-14 13:31:58.669833
 --------------------------
iter: 193 | nc: 1 | ncalls: 726 | bounds: 0 | eff(%): 26.584 | logz: -1.5e+05 +/- 1.1e-01 | dlogz: 146901.849 >  0.500
 loglike: -1.5e+05 | params: [ 0.2262467  -0.99017276  2.1151891   1.85756774]
 Average call time: 0.75 sec | Current time: 2019-03-14 13:31:59.424474
 --------------------------
iter: 194 | nc: 1 | ncalls: 727 | bounds: 0 | eff(%): 26.685 | logz: -1.5e+05 +/- 1.1e-01 | dlogz: 146900.681 >  0.500
 loglike: -1.5e+05 | params: [ 0.31624511 -0.70082653  2.39335953  1.0467753 ]
 Average call time: 0.55 sec | Current time: 2019-03-14 13:31:59.970642
 --------------------------
iter: 195 | nc: 4 | ncalls: 731 | bounds: 0 | eff(%): 26.676 | logz: -1.5e+05 +/- 1.1e-01 | dlogz: 146899.936 >  0.500
 loglike: -1.5e+05 | params: [ 0.31015017 -1.78798543  2.24348464  1.85199918]
 Average call time: 0.63 sec | Current time: 2019-03-14 13:32:02.493505
 --------------------------
iter: 196 | nc: 1 | ncalls: 732 | bounds: 0 | eff(%): 26.776 | logz: -1.5e+05 +/- 1.1e-01 | dlogz: 146898.949 >  0.500
 loglike: -1.5e+05 | params: [ 0.26470027 -1.9180912   3.47036897  0.98538189]
 Average call time: 0.75 sec | Current time: 2019-03-14 13:32:03.244776
 --------------------------
iter: 197 | nc: 2 | ncalls: 734 | bounds: 0 | eff(%): 26.839 | logz: -1.5e+05 +/- 1.1e-01 | dlogz: 146898.148 >  0.500
 loglike: -1.5e+05 | params: [ 0.4050337  -0.90283748  2.80495722  2.41267517]
 Average call time: 0.65 sec | Current time: 2019-03-14 13:32:04.546681
 --------------------------
iter: 198 | nc: 1 | ncalls: 735 | bounds: 0 | eff(%): 26.939 | logz: -1.5e+05 +/- 1.1e-01 | dlogz: 146897.063 >  0.500
 loglike: -1.5e+05 | params: [ 0.32273991 -1.6397076   2.02907083  1.2027045 ]
 Average call time: 0.74 sec | Current time: 2019-03-14 13:32:05.290883
 --------------------------
iter: 199 | nc: 1 | ncalls: 736 | bounds: 0 | eff(%): 27.038 | logz: -1.5e+05 +/- 1.0e-01 | dlogz: 146896.151 >  0.500
 loglike: -1.5e+05 | params: [ 0.46126411 -1.37334534  2.39007541  3.28986607]
 Average call time: 0.55 sec | Current time: 2019-03-14 13:32:05.836767
 --------------------------
iter: 200 | nc: 1 | ncalls: 737 | bounds: 0 | eff(%): 27.137 | logz: -1.5e+05 +/- 1.0e-01 | dlogz: 146895.545 >  0.500
 loglike: -1.5e+05 | params: [ 0.35389857 -1.56940636  2.51920168  0.75670391]
 Average call time: 0.75 sec | Current time: 2019-03-14 13:32:06.591679
 --------------------------
iter: 201 | nc: 1 | ncalls: 738 | bounds: 0 | eff(%): 27.236 | logz: -1.5e+05 +/- 1.1e-01 | dlogz: 146894.967 >  0.500
 loglike: -1.5e+05 | params: [ 0.28178969 -0.86314598  3.43224629  0.25595287]
 Average call time: 0.74 sec | Current time: 2019-03-14 13:32:07.336265
 --------------------------
iter: 202 | nc: 1 | ncalls: 739 | bounds: 0 | eff(%): 27.334 | logz: -1.5e+05 +/- 1.1e-01 | dlogz: 146893.829 >  0.500
 loglike: -1.5e+05 | params: [ 0.31829735 -1.75306554  3.31911832  1.89595173]
 Average call time: 0.55 sec | Current time: 2019-03-14 13:32:07.884379
 --------------------------
iter: 203 | nc: 1 | ncalls: 740 | bounds: 0 | eff(%): 27.432 | logz: -1.5e+05 +/- 1.1e-01 | dlogz: 146891.639 >  0.500
 loglike: -1.5e+05 | params: [ 0.41237001 -1.68110599  2.96645299  1.38206588]
 Average call time: 0.74 sec | Current time: 2019-03-14 13:32:08.624698
 --------------------------
iter: 204 | nc: 1 | ncalls: 741 | bounds: 0 | eff(%): 27.530 | logz: -1.5e+05 +/- 1.1e-01 | dlogz: 146890.566 >  0.500
 loglike: -1.5e+05 | params: [ 0.3487613  -0.75155338  3.03695406  1.27585882]
 Average call time: 0.74 sec | Current time: 2019-03-14 13:32:09.363840
 --------------------------
iter: 205 | nc: 2 | ncalls: 743 | bounds: 0 | eff(%): 27.591 | logz: -1.5e+05 +/- 1.0e-01 | dlogz: 146889.961 >  0.500
 loglike: -1.5e+05 | params: [ 0.22478995 -0.92498317  2.1232357   2.2534607 ]
 Average call time: 0.72 sec | Current time: 2019-03-14 13:32:10.798697
 --------------------------
iter: 206 | nc: 1 | ncalls: 744 | bounds: 0 | eff(%): 27.688 | logz: -1.5e+05 +/- 1.1e-01 | dlogz: 146889.403 >  0.500
 loglike: -1.5e+05 | params: [ 0.42486895 -0.94052126  2.17636436  4.42979285]
 Average call time: 0.72 sec | Current time: 2019-03-14 13:32:11.521394
 --------------------------
iter: 207 | nc: 1 | ncalls: 745 | bounds: 0 | eff(%): 27.785 | logz: -1.5e+05 +/- 1.1e-01 | dlogz: 146887.575 >  0.500
 loglike: -1.5e+05 | params: [ 0.48261972 -1.55988622  2.16909147  4.67924981]
 Average call time: 0.72 sec | Current time: 2019-03-14 13:32:12.245130
 --------------------------
iter: 208 | nc: 1 | ncalls: 746 | bounds: 0 | eff(%): 27.882 | logz: -1.5e+05 +/- 1.1e-01 | dlogz: 146885.780 >  0.500
 loglike: -1.5e+05 | params: [ 0.31771191 -0.52824064  3.05690173  0.49519921]
 Average call time: 0.72 sec | Current time: 2019-03-14 13:32:12.963926
 --------------------------
iter: 209 | nc: 3 | ncalls: 749 | bounds: 0 | eff(%): 27.904 | logz: -1.5e+05 +/- 1.1e-01 | dlogz: 146884.872 >  0.500
 loglike: -1.5e+05 | params: [ 0.39525213 -0.67789028  3.06534416  2.8313132 ]
 Average call time: 0.67 sec | Current time: 2019-03-14 13:32:14.972421
 --------------------------
iter: 210 | nc: 3 | ncalls: 752 | bounds: 0 | eff(%): 27.926 | logz: -1.5e+05 +/- 1.1e-01 | dlogz: 146883.090 >  0.500
 loglike: -1.5e+05 | params: [ 0.23842252 -0.54350058  2.73814771  0.30864974]
 Average call time: 0.69 sec | Current time: 2019-03-14 13:32:17.028056
 --------------------------
iter: 211 | nc: 1 | ncalls: 753 | bounds: 0 | eff(%): 28.021 | logz: -1.5e+05 +/- 1.1e-01 | dlogz: 146881.213 >  0.500
 loglike: -1.5e+05 | params: [ 0.48436901 -1.07656661  2.46414898  4.17420038]
 Average call time: 0.74 sec | Current time: 2019-03-14 13:32:17.768036
 --------------------------
iter: 212 | nc: 3 | ncalls: 756 | bounds: 0 | eff(%): 28.042 | logz: -1.5e+05 +/- 1.1e-01 | dlogz: 146880.188 >  0.500
 loglike: -1.5e+05 | params: [ 0.33049344 -1.35751199  2.4968756   2.7693959 ]
 Average call time: 0.67 sec | Current time: 2019-03-14 13:32:19.777352
 --------------------------
iter: 213 | nc: 1 | ncalls: 757 | bounds: 0 | eff(%): 28.137 | logz: -1.5e+05 +/- 1.0e-01 | dlogz: 146879.617 >  0.500
 loglike: -1.5e+05 | params: [ 0.28700768 -1.31018965  2.02943696  3.87486722]
 Average call time: 0.74 sec | Current time: 2019-03-14 13:32:20.522023
 --------------------------
iter: 214 | nc: 1 | ncalls: 758 | bounds: 0 | eff(%): 28.232 | logz: -1.5e+05 +/- 1.1e-01 | dlogz: 146879.081 >  0.500
 loglike: -1.5e+05 | params: [ 0.3683165  -1.50573098  2.16064354  3.99081525]
 Average call time: 0.54 sec | Current time: 2019-03-14 13:32:21.066889
 --------------------------
iter: 215 | nc: 1 | ncalls: 759 | bounds: 0 | eff(%): 28.327 | logz: -1.5e+05 +/- 1.1e-01 | dlogz: 146877.984 >  0.500
 loglike: -1.5e+05 | params: [ 0.36889927 -1.43626539  2.8433313   0.59661812]
 Average call time: 0.54 sec | Current time: 2019-03-14 13:32:21.609983
 --------------------------
iter: 216 | nc: 1 | ncalls: 760 | bounds: 0 | eff(%): 28.421 | logz: -1.5e+05 +/- 1.0e-01 | dlogz: 146877.162 >  0.500
 loglike: -1.5e+05 | params: [ 0.48010896 -1.3152384   2.16760647  4.43490014]
 Average call time: 0.72 sec | Current time: 2019-03-14 13:32:22.328996
 --------------------------
iter: 217 | nc: 2 | ncalls: 762 | bounds: 0 | eff(%): 28.478 | logz: -1.5e+05 +/- 1.1e-01 | dlogz: 146876.413 >  0.500
 loglike: -1.5e+05 | params: [ 0.33505795 -0.81125364  2.98768399  1.85029254]
 Average call time: 0.72 sec | Current time: 2019-03-14 13:32:23.765554
 --------------------------
iter: 218 | nc: 1 | ncalls: 763 | bounds: 0 | eff(%): 28.571 | logz: -1.5e+05 +/- 1.1e-01 | dlogz: 146874.830 >  0.500
 loglike: -1.5e+05 | params: [ 0.32074894 -1.49021489  2.13588249  4.21948878]
 Average call time: 0.72 sec | Current time: 2019-03-14 13:32:24.482688
 --------------------------
iter: 219 | nc: 1 | ncalls: 764 | bounds: 0 | eff(%): 28.665 | logz: -1.5e+05 +/- 1.1e-01 | dlogz: 146873.344 >  0.500
 loglike: -1.5e+05 | params: [ 0.3843709  -0.93229158  3.66911121  3.26164763]
 Average call time: 0.72 sec | Current time: 2019-03-14 13:32:25.206146
 --------------------------
iter: 220 | nc: 1 | ncalls: 765 | bounds: 0 | eff(%): 28.758 | logz: -1.5e+05 +/- 1.2e-01 | dlogz: 146872.386 >  0.500
 loglike: -1.5e+05 | params: [ 0.40728673 -1.39026914  3.53979082  3.06607781]
 Average call time: 0.76 sec | Current time: 2019-03-14 13:32:25.962486
 --------------------------
iter: 221 | nc: 1 | ncalls: 766 | bounds: 0 | eff(%): 28.851 | logz: -1.5e+05 +/- 1.2e-01 | dlogz: 146868.181 >  0.500
 loglike: -1.5e+05 | params: [ 0.14920724 -0.827655    2.01601198  3.59075802]
 Average call time: 0.73 sec | Current time: 2019-03-14 13:32:26.689294
 --------------------------
iter: 222 | nc: 1 | ncalls: 767 | bounds: 0 | eff(%): 28.944 | logz: -1.5e+05 +/- 1.2e-01 | dlogz: 146865.201 >  0.500
 loglike: -1.5e+05 | params: [ 0.31761517 -1.79444636  2.45905894  1.86028432]
 Average call time: 0.72 sec | Current time: 2019-03-14 13:32:27.408900
 --------------------------
iter: 223 | nc: 1 | ncalls: 768 | bounds: 0 | eff(%): 29.036 | logz: -1.5e+05 +/- 1.1e-01 | dlogz: 146862.666 >  0.500
 loglike: -1.5e+05 | params: [ 0.14338242 -1.33096177  2.04026313  1.98600018]
 Average call time: 0.73 sec | Current time: 2019-03-14 13:32:28.134119
 --------------------------
iter: 224 | nc: 1 | ncalls: 769 | bounds: 0 | eff(%): 29.129 | logz: -1.5e+05 +/- 1.1e-01 | dlogz: 146861.039 >  0.500
 loglike: -1.5e+05 | params: [ 0.32226531 -0.78887857  2.57485002  3.2276848 ]
 Average call time: 0.55 sec | Current time: 2019-03-14 13:32:28.686248
 --------------------------
iter: 225 | nc: 1 | ncalls: 770 | bounds: 0 | eff(%): 29.221 | logz: -1.5e+05 +/- 1.1e-01 | dlogz: 146860.154 >  0.500
 loglike: -1.5e+05 | params: [ 0.49465383 -1.7307532   2.95264047  2.88462788]
 Average call time: 0.75 sec | Current time: 2019-03-14 13:32:29.435119
 --------------------------
iter: 226 | nc: 2 | ncalls: 772 | bounds: 0 | eff(%): 29.275 | logz: -1.5e+05 +/- 1.1e-01 | dlogz: 146859.334 >  0.500
 loglike: -1.5e+05 | params: [ 0.25216225 -1.92429415  2.24800555  0.28905886]
 Average call time: 0.74 sec | Current time: 2019-03-14 13:32:30.912085
 --------------------------
iter: 227 | nc: 1 | ncalls: 773 | bounds: 0 | eff(%): 29.366 | logz: -1.5e+05 +/- 1.1e-01 | dlogz: 146858.468 >  0.500
 loglike: -1.5e+05 | params: [ 0.26197389 -1.36218623  2.41668033  1.15931289]
 Average call time: 0.72 sec | Current time: 2019-03-14 13:32:31.631866
 --------------------------
iter: 228 | nc: 1 | ncalls: 774 | bounds: 0 | eff(%): 29.457 | logz: -1.5e+05 +/- 1.1e-01 | dlogz: 146856.982 >  0.500
 loglike: -1.5e+05 | params: [ 0.35687294 -1.002885    3.00012783  2.63891295]
 Average call time: 0.55 sec | Current time: 2019-03-14 13:32:32.178846
 --------------------------
iter: 229 | nc: 1 | ncalls: 775 | bounds: 0 | eff(%): 29.548 | logz: -1.5e+05 +/- 1.1e-01 | dlogz: 146855.846 >  0.500
 loglike: -1.5e+05 | params: [ 0.20696265 -1.1230704   3.39313555  1.73556305]
 Average call time: 0.74 sec | Current time: 2019-03-14 13:32:32.917678
 --------------------------
iter: 230 | nc: 2 | ncalls: 777 | bounds: 0 | eff(%): 29.601 | logz: -1.5e+05 +/- 1.0e-01 | dlogz: 146855.135 >  0.500
 loglike: -1.5e+05 | params: [ 0.33259847 -0.93205672  3.06500248  0.22071804]
 Average call time: 0.56 sec | Current time: 2019-03-14 13:32:34.045691
 --------------------------
iter: 231 | nc: 1 | ncalls: 778 | bounds: 0 | eff(%): 29.692 | logz: -1.5e+05 +/- 1.2e-01 | dlogz: 146854.627 >  0.500
 loglike: -1.5e+05 | params: [ 0.36814871 -0.99075768  2.26241484  4.4461331 ]
 Average call time: 0.73 sec | Current time: 2019-03-14 13:32:34.774195
 --------------------------
iter: 232 | nc: 1 | ncalls: 779 | bounds: 0 | eff(%): 29.782 | logz: -1.5e+05 +/- 1.2e-01 | dlogz: 146852.048 >  0.500
 loglike: -1.5e+05 | params: [ 0.05346367 -0.84785476  2.13152864  1.70627987]
 Average call time: 0.74 sec | Current time: 2019-03-14 13:32:35.510909
 --------------------------
iter: 233 | nc: 3 | ncalls: 782 | bounds: 0 | eff(%): 29.795 | logz: -1.5e+05 +/- 1.1e-01 | dlogz: 146849.771 >  0.500
 loglike: -1.5e+05 | params: [ 0.1870566  -0.9391207   2.33253947  1.41198846]
 Average call time: 0.67 sec | Current time: 2019-03-14 13:32:37.514804
 --------------------------
iter: 234 | nc: 1 | ncalls: 783 | bounds: 0 | eff(%): 29.885 | logz: -1.5e+05 +/- 1.1e-01 | dlogz: 146848.786 >  0.500
 loglike: -1.5e+05 | params: [ 0.33998593 -0.85670264  3.01246629  2.46101472]
 Average call time: 0.75 sec | Current time: 2019-03-14 13:32:38.261700
 --------------------------
iter: 235 | nc: 1 | ncalls: 784 | bounds: 0 | eff(%): 29.974 | logz: -1.5e+05 +/- 1.2e-01 | dlogz: 146848.093 >  0.500
 loglike: -1.5e+05 | params: [ 0.25568615 -0.60184816  3.12921248  1.55494369]
 Average call time: 0.55 sec | Current time: 2019-03-14 13:32:38.811719
 --------------------------
iter: 236 | nc: 1 | ncalls: 785 | bounds: 0 | eff(%): 30.064 | logz: -1.5e+05 +/- 1.2e-01 | dlogz: 146843.360 >  0.500
 loglike: -1.5e+05 | params: [-0.26856387 -0.51356763  2.01799369  1.74272756]
 Average call time: 0.55 sec | Current time: 2019-03-14 13:32:39.358564
 --------------------------
iter: 237 | nc: 1 | ncalls: 786 | bounds: 0 | eff(%): 30.153 | logz: -1.5e+05 +/- 1.1e-01 | dlogz: 146836.092 >  0.500
 loglike: -1.5e+05 | params: [ 0.27293597 -0.75177239  2.20041876  4.72517715]
 Average call time: 0.56 sec | Current time: 2019-03-14 13:32:39.920159
 --------------------------
iter: 238 | nc: 1 | ncalls: 787 | bounds: 0 | eff(%): 30.241 | logz: -1.5e+05 +/- 1.1e-01 | dlogz: 146834.274 >  0.500
 loglike: -1.5e+05 | params: [ 0.10872569 -0.96003079  2.2333587   2.07999934]
 Average call time: 0.55 sec | Current time: 2019-03-14 13:32:40.469993
 --------------------------
iter: 239 | nc: 1 | ncalls: 788 | bounds: 0 | eff(%): 30.330 | logz: -1.5e+05 +/- 1.2e-01 | dlogz: 146833.296 >  0.500
 loglike: -1.5e+05 | params: [ 0.2352148  -1.05567577  2.48013544  3.1462301 ]
 Average call time: 0.72 sec | Current time: 2019-03-14 13:32:41.190530
 --------------------------
iter: 240 | nc: 1 | ncalls: 789 | bounds: 0 | eff(%): 30.418 | logz: -1.5e+05 +/- 1.1e-01 | dlogz: 146829.915 >  0.500
 loglike: -1.5e+05 | params: [ 0.16511642 -1.13658883  2.23811601  0.30737788]
 Average call time: 0.77 sec | Current time: 2019-03-14 13:32:41.963140
 --------------------------
iter: 241 | nc: 1 | ncalls: 790 | bounds: 0 | eff(%): 30.506 | logz: -1.5e+05 +/- 1.1e-01 | dlogz: 146828.601 >  0.500
 loglike: -1.5e+05 | params: [ 0.43759195 -0.9930818   2.41701384  4.65191498]
 Average call time: 0.71 sec | Current time: 2019-03-14 13:32:42.678105
 --------------------------
iter: 242 | nc: 1 | ncalls: 791 | bounds: 0 | eff(%): 30.594 | logz: -1.5e+05 +/- 1.2e-01 | dlogz: 146827.541 >  0.500
 loglike: -1.5e+05 | params: [ 0.04444855 -0.93182339  2.17307819  2.30715633]
 Average call time: 0.73 sec | Current time: 2019-03-14 13:32:43.409271
 --------------------------
iter: 243 | nc: 1 | ncalls: 792 | bounds: 0 | eff(%): 30.682 | logz: -1.5e+05 +/- 1.1e-01 | dlogz: 146822.236 >  0.500
 loglike: -1.5e+05 | params: [ 0.15438396 -1.78697342  2.26011473  2.08236993]
 Average call time: 0.73 sec | Current time: 2019-03-14 13:32:44.139109
 --------------------------
iter: 244 | nc: 1 | ncalls: 793 | bounds: 0 | eff(%): 30.769 | logz: -1.5e+05 +/- 1.1e-01 | dlogz: 146821.010 >  0.500
 loglike: -1.5e+05 | params: [ 0.19425694 -1.29571973  3.39611247  0.86801011]
 Average call time: 0.74 sec | Current time: 2019-03-14 13:32:44.874992
 --------------------------
iter: 245 | nc: 2 | ncalls: 795 | bounds: 0 | eff(%): 30.818 | logz: -1.5e+05 +/- 1.1e-01 | dlogz: 146820.329 >  0.500
 loglike: -1.5e+05 | params: [ 0.33050202 -1.908619    2.84718127  1.37710354]
 Average call time: 0.64 sec | Current time: 2019-03-14 13:32:46.151394
 --------------------------
iter: 246 | nc: 2 | ncalls: 797 | bounds: 0 | eff(%): 30.866 | logz: -1.5e+05 +/- 1.1e-01 | dlogz: 146819.696 >  0.500
 loglike: -1.5e+05 | params: [ 0.04709055 -1.18288746  2.02644583  3.13654538]
 Average call time: 0.64 sec | Current time: 2019-03-14 13:32:47.421898
 --------------------------
iter: 247 | nc: 3 | ncalls: 800 | bounds: 0 | eff(%): 30.875 | logz: -1.5e+05 +/- 1.1e-01 | dlogz: 146818.509 >  0.500
 loglike: -1.5e+05 | params: [ 0.31610285 -1.1915642   3.53990194  2.97745564]
 Average call time: 0.66 sec | Current time: 2019-03-14 13:32:49.407907
 --------------------------
iter: 248 | nc: 1 | ncalls: 801 | bounds: 0 | eff(%): 30.961 | logz: -1.5e+05 +/- 1.1e-01 | dlogz: 146816.970 >  0.500
 loglike: -1.5e+05 | params: [ 0.03687819 -0.7711969   2.17134691  3.38016654]
 Average call time: 0.73 sec | Current time: 2019-03-14 13:32:50.133317
 --------------------------
iter: 249 | nc: 2 | ncalls: 803 | bounds: 0 | eff(%): 31.009 | logz: -1.5e+05 +/- 1.1e-01 | dlogz: 146815.971 >  0.500
 loglike: -1.5e+05 | params: [ 0.1971494  -1.38559319  2.01714525  4.77467038]
 Average call time: 0.64 sec | Current time: 2019-03-14 13:32:51.415237
 --------------------------
iter: 250 | nc: 2 | ncalls: 805 | bounds: 0 | eff(%): 31.056 | logz: -1.5e+05 +/- 1.1e-01 | dlogz: 146815.211 >  0.500
 loglike: -1.5e+05 | params: [ 0.26067972 -0.79486039  2.98868188  1.94621763]
 Average call time: 0.66 sec | Current time: 2019-03-14 13:32:52.726019
 --------------------------
iter: 251 | nc: 1 | ncalls: 806 | bounds: 0 | eff(%): 31.141 | logz: -1.5e+05 +/- 1.1e-01 | dlogz: 146814.260 >  0.500
 loglike: -1.5e+05 | params: [-0.09500378 -0.50052561  2.32571003  1.70418308]
 Average call time: 0.73 sec | Current time: 2019-03-14 13:32:53.455807
 --------------------------
iter: 252 | nc: 1 | ncalls: 807 | bounds: 0 | eff(%): 31.227 | logz: -1.5e+05 +/- 1.0e-01 | dlogz: 146813.363 >  0.500
 loglike: -1.5e+05 | params: [ 0.31992545 -1.55093891  2.6043545   2.9731754 ]
 Average call time: 0.55 sec | Current time: 2019-03-14 13:32:54.004606
 --------------------------
iter: 253 | nc: 1 | ncalls: 808 | bounds: 0 | eff(%): 31.312 | logz: -1.5e+05 +/- 1.0e-01 | dlogz: 146812.737 >  0.500
 loglike: -1.5e+05 | params: [-0.0432781  -1.12683373  2.20324485  0.12915756]
 Average call time: 0.73 sec | Current time: 2019-03-14 13:32:54.732728
 --------------------------
iter: 254 | nc: 1 | ncalls: 809 | bounds: 0 | eff(%): 31.397 | logz: -1.5e+05 +/- 1.1e-01 | dlogz: 146812.061 >  0.500
 loglike: -1.5e+05 | params: [ 0.39311481 -0.83617816  2.74748395  3.68456811]
 Average call time: 0.73 sec | Current time: 2019-03-14 13:32:55.466174
 --------------------------
iter: 255 | nc: 1 | ncalls: 810 | bounds: 0 | eff(%): 31.481 | logz: -1.5e+05 +/- 1.1e-01 | dlogz: 146811.030 >  0.500
 loglike: -1.5e+05 | params: [-0.08324646 -1.19622251  2.01862555  1.57314436]
 Average call time: 0.73 sec | Current time: 2019-03-14 13:32:56.194095
 --------------------------
iter: 256 | nc: 2 | ncalls: 812 | bounds: 0 | eff(%): 31.527 | logz: -1.5e+05 +/- 1.1e-01 | dlogz: 146810.215 >  0.500
 loglike: -1.5e+05 | params: [ 0.03548188 -1.332803    2.06633353  3.06934287]
 Average call time: 0.74 sec | Current time: 2019-03-14 13:32:57.678748
 --------------------------
iter: 257 | nc: 1 | ncalls: 813 | bounds: 0 | eff(%): 31.611 | logz: -1.5e+05 +/- 1.1e-01 | dlogz: 146809.499 >  0.500
 loglike: -1.5e+05 | params: [ 0.24967785 -1.91756991  2.23459467  3.96776857]
 Average call time: 0.56 sec | Current time: 2019-03-14 13:32:58.238194
 --------------------------
iter: 258 | nc: 1 | ncalls: 814 | bounds: 0 | eff(%): 31.695 | logz: -1.5e+05 +/- 1.1e-01 | dlogz: 146808.379 >  0.500
 loglike: -1.5e+05 | params: [ 0.28925811 -1.85223273  3.32699675  1.96527969]
 Average call time: 0.73 sec | Current time: 2019-03-14 13:32:58.967552
 --------------------------
iter: 259 | nc: 1 | ncalls: 815 | bounds: 0 | eff(%): 31.779 | logz: -1.5e+05 +/- 1.0e-01 | dlogz: 146807.511 >  0.500
 loglike: -1.5e+05 | params: [ 0.09462478 -1.20003476  2.12997219  2.85102209]
 Average call time: 0.73 sec | Current time: 2019-03-14 13:32:59.692912
 --------------------------
iter: 260 | nc: 2 | ncalls: 817 | bounds: 0 | eff(%): 31.824 | logz: -1.5e+05 +/- 1.2e-01 | dlogz: 146806.861 >  0.500
 loglike: -1.5e+05 | params: [-0.12930115 -0.66936737  2.13698458  2.74859309]
 Average call time: 0.76 sec | Current time: 2019-03-14 13:33:01.206066
 --------------------------
iter: 261 | nc: 1 | ncalls: 818 | bounds: 0 | eff(%): 31.907 | logz: -1.5e+05 +/- 1.1e-01 | dlogz: 146800.946 >  0.500
 loglike: -1.5e+05 | params: [-0.07733515 -1.21866032  2.02686232  2.20860423]
 Average call time: 0.75 sec | Current time: 2019-03-14 13:33:01.952295
 --------------------------
iter: 262 | nc: 1 | ncalls: 819 | bounds: 0 | eff(%): 31.990 | logz: -1.5e+05 +/- 1.1e-01 | dlogz: 146799.733 >  0.500
 loglike: -1.5e+05 | params: [ 0.05976169 -0.74336877  2.1683407   4.48510837]
 Average call time: 0.74 sec | Current time: 2019-03-14 13:33:02.691540
 --------------------------
iter: 263 | nc: 1 | ncalls: 820 | bounds: 0 | eff(%): 32.073 | logz: -1.5e+05 +/- 1.1e-01 | dlogz: 146798.687 >  0.500
 loglike: -1.5e+05 | params: [ 0.20568819 -0.85395667  3.03382358  1.33406661]
 Average call time: 0.55 sec | Current time: 2019-03-14 13:33:03.245330
 --------------------------
iter: 264 | nc: 1 | ncalls: 821 | bounds: 0 | eff(%): 32.156 | logz: -1.5e+05 +/- 1.2e-01 | dlogz: 146797.494 >  0.500
 loglike: -1.5e+05 | params: [ 0.16720912 -1.77604248  3.41275008  0.20923049]
 Average call time: 0.55 sec | Current time: 2019-03-14 13:33:03.792975
 --------------------------
iter: 265 | nc: 1 | ncalls: 822 | bounds: 0 | eff(%): 32.238 | logz: -1.5e+05 +/- 1.1e-01 | dlogz: 146794.698 >  0.500
 loglike: -1.5e+05 | params: [-0.09457369 -0.65101372  2.25435034  0.98756776]
 Average call time: 0.73 sec | Current time: 2019-03-14 13:33:04.518078
 --------------------------
iter: 266 | nc: 1 | ncalls: 823 | bounds: 0 | eff(%): 32.321 | logz: -1.5e+05 +/- 1.2e-01 | dlogz: 146793.595 >  0.500
 loglike: -1.5e+05 | params: [ 0.10897714 -0.51715043  2.67232107  2.97736682]
 Average call time: 0.72 sec | Current time: 2019-03-14 13:33:05.242240
 --------------------------
iter: 267 | nc: 1 | ncalls: 824 | bounds: 0 | eff(%): 32.403 | logz: -1.5e+05 +/- 1.1e-01 | dlogz: 146791.425 >  0.500
 loglike: -1.5e+05 | params: [ 0.36498179 -0.93459396  2.51189507  4.28990503]
 Average call time: 0.55 sec | Current time: 2019-03-14 13:33:05.792141
 --------------------------
iter: 268 | nc: 2 | ncalls: 826 | bounds: 0 | eff(%): 32.446 | logz: -1.5e+05 +/- 1.1e-01 | dlogz: 146790.217 >  0.500
 loglike: -1.5e+05 | params: [ 0.30140096 -1.48402837  3.00617373  1.82269987]
 Average call time: 0.72 sec | Current time: 2019-03-14 13:33:07.239901
 --------------------------
iter: 269 | nc: 2 | ncalls: 828 | bounds: 0 | eff(%): 32.488 | logz: -1.5e+05 +/- 1.1e-01 | dlogz: 146789.527 >  0.500
 loglike: -1.5e+05 | params: [-0.03663131 -0.94499438  2.19812268  3.37815595]
 Average call time: 0.64 sec | Current time: 2019-03-14 13:33:08.511358
 --------------------------
iter: 270 | nc: 1 | ncalls: 829 | bounds: 0 | eff(%): 32.569 | logz: -1.5e+05 +/- 1.1e-01 | dlogz: 146788.961 >  0.500
 loglike: -1.5e+05 | params: [ 0.13075618 -1.57179001  2.37806527  0.16544295]
 Average call time: 0.59 sec | Current time: 2019-03-14 13:33:09.098307
 --------------------------
iter: 271 | nc: 1 | ncalls: 830 | bounds: 0 | eff(%): 32.651 | logz: -1.5e+05 +/- 1.0e-01 | dlogz: 146788.082 >  0.500
 loglike: -1.5e+05 | params: [ 0.01348689 -0.78940056  2.29689893  2.41540547]
 Average call time: 0.72 sec | Current time: 2019-03-14 13:33:09.820633
 --------------------------
iter: 272 | nc: 1 | ncalls: 831 | bounds: 0 | eff(%): 32.732 | logz: -1.5e+05 +/- 1.2e-01 | dlogz: 146787.406 >  0.500
 loglike: -1.5e+05 | params: [ 0.20645726 -1.95238773  2.71831622  1.9181821 ]
 Average call time: 0.55 sec | Current time: 2019-03-14 13:33:10.368067
 --------------------------
iter: 273 | nc: 1 | ncalls: 832 | bounds: 0 | eff(%): 32.812 | logz: -1.5e+05 +/- 1.2e-01 | dlogz: 146784.948 >  0.500
 loglike: -1.5e+05 | params: [-0.25178295 -0.80047859  2.0566467   2.45372181]
 Average call time: 0.72 sec | Current time: 2019-03-14 13:33:11.092231
 --------------------------
iter: 274 | nc: 1 | ncalls: 833 | bounds: 0 | eff(%): 32.893 | logz: -1.5e+05 +/- 1.1e-01 | dlogz: 146780.902 >  0.500
 loglike: -1.5e+05 | params: [ 0.03578755 -1.5927996   2.10329262  3.17271939]
 Average call time: 0.55 sec | Current time: 2019-03-14 13:33:11.641845
 --------------------------
iter: 275 | nc: 1 | ncalls: 834 | bounds: 0 | eff(%): 32.974 | logz: -1.5e+05 +/- 1.1e-01 | dlogz: 146779.464 >  0.500
 loglike: -1.5e+05 | params: [ 0.25637525 -1.65793807  2.65561359  2.11556814]
 Average call time: 0.56 sec | Current time: 2019-03-14 13:33:12.197452
 --------------------------
iter: 276 | nc: 1 | ncalls: 835 | bounds: 0 | eff(%): 33.054 | logz: -1.5e+05 +/- 1.1e-01 | dlogz: 146778.305 >  0.500
 loglike: -1.5e+05 | params: [ 0.04783884 -0.90464814  2.08395286  4.33159726]
 Average call time: 0.56 sec | Current time: 2019-03-14 13:33:12.753902
 --------------------------
iter: 277 | nc: 1 | ncalls: 836 | bounds: 0 | eff(%): 33.134 | logz: -1.5e+05 +/- 1.2e-01 | dlogz: 146777.501 >  0.500
 loglike: -1.5e+05 | params: [-0.05359311 -1.53975433  2.05185536  1.53828152]
 Average call time: 0.72 sec | Current time: 2019-03-14 13:33:13.470916
 --------------------------
iter: 278 | nc: 2 | ncalls: 838 | bounds: 0 | eff(%): 33.174 | logz: -1.5e+05 +/- 1.2e-01 | dlogz: 146773.810 >  0.500
 loglike: -1.5e+05 | params: [ 0.24826288 -1.21307238  2.87227917  1.21813469]
 Average call time: 0.72 sec | Current time: 2019-03-14 13:33:14.919470
 --------------------------
iter: 279 | nc: 3 | ncalls: 841 | bounds: 0 | eff(%): 33.175 | logz: -1.5e+05 +/- 1.1e-01 | dlogz: 146771.472 >  0.500
 loglike: -1.5e+05 | params: [ 0.12836007 -1.41783823  2.1420916   4.23783894]
 Average call time: 0.74 sec | Current time: 2019-03-14 13:33:17.144402
 --------------------------
iter: 280 | nc: 1 | ncalls: 842 | bounds: 0 | eff(%): 33.254 | logz: -1.5e+05 +/- 1.1e-01 | dlogz: 146770.256 >  0.500
 loglike: -1.5e+05 | params: [ 0.46261853 -1.22054683  2.62337303  4.38797925]
 Average call time: 0.77 sec | Current time: 2019-03-14 13:33:17.916533
 --------------------------
iter: 281 | nc: 2 | ncalls: 844 | bounds: 0 | eff(%): 33.294 | logz: -1.5e+05 +/- 1.2e-01 | dlogz: 146769.288 >  0.500
 loglike: -1.5e+05 | params: [ 0.22806679 -1.44771483  3.0190745   0.41894834]
 Average call time: 0.64 sec | Current time: 2019-03-14 13:33:19.195413
 --------------------------
iter: 282 | nc: 1 | ncalls: 845 | bounds: 0 | eff(%): 33.373 | logz: -1.5e+05 +/- 1.1e-01 | dlogz: 146766.461 >  0.500
 loglike: -1.5e+05 | params: [ 0.15380139 -1.48023702  2.18333482  4.28802287]
 Average call time: 0.55 sec | Current time: 2019-03-14 13:33:19.747190
 --------------------------
iter: 283 | nc: 1 | ncalls: 846 | bounds: 0 | eff(%): 33.452 | logz: -1.5e+05 +/- 1.1e-01 | dlogz: 146764.882 >  0.500
 loglike: -1.5e+05 | params: [-0.05640271 -0.78497831  2.31160074  1.22692522]
 Average call time: 0.56 sec | Current time: 2019-03-14 13:33:20.305063
 --------------------------
iter: 284 | nc: 1 | ncalls: 847 | bounds: 0 | eff(%): 33.530 | logz: -1.5e+05 +/- 1.2e-01 | dlogz: 146763.844 >  0.500
 loglike: -1.5e+05 | params: [ 0.00589695 -0.59985993  2.44688575  2.89044609]
 Average call time: 0.72 sec | Current time: 2019-03-14 13:33:21.026830
 --------------------------
iter: 285 | nc: 1 | ncalls: 848 | bounds: 0 | eff(%): 33.608 | logz: -1.5e+05 +/- 1.2e-01 | dlogz: 146760.939 >  0.500
 loglike: -1.5e+05 | params: [ 0.43514196 -0.51179113  3.65039748  4.10290616]
 Average call time: 0.73 sec | Current time: 2019-03-14 13:33:21.761332
 --------------------------
iter: 286 | nc: 1 | ncalls: 849 | bounds: 0 | eff(%): 33.687 | logz: -1.5e+05 +/- 1.1e-01 | dlogz: 146758.152 >  0.500
 loglike: -1.5e+05 | params: [ 0.40359135 -1.5835775   2.7699963   3.52854599]
 Average call time: 0.72 sec | Current time: 2019-03-14 13:33:22.478072
 --------------------------
iter: 287 | nc: 2 | ncalls: 851 | bounds: 0 | eff(%): 33.725 | logz: -1.5e+05 +/- 1.1e-01 | dlogz: 146757.106 >  0.500
 loglike: -1.5e+05 | params: [-0.12667962 -0.75697043  2.27071861  0.41361577]
 Average call time: 0.55 sec | Current time: 2019-03-14 13:33:23.572258
 --------------------------
iter: 288 | nc: 2 | ncalls: 853 | bounds: 0 | eff(%): 33.763 | logz: -1.5e+05 +/- 1.1e-01 | dlogz: 146756.421 >  0.500
 loglike: -1.5e+05 | params: [ 0.21100761 -1.26042744  2.97932445  0.66767999]
 Average call time: 0.56 sec | Current time: 2019-03-14 13:33:24.682400
 --------------------------
iter: 289 | nc: 2 | ncalls: 855 | bounds: 0 | eff(%): 33.801 | logz: -1.5e+05 +/- 1.1e-01 | dlogz: 146754.678 >  0.500
 loglike: -1.5e+05 | params: [ 0.02158021 -1.84598465  2.15717762  1.71006323]
 Average call time: 0.63 sec | Current time: 2019-03-14 13:33:25.933134
 --------------------------
iter: 290 | nc: 1 | ncalls: 856 | bounds: 0 | eff(%): 33.879 | logz: -1.5e+05 +/- 1.1e-01 | dlogz: 146753.126 >  0.500
 loglike: -1.5e+05 | params: [ 0.2347657  -1.58429614  3.07261539  1.45902227]
 Average call time: 0.76 sec | Current time: 2019-03-14 13:33:26.695717
 --------------------------
iter: 291 | nc: 4 | ncalls: 860 | bounds: 0 | eff(%): 33.837 | logz: -1.5e+05 +/- 1.1e-01 | dlogz: 146752.240 >  0.500
 loglike: -1.5e+05 | params: [-0.0712171  -1.8658355   2.11511137  1.45144949]
 Average call time: 0.68 sec | Current time: 2019-03-14 13:33:29.425018
 --------------------------
iter: 292 | nc: 2 | ncalls: 862 | bounds: 0 | eff(%): 33.875 | logz: -1.5e+05 +/- 1.2e-01 | dlogz: 146751.720 >  0.500
 loglike: -1.5e+05 | params: [-0.34304801 -0.83638935  2.10098473  0.15369672]
 Average call time: 0.64 sec | Current time: 2019-03-14 13:33:30.706118
 --------------------------
iter: 293 | nc: 2 | ncalls: 864 | bounds: 0 | eff(%): 33.912 | logz: -1.5e+05 +/- 1.2e-01 | dlogz: 146745.918 >  0.500
 loglike: -1.5e+05 | params: [ 0.30600405 -1.9547481   3.60597045  3.08900245]
 Average call time: 0.64 sec | Current time: 2019-03-14 13:33:31.980930
 --------------------------
iter: 294 | nc: 3 | ncalls: 867 | bounds: 0 | eff(%): 33.910 | logz: -1.5e+05 +/- 1.1e-01 | dlogz: 146744.060 >  0.500
 loglike: -1.5e+05 | params: [-0.13900804 -0.56738712  2.3904751   1.43694827]
 Average call time: 0.60 sec | Current time: 2019-03-14 13:33:33.793914
 --------------------------
iter: 295 | nc: 1 | ncalls: 868 | bounds: 0 | eff(%): 33.986 | logz: -1.5e+05 +/- 1.1e-01 | dlogz: 146743.054 >  0.500
 loglike: -1.5e+05 | params: [ 0.13372577 -1.34253518  2.45771832  2.88520711]
 Average call time: 0.73 sec | Current time: 2019-03-14 13:33:34.520098
 --------------------------
iter: 296 | nc: 2 | ncalls: 870 | bounds: 0 | eff(%): 34.023 | logz: -1.5e+05 +/- 1.2e-01 | dlogz: 146741.610 >  0.500
 loglike: -1.5e+05 | params: [ 0.32840894 -0.66283711  4.44292036  4.81036995]
 Average call time: 0.73 sec | Current time: 2019-03-14 13:33:35.971769
 --------------------------
iter: 297 | nc: 1 | ncalls: 871 | bounds: 0 | eff(%): 34.099 | logz: -1.5e+05 +/- 1.2e-01 | dlogz: 146739.067 >  0.500
 loglike: -1.5e+05 | params: [-0.28805954 -1.50992919  2.00012926  1.40733298]
 Average call time: 0.74 sec | Current time: 2019-03-14 13:33:36.707255
 --------------------------
iter: 298 | nc: 1 | ncalls: 872 | bounds: 0 | eff(%): 34.174 | logz: -1.5e+05 +/- 1.1e-01 | dlogz: 146736.097 >  0.500
 loglike: -1.5e+05 | params: [ 0.39953643 -0.6696877   2.85824274  4.66965521]
 Average call time: 0.75 sec | Current time: 2019-03-14 13:33:37.454791
 --------------------------
iter: 299 | nc: 1 | ncalls: 873 | bounds: 0 | eff(%): 34.250 | logz: -1.5e+05 +/- 1.2e-01 | dlogz: 146735.053 >  0.500
 loglike: -1.5e+05 | params: [-0.36182474 -0.99136571  2.11793438  2.21570495]
 Average call time: 0.74 sec | Current time: 2019-03-14 13:33:38.193400
 --------------------------
iter: 300 | nc: 1 | ncalls: 874 | bounds: 0 | eff(%): 34.325 | logz: -1.5e+05 +/- 1.2e-01 | dlogz: 146732.844 >  0.500
 loglike: -1.5e+05 | params: [ 0.29792941 -1.54460853  3.19548016  2.30154111]
 Average call time: 0.77 sec | Current time: 2019-03-14 13:33:38.965125
 --------------------------
iter: 301 | nc: 2 | ncalls: 876 | bounds: 0 | eff(%): 34.361 | logz: -1.5e+05 +/- 1.1e-01 | dlogz: 146729.791 >  0.500
 loglike: -1.5e+05 | params: [ 0.0289345  -1.09493081  2.24676025  3.57809679]
 Average call time: 0.65 sec | Current time: 2019-03-14 13:33:40.255200
 --------------------------
iter: 302 | nc: 1 | ncalls: 877 | bounds: 0 | eff(%): 34.436 | logz: -1.5e+05 +/- 1.2e-01 | dlogz: 146728.507 >  0.500
 loglike: -1.5e+05 | params: [-0.18372228 -0.73155711  2.29054964  2.33368371]
 Average call time: 0.57 sec | Current time: 2019-03-14 13:33:40.820329
 --------------------------
iter: 303 | nc: 3 | ncalls: 880 | bounds: 0 | eff(%): 34.432 | logz: -1.5e+05 +/- 1.1e-01 | dlogz: 146724.329 >  0.500
 loglike: -1.5e+05 | params: [-1.71067104e-03 -1.39326231e+00  2.30662363e+00  5.12703065e-01]
 Average call time: 0.60 sec | Current time: 2019-03-14 13:33:42.631338
 --------------------------
iter: 304 | nc: 1 | ncalls: 881 | bounds: 0 | eff(%): 34.506 | logz: -1.5e+05 +/- 1.1e-01 | dlogz: 146722.921 >  0.500
 loglike: -1.5e+05 | params: [-0.32383595 -0.67316181  2.27919186  1.09072338]
 Average call time: 0.73 sec | Current time: 2019-03-14 13:33:43.358846
 --------------------------
iter: 305 | nc: 1 | ncalls: 882 | bounds: 0 | eff(%): 34.580 | logz: -1.5e+05 +/- 1.1e-01 | dlogz: 146722.006 >  0.500
 loglike: -1.5e+05 | params: [ 0.12542519 -0.86698884  2.88886234  1.5365922 ]
 Average call time: 0.72 sec | Current time: 2019-03-14 13:33:44.083314
 --------------------------
iter: 306 | nc: 1 | ncalls: 883 | bounds: 0 | eff(%): 34.655 | logz: -1.5e+05 +/- 1.0e-01 | dlogz: 146721.423 >  0.500
 loglike: -1.5e+05 | params: [-0.46946723 -1.39850905  2.01836662  3.37747137]
 Average call time: 0.55 sec | Current time: 2019-03-14 13:33:44.634910
 --------------------------
