Using pcmdpy version 0.9.0
Loading Setup File: setup_files/NGC3377/NGC3377_model11.py
(2, 15663)
Running Nested Sampling
-initializing models
-Saving initial results dataframe
iter: 1 | nc: 1 | ncalls: 401 | bounds: 0 | eff(%):  0.249 | logz: -1.4e+05 +/- 1.3e-01 | dlogz:    inf >  0.500
 loglike: -1.4e+05 | params: [-0.59412366 -1.21654508 -1.37299811  2.1207595   3.41243198  3.37681074
  5.9134606  28.71495908]
 Average call time: 1.57 sec | Current time: 2019-04-18 17:34:30.082899
 --------------------------
iter: 2 | nc: 1 | ncalls: 402 | bounds: 0 | eff(%):  0.498 | logz: -1.4e+05 +/- 1.3e-01 | dlogz: 140873.610 >  0.500
 loglike: -1.4e+05 | params: [ 0.14012184 -0.75109437  0.47346224  1.44162304  2.22815759  1.20921008
  5.89194171 28.2830969 ]
 Average call time: 1.31 sec | Current time: 2019-04-18 17:34:31.394569
 --------------------------
iter: 3 | nc: 1 | ncalls: 403 | bounds: 0 | eff(%):  0.744 | logz: -1.4e+05 +/- 1.3e-01 | dlogz: 140742.549 >  0.500
 loglike: -1.4e+05 | params: [ 0.47626545 -1.08418978  0.84048124  1.88407344  2.08557884  1.85151346
  5.85943976 28.38374654]
 Average call time: 1.41 sec | Current time: 2019-04-18 17:34:32.808711
 --------------------------
iter: 4 | nc: 1 | ncalls: 404 | bounds: 0 | eff(%):  0.990 | logz: -1.4e+05 +/- 1.3e-01 | dlogz: 140295.232 >  0.500
 loglike: -1.4e+05 | params: [-0.19677719 -1.332803   -1.67786752  1.69016616  3.7354557   4.97895898
  5.65564952 28.73871933]
 Average call time: 1.45 sec | Current time: 2019-04-18 17:34:34.261579
 --------------------------
iter: 5 | nc: 1 | ncalls: 405 | bounds: 0 | eff(%):  1.235 | logz: -1.4e+05 +/- 1.3e-01 | dlogz: 139156.916 >  0.500
 loglike: -1.4e+05 | params: [-0.9063676  -1.61096434  0.36240615  1.23778767  3.60610083  1.33027992
  5.76182488 29.36039266]
 Average call time: 1.29 sec | Current time: 2019-04-18 17:34:35.554750
 --------------------------
iter: 6 | nc: 1 | ncalls: 406 | bounds: 0 | eff(%):  1.478 | logz: -1.4e+05 +/- 1.3e-01 | dlogz: 138472.199 >  0.500
 loglike: -1.4e+05 | params: [ 0.35481962 -0.88112748 -0.37247609 -0.69641278  2.52125797  4.21314416
  5.64200461 28.43766487]
 Average call time: 1.44 sec | Current time: 2019-04-18 17:34:36.997979
 --------------------------
iter: 7 | nc: 1 | ncalls: 407 | bounds: 0 | eff(%):  1.720 | logz: -1.4e+05 +/- 1.3e-01 | dlogz: 138295.671 >  0.500
 loglike: -1.4e+05 | params: [-0.74481655 -0.92242733  1.71287833 -0.21654818  3.77249285  4.12545554
  5.6022441  28.15081136]
 Average call time: 1.36 sec | Current time: 2019-04-18 17:34:38.359348
 --------------------------
iter: 8 | nc: 1 | ncalls: 408 | bounds: 0 | eff(%):  1.961 | logz: -1.4e+05 +/- 1.3e-01 | dlogz: 137603.787 >  0.500
 loglike: -1.4e+05 | params: [ 0.49157305 -1.14941677  1.6799342  -0.36910243  0.55192231  2.43102225
  5.75444849 28.41479321]
 Average call time: 1.41 sec | Current time: 2019-04-18 17:34:39.770213
 --------------------------
iter: 9 | nc: 1 | ncalls: 409 | bounds: 0 | eff(%):  2.200 | logz: -1.4e+05 +/- 1.3e-01 | dlogz: 137453.320 >  0.500
 loglike: -1.4e+05 | params: [-0.4380919  -1.90539084 -0.05047612  2.1450965   2.94839316  1.88606564
  5.38701736 28.11488781]
 Average call time: 1.43 sec | Current time: 2019-04-18 17:34:41.204799
 --------------------------
iter: 10 | nc: 1 | ncalls: 410 | bounds: 0 | eff(%):  2.439 | logz: -1.4e+05 +/- 1.3e-01 | dlogz: 137429.796 >  0.500
 loglike: -1.4e+05 | params: [-0.16082846 -1.85898212  1.39546988  1.30988992  0.63682311  3.69474602
  5.66802606 28.79247338]
 Average call time: 1.62 sec | Current time: 2019-04-18 17:34:42.829548
 --------------------------
iter: 11 | nc: 1 | ncalls: 411 | bounds: 0 | eff(%):  2.676 | logz: -1.4e+05 +/- 1.3e-01 | dlogz: 137395.061 >  0.500
 loglike: -1.4e+05 | params: [-0.41415881 -0.77647467  2.12826441  2.94866913  0.27218766  1.58240713
  5.85737141 28.57767345]
 Average call time: 1.35 sec | Current time: 2019-04-18 17:34:44.183188
 --------------------------
iter: 12 | nc: 1 | ncalls: 412 | bounds: 0 | eff(%):  2.913 | logz: -1.4e+05 +/- 1.3e-01 | dlogz: 137353.364 >  0.500
 loglike: -1.4e+05 | params: [-0.05899446 -1.60746241  0.5638596   1.48582075  0.67763226  3.73691354
  5.70836183 29.42707074]
 Average call time: 1.40 sec | Current time: 2019-04-18 17:34:45.579493
 --------------------------
iter: 13 | nc: 1 | ncalls: 413 | bounds: 0 | eff(%):  3.148 | logz: -1.4e+05 +/- 1.3e-01 | dlogz: 137279.462 >  0.500
 loglike: -1.4e+05 | params: [-0.37115528 -1.14700008 -1.59946949  3.24874931  2.35228648  4.22645755
  5.66088882 29.36647424]
 Average call time: 1.28 sec | Current time: 2019-04-18 17:34:46.860988
 --------------------------
iter: 14 | nc: 1 | ncalls: 414 | bounds: 0 | eff(%):  3.382 | logz: -1.4e+05 +/- 1.3e-01 | dlogz: 137102.601 >  0.500
 loglike: -1.4e+05 | params: [ 0.27713546 -1.38506299 -0.72072413  2.28537672  3.04057353  4.25775187
  5.72666176 29.60083294]
 Average call time: 1.41 sec | Current time: 2019-04-18 17:34:48.266148
 --------------------------
iter: 15 | nc: 1 | ncalls: 415 | bounds: 0 | eff(%):  3.614 | logz: -1.4e+05 +/- 1.3e-01 | dlogz: 137014.235 >  0.500
 loglike: -1.4e+05 | params: [ 0.45365872 -0.87604802  1.96463336 -0.38014089  3.21365665  4.03411539
  5.78131757 28.45866832]
 Average call time: 1.28 sec | Current time: 2019-04-18 17:34:49.547985
 --------------------------
iter: 16 | nc: 1 | ncalls: 416 | bounds: 0 | eff(%):  3.846 | logz: -1.4e+05 +/- 1.3e-01 | dlogz: 136755.018 >  0.500
 loglike: -1.4e+05 | params: [ 0.26437443 -1.00772645  0.70280667  3.21758106  2.54116696  1.97044028
  5.60949466 29.0475424 ]
 Average call time: 1.45 sec | Current time: 2019-04-18 17:34:50.993273
 --------------------------
iter: 17 | nc: 1 | ncalls: 417 | bounds: 0 | eff(%):  4.077 | logz: -1.4e+05 +/- 1.3e-01 | dlogz: 136585.533 >  0.500
 loglike: -1.4e+05 | params: [ 0.49198074 -1.7307532  -0.49612494  1.53937842 -0.0863361   4.71118754
  5.84450001 30.22757872]
 Average call time: 1.40 sec | Current time: 2019-04-18 17:34:52.397426
 --------------------------
iter: 18 | nc: 1 | ncalls: 418 | bounds: 0 | eff(%):  4.306 | logz: -1.4e+05 +/- 1.3e-01 | dlogz: 136562.172 >  0.500
 loglike: -1.4e+05 | params: [-0.90816332 -1.96525887  0.26324553  0.33257689  1.65749266  5.00303009
  5.12663954 29.13650206]
 Average call time: 1.52 sec | Current time: 2019-04-18 17:34:53.914659
 --------------------------
iter: 19 | nc: 1 | ncalls: 419 | bounds: 0 | eff(%):  4.535 | logz: -1.4e+05 +/- 1.3e-01 | dlogz: 136298.912 >  0.500
 loglike: -1.4e+05 | params: [-0.36659602 -0.55920811 -0.25236117  3.03902721  3.14899057  3.33101172
  5.69882366 29.58944134]
 Average call time: 1.36 sec | Current time: 2019-04-18 17:34:55.272886
 --------------------------
iter: 20 | nc: 1 | ncalls: 420 | bounds: 0 | eff(%):  4.762 | logz: -1.4e+05 +/- 1.3e-01 | dlogz: 136151.919 >  0.500
 loglike: -1.4e+05 | params: [-3.71740150e-01 -1.16608943e+00 -2.24538306e-01 -1.37946978e-02
  1.86863130e+00  2.88037837e+00  5.53443205e+00  2.93931992e+01]
 Average call time: 1.46 sec | Current time: 2019-04-18 17:34:56.729885
 --------------------------
iter: 21 | nc: 1 | ncalls: 421 | bounds: 0 | eff(%):  4.988 | logz: -1.4e+05 +/- 1.3e-01 | dlogz: 136031.710 >  0.500
 loglike: -1.4e+05 | params: [-0.87283923 -1.5004963   1.14740248 -0.16404571  2.08614536  2.2007661
  5.83351483 30.67114762]
 Average call time: 1.54 sec | Current time: 2019-04-18 17:34:58.266495
 --------------------------
iter: 22 | nc: 1 | ncalls: 422 | bounds: 0 | eff(%):  5.213 | logz: -1.4e+05 +/- 1.3e-01 | dlogz: 135895.188 >  0.500
 loglike: -1.4e+05 | params: [-0.80871565 -1.83070291  1.15534558  0.22371293  3.48255009  2.42264878
  5.43170517 28.94611806]
 Average call time: 1.44 sec | Current time: 2019-04-18 17:34:59.702573
 --------------------------
iter: 23 | nc: 1 | ncalls: 423 | bounds: 0 | eff(%):  5.437 | logz: -1.4e+05 +/- 1.3e-01 | dlogz: 135755.491 >  0.500
 loglike: -1.4e+05 | params: [-0.98817451 -1.0615595   0.54091411  0.20706949  2.61905396  5.0218195
  4.67235325 28.52096338]
 Average call time: 1.46 sec | Current time: 2019-04-18 17:35:01.163150
 --------------------------
iter: 24 | nc: 1 | ncalls: 424 | bounds: 0 | eff(%):  5.660 | logz: -1.4e+05 +/- 1.2e-01 | dlogz: 135723.931 >  0.500
 loglike: -1.4e+05 | params: [-0.67715546 -1.97239851  1.68563071 -0.28896699  0.88454472  5.07847163
  5.24703821 28.98022242]
 Average call time: 1.32 sec | Current time: 2019-04-18 17:35:02.486304
 --------------------------
iter: 25 | nc: 2 | ncalls: 426 | bounds: 0 | eff(%):  5.869 | logz: -1.4e+05 +/- 1.3e-01 | dlogz: 135721.595 >  0.500
 loglike: -1.4e+05 | params: [-0.8604297  -1.22914016 -0.97664107  1.18729416  0.98435062  1.15052803
  5.48665909 29.49559387]
 Average call time: 1.55 sec | Current time: 2019-04-18 17:35:05.582390
 --------------------------
iter: 26 | nc: 2 | ncalls: 428 | bounds: 0 | eff(%):  6.075 | logz: -1.4e+05 +/- 1.3e-01 | dlogz: 135613.429 >  0.500
 loglike: -1.4e+05 | params: [-0.57578145 -1.63730192  1.71909544  0.73459034  3.42841272  4.90810769
  5.42656989 29.48818149]
 Average call time: 1.34 sec | Current time: 2019-04-18 17:35:08.266412
 --------------------------
iter: 27 | nc: 1 | ncalls: 429 | bounds: 0 | eff(%):  6.294 | logz: -1.4e+05 +/- 1.3e-01 | dlogz: 134852.330 >  0.500
 loglike: -1.4e+05 | params: [ 0.34369926 -1.32161229  1.85339895 -0.12102641  2.82211449  3.00740933
  5.83196158 30.10272864]
 Average call time: 1.40 sec | Current time: 2019-04-18 17:35:09.666031
 --------------------------
iter: 28 | nc: 1 | ncalls: 430 | bounds: 0 | eff(%):  6.512 | logz: -1.4e+05 +/- 1.3e-01 | dlogz: 134787.235 >  0.500
 loglike: -1.4e+05 | params: [ 0.44668128 -1.97446125  0.93997083 -0.17202734  0.49752102  3.70682405
  5.86215115 30.77922966]
 Average call time: 1.41 sec | Current time: 2019-04-18 17:35:11.079896
 --------------------------
iter: 29 | nc: 1 | ncalls: 431 | bounds: 0 | eff(%):  6.729 | logz: -1.4e+05 +/- 1.3e-01 | dlogz: 134762.009 >  0.500
 loglike: -1.4e+05 | params: [-0.94816127 -1.90229078  0.5494103   0.34225071  1.79311009  2.36306232
  5.42466408 29.6280807 ]
 Average call time: 1.30 sec | Current time: 2019-04-18 17:35:12.383772
 --------------------------
iter: 30 | nc: 1 | ncalls: 432 | bounds: 0 | eff(%):  6.944 | logz: -1.4e+05 +/- 1.3e-01 | dlogz: 134730.286 >  0.500
 loglike: -1.4e+05 | params: [-0.40902016 -1.31505032  0.90878611  1.16973877  2.99698297  4.4927016
  5.19868328 28.79191424]
 Average call time: 1.34 sec | Current time: 2019-04-18 17:35:13.719706
 --------------------------
iter: 31 | nc: 1 | ncalls: 433 | bounds: 0 | eff(%):  7.159 | logz: -1.4e+05 +/- 1.3e-01 | dlogz: 134617.502 >  0.500
 loglike: -1.4e+05 | params: [ 0.13352922 -0.60184816 -0.26069559  0.45392193  1.36404685  4.41939049
  5.54009242 29.70921514]
 Average call time: 1.28 sec | Current time: 2019-04-18 17:35:14.995055
 --------------------------
iter: 32 | nc: 1 | ncalls: 434 | bounds: 0 | eff(%):  7.373 | logz: -1.4e+05 +/- 1.3e-01 | dlogz: 134511.164 >  0.500
 loglike: -1.4e+05 | params: [-0.91195236 -1.91150813 -1.55842731  1.33015715  1.49625448  5.10719143
  2.36981432 29.30953721]
 Average call time: 1.26 sec | Current time: 2019-04-18 17:35:16.257176
 --------------------------
iter: 33 | nc: 1 | ncalls: 435 | bounds: 0 | eff(%):  7.586 | logz: -1.4e+05 +/- 1.2e-01 | dlogz: 134345.213 >  0.500
 loglike: -1.4e+05 | params: [ 0.1859818  -1.23591432  0.90311363  1.42503693  0.22125098  3.38003766
  5.21392583 28.0167594 ]
 Average call time: 1.33 sec | Current time: 2019-04-18 17:35:17.588959
 --------------------------
iter: 34 | nc: 1 | ncalls: 436 | bounds: 0 | eff(%):  7.798 | logz: -1.4e+05 +/- 1.3e-01 | dlogz: 134342.734 >  0.500
 loglike: -1.4e+05 | params: [-0.99654708 -1.21746843  1.26797228  1.03088842  3.43050263  3.22585434
  5.47550043 29.81070647]
 Average call time: 1.54 sec | Current time: 2019-04-18 17:35:19.125126
 --------------------------
iter: 35 | nc: 1 | ncalls: 437 | bounds: 0 | eff(%):  8.009 | logz: -1.4e+05 +/- 1.3e-01 | dlogz: 134294.849 >  0.500
 loglike: -1.4e+05 | params: [-0.2580374  -0.70726313  0.61227078  3.05372197  3.74293946  4.24280338
  5.51772058 29.8433358 ]
 Average call time: 1.45 sec | Current time: 2019-04-18 17:35:20.578948
 --------------------------
iter: 36 | nc: 1 | ncalls: 438 | bounds: 0 | eff(%):  8.219 | logz: -1.4e+05 +/- 1.3e-01 | dlogz: 134275.252 >  0.500
 loglike: -1.4e+05 | params: [-0.85578093 -0.77098644  0.75211379  2.40073682  0.18481121  4.9965863
  5.46686853 30.52173252]
 Average call time: 1.62 sec | Current time: 2019-04-18 17:35:22.200164
 --------------------------
iter: 37 | nc: 2 | ncalls: 440 | bounds: 0 | eff(%):  8.409 | logz: -1.4e+05 +/- 1.3e-01 | dlogz: 134177.018 >  0.500
 loglike: -1.4e+05 | params: [-0.87022431 -0.87047926  1.20284497  0.52823823  3.25752731  3.24677969
  5.2658157  28.74413594]
 Average call time: 1.44 sec | Current time: 2019-04-18 17:35:25.077188
 --------------------------
iter: 38 | nc: 1 | ncalls: 441 | bounds: 0 | eff(%):  8.617 | logz: -1.4e+05 +/- 1.2e-01 | dlogz: 133908.995 >  0.500
 loglike: -1.4e+05 | params: [-0.69245971 -1.64790414  0.62158286  1.78008296  3.80687377  1.81385972
  5.13544393 28.62105603]
 Average call time: 1.52 sec | Current time: 2019-04-18 17:35:26.592599
 --------------------------
iter: 39 | nc: 1 | ncalls: 442 | bounds: 0 | eff(%):  8.824 | logz: -1.4e+05 +/- 1.3e-01 | dlogz: 133906.541 >  0.500
 loglike: -1.4e+05 | params: [ 0.33783003 -0.78447015  2.0900926   3.09706905  2.24093162  2.35460633
  5.6092172  28.20260182]
 Average call time: 1.54 sec | Current time: 2019-04-18 17:35:28.128541
 --------------------------
iter: 40 | nc: 2 | ncalls: 444 | bounds: 0 | eff(%):  9.009 | logz: -1.4e+05 +/- 1.3e-01 | dlogz: 133874.999 >  0.500
 loglike: -1.4e+05 | params: [-8.62344611e-02 -1.06996766e+00 -3.12348291e-04  6.13003781e-02
  1.65208409e+00  4.80766243e+00  4.62127172e+00  2.83260924e+01]
 Average call time: 1.38 sec | Current time: 2019-04-18 17:35:30.882373
 --------------------------
iter: 41 | nc: 1 | ncalls: 445 | bounds: 0 | eff(%):  9.213 | logz: -1.4e+05 +/- 1.3e-01 | dlogz: 133686.350 >  0.500
 loglike: -1.4e+05 | params: [-0.55524056 -1.47157164  0.44600131  0.2168633   0.52917064  2.60250625
  5.41532729 29.99809648]
 Average call time: 1.33 sec | Current time: 2019-04-18 17:35:32.211965
 --------------------------
iter: 42 | nc: 1 | ncalls: 446 | bounds: 0 | eff(%):  9.417 | logz: -1.4e+05 +/- 1.3e-01 | dlogz: 133568.265 >  0.500
 loglike: -1.4e+05 | params: [ 0.35538702 -1.5835775  -0.7396505   2.06502585  3.48254519  5.04336236
  4.49918553 29.32002955]
 Average call time: 1.46 sec | Current time: 2019-04-18 17:35:33.667443
 --------------------------
iter: 43 | nc: 1 | ncalls: 447 | bounds: 0 | eff(%):  9.620 | logz: -1.3e+05 +/- 1.3e-01 | dlogz: 133530.440 >  0.500
 loglike: -1.3e+05 | params: [-0.89395573 -1.76356537 -1.12008017  0.40076113  2.02309371  4.20154792
  5.45690861 30.54956579]
 Average call time: 1.43 sec | Current time: 2019-04-18 17:35:35.101022
 --------------------------
iter: 44 | nc: 1 | ncalls: 448 | bounds: 0 | eff(%):  9.821 | logz: -1.3e+05 +/- 1.3e-01 | dlogz: 133350.686 >  0.500
 loglike: -1.3e+05 | params: [-0.30566152 -0.72921999  0.94578215  0.73766197  0.42820164  2.71983085
  5.66072265 30.69265114]
 Average call time: 1.28 sec | Current time: 2019-04-18 17:35:36.376453
 --------------------------
iter: 45 | nc: 1 | ncalls: 449 | bounds: 0 | eff(%): 10.022 | logz: -1.3e+05 +/- 1.3e-01 | dlogz: 133302.955 >  0.500
 loglike: -1.3e+05 | params: [-0.84682423 -0.6367794  -1.17026698  2.89648489 -0.08191607  1.8027306
  5.2920889  29.24101855]
 Average call time: 1.53 sec | Current time: 2019-04-18 17:35:37.903186
 --------------------------
iter: 46 | nc: 1 | ncalls: 450 | bounds: 0 | eff(%): 10.222 | logz: -1.3e+05 +/- 1.3e-01 | dlogz: 133145.740 >  0.500
 loglike: -1.3e+05 | params: [-0.7345401  -1.36869916 -0.80681596 -0.22367376  3.45867755  4.74889895
  4.45105116 28.63024293]
 Average call time: 1.29 sec | Current time: 2019-04-18 17:35:39.190974
 --------------------------
iter: 47 | nc: 1 | ncalls: 451 | bounds: 0 | eff(%): 10.421 | logz: -1.3e+05 +/- 1.3e-01 | dlogz: 133140.033 >  0.500
 loglike: -1.3e+05 | params: [ 0.39971015 -1.02293279 -0.17750192  2.42113337  1.14361409  3.38098767
  5.41204384 29.7446937 ]
 Average call time: 1.46 sec | Current time: 2019-04-18 17:35:40.647434
 --------------------------
iter: 48 | nc: 2 | ncalls: 453 | bounds: 0 | eff(%): 10.596 | logz: -1.3e+05 +/- 1.3e-01 | dlogz: 133128.431 >  0.500
 loglike: -1.3e+05 | params: [ 0.03511384 -0.95548946 -0.09988428  2.27584828  1.65360062  1.50686269
  5.47009374 30.11984443]
 Average call time: 1.42 sec | Current time: 2019-04-18 17:35:43.484842
 --------------------------
iter: 49 | nc: 1 | ncalls: 454 | bounds: 0 | eff(%): 10.793 | logz: -1.3e+05 +/- 1.2e-01 | dlogz: 132911.261 >  0.500
 loglike: -1.3e+05 | params: [-0.57610897 -1.55999604 -1.26209588  2.83893648  1.68136193  3.71207874
  5.17275495 29.13185145]
 Average call time: 1.55 sec | Current time: 2019-04-18 17:35:45.038419
 --------------------------
iter: 50 | nc: 1 | ncalls: 455 | bounds: 0 | eff(%): 10.989 | logz: -1.3e+05 +/- 1.3e-01 | dlogz: 132909.236 >  0.500
 loglike: -1.3e+05 | params: [-0.42551341 -1.01286541  1.7585446   1.55690313  1.58843143  2.14210479
  5.39661201 28.6931132 ]
 Average call time: 1.67 sec | Current time: 2019-04-18 17:35:46.707178
 --------------------------
iter: 51 | nc: 1 | ncalls: 456 | bounds: 0 | eff(%): 11.184 | logz: -1.3e+05 +/- 1.3e-01 | dlogz: 132872.223 >  0.500
 loglike: -1.3e+05 | params: [ 0.19689412 -1.54460853 -0.17233868  1.06338921 -0.04158969  3.57880952
  5.15375377 28.93668805]
 Average call time: 1.27 sec | Current time: 2019-04-18 17:35:47.972814
 --------------------------
iter: 52 | nc: 1 | ncalls: 457 | bounds: 0 | eff(%): 11.379 | logz: -1.3e+05 +/- 1.3e-01 | dlogz: 132749.972 >  0.500
 loglike: -1.3e+05 | params: [-0.89826347 -1.84748031  0.70047336  0.0744745   3.3955988   5.09662646
  5.07040937 30.90077737]
 Average call time: 1.26 sec | Current time: 2019-04-18 17:35:49.234604
 --------------------------
iter: 53 | nc: 1 | ncalls: 458 | bounds: 0 | eff(%): 11.572 | logz: -1.3e+05 +/- 1.3e-01 | dlogz: 132699.345 >  0.500
 loglike: -1.3e+05 | params: [ 0.40796368 -0.88243318  1.87662794  0.21511163  1.85613901  4.34810641
  5.75379742 30.54993302]
 Average call time: 1.42 sec | Current time: 2019-04-18 17:35:50.652069
 --------------------------
iter: 54 | nc: 1 | ncalls: 459 | bounds: 0 | eff(%): 11.765 | logz: -1.3e+05 +/- 1.3e-01 | dlogz: 132615.621 >  0.500
 loglike: -1.3e+05 | params: [ 0.08937006 -0.99017276 -1.61272676  0.70096198  2.88083462  4.57127964
  5.75240029 31.51825903]
 Average call time: 1.25 sec | Current time: 2019-04-18 17:35:51.905189
 --------------------------
iter: 55 | nc: 1 | ncalls: 460 | bounds: 0 | eff(%): 11.957 | logz: -1.3e+05 +/- 1.3e-01 | dlogz: 132438.165 >  0.500
 loglike: -1.3e+05 | params: [ 0.38252335 -1.12714809  1.11813606  1.7348979   2.9131465   4.79465567
  4.89429339 28.83181054]
 Average call time: 1.53 sec | Current time: 2019-04-18 17:35:53.434337
 --------------------------
iter: 56 | nc: 1 | ncalls: 461 | bounds: 0 | eff(%): 12.148 | logz: -1.3e+05 +/- 1.3e-01 | dlogz: 132372.573 >  0.500
 loglike: -1.3e+05 | params: [ 0.17782106 -1.84798391 -0.15456074  2.2357995  -0.07399515  4.82132374
  3.77642823 28.27850007]
 Average call time: 1.45 sec | Current time: 2019-04-18 17:35:54.886331
 --------------------------
iter: 57 | nc: 1 | ncalls: 462 | bounds: 0 | eff(%): 12.338 | logz: -1.3e+05 +/- 1.3e-01 | dlogz: 132338.617 >  0.500
 loglike: -1.3e+05 | params: [-0.83614566 -0.92861024 -0.05276895  3.15350609  3.32282483  2.66948361
  5.47572409 30.698306  ]
 Average call time: 1.42 sec | Current time: 2019-04-18 17:35:56.310974
 --------------------------
iter: 58 | nc: 1 | ncalls: 463 | bounds: 0 | eff(%): 12.527 | logz: -1.3e+05 +/- 1.3e-01 | dlogz: 132324.577 >  0.500
 loglike: -1.3e+05 | params: [-0.8972573  -1.29687164 -0.34855882 -0.40297848  0.41958384  4.75941982
  5.42324518 31.13465704]
 Average call time: 1.39 sec | Current time: 2019-04-18 17:35:57.696986
 --------------------------
iter: 59 | nc: 1 | ncalls: 464 | bounds: 0 | eff(%): 12.716 | logz: -1.3e+05 +/- 1.3e-01 | dlogz: 132300.634 >  0.500
 loglike: -1.3e+05 | params: [ 0.4487548  -1.77926465 -1.64772423  1.64178677  0.3325324   4.91183246
  3.23836394 28.77447476]
 Average call time: 1.57 sec | Current time: 2019-04-18 17:35:59.263571
 --------------------------
iter: 60 | nc: 2 | ncalls: 466 | bounds: 0 | eff(%): 12.876 | logz: -1.3e+05 +/- 1.3e-01 | dlogz: 132254.401 >  0.500
 loglike: -1.3e+05 | params: [-0.33038967 -1.53975433 -1.69717174  0.44032016  0.94744547  1.25549546
  5.15169259 29.33519823]
 Average call time: 1.51 sec | Current time: 2019-04-18 17:36:02.287513
 --------------------------
iter: 61 | nc: 1 | ncalls: 467 | bounds: 0 | eff(%): 13.062 | logz: -1.3e+05 +/- 1.3e-01 | dlogz: 132147.976 >  0.500
 loglike: -1.3e+05 | params: [ 0.11064616 -1.15355383  1.21711869  1.08777234  0.4989216   5.09240442
  5.49429863 31.2149976 ]
 Average call time: 1.51 sec | Current time: 2019-04-18 17:36:03.799636
 --------------------------
iter: 62 | nc: 1 | ncalls: 468 | bounds: 0 | eff(%): 13.248 | logz: -1.3e+05 +/- 1.3e-01 | dlogz: 132125.237 >  0.500
 loglike: -1.3e+05 | params: [-9.42749002e-01 -1.55141511e+00 -2.79249987e-01  1.75289158e+00
 -1.58393028e-02  4.78678669e+00  2.89099818e+00  2.85496405e+01]
 Average call time: 1.44 sec | Current time: 2019-04-18 17:36:05.238214
 --------------------------
iter: 63 | nc: 1 | ncalls: 469 | bounds: 0 | eff(%): 13.433 | logz: -1.3e+05 +/- 1.3e-01 | dlogz: 132026.047 >  0.500
 loglike: -1.3e+05 | params: [ 0.039829   -0.56093648 -0.14570356 -0.62658245  2.13785096  1.43096294
  5.70020109 30.94554757]
 Average call time: 1.58 sec | Current time: 2019-04-18 17:36:06.817117
 --------------------------
iter: 64 | nc: 1 | ncalls: 470 | bounds: 0 | eff(%): 13.617 | logz: -1.3e+05 +/- 1.3e-01 | dlogz: 131963.917 >  0.500
 loglike: -1.3e+05 | params: [-0.60477865 -1.70385849 -1.18395436  0.34442202  0.21189013  1.89156755
  5.72561103 31.87894807]
 Average call time: 1.54 sec | Current time: 2019-04-18 17:36:08.355284
 --------------------------
iter: 65 | nc: 1 | ncalls: 471 | bounds: 0 | eff(%): 13.800 | logz: -1.3e+05 +/- 1.3e-01 | dlogz: 131869.977 >  0.500
 loglike: -1.3e+05 | params: [-0.66677563 -1.5616699   0.29491357  2.77242274  3.71239981  4.93576199
  5.45098209 31.61891117]
 Average call time: 1.58 sec | Current time: 2019-04-18 17:36:09.932044
 --------------------------
iter: 66 | nc: 1 | ncalls: 472 | bounds: 0 | eff(%): 13.983 | logz: -1.3e+05 +/- 1.3e-01 | dlogz: 131835.609 >  0.500
 loglike: -1.3e+05 | params: [ 0.36627463 -0.96179487 -1.59454027  2.6005604   1.35606367  4.85482106
  3.86774578 28.50132643]
 Average call time: 1.42 sec | Current time: 2019-04-18 17:36:11.356031
 --------------------------
iter: 67 | nc: 1 | ncalls: 473 | bounds: 0 | eff(%): 14.165 | logz: -1.3e+05 +/- 1.3e-01 | dlogz: 131801.251 >  0.500
 loglike: -1.3e+05 | params: [-0.9371479  -1.73871975  0.49529579 -0.04222252  2.14271152  3.16461007
  5.41101783 30.88138899]
 Average call time: 1.43 sec | Current time: 2019-04-18 17:36:12.788537
 --------------------------
iter: 68 | nc: 1 | ncalls: 474 | bounds: 0 | eff(%): 14.346 | logz: -1.3e+05 +/- 1.3e-01 | dlogz: 131785.776 >  0.500
 loglike: -1.3e+05 | params: [ 0.07249082 -0.91386277 -1.69160647  0.40946521  2.19821494  4.83173959
  3.29152189 28.48033249]
 Average call time: 1.28 sec | Current time: 2019-04-18 17:36:14.072597
 --------------------------
iter: 69 | nc: 1 | ncalls: 475 | bounds: 0 | eff(%): 14.526 | logz: -1.3e+05 +/- 1.3e-01 | dlogz: 131754.878 >  0.500
 loglike: -1.3e+05 | params: [-0.89701804 -1.51908798  0.60289532  1.70642255  1.92597962  1.68761889
  5.44276905 30.95294072]
 Average call time: 1.56 sec | Current time: 2019-04-18 17:36:15.633076
 --------------------------
iter: 70 | nc: 1 | ncalls: 476 | bounds: 0 | eff(%): 14.706 | logz: -1.3e+05 +/- 1.3e-01 | dlogz: 131679.243 >  0.500
 loglike: -1.3e+05 | params: [-0.95329725 -0.64576616  0.68290967  1.41893718  2.52925074  1.76751715
  5.06676766 28.77771619]
 Average call time: 1.47 sec | Current time: 2019-04-18 17:36:17.104214
 --------------------------
iter: 71 | nc: 1 | ncalls: 477 | bounds: 0 | eff(%): 14.885 | logz: -1.3e+05 +/- 1.3e-01 | dlogz: 131559.228 >  0.500
 loglike: -1.3e+05 | params: [-0.32988977 -1.37733767  0.1552418   3.19950709  1.36996443  1.15822098
  5.62314763 31.49310428]
 Average call time: 1.53 sec | Current time: 2019-04-18 17:36:18.636181
 --------------------------
iter: 72 | nc: 2 | ncalls: 479 | bounds: 0 | eff(%): 15.031 | logz: -1.3e+05 +/- 1.3e-01 | dlogz: 131536.798 >  0.500
 loglike: -1.3e+05 | params: [-0.21044564 -1.97385647 -0.0967692  -0.37769539  3.82538916  4.90654738
  4.94416165 30.56105747]
 Average call time: 1.57 sec | Current time: 2019-04-18 17:36:21.779079
 --------------------------
iter: 73 | nc: 1 | ncalls: 480 | bounds: 0 | eff(%): 15.208 | logz: -1.3e+05 +/- 1.3e-01 | dlogz: 131454.925 >  0.500
 loglike: -1.3e+05 | params: [ 0.40289436 -0.78435965 -1.01293991  1.61548569  3.49031183  4.97796212
  2.20569114 29.27034429]
 Average call time: 1.54 sec | Current time: 2019-04-18 17:36:23.318883
 --------------------------
iter: 74 | nc: 1 | ncalls: 481 | bounds: 0 | eff(%): 15.385 | logz: -1.3e+05 +/- 1.3e-01 | dlogz: 131447.832 >  0.500
 loglike: -1.3e+05 | params: [-0.86489688 -1.68911961  0.75981412  0.47463085  1.9844457   3.72984293
  5.34707559 30.69072674]
 Average call time: 1.28 sec | Current time: 2019-04-18 17:36:24.602283
 --------------------------
iter: 75 | nc: 1 | ncalls: 482 | bounds: 0 | eff(%): 15.560 | logz: -1.3e+05 +/- 1.3e-01 | dlogz: 131438.689 >  0.500
 loglike: -1.3e+05 | params: [-0.98740151 -1.29267658  1.64337622  2.95893159  0.80201414  5.07241271
  1.95952587 29.34100209]
 Average call time: 1.55 sec | Current time: 2019-04-18 17:36:26.157246
 --------------------------
iter: 76 | nc: 1 | ncalls: 483 | bounds: 0 | eff(%): 15.735 | logz: -1.3e+05 +/- 1.3e-01 | dlogz: 131409.724 >  0.500
 loglike: -1.3e+05 | params: [ 0.24406457 -1.79228856  0.51157232  1.17731445  1.10301552  1.33502137
  5.68287511 31.61601441]
 Average call time: 1.40 sec | Current time: 2019-04-18 17:36:27.557444
 --------------------------
iter: 77 | nc: 1 | ncalls: 484 | bounds: 0 | eff(%): 15.909 | logz: -1.3e+05 +/- 1.3e-01 | dlogz: 131067.509 >  0.500
 loglike: -1.3e+05 | params: [ 0.4967449  -1.39832841  1.76703084  1.54276712  3.68923316  4.65014203
  5.05267665 28.12723225]
 Average call time: 1.30 sec | Current time: 2019-04-18 17:36:28.860217
 --------------------------
iter: 78 | nc: 1 | ncalls: 485 | bounds: 0 | eff(%): 16.082 | logz: -1.3e+05 +/- 1.3e-01 | dlogz: 131043.595 >  0.500
 loglike: -1.3e+05 | params: [-2.94250963e-01 -1.69914203e+00 -9.32043334e-01 -2.36288024e-02
  1.29323540e+00  4.75560556e+00  3.66961796e+00  2.87131835e+01]
 Average call time: 1.56 sec | Current time: 2019-04-18 17:36:30.415776
 --------------------------
iter: 79 | nc: 1 | ncalls: 486 | bounds: 0 | eff(%): 16.255 | logz: -1.3e+05 +/- 1.3e-01 | dlogz: 131037.398 >  0.500
 loglike: -1.3e+05 | params: [-0.30327144 -1.03202825  0.47600154 -0.4505104   2.9323608   1.89027188
  4.97992183 28.49482417]
 Average call time: 1.32 sec | Current time: 2019-04-18 17:36:31.735697
 --------------------------
iter: 80 | nc: 2 | ncalls: 488 | bounds: 0 | eff(%): 16.393 | logz: -1.3e+05 +/- 1.3e-01 | dlogz: 130911.199 >  0.500
 loglike: -1.3e+05 | params: [-0.49340625 -0.50629831  0.0819845   2.50988758  2.68996038  4.95131124
  4.79525773 29.98085552]
 Average call time: 1.44 sec | Current time: 2019-04-18 17:36:34.619256
 --------------------------
iter: 81 | nc: 1 | ncalls: 489 | bounds: 0 | eff(%): 16.564 | logz: -1.3e+05 +/- 1.3e-01 | dlogz: 130896.492 >  0.500
 loglike: -1.3e+05 | params: [-0.84948906 -1.09546375 -0.17376734  0.60743005  3.34528786  5.09950676
  4.50981115 30.90140805]
 Average call time: 1.52 sec | Current time: 2019-04-18 17:36:36.138452
 --------------------------
iter: 82 | nc: 1 | ncalls: 490 | bounds: 0 | eff(%): 16.735 | logz: -1.3e+05 +/- 1.3e-01 | dlogz: 130855.159 >  0.500
 loglike: -1.3e+05 | params: [ 0.18764661 -1.15018801  1.54335672  3.16594778  3.7371675   4.90740346
  4.14268195 28.37014451]
 Average call time: 1.56 sec | Current time: 2019-04-18 17:36:37.698489
 --------------------------
iter: 83 | nc: 1 | ncalls: 491 | bounds: 0 | eff(%): 16.904 | logz: -1.3e+05 +/- 1.3e-01 | dlogz: 130752.120 >  0.500
 loglike: -1.3e+05 | params: [-0.42834861 -1.71024914 -0.41873616  1.77488176  2.02593379  4.78981075
  4.77653036 30.1449173 ]
 Average call time: 1.59 sec | Current time: 2019-04-18 17:36:39.286981
 --------------------------
iter: 84 | nc: 1 | ncalls: 492 | bounds: 0 | eff(%): 17.073 | logz: -1.3e+05 +/- 1.3e-01 | dlogz: 130948.188 >  0.500
 loglike: -1.3e+05 | params: [-0.63271174 -1.00398098  0.15857078 -0.59401297  0.31985145  4.69007058
  5.50393883 31.66064395]
 Average call time: 1.72 sec | Current time: 2019-04-18 17:36:41.003850
 --------------------------
iter: 85 | nc: 1 | ncalls: 493 | bounds: 0 | eff(%): 17.241 | logz: -1.3e+05 +/- 1.3e-01 | dlogz: 130937.638 >  0.500
 loglike: -1.3e+05 | params: [ 0.30589244 -0.53511637  2.15914744  1.00979862  0.21347055  2.6170873
  5.71672537 30.08337849]
 Average call time: 1.53 sec | Current time: 2019-04-18 17:36:42.530671
 --------------------------
iter: 86 | nc: 1 | ncalls: 494 | bounds: 0 | eff(%): 17.409 | logz: -1.3e+05 +/- 1.3e-01 | dlogz: 130914.489 >  0.500
 loglike: -1.3e+05 | params: [ 0.27890336 -1.10306694  1.00907441  1.41491949  3.43318994  1.31765876
  5.06826908 28.58069308]
 Average call time: 1.50 sec | Current time: 2019-04-18 17:36:44.027099
 --------------------------
iter: 87 | nc: 2 | ncalls: 496 | bounds: 0 | eff(%): 17.540 | logz: -1.3e+05 +/- 1.3e-01 | dlogz: 130907.778 >  0.500
 loglike: -1.3e+05 | params: [ 0.29894374 -0.93191432  0.88877191  0.8053926   0.59348613  4.08672129
  5.00363009 28.62618981]
 Average call time: 1.55 sec | Current time: 2019-04-18 17:36:47.118130
 --------------------------
iter: 88 | nc: 1 | ncalls: 497 | bounds: 0 | eff(%): 17.706 | logz: -1.3e+05 +/- 1.2e-01 | dlogz: 130899.443 >  0.500
 loglike: -1.3e+05 | params: [-0.85409838 -1.54862524 -1.52524574  1.59892448  2.77393589  4.11166626
  4.72793189 28.45343509]
 Average call time: 1.41 sec | Current time: 2019-04-18 17:36:48.530393
 --------------------------
iter: 89 | nc: 1 | ncalls: 498 | bounds: 0 | eff(%): 17.871 | logz: -1.3e+05 +/- 1.3e-01 | dlogz: 130898.175 >  0.500
 loglike: -1.3e+05 | params: [-0.07579112 -1.67106324  1.72378244  1.85767243  1.76828138  2.04535434
  5.27082153 28.3940653 ]
 Average call time: 1.28 sec | Current time: 2019-04-18 17:36:49.812098
 --------------------------
iter: 90 | nc: 1 | ncalls: 499 | bounds: 0 | eff(%): 18.036 | logz: -1.3e+05 +/- 1.3e-01 | dlogz: 130828.077 >  0.500
 loglike: -1.3e+05 | params: [-0.54977882 -1.30736376  0.2160869   1.60884936  3.35482156  4.43750089
  5.04978647 30.19373243]
 Average call time: 1.59 sec | Current time: 2019-04-18 17:36:51.398945
 --------------------------
iter: 91 | nc: 1 | ncalls: 500 | bounds: 0 | eff(%): 18.200 | logz: -1.3e+05 +/- 1.3e-01 | dlogz: 130817.780 >  0.500
 loglike: -1.3e+05 | params: [-0.40897472 -1.74993109  0.05492017 -0.54422383  1.41666372  3.35402807
  5.25752051 30.50373793]
 Average call time: 1.42 sec | Current time: 2019-04-18 17:36:52.823167
 --------------------------
iter: 92 | nc: 1 | ncalls: 501 | bounds: 0 | eff(%): 18.363 | logz: -1.3e+05 +/- 1.3e-01 | dlogz: 130796.557 >  0.500
 loglike: -1.3e+05 | params: [-0.696415   -1.76008383  0.47775386  1.05091526  3.29746571  4.75331555
  5.44179345 31.8617169 ]
 Average call time: 1.27 sec | Current time: 2019-04-18 17:36:54.098039
 --------------------------
iter: 93 | nc: 1 | ncalls: 502 | bounds: 0 | eff(%): 18.526 | logz: -1.3e+05 +/- 1.3e-01 | dlogz: 130609.745 >  0.500
 loglike: -1.3e+05 | params: [-0.57122673 -0.76563818 -0.66737771 -0.52689141  0.46804273  1.17456373
  5.06520077 29.39648643]
 Average call time: 1.41 sec | Current time: 2019-04-18 17:36:55.507886
 --------------------------
iter: 94 | nc: 1 | ncalls: 503 | bounds: 0 | eff(%): 18.688 | logz: -1.3e+05 +/- 1.3e-01 | dlogz: 130501.148 >  0.500
 loglike: -1.3e+05 | params: [-0.46574685 -1.92784593  0.62162047  1.98008652  1.85808326  4.77061413
  2.92034572 28.95540193]
 Average call time: 1.43 sec | Current time: 2019-04-18 17:36:56.942124
 --------------------------
iter: 95 | nc: 1 | ncalls: 504 | bounds: 0 | eff(%): 18.849 | logz: -1.3e+05 +/- 1.3e-01 | dlogz: 130424.238 >  0.500
 loglike: -1.3e+05 | params: [ 7.81111942e-03 -1.14299164e+00 -3.37914786e-01 -4.76693318e-01
  2.70754816e+00  2.04776413e+00  5.07663135e+00  2.94398189e+01]
 Average call time: 1.31 sec | Current time: 2019-04-18 17:36:58.250615
 --------------------------
iter: 96 | nc: 2 | ncalls: 506 | bounds: 0 | eff(%): 18.972 | logz: -1.3e+05 +/- 1.3e-01 | dlogz: 130412.530 >  0.500
 loglike: -1.3e+05 | params: [-0.62010499 -0.61447332  1.02579153  0.96812036  3.23730679  4.06791276
  4.888579   28.42313101]
 Average call time: 1.56 sec | Current time: 2019-04-18 17:37:01.374132
 --------------------------
iter: 97 | nc: 1 | ncalls: 507 | bounds: 0 | eff(%): 19.132 | logz: -1.3e+05 +/- 1.3e-01 | dlogz: 130232.135 >  0.500
 loglike: -1.3e+05 | params: [-0.8369906  -1.28446458  2.16266324 -0.4662636   3.28526806  5.0507887
  2.80573352 28.17932119]
 Average call time: 1.41 sec | Current time: 2019-04-18 17:37:02.788792
 --------------------------
iter: 98 | nc: 1 | ncalls: 508 | bounds: 0 | eff(%): 19.291 | logz: -1.3e+05 +/- 1.3e-01 | dlogz: 130198.469 >  0.500
 loglike: -1.3e+05 | params: [-0.92457823 -1.81756294  0.2588747   1.65592124  0.97275365  1.22519924
  5.45822585 31.6466715 ]
 Average call time: 1.40 sec | Current time: 2019-04-18 17:37:04.188958
 --------------------------
iter: 99 | nc: 1 | ncalls: 509 | bounds: 0 | eff(%): 19.450 | logz: -1.3e+05 +/- 1.3e-01 | dlogz: 130170.097 >  0.500
 loglike: -1.3e+05 | params: [-0.40975754 -1.93837634 -1.28253322  2.05620675  1.18177859  2.33214274
  5.43403173 31.45884633]
 Average call time: 1.39 sec | Current time: 2019-04-18 17:37:05.574122
 --------------------------
iter: 100 | nc: 1 | ncalls: 510 | bounds: 0 | eff(%): 19.608 | logz: -1.3e+05 +/- 1.3e-01 | dlogz: 129973.367 >  0.500
 loglike: -1.3e+05 | params: [-0.04941135 -1.34253518 -1.15602113  1.53985126  1.98916671  4.91430811
  3.856971   30.01023825]
 Average call time: 1.32 sec | Current time: 2019-04-18 17:37:06.895403
 --------------------------
iter: 101 | nc: 1 | ncalls: 511 | bounds: 0 | eff(%): 19.765 | logz: -1.3e+05 +/- 1.3e-01 | dlogz: 129953.707 >  0.500
 loglike: -1.3e+05 | params: [-0.16424797 -1.31709619  2.01207339  2.25445222  2.24729392  4.84697153
  5.36731928 30.49780928]
 Average call time: 1.57 sec | Current time: 2019-04-18 17:37:08.467610
 --------------------------
iter: 102 | nc: 2 | ncalls: 513 | bounds: 0 | eff(%): 19.883 | logz: -1.3e+05 +/- 1.3e-01 | dlogz: 129927.172 >  0.500
 loglike: -1.3e+05 | params: [-0.31328253 -0.61939614  1.74996442  0.27667582  1.26830477  1.83894798
  5.54271849 30.82611265]
 Average call time: 1.41 sec | Current time: 2019-04-18 17:37:11.279355
 --------------------------
iter: 103 | nc: 1 | ncalls: 514 | bounds: 0 | eff(%): 20.039 | logz: -1.3e+05 +/- 1.3e-01 | dlogz: 129758.572 >  0.500
 loglike: -1.3e+05 | params: [-0.20913688 -1.70352043 -1.1034785   1.27017463  3.83708584  2.6845603
  4.79158734 28.70361708]
 Average call time: 1.30 sec | Current time: 2019-04-18 17:37:12.578581
 --------------------------
iter: 104 | nc: 2 | ncalls: 516 | bounds: 0 | eff(%): 20.155 | logz: -1.3e+05 +/- 1.3e-01 | dlogz: 129725.559 >  0.500
 loglike: -1.3e+05 | params: [-0.08998718 -0.76676032  0.74554803 -0.26209497  1.0197803   5.05558192
  3.66273768 30.29693766]
 Average call time: 1.46 sec | Current time: 2019-04-18 17:37:15.499700
 --------------------------
iter: 105 | nc: 1 | ncalls: 517 | bounds: 0 | eff(%): 20.309 | logz: -1.3e+05 +/- 1.3e-01 | dlogz: 129699.798 >  0.500
 loglike: -1.3e+05 | params: [ 0.22354561 -1.86193719  1.78484738 -0.66803097  3.33199006  4.70367582
  5.33700055 30.61147745]
 Average call time: 1.43 sec | Current time: 2019-04-18 17:37:16.934643
 --------------------------
iter: 106 | nc: 1 | ncalls: 518 | bounds: 0 | eff(%): 20.463 | logz: -1.3e+05 +/- 1.3e-01 | dlogz: 129628.923 >  0.500
 loglike: -1.3e+05 | params: [-0.50686714 -1.18193101 -0.81457156  2.75335143  0.58320457  2.59113653
  4.9738724  29.22473564]
 Average call time: 1.39 sec | Current time: 2019-04-18 17:37:18.327902
 --------------------------
iter: 107 | nc: 1 | ncalls: 519 | bounds: 0 | eff(%): 20.617 | logz: -1.3e+05 +/- 1.3e-01 | dlogz: 129583.867 >  0.500
 loglike: -1.3e+05 | params: [-0.1874456  -0.82905401  1.51966359  3.07985182  2.31609397  2.26892034
  5.24276626 29.50406757]
 Average call time: 1.52 sec | Current time: 2019-04-18 17:37:19.845941
 --------------------------
iter: 108 | nc: 1 | ncalls: 520 | bounds: 0 | eff(%): 20.769 | logz: -1.3e+05 +/- 1.3e-01 | dlogz: 129567.712 >  0.500
 loglike: -1.3e+05 | params: [-0.82579241 -1.70404628  1.3508296   1.08972845  1.11166818  2.57929617
  4.98876497 28.72178994]
 Average call time: 1.31 sec | Current time: 2019-04-18 17:37:21.159964
 --------------------------
iter: 109 | nc: 1 | ncalls: 521 | bounds: 0 | eff(%): 20.921 | logz: -1.3e+05 +/- 1.3e-01 | dlogz: 129465.191 >  0.500
 loglike: -1.3e+05 | params: [-7.05611281e-01 -1.64264548e+00  1.53172955e+00  2.85215514e+00
 -1.21815664e-02  3.40179837e+00  5.15810672e+00  2.96820497e+01]
 Average call time: 1.40 sec | Current time: 2019-04-18 17:37:22.555578
 --------------------------
iter: 110 | nc: 2 | ncalls: 523 | bounds: 0 | eff(%): 21.033 | logz: -1.3e+05 +/- 1.3e-01 | dlogz: 129410.900 >  0.500
 loglike: -1.3e+05 | params: [ 0.37247736 -1.52706439 -0.23936599 -0.12259793  1.68669421  4.89399045
  4.47043947 30.32528422]
 Average call time: 1.51 sec | Current time: 2019-04-18 17:37:25.566210
 --------------------------
iter: 111 | nc: 1 | ncalls: 524 | bounds: 0 | eff(%): 21.183 | logz: -1.3e+05 +/- 1.3e-01 | dlogz: 129347.037 >  0.500
 loglike: -1.3e+05 | params: [ 0.17853566 -0.7076501  -0.04881071  2.00797408  0.93532614  1.88860821
  5.21760423 30.08113672]
 Average call time: 1.27 sec | Current time: 2019-04-18 17:37:26.832277
 --------------------------
iter: 112 | nc: 1 | ncalls: 525 | bounds: 0 | eff(%): 21.333 | logz: -1.3e+05 +/- 1.2e-01 | dlogz: 129300.297 >  0.500
 loglike: -1.3e+05 | params: [ 0.46579641 -1.07171822  0.16761332  0.1517238   2.19581497  3.67498138
  5.65654279 31.89278685]
 Average call time: 1.52 sec | Current time: 2019-04-18 17:37:28.353436
 --------------------------
iter: 113 | nc: 2 | ncalls: 527 | bounds: 0 | eff(%): 21.442 | logz: -1.3e+05 +/- 1.3e-01 | dlogz: 129298.860 >  0.500
 loglike: -1.3e+05 | params: [-0.59823479 -1.56450278 -0.75776827  1.48356394  0.85135097  4.92679047
  3.68644425 30.51994881]
 Average call time: 1.51 sec | Current time: 2019-04-18 17:37:31.378721
 --------------------------
iter: 114 | nc: 1 | ncalls: 528 | bounds: 0 | eff(%): 21.591 | logz: -1.3e+05 +/- 1.3e-01 | dlogz: 129247.721 >  0.500
 loglike: -1.3e+05 | params: [-0.61618661 -0.80936432  1.18885757  1.39634445  3.75950661  4.12641471
  5.12956825 30.34903776]
 Average call time: 1.29 sec | Current time: 2019-04-18 17:37:32.664503
 --------------------------
iter: 115 | nc: 1 | ncalls: 529 | bounds: 0 | eff(%): 21.739 | logz: -1.3e+05 +/- 1.3e-01 | dlogz: 129202.782 >  0.500
 loglike: -1.3e+05 | params: [-0.77626923 -0.80148454  0.86310987  1.78775727  3.20513846  4.61334898
  4.36253937 29.15336749]
 Average call time: 1.59 sec | Current time: 2019-04-18 17:37:34.255681
 --------------------------
iter: 116 | nc: 2 | ncalls: 531 | bounds: 0 | eff(%): 21.846 | logz: -1.3e+05 +/- 1.3e-01 | dlogz: 129118.699 >  0.500
 loglike: -1.3e+05 | params: [ 0.38053071 -0.70844712 -1.06002542  1.81957008  0.21220593  4.44482266
  4.62852284 28.76106821]
 Average call time: 1.39 sec | Current time: 2019-04-18 17:37:37.032810
 --------------------------
iter: 117 | nc: 2 | ncalls: 533 | bounds: 0 | eff(%): 21.951 | logz: -1.3e+05 +/- 1.3e-01 | dlogz: 129055.567 >  0.500
 loglike: -1.3e+05 | params: [ 0.47496891 -1.26366966  0.8612241   2.92229996  0.14663372  4.99385199
  4.39845806 30.53845321]
 Average call time: 1.46 sec | Current time: 2019-04-18 17:37:39.957131
 --------------------------
iter: 118 | nc: 1 | ncalls: 534 | bounds: 0 | eff(%): 22.097 | logz: -1.3e+05 +/- 1.3e-01 | dlogz: 128990.965 >  0.500
 loglike: -1.3e+05 | params: [-9.32846626e-01 -1.83066303e+00 -1.41462765e-02 -4.49494387e-01
  3.14125003e+00  4.57305565e+00  2.46001365e+00  2.87728778e+01]
 Average call time: 1.41 sec | Current time: 2019-04-18 17:37:41.365491
 --------------------------
iter: 119 | nc: 1 | ncalls: 535 | bounds: 0 | eff(%): 22.243 | logz: -1.3e+05 +/- 1.3e-01 | dlogz: 128983.907 >  0.500
 loglike: -1.3e+05 | params: [-0.19468271 -0.7711969  -1.53784968  1.94389977  2.94473612  3.9410545
  5.12300302 30.23104331]
 Average call time: 1.55 sec | Current time: 2019-04-18 17:37:42.915512
 --------------------------
iter: 120 | nc: 1 | ncalls: 536 | bounds: 0 | eff(%): 22.388 | logz: -1.3e+05 +/- 1.3e-01 | dlogz: 128909.379 >  0.500
 loglike: -1.3e+05 | params: [-0.37470517 -1.77171123  1.08092138 -0.31371081  0.14452549  4.88324343
  5.10756624 31.46516166]
 Average call time: 1.58 sec | Current time: 2019-04-18 17:37:44.493533
 --------------------------
iter: 121 | nc: 4 | ncalls: 540 | bounds: 0 | eff(%): 22.407 | logz: -1.3e+05 +/- 1.3e-01 | dlogz: 128902.284 >  0.500
 loglike: -1.3e+05 | params: [-0.39949657 -1.94052684 -1.34679942  1.68518501  0.17528797  2.83043706
  5.30561133 31.30541228]
 Average call time: 1.43 sec | Current time: 2019-04-18 17:37:50.219253
 --------------------------
iter: 122 | nc: 1 | ncalls: 541 | bounds: 0 | eff(%): 22.551 | logz: -1.3e+05 +/- 1.3e-01 | dlogz: 128785.701 >  0.500
 loglike: -1.3e+05 | params: [ 0.15397849 -1.99965913 -0.56353045  2.04809875  0.23981929  3.20318315
  5.5139144  31.85482347]
 Average call time: 1.52 sec | Current time: 2019-04-18 17:37:51.736951
 --------------------------
iter: 123 | nc: 1 | ncalls: 542 | bounds: 0 | eff(%): 22.694 | logz: -1.3e+05 +/- 1.3e-01 | dlogz: 128565.833 >  0.500
 loglike: -1.3e+05 | params: [-0.99415503 -1.72356059  1.94555216  2.01221393  3.13544655  5.06890851
  2.25829449 30.29404699]
 Average call time: 1.43 sec | Current time: 2019-04-18 17:37:53.166674
 --------------------------
iter: 124 | nc: 1 | ncalls: 543 | bounds: 0 | eff(%): 22.836 | logz: -1.3e+05 +/- 1.3e-01 | dlogz: 128555.775 >  0.500
 loglike: -1.3e+05 | params: [-0.45851206 -0.56738712 -1.24567876  0.35759914  3.11274108  4.97122128
  2.30522294 30.33369708]
 Average call time: 1.53 sec | Current time: 2019-04-18 17:37:54.700898
 --------------------------
iter: 125 | nc: 1 | ncalls: 544 | bounds: 0 | eff(%): 22.978 | logz: -1.3e+05 +/- 1.3e-01 | dlogz: 128356.524 >  0.500
 loglike: -1.3e+05 | params: [ 0.28553375 -1.77868679 -1.3540014  -0.30839219  1.04927583  3.22906036
  5.40083636 31.47513499]
 Average call time: 1.39 sec | Current time: 2019-04-18 17:37:56.089450
 --------------------------
iter: 126 | nc: 1 | ncalls: 545 | bounds: 0 | eff(%): 23.119 | logz: -1.3e+05 +/- 1.3e-01 | dlogz: 128325.348 >  0.500
 loglike: -1.3e+05 | params: [ 0.12911056 -0.79283465 -0.58853867  2.3886888   0.77541482  2.26798966
  5.33146179 30.97666205]
 Average call time: 1.70 sec | Current time: 2019-04-18 17:37:57.790353
 --------------------------
iter: 127 | nc: 1 | ncalls: 546 | bounds: 0 | eff(%): 23.260 | logz: -1.3e+05 +/- 1.3e-01 | dlogz: 128143.962 >  0.500
 loglike: -1.3e+05 | params: [-0.25256601 -1.39326231 -1.35748071 -0.39688674  3.78552028  5.01017852
  3.95497461 31.25995281]
 Average call time: 1.52 sec | Current time: 2019-04-18 17:37:59.315258
 --------------------------
iter: 128 | nc: 1 | ncalls: 547 | bounds: 0 | eff(%): 23.400 | logz: -1.3e+05 +/- 1.3e-01 | dlogz: 128090.036 >  0.500
 loglike: -1.3e+05 | params: [-0.61652007 -1.83753276  1.33841066  2.39612477  2.92268526  4.76620551
  4.57002541 30.27347033]
 Average call time: 1.27 sec | Current time: 2019-04-18 17:38:00.585786
 --------------------------
iter: 129 | nc: 1 | ncalls: 548 | bounds: 0 | eff(%): 23.540 | logz: -1.3e+05 +/- 1.3e-01 | dlogz: 128021.037 >  0.500
 loglike: -1.3e+05 | params: [-0.15728068 -1.79361071  0.32632703  1.49701645  1.19450527  1.24353974
  4.85343955 29.06606427]
 Average call time: 1.52 sec | Current time: 2019-04-18 17:38:02.106790
 --------------------------
iter: 130 | nc: 4 | ncalls: 552 | bounds: 0 | eff(%): 23.551 | logz: -1.3e+05 +/- 1.3e-01 | dlogz: 128005.196 >  0.500
 loglike: -1.3e+05 | params: [-0.45157137 -0.7975961   1.36463014  2.07163431  2.36737595  3.08332364
  5.29768508 30.84838795]
 Average call time: 1.44 sec | Current time: 2019-04-18 17:38:07.864491
 --------------------------
iter: 131 | nc: 2 | ncalls: 554 | bounds: 0 | eff(%): 23.646 | logz: -1.3e+05 +/- 1.3e-01 | dlogz: 127934.247 >  0.500
 loglike: -1.3e+05 | params: [ 0.1895242  -1.92574831  1.09905048  1.47127599  1.25414     4.87425067
  4.94878637 31.20483054]
 Average call time: 1.36 sec | Current time: 2019-04-18 17:38:10.586471
 --------------------------
iter: 132 | nc: 1 | ncalls: 555 | bounds: 0 | eff(%): 23.784 | logz: -1.3e+05 +/- 1.3e-01 | dlogz: 127783.835 >  0.500
 loglike: -1.3e+05 | params: [-0.89517067 -0.66823495  1.05729452  0.1294994   2.76632629  5.02478119
  2.1767103  30.85967126]
 Average call time: 1.41 sec | Current time: 2019-04-18 17:38:12.001149
 --------------------------
iter: 133 | nc: 1 | ncalls: 556 | bounds: 0 | eff(%): 23.921 | logz: -1.3e+05 +/- 1.3e-01 | dlogz: 127750.264 >  0.500
 loglike: -1.3e+05 | params: [-0.33826256 -1.94283331 -1.69050847  0.25113615  1.70961757  4.60525741
  3.6702264  29.29938372]
 Average call time: 1.51 sec | Current time: 2019-04-18 17:38:13.510909
 --------------------------
iter: 134 | nc: 1 | ncalls: 557 | bounds: 0 | eff(%): 24.057 | logz: -1.3e+05 +/- 1.3e-01 | dlogz: 127723.171 >  0.500
 loglike: -1.3e+05 | params: [ 2.78870974e-01 -1.18416341e+00  5.96202054e-01 -1.77355313e-01
  1.51642531e-02  1.72963136e+00  4.96321218e+00  2.94751297e+01]
 Average call time: 1.40 sec | Current time: 2019-04-18 17:38:14.909505
 --------------------------
iter: 135 | nc: 1 | ncalls: 558 | bounds: 0 | eff(%): 24.194 | logz: -1.3e+05 +/- 1.3e-01 | dlogz: 127711.998 >  0.500
 loglike: -1.3e+05 | params: [ 0.25673013 -0.92435938 -0.8098405   1.59583096  3.51250867  3.570722
  5.03308415 30.09875831]
 Average call time: 1.55 sec | Current time: 2019-04-18 17:38:16.459916
 --------------------------
iter: 136 | nc: 2 | ncalls: 560 | bounds: 0 | eff(%): 24.286 | logz: -1.3e+05 +/- 1.3e-01 | dlogz: 127687.955 >  0.500
 loglike: -1.3e+05 | params: [-0.1870201  -0.58344476 -0.47327715 -0.34401929  3.66581864  4.53673234
  2.03968174 28.47157473]
 Average call time: 1.34 sec | Current time: 2019-04-18 17:38:19.142209
 --------------------------
iter: 137 | nc: 1 | ncalls: 561 | bounds: 0 | eff(%): 24.421 | logz: -1.3e+05 +/- 1.3e-01 | dlogz: 127602.981 >  0.500
 loglike: -1.3e+05 | params: [-0.07982207 -0.89859541  0.49916414  2.36705334  3.82245203  4.26541582
  4.39287821 28.63313816]
 Average call time: 1.40 sec | Current time: 2019-04-18 17:38:20.537917
 --------------------------
iter: 138 | nc: 3 | ncalls: 564 | bounds: 0 | eff(%): 24.468 | logz: -1.3e+05 +/- 1.3e-01 | dlogz: 127575.888 >  0.500
 loglike: -1.3e+05 | params: [ 0.23378084 -0.60472621  1.04191907  2.46871459  3.71204993  2.65212854
  4.86557469 28.51409878]
 Average call time: 1.57 sec | Current time: 2019-04-18 17:38:25.247263
 --------------------------
iter: 139 | nc: 2 | ncalls: 566 | bounds: 0 | eff(%): 24.558 | logz: -1.3e+05 +/- 1.3e-01 | dlogz: 127293.612 >  0.500
 loglike: -1.3e+05 | params: [ 0.45809105 -1.58835759 -1.01651346  0.12579333  2.91968556  4.88815032
  3.9417365  30.64833439]
 Average call time: 1.52 sec | Current time: 2019-04-18 17:38:28.277778
 --------------------------
iter: 140 | nc: 1 | ncalls: 567 | bounds: 0 | eff(%): 24.691 | logz: -1.3e+05 +/- 1.3e-01 | dlogz: 127265.150 >  0.500
 loglike: -1.3e+05 | params: [ 0.03253523 -1.99460413  0.0904992   0.71409367  2.95183885  3.70071442
  4.74831661 29.13145525]
 Average call time: 1.49 sec | Current time: 2019-04-18 17:38:29.766900
 --------------------------
iter: 141 | nc: 2 | ncalls: 569 | bounds: 0 | eff(%): 24.780 | logz: -1.3e+05 +/- 1.3e-01 | dlogz: 127155.110 >  0.500
 loglike: -1.3e+05 | params: [-0.44001942 -0.75697043 -1.40535408 -0.47777433  1.8998574   4.8422999
  2.53138195 30.27791517]
 Average call time: 1.47 sec | Current time: 2019-04-18 17:38:32.700565
 --------------------------
iter: 142 | nc: 2 | ncalls: 571 | bounds: 0 | eff(%): 24.869 | logz: -1.3e+05 +/- 1.3e-01 | dlogz: 127069.827 >  0.500
 loglike: -1.3e+05 | params: [-0.55428122 -0.92302101  2.2249165   1.4738219   3.43585378  1.78246621
  5.46979147 30.81110255]
 Average call time: 1.46 sec | Current time: 2019-04-18 17:38:35.617021
 --------------------------
iter: 143 | nc: 2 | ncalls: 573 | bounds: 0 | eff(%): 24.956 | logz: -1.3e+05 +/- 1.3e-01 | dlogz: 127062.093 >  0.500
 loglike: -1.3e+05 | params: [-2.61891394e-02 -8.27654998e-01 -1.74496293e+00  2.11581118e+00
  1.18376082e-02  4.42066140e+00  4.77981730e+00  2.99736865e+01]
 Average call time: 1.46 sec | Current time: 2019-04-18 17:38:38.531577
 --------------------------
iter: 144 | nc: 2 | ncalls: 575 | bounds: 0 | eff(%): 25.043 | logz: -1.3e+05 +/- 1.3e-01 | dlogz: 127044.127 >  0.500
 loglike: -1.3e+05 | params: [-0.03601157 -1.02328964  2.10305258  0.59340638 -0.09292915  5.00341716
  4.10919276 28.41234858]
 Average call time: 1.39 sec | Current time: 2019-04-18 17:38:41.311858
 --------------------------
iter: 145 | nc: 1 | ncalls: 576 | bounds: 0 | eff(%): 25.174 | logz: -1.3e+05 +/- 1.3e-01 | dlogz: 126734.939 >  0.500
 loglike: -1.3e+05 | params: [-0.81395629 -1.78991375 -1.03920692  2.16108083  2.41180792  2.67263905
  4.96006681 30.52375228]
 Average call time: 1.56 sec | Current time: 2019-04-18 17:38:42.869044
 --------------------------
iter: 146 | nc: 1 | ncalls: 577 | bounds: 0 | eff(%): 25.303 | logz: -1.3e+05 +/- 1.3e-01 | dlogz: 126645.730 >  0.500
 loglike: -1.3e+05 | params: [-0.23087323 -0.75754015  0.70270398  3.14468793  1.07413542  4.49151168
  4.12451051 28.1666728 ]
 Average call time: 1.44 sec | Current time: 2019-04-18 17:38:44.305921
 --------------------------
iter: 147 | nc: 1 | ncalls: 578 | bounds: 0 | eff(%): 25.433 | logz: -1.3e+05 +/- 1.3e-01 | dlogz: 126589.009 >  0.500
 loglike: -1.3e+05 | params: [-0.80568216 -0.52669925  0.1230252   2.70348934  2.61834394  4.0489543
  4.99390647 30.36306077]
 Average call time: 1.43 sec | Current time: 2019-04-18 17:38:45.735375
 --------------------------
iter: 148 | nc: 1 | ncalls: 579 | bounds: 0 | eff(%): 25.561 | logz: -1.3e+05 +/- 1.3e-01 | dlogz: 126360.720 >  0.500
 loglike: -1.3e+05 | params: [-3.45567689e-01 -1.69628727e+00  9.24609398e-03  2.23480519e+00
  2.60329972e-01  3.15547811e+00  5.31000006e+00  3.19741746e+01]
 Average call time: 1.47 sec | Current time: 2019-04-18 17:38:47.207857
 --------------------------
iter: 149 | nc: 2 | ncalls: 581 | bounds: 0 | eff(%): 25.645 | logz: -1.3e+05 +/- 1.3e-01 | dlogz: 125901.445 >  0.500
 loglike: -1.3e+05 | params: [-0.65395302 -1.9692628  -1.43461102 -0.08552924  1.26538761  2.64259395
  4.80199224 29.92300142]
 Average call time: 1.45 sec | Current time: 2019-04-18 17:38:50.113813
 --------------------------
iter: 150 | nc: 1 | ncalls: 582 | bounds: 0 | eff(%): 25.773 | logz: -1.3e+05 +/- 1.3e-01 | dlogz: 125833.573 >  0.500
 loglike: -1.3e+05 | params: [-0.83073932 -1.03389328 -0.0834933   2.87389144  3.02147649  4.80921354
  3.28587122 30.88037401]
 Average call time: 1.42 sec | Current time: 2019-04-18 17:38:51.533642
 --------------------------
iter: 151 | nc: 1 | ncalls: 583 | bounds: 0 | eff(%): 25.901 | logz: -1.3e+05 +/- 1.3e-01 | dlogz: 125773.229 >  0.500
 loglike: -1.3e+05 | params: [-0.18581391 -1.25759766  1.43881964  0.49804985  0.33234872  3.34971721
  5.01196968 29.7407477 ]
 Average call time: 1.53 sec | Current time: 2019-04-18 17:38:53.062809
 --------------------------
iter: 152 | nc: 1 | ncalls: 584 | bounds: 0 | eff(%): 26.027 | logz: -1.3e+05 +/- 1.3e-01 | dlogz: 125769.730 >  0.500
 loglike: -1.3e+05 | params: [ 0.39005564 -1.38463716  0.33101775  2.67644969  3.39373322  4.8789761
  4.81541737 31.58654236]
 Average call time: 1.54 sec | Current time: 2019-04-18 17:38:54.602222
 --------------------------
iter: 153 | nc: 2 | ncalls: 586 | bounds: 0 | eff(%): 26.109 | logz: -1.3e+05 +/- 1.3e-01 | dlogz: 125746.890 >  0.500
 loglike: -1.3e+05 | params: [ 0.24869692 -1.29525936  0.55509991 -0.29817608  1.72594756  4.65400039
  3.79546538 29.86486109]
 Average call time: 1.28 sec | Current time: 2019-04-18 17:38:57.157660
 --------------------------
iter: 154 | nc: 1 | ncalls: 587 | bounds: 0 | eff(%): 26.235 | logz: -1.3e+05 +/- 1.3e-01 | dlogz: 125488.062 >  0.500
 loglike: -1.3e+05 | params: [-0.91568856 -1.58271247  1.98053334  2.61983908  3.50896502  3.48706141
  5.02953956 29.37639998]
 Average call time: 1.49 sec | Current time: 2019-04-18 17:38:58.651660
 --------------------------
iter: 155 | nc: 1 | ncalls: 588 | bounds: 0 | eff(%): 26.361 | logz: -1.3e+05 +/- 1.3e-01 | dlogz: 125479.409 >  0.500
 loglike: -1.3e+05 | params: [ 0.49794614 -1.51203526  1.63473111  1.71218127  1.64072192  3.21741141
  5.05481673 29.00540077]
 Average call time: 1.31 sec | Current time: 2019-04-18 17:38:59.966084
 --------------------------
iter: 156 | nc: 1 | ncalls: 589 | bounds: 0 | eff(%): 26.486 | logz: -1.3e+05 +/- 1.3e-01 | dlogz: 125412.682 >  0.500
 loglike: -1.3e+05 | params: [-4.65245047e-01 -1.85280881e+00 -1.34030832e-02  3.05615773e+00
  4.26496826e-02  2.35198329e+00  5.06468193e+00  3.11820406e+01]
 Average call time: 1.55 sec | Current time: 2019-04-18 17:39:01.517722
 --------------------------
iter: 157 | nc: 1 | ncalls: 590 | bounds: 0 | eff(%): 26.610 | logz: -1.3e+05 +/- 1.3e-01 | dlogz: 125381.057 >  0.500
 loglike: -1.3e+05 | params: [ 0.27347851 -0.63298408  1.83329224  2.73512731  3.22731836  2.12316444
  5.3075668  30.47051236]
 Average call time: 1.52 sec | Current time: 2019-04-18 17:39:03.033432
 --------------------------
iter: 158 | nc: 3 | ncalls: 593 | bounds: 0 | eff(%): 26.644 | logz: -1.3e+05 +/- 1.3e-01 | dlogz: 125372.778 >  0.500
 loglike: -1.3e+05 | params: [-0.24955821 -1.82796657 -0.88838215 -0.60903685  3.56726686  1.8469264
  5.25660328 31.9423627 ]
 Average call time: 1.42 sec | Current time: 2019-04-18 17:39:07.299557
 --------------------------
iter: 159 | nc: 1 | ncalls: 594 | bounds: 0 | eff(%): 26.768 | logz: -1.3e+05 +/- 1.3e-01 | dlogz: 125354.420 >  0.500
 loglike: -1.3e+05 | params: [-0.59414379 -1.65998905  0.8257244   1.44055344  1.73140322  4.22914691
  4.50313007 29.42193489]
 Average call time: 1.44 sec | Current time: 2019-04-18 17:39:08.735073
 --------------------------
iter: 160 | nc: 2 | ncalls: 596 | bounds: 0 | eff(%): 26.846 | logz: -1.3e+05 +/- 1.3e-01 | dlogz: 125336.922 >  0.500
 loglike: -1.3e+05 | params: [-0.37567451 -0.68362625  1.27677147  1.45866232  3.48563346  4.79139836
  3.79729749 30.26258709]
 Average call time: 1.51 sec | Current time: 2019-04-18 17:39:11.758292
 --------------------------
iter: 161 | nc: 1 | ncalls: 597 | bounds: 0 | eff(%): 26.968 | logz: -1.3e+05 +/- 1.3e-01 | dlogz: 125300.109 >  0.500
 loglike: -1.3e+05 | params: [ 0.35319322 -1.64518118 -1.25197519  0.53771595  3.27131479  4.43778404
  3.31813969 28.95988475]
 Average call time: 1.51 sec | Current time: 2019-04-18 17:39:13.272499
 --------------------------
iter: 162 | nc: 1 | ncalls: 598 | bounds: 0 | eff(%): 27.090 | logz: -1.3e+05 +/- 1.3e-01 | dlogz: 125232.325 >  0.500
 loglike: -1.3e+05 | params: [-0.50705557 -1.12224234 -1.58890965  3.04284715  3.45727811  4.63421896
  3.35599316 30.22964343]
 Average call time: 1.30 sec | Current time: 2019-04-18 17:39:14.574294
 --------------------------
iter: 163 | nc: 3 | ncalls: 601 | bounds: 0 | eff(%): 27.121 | logz: -1.3e+05 +/- 1.3e-01 | dlogz: 125172.214 >  0.500
 loglike: -1.3e+05 | params: [-0.83206668 -1.29447246 -1.18885758  0.52020211  2.37931656  4.67534412
  4.25552051 30.90821374]
 Average call time: 1.34 sec | Current time: 2019-04-18 17:39:18.604044
 --------------------------
iter: 164 | nc: 1 | ncalls: 602 | bounds: 0 | eff(%): 27.243 | logz: -1.3e+05 +/- 1.3e-01 | dlogz: 125156.718 >  0.500
 loglike: -1.3e+05 | params: [ 0.24352085 -0.82517646  1.0716079   1.09877437  0.35181113  4.12507864
  4.62204239 28.40489051]
 Average call time: 1.46 sec | Current time: 2019-04-18 17:39:20.066588
 --------------------------
iter: 165 | nc: 3 | ncalls: 605 | bounds: 0 | eff(%): 27.273 | logz: -1.3e+05 +/- 1.3e-01 | dlogz: 125112.080 >  0.500
 loglike: -1.3e+05 | params: [ 0.36855501 -1.68110599 -0.47770824  0.31279718  3.44971713  4.39839628
  2.98213694 28.82753564]
 Average call time: 1.38 sec | Current time: 2019-04-18 17:39:24.219673
 --------------------------
iter: 166 | nc: 1 | ncalls: 606 | bounds: 0 | eff(%): 27.393 | logz: -1.3e+05 +/- 1.3e-01 | dlogz: 125007.098 >  0.500
 loglike: -1.3e+05 | params: [ 0.04026878 -1.36818209  1.66708554  1.56650701  3.63651905  4.62961513
  3.7681144  28.06924027]
 Average call time: 1.43 sec | Current time: 2019-04-18 17:39:25.654264
 --------------------------
iter: 167 | nc: 1 | ncalls: 607 | bounds: 0 | eff(%): 27.512 | logz: -1.3e+05 +/- 1.3e-01 | dlogz: 125005.082 >  0.500
 loglike: -1.3e+05 | params: [ 0.13382592 -0.9882074  -0.84268831  1.02874734  3.34734706  4.94938349
  3.21134258 31.33705457]
 Average call time: 1.24 sec | Current time: 2019-04-18 17:39:26.894985
 --------------------------
iter: 168 | nc: 1 | ncalls: 608 | bounds: 0 | eff(%): 27.632 | logz: -1.3e+05 +/- 1.3e-01 | dlogz: 124726.205 >  0.500
 loglike: -1.3e+05 | params: [-0.42652382 -1.91918947  0.04028141  3.19423176  0.37204041  1.58611665
  4.88962651 30.34921453]
 Average call time: 1.40 sec | Current time: 2019-04-18 17:39:28.293546
 --------------------------
iter: 169 | nc: 1 | ncalls: 609 | bounds: 0 | eff(%): 27.750 | logz: -1.3e+05 +/- 1.3e-01 | dlogz: 124723.988 >  0.500
 loglike: -1.3e+05 | params: [-0.79400124 -1.78701791  0.8887596  -0.30242912  2.90440786  2.92561279
  4.71204491 29.4269095 ]
 Average call time: 1.53 sec | Current time: 2019-04-18 17:39:29.824319
 --------------------------
iter: 170 | nc: 1 | ncalls: 610 | bounds: 0 | eff(%): 27.869 | logz: -1.3e+05 +/- 1.3e-01 | dlogz: 124694.486 >  0.500
 loglike: -1.3e+05 | params: [ 0.48617858 -1.0769443   1.57658988  1.10527163  2.40594859  4.48564063
  4.61961942 28.58750775]
 Average call time: 1.34 sec | Current time: 2019-04-18 17:39:31.162759
 --------------------------
iter: 171 | nc: 1 | ncalls: 611 | bounds: 0 | eff(%): 27.987 | logz: -1.3e+05 +/- 1.3e-01 | dlogz: 124691.260 >  0.500
 loglike: -1.3e+05 | params: [ 0.10102294 -0.97464816 -0.08118035  2.03902615  1.3450604   2.03835869
  5.07573654 30.90682063]
 Average call time: 1.50 sec | Current time: 2019-04-18 17:39:32.664806
 --------------------------
iter: 172 | nc: 1 | ncalls: 612 | bounds: 0 | eff(%): 28.105 | logz: -1.3e+05 +/- 1.3e-01 | dlogz: 124635.327 >  0.500
 loglike: -1.3e+05 | params: [-0.78590725 -1.38694179  0.51955265  0.20149432  1.75706799  3.82792408
  4.46893034 28.73460816]
 Average call time: 1.54 sec | Current time: 2019-04-18 17:39:34.202161
 --------------------------
iter: 173 | nc: 1 | ncalls: 613 | bounds: 0 | eff(%): 28.222 | logz: -1.3e+05 +/- 1.3e-01 | dlogz: 124536.193 >  0.500
 loglike: -1.3e+05 | params: [ 0.24261341 -0.66283711  1.49091491  3.11141276  2.531659    1.29242053
  5.43774865 31.7718007 ]
 Average call time: 1.40 sec | Current time: 2019-04-18 17:39:35.598527
 --------------------------
iter: 174 | nc: 1 | ncalls: 614 | bounds: 0 | eff(%): 28.339 | logz: -1.3e+05 +/- 1.3e-01 | dlogz: 124498.538 >  0.500
 loglike: -1.3e+05 | params: [ 0.13696061 -1.17320637  0.23709834  1.9998941   1.14743422  2.45541868
  4.83489563 29.86310391]
 Average call time: 1.30 sec | Current time: 2019-04-18 17:39:36.899028
 --------------------------
iter: 175 | nc: 1 | ncalls: 615 | bounds: 0 | eff(%): 28.455 | logz: -1.3e+05 +/- 1.3e-01 | dlogz: 124488.261 >  0.500
 loglike: -1.3e+05 | params: [-0.67981709 -1.66795007 -1.62550135  2.81448281  2.25078723  4.85597496
  3.39777785 31.56201045]
 Average call time: 1.62 sec | Current time: 2019-04-18 17:39:38.514601
 --------------------------
iter: 176 | nc: 1 | ncalls: 616 | bounds: 0 | eff(%): 28.571 | logz: -1.3e+05 +/- 1.3e-01 | dlogz: 124370.066 >  0.500
 loglike: -1.3e+05 | params: [-9.50972467e-01 -1.70473900e+00  1.83710679e+00  6.30789450e-03
  3.78246109e-01  5.03562214e+00  2.88641864e+00  3.17548757e+01]
 Average call time: 1.62 sec | Current time: 2019-04-18 17:39:40.137733
 --------------------------
iter: 177 | nc: 2 | ncalls: 618 | bounds: 0 | eff(%): 28.641 | logz: -1.3e+05 +/- 1.3e-01 | dlogz: 124350.500 >  0.500
 loglike: -1.3e+05 | params: [-0.86021363 -1.44702214  1.17241016 -0.60095976  1.35425775  2.36642647
  4.65614688 28.27357248]
 Average call time: 1.38 sec | Current time: 2019-04-18 17:39:42.897692
 --------------------------
iter: 178 | nc: 1 | ncalls: 619 | bounds: 0 | eff(%): 28.756 | logz: -1.3e+05 +/- 1.3e-01 | dlogz: 124311.179 >  0.500
 loglike: -1.3e+05 | params: [ 0.07225455 -0.9944909   0.77045353  0.82890793  2.94288448  1.99543164
  4.76256401 29.21821744]
 Average call time: 1.42 sec | Current time: 2019-04-18 17:39:44.314657
 --------------------------
iter: 179 | nc: 5 | ncalls: 624 | bounds: 0 | eff(%): 28.686 | logz: -1.3e+05 +/- 1.3e-01 | dlogz: 124175.457 >  0.500
 loglike: -1.3e+05 | params: [-0.24404946 -1.3947179   1.19069761  0.34199449  1.99830026  4.4375465
  4.50802459 29.96676592]
 Average call time: 1.46 sec | Current time: 2019-04-18 17:39:51.591081
 --------------------------
iter: 180 | nc: 1 | ncalls: 625 | bounds: 0 | eff(%): 28.800 | logz: -1.3e+05 +/- 1.3e-01 | dlogz: 124050.248 >  0.500
 loglike: -1.3e+05 | params: [-0.66580333 -0.66524454  0.03737612  2.05505148  1.43743022  3.5990881
  4.80132673 30.00343696]
 Average call time: 1.45 sec | Current time: 2019-04-18 17:39:53.044439
 --------------------------
iter: 181 | nc: 2 | ncalls: 627 | bounds: 0 | eff(%): 28.868 | logz: -1.3e+05 +/- 1.3e-01 | dlogz: 124036.552 >  0.500
 loglike: -1.3e+05 | params: [ 2.58692836e-02 -1.90820057e+00  1.19583676e+00  1.95659978e+00
 -8.21471957e-02  3.80148066e+00  5.09523347e+00  3.13230985e+01]
 Average call time: 1.37 sec | Current time: 2019-04-18 17:39:55.793906
 --------------------------
iter: 182 | nc: 1 | ncalls: 628 | bounds: 0 | eff(%): 28.981 | logz: -1.3e+05 +/- 1.3e-01 | dlogz: 123726.838 >  0.500
 loglike: -1.3e+05 | params: [ 0.22478347 -1.57781026  0.42433541 -0.68355567  0.52535889  3.65875797
  4.47609963 28.23138569]
 Average call time: 1.58 sec | Current time: 2019-04-18 17:39:57.378264
 --------------------------
iter: 183 | nc: 1 | ncalls: 629 | bounds: 0 | eff(%): 29.094 | logz: -1.2e+05 +/- 1.3e-01 | dlogz: 123693.158 >  0.500
 loglike: -1.2e+05 | params: [-0.32508681 -1.07251039  0.82324982  0.8334366   3.79594694  2.88593557
  5.16625191 31.87854578]
 Average call time: 1.68 sec | Current time: 2019-04-18 17:39:59.059401
 --------------------------
iter: 184 | nc: 1 | ncalls: 630 | bounds: 0 | eff(%): 29.206 | logz: -1.2e+05 +/- 1.3e-01 | dlogz: 123607.164 >  0.500
 loglike: -1.2e+05 | params: [ 0.23416242 -0.85266417 -1.15967329  0.67172877  1.72458098  4.45985569
  2.13939977 28.98285979]
 Average call time: 1.27 sec | Current time: 2019-04-18 17:40:00.325642
 --------------------------
iter: 185 | nc: 1 | ncalls: 631 | bounds: 0 | eff(%): 29.319 | logz: -1.2e+05 +/- 1.3e-01 | dlogz: 123589.292 >  0.500
 loglike: -1.2e+05 | params: [-0.94017452 -0.74851725 -1.29808075  1.35862205  3.36850348  1.2634244
  4.70509743 29.90507391]
 Average call time: 1.57 sec | Current time: 2019-04-18 17:40:01.894230
 --------------------------
iter: 186 | nc: 2 | ncalls: 633 | bounds: 0 | eff(%): 29.384 | logz: -1.2e+05 +/- 1.3e-01 | dlogz: 123539.773 >  0.500
 loglike: -1.2e+05 | params: [-0.63250068 -0.53389063 -1.30353461  2.38809319  1.82185104  4.33235328
  3.74123239 28.28187809]
 Average call time: 1.54 sec | Current time: 2019-04-18 17:40:04.973388
 --------------------------
iter: 187 | nc: 1 | ncalls: 634 | bounds: 0 | eff(%): 29.495 | logz: -1.2e+05 +/- 1.3e-01 | dlogz: 123451.875 >  0.500
 loglike: -1.2e+05 | params: [-0.59649197 -1.19728143  1.65846466  1.6334602   1.3463735   3.26311574
  4.81693988 28.07991191]
 Average call time: 1.40 sec | Current time: 2019-04-18 17:40:06.373255
 --------------------------
iter: 188 | nc: 1 | ncalls: 635 | bounds: 0 | eff(%): 29.606 | logz: -1.2e+05 +/- 1.3e-01 | dlogz: 123282.786 >  0.500
 loglike: -1.2e+05 | params: [-0.29852055 -1.5449407   1.89228087  1.03003386  2.62017054  2.67161784
  5.00608992 28.85187139]
 Average call time: 1.41 sec | Current time: 2019-04-18 17:40:07.785938
 --------------------------
iter: 189 | nc: 1 | ncalls: 636 | bounds: 0 | eff(%): 29.717 | logz: -1.2e+05 +/- 1.3e-01 | dlogz: 123275.703 >  0.500
 loglike: -1.2e+05 | params: [ 0.41229729 -0.72593965  0.12453688 -0.47890418  1.09560896  2.15625488
  5.12395807 31.06991968]
 Average call time: 1.40 sec | Current time: 2019-04-18 17:40:09.182012
 --------------------------
iter: 190 | nc: 1 | ncalls: 637 | bounds: 0 | eff(%): 29.827 | logz: -1.2e+05 +/- 1.3e-01 | dlogz: 123241.383 >  0.500
 loglike: -1.2e+05 | params: [-0.74280211 -0.89437026 -1.25819465  0.7448123   2.29360562  1.52101081
  5.14503101 31.78221294]
 Average call time: 1.65 sec | Current time: 2019-04-18 17:40:10.833194
 --------------------------
iter: 191 | nc: 3 | ncalls: 640 | bounds: 0 | eff(%): 29.844 | logz: -1.2e+05 +/- 1.3e-01 | dlogz: 123159.045 >  0.500
 loglike: -1.2e+05 | params: [ 0.1755833  -1.09100322  1.72068083 -0.39003601  2.05887705  4.77077385
  4.38618024 30.23732695]
 Average call time: 1.37 sec | Current time: 2019-04-18 17:40:14.957372
 --------------------------
iter: 192 | nc: 1 | ncalls: 641 | bounds: 0 | eff(%): 29.953 | logz: -1.2e+05 +/- 1.3e-01 | dlogz: 122951.875 >  0.500
 loglike: -1.2e+05 | params: [-0.30918226 -1.44267332 -1.14195959  1.09350777  3.64539735  4.16793699
  2.36816973 28.64822323]
 Average call time: 1.33 sec | Current time: 2019-04-18 17:40:16.291502
 --------------------------
iter: 193 | nc: 2 | ncalls: 643 | bounds: 0 | eff(%): 30.016 | logz: -1.2e+05 +/- 1.3e-01 | dlogz: 122760.605 >  0.500
 loglike: -1.2e+05 | params: [-0.19231352 -1.7031922   1.6486799   1.51795703  0.22904692  2.87765389
  4.93150272 29.46479389]
 Average call time: 1.41 sec | Current time: 2019-04-18 17:40:19.118199
 --------------------------
iter: 194 | nc: 1 | ncalls: 644 | bounds: 0 | eff(%): 30.124 | logz: -1.2e+05 +/- 1.3e-01 | dlogz: 122742.116 >  0.500
 loglike: -1.2e+05 | params: [-0.98169987 -1.31450228  1.96069554  2.65031155  1.76958911  4.71881316
  2.83951639 29.21661495]
 Average call time: 1.41 sec | Current time: 2019-04-18 17:40:20.531201
 --------------------------
iter: 195 | nc: 1 | ncalls: 645 | bounds: 0 | eff(%): 30.233 | logz: -1.2e+05 +/- 1.3e-01 | dlogz: 122393.718 >  0.500
 loglike: -1.2e+05 | params: [ 0.36472535 -1.18874126  0.8453786   1.19052311  2.1299834   4.41838403
  4.28881423 29.88013023]
 Average call time: 1.57 sec | Current time: 2019-04-18 17:40:22.098833
 --------------------------
iter: 196 | nc: 1 | ncalls: 646 | bounds: 0 | eff(%): 30.341 | logz: -1.2e+05 +/- 1.3e-01 | dlogz: 122334.836 >  0.500
 loglike: -1.2e+05 | params: [-1.98076496e-01 -1.52354066e+00  1.24816232e+00 -1.64610590e-02
  2.13026631e+00  3.69962148e+00  5.02316312e+00  3.13832794e+01]
 Average call time: 1.43 sec | Current time: 2019-04-18 17:40:23.524768
 --------------------------
iter: 197 | nc: 1 | ncalls: 647 | bounds: 0 | eff(%): 30.448 | logz: -1.2e+05 +/- 1.3e-01 | dlogz: 122262.433 >  0.500
 loglike: -1.2e+05 | params: [-0.76138424 -1.34089417  0.75100772  2.9664452   1.30422146  4.38512684
  4.49610544 30.86020997]
 Average call time: 1.52 sec | Current time: 2019-04-18 17:40:25.045034
 --------------------------
iter: 198 | nc: 2 | ncalls: 649 | bounds: 0 | eff(%): 30.508 | logz: -1.2e+05 +/- 1.3e-01 | dlogz: 122000.175 >  0.500
 loglike: -1.2e+05 | params: [ 0.13956658 -1.69151438  1.59604967  2.36563013  0.58092578  4.64682822
  2.3077901  28.80875378]
 Average call time: 1.44 sec | Current time: 2019-04-18 17:40:27.927116
 --------------------------
iter: 199 | nc: 2 | ncalls: 651 | bounds: 0 | eff(%): 30.568 | logz: -1.2e+05 +/- 1.3e-01 | dlogz: 121989.788 >  0.500
 loglike: -1.2e+05 | params: [-0.33413653 -1.95344771 -0.31335319  2.18909996  1.7785359   2.48626094
  4.49905602 28.50482129]
 Average call time: 1.51 sec | Current time: 2019-04-18 17:40:30.954958
 --------------------------
iter: 200 | nc: 1 | ncalls: 652 | bounds: 0 | eff(%): 30.675 | logz: -1.2e+05 +/- 1.3e-01 | dlogz: 121934.742 >  0.500
 loglike: -1.2e+05 | params: [-0.34376087 -0.54361201  1.32913163 -0.20668132  3.58498906  4.41977938
  3.50646094 28.56228258]
 Average call time: 1.28 sec | Current time: 2019-04-18 17:40:32.239725
 --------------------------
