Using pcmdpy version 0.9.3
Loading Setup File: setup_files/NGC3377/NGC3377_model14.py
(2, 27593)
Running Nested Sampling
-initializing models
-Saving initial results dataframe
iter: 1 | nc: 1 | ncalls: 401 | bounds: 0 | eff(%):  0.249 | logz: -6.7e+00 +/- 1.3e-01 | dlogz:    inf >  0.500
 loglike: 0.0e+00 | params: [-7.12720824e-01 -1.06683684e+00 -1.54012719e-02  2.40764713e+00
  2.99617284e+00  2.19896348e+00  3.04139130e+00  3.12074887e+01]
 Average call time: 1.63 sec | Current time: 2019-06-26 13:45:40.551474
 --------------------------
iter: 2 | nc: 1 | ncalls: 402 | bounds: 0 | eff(%):  0.498 | logz: -5.6e+00 +/- 1.2e-01 | dlogz:  6.686 >  0.500
 loglike: 0.0e+00 | params: [-0.04119502 -0.52134654  1.10503106  1.18567659  2.77613577  3.56304155
  5.12353889 31.8134091 ]
 Average call time: 1.88 sec | Current time: 2019-06-26 13:45:42.426474
 --------------------------
iter: 3 | nc: 1 | ncalls: 403 | bounds: 0 | eff(%):  0.744 | logz: -5.1e+00 +/- 1.1e-01 | dlogz:  5.589 >  0.500
 loglike: 0.0e+00 | params: [-0.86489688 -1.68911961  0.75981412  0.47463085  1.9844457   3.72984293
  5.34707559 30.69072674]
 Average call time: 1.62 sec | Current time: 2019-06-26 13:45:44.044816
 --------------------------
iter: 4 | nc: 1 | ncalls: 404 | bounds: 0 | eff(%):  0.990 | logz: -4.7e+00 +/- 1.1e-01 | dlogz:  5.079 >  0.500
 loglike: 0.0e+00 | params: [-0.54209694 -1.25394295 -0.44671952  0.13855173  0.16292532  3.78951583
  2.95460183 28.32353334]
 Average call time: 1.88 sec | Current time: 2019-06-26 13:45:45.925976
 --------------------------
iter: 5 | nc: 1 | ncalls: 405 | bounds: 0 | eff(%):  1.235 | logz: -4.5e+00 +/- 1.1e-01 | dlogz:  4.744 >  0.500
 loglike: 0.0e+00 | params: [ 0.18692246 -0.59178741  0.98614299  1.53198058  2.64455498  4.26064062
  4.79150995 30.43030928]
 Average call time: 1.85 sec | Current time: 2019-06-26 13:45:47.778539
 --------------------------
iter: 6 | nc: 1 | ncalls: 406 | bounds: 0 | eff(%):  1.478 | logz: -4.3e+00 +/- 1.0e-01 | dlogz:  4.494 >  0.500
 loglike: 0.0e+00 | params: [-0.81395629 -1.78991375 -1.03920692  2.16108083  2.41180792  2.67263905
  4.96006681 30.52375228]
 Average call time: 1.62 sec | Current time: 2019-06-26 13:45:49.397695
 --------------------------
iter: 7 | nc: 1 | ncalls: 407 | bounds: 0 | eff(%):  1.720 | logz: -4.1e+00 +/- 1.0e-01 | dlogz:  4.295 >  0.500
 loglike: 0.0e+00 | params: [ 1.83796995e-02 -1.97217585e+00  1.79336845e+00  2.22712770e+00
  1.23686090e+00  3.74894870e+00  4.63239795e+00  3.06675380e+01]
 Average call time: 1.63 sec | Current time: 2019-06-26 13:45:51.023299
 --------------------------
iter: 8 | nc: 1 | ncalls: 408 | bounds: 0 | eff(%):  1.961 | logz: -4.0e+00 +/- 1.0e-01 | dlogz:  4.129 >  0.500
 loglike: 0.0e+00 | params: [ 0.47496891 -1.26366966  0.8612241   2.92229996  0.14663372  4.99385199
  4.39845806 30.53845321]
 Average call time: 1.61 sec | Current time: 2019-06-26 13:45:52.635165
 --------------------------
iter: 9 | nc: 1 | ncalls: 409 | bounds: 0 | eff(%):  2.200 | logz: -3.9e+00 +/- 9.8e-02 | dlogz:  3.987 >  0.500
 loglike: 0.0e+00 | params: [-0.70295521 -0.84452652  1.16073629  0.35750124  3.23587078  3.43785568
  2.25093757 29.92837989]
 Average call time: 1.62 sec | Current time: 2019-06-26 13:45:54.254898
 --------------------------
iter: 10 | nc: 1 | ncalls: 410 | bounds: 0 | eff(%):  2.439 | logz: -3.8e+00 +/- 9.7e-02 | dlogz:  3.863 >  0.500
 loglike: 0.0e+00 | params: [-0.70554397 -1.80852494  0.90592565  2.79183539  2.49877413  3.71748211
  4.14153795 30.80394879]
 Average call time: 1.76 sec | Current time: 2019-06-26 13:45:56.019975
 --------------------------
iter: 11 | nc: 1 | ncalls: 411 | bounds: 0 | eff(%):  2.676 | logz: -3.7e+00 +/- 9.6e-02 | dlogz:  3.753 >  0.500
 loglike: 0.0e+00 | params: [-0.49356265 -1.38967235  0.12748865  0.72686117  1.90083373  2.6356441
  3.75864717 31.1147833 ]
 Average call time: 1.61 sec | Current time: 2019-06-26 13:45:57.631875
 --------------------------
iter: 12 | nc: 1 | ncalls: 412 | bounds: 0 | eff(%):  2.913 | logz: -3.6e+00 +/- 9.4e-02 | dlogz:  3.654 >  0.500
 loglike: 0.0e+00 | params: [-0.98817451 -1.0615595   0.54091411  0.20706949  2.61905396  5.0218195
  4.67235325 28.52096338]
 Average call time: 1.61 sec | Current time: 2019-06-26 13:45:59.239694
 --------------------------
iter: 13 | nc: 1 | ncalls: 413 | bounds: 0 | eff(%):  3.148 | logz: -3.5e+00 +/- 9.3e-02 | dlogz:  3.565 >  0.500
 loglike: 0.0e+00 | params: [-0.7383776  -1.47299657 -0.04803517 -0.26223143  2.98279657  1.57192876
  3.44885449 31.96514107]
 Average call time: 1.86 sec | Current time: 2019-06-26 13:46:01.095796
 --------------------------
iter: 14 | nc: 1 | ncalls: 414 | bounds: 0 | eff(%):  3.382 | logz: -3.4e+00 +/- 9.2e-02 | dlogz:  3.483 >  0.500
 loglike: 0.0e+00 | params: [ 0.35706932 -1.34537694 -0.18229221 -0.55206714  0.4440165   2.97208432
  4.2184737  28.79538191]
 Average call time: 1.60 sec | Current time: 2019-06-26 13:46:02.699205
 --------------------------
iter: 15 | nc: 1 | ncalls: 415 | bounds: 0 | eff(%):  3.614 | logz: -3.3e+00 +/- 9.1e-02 | dlogz:  3.407 >  0.500
 loglike: 0.0e+00 | params: [-0.72059382 -1.2948262   1.92713309  1.63616651  0.74717794  3.23348657
  4.19295018 29.7848834 ]
 Average call time: 1.61 sec | Current time: 2019-06-26 13:46:04.306165
 --------------------------
iter: 16 | nc: 1 | ncalls: 416 | bounds: 0 | eff(%):  3.846 | logz: -3.3e+00 +/- 9.0e-02 | dlogz:  3.337 >  0.500
 loglike: 0.0e+00 | params: [-0.95329725 -0.64576616  0.68290967  1.41893718  2.52925074  1.76751715
  5.06676766 28.77771619]
 Average call time: 1.85 sec | Current time: 2019-06-26 13:46:06.159417
 --------------------------
iter: 17 | nc: 1 | ncalls: 417 | bounds: 0 | eff(%):  4.077 | logz: -3.2e+00 +/- 9.0e-02 | dlogz:  3.271 >  0.500
 loglike: 0.0e+00 | params: [-0.62010499 -0.61447332  1.02579153  0.96812036  3.23730679  4.06791276
  4.888579   28.42313101]
 Average call time: 1.88 sec | Current time: 2019-06-26 13:46:08.044412
 --------------------------
iter: 18 | nc: 1 | ncalls: 418 | bounds: 0 | eff(%):  4.306 | logz: -3.2e+00 +/- 8.9e-02 | dlogz:  3.210 >  0.500
 loglike: 0.0e+00 | params: [-0.67769295 -0.76336835 -0.78060119  2.55111446  0.84958876  3.70976141
  3.4301455  28.68787641]
 Average call time: 1.60 sec | Current time: 2019-06-26 13:46:09.646559
 --------------------------
iter: 19 | nc: 1 | ncalls: 419 | bounds: 0 | eff(%):  4.535 | logz: -3.1e+00 +/- 8.8e-02 | dlogz:  3.152 >  0.500
 loglike: 0.0e+00 | params: [-0.28108114 -1.3245844  -0.30594873  0.13587571  1.44534619  1.96467972
  3.57636964 31.74256078]
 Average call time: 1.85 sec | Current time: 2019-06-26 13:46:11.500437
 --------------------------
iter: 20 | nc: 1 | ncalls: 420 | bounds: 0 | eff(%):  4.762 | logz: -3.0e+00 +/- 8.7e-02 | dlogz:  3.098 >  0.500
 loglike: 0.0e+00 | params: [-0.89172449 -1.20214321  2.13526227  1.90933112  3.47441532  4.65609252
  3.07985793 31.73033078]
 Average call time: 1.63 sec | Current time: 2019-06-26 13:46:13.127735
 --------------------------
iter: 21 | nc: 1 | ncalls: 421 | bounds: 0 | eff(%):  4.988 | logz: -3.0e+00 +/- 8.7e-02 | dlogz:  3.047 >  0.500
 loglike: 0.0e+00 | params: [ 0.039829   -0.56093648 -0.14570356 -0.62658245  2.13785096  1.43096294
  5.70020109 30.94554757]
 Average call time: 1.62 sec | Current time: 2019-06-26 13:46:14.751738
 --------------------------
iter: 22 | nc: 1 | ncalls: 422 | bounds: 0 | eff(%):  5.213 | logz: -3.0e+00 +/- 8.6e-02 | dlogz:  2.998 >  0.500
 loglike: 0.0e+00 | params: [-1.92979167e-02 -1.48023702e+00 -1.52186580e+00  2.68500698e+00
  2.48484507e+00  2.51401541e+00  3.76836238e+00  3.01025695e+01]
 Average call time: 1.62 sec | Current time: 2019-06-26 13:46:16.374341
 --------------------------
iter: 23 | nc: 1 | ncalls: 423 | bounds: 0 | eff(%):  5.437 | logz: -2.9e+00 +/- 8.5e-02 | dlogz:  2.951 >  0.500
 loglike: 0.0e+00 | params: [ 0.03253523 -1.99460413  0.0904992   0.71409367  2.95183885  3.70071442
  4.74831661 29.13145525]
 Average call time: 1.86 sec | Current time: 2019-06-26 13:46:18.231701
 --------------------------
iter: 24 | nc: 1 | ncalls: 424 | bounds: 0 | eff(%):  5.660 | logz: -2.9e+00 +/- 8.5e-02 | dlogz:  2.907 >  0.500
 loglike: 0.0e+00 | params: [-0.59823479 -1.56450278 -0.75776827  1.48356394  0.85135097  4.92679047
  3.68644425 30.51994881]
 Average call time: 1.86 sec | Current time: 2019-06-26 13:46:20.087518
 --------------------------
iter: 25 | nc: 1 | ncalls: 425 | bounds: 0 | eff(%):  5.882 | logz: -2.8e+00 +/- 8.4e-02 | dlogz:  2.865 >  0.500
 loglike: 0.0e+00 | params: [-0.87919082 -1.61590232 -0.96028738  2.65580955  3.39942893  4.00059895
  4.1412016  31.67017864]
 Average call time: 1.52 sec | Current time: 2019-06-26 13:46:21.603911
 --------------------------
iter: 26 | nc: 1 | ncalls: 426 | bounds: 0 | eff(%):  6.103 | logz: -2.8e+00 +/- 8.3e-02 | dlogz:  2.824 >  0.500
 loglike: 0.0e+00 | params: [-0.79379172 -0.95637649  0.51569421  0.61739982  2.90859671  4.44952466
  5.61414828 28.42891169]
 Average call time: 1.63 sec | Current time: 2019-06-26 13:46:23.232015
 --------------------------
iter: 27 | nc: 1 | ncalls: 427 | bounds: 0 | eff(%):  6.323 | logz: -2.7e+00 +/- 8.3e-02 | dlogz:  2.786 >  0.500
 loglike: 0.0e+00 | params: [-0.2580374  -0.70726313  0.61227078  3.05372197  3.74293946  4.24280338
  5.51772058 29.8433358 ]
 Average call time: 1.49 sec | Current time: 2019-06-26 13:46:24.717615
 --------------------------
iter: 28 | nc: 1 | ncalls: 428 | bounds: 0 | eff(%):  6.542 | logz: -2.7e+00 +/- 8.2e-02 | dlogz:  2.748 >  0.500
 loglike: 0.0e+00 | params: [-0.96259555 -0.67440845  0.54203314  1.36695922  2.45056558  2.14790845
  5.84833357 28.05258236]
 Average call time: 1.85 sec | Current time: 2019-06-26 13:46:26.563732
 --------------------------
iter: 29 | nc: 1 | ncalls: 429 | bounds: 0 | eff(%):  6.760 | logz: -2.7e+00 +/- 8.2e-02 | dlogz:  2.713 >  0.500
 loglike: 0.0e+00 | params: [-0.6980151  -1.56211819 -1.12589723  1.20211058  2.45882616  2.76224092
  4.37969003 30.34218388]
 Average call time: 1.61 sec | Current time: 2019-06-26 13:46:28.175966
 --------------------------
iter: 30 | nc: 1 | ncalls: 430 | bounds: 0 | eff(%):  6.977 | logz: -2.6e+00 +/- 8.1e-02 | dlogz:  2.678 >  0.500
 loglike: 0.0e+00 | params: [ 0.27345541 -1.21509332  1.48028341  1.33761047  3.66629377  1.68269337
  2.15615092 31.73956255]
 Average call time: 1.87 sec | Current time: 2019-06-26 13:46:30.045112
 --------------------------
iter: 31 | nc: 1 | ncalls: 431 | bounds: 0 | eff(%):  7.193 | logz: -2.6e+00 +/- 8.1e-02 | dlogz:  2.645 >  0.500
 loglike: 0.0e+00 | params: [-0.67754096 -1.5934574   1.56225874  2.37466681  2.16480024  2.32481674
  4.78468527 31.84002215]
 Average call time: 1.86 sec | Current time: 2019-06-26 13:46:31.901312
 --------------------------
iter: 32 | nc: 1 | ncalls: 432 | bounds: 0 | eff(%):  7.407 | logz: -2.6e+00 +/- 8.0e-02 | dlogz:  2.613 >  0.500
 loglike: 0.0e+00 | params: [ 0.44817634 -0.79445543  1.69896063  3.12763199  1.40983538  3.69956553
  4.49258663 28.87241187]
 Average call time: 1.84 sec | Current time: 2019-06-26 13:46:33.736767
 --------------------------
iter: 33 | nc: 1 | ncalls: 433 | bounds: 0 | eff(%):  7.621 | logz: -2.6e+00 +/- 8.0e-02 | dlogz:  2.582 >  0.500
 loglike: 0.0e+00 | params: [ 0.33018265 -1.15479187 -0.57300973  0.7123867  -0.03892941  4.15597558
  3.05344735 29.09728375]
 Average call time: 1.84 sec | Current time: 2019-06-26 13:46:35.579717
 --------------------------
iter: 34 | nc: 1 | ncalls: 434 | bounds: 0 | eff(%):  7.834 | logz: -2.5e+00 +/- 7.9e-02 | dlogz:  2.552 >  0.500
 loglike: 0.0e+00 | params: [-0.80945206 -1.96185075  1.38992428 -0.11506858  3.87508018  1.89233734
  2.10533495 29.90146697]
 Average call time: 1.61 sec | Current time: 2019-06-26 13:46:37.186936
 --------------------------
iter: 35 | nc: 1 | ncalls: 435 | bounds: 0 | eff(%):  8.046 | logz: -2.5e+00 +/- 7.9e-02 | dlogz:  2.523 >  0.500
 loglike: 0.0e+00 | params: [ 0.4554934  -1.92046398 -0.59126325  2.77664173  1.28638919  2.31157557
  2.97511481 30.66711517]
 Average call time: 1.85 sec | Current time: 2019-06-26 13:46:39.035448
 --------------------------
iter: 36 | nc: 1 | ncalls: 436 | bounds: 0 | eff(%):  8.257 | logz: -2.5e+00 +/- 7.9e-02 | dlogz:  2.495 >  0.500
 loglike: 0.0e+00 | params: [ 0.38053071 -0.70844712 -1.06002542  1.81957008  0.21220593  4.44482266
  4.62852284 28.76106821]
 Average call time: 1.60 sec | Current time: 2019-06-26 13:46:40.631614
 --------------------------
