Using pcmdpy version 0.9.3
Loading Setup File: setup_files/NGC3377/NGC3377_model17.py
(2, 27593)
Running Nested Sampling
-initializing models
-Saving initial results dataframe
iter: 1 | nc: 1 | ncalls: 201 | bounds: 0 | eff(%):  0.498 | logz: -8.0e+05 +/- 2.4e-01 | dlogz:    inf >  0.500
 loglike: -8.0e+05 | params: [-0.38559319 -1.99428492  7.22408618  9.92367682 25.06546277]
 Average call time: 2.29 sec | Current time: 2019-07-12 10:05:41.361415
 --------------------------
iter: 2 | nc: 1 | ncalls: 202 | bounds: 0 | eff(%):  0.990 | logz: -7.9e+05 +/- 2.4e-01 | dlogz: 800920.728 >  0.500
 loglike: -7.9e+05 | params: [-0.91918947 -1.54835159  7.39202845  9.58675989 26.19380898]
 Average call time: 2.60 sec | Current time: 2019-07-12 10:05:43.960239
 --------------------------
iter: 3 | nc: 1 | ncalls: 203 | bounds: 0 | eff(%):  1.478 | logz: -7.8e+05 +/- 2.4e-01 | dlogz: 793456.480 >  0.500
 loglike: -7.8e+05 | params: [-0.98597714 -1.09935138  7.36344859  9.88982628 25.84773843]
 Average call time: 2.42 sec | Current time: 2019-07-12 10:05:46.383808
 --------------------------
iter: 4 | nc: 1 | ncalls: 204 | bounds: 0 | eff(%):  1.961 | logz: -7.3e+05 +/- 2.4e-01 | dlogz: 779614.248 >  0.500
 loglike: -7.3e+05 | params: [-0.70184216 -1.55604638  7.04860407  9.97000405 25.81523097]
 Average call time: 2.70 sec | Current time: 2019-07-12 10:05:49.080676
 --------------------------
iter: 5 | nc: 1 | ncalls: 205 | bounds: 0 | eff(%):  2.439 | logz: -6.8e+05 +/- 2.4e-01 | dlogz: 732596.849 >  0.500
 loglike: -6.8e+05 | params: [-0.76710399 -1.63900804  7.23045154  9.59111086 27.72846585]
 Average call time: 2.28 sec | Current time: 2019-07-12 10:05:51.361071
 --------------------------
iter: 6 | nc: 2 | ncalls: 207 | bounds: 0 | eff(%):  2.899 | logz: -6.8e+05 +/- 2.5e-01 | dlogz: 680301.517 >  0.500
 loglike: -6.8e+05 | params: [-0.22054683 -1.79220899  6.75058684  9.65690604 26.38659327]
 Average call time: 2.76 sec | Current time: 2019-07-12 10:05:56.890996
 --------------------------
iter: 7 | nc: 1 | ncalls: 208 | bounds: 0 | eff(%):  3.365 | logz: -6.7e+05 +/- 2.5e-01 | dlogz: 677549.942 >  0.500
 loglike: -6.7e+05 | params: [-0.09101749 -1.03520348  7.30554889 10.15102017 26.84679832]
 Average call time: 2.27 sec | Current time: 2019-07-12 10:05:59.159223
 --------------------------
iter: 8 | nc: 1 | ncalls: 209 | bounds: 0 | eff(%):  3.828 | logz: -6.4e+05 +/- 2.5e-01 | dlogz: 672846.403 >  0.500
 loglike: -6.4e+05 | params: [-0.51520778 -1.4095182   6.6233914   9.7009437  26.73067227]
 Average call time: 2.28 sec | Current time: 2019-07-12 10:06:01.437496
 --------------------------
iter: 9 | nc: 1 | ncalls: 210 | bounds: 0 | eff(%):  4.286 | logz: -6.3e+05 +/- 2.5e-01 | dlogz: 635576.057 >  0.500
 loglike: -6.3e+05 | params: [-0.80233529 -1.07282014  6.46677948  9.77491217 26.40570646]
 Average call time: 2.24 sec | Current time: 2019-07-12 10:06:03.674155
 --------------------------
iter: 10 | nc: 1 | ncalls: 211 | bounds: 0 | eff(%):  4.739 | logz: -6.2e+05 +/- 2.5e-01 | dlogz: 626937.145 >  0.500
 loglike: -6.2e+05 | params: [-0.50498892 -1.39332478  6.43295873  9.93957555 26.17923058]
 Average call time: 2.81 sec | Current time: 2019-07-12 10:06:06.479949
 --------------------------
iter: 11 | nc: 1 | ncalls: 212 | bounds: 0 | eff(%):  5.189 | logz: -6.1e+05 +/- 2.5e-01 | dlogz: 616441.810 >  0.500
 loglike: -6.1e+05 | params: [ 0.17094599 -1.17850605  7.22045854  9.92696926 27.90081822]
 Average call time: 2.28 sec | Current time: 2019-07-12 10:06:08.761318
 --------------------------
iter: 12 | nc: 1 | ncalls: 213 | bounds: 0 | eff(%):  5.634 | logz: -6.0e+05 +/- 2.5e-01 | dlogz: 610729.830 >  0.500
 loglike: -6.0e+05 | params: [ 0.21552985 -1.03589879  7.24628438  9.91381585 28.11503319]
 Average call time: 2.28 sec | Current time: 2019-07-12 10:06:11.045302
 --------------------------
iter: 13 | nc: 1 | ncalls: 214 | bounds: 0 | eff(%):  6.075 | logz: -5.9e+05 +/- 2.5e-01 | dlogz: 604051.570 >  0.500
 loglike: -5.9e+05 | params: [-0.55203898 -1.13839038  6.93484317 10.03800828 27.61231641]
 Average call time: 2.29 sec | Current time: 2019-07-12 10:06:13.337219
 --------------------------
iter: 14 | nc: 1 | ncalls: 215 | bounds: 0 | eff(%):  6.512 | logz: -5.9e+05 +/- 2.5e-01 | dlogz: 594322.915 >  0.500
 loglike: -5.9e+05 | params: [ 0.26903703 -1.52667012  6.91533016  9.65819687 28.04153739]
 Average call time: 2.27 sec | Current time: 2019-07-12 10:06:15.606138
 --------------------------
iter: 15 | nc: 1 | ncalls: 216 | bounds: 0 | eff(%):  6.944 | logz: -5.7e+05 +/- 2.5e-01 | dlogz: 586833.386 >  0.500
 loglike: -5.7e+05 | params: [-0.92179549 -1.90727068  6.82193778  9.61770568 28.62886612]
 Average call time: 2.27 sec | Current time: 2019-07-12 10:06:17.880571
 --------------------------
iter: 16 | nc: 1 | ncalls: 217 | bounds: 0 | eff(%):  7.373 | logz: -5.7e+05 +/- 2.5e-01 | dlogz: 567891.045 >  0.500
 loglike: -5.7e+05 | params: [-0.98740151 -1.52845105  6.61453267 10.14622579 27.31436134]
 Average call time: 2.28 sec | Current time: 2019-07-12 10:06:20.163334
 --------------------------
iter: 17 | nc: 1 | ncalls: 218 | bounds: 0 | eff(%):  7.798 | logz: -5.5e+05 +/- 2.5e-01 | dlogz: 565311.311 >  0.500
 loglike: -5.5e+05 | params: [-0.43986444 -1.98759302  7.03142003 10.11129325 28.51746822]
 Average call time: 2.35 sec | Current time: 2019-07-12 10:06:22.515438
 --------------------------
iter: 18 | nc: 1 | ncalls: 219 | bounds: 0 | eff(%):  8.219 | logz: -5.5e+05 +/- 2.5e-01 | dlogz: 553447.693 >  0.500
 loglike: -5.5e+05 | params: [-0.7729071  -1.66482534  5.44531066  9.55133978 25.55006395]
 Average call time: 2.25 sec | Current time: 2019-07-12 10:06:24.765484
 --------------------------
iter: 19 | nc: 1 | ncalls: 220 | bounds: 0 | eff(%):  8.636 | logz: -5.4e+05 +/- 2.5e-01 | dlogz: 551245.965 >  0.500
 loglike: -5.4e+05 | params: [ 9.24231894e-03 -1.91252839e+00  6.82179564e+00  1.00477252e+01
  2.81730441e+01]
 Average call time: 2.28 sec | Current time: 2019-07-12 10:06:27.043851
 --------------------------
iter: 20 | nc: 1 | ncalls: 221 | bounds: 0 | eff(%):  9.050 | logz: -5.2e+05 +/- 2.5e-01 | dlogz: 537761.965 >  0.500
 loglike: -5.2e+05 | params: [-0.97902378 -1.39102286  7.43139828  9.65687492 30.87217718]
 Average call time: 2.30 sec | Current time: 2019-07-12 10:06:29.339586
 --------------------------
iter: 21 | nc: 1 | ncalls: 222 | bounds: 0 | eff(%):  9.459 | logz: -5.0e+05 +/- 2.5e-01 | dlogz: 520987.118 >  0.500
 loglike: -5.0e+05 | params: [-0.5927996  -1.96556913  5.26251354  9.86414032 25.41955814]
 Average call time: 2.38 sec | Current time: 2019-07-12 10:06:31.717472
 --------------------------
iter: 22 | nc: 1 | ncalls: 223 | bounds: 0 | eff(%):  9.865 | logz: -5.0e+05 +/- 2.5e-01 | dlogz: 501202.823 >  0.500
 loglike: -5.0e+05 | params: [-0.05106503 -1.17124935  5.77866256  9.73483616 26.67694677]
 Average call time: 2.24 sec | Current time: 2019-07-12 10:06:33.961287
 --------------------------
iter: 23 | nc: 1 | ncalls: 224 | bounds: 0 | eff(%): 10.268 | logz: -4.9e+05 +/- 2.5e-01 | dlogz: 495664.169 >  0.500
 loglike: -4.9e+05 | params: [-0.30566152 -1.15281333  5.56814157  9.75750361 26.37983009]
 Average call time: 2.88 sec | Current time: 2019-07-12 10:06:36.837548
 --------------------------
iter: 24 | nc: 2 | ncalls: 226 | bounds: 0 | eff(%): 10.619 | logz: -4.9e+05 +/- 2.5e-01 | dlogz: 488464.520 >  0.500
 loglike: -4.9e+05 | params: [-0.90399517 -1.49410305  7.10056027  9.60427334 30.69478793]
 Average call time: 2.26 sec | Current time: 2019-07-12 10:06:41.348426
 --------------------------
iter: 25 | nc: 2 | ncalls: 228 | bounds: 0 | eff(%): 10.965 | logz: -4.8e+05 +/- 2.5e-01 | dlogz: 486054.497 >  0.500
 loglike: -4.8e+05 | params: [-0.33650163 -1.61933068  6.49559081  9.99837353 28.55000826]
 Average call time: 2.32 sec | Current time: 2019-07-12 10:06:45.979708
 --------------------------
iter: 26 | nc: 1 | ncalls: 229 | bounds: 0 | eff(%): 11.354 | logz: -4.7e+05 +/- 2.5e-01 | dlogz: 479287.500 >  0.500
 loglike: -4.7e+05 | params: [ 0.33484407 -1.83153171  6.80138578  9.99194295 29.22108654]
 Average call time: 2.28 sec | Current time: 2019-07-12 10:06:48.259092
 --------------------------
iter: 27 | nc: 1 | ncalls: 230 | bounds: 0 | eff(%): 11.739 | logz: -4.7e+05 +/- 2.5e-01 | dlogz: 468478.350 >  0.500
 loglike: -4.7e+05 | params: [ 0.13620915 -1.01165024  6.30840575  9.74078676 28.35391243]
 Average call time: 2.25 sec | Current time: 2019-07-12 10:06:50.504943
 --------------------------
iter: 28 | nc: 2 | ncalls: 232 | bounds: 0 | eff(%): 12.069 | logz: -4.6e+05 +/- 2.5e-01 | dlogz: 468071.847 >  0.500
 loglike: -4.6e+05 | params: [-0.85578093 -1.18065763  5.27763903 10.0485417  25.77135403]
 Average call time: 2.26 sec | Current time: 2019-07-12 10:06:55.029471
 --------------------------
iter: 29 | nc: 1 | ncalls: 233 | bounds: 0 | eff(%): 12.446 | logz: -4.6e+05 +/- 2.5e-01 | dlogz: 463709.976 >  0.500
 loglike: -4.6e+05 | params: [ 0.08998769 -1.09991216  6.1749828   9.91940835 27.91125245]
 Average call time: 2.28 sec | Current time: 2019-07-12 10:06:57.310756
 --------------------------
iter: 30 | nc: 1 | ncalls: 234 | bounds: 0 | eff(%): 12.821 | logz: -4.6e+05 +/- 2.5e-01 | dlogz: 462978.667 >  0.500
 loglike: -4.6e+05 | params: [-0.96069329 -1.4994003   4.66876265  9.65628763 25.01689682]
 Average call time: 3.89 sec | Current time: 2019-07-12 10:07:01.196065
 --------------------------
iter: 31 | nc: 2 | ncalls: 236 | bounds: 0 | eff(%): 13.136 | logz: -4.6e+05 +/- 2.5e-01 | dlogz: 459801.795 >  0.500
 loglike: -4.6e+05 | params: [-0.27542069 -1.87466839  7.2867251   9.51191808 31.76570765]
 Average call time: 2.26 sec | Current time: 2019-07-12 10:07:05.714969
 --------------------------
iter: 32 | nc: 1 | ncalls: 237 | bounds: 0 | eff(%): 13.502 | logz: -4.4e+05 +/- 2.5e-01 | dlogz: 455265.547 >  0.500
 loglike: -4.4e+05 | params: [-0.07579112 -1.78070883  6.735142    9.95350544 29.73002945]
 Average call time: 2.25 sec | Current time: 2019-07-12 10:07:07.967503
 --------------------------
iter: 33 | nc: 1 | ncalls: 238 | bounds: 0 | eff(%): 13.866 | logz: -4.4e+05 +/- 2.5e-01 | dlogz: 442722.292 >  0.500
 loglike: -4.4e+05 | params: [ 0.04690971 -1.7417035   6.99484692  9.87265073 30.57964419]
 Average call time: 2.28 sec | Current time: 2019-07-12 10:07:10.250330
 --------------------------
iter: 34 | nc: 1 | ncalls: 239 | bounds: 0 | eff(%): 14.226 | logz: -4.4e+05 +/- 2.5e-01 | dlogz: 441539.939 >  0.500
 loglike: -4.4e+05 | params: [-0.77524943 -1.25393659  6.48604195  9.94360804 29.38309881]
 Average call time: 2.25 sec | Current time: 2019-07-12 10:07:12.501686
 --------------------------
iter: 35 | nc: 3 | ncalls: 242 | bounds: 0 | eff(%): 14.463 | logz: -4.3e+05 +/- 2.5e-01 | dlogz: 438555.387 >  0.500
 loglike: -4.3e+05 | params: [-0.03978582 -1.28494751  5.9305351  10.17969973 27.46049238]
 Average call time: 2.26 sec | Current time: 2019-07-12 10:07:19.291143
 --------------------------
iter: 36 | nc: 1 | ncalls: 243 | bounds: 0 | eff(%): 14.815 | logz: -4.3e+05 +/- 2.5e-01 | dlogz: 434655.278 >  0.500
 loglike: -4.3e+05 | params: [ 0.40768339 -1.06135754  5.97026728 10.13751453 27.37224709]
 Average call time: 2.27 sec | Current time: 2019-07-12 10:07:21.562356
 --------------------------
iter: 37 | nc: 1 | ncalls: 244 | bounds: 0 | eff(%): 15.164 | logz: -4.3e+05 +/- 2.5e-01 | dlogz: 431309.442 >  0.500
 loglike: -4.3e+05 | params: [-0.06583512 -1.50631735  6.5432262   9.99846789 29.43908981]
 Average call time: 2.25 sec | Current time: 2019-07-12 10:07:23.808681
 --------------------------
iter: 38 | nc: 1 | ncalls: 245 | bounds: 0 | eff(%): 15.510 | logz: -4.3e+05 +/- 2.5e-01 | dlogz: 427631.866 >  0.500
 loglike: -4.3e+05 | params: [-0.55460907 -1.62805569  6.46619615 10.13079767 29.27303785]
 Average call time: 2.29 sec | Current time: 2019-07-12 10:07:26.096793
 --------------------------
iter: 39 | nc: 1 | ncalls: 246 | bounds: 0 | eff(%): 15.854 | logz: -4.2e+05 +/- 2.5e-01 | dlogz: 425056.613 >  0.500
 loglike: -4.2e+05 | params: [-0.51908798 -1.40769811  5.16031463  9.85869925 26.44756458]
 Average call time: 2.27 sec | Current time: 2019-07-12 10:07:28.371030
 --------------------------
iter: 40 | nc: 1 | ncalls: 247 | bounds: 0 | eff(%): 16.194 | logz: -4.2e+05 +/- 2.5e-01 | dlogz: 423240.334 >  0.500
 loglike: -4.2e+05 | params: [-0.95344771 -1.63676024  5.88433075  9.8328966  28.4441697 ]
 Average call time: 2.38 sec | Current time: 2019-07-12 10:07:30.755143
 --------------------------
iter: 41 | nc: 1 | ncalls: 248 | bounds: 0 | eff(%): 16.532 | logz: -4.1e+05 +/- 2.5e-01 | dlogz: 418718.359 >  0.500
 loglike: -4.1e+05 | params: [ 0.08785893 -1.02621109  4.71289126  9.8113586  25.22111178]
 Average call time: 2.26 sec | Current time: 2019-07-12 10:07:33.013759
 --------------------------
iter: 42 | nc: 1 | ncalls: 249 | bounds: 0 | eff(%): 16.867 | logz: -4.1e+05 +/- 2.5e-01 | dlogz: 414231.627 >  0.500
 loglike: -4.1e+05 | params: [ 0.17371699 -1.23839609  6.98641868  9.96103595 30.68367582]
 Average call time: 2.27 sec | Current time: 2019-07-12 10:07:35.283094
 --------------------------
iter: 43 | nc: 1 | ncalls: 250 | bounds: 0 | eff(%): 17.200 | logz: -4.1e+05 +/- 2.5e-01 | dlogz: 413969.246 >  0.500
 loglike: -4.1e+05 | params: [-0.43918023 -1.59848921  7.05059648  9.67140119 31.6401268 ]
 Average call time: 8.14 sec | Current time: 2019-07-12 10:07:43.421517
 --------------------------
iter: 44 | nc: 1 | ncalls: 251 | bounds: 0 | eff(%): 17.530 | logz: -4.1e+05 +/- 2.5e-01 | dlogz: 412126.726 >  0.500
 loglike: -4.1e+05 | params: [-0.22899362 -1.13112911  5.82208349 10.13251394 27.77614998]
 Average call time: 2.26 sec | Current time: 2019-07-12 10:07:45.684349
 --------------------------
iter: 45 | nc: 1 | ncalls: 252 | bounds: 0 | eff(%): 17.857 | logz: -4.1e+05 +/- 2.5e-01 | dlogz: 408853.299 >  0.500
 loglike: -4.1e+05 | params: [-0.36570105 -1.06651391  7.46382596  9.88348719 32.30234572]
 Average call time: 2.26 sec | Current time: 2019-07-12 10:07:47.947480
 --------------------------
iter: 46 | nc: 1 | ncalls: 253 | bounds: 0 | eff(%): 18.182 | logz: -4.0e+05 +/- 2.5e-01 | dlogz: 405762.759 >  0.500
 loglike: -4.0e+05 | params: [-0.14101113 -1.8793378   7.49978234 10.19816624 31.94712143]
 Average call time: 2.30 sec | Current time: 2019-07-12 10:07:50.250411
 --------------------------
iter: 47 | nc: 2 | ncalls: 255 | bounds: 0 | eff(%): 18.431 | logz: -4.0e+05 +/- 2.5e-01 | dlogz: 402406.451 >  0.500
 loglike: -4.0e+05 | params: [ 0.32592675 -1.25863947  4.5942648   9.59467629 25.39883653]
 Average call time: 2.25 sec | Current time: 2019-07-12 10:07:54.755338
 --------------------------
iter: 48 | nc: 1 | ncalls: 256 | bounds: 0 | eff(%): 18.750 | logz: -4.0e+05 +/- 2.5e-01 | dlogz: 400696.156 >  0.500
 loglike: -4.0e+05 | params: [-0.9609447  -1.88210632  6.47625828  9.596932   30.69471136]
 Average call time: 2.27 sec | Current time: 2019-07-12 10:07:57.023483
 --------------------------
iter: 49 | nc: 1 | ncalls: 257 | bounds: 0 | eff(%): 19.066 | logz: -3.9e+05 +/- 2.5e-01 | dlogz: 397839.094 >  0.500
 loglike: -3.9e+05 | params: [-0.89063467 -1.34916093  6.03411689 10.15247086 28.7640416 ]
 Average call time: 2.36 sec | Current time: 2019-07-12 10:07:59.382952
 --------------------------
iter: 50 | nc: 1 | ncalls: 258 | bounds: 0 | eff(%): 19.380 | logz: -3.9e+05 +/- 2.5e-01 | dlogz: 394060.913 >  0.500
 loglike: -3.9e+05 | params: [-0.14937818 -1.18165502  7.13392382  9.63503099 32.12844024]
 Average call time: 2.31 sec | Current time: 2019-07-12 10:08:01.692732
 --------------------------
iter: 51 | nc: 1 | ncalls: 259 | bounds: 0 | eff(%): 19.691 | logz: -3.8e+05 +/- 2.5e-01 | dlogz: 385487.644 >  0.500
 loglike: -3.8e+05 | params: [-0.48757216 -1.1887008   6.73625881  9.96619176 30.88786548]
 Average call time: 2.31 sec | Current time: 2019-07-12 10:08:04.001271
 --------------------------
iter: 52 | nc: 3 | ncalls: 262 | bounds: 0 | eff(%): 19.847 | logz: -3.8e+05 +/- 2.5e-01 | dlogz: 382999.897 >  0.500
 loglike: -3.8e+05 | params: [-0.95816919 -1.42669867  6.33385866  9.7943587  30.25266837]
 Average call time: 3.14 sec | Current time: 2019-07-12 10:08:13.416699
 --------------------------
iter: 53 | nc: 2 | ncalls: 264 | bounds: 0 | eff(%): 20.076 | logz: -3.8e+05 +/- 2.5e-01 | dlogz: 382631.421 >  0.500
 loglike: -3.8e+05 | params: [-0.10453934 -1.37153246  7.39590625  9.62342167 32.99977413]
 Average call time: 2.28 sec | Current time: 2019-07-12 10:08:17.981418
 --------------------------
iter: 54 | nc: 1 | ncalls: 265 | bounds: 0 | eff(%): 20.377 | logz: -3.8e+05 +/- 2.5e-01 | dlogz: 378001.729 >  0.500
 loglike: -3.8e+05 | params: [ 0.18671297 -1.78116647  5.97717502  9.81787773 29.08262327]
 Average call time: 2.27 sec | Current time: 2019-07-12 10:08:20.252555
 --------------------------
iter: 55 | nc: 2 | ncalls: 267 | bounds: 0 | eff(%): 20.599 | logz: -3.7e+05 +/- 2.5e-01 | dlogz: 375465.127 >  0.500
 loglike: -3.7e+05 | params: [-0.4726429  -1.55705432  4.97696061  9.93229264 26.77117488]
 Average call time: 7.64 sec | Current time: 2019-07-12 10:08:35.542613
 --------------------------
iter: 56 | nc: 1 | ncalls: 268 | bounds: 0 | eff(%): 20.896 | logz: -3.7e+05 +/- 2.5e-01 | dlogz: 368964.063 >  0.500
 loglike: -3.7e+05 | params: [ 0.25148275 -1.88294213  4.63861388 10.11114093 25.38707837]
 Average call time: 2.39 sec | Current time: 2019-07-12 10:08:37.933944
 --------------------------
iter: 57 | nc: 1 | ncalls: 269 | bounds: 0 | eff(%): 21.190 | logz: -3.7e+05 +/- 2.5e-01 | dlogz: 367859.722 >  0.500
 loglike: -3.7e+05 | params: [-0.71257499 -1.36169698  6.49478769  9.82887896 30.80353033]
 Average call time: 2.27 sec | Current time: 2019-07-12 10:08:40.200680
 --------------------------
iter: 58 | nc: 1 | ncalls: 270 | bounds: 0 | eff(%): 21.481 | logz: -3.6e+05 +/- 2.5e-01 | dlogz: 366521.990 >  0.500
 loglike: -3.6e+05 | params: [-0.95802357 -1.13640872  7.49178456  9.72771688 33.50260834]
 Average call time: 2.57 sec | Current time: 2019-07-12 10:08:42.772846
 --------------------------
iter: 59 | nc: 1 | ncalls: 271 | bounds: 0 | eff(%): 21.771 | logz: -3.6e+05 +/- 2.5e-01 | dlogz: 363528.808 >  0.500
 loglike: -3.6e+05 | params: [-0.74008255 -1.42004718  5.86426499 10.01128163 29.03995816]
 Average call time: 4.48 sec | Current time: 2019-07-12 10:08:47.253398
 --------------------------
iter: 60 | nc: 1 | ncalls: 272 | bounds: 0 | eff(%): 22.059 | logz: -3.6e+05 +/- 2.5e-01 | dlogz: 362321.335 >  0.500
 loglike: -3.6e+05 | params: [-0.61500185 -1.30029674  6.90941338 10.18858463 31.40912812]
 Average call time: 2.46 sec | Current time: 2019-07-12 10:08:49.714702
 --------------------------
iter: 61 | nc: 1 | ncalls: 273 | bounds: 0 | eff(%): 22.344 | logz: -3.5e+05 +/- 2.5e-01 | dlogz: 355391.547 >  0.500
 loglike: -3.5e+05 | params: [ 0.40120378 -1.52920664  4.5741571   9.68408633 25.98896709]
 Average call time: 2.22 sec | Current time: 2019-07-12 10:08:51.933941
 --------------------------
iter: 62 | nc: 1 | ncalls: 274 | bounds: 0 | eff(%): 22.628 | logz: -3.5e+05 +/- 2.5e-01 | dlogz: 353267.931 >  0.500
 loglike: -3.5e+05 | params: [-0.34466024 -1.387851    7.00918845  9.93801567 32.05997565]
 Average call time: 2.28 sec | Current time: 2019-07-12 10:08:54.210137
 --------------------------
iter: 63 | nc: 1 | ncalls: 275 | bounds: 0 | eff(%): 22.909 | logz: -3.5e+05 +/- 2.5e-01 | dlogz: 351682.991 >  0.500
 loglike: -3.5e+05 | params: [-0.33204135 -1.02639074  6.28665789  9.69888786 30.55786391]
 Average call time: 2.28 sec | Current time: 2019-07-12 10:08:56.493995
 --------------------------
iter: 64 | nc: 1 | ncalls: 276 | bounds: 0 | eff(%): 23.188 | logz: -3.5e+05 +/- 2.5e-01 | dlogz: 351654.476 >  0.500
 loglike: -3.5e+05 | params: [-0.12151129 -1.13036201  6.49336176 10.04499413 30.48433108]
 Average call time: 2.27 sec | Current time: 2019-07-12 10:08:58.761445
 --------------------------
iter: 65 | nc: 1 | ncalls: 277 | bounds: 0 | eff(%): 23.466 | logz: -3.5e+05 +/- 2.5e-01 | dlogz: 350221.742 >  0.500
 loglike: -3.5e+05 | params: [-0.31691517 -1.844337    7.47571705 10.12278376 33.03749399]
 Average call time: 2.24 sec | Current time: 2019-07-12 10:09:01.001027
 --------------------------
iter: 66 | nc: 2 | ncalls: 279 | bounds: 0 | eff(%): 23.656 | logz: -3.5e+05 +/- 2.5e-01 | dlogz: 350214.783 >  0.500
 loglike: -3.5e+05 | params: [ 0.19826954 -1.85719722  6.33399471 10.11566827 29.99920164]
 Average call time: 2.29 sec | Current time: 2019-07-12 10:09:05.585940
 --------------------------
iter: 67 | nc: 1 | ncalls: 280 | bounds: 0 | eff(%): 23.929 | logz: -3.4e+05 +/- 2.5e-01 | dlogz: 346439.123 >  0.500
 loglike: -3.4e+05 | params: [-0.4632741  -1.49900487  5.60077761  9.99889142 28.70250755]
 Average call time: 2.26 sec | Current time: 2019-07-12 10:09:07.845420
 --------------------------
iter: 68 | nc: 1 | ncalls: 281 | bounds: 0 | eff(%): 24.199 | logz: -3.4e+05 +/- 2.5e-01 | dlogz: 342385.930 >  0.500
 loglike: -3.4e+05 | params: [-0.91495749 -1.89672715  4.41189418  9.97226002 25.90894844]
 Average call time: 2.25 sec | Current time: 2019-07-12 10:09:10.095145
 --------------------------
iter: 69 | nc: 1 | ncalls: 282 | bounds: 0 | eff(%): 24.468 | logz: -3.4e+05 +/- 2.5e-01 | dlogz: 341017.269 >  0.500
 loglike: -3.4e+05 | params: [ 0.41009354 -1.11974448  4.24887018  9.51211705 25.68654641]
 Average call time: 2.30 sec | Current time: 2019-07-12 10:09:12.392305
 --------------------------
iter: 70 | nc: 1 | ncalls: 283 | bounds: 0 | eff(%): 24.735 | logz: -3.4e+05 +/- 2.5e-01 | dlogz: 340210.629 >  0.500
 loglike: -3.4e+05 | params: [-0.59864746 -1.06717301  6.45687035  9.60181023 31.4700361 ]
 Average call time: 7.38 sec | Current time: 2019-07-12 10:09:19.776650
 --------------------------
iter: 71 | nc: 2 | ncalls: 285 | bounds: 0 | eff(%): 24.912 | logz: -3.4e+05 +/- 2.5e-01 | dlogz: 339314.066 >  0.500
 loglike: -3.4e+05 | params: [ 0.27537762 -1.04851113  5.59787278  9.55331378 29.10077943]
 Average call time: 4.52 sec | Current time: 2019-07-12 10:09:28.819730
 --------------------------
iter: 72 | nc: 1 | ncalls: 286 | bounds: 0 | eff(%): 25.175 | logz: -3.4e+05 +/- 2.5e-01 | dlogz: 337829.403 >  0.500
 loglike: -3.4e+05 | params: [-2.29327852e-02 -1.60279742e+00  6.23238086e+00  9.72178529e+00
  3.06809865e+01]
 Average call time: 2.27 sec | Current time: 2019-07-12 10:09:31.091792
 --------------------------
iter: 73 | nc: 1 | ncalls: 287 | bounds: 0 | eff(%): 25.436 | logz: -3.3e+05 +/- 2.5e-01 | dlogz: 337504.284 >  0.500
 loglike: -3.3e+05 | params: [-0.64177002 -1.16975427  5.96858506  9.9105353  29.92867853]
 Average call time: 2.24 sec | Current time: 2019-07-12 10:09:33.335793
 --------------------------
iter: 74 | nc: 1 | ncalls: 288 | bounds: 0 | eff(%): 25.694 | logz: -3.3e+05 +/- 2.5e-01 | dlogz: 332279.248 >  0.500
 loglike: -3.3e+05 | params: [-0.93810418 -1.82513224  4.02058449  9.73842461 25.44768916]
 Average call time: 2.79 sec | Current time: 2019-07-12 10:09:36.121727
 --------------------------
iter: 75 | nc: 1 | ncalls: 289 | bounds: 0 | eff(%): 25.952 | logz: -3.3e+05 +/- 2.5e-01 | dlogz: 328830.625 >  0.500
 loglike: -3.3e+05 | params: [-1.16897670e-02 -1.81673365e+00  6.28446785e+00  9.92865720e+00
  3.05565338e+01]
 Average call time: 5.73 sec | Current time: 2019-07-12 10:09:41.855033
 --------------------------
iter: 76 | nc: 1 | ncalls: 290 | bounds: 0 | eff(%): 26.207 | logz: -3.3e+05 +/- 2.5e-01 | dlogz: 328673.277 >  0.500
 loglike: -3.3e+05 | params: [-0.71882546 -1.78510487  6.06512393 10.16142252 30.01550555]
 Average call time: 2.27 sec | Current time: 2019-07-12 10:09:44.126551
 --------------------------
iter: 77 | nc: 1 | ncalls: 291 | bounds: 0 | eff(%): 26.460 | logz: -3.3e+05 +/- 2.5e-01 | dlogz: 327415.099 >  0.500
 loglike: -3.3e+05 | params: [ 0.36818433 -1.20947587  7.4524888  10.17116123 32.91964135]
 Average call time: 2.28 sec | Current time: 2019-07-12 10:09:46.403803
 --------------------------
iter: 78 | nc: 3 | ncalls: 294 | bounds: 0 | eff(%): 26.531 | logz: -3.3e+05 +/- 2.5e-01 | dlogz: 326965.359 >  0.500
 loglike: -3.3e+05 | params: [-0.24616065 -1.46312181  6.4152124   9.53998095 31.69421743]
 Average call time: 2.26 sec | Current time: 2019-07-12 10:09:53.178252
 --------------------------
iter: 79 | nc: 2 | ncalls: 296 | bounds: 0 | eff(%): 26.689 | logz: -3.2e+05 +/- 2.5e-01 | dlogz: 325411.011 >  0.500
 loglike: -3.2e+05 | params: [-0.26896618 -1.7332593   5.13006661 10.0274806  27.70584228]
 Average call time: 2.28 sec | Current time: 2019-07-12 10:09:57.734475
 --------------------------
iter: 80 | nc: 1 | ncalls: 297 | bounds: 0 | eff(%): 26.936 | logz: -3.2e+05 +/- 2.5e-01 | dlogz: 324053.911 >  0.500
 loglike: -3.2e+05 | params: [-0.39386611 -1.78271296  6.14150841 10.09338715 30.2969962 ]
 Average call time: 2.39 sec | Current time: 2019-07-12 10:10:00.124083
 --------------------------
iter: 81 | nc: 1 | ncalls: 298 | bounds: 0 | eff(%): 27.181 | logz: -3.2e+05 +/- 2.5e-01 | dlogz: 317284.325 >  0.500
 loglike: -3.2e+05 | params: [-0.85609505 -1.25173712  4.64771046  9.70353181 27.28190753]
 Average call time: 2.45 sec | Current time: 2019-07-12 10:10:02.573117
 --------------------------
iter: 82 | nc: 1 | ncalls: 299 | bounds: 0 | eff(%): 27.425 | logz: -3.1e+05 +/- 2.5e-01 | dlogz: 315233.364 >  0.500
 loglike: -3.1e+05 | params: [-0.34089417 -1.37067001  7.0503486   9.74989157 33.19133447]
 Average call time: 2.42 sec | Current time: 2019-07-12 10:10:04.995333
 --------------------------
iter: 83 | nc: 1 | ncalls: 300 | bounds: 0 | eff(%): 27.667 | logz: -3.0e+05 +/- 2.5e-01 | dlogz: 309178.638 >  0.500
 loglike: -3.0e+05 | params: [-0.78950407 -1.60000181  6.46258635  9.81877396 31.93583206]
 Average call time: 2.28 sec | Current time: 2019-07-12 10:10:07.275152
 --------------------------
iter: 84 | nc: 1 | ncalls: 301 | bounds: 0 | eff(%): 27.907 | logz: -3.0e+05 +/- 2.5e-01 | dlogz: 300975.930 >  0.500
 loglike: -3.0e+05 | params: [ 0.19689412 -1.69640569  3.89096032  9.81450587 25.20535177]
 Average call time: 2.38 sec | Current time: 2019-07-12 10:10:09.654639
 --------------------------
iter: 85 | nc: 4 | ncalls: 305 | bounds: 0 | eff(%): 27.869 | logz: -2.9e+05 +/- 2.5e-01 | dlogz: 296534.237 >  0.500
 loglike: -2.9e+05 | params: [-0.34556769 -1.79752485  4.16333748 10.01950367 25.96015092]
 Average call time: 2.25 sec | Current time: 2019-07-12 10:10:18.668787
 --------------------------
iter: 86 | nc: 1 | ncalls: 306 | bounds: 0 | eff(%): 28.105 | logz: -2.8e+05 +/- 2.5e-01 | dlogz: 290055.881 >  0.500
 loglike: -2.8e+05 | params: [-1.85771714e-02 -1.39517805e+00  3.86995723e+00  9.76222378e+00
  2.56307277e+01]
 Average call time: 2.27 sec | Current time: 2019-07-12 10:10:20.934845
 --------------------------
iter: 87 | nc: 2 | ncalls: 308 | bounds: 0 | eff(%): 28.247 | logz: -2.8e+05 +/- 2.5e-01 | dlogz: 281082.951 >  0.500
 loglike: -2.8e+05 | params: [ 0.34994779 -1.58324646  4.71510998  9.50434596 28.00641706]
 Average call time: 2.28 sec | Current time: 2019-07-12 10:10:25.485190
 --------------------------
iter: 88 | nc: 2 | ncalls: 310 | bounds: 0 | eff(%): 28.387 | logz: -2.7e+05 +/- 2.5e-01 | dlogz: 277465.857 >  0.500
 loglike: -2.7e+05 | params: [ 0.07467217 -1.49914076  6.06048735 10.08282263 30.59943616]
 Average call time: 3.24 sec | Current time: 2019-07-12 10:10:31.964649
 --------------------------
iter: 89 | nc: 1 | ncalls: 311 | bounds: 0 | eff(%): 28.617 | logz: -2.7e+05 +/- 2.5e-01 | dlogz: 274365.268 >  0.500
 loglike: -2.7e+05 | params: [ 0.30369108 -1.56382658  6.31288585  9.60063678 32.04260971]
 Average call time: 2.26 sec | Current time: 2019-07-12 10:10:34.222363
 --------------------------
iter: 90 | nc: 1 | ncalls: 312 | bounds: 0 | eff(%): 28.846 | logz: -2.6e+05 +/- 2.5e-01 | dlogz: 266098.224 >  0.500
 loglike: -2.6e+05 | params: [ 0.10778458 -1.41269637  4.32979521  9.57498877 27.29218565]
 Average call time: 2.29 sec | Current time: 2019-07-12 10:10:36.512135
 --------------------------
iter: 91 | nc: 1 | ncalls: 313 | bounds: 0 | eff(%): 29.073 | logz: -2.6e+05 +/- 2.5e-01 | dlogz: 263299.345 >  0.500
 loglike: -2.6e+05 | params: [-0.25754897 -1.19012166  7.2273947   9.94623828 34.10849753]
 Average call time: 2.26 sec | Current time: 2019-07-12 10:10:38.773934
 --------------------------
iter: 92 | nc: 1 | ncalls: 314 | bounds: 0 | eff(%): 29.299 | logz: -2.6e+05 +/- 2.5e-01 | dlogz: 262282.345 >  0.500
 loglike: -2.6e+05 | params: [ 0.29497242 -1.76495677  4.88250398  9.51859218 28.80051454]
 Average call time: 2.27 sec | Current time: 2019-07-12 10:10:41.041489
 --------------------------
iter: 93 | nc: 1 | ncalls: 315 | bounds: 0 | eff(%): 29.524 | logz: -2.6e+05 +/- 2.5e-01 | dlogz: 261162.451 >  0.500
 loglike: -2.6e+05 | params: [-0.08276182 -1.55888692  4.66322752 10.04587443 27.51350193]
 Average call time: 2.28 sec | Current time: 2019-07-12 10:10:43.323282
 --------------------------
iter: 94 | nc: 1 | ncalls: 316 | bounds: 0 | eff(%): 29.747 | logz: -2.6e+05 +/- 2.5e-01 | dlogz: 258591.433 >  0.500
 loglike: -2.6e+05 | params: [-0.57454438 -1.46329397  6.13943229 10.11624051 31.37391447]
 Average call time: 2.29 sec | Current time: 2019-07-12 10:10:45.617142
 --------------------------
iter: 95 | nc: 1 | ncalls: 317 | bounds: 0 | eff(%): 29.968 | logz: -2.5e+05 +/- 2.5e-01 | dlogz: 257302.387 >  0.500
 loglike: -2.5e+05 | params: [-0.49117364 -1.70285415  5.80791596 10.19846503 30.51902276]
 Average call time: 2.26 sec | Current time: 2019-07-12 10:10:47.873637
 --------------------------
iter: 96 | nc: 1 | ncalls: 318 | bounds: 0 | eff(%): 30.189 | logz: -2.4e+05 +/- 2.5e-01 | dlogz: 248011.762 >  0.500
 loglike: -2.4e+05 | params: [ 0.05687196 -1.78120789  7.04920577  9.80949853 34.09315959]
 Average call time: 2.28 sec | Current time: 2019-07-12 10:10:50.155395
 --------------------------
iter: 97 | nc: 3 | ncalls: 321 | bounds: 0 | eff(%): 30.218 | logz: -2.4e+05 +/- 2.5e-01 | dlogz: 243303.632 >  0.500
 loglike: -2.4e+05 | params: [-0.21654508 -1.90167147  5.78182005 10.11882842 30.67054421]
 Average call time: 2.25 sec | Current time: 2019-07-12 10:10:56.896558
 --------------------------
iter: 98 | nc: 1 | ncalls: 322 | bounds: 0 | eff(%): 30.435 | logz: -2.4e+05 +/- 2.5e-01 | dlogz: 242790.503 >  0.500
 loglike: -2.4e+05 | params: [ 0.45799747 -1.11716644  5.28259877 10.15035116 28.98126606]
 Average call time: 2.26 sec | Current time: 2019-07-12 10:10:59.152436
 --------------------------
iter: 99 | nc: 3 | ncalls: 325 | bounds: 0 | eff(%): 30.462 | logz: -2.3e+05 +/- 2.5e-01 | dlogz: 237008.637 >  0.500
 loglike: -2.3e+05 | params: [-0.92204316 -1.48401391  3.92997732 10.19975472 26.08570011]
 Average call time: 2.25 sec | Current time: 2019-07-12 10:11:05.895389
 --------------------------
iter: 100 | nc: 2 | ncalls: 327 | bounds: 0 | eff(%): 30.581 | logz: -2.3e+05 +/- 2.5e-01 | dlogz: 233727.496 >  0.500
 loglike: -2.3e+05 | params: [ 0.10241778 -1.63438091  6.30961559 10.04791491 32.01355379]
 Average call time: 2.33 sec | Current time: 2019-07-12 10:11:10.551312
 --------------------------
iter: 101 | nc: 2 | ncalls: 329 | bounds: 0 | eff(%): 30.699 | logz: -2.3e+05 +/- 2.5e-01 | dlogz: 231672.967 >  0.500
 loglike: -2.3e+05 | params: [-0.15018801 -1.17258276  7.34960247 10.17565713 34.497026  ]
 Average call time: 2.26 sec | Current time: 2019-07-12 10:11:15.061652
 --------------------------
iter: 102 | nc: 1 | ncalls: 330 | bounds: 0 | eff(%): 30.909 | logz: -2.3e+05 +/- 2.5e-01 | dlogz: 229597.324 >  0.500
 loglike: -2.3e+05 | params: [ 0.27347851 -1.08865605  6.8994067  10.10706004 33.37762189]
 Average call time: 2.28 sec | Current time: 2019-07-12 10:11:17.337809
 --------------------------
iter: 103 | nc: 1 | ncalls: 331 | bounds: 0 | eff(%): 31.118 | logz: -2.3e+05 +/- 2.5e-01 | dlogz: 229053.295 >  0.500
 loglike: -2.3e+05 | params: [-0.39578583 -1.06870291  5.53897671  9.79346087 30.68666612]
 Average call time: 2.27 sec | Current time: 2019-07-12 10:11:19.610962
 --------------------------
iter: 104 | nc: 2 | ncalls: 333 | bounds: 0 | eff(%): 31.231 | logz: -2.3e+05 +/- 2.5e-01 | dlogz: 228826.232 >  0.500
 loglike: -2.3e+05 | params: [ 0.06173091 -1.67257091  4.05176426  9.99333725 26.5907717 ]
 Average call time: 5.04 sec | Current time: 2019-07-12 10:11:29.687409
 --------------------------
iter: 105 | nc: 4 | ncalls: 337 | bounds: 0 | eff(%): 31.157 | logz: -2.3e+05 +/- 2.5e-01 | dlogz: 228129.753 >  0.500
 loglike: -2.3e+05 | params: [-0.34217341 -1.20295589  5.55398963  9.88151616 30.64226992]
 Average call time: 2.25 sec | Current time: 2019-07-12 10:11:38.702966
 --------------------------
iter: 106 | nc: 1 | ncalls: 338 | bounds: 0 | eff(%): 31.361 | logz: -2.2e+05 +/- 2.6e-01 | dlogz: 225204.656 >  0.500
 loglike: -2.2e+05 | params: [ 0.24021199 -1.62398311  5.15506216  9.93401509 29.4149997 ]
 Average call time: 2.24 sec | Current time: 2019-07-12 10:11:40.938232
 --------------------------
iter: 107 | nc: 2 | ncalls: 340 | bounds: 0 | eff(%): 31.471 | logz: -2.2e+05 +/- 2.6e-01 | dlogz: 224156.442 >  0.500
 loglike: -2.2e+05 | params: [-0.86209679 -1.94619777  6.67677701  9.94097927 33.69653152]
 Average call time: 2.26 sec | Current time: 2019-07-12 10:11:45.462752
 --------------------------
iter: 108 | nc: 1 | ncalls: 341 | bounds: 0 | eff(%): 31.672 | logz: -2.1e+05 +/- 2.6e-01 | dlogz: 217416.829 >  0.500
 loglike: -2.1e+05 | params: [-0.96544487 -1.49267404  5.61937337  9.59672268 31.72422862]
 Average call time: 2.25 sec | Current time: 2019-07-12 10:11:47.713443
 --------------------------
iter: 109 | nc: 1 | ncalls: 342 | bounds: 0 | eff(%): 31.871 | logz: -2.1e+05 +/- 2.6e-01 | dlogz: 211256.932 >  0.500
 loglike: -2.1e+05 | params: [ 0.33475546 -1.54907791  5.68325803  9.77320311 31.2262376 ]
 Average call time: 2.26 sec | Current time: 2019-07-12 10:11:49.974500
 --------------------------
iter: 110 | nc: 1 | ncalls: 343 | bounds: 0 | eff(%): 32.070 | logz: -2.1e+05 +/- 2.6e-01 | dlogz: 209024.088 >  0.500
 loglike: -2.1e+05 | params: [-0.69736646 -1.30170362  7.21317246 10.1229743  34.93567363]
 Average call time: 3.28 sec | Current time: 2019-07-12 10:11:53.254569
 --------------------------
iter: 111 | nc: 1 | ncalls: 344 | bounds: 0 | eff(%): 32.267 | logz: -2.0e+05 +/- 2.6e-01 | dlogz: 208233.280 >  0.500
 loglike: -2.0e+05 | params: [-0.69653304 -1.27362414  4.9279081   9.90874913 29.56721897]
 Average call time: 2.26 sec | Current time: 2019-07-12 10:11:55.513327
 --------------------------
iter: 112 | nc: 2 | ncalls: 346 | bounds: 0 | eff(%): 32.370 | logz: -2.0e+05 +/- 2.6e-01 | dlogz: 203756.261 >  0.500
 loglike: -2.0e+05 | params: [ 0.31521304 -1.26176482  3.7399223  10.08008047 25.90239537]
 Average call time: 2.27 sec | Current time: 2019-07-12 10:12:00.044064
 --------------------------
iter: 113 | nc: 2 | ncalls: 348 | bounds: 0 | eff(%): 32.471 | logz: -2.0e+05 +/- 2.6e-01 | dlogz: 202941.400 >  0.500
 loglike: -2.0e+05 | params: [-0.43231809 -1.45770944  4.59476389  9.78966148 28.88866613]
 Average call time: 2.24 sec | Current time: 2019-07-12 10:12:04.527862
 --------------------------
iter: 114 | nc: 2 | ncalls: 350 | bounds: 0 | eff(%): 32.571 | logz: -1.9e+05 +/- 2.6e-01 | dlogz: 200312.925 >  0.500
 loglike: -1.9e+05 | params: [-0.0374744  -1.83766565  3.04530294  9.73982452 25.06144142]
 Average call time: 2.26 sec | Current time: 2019-07-12 10:12:09.038798
 --------------------------
iter: 115 | nc: 1 | ncalls: 351 | bounds: 0 | eff(%): 32.764 | logz: -1.9e+05 +/- 2.6e-01 | dlogz: 194467.199 >  0.500
 loglike: -1.9e+05 | params: [-0.24660249 -1.55003464  4.30417203  9.57330009 28.7375081 ]
 Average call time: 2.24 sec | Current time: 2019-07-12 10:12:11.276979
 --------------------------
iter: 116 | nc: 1 | ncalls: 352 | bounds: 0 | eff(%): 32.955 | logz: -1.9e+05 +/- 2.6e-01 | dlogz: 190872.465 >  0.500
 loglike: -1.9e+05 | params: [-0.24439126 -1.06804284  4.94477867 10.19282123 29.29773025]
 Average call time: 7.42 sec | Current time: 2019-07-12 10:12:18.695850
 --------------------------
iter: 117 | nc: 1 | ncalls: 353 | bounds: 0 | eff(%): 33.144 | logz: -1.9e+05 +/- 2.6e-01 | dlogz: 190157.463 >  0.500
 loglike: -1.9e+05 | params: [-0.42419909 -1.62205877  4.05578492  9.99482849 27.44170629]
 Average call time: 2.28 sec | Current time: 2019-07-12 10:12:20.976802
 --------------------------
iter: 118 | nc: 1 | ncalls: 354 | bounds: 0 | eff(%): 33.333 | logz: -1.9e+05 +/- 2.6e-01 | dlogz: 189786.691 >  0.500
 loglike: -1.9e+05 | params: [-0.57212356 -1.37508329  4.36856277  9.63697263 28.82317452]
 Average call time: 2.71 sec | Current time: 2019-07-12 10:12:23.685289
 --------------------------
iter: 119 | nc: 1 | ncalls: 355 | bounds: 0 | eff(%): 33.521 | logz: -1.8e+05 +/- 2.6e-01 | dlogz: 187310.695 >  0.500
 loglike: -1.8e+05 | params: [-0.33073658 -1.14470097  6.96708374 10.11359536 34.65429226]
 Average call time: 6.01 sec | Current time: 2019-07-12 10:12:29.690908
 --------------------------
iter: 120 | nc: 1 | ncalls: 356 | bounds: 0 | eff(%): 33.708 | logz: -1.8e+05 +/- 2.6e-01 | dlogz: 180263.203 >  0.500
 loglike: -1.8e+05 | params: [-0.20003476 -1.95667594  4.86859848  9.73076791 30.02966833]
 Average call time: 2.38 sec | Current time: 2019-07-12 10:12:32.067379
 --------------------------
iter: 121 | nc: 1 | ncalls: 357 | bounds: 0 | eff(%): 33.894 | logz: -1.8e+05 +/- 2.6e-01 | dlogz: 179819.850 >  0.500
 loglike: -1.8e+05 | params: [-0.17231963 -1.90746387  5.94258464  9.89500821 32.45857729]
 Average call time: 11.58 sec | Current time: 2019-07-12 10:12:43.645817
 --------------------------
iter: 122 | nc: 1 | ncalls: 358 | bounds: 0 | eff(%): 34.078 | logz: -1.7e+05 +/- 2.6e-01 | dlogz: 176153.021 >  0.500
 loglike: -1.7e+05 | params: [ 0.26584156 -1.52917392  5.00939756  9.61600262 30.47158244]
 Average call time: 2.26 sec | Current time: 2019-07-12 10:12:45.910679
 --------------------------
iter: 123 | nc: 1 | ncalls: 359 | bounds: 0 | eff(%): 34.262 | logz: -1.7e+05 +/- 2.6e-01 | dlogz: 172976.314 >  0.500
 loglike: -1.7e+05 | params: [-0.59830905 -1.9632744   6.32423747  9.73365969 33.91886685]
 Average call time: 6.09 sec | Current time: 2019-07-12 10:12:52.000914
 --------------------------
iter: 124 | nc: 4 | ncalls: 363 | bounds: 0 | eff(%): 34.160 | logz: -1.7e+05 +/- 2.6e-01 | dlogz: 169707.656 >  0.500
 loglike: -1.7e+05 | params: [-0.9371479  -1.82581317  4.89241203  9.62102382 30.66610478]
 Average call time: 2.78 sec | Current time: 2019-07-12 10:13:03.129133
 --------------------------
iter: 125 | nc: 2 | ncalls: 365 | bounds: 0 | eff(%): 34.247 | logz: -1.7e+05 +/- 2.6e-01 | dlogz: 167108.746 >  0.500
 loglike: -1.7e+05 | params: [ 0.48643237 -1.9940021   3.51150313 10.05248068 25.98511515]
 Average call time: 2.25 sec | Current time: 2019-07-12 10:13:07.626031
 --------------------------
iter: 126 | nc: 1 | ncalls: 366 | bounds: 0 | eff(%): 34.426 | logz: -1.7e+05 +/- 2.6e-01 | dlogz: 166061.951 >  0.500
 loglike: -1.7e+05 | params: [-0.5404942  -1.24121656  4.87965066  9.52671493 30.65516724]
 Average call time: 2.26 sec | Current time: 2019-07-12 10:13:09.886714
 --------------------------
iter: 127 | nc: 1 | ncalls: 367 | bounds: 0 | eff(%): 34.605 | logz: -1.6e+05 +/- 2.6e-01 | dlogz: 165673.586 >  0.500
 loglike: -1.6e+05 | params: [ 0.07501683 -1.95892143  4.13689065  9.69744885 28.34995969]
 Average call time: 2.26 sec | Current time: 2019-07-12 10:13:12.142451
 --------------------------
iter: 128 | nc: 1 | ncalls: 368 | bounds: 0 | eff(%): 34.783 | logz: -1.6e+05 +/- 2.6e-01 | dlogz: 163520.818 >  0.500
 loglike: -1.6e+05 | params: [ 0.03820513 -1.95705701  6.5015214   9.75896396 34.36557001]
 Average call time: 2.26 sec | Current time: 2019-07-12 10:13:14.402622
 --------------------------
iter: 129 | nc: 3 | ncalls: 371 | bounds: 0 | eff(%): 34.771 | logz: -1.6e+05 +/- 2.6e-01 | dlogz: 159611.298 >  0.500
 loglike: -1.6e+05 | params: [-0.35656146 -1.28027907  6.10818534  9.6360577  33.62870769]
 Average call time: 2.26 sec | Current time: 2019-07-12 10:13:21.182566
 --------------------------
iter: 130 | nc: 2 | ncalls: 373 | bounds: 0 | eff(%): 34.853 | logz: -1.6e+05 +/- 2.6e-01 | dlogz: 156208.612 >  0.500
 loglike: -1.6e+05 | params: [-0.99388837 -1.21541097  4.8628707   9.9623641  30.2182226 ]
 Average call time: 2.42 sec | Current time: 2019-07-12 10:13:26.017353
 --------------------------
iter: 131 | nc: 2 | ncalls: 375 | bounds: 0 | eff(%): 34.933 | logz: -1.5e+05 +/- 2.6e-01 | dlogz: 155820.400 >  0.500
 loglike: -1.5e+05 | params: [-0.70352043 -1.83429157  4.50594275 10.19314284 28.93991811]
 Average call time: 2.27 sec | Current time: 2019-07-12 10:13:30.549886
 --------------------------
iter: 132 | nc: 1 | ncalls: 376 | bounds: 0 | eff(%): 35.106 | logz: -1.5e+05 +/- 2.6e-01 | dlogz: 154675.804 >  0.500
 loglike: -1.5e+05 | params: [-0.87022431 -1.24698617  5.9537358   9.72085445 33.45314427]
 Average call time: 2.25 sec | Current time: 2019-07-12 10:13:32.804806
 --------------------------
iter: 133 | nc: 2 | ncalls: 378 | bounds: 0 | eff(%): 35.185 | logz: -1.5e+05 +/- 2.6e-01 | dlogz: 147662.189 >  0.500
 loglike: -1.5e+05 | params: [-0.83215852 -1.39280629  4.89566786  9.50473484 31.17441709]
 Average call time: 2.28 sec | Current time: 2019-07-12 10:13:37.358960
 --------------------------
iter: 134 | nc: 2 | ncalls: 380 | bounds: 0 | eff(%): 35.263 | logz: -1.5e+05 +/- 2.6e-01 | dlogz: 146778.688 >  0.500
 loglike: -1.5e+05 | params: [-0.18876017 -1.79522452  2.87279039  9.95733176 25.1962191 ]
 Average call time: 2.26 sec | Current time: 2019-07-12 10:13:41.884387
 --------------------------
iter: 135 | nc: 4 | ncalls: 384 | bounds: 0 | eff(%): 35.156 | logz: -1.4e+05 +/- 2.6e-01 | dlogz: 146067.698 >  0.500
 loglike: -1.4e+05 | params: [-0.59111109 -1.72353574  6.31123307 10.17069755 33.75932635]
 Average call time: 2.31 sec | Current time: 2019-07-12 10:13:51.105262
 --------------------------
iter: 136 | nc: 2 | ncalls: 386 | bounds: 0 | eff(%): 35.233 | logz: -1.4e+05 +/- 2.6e-01 | dlogz: 144220.279 >  0.500
 loglike: -1.4e+05 | params: [-4.22897463e-03 -1.95404313e+00  6.75332155e+00  1.01600651e+01
  3.46910581e+01]
 Average call time: 2.32 sec | Current time: 2019-07-12 10:13:55.746646
 --------------------------
iter: 137 | nc: 1 | ncalls: 387 | bounds: 0 | eff(%): 35.401 | logz: -1.4e+05 +/- 2.6e-01 | dlogz: 142837.450 >  0.500
 loglike: -1.4e+05 | params: [-0.73332796 -1.78353454  5.84634239  9.94204091 32.94534904]
 Average call time: 5.22 sec | Current time: 2019-07-12 10:14:00.968371
 --------------------------
iter: 138 | nc: 2 | ncalls: 389 | bounds: 0 | eff(%): 35.476 | logz: -1.4e+05 +/- 2.6e-01 | dlogz: 141907.949 >  0.500
 loglike: -1.4e+05 | params: [-0.90093866 -1.33098858  3.57287434  9.91420503 27.29053458]
 Average call time: 2.26 sec | Current time: 2019-07-12 10:14:05.492022
 --------------------------
iter: 139 | nc: 8 | ncalls: 397 | bounds: 0 | eff(%): 35.013 | logz: -1.4e+05 +/- 2.6e-01 | dlogz: 140859.430 >  0.500
 loglike: -1.4e+05 | params: [-0.77114084 -1.43159038  4.66934567 10.16600013 29.80359179]
 Average call time: 2.26 sec | Current time: 2019-07-12 10:14:23.576136
 --------------------------
iter: 140 | nc: 1 | ncalls: 398 | bounds: 0 | eff(%): 35.176 | logz: -1.4e+05 +/- 2.6e-01 | dlogz: 137719.279 >  0.500
 loglike: -1.4e+05 | params: [-0.07865275 -1.5626886   5.05862248 10.16600801 30.53120434]
 Average call time: 2.38 sec | Current time: 2019-07-12 10:14:25.957816
 --------------------------
iter: 141 | nc: 4 | ncalls: 402 | bounds: 0 | eff(%): 35.075 | logz: -1.3e+05 +/- 2.6e-01 | dlogz: 137316.124 >  0.500
 loglike: -1.3e+05 | params: [-0.61953573 -1.15699187  5.20576855 10.18892387 31.10540147]
 Average call time: 2.26 sec | Current time: 2019-07-12 10:14:34.984182
 --------------------------
iter: 142 | nc: 2 | ncalls: 404 | bounds: 0 | eff(%): 35.149 | logz: -1.3e+05 +/- 2.6e-01 | dlogz: 127552.102 >  0.500
 loglike: -1.3e+05 | params: [-0.67185342 -1.43661653  4.38037438  9.56513281 30.13906559]
 Average call time: 2.26 sec | Current time: 2019-07-12 10:14:39.509974
 --------------------------
iter: 143 | nc: 1 | ncalls: 405 | bounds: 0 | eff(%): 35.309 | logz: -1.2e+05 +/- 2.6e-01 | dlogz: 127003.578 >  0.500
 loglike: -1.2e+05 | params: [-0.74186439 -1.61553911  3.10200683  9.71575461 26.77302803]
 Average call time: 2.26 sec | Current time: 2019-07-12 10:14:41.771167
 --------------------------
iter: 144 | nc: 1 | ncalls: 406 | bounds: 0 | eff(%): 35.468 | logz: -1.2e+05 +/- 2.6e-01 | dlogz: 123077.927 >  0.500
 loglike: -1.2e+05 | params: [-1.26754265e-02 -1.47436379e+00  4.00885743e+00  9.78527472e+00
  2.87126891e+01]
 Average call time: 2.33 sec | Current time: 2019-07-12 10:14:44.099902
 --------------------------
iter: 145 | nc: 1 | ncalls: 407 | bounds: 0 | eff(%): 35.627 | logz: -1.2e+05 +/- 2.6e-01 | dlogz: 122034.903 >  0.500
 loglike: -1.2e+05 | params: [ 0.03858618 -1.52373152  2.51558693  9.54422032 25.32224092]
 Average call time: 3.20 sec | Current time: 2019-07-12 10:14:47.295672
 --------------------------
iter: 146 | nc: 1 | ncalls: 408 | bounds: 0 | eff(%): 35.784 | logz: -1.2e+05 +/- 2.6e-01 | dlogz: 119551.152 >  0.500
 loglike: -1.2e+05 | params: [-0.5158416  -1.66136922  3.49380932 10.18517274 27.03215196]
 Average call time: 2.26 sec | Current time: 2019-07-12 10:14:49.557437
 --------------------------
iter: 147 | nc: 1 | ncalls: 409 | bounds: 0 | eff(%): 35.941 | logz: -1.2e+05 +/- 2.6e-01 | dlogz: 116755.518 >  0.500
 loglike: -1.2e+05 | params: [ 0.44216873 -1.88533292  3.08088541  9.63819937 26.45589468]
 Average call time: 2.27 sec | Current time: 2019-07-12 10:14:51.827874
 --------------------------
iter: 148 | nc: 4 | ncalls: 413 | bounds: 0 | eff(%): 35.835 | logz: -1.1e+05 +/- 2.6e-01 | dlogz: 116265.660 >  0.500
 loglike: -1.1e+05 | params: [-0.78934005 -1.84468715  5.39734648 10.18715795 31.94807415]
 Average call time: 2.26 sec | Current time: 2019-07-12 10:15:00.866602
 --------------------------
iter: 149 | nc: 1 | ncalls: 414 | bounds: 0 | eff(%): 35.990 | logz: -1.1e+05 +/- 2.6e-01 | dlogz: 112143.084 >  0.500
 loglike: -1.1e+05 | params: [ 0.42986133 -1.11461276  6.17571355  9.52226564 34.6261853 ]
 Average call time: 3.82 sec | Current time: 2019-07-12 10:15:04.682036
 --------------------------
iter: 150 | nc: 1 | ncalls: 415 | bounds: 0 | eff(%): 36.145 | logz: -1.1e+05 +/- 2.6e-01 | dlogz: 106177.182 >  0.500
 loglike: -1.1e+05 | params: [ 0.27554985 -1.34713064  3.47253145  9.88176553 27.37935168]
 Average call time: 2.35 sec | Current time: 2019-07-12 10:15:07.027891
 --------------------------
iter: 151 | nc: 2 | ncalls: 417 | bounds: 0 | eff(%): 36.211 | logz: -1.1e+05 +/- 2.6e-01 | dlogz: 105381.830 >  0.500
 loglike: -1.1e+05 | params: [-0.21498253 -1.55359311  3.34098268  9.51209958 27.93526841]
 Average call time: 2.27 sec | Current time: 2019-07-12 10:15:11.559245
 --------------------------
iter: 152 | nc: 1 | ncalls: 418 | bounds: 0 | eff(%): 36.364 | logz: -1.1e+05 +/- 2.5e-01 | dlogz: 105331.499 >  0.500
 loglike: -1.1e+05 | params: [-0.64093745 -1.09842988  3.47108358 10.11182991 27.36529515]
 Average call time: 2.29 sec | Current time: 2019-07-12 10:15:13.844907
 --------------------------
iter: 153 | nc: 1 | ncalls: 419 | bounds: 0 | eff(%): 36.516 | logz: -1.0e+05 +/- 2.6e-01 | dlogz: 105328.021 >  0.500
 loglike: -1.0e+05 | params: [-0.10988301 -1.6339255   3.43856816 10.10999628 27.15634063]
 Average call time: 2.28 sec | Current time: 2019-07-12 10:15:16.124268
 --------------------------
iter: 154 | nc: 2 | ncalls: 421 | bounds: 0 | eff(%): 36.580 | logz: -1.0e+05 +/- 2.6e-01 | dlogz: 104381.847 >  0.500
 loglike: -1.0e+05 | params: [-0.60746241 -1.41745704  4.82941193  9.64023847 31.5708012 ]
 Average call time: 2.28 sec | Current time: 2019-07-12 10:15:20.689372
 --------------------------
iter: 155 | nc: 4 | ncalls: 425 | bounds: 0 | eff(%): 36.471 | logz: -9.5e+04 +/- 2.6e-01 | dlogz: 100305.867 >  0.500
 loglike: -9.5e+04 | params: [-0.92160036 -1.2168163   2.37103961  9.5410889  25.58994581]
 Average call time: 2.26 sec | Current time: 2019-07-12 10:15:29.734747
 --------------------------
iter: 156 | nc: 2 | ncalls: 427 | bounds: 0 | eff(%): 36.534 | logz: -9.4e+04 +/- 2.6e-01 | dlogz: 95350.093 >  0.500
 loglike: -9.4e+04 | params: [ 0.15067494 -1.29188464  6.2812031   9.89043258 34.65836532]
 Average call time: 2.26 sec | Current time: 2019-07-12 10:15:34.249714
 --------------------------
iter: 157 | nc: 1 | ncalls: 428 | bounds: 0 | eff(%): 36.682 | logz: -8.9e+04 +/- 2.6e-01 | dlogz: 93846.754 >  0.500
 loglike: -8.9e+04 | params: [-0.23504522 -1.23178864  3.29961865  9.88281653 27.44644931]
 Average call time: 2.29 sec | Current time: 2019-07-12 10:15:36.536178
 --------------------------
iter: 158 | nc: 1 | ncalls: 429 | bounds: 0 | eff(%): 36.830 | logz: -8.9e+04 +/- 2.6e-01 | dlogz: 89392.534 >  0.500
 loglike: -8.9e+04 | params: [ 0.30767699 -1.82326626  3.7238152  10.03170917 28.06183909]
 Average call time: 2.29 sec | Current time: 2019-07-12 10:15:38.827450
 --------------------------
iter: 159 | nc: 1 | ncalls: 430 | bounds: 0 | eff(%): 36.977 | logz: -8.8e+04 +/- 2.6e-01 | dlogz: 89116.561 >  0.500
 loglike: -8.8e+04 | params: [ 0.09731677 -1.68486202  4.47678276  9.5352981  30.82519997]
 Average call time: 2.29 sec | Current time: 2019-07-12 10:15:41.119099
 --------------------------
iter: 160 | nc: 3 | ncalls: 433 | bounds: 0 | eff(%): 36.952 | logz: -8.7e+04 +/- 2.6e-01 | dlogz: 87907.721 >  0.500
 loglike: -8.7e+04 | params: [ 0.04119149 -1.64327263  6.1081063  10.07212942 34.26743693]
 Average call time: 3.59 sec | Current time: 2019-07-12 10:15:51.891112
 --------------------------
iter: 161 | nc: 1 | ncalls: 434 | bounds: 0 | eff(%): 37.097 | logz: -8.6e+04 +/- 2.6e-01 | dlogz: 86791.367 >  0.500
 loglike: -8.6e+04 | params: [-0.82310879 -1.23640537  4.70196655 10.0054244  30.97632335]
 Average call time: 2.38 sec | Current time: 2019-07-12 10:15:54.268111
 --------------------------
iter: 162 | nc: 1 | ncalls: 435 | bounds: 0 | eff(%): 37.241 | logz: -8.4e+04 +/- 2.6e-01 | dlogz: 85968.132 >  0.500
 loglike: -8.4e+04 | params: [ 0.07225455 -1.3296606   5.30514863  9.77347165 32.6665372 ]
 Average call time: 2.28 sec | Current time: 2019-07-12 10:15:56.545746
 --------------------------
iter: 163 | nc: 2 | ncalls: 437 | bounds: 0 | eff(%): 37.300 | logz: -8.2e+04 +/- 2.6e-01 | dlogz: 84379.436 >  0.500
 loglike: -8.2e+04 | params: [-0.38278643 -1.78684314  3.26663871  9.93605194 27.48217051]
 Average call time: 8.32 sec | Current time: 2019-07-12 10:16:13.180341
 --------------------------
iter: 164 | nc: 1 | ncalls: 438 | bounds: 0 | eff(%): 37.443 | logz: -7.6e+04 +/- 2.6e-01 | dlogz: 82368.980 >  0.500
 loglike: -7.6e+04 | params: [ 0.29747268 -1.28972931  2.52379013 10.09855786 25.19856622]
 Average call time: 3.05 sec | Current time: 2019-07-12 10:16:16.233295
 --------------------------
iter: 165 | nc: 2 | ncalls: 440 | bounds: 0 | eff(%): 37.500 | logz: -7.5e+04 +/- 2.6e-01 | dlogz: 75923.809 >  0.500
 loglike: -7.5e+04 | params: [-0.9844063  -1.3267781   6.23954878 10.08154223 34.94382034]
 Average call time: 2.28 sec | Current time: 2019-07-12 10:16:20.787221
 --------------------------
iter: 166 | nc: 1 | ncalls: 441 | bounds: 0 | eff(%): 37.642 | logz: -7.2e+04 +/- 2.6e-01 | dlogz: 74578.326 >  0.500
 loglike: -7.2e+04 | params: [-0.93651698 -1.1429775   2.38525282  9.57215439 26.06348752]
 Average call time: 2.28 sec | Current time: 2019-07-12 10:16:23.068740
 --------------------------
iter: 167 | nc: 1 | ncalls: 442 | bounds: 0 | eff(%): 37.783 | logz: -7.2e+04 +/- 2.6e-01 | dlogz: 72390.579 >  0.500
 loglike: -7.2e+04 | params: [-0.31932993 -1.60597709  5.52986048  9.88765549 33.42908717]
 Average call time: 2.28 sec | Current time: 2019-07-12 10:16:25.349227
 --------------------------
iter: 168 | nc: 2 | ncalls: 444 | bounds: 0 | eff(%): 37.838 | logz: -7.1e+04 +/- 2.6e-01 | dlogz: 71518.382 >  0.500
 loglike: -7.1e+04 | params: [-0.31877669 -1.01763855  2.29508456  9.54219524 25.67872278]
 Average call time: 2.27 sec | Current time: 2019-07-12 10:16:29.883932
 --------------------------
iter: 169 | nc: 1 | ncalls: 445 | bounds: 0 | eff(%): 37.978 | logz: -6.4e+04 +/- 2.6e-01 | dlogz: 71174.408 >  0.500
 loglike: -6.4e+04 | params: [ 0.46855823 -1.11876775  5.26609153 10.15134057 32.24789953]
 Average call time: 2.28 sec | Current time: 2019-07-12 10:16:32.168860
 --------------------------
iter: 170 | nc: 2 | ncalls: 447 | bounds: 0 | eff(%): 38.031 | logz: -6.4e+04 +/- 2.6e-01 | dlogz: 63493.438 >  0.500
 loglike: -6.4e+04 | params: [-0.55426152 -1.94160801  5.22794916  9.51587633 33.55054686]
 Average call time: 6.89 sec | Current time: 2019-07-12 10:16:45.953197
 --------------------------
iter: 171 | nc: 2 | ncalls: 449 | bounds: 0 | eff(%): 38.085 | logz: -6.3e+04 +/- 2.6e-01 | dlogz: 63487.448 >  0.500
 loglike: -6.3e+04 | params: [ 0.3076224  -1.9140622   4.77391117 10.14088164 31.1266149 ]
 Average call time: 2.28 sec | Current time: 2019-07-12 10:16:50.511541
 --------------------------
iter: 172 | nc: 2 | ncalls: 451 | bounds: 0 | eff(%): 38.137 | logz: -6.0e+04 +/- 2.6e-01 | dlogz: 63302.211 >  0.500
 loglike: -6.0e+04 | params: [-0.16458741 -1.7625692   4.31025539  9.82819344 30.63127674]
 Average call time: 2.29 sec | Current time: 2019-07-12 10:16:55.096137
 --------------------------
iter: 173 | nc: 2 | ncalls: 453 | bounds: 0 | eff(%): 38.190 | logz: -5.9e+04 +/- 2.6e-01 | dlogz: 60431.797 >  0.500
 loglike: -5.9e+04 | params: [-0.95034457 -1.43050293  2.38509041  9.90603782 25.83490605]
 Average call time: 2.29 sec | Current time: 2019-07-12 10:16:59.670495
 --------------------------
iter: 174 | nc: 3 | ncalls: 456 | bounds: 0 | eff(%): 38.158 | logz: -5.7e+04 +/- 2.6e-01 | dlogz: 58932.638 >  0.500
 loglike: -5.7e+04 | params: [-0.87470949 -1.23915085  4.55563468  9.96273319 31.30314442]
 Average call time: 4.81 sec | Current time: 2019-07-12 10:17:14.086148
 --------------------------
iter: 175 | nc: 3 | ncalls: 459 | bounds: 0 | eff(%): 38.126 | logz: -5.7e+04 +/- 2.6e-01 | dlogz: 57426.569 >  0.500
 loglike: -5.7e+04 | params: [-0.18795127 -1.67697335  2.24893892  9.61856873 25.80594126]
 Average call time: 2.25 sec | Current time: 2019-07-12 10:17:20.823589
 --------------------------
iter: 176 | nc: 8 | ncalls: 467 | bounds: 0 | eff(%): 37.687 | logz: -5.6e+04 +/- 2.6e-01 | dlogz: 56642.206 >  0.500
 loglike: -5.6e+04 | params: [ 0.27890336 -1.40204463  5.66307996  9.87602367 33.89230083]
 Average call time: 2.25 sec | Current time: 2019-07-12 10:17:38.819403
 --------------------------
iter: 177 | nc: 1 | ncalls: 468 | bounds: 0 | eff(%): 37.821 | logz: -5.1e+04 +/- 2.6e-01 | dlogz: 56388.073 >  0.500
 loglike: -5.1e+04 | params: [-0.57118349 -1.01325278  4.09080509  9.90196409 30.27242077]
 Average call time: 2.29 sec | Current time: 2019-07-12 10:17:41.110323
 --------------------------
iter: 178 | nc: 2 | ncalls: 470 | bounds: 0 | eff(%): 37.872 | logz: -4.7e+04 +/- 2.6e-01 | dlogz: 51327.756 >  0.500
 loglike: -4.7e+04 | params: [ 0.26088571 -1.22514567  2.55698427 10.11919115 25.93063954]
 Average call time: 2.78 sec | Current time: 2019-07-12 10:17:46.671195
 --------------------------
iter: 179 | nc: 4 | ncalls: 474 | bounds: 0 | eff(%): 37.764 | logz: -4.6e+04 +/- 2.6e-01 | dlogz: 47346.384 >  0.500
 loglike: -4.6e+04 | params: [-0.99671585 -1.95803476  2.3507243   9.91876603 26.06460522]
 Average call time: 2.27 sec | Current time: 2019-07-12 10:17:55.766829
 --------------------------
iter: 180 | nc: 1 | ncalls: 475 | bounds: 0 | eff(%): 37.895 | logz: -4.6e+04 +/- 2.6e-01 | dlogz: 46212.916 >  0.500
 loglike: -4.6e+04 | params: [ 0.12779315 -1.59925133  3.91845255  9.67730088 30.0683845 ]
 Average call time: 2.41 sec | Current time: 2019-07-12 10:17:58.181182
 --------------------------
iter: 181 | nc: 1 | ncalls: 476 | bounds: 0 | eff(%): 38.025 | logz: -4.3e+04 +/- 2.6e-01 | dlogz: 45897.833 >  0.500
 loglike: -4.3e+04 | params: [-0.52968675 -1.43169395  1.70139012 10.18378805 34.70589211]
 Average call time: 5.22 sec | Current time: 2019-07-12 10:18:03.404140
 --------------------------
iter: 182 | nc: 2 | ncalls: 478 | bounds: 0 | eff(%): 38.075 | logz: -4.3e+04 +/- 2.5e-01 | dlogz: 43404.030 >  0.500
 loglike: -4.3e+04 | params: [ 0.49172237 -1.82126023  1.57320052  9.81989894 34.31751942]
 Average call time: 2.79 sec | Current time: 2019-07-12 10:18:08.981985
 --------------------------
iter: 183 | nc: 10 | ncalls: 488 | bounds: 0 | eff(%): 37.500 | logz: -4.3e+04 +/- 2.6e-01 | dlogz: 43401.902 >  0.500
 loglike: -4.3e+04 | params: [-0.86193719 -1.1122101   1.59863435 10.10475108 33.9877069 ]
 Average call time: 2.26 sec | Current time: 2019-07-12 10:18:31.582765
 --------------------------
iter: 184 | nc: 5 | ncalls: 493 | bounds: 0 | eff(%): 37.323 | logz: -4.3e+04 +/- 2.4e-01 | dlogz: 43397.206 >  0.500
 loglike: -4.3e+04 | params: [-0.15820572 -1.49691683  1.5826107  10.04097864 33.82641191]
 Average call time: 2.27 sec | Current time: 2019-07-12 10:18:42.910068
 --------------------------
iter: 185 | nc: 1 | ncalls: 494 | bounds: 0 | eff(%): 37.449 | logz: -4.3e+04 +/- 2.6e-01 | dlogz: 43395.479 >  0.500
 loglike: -4.3e+04 | params: [-0.16035746 -1.16224585  1.83668139 10.12644405 33.95799507]
 Average call time: 2.27 sec | Current time: 2019-07-12 10:18:45.183476
 --------------------------
iter: 186 | nc: 2 | ncalls: 496 | bounds: 0 | eff(%): 37.500 | logz: -4.3e+04 +/- 2.5e-01 | dlogz: 43391.363 >  0.500
 loglike: -4.3e+04 | params: [-0.28333688 -1.69331352  1.83964247 10.15578465 34.04003602]
 Average call time: 6.03 sec | Current time: 2019-07-12 10:18:57.234396
 --------------------------
iter: 187 | nc: 3 | ncalls: 499 | bounds: 0 | eff(%): 37.475 | logz: -4.3e+04 +/- 2.6e-01 | dlogz: 43389.454 >  0.500
 loglike: -4.3e+04 | params: [-0.56885075 -1.19472114  1.83724576  9.69473418 34.36711393]
 Average call time: 2.26 sec | Current time: 2019-07-12 10:19:04.011863
 --------------------------
iter: 188 | nc: 1 | ncalls: 500 | bounds: 0 | eff(%): 37.600 | logz: -4.3e+04 +/- 2.5e-01 | dlogz: 43377.547 >  0.500
 loglike: -4.3e+04 | params: [-0.44552519 -1.395666    2.11862663 10.06166193 34.45553236]
 Average call time: 2.26 sec | Current time: 2019-07-12 10:19:06.272517
 --------------------------
iter: 189 | nc: 1 | ncalls: 501 | bounds: 0 | eff(%): 37.725 | logz: -4.3e+04 +/- 2.6e-01 | dlogz: 43375.608 >  0.500
 loglike: -4.3e+04 | params: [-0.45267102 -1.38460382  1.95228745  9.7581768  34.33140102]
 Average call time: 2.26 sec | Current time: 2019-07-12 10:19:08.531349
 --------------------------
iter: 190 | nc: 1 | ncalls: 502 | bounds: 0 | eff(%): 37.849 | logz: -4.3e+04 +/- 2.4e-01 | dlogz: 43367.760 >  0.500
 loglike: -4.3e+04 | params: [ 0.41655524 -1.67674123  2.08465187 10.16317108 33.57034822]
 Average call time: 2.38 sec | Current time: 2019-07-12 10:19:10.906469
 --------------------------
iter: 191 | nc: 1 | ncalls: 503 | bounds: 0 | eff(%): 37.972 | logz: -4.3e+04 +/- 2.5e-01 | dlogz: 43366.601 >  0.500
 loglike: -4.3e+04 | params: [ 0.14703472 -1.64068494  2.02802869 10.01069732 33.81049928]
 Average call time: 2.24 sec | Current time: 2019-07-12 10:19:13.150785
 --------------------------
iter: 192 | nc: 3 | ncalls: 506 | bounds: 0 | eff(%): 37.945 | logz: -4.3e+04 +/- 2.4e-01 | dlogz: 43364.596 >  0.500
 loglike: -4.3e+04 | params: [-0.12683373 -1.93225172  1.53570314  9.82760822 32.90227743]
 Average call time: 2.27 sec | Current time: 2019-07-12 10:19:19.952486
 --------------------------
iter: 193 | nc: 2 | ncalls: 508 | bounds: 0 | eff(%): 37.992 | logz: -4.3e+04 +/- 2.6e-01 | dlogz: 43363.422 >  0.500
 loglike: -4.3e+04 | params: [-0.83066303 -1.56195851  1.92643922 10.07137158 33.66115648]
 Average call time: 2.27 sec | Current time: 2019-07-12 10:19:24.493584
 --------------------------
iter: 194 | nc: 1 | ncalls: 509 | bounds: 0 | eff(%): 38.114 | logz: -4.3e+04 +/- 2.4e-01 | dlogz: 43359.381 >  0.500
 loglike: -4.3e+04 | params: [-0.93612763 -1.75220273  1.77009982  9.99382314 33.34706771]
 Average call time: 2.45 sec | Current time: 2019-07-12 10:19:26.939665
 --------------------------
iter: 195 | nc: 3 | ncalls: 512 | bounds: 0 | eff(%): 38.086 | logz: -4.3e+04 +/- 2.6e-01 | dlogz: 43357.795 >  0.500
 loglike: -4.3e+04 | params: [-0.27816887 -1.96505644  2.16537277 10.12675857 33.92101138]
 Average call time: 2.83 sec | Current time: 2019-07-12 10:19:35.434998
 --------------------------
iter: 196 | nc: 1 | ncalls: 513 | bounds: 0 | eff(%): 38.207 | logz: -4.3e+04 +/- 2.6e-01 | dlogz: 43352.972 >  0.500
 loglike: -4.3e+04 | params: [-0.9751108  -1.46448546  1.77415241  9.60778556 33.43010447]
 Average call time: 9.63 sec | Current time: 2019-07-12 10:19:45.067744
 --------------------------
iter: 197 | nc: 4 | ncalls: 517 | bounds: 0 | eff(%): 38.104 | logz: -4.3e+04 +/- 2.6e-01 | dlogz: 43313.655 >  0.500
 loglike: -4.3e+04 | params: [-0.59567154 -1.91609487  2.67446174 10.16326343 34.69737016]
 Average call time: 2.28 sec | Current time: 2019-07-12 10:19:54.170431
 --------------------------
iter: 198 | nc: 2 | ncalls: 519 | bounds: 0 | eff(%): 38.150 | logz: -4.3e+04 +/- 2.6e-01 | dlogz: 43306.603 >  0.500
 loglike: -4.3e+04 | params: [-0.57078611 -1.34135377  2.04180245 10.07558572 33.07414288]
 Average call time: 2.31 sec | Current time: 2019-07-12 10:19:58.784704
 --------------------------
iter: 199 | nc: 1 | ncalls: 520 | bounds: 0 | eff(%): 38.269 | logz: -4.3e+04 +/- 2.6e-01 | dlogz: 43296.853 >  0.500
 loglike: -4.3e+04 | params: [ 0.41693194 -1.42061745  2.62056091  9.91753927 34.33756297]
 Average call time: 2.28 sec | Current time: 2019-07-12 10:20:01.065903
 --------------------------
iter: 200 | nc: 4 | ncalls: 524 | bounds: 0 | eff(%): 38.168 | logz: -4.3e+04 +/- 2.6e-01 | dlogz: 43293.662 >  0.500
 loglike: -4.3e+04 | params: [ 0.1521183  -1.69710156  1.59105054  9.82435808 32.03337079]
 Average call time: 3.00 sec | Current time: 2019-07-12 10:20:13.054847
 --------------------------
iter: 201 | nc: 1 | ncalls: 525 | bounds: 0 | eff(%): 38.286 | logz: -4.3e+04 +/- 2.6e-01 | dlogz: 43287.421 >  0.500
 loglike: -4.3e+04 | params: [ 0.40289436 -1.1895731   2.63005847  9.91112276 34.03510556]
 Average call time: 2.40 sec | Current time: 2019-07-12 10:20:15.450959
 --------------------------
iter: 202 | nc: 1 | ncalls: 526 | bounds: 0 | eff(%): 38.403 | logz: -4.3e+04 +/- 2.5e-01 | dlogz: 43256.374 >  0.500
 loglike: -4.3e+04 | params: [ 0.47655352 -1.38437774  2.42829797 10.08202863 33.15697071]
 Average call time: 2.35 sec | Current time: 2019-07-12 10:20:17.798045
 --------------------------
iter: 203 | nc: 2 | ncalls: 528 | bounds: 0 | eff(%): 38.447 | logz: -4.3e+04 +/- 2.5e-01 | dlogz: 43254.750 >  0.500
 loglike: -4.3e+04 | params: [ 0.12395198 -1.0672636   2.03046948 10.08404273 32.31380583]
 Average call time: 2.32 sec | Current time: 2019-07-12 10:20:22.433911
 --------------------------
iter: 204 | nc: 4 | ncalls: 532 | bounds: 0 | eff(%): 38.346 | logz: -4.3e+04 +/- 2.6e-01 | dlogz: 43252.891 >  0.500
 loglike: -4.3e+04 | params: [-0.20673068 -1.48068858  2.9338257  10.01068142 34.96075226]
 Average call time: 2.30 sec | Current time: 2019-07-12 10:20:31.645045
 --------------------------
iter: 205 | nc: 2 | ncalls: 534 | bounds: 0 | eff(%): 38.390 | logz: -4.3e+04 +/- 2.6e-01 | dlogz: 43246.885 >  0.500
 loglike: -4.3e+04 | params: [-0.96195103 -1.67618317  2.0573837   9.62895873 33.29370131]
 Average call time: 2.27 sec | Current time: 2019-07-12 10:20:36.180910
 --------------------------
iter: 206 | nc: 1 | ncalls: 535 | bounds: 0 | eff(%): 38.505 | logz: -4.3e+04 +/- 2.6e-01 | dlogz: 43214.506 >  0.500
 loglike: -4.3e+04 | params: [-0.85409838 -1.69908349  1.86159973  9.90822454 32.2441657 ]
 Average call time: 2.28 sec | Current time: 2019-07-12 10:20:38.460332
 --------------------------
iter: 207 | nc: 1 | ncalls: 536 | bounds: 0 | eff(%): 38.619 | logz: -4.3e+04 +/- 2.6e-01 | dlogz: 43187.312 >  0.500
 loglike: -4.3e+04 | params: [ 0.30247474 -1.67048732  1.82128709 10.05583075 31.43382416]
 Average call time: 2.27 sec | Current time: 2019-07-12 10:20:40.730232
 --------------------------
iter: 208 | nc: 5 | ncalls: 541 | bounds: 0 | eff(%): 38.447 | logz: -4.3e+04 +/- 2.6e-01 | dlogz: 43179.384 >  0.500
 loglike: -4.3e+04 | params: [-0.33460406 -1.18998554  2.12320147  9.66098932 32.91764408]
 Average call time: 2.28 sec | Current time: 2019-07-12 10:20:52.137396
 --------------------------
iter: 209 | nc: 4 | ncalls: 545 | bounds: 0 | eff(%): 38.349 | logz: -4.3e+04 +/- 2.6e-01 | dlogz: 43145.652 >  0.500
 loglike: -4.3e+04 | params: [-0.98546459 -1.77495827  2.00514082 10.07817522 32.14767219]
 Average call time: 2.25 sec | Current time: 2019-07-12 10:21:01.154630
 --------------------------
iter: 210 | nc: 2 | ncalls: 547 | bounds: 0 | eff(%): 38.391 | logz: -4.3e+04 +/- 2.6e-01 | dlogz: 43136.718 >  0.500
 loglike: -4.3e+04 | params: [-0.32098507 -1.31608714  1.86719774 10.01837607 31.72596746]
 Average call time: 5.05 sec | Current time: 2019-07-12 10:21:11.248205
 --------------------------
iter: 211 | nc: 1 | ncalls: 548 | bounds: 0 | eff(%): 38.504 | logz: -4.3e+04 +/- 2.7e-01 | dlogz: 43129.768 >  0.500
 loglike: -4.3e+04 | params: [ 0.35560304 -1.86149525  1.50926258  9.92898404 30.4170293 ]
 Average call time: 2.25 sec | Current time: 2019-07-12 10:21:13.494435
 --------------------------
iter: 212 | nc: 5 | ncalls: 553 | bounds: 0 | eff(%): 38.336 | logz: -4.3e+04 +/- 2.7e-01 | dlogz: 43078.367 >  0.500
 loglike: -4.3e+04 | params: [-0.4199224  -1.21478596  2.10806436  9.78205651 32.42396677]
 Average call time: 2.58 sec | Current time: 2019-07-12 10:21:26.414573
 --------------------------
iter: 213 | nc: 2 | ncalls: 555 | bounds: 0 | eff(%): 38.378 | logz: -4.3e+04 +/- 2.7e-01 | dlogz: 43064.112 >  0.500
 loglike: -4.3e+04 | params: [-0.39298254 -1.85393307  2.58950907  9.92004083 33.44058043]
 Average call time: 2.27 sec | Current time: 2019-07-12 10:21:30.947372
 --------------------------
iter: 214 | nc: 4 | ncalls: 559 | bounds: 0 | eff(%): 38.283 | logz: -4.3e+04 +/- 2.7e-01 | dlogz: 43043.504 >  0.500
 loglike: -4.3e+04 | params: [-0.78441975 -1.54715377  1.52682644  9.72034686 31.10454687]
 Average call time: 2.28 sec | Current time: 2019-07-12 10:21:40.078418
 --------------------------
iter: 215 | nc: 1 | ncalls: 560 | bounds: 0 | eff(%): 38.393 | logz: -4.3e+04 +/- 2.7e-01 | dlogz: 43008.358 >  0.500
 loglike: -4.3e+04 | params: [-0.83920264 -1.80374085  2.92941806 10.07715731 33.96485587]
 Average call time: 2.32 sec | Current time: 2019-07-12 10:21:42.396761
 --------------------------
iter: 216 | nc: 2 | ncalls: 562 | bounds: 0 | eff(%): 38.434 | logz: -4.3e+04 +/- 2.7e-01 | dlogz: 42987.107 >  0.500
 loglike: -4.3e+04 | params: [ 0.39617995 -1.6610031   2.22049874  9.8613909  31.99207063]
 Average call time: 3.18 sec | Current time: 2019-07-12 10:21:48.763632
 --------------------------
iter: 217 | nc: 7 | ncalls: 569 | bounds: 0 | eff(%): 38.137 | logz: -4.3e+04 +/- 2.7e-01 | dlogz: 42958.260 >  0.500
 loglike: -4.3e+04 | params: [ 0.07249082 -1.27590852  1.61205864  9.70006917 30.80486335]
 Average call time: 2.27 sec | Current time: 2019-07-12 10:22:04.685986
 --------------------------
iter: 218 | nc: 9 | ncalls: 578 | bounds: 0 | eff(%): 37.716 | logz: -4.3e+04 +/- 2.6e-01 | dlogz: 42941.503 >  0.500
 loglike: -4.3e+04 | params: [ 0.14296084 -1.57479082  2.33336066  9.65133041 32.64700272]
 Average call time: 2.25 sec | Current time: 2019-07-12 10:22:24.968607
 --------------------------
iter: 219 | nc: 7 | ncalls: 585 | bounds: 0 | eff(%): 37.436 | logz: -4.3e+04 +/- 2.7e-01 | dlogz: 42936.459 >  0.500
 loglike: -4.3e+04 | params: [-0.05576268 -1.31381992  2.94229523 10.05154945 33.56477457]
 Average call time: 2.27 sec | Current time: 2019-07-12 10:22:40.859568
 --------------------------
iter: 220 | nc: 1 | ncalls: 586 | bounds: 0 | eff(%): 37.543 | logz: -4.3e+04 +/- 2.7e-01 | dlogz: 42916.110 >  0.500
 loglike: -4.3e+04 | params: [-0.91028617 -1.81571292  1.78413167  9.97241666 30.9462478 ]
 Average call time: 5.72 sec | Current time: 2019-07-12 10:22:46.578289
 --------------------------
iter: 221 | nc: 1 | ncalls: 587 | bounds: 0 | eff(%): 37.649 | logz: -4.3e+04 +/- 2.7e-01 | dlogz: 42818.199 >  0.500
 loglike: -4.3e+04 | params: [-0.7692816  -1.22277958  1.8537788   9.55538575 31.64238463]
 Average call time: 9.84 sec | Current time: 2019-07-12 10:22:56.415378
 --------------------------
iter: 222 | nc: 1 | ncalls: 588 | bounds: 0 | eff(%): 37.755 | logz: -4.3e+04 +/- 2.7e-01 | dlogz: 42788.876 >  0.500
 loglike: -4.3e+04 | params: [ 0.17857777 -1.85502268  2.02492893  9.67972985 31.40117412]
 Average call time: 2.28 sec | Current time: 2019-07-12 10:22:58.691849
 --------------------------
iter: 223 | nc: 1 | ncalls: 589 | bounds: 0 | eff(%): 37.861 | logz: -4.3e+04 +/- 2.7e-01 | dlogz: 42731.872 >  0.500
 loglike: -4.3e+04 | params: [ 0.18401079 -1.62956195  2.16577465  9.78365122 31.51298781]
 Average call time: 2.28 sec | Current time: 2019-07-12 10:23:00.976352
 --------------------------
iter: 224 | nc: 3 | ncalls: 592 | bounds: 0 | eff(%): 37.838 | logz: -4.3e+04 +/- 2.7e-01 | dlogz: 42671.282 >  0.500
 loglike: -4.3e+04 | params: [-0.44627181 -1.72248167  2.90426328 10.14055016 33.09003338]
 Average call time: 2.26 sec | Current time: 2019-07-12 10:23:07.767414
 --------------------------
iter: 225 | nc: 1 | ncalls: 593 | bounds: 0 | eff(%): 37.943 | logz: -4.3e+04 +/- 2.7e-01 | dlogz: 42636.909 >  0.500
 loglike: -4.3e+04 | params: [-0.30547523 -1.14136658  2.12613132 10.0970913  30.97123042]
 Average call time: 2.34 sec | Current time: 2019-07-12 10:23:10.108424
 --------------------------
iter: 226 | nc: 1 | ncalls: 594 | bounds: 0 | eff(%): 38.047 | logz: -4.3e+04 +/- 2.7e-01 | dlogz: 42563.183 >  0.500
 loglike: -4.3e+04 | params: [-0.71472422 -1.99139461  2.2651374   9.57900531 32.30414451]
 Average call time: 2.28 sec | Current time: 2019-07-12 10:23:12.384539
 --------------------------
iter: 227 | nc: 2 | ncalls: 596 | bounds: 0 | eff(%): 38.087 | logz: -4.3e+04 +/- 2.7e-01 | dlogz: 42552.337 >  0.500
 loglike: -4.3e+04 | params: [ 0.38442329 -1.2797586   2.2555862  10.00336473 31.15494269]
 Average call time: 2.62 sec | Current time: 2019-07-12 10:23:17.632703
 --------------------------
iter: 228 | nc: 1 | ncalls: 597 | bounds: 0 | eff(%): 38.191 | logz: -4.3e+04 +/- 2.7e-01 | dlogz: 42540.347 >  0.500
 loglike: -4.3e+04 | params: [ 0.3957039  -1.98930825  2.05849367  9.59386261 31.27337024]
 Average call time: 11.02 sec | Current time: 2019-07-12 10:23:28.653755
 --------------------------
iter: 229 | nc: 4 | ncalls: 601 | bounds: 0 | eff(%): 38.103 | logz: -4.3e+04 +/- 2.7e-01 | dlogz: 42517.762 >  0.500
 loglike: -4.3e+04 | params: [ 0.25258692 -1.20750242  3.47536797  9.75004179 34.60112963]
 Average call time: 2.35 sec | Current time: 2019-07-12 10:23:38.041609
 --------------------------
iter: 230 | nc: 1 | ncalls: 602 | bounds: 0 | eff(%): 38.206 | logz: -4.2e+04 +/- 2.7e-01 | dlogz: 42504.487 >  0.500
 loglike: -4.2e+04 | params: [-0.79879279 -1.01771647  2.42325392 10.0745097  31.77536475]
 Average call time: 2.34 sec | Current time: 2019-07-12 10:23:40.384243
 --------------------------
iter: 231 | nc: 8 | ncalls: 610 | bounds: 0 | eff(%): 37.869 | logz: -4.2e+04 +/- 2.7e-01 | dlogz: 42439.675 >  0.500
 loglike: -4.2e+04 | params: [-0.62107637 -1.65199121  2.59553239 10.13125724 32.06528163]
 Average call time: 2.25 sec | Current time: 2019-07-12 10:23:58.412652
 --------------------------
iter: 232 | nc: 1 | ncalls: 611 | bounds: 0 | eff(%): 37.971 | logz: -4.2e+04 +/- 2.7e-01 | dlogz: 42375.792 >  0.500
 loglike: -4.2e+04 | params: [ 0.03224728 -1.94238686  2.00765836  9.73332187 30.90574543]
 Average call time: 2.58 sec | Current time: 2019-07-12 10:24:00.987869
 --------------------------
iter: 233 | nc: 3 | ncalls: 614 | bounds: 0 | eff(%): 37.948 | logz: -4.2e+04 +/- 2.7e-01 | dlogz: 42290.610 >  0.500
 loglike: -4.2e+04 | params: [-0.1271819  -1.91201131  2.89277375 10.06876119 32.52740373]
 Average call time: 2.27 sec | Current time: 2019-07-12 10:24:07.795541
 --------------------------
iter: 234 | nc: 2 | ncalls: 616 | bounds: 0 | eff(%): 37.987 | logz: -4.2e+04 +/- 2.7e-01 | dlogz: 42177.127 >  0.500
 loglike: -4.2e+04 | params: [-0.8658355  -1.96162954  3.15483611  9.7594892  33.87088422]
 Average call time: 2.26 sec | Current time: 2019-07-12 10:24:12.308235
 --------------------------
iter: 235 | nc: 2 | ncalls: 618 | bounds: 0 | eff(%): 38.026 | logz: -4.2e+04 +/- 2.7e-01 | dlogz: 42150.003 >  0.500
 loglike: -4.2e+04 | params: [-0.30208209 -1.39617134  2.59073606  9.86332079 32.10153276]
 Average call time: 2.26 sec | Current time: 2019-07-12 10:24:16.823614
 --------------------------
iter: 236 | nc: 11 | ncalls: 629 | bounds: 0 | eff(%): 37.520 | logz: -4.2e+04 +/- 2.7e-01 | dlogz: 42123.692 >  0.500
 loglike: -4.2e+04 | params: [-0.29447246 -1.85563634  3.38098397  9.93803322 33.91687765]
 Average call time: 2.26 sec | Current time: 2019-07-12 10:24:41.670266
 --------------------------
iter: 237 | nc: 5 | ncalls: 634 | bounds: 0 | eff(%): 37.382 | logz: -4.2e+04 +/- 2.7e-01 | dlogz: 42053.233 >  0.500
 loglike: -4.2e+04 | params: [ 0.22747068 -1.49244493  1.62715981  9.80346523 29.46313056]
 Average call time: 2.28 sec | Current time: 2019-07-12 10:24:53.050828
 --------------------------
iter: 238 | nc: 2 | ncalls: 636 | bounds: 0 | eff(%): 37.421 | logz: -4.2e+04 +/- 2.7e-01 | dlogz: 41998.544 >  0.500
 loglike: -4.2e+04 | params: [ 6.53192597e-03 -1.85312306e+00  2.58136661e+00  1.01377424e+01
  3.14466084e+01]
 Average call time: 7.54 sec | Current time: 2019-07-12 10:25:08.134204
 --------------------------
iter: 239 | nc: 4 | ncalls: 640 | bounds: 0 | eff(%): 37.344 | logz: -4.2e+04 +/- 2.7e-01 | dlogz: 41974.610 >  0.500
 loglike: -4.2e+04 | params: [-0.22976967 -1.19293371  2.09379786  9.83077221 30.67341848]
 Average call time: 2.27 sec | Current time: 2019-07-12 10:25:17.205508
 --------------------------
iter: 240 | nc: 3 | ncalls: 643 | bounds: 0 | eff(%): 37.325 | logz: -4.2e+04 +/- 2.7e-01 | dlogz: 41887.220 >  0.500
 loglike: -4.2e+04 | params: [-0.33096177 -1.98657896  3.80938797  9.53625861 30.30531132]
 Average call time: 2.39 sec | Current time: 2019-07-12 10:25:24.379931
 --------------------------
iter: 241 | nc: 2 | ncalls: 645 | bounds: 0 | eff(%): 37.364 | logz: -4.2e+04 +/- 2.7e-01 | dlogz: 41865.228 >  0.500
 loglike: -4.2e+04 | params: [-0.31706909 -1.14084289  3.45345859  9.7363165  34.1813652 ]
 Average call time: 2.25 sec | Current time: 2019-07-12 10:25:28.887497
 --------------------------
iter: 242 | nc: 1 | ncalls: 646 | bounds: 0 | eff(%): 37.461 | logz: -4.2e+04 +/- 2.7e-01 | dlogz: 41857.168 >  0.500
 loglike: -4.2e+04 | params: [-0.38458306 -1.86445578  2.26239786  9.78978879 31.17443736]
 Average call time: 5.75 sec | Current time: 2019-07-12 10:25:34.639751
 --------------------------
iter: 243 | nc: 1 | ncalls: 647 | bounds: 0 | eff(%): 37.558 | logz: -4.2e+04 +/- 2.7e-01 | dlogz: 41814.135 >  0.500
 loglike: -4.2e+04 | params: [-0.70387331 -1.51972966  3.16212153  9.50733862 33.87781202]
 Average call time: 9.07 sec | Current time: 2019-07-12 10:25:43.707345
 --------------------------
iter: 244 | nc: 1 | ncalls: 648 | bounds: 0 | eff(%): 37.654 | logz: -4.2e+04 +/- 2.7e-01 | dlogz: 41596.410 >  0.500
 loglike: -4.2e+04 | params: [ 0.34002839 -1.55141598  2.96630148 10.06992108 31.97149399]
 Average call time: 2.38 sec | Current time: 2019-07-12 10:25:46.086210
 --------------------------
iter: 245 | nc: 5 | ncalls: 653 | bounds: 0 | eff(%): 37.519 | logz: -4.1e+04 +/- 2.7e-01 | dlogz: 41493.380 >  0.500
 loglike: -4.1e+04 | params: [ 0.46174271 -1.33221309  3.03391972  9.57581805 32.76180723]
 Average call time: 2.30 sec | Current time: 2019-07-12 10:25:57.563965
 --------------------------
iter: 246 | nc: 2 | ncalls: 655 | bounds: 0 | eff(%): 37.557 | logz: -4.1e+04 +/- 2.7e-01 | dlogz: 41453.633 >  0.500
 loglike: -4.1e+04 | params: [-0.91037702 -1.83072207  1.91417016 10.13421572 29.4741006 ]
 Average call time: 4.07 sec | Current time: 2019-07-12 10:26:05.694344
 --------------------------
iter: 247 | nc: 1 | ncalls: 656 | bounds: 0 | eff(%): 37.652 | logz: -4.1e+04 +/- 2.7e-01 | dlogz: 41055.029 >  0.500
 loglike: -4.1e+04 | params: [ 0.08066408 -1.76879552  1.64726635  9.68015546 29.1011603 ]
 Average call time: 2.28 sec | Current time: 2019-07-12 10:26:07.970551
 --------------------------
iter: 248 | nc: 2 | ncalls: 658 | bounds: 0 | eff(%): 37.690 | logz: -4.1e+04 +/- 2.7e-01 | dlogz: 40958.873 >  0.500
 loglike: -4.1e+04 | params: [ 0.17945258 -1.07484488  3.52550541 10.00406545 33.23721839]
 Average call time: 2.28 sec | Current time: 2019-07-12 10:26:12.522484
 --------------------------
iter: 249 | nc: 6 | ncalls: 664 | bounds: 0 | eff(%): 37.500 | logz: -4.1e+04 +/- 2.7e-01 | dlogz: 40893.301 >  0.500
 loglike: -4.1e+04 | params: [ 0.22805527 -1.45487783  4.20752433 10.12339003 34.73264791]
 Average call time: 3.26 sec | Current time: 2019-07-12 10:26:32.055250
 --------------------------
iter: 250 | nc: 3 | ncalls: 667 | bounds: 0 | eff(%): 37.481 | logz: -4.1e+04 +/- 2.7e-01 | dlogz: 40807.140 >  0.500
 loglike: -4.1e+04 | params: [ 0.38396523 -1.84927936  2.28589711  9.76732305 30.41986603]
 Average call time: 4.75 sec | Current time: 2019-07-12 10:26:46.296406
 --------------------------
iter: 251 | nc: 3 | ncalls: 670 | bounds: 0 | eff(%): 37.463 | logz: -4.1e+04 +/- 2.7e-01 | dlogz: 40760.338 >  0.500
 loglike: -4.1e+04 | params: [-0.03867935 -1.87379468  2.52879157 10.01596055 26.27029394]
 Average call time: 2.37 sec | Current time: 2019-07-12 10:26:53.403440
 --------------------------
iter: 252 | nc: 6 | ncalls: 676 | bounds: 0 | eff(%): 37.278 | logz: -4.1e+04 +/- 2.7e-01 | dlogz: 40693.926 >  0.500
 loglike: -4.1e+04 | params: [-0.44360976 -1.55325985  3.99064932  9.83627196 34.83323573]
 Average call time: 2.47 sec | Current time: 2019-07-12 10:27:08.242377
 --------------------------
iter: 253 | nc: 5 | ncalls: 681 | bounds: 0 | eff(%): 37.151 | logz: -4.1e+04 +/- 2.7e-01 | dlogz: 40642.328 >  0.500
 loglike: -4.1e+04 | params: [-0.25111921 -1.30785627  1.9567057   9.66088102 29.97367867]
 Average call time: 2.26 sec | Current time: 2019-07-12 10:27:19.531658
 --------------------------
iter: 254 | nc: 1 | ncalls: 682 | bounds: 0 | eff(%): 37.243 | logz: -4.1e+04 +/- 2.7e-01 | dlogz: 40542.995 >  0.500
 loglike: -4.1e+04 | params: [-0.15957844 -1.23089115  4.11112155  9.55847372 30.98593869]
 Average call time: 2.28 sec | Current time: 2019-07-12 10:27:21.814892
 --------------------------
