Using pcmdpy version 0.9.3
Loading Setup File: setup_files/NGC3377/NGC3377_model14.py
(2, 6529)
Running Nested Sampling
-initializing models
-Saving initial results dataframe
iter: 1 | nc: 1 | ncalls: 401 | bounds: 0 | eff(%):  0.249 | logz: -4.7e+03 +/- 1.3e-01 | dlogz:    inf >  0.500
 loglike: -4.7e+03 | params: [-0.59412366 -1.21654508 -1.37299811  2.1207595   3.41243198  3.37681074
  5.9134606  28.71495908]
 Average call time: 6.28 sec | Current time: 2019-06-25 16:16:36.098190
 --------------------------
iter: 2 | nc: 1 | ncalls: 402 | bounds: 0 | eff(%):  0.498 | logz: -4.5e+03 +/- 1.3e-01 | dlogz: 4678.366 >  0.500
 loglike: -4.5e+03 | params: [ 0.14012184 -0.75109437  0.47346224  1.44162304  2.22815759  1.20921008
  5.89194171 28.2830969 ]
 Average call time: 6.75 sec | Current time: 2019-06-25 16:16:42.844134
 --------------------------
iter: 3 | nc: 1 | ncalls: 403 | bounds: 0 | eff(%):  0.744 | logz: -4.4e+03 +/- 1.3e-01 | dlogz: 4497.589 >  0.500
 loglike: -4.4e+03 | params: [-0.74481655 -0.92242733  1.71287833 -0.21654818  3.77249285  4.12545554
  5.6022441  28.15081136]
 Average call time: 6.29 sec | Current time: 2019-06-25 16:16:49.129276
 --------------------------
iter: 4 | nc: 1 | ncalls: 404 | bounds: 0 | eff(%):  0.990 | logz: -4.3e+03 +/- 1.3e-01 | dlogz: 4418.735 >  0.500
 loglike: -4.3e+03 | params: [-0.41415881 -0.77647467  2.12826441  2.94866913  0.27218766  1.58240713
  5.85737141 28.57767345]
 Average call time: 6.54 sec | Current time: 2019-06-25 16:16:55.673748
 --------------------------
iter: 5 | nc: 1 | ncalls: 405 | bounds: 0 | eff(%):  1.235 | logz: -4.0e+03 +/- 1.3e-01 | dlogz: 4304.391 >  0.500
 loglike: -4.0e+03 | params: [ 0.47626545 -1.08418978  0.84048124  1.88407344  2.08557884  1.85151346
  5.85943976 28.38374654]
 Average call time: 6.44 sec | Current time: 2019-06-25 16:17:02.111444
 --------------------------
iter: 6 | nc: 1 | ncalls: 406 | bounds: 0 | eff(%):  1.478 | logz: -3.8e+03 +/- 1.3e-01 | dlogz: 4009.138 >  0.500
 loglike: -3.8e+03 | params: [-0.19677719 -1.332803   -1.67786752  1.69016616  3.7354557   4.97895898
  5.65564952 28.73871933]
 Average call time: 6.22 sec | Current time: 2019-06-25 16:17:08.333558
 --------------------------
iter: 7 | nc: 1 | ncalls: 407 | bounds: 0 | eff(%):  1.720 | logz: -3.5e+03 +/- 1.3e-01 | dlogz: 3768.640 >  0.500
 loglike: -3.5e+03 | params: [ 0.45365872 -0.87604802  1.96463336 -0.38014089  3.21365665  4.03411539
  5.78131757 28.45866832]
 Average call time: 6.27 sec | Current time: 2019-06-25 16:17:14.605841
 --------------------------
iter: 8 | nc: 1 | ncalls: 408 | bounds: 0 | eff(%):  1.961 | logz: -3.5e+03 +/- 1.3e-01 | dlogz: 3538.486 >  0.500
 loglike: -3.5e+03 | params: [ 0.49157305 -1.14941677  1.6799342  -0.36910243  0.55192231  2.43102225
  5.75444849 28.41479321]
 Average call time: 6.25 sec | Current time: 2019-06-25 16:17:20.859733
 --------------------------
iter: 9 | nc: 1 | ncalls: 409 | bounds: 0 | eff(%):  2.200 | logz: -3.4e+03 +/- 1.3e-01 | dlogz: 3527.946 >  0.500
 loglike: -3.4e+03 | params: [-0.4380919  -1.90539084 -0.05047612  2.1450965   2.94839316  1.88606564
  5.38701736 28.11488781]
 Average call time: 6.23 sec | Current time: 2019-06-25 16:17:27.086744
 --------------------------
iter: 10 | nc: 1 | ncalls: 410 | bounds: 0 | eff(%):  2.439 | logz: -3.3e+03 +/- 1.3e-01 | dlogz: 3389.498 >  0.500
 loglike: -3.3e+03 | params: [ 0.33783003 -0.78447015  2.0900926   3.09706905  2.24093162  2.35460633
  5.6092172  28.20260182]
 Average call time: 6.26 sec | Current time: 2019-06-25 16:17:33.349078
 --------------------------
iter: 11 | nc: 1 | ncalls: 411 | bounds: 0 | eff(%):  2.676 | logz: -3.2e+03 +/- 1.3e-01 | dlogz: 3309.478 >  0.500
 loglike: -3.2e+03 | params: [-0.16082846 -1.85898212  1.39546988  1.30988992  0.63682311  3.69474602
  5.66802606 28.79247338]
 Average call time: 6.25 sec | Current time: 2019-06-25 16:17:39.594140
 --------------------------
iter: 12 | nc: 1 | ncalls: 412 | bounds: 0 | eff(%):  2.913 | logz: -3.2e+03 +/- 1.3e-01 | dlogz: 3221.750 >  0.500
 loglike: -3.2e+03 | params: [ 0.35481962 -0.88112748 -0.37247609 -0.69641278  2.52125797  4.21314416
  5.64200461 28.43766487]
 Average call time: 6.28 sec | Current time: 2019-06-25 16:17:45.873834
 --------------------------
iter: 13 | nc: 1 | ncalls: 413 | bounds: 0 | eff(%):  3.148 | logz: -3.1e+03 +/- 1.3e-01 | dlogz: 3163.248 >  0.500
 loglike: -3.1e+03 | params: [-0.9063676  -1.61096434  0.36240615  1.23778767  3.60610083  1.33027992
  5.76182488 29.36039266]
 Average call time: 6.46 sec | Current time: 2019-06-25 16:17:52.334897
 --------------------------
iter: 14 | nc: 1 | ncalls: 414 | bounds: 0 | eff(%):  3.382 | logz: -2.9e+03 +/- 1.3e-01 | dlogz: 3081.608 >  0.500
 loglike: -2.9e+03 | params: [-0.8369906  -1.28446458  2.16266324 -0.4662636   3.28526806  5.0507887
  2.80573352 28.17932119]
 Average call time: 6.24 sec | Current time: 2019-06-25 16:17:58.573991
 --------------------------
iter: 15 | nc: 1 | ncalls: 415 | bounds: 0 | eff(%):  3.614 | logz: -2.9e+03 +/- 1.3e-01 | dlogz: 2931.474 >  0.500
 loglike: -2.9e+03 | params: [-0.67715546 -1.97239851  1.68563071 -0.28896699  0.88454472  5.07847163
  5.24703821 28.98022242]
 Average call time: 6.22 sec | Current time: 2019-06-25 16:18:04.790481
 --------------------------
iter: 16 | nc: 1 | ncalls: 416 | bounds: 0 | eff(%):  3.846 | logz: -2.6e+03 +/- 1.3e-01 | dlogz: 2860.410 >  0.500
 loglike: -2.6e+03 | params: [-0.98817451 -1.0615595   0.54091411  0.20706949  2.61905396  5.0218195
  4.67235325 28.52096338]
 Average call time: 6.47 sec | Current time: 2019-06-25 16:18:11.258318
 --------------------------
iter: 17 | nc: 1 | ncalls: 417 | bounds: 0 | eff(%):  4.077 | logz: -2.5e+03 +/- 1.3e-01 | dlogz: 2603.327 >  0.500
 loglike: -2.5e+03 | params: [-0.80871565 -1.83070291  1.15534558  0.22371293  3.48255009  2.42264878
  5.43170517 28.94611806]
 Average call time: 6.49 sec | Current time: 2019-06-25 16:18:17.743777
 --------------------------
iter: 18 | nc: 1 | ncalls: 418 | bounds: 0 | eff(%):  4.306 | logz: -2.5e+03 +/- 1.3e-01 | dlogz: 2515.251 >  0.500
 loglike: -2.5e+03 | params: [-0.37115528 -1.14700008 -1.59946949  3.24874931  2.35228648  4.22645755
  5.66088882 29.36647424]
 Average call time: 6.21 sec | Current time: 2019-06-25 16:18:23.951752
 --------------------------
iter: 19 | nc: 1 | ncalls: 419 | bounds: 0 | eff(%):  4.535 | logz: -2.4e+03 +/- 1.3e-01 | dlogz: 2487.944 >  0.500
 loglike: -2.4e+03 | params: [-0.42551341 -1.01286541  1.7585446   1.55690313  1.58843143  2.14210479
  5.39661201 28.6931132 ]
 Average call time: 6.48 sec | Current time: 2019-06-25 16:18:30.429894
 --------------------------
iter: 20 | nc: 1 | ncalls: 420 | bounds: 0 | eff(%):  4.762 | logz: -2.4e+03 +/- 1.3e-01 | dlogz: 2386.054 >  0.500
 loglike: -2.4e+03 | params: [ 0.1859818  -1.23591432  0.90311363  1.42503693  0.22125098  3.38003766
  5.21392583 28.0167594 ]
 Average call time: 6.23 sec | Current time: 2019-06-25 16:18:36.657541
 --------------------------
iter: 21 | nc: 1 | ncalls: 421 | bounds: 0 | eff(%):  4.988 | logz: -2.3e+03 +/- 1.3e-01 | dlogz: 2378.790 >  0.500
 loglike: -2.3e+03 | params: [-0.05899446 -1.60746241  0.5638596   1.48582075  0.67763226  3.73691354
  5.70836183 29.42707074]
 Average call time: 6.22 sec | Current time: 2019-06-25 16:18:42.878303
 --------------------------
iter: 22 | nc: 1 | ncalls: 422 | bounds: 0 | eff(%):  5.213 | logz: -2.3e+03 +/- 1.3e-01 | dlogz: 2340.931 >  0.500
 loglike: -2.3e+03 | params: [ 0.4967449  -1.39832841  1.76703084  1.54276712  3.68923316  4.65014203
  5.05267665 28.12723225]
 Average call time: 6.21 sec | Current time: 2019-06-25 16:18:49.089973
 --------------------------
iter: 23 | nc: 1 | ncalls: 423 | bounds: 0 | eff(%):  5.437 | logz: -2.3e+03 +/- 1.2e-01 | dlogz: 2325.214 >  0.500
 loglike: -2.3e+03 | params: [-0.90816332 -1.96525887  0.26324553  0.33257689  1.65749266  5.00303009
  5.12663954 29.13650206]
 Average call time: 6.50 sec | Current time: 2019-06-25 16:18:55.591162
 --------------------------
iter: 24 | nc: 1 | ncalls: 424 | bounds: 0 | eff(%):  5.660 | logz: -2.3e+03 +/- 1.3e-01 | dlogz: 2323.071 >  0.500
 loglike: -2.3e+03 | params: [-0.07579112 -1.67106324  1.72378244  1.85767243  1.76828138  2.04535434
  5.27082153 28.3940653 ]
 Average call time: 6.43 sec | Current time: 2019-06-25 16:19:02.022275
 --------------------------
iter: 25 | nc: 2 | ncalls: 426 | bounds: 0 | eff(%):  5.869 | logz: -2.3e+03 +/- 1.3e-01 | dlogz: 2267.772 >  0.500
 loglike: -2.2e+03 | params: [ 0.26437443 -1.00772645  0.70280667  3.21758106  2.54116696  1.97044028
  5.60949466 29.0475424 ]
 Average call time: 6.06 sec | Current time: 2019-06-25 16:19:14.135564
 --------------------------
iter: 26 | nc: 2 | ncalls: 428 | bounds: 0 | eff(%):  6.075 | logz: -2.2e+03 +/- 1.3e-01 | dlogz: 2254.147 >  0.500
 loglike: -2.2e+03 | params: [-0.57578145 -1.63730192  1.71909544  0.73459034  3.42841272  4.90810769
  5.42656989 29.48818149]
 Average call time: 6.15 sec | Current time: 2019-06-25 16:19:26.434420
 --------------------------
iter: 27 | nc: 1 | ncalls: 429 | bounds: 0 | eff(%):  6.294 | logz: -2.1e+03 +/- 1.3e-01 | dlogz: 2214.544 >  0.500
 loglike: -2.1e+03 | params: [-0.69245971 -1.64790414  0.62158286  1.78008296  3.80687377  1.81385972
  5.13544393 28.62105603]
 Average call time: 6.20 sec | Current time: 2019-06-25 16:19:32.636240
 --------------------------
iter: 28 | nc: 1 | ncalls: 430 | bounds: 0 | eff(%):  6.512 | logz: -2.1e+03 +/- 1.3e-01 | dlogz: 2073.120 >  0.500
 loglike: -2.1e+03 | params: [-0.40902016 -1.31505032  0.90878611  1.16973877  2.99698297  4.4927016
  5.19868328 28.79191424]
 Average call time: 6.45 sec | Current time: 2019-06-25 16:19:39.085234
 --------------------------
iter: 29 | nc: 1 | ncalls: 431 | bounds: 0 | eff(%):  6.729 | logz: -2.0e+03 +/- 1.3e-01 | dlogz: 2066.049 >  0.500
 loglike: -2.0e+03 | params: [-0.87022431 -0.87047926  1.20284497  0.52823823  3.25752731  3.24677969
  5.2658157  28.74413594]
 Average call time: 6.47 sec | Current time: 2019-06-25 16:19:45.551637
 --------------------------
iter: 30 | nc: 1 | ncalls: 432 | bounds: 0 | eff(%):  6.944 | logz: -2.0e+03 +/- 1.3e-01 | dlogz: 2045.295 >  0.500
 loglike: -2.0e+03 | params: [ 0.27713546 -1.38506299 -0.72072413  2.28537672  3.04057353  4.25775187
  5.72666176 29.60083294]
 Average call time: 6.45 sec | Current time: 2019-06-25 16:19:52.002677
 --------------------------
iter: 31 | nc: 1 | ncalls: 433 | bounds: 0 | eff(%):  7.159 | logz: -2.0e+03 +/- 1.3e-01 | dlogz: 2042.550 >  0.500
 loglike: -2.0e+03 | params: [-0.36659602 -0.55920811 -0.25236117  3.03902721  3.14899057  3.33101172
  5.69882366 29.58944134]
 Average call time: 6.43 sec | Current time: 2019-06-25 16:19:58.429539
 --------------------------
iter: 32 | nc: 1 | ncalls: 434 | bounds: 0 | eff(%):  7.373 | logz: -1.9e+03 +/- 1.3e-01 | dlogz: 1977.068 >  0.500
 loglike: -1.9e+03 | params: [ 0.18764661 -1.15018801  1.54335672  3.16594778  3.7371675   4.90740346
  4.14268195 28.37014451]
 Average call time: 6.19 sec | Current time: 2019-06-25 16:20:04.619083
 --------------------------
