Using pcmdpy version 0.9.3
Loading Setup File: setup_files/NGC3377/NGC3377_model15.py
(2, 27593)
Running Nested Sampling
-initializing models
-Saving initial results dataframe
iter: 1 | nc: 1 | ncalls: 801 | bounds: 0 | eff(%):  0.125 | logz: -4.0e+05 +/- 1.4e-01 | dlogz:    inf >  0.500
 loglike: -4.0e+05 | params: [-0.96259555 -0.67440845  0.54203314  1.36695922  2.45056558  2.14790845
  5.84833357 28.05258236]
 Average call time: 3.16 sec | Current time: 2019-07-10 11:34:36.320591
 --------------------------
iter: 2 | nc: 1 | ncalls: 802 | bounds: 0 | eff(%):  0.249 | logz: -3.8e+05 +/- 1.4e-01 | dlogz: 396265.269 >  0.500
 loglike: -3.8e+05 | params: [-0.21854201 -0.97861635 -0.05528372  2.7988829   2.2090555   4.98589243
  5.70524744 28.18569867]
 Average call time: 2.69 sec | Current time: 2019-07-10 11:34:39.007720
 --------------------------
iter: 3 | nc: 1 | ncalls: 803 | bounds: 0 | eff(%):  0.374 | logz: -3.8e+05 +/- 1.4e-01 | dlogz: 384625.738 >  0.500
 loglike: -3.8e+05 | params: [-0.10742095 -1.62966341  0.25308948  2.8705541   2.4148286   2.34544303
  5.80319258 28.16089008]
 Average call time: 2.46 sec | Current time: 2019-07-10 11:34:41.464053
 --------------------------
iter: 4 | nc: 1 | ncalls: 804 | bounds: 0 | eff(%):  0.498 | logz: -3.8e+05 +/- 1.4e-01 | dlogz: 381747.240 >  0.500
 loglike: -3.8e+05 | params: [-0.59412366 -1.21654508 -1.37299811  2.1207595   3.41243198  3.37681074
  5.9134606  28.71495908]
 Average call time: 2.70 sec | Current time: 2019-07-10 11:34:44.160276
 --------------------------
iter: 5 | nc: 1 | ncalls: 805 | bounds: 0 | eff(%):  0.621 | logz: -3.7e+05 +/- 1.4e-01 | dlogz: 375830.430 >  0.500
 loglike: -3.7e+05 | params: [ 0.14012184 -0.75109437  0.47346224  1.44162304  2.22815759  1.20921008
  5.89194171 28.2830969 ]
 Average call time: 2.65 sec | Current time: 2019-07-10 11:34:46.806558
 --------------------------
iter: 6 | nc: 1 | ncalls: 806 | bounds: 0 | eff(%):  0.744 | logz: -3.7e+05 +/- 1.4e-01 | dlogz: 370968.552 >  0.500
 loglike: -3.7e+05 | params: [-0.10536668 -1.13420825 -0.45238567 -0.32679893  3.02485115  4.96632827
  5.81752115 28.55671305]
 Average call time: 2.85 sec | Current time: 2019-07-10 11:34:49.656496
 --------------------------
iter: 7 | nc: 1 | ncalls: 807 | bounds: 0 | eff(%):  0.867 | logz: -3.7e+05 +/- 1.4e-01 | dlogz: 370029.648 >  0.500
 loglike: -3.7e+05 | params: [-0.04922881 -1.10813933 -0.95868991  3.0522406   1.69797427  2.76307229
  5.80343774 28.29074041]
 Average call time: 2.63 sec | Current time: 2019-07-10 11:34:52.287604
 --------------------------
iter: 8 | nc: 1 | ncalls: 808 | bounds: 0 | eff(%):  0.990 | logz: -3.7e+05 +/- 1.4e-01 | dlogz: 369840.011 >  0.500
 loglike: -3.7e+05 | params: [-0.74481655 -0.92242733  1.71287833 -0.21654818  3.77249285  4.12545554
  5.6022441  28.15081136]
 Average call time: 2.64 sec | Current time: 2019-07-10 11:34:54.929293
 --------------------------
iter: 9 | nc: 1 | ncalls: 809 | bounds: 0 | eff(%):  1.112 | logz: -3.6e+05 +/- 1.4e-01 | dlogz: 367868.286 >  0.500
 loglike: -3.6e+05 | params: [-0.41415881 -0.77647467  2.12826441  2.94866913  0.27218766  1.58240713
  5.85737141 28.57767345]
 Average call time: 2.68 sec | Current time: 2019-07-10 11:34:57.605253
 --------------------------
iter: 10 | nc: 1 | ncalls: 810 | bounds: 0 | eff(%):  1.235 | logz: -3.6e+05 +/- 1.4e-01 | dlogz: 364711.149 >  0.500
 loglike: -3.6e+05 | params: [ 0.10844994 -0.8112889   0.47049714  1.54120706  2.2889287   3.51011115
  5.79646834 28.22448269]
 Average call time: 2.93 sec | Current time: 2019-07-10 11:35:00.536830
 --------------------------
iter: 11 | nc: 1 | ncalls: 811 | bounds: 0 | eff(%):  1.356 | logz: -3.6e+05 +/- 1.4e-01 | dlogz: 363211.019 >  0.500
 loglike: -3.6e+05 | params: [ 0.25733418 -1.77398428  0.19014419  3.13245322  3.25287931  2.23247722
  5.8601116  28.50144995]
 Average call time: 2.62 sec | Current time: 2019-07-10 11:35:03.160897
 --------------------------
iter: 12 | nc: 1 | ncalls: 812 | bounds: 0 | eff(%):  1.478 | logz: -3.6e+05 +/- 1.4e-01 | dlogz: 361985.180 >  0.500
 loglike: -3.6e+05 | params: [-0.13695692 -0.91954896  1.17229185  2.73934823  1.36762363  4.07354406
  5.90315274 28.7170028 ]
 Average call time: 2.48 sec | Current time: 2019-07-10 11:35:05.639022
 --------------------------
iter: 13 | nc: 1 | ncalls: 813 | bounds: 0 | eff(%):  1.599 | logz: -3.6e+05 +/- 1.4e-01 | dlogz: 359934.179 >  0.500
 loglike: -3.6e+05 | params: [ 0.47626545 -1.08418978  0.84048124  1.88407344  2.08557884  1.85151346
  5.85943976 28.38374654]
 Average call time: 2.43 sec | Current time: 2019-07-10 11:35:08.065916
 --------------------------
iter: 14 | nc: 1 | ncalls: 814 | bounds: 0 | eff(%):  1.720 | logz: -3.5e+05 +/- 1.4e-01 | dlogz: 355398.591 >  0.500
 loglike: -3.5e+05 | params: [-0.79379172 -0.95637649  0.51569421  0.61739982  2.90859671  4.44952466
  5.61414828 28.42891169]
 Average call time: 2.46 sec | Current time: 2019-07-10 11:35:10.530224
 --------------------------
iter: 15 | nc: 1 | ncalls: 815 | bounds: 0 | eff(%):  1.840 | logz: -3.5e+05 +/- 1.4e-01 | dlogz: 354560.262 >  0.500
 loglike: -3.5e+05 | params: [-0.19677719 -1.332803   -1.67786752  1.69016616  3.7354557   4.97895898
  5.65564952 28.73871933]
 Average call time: 2.83 sec | Current time: 2019-07-10 11:35:13.360055
 --------------------------
iter: 16 | nc: 1 | ncalls: 816 | bounds: 0 | eff(%):  1.961 | logz: -3.5e+05 +/- 1.4e-01 | dlogz: 346936.214 >  0.500
 loglike: -3.5e+05 | params: [-0.40443993 -1.67951397 -0.16275925  1.89053876  3.57445562  1.63536983
  5.49800736 28.16945324]
 Average call time: 2.67 sec | Current time: 2019-07-10 11:35:16.031518
 --------------------------
iter: 17 | nc: 1 | ncalls: 817 | bounds: 0 | eff(%):  2.081 | logz: -3.5e+05 +/- 1.4e-01 | dlogz: 346612.609 >  0.500
 loglike: -3.5e+05 | params: [-0.60265649 -0.59411837  1.96033375  0.17140213  3.42581135  1.25546847
  5.7019716  28.51158242]
 Average call time: 2.79 sec | Current time: 2019-07-10 11:35:18.824934
 --------------------------
iter: 18 | nc: 1 | ncalls: 818 | bounds: 0 | eff(%):  2.200 | logz: -3.4e+05 +/- 1.4e-01 | dlogz: 345479.254 >  0.500
 loglike: -3.4e+05 | params: [ 0.45365872 -0.87604802  1.96463336 -0.38014089  3.21365665  4.03411539
  5.78131757 28.45866832]
 Average call time: 2.65 sec | Current time: 2019-07-10 11:35:21.477108
 --------------------------
iter: 19 | nc: 1 | ncalls: 819 | bounds: 0 | eff(%):  2.320 | logz: -3.4e+05 +/- 1.4e-01 | dlogz: 339482.547 >  0.500
 loglike: -3.4e+05 | params: [ 0.49157305 -1.14941677  1.6799342  -0.36910243  0.55192231  2.43102225
  5.75444849 28.41479321]
 Average call time: 2.49 sec | Current time: 2019-07-10 11:35:23.965449
 --------------------------
iter: 20 | nc: 1 | ncalls: 820 | bounds: 0 | eff(%):  2.439 | logz: -3.4e+05 +/- 1.4e-01 | dlogz: 339106.544 >  0.500
 loglike: -3.4e+05 | params: [-0.55582602 -1.15908247  2.02853661  0.16631457  0.43579132  1.81402848
  5.89630431 29.26759192]
 Average call time: 2.52 sec | Current time: 2019-07-10 11:35:26.485824
 --------------------------
iter: 21 | nc: 1 | ncalls: 821 | bounds: 0 | eff(%):  2.558 | logz: -3.3e+05 +/- 1.4e-01 | dlogz: 338944.498 >  0.500
 loglike: -3.3e+05 | params: [-0.4380919  -1.90539084 -0.05047612  2.1450965   2.94839316  1.88606564
  5.38701736 28.11488781]
 Average call time: 2.67 sec | Current time: 2019-07-10 11:35:29.155109
 --------------------------
iter: 22 | nc: 1 | ncalls: 822 | bounds: 0 | eff(%):  2.676 | logz: -3.3e+05 +/- 1.4e-01 | dlogz: 333537.533 >  0.500
 loglike: -3.3e+05 | params: [ 0.33783003 -0.78447015  2.0900926   3.09706905  2.24093162  2.35460633
  5.6092172  28.20260182]
 Average call time: 2.44 sec | Current time: 2019-07-10 11:35:31.590934
 --------------------------
iter: 23 | nc: 1 | ncalls: 823 | bounds: 0 | eff(%):  2.795 | logz: -3.3e+05 +/- 1.4e-01 | dlogz: 331356.190 >  0.500
 loglike: -3.3e+05 | params: [-0.56805238 -1.45972632 -1.52855063  3.00850627  1.03923278  4.9330337
  4.84086736 28.02626079]
 Average call time: 2.69 sec | Current time: 2019-07-10 11:35:34.277737
 --------------------------
iter: 24 | nc: 1 | ncalls: 824 | bounds: 0 | eff(%):  2.913 | logz: -3.3e+05 +/- 1.4e-01 | dlogz: 330097.574 >  0.500
 loglike: -3.3e+05 | params: [-0.28864499 -1.92337511 -0.66346245  1.3652375   2.25965639  2.57418014
  5.37397972 28.13071316]
 Average call time: 2.66 sec | Current time: 2019-07-10 11:35:36.941217
 --------------------------
iter: 25 | nc: 1 | ncalls: 825 | bounds: 0 | eff(%):  3.030 | logz: -3.3e+05 +/- 1.4e-01 | dlogz: 328400.234 >  0.500
 loglike: -3.3e+05 | params: [-0.16082846 -1.85898212  1.39546988  1.30988992  0.63682311  3.69474602
  5.66802606 28.79247338]
 Average call time: 3.10 sec | Current time: 2019-07-10 11:35:40.040210
 --------------------------
iter: 26 | nc: 1 | ncalls: 826 | bounds: 0 | eff(%):  3.148 | logz: -3.3e+05 +/- 1.4e-01 | dlogz: 327757.588 >  0.500
 loglike: -3.3e+05 | params: [ 0.35481962 -0.88112748 -0.37247609 -0.69641278  2.52125797  4.21314416
  5.64200461 28.43766487]
 Average call time: 2.77 sec | Current time: 2019-07-10 11:35:42.810215
 --------------------------
iter: 27 | nc: 1 | ncalls: 827 | bounds: 0 | eff(%):  3.265 | logz: -3.3e+05 +/- 1.4e-01 | dlogz: 325998.029 >  0.500
 loglike: -3.3e+05 | params: [-0.2517282  -1.06592977 -1.46864566  2.7102706   2.69516319  3.84583675
  5.85065595 29.31059052]
 Average call time: 2.72 sec | Current time: 2019-07-10 11:35:45.533419
 --------------------------
iter: 28 | nc: 1 | ncalls: 828 | bounds: 0 | eff(%):  3.382 | logz: -3.2e+05 +/- 1.4e-01 | dlogz: 325538.815 >  0.500
 loglike: -3.2e+05 | params: [-0.9063676  -1.61096434  0.36240615  1.23778767  3.60610083  1.33027992
  5.76182488 29.36039266]
 Average call time: 4.73 sec | Current time: 2019-07-10 11:35:50.262263
 --------------------------
iter: 29 | nc: 1 | ncalls: 829 | bounds: 0 | eff(%):  3.498 | logz: -3.2e+05 +/- 1.4e-01 | dlogz: 321836.147 >  0.500
 loglike: -3.2e+05 | params: [-0.91194474 -1.78281589 -0.88183824  2.60291746  2.50677132  3.70063069
  5.39909946 28.50518938]
 Average call time: 2.65 sec | Current time: 2019-07-10 11:35:52.911042
 --------------------------
iter: 30 | nc: 1 | ncalls: 830 | bounds: 0 | eff(%):  3.614 | logz: -3.2e+05 +/- 1.4e-01 | dlogz: 320765.014 >  0.500
 loglike: -3.2e+05 | params: [-0.8369906  -1.28446458  2.16266324 -0.4662636   3.28526806  5.0507887
  2.80573352 28.17932119]
 Average call time: 2.70 sec | Current time: 2019-07-10 11:35:55.608110
 --------------------------
iter: 31 | nc: 1 | ncalls: 831 | bounds: 0 | eff(%):  3.730 | logz: -3.1e+05 +/- 1.4e-01 | dlogz: 315679.189 >  0.500
 loglike: -3.1e+05 | params: [ 0.069193   -1.27819119  0.09746833  3.14352912  0.13954011  2.0722857
  5.72126787 28.99528937]
 Average call time: 2.43 sec | Current time: 2019-07-10 11:35:58.040395
 --------------------------
iter: 32 | nc: 1 | ncalls: 832 | bounds: 0 | eff(%):  3.846 | logz: -3.1e+05 +/- 1.4e-01 | dlogz: 314775.910 >  0.500
 loglike: -3.1e+05 | params: [-0.67715546 -1.97239851  1.68563071 -0.28896699  0.88454472  5.07847163
  5.24703821 28.98022242]
 Average call time: 3.84 sec | Current time: 2019-07-10 11:36:01.884941
 --------------------------
iter: 33 | nc: 1 | ncalls: 833 | bounds: 0 | eff(%):  3.962 | logz: -3.1e+05 +/- 1.4e-01 | dlogz: 313254.517 >  0.500
 loglike: -3.1e+05 | params: [-0.804534   -1.5570634   2.2204155   0.59017814  0.12027366  3.90832633
  5.69535935 29.44009089]
 Average call time: 2.63 sec | Current time: 2019-07-10 11:36:04.511312
 --------------------------
iter: 34 | nc: 1 | ncalls: 834 | bounds: 0 | eff(%):  4.077 | logz: -3.0e+05 +/- 1.4e-01 | dlogz: 308029.079 >  0.500
 loglike: -3.0e+05 | params: [-0.98817451 -1.0615595   0.54091411  0.20706949  2.61905396  5.0218195
  4.67235325 28.52096338]
 Average call time: 2.44 sec | Current time: 2019-07-10 11:36:06.947202
 --------------------------
iter: 35 | nc: 1 | ncalls: 835 | bounds: 0 | eff(%):  4.192 | logz: -3.0e+05 +/- 1.4e-01 | dlogz: 303005.975 >  0.500
 loglike: -3.0e+05 | params: [-0.23531905 -0.67730526  1.57385739  1.85232077  0.83043312  1.58997425
  5.44727414 28.59224928]
 Average call time: 2.64 sec | Current time: 2019-07-10 11:36:09.590328
 --------------------------
iter: 36 | nc: 1 | ncalls: 836 | bounds: 0 | eff(%):  4.306 | logz: -3.0e+05 +/- 1.4e-01 | dlogz: 300361.297 >  0.500
 loglike: -3.0e+05 | params: [-0.80871565 -1.83070291  1.15534558  0.22371293  3.48255009  2.42264878
  5.43170517 28.94611806]
 Average call time: 2.44 sec | Current time: 2019-07-10 11:36:12.028626
 --------------------------
iter: 37 | nc: 1 | ncalls: 837 | bounds: 0 | eff(%):  4.421 | logz: -3.0e+05 +/- 1.4e-01 | dlogz: 299545.480 >  0.500
 loglike: -3.0e+05 | params: [ 0.26811744 -1.95597331  1.03771635  2.55175799  1.06116803  3.12729959
  5.85900684 29.56970017]
 Average call time: 2.77 sec | Current time: 2019-07-10 11:36:14.802916
 --------------------------
iter: 38 | nc: 1 | ncalls: 838 | bounds: 0 | eff(%):  4.535 | logz: -3.0e+05 +/- 1.3e-01 | dlogz: 299162.062 >  0.500
 loglike: -3.0e+05 | params: [-0.37115528 -1.14700008 -1.59946949  3.24874931  2.35228648  4.22645755
  5.66088882 29.36647424]
 Average call time: 2.44 sec | Current time: 2019-07-10 11:36:17.243890
 --------------------------
iter: 39 | nc: 1 | ncalls: 839 | bounds: 0 | eff(%):  4.648 | logz: -3.0e+05 +/- 1.4e-01 | dlogz: 299159.079 >  0.500
 loglike: -3.0e+05 | params: [-0.42551341 -1.01286541  1.7585446   1.55690313  1.58843143  2.14210479
  5.39661201 28.6931132 ]
 Average call time: 2.84 sec | Current time: 2019-07-10 11:36:20.087260
 --------------------------
iter: 40 | nc: 1 | ncalls: 840 | bounds: 0 | eff(%):  4.762 | logz: -2.9e+05 +/- 1.4e-01 | dlogz: 295000.988 >  0.500
 loglike: -2.9e+05 | params: [ 0.1859818  -1.23591432  0.90311363  1.42503693  0.22125098  3.38003766
  5.21392583 28.0167594 ]
 Average call time: 2.82 sec | Current time: 2019-07-10 11:36:22.909918
 --------------------------
iter: 41 | nc: 1 | ncalls: 841 | bounds: 0 | eff(%):  4.875 | logz: -2.9e+05 +/- 1.4e-01 | dlogz: 294923.699 >  0.500
 loglike: -2.9e+05 | params: [-0.05899446 -1.60746241  0.5638596   1.48582075  0.67763226  3.73691354
  5.70836183 29.42707074]
 Average call time: 2.46 sec | Current time: 2019-07-10 11:36:25.366248
 --------------------------
iter: 42 | nc: 1 | ncalls: 842 | bounds: 0 | eff(%):  4.988 | logz: -2.9e+05 +/- 1.4e-01 | dlogz: 293121.668 >  0.500
 loglike: -2.9e+05 | params: [ 0.4967449  -1.39832841  1.76703084  1.54276712  3.68923316  4.65014203
  5.05267665 28.12723225]
 Average call time: 2.46 sec | Current time: 2019-07-10 11:36:27.825500
 --------------------------
iter: 43 | nc: 1 | ncalls: 843 | bounds: 0 | eff(%):  5.101 | logz: -2.9e+05 +/- 1.4e-01 | dlogz: 292591.013 >  0.500
 loglike: -2.9e+05 | params: [-0.90816332 -1.96525887  0.26324553  0.33257689  1.65749266  5.00303009
  5.12663954 29.13650206]
 Average call time: 2.41 sec | Current time: 2019-07-10 11:36:30.236152
 --------------------------
iter: 44 | nc: 1 | ncalls: 844 | bounds: 0 | eff(%):  5.213 | logz: -2.9e+05 +/- 1.4e-01 | dlogz: 291017.640 >  0.500
 loglike: -2.9e+05 | params: [ 0.07689155 -1.91311845  0.23210569  3.19245361  0.42730547  3.62451432
  5.34248652 28.56889557]
 Average call time: 2.63 sec | Current time: 2019-07-10 11:36:32.868926
 --------------------------
iter: 45 | nc: 1 | ncalls: 845 | bounds: 0 | eff(%):  5.325 | logz: -2.9e+05 +/- 1.4e-01 | dlogz: 290219.334 >  0.500
 loglike: -2.9e+05 | params: [-0.07579112 -1.67106324  1.72378244  1.85767243  1.76828138  2.04535434
  5.27082153 28.3940653 ]
 Average call time: 2.44 sec | Current time: 2019-07-10 11:36:35.313566
 --------------------------
iter: 46 | nc: 1 | ncalls: 846 | bounds: 0 | eff(%):  5.437 | logz: -2.9e+05 +/- 1.4e-01 | dlogz: 289916.138 >  0.500
 loglike: -2.9e+05 | params: [ 0.26437443 -1.00772645  0.70280667  3.21758106  2.54116696  1.97044028
  5.60949466 29.0475424 ]
 Average call time: 2.44 sec | Current time: 2019-07-10 11:36:37.756643
 --------------------------
iter: 47 | nc: 1 | ncalls: 847 | bounds: 0 | eff(%):  5.549 | logz: -2.9e+05 +/- 1.4e-01 | dlogz: 289545.475 >  0.500
 loglike: -2.9e+05 | params: [-0.85019229 -1.82726083 -0.87682365 -0.31327234  2.47735341  1.51570213
  5.67115942 29.70150732]
 Average call time: 2.41 sec | Current time: 2019-07-10 11:36:40.171595
 --------------------------
iter: 48 | nc: 1 | ncalls: 848 | bounds: 0 | eff(%):  5.660 | logz: -2.9e+05 +/- 1.4e-01 | dlogz: 288094.224 >  0.500
 loglike: -2.9e+05 | params: [-0.52738051 -0.80766614  0.13974275  2.35331846  0.13433826  2.02626493
  5.87013226 29.99133291]
 Average call time: 2.43 sec | Current time: 2019-07-10 11:36:42.603898
 --------------------------
iter: 49 | nc: 1 | ncalls: 849 | bounds: 0 | eff(%):  5.771 | logz: -2.9e+05 +/- 1.4e-01 | dlogz: 287539.868 >  0.500
 loglike: -2.9e+05 | params: [-0.57578145 -1.63730192  1.71909544  0.73459034  3.42841272  4.90810769
  5.42656989 29.48818149]
 Average call time: 2.62 sec | Current time: 2019-07-10 11:36:45.219026
 --------------------------
iter: 50 | nc: 1 | ncalls: 850 | bounds: 0 | eff(%):  5.882 | logz: -2.9e+05 +/- 1.4e-01 | dlogz: 286879.552 >  0.500
 loglike: -2.9e+05 | params: [-0.23762206 -1.28627032  1.66853832  0.17233321  3.73714005  2.16735256
  5.5005953  29.27793498]
 Average call time: 2.70 sec | Current time: 2019-07-10 11:36:47.920267
 --------------------------
iter: 51 | nc: 1 | ncalls: 851 | bounds: 0 | eff(%):  5.993 | logz: -2.8e+05 +/- 1.4e-01 | dlogz: 285208.532 >  0.500
 loglike: -2.8e+05 | params: [-0.03601157 -1.02328964  2.10305258  0.59340638 -0.09292915  5.00341716
  4.10919276 28.41234858]
 Average call time: 2.64 sec | Current time: 2019-07-10 11:36:50.560068
 --------------------------
iter: 52 | nc: 1 | ncalls: 852 | bounds: 0 | eff(%):  6.103 | logz: -2.8e+05 +/- 1.4e-01 | dlogz: 281926.928 >  0.500
 loglike: -2.8e+05 | params: [-0.51859719 -1.37041385  1.75517769  1.81726532  2.76642846  3.83322853
  5.64859537 29.69231928]
 Average call time: 2.61 sec | Current time: 2019-07-10 11:36:53.174493
 --------------------------
iter: 53 | nc: 1 | ncalls: 853 | bounds: 0 | eff(%):  6.213 | logz: -2.8e+05 +/- 1.4e-01 | dlogz: 281499.660 >  0.500
 loglike: -2.8e+05 | params: [-0.40902016 -1.31505032  0.90878611  1.16973877  2.99698297  4.4927016
  5.19868328 28.79191424]
 Average call time: 2.94 sec | Current time: 2019-07-10 11:36:56.117581
 --------------------------
iter: 54 | nc: 1 | ncalls: 854 | bounds: 0 | eff(%):  6.323 | logz: -2.8e+05 +/- 1.4e-01 | dlogz: 280662.638 >  0.500
 loglike: -2.8e+05 | params: [-0.69245971 -1.64790414  0.62158286  1.78008296  3.80687377  1.81385972
  5.13544393 28.62105603]
 Average call time: 2.67 sec | Current time: 2019-07-10 11:36:58.787267
 --------------------------
iter: 55 | nc: 1 | ncalls: 855 | bounds: 0 | eff(%):  6.433 | logz: -2.8e+05 +/- 1.4e-01 | dlogz: 280375.895 >  0.500
 loglike: -2.8e+05 | params: [ 0.27713546 -1.38506299 -0.72072413  2.28537672  3.04057353  4.25775187
  5.72666176 29.60083294]
 Average call time: 2.44 sec | Current time: 2019-07-10 11:37:01.223989
 --------------------------
iter: 56 | nc: 1 | ncalls: 856 | bounds: 0 | eff(%):  6.542 | logz: -2.8e+05 +/- 1.4e-01 | dlogz: 280040.667 >  0.500
 loglike: -2.8e+05 | params: [-0.87022431 -0.87047926  1.20284497  0.52823823  3.25752731  3.24677969
  5.2658157  28.74413594]
 Average call time: 2.40 sec | Current time: 2019-07-10 11:37:03.628251
 --------------------------
iter: 57 | nc: 1 | ncalls: 857 | bounds: 0 | eff(%):  6.651 | logz: -2.8e+05 +/- 1.4e-01 | dlogz: 279751.004 >  0.500
 loglike: -2.8e+05 | params: [-0.36659602 -0.55920811 -0.25236117  3.03902721  3.14899057  3.33101172
  5.69882366 29.58944134]
 Average call time: 2.92 sec | Current time: 2019-07-10 11:37:06.551932
 --------------------------
iter: 58 | nc: 1 | ncalls: 858 | bounds: 0 | eff(%):  6.760 | logz: -2.8e+05 +/- 1.4e-01 | dlogz: 276980.685 >  0.500
 loglike: -2.8e+05 | params: [ 0.18764661 -1.15018801  1.54335672  3.16594778  3.7371675   4.90740346
  4.14268195 28.37014451]
 Average call time: 2.66 sec | Current time: 2019-07-10 11:37:09.206953
 --------------------------
iter: 59 | nc: 1 | ncalls: 859 | bounds: 0 | eff(%):  6.868 | logz: -2.7e+05 +/- 1.4e-01 | dlogz: 275183.420 >  0.500
 loglike: -2.7e+05 | params: [-3.71740150e-01 -1.16608943e+00 -2.24538306e-01 -1.37946978e-02
  1.86863130e+00  2.88037837e+00  5.53443205e+00  2.93931992e+01]
 Average call time: 2.63 sec | Current time: 2019-07-10 11:37:11.836041
 --------------------------
iter: 60 | nc: 1 | ncalls: 860 | bounds: 0 | eff(%):  6.977 | logz: -2.7e+05 +/- 1.4e-01 | dlogz: 274653.622 >  0.500
 loglike: -2.7e+05 | params: [-8.62344611e-02 -1.06996766e+00 -3.12348291e-04  6.13003781e-02
  1.65208409e+00  4.80766243e+00  4.62127172e+00  2.83260924e+01]
 Average call time: 2.70 sec | Current time: 2019-07-10 11:37:14.536937
 --------------------------
iter: 61 | nc: 1 | ncalls: 861 | bounds: 0 | eff(%):  7.085 | logz: -2.7e+05 +/- 1.4e-01 | dlogz: 273255.313 >  0.500
 loglike: -2.7e+05 | params: [-6.22081014e-03 -1.05971024e+00  2.20306650e+00  1.35569605e+00
  2.51710927e-01  4.43752244e+00  5.70763561e+00  2.98122744e+01]
 Average call time: 2.60 sec | Current time: 2019-07-10 11:37:17.137006
 --------------------------
iter: 62 | nc: 1 | ncalls: 862 | bounds: 0 | eff(%):  7.193 | logz: -2.7e+05 +/- 1.4e-01 | dlogz: 272075.253 >  0.500
 loglike: -2.7e+05 | params: [-0.8604297  -1.22914016 -0.97664107  1.18729416  0.98435062  1.15052803
  5.48665909 29.49559387]
 Average call time: 2.44 sec | Current time: 2019-07-10 11:37:19.573858
 --------------------------
iter: 63 | nc: 1 | ncalls: 863 | bounds: 0 | eff(%):  7.300 | logz: -2.7e+05 +/- 1.4e-01 | dlogz: 270157.390 >  0.500
 loglike: -2.7e+05 | params: [ 0.17662006 -1.37561102  1.431878   -0.33007741  0.76824499  2.3219134
  5.68367865 29.61506866]
 Average call time: 2.88 sec | Current time: 2019-07-10 11:37:22.455811
 --------------------------
iter: 64 | nc: 1 | ncalls: 864 | bounds: 0 | eff(%):  7.407 | logz: -2.7e+05 +/- 1.4e-01 | dlogz: 270130.447 >  0.500
 loglike: -2.7e+05 | params: [ 7.88870251e-02 -8.38426040e-01 -1.81123458e-02  3.53255061e-02
  2.38133642e+00  4.04784698e+00  5.61980415e+00  2.95190949e+01]
 Average call time: 2.41 sec | Current time: 2019-07-10 11:37:24.862421
 --------------------------
iter: 65 | nc: 1 | ncalls: 865 | bounds: 0 | eff(%):  7.514 | logz: -2.7e+05 +/- 1.4e-01 | dlogz: 266287.565 >  0.500
 loglike: -2.7e+05 | params: [-0.67110584 -1.69713512  0.18644304 -0.50265861  0.94791744  4.59305046
  5.62807146 30.09477895]
 Average call time: 2.43 sec | Current time: 2019-07-10 11:37:27.288937
 --------------------------
iter: 66 | nc: 1 | ncalls: 866 | bounds: 0 | eff(%):  7.621 | logz: -2.6e+05 +/- 1.4e-01 | dlogz: 265506.226 >  0.500
 loglike: -2.6e+05 | params: [-0.7345401  -1.36869916 -0.80681596 -0.22367376  3.45867755  4.74889895
  4.45105116 28.63024293]
 Average call time: 3.19 sec | Current time: 2019-07-10 11:37:30.481539
 --------------------------
iter: 67 | nc: 1 | ncalls: 867 | bounds: 0 | eff(%):  7.728 | logz: -2.6e+05 +/- 1.4e-01 | dlogz: 264912.261 >  0.500
 loglike: -2.6e+05 | params: [-0.66194429 -1.80691436  2.17617024  2.20227537  1.81161627  4.40829237
  5.44800472 29.69127913]
 Average call time: 6.03 sec | Current time: 2019-07-10 11:37:36.508799
 --------------------------
iter: 68 | nc: 1 | ncalls: 868 | bounds: 0 | eff(%):  7.834 | logz: -2.6e+05 +/- 1.4e-01 | dlogz: 263787.348 >  0.500
 loglike: -2.6e+05 | params: [ 0.04026878 -1.36818209  1.66708554  1.56650701  3.63651905  4.62961513
  3.7681144  28.06924027]
 Average call time: 2.76 sec | Current time: 2019-07-10 11:37:39.269605
 --------------------------
iter: 69 | nc: 1 | ncalls: 869 | bounds: 0 | eff(%):  7.940 | logz: -2.6e+05 +/- 1.4e-01 | dlogz: 262487.754 >  0.500
 loglike: -2.6e+05 | params: [-1.93571681e-02 -1.80545953e+00  2.22099516e+00  2.62835709e-02
  2.51226827e-01  4.78699210e+00  4.20644681e+00  2.84262975e+01]
 Average call time: 2.70 sec | Current time: 2019-07-10 11:37:41.974546
 --------------------------
iter: 70 | nc: 1 | ncalls: 870 | bounds: 0 | eff(%):  8.046 | logz: -2.6e+05 +/- 1.4e-01 | dlogz: 260836.866 >  0.500
 loglike: -2.6e+05 | params: [-0.57614722 -0.77605238  2.16849463 -0.68784428  0.3226681   3.45747821
  5.06668947 28.50690864]
 Average call time: 2.77 sec | Current time: 2019-07-10 11:37:44.744761
 --------------------------
iter: 71 | nc: 1 | ncalls: 871 | bounds: 0 | eff(%):  8.152 | logz: -2.6e+05 +/- 1.4e-01 | dlogz: 260715.968 >  0.500
 loglike: -2.6e+05 | params: [-0.18796848 -1.62005768  1.48816257  1.33538282 -0.12339758  4.97801901
  2.18434332 28.73119658]
 Average call time: 3.49 sec | Current time: 2019-07-10 11:37:48.237289
 --------------------------
iter: 72 | nc: 1 | ncalls: 872 | bounds: 0 | eff(%):  8.257 | logz: -2.6e+05 +/- 1.4e-01 | dlogz: 259617.310 >  0.500
 loglike: -2.6e+05 | params: [ 0.34369926 -1.32161229  1.85339895 -0.12102641  2.82211449  3.00740933
  5.83196158 30.10272864]
 Average call time: 2.58 sec | Current time: 2019-07-10 11:37:50.820294
 --------------------------
iter: 73 | nc: 1 | ncalls: 873 | bounds: 0 | eff(%):  8.362 | logz: -2.6e+05 +/- 1.4e-01 | dlogz: 258801.631 >  0.500
 loglike: -2.6e+05 | params: [ 0.17782106 -1.84798391 -0.15456074  2.2357995  -0.07399515  4.82132374
  3.77642823 28.27850007]
 Average call time: 2.64 sec | Current time: 2019-07-10 11:37:53.455937
 --------------------------
iter: 74 | nc: 1 | ncalls: 874 | bounds: 0 | eff(%):  8.467 | logz: -2.6e+05 +/- 1.4e-01 | dlogz: 257817.204 >  0.500
 loglike: -2.6e+05 | params: [-0.97243709 -0.71682237  0.52467204  2.86299404  2.79286056  4.98959113
  5.50340532 30.03586806]
 Average call time: 2.69 sec | Current time: 2019-07-10 11:37:56.142002
 --------------------------
iter: 75 | nc: 1 | ncalls: 875 | bounds: 0 | eff(%):  8.571 | logz: -2.6e+05 +/- 1.4e-01 | dlogz: 257779.700 >  0.500
 loglike: -2.6e+05 | params: [-0.34613001 -0.99278309  0.24265239  1.12145291  3.28133207  4.8251803
  2.44980192 28.4156484 ]
 Average call time: 2.68 sec | Current time: 2019-07-10 11:37:58.820201
 --------------------------
iter: 76 | nc: 1 | ncalls: 876 | bounds: 0 | eff(%):  8.676 | logz: -2.6e+05 +/- 1.4e-01 | dlogz: 257694.805 >  0.500
 loglike: -2.6e+05 | params: [-0.91195236 -1.91150813 -1.55842731  1.33015715  1.49625448  5.10719143
  2.36981432 29.30953721]
 Average call time: 2.63 sec | Current time: 2019-07-10 11:38:01.445913
 --------------------------
iter: 77 | nc: 1 | ncalls: 877 | bounds: 0 | eff(%):  8.780 | logz: -2.6e+05 +/- 1.4e-01 | dlogz: 257192.811 >  0.500
 loglike: -2.6e+05 | params: [ 0.49198074 -1.7307532  -0.49612494  1.53937842 -0.0863361   4.71118754
  5.84450001 30.22757872]
 Average call time: 2.62 sec | Current time: 2019-07-10 11:38:04.068383
 --------------------------
iter: 78 | nc: 2 | ncalls: 879 | bounds: 0 | eff(%):  8.874 | logz: -2.6e+05 +/- 1.4e-01 | dlogz: 257049.653 >  0.500
 loglike: -2.6e+05 | params: [-0.94816127 -1.90229078  0.5494103   0.34225071  1.79311009  2.36306232
  5.42466408 29.6280807 ]
 Average call time: 2.53 sec | Current time: 2019-07-10 11:38:09.127654
 --------------------------
iter: 79 | nc: 1 | ncalls: 880 | bounds: 0 | eff(%):  8.977 | logz: -2.6e+05 +/- 1.4e-01 | dlogz: 256531.555 >  0.500
 loglike: -2.6e+05 | params: [-0.59649197 -1.19728143  1.65846466  1.6334602   1.3463735   3.26311574
  4.81693988 28.07991191]
 Average call time: 2.38 sec | Current time: 2019-07-10 11:38:11.508837
 --------------------------
iter: 80 | nc: 2 | ncalls: 882 | bounds: 0 | eff(%):  9.070 | logz: -2.5e+05 +/- 1.4e-01 | dlogz: 255866.057 >  0.500
 loglike: -2.5e+05 | params: [-9.42749002e-01 -1.55141511e+00 -2.79249987e-01  1.75289158e+00
 -1.58393028e-02  4.78678669e+00  2.89099818e+00  2.85496405e+01]
 Average call time: 2.56 sec | Current time: 2019-07-10 11:38:16.623282
 --------------------------
iter: 81 | nc: 2 | ncalls: 884 | bounds: 0 | eff(%):  9.163 | logz: -2.5e+05 +/- 1.4e-01 | dlogz: 254251.486 >  0.500
 loglike: -2.5e+05 | params: [-0.87283923 -1.5004963   1.14740248 -0.16404571  2.08614536  2.2007661
  5.83351483 30.67114762]
 Average call time: 2.44 sec | Current time: 2019-07-10 11:38:21.509838
 --------------------------
iter: 82 | nc: 1 | ncalls: 885 | bounds: 0 | eff(%):  9.266 | logz: -2.5e+05 +/- 1.4e-01 | dlogz: 254058.187 >  0.500
 loglike: -2.5e+05 | params: [ 0.04020349 -1.88656127 -0.3155389   0.06987672  2.75039644  4.46085341
  5.88716394 30.61910343]
 Average call time: 2.64 sec | Current time: 2019-07-10 11:38:24.149032
 --------------------------
iter: 83 | nc: 1 | ncalls: 886 | bounds: 0 | eff(%):  9.368 | logz: -2.5e+05 +/- 1.4e-01 | dlogz: 253638.254 >  0.500
 loglike: -2.5e+05 | params: [-0.90281547 -0.95358982 -0.27958142  0.58399584  3.44279644  5.0695835
  5.14507694 29.82200981]
 Average call time: 2.63 sec | Current time: 2019-07-10 11:38:26.775541
 --------------------------
iter: 84 | nc: 2 | ncalls: 888 | bounds: 0 | eff(%):  9.459 | logz: -2.5e+05 +/- 1.4e-01 | dlogz: 252419.545 >  0.500
 loglike: -2.5e+05 | params: [-0.2580374  -0.70726313  0.61227078  3.05372197  3.74293946  4.24280338
  5.51772058 29.8433358 ]
 Average call time: 3.44 sec | Current time: 2019-07-10 11:38:33.646579
 --------------------------
iter: 85 | nc: 2 | ncalls: 890 | bounds: 0 | eff(%):  9.551 | logz: -2.5e+05 +/- 1.4e-01 | dlogz: 251827.263 >  0.500
 loglike: -2.5e+05 | params: [-0.98740151 -1.29267658  1.64337622  2.95893159  0.80201414  5.07241271
  1.95952587 29.34100209]
 Average call time: 4.80 sec | Current time: 2019-07-10 11:38:43.254101
 --------------------------
iter: 86 | nc: 1 | ncalls: 891 | bounds: 0 | eff(%):  9.652 | logz: -2.5e+05 +/- 1.4e-01 | dlogz: 251661.837 >  0.500
 loglike: -2.5e+05 | params: [-0.99654708 -1.21746843  1.26797228  1.03088842  3.43050263  3.22585434
  5.47550043 29.81070647]
 Average call time: 3.83 sec | Current time: 2019-07-10 11:38:47.087343
 --------------------------
iter: 87 | nc: 1 | ncalls: 892 | bounds: 0 | eff(%):  9.753 | logz: -2.5e+05 +/- 1.4e-01 | dlogz: 251380.065 >  0.500
 loglike: -2.5e+05 | params: [-0.57610897 -1.55999604 -1.26209588  2.83893648  1.68136193  3.71207874
  5.17275495 29.13185145]
 Average call time: 2.43 sec | Current time: 2019-07-10 11:38:49.515138
 --------------------------
iter: 88 | nc: 1 | ncalls: 893 | bounds: 0 | eff(%):  9.854 | logz: -2.5e+05 +/- 1.4e-01 | dlogz: 249431.345 >  0.500
 loglike: -2.5e+05 | params: [ 0.14304062 -1.37427412  1.34296317  0.95746947  0.77418624  2.7130495
  5.50843259 29.55693045]
 Average call time: 2.45 sec | Current time: 2019-07-10 11:38:51.960790
 --------------------------
iter: 89 | nc: 1 | ncalls: 894 | bounds: 0 | eff(%):  9.955 | logz: -2.5e+05 +/- 1.4e-01 | dlogz: 249286.289 >  0.500
 loglike: -2.5e+05 | params: [-0.62010499 -0.61447332  1.02579153  0.96812036  3.23730679  4.06791276
  4.888579   28.42313101]
 Average call time: 12.85 sec | Current time: 2019-07-10 11:39:04.807887
 --------------------------
iter: 90 | nc: 1 | ncalls: 895 | bounds: 0 | eff(%): 10.056 | logz: -2.5e+05 +/- 1.4e-01 | dlogz: 249118.654 >  0.500
 loglike: -2.5e+05 | params: [-0.20913688 -1.70352043 -1.1034785   1.27017463  3.83708584  2.6845603
  4.79158734 28.70361708]
 Average call time: 2.59 sec | Current time: 2019-07-10 11:39:07.399419
 --------------------------
iter: 91 | nc: 2 | ncalls: 897 | bounds: 0 | eff(%): 10.145 | logz: -2.5e+05 +/- 1.4e-01 | dlogz: 248801.129 >  0.500
 loglike: -2.5e+05 | params: [-0.84682423 -0.6367794  -1.17026698  2.89648489 -0.08191607  1.8027306
  5.2920889  29.24101855]
 Average call time: 2.43 sec | Current time: 2019-07-10 11:39:12.252320
 --------------------------
iter: 92 | nc: 3 | ncalls: 900 | bounds: 0 | eff(%): 10.222 | logz: -2.5e+05 +/- 1.4e-01 | dlogz: 247669.327 >  0.500
 loglike: -2.5e+05 | params: [ 0.38252335 -1.12714809  1.11813606  1.7348979   2.9131465   4.79465567
  4.89429339 28.83181054]
 Average call time: 2.63 sec | Current time: 2019-07-10 11:39:20.139862
 --------------------------
iter: 93 | nc: 2 | ncalls: 902 | bounds: 0 | eff(%): 10.310 | logz: -2.5e+05 +/- 1.4e-01 | dlogz: 246437.279 >  0.500
 loglike: -2.5e+05 | params: [-0.71189681 -1.64894041 -1.27713184 -0.45982715  0.96649648  2.71483567
  5.29892656 29.484323  ]
 Average call time: 2.42 sec | Current time: 2019-07-10 11:39:24.976068
 --------------------------
iter: 94 | nc: 1 | ncalls: 903 | bounds: 0 | eff(%): 10.410 | logz: -2.5e+05 +/- 1.4e-01 | dlogz: 246233.824 >  0.500
 loglike: -2.5e+05 | params: [-0.82579241 -1.70404628  1.3508296   1.08972845  1.11166818  2.57929617
  4.98876497 28.72178994]
 Average call time: 2.46 sec | Current time: 2019-07-10 11:39:27.434430
 --------------------------
iter: 95 | nc: 1 | ncalls: 904 | bounds: 0 | eff(%): 10.509 | logz: -2.4e+05 +/- 1.4e-01 | dlogz: 246081.694 >  0.500
 loglike: -2.4e+05 | params: [-0.30327144 -1.03202825  0.47600154 -0.4505104   2.9323608   1.89027188
  4.97992183 28.49482417]
 Average call time: 2.42 sec | Current time: 2019-07-10 11:39:29.853778
 --------------------------
iter: 96 | nc: 1 | ncalls: 905 | bounds: 0 | eff(%): 10.608 | logz: -2.4e+05 +/- 1.4e-01 | dlogz: 244801.220 >  0.500
 loglike: -2.4e+05 | params: [-0.85409838 -1.54862524 -1.52524574  1.59892448  2.77393589  4.11166626
  4.72793189 28.45343509]
 Average call time: 2.43 sec | Current time: 2019-07-10 11:39:32.285090
 --------------------------
iter: 97 | nc: 1 | ncalls: 906 | bounds: 0 | eff(%): 10.706 | logz: -2.4e+05 +/- 1.4e-01 | dlogz: 244340.737 >  0.500
 loglike: -2.4e+05 | params: [-0.9292879  -1.85385206 -0.60030319  2.42908662  3.6971826   3.38358818
  5.40208993 29.86978465]
 Average call time: 2.68 sec | Current time: 2019-07-10 11:39:34.968782
 --------------------------
iter: 98 | nc: 1 | ncalls: 907 | bounds: 0 | eff(%): 10.805 | logz: -2.4e+05 +/- 1.4e-01 | dlogz: 244037.284 >  0.500
 loglike: -2.4e+05 | params: [-0.53025332 -1.86887791 -0.67292488  2.35058765  0.58332726  4.58526461
  3.08631813 28.23171618]
 Average call time: 2.87 sec | Current time: 2019-07-10 11:39:37.842174
 --------------------------
iter: 99 | nc: 2 | ncalls: 909 | bounds: 0 | eff(%): 10.891 | logz: -2.4e+05 +/- 1.4e-01 | dlogz: 243468.580 >  0.500
 loglike: -2.4e+05 | params: [-0.72812917 -1.37640708 -1.41088958  2.85577293 -0.10733846  4.83482039
  4.5401955  29.17165279]
 Average call time: 2.42 sec | Current time: 2019-07-10 11:39:42.679576
 --------------------------
iter: 100 | nc: 1 | ncalls: 910 | bounds: 0 | eff(%): 10.989 | logz: -2.4e+05 +/- 1.4e-01 | dlogz: 243273.981 >  0.500
 loglike: -2.4e+05 | params: [ 0.27890336 -1.10306694  1.00907441  1.41491949  3.43318994  1.31765876
  5.06826908 28.58069308]
 Average call time: 2.45 sec | Current time: 2019-07-10 11:39:45.129041
 --------------------------
iter: 101 | nc: 1 | ncalls: 911 | bounds: 0 | eff(%): 11.087 | logz: -2.4e+05 +/- 1.4e-01 | dlogz: 242885.744 >  0.500
 loglike: -2.4e+05 | params: [-0.85711498 -0.57516152 -0.96342244  1.71587849  2.10749884  1.56658571
  5.92263794 30.84621846]
 Average call time: 2.63 sec | Current time: 2019-07-10 11:39:47.761228
 --------------------------
iter: 102 | nc: 1 | ncalls: 912 | bounds: 0 | eff(%): 11.184 | logz: -2.4e+05 +/- 1.4e-01 | dlogz: 242824.173 >  0.500
 loglike: -2.4e+05 | params: [ 0.13352922 -0.60184816 -0.26069559  0.45392193  1.36404685  4.41939049
  5.54009242 29.70921514]
 Average call time: 2.41 sec | Current time: 2019-07-10 11:39:50.172345
 --------------------------
iter: 103 | nc: 1 | ncalls: 913 | bounds: 0 | eff(%): 11.281 | logz: -2.4e+05 +/- 1.4e-01 | dlogz: 242185.187 >  0.500
 loglike: -2.4e+05 | params: [ 0.07249082 -0.91386277 -1.69160647  0.40946521  2.19821494  4.83173959
  3.29152189 28.48033249]
 Average call time: 2.67 sec | Current time: 2019-07-10 11:39:52.845557
 --------------------------
iter: 104 | nc: 1 | ncalls: 914 | bounds: 0 | eff(%): 11.379 | logz: -2.4e+05 +/- 1.4e-01 | dlogz: 241465.271 >  0.500
 loglike: -2.4e+05 | params: [-0.8547845  -1.91488736  0.46075648  3.01910733  3.77378842  4.9996752
  2.35094662 29.48663997]
 Average call time: 2.44 sec | Current time: 2019-07-10 11:39:55.286844
 --------------------------
iter: 105 | nc: 1 | ncalls: 915 | bounds: 0 | eff(%): 11.475 | logz: -2.4e+05 +/- 1.4e-01 | dlogz: 240926.100 >  0.500
 loglike: -2.4e+05 | params: [ 0.36627463 -0.96179487 -1.59454027  2.6005604   1.35606367  4.85482106
  3.86774578 28.50132643]
 Average call time: 2.44 sec | Current time: 2019-07-10 11:39:57.724978
 --------------------------
iter: 106 | nc: 1 | ncalls: 916 | bounds: 0 | eff(%): 11.572 | logz: -2.4e+05 +/- 1.4e-01 | dlogz: 240500.778 >  0.500
 loglike: -2.4e+05 | params: [-0.23087323 -0.75754015  0.70270398  3.14468793  1.07413542  4.49151168
  4.12451051 28.1666728 ]
 Average call time: 2.41 sec | Current time: 2019-07-10 11:40:00.136298
 --------------------------
iter: 107 | nc: 1 | ncalls: 917 | bounds: 0 | eff(%): 11.668 | logz: -2.4e+05 +/- 1.4e-01 | dlogz: 240282.699 >  0.500
 loglike: -2.4e+05 | params: [-0.95329725 -0.64576616  0.68290967  1.41893718  2.52925074  1.76751715
  5.06676766 28.77771619]
 Average call time: 2.42 sec | Current time: 2019-07-10 11:40:02.554756
 --------------------------
iter: 108 | nc: 1 | ncalls: 918 | bounds: 0 | eff(%): 11.765 | logz: -2.4e+05 +/- 1.4e-01 | dlogz: 239996.905 >  0.500
 loglike: -2.4e+05 | params: [ 0.1302588  -1.75311537 -1.70247129  2.48770165  2.10031715  4.85102961
  5.41628373 29.91071349]
 Average call time: 2.68 sec | Current time: 2019-07-10 11:40:05.236002
 --------------------------
iter: 109 | nc: 1 | ncalls: 919 | bounds: 0 | eff(%): 11.861 | logz: -2.4e+05 +/- 1.4e-01 | dlogz: 239924.176 >  0.500
 loglike: -2.4e+05 | params: [-2.94116513e-02 -5.52990257e-01 -1.46011492e+00  2.66525972e+00
  4.00313078e-01  5.06546799e+00  5.48208799e+00  3.00786155e+01]
 Average call time: 2.42 sec | Current time: 2019-07-10 11:40:07.656672
 --------------------------
iter: 110 | nc: 1 | ncalls: 920 | bounds: 0 | eff(%): 11.957 | logz: -2.4e+05 +/- 1.4e-01 | dlogz: 239378.067 >  0.500
 loglike: -2.4e+05 | params: [-0.20481283 -0.97927199 -0.05671574  2.33734425  1.53067707  3.42864104
  5.89139747 30.86472333]
 Average call time: 2.75 sec | Current time: 2019-07-10 11:40:10.410382
 --------------------------
iter: 111 | nc: 1 | ncalls: 921 | bounds: 0 | eff(%): 12.052 | logz: -2.4e+05 +/- 1.4e-01 | dlogz: 239151.996 >  0.500
 loglike: -2.4e+05 | params: [-2.94250963e-01 -1.69914203e+00 -9.32043334e-01 -2.36288024e-02
  1.29323540e+00  4.75560556e+00  3.66961796e+00  2.87131835e+01]
 Average call time: 2.63 sec | Current time: 2019-07-10 11:40:13.040828
 --------------------------
iter: 112 | nc: 1 | ncalls: 922 | bounds: 0 | eff(%): 12.148 | logz: -2.4e+05 +/- 1.4e-01 | dlogz: 236826.226 >  0.500
 loglike: -2.4e+05 | params: [ 0.19689412 -1.54460853 -0.17233868  1.06338921 -0.04158969  3.57880952
  5.15375377 28.93668805]
 Average call time: 2.42 sec | Current time: 2019-07-10 11:40:15.456245
 --------------------------
iter: 113 | nc: 1 | ncalls: 923 | bounds: 0 | eff(%): 12.243 | logz: -2.4e+05 +/- 1.3e-01 | dlogz: 235573.863 >  0.500
 loglike: -2.4e+05 | params: [ 0.29894374 -0.93191432  0.88877191  0.8053926   0.59348613  4.08672129
  5.00363009 28.62618981]
 Average call time: 2.43 sec | Current time: 2019-07-10 11:40:17.885342
 --------------------------
iter: 114 | nc: 1 | ncalls: 924 | bounds: 0 | eff(%): 12.338 | logz: -2.4e+05 +/- 1.4e-01 | dlogz: 235571.605 >  0.500
 loglike: -2.4e+05 | params: [-0.29852055 -1.5449407   1.89228087  1.03003386  2.62017054  2.67161784
  5.00608992 28.85187139]
 Average call time: 2.44 sec | Current time: 2019-07-10 11:40:20.325216
 --------------------------
iter: 115 | nc: 1 | ncalls: 925 | bounds: 0 | eff(%): 12.432 | logz: -2.4e+05 +/- 1.4e-01 | dlogz: 235461.662 >  0.500
 loglike: -2.4e+05 | params: [ 0.03672566 -0.97656741 -0.92458067 -0.34099882  2.47794003  5.03639297
  2.24476459 29.19045377]
 Average call time: 2.43 sec | Current time: 2019-07-10 11:40:22.752466
 --------------------------
iter: 116 | nc: 1 | ncalls: 926 | bounds: 0 | eff(%): 12.527 | logz: -2.3e+05 +/- 1.4e-01 | dlogz: 235162.100 >  0.500
 loglike: -2.3e+05 | params: [ 0.04347624 -1.40988486  2.23326965 -0.4027897   3.48459581  4.64478178
  4.40943614 28.78276944]
 Average call time: 2.63 sec | Current time: 2019-07-10 11:40:25.381523
 --------------------------
iter: 117 | nc: 1 | ncalls: 927 | bounds: 0 | eff(%): 12.621 | logz: -2.3e+05 +/- 1.4e-01 | dlogz: 234758.733 >  0.500
 loglike: -2.3e+05 | params: [ 0.06973905 -1.93786453 -1.55249257  2.63448789  1.33283259  4.67308532
  5.14185887 29.43612369]
 Average call time: 2.63 sec | Current time: 2019-07-10 11:40:28.012913
 --------------------------
iter: 118 | nc: 1 | ncalls: 928 | bounds: 0 | eff(%): 12.716 | logz: -2.3e+05 +/- 1.4e-01 | dlogz: 234698.735 >  0.500
 loglike: -2.3e+05 | params: [ 0.22660321 -1.53944321  1.1717955   1.36570884  2.19440695  3.13566393
  5.76359179 30.43117594]
 Average call time: 2.61 sec | Current time: 2019-07-10 11:40:30.627488
 --------------------------
iter: 119 | nc: 1 | ncalls: 929 | bounds: 0 | eff(%): 12.809 | logz: -2.3e+05 +/- 1.4e-01 | dlogz: 234687.453 >  0.500
 loglike: -2.3e+05 | params: [-0.50655029 -1.18788951 -1.44819231  2.82768906 -0.08732362  1.72705315
  5.76914222 30.75296339]
 Average call time: 2.62 sec | Current time: 2019-07-10 11:40:33.242886
 --------------------------
iter: 120 | nc: 1 | ncalls: 930 | bounds: 0 | eff(%): 12.903 | logz: -2.3e+05 +/- 1.4e-01 | dlogz: 234453.193 >  0.500
 loglike: -2.3e+05 | params: [ 0.35538702 -1.5835775  -0.7396505   2.06502585  3.48254519  5.04336236
  4.49918553 29.32002955]
 Average call time: 2.68 sec | Current time: 2019-07-10 11:40:35.925908
 --------------------------
iter: 121 | nc: 1 | ncalls: 931 | bounds: 0 | eff(%): 12.997 | logz: -2.3e+05 +/- 1.4e-01 | dlogz: 233622.753 >  0.500
 loglike: -2.3e+05 | params: [ 0.30589244 -0.53511637  2.15914744  1.00979862  0.21347055  2.6170873
  5.71672537 30.08337849]
 Average call time: 2.63 sec | Current time: 2019-07-10 11:40:38.553554
 --------------------------
iter: 122 | nc: 2 | ncalls: 933 | bounds: 0 | eff(%): 13.076 | logz: -2.3e+05 +/- 1.4e-01 | dlogz: 233609.361 >  0.500
 loglike: -2.3e+05 | params: [ 0.4487548  -1.77926465 -1.64772423  1.64178677  0.3325324   4.91183246
  3.23836394 28.77447476]
 Average call time: 2.90 sec | Current time: 2019-07-10 11:40:44.352478
 --------------------------
iter: 123 | nc: 1 | ncalls: 934 | bounds: 0 | eff(%): 13.169 | logz: -2.3e+05 +/- 1.4e-01 | dlogz: 231806.894 >  0.500
 loglike: -2.3e+05 | params: [ 0.10824868 -1.16603441  0.80540475  0.71490246  0.32867355  2.22913466
  5.12420491 28.90746266]
 Average call time: 11.40 sec | Current time: 2019-07-10 11:40:55.756243
 --------------------------
iter: 124 | nc: 1 | ncalls: 935 | bounds: 0 | eff(%): 13.262 | logz: -2.3e+05 +/- 1.4e-01 | dlogz: 230922.796 >  0.500
 loglike: -2.3e+05 | params: [-0.55524056 -1.47157164  0.44600131  0.2168633   0.52917064  2.60250625
  5.41532729 29.99809648]
 Average call time: 9.64 sec | Current time: 2019-07-10 11:41:05.400037
 --------------------------
iter: 125 | nc: 1 | ncalls: 936 | bounds: 0 | eff(%): 13.355 | logz: -2.3e+05 +/- 1.4e-01 | dlogz: 228627.379 >  0.500
 loglike: -2.3e+05 | params: [-0.85578093 -0.77098644  0.75211379  2.40073682  0.18481121  4.9965863
  5.46686853 30.52173252]
 Average call time: 2.45 sec | Current time: 2019-07-10 11:41:07.847489
 --------------------------
iter: 126 | nc: 1 | ncalls: 937 | bounds: 0 | eff(%): 13.447 | logz: -2.3e+05 +/- 1.4e-01 | dlogz: 227603.464 >  0.500
 loglike: -2.3e+05 | params: [-0.6085795  -0.59763115 -0.37864959  2.39279012  0.4262479   3.8695212
  4.88910143 28.67518871]
 Average call time: 5.71 sec | Current time: 2019-07-10 11:41:13.554671
 --------------------------
iter: 127 | nc: 1 | ncalls: 938 | bounds: 0 | eff(%): 13.539 | logz: -2.3e+05 +/- 1.4e-01 | dlogz: 227139.321 >  0.500
 loglike: -2.3e+05 | params: [-0.46574685 -1.92784593  0.62162047  1.98008652  1.85808326  4.77061413
  2.92034572 28.95540193]
 Average call time: 2.53 sec | Current time: 2019-07-10 11:41:16.081465
 --------------------------
iter: 128 | nc: 1 | ncalls: 939 | bounds: 0 | eff(%): 13.632 | logz: -2.2e+05 +/- 1.4e-01 | dlogz: 227078.842 >  0.500
 loglike: -2.2e+05 | params: [-0.7611116  -1.90173355 -0.85275435  2.43905232  3.58026563  1.92480481
  5.88944084 31.36672261]
 Average call time: 2.61 sec | Current time: 2019-07-10 11:41:18.694386
 --------------------------
iter: 129 | nc: 1 | ncalls: 940 | bounds: 0 | eff(%): 13.723 | logz: -2.2e+05 +/- 1.4e-01 | dlogz: 224256.720 >  0.500
 loglike: -2.2e+05 | params: [-0.33038967 -1.53975433 -1.69717174  0.44032016  0.94744547  1.25549546
  5.15169259 29.33519823]
 Average call time: 2.41 sec | Current time: 2019-07-10 11:41:21.105429
 --------------------------
iter: 130 | nc: 2 | ncalls: 942 | bounds: 0 | eff(%): 13.800 | logz: -2.2e+05 +/- 1.4e-01 | dlogz: 223719.780 >  0.500
 loglike: -2.2e+05 | params: [ 0.44668128 -1.97446125  0.93997083 -0.17202734  0.49752102  3.70682405
  5.86215115 30.77922966]
 Average call time: 2.61 sec | Current time: 2019-07-10 11:41:26.318099
 --------------------------
iter: 131 | nc: 1 | ncalls: 943 | bounds: 0 | eff(%): 13.892 | logz: -2.2e+05 +/- 1.4e-01 | dlogz: 223668.186 >  0.500
 loglike: -2.2e+05 | params: [-0.91568856 -1.58271247  1.98053334  2.61983908  3.50896502  3.48706141
  5.02953956 29.37639998]
 Average call time: 2.61 sec | Current time: 2019-07-10 11:41:28.930286
 --------------------------
iter: 132 | nc: 1 | ncalls: 944 | bounds: 0 | eff(%): 13.983 | logz: -2.2e+05 +/- 1.4e-01 | dlogz: 223400.547 >  0.500
 loglike: -2.2e+05 | params: [-0.86021363 -1.44702214  1.17241016 -0.60095976  1.35425775  2.36642647
  4.65614688 28.27357248]
 Average call time: 2.62 sec | Current time: 2019-07-10 11:41:31.547388
 --------------------------
iter: 133 | nc: 1 | ncalls: 945 | bounds: 0 | eff(%): 14.074 | logz: -2.2e+05 +/- 1.4e-01 | dlogz: 222917.246 >  0.500
 loglike: -2.2e+05 | params: [-0.77259532 -1.5291388  -1.20499316 -0.11452923  3.2327008   4.86723237
  4.19659438 29.47498981]
 Average call time: 2.65 sec | Current time: 2019-07-10 11:41:34.196571
 --------------------------
iter: 134 | nc: 2 | ncalls: 947 | bounds: 0 | eff(%): 14.150 | logz: -2.2e+05 +/- 1.4e-01 | dlogz: 222139.026 >  0.500
 loglike: -2.2e+05 | params: [-0.59808448 -0.89994101  0.99360155  1.26745935  1.94228416  4.58157464
  5.41527825 30.285769  ]
 Average call time: 2.62 sec | Current time: 2019-07-10 11:41:39.441244
 --------------------------
iter: 135 | nc: 1 | ncalls: 948 | bounds: 0 | eff(%): 14.241 | logz: -2.2e+05 +/- 1.4e-01 | dlogz: 220222.720 >  0.500
 loglike: -2.2e+05 | params: [-0.1874456  -0.82905401  1.51966359  3.07985182  2.31609397  2.26892034
  5.24276626 29.50406757]
 Average call time: 2.41 sec | Current time: 2019-07-10 11:41:41.848755
 --------------------------
iter: 136 | nc: 2 | ncalls: 950 | bounds: 0 | eff(%): 14.316 | logz: -2.2e+05 +/- 1.4e-01 | dlogz: 219956.112 >  0.500
 loglike: -2.2e+05 | params: [ 0.40796368 -0.88243318  1.87662794  0.21511163  1.85613901  4.34810641
  5.75379742 30.54993302]
 Average call time: 2.58 sec | Current time: 2019-07-10 11:41:47.009576
 --------------------------
iter: 137 | nc: 1 | ncalls: 951 | bounds: 0 | eff(%): 14.406 | logz: -2.2e+05 +/- 1.4e-01 | dlogz: 219928.796 >  0.500
 loglike: -2.2e+05 | params: [-0.6181415  -1.86962785 -0.55821841 -0.17160608  2.01372747  2.96632037
  5.19946495 29.66370522]
 Average call time: 2.64 sec | Current time: 2019-07-10 11:41:49.653673
 --------------------------
iter: 138 | nc: 1 | ncalls: 952 | bounds: 0 | eff(%): 14.496 | logz: -2.2e+05 +/- 1.4e-01 | dlogz: 219889.385 >  0.500
 loglike: -2.2e+05 | params: [ 0.23378084 -0.60472621  1.04191907  2.46871459  3.71204993  2.65212854
  4.86557469 28.51409878]
 Average call time: 8.66 sec | Current time: 2019-07-10 11:41:58.311502
 --------------------------
iter: 139 | nc: 1 | ncalls: 953 | bounds: 0 | eff(%): 14.586 | logz: -2.2e+05 +/- 1.4e-01 | dlogz: 219272.034 >  0.500
 loglike: -2.2e+05 | params: [-0.08541669 -1.46965516  1.67805133  2.49273006  3.28229444  2.41587877
  5.28443099 29.68641242]
 Average call time: 2.66 sec | Current time: 2019-07-10 11:42:00.967447
 --------------------------
iter: 140 | nc: 2 | ncalls: 955 | bounds: 0 | eff(%): 14.660 | logz: -2.2e+05 +/- 1.4e-01 | dlogz: 218989.337 >  0.500
 loglike: -2.2e+05 | params: [-7.05611281e-01 -1.64264548e+00  1.53172955e+00  2.85215514e+00
 -1.21815664e-02  3.40179837e+00  5.15810672e+00  2.96820497e+01]
 Average call time: 2.57 sec | Current time: 2019-07-10 11:42:06.098338
 --------------------------
iter: 141 | nc: 1 | ncalls: 956 | bounds: 0 | eff(%): 14.749 | logz: -2.2e+05 +/- 1.4e-01 | dlogz: 217993.062 >  0.500
 loglike: -2.2e+05 | params: [-0.50147305 -1.47564203  1.48459065  2.51070953  2.1745104   1.87533939
  5.11504612 29.46467672]
 Average call time: 2.67 sec | Current time: 2019-07-10 11:42:08.772879
 --------------------------
iter: 142 | nc: 2 | ncalls: 958 | bounds: 0 | eff(%): 14.823 | logz: -2.2e+05 +/- 1.4e-01 | dlogz: 217479.944 >  0.500
 loglike: -2.2e+05 | params: [ 0.39971015 -1.02293279 -0.17750192  2.42113337  1.14361409  3.38098767
  5.41204384 29.7446937 ]
 Average call time: 2.51 sec | Current time: 2019-07-10 11:42:13.791940
 --------------------------
iter: 143 | nc: 1 | ncalls: 959 | bounds: 0 | eff(%): 14.911 | logz: -2.2e+05 +/- 1.4e-01 | dlogz: 216278.808 >  0.500
 loglike: -2.2e+05 | params: [ 0.46194576 -0.61493898  1.64445331  0.58344726  2.35012205  4.39899684
  5.22495982 29.35699284]
 Average call time: 4.12 sec | Current time: 2019-07-10 11:42:17.911925
 --------------------------
iter: 144 | nc: 1 | ncalls: 960 | bounds: 0 | eff(%): 15.000 | logz: -2.2e+05 +/- 1.4e-01 | dlogz: 215387.220 >  0.500
 loglike: -2.2e+05 | params: [-9.32846626e-01 -1.83066303e+00 -1.41462765e-02 -4.49494387e-01
  3.14125003e+00  4.57305565e+00  2.46001365e+00  2.87728778e+01]
 Average call time: 2.66 sec | Current time: 2019-07-10 11:42:20.568131
 --------------------------
iter: 145 | nc: 1 | ncalls: 961 | bounds: 0 | eff(%): 15.088 | logz: -2.2e+05 +/- 1.4e-01 | dlogz: 215371.036 >  0.500
 loglike: -2.2e+05 | params: [-0.98779958 -1.65756891 -0.09054276 -0.10276865  2.12054966  4.06890246
  4.73497245 28.92213026]
 Average call time: 2.85 sec | Current time: 2019-07-10 11:42:23.415298
 --------------------------
iter: 146 | nc: 2 | ncalls: 963 | bounds: 0 | eff(%): 15.161 | logz: -2.1e+05 +/- 1.4e-01 | dlogz: 215012.478 >  0.500
 loglike: -2.1e+05 | params: [ 0.48617858 -1.0769443   1.57658988  1.10527163  2.40594859  4.48564063
  4.61961942 28.58750775]
 Average call time: 7.17 sec | Current time: 2019-07-10 11:42:37.764670
 --------------------------
iter: 147 | nc: 1 | ncalls: 964 | bounds: 0 | eff(%): 15.249 | logz: -2.1e+05 +/- 1.4e-01 | dlogz: 214911.915 >  0.500
 loglike: -2.1e+05 | params: [ 0.41798908 -0.51084631 -0.85677558 -0.03239218  0.49536481  3.31590084
  4.89883637 28.37109346]
 Average call time: 2.43 sec | Current time: 2019-07-10 11:42:40.190546
 --------------------------
iter: 148 | nc: 1 | ncalls: 965 | bounds: 0 | eff(%): 15.337 | logz: -2.1e+05 +/- 1.4e-01 | dlogz: 214243.316 >  0.500
 loglike: -2.1e+05 | params: [ 0.03511384 -0.95548946 -0.09988428  2.27584828  1.65360062  1.50686269
  5.47009374 30.11984443]
 Average call time: 2.70 sec | Current time: 2019-07-10 11:42:42.891479
 --------------------------
