Using pcmdpy version 0.9.0
Loading Setup File: setup_files/NGC3377/NGC3377_model11.py
(2, 6529)
Running Nested Sampling
-initializing models
-Saving initial results dataframe
iter: 1 | nc: 1 | ncalls: 401 | bounds: 0 | eff(%):  0.249 | logz: -1.3e+05 +/- 1.3e-01 | dlogz:    inf >  0.500
 loglike: -1.3e+05 | params: [-0.59412366 -1.21654508 -1.37299811  2.1207595   3.41243198  3.37681074
  5.9134606  28.71495908]
 Average call time: 2.54 sec | Current time: 2019-04-18 18:25:02.462126
 --------------------------
iter: 2 | nc: 1 | ncalls: 402 | bounds: 0 | eff(%):  0.498 | logz: -1.3e+05 +/- 1.3e-01 | dlogz: 126888.776 >  0.500
 loglike: -1.3e+05 | params: [ 0.14012184 -0.75109437  0.47346224  1.44162304  2.22815759  1.20921008
  5.89194171 28.2830969 ]
 Average call time: 2.10 sec | Current time: 2019-04-18 18:25:04.566243
 --------------------------
iter: 3 | nc: 1 | ncalls: 403 | bounds: 0 | eff(%):  0.744 | logz: -1.3e+05 +/- 1.3e-01 | dlogz: 126052.030 >  0.500
 loglike: -1.3e+05 | params: [ 0.47626545 -1.08418978  0.84048124  1.88407344  2.08557884  1.85151346
  5.85943976 28.38374654]
 Average call time: 2.28 sec | Current time: 2019-04-18 18:25:06.850123
 --------------------------
iter: 4 | nc: 1 | ncalls: 404 | bounds: 0 | eff(%):  0.990 | logz: -1.3e+05 +/- 1.3e-01 | dlogz: 124360.485 >  0.500
 loglike: -1.3e+05 | params: [-0.19677719 -1.332803   -1.67786752  1.69016616  3.7354557   4.97895898
  5.65564952 28.73871933]
 Average call time: 2.34 sec | Current time: 2019-04-18 18:25:09.188996
 --------------------------
iter: 5 | nc: 1 | ncalls: 405 | bounds: 0 | eff(%):  1.235 | logz: -1.2e+05 +/- 1.3e-01 | dlogz: 123231.266 >  0.500
 loglike: -1.2e+05 | params: [-0.9063676  -1.61096434  0.36240615  1.23778767  3.60610083  1.33027992
  5.76182488 29.36039266]
 Average call time: 2.07 sec | Current time: 2019-04-18 18:25:11.263787
 --------------------------
iter: 6 | nc: 1 | ncalls: 406 | bounds: 0 | eff(%):  1.478 | logz: -1.2e+05 +/- 1.3e-01 | dlogz: 121574.369 >  0.500
 loglike: -1.2e+05 | params: [-0.16082846 -1.85898212  1.39546988  1.30988992  0.63682311  3.69474602
  5.66802606 28.79247338]
 Average call time: 2.31 sec | Current time: 2019-04-18 18:25:13.578366
 --------------------------
iter: 7 | nc: 1 | ncalls: 407 | bounds: 0 | eff(%):  1.720 | logz: -1.2e+05 +/- 1.3e-01 | dlogz: 120293.382 >  0.500
 loglike: -1.2e+05 | params: [ 0.49198074 -1.7307532  -0.49612494  1.53937842 -0.0863361   4.71118754
  5.84450001 30.22757872]
 Average call time: 2.15 sec | Current time: 2019-04-18 18:25:15.733281
 --------------------------
iter: 8 | nc: 1 | ncalls: 408 | bounds: 0 | eff(%):  1.961 | logz: -1.2e+05 +/- 1.3e-01 | dlogz: 120174.496 >  0.500
 loglike: -1.2e+05 | params: [ 0.35481962 -0.88112748 -0.37247609 -0.69641278  2.52125797  4.21314416
  5.64200461 28.43766487]
 Average call time: 2.28 sec | Current time: 2019-04-18 18:25:18.014810
 --------------------------
iter: 9 | nc: 1 | ncalls: 409 | bounds: 0 | eff(%):  2.200 | logz: -1.2e+05 +/- 1.3e-01 | dlogz: 120104.794 >  0.500
 loglike: -1.2e+05 | params: [-0.05899446 -1.60746241  0.5638596   1.48582075  0.67763226  3.73691354
  5.70836183 29.42707074]
 Average call time: 2.31 sec | Current time: 2019-04-18 18:25:20.328378
 --------------------------
iter: 10 | nc: 1 | ncalls: 410 | bounds: 0 | eff(%):  2.439 | logz: -1.2e+05 +/- 1.3e-01 | dlogz: 119632.761 >  0.500
 loglike: -1.2e+05 | params: [ 0.27713546 -1.38506299 -0.72072413  2.28537672  3.04057353  4.25775187
  5.72666176 29.60083294]
 Average call time: 2.55 sec | Current time: 2019-04-18 18:25:22.878400
 --------------------------
iter: 11 | nc: 1 | ncalls: 411 | bounds: 0 | eff(%):  2.676 | logz: -1.2e+05 +/- 1.3e-01 | dlogz: 119609.090 >  0.500
 loglike: -1.2e+05 | params: [-0.87283923 -1.5004963   1.14740248 -0.16404571  2.08614536  2.2007661
  5.83351483 30.67114762]
 Average call time: 2.16 sec | Current time: 2019-04-18 18:25:25.033565
 --------------------------
iter: 12 | nc: 1 | ncalls: 412 | bounds: 0 | eff(%):  2.913 | logz: -1.2e+05 +/- 1.3e-01 | dlogz: 119145.439 >  0.500
 loglike: -1.2e+05 | params: [-0.74481655 -0.92242733  1.71287833 -0.21654818  3.77249285  4.12545554
  5.6022441  28.15081136]
 Average call time: 2.28 sec | Current time: 2019-04-18 18:25:27.312296
 --------------------------
iter: 13 | nc: 1 | ncalls: 413 | bounds: 0 | eff(%):  3.148 | logz: -1.2e+05 +/- 1.3e-01 | dlogz: 118918.194 >  0.500
 loglike: -1.2e+05 | params: [ 0.49157305 -1.14941677  1.6799342  -0.36910243  0.55192231  2.43102225
  5.75444849 28.41479321]
 Average call time: 2.07 sec | Current time: 2019-04-18 18:25:29.380781
 --------------------------
iter: 14 | nc: 1 | ncalls: 414 | bounds: 0 | eff(%):  3.382 | logz: -1.2e+05 +/- 1.3e-01 | dlogz: 118865.857 >  0.500
 loglike: -1.2e+05 | params: [-0.37115528 -1.14700008 -1.59946949  3.24874931  2.35228648  4.22645755
  5.66088882 29.36647424]
 Average call time: 2.28 sec | Current time: 2019-04-18 18:25:31.662303
 --------------------------
iter: 15 | nc: 1 | ncalls: 415 | bounds: 0 | eff(%):  3.614 | logz: -1.2e+05 +/- 1.3e-01 | dlogz: 118714.534 >  0.500
 loglike: -1.2e+05 | params: [-0.41415881 -0.77647467  2.12826441  2.94866913  0.27218766  1.58240713
  5.85737141 28.57767345]
 Average call time: 2.07 sec | Current time: 2019-04-18 18:25:33.730097
 --------------------------
iter: 16 | nc: 1 | ncalls: 416 | bounds: 0 | eff(%):  3.846 | logz: -1.2e+05 +/- 1.3e-01 | dlogz: 118597.230 >  0.500
 loglike: -1.2e+05 | params: [-0.36659602 -0.55920811 -0.25236117  3.03902721  3.14899057  3.33101172
  5.69882366 29.58944134]
 Average call time: 2.33 sec | Current time: 2019-04-18 18:25:36.060755
 --------------------------
iter: 17 | nc: 1 | ncalls: 417 | bounds: 0 | eff(%):  4.077 | logz: -1.2e+05 +/- 1.3e-01 | dlogz: 118370.022 >  0.500
 loglike: -1.2e+05 | params: [-0.90816332 -1.96525887  0.26324553  0.33257689  1.65749266  5.00303009
  5.12663954 29.13650206]
 Average call time: 2.29 sec | Current time: 2019-04-18 18:25:38.352999
 --------------------------
iter: 18 | nc: 1 | ncalls: 418 | bounds: 0 | eff(%):  4.306 | logz: -1.2e+05 +/- 1.3e-01 | dlogz: 118113.777 >  0.500
 loglike: -1.2e+05 | params: [ 0.45365872 -0.87604802  1.96463336 -0.38014089  3.21365665  4.03411539
  5.78131757 28.45866832]
 Average call time: 2.49 sec | Current time: 2019-04-18 18:25:40.844122
 --------------------------
iter: 19 | nc: 1 | ncalls: 419 | bounds: 0 | eff(%):  4.535 | logz: -1.2e+05 +/- 1.3e-01 | dlogz: 117820.181 >  0.500
 loglike: -1.2e+05 | params: [-0.4380919  -1.90539084 -0.05047612  2.1450965   2.94839316  1.88606564
  5.38701736 28.11488781]
 Average call time: 2.14 sec | Current time: 2019-04-18 18:25:42.982761
 --------------------------
iter: 20 | nc: 1 | ncalls: 420 | bounds: 0 | eff(%):  4.762 | logz: -1.2e+05 +/- 1.3e-01 | dlogz: 117164.708 >  0.500
 loglike: -1.2e+05 | params: [-0.8604297  -1.22914016 -0.97664107  1.18729416  0.98435062  1.15052803
  5.48665909 29.49559387]
 Average call time: 2.38 sec | Current time: 2019-04-18 18:25:45.360697
 --------------------------
iter: 21 | nc: 1 | ncalls: 421 | bounds: 0 | eff(%):  4.988 | logz: -1.2e+05 +/- 1.3e-01 | dlogz: 117106.849 >  0.500
 loglike: -1.2e+05 | params: [ 0.34369926 -1.32161229  1.85339895 -0.12102641  2.82211449  3.00740933
  5.83196158 30.10272864]
 Average call time: 2.50 sec | Current time: 2019-04-18 18:25:47.856294
 --------------------------
iter: 22 | nc: 1 | ncalls: 422 | bounds: 0 | eff(%):  5.213 | logz: -1.2e+05 +/- 1.3e-01 | dlogz: 117061.155 >  0.500
 loglike: -1.2e+05 | params: [-0.67715546 -1.97239851  1.68563071 -0.28896699  0.88454472  5.07847163
  5.24703821 28.98022242]
 Average call time: 2.31 sec | Current time: 2019-04-18 18:25:50.170367
 --------------------------
iter: 23 | nc: 1 | ncalls: 423 | bounds: 0 | eff(%):  5.437 | logz: -1.2e+05 +/- 1.3e-01 | dlogz: 117015.757 >  0.500
 loglike: -1.2e+05 | params: [ 0.26437443 -1.00772645  0.70280667  3.21758106  2.54116696  1.97044028
  5.60949466 29.0475424 ]
 Average call time: 2.35 sec | Current time: 2019-04-18 18:25:52.520939
 --------------------------
iter: 24 | nc: 1 | ncalls: 424 | bounds: 0 | eff(%):  5.660 | logz: -1.2e+05 +/- 1.2e-01 | dlogz: 116794.553 >  0.500
 loglike: -1.2e+05 | params: [ 0.44668128 -1.97446125  0.93997083 -0.17202734  0.49752102  3.70682405
  5.86215115 30.77922966]
 Average call time: 2.12 sec | Current time: 2019-04-18 18:25:54.644957
 --------------------------
iter: 25 | nc: 2 | ncalls: 426 | bounds: 0 | eff(%):  5.869 | logz: -1.2e+05 +/- 1.3e-01 | dlogz: 116792.688 >  0.500
 loglike: -1.2e+05 | params: [-0.80871565 -1.83070291  1.15534558  0.22371293  3.48255009  2.42264878
  5.43170517 28.94611806]
 Average call time: 2.48 sec | Current time: 2019-04-18 18:25:59.595322
 --------------------------
iter: 26 | nc: 2 | ncalls: 428 | bounds: 0 | eff(%):  6.075 | logz: -1.2e+05 +/- 1.3e-01 | dlogz: 116595.872 >  0.500
 loglike: -1.2e+05 | params: [-3.71740150e-01 -1.16608943e+00 -2.24538306e-01 -1.37946978e-02
  1.86863130e+00  2.88037837e+00  5.53443205e+00  2.93931992e+01]
 Average call time: 2.19 sec | Current time: 2019-04-18 18:26:03.965742
 --------------------------
iter: 27 | nc: 1 | ncalls: 429 | bounds: 0 | eff(%):  6.294 | logz: -1.2e+05 +/- 1.3e-01 | dlogz: 116410.030 >  0.500
 loglike: -1.2e+05 | params: [-0.57578145 -1.63730192  1.71909544  0.73459034  3.42841272  4.90810769
  5.42656989 29.48818149]
 Average call time: 2.28 sec | Current time: 2019-04-18 18:26:06.249235
 --------------------------
iter: 28 | nc: 1 | ncalls: 430 | bounds: 0 | eff(%):  6.512 | logz: -1.2e+05 +/- 1.3e-01 | dlogz: 116060.994 >  0.500
 loglike: -1.2e+05 | params: [-0.98817451 -1.0615595   0.54091411  0.20706949  2.61905396  5.0218195
  4.67235325 28.52096338]
 Average call time: 2.29 sec | Current time: 2019-04-18 18:26:08.541589
 --------------------------
iter: 29 | nc: 1 | ncalls: 431 | bounds: 0 | eff(%):  6.729 | logz: -1.2e+05 +/- 1.3e-01 | dlogz: 115760.626 >  0.500
 loglike: -1.2e+05 | params: [-0.94816127 -1.90229078  0.5494103   0.34225071  1.79311009  2.36306232
  5.42466408 29.6280807 ]
 Average call time: 2.10 sec | Current time: 2019-04-18 18:26:10.641346
 --------------------------
iter: 30 | nc: 1 | ncalls: 432 | bounds: 0 | eff(%):  6.944 | logz: -1.2e+05 +/- 1.3e-01 | dlogz: 115076.978 >  0.500
 loglike: -1.2e+05 | params: [-0.85578093 -0.77098644  0.75211379  2.40073682  0.18481121  4.9965863
  5.46686853 30.52173252]
 Average call time: 2.13 sec | Current time: 2019-04-18 18:26:12.776055
 --------------------------
iter: 31 | nc: 1 | ncalls: 433 | bounds: 0 | eff(%):  7.159 | logz: -1.2e+05 +/- 1.3e-01 | dlogz: 114750.894 >  0.500
 loglike: -1.2e+05 | params: [-0.99654708 -1.21746843  1.26797228  1.03088842  3.43050263  3.22585434
  5.47550043 29.81070647]
 Average call time: 2.07 sec | Current time: 2019-04-18 18:26:14.850368
 --------------------------
iter: 32 | nc: 1 | ncalls: 434 | bounds: 0 | eff(%):  7.373 | logz: -1.2e+05 +/- 1.3e-01 | dlogz: 114701.409 >  0.500
 loglike: -1.2e+05 | params: [ 0.13352922 -0.60184816 -0.26069559  0.45392193  1.36404685  4.41939049
  5.54009242 29.70921514]
 Average call time: 2.06 sec | Current time: 2019-04-18 18:26:16.906589
 --------------------------
iter: 33 | nc: 1 | ncalls: 435 | bounds: 0 | eff(%):  7.586 | logz: -1.2e+05 +/- 1.3e-01 | dlogz: 114152.082 >  0.500
 loglike: -1.2e+05 | params: [-0.2580374  -0.70726313  0.61227078  3.05372197  3.74293946  4.24280338
  5.51772058 29.8433358 ]
 Average call time: 2.12 sec | Current time: 2019-04-18 18:26:19.031329
 --------------------------
iter: 34 | nc: 1 | ncalls: 436 | bounds: 0 | eff(%):  7.798 | logz: -1.2e+05 +/- 1.3e-01 | dlogz: 114042.259 >  0.500
 loglike: -1.2e+05 | params: [-0.40902016 -1.31505032  0.90878611  1.16973877  2.99698297  4.4927016
  5.19868328 28.79191424]
 Average call time: 2.47 sec | Current time: 2019-04-18 18:26:21.504310
 --------------------------
iter: 35 | nc: 1 | ncalls: 437 | bounds: 0 | eff(%):  8.009 | logz: -1.2e+05 +/- 1.3e-01 | dlogz: 113310.825 >  0.500
 loglike: -1.2e+05 | params: [-0.91195236 -1.91150813 -1.55842731  1.33015715  1.49625448  5.10719143
  2.36981432 29.30953721]
 Average call time: 2.32 sec | Current time: 2019-04-18 18:26:23.822415
 --------------------------
iter: 36 | nc: 1 | ncalls: 438 | bounds: 0 | eff(%):  8.219 | logz: -1.1e+05 +/- 1.3e-01 | dlogz: 113012.312 >  0.500
 loglike: -1.1e+05 | params: [-0.89395573 -1.76356537 -1.12008017  0.40076113  2.02309371  4.20154792
  5.45690861 30.54956579]
 Average call time: 2.59 sec | Current time: 2019-04-18 18:26:26.409685
 --------------------------
iter: 37 | nc: 2 | ncalls: 440 | bounds: 0 | eff(%):  8.409 | logz: -1.1e+05 +/- 1.3e-01 | dlogz: 112730.289 >  0.500
 loglike: -1.1e+05 | params: [ 0.40796368 -0.88243318  1.87662794  0.21511163  1.85613901  4.34810641
  5.75379742 30.54993302]
 Average call time: 2.33 sec | Current time: 2019-04-18 18:26:31.059943
 --------------------------
iter: 38 | nc: 1 | ncalls: 441 | bounds: 0 | eff(%):  8.617 | logz: -1.1e+05 +/- 1.3e-01 | dlogz: 112409.809 >  0.500
 loglike: -1.1e+05 | params: [-0.55524056 -1.47157164  0.44600131  0.2168633   0.52917064  2.60250625
  5.41532729 29.99809648]
 Average call time: 2.49 sec | Current time: 2019-04-18 18:26:33.547306
 --------------------------
iter: 39 | nc: 1 | ncalls: 442 | bounds: 0 | eff(%):  8.824 | logz: -1.1e+05 +/- 1.3e-01 | dlogz: 112130.880 >  0.500
 loglike: -1.1e+05 | params: [-0.30566152 -0.72921999  0.94578215  0.73766197  0.42820164  2.71983085
  5.66072265 30.69265114]
 Average call time: 2.41 sec | Current time: 2019-04-18 18:26:35.959087
 --------------------------
iter: 40 | nc: 2 | ncalls: 444 | bounds: 0 | eff(%):  9.009 | logz: -1.1e+05 +/- 1.3e-01 | dlogz: 111853.415 >  0.500
 loglike: -1.1e+05 | params: [ 0.1859818  -1.23591432  0.90311363  1.42503693  0.22125098  3.38003766
  5.21392583 28.0167594 ]
 Average call time: 2.22 sec | Current time: 2019-04-18 18:26:40.397684
 --------------------------
iter: 41 | nc: 1 | ncalls: 445 | bounds: 0 | eff(%):  9.213 | logz: -1.1e+05 +/- 1.3e-01 | dlogz: 111665.398 >  0.500
 loglike: -1.1e+05 | params: [ 0.33783003 -0.78447015  2.0900926   3.09706905  2.24093162  2.35460633
  5.6092172  28.20260182]
 Average call time: 2.12 sec | Current time: 2019-04-18 18:26:42.515880
 --------------------------
iter: 42 | nc: 1 | ncalls: 446 | bounds: 0 | eff(%):  9.417 | logz: -1.1e+05 +/- 1.3e-01 | dlogz: 111650.193 >  0.500
 loglike: -1.1e+05 | params: [-0.87022431 -0.87047926  1.20284497  0.52823823  3.25752731  3.24677969
  5.2658157  28.74413594]
 Average call time: 2.33 sec | Current time: 2019-04-18 18:26:44.846069
 --------------------------
iter: 43 | nc: 1 | ncalls: 447 | bounds: 0 | eff(%):  9.620 | logz: -1.1e+05 +/- 1.3e-01 | dlogz: 111612.790 >  0.500
 loglike: -1.1e+05 | params: [ 0.35538702 -1.5835775  -0.7396505   2.06502585  3.48254519  5.04336236
  4.49918553 29.32002955]
 Average call time: 2.30 sec | Current time: 2019-04-18 18:26:47.143519
 --------------------------
iter: 44 | nc: 1 | ncalls: 448 | bounds: 0 | eff(%):  9.821 | logz: -1.1e+05 +/- 1.3e-01 | dlogz: 111552.482 >  0.500
 loglike: -1.1e+05 | params: [-0.89826347 -1.84748031  0.70047336  0.0744745   3.3955988   5.09662646
  5.07040937 30.90077737]
 Average call time: 2.07 sec | Current time: 2019-04-18 18:26:49.209388
 --------------------------
iter: 45 | nc: 1 | ncalls: 449 | bounds: 0 | eff(%): 10.022 | logz: -1.1e+05 +/- 1.3e-01 | dlogz: 111146.093 >  0.500
 loglike: -1.1e+05 | params: [ 0.39971015 -1.02293279 -0.17750192  2.42113337  1.14361409  3.38098767
  5.41204384 29.7446937 ]
 Average call time: 2.47 sec | Current time: 2019-04-18 18:26:51.682171
 --------------------------
iter: 46 | nc: 1 | ncalls: 450 | bounds: 0 | eff(%): 10.222 | logz: -1.1e+05 +/- 1.3e-01 | dlogz: 111081.668 >  0.500
 loglike: -1.1e+05 | params: [-0.69245971 -1.64790414  0.62158286  1.78008296  3.80687377  1.81385972
  5.13544393 28.62105603]
 Average call time: 2.07 sec | Current time: 2019-04-18 18:26:53.750487
 --------------------------
iter: 47 | nc: 1 | ncalls: 451 | bounds: 0 | eff(%): 10.421 | logz: -1.1e+05 +/- 1.3e-01 | dlogz: 111058.289 >  0.500
 loglike: -1.1e+05 | params: [ 0.03511384 -0.95548946 -0.09988428  2.27584828  1.65360062  1.50686269
  5.47009374 30.11984443]
 Average call time: 2.32 sec | Current time: 2019-04-18 18:26:56.074381
 --------------------------
iter: 48 | nc: 2 | ncalls: 453 | bounds: 0 | eff(%): 10.596 | logz: -1.1e+05 +/- 1.3e-01 | dlogz: 110812.131 >  0.500
 loglike: -1.1e+05 | params: [-0.42551341 -1.01286541  1.7585446   1.55690313  1.58843143  2.14210479
  5.39661201 28.6931132 ]
 Average call time: 2.27 sec | Current time: 2019-04-18 18:27:00.620012
 --------------------------
iter: 49 | nc: 1 | ncalls: 454 | bounds: 0 | eff(%): 10.793 | logz: -1.1e+05 +/- 1.3e-01 | dlogz: 110712.838 >  0.500
 loglike: -1.1e+05 | params: [-8.62344611e-02 -1.06996766e+00 -3.12348291e-04  6.13003781e-02
  1.65208409e+00  4.80766243e+00  4.62127172e+00  2.83260924e+01]
 Average call time: 2.50 sec | Current time: 2019-04-18 18:27:03.118835
 --------------------------
iter: 50 | nc: 1 | ncalls: 455 | bounds: 0 | eff(%): 10.989 | logz: -1.1e+05 +/- 1.3e-01 | dlogz: 110479.515 >  0.500
 loglike: -1.1e+05 | params: [-0.84682423 -0.6367794  -1.17026698  2.89648489 -0.08191607  1.8027306
  5.2920889  29.24101855]
 Average call time: 2.55 sec | Current time: 2019-04-18 18:27:05.665753
 --------------------------
iter: 51 | nc: 1 | ncalls: 456 | bounds: 0 | eff(%): 11.184 | logz: -1.1e+05 +/- 1.3e-01 | dlogz: 110361.952 >  0.500
 loglike: -1.1e+05 | params: [-0.8972573  -1.29687164 -0.34855882 -0.40297848  0.41958384  4.75941982
  5.42324518 31.13465704]
 Average call time: 2.05 sec | Current time: 2019-04-18 18:27:07.719648
 --------------------------
iter: 52 | nc: 1 | ncalls: 457 | bounds: 0 | eff(%): 11.379 | logz: -1.1e+05 +/- 1.3e-01 | dlogz: 110188.553 >  0.500
 loglike: -1.1e+05 | params: [ 0.08937006 -0.99017276 -1.61272676  0.70096198  2.88083462  4.57127964
  5.75240029 31.51825903]
 Average call time: 2.05 sec | Current time: 2019-04-18 18:27:09.772806
 --------------------------
iter: 53 | nc: 1 | ncalls: 458 | bounds: 0 | eff(%): 11.572 | logz: -1.1e+05 +/- 1.3e-01 | dlogz: 110109.304 >  0.500
 loglike: -1.1e+05 | params: [ 0.11064616 -1.15355383  1.21711869  1.08777234  0.4989216   5.09240442
  5.49429863 31.2149976 ]
 Average call time: 2.27 sec | Current time: 2019-04-18 18:27:12.046913
 --------------------------
iter: 54 | nc: 1 | ncalls: 459 | bounds: 0 | eff(%): 11.765 | logz: -1.1e+05 +/- 1.3e-01 | dlogz: 109918.811 >  0.500
 loglike: -1.1e+05 | params: [-0.83614566 -0.92861024 -0.05276895  3.15350609  3.32282483  2.66948361
  5.47572409 30.698306  ]
 Average call time: 2.05 sec | Current time: 2019-04-18 18:27:14.096034
 --------------------------
iter: 55 | nc: 1 | ncalls: 460 | bounds: 0 | eff(%): 11.957 | logz: -1.1e+05 +/- 1.3e-01 | dlogz: 109860.351 >  0.500
 loglike: -1.1e+05 | params: [-0.60477865 -1.70385849 -1.18395436  0.34442202  0.21189013  1.89156755
  5.72561103 31.87894807]
 Average call time: 2.48 sec | Current time: 2019-04-18 18:27:16.572921
 --------------------------
iter: 56 | nc: 1 | ncalls: 461 | bounds: 0 | eff(%): 12.148 | logz: -1.1e+05 +/- 1.3e-01 | dlogz: 109792.490 >  0.500
 loglike: -1.1e+05 | params: [-0.57610897 -1.55999604 -1.26209588  2.83893648  1.68136193  3.71207874
  5.17275495 29.13185145]
 Average call time: 2.33 sec | Current time: 2019-04-18 18:27:18.901890
 --------------------------
iter: 57 | nc: 1 | ncalls: 462 | bounds: 0 | eff(%): 12.338 | logz: -1.1e+05 +/- 1.3e-01 | dlogz: 109387.926 >  0.500
 loglike: -1.1e+05 | params: [-0.66677563 -1.5616699   0.29491357  2.77242274  3.71239981  4.93576199
  5.45098209 31.61891117]
 Average call time: 2.28 sec | Current time: 2019-04-18 18:27:21.186446
 --------------------------
iter: 58 | nc: 1 | ncalls: 463 | bounds: 0 | eff(%): 12.527 | logz: -1.1e+05 +/- 1.3e-01 | dlogz: 109317.398 >  0.500
 loglike: -1.1e+05 | params: [ 0.039829   -0.56093648 -0.14570356 -0.62658245  2.13785096  1.43096294
  5.70020109 30.94554757]
 Average call time: 2.27 sec | Current time: 2019-04-18 18:27:23.455498
 --------------------------
iter: 59 | nc: 1 | ncalls: 464 | bounds: 0 | eff(%): 12.716 | logz: -1.1e+05 +/- 1.3e-01 | dlogz: 109277.151 >  0.500
 loglike: -1.1e+05 | params: [ 0.19689412 -1.54460853 -0.17233868  1.06338921 -0.04158969  3.57880952
  5.15375377 28.93668805]
 Average call time: 2.52 sec | Current time: 2019-04-18 18:27:25.979353
 --------------------------
iter: 60 | nc: 2 | ncalls: 466 | bounds: 0 | eff(%): 12.876 | logz: -1.1e+05 +/- 1.3e-01 | dlogz: 109264.599 >  0.500
 loglike: -1.1e+05 | params: [-0.7345401  -1.36869916 -0.80681596 -0.22367376  3.45867755  4.74889895
  4.45105116 28.63024293]
 Average call time: 2.43 sec | Current time: 2019-04-18 18:27:30.835047
 --------------------------
iter: 61 | nc: 1 | ncalls: 467 | bounds: 0 | eff(%): 13.062 | logz: -1.1e+05 +/- 1.3e-01 | dlogz: 109010.779 >  0.500
 loglike: -1.1e+05 | params: [-0.89701804 -1.51908798  0.60289532  1.70642255  1.92597962  1.68761889
  5.44276905 30.95294072]
 Average call time: 2.48 sec | Current time: 2019-04-18 18:27:33.318115
 --------------------------
iter: 62 | nc: 1 | ncalls: 468 | bounds: 0 | eff(%): 13.248 | logz: -1.1e+05 +/- 1.3e-01 | dlogz: 108901.831 >  0.500
 loglike: -1.1e+05 | params: [ 0.38252335 -1.12714809  1.11813606  1.7348979   2.9131465   4.79465567
  4.89429339 28.83181054]
 Average call time: 2.31 sec | Current time: 2019-04-18 18:27:35.633068
 --------------------------
iter: 63 | nc: 1 | ncalls: 469 | bounds: 0 | eff(%): 13.433 | logz: -1.1e+05 +/- 1.3e-01 | dlogz: 108807.907 >  0.500
 loglike: -1.1e+05 | params: [-0.32988977 -1.37733767  0.1552418   3.19950709  1.36996443  1.15822098
  5.62314763 31.49310428]
 Average call time: 2.54 sec | Current time: 2019-04-18 18:27:38.174197
 --------------------------
iter: 64 | nc: 1 | ncalls: 470 | bounds: 0 | eff(%): 13.617 | logz: -1.1e+05 +/- 1.3e-01 | dlogz: 108536.177 >  0.500
 loglike: -1.1e+05 | params: [-0.9371479  -1.73871975  0.49529579 -0.04222252  2.14271152  3.16461007
  5.41101783 30.88138899]
 Average call time: 2.51 sec | Current time: 2019-04-18 18:27:40.689258
 --------------------------
iter: 65 | nc: 1 | ncalls: 471 | bounds: 0 | eff(%): 13.800 | logz: -1.1e+05 +/- 1.3e-01 | dlogz: 108510.214 >  0.500
 loglike: -1.1e+05 | params: [ 0.30589244 -0.53511637  2.15914744  1.00979862  0.21347055  2.6170873
  5.71672537 30.08337849]
 Average call time: 2.55 sec | Current time: 2019-04-18 18:27:43.243989
 --------------------------
iter: 66 | nc: 1 | ncalls: 472 | bounds: 0 | eff(%): 13.983 | logz: -1.1e+05 +/- 1.3e-01 | dlogz: 108340.350 >  0.500
 loglike: -1.1e+05 | params: [ 0.4487548  -1.77926465 -1.64772423  1.64178677  0.3325324   4.91183246
  3.23836394 28.77447476]
 Average call time: 2.29 sec | Current time: 2019-04-18 18:27:45.530208
 --------------------------
iter: 67 | nc: 1 | ncalls: 473 | bounds: 0 | eff(%): 14.165 | logz: -1.1e+05 +/- 1.3e-01 | dlogz: 107875.897 >  0.500
 loglike: -1.1e+05 | params: [ 0.24406457 -1.79228856  0.51157232  1.17731445  1.10301552  1.33502137
  5.68287511 31.61601441]
 Average call time: 2.29 sec | Current time: 2019-04-18 18:27:47.815734
 --------------------------
iter: 68 | nc: 1 | ncalls: 474 | bounds: 0 | eff(%): 14.346 | logz: -1.1e+05 +/- 1.3e-01 | dlogz: 107748.616 >  0.500
 loglike: -1.1e+05 | params: [-0.86489688 -1.68911961  0.75981412  0.47463085  1.9844457   3.72984293
  5.34707559 30.69072674]
 Average call time: 2.07 sec | Current time: 2019-04-18 18:27:49.887745
 --------------------------
iter: 69 | nc: 1 | ncalls: 475 | bounds: 0 | eff(%): 14.526 | logz: -1.1e+05 +/- 1.3e-01 | dlogz: 107742.683 >  0.500
 loglike: -1.1e+05 | params: [-0.21044564 -1.97385647 -0.0967692  -0.37769539  3.82538916  4.90654738
  4.94416165 30.56105747]
 Average call time: 2.51 sec | Current time: 2019-04-18 18:27:52.393956
 --------------------------
iter: 70 | nc: 1 | ncalls: 476 | bounds: 0 | eff(%): 14.706 | logz: -1.1e+05 +/- 1.3e-01 | dlogz: 107720.946 >  0.500
 loglike: -1.1e+05 | params: [-0.33038967 -1.53975433 -1.69717174  0.44032016  0.94744547  1.25549546
  5.15169259 29.33519823]
 Average call time: 2.39 sec | Current time: 2019-04-18 18:27:54.785045
 --------------------------
iter: 71 | nc: 1 | ncalls: 477 | bounds: 0 | eff(%): 14.885 | logz: -1.1e+05 +/- 1.3e-01 | dlogz: 107688.845 >  0.500
 loglike: -1.1e+05 | params: [-0.98740151 -1.29267658  1.64337622  2.95893159  0.80201414  5.07241271
  1.95952587 29.34100209]
 Average call time: 2.48 sec | Current time: 2019-04-18 18:27:57.263087
 --------------------------
iter: 72 | nc: 2 | ncalls: 479 | bounds: 0 | eff(%): 15.031 | logz: -1.1e+05 +/- 1.3e-01 | dlogz: 107665.994 >  0.500
 loglike: -1.1e+05 | params: [ 0.17782106 -1.84798391 -0.15456074  2.2357995  -0.07399515  4.82132374
  3.77642823 28.27850007]
 Average call time: 2.51 sec | Current time: 2019-04-18 18:28:02.290706
 --------------------------
iter: 73 | nc: 1 | ncalls: 480 | bounds: 0 | eff(%): 15.208 | logz: -1.1e+05 +/- 1.3e-01 | dlogz: 106729.895 >  0.500
 loglike: -1.1e+05 | params: [-9.42749002e-01 -1.55141511e+00 -2.79249987e-01  1.75289158e+00
 -1.58393028e-02  4.78678669e+00  2.89099818e+00  2.85496405e+01]
 Average call time: 2.49 sec | Current time: 2019-04-18 18:28:04.785211
 --------------------------
iter: 74 | nc: 1 | ncalls: 481 | bounds: 0 | eff(%): 15.385 | logz: -1.1e+05 +/- 1.3e-01 | dlogz: 106405.401 >  0.500
 loglike: -1.1e+05 | params: [-0.84948906 -1.09546375 -0.17376734  0.60743005  3.34528786  5.09950676
  4.50981115 30.90140805]
 Average call time: 2.08 sec | Current time: 2019-04-18 18:28:06.862557
 --------------------------
iter: 75 | nc: 1 | ncalls: 482 | bounds: 0 | eff(%): 15.560 | logz: -1.1e+05 +/- 1.3e-01 | dlogz: 106289.841 >  0.500
 loglike: -1.1e+05 | params: [-0.63271174 -1.00398098  0.15857078 -0.59401297  0.31985145  4.69007058
  5.50393883 31.66064395]
 Average call time: 2.50 sec | Current time: 2019-04-18 18:28:09.366071
 --------------------------
iter: 76 | nc: 1 | ncalls: 483 | bounds: 0 | eff(%): 15.735 | logz: -1.1e+05 +/- 1.2e-01 | dlogz: 106215.077 >  0.500
 loglike: -1.1e+05 | params: [ 0.4967449  -1.39832841  1.76703084  1.54276712  3.68923316  4.65014203
  5.05267665 28.12723225]
 Average call time: 2.26 sec | Current time: 2019-04-18 18:28:11.629052
 --------------------------
iter: 77 | nc: 1 | ncalls: 484 | bounds: 0 | eff(%): 15.909 | logz: -1.1e+05 +/- 1.3e-01 | dlogz: 106213.351 >  0.500
 loglike: -1.1e+05 | params: [-0.16424797 -1.31709619  2.01207339  2.25445222  2.24729392  4.84697153
  5.36731928 30.49780928]
 Average call time: 2.08 sec | Current time: 2019-04-18 18:28:13.705760
 --------------------------
iter: 78 | nc: 1 | ncalls: 485 | bounds: 0 | eff(%): 16.082 | logz: -1.1e+05 +/- 1.3e-01 | dlogz: 106144.810 >  0.500
 loglike: -1.1e+05 | params: [ 0.36627463 -0.96179487 -1.59454027  2.6005604   1.35606367  4.85482106
  3.86774578 28.50132643]
 Average call time: 2.49 sec | Current time: 2019-04-18 18:28:16.196137
 --------------------------
iter: 79 | nc: 1 | ncalls: 486 | bounds: 0 | eff(%): 16.255 | logz: -1.1e+05 +/- 1.3e-01 | dlogz: 106140.425 >  0.500
 loglike: -1.1e+05 | params: [ 0.40289436 -0.78435965 -1.01293991  1.61548569  3.49031183  4.97796212
  2.20569114 29.27034429]
 Average call time: 2.10 sec | Current time: 2019-04-18 18:28:18.295477
 --------------------------
iter: 80 | nc: 2 | ncalls: 488 | bounds: 0 | eff(%): 16.393 | logz: -1.1e+05 +/- 1.3e-01 | dlogz: 106105.877 >  0.500
 loglike: -1.1e+05 | params: [-0.07579112 -1.67106324  1.72378244  1.85767243  1.76828138  2.04535434
  5.27082153 28.3940653 ]
 Average call time: 2.28 sec | Current time: 2019-04-18 18:28:22.854792
 --------------------------
iter: 81 | nc: 1 | ncalls: 489 | bounds: 0 | eff(%): 16.564 | logz: -1.1e+05 +/- 1.3e-01 | dlogz: 105917.180 >  0.500
 loglike: -1.1e+05 | params: [-0.95329725 -0.64576616  0.68290967  1.41893718  2.52925074  1.76751715
  5.06676766 28.77771619]
 Average call time: 2.47 sec | Current time: 2019-04-18 18:28:25.329066
 --------------------------
iter: 82 | nc: 1 | ncalls: 490 | bounds: 0 | eff(%): 16.735 | logz: -1.1e+05 +/- 1.3e-01 | dlogz: 105802.388 >  0.500
 loglike: -1.1e+05 | params: [-0.696415   -1.76008383  0.47775386  1.05091526  3.29746571  4.75331555
  5.44179345 31.8617169 ]
 Average call time: 2.50 sec | Current time: 2019-04-18 18:28:27.831661
 --------------------------
iter: 83 | nc: 1 | ncalls: 491 | bounds: 0 | eff(%): 16.904 | logz: -1.1e+05 +/- 1.3e-01 | dlogz: 105727.800 >  0.500
 loglike: -1.1e+05 | params: [ 0.07249082 -0.91386277 -1.69160647  0.40946521  2.19821494  4.83173959
  3.29152189 28.48033249]
 Average call time: 2.53 sec | Current time: 2019-04-18 18:28:30.359961
 --------------------------
iter: 84 | nc: 1 | ncalls: 492 | bounds: 0 | eff(%): 17.073 | logz: -1.1e+05 +/- 1.3e-01 | dlogz: 105623.777 >  0.500
 loglike: -1.1e+05 | params: [-0.42834861 -1.71024914 -0.41873616  1.77488176  2.02593379  4.78981075
  4.77653036 30.1449173 ]
 Average call time: 2.75 sec | Current time: 2019-04-18 18:28:33.106548
 --------------------------
iter: 85 | nc: 1 | ncalls: 493 | bounds: 0 | eff(%): 17.241 | logz: -1.1e+05 +/- 1.3e-01 | dlogz: 105415.806 >  0.500
 loglike: -1.1e+05 | params: [-0.49340625 -0.50629831  0.0819845   2.50988758  2.68996038  4.95131124
  4.79525773 29.98085552]
 Average call time: 2.48 sec | Current time: 2019-04-18 18:28:35.588456
 --------------------------
iter: 86 | nc: 1 | ncalls: 494 | bounds: 0 | eff(%): 17.409 | logz: -1.1e+05 +/- 1.3e-01 | dlogz: 105204.286 >  0.500
 loglike: -1.1e+05 | params: [-0.40897472 -1.74993109  0.05492017 -0.54422383  1.41666372  3.35402807
  5.25752051 30.50373793]
 Average call time: 2.36 sec | Current time: 2019-04-18 18:28:37.946776
 --------------------------
iter: 87 | nc: 2 | ncalls: 496 | bounds: 0 | eff(%): 17.540 | logz: -1.1e+05 +/- 1.3e-01 | dlogz: 105141.643 >  0.500
 loglike: -1.1e+05 | params: [ 0.22354561 -1.86193719  1.78484738 -0.66803097  3.33199006  4.70367582
  5.33700055 30.61147745]
 Average call time: 2.49 sec | Current time: 2019-04-18 18:28:42.930105
 --------------------------
iter: 88 | nc: 1 | ncalls: 497 | bounds: 0 | eff(%): 17.706 | logz: -1.1e+05 +/- 1.3e-01 | dlogz: 105122.689 >  0.500
 loglike: -1.1e+05 | params: [ 0.18764661 -1.15018801  1.54335672  3.16594778  3.7371675   4.90740346
  4.14268195 28.37014451]
 Average call time: 2.28 sec | Current time: 2019-04-18 18:28:45.207630
 --------------------------
iter: 89 | nc: 1 | ncalls: 498 | bounds: 0 | eff(%): 17.871 | logz: -1.1e+05 +/- 1.3e-01 | dlogz: 104994.927 >  0.500
 loglike: -1.1e+05 | params: [-0.54977882 -1.30736376  0.2160869   1.60884936  3.35482156  4.43750089
  5.04978647 30.19373243]
 Average call time: 2.06 sec | Current time: 2019-04-18 18:28:47.263325
 --------------------------
iter: 90 | nc: 1 | ncalls: 499 | bounds: 0 | eff(%): 18.036 | logz: -1.1e+05 +/- 1.3e-01 | dlogz: 104954.968 >  0.500
 loglike: -1.1e+05 | params: [ 0.29894374 -0.93191432  0.88877191  0.8053926   0.59348613  4.08672129
  5.00363009 28.62618981]
 Average call time: 2.38 sec | Current time: 2019-04-18 18:28:49.641182
 --------------------------
iter: 91 | nc: 1 | ncalls: 500 | bounds: 0 | eff(%): 18.200 | logz: -1.1e+05 +/- 1.3e-01 | dlogz: 104651.184 >  0.500
 loglike: -1.1e+05 | params: [ 0.27890336 -1.10306694  1.00907441  1.41491949  3.43318994  1.31765876
  5.06826908 28.58069308]
 Average call time: 2.30 sec | Current time: 2019-04-18 18:28:51.944227
 --------------------------
iter: 92 | nc: 1 | ncalls: 501 | bounds: 0 | eff(%): 18.363 | logz: -1.1e+05 +/- 1.3e-01 | dlogz: 104640.864 >  0.500
 loglike: -1.1e+05 | params: [-0.31328253 -0.61939614  1.74996442  0.27667582  1.26830477  1.83894798
  5.54271849 30.82611265]
 Average call time: 2.06 sec | Current time: 2019-04-18 18:28:54.000357
 --------------------------
iter: 93 | nc: 1 | ncalls: 502 | bounds: 0 | eff(%): 18.526 | logz: -1.1e+05 +/- 1.3e-01 | dlogz: 104586.381 >  0.500
 loglike: -1.1e+05 | params: [-0.92457823 -1.81756294  0.2588747   1.65592124  0.97275365  1.22519924
  5.45822585 31.6466715 ]
 Average call time: 2.27 sec | Current time: 2019-04-18 18:28:56.274924
 --------------------------
iter: 94 | nc: 1 | ncalls: 503 | bounds: 0 | eff(%): 18.688 | logz: -1.1e+05 +/- 1.3e-01 | dlogz: 104479.005 >  0.500
 loglike: -1.1e+05 | params: [-2.94250963e-01 -1.69914203e+00 -9.32043334e-01 -2.36288024e-02
  1.29323540e+00  4.75560556e+00  3.66961796e+00  2.87131835e+01]
 Average call time: 2.31 sec | Current time: 2019-04-18 18:28:58.585423
 --------------------------
iter: 95 | nc: 1 | ncalls: 504 | bounds: 0 | eff(%): 18.849 | logz: -1.1e+05 +/- 1.3e-01 | dlogz: 104396.825 >  0.500
 loglike: -1.1e+05 | params: [-0.30327144 -1.03202825  0.47600154 -0.4505104   2.9323608   1.89027188
  4.97992183 28.49482417]
 Average call time: 2.10 sec | Current time: 2019-04-18 18:29:00.682338
 --------------------------
iter: 96 | nc: 2 | ncalls: 506 | bounds: 0 | eff(%): 18.972 | logz: -1.1e+05 +/- 1.3e-01 | dlogz: 104345.009 >  0.500
 loglike: -1.1e+05 | params: [-0.40975754 -1.93837634 -1.28253322  2.05620675  1.18177859  2.33214274
  5.43403173 31.45884633]
 Average call time: 2.53 sec | Current time: 2019-04-18 18:29:05.732568
 --------------------------
iter: 97 | nc: 1 | ncalls: 507 | bounds: 0 | eff(%): 19.132 | logz: -1.1e+05 +/- 1.3e-01 | dlogz: 103928.372 >  0.500
 loglike: -1.1e+05 | params: [-0.8369906  -1.28446458  2.16266324 -0.4662636   3.28526806  5.0507887
  2.80573352 28.17932119]
 Average call time: 2.27 sec | Current time: 2019-04-18 18:29:08.001684
 --------------------------
iter: 98 | nc: 1 | ncalls: 508 | bounds: 0 | eff(%): 19.291 | logz: -1.1e+05 +/- 1.3e-01 | dlogz: 103633.624 >  0.500
 loglike: -1.1e+05 | params: [-0.1874456  -0.82905401  1.51966359  3.07985182  2.31609397  2.26892034
  5.24276626 29.50406757]
 Average call time: 2.28 sec | Current time: 2019-04-18 18:29:10.276850
 --------------------------
iter: 99 | nc: 1 | ncalls: 509 | bounds: 0 | eff(%): 19.450 | logz: -1.1e+05 +/- 1.3e-01 | dlogz: 103472.475 >  0.500
 loglike: -1.1e+05 | params: [ 7.81111942e-03 -1.14299164e+00 -3.37914786e-01 -4.76693318e-01
  2.70754816e+00  2.04776413e+00  5.07663135e+00  2.94398189e+01]
 Average call time: 2.17 sec | Current time: 2019-04-18 18:29:12.445871
 --------------------------
iter: 100 | nc: 1 | ncalls: 510 | bounds: 0 | eff(%): 19.608 | logz: -1.1e+05 +/- 1.2e-01 | dlogz: 103076.191 >  0.500
 loglike: -1.1e+05 | params: [-0.57122673 -0.76563818 -0.66737771 -0.52689141  0.46804273  1.17456373
  5.06520077 29.39648643]
 Average call time: 2.16 sec | Current time: 2019-04-18 18:29:14.607994
 --------------------------
iter: 101 | nc: 1 | ncalls: 511 | bounds: 0 | eff(%): 19.765 | logz: -1.1e+05 +/- 1.3e-01 | dlogz: 103074.621 >  0.500
 loglike: -1.1e+05 | params: [-0.85409838 -1.54862524 -1.52524574  1.59892448  2.77393589  4.11166626
  4.72793189 28.45343509]
 Average call time: 2.52 sec | Current time: 2019-04-18 18:29:17.129437
 --------------------------
iter: 102 | nc: 2 | ncalls: 513 | bounds: 0 | eff(%): 19.883 | logz: -1.0e+05 +/- 1.3e-01 | dlogz: 102979.157 >  0.500
 loglike: -1.0e+05 | params: [-7.05611281e-01 -1.64264548e+00  1.53172955e+00  2.85215514e+00
 -1.21815664e-02  3.40179837e+00  5.15810672e+00  2.96820497e+01]
 Average call time: 2.24 sec | Current time: 2019-04-18 18:29:21.606023
 --------------------------
iter: 103 | nc: 1 | ncalls: 514 | bounds: 0 | eff(%): 20.039 | logz: -1.0e+05 +/- 1.3e-01 | dlogz: 102876.735 >  0.500
 loglike: -1.0e+05 | params: [-0.62010499 -0.61447332  1.02579153  0.96812036  3.23730679  4.06791276
  4.888579   28.42313101]
 Average call time: 2.08 sec | Current time: 2019-04-18 18:29:23.686258
 --------------------------
iter: 104 | nc: 2 | ncalls: 516 | bounds: 0 | eff(%): 20.155 | logz: -1.0e+05 +/- 1.3e-01 | dlogz: 102863.353 >  0.500
 loglike: -1.0e+05 | params: [-0.46574685 -1.92784593  0.62162047  1.98008652  1.85808326  4.77061413
  2.92034572 28.95540193]
 Average call time: 2.33 sec | Current time: 2019-04-18 18:29:28.348372
 --------------------------
iter: 105 | nc: 1 | ncalls: 517 | bounds: 0 | eff(%): 20.309 | logz: -1.0e+05 +/- 1.3e-01 | dlogz: 102770.127 >  0.500
 loglike: -1.0e+05 | params: [-0.08998718 -0.76676032  0.74554803 -0.26209497  1.0197803   5.05558192
  3.66273768 30.29693766]
 Average call time: 2.31 sec | Current time: 2019-04-18 18:29:30.658080
 --------------------------
iter: 106 | nc: 1 | ncalls: 518 | bounds: 0 | eff(%): 20.463 | logz: -1.0e+05 +/- 1.3e-01 | dlogz: 102715.258 >  0.500
 loglike: -1.0e+05 | params: [-0.82579241 -1.70404628  1.3508296   1.08972845  1.11166818  2.57929617
  4.98876497 28.72178994]
 Average call time: 2.27 sec | Current time: 2019-04-18 18:29:32.928012
 --------------------------
iter: 107 | nc: 1 | ncalls: 519 | bounds: 0 | eff(%): 20.617 | logz: -1.0e+05 +/- 1.3e-01 | dlogz: 102484.176 >  0.500
 loglike: -1.0e+05 | params: [-0.04941135 -1.34253518 -1.15602113  1.53985126  1.98916671  4.91430811
  3.856971   30.01023825]
 Average call time: 2.47 sec | Current time: 2019-04-18 18:29:35.403020
 --------------------------
iter: 108 | nc: 1 | ncalls: 520 | bounds: 0 | eff(%): 20.769 | logz: -1.0e+05 +/- 1.3e-01 | dlogz: 102437.293 >  0.500
 loglike: -1.0e+05 | params: [ 0.46579641 -1.07171822  0.16761332  0.1517238   2.19581497  3.67498138
  5.65654279 31.89278685]
 Average call time: 2.11 sec | Current time: 2019-04-18 18:29:37.508372
 --------------------------
iter: 109 | nc: 1 | ncalls: 521 | bounds: 0 | eff(%): 20.921 | logz: -1.0e+05 +/- 1.3e-01 | dlogz: 102093.833 >  0.500
 loglike: -1.0e+05 | params: [-0.99415503 -1.72356059  1.94555216  2.01221393  3.13544655  5.06890851
  2.25829449 30.29404699]
 Average call time: 2.27 sec | Current time: 2019-04-18 18:29:39.782633
 --------------------------
iter: 110 | nc: 2 | ncalls: 523 | bounds: 0 | eff(%): 21.033 | logz: -1.0e+05 +/- 1.3e-01 | dlogz: 102044.058 >  0.500
 loglike: -1.0e+05 | params: [-0.61618661 -0.80936432  1.18885757  1.39634445  3.75950661  4.12641471
  5.12956825 30.34903776]
 Average call time: 2.42 sec | Current time: 2019-04-18 18:29:44.628639
 --------------------------
iter: 111 | nc: 1 | ncalls: 524 | bounds: 0 | eff(%): 21.183 | logz: -1.0e+05 +/- 1.3e-01 | dlogz: 101958.550 >  0.500
 loglike: -1.0e+05 | params: [-0.37470517 -1.77171123  1.08092138 -0.31371081  0.14452549  4.88324343
  5.10756624 31.46516166]
 Average call time: 2.06 sec | Current time: 2019-04-18 18:29:46.685388
 --------------------------
iter: 112 | nc: 1 | ncalls: 525 | bounds: 0 | eff(%): 21.333 | logz: -1.0e+05 +/- 1.3e-01 | dlogz: 101814.120 >  0.500
 loglike: -1.0e+05 | params: [ 0.37247736 -1.52706439 -0.23936599 -0.12259793  1.68669421  4.89399045
  4.47043947 30.32528422]
 Average call time: 2.47 sec | Current time: 2019-04-18 18:29:49.155655
 --------------------------
iter: 113 | nc: 2 | ncalls: 527 | bounds: 0 | eff(%): 21.442 | logz: -1.0e+05 +/- 1.3e-01 | dlogz: 101438.227 >  0.500
 loglike: -1.0e+05 | params: [ 0.47496891 -1.26366966  0.8612241   2.92229996  0.14663372  4.99385199
  4.39845806 30.53845321]
 Average call time: 2.42 sec | Current time: 2019-04-18 18:29:53.988806
 --------------------------
iter: 114 | nc: 1 | ncalls: 528 | bounds: 0 | eff(%): 21.591 | logz: -1.0e+05 +/- 1.3e-01 | dlogz: 101375.104 >  0.500
 loglike: -1.0e+05 | params: [-0.59823479 -1.56450278 -0.75776827  1.48356394  0.85135097  4.92679047
  3.68644425 30.51994881]
 Average call time: 2.07 sec | Current time: 2019-04-18 18:29:56.060598
 --------------------------
iter: 115 | nc: 1 | ncalls: 529 | bounds: 0 | eff(%): 21.739 | logz: -1.0e+05 +/- 1.3e-01 | dlogz: 101326.497 >  0.500
 loglike: -1.0e+05 | params: [ 0.17853566 -0.7076501  -0.04881071  2.00797408  0.93532614  1.88860821
  5.21760423 30.08113672]
 Average call time: 2.52 sec | Current time: 2019-04-18 18:29:58.582798
 --------------------------
iter: 116 | nc: 2 | ncalls: 531 | bounds: 0 | eff(%): 21.846 | logz: -1.0e+05 +/- 1.3e-01 | dlogz: 101198.394 >  0.500
 loglike: -1.0e+05 | params: [-0.50686714 -1.18193101 -0.81457156  2.75335143  0.58320457  2.59113653
  4.9738724  29.22473564]
 Average call time: 5.49 sec | Current time: 2019-04-18 18:30:09.558009
 --------------------------
iter: 117 | nc: 2 | ncalls: 533 | bounds: 0 | eff(%): 21.951 | logz: -1.0e+05 +/- 1.3e-01 | dlogz: 100837.083 >  0.500
 loglike: -1.0e+05 | params: [-0.39949657 -1.94052684 -1.34679942  1.68518501  0.17528797  2.83043706
  5.30561133 31.30541228]
 Average call time: 3.22 sec | Current time: 2019-04-18 18:30:15.998781
 --------------------------
iter: 118 | nc: 1 | ncalls: 534 | bounds: 0 | eff(%): 22.097 | logz: -1.0e+05 +/- 1.3e-01 | dlogz: 100565.098 >  0.500
 loglike: -1.0e+05 | params: [ 0.15397849 -1.99965913 -0.56353045  2.04809875  0.23981929  3.20318315
  5.5139144  31.85482347]
 Average call time: 2.27 sec | Current time: 2019-04-18 18:30:18.268418
 --------------------------
iter: 119 | nc: 1 | ncalls: 535 | bounds: 0 | eff(%): 22.243 | logz: -1.0e+05 +/- 1.3e-01 | dlogz: 100427.850 >  0.500
 loglike: -1.0e+05 | params: [-0.20913688 -1.70352043 -1.1034785   1.27017463  3.83708584  2.6845603
  4.79158734 28.70361708]
 Average call time: 2.51 sec | Current time: 2019-04-18 18:30:20.779014
 --------------------------
iter: 120 | nc: 1 | ncalls: 536 | bounds: 0 | eff(%): 22.388 | logz: -1.0e+05 +/- 1.3e-01 | dlogz: 100280.993 >  0.500
 loglike: -1.0e+05 | params: [-0.77626923 -0.80148454  0.86310987  1.78775727  3.20513846  4.61334898
  4.36253937 29.15336749]
 Average call time: 2.63 sec | Current time: 2019-04-18 18:30:23.408020
 --------------------------
iter: 121 | nc: 4 | ncalls: 540 | bounds: 0 | eff(%): 22.407 | logz: -1.0e+05 +/- 1.3e-01 | dlogz: 100208.004 >  0.500
 loglike: -1.0e+05 | params: [-0.19468271 -0.7711969  -1.53784968  1.94389977  2.94473612  3.9410545
  5.12300302 30.23104331]
 Average call time: 2.29 sec | Current time: 2019-04-18 18:30:32.554942
 --------------------------
iter: 122 | nc: 1 | ncalls: 541 | bounds: 0 | eff(%): 22.551 | logz: -1.0e+05 +/- 1.3e-01 | dlogz: 100161.243 >  0.500
 loglike: -1.0e+05 | params: [-0.55428122 -0.92302101  2.2249165   1.4738219   3.43585378  1.78246621
  5.46979147 30.81110255]
 Average call time: 2.50 sec | Current time: 2019-04-18 18:30:35.056063
 --------------------------
iter: 123 | nc: 1 | ncalls: 542 | bounds: 0 | eff(%): 22.694 | logz: -1.0e+05 +/- 1.3e-01 | dlogz: 100138.157 >  0.500
 loglike: -1.0e+05 | params: [-0.61652007 -1.83753276  1.33841066  2.39612477  2.92268526  4.76620551
  4.57002541 30.27347033]
 Average call time: 2.31 sec | Current time: 2019-04-18 18:30:37.367967
 --------------------------
iter: 124 | nc: 1 | ncalls: 543 | bounds: 0 | eff(%): 22.836 | logz: -1.0e+05 +/- 1.3e-01 | dlogz: 99973.376 >  0.500
 loglike: -1.0e+05 | params: [ 0.28553375 -1.77868679 -1.3540014  -0.30839219  1.04927583  3.22906036
  5.40083636 31.47513499]
 Average call time: 2.50 sec | Current time: 2019-04-18 18:30:39.867083
 --------------------------
iter: 125 | nc: 1 | ncalls: 544 | bounds: 0 | eff(%): 22.978 | logz: -1.0e+05 +/- 1.3e-01 | dlogz: 99671.810 >  0.500
 loglike: -1.0e+05 | params: [-0.45157137 -0.7975961   1.36463014  2.07163431  2.36737595  3.08332364
  5.29768508 30.84838795]
 Average call time: 2.28 sec | Current time: 2019-04-18 18:30:42.146030
 --------------------------
iter: 126 | nc: 1 | ncalls: 545 | bounds: 0 | eff(%): 23.119 | logz: -1.0e+05 +/- 1.3e-01 | dlogz: 99586.246 >  0.500
 loglike: -1.0e+05 | params: [ 0.38053071 -0.70844712 -1.06002542  1.81957008  0.21220593  4.44482266
  4.62852284 28.76106821]
 Average call time: 2.77 sec | Current time: 2019-04-18 18:30:44.917261
 --------------------------
iter: 127 | nc: 1 | ncalls: 546 | bounds: 0 | eff(%): 23.260 | logz: -1.0e+05 +/- 1.3e-01 | dlogz: 99415.188 >  0.500
 loglike: -1.0e+05 | params: [ 0.1895242  -1.92574831  1.09905048  1.47127599  1.25414     4.87425067
  4.94878637 31.20483054]
 Average call time: 2.50 sec | Current time: 2019-04-18 18:30:47.418392
 --------------------------
iter: 128 | nc: 1 | ncalls: 547 | bounds: 0 | eff(%): 23.400 | logz: -1.0e+05 +/- 1.3e-01 | dlogz: 98893.741 >  0.500
 loglike: -1.0e+05 | params: [-0.25256601 -1.39326231 -1.35748071 -0.39688674  3.78552028  5.01017852
  3.95497461 31.25995281]
 Average call time: 2.06 sec | Current time: 2019-04-18 18:30:49.481882
 --------------------------
iter: 129 | nc: 1 | ncalls: 548 | bounds: 0 | eff(%): 23.540 | logz: -1.0e+05 +/- 1.3e-01 | dlogz: 98825.502 >  0.500
 loglike: -1.0e+05 | params: [-0.45851206 -0.56738712 -1.24567876  0.35759914  3.11274108  4.97122128
  2.30522294 30.33369708]
 Average call time: 2.49 sec | Current time: 2019-04-18 18:30:51.976082
 --------------------------
iter: 130 | nc: 4 | ncalls: 552 | bounds: 0 | eff(%): 23.551 | logz: -1.0e+05 +/- 1.3e-01 | dlogz: 98817.940 >  0.500
 loglike: -1.0e+05 | params: [-9.32846626e-01 -1.83066303e+00 -1.41462765e-02 -4.49494387e-01
  3.14125003e+00  4.57305565e+00  2.46001365e+00  2.87728778e+01]
 Average call time: 2.28 sec | Current time: 2019-04-18 18:31:01.095923
 --------------------------
iter: 131 | nc: 2 | ncalls: 554 | bounds: 0 | eff(%): 23.646 | logz: -1.0e+05 +/- 1.3e-01 | dlogz: 98812.105 >  0.500
 loglike: -1.0e+05 | params: [ 0.12911056 -0.79283465 -0.58853867  2.3886888   0.77541482  2.26798966
  5.33146179 30.97666205]
 Average call time: 2.21 sec | Current time: 2019-04-18 18:31:05.510964
 --------------------------
iter: 132 | nc: 1 | ncalls: 555 | bounds: 0 | eff(%): 23.784 | logz: -1.0e+05 +/- 1.3e-01 | dlogz: 98621.515 >  0.500
 loglike: -1.0e+05 | params: [-0.89517067 -0.66823495  1.05729452  0.1294994   2.76632629  5.02478119
  2.1767103  30.85967126]
 Average call time: 2.30 sec | Current time: 2019-04-18 18:31:07.806012
 --------------------------
iter: 133 | nc: 1 | ncalls: 556 | bounds: 0 | eff(%): 23.921 | logz: -1.0e+05 +/- 1.3e-01 | dlogz: 98292.717 >  0.500
 loglike: -1.0e+05 | params: [-0.03601157 -1.02328964  2.10305258  0.59340638 -0.09292915  5.00341716
  4.10919276 28.41234858]
 Average call time: 2.49 sec | Current time: 2019-04-18 18:31:10.298575
 --------------------------
iter: 134 | nc: 1 | ncalls: 557 | bounds: 0 | eff(%): 24.057 | logz: -1.0e+05 +/- 1.3e-01 | dlogz: 97798.089 >  0.500
 loglike: -1.0e+05 | params: [ 2.78870974e-01 -1.18416341e+00  5.96202054e-01 -1.77355313e-01
  1.51642531e-02  1.72963136e+00  4.96321218e+00  2.94751297e+01]
 Average call time: 2.29 sec | Current time: 2019-04-18 18:31:12.585033
 --------------------------
iter: 135 | nc: 1 | ncalls: 558 | bounds: 0 | eff(%): 24.194 | logz: -9.9e+04 +/- 1.3e-01 | dlogz: 97487.005 >  0.500
 loglike: -9.9e+04 | params: [-0.15728068 -1.79361071  0.32632703  1.49701645  1.19450527  1.24353974
  4.85343955 29.06606427]
 Average call time: 2.51 sec | Current time: 2019-04-18 18:31:15.097010
 --------------------------
iter: 136 | nc: 2 | ncalls: 560 | bounds: 0 | eff(%): 24.286 | logz: -9.9e+04 +/- 1.3e-01 | dlogz: 97367.293 >  0.500
 loglike: -9.9e+04 | params: [ 0.25673013 -0.92435938 -0.8098405   1.59583096  3.51250867  3.570722
  5.03308415 30.09875831]
 Average call time: 2.17 sec | Current time: 2019-04-18 18:31:19.441388
 --------------------------
iter: 137 | nc: 1 | ncalls: 561 | bounds: 0 | eff(%): 24.421 | logz: -9.9e+04 +/- 1.3e-01 | dlogz: 97172.856 >  0.500
 loglike: -9.9e+04 | params: [ 0.45809105 -1.58835759 -1.01651346  0.12579333  2.91968556  4.88815032
  3.9417365  30.64833439]
 Average call time: 2.26 sec | Current time: 2019-04-18 18:31:21.696547
 --------------------------
iter: 138 | nc: 3 | ncalls: 564 | bounds: 0 | eff(%): 24.468 | logz: -9.9e+04 +/- 1.3e-01 | dlogz: 96629.165 >  0.500
 loglike: -9.9e+04 | params: [-0.33826256 -1.94283331 -1.69050847  0.25113615  1.70961757  4.60525741
  3.6702264  29.29938372]
 Average call time: 2.52 sec | Current time: 2019-04-18 18:31:29.250400
 --------------------------
iter: 139 | nc: 2 | ncalls: 566 | bounds: 0 | eff(%): 24.558 | logz: -9.8e+04 +/- 1.3e-01 | dlogz: 96533.845 >  0.500
 loglike: -9.8e+04 | params: [ 0.23378084 -0.60472621  1.04191907  2.46871459  3.71204993  2.65212854
  4.86557469 28.51409878]
 Average call time: 2.43 sec | Current time: 2019-04-18 18:31:34.108089
 --------------------------
iter: 140 | nc: 1 | ncalls: 567 | bounds: 0 | eff(%): 24.691 | logz: -9.8e+04 +/- 1.3e-01 | dlogz: 96070.487 >  0.500
 loglike: -9.8e+04 | params: [-0.44001942 -0.75697043 -1.40535408 -0.47777433  1.8998574   4.8422999
  2.53138195 30.27791517]
 Average call time: 2.43 sec | Current time: 2019-04-18 18:31:36.535500
 --------------------------
iter: 141 | nc: 2 | ncalls: 569 | bounds: 0 | eff(%): 24.780 | logz: -9.8e+04 +/- 1.3e-01 | dlogz: 95835.475 >  0.500
 loglike: -9.8e+04 | params: [-2.61891394e-02 -8.27654998e-01 -1.74496293e+00  2.11581118e+00
  1.18376082e-02  4.42066140e+00  4.77981730e+00  2.99736865e+01]
 Average call time: 2.34 sec | Current time: 2019-04-18 18:31:41.209808
 --------------------------
iter: 142 | nc: 2 | ncalls: 571 | bounds: 0 | eff(%): 24.869 | logz: -9.8e+04 +/- 1.3e-01 | dlogz: 95584.883 >  0.500
 loglike: -9.8e+04 | params: [-0.07982207 -0.89859541  0.49916414  2.36705334  3.82245203  4.26541582
  4.39287821 28.63313816]
 Average call time: 2.33 sec | Current time: 2019-04-18 18:31:45.872348
 --------------------------
iter: 143 | nc: 2 | ncalls: 573 | bounds: 0 | eff(%): 24.956 | logz: -9.7e+04 +/- 1.3e-01 | dlogz: 95459.588 >  0.500
 loglike: -9.7e+04 | params: [-0.18581391 -1.25759766  1.43881964  0.49804985  0.33234872  3.34971721
  5.01196968 29.7407477 ]
 Average call time: 2.34 sec | Current time: 2019-04-18 18:31:50.547370
 --------------------------
iter: 144 | nc: 2 | ncalls: 575 | bounds: 0 | eff(%): 25.043 | logz: -9.7e+04 +/- 1.3e-01 | dlogz: 95413.264 >  0.500
 loglike: -9.7e+04 | params: [ 0.49794614 -1.51203526  1.63473111  1.71218127  1.64072192  3.21741141
  5.05481673 29.00540077]
 Average call time: 2.22 sec | Current time: 2019-04-18 18:31:54.979586
 --------------------------
iter: 145 | nc: 1 | ncalls: 576 | bounds: 0 | eff(%): 25.174 | logz: -9.7e+04 +/- 1.3e-01 | dlogz: 95387.539 >  0.500
 loglike: -9.7e+04 | params: [-0.91568856 -1.58271247  1.98053334  2.61983908  3.50896502  3.48706141
  5.02953956 29.37639998]
 Average call time: 2.50 sec | Current time: 2019-04-18 18:31:57.476049
 --------------------------
iter: 146 | nc: 1 | ncalls: 577 | bounds: 0 | eff(%): 25.303 | logz: -9.7e+04 +/- 1.3e-01 | dlogz: 95291.840 >  0.500
 loglike: -9.7e+04 | params: [ 0.03253523 -1.99460413  0.0904992   0.71409367  2.95183885  3.70071442
  4.74831661 29.13145525]
 Average call time: 2.30 sec | Current time: 2019-04-18 18:31:59.778491
 --------------------------
iter: 147 | nc: 1 | ncalls: 578 | bounds: 0 | eff(%): 25.433 | logz: -9.7e+04 +/- 1.3e-01 | dlogz: 95272.340 >  0.500
 loglike: -9.7e+04 | params: [-0.1870201  -0.58344476 -0.47327715 -0.34401929  3.66581864  4.53673234
  2.03968174 28.47157473]
 Average call time: 2.28 sec | Current time: 2019-04-18 18:32:02.055394
 --------------------------
iter: 148 | nc: 1 | ncalls: 579 | bounds: 0 | eff(%): 25.561 | logz: -9.7e+04 +/- 1.3e-01 | dlogz: 95124.367 >  0.500
 loglike: -9.7e+04 | params: [-0.81395629 -1.78991375 -1.03920692  2.16108083  2.41180792  2.67263905
  4.96006681 30.52375228]
 Average call time: 2.33 sec | Current time: 2019-04-18 18:32:04.380910
 --------------------------
iter: 149 | nc: 2 | ncalls: 581 | bounds: 0 | eff(%): 25.645 | logz: -9.7e+04 +/- 1.3e-01 | dlogz: 95064.937 >  0.500
 loglike: -9.7e+04 | params: [ 0.27347851 -0.63298408  1.83329224  2.73512731  3.22731836  2.12316444
  5.3075668  30.47051236]
 Average call time: 2.33 sec | Current time: 2019-04-18 18:32:09.032769
 --------------------------
iter: 150 | nc: 1 | ncalls: 582 | bounds: 0 | eff(%): 25.773 | logz: -9.6e+04 +/- 1.3e-01 | dlogz: 95058.730 >  0.500
 loglike: -9.6e+04 | params: [-0.80568216 -0.52669925  0.1230252   2.70348934  2.61834394  4.0489543
  4.99390647 30.36306077]
 Average call time: 2.31 sec | Current time: 2019-04-18 18:32:11.342129
 --------------------------
iter: 151 | nc: 1 | ncalls: 583 | bounds: 0 | eff(%): 25.901 | logz: -9.5e+04 +/- 1.3e-01 | dlogz: 94249.650 >  0.500
 loglike: -9.5e+04 | params: [-0.23087323 -0.75754015  0.70270398  3.14468793  1.07413542  4.49151168
  4.12451051 28.1666728 ]
 Average call time: 2.49 sec | Current time: 2019-04-18 18:32:13.836006
 --------------------------
iter: 152 | nc: 1 | ncalls: 584 | bounds: 0 | eff(%): 26.027 | logz: -9.5e+04 +/- 1.3e-01 | dlogz: 93318.925 >  0.500
 loglike: -9.5e+04 | params: [-0.83073932 -1.03389328 -0.0834933   2.87389144  3.02147649  4.80921354
  3.28587122 30.88037401]
 Average call time: 2.51 sec | Current time: 2019-04-18 18:32:16.349487
 --------------------------
iter: 153 | nc: 2 | ncalls: 586 | bounds: 0 | eff(%): 26.109 | logz: -9.5e+04 +/- 1.3e-01 | dlogz: 93285.166 >  0.500
 loglike: -9.5e+04 | params: [ 0.48617858 -1.0769443   1.57658988  1.10527163  2.40594859  4.48564063
  4.61961942 28.58750775]
 Average call time: 2.07 sec | Current time: 2019-04-18 18:32:20.495798
 --------------------------
iter: 154 | nc: 1 | ncalls: 587 | bounds: 0 | eff(%): 26.235 | logz: -9.5e+04 +/- 1.3e-01 | dlogz: 93046.320 >  0.500
 loglike: -9.5e+04 | params: [-0.37567451 -0.68362625  1.27677147  1.45866232  3.48563346  4.79139836
  3.79729749 30.26258709]
 Average call time: 2.47 sec | Current time: 2019-04-18 18:32:22.964222
 --------------------------
iter: 155 | nc: 1 | ncalls: 588 | bounds: 0 | eff(%): 26.361 | logz: -9.5e+04 +/- 1.3e-01 | dlogz: 93014.073 >  0.500
 loglike: -9.5e+04 | params: [ 0.04026878 -1.36818209  1.66708554  1.56650701  3.63651905  4.62961513
  3.7681144  28.06924027]
 Average call time: 2.12 sec | Current time: 2019-04-18 18:32:25.081160
 --------------------------
iter: 156 | nc: 1 | ncalls: 589 | bounds: 0 | eff(%): 26.486 | logz: -9.5e+04 +/- 1.3e-01 | dlogz: 92796.653 >  0.500
 loglike: -9.5e+04 | params: [-0.65395302 -1.9692628  -1.43461102 -0.08552924  1.26538761  2.64259395
  4.80199224 29.92300142]
 Average call time: 2.50 sec | Current time: 2019-04-18 18:32:27.581803
 --------------------------
iter: 157 | nc: 1 | ncalls: 590 | bounds: 0 | eff(%): 26.610 | logz: -9.5e+04 +/- 1.3e-01 | dlogz: 92777.849 >  0.500
 loglike: -9.5e+04 | params: [-4.65245047e-01 -1.85280881e+00 -1.34030832e-02  3.05615773e+00
  4.26496826e-02  2.35198329e+00  5.06468193e+00  3.11820406e+01]
 Average call time: 2.48 sec | Current time: 2019-04-18 18:32:30.065059
 --------------------------
iter: 158 | nc: 3 | ncalls: 593 | bounds: 0 | eff(%): 26.644 | logz: -9.5e+04 +/- 1.3e-01 | dlogz: 92546.664 >  0.500
 loglike: -9.5e+04 | params: [ 0.24869692 -1.29525936  0.55509991 -0.29817608  1.72594756  4.65400039
  3.79546538 29.86486109]
 Average call time: 2.30 sec | Current time: 2019-04-18 18:32:36.952353
 --------------------------
iter: 159 | nc: 1 | ncalls: 594 | bounds: 0 | eff(%): 26.768 | logz: -9.5e+04 +/- 1.3e-01 | dlogz: 92489.469 >  0.500
 loglike: -9.5e+04 | params: [-0.59414379 -1.65998905  0.8257244   1.44055344  1.73140322  4.22914691
  4.50313007 29.42193489]
 Average call time: 2.31 sec | Current time: 2019-04-18 18:32:39.264789
 --------------------------
iter: 160 | nc: 2 | ncalls: 596 | bounds: 0 | eff(%): 26.846 | logz: -9.4e+04 +/- 1.3e-01 | dlogz: 92441.961 >  0.500
 loglike: -9.4e+04 | params: [ 0.24352085 -0.82517646  1.0716079   1.09877437  0.35181113  4.12507864
  4.62204239 28.40489051]
 Average call time: 2.48 sec | Current time: 2019-04-18 18:32:44.228938
 --------------------------
iter: 161 | nc: 1 | ncalls: 597 | bounds: 0 | eff(%): 26.968 | logz: -9.4e+04 +/- 1.3e-01 | dlogz: 92345.484 >  0.500
 loglike: -9.4e+04 | params: [-9.50972467e-01 -1.70473900e+00  1.83710679e+00  6.30789450e-03
  3.78246109e-01  5.03562214e+00  2.88641864e+00  3.17548757e+01]
 Average call time: 2.48 sec | Current time: 2019-04-18 18:32:46.707853
 --------------------------
iter: 162 | nc: 1 | ncalls: 598 | bounds: 0 | eff(%): 27.090 | logz: -9.4e+04 +/- 1.3e-01 | dlogz: 92289.662 >  0.500
 loglike: -9.4e+04 | params: [-0.83206668 -1.29447246 -1.18885758  0.52020211  2.37931656  4.67534412
  4.25552051 30.90821374]
 Average call time: 2.09 sec | Current time: 2019-04-18 18:32:48.795760
 --------------------------
iter: 163 | nc: 3 | ncalls: 601 | bounds: 0 | eff(%): 27.121 | logz: -9.4e+04 +/- 1.3e-01 | dlogz: 91744.553 >  0.500
 loglike: -9.4e+04 | params: [-0.50705557 -1.12224234 -1.58890965  3.04284715  3.45727811  4.63421896
  3.35599316 30.22964343]
 Average call time: 2.17 sec | Current time: 2019-04-18 18:32:55.310901
 --------------------------
iter: 164 | nc: 1 | ncalls: 602 | bounds: 0 | eff(%): 27.243 | logz: -9.3e+04 +/- 1.3e-01 | dlogz: 91615.677 >  0.500
 loglike: -9.3e+04 | params: [-0.79400124 -1.78701791  0.8887596  -0.30242912  2.90440786  2.92561279
  4.71204491 29.4269095 ]
 Average call time: 2.36 sec | Current time: 2019-04-18 18:32:57.666185
 --------------------------
iter: 165 | nc: 3 | ncalls: 605 | bounds: 0 | eff(%): 27.273 | logz: -9.3e+04 +/- 1.3e-01 | dlogz: 91337.388 >  0.500
 loglike: -9.3e+04 | params: [-0.29852055 -1.5449407   1.89228087  1.03003386  2.62017054  2.67161784
  5.00608992 28.85187139]
 Average call time: 2.24 sec | Current time: 2019-04-18 18:33:04.380577
 --------------------------
iter: 166 | nc: 1 | ncalls: 606 | bounds: 0 | eff(%): 27.393 | logz: -9.3e+04 +/- 1.3e-01 | dlogz: 91301.093 >  0.500
 loglike: -9.3e+04 | params: [-0.42652382 -1.91918947  0.04028141  3.19423176  0.37204041  1.58611665
  4.88962651 30.34921453]
 Average call time: 2.29 sec | Current time: 2019-04-18 18:33:06.666229
 --------------------------
iter: 167 | nc: 1 | ncalls: 607 | bounds: 0 | eff(%): 27.512 | logz: -9.3e+04 +/- 1.3e-01 | dlogz: 90984.796 >  0.500
 loglike: -9.3e+04 | params: [ 0.24261341 -0.66283711  1.49091491  3.11141276  2.531659    1.29242053
  5.43774865 31.7718007 ]
 Average call time: 2.05 sec | Current time: 2019-04-18 18:33:08.715725
 --------------------------
iter: 168 | nc: 1 | ncalls: 608 | bounds: 0 | eff(%): 27.632 | logz: -9.3e+04 +/- 1.3e-01 | dlogz: 90974.808 >  0.500
 loglike: -9.3e+04 | params: [-0.86021363 -1.44702214  1.17241016 -0.60095976  1.35425775  2.36642647
  4.65614688 28.27357248]
 Average call time: 2.29 sec | Current time: 2019-04-18 18:33:11.001515
 --------------------------
iter: 169 | nc: 1 | ncalls: 609 | bounds: 0 | eff(%): 27.750 | logz: -9.3e+04 +/- 1.3e-01 | dlogz: 90723.410 >  0.500
 loglike: -9.3e+04 | params: [ 0.35319322 -1.64518118 -1.25197519  0.53771595  3.27131479  4.43778404
  3.31813969 28.95988475]
 Average call time: 2.48 sec | Current time: 2019-04-18 18:33:13.482674
 --------------------------
iter: 170 | nc: 1 | ncalls: 610 | bounds: 0 | eff(%): 27.869 | logz: -9.3e+04 +/- 1.3e-01 | dlogz: 90607.503 >  0.500
 loglike: -9.3e+04 | params: [-0.24404946 -1.3947179   1.19069761  0.34199449  1.99830026  4.4375465
  4.50802459 29.96676592]
 Average call time: 2.13 sec | Current time: 2019-04-18 18:33:15.611335
 --------------------------
iter: 171 | nc: 1 | ncalls: 611 | bounds: 0 | eff(%): 27.987 | logz: -9.2e+04 +/- 1.3e-01 | dlogz: 90574.771 >  0.500
 loglike: -9.2e+04 | params: [ 0.1755833  -1.09100322  1.72068083 -0.39003601  2.05887705  4.77077385
  4.38618024 30.23732695]
 Average call time: 2.48 sec | Current time: 2019-04-18 18:33:18.087382
 --------------------------
iter: 172 | nc: 1 | ncalls: 612 | bounds: 0 | eff(%): 28.105 | logz: -9.2e+04 +/- 1.3e-01 | dlogz: 90270.620 >  0.500
 loglike: -9.2e+04 | params: [-0.67981709 -1.66795007 -1.62550135  2.81448281  2.25078723  4.85597496
  3.39777785 31.56201045]
 Average call time: 2.49 sec | Current time: 2019-04-18 18:33:20.578440
 --------------------------
iter: 173 | nc: 1 | ncalls: 613 | bounds: 0 | eff(%): 28.222 | logz: -9.2e+04 +/- 1.3e-01 | dlogz: 90218.965 >  0.500
 loglike: -9.2e+04 | params: [-0.59649197 -1.19728143  1.65846466  1.6334602   1.3463735   3.26311574
  4.81693988 28.07991191]
 Average call time: 2.26 sec | Current time: 2019-04-18 18:33:22.839122
 --------------------------
iter: 174 | nc: 1 | ncalls: 614 | bounds: 0 | eff(%): 28.339 | logz: -9.2e+04 +/- 1.3e-01 | dlogz: 90172.839 >  0.500
 loglike: -9.2e+04 | params: [ 0.36855501 -1.68110599 -0.47770824  0.31279718  3.44971713  4.39839628
  2.98213694 28.82753564]
 Average call time: 2.09 sec | Current time: 2019-04-18 18:33:24.924198
 --------------------------
iter: 175 | nc: 1 | ncalls: 615 | bounds: 0 | eff(%): 28.455 | logz: -9.2e+04 +/- 1.3e-01 | dlogz: 90039.421 >  0.500
 loglike: -9.2e+04 | params: [ 0.13696061 -1.17320637  0.23709834  1.9998941   1.14743422  2.45541868
  4.83489563 29.86310391]
 Average call time: 2.55 sec | Current time: 2019-04-18 18:33:27.473225
 --------------------------
iter: 176 | nc: 1 | ncalls: 616 | bounds: 0 | eff(%): 28.571 | logz: -9.2e+04 +/- 1.3e-01 | dlogz: 89971.214 >  0.500
 loglike: -9.2e+04 | params: [-0.19231352 -1.7031922   1.6486799   1.51795703  0.22904692  2.87765389
  4.93150272 29.46479389]
 Average call time: 2.58 sec | Current time: 2019-04-18 18:33:30.054601
 --------------------------
iter: 177 | nc: 2 | ncalls: 618 | bounds: 0 | eff(%): 28.641 | logz: -9.2e+04 +/- 1.3e-01 | dlogz: 89951.167 >  0.500
 loglike: -9.2e+04 | params: [ 0.07225455 -0.9944909   0.77045353  0.82890793  2.94288448  1.99543164
  4.76256401 29.21821744]
 Average call time: 2.19 sec | Current time: 2019-04-18 18:33:34.443845
 --------------------------
iter: 178 | nc: 1 | ncalls: 619 | bounds: 0 | eff(%): 28.756 | logz: -9.2e+04 +/- 1.3e-01 | dlogz: 89733.144 >  0.500
 loglike: -9.2e+04 | params: [-0.78590725 -1.38694179  0.51955265  0.20149432  1.75706799  3.82792408
  4.46893034 28.73460816]
 Average call time: 2.27 sec | Current time: 2019-04-18 18:33:36.715833
 --------------------------
iter: 179 | nc: 5 | ncalls: 624 | bounds: 0 | eff(%): 28.686 | logz: -9.1e+04 +/- 1.3e-01 | dlogz: 89641.450 >  0.500
 loglike: -9.1e+04 | params: [ 0.10102294 -0.97464816 -0.08118035  2.03902615  1.3450604   2.03835869
  5.07573654 30.90682063]
 Average call time: 2.31 sec | Current time: 2019-04-18 18:33:48.259859
 --------------------------
iter: 180 | nc: 1 | ncalls: 625 | bounds: 0 | eff(%): 28.800 | logz: -9.1e+04 +/- 1.3e-01 | dlogz: 89318.407 >  0.500
 loglike: -9.1e+04 | params: [-0.98169987 -1.31450228  1.96069554  2.65031155  1.76958911  4.71881316
  2.83951639 29.21661495]
 Average call time: 2.41 sec | Current time: 2019-04-18 18:33:50.667132
 --------------------------
iter: 181 | nc: 2 | ncalls: 627 | bounds: 0 | eff(%): 28.868 | logz: -9.1e+04 +/- 1.3e-01 | dlogz: 88930.888 >  0.500
 loglike: -9.1e+04 | params: [-0.66580333 -0.66524454  0.03737612  2.05505148  1.43743022  3.5990881
  4.80132673 30.00343696]
 Average call time: 2.20 sec | Current time: 2019-04-18 18:33:55.068820
 --------------------------
iter: 182 | nc: 1 | ncalls: 628 | bounds: 0 | eff(%): 28.981 | logz: -9.1e+04 +/- 1.3e-01 | dlogz: 88755.529 >  0.500
 loglike: -9.1e+04 | params: [ 0.39005564 -1.38463716  0.33101775  2.67644969  3.39373322  4.8789761
  4.81541737 31.58654236]
 Average call time: 2.54 sec | Current time: 2019-04-18 18:33:57.609275
 --------------------------
iter: 183 | nc: 1 | ncalls: 629 | bounds: 0 | eff(%): 29.094 | logz: -9.0e+04 +/- 1.3e-01 | dlogz: 88553.868 >  0.500
 loglike: -9.0e+04 | params: [ 0.13956658 -1.69151438  1.59604967  2.36563013  0.58092578  4.64682822
  2.3077901  28.80875378]
 Average call time: 2.71 sec | Current time: 2019-04-18 18:34:00.321425
 --------------------------
iter: 184 | nc: 1 | ncalls: 630 | bounds: 0 | eff(%): 29.206 | logz: -9.0e+04 +/- 1.3e-01 | dlogz: 87881.390 >  0.500
 loglike: -9.0e+04 | params: [ 0.22478347 -1.57781026  0.42433541 -0.68355567  0.52535889  3.65875797
  4.47609963 28.23138569]
 Average call time: 2.05 sec | Current time: 2019-04-18 18:34:02.367955
 --------------------------
iter: 185 | nc: 1 | ncalls: 631 | bounds: 0 | eff(%): 29.319 | logz: -9.0e+04 +/- 1.3e-01 | dlogz: 87770.798 >  0.500
 loglike: -9.0e+04 | params: [-0.94017452 -0.74851725 -1.29808075  1.35862205  3.36850348  1.2634244
  4.70509743 29.90507391]
 Average call time: 2.51 sec | Current time: 2019-04-18 18:34:04.876314
 --------------------------
iter: 186 | nc: 2 | ncalls: 633 | bounds: 0 | eff(%): 29.384 | logz: -8.9e+04 +/- 1.3e-01 | dlogz: 87576.433 >  0.500
 loglike: -8.9e+04 | params: [ 0.41229729 -0.72593965  0.12453688 -0.47890418  1.09560896  2.15625488
  5.12395807 31.06991968]
 Average call time: 2.45 sec | Current time: 2019-04-18 18:34:09.774936
 --------------------------
iter: 187 | nc: 1 | ncalls: 634 | bounds: 0 | eff(%): 29.495 | logz: -8.9e+04 +/- 1.3e-01 | dlogz: 87321.826 >  0.500
 loglike: -8.9e+04 | params: [ 0.23416242 -0.85266417 -1.15967329  0.67172877  1.72458098  4.45985569
  2.13939977 28.98285979]
 Average call time: 2.27 sec | Current time: 2019-04-18 18:34:12.043529
 --------------------------
iter: 188 | nc: 1 | ncalls: 635 | bounds: 0 | eff(%): 29.606 | logz: -8.9e+04 +/- 1.3e-01 | dlogz: 87154.162 >  0.500
 loglike: -8.9e+04 | params: [ 0.30917988 -1.23793833  2.16582713  0.97107395  1.96431532  4.89557051
  3.99480667 29.50093076]
 Average call time: 2.27 sec | Current time: 2019-04-18 18:34:14.316470
 --------------------------
iter: 189 | nc: 1 | ncalls: 636 | bounds: 0 | eff(%): 29.717 | logz: -8.9e+04 +/- 1.3e-01 | dlogz: 86693.157 >  0.500
 loglike: -8.9e+04 | params: [-0.63250068 -0.53389063 -1.30353461  2.38809319  1.82185104  4.33235328
  3.74123239 28.28187809]
 Average call time: 2.27 sec | Current time: 2019-04-18 18:34:16.583121
 --------------------------
iter: 190 | nc: 1 | ncalls: 637 | bounds: 0 | eff(%): 29.827 | logz: -8.8e+04 +/- 1.3e-01 | dlogz: 86562.128 >  0.500
 loglike: -8.8e+04 | params: [ 0.36472535 -1.18874126  0.8453786   1.19052311  2.1299834   4.41838403
  4.28881423 29.88013023]
 Average call time: 2.53 sec | Current time: 2019-04-18 18:34:19.115298
 --------------------------
iter: 191 | nc: 3 | ncalls: 640 | bounds: 0 | eff(%): 29.844 | logz: -8.8e+04 +/- 1.3e-01 | dlogz: 86153.002 >  0.500
 loglike: -8.8e+04 | params: [-8.04893444e-01 -1.38852558e+00  1.92655922e+00 -1.15457772e-02
  3.48847535e+00  3.42129482e+00  4.93545264e+00  3.06978190e+01]
 Average call time: 2.22 sec | Current time: 2019-04-18 18:34:25.782522
 --------------------------
iter: 192 | nc: 1 | ncalls: 641 | bounds: 0 | eff(%): 29.953 | logz: -8.8e+04 +/- 1.3e-01 | dlogz: 85796.285 >  0.500
 loglike: -8.8e+04 | params: [-0.34376087 -0.54361201  1.32913163 -0.20668132  3.58498906  4.41977938
  3.50646094 28.56228258]
 Average call time: 2.12 sec | Current time: 2019-04-18 18:34:27.898006
 --------------------------
iter: 193 | nc: 2 | ncalls: 643 | bounds: 0 | eff(%): 30.016 | logz: -8.8e+04 +/- 1.3e-01 | dlogz: 85705.200 >  0.500
 loglike: -8.7e+04 | params: [-0.76138424 -1.34089417  0.75100772  2.9664452   1.30422146  4.38512684
  4.49610544 30.86020997]
 Average call time: 2.29 sec | Current time: 2019-04-18 18:34:32.474267
 --------------------------
iter: 194 | nc: 1 | ncalls: 644 | bounds: 0 | eff(%): 30.124 | logz: -8.7e+04 +/- 1.3e-01 | dlogz: 85421.074 >  0.500
 loglike: -8.7e+04 | params: [ 0.18692246 -0.59178741  0.98614299  1.53198058  2.64455498  4.26064062
  4.79150995 30.43030928]
 Average call time: 2.29 sec | Current time: 2019-04-18 18:34:34.768367
 --------------------------
iter: 195 | nc: 1 | ncalls: 645 | bounds: 0 | eff(%): 30.233 | logz: -8.7e+04 +/- 1.3e-01 | dlogz: 84653.387 >  0.500
 loglike: -8.7e+04 | params: [-0.30918226 -1.44267332 -1.14195959  1.09350777  3.64539735  4.16793699
  2.36816973 28.64822323]
 Average call time: 2.51 sec | Current time: 2019-04-18 18:34:37.276234
 --------------------------
iter: 196 | nc: 1 | ncalls: 646 | bounds: 0 | eff(%): 30.341 | logz: -8.6e+04 +/- 1.3e-01 | dlogz: 84485.417 >  0.500
 loglike: -8.6e+04 | params: [ 0.25970915 -1.9660432   1.12700733  2.35573112  1.06022329  1.87259432
  4.6579051  28.73652061]
 Average call time: 2.31 sec | Current time: 2019-04-18 18:34:39.581472
 --------------------------
iter: 197 | nc: 1 | ncalls: 647 | bounds: 0 | eff(%): 30.448 | logz: -8.6e+04 +/- 1.3e-01 | dlogz: 83829.643 >  0.500
 loglike: -8.6e+04 | params: [-0.33413653 -1.95344771 -0.31335319  2.18909996  1.7785359   2.48626094
  4.49905602 28.50482129]
 Average call time: 2.47 sec | Current time: 2019-04-18 18:34:42.046853
 --------------------------
iter: 198 | nc: 2 | ncalls: 649 | bounds: 0 | eff(%): 30.508 | logz: -8.6e+04 +/- 1.3e-01 | dlogz: 83656.570 >  0.500
 loglike: -8.6e+04 | params: [ 0.15231705 -1.55009534  0.42121078  0.24479252  1.65065877  4.34865091
  2.35100193 28.91993896]
 Average call time: 2.33 sec | Current time: 2019-04-18 18:34:46.697154
 --------------------------
iter: 199 | nc: 1 | ncalls: 650 | bounds: 0 | eff(%): 30.615 | logz: -8.5e+04 +/- 1.3e-01 | dlogz: 83476.170 >  0.500
 loglike: -8.5e+04 | params: [-0.57689533 -1.49750605 -1.4322042   2.30960939  1.91335939  3.75278273
  4.45679205 29.48370731]
 Average call time: 2.39 sec | Current time: 2019-04-18 18:34:49.082618
 --------------------------
iter: 200 | nc: 1 | ncalls: 651 | bounds: 0 | eff(%): 30.722 | logz: -8.5e+04 +/- 1.3e-01 | dlogz: 83049.717 >  0.500
 loglike: -8.5e+04 | params: [-7.71477612e-03 -1.33512763e+00 -8.66445070e-01 -4.63952487e-01
  2.68039546e+00  4.52600114e+00  3.58642660e+00  3.03976000e+01]
 Average call time: 2.63 sec | Current time: 2019-04-18 18:34:51.709698
 --------------------------
iter: 201 | nc: 1 | ncalls: 652 | bounds: 0 | eff(%): 30.828 | logz: -8.5e+04 +/- 1.3e-01 | dlogz: 83030.821 >  0.500
 loglike: -8.5e+04 | params: [-0.44139178 -1.73951643 -0.38537726  1.53716672  0.50407758  4.21155478
  2.07018059 28.04383406]
 Average call time: 2.07 sec | Current time: 2019-04-18 18:34:53.778723
 --------------------------
iter: 202 | nc: 3 | ncalls: 655 | bounds: 0 | eff(%): 30.840 | logz: -8.4e+04 +/- 1.3e-01 | dlogz: 83022.606 >  0.500
 loglike: -8.4e+04 | params: [-0.39834039 -0.6040784   0.29503236  2.50454087  3.40335851  4.15926419
  3.79321709 28.29567842]
 Average call time: 2.31 sec | Current time: 2019-04-18 18:35:00.718222
 --------------------------
iter: 203 | nc: 1 | ncalls: 656 | bounds: 0 | eff(%): 30.945 | logz: -8.4e+04 +/- 1.3e-01 | dlogz: 82292.987 >  0.500
 loglike: -8.4e+04 | params: [ 0.49679942 -1.27848238  0.66028581  1.06550011  3.41749098  4.0171823
  4.22043751 29.13163822]
 Average call time: 2.49 sec | Current time: 2019-04-18 18:35:03.206801
 --------------------------
iter: 204 | nc: 2 | ncalls: 658 | bounds: 0 | eff(%): 31.003 | logz: -8.4e+04 +/- 1.3e-01 | dlogz: 82250.310 >  0.500
 loglike: -8.4e+04 | params: [ 0.39924048 -0.76078241 -1.18453946  1.85422724  3.41207426  4.07403519
  3.99837748 28.54100737]
 Average call time: 2.21 sec | Current time: 2019-04-18 18:35:07.625635
 --------------------------
iter: 205 | nc: 1 | ncalls: 659 | bounds: 0 | eff(%): 31.108 | logz: -8.4e+04 +/- 1.3e-01 | dlogz: 82183.980 >  0.500
 loglike: -8.4e+04 | params: [ 0.27154389 -1.20545057 -0.12791335 -0.66055542  0.47090805  4.32593382
  3.61464678 29.35687028]
 Average call time: 2.07 sec | Current time: 2019-04-18 18:35:09.694600
 --------------------------
iter: 206 | nc: 1 | ncalls: 660 | bounds: 0 | eff(%): 31.212 | logz: -8.4e+04 +/- 1.3e-01 | dlogz: 82003.459 >  0.500
 loglike: -8.4e+04 | params: [ 0.20210144 -1.48402837 -0.42474726  0.67249841  1.64805232  3.4265668
  4.40577792 28.70846995]
 Average call time: 2.30 sec | Current time: 2019-04-18 18:35:11.992585
 --------------------------
iter: 207 | nc: 1 | ncalls: 661 | bounds: 0 | eff(%): 31.316 | logz: -8.4e+04 +/- 1.3e-01 | dlogz: 81791.100 >  0.500
 loglike: -8.4e+04 | params: [ 0.12239432 -1.21307238 -0.60327333  0.17897581  1.89122625  4.8364217
  4.23205339 31.95897846]
 Average call time: 2.48 sec | Current time: 2019-04-18 18:35:14.473331
 --------------------------
iter: 208 | nc: 1 | ncalls: 662 | bounds: 0 | eff(%): 31.420 | logz: -8.4e+04 +/- 1.3e-01 | dlogz: 81688.836 >  0.500
 loglike: -8.4e+04 | params: [-0.99829766 -1.70116623  0.25278557  2.29751141  3.53042066  2.05006824
  4.53095228 30.35204598]
 Average call time: 2.05 sec | Current time: 2019-04-18 18:35:16.525126
 --------------------------
iter: 209 | nc: 1 | ncalls: 663 | bounds: 0 | eff(%): 31.523 | logz: -8.3e+04 +/- 1.3e-01 | dlogz: 81656.919 >  0.500
 loglike: -8.3e+04 | params: [-0.89301703 -0.82219254 -0.21230375  0.69328267  1.94064268  4.43886532
  3.14211409 30.16546328]
 Average call time: 2.31 sec | Current time: 2019-04-18 18:35:18.833063
 --------------------------
iter: 210 | nc: 1 | ncalls: 664 | bounds: 0 | eff(%): 31.627 | logz: -8.3e+04 +/- 1.3e-01 | dlogz: 81418.324 >  0.500
 loglike: -8.3e+04 | params: [-0.27927776 -1.03411035  0.72019347  2.31098483  1.02287383  3.07813388
  4.66317504 30.03987942]
 Average call time: 2.31 sec | Current time: 2019-04-18 18:35:21.147665
 --------------------------
iter: 211 | nc: 1 | ncalls: 665 | bounds: 0 | eff(%): 31.729 | logz: -8.3e+04 +/- 1.3e-01 | dlogz: 81117.393 >  0.500
 loglike: -8.3e+04 | params: [-0.46221667 -1.71742447  0.92467865 -0.51946901  1.49517895  4.44130477
  2.42994289 30.16545316]
 Average call time: 2.31 sec | Current time: 2019-04-18 18:35:23.455322
 --------------------------
iter: 212 | nc: 3 | ncalls: 668 | bounds: 0 | eff(%): 31.737 | logz: -8.3e+04 +/- 1.3e-01 | dlogz: 80892.917 >  0.500
 loglike: -8.3e+04 | params: [ 0.08438797 -0.99438206 -0.21592663  0.17271154  1.83349637  4.36565261
  2.01392188 29.39956311]
 Average call time: 2.44 sec | Current time: 2019-04-18 18:35:30.765363
 --------------------------
iter: 213 | nc: 1 | ncalls: 669 | bounds: 0 | eff(%): 31.839 | logz: -8.3e+04 +/- 1.3e-01 | dlogz: 80873.699 >  0.500
 loglike: -8.3e+04 | params: [-0.18576961 -0.71580521 -1.26386558  3.25402134  0.94517536  1.72871434
  4.54038453 28.64851211]
 Average call time: 2.08 sec | Current time: 2019-04-18 18:35:32.842409
 --------------------------
iter: 214 | nc: 1 | ncalls: 670 | bounds: 0 | eff(%): 31.940 | logz: -8.3e+04 +/- 1.3e-01 | dlogz: 80602.714 >  0.500
 loglike: -8.3e+04 | params: [-3.45567689e-01 -1.69628727e+00  9.24609398e-03  2.23480519e+00
  2.60329972e-01  3.15547811e+00  5.31000006e+00  3.19741746e+01]
 Average call time: 2.55 sec | Current time: 2019-04-18 18:35:35.389724
 --------------------------
iter: 215 | nc: 1 | ncalls: 671 | bounds: 0 | eff(%): 32.042 | logz: -8.2e+04 +/- 1.3e-01 | dlogz: 80433.895 >  0.500
 loglike: -8.2e+04 | params: [-0.91037702 -1.74608311 -1.49019879  2.8903026   1.66590984  1.53413386
  4.5965734  30.00909351]
 Average call time: 2.50 sec | Current time: 2019-04-18 18:35:37.887836
 --------------------------
iter: 216 | nc: 1 | ncalls: 672 | bounds: 0 | eff(%): 32.143 | logz: -8.2e+04 +/- 1.3e-01 | dlogz: 80329.678 >  0.500
 loglike: -8.2e+04 | params: [ 0.20322146 -1.78434976  1.05073166  2.08453803  0.75143803  4.80806357
  3.7040973  31.63726384]
 Average call time: 2.27 sec | Current time: 2019-04-18 18:35:40.154523
 --------------------------
iter: 217 | nc: 2 | ncalls: 674 | bounds: 0 | eff(%): 32.196 | logz: -8.2e+04 +/- 1.3e-01 | dlogz: 80206.250 >  0.500
 loglike: -8.2e+04 | params: [-0.44395172 -0.66936737 -1.58366613  1.4283296   1.1817574   2.11623113
  4.48565963 28.83049282]
 Average call time: 2.29 sec | Current time: 2019-04-18 18:35:44.742419
 --------------------------
iter: 218 | nc: 1 | ncalls: 675 | bounds: 0 | eff(%): 32.296 | logz: -8.2e+04 +/- 1.3e-01 | dlogz: 80141.553 >  0.500
 loglike: -8.2e+04 | params: [-1.63232676e-02 -1.53185031e+00  4.94159049e-01  4.56960303e-01
  2.20767697e+00  4.30789308e+00  3.10748795e+00  2.93512318e+01]
 Average call time: 2.52 sec | Current time: 2019-04-18 18:35:47.264417
 --------------------------
iter: 219 | nc: 1 | ncalls: 676 | bounds: 0 | eff(%): 32.396 | logz: -8.2e+04 +/- 1.3e-01 | dlogz: 80084.208 >  0.500
 loglike: -8.2e+04 | params: [-0.69736646 -0.95255544  2.04246941  2.82606595  3.85053905  4.3834071
  4.11602295 29.80501622]
 Average call time: 2.30 sec | Current time: 2019-04-18 18:35:49.566516
 --------------------------
iter: 220 | nc: 2 | ncalls: 678 | bounds: 0 | eff(%): 32.448 | logz: -8.2e+04 +/- 1.3e-01 | dlogz: 79981.187 >  0.500
 loglike: -8.2e+04 | params: [ 0.45865156 -1.99104323  2.16879884  2.59015811  2.43164689  4.32885988
  4.91705027 29.98654701]
 Average call time: 2.13 sec | Current time: 2019-04-18 18:35:53.831182
 --------------------------
iter: 221 | nc: 2 | ncalls: 680 | bounds: 0 | eff(%): 32.500 | logz: -8.1e+04 +/- 1.3e-01 | dlogz: 79872.541 >  0.500
 loglike: -8.1e+04 | params: [-0.84509073 -1.27202645  0.93231646 -0.37020783  3.20511883  4.21444718
  2.18018771 29.28967145]
 Average call time: 2.09 sec | Current time: 2019-04-18 18:35:58.011848
 --------------------------
iter: 222 | nc: 1 | ncalls: 681 | bounds: 0 | eff(%): 32.599 | logz: -8.1e+04 +/- 1.3e-01 | dlogz: 78943.396 >  0.500
 loglike: -8.1e+04 | params: [-0.95716295 -1.78950407 -0.16631946  2.5746037   1.69783508  3.88292588
  4.48745566 30.62353211]
 Average call time: 2.27 sec | Current time: 2019-04-18 18:36:00.284034
 --------------------------
iter: 223 | nc: 1 | ncalls: 682 | bounds: 0 | eff(%): 32.698 | logz: -8.1e+04 +/- 1.3e-01 | dlogz: 78890.793 >  0.500
 loglike: -8.1e+04 | params: [-0.52558342 -0.73155711 -1.3789127   1.08962807  2.23478     3.82679378
  4.37916507 29.57901796]
 Average call time: 2.09 sec | Current time: 2019-04-18 18:36:02.372619
 --------------------------
