Using pcmdpy version 0.9.0
Loading Setup File: setup_files/NGC3377/NGC3377_model1.py
(2, 53594)
Running Nested Sampling
-initializing models
-Saving initial results dataframe
iter: 1 | nc: 1 | ncalls: 501 | bounds: 0 | eff(%):  0.200 | logz: -1.6e+05 +/- 1.2e-01 | dlogz:    inf >  0.500
 loglike: -1.6e+05 | params: [ 0.087972   -1.96226862  4.96730557  0.4467937 ]
 Average call time: 0.72 sec | Current time: 2019-03-14 13:29:31.679023
 --------------------------
iter: 2 | nc: 1 | ncalls: 502 | bounds: 0 | eff(%):  0.398 | logz: -1.6e+05 +/- 1.2e-01 | dlogz: 153706.693 >  0.500
 loglike: -1.6e+05 | params: [ 0.05232731 -1.72140485  4.94292911  0.57008951]
 Average call time: 0.72 sec | Current time: 2019-03-14 13:29:32.397236
 --------------------------
iter: 3 | nc: 1 | ncalls: 503 | bounds: 0 | eff(%):  0.596 | logz: -1.6e+05 +/- 1.2e-01 | dlogz: 153595.540 >  0.500
 loglike: -1.6e+05 | params: [ 0.38404059 -1.14941837  4.98344474  0.97582487]
 Average call time: 0.55 sec | Current time: 2019-03-14 13:29:32.945276
 --------------------------
iter: 4 | nc: 1 | ncalls: 504 | bounds: 0 | eff(%):  0.794 | logz: -1.6e+05 +/- 1.2e-01 | dlogz: 153471.375 >  0.500
 loglike: -1.6e+05 | params: [-0.20285415 -0.92302101  4.99342154  2.80432115]
 Average call time: 0.72 sec | Current time: 2019-03-14 13:29:33.663434
 --------------------------
iter: 5 | nc: 1 | ncalls: 505 | bounds: 0 | eff(%):  0.990 | logz: -1.6e+05 +/- 1.2e-01 | dlogz: 153090.535 >  0.500
 loglike: -1.6e+05 | params: [-0.29965934 -1.01437982  4.82962066  1.84816165]
 Average call time: 0.75 sec | Current time: 2019-03-14 13:29:34.413348
 --------------------------
iter: 6 | nc: 1 | ncalls: 506 | bounds: 0 | eff(%):  1.186 | logz: -1.6e+05 +/- 1.2e-01 | dlogz: 153054.624 >  0.500
 loglike: -1.6e+05 | params: [ 0.33434676 -0.90292913  4.88433746  0.66186869]
 Average call time: 0.56 sec | Current time: 2019-03-14 13:29:34.969430
 --------------------------
iter: 7 | nc: 1 | ncalls: 507 | bounds: 0 | eff(%):  1.381 | logz: -1.6e+05 +/- 1.2e-01 | dlogz: 152965.466 >  0.500
 loglike: -1.6e+05 | params: [-0.22404697 -1.12541361  4.78985439  0.38074745]
 Average call time: 0.55 sec | Current time: 2019-03-14 13:29:35.519175
 --------------------------
iter: 8 | nc: 2 | ncalls: 509 | bounds: 0 | eff(%):  1.572 | logz: -1.6e+05 +/- 1.2e-01 | dlogz: 152959.073 >  0.500
 loglike: -1.6e+05 | params: [-0.49065143 -0.64902707  4.93172429  2.82878393]
 Average call time: 0.64 sec | Current time: 2019-03-14 13:29:36.799126
 --------------------------
iter: 9 | nc: 1 | ncalls: 510 | bounds: 0 | eff(%):  1.765 | logz: -1.6e+05 +/- 1.2e-01 | dlogz: 152770.547 >  0.500
 loglike: -1.6e+05 | params: [ 0.0911655  -1.53274502  4.75526219  0.34818724]
 Average call time: 0.56 sec | Current time: 2019-03-14 13:29:37.356203
 --------------------------
iter: 10 | nc: 1 | ncalls: 511 | bounds: 0 | eff(%):  1.957 | logz: -1.6e+05 +/- 1.2e-01 | dlogz: 152716.281 >  0.500
 loglike: -1.6e+05 | params: [ 0.29107598 -0.81906545  4.84334561  2.06102036]
 Average call time: 0.76 sec | Current time: 2019-03-14 13:29:38.111925
 --------------------------
iter: 11 | nc: 1 | ncalls: 512 | bounds: 0 | eff(%):  2.148 | logz: -1.6e+05 +/- 1.2e-01 | dlogz: 152658.610 >  0.500
 loglike: -1.6e+05 | params: [-0.30656567 -0.88992785  4.87018962  2.62788049]
 Average call time: 0.56 sec | Current time: 2019-03-14 13:29:38.667991
 --------------------------
iter: 12 | nc: 1 | ncalls: 513 | bounds: 0 | eff(%):  2.339 | logz: -1.6e+05 +/- 1.2e-01 | dlogz: 152651.627 >  0.500
 loglike: -1.6e+05 | params: [ 0.11900422 -0.83080081  4.79401591  1.77393095]
 Average call time: 0.72 sec | Current time: 2019-03-14 13:29:39.386326
 --------------------------
iter: 13 | nc: 1 | ncalls: 514 | bounds: 0 | eff(%):  2.529 | logz: -1.6e+05 +/- 1.2e-01 | dlogz: 152602.062 >  0.500
 loglike: -1.6e+05 | params: [-0.44786366 -1.86090603  4.66096889  0.92393974]
 Average call time: 0.73 sec | Current time: 2019-03-14 13:29:40.118460
 --------------------------
iter: 14 | nc: 1 | ncalls: 515 | bounds: 0 | eff(%):  2.718 | logz: -1.6e+05 +/- 1.2e-01 | dlogz: 152561.374 >  0.500
 loglike: -1.6e+05 | params: [ 0.26801772 -0.77400839  4.78023108  1.11448406]
 Average call time: 0.55 sec | Current time: 2019-03-14 13:29:40.672404
 --------------------------
iter: 15 | nc: 1 | ncalls: 516 | bounds: 0 | eff(%):  2.907 | logz: -1.6e+05 +/- 1.2e-01 | dlogz: 152463.477 >  0.500
 loglike: -1.6e+05 | params: [ 0.46910581 -0.87604802  4.79820919  0.53321674]
 Average call time: 0.57 sec | Current time: 2019-03-14 13:29:41.243399
 --------------------------
iter: 16 | nc: 1 | ncalls: 517 | bounds: 0 | eff(%):  3.095 | logz: -1.6e+05 +/- 1.2e-01 | dlogz: 152454.695 >  0.500
 loglike: -1.6e+05 | params: [-0.22297975 -1.98427438  4.6633436   1.93210249]
 Average call time: 0.72 sec | Current time: 2019-03-14 13:29:41.961060
 --------------------------
iter: 17 | nc: 1 | ncalls: 518 | bounds: 0 | eff(%):  3.282 | logz: -1.6e+05 +/- 1.2e-01 | dlogz: 152423.281 >  0.500
 loglike: -1.6e+05 | params: [-0.0626886  -1.11034438  4.85432003  2.81029013]
 Average call time: 0.55 sec | Current time: 2019-03-14 13:29:42.511249
 --------------------------
iter: 18 | nc: 1 | ncalls: 519 | bounds: 0 | eff(%):  3.468 | logz: -1.6e+05 +/- 1.2e-01 | dlogz: 152397.662 >  0.500
 loglike: -1.6e+05 | params: [ 0.3795261  -1.25011975  4.74275582  2.1208217 ]
 Average call time: 0.71 sec | Current time: 2019-03-14 13:29:43.224002
 --------------------------
iter: 19 | nc: 1 | ncalls: 520 | bounds: 0 | eff(%):  3.654 | logz: -1.6e+05 +/- 1.2e-01 | dlogz: 152360.608 >  0.500
 loglike: -1.6e+05 | params: [ 0.05246894 -1.59043511  4.92348541  3.37215584]
 Average call time: 0.73 sec | Current time: 2019-03-14 13:29:43.953814
 --------------------------
iter: 20 | nc: 1 | ncalls: 521 | bounds: 0 | eff(%):  3.839 | logz: -1.6e+05 +/- 1.2e-01 | dlogz: 152300.805 >  0.500
 loglike: -1.6e+05 | params: [-0.23287795 -0.79675037  4.69890768  0.59778049]
 Average call time: 0.58 sec | Current time: 2019-03-14 13:29:44.538640
 --------------------------
iter: 21 | nc: 1 | ncalls: 522 | bounds: 0 | eff(%):  4.023 | logz: -1.6e+05 +/- 1.2e-01 | dlogz: 152293.539 >  0.500
 loglike: -1.6e+05 | params: [ 0.40993087 -1.81504325  4.68434499  1.10479411]
 Average call time: 0.55 sec | Current time: 2019-03-14 13:29:45.092104
 --------------------------
iter: 22 | nc: 1 | ncalls: 523 | bounds: 0 | eff(%):  4.207 | logz: -1.6e+05 +/- 1.2e-01 | dlogz: 152280.697 >  0.500
 loglike: -1.6e+05 | params: [ 0.47405581 -0.86867657  4.75003237  0.28474392]
 Average call time: 0.55 sec | Current time: 2019-03-14 13:29:45.641688
 --------------------------
iter: 23 | nc: 1 | ncalls: 524 | bounds: 0 | eff(%):  4.389 | logz: -1.6e+05 +/- 1.2e-01 | dlogz: 152264.658 >  0.500
 loglike: -1.6e+05 | params: [ 0.31569707 -1.86193719  4.66336971  0.18055138]
 Average call time: 0.56 sec | Current time: 2019-03-14 13:29:46.196996
 --------------------------
iter: 24 | nc: 1 | ncalls: 525 | bounds: 0 | eff(%):  4.571 | logz: -1.6e+05 +/- 1.2e-01 | dlogz: 152255.283 >  0.500
 loglike: -1.6e+05 | params: [ 0.43864246 -0.88243318  4.73220513  1.26240107]
 Average call time: 0.75 sec | Current time: 2019-03-14 13:29:46.944785
 --------------------------
iter: 25 | nc: 1 | ncalls: 526 | bounds: 0 | eff(%):  4.753 | logz: -1.6e+05 +/- 1.2e-01 | dlogz: 152234.443 >  0.500
 loglike: -1.6e+05 | params: [-0.34468715 -1.02566338  4.94496265  3.50455634]
 Average call time: 0.72 sec | Current time: 2019-03-14 13:29:47.664512
 --------------------------
iter: 26 | nc: 1 | ncalls: 527 | bounds: 0 | eff(%):  4.934 | logz: -1.6e+05 +/- 1.2e-01 | dlogz: 152184.521 >  0.500
 loglike: -1.6e+05 | params: [-0.21718764 -1.63730192  4.61405575  1.89876249]
 Average call time: 0.74 sec | Current time: 2019-03-14 13:29:48.401055
 --------------------------
iter: 27 | nc: 1 | ncalls: 528 | bounds: 0 | eff(%):  5.114 | logz: -1.6e+05 +/- 1.2e-01 | dlogz: 152177.547 >  0.500
 loglike: -1.6e+05 | params: [ 0.13720316 -1.75107402  4.6223695   0.56827765]
 Average call time: 0.55 sec | Current time: 2019-03-14 13:29:48.952386
 --------------------------
iter: 28 | nc: 1 | ncalls: 529 | bounds: 0 | eff(%):  5.293 | logz: -1.6e+05 +/- 1.2e-01 | dlogz: 152114.872 >  0.500
 loglike: -1.6e+05 | params: [-0.12805569 -0.75845096  4.70341861  2.19378855]
 Average call time: 0.71 sec | Current time: 2019-03-14 13:29:49.665739
 --------------------------
iter: 29 | nc: 1 | ncalls: 530 | bounds: 0 | eff(%):  5.472 | logz: -1.6e+05 +/- 1.2e-01 | dlogz: 152108.016 >  0.500
 loglike: -1.6e+05 | params: [ 0.46479652 -0.54861278  4.79008643  1.00493118]
 Average call time: 0.73 sec | Current time: 2019-03-14 13:29:50.391835
 --------------------------
iter: 30 | nc: 1 | ncalls: 531 | bounds: 0 | eff(%):  5.650 | logz: -1.6e+05 +/- 1.2e-01 | dlogz: 152101.421 >  0.500
 loglike: -1.6e+05 | params: [-0.07195954 -1.6124331   4.5958083   0.94906367]
 Average call time: 0.59 sec | Current time: 2019-03-14 13:29:50.977606
 --------------------------
iter: 31 | nc: 1 | ncalls: 532 | bounds: 0 | eff(%):  5.827 | logz: -1.6e+05 +/- 1.2e-01 | dlogz: 152044.672 >  0.500
 loglike: -1.6e+05 | params: [ 0.30571579 -1.27358883  4.63002514  0.84588652]
 Average call time: 0.56 sec | Current time: 2019-03-14 13:29:51.537436
 --------------------------
iter: 32 | nc: 1 | ncalls: 533 | bounds: 0 | eff(%):  6.004 | logz: -1.6e+05 +/- 1.2e-01 | dlogz: 152034.007 >  0.500
 loglike: -1.6e+05 | params: [-0.3298777  -0.92242733  4.60939292  0.7336178 ]
 Average call time: 0.55 sec | Current time: 2019-03-14 13:29:52.092339
 --------------------------
iter: 33 | nc: 1 | ncalls: 534 | bounds: 0 | eff(%):  6.180 | logz: -1.6e+05 +/- 1.1e-01 | dlogz: 152009.567 >  0.500
 loglike: -1.6e+05 | params: [ 0.40157012 -1.50722911  4.62212817  1.25899462]
 Average call time: 0.56 sec | Current time: 2019-03-14 13:29:52.654033
 --------------------------
iter: 34 | nc: 1 | ncalls: 535 | bounds: 0 | eff(%):  6.355 | logz: -1.6e+05 +/- 1.2e-01 | dlogz: 152008.359 >  0.500
 loglike: -1.6e+05 | params: [-0.48954642 -1.73969842  4.51741596  1.62024772]
 Average call time: 0.55 sec | Current time: 2019-03-14 13:29:53.202256
 --------------------------
iter: 35 | nc: 1 | ncalls: 536 | bounds: 0 | eff(%):  6.530 | logz: -1.6e+05 +/- 1.2e-01 | dlogz: 151919.399 >  0.500
 loglike: -1.6e+05 | params: [ 0.26803089 -1.70844778  4.58861231  0.24073757]
 Average call time: 0.73 sec | Current time: 2019-03-14 13:29:53.928690
 --------------------------
iter: 36 | nc: 3 | ncalls: 539 | bounds: 0 | eff(%):  6.679 | logz: -1.6e+05 +/- 1.2e-01 | dlogz: 151912.679 >  0.500
 loglike: -1.6e+05 | params: [-0.49610335 -1.72356059  4.78389829  3.46385139]
 Average call time: 0.67 sec | Current time: 2019-03-14 13:29:55.944152
 --------------------------
iter: 37 | nc: 1 | ncalls: 540 | bounds: 0 | eff(%):  6.852 | logz: -1.6e+05 +/- 1.2e-01 | dlogz: 151906.630 >  0.500
 loglike: -1.6e+05 | params: [ 0.2837222  -1.09100322  4.61524479  0.52109521]
 Average call time: 0.71 sec | Current time: 2019-03-14 13:29:56.656967
 --------------------------
iter: 38 | nc: 1 | ncalls: 541 | bounds: 0 | eff(%):  7.024 | logz: -1.6e+05 +/- 1.2e-01 | dlogz: 151896.305 >  0.500
 loglike: -1.6e+05 | params: [ 0.38855826 -1.20602702  4.65497461  2.31811542]
 Average call time: 0.74 sec | Current time: 2019-03-14 13:29:57.393913
 --------------------------
iter: 39 | nc: 1 | ncalls: 542 | bounds: 0 | eff(%):  7.196 | logz: -1.6e+05 +/- 1.2e-01 | dlogz: 151865.315 >  0.500
 loglike: -1.6e+05 | params: [-0.18316388 -1.14785202  4.60738217  2.23724978]
 Average call time: 0.56 sec | Current time: 2019-03-14 13:29:57.954612
 --------------------------
iter: 40 | nc: 1 | ncalls: 543 | bounds: 0 | eff(%):  7.366 | logz: -1.6e+05 +/- 1.2e-01 | dlogz: 151861.902 >  0.500
 loglike: -1.6e+05 | params: [-0.00503265 -0.78518249  4.86369735  3.22366795]
 Average call time: 0.59 sec | Current time: 2019-03-14 13:29:58.548470
 --------------------------
iter: 41 | nc: 1 | ncalls: 544 | bounds: 0 | eff(%):  7.537 | logz: -1.6e+05 +/- 1.2e-01 | dlogz: 151834.532 >  0.500
 loglike: -1.6e+05 | params: [-0.41646611 -1.1021092   4.53819241  0.99795279]
 Average call time: 0.74 sec | Current time: 2019-03-14 13:29:59.293287
 --------------------------
iter: 42 | nc: 1 | ncalls: 545 | bounds: 0 | eff(%):  7.706 | logz: -1.6e+05 +/- 1.2e-01 | dlogz: 151790.537 >  0.500
 loglike: -1.6e+05 | params: [-0.04218835 -0.61939614  4.63720748  1.3378172 ]
 Average call time: 0.72 sec | Current time: 2019-03-14 13:30:00.013041
 --------------------------
iter: 43 | nc: 1 | ncalls: 546 | bounds: 0 | eff(%):  7.875 | logz: -1.6e+05 +/- 1.2e-01 | dlogz: 151682.529 >  0.500
 loglike: -1.6e+05 | params: [ 0.49438203 -1.14941677  4.58468482  0.54673884]
 Average call time: 0.73 sec | Current time: 2019-03-14 13:30:00.742097
 --------------------------
iter: 44 | nc: 1 | ncalls: 547 | bounds: 0 | eff(%):  8.044 | logz: -1.6e+05 +/- 1.2e-01 | dlogz: 151677.273 >  0.500
 loglike: -1.6e+05 | params: [-0.36201699 -1.39578583  4.79389128  3.39849765]
 Average call time: 0.55 sec | Current time: 2019-03-14 13:30:01.296275
 --------------------------
iter: 45 | nc: 1 | ncalls: 548 | bounds: 0 | eff(%):  8.212 | logz: -1.6e+05 +/- 1.2e-01 | dlogz: 151644.443 >  0.500
 loglike: -1.6e+05 | params: [-0.06310683 -1.0817765   4.75459423  3.16610968]
 Average call time: 0.74 sec | Current time: 2019-03-14 13:30:02.032793
 --------------------------
iter: 46 | nc: 1 | ncalls: 549 | bounds: 0 | eff(%):  8.379 | logz: -1.6e+05 +/- 1.2e-01 | dlogz: 151601.956 >  0.500
 loglike: -1.6e+05 | params: [-0.02699706 -1.64871452  4.50146544  0.58272999]
 Average call time: 0.72 sec | Current time: 2019-03-14 13:30:02.756238
 --------------------------
iter: 47 | nc: 1 | ncalls: 550 | bounds: 0 | eff(%):  8.545 | logz: -1.6e+05 +/- 1.2e-01 | dlogz: 151553.479 >  0.500
 loglike: -1.6e+05 | params: [ 0.07265925 -1.8190067   4.99989117  4.9871637 ]
 Average call time: 0.57 sec | Current time: 2019-03-14 13:30:03.324478
 --------------------------
iter: 48 | nc: 1 | ncalls: 551 | bounds: 0 | eff(%):  8.711 | logz: -1.6e+05 +/- 1.2e-01 | dlogz: 151516.653 >  0.500
 loglike: -1.6e+05 | params: [ 0.38803578 -0.57518201  4.61827671  1.92302232]
 Average call time: 0.72 sec | Current time: 2019-03-14 13:30:04.040421
 --------------------------
iter: 49 | nc: 1 | ncalls: 552 | bounds: 0 | eff(%):  8.877 | logz: -1.6e+05 +/- 1.2e-01 | dlogz: 151436.291 >  0.500
 loglike: -1.6e+05 | params: [ 0.10995609 -1.56487727  4.48042398  1.94248278]
 Average call time: 0.56 sec | Current time: 2019-03-14 13:30:04.597171
 --------------------------
iter: 50 | nc: 1 | ncalls: 553 | bounds: 0 | eff(%):  9.042 | logz: -1.6e+05 +/- 1.2e-01 | dlogz: 151419.746 >  0.500
 loglike: -1.6e+05 | params: [ 0.34531443 -1.19818001  4.49771106  1.01156653]
 Average call time: 0.76 sec | Current time: 2019-03-14 13:30:05.360754
 --------------------------
iter: 51 | nc: 1 | ncalls: 554 | bounds: 0 | eff(%):  9.206 | logz: -1.5e+05 +/- 1.2e-01 | dlogz: 151381.388 >  0.500
 loglike: -1.5e+05 | params: [-0.11700894 -1.01286541  4.64364262  2.90609566]
 Average call time: 0.56 sec | Current time: 2019-03-14 13:30:05.918392
 --------------------------
iter: 52 | nc: 1 | ncalls: 555 | bounds: 0 | eff(%):  9.369 | logz: -1.5e+05 +/- 1.2e-01 | dlogz: 151302.341 >  0.500
 loglike: -1.5e+05 | params: [-0.15199121 -1.7261169   4.70538815  3.561988  ]
 Average call time: 0.73 sec | Current time: 2019-03-14 13:30:06.644974
 --------------------------
iter: 53 | nc: 1 | ncalls: 556 | bounds: 0 | eff(%):  9.532 | logz: -1.5e+05 +/- 1.2e-01 | dlogz: 151270.959 >  0.500
 loglike: -1.5e+05 | params: [ 0.14077456 -1.41839007  4.44958357  1.22366659]
 Average call time: 0.55 sec | Current time: 2019-03-14 13:30:07.197884
 --------------------------
iter: 54 | nc: 1 | ncalls: 557 | bounds: 0 | eff(%):  9.695 | logz: -1.5e+05 +/- 1.2e-01 | dlogz: 151267.779 >  0.500
 loglike: -1.5e+05 | params: [-0.48779991 -1.31450228  4.79525583  4.24552097]
 Average call time: 0.73 sec | Current time: 2019-03-14 13:30:07.927894
 --------------------------
iter: 55 | nc: 1 | ncalls: 558 | bounds: 0 | eff(%):  9.857 | logz: -1.5e+05 +/- 1.2e-01 | dlogz: 151255.419 >  0.500
 loglike: -1.5e+05 | params: [ 0.49782993 -1.39832841  4.6500073   2.88877904]
 Average call time: 0.72 sec | Current time: 2019-03-14 13:30:08.649256
 --------------------------
iter: 56 | nc: 1 | ncalls: 559 | bounds: 0 | eff(%): 10.018 | logz: -1.5e+05 +/- 1.2e-01 | dlogz: 151252.203 >  0.500
 loglike: -1.5e+05 | params: [ 0.29052413 -0.5118778   4.87640529  3.98062426]
 Average call time: 0.72 sec | Current time: 2019-03-14 13:30:09.368057
 --------------------------
iter: 57 | nc: 1 | ncalls: 560 | bounds: 0 | eff(%): 10.179 | logz: -1.5e+05 +/- 1.2e-01 | dlogz: 151236.125 >  0.500
 loglike: -1.5e+05 | params: [-0.23220603 -1.9449116   4.41211873  1.73561783]
 Average call time: 0.73 sec | Current time: 2019-03-14 13:30:10.095807
 --------------------------
iter: 58 | nc: 1 | ncalls: 561 | bounds: 0 | eff(%): 10.339 | logz: -1.5e+05 +/- 1.1e-01 | dlogz: 151213.653 >  0.500
 loglike: -1.5e+05 | params: [-0.47946482 -1.07366883  4.41366461  1.24744286]
 Average call time: 0.55 sec | Current time: 2019-03-14 13:30:10.647208
 --------------------------
iter: 59 | nc: 1 | ncalls: 562 | bounds: 0 | eff(%): 10.498 | logz: -1.5e+05 +/- 1.2e-01 | dlogz: 151211.834 >  0.500
 loglike: -1.5e+05 | params: [ 0.35811129 -0.77175431  4.51567048  1.02307816]
 Average call time: 0.55 sec | Current time: 2019-03-14 13:30:11.198304
 --------------------------
iter: 60 | nc: 1 | ncalls: 563 | bounds: 0 | eff(%): 10.657 | logz: -1.5e+05 +/- 1.2e-01 | dlogz: 151206.657 >  0.500
 loglike: -1.5e+05 | params: [-0.32110658 -1.88487092  4.81036081  4.19554182]
 Average call time: 0.60 sec | Current time: 2019-03-14 13:30:11.796052
 --------------------------
iter: 61 | nc: 1 | ncalls: 564 | bounds: 0 | eff(%): 10.816 | logz: -1.5e+05 +/- 1.2e-01 | dlogz: 151187.129 >  0.500
 loglike: -1.5e+05 | params: [ 0.19351252 -1.36818209  4.57504833  2.91786041]
 Average call time: 0.55 sec | Current time: 2019-03-14 13:30:12.344949
 --------------------------
iter: 62 | nc: 1 | ncalls: 565 | bounds: 0 | eff(%): 10.973 | logz: -1.5e+05 +/- 1.2e-01 | dlogz: 151178.815 >  0.500
 loglike: -1.5e+05 | params: [-0.44379237 -1.58271247  4.81013418  4.20819219]
 Average call time: 0.75 sec | Current time: 2019-03-14 13:30:13.090093
 --------------------------
iter: 63 | nc: 1 | ncalls: 566 | bounds: 0 | eff(%): 11.131 | logz: -1.5e+05 +/- 1.2e-01 | dlogz: 151175.699 >  0.500
 loglike: -1.5e+05 | params: [-0.44260855 -0.62788318  4.49201027  0.87912096]
 Average call time: 0.73 sec | Current time: 2019-03-14 13:30:13.821786
 --------------------------
iter: 64 | nc: 1 | ncalls: 567 | bounds: 0 | eff(%): 11.287 | logz: -1.5e+05 +/- 1.2e-01 | dlogz: 151171.030 >  0.500
 loglike: -1.5e+05 | params: [-0.47211279 -1.14004801  4.41692933  2.16051092]
 Average call time: 0.56 sec | Current time: 2019-03-14 13:30:14.378936
 --------------------------
iter: 65 | nc: 1 | ncalls: 568 | bounds: 0 | eff(%): 11.444 | logz: -1.5e+05 +/- 1.2e-01 | dlogz: 151164.495 >  0.500
 loglike: -1.5e+05 | params: [ 0.43742186 -0.86567122  4.85866453  4.31232959]
 Average call time: 0.74 sec | Current time: 2019-03-14 13:30:15.116240
 --------------------------
iter: 66 | nc: 3 | ncalls: 571 | bounds: 0 | eff(%): 11.559 | logz: -1.5e+05 +/- 1.2e-01 | dlogz: 151119.395 >  0.500
 loglike: -1.5e+05 | params: [ 0.11613925 -1.67106324  4.617571    3.27453805]
 Average call time: 0.67 sec | Current time: 2019-03-14 13:30:17.132129
 --------------------------
iter: 67 | nc: 1 | ncalls: 572 | bounds: 0 | eff(%): 11.713 | logz: -1.5e+05 +/- 1.2e-01 | dlogz: 151112.083 >  0.500
 loglike: -1.5e+05 | params: [ 0.39188668 -0.78447015  4.89230362  4.79279891]
 Average call time: 0.56 sec | Current time: 2019-03-14 13:30:17.690921
 --------------------------
iter: 68 | nc: 1 | ncalls: 573 | bounds: 0 | eff(%): 11.867 | logz: -1.5e+05 +/- 1.1e-01 | dlogz: 151071.704 >  0.500
 loglike: -1.5e+05 | params: [-0.23523587 -1.70749432  4.46155246  2.64939248]
 Average call time: 0.73 sec | Current time: 2019-03-14 13:30:18.424157
 --------------------------
iter: 69 | nc: 1 | ncalls: 574 | bounds: 0 | eff(%): 12.021 | logz: -1.5e+05 +/- 1.2e-01 | dlogz: 151070.022 >  0.500
 loglike: -1.5e+05 | params: [-0.04872692 -1.02369287  4.4279155   1.48651803]
 Average call time: 0.74 sec | Current time: 2019-03-14 13:30:19.164259
 --------------------------
iter: 70 | nc: 1 | ncalls: 575 | bounds: 0 | eff(%): 12.174 | logz: -1.5e+05 +/- 1.2e-01 | dlogz: 151043.772 >  0.500
 loglike: -1.5e+05 | params: [-0.03198825 -0.81465839  4.76884657  3.62918287]
 Average call time: 0.59 sec | Current time: 2019-03-14 13:30:19.754218
 --------------------------
iter: 71 | nc: 1 | ncalls: 576 | bounds: 0 | eff(%): 12.326 | logz: -1.5e+05 +/- 1.2e-01 | dlogz: 151027.496 >  0.500
 loglike: -1.5e+05 | params: [ 0.04279073 -1.25759766  4.4038489   1.60900039]
 Average call time: 0.73 sec | Current time: 2019-03-14 13:30:20.482322
 --------------------------
iter: 72 | nc: 1 | ncalls: 577 | bounds: 0 | eff(%): 12.478 | logz: -1.5e+05 +/- 1.2e-01 | dlogz: 151008.561 >  0.500
 loglike: -1.5e+05 | params: [-0.4228646  -0.54200253  4.64850069  3.18912233]
 Average call time: 0.73 sec | Current time: 2019-03-14 13:30:21.216799
 --------------------------
iter: 73 | nc: 2 | ncalls: 579 | bounds: 0 | eff(%): 12.608 | logz: -1.5e+05 +/- 1.2e-01 | dlogz: 150986.135 >  0.500
 loglike: -1.5e+05 | params: [ 0.38989605 -1.74729757  4.65069289  3.54360062]
 Average call time: 0.71 sec | Current time: 2019-03-14 13:30:22.636136
 --------------------------
iter: 74 | nc: 2 | ncalls: 581 | bounds: 0 | eff(%): 12.737 | logz: -1.5e+05 +/- 1.1e-01 | dlogz: 150980.748 >  0.500
 loglike: -1.5e+05 | params: [ 0.03670603 -0.84014193  4.64103074  3.22321809]
 Average call time: 0.73 sec | Current time: 2019-03-14 13:30:24.099973
 --------------------------
iter: 75 | nc: 1 | ncalls: 582 | bounds: 0 | eff(%): 12.887 | logz: -1.5e+05 +/- 1.1e-01 | dlogz: 150979.651 >  0.500
 loglike: -1.5e+05 | params: [ 0.25114125 -0.70149253  4.86264951  4.40986732]
 Average call time: 0.55 sec | Current time: 2019-03-14 13:30:24.654759
 --------------------------
iter: 76 | nc: 1 | ncalls: 583 | bounds: 0 | eff(%): 13.036 | logz: -1.5e+05 +/- 1.1e-01 | dlogz: 150977.973 >  0.500
 loglike: -1.5e+05 | params: [ 0.48265104 -1.735525    4.39993224  0.86079363]
 Average call time: 0.73 sec | Current time: 2019-03-14 13:30:25.385387
 --------------------------
iter: 77 | nc: 1 | ncalls: 584 | bounds: 0 | eff(%): 13.185 | logz: -1.5e+05 +/- 1.2e-01 | dlogz: 150976.697 >  0.500
 loglike: -1.5e+05 | params: [-0.29824431 -0.95255544  4.85658623  4.46082011]
 Average call time: 0.55 sec | Current time: 2019-03-14 13:30:25.936086
 --------------------------
iter: 78 | nc: 2 | ncalls: 586 | bounds: 0 | eff(%): 13.311 | logz: -1.5e+05 +/- 1.2e-01 | dlogz: 150961.329 >  0.500
 loglike: -1.5e+05 | params: [-0.35205672 -1.975261    4.34724987  1.81069588]
 Average call time: 0.73 sec | Current time: 2019-03-14 13:30:27.405367
 --------------------------
iter: 79 | nc: 1 | ncalls: 587 | bounds: 0 | eff(%): 13.458 | logz: -1.5e+05 +/- 1.2e-01 | dlogz: 150949.425 >  0.500
 loglike: -1.5e+05 | params: [ 0.05578639 -1.70361801  4.37180258  0.52933626]
 Average call time: 0.55 sec | Current time: 2019-03-14 13:30:27.953499
 --------------------------
iter: 80 | nc: 1 | ncalls: 588 | bounds: 0 | eff(%): 13.605 | logz: -1.5e+05 +/- 1.2e-01 | dlogz: 150930.826 >  0.500
 loglike: -1.5e+05 | params: [-0.10943921 -0.77647467  4.92093248  4.611009  ]
 Average call time: 0.77 sec | Current time: 2019-03-14 13:30:28.720596
 --------------------------
iter: 81 | nc: 2 | ncalls: 590 | bounds: 0 | eff(%): 13.729 | logz: -1.5e+05 +/- 1.2e-01 | dlogz: 150901.696 >  0.500
 loglike: -1.5e+05 | params: [ 0.28246455 -1.52404338  4.45494136  2.58701983]
 Average call time: 0.64 sec | Current time: 2019-03-14 13:30:30.008742
 --------------------------
iter: 82 | nc: 2 | ncalls: 592 | bounds: 0 | eff(%): 13.851 | logz: -1.5e+05 +/- 1.2e-01 | dlogz: 150843.656 >  0.500
 loglike: -1.5e+05 | params: [ 0.20781964 -1.64781085  4.3558228   1.86377814]
 Average call time: 0.74 sec | Current time: 2019-03-14 13:30:31.492690
 --------------------------
iter: 83 | nc: 1 | ncalls: 593 | bounds: 0 | eff(%): 13.997 | logz: -1.5e+05 +/- 1.1e-01 | dlogz: 150828.948 >  0.500
 loglike: -1.5e+05 | params: [-0.41609487 -1.70638456  4.84255756  4.85171138]
 Average call time: 0.55 sec | Current time: 2019-03-14 13:30:32.038243
 --------------------------
iter: 84 | nc: 1 | ncalls: 594 | bounds: 0 | eff(%): 14.141 | logz: -1.5e+05 +/- 1.2e-01 | dlogz: 150827.712 >  0.500
 loglike: -1.5e+05 | params: [ 0.38923008 -1.92160036  4.3495511   0.81134902]
 Average call time: 0.55 sec | Current time: 2019-03-14 13:30:32.587181
 --------------------------
iter: 85 | nc: 1 | ncalls: 595 | bounds: 0 | eff(%): 14.286 | logz: -1.5e+05 +/- 1.2e-01 | dlogz: 150818.642 >  0.500
 loglike: -1.5e+05 | params: [-0.19331352 -1.91508938  4.81050563  4.52961765]
 Average call time: 0.73 sec | Current time: 2019-03-14 13:30:33.314310
 --------------------------
iter: 86 | nc: 1 | ncalls: 596 | bounds: 0 | eff(%): 14.430 | logz: -1.5e+05 +/- 1.2e-01 | dlogz: 150793.029 >  0.500
 loglike: -1.5e+05 | params: [ 0.33776219 -1.61953573  4.52902439  3.12637765]
 Average call time: 0.76 sec | Current time: 2019-03-14 13:30:34.074483
 --------------------------
iter: 87 | nc: 1 | ncalls: 597 | bounds: 0 | eff(%): 14.573 | logz: -1.5e+05 +/- 1.2e-01 | dlogz: 150779.036 >  0.500
 loglike: -1.5e+05 | params: [-0.12657629 -1.98138953  4.76571001  4.37905274]
 Average call time: 0.55 sec | Current time: 2019-03-14 13:30:34.627461
 --------------------------
iter: 88 | nc: 1 | ncalls: 598 | bounds: 0 | eff(%): 14.716 | logz: -1.5e+05 +/- 1.2e-01 | dlogz: 150730.091 >  0.500
 loglike: -1.5e+05 | params: [-0.38386161 -1.70404628  4.33785637  2.33380668]
 Average call time: 0.74 sec | Current time: 2019-03-14 13:30:35.363995
 --------------------------
iter: 89 | nc: 1 | ncalls: 599 | bounds: 0 | eff(%): 14.858 | logz: -1.5e+05 +/- 1.2e-01 | dlogz: 150715.835 >  0.500
 loglike: -1.5e+05 | params: [-0.05888692 -1.20919312  4.33946183  1.33161595]
 Average call time: 0.55 sec | Current time: 2019-03-14 13:30:35.912286
 --------------------------
iter: 90 | nc: 1 | ncalls: 600 | bounds: 0 | eff(%): 15.000 | logz: -1.5e+05 +/- 1.2e-01 | dlogz: 150675.875 >  0.500
 loglike: -1.5e+05 | params: [ 0.49863076 -1.51203526  4.5507825   3.09631139]
 Average call time: 0.86 sec | Current time: 2019-03-14 13:30:36.769024
 --------------------------
iter: 91 | nc: 3 | ncalls: 603 | bounds: 0 | eff(%): 15.091 | logz: -1.5e+05 +/- 1.2e-01 | dlogz: 150671.448 >  0.500
 loglike: -1.5e+05 | params: [ 0.06661048 -1.22899362  4.60661266  3.62970151]
 Average call time: 0.61 sec | Current time: 2019-03-14 13:30:38.592692
 --------------------------
iter: 92 | nc: 1 | ncalls: 604 | bounds: 0 | eff(%): 15.232 | logz: -1.5e+05 +/- 1.2e-01 | dlogz: 150668.014 >  0.500
 loglike: -1.5e+05 | params: [ 0.21730698 -0.68907506  4.41597512  0.58448057]
 Average call time: 0.55 sec | Current time: 2019-03-14 13:30:39.141752
 --------------------------
iter: 93 | nc: 1 | ncalls: 605 | bounds: 0 | eff(%): 15.372 | logz: -1.5e+05 +/- 1.2e-01 | dlogz: 150648.572 >  0.500
 loglike: -1.5e+05 | params: [ 0.26718709 -0.80236114  4.3892938   0.54388925]
 Average call time: 0.73 sec | Current time: 2019-03-14 13:30:39.868516
 --------------------------
iter: 94 | nc: 1 | ncalls: 606 | bounds: 0 | eff(%): 15.512 | logz: -1.5e+05 +/- 1.2e-01 | dlogz: 150639.998 >  0.500
 loglike: -1.5e+05 | params: [ 0.09275608 -0.59810807  4.57383875  3.15981637]
 Average call time: 0.73 sec | Current time: 2019-03-14 13:30:40.600125
 --------------------------
iter: 95 | nc: 1 | ncalls: 607 | bounds: 0 | eff(%): 15.651 | logz: -1.5e+05 +/- 1.1e-01 | dlogz: 150628.473 >  0.500
 loglike: -1.5e+05 | params: [ 0.09763234 -1.36570105  4.80045826  4.97045787]
 Average call time: 0.55 sec | Current time: 2019-03-14 13:30:41.153599
 --------------------------
iter: 96 | nc: 1 | ncalls: 608 | bounds: 0 | eff(%): 15.789 | logz: -1.5e+05 +/- 1.2e-01 | dlogz: 150626.868 >  0.500
 loglike: -1.5e+05 | params: [-0.46527634 -1.76711064  4.27075842  1.90703389]
 Average call time: 0.73 sec | Current time: 2019-03-14 13:30:41.883233
 --------------------------
iter: 97 | nc: 1 | ncalls: 609 | bounds: 0 | eff(%): 15.928 | logz: -1.5e+05 +/- 1.2e-01 | dlogz: 150622.625 >  0.500
 loglike: -1.5e+05 | params: [ 0.36393011 -0.65184396  4.5510997   3.29905988]
 Average call time: 0.55 sec | Current time: 2019-03-14 13:30:42.436946
 --------------------------
iter: 98 | nc: 1 | ncalls: 610 | bounds: 0 | eff(%): 16.066 | logz: -1.5e+05 +/- 1.2e-01 | dlogz: 150560.868 >  0.500
 loglike: -1.5e+05 | params: [ 0.0124275  -1.78286531  4.63042608  3.71735238]
 Average call time: 0.73 sec | Current time: 2019-03-14 13:30:43.166509
 --------------------------
iter: 99 | nc: 2 | ncalls: 612 | bounds: 0 | eff(%): 16.176 | logz: -1.5e+05 +/- 1.1e-01 | dlogz: 150556.323 >  0.500
 loglike: -1.5e+05 | params: [-0.32326626 -1.4440462   4.27875359  1.60030115]
 Average call time: 0.73 sec | Current time: 2019-03-14 13:30:44.625995
 --------------------------
iter: 100 | nc: 1 | ncalls: 613 | bounds: 0 | eff(%): 16.313 | logz: -1.5e+05 +/- 1.2e-01 | dlogz: 150554.918 >  0.500
 loglike: -1.5e+05 | params: [-0.19115036 -1.44848633  4.28992301  0.98419268]
 Average call time: 0.77 sec | Current time: 2019-03-14 13:30:45.394494
 --------------------------
iter: 101 | nc: 1 | ncalls: 614 | bounds: 0 | eff(%): 16.450 | logz: -1.5e+05 +/- 1.2e-01 | dlogz: 150524.893 >  0.500
 loglike: -1.5e+05 | params: [-0.38598022 -1.15957844  4.30732655  2.23241594]
 Average call time: 0.55 sec | Current time: 2019-03-14 13:30:45.945239
 --------------------------
iter: 102 | nc: 1 | ncalls: 615 | bounds: 0 | eff(%): 16.585 | logz: -1.5e+05 +/- 1.1e-01 | dlogz: 150515.957 >  0.500
 loglike: -1.5e+05 | params: [ 0.13148702 -0.80819764  4.35715554  0.81038889]
 Average call time: 0.73 sec | Current time: 2019-03-14 13:30:46.672543
 --------------------------
iter: 103 | nc: 1 | ncalls: 616 | bounds: 0 | eff(%): 16.721 | logz: -1.5e+05 +/- 1.2e-01 | dlogz: 150514.552 >  0.500
 loglike: -1.5e+05 | params: [ 0.40817385 -1.10807437  4.32050396  1.78608997]
 Average call time: 0.73 sec | Current time: 2019-03-14 13:30:47.399129
 --------------------------
iter: 104 | nc: 1 | ncalls: 617 | bounds: 0 | eff(%): 16.856 | logz: -1.5e+05 +/- 1.2e-01 | dlogz: 150438.153 >  0.500
 loglike: -1.5e+05 | params: [-0.49769806 -1.21746843  4.27571338  2.26172764]
 Average call time: 0.72 sec | Current time: 2019-03-14 13:30:48.117886
 --------------------------
iter: 105 | nc: 1 | ncalls: 618 | bounds: 0 | eff(%): 16.990 | logz: -1.5e+05 +/- 1.2e-01 | dlogz: 150434.565 >  0.500
 loglike: -1.5e+05 | params: [-0.32069587 -0.88320191  4.30107186  0.86708252]
 Average call time: 0.73 sec | Current time: 2019-03-14 13:30:48.846355
 --------------------------
iter: 106 | nc: 1 | ncalls: 619 | bounds: 0 | eff(%): 17.124 | logz: -1.5e+05 +/- 1.2e-01 | dlogz: 150406.542 >  0.500
 loglike: -1.5e+05 | params: [-0.2752137  -1.56522627  4.54694563  3.74641101]
 Average call time: 0.55 sec | Current time: 2019-03-14 13:30:49.400777
 --------------------------
iter: 107 | nc: 1 | ncalls: 620 | bounds: 0 | eff(%): 17.258 | logz: -1.5e+05 +/- 1.2e-01 | dlogz: 150400.109 >  0.500
 loglike: -1.5e+05 | params: [ 0.12277659 -1.25947603  4.5216131   3.58927524]
 Average call time: 0.56 sec | Current time: 2019-03-14 13:30:49.960465
 --------------------------
iter: 108 | nc: 1 | ncalls: 621 | bounds: 0 | eff(%): 17.391 | logz: -1.5e+05 +/- 1.2e-01 | dlogz: 150359.567 >  0.500
 loglike: -1.5e+05 | params: [-0.05469424 -0.53958611  4.39332894  1.49221503]
 Average call time: 0.73 sec | Current time: 2019-03-14 13:30:50.692230
 --------------------------
iter: 109 | nc: 1 | ncalls: 622 | bounds: 0 | eff(%): 17.524 | logz: -1.5e+05 +/- 1.2e-01 | dlogz: 150354.833 >  0.500
 loglike: -1.5e+05 | params: [ 0.34898568 -0.63298408  4.69970335  4.34942028]
 Average call time: 0.56 sec | Current time: 2019-03-14 13:30:51.252158
 --------------------------
iter: 110 | nc: 1 | ncalls: 623 | bounds: 0 | eff(%): 17.657 | logz: -1.5e+05 +/- 1.2e-01 | dlogz: 150331.770 >  0.500
 loglike: -1.5e+05 | params: [ 0.26711663 -0.93782696  4.39060155  2.83302806]
 Average call time: 0.75 sec | Current time: 2019-03-14 13:30:52.003662
 --------------------------
iter: 111 | nc: 1 | ncalls: 624 | bounds: 0 | eff(%): 17.788 | logz: -1.5e+05 +/- 1.2e-01 | dlogz: 150307.240 >  0.500
 loglike: -1.5e+05 | params: [-0.17362275 -1.54116887  4.62387309  4.33708675]
 Average call time: 0.72 sec | Current time: 2019-03-14 13:30:52.724408
 --------------------------
iter: 112 | nc: 1 | ncalls: 625 | bounds: 0 | eff(%): 17.920 | logz: -1.5e+05 +/- 1.1e-01 | dlogz: 150186.993 >  0.500
 loglike: -1.5e+05 | params: [-0.3724771  -1.83070291  4.19124335  1.27293766]
 Average call time: 0.73 sec | Current time: 2019-03-14 13:30:53.456522
 --------------------------
iter: 113 | nc: 1 | ncalls: 626 | bounds: 0 | eff(%): 18.051 | logz: -1.5e+05 +/- 1.2e-01 | dlogz: 150185.794 >  0.500
 loglike: -1.5e+05 | params: [-0.344337   -0.50607074  4.66907326  4.03837206]
 Average call time: 0.56 sec | Current time: 2019-03-14 13:30:54.012124
 --------------------------
iter: 114 | nc: 2 | ncalls: 628 | bounds: 0 | eff(%): 18.153 | logz: -1.5e+05 +/- 1.2e-01 | dlogz: 150154.232 >  0.500
 loglike: -1.5e+05 | params: [-0.41522616 -1.5004963   4.18528603  0.79793333]
 Average call time: 0.64 sec | Current time: 2019-03-14 13:30:55.293226
 --------------------------
iter: 115 | nc: 1 | ncalls: 629 | bounds: 0 | eff(%): 18.283 | logz: -1.5e+05 +/- 1.2e-01 | dlogz: 150116.446 >  0.500
 loglike: -1.5e+05 | params: [-0.41348287 -0.87047926  4.2268679   1.64598116]
 Average call time: 0.73 sec | Current time: 2019-03-14 13:30:56.020399
 --------------------------
iter: 116 | nc: 1 | ncalls: 630 | bounds: 0 | eff(%): 18.413 | logz: -1.5e+05 +/- 1.2e-01 | dlogz: 150110.268 >  0.500
 loglike: -1.5e+05 | params: [-0.36417144 -0.63093996  4.61578318  3.93995487]
 Average call time: 0.73 sec | Current time: 2019-03-14 13:30:56.753720
 --------------------------
iter: 117 | nc: 1 | ncalls: 631 | bounds: 0 | eff(%): 18.542 | logz: -1.5e+05 +/- 1.2e-01 | dlogz: 150077.542 >  0.500
 loglike: -1.5e+05 | params: [-0.40911258 -1.21452871  4.68378509  4.82215875]
 Average call time: 0.75 sec | Current time: 2019-03-14 13:30:57.501382
 --------------------------
iter: 118 | nc: 1 | ncalls: 632 | bounds: 0 | eff(%): 18.671 | logz: -1.5e+05 +/- 1.2e-01 | dlogz: 150061.981 >  0.500
 loglike: -1.5e+05 | params: [-0.22587899 -1.95627268  4.64201867  4.56717259]
 Average call time: 0.55 sec | Current time: 2019-03-14 13:30:58.049003
 --------------------------
iter: 119 | nc: 1 | ncalls: 633 | bounds: 0 | eff(%): 18.799 | logz: -1.5e+05 +/- 1.2e-01 | dlogz: 150041.200 >  0.500
 loglike: -1.5e+05 | params: [ 0.37592701 -0.85352964  4.55515391  4.21584657]
 Average call time: 0.73 sec | Current time: 2019-03-14 13:30:58.774221
 --------------------------
iter: 120 | nc: 1 | ncalls: 634 | bounds: 0 | eff(%): 18.927 | logz: -1.5e+05 +/- 1.2e-01 | dlogz: 150023.653 >  0.500
 loglike: -1.5e+05 | params: [-0.491601   -1.29267658  4.55726633  4.62358052]
 Average call time: 0.76 sec | Current time: 2019-03-14 13:30:59.536644
 --------------------------
iter: 121 | nc: 2 | ncalls: 636 | bounds: 0 | eff(%): 19.025 | logz: -1.5e+05 +/- 1.2e-01 | dlogz: 149996.064 >  0.500
 loglike: -1.5e+05 | params: [-0.38910454 -0.65694593  4.67630341  4.58428884]
 Average call time: 0.73 sec | Current time: 2019-03-14 13:31:00.989598
 --------------------------
iter: 122 | nc: 1 | ncalls: 637 | bounds: 0 | eff(%): 19.152 | logz: -1.5e+05 +/- 1.2e-01 | dlogz: 149992.535 >  0.500
 loglike: -1.5e+05 | params: [ 0.16384735 -1.9310647   4.62666078  4.72045585]
 Average call time: 0.74 sec | Current time: 2019-03-14 13:31:01.727387
 --------------------------
iter: 123 | nc: 1 | ncalls: 638 | bounds: 0 | eff(%): 19.279 | logz: -1.5e+05 +/- 1.2e-01 | dlogz: 149987.182 >  0.500
 loglike: -1.5e+05 | params: [-0.31159851 -1.98858279  4.68901393  4.98800945]
 Average call time: 0.71 sec | Current time: 2019-03-14 13:31:02.437302
 --------------------------
iter: 124 | nc: 1 | ncalls: 639 | bounds: 0 | eff(%): 19.405 | logz: -1.5e+05 +/- 1.2e-01 | dlogz: 149962.197 >  0.500
 loglike: -1.5e+05 | params: [ 0.25971106 -1.69151438  4.52177142  3.89678623]
 Average call time: 0.56 sec | Current time: 2019-03-14 13:31:02.997119
 --------------------------
iter: 125 | nc: 1 | ncalls: 640 | bounds: 0 | eff(%): 19.531 | logz: -1.5e+05 +/- 1.2e-01 | dlogz: 149932.570 >  0.500
 loglike: -1.5e+05 | params: [ 0.36963799 -0.75165956  4.33568914  2.78732223]
 Average call time: 0.72 sec | Current time: 2019-03-14 13:31:03.717704
 --------------------------
iter: 126 | nc: 1 | ncalls: 641 | bounds: 0 | eff(%): 19.657 | logz: -1.5e+05 +/- 1.2e-01 | dlogz: 149905.980 >  0.500
 loglike: -1.5e+05 | params: [-0.20674844 -1.20482476  4.59897656  4.35704036]
 Average call time: 0.55 sec | Current time: 2019-03-14 13:31:04.270020
 --------------------------
iter: 127 | nc: 1 | ncalls: 642 | bounds: 0 | eff(%): 19.782 | logz: -1.5e+05 +/- 1.2e-01 | dlogz: 149890.844 >  0.500
 loglike: -1.5e+05 | params: [-0.06250725 -0.54361201  4.32158289  0.74570471]
 Average call time: 0.55 sec | Current time: 2019-03-14 13:31:04.815261
 --------------------------
iter: 128 | nc: 1 | ncalls: 643 | bounds: 0 | eff(%): 19.907 | logz: -1.5e+05 +/- 1.2e-01 | dlogz: 149812.516 >  0.500
 loglike: -1.5e+05 | params: [ 0.35529903 -0.63322907  4.62969438  4.83060321]
 Average call time: 0.72 sec | Current time: 2019-03-14 13:31:05.533743
 --------------------------
iter: 129 | nc: 1 | ncalls: 644 | bounds: 0 | eff(%): 20.031 | logz: -1.5e+05 +/- 1.2e-01 | dlogz: 149797.704 >  0.500
 loglike: -1.5e+05 | params: [ 0.24043077 -1.15355383  4.23757319  2.33141044]
 Average call time: 0.72 sec | Current time: 2019-03-14 13:31:06.254337
 --------------------------
iter: 130 | nc: 1 | ncalls: 645 | bounds: 0 | eff(%): 20.155 | logz: -1.5e+05 +/- 1.2e-01 | dlogz: 149787.246 >  0.500
 loglike: -1.5e+05 | params: [-0.083783   -0.68362625  4.28231278  2.78575067]
 Average call time: 0.77 sec | Current time: 2019-03-14 13:31:07.023091
 --------------------------
iter: 131 | nc: 1 | ncalls: 646 | bounds: 0 | eff(%): 20.279 | logz: -1.5e+05 +/- 1.2e-01 | dlogz: 149694.949 >  0.500
 loglike: -1.5e+05 | params: [ 0.22665846 -0.64986824  4.3374914   3.03585842]
 Average call time: 0.75 sec | Current time: 2019-03-14 13:31:07.771151
 --------------------------
iter: 132 | nc: 1 | ncalls: 647 | bounds: 0 | eff(%): 20.402 | logz: -1.5e+05 +/- 1.2e-01 | dlogz: 149683.212 >  0.500
 loglike: -1.5e+05 | params: [-0.3760573  -1.82092865  4.21556917  2.9777878 ]
 Average call time: 0.76 sec | Current time: 2019-03-14 13:31:08.534710
 --------------------------
iter: 133 | nc: 1 | ncalls: 648 | bounds: 0 | eff(%): 20.525 | logz: -1.5e+05 +/- 1.2e-01 | dlogz: 149616.320 >  0.500
 loglike: -1.5e+05 | params: [ 0.30900334 -1.07839577  4.41176166  3.9154692 ]
 Average call time: 0.55 sec | Current time: 2019-03-14 13:31:09.085484
 --------------------------
iter: 134 | nc: 1 | ncalls: 649 | bounds: 0 | eff(%): 20.647 | logz: -1.5e+05 +/- 1.2e-01 | dlogz: 149610.062 >  0.500
 loglike: -1.5e+05 | params: [-0.1527205  -1.42474966  4.14984347  2.45567674]
 Average call time: 0.75 sec | Current time: 2019-03-14 13:31:09.839360
 --------------------------
iter: 135 | nc: 1 | ncalls: 650 | bounds: 0 | eff(%): 20.769 | logz: -1.5e+05 +/- 1.2e-01 | dlogz: 149595.750 >  0.500
 loglike: -1.5e+05 | params: [-0.45840498 -1.53372866  4.34686074  3.99799973]
 Average call time: 0.74 sec | Current time: 2019-03-14 13:31:10.581774
 --------------------------
iter: 136 | nc: 2 | ncalls: 652 | bounds: 0 | eff(%): 20.859 | logz: -1.5e+05 +/- 1.2e-01 | dlogz: 149461.518 >  0.500
 loglike: -1.5e+05 | params: [-0.1328023  -1.65133789  4.35515169  3.66085528]
 Average call time: 0.64 sec | Current time: 2019-03-14 13:31:11.853294
 --------------------------
iter: 137 | nc: 1 | ncalls: 653 | bounds: 0 | eff(%): 20.980 | logz: -1.5e+05 +/- 1.2e-01 | dlogz: 149451.899 >  0.500
 loglike: -1.5e+05 | params: [-0.4896042  -0.99016715  4.36977439  4.17079563]
 Average call time: 0.74 sec | Current time: 2019-03-14 13:31:12.591798
 --------------------------
iter: 138 | nc: 1 | ncalls: 654 | bounds: 0 | eff(%): 21.101 | logz: -1.5e+05 +/- 1.2e-01 | dlogz: 149397.826 >  0.500
 loglike: -1.5e+05 | params: [-0.12148316 -1.30836646  4.33562134  3.63016932]
 Average call time: 0.76 sec | Current time: 2019-03-14 13:31:13.347940
 --------------------------
iter: 139 | nc: 2 | ncalls: 656 | bounds: 0 | eff(%): 21.189 | logz: -1.5e+05 +/- 1.2e-01 | dlogz: 149374.785 >  0.500
 loglike: -1.5e+05 | params: [-0.13438091 -0.7975961   4.34820678  3.53664136]
 Average call time: 0.65 sec | Current time: 2019-03-14 13:31:14.644732
 --------------------------
iter: 140 | nc: 1 | ncalls: 657 | bounds: 0 | eff(%): 21.309 | logz: -1.5e+05 +/- 1.2e-01 | dlogz: 149358.264 >  0.500
 loglike: -1.5e+05 | params: [-0.10970985 -1.06606436  4.14934433  2.55421027]
 Average call time: 0.78 sec | Current time: 2019-03-14 13:31:15.424380
 --------------------------
iter: 141 | nc: 1 | ncalls: 658 | bounds: 0 | eff(%): 21.429 | logz: -1.5e+05 +/- 1.2e-01 | dlogz: 149342.963 >  0.500
 loglike: -1.5e+05 | params: [-0.30374085 -1.64264548  4.47353134  4.49277937]
 Average call time: 0.56 sec | Current time: 2019-03-14 13:31:15.988889
 --------------------------
iter: 142 | nc: 1 | ncalls: 659 | bounds: 0 | eff(%): 21.548 | logz: -1.5e+05 +/- 1.2e-01 | dlogz: 149317.066 >  0.500
 loglike: -1.5e+05 | params: [ 0.18391286 -1.90820057  4.22161174  3.39572405]
 Average call time: 0.71 sec | Current time: 2019-03-14 13:31:16.700006
 --------------------------
iter: 143 | nc: 1 | ncalls: 660 | bounds: 0 | eff(%): 21.667 | logz: -1.5e+05 +/- 1.2e-01 | dlogz: 149280.122 >  0.500
 loglike: -1.5e+05 | params: [-0.24434671 -1.83753276  4.32854217  3.93414216]
 Average call time: 0.72 sec | Current time: 2019-03-14 13:31:17.422084
 --------------------------
iter: 144 | nc: 2 | ncalls: 662 | bounds: 0 | eff(%): 21.752 | logz: -1.5e+05 +/- 1.2e-01 | dlogz: 149273.887 >  0.500
 loglike: -1.5e+05 | params: [ 0.29176441 -1.15018801  4.48225171  4.87717535]
 Average call time: 0.55 sec | Current time: 2019-03-14 13:31:18.531505
 --------------------------
iter: 145 | nc: 1 | ncalls: 663 | bounds: 0 | eff(%): 21.870 | logz: -1.5e+05 +/- 1.2e-01 | dlogz: 149246.967 >  0.500
 loglike: -1.5e+05 | params: [-0.40398491 -1.2324181   4.53084933  4.9683639 ]
 Average call time: 0.55 sec | Current time: 2019-03-14 13:31:19.085601
 --------------------------
iter: 146 | nc: 1 | ncalls: 664 | bounds: 0 | eff(%): 21.988 | logz: -1.5e+05 +/- 1.2e-01 | dlogz: 149239.283 >  0.500
 loglike: -1.5e+05 | params: [-0.41580986 -0.7610531   4.14430166  1.29832508]
 Average call time: 0.55 sec | Current time: 2019-03-14 13:31:19.636799
 --------------------------
iter: 147 | nc: 2 | ncalls: 666 | bounds: 0 | eff(%): 22.072 | logz: -1.5e+05 +/- 1.2e-01 | dlogz: 149147.656 >  0.500
 loglike: -1.5e+05 | params: [ 0.14585682 -1.35096419  4.19180126  3.52482932]
 Average call time: 0.75 sec | Current time: 2019-03-14 13:31:21.136433
 --------------------------
iter: 148 | nc: 1 | ncalls: 667 | bounds: 0 | eff(%): 22.189 | logz: -1.5e+05 +/- 1.2e-01 | dlogz: 149066.823 >  0.500
 loglike: -1.5e+05 | params: [ 0.32840894 -0.66283711  4.44292036  4.81036995]
 Average call time: 0.75 sec | Current time: 2019-03-14 13:31:21.889647
 --------------------------
iter: 149 | nc: 2 | ncalls: 669 | bounds: 0 | eff(%): 22.272 | logz: -1.5e+05 +/- 1.2e-01 | dlogz: 149061.072 >  0.500
 loglike: -1.5e+05 | params: [ 0.3798323  -0.50448747  4.35115632  3.65345227]
 Average call time: 0.63 sec | Current time: 2019-03-14 13:31:23.155582
 --------------------------
iter: 150 | nc: 2 | ncalls: 671 | bounds: 0 | eff(%): 22.355 | logz: -1.5e+05 +/- 1.1e-01 | dlogz: 149017.586 >  0.500
 loglike: -1.5e+05 | params: [-0.43518904 -1.54221279  4.08226942  2.98491003]
 Average call time: 0.75 sec | Current time: 2019-03-14 13:31:24.649135
 --------------------------
iter: 151 | nc: 1 | ncalls: 672 | bounds: 0 | eff(%): 22.470 | logz: -1.5e+05 +/- 1.2e-01 | dlogz: 149015.520 >  0.500
 loglike: -1.5e+05 | params: [ 0.104334   -1.84534334  4.40712255  4.73321086]
 Average call time: 0.73 sec | Current time: 2019-03-14 13:31:25.376137
 --------------------------
iter: 152 | nc: 1 | ncalls: 673 | bounds: 0 | eff(%): 22.585 | logz: -1.5e+05 +/- 1.2e-01 | dlogz: 148998.504 >  0.500
 loglike: -1.5e+05 | params: [ 0.29301614 -1.92574831  4.14902203  2.80120241]
 Average call time: 0.72 sec | Current time: 2019-03-14 13:31:26.092083
 --------------------------
iter: 153 | nc: 1 | ncalls: 674 | bounds: 0 | eff(%): 22.700 | logz: -1.5e+05 +/- 1.1e-01 | dlogz: 148966.354 >  0.500
 loglike: -1.5e+05 | params: [ 0.07995282 -0.90893375  4.19120701  2.0795795 ]
 Average call time: 0.72 sec | Current time: 2019-03-14 13:31:26.810360
 --------------------------
iter: 154 | nc: 1 | ncalls: 675 | bounds: 0 | eff(%): 22.815 | logz: -1.5e+05 +/- 1.1e-01 | dlogz: 148964.666 >  0.500
 loglike: -1.5e+05 | params: [ 0.06349918 -1.02836434  4.31572163  4.24451726]
 Average call time: 0.72 sec | Current time: 2019-03-14 13:31:27.532072
 --------------------------
iter: 155 | nc: 1 | ncalls: 676 | bounds: 0 | eff(%): 22.929 | logz: -1.5e+05 +/- 1.2e-01 | dlogz: 148962.974 >  0.500
 loglike: -1.5e+05 | params: [ 0.04170293 -0.82905401  4.46448186  4.77170781]
 Average call time: 0.55 sec | Current time: 2019-03-14 13:31:28.082287
 --------------------------
iter: 156 | nc: 4 | ncalls: 680 | bounds: 0 | eff(%): 22.941 | logz: -1.5e+05 +/- 1.2e-01 | dlogz: 148928.273 >  0.500
 loglike: -1.5e+05 | params: [ 0.12703111 -1.17757278  4.15282467  2.69134644]
 Average call time: 0.68 sec | Current time: 2019-03-14 13:31:30.790565
 --------------------------
iter: 157 | nc: 1 | ncalls: 681 | bounds: 0 | eff(%): 23.054 | logz: -1.5e+05 +/- 1.2e-01 | dlogz: 148925.155 >  0.500
 loglike: -1.5e+05 | params: [-0.39457559 -1.41593576  4.26393875  3.97015892]
 Average call time: 0.72 sec | Current time: 2019-03-14 13:31:31.509012
 --------------------------
iter: 158 | nc: 1 | ncalls: 682 | bounds: 0 | eff(%): 23.167 | logz: -1.5e+05 +/- 1.2e-01 | dlogz: 148886.493 >  0.500
 loglike: -1.5e+05 | params: [-0.40951613 -1.10103633  4.06449457  0.38230438]
 Average call time: 0.73 sec | Current time: 2019-03-14 13:31:32.240962
 --------------------------
iter: 159 | nc: 1 | ncalls: 683 | bounds: 0 | eff(%): 23.280 | logz: -1.5e+05 +/- 1.2e-01 | dlogz: 148881.016 >  0.500
 loglike: -1.5e+05 | params: [-0.43293603 -0.58450611  4.37902397  4.34482303]
 Average call time: 0.56 sec | Current time: 2019-03-14 13:31:32.796523
 --------------------------
iter: 160 | nc: 1 | ncalls: 684 | bounds: 0 | eff(%): 23.392 | logz: -1.5e+05 +/- 1.2e-01 | dlogz: 148755.354 >  0.500
 loglike: -1.5e+05 | params: [-0.43616316 -1.35986871  4.11812456  3.61895253]
 Average call time: 0.59 sec | Current time: 2019-03-14 13:31:33.381499
 --------------------------
iter: 161 | nc: 1 | ncalls: 685 | bounds: 0 | eff(%): 23.504 | logz: -1.5e+05 +/- 1.2e-01 | dlogz: 148722.649 >  0.500
 loglike: -1.5e+05 | params: [ 0.45324089 -0.67191913  4.33785677  0.25585951]
 Average call time: 0.71 sec | Current time: 2019-03-14 13:31:34.095440
 --------------------------
iter: 162 | nc: 1 | ncalls: 686 | bounds: 0 | eff(%): 23.615 | logz: -1.5e+05 +/- 1.2e-01 | dlogz: 148709.127 >  0.500
 loglike: -1.5e+05 | params: [-0.16774682 -1.14899843  4.09894539  0.55048382]
 Average call time: 0.56 sec | Current time: 2019-03-14 13:31:34.651200
 --------------------------
iter: 163 | nc: 1 | ncalls: 687 | bounds: 0 | eff(%): 23.726 | logz: -1.5e+05 +/- 1.2e-01 | dlogz: 148692.931 >  0.500
 loglike: -1.5e+05 | params: [-0.44103687 -1.88131625  3.99271539  2.66439041]
 Average call time: 0.76 sec | Current time: 2019-03-14 13:31:35.409127
 --------------------------
iter: 164 | nc: 1 | ncalls: 688 | bounds: 0 | eff(%): 23.837 | logz: -1.5e+05 +/- 1.2e-01 | dlogz: 148681.215 >  0.500
 loglike: -1.5e+05 | params: [ 0.47991933 -1.33349656  4.42303822  4.85121858]
 Average call time: 0.55 sec | Current time: 2019-03-14 13:31:35.955715
 --------------------------
iter: 165 | nc: 1 | ncalls: 689 | bounds: 0 | eff(%): 23.948 | logz: -1.5e+05 +/- 1.2e-01 | dlogz: 148660.976 >  0.500
 loglike: -1.5e+05 | params: [ 0.23058954 -0.51635537  4.33924328  4.8997201 ]
 Average call time: 0.72 sec | Current time: 2019-03-14 13:31:36.678395
 --------------------------
iter: 166 | nc: 1 | ncalls: 690 | bounds: 0 | eff(%): 24.058 | logz: -1.5e+05 +/- 1.2e-01 | dlogz: 148597.316 >  0.500
 loglike: -1.5e+05 | params: [ 3.08316531e-03 -1.97934733e+00  4.31847986e+00  4.42494183e+00]
 Average call time: 0.73 sec | Current time: 2019-03-14 13:31:37.410736
 --------------------------
iter: 167 | nc: 1 | ncalls: 691 | bounds: 0 | eff(%): 24.168 | logz: -1.5e+05 +/- 1.2e-01 | dlogz: 148590.770 >  0.500
 loglike: -1.5e+05 | params: [ 0.20599757 -1.77524943  4.23819023  4.17193426]
 Average call time: 0.72 sec | Current time: 2019-03-14 13:31:38.130705
 --------------------------
iter: 168 | nc: 2 | ncalls: 693 | bounds: 0 | eff(%): 24.242 | logz: -1.5e+05 +/- 1.2e-01 | dlogz: 148586.493 >  0.500
 loglike: -1.5e+05 | params: [-0.15259578 -1.80714501  4.04388881  2.01728825]
 Average call time: 0.72 sec | Current time: 2019-03-14 13:31:39.575368
 --------------------------
iter: 169 | nc: 2 | ncalls: 695 | bounds: 0 | eff(%): 24.317 | logz: -1.5e+05 +/- 1.2e-01 | dlogz: 148570.066 >  0.500
 loglike: -1.5e+05 | params: [-0.21334894 -1.26142219  4.04573057  2.5988523 ]
 Average call time: 0.73 sec | Current time: 2019-03-14 13:31:41.036231
 --------------------------
iter: 170 | nc: 1 | ncalls: 696 | bounds: 0 | eff(%): 24.425 | logz: -1.5e+05 +/- 1.2e-01 | dlogz: 148547.899 >  0.500
 loglike: -1.5e+05 | params: [-0.13077181 -1.88470331  4.30297348  4.64367719]
 Average call time: 0.77 sec | Current time: 2019-03-14 13:31:41.805132
 --------------------------
iter: 171 | nc: 1 | ncalls: 697 | bounds: 0 | eff(%): 24.534 | logz: -1.5e+05 +/- 1.2e-01 | dlogz: 148474.947 >  0.500
 loglike: -1.5e+05 | params: [-0.1555324  -0.58787839  4.25993906  4.02591741]
 Average call time: 0.55 sec | Current time: 2019-03-14 13:31:42.357978
 --------------------------
iter: 172 | nc: 1 | ncalls: 698 | bounds: 0 | eff(%): 24.642 | logz: -1.5e+05 +/- 1.2e-01 | dlogz: 148444.094 >  0.500
 loglike: -1.5e+05 | params: [-0.39672715 -1.27202645  4.02397152  0.54538473]
 Average call time: 0.55 sec | Current time: 2019-03-14 13:31:42.910763
 --------------------------
iter: 173 | nc: 1 | ncalls: 699 | bounds: 0 | eff(%): 24.750 | logz: -1.5e+05 +/- 1.2e-01 | dlogz: 148284.508 >  0.500
 loglike: -1.5e+05 | params: [-0.25220273 -1.93247504  4.11638488  4.19006318]
 Average call time: 0.72 sec | Current time: 2019-03-14 13:31:43.632546
 --------------------------
iter: 174 | nc: 1 | ncalls: 700 | bounds: 0 | eff(%): 24.857 | logz: -1.5e+05 +/- 1.2e-01 | dlogz: 148173.893 >  0.500
 loglike: -1.5e+05 | params: [ 0.02020046 -1.93706628  4.27241831  4.94291384]
 Average call time: 0.56 sec | Current time: 2019-03-14 13:31:44.195296
 --------------------------
iter: 175 | nc: 2 | ncalls: 702 | bounds: 0 | eff(%): 24.929 | logz: -1.5e+05 +/- 1.2e-01 | dlogz: 148064.030 >  0.500
 loglike: -1.5e+05 | params: [-0.14068494 -1.86799283  4.1887028   4.41714465]
 Average call time: 0.63 sec | Current time: 2019-03-14 13:31:45.458290
 --------------------------
iter: 176 | nc: 1 | ncalls: 703 | bounds: 0 | eff(%): 25.036 | logz: -1.5e+05 +/- 1.1e-01 | dlogz: 148059.504 >  0.500
 loglike: -1.5e+05 | params: [ 0.30214764 -1.78434976  4.11278291  3.55244841]
 Average call time: 0.72 sec | Current time: 2019-03-14 13:31:46.179645
 --------------------------
iter: 177 | nc: 1 | ncalls: 704 | bounds: 0 | eff(%): 25.142 | logz: -1.5e+05 +/- 1.2e-01 | dlogz: 148057.973 >  0.500
 loglike: -1.5e+05 | params: [ 0.14113917 -1.96596813  4.08557089  4.43479381]
 Average call time: 0.55 sec | Current time: 2019-03-14 13:31:46.727371
 --------------------------
iter: 178 | nc: 1 | ncalls: 705 | bounds: 0 | eff(%): 25.248 | logz: -1.5e+05 +/- 1.2e-01 | dlogz: 148027.624 >  0.500
 loglike: -1.5e+05 | params: [-0.36266749 -1.78701791  3.99130387  0.62841366]
 Average call time: 0.55 sec | Current time: 2019-03-14 13:31:47.274842
 --------------------------
iter: 179 | nc: 2 | ncalls: 707 | bounds: 0 | eff(%): 25.318 | logz: -1.5e+05 +/- 1.2e-01 | dlogz: 147975.241 >  0.500
 loglike: -1.5e+05 | params: [ 0.44738726 -0.71444777  2.07811059  0.67767904]
 Average call time: 0.72 sec | Current time: 2019-03-14 13:31:48.712122
 --------------------------
iter: 180 | nc: 1 | ncalls: 708 | bounds: 0 | eff(%): 25.424 | logz: -1.5e+05 +/- 1.2e-01 | dlogz: 147914.655 >  0.500
 loglike: -1.5e+05 | params: [ 0.46879201 -0.96240799  2.06789743  1.14282727]
 Average call time: 0.76 sec | Current time: 2019-03-14 13:31:49.467382
 --------------------------
iter: 181 | nc: 1 | ncalls: 709 | bounds: 0 | eff(%): 25.529 | logz: -1.5e+05 +/- 1.2e-01 | dlogz: 147899.913 >  0.500
 loglike: -1.5e+05 | params: [ 0.47261861 -0.76523774  2.09931086  2.89053564]
 Average call time: 0.72 sec | Current time: 2019-03-14 13:31:50.182706
 --------------------------
iter: 182 | nc: 2 | ncalls: 711 | bounds: 0 | eff(%): 25.598 | logz: -1.5e+05 +/- 1.2e-01 | dlogz: 147875.059 >  0.500
 loglike: -1.5e+05 | params: [ 0.28591104 -0.50289693  2.1581888   0.30912638]
 Average call time: 0.55 sec | Current time: 2019-03-14 13:31:51.283959
 --------------------------
iter: 183 | nc: 1 | ncalls: 712 | bounds: 0 | eff(%): 25.702 | logz: -1.5e+05 +/- 1.2e-01 | dlogz: 147870.813 >  0.500
 loglike: -1.5e+05 | params: [ 0.40351056 -0.5489866   2.20261764  1.65617175]
 Average call time: 0.71 sec | Current time: 2019-03-14 13:31:51.993496
 --------------------------
iter: 184 | nc: 1 | ncalls: 713 | bounds: 0 | eff(%): 25.806 | logz: -1.5e+05 +/- 1.2e-01 | dlogz: 147867.210 >  0.500
 loglike: -1.5e+05 | params: [ 0.39510373 -0.90341511  2.15109386  0.85681659]
 Average call time: 0.55 sec | Current time: 2019-03-14 13:31:52.545003
 --------------------------
iter: 185 | nc: 1 | ncalls: 714 | bounds: 0 | eff(%): 25.910 | logz: -1.5e+05 +/- 1.2e-01 | dlogz: 147853.859 >  0.500
 loglike: -1.5e+05 | params: [ 0.33221231 -0.8353047   2.18349007  1.67984752]
 Average call time: 0.73 sec | Current time: 2019-03-14 13:31:53.271819
 --------------------------
iter: 186 | nc: 2 | ncalls: 716 | bounds: 0 | eff(%): 25.978 | logz: -1.5e+05 +/- 1.2e-01 | dlogz: 147837.029 >  0.500
 loglike: -1.5e+05 | params: [ 0.48236145 -1.80122886  2.18083676  0.43257416]
 Average call time: 0.56 sec | Current time: 2019-03-14 13:31:54.389556
 --------------------------
iter: 187 | nc: 1 | ncalls: 717 | bounds: 0 | eff(%): 26.081 | logz: -1.5e+05 +/- 1.1e-01 | dlogz: 147833.385 >  0.500
 loglike: -1.5e+05 | params: [ 0.45148887 -0.9755318   2.22848764  2.10938192]
 Average call time: 0.73 sec | Current time: 2019-03-14 13:31:55.120831
 --------------------------
iter: 188 | nc: 1 | ncalls: 718 | bounds: 0 | eff(%): 26.184 | logz: -1.5e+05 +/- 1.2e-01 | dlogz: 147831.846 >  0.500
 loglike: -1.5e+05 | params: [ 0.21499388 -0.91386277  2.05602932  1.50048421]
 Average call time: 0.75 sec | Current time: 2019-03-14 13:31:55.866262
 --------------------------
iter: 189 | nc: 1 | ncalls: 719 | bounds: 0 | eff(%): 26.287 | logz: -1.5e+05 +/- 1.1e-01 | dlogz: 147828.580 >  0.500
 loglike: -1.5e+05 | params: [ 0.40373536 -1.79224287  2.00463129  3.10288829]
 Average call time: 0.74 sec | Current time: 2019-03-14 13:31:56.608409
 --------------------------
iter: 190 | nc: 1 | ncalls: 720 | bounds: 0 | eff(%): 26.389 | logz: -1.5e+05 +/- 1.1e-01 | dlogz: 147827.143 >  0.500
 loglike: -1.5e+05 | params: [ 0.22251417 -0.53142945  2.18088201  3.6030973 ]
 Average call time: 0.59 sec | Current time: 2019-03-14 13:31:57.194137
 --------------------------
iter: 191 | nc: 3 | ncalls: 723 | bounds: 0 | eff(%): 26.418 | logz: -1.5e+05 +/- 1.0e-01 | dlogz: 147826.386 >  0.500
 loglike: -1.5e+05 | params: [-0.27584852 -1.79201101  4.17571786  4.87156566]
 Average call time: 0.74 sec | Current time: 2019-03-14 13:31:59.418802
 --------------------------
iter: 192 | nc: 1 | ncalls: 724 | bounds: 0 | eff(%): 26.519 | logz: -1.5e+05 +/- 1.0e-01 | dlogz: 147825.839 >  0.500
 loglike: -1.5e+05 | params: [ 0.46583653 -1.77926465  2.088941    3.01007811]
 Average call time: 0.55 sec | Current time: 2019-03-14 13:31:59.965800
 --------------------------
iter: 193 | nc: 1 | ncalls: 725 | bounds: 0 | eff(%): 26.621 | logz: -1.5e+05 +/- 1.2e-01 | dlogz: 147825.012 >  0.500
 loglike: -1.5e+05 | params: [ 0.30911787 -0.55151441  2.27726649  2.95877892]
 Average call time: 0.71 sec | Current time: 2019-03-14 13:32:00.680740
 --------------------------
iter: 194 | nc: 1 | ncalls: 726 | bounds: 0 | eff(%): 26.722 | logz: -1.5e+05 +/- 1.1e-01 | dlogz: 147820.401 >  0.500
 loglike: -1.5e+05 | params: [ 0.36763282 -1.33223836  2.08756826  0.62527139]
 Average call time: 0.72 sec | Current time: 2019-03-14 13:32:01.402358
 --------------------------
iter: 195 | nc: 1 | ncalls: 727 | bounds: 0 | eff(%): 26.823 | logz: -1.5e+05 +/- 1.2e-01 | dlogz: 147819.221 >  0.500
 loglike: -1.5e+05 | params: [ 0.32273991 -1.6397076   2.02907083  1.2027045 ]
 Average call time: 0.55 sec | Current time: 2019-03-14 13:32:01.949184
 --------------------------
iter: 196 | nc: 3 | ncalls: 730 | bounds: 0 | eff(%): 26.849 | logz: -1.5e+05 +/- 1.2e-01 | dlogz: 147816.653 >  0.500
 loglike: -1.5e+05 | params: [ 0.31479424 -0.5148817   2.24207016  2.91020756]
 Average call time: 0.68 sec | Current time: 2019-03-14 13:32:03.988379
 --------------------------
iter: 197 | nc: 1 | ncalls: 731 | bounds: 0 | eff(%): 26.949 | logz: -1.5e+05 +/- 1.2e-01 | dlogz: 147810.171 >  0.500
 loglike: -1.5e+05 | params: [ 0.41084975 -0.96179487  2.12882897  4.18457581]
 Average call time: 0.55 sec | Current time: 2019-03-14 13:32:04.540289
 --------------------------
iter: 198 | nc: 1 | ncalls: 732 | bounds: 0 | eff(%): 27.049 | logz: -1.5e+05 +/- 1.2e-01 | dlogz: 147795.748 >  0.500
 loglike: -1.5e+05 | params: [ 0.2262467  -0.99017276  2.1151891   1.85756774]
 Average call time: 0.74 sec | Current time: 2019-03-14 13:32:05.280584
 --------------------------
iter: 199 | nc: 1 | ncalls: 733 | bounds: 0 | eff(%): 27.149 | logz: -1.5e+05 +/- 1.2e-01 | dlogz: 147792.990 >  0.500
 loglike: -1.5e+05 | params: [ 0.22478995 -0.92498317  2.1232357   2.2534607 ]
 Average call time: 0.72 sec | Current time: 2019-03-14 13:32:05.996753
 --------------------------
iter: 200 | nc: 1 | ncalls: 734 | bounds: 0 | eff(%): 27.248 | logz: -1.5e+05 +/- 1.2e-01 | dlogz: 147778.847 >  0.500
 loglike: -1.5e+05 | params: [ 0.14920724 -0.827655    2.01601198  3.59075802]
 Average call time: 0.59 sec | Current time: 2019-03-14 13:32:06.587828
 --------------------------
iter: 201 | nc: 1 | ncalls: 735 | bounds: 0 | eff(%): 27.347 | logz: -1.5e+05 +/- 1.2e-01 | dlogz: 147765.527 >  0.500
 loglike: -1.5e+05 | params: [ 0.43046926 -1.98396237  2.27924684  0.75703827]
 Average call time: 0.76 sec | Current time: 2019-03-14 13:32:07.346663
 --------------------------
iter: 202 | nc: 1 | ncalls: 736 | bounds: 0 | eff(%): 27.446 | logz: -1.5e+05 +/- 1.2e-01 | dlogz: 147762.178 >  0.500
 loglike: -1.5e+05 | params: [ 0.42486895 -0.94052126  2.17636436  4.42979285]
 Average call time: 0.55 sec | Current time: 2019-03-14 13:32:07.897545
 --------------------------
iter: 203 | nc: 1 | ncalls: 737 | bounds: 0 | eff(%): 27.544 | logz: -1.5e+05 +/- 1.1e-01 | dlogz: 147751.793 >  0.500
 loglike: -1.5e+05 | params: [ 0.35977314 -1.9525842   2.20040973  2.41792087]
 Average call time: 0.74 sec | Current time: 2019-03-14 13:32:08.637152
 --------------------------
iter: 204 | nc: 1 | ncalls: 738 | bounds: 0 | eff(%): 27.642 | logz: -1.5e+05 +/- 1.2e-01 | dlogz: 147750.607 >  0.500
 loglike: -1.5e+05 | params: [ 0.14338242 -1.33096177  2.04026313  1.98600018]
 Average call time: 0.74 sec | Current time: 2019-03-14 13:32:09.375647
 --------------------------
iter: 205 | nc: 3 | ncalls: 741 | bounds: 0 | eff(%): 27.665 | logz: -1.5e+05 +/- 1.2e-01 | dlogz: 147743.549 >  0.500
 loglike: -1.5e+05 | params: [ 0.3893432  -0.6227872   2.45715482  0.68302653]
 Average call time: 0.66 sec | Current time: 2019-03-14 13:32:11.362672
 --------------------------
iter: 206 | nc: 2 | ncalls: 743 | bounds: 0 | eff(%): 27.725 | logz: -1.5e+05 +/- 1.1e-01 | dlogz: 147740.958 >  0.500
 loglike: -1.5e+05 | params: [ 0.35427585 -1.36650727  2.26534733  0.37780554]
 Average call time: 0.72 sec | Current time: 2019-03-14 13:32:12.803316
 --------------------------
iter: 207 | nc: 1 | ncalls: 744 | bounds: 0 | eff(%): 27.823 | logz: -1.5e+05 +/- 1.1e-01 | dlogz: 147739.425 >  0.500
 loglike: -1.5e+05 | params: [-0.26856387 -0.51356763  2.01799369  1.74272756]
 Average call time: 0.72 sec | Current time: 2019-03-14 13:32:13.525355
 --------------------------
iter: 208 | nc: 2 | ncalls: 746 | bounds: 0 | eff(%): 27.882 | logz: -1.5e+05 +/- 1.2e-01 | dlogz: 147738.194 >  0.500
 loglike: -1.5e+05 | params: [ 0.40468212 -1.20432487  2.23976078  3.16088526]
 Average call time: 0.74 sec | Current time: 2019-03-14 13:32:14.998682
 --------------------------
iter: 209 | nc: 1 | ncalls: 747 | bounds: 0 | eff(%): 27.979 | logz: -1.5e+05 +/- 1.2e-01 | dlogz: 147732.257 >  0.500
 loglike: -1.5e+05 | params: [ 0.05346367 -0.84785476  2.13152864  1.70627987]
 Average call time: 0.75 sec | Current time: 2019-03-14 13:32:15.744205
 --------------------------
iter: 210 | nc: 1 | ncalls: 748 | bounds: 0 | eff(%): 28.075 | logz: -1.5e+05 +/- 1.2e-01 | dlogz: 147725.768 >  0.500
 loglike: -1.5e+05 | params: [ 0.48010896 -1.3152384   2.16760647  4.43490014]
 Average call time: 0.59 sec | Current time: 2019-03-14 13:32:16.329821
 --------------------------
iter: 211 | nc: 1 | ncalls: 749 | bounds: 0 | eff(%): 28.171 | logz: -1.5e+05 +/- 1.2e-01 | dlogz: 147723.119 >  0.500
 loglike: -1.5e+05 | params: [ 0.31015017 -1.78798543  2.24348464  1.85199918]
 Average call time: 0.72 sec | Current time: 2019-03-14 13:32:17.049467
 --------------------------
iter: 212 | nc: 3 | ncalls: 752 | bounds: 0 | eff(%): 28.191 | logz: -1.5e+05 +/- 1.1e-01 | dlogz: 147718.635 >  0.500
 loglike: -1.5e+05 | params: [ 0.48261972 -1.55988622  2.16909147  4.67924981]
 Average call time: 0.68 sec | Current time: 2019-03-14 13:32:19.078709
 --------------------------
iter: 213 | nc: 1 | ncalls: 753 | bounds: 0 | eff(%): 28.287 | logz: -1.5e+05 +/- 1.2e-01 | dlogz: 147717.542 >  0.500
 loglike: -1.5e+05 | params: [ 0.31624511 -0.70082653  2.39335953  1.0467753 ]
 Average call time: 0.72 sec | Current time: 2019-03-14 13:32:19.802858
 --------------------------
iter: 214 | nc: 1 | ncalls: 754 | bounds: 0 | eff(%): 28.382 | logz: -1.5e+05 +/- 1.1e-01 | dlogz: 147712.146 >  0.500
 loglike: -1.5e+05 | params: [ 0.32074894 -1.49021489  2.13588249  4.21948878]
 Average call time: 0.74 sec | Current time: 2019-03-14 13:32:20.544073
 --------------------------
iter: 215 | nc: 2 | ncalls: 756 | bounds: 0 | eff(%): 28.439 | logz: -1.5e+05 +/- 1.2e-01 | dlogz: 147710.959 >  0.500
 loglike: -1.5e+05 | params: [ 0.3683165  -1.50573098  2.16064354  3.99081525]
 Average call time: 0.63 sec | Current time: 2019-03-14 13:32:21.804679
 --------------------------
iter: 216 | nc: 1 | ncalls: 757 | bounds: 0 | eff(%): 28.534 | logz: -1.5e+05 +/- 1.2e-01 | dlogz: 147706.343 >  0.500
 loglike: -1.5e+05 | params: [ 0.4389873  -1.71064788  4.13853207  3.51990504]
 Average call time: 0.72 sec | Current time: 2019-03-14 13:32:22.524100
 --------------------------
iter: 217 | nc: 1 | ncalls: 758 | bounds: 0 | eff(%): 28.628 | logz: -1.5e+05 +/- 1.2e-01 | dlogz: 147700.132 >  0.500
 loglike: -1.5e+05 | params: [ 0.3570225  -1.77868679  2.30923312  0.62110889]
 Average call time: 0.55 sec | Current time: 2019-03-14 13:32:23.073148
 --------------------------
iter: 218 | nc: 1 | ncalls: 759 | bounds: 0 | eff(%): 28.722 | logz: -1.5e+05 +/- 1.2e-01 | dlogz: 147697.504 >  0.500
 loglike: -1.5e+05 | params: [ 0.43282699 -0.76078241  2.43632958  3.27031769]
 Average call time: 0.55 sec | Current time: 2019-03-14 13:32:23.618384
 --------------------------
iter: 219 | nc: 1 | ncalls: 760 | bounds: 0 | eff(%): 28.816 | logz: -1.5e+05 +/- 1.2e-01 | dlogz: 147681.655 >  0.500
 loglike: -1.5e+05 | params: [ 0.36770668 -1.23905269  2.38490411  0.65427698]
 Average call time: 0.72 sec | Current time: 2019-03-14 13:32:24.338955
 --------------------------
iter: 220 | nc: 2 | ncalls: 762 | bounds: 0 | eff(%): 28.871 | logz: -1.5e+05 +/- 1.2e-01 | dlogz: 147667.760 >  0.500
 loglike: -1.5e+05 | params: [ 0.01931142 -1.64154358  4.18863467  4.98076861]
 Average call time: 0.74 sec | Current time: 2019-03-14 13:32:25.821857
 --------------------------
iter: 221 | nc: 1 | ncalls: 763 | bounds: 0 | eff(%): 28.965 | logz: -1.5e+05 +/- 1.1e-01 | dlogz: 147661.514 >  0.500
 loglike: -1.5e+05 | params: [ 0.04709055 -1.18288746  2.02644583  3.13654538]
 Average call time: 0.72 sec | Current time: 2019-03-14 13:32:26.545107
 --------------------------
iter: 222 | nc: 1 | ncalls: 764 | bounds: 0 | eff(%): 29.058 | logz: -1.5e+05 +/- 1.1e-01 | dlogz: 147659.512 >  0.500
 loglike: -1.5e+05 | params: [ 0.41296919 -1.8445216   2.38047143  0.11996464]
 Average call time: 0.72 sec | Current time: 2019-03-14 13:32:27.265106
 --------------------------
iter: 223 | nc: 1 | ncalls: 765 | bounds: 0 | eff(%): 29.150 | logz: -1.5e+05 +/- 1.2e-01 | dlogz: 147658.337 >  0.500
 loglike: -1.5e+05 | params: [-0.08324646 -1.19622251  2.01862555  1.57314436]
 Average call time: 0.72 sec | Current time: 2019-03-14 13:32:27.984712
 --------------------------
iter: 224 | nc: 1 | ncalls: 766 | bounds: 0 | eff(%): 29.243 | logz: -1.5e+05 +/- 1.1e-01 | dlogz: 147655.053 >  0.500
 loglike: -1.5e+05 | params: [ 0.1971494  -1.38559319  2.01714525  4.77467038]
 Average call time: 0.72 sec | Current time: 2019-03-14 13:32:28.704967
 --------------------------
iter: 225 | nc: 1 | ncalls: 767 | bounds: 0 | eff(%): 29.335 | logz: -1.5e+05 +/- 1.2e-01 | dlogz: 147653.881 >  0.500
 loglike: -1.5e+05 | params: [ 0.25216225 -1.92429415  2.24800555  0.28905886]
 Average call time: 0.75 sec | Current time: 2019-03-14 13:32:29.452594
 --------------------------
iter: 226 | nc: 1 | ncalls: 768 | bounds: 0 | eff(%): 29.427 | logz: -1.5e+05 +/- 1.2e-01 | dlogz: 147650.198 >  0.500
 loglike: -1.5e+05 | params: [ 0.40212882 -1.64518118  2.38575278  1.65759136]
 Average call time: 0.76 sec | Current time: 2019-03-14 13:32:30.216515
 --------------------------
iter: 227 | nc: 1 | ncalls: 769 | bounds: 0 | eff(%): 29.519 | logz: -1.5e+05 +/- 1.2e-01 | dlogz: 147647.645 >  0.500
 loglike: -1.5e+05 | params: [ 0.10872569 -0.96003079  2.2333587   2.07999934]
 Average call time: 0.56 sec | Current time: 2019-03-14 13:32:30.774887
 --------------------------
iter: 228 | nc: 1 | ncalls: 770 | bounds: 0 | eff(%): 29.610 | logz: -1.5e+05 +/- 1.2e-01 | dlogz: 147644.422 >  0.500
 loglike: -1.5e+05 | params: [ 0.42264349 -1.77391903  2.39294855  1.97126138]
 Average call time: 0.72 sec | Current time: 2019-03-14 13:32:31.498715
 --------------------------
iter: 229 | nc: 2 | ncalls: 772 | bounds: 0 | eff(%): 29.663 | logz: -1.5e+05 +/- 1.1e-01 | dlogz: 147641.730 >  0.500
 loglike: -1.5e+05 | params: [ 0.27293597 -0.75177239  2.20041876  4.72517715]
 Average call time: 0.73 sec | Current time: 2019-03-14 13:32:32.963307
 --------------------------
iter: 230 | nc: 1 | ncalls: 773 | bounds: 0 | eff(%): 29.754 | logz: -1.5e+05 +/- 1.1e-01 | dlogz: 147640.320 >  0.500
 loglike: -1.5e+05 | params: [-0.07733515 -1.21866032  2.02686232  2.20860423]
 Average call time: 0.74 sec | Current time: 2019-03-14 13:32:33.704906
 --------------------------
iter: 231 | nc: 1 | ncalls: 774 | bounds: 0 | eff(%): 29.845 | logz: -1.5e+05 +/- 1.2e-01 | dlogz: 147639.296 >  0.500
 loglike: -1.5e+05 | params: [ 0.46126411 -1.37334534  2.39007541  3.28986607]
 Average call time: 0.55 sec | Current time: 2019-03-14 13:32:34.255937
 --------------------------
iter: 232 | nc: 1 | ncalls: 775 | bounds: 0 | eff(%): 29.935 | logz: -1.5e+05 +/- 1.1e-01 | dlogz: 147627.346 >  0.500
 loglike: -1.5e+05 | params: [ 0.04444855 -0.93182339  2.17307819  2.30715633]
 Average call time: 0.72 sec | Current time: 2019-03-14 13:32:34.978198
 --------------------------
iter: 233 | nc: 2 | ncalls: 777 | bounds: 0 | eff(%): 29.987 | logz: -1.5e+05 +/- 1.1e-01 | dlogz: 147626.054 >  0.500
 loglike: -1.5e+05 | params: [ 0.36814871 -0.99075768  2.26241484  4.4461331 ]
 Average call time: 0.55 sec | Current time: 2019-03-14 13:32:36.074050
 --------------------------
iter: 234 | nc: 1 | ncalls: 778 | bounds: 0 | eff(%): 30.077 | logz: -1.5e+05 +/- 1.1e-01 | dlogz: 147624.673 >  0.500
 loglike: -1.5e+05 | params: [ 0.16511642 -1.13658883  2.23811601  0.30737788]
 Average call time: 0.73 sec | Current time: 2019-03-14 13:32:36.805321
 --------------------------
iter: 235 | nc: 1 | ncalls: 779 | bounds: 0 | eff(%): 30.167 | logz: -1.5e+05 +/- 1.2e-01 | dlogz: 147623.220 >  0.500
 loglike: -1.5e+05 | params: [ 0.03548188 -1.332803    2.06633353  3.06934287]
 Average call time: 0.75 sec | Current time: 2019-03-14 13:32:37.553222
 --------------------------
iter: 236 | nc: 2 | ncalls: 781 | bounds: 0 | eff(%): 30.218 | logz: -1.5e+05 +/- 1.2e-01 | dlogz: 147620.705 >  0.500
 loglike: -1.5e+05 | params: [ 0.03687819 -0.7711969   2.17134691  3.38016654]
 Average call time: 0.64 sec | Current time: 2019-03-14 13:32:38.840959
 --------------------------
iter: 237 | nc: 1 | ncalls: 782 | bounds: 0 | eff(%): 30.307 | logz: -1.5e+05 +/- 1.1e-01 | dlogz: 147613.122 >  0.500
 loglike: -1.5e+05 | params: [-0.12930115 -0.66936737  2.13698458  2.74859309]
 Average call time: 0.71 sec | Current time: 2019-03-14 13:32:39.553716
 --------------------------
iter: 238 | nc: 1 | ncalls: 783 | bounds: 0 | eff(%): 30.396 | logz: -1.5e+05 +/- 1.1e-01 | dlogz: 147611.743 >  0.500
 loglike: -1.5e+05 | params: [-0.09500378 -0.50052561  2.32571003  1.70418308]
 Average call time: 0.72 sec | Current time: 2019-03-14 13:32:40.277745
 --------------------------
iter: 239 | nc: 1 | ncalls: 784 | bounds: 0 | eff(%): 30.485 | logz: -1.5e+05 +/- 1.1e-01 | dlogz: 147611.034 >  0.500
 loglike: -1.5e+05 | params: [ 0.1870566  -0.9391207   2.33253947  1.41198846]
 Average call time: 0.55 sec | Current time: 2019-03-14 13:32:40.829490
 --------------------------
iter: 240 | nc: 1 | ncalls: 785 | bounds: 0 | eff(%): 30.573 | logz: -1.5e+05 +/- 1.2e-01 | dlogz: 147610.147 >  0.500
 loglike: -1.5e+05 | params: [ 0.09462478 -1.20003476  2.12997219  2.85102209]
 Average call time: 0.67 sec | Current time: 2019-03-14 13:32:41.503246
 --------------------------
iter: 241 | nc: 1 | ncalls: 786 | bounds: 0 | eff(%): 30.662 | logz: -1.5e+05 +/- 1.2e-01 | dlogz: 147604.415 >  0.500
 loglike: -1.5e+05 | params: [ 0.05976169 -0.74336877  2.1683407   4.48510837]
 Average call time: 0.56 sec | Current time: 2019-03-14 13:32:42.063940
 --------------------------
iter: 242 | nc: 1 | ncalls: 787 | bounds: 0 | eff(%): 30.750 | logz: -1.5e+05 +/- 1.1e-01 | dlogz: 147593.342 >  0.500
 loglike: -1.5e+05 | params: [-0.09457369 -0.65101372  2.25435034  0.98756776]
 Average call time: 0.55 sec | Current time: 2019-03-14 13:32:42.615342
 --------------------------
iter: 243 | nc: 1 | ncalls: 788 | bounds: 0 | eff(%): 30.838 | logz: -1.5e+05 +/- 1.2e-01 | dlogz: 147592.124 >  0.500
 loglike: -1.5e+05 | params: [-0.0432781  -1.12683373  2.20324485  0.12915756]
 Average call time: 0.74 sec | Current time: 2019-03-14 13:32:43.351006
 --------------------------
iter: 244 | nc: 1 | ncalls: 789 | bounds: 0 | eff(%): 30.925 | logz: -1.5e+05 +/- 1.2e-01 | dlogz: 147589.646 >  0.500
 loglike: -1.5e+05 | params: [-0.05359311 -1.53975433  2.05185536  1.53828152]
 Average call time: 0.74 sec | Current time: 2019-03-14 13:32:44.089706
 --------------------------
iter: 245 | nc: 1 | ncalls: 790 | bounds: 0 | eff(%): 31.013 | logz: -1.5e+05 +/- 1.2e-01 | dlogz: 147578.167 >  0.500
 loglike: -1.5e+05 | params: [-0.25178295 -0.80047859  2.0566467   2.45372181]
 Average call time: 0.73 sec | Current time: 2019-03-14 13:32:44.824362
 --------------------------
iter: 246 | nc: 2 | ncalls: 792 | bounds: 0 | eff(%): 31.061 | logz: -1.5e+05 +/- 1.2e-01 | dlogz: 147575.776 >  0.500
 loglike: -1.5e+05 | params: [ 0.04783884 -0.90464814  2.08395286  4.33159726]
 Average call time: 0.72 sec | Current time: 2019-03-14 13:32:46.257943
 --------------------------
iter: 247 | nc: 1 | ncalls: 793 | bounds: 0 | eff(%): 31.148 | logz: -1.5e+05 +/- 1.2e-01 | dlogz: 147568.249 >  0.500
 loglike: -1.5e+05 | params: [ 0.35224961 -0.52167663  2.65264943  0.31966846]
 Average call time: 0.73 sec | Current time: 2019-03-14 13:32:46.986323
 --------------------------
iter: 248 | nc: 2 | ncalls: 795 | bounds: 0 | eff(%): 31.195 | logz: -1.5e+05 +/- 1.2e-01 | dlogz: 147556.478 >  0.500
 loglike: -1.5e+05 | params: [ 0.03578755 -1.5927996   2.10329262  3.17271939]
 Average call time: 0.64 sec | Current time: 2019-03-14 13:32:48.269343
 --------------------------
iter: 249 | nc: 2 | ncalls: 797 | bounds: 0 | eff(%): 31.242 | logz: -1.5e+05 +/- 1.2e-01 | dlogz: 147548.079 >  0.500
 loglike: -1.5e+05 | params: [ 0.43526291 -0.78435965  2.56502924  2.97785929]
 Average call time: 0.63 sec | Current time: 2019-03-14 13:32:49.536797
 --------------------------
iter: 250 | nc: 3 | ncalls: 800 | bounds: 0 | eff(%): 31.250 | logz: -1.5e+05 +/- 1.1e-01 | dlogz: 147545.230 >  0.500
 loglike: -1.5e+05 | params: [ 0.15438396 -1.78697342  2.26011473  2.08236993]
 Average call time: 0.67 sec | Current time: 2019-03-14 13:32:51.549996
 --------------------------
iter: 251 | nc: 1 | ncalls: 801 | bounds: 0 | eff(%): 31.336 | logz: -1.5e+05 +/- 1.2e-01 | dlogz: 147544.176 >  0.500
 loglike: -1.5e+05 | params: [-0.28805954 -1.50992919  2.00012926  1.40733298]
 Average call time: 0.72 sec | Current time: 2019-03-14 13:32:52.272711
 --------------------------
iter: 252 | nc: 2 | ncalls: 803 | bounds: 0 | eff(%): 31.382 | logz: -1.5e+05 +/- 1.2e-01 | dlogz: 147540.471 >  0.500
 loglike: -1.5e+05 | params: [-0.03663131 -0.94499438  2.19812268  3.37815595]
 Average call time: 0.65 sec | Current time: 2019-03-14 13:32:53.568942
 --------------------------
iter: 253 | nc: 2 | ncalls: 805 | bounds: 0 | eff(%): 31.429 | logz: -1.5e+05 +/- 1.2e-01 | dlogz: 147537.657 >  0.500
 loglike: -1.5e+05 | params: [ 0.4720607  -1.58835759  2.56234908  1.15298615]
 Average call time: 0.64 sec | Current time: 2019-03-14 13:32:54.854290
 --------------------------
iter: 254 | nc: 1 | ncalls: 806 | bounds: 0 | eff(%): 31.514 | logz: -1.5e+05 +/- 1.2e-01 | dlogz: 147531.984 >  0.500
 loglike: -1.5e+05 | params: [-0.34304801 -0.83638935  2.10098473  0.15369672]
 Average call time: 0.73 sec | Current time: 2019-03-14 13:32:55.589055
 --------------------------
iter: 255 | nc: 1 | ncalls: 807 | bounds: 0 | eff(%): 31.599 | logz: -1.5e+05 +/- 1.2e-01 | dlogz: 147524.582 >  0.500
 loglike: -1.5e+05 | params: [ 0.24967785 -1.91756991  2.23459467  3.96776857]
 Average call time: 0.55 sec | Current time: 2019-03-14 13:32:56.143328
 --------------------------
iter: 256 | nc: 1 | ncalls: 808 | bounds: 0 | eff(%): 31.683 | logz: -1.5e+05 +/- 1.2e-01 | dlogz: 147517.795 >  0.500
 loglike: -1.5e+05 | params: [ 0.01348689 -0.78940056  2.29689893  2.41540547]
 Average call time: 0.74 sec | Current time: 2019-03-14 13:32:56.883953
 --------------------------
iter: 257 | nc: 1 | ncalls: 809 | bounds: 0 | eff(%): 31.768 | logz: -1.5e+05 +/- 1.2e-01 | dlogz: 147509.245 >  0.500
 loglike: -1.5e+05 | params: [ 0.12836007 -1.41783823  2.1420916   4.23783894]
 Average call time: 0.74 sec | Current time: 2019-03-14 13:32:57.619444
 --------------------------
iter: 258 | nc: 3 | ncalls: 812 | bounds: 0 | eff(%): 31.773 | logz: -1.5e+05 +/- 1.1e-01 | dlogz: 147505.583 >  0.500
 loglike: -1.5e+05 | params: [ 0.26197389 -1.36218623  2.41668033  1.15931289]
 Average call time: 0.73 sec | Current time: 2019-03-14 13:32:59.806328
 --------------------------
iter: 259 | nc: 1 | ncalls: 813 | bounds: 0 | eff(%): 31.857 | logz: -1.5e+05 +/- 1.1e-01 | dlogz: 147504.178 >  0.500
 loglike: -1.5e+05 | params: [-0.0712171  -1.8658355   2.11511137  1.45144949]
 Average call time: 0.56 sec | Current time: 2019-03-14 13:33:00.366152
 --------------------------
iter: 260 | nc: 1 | ncalls: 814 | bounds: 0 | eff(%): 31.941 | logz: -1.5e+05 +/- 1.2e-01 | dlogz: 147503.334 >  0.500
 loglike: -1.5e+05 | params: [ 0.48436901 -1.07656661  2.46414898  4.17420038]
 Average call time: 0.79 sec | Current time: 2019-03-14 13:33:01.159465
 --------------------------
iter: 261 | nc: 3 | ncalls: 817 | bounds: 0 | eff(%): 31.946 | logz: -1.5e+05 +/- 1.2e-01 | dlogz: 147495.648 >  0.500
 loglike: -1.5e+05 | params: [ 0.02158021 -1.84598465  2.15717762  1.71006323]
 Average call time: 0.73 sec | Current time: 2019-03-14 13:33:03.353507
 --------------------------
iter: 262 | nc: 1 | ncalls: 818 | bounds: 0 | eff(%): 32.029 | logz: -1.5e+05 +/- 1.2e-01 | dlogz: 147487.490 >  0.500
 loglike: -1.5e+05 | params: [-0.12667962 -0.75697043  2.27071861  0.41361577]
 Average call time: 0.73 sec | Current time: 2019-03-14 13:33:04.078778
 --------------------------
iter: 263 | nc: 1 | ncalls: 819 | bounds: 0 | eff(%): 32.112 | logz: -1.5e+05 +/- 1.2e-01 | dlogz: 147478.619 >  0.500
 loglike: -1.5e+05 | params: [-0.18011633 -0.93635099  2.02689433  3.57155012]
 Average call time: 0.72 sec | Current time: 2019-03-14 13:33:04.800547
 --------------------------
iter: 264 | nc: 1 | ncalls: 820 | bounds: 0 | eff(%): 32.195 | logz: -1.5e+05 +/- 1.2e-01 | dlogz: 147474.342 >  0.500
 loglike: -1.5e+05 | params: [ 0.31761517 -1.79444636  2.45905894  1.86028432]
 Average call time: 0.55 sec | Current time: 2019-03-14 13:33:05.354950
 --------------------------
iter: 265 | nc: 1 | ncalls: 821 | bounds: 0 | eff(%): 32.278 | logz: -1.5e+05 +/- 1.2e-01 | dlogz: 147466.940 >  0.500
 loglike: -1.5e+05 | params: [-0.05640271 -0.78497831  2.31160074  1.22692522]
 Average call time: 0.55 sec | Current time: 2019-03-14 13:33:05.903868
 --------------------------
iter: 266 | nc: 1 | ncalls: 822 | bounds: 0 | eff(%): 32.360 | logz: -1.5e+05 +/- 1.2e-01 | dlogz: 147462.693 >  0.500
 loglike: -1.5e+05 | params: [-0.36182474 -0.99136571  2.11793438  2.21570495]
 Average call time: 0.73 sec | Current time: 2019-03-14 13:33:06.634302
 --------------------------
iter: 267 | nc: 1 | ncalls: 823 | bounds: 0 | eff(%): 32.442 | logz: -1.5e+05 +/- 1.2e-01 | dlogz: 147449.671 >  0.500
 loglike: -1.5e+05 | params: [ 0.35389857 -1.56940636  2.51920168  0.75670391]
 Average call time: 0.72 sec | Current time: 2019-03-14 13:33:07.358852
 --------------------------
iter: 268 | nc: 1 | ncalls: 824 | bounds: 0 | eff(%): 32.524 | logz: -1.5e+05 +/- 1.2e-01 | dlogz: 147447.777 >  0.500
 loglike: -1.5e+05 | params: [ 0.43759195 -0.9930818   2.41701384  4.65191498]
 Average call time: 0.55 sec | Current time: 2019-03-14 13:33:07.908985
 --------------------------
iter: 269 | nc: 1 | ncalls: 825 | bounds: 0 | eff(%): 32.606 | logz: -1.5e+05 +/- 1.1e-01 | dlogz: 147440.297 >  0.500
 loglike: -1.5e+05 | params: [-0.44644852 -1.68019079  3.92743648  3.85424908]
 Average call time: 0.72 sec | Current time: 2019-03-14 13:33:08.627616
 --------------------------
iter: 270 | nc: 1 | ncalls: 826 | bounds: 0 | eff(%): 32.688 | logz: -1.5e+05 +/- 1.2e-01 | dlogz: 147438.984 >  0.500
 loglike: -1.5e+05 | params: [ 0.3453133  -1.76668099  2.5092619   0.37359967]
 Average call time: 0.75 sec | Current time: 2019-03-14 13:33:09.381269
 --------------------------
iter: 271 | nc: 2 | ncalls: 828 | bounds: 0 | eff(%): 32.729 | logz: -1.5e+05 +/- 1.1e-01 | dlogz: 147432.435 >  0.500
 loglike: -1.5e+05 | params: [-0.43011378 -0.66823495  4.11770506  1.15752609]
 Average call time: 0.64 sec | Current time: 2019-03-14 13:33:10.654024
 --------------------------
iter: 272 | nc: 1 | ncalls: 829 | bounds: 0 | eff(%): 32.811 | logz: -1.5e+05 +/- 1.1e-01 | dlogz: 147430.679 >  0.500
 loglike: -1.5e+05 | params: [-0.36225714 -1.24870869  2.0447076   1.80174203]
 Average call time: 0.55 sec | Current time: 2019-03-14 13:33:11.203006
 --------------------------
iter: 273 | nc: 2 | ncalls: 831 | bounds: 0 | eff(%): 32.852 | logz: -1.5e+05 +/- 1.2e-01 | dlogz: 147429.827 >  0.500
 loglike: -1.5e+05 | params: [-0.46946723 -1.39850905  2.01836662  3.37747137]
 Average call time: 0.63 sec | Current time: 2019-03-14 13:33:12.468852
 --------------------------
iter: 274 | nc: 1 | ncalls: 832 | bounds: 0 | eff(%): 32.933 | logz: -1.5e+05 +/- 1.2e-01 | dlogz: 147419.292 >  0.500
 loglike: -1.5e+05 | params: [ 0.33049344 -1.35751199  2.4968756   2.7693959 ]
 Average call time: 0.72 sec | Current time: 2019-03-14 13:33:13.193066
 --------------------------
iter: 275 | nc: 1 | ncalls: 833 | bounds: 0 | eff(%): 33.013 | logz: -1.5e+05 +/- 1.2e-01 | dlogz: 147417.287 >  0.500
 loglike: -1.5e+05 | params: [-0.13900804 -0.56738712  2.3904751   1.43694827]
 Average call time: 0.55 sec | Current time: 2019-03-14 13:33:13.747004
 --------------------------
iter: 276 | nc: 1 | ncalls: 834 | bounds: 0 | eff(%): 33.094 | logz: -1.5e+05 +/- 1.2e-01 | dlogz: 147409.656 >  0.500
 loglike: -1.5e+05 | params: [-0.39528559 -1.43937378  2.06531679  2.29685506]
 Average call time: 0.55 sec | Current time: 2019-03-14 13:33:14.297412
 --------------------------
iter: 277 | nc: 1 | ncalls: 835 | bounds: 0 | eff(%): 33.174 | logz: -1.5e+05 +/- 1.2e-01 | dlogz: 147407.377 >  0.500
 loglike: -1.5e+05 | params: [ 0.13075618 -1.57179001  2.37806527  0.16544295]
 Average call time: 0.56 sec | Current time: 2019-03-14 13:33:14.853238
 --------------------------
iter: 278 | nc: 1 | ncalls: 836 | bounds: 0 | eff(%): 33.254 | logz: -1.5e+05 +/- 1.2e-01 | dlogz: 147393.500 >  0.500
 loglike: -1.5e+05 | params: [-0.01567585 -1.80891717  2.07663574  4.64097244]
 Average call time: 0.75 sec | Current time: 2019-03-14 13:33:15.599849
 --------------------------
iter: 279 | nc: 2 | ncalls: 838 | bounds: 0 | eff(%): 33.294 | logz: -1.5e+05 +/- 1.2e-01 | dlogz: 147391.090 >  0.500
 loglike: -1.5e+05 | params: [-0.13511402 -1.07690573  2.22614372  1.90723763]
 Average call time: 0.74 sec | Current time: 2019-03-14 13:33:17.076646
 --------------------------
iter: 280 | nc: 1 | ncalls: 839 | bounds: 0 | eff(%): 33.373 | logz: -1.5e+05 +/- 1.2e-01 | dlogz: 147389.147 >  0.500
 loglike: -1.5e+05 | params: [ 0.46011296 -1.66430661  2.63461013  0.85418431]
 Average call time: 0.77 sec | Current time: 2019-03-14 13:33:17.851441
 --------------------------
iter: 281 | nc: 3 | ncalls: 842 | bounds: 0 | eff(%): 33.373 | logz: -1.5e+05 +/- 1.2e-01 | dlogz: 147380.355 >  0.500
 loglike: -1.5e+05 | params: [-0.32383595 -0.67316181  2.27919186  1.09072338]
 Average call time: 0.72 sec | Current time: 2019-03-14 13:33:20.025442
 --------------------------
iter: 282 | nc: 1 | ncalls: 843 | bounds: 0 | eff(%): 33.452 | logz: -1.5e+05 +/- 1.2e-01 | dlogz: 147377.595 >  0.500
 loglike: -1.5e+05 | params: [ 0.00589695 -0.59985993  2.44688575  2.89044609]
 Average call time: 0.74 sec | Current time: 2019-03-14 13:33:20.766695
 --------------------------
iter: 283 | nc: 1 | ncalls: 844 | bounds: 0 | eff(%): 33.531 | logz: -1.5e+05 +/- 1.2e-01 | dlogz: 147359.496 >  0.500
 loglike: -1.5e+05 | params: [ 0.0289345  -1.09493081  2.24676025  3.57809679]
 Average call time: 0.55 sec | Current time: 2019-03-14 13:33:21.320245
 --------------------------
iter: 284 | nc: 1 | ncalls: 845 | bounds: 0 | eff(%): 33.609 | logz: -1.5e+05 +/- 1.2e-01 | dlogz: 147354.093 >  0.500
 loglike: -1.5e+05 | params: [ 0.2352148  -1.05567577  2.48013544  3.1462301 ]
 Average call time: 0.55 sec | Current time: 2019-03-14 13:33:21.870246
 --------------------------
iter: 285 | nc: 1 | ncalls: 846 | bounds: 0 | eff(%): 33.688 | logz: -1.5e+05 +/- 1.2e-01 | dlogz: 147344.087 >  0.500
 loglike: -1.5e+05 | params: [ 0.32226531 -0.78887857  2.57485002  3.2276848 ]
 Average call time: 0.55 sec | Current time: 2019-03-14 13:33:22.422680
 --------------------------
iter: 286 | nc: 1 | ncalls: 847 | bounds: 0 | eff(%): 33.766 | logz: -1.5e+05 +/- 1.2e-01 | dlogz: 147338.126 >  0.500
 loglike: -1.5e+05 | params: [-0.03698348 -0.71204986  2.31306566  4.27963907]
 Average call time: 0.71 sec | Current time: 2019-03-14 13:33:23.135712
 --------------------------
iter: 287 | nc: 1 | ncalls: 848 | bounds: 0 | eff(%): 33.844 | logz: -1.5e+05 +/- 1.1e-01 | dlogz: 147322.353 >  0.500
 loglike: -1.5e+05 | params: [-1.71067104e-03 -1.39326231e+00  2.30662363e+00  5.12703065e-01]
 Average call time: 0.72 sec | Current time: 2019-03-14 13:33:23.857705
 --------------------------
iter: 288 | nc: 1 | ncalls: 849 | bounds: 0 | eff(%): 33.922 | logz: -1.5e+05 +/- 1.1e-01 | dlogz: 147321.095 >  0.500
 loglike: -1.5e+05 | params: [-0.30369598 -1.80852494  4.00417841  4.41888767]
 Average call time: 0.72 sec | Current time: 2019-03-14 13:33:24.581369
 --------------------------
iter: 289 | nc: 2 | ncalls: 851 | bounds: 0 | eff(%): 33.960 | logz: -1.5e+05 +/- 1.2e-01 | dlogz: 147319.402 >  0.500
 loglike: -1.5e+05 | params: [-0.33073551 -1.90524216  2.09667228  1.2879112 ]
 Average call time: 0.55 sec | Current time: 2019-03-14 13:33:25.671462
 --------------------------
iter: 290 | nc: 2 | ncalls: 853 | bounds: 0 | eff(%): 33.998 | logz: -1.5e+05 +/- 1.2e-01 | dlogz: 147310.243 >  0.500
 loglike: -1.5e+05 | params: [ 0.23842252 -0.54350058  2.73814771  0.30864974]
 Average call time: 0.58 sec | Current time: 2019-03-14 13:33:26.821960
 --------------------------
iter: 291 | nc: 2 | ncalls: 855 | bounds: 0 | eff(%): 34.035 | logz: -1.5e+05 +/- 1.1e-01 | dlogz: 147286.898 >  0.500
 loglike: -1.5e+05 | params: [-0.2224855  -0.90728347  2.28302701  1.22832866]
 Average call time: 0.63 sec | Current time: 2019-03-14 13:33:28.087285
 --------------------------
iter: 292 | nc: 1 | ncalls: 856 | bounds: 0 | eff(%): 34.112 | logz: -1.5e+05 +/- 1.2e-01 | dlogz: 147285.382 >  0.500
 loglike: -1.5e+05 | params: [-0.18486202 -1.25580431  2.15127755  2.95434799]
 Average call time: 0.72 sec | Current time: 2019-03-14 13:33:28.804835
 --------------------------
iter: 293 | nc: 6 | ncalls: 862 | bounds: 0 | eff(%): 33.991 | logz: -1.5e+05 +/- 1.2e-01 | dlogz: 147278.592 >  0.500
 loglike: -1.5e+05 | params: [-0.08077018 -1.14700008  2.12513205  4.97860722]
 Average call time: 0.67 sec | Current time: 2019-03-14 13:33:32.819849
 --------------------------
iter: 294 | nc: 1 | ncalls: 863 | bounds: 0 | eff(%): 34.067 | logz: -1.5e+05 +/- 1.2e-01 | dlogz: 147256.903 >  0.500
 loglike: -1.5e+05 | params: [ 0.36498179 -0.93459396  2.51189507  4.28990503]
 Average call time: 0.72 sec | Current time: 2019-03-14 13:33:33.536228
 --------------------------
iter: 295 | nc: 1 | ncalls: 864 | bounds: 0 | eff(%): 34.144 | logz: -1.5e+05 +/- 1.2e-01 | dlogz: 147251.174 >  0.500
 loglike: -1.5e+05 | params: [-0.21304058 -1.60678309  2.19868419  0.11066705]
 Average call time: 0.55 sec | Current time: 2019-03-14 13:33:34.090601
 --------------------------
iter: 296 | nc: 3 | ncalls: 867 | bounds: 0 | eff(%): 34.141 | logz: -1.5e+05 +/- 1.2e-01 | dlogz: 147249.250 >  0.500
 loglike: -1.5e+05 | params: [-0.13020886 -1.13258871  2.25142677  3.01149478]
 Average call time: 0.61 sec | Current time: 2019-03-14 13:33:35.910438
 --------------------------
iter: 297 | nc: 1 | ncalls: 868 | bounds: 0 | eff(%): 34.217 | logz: -1.5e+05 +/- 1.2e-01 | dlogz: 147218.418 >  0.500
 loglike: -1.5e+05 | params: [-0.22860452 -1.86541455  2.15425016  2.21536457]
 Average call time: 0.75 sec | Current time: 2019-03-14 13:33:36.656395
 --------------------------
iter: 298 | nc: 2 | ncalls: 870 | bounds: 0 | eff(%): 34.253 | logz: -1.5e+05 +/- 1.2e-01 | dlogz: 147210.055 >  0.500
 loglike: -1.5e+05 | params: [ 0.29151646 -0.59177812  2.74132518  1.70264049]
 Average call time: 0.75 sec | Current time: 2019-03-14 13:33:38.146585
 --------------------------
iter: 299 | nc: 1 | ncalls: 871 | bounds: 0 | eff(%): 34.328 | logz: -1.5e+05 +/- 1.2e-01 | dlogz: 147181.427 >  0.500
 loglike: -1.5e+05 | params: [-0.41230913 -0.70114426  2.12374268  4.79505304]
 Average call time: 0.74 sec | Current time: 2019-03-14 13:33:38.882993
 --------------------------
iter: 300 | nc: 1 | ncalls: 872 | bounds: 0 | eff(%): 34.404 | logz: -1.5e+05 +/- 1.2e-01 | dlogz: 147153.045 >  0.500
 loglike: -1.5e+05 | params: [-0.44130157 -1.91150813  2.15591369  2.62833183]
 Average call time: 0.79 sec | Current time: 2019-03-14 13:33:39.669664
 --------------------------
iter: 301 | nc: 2 | ncalls: 874 | bounds: 0 | eff(%): 34.439 | logz: -1.5e+05 +/- 1.2e-01 | dlogz: 147140.871 >  0.500
 loglike: -1.5e+05 | params: [-0.02728881 -1.15078341  2.44005323  0.58874765]
 Average call time: 0.72 sec | Current time: 2019-03-14 13:33:41.106627
 --------------------------
iter: 302 | nc: 2 | ncalls: 876 | bounds: 0 | eff(%): 34.475 | logz: -1.5e+05 +/- 1.2e-01 | dlogz: 147136.924 >  0.500
 loglike: -1.5e+05 | params: [ 0.13372577 -1.34253518  2.45771832  2.88520711]
 Average call time: 0.64 sec | Current time: 2019-03-14 13:33:42.377102
 --------------------------
iter: 303 | nc: 1 | ncalls: 877 | bounds: 0 | eff(%): 34.550 | logz: -1.5e+05 +/- 1.2e-01 | dlogz: 147132.233 >  0.500
 loglike: -1.5e+05 | params: [ 0.39336188 -0.76632379  2.78495199  1.11373116]
 Average call time: 0.56 sec | Current time: 2019-03-14 13:33:42.936371
 --------------------------
iter: 304 | nc: 3 | ncalls: 880 | bounds: 0 | eff(%): 34.545 | logz: -1.5e+05 +/- 1.2e-01 | dlogz: 147128.362 >  0.500
 loglike: -1.5e+05 | params: [ 0.10897714 -0.51715043  2.67232107  2.97736682]
 Average call time: 0.61 sec | Current time: 2019-03-14 13:33:44.751522
 --------------------------
iter: 305 | nc: 1 | ncalls: 881 | bounds: 0 | eff(%): 34.620 | logz: -1.5e+05 +/- 1.1e-01 | dlogz: 147102.130 >  0.500
 loglike: -1.5e+05 | params: [-0.35248493 -1.12991895  2.25047181  2.33090765]
 Average call time: 0.71 sec | Current time: 2019-03-14 13:33:45.464347
 --------------------------
