Using pcmdpy version 0.9.3
Loading Setup File: setup_files/NGC3377/NGC3377_model17.py
(2, 6529)
Running Nested Sampling
-initializing models
-Saving initial results dataframe
iter: 1 | nc: 1 | ncalls: 201 | bounds: 0 | eff(%):  0.498 | logz: -inf +/- 2.4e-01 | dlogz:    inf >  0.500
 loglike: -1.3e+06 | params: [-0.38559319 -1.99428492  7.22408618  9.92367682 25.06546277]
 Average call time: 5.53 sec | Current time: 2019-07-12 10:15:33.067068
 --------------------------
iter: 2 | nc: 1 | ncalls: 202 | bounds: 0 | eff(%):  0.990 | logz: -inf +/- 2.4e-01 | dlogz:    inf >  0.500
 loglike: -1.3e+06 | params: [-0.91918947 -1.54835159  7.39202845  9.58675989 26.19380898]
 Average call time: 5.56 sec | Current time: 2019-07-12 10:15:38.625096
 --------------------------
iter: 3 | nc: 1 | ncalls: 203 | bounds: 0 | eff(%):  1.478 | logz: -inf +/- 2.4e-01 | dlogz:    inf >  0.500
 loglike: -1.2e+06 | params: [-0.98597714 -1.09935138  7.36344859  9.88982628 25.84773843]
 Average call time: 5.49 sec | Current time: 2019-07-12 10:15:44.117182
 --------------------------
iter: 4 | nc: 1 | ncalls: 204 | bounds: 0 | eff(%):  1.961 | logz: -inf +/- 2.4e-01 | dlogz:    inf >  0.500
 loglike: -1.2e+06 | params: [-0.70184216 -1.55604638  7.04860407  9.97000405 25.81523097]
 Average call time: 5.57 sec | Current time: 2019-07-12 10:15:49.687917
 --------------------------
iter: 5 | nc: 1 | ncalls: 205 | bounds: 0 | eff(%):  2.439 | logz: -inf +/- 2.4e-01 | dlogz:    inf >  0.500
 loglike: -1.1e+06 | params: [-0.76710399 -1.63900804  7.23045154  9.59111086 27.72846585]
 Average call time: 5.48 sec | Current time: 2019-07-12 10:15:55.170673
 --------------------------
iter: 6 | nc: 2 | ncalls: 207 | bounds: 0 | eff(%):  2.899 | logz: -inf +/- 2.5e-01 | dlogz:    inf >  0.500
 loglike: -1.1e+06 | params: [-0.22054683 -1.79220899  6.75058684  9.65690604 26.38659327]
 Average call time: 5.50 sec | Current time: 2019-07-12 10:16:06.163925
 --------------------------
iter: 7 | nc: 1 | ncalls: 208 | bounds: 0 | eff(%):  3.365 | logz: -inf +/- 2.5e-01 | dlogz:    inf >  0.500
 loglike: -1.0e+06 | params: [-0.09101749 -1.03520348  7.30554889 10.15102017 26.84679832]
 Average call time: 5.83 sec | Current time: 2019-07-12 10:16:11.991285
 --------------------------
iter: 8 | nc: 1 | ncalls: 209 | bounds: 0 | eff(%):  3.828 | logz: -9.8e+05 +/- 2.5e-01 | dlogz:    inf >  0.500
 loglike: -9.8e+05 | params: [-0.51520778 -1.4095182   6.6233914   9.7009437  26.73067227]
 Average call time: 5.47 sec | Current time: 2019-07-12 10:16:17.456818
 --------------------------
iter: 9 | nc: 1 | ncalls: 210 | bounds: 0 | eff(%):  4.286 | logz: -9.6e+05 +/- 2.5e-01 | dlogz: 959918.787 >  0.500
 loglike: -9.6e+05 | params: [-0.80233529 -1.07282014  6.46677948  9.77491217 26.40570646]
 Average call time: 5.41 sec | Current time: 2019-07-12 10:16:22.864411
 --------------------------
iter: 10 | nc: 1 | ncalls: 211 | bounds: 0 | eff(%):  4.739 | logz: -9.4e+05 +/- 2.5e-01 | dlogz: 944267.751 >  0.500
 loglike: -9.4e+05 | params: [-0.50498892 -1.39332478  6.43295873  9.93957555 26.17923058]
 Average call time: 5.70 sec | Current time: 2019-07-12 10:16:28.567666
 --------------------------
iter: 11 | nc: 1 | ncalls: 212 | bounds: 0 | eff(%):  5.189 | logz: -9.3e+05 +/- 2.5e-01 | dlogz: 924964.747 >  0.500
 loglike: -9.3e+05 | params: [ 0.17094599 -1.17850605  7.22045854  9.92696926 27.90081822]
 Average call time: 5.43 sec | Current time: 2019-07-12 10:16:34.001435
 --------------------------
iter: 12 | nc: 1 | ncalls: 213 | bounds: 0 | eff(%):  5.634 | logz: -9.2e+05 +/- 2.5e-01 | dlogz: 913825.927 >  0.500
 loglike: -9.2e+05 | params: [ 0.21552985 -1.03589879  7.24628438  9.91381585 28.11503319]
 Average call time: 5.44 sec | Current time: 2019-07-12 10:16:39.441256
 --------------------------
iter: 13 | nc: 1 | ncalls: 214 | bounds: 0 | eff(%):  6.075 | logz: -9.0e+05 +/- 2.5e-01 | dlogz: 901654.073 >  0.500
 loglike: -9.0e+05 | params: [-0.55203898 -1.13839038  6.93484317 10.03800828 27.61231641]
 Average call time: 5.42 sec | Current time: 2019-07-12 10:16:44.859720
 --------------------------
iter: 14 | nc: 1 | ncalls: 215 | bounds: 0 | eff(%):  6.512 | logz: -8.9e+05 +/- 2.5e-01 | dlogz: 884704.712 >  0.500
 loglike: -8.9e+05 | params: [ 0.26903703 -1.52667012  6.91533016  9.65819687 28.04153739]
 Average call time: 5.47 sec | Current time: 2019-07-12 10:16:50.326452
 --------------------------
iter: 15 | nc: 1 | ncalls: 216 | bounds: 0 | eff(%):  6.944 | logz: -8.6e+05 +/- 2.5e-01 | dlogz: 871067.920 >  0.500
 loglike: -8.6e+05 | params: [-0.92179549 -1.90727068  6.82193778  9.61770568 28.62886612]
 Average call time: 5.40 sec | Current time: 2019-07-12 10:16:55.726521
 --------------------------
iter: 16 | nc: 1 | ncalls: 217 | bounds: 0 | eff(%):  7.373 | logz: -8.5e+05 +/- 2.5e-01 | dlogz: 838417.428 >  0.500
 loglike: -8.5e+05 | params: [-0.98740151 -1.52845105  6.61453267 10.14622579 27.31436134]
 Average call time: 5.44 sec | Current time: 2019-07-12 10:17:01.170434
 --------------------------
iter: 17 | nc: 1 | ncalls: 218 | bounds: 0 | eff(%):  7.798 | logz: -8.3e+05 +/- 2.5e-01 | dlogz: 832928.974 >  0.500
 loglike: -8.3e+05 | params: [-0.43986444 -1.98759302  7.03142003 10.11129325 28.51746822]
 Average call time: 5.41 sec | Current time: 2019-07-12 10:17:06.580060
 --------------------------
iter: 18 | nc: 1 | ncalls: 219 | bounds: 0 | eff(%):  8.219 | logz: -8.3e+05 +/- 2.5e-01 | dlogz: 810914.681 >  0.500
 loglike: -8.3e+05 | params: [-0.7729071  -1.66482534  5.44531066  9.55133978 25.55006395]
 Average call time: 5.40 sec | Current time: 2019-07-12 10:17:11.978706
 --------------------------
iter: 19 | nc: 1 | ncalls: 220 | bounds: 0 | eff(%):  8.636 | logz: -8.0e+05 +/- 2.5e-01 | dlogz: 808221.464 >  0.500
 loglike: -8.0e+05 | params: [ 9.24231894e-03 -1.91252839e+00  6.82179564e+00  1.00477252e+01
  2.81730441e+01]
 Average call time: 5.47 sec | Current time: 2019-07-12 10:17:17.443973
 --------------------------
iter: 20 | nc: 1 | ncalls: 221 | bounds: 0 | eff(%):  9.050 | logz: -7.7e+05 +/- 2.5e-01 | dlogz: 782112.103 >  0.500
 loglike: -7.7e+05 | params: [-0.97902378 -1.39102286  7.43139828  9.65687492 30.87217718]
 Average call time: 5.41 sec | Current time: 2019-07-12 10:17:22.857774
 --------------------------
iter: 21 | nc: 1 | ncalls: 222 | bounds: 0 | eff(%):  9.459 | logz: -7.3e+05 +/- 2.5e-01 | dlogz: 753575.986 >  0.500
 loglike: -7.3e+05 | params: [-0.5927996  -1.96556913  5.26251354  9.86414032 25.41955814]
 Average call time: 5.39 sec | Current time: 2019-07-12 10:17:28.249854
 --------------------------
iter: 22 | nc: 1 | ncalls: 223 | bounds: 0 | eff(%):  9.865 | logz: -7.2e+05 +/- 2.5e-01 | dlogz: 717086.195 >  0.500
 loglike: -7.2e+05 | params: [-0.05106503 -1.17124935  5.77866256  9.73483616 26.67694677]
 Average call time: 5.34 sec | Current time: 2019-07-12 10:17:33.588775
 --------------------------
iter: 23 | nc: 1 | ncalls: 224 | bounds: 0 | eff(%): 10.268 | logz: -7.1e+05 +/- 2.5e-01 | dlogz: 706123.244 >  0.500
 loglike: -7.1e+05 | params: [-0.30566152 -1.15281333  5.56814157  9.75750361 26.37983009]
 Average call time: 5.44 sec | Current time: 2019-07-12 10:17:39.033301
 --------------------------
iter: 24 | nc: 2 | ncalls: 226 | bounds: 0 | eff(%): 10.619 | logz: -7.1e+05 +/- 2.5e-01 | dlogz: 693395.614 >  0.500
 loglike: -7.1e+05 | params: [-0.90399517 -1.49410305  7.10056027  9.60427334 30.69478793]
 Average call time: 5.36 sec | Current time: 2019-07-12 10:17:49.760316
 --------------------------
iter: 25 | nc: 2 | ncalls: 228 | bounds: 0 | eff(%): 10.965 | logz: -6.9e+05 +/- 2.5e-01 | dlogz: 690506.920 >  0.500
 loglike: -6.9e+05 | params: [-0.33650163 -1.61933068  6.49559081  9.99837353 28.55000826]
 Average call time: 5.36 sec | Current time: 2019-07-12 10:18:00.487161
 --------------------------
iter: 26 | nc: 1 | ncalls: 229 | bounds: 0 | eff(%): 11.354 | logz: -6.7e+05 +/- 2.5e-01 | dlogz: 676704.764 >  0.500
 loglike: -6.7e+05 | params: [ 0.33484407 -1.83153171  6.80138578  9.99194295 29.22108654]
 Average call time: 5.38 sec | Current time: 2019-07-12 10:18:05.862730
 --------------------------
iter: 27 | nc: 1 | ncalls: 230 | bounds: 0 | eff(%): 11.739 | logz: -6.7e+05 +/- 2.5e-01 | dlogz: 656419.317 >  0.500
 loglike: -6.7e+05 | params: [ 0.13620915 -1.01165024  6.30840575  9.74078676 28.35391243]
 Average call time: 5.41 sec | Current time: 2019-07-12 10:18:11.274297
 --------------------------
iter: 28 | nc: 2 | ncalls: 232 | bounds: 0 | eff(%): 12.069 | logz: -6.7e+05 +/- 2.5e-01 | dlogz: 655850.424 >  0.500
 loglike: -6.7e+05 | params: [-0.85578093 -1.18065763  5.27763903 10.0485417  25.77135403]
 Average call time: 5.95 sec | Current time: 2019-07-12 10:18:23.180569
 --------------------------
iter: 29 | nc: 1 | ncalls: 233 | bounds: 0 | eff(%): 12.446 | logz: -6.6e+05 +/- 2.5e-01 | dlogz: 651392.681 >  0.500
 loglike: -6.6e+05 | params: [ 0.08998769 -1.09991216  6.1749828   9.91940835 27.91125245]
 Average call time: 5.39 sec | Current time: 2019-07-12 10:18:28.566239
 --------------------------
iter: 30 | nc: 1 | ncalls: 234 | bounds: 0 | eff(%): 12.821 | logz: -6.6e+05 +/- 2.5e-01 | dlogz: 649054.552 >  0.500
 loglike: -6.6e+05 | params: [-0.96069329 -1.4994003   4.66876265  9.65628763 25.01689682]
 Average call time: 5.47 sec | Current time: 2019-07-12 10:18:34.039649
 --------------------------
iter: 31 | nc: 2 | ncalls: 236 | bounds: 0 | eff(%): 13.136 | logz: -6.5e+05 +/- 2.5e-01 | dlogz: 645663.964 >  0.500
 loglike: -6.5e+05 | params: [-0.27542069 -1.87466839  7.2867251   9.51191808 31.76570765]
 Average call time: 5.35 sec | Current time: 2019-07-12 10:18:44.745842
 --------------------------
iter: 32 | nc: 1 | ncalls: 237 | bounds: 0 | eff(%): 13.502 | logz: -6.3e+05 +/- 2.5e-01 | dlogz: 636673.304 >  0.500
 loglike: -6.3e+05 | params: [-0.07579112 -1.78070883  6.735142    9.95350544 29.73002945]
 Average call time: 5.35 sec | Current time: 2019-07-12 10:18:50.092570
 --------------------------
iter: 33 | nc: 1 | ncalls: 238 | bounds: 0 | eff(%): 13.866 | logz: -6.3e+05 +/- 2.5e-01 | dlogz: 612829.233 >  0.500
 loglike: -6.3e+05 | params: [ 0.04690971 -1.7417035   6.99484692  9.87265073 30.57964419]
 Average call time: 5.41 sec | Current time: 2019-07-12 10:18:55.504874
 --------------------------
iter: 34 | nc: 1 | ncalls: 239 | bounds: 0 | eff(%): 14.226 | logz: -6.2e+05 +/- 2.5e-01 | dlogz: 610800.014 >  0.500
 loglike: -6.2e+05 | params: [-0.77524943 -1.25393659  6.48604195  9.94360804 29.38309881]
 Average call time: 5.37 sec | Current time: 2019-07-12 10:19:00.876402
 --------------------------
iter: 35 | nc: 3 | ncalls: 242 | bounds: 0 | eff(%): 14.463 | logz: -6.1e+05 +/- 2.5e-01 | dlogz: 606053.972 >  0.500
 loglike: -6.1e+05 | params: [-0.03978582 -1.28494751  5.9305351  10.17969973 27.46049238]
 Average call time: 5.37 sec | Current time: 2019-07-12 10:19:16.983429
 --------------------------
iter: 36 | nc: 1 | ncalls: 243 | bounds: 0 | eff(%): 14.815 | logz: -6.1e+05 +/- 2.5e-01 | dlogz: 597568.889 >  0.500
 loglike: -6.1e+05 | params: [ 0.40768339 -1.06135754  5.97026728 10.13751453 27.37224709]
 Average call time: 5.39 sec | Current time: 2019-07-12 10:19:22.370567
 --------------------------
iter: 37 | nc: 1 | ncalls: 244 | bounds: 0 | eff(%): 15.164 | logz: -6.0e+05 +/- 2.5e-01 | dlogz: 591181.580 >  0.500
 loglike: -6.0e+05 | params: [-0.06583512 -1.50631735  6.5432262   9.99846789 29.43908981]
 Average call time: 6.39 sec | Current time: 2019-07-12 10:19:28.762494
 --------------------------
iter: 38 | nc: 1 | ncalls: 245 | bounds: 0 | eff(%): 15.510 | logz: -6.0e+05 +/- 2.5e-01 | dlogz: 585921.217 >  0.500
 loglike: -6.0e+05 | params: [-0.55460907 -1.62805569  6.46619615 10.13079767 29.27303785]
 Average call time: 5.40 sec | Current time: 2019-07-12 10:19:34.164122
 --------------------------
iter: 39 | nc: 1 | ncalls: 246 | bounds: 0 | eff(%): 15.854 | logz: -5.9e+05 +/- 2.5e-01 | dlogz: 581770.324 >  0.500
 loglike: -5.9e+05 | params: [-0.51908798 -1.40769811  5.16031463  9.85869925 26.44756458]
 Average call time: 5.33 sec | Current time: 2019-07-12 10:19:39.491109
 --------------------------
iter: 40 | nc: 1 | ncalls: 247 | bounds: 0 | eff(%): 16.194 | logz: -5.9e+05 +/- 2.5e-01 | dlogz: 578977.835 >  0.500
 loglike: -5.9e+05 | params: [-0.95344771 -1.63676024  5.88433075  9.8328966  28.4441697 ]
 Average call time: 5.52 sec | Current time: 2019-07-12 10:19:45.008287
 --------------------------
iter: 41 | nc: 1 | ncalls: 248 | bounds: 0 | eff(%): 16.532 | logz: -5.8e+05 +/- 2.5e-01 | dlogz: 571729.934 >  0.500
 loglike: -5.8e+05 | params: [ 0.08785893 -1.02621109  4.71289126  9.8113586  25.22111178]
 Average call time: 5.34 sec | Current time: 2019-07-12 10:19:50.348753
 --------------------------
iter: 42 | nc: 1 | ncalls: 249 | bounds: 0 | eff(%): 16.867 | logz: -5.8e+05 +/- 2.5e-01 | dlogz: 561505.145 >  0.500
 loglike: -5.8e+05 | params: [ 0.17371699 -1.23839609  6.98641868  9.96103595 30.68367582]
 Average call time: 6.04 sec | Current time: 2019-07-12 10:19:56.393757
 --------------------------
iter: 43 | nc: 1 | ncalls: 250 | bounds: 0 | eff(%): 17.200 | logz: -5.7e+05 +/- 2.5e-01 | dlogz: 560937.261 >  0.500
 loglike: -5.7e+05 | params: [-0.43918023 -1.59848921  7.05059648  9.67140119 31.6401268 ]
 Average call time: 5.37 sec | Current time: 2019-07-12 10:20:01.761806
 --------------------------
iter: 44 | nc: 1 | ncalls: 251 | bounds: 0 | eff(%): 17.530 | logz: -5.7e+05 +/- 2.5e-01 | dlogz: 559215.084 >  0.500
 loglike: -5.7e+05 | params: [-0.22899362 -1.13112911  5.82208349 10.13251394 27.77614998]
 Average call time: 5.35 sec | Current time: 2019-07-12 10:20:07.110767
 --------------------------
iter: 45 | nc: 1 | ncalls: 252 | bounds: 0 | eff(%): 17.857 | logz: -5.6e+05 +/- 2.5e-01 | dlogz: 551805.131 >  0.500
 loglike: -5.6e+05 | params: [-0.36570105 -1.06651391  7.46382596  9.88348719 32.30234572]
 Average call time: 5.43 sec | Current time: 2019-07-12 10:20:12.544329
 --------------------------
iter: 46 | nc: 1 | ncalls: 253 | bounds: 0 | eff(%): 18.182 | logz: -5.5e+05 +/- 2.5e-01 | dlogz: 546631.230 >  0.500
 loglike: -5.5e+05 | params: [-0.14101113 -1.8793378   7.49978234 10.19816624 31.94712143]
 Average call time: 5.40 sec | Current time: 2019-07-12 10:20:17.939406
 --------------------------
iter: 47 | nc: 2 | ncalls: 255 | bounds: 0 | eff(%): 18.431 | logz: -5.5e+05 +/- 2.5e-01 | dlogz: 540200.650 >  0.500
 loglike: -5.5e+05 | params: [ 0.32592675 -1.25863947  4.5942648   9.59467629 25.39883653]
 Average call time: 5.38 sec | Current time: 2019-07-12 10:20:28.709192
 --------------------------
iter: 48 | nc: 1 | ncalls: 256 | bounds: 0 | eff(%): 18.750 | logz: -5.5e+05 +/- 2.5e-01 | dlogz: 537273.452 >  0.500
 loglike: -5.5e+05 | params: [-0.9609447  -1.88210632  6.47625828  9.596932   30.69471136]
 Average call time: 5.45 sec | Current time: 2019-07-12 10:20:34.154388
 --------------------------
iter: 49 | nc: 1 | ncalls: 257 | bounds: 0 | eff(%): 19.066 | logz: -5.4e+05 +/- 2.5e-01 | dlogz: 534866.993 >  0.500
 loglike: -5.4e+05 | params: [-0.89063467 -1.34916093  6.03411689 10.15247086 28.7640416 ]
 Average call time: 5.39 sec | Current time: 2019-07-12 10:20:39.544418
 --------------------------
iter: 50 | nc: 1 | ncalls: 258 | bounds: 0 | eff(%): 19.380 | logz: -5.2e+05 +/- 2.5e-01 | dlogz: 526052.361 >  0.500
 loglike: -5.2e+05 | params: [-0.14937818 -1.18165502  7.13392382  9.63503099 32.12844024]
 Average call time: 5.49 sec | Current time: 2019-07-12 10:20:45.031785
 --------------------------
iter: 51 | nc: 1 | ncalls: 259 | bounds: 0 | eff(%): 19.691 | logz: -5.2e+05 +/- 2.5e-01 | dlogz: 510211.300 >  0.500
 loglike: -5.2e+05 | params: [-0.95816919 -1.42669867  6.33385866  9.7943587  30.25266837]
 Average call time: 5.37 sec | Current time: 2019-07-12 10:20:50.397156
 --------------------------
iter: 52 | nc: 3 | ncalls: 262 | bounds: 0 | eff(%): 19.847 | logz: -5.2e+05 +/- 2.5e-01 | dlogz: 506548.540 >  0.500
 loglike: -5.2e+05 | params: [-0.48757216 -1.1887008   6.73625881  9.96619176 30.88786548]
 Average call time: 5.34 sec | Current time: 2019-07-12 10:21:06.431784
 --------------------------
iter: 53 | nc: 2 | ncalls: 264 | bounds: 0 | eff(%): 20.076 | logz: -5.1e+05 +/- 2.5e-01 | dlogz: 505767.206 >  0.500
 loglike: -5.1e+05 | params: [-0.10453934 -1.37153246  7.39590625  9.62342167 32.99977413]
 Average call time: 5.36 sec | Current time: 2019-07-12 10:21:17.161189
 --------------------------
iter: 54 | nc: 1 | ncalls: 265 | bounds: 0 | eff(%): 20.377 | logz: -5.1e+05 +/- 2.5e-01 | dlogz: 496884.573 >  0.500
 loglike: -5.1e+05 | params: [ 0.18671297 -1.78116647  5.97717502  9.81787773 29.08262327]
 Average call time: 5.33 sec | Current time: 2019-07-12 10:21:22.494739
 --------------------------
iter: 55 | nc: 2 | ncalls: 267 | bounds: 0 | eff(%): 20.599 | logz: -4.9e+05 +/- 2.5e-01 | dlogz: 491656.839 >  0.500
 loglike: -4.9e+05 | params: [-0.4726429  -1.55705432  4.97696061  9.93229264 26.77117488]
 Average call time: 5.54 sec | Current time: 2019-07-12 10:21:33.580938
 --------------------------
iter: 56 | nc: 1 | ncalls: 268 | bounds: 0 | eff(%): 20.896 | logz: -4.9e+05 +/- 2.5e-01 | dlogz: 480685.909 >  0.500
 loglike: -4.9e+05 | params: [ 0.25148275 -1.88294213  4.63861388 10.11114093 25.38707837]
 Average call time: 5.47 sec | Current time: 2019-07-12 10:21:39.054291
 --------------------------
iter: 57 | nc: 1 | ncalls: 269 | bounds: 0 | eff(%): 21.190 | logz: -4.9e+05 +/- 2.5e-01 | dlogz: 477387.297 >  0.500
 loglike: -4.9e+05 | params: [-0.71257499 -1.36169698  6.49478769  9.82887896 30.80353033]
 Average call time: 5.42 sec | Current time: 2019-07-12 10:21:44.471026
 --------------------------
iter: 58 | nc: 1 | ncalls: 270 | bounds: 0 | eff(%): 21.481 | logz: -4.9e+05 +/- 2.5e-01 | dlogz: 476836.729 >  0.500
 loglike: -4.9e+05 | params: [-0.95802357 -1.13640872  7.49178456  9.72771688 33.50260834]
 Average call time: 5.43 sec | Current time: 2019-07-12 10:21:49.904863
 --------------------------
iter: 59 | nc: 1 | ncalls: 271 | bounds: 0 | eff(%): 21.771 | logz: -4.8e+05 +/- 2.5e-01 | dlogz: 471810.623 >  0.500
 loglike: -4.8e+05 | params: [-0.74008255 -1.42004718  5.86426499 10.01128163 29.03995816]
 Average call time: 5.41 sec | Current time: 2019-07-12 10:21:55.311265
 --------------------------
iter: 60 | nc: 1 | ncalls: 272 | bounds: 0 | eff(%): 22.059 | logz: -4.7e+05 +/- 2.5e-01 | dlogz: 468997.167 >  0.500
 loglike: -4.7e+05 | params: [-0.61500185 -1.30029674  6.90941338 10.18858463 31.40912812]
 Average call time: 5.55 sec | Current time: 2019-07-12 10:22:00.863719
 --------------------------
iter: 61 | nc: 1 | ncalls: 273 | bounds: 0 | eff(%): 22.344 | logz: -4.7e+05 +/- 2.5e-01 | dlogz: 455642.640 >  0.500
 loglike: -4.7e+05 | params: [ 0.40120378 -1.52920664  4.5741571   9.68408633 25.98896709]
 Average call time: 5.34 sec | Current time: 2019-07-12 10:22:06.199017
 --------------------------
iter: 62 | nc: 1 | ncalls: 274 | bounds: 0 | eff(%): 22.628 | logz: -4.6e+05 +/- 2.5e-01 | dlogz: 451312.973 >  0.500
 loglike: -4.6e+05 | params: [-0.33204135 -1.02639074  6.28665789  9.69888786 30.55786391]
 Average call time: 5.53 sec | Current time: 2019-07-12 10:22:11.725671
 --------------------------
iter: 63 | nc: 1 | ncalls: 275 | bounds: 0 | eff(%): 22.909 | logz: -4.6e+05 +/- 2.5e-01 | dlogz: 448971.342 >  0.500
 loglike: -4.6e+05 | params: [-0.34466024 -1.387851    7.00918845  9.93801567 32.05997565]
 Average call time: 5.39 sec | Current time: 2019-07-12 10:22:17.115306
 --------------------------
iter: 64 | nc: 1 | ncalls: 276 | bounds: 0 | eff(%): 23.188 | logz: -4.6e+05 +/- 2.5e-01 | dlogz: 448932.882 >  0.500
 loglike: -4.6e+05 | params: [-0.31691517 -1.844337    7.47571705 10.12278376 33.03749399]
 Average call time: 5.43 sec | Current time: 2019-07-12 10:22:22.549776
 --------------------------
iter: 65 | nc: 1 | ncalls: 277 | bounds: 0 | eff(%): 23.466 | logz: -4.6e+05 +/- 2.5e-01 | dlogz: 446137.346 >  0.500
 loglike: -4.6e+05 | params: [-0.12151129 -1.13036201  6.49336176 10.04499413 30.48433108]
 Average call time: 5.31 sec | Current time: 2019-07-12 10:22:27.858063
 --------------------------
iter: 66 | nc: 2 | ncalls: 279 | bounds: 0 | eff(%): 23.656 | logz: -4.5e+05 +/- 2.5e-01 | dlogz: 445615.533 >  0.500
 loglike: -4.5e+05 | params: [ 0.19826954 -1.85719722  6.33399471 10.11566827 29.99920164]
 Average call time: 5.37 sec | Current time: 2019-07-12 10:22:38.605304
 --------------------------
iter: 67 | nc: 1 | ncalls: 280 | bounds: 0 | eff(%): 23.929 | logz: -4.5e+05 +/- 2.5e-01 | dlogz: 438640.577 >  0.500
 loglike: -4.5e+05 | params: [-0.4632741  -1.49900487  5.60077761  9.99889142 28.70250755]
 Average call time: 5.37 sec | Current time: 2019-07-12 10:22:43.973424
 --------------------------
iter: 68 | nc: 1 | ncalls: 281 | bounds: 0 | eff(%): 24.199 | logz: -4.5e+05 +/- 2.5e-01 | dlogz: 432468.153 >  0.500
 loglike: -4.5e+05 | params: [-0.91495749 -1.89672715  4.41189418  9.97226002 25.90894844]
 Average call time: 5.36 sec | Current time: 2019-07-12 10:22:49.336609
 --------------------------
iter: 69 | nc: 1 | ncalls: 282 | bounds: 0 | eff(%): 24.468 | logz: -4.4e+05 +/- 2.5e-01 | dlogz: 431028.937 >  0.500
 loglike: -4.4e+05 | params: [ 0.41009354 -1.11974448  4.24887018  9.51211705 25.68654641]
 Average call time: 5.34 sec | Current time: 2019-07-12 10:22:54.674236
 --------------------------
iter: 70 | nc: 1 | ncalls: 283 | bounds: 0 | eff(%): 24.735 | logz: -4.4e+05 +/- 2.5e-01 | dlogz: 427746.906 >  0.500
 loglike: -4.4e+05 | params: [-0.59864746 -1.06717301  6.45687035  9.60181023 31.4700361 ]
 Average call time: 5.41 sec | Current time: 2019-07-12 10:23:00.083656
 --------------------------
iter: 71 | nc: 2 | ncalls: 285 | bounds: 0 | eff(%): 24.912 | logz: -4.4e+05 +/- 2.5e-01 | dlogz: 427513.018 >  0.500
 loglike: -4.4e+05 | params: [ 0.27537762 -1.04851113  5.59787278  9.55331378 29.10077943]
 Average call time: 5.37 sec | Current time: 2019-07-12 10:23:10.813963
 --------------------------
iter: 72 | nc: 1 | ncalls: 286 | bounds: 0 | eff(%): 25.175 | logz: -4.4e+05 +/- 2.3e-01 | dlogz: 423436.366 >  0.500
 loglike: -4.4e+05 | params: [-2.29327852e-02 -1.60279742e+00  6.23238086e+00  9.72178529e+00
  3.06809865e+01]
 Average call time: 5.31 sec | Current time: 2019-07-12 10:23:16.125738
 --------------------------
iter: 73 | nc: 1 | ncalls: 287 | bounds: 0 | eff(%): 25.436 | logz: -4.3e+05 +/- 2.5e-01 | dlogz: 423434.652 >  0.500
 loglike: -4.3e+05 | params: [-0.64177002 -1.16975427  5.96858506  9.9105353  29.92867853]
 Average call time: 5.30 sec | Current time: 2019-07-12 10:23:21.423020
 --------------------------
iter: 74 | nc: 1 | ncalls: 288 | bounds: 0 | eff(%): 25.694 | logz: -4.2e+05 +/- 2.5e-01 | dlogz: 414316.666 >  0.500
 loglike: -4.2e+05 | params: [-0.93810418 -1.82513224  4.02058449  9.73842461 25.44768916]
 Average call time: 5.34 sec | Current time: 2019-07-12 10:23:26.760082
 --------------------------
iter: 75 | nc: 1 | ncalls: 289 | bounds: 0 | eff(%): 25.952 | logz: -4.2e+05 +/- 2.5e-01 | dlogz: 409720.998 >  0.500
 loglike: -4.2e+05 | params: [-1.16897670e-02 -1.81673365e+00  6.28446785e+00  9.92865720e+00
  3.05565338e+01]
 Average call time: 5.39 sec | Current time: 2019-07-12 10:23:32.147547
 --------------------------
iter: 76 | nc: 1 | ncalls: 290 | bounds: 0 | eff(%): 26.207 | logz: -4.2e+05 +/- 2.5e-01 | dlogz: 406991.537 >  0.500
 loglike: -4.2e+05 | params: [-0.71882546 -1.78510487  6.06512393 10.16142252 30.01550555]
 Average call time: 5.36 sec | Current time: 2019-07-12 10:23:37.509915
 --------------------------
iter: 77 | nc: 1 | ncalls: 291 | bounds: 0 | eff(%): 26.460 | logz: -4.2e+05 +/- 2.5e-01 | dlogz: 405616.641 >  0.500
 loglike: -4.2e+05 | params: [ 0.36818433 -1.20947587  7.4524888  10.17116123 32.91964135]
 Average call time: 5.36 sec | Current time: 2019-07-12 10:23:42.867440
 --------------------------
iter: 78 | nc: 3 | ncalls: 294 | bounds: 0 | eff(%): 26.531 | logz: -4.2e+05 +/- 2.5e-01 | dlogz: 403137.936 >  0.500
 loglike: -4.2e+05 | params: [-0.24616065 -1.46312181  6.4152124   9.53998095 31.69421743]
 Average call time: 5.36 sec | Current time: 2019-07-12 10:23:58.944406
 --------------------------
iter: 79 | nc: 2 | ncalls: 296 | bounds: 0 | eff(%): 26.689 | logz: -4.1e+05 +/- 2.5e-01 | dlogz: 402348.394 >  0.500
 loglike: -4.1e+05 | params: [-0.26896618 -1.7332593   5.13006661 10.0274806  27.70584228]
 Average call time: 5.34 sec | Current time: 2019-07-12 10:24:09.629867
 --------------------------
iter: 80 | nc: 1 | ncalls: 297 | bounds: 0 | eff(%): 26.936 | logz: -4.0e+05 +/- 2.5e-01 | dlogz: 398833.977 >  0.500
 loglike: -4.0e+05 | params: [-0.39386611 -1.78271296  6.14150841 10.09338715 30.2969962 ]
 Average call time: 5.50 sec | Current time: 2019-07-12 10:24:15.131809
 --------------------------
iter: 81 | nc: 1 | ncalls: 298 | bounds: 0 | eff(%): 27.181 | logz: -4.0e+05 +/- 2.5e-01 | dlogz: 386641.841 >  0.500
 loglike: -4.0e+05 | params: [-0.85609505 -1.25173712  4.64771046  9.70353181 27.28190753]
 Average call time: 5.37 sec | Current time: 2019-07-12 10:24:20.504033
 --------------------------
iter: 82 | nc: 1 | ncalls: 299 | bounds: 0 | eff(%): 27.425 | logz: -3.9e+05 +/- 2.5e-01 | dlogz: 384661.092 >  0.500
 loglike: -3.9e+05 | params: [-0.34089417 -1.37067001  7.0503486   9.74989157 33.19133447]
 Average call time: 5.38 sec | Current time: 2019-07-12 10:24:25.885559
 --------------------------
iter: 83 | nc: 1 | ncalls: 300 | bounds: 0 | eff(%): 27.667 | logz: -3.7e+05 +/- 2.5e-01 | dlogz: 372440.257 >  0.500
 loglike: -3.7e+05 | params: [-0.78950407 -1.60000181  6.46258635  9.81877396 31.93583206]
 Average call time: 5.33 sec | Current time: 2019-07-12 10:24:31.220445
 --------------------------
iter: 84 | nc: 1 | ncalls: 301 | bounds: 0 | eff(%): 27.907 | logz: -3.6e+05 +/- 2.5e-01 | dlogz: 358866.326 >  0.500
 loglike: -3.6e+05 | params: [ 0.19689412 -1.69640569  3.89096032  9.81450587 25.20535177]
 Average call time: 5.34 sec | Current time: 2019-07-12 10:24:36.559722
 --------------------------
iter: 85 | nc: 4 | ncalls: 305 | bounds: 0 | eff(%): 27.869 | logz: -3.5e+05 +/- 2.5e-01 | dlogz: 348708.469 >  0.500
 loglike: -3.5e+05 | params: [-0.34556769 -1.79752485  4.16333748 10.01950367 25.96015092]
 Average call time: 5.37 sec | Current time: 2019-07-12 10:24:58.033553
 --------------------------
iter: 86 | nc: 1 | ncalls: 306 | bounds: 0 | eff(%): 28.105 | logz: -3.4e+05 +/- 2.5e-01 | dlogz: 337442.794 >  0.500
 loglike: -3.4e+05 | params: [-1.85771714e-02 -1.39517805e+00  3.86995723e+00  9.76222378e+00
  2.56307277e+01]
 Average call time: 5.36 sec | Current time: 2019-07-12 10:25:03.391838
 --------------------------
iter: 87 | nc: 2 | ncalls: 308 | bounds: 0 | eff(%): 28.247 | logz: -3.3e+05 +/- 2.5e-01 | dlogz: 321091.237 >  0.500
 loglike: -3.3e+05 | params: [ 0.34994779 -1.58324646  4.71510998  9.50434596 28.00641706]
 Average call time: 5.37 sec | Current time: 2019-07-12 10:25:14.133931
 --------------------------
iter: 88 | nc: 2 | ncalls: 310 | bounds: 0 | eff(%): 28.387 | logz: -3.2e+05 +/- 2.5e-01 | dlogz: 314573.098 >  0.500
 loglike: -3.2e+05 | params: [ 0.07467217 -1.49914076  6.06048735 10.08282263 30.59943616]
 Average call time: 5.33 sec | Current time: 2019-07-12 10:25:24.784181
 --------------------------
iter: 89 | nc: 1 | ncalls: 311 | bounds: 0 | eff(%): 28.617 | logz: -3.1e+05 +/- 2.5e-01 | dlogz: 308186.980 >  0.500
 loglike: -3.1e+05 | params: [ 0.30369108 -1.56382658  6.31288585  9.60063678 32.04260971]
 Average call time: 5.31 sec | Current time: 2019-07-12 10:25:30.090538
 --------------------------
iter: 90 | nc: 1 | ncalls: 312 | bounds: 0 | eff(%): 28.846 | logz: -3.0e+05 +/- 2.5e-01 | dlogz: 293769.299 >  0.500
 loglike: -3.0e+05 | params: [ 0.10778458 -1.41269637  4.32979521  9.57498877 27.29218565]
 Average call time: 5.53 sec | Current time: 2019-07-12 10:25:35.622805
 --------------------------
iter: 91 | nc: 1 | ncalls: 313 | bounds: 0 | eff(%): 29.073 | logz: -3.0e+05 +/- 2.5e-01 | dlogz: 289086.395 >  0.500
 loglike: -3.0e+05 | params: [-0.25754897 -1.19012166  7.2273947   9.94623828 34.10849753]
 Average call time: 5.38 sec | Current time: 2019-07-12 10:25:40.998283
 --------------------------
iter: 92 | nc: 1 | ncalls: 314 | bounds: 0 | eff(%): 29.299 | logz: -3.0e+05 +/- 2.5e-01 | dlogz: 286822.881 >  0.500
 loglike: -3.0e+05 | params: [ 0.29497242 -1.76495677  4.88250398  9.51859218 28.80051454]
 Average call time: 5.36 sec | Current time: 2019-07-12 10:25:46.354874
 --------------------------
iter: 93 | nc: 1 | ncalls: 315 | bounds: 0 | eff(%): 29.524 | logz: -2.9e+05 +/- 2.5e-01 | dlogz: 285289.915 >  0.500
 loglike: -2.9e+05 | params: [-0.08276182 -1.55888692  4.66322752 10.04587443 27.51350193]
 Average call time: 5.39 sec | Current time: 2019-07-12 10:25:51.749532
 --------------------------
iter: 94 | nc: 1 | ncalls: 316 | bounds: 0 | eff(%): 29.747 | logz: -2.9e+05 +/- 2.5e-01 | dlogz: 279865.576 >  0.500
 loglike: -2.9e+05 | params: [-0.57454438 -1.46329397  6.13943229 10.11624051 31.37391447]
 Average call time: 5.39 sec | Current time: 2019-07-12 10:25:57.139614
 --------------------------
iter: 95 | nc: 1 | ncalls: 317 | bounds: 0 | eff(%): 29.968 | logz: -2.8e+05 +/- 2.5e-01 | dlogz: 278259.179 >  0.500
 loglike: -2.8e+05 | params: [-0.49117364 -1.70285415  5.80791596 10.19846503 30.51902276]
 Average call time: 5.40 sec | Current time: 2019-07-12 10:26:02.537306
 --------------------------
iter: 96 | nc: 1 | ncalls: 318 | bounds: 0 | eff(%): 30.189 | logz: -2.7e+05 +/- 2.5e-01 | dlogz: 261343.267 >  0.500
 loglike: -2.7e+05 | params: [ 0.05687196 -1.78120789  7.04920577  9.80949853 34.09315959]
 Average call time: 5.37 sec | Current time: 2019-07-12 10:26:07.909883
 --------------------------
iter: 97 | nc: 3 | ncalls: 321 | bounds: 0 | eff(%): 30.218 | logz: -2.7e+05 +/- 2.5e-01 | dlogz: 252487.523 >  0.500
 loglike: -2.7e+05 | params: [-0.21654508 -1.90167147  5.78182005 10.11882842 30.67054421]
 Average call time: 5.38 sec | Current time: 2019-07-12 10:26:24.044864
 --------------------------
iter: 98 | nc: 1 | ncalls: 322 | bounds: 0 | eff(%): 30.435 | logz: -2.6e+05 +/- 2.5e-01 | dlogz: 251538.109 >  0.500
 loglike: -2.6e+05 | params: [ 0.45799747 -1.11716644  5.28259877 10.15035116 28.98126606]
 Average call time: 5.37 sec | Current time: 2019-07-12 10:26:29.416612
 --------------------------
iter: 99 | nc: 3 | ncalls: 325 | bounds: 0 | eff(%): 30.462 | logz: -2.5e+05 +/- 2.5e-01 | dlogz: 241297.406 >  0.500
 loglike: -2.5e+05 | params: [ 0.49172237 -1.82126023  1.57320052  9.81989894 34.31751942]
 Average call time: 5.35 sec | Current time: 2019-07-12 10:26:45.474689
 --------------------------
iter: 100 | nc: 2 | ncalls: 327 | bounds: 0 | eff(%): 30.581 | logz: -2.5e+05 +/- 2.5e-01 | dlogz: 237851.720 >  0.500
 loglike: -2.5e+05 | params: [-0.86193719 -1.1122101   1.59863435 10.10475108 33.9877069 ]
 Average call time: 5.49 sec | Current time: 2019-07-12 10:26:56.459711
 --------------------------
iter: 101 | nc: 2 | ncalls: 329 | bounds: 0 | eff(%): 30.699 | logz: -2.5e+05 +/- 2.5e-01 | dlogz: 237842.887 >  0.500
 loglike: -2.5e+05 | params: [-0.15820572 -1.49691683  1.5826107  10.04097864 33.82641191]
 Average call time: 5.43 sec | Current time: 2019-07-12 10:27:07.310501
 --------------------------
iter: 102 | nc: 1 | ncalls: 330 | bounds: 0 | eff(%): 30.909 | logz: -2.5e+05 +/- 2.5e-01 | dlogz: 237840.109 >  0.500
 loglike: -2.5e+05 | params: [-0.28333688 -1.69331352  1.83964247 10.15578465 34.04003602]
 Average call time: 5.47 sec | Current time: 2019-07-12 10:27:12.779972
 --------------------------
