Using pcmdpy version 0.9.0
Loading Setup File: setup_files/NGC4993/NGC4993_model6c.py
(2, 7057)
Running Nested Sampling
-initializing models
-Saving initial results dataframe
iter: 1 | nc: 1 | ncalls: 501 | bounds: 0 | eff(%):  0.200 | logz: -1.5e+05 +/- 1.2e-01 | dlogz:    inf >  0.500
 loglike: -1.5e+05 | params: [-0.99048566 -1.10366202  6.4902118  10.06420284 25.452519  ]
 Average call time: 0.45 sec | Current time: 2019-04-16 11:33:53.859882
 --------------------------
iter: 2 | nc: 1 | ncalls: 502 | bounds: 0 | eff(%):  0.398 | logz: -1.5e+05 +/- 1.2e-01 | dlogz: 148042.086 >  0.500
 loglike: -1.5e+05 | params: [-0.93265789 -1.54835159  6.42801897  9.58675989 26.79071347]
 Average call time: 0.45 sec | Current time: 2019-04-16 11:33:54.308221
 --------------------------
iter: 3 | nc: 1 | ncalls: 503 | bounds: 0 | eff(%):  0.596 | logz: -1.5e+05 +/- 1.2e-01 | dlogz: 148034.243 >  0.500
 loglike: -1.5e+05 | params: [ 0.15622547 -1.47086836  6.38474293  9.88307693 25.09656968]
 Average call time: 0.47 sec | Current time: 2019-04-16 11:33:54.781191
 --------------------------
iter: 4 | nc: 1 | ncalls: 504 | bounds: 0 | eff(%):  0.794 | logz: -1.5e+05 +/- 1.2e-01 | dlogz: 147059.443 >  0.500
 loglike: -1.5e+05 | params: [-0.48799432 -1.99428492  6.31605746  9.92367682 25.09819415]
 Average call time: 0.45 sec | Current time: 2019-04-16 11:33:55.230045
 --------------------------
iter: 5 | nc: 1 | ncalls: 505 | bounds: 0 | eff(%):  0.990 | logz: -1.5e+05 +/- 1.2e-01 | dlogz: 146609.903 >  0.500
 loglike: -1.5e+05 | params: [-0.98831428 -1.09935138  6.40896572  9.88982628 26.27160765]
 Average call time: 0.50 sec | Current time: 2019-04-16 11:33:55.725441
 --------------------------
iter: 6 | nc: 1 | ncalls: 506 | bounds: 0 | eff(%):  1.186 | logz: -1.4e+05 +/- 1.2e-01 | dlogz: 145219.241 >  0.500
 loglike: -1.4e+05 | params: [ 0.05758017 -1.81674433  6.15187677  9.57255659 26.90235717]
 Average call time: 0.53 sec | Current time: 2019-04-16 11:33:56.253907
 --------------------------
iter: 7 | nc: 1 | ncalls: 507 | bounds: 0 | eff(%):  1.381 | logz: -1.4e+05 +/- 1.2e-01 | dlogz: 143526.144 >  0.500
 loglike: -1.4e+05 | params: [-0.75153513 -1.55604638  6.19906938  9.97000405 26.22284645]
 Average call time: 0.50 sec | Current time: 2019-04-16 11:33:56.749836
 --------------------------
iter: 8 | nc: 1 | ncalls: 508 | bounds: 0 | eff(%):  1.575 | logz: -1.4e+05 +/- 1.2e-01 | dlogz: 143440.726 >  0.500
 loglike: -1.4e+05 | params: [ 0.14447982 -1.82228373  6.42841037  9.95806877 27.13026578]
 Average call time: 0.45 sec | Current time: 2019-04-16 11:33:57.197099
 --------------------------
iter: 9 | nc: 1 | ncalls: 509 | bounds: 0 | eff(%):  1.768 | logz: -1.4e+05 +/- 1.2e-01 | dlogz: 142233.706 >  0.500
 loglike: -1.4e+05 | params: [-0.34159112 -1.37027343  6.02605533  9.94879742 25.34031873]
 Average call time: 0.45 sec | Current time: 2019-04-16 11:33:57.645728
 --------------------------
iter: 10 | nc: 1 | ncalls: 510 | bounds: 0 | eff(%):  1.961 | logz: -1.4e+05 +/- 1.2e-01 | dlogz: 141441.192 >  0.500
 loglike: -1.4e+05 | params: [-0.47298985 -1.06783457  5.97053128  9.8116221  25.43784129]
 Average call time: 0.62 sec | Current time: 2019-04-16 11:33:58.266367
 --------------------------
iter: 11 | nc: 1 | ncalls: 511 | bounds: 0 | eff(%):  2.153 | logz: -1.4e+05 +/- 1.2e-01 | dlogz: 141173.207 >  0.500
 loglike: -1.4e+05 | params: [-0.28786514 -1.1106568   6.17256746  9.60666946 26.78477508]
 Average call time: 0.47 sec | Current time: 2019-04-16 11:33:58.737653
 --------------------------
iter: 12 | nc: 1 | ncalls: 512 | bounds: 0 | eff(%):  2.344 | logz: -1.4e+05 +/- 1.2e-01 | dlogz: 140984.274 >  0.500
 loglike: -1.4e+05 | params: [ 1.96044442e-02 -1.02635584e+00  6.18245633e+00  9.56928566e+00
  2.67768028e+01]
 Average call time: 0.49 sec | Current time: 2019-04-16 11:33:59.224639
 --------------------------
iter: 13 | nc: 1 | ncalls: 513 | bounds: 0 | eff(%):  2.534 | logz: -1.4e+05 +/- 1.2e-01 | dlogz: 139893.277 >  0.500
 loglike: -1.4e+05 | params: [-0.95086067 -1.56822348  5.91710339  9.79562994 26.32673666]
 Average call time: 0.49 sec | Current time: 2019-04-16 11:33:59.718654
 --------------------------
iter: 14 | nc: 1 | ncalls: 514 | bounds: 0 | eff(%):  2.724 | logz: -1.4e+05 +/- 1.2e-01 | dlogz: 139457.796 >  0.500
 loglike: -1.4e+05 | params: [-0.08341113 -1.93447943  5.76204513 10.1018412  25.47415797]
 Average call time: 0.49 sec | Current time: 2019-04-16 11:34:00.208450
 --------------------------
iter: 15 | nc: 1 | ncalls: 515 | bounds: 0 | eff(%):  2.913 | logz: -1.4e+05 +/- 1.2e-01 | dlogz: 137173.435 >  0.500
 loglike: -1.4e+05 | params: [-0.24251457 -1.03520348  6.37036592 10.15102017 27.77019748]
 Average call time: 0.45 sec | Current time: 2019-04-16 11:34:00.654455
 --------------------------
iter: 16 | nc: 1 | ncalls: 516 | bounds: 0 | eff(%):  3.101 | logz: -1.4e+05 +/- 1.2e-01 | dlogz: 136860.977 >  0.500
 loglike: -1.4e+05 | params: [-0.35045569 -1.79220899  6.00039123  9.65690604 27.0798899 ]
 Average call time: 0.46 sec | Current time: 2019-04-16 11:34:01.111557
 --------------------------
iter: 17 | nc: 1 | ncalls: 517 | bounds: 0 | eff(%):  3.288 | logz: -1.4e+05 +/- 1.2e-01 | dlogz: 136820.312 >  0.500
 loglike: -1.4e+05 | params: [-0.75602918 -1.94260855  6.15897819 10.08146906 27.38506417]
 Average call time: 0.47 sec | Current time: 2019-04-16 11:34:01.580563
 --------------------------
iter: 18 | nc: 1 | ncalls: 518 | bounds: 0 | eff(%):  3.475 | logz: -1.4e+05 +/- 1.2e-01 | dlogz: 136657.777 >  0.500
 loglike: -1.4e+05 | params: [-0.59600648 -1.4095182   5.91559427  9.7009437  27.5960084 ]
 Average call time: 0.44 sec | Current time: 2019-04-16 11:34:02.016391
 --------------------------
iter: 19 | nc: 1 | ncalls: 519 | bounds: 0 | eff(%):  3.661 | logz: -1.4e+05 +/- 1.2e-01 | dlogz: 136592.121 >  0.500
 loglike: -1.4e+05 | params: [-0.80591999 -1.63900804  6.32030103  9.59111086 29.09269878]
 Average call time: 0.44 sec | Current time: 2019-04-16 11:34:02.452885
 --------------------------
iter: 20 | nc: 1 | ncalls: 520 | bounds: 0 | eff(%):  3.846 | logz: -1.4e+05 +/- 1.2e-01 | dlogz: 136084.291 >  0.500
 loglike: -1.4e+05 | params: [-0.87734067 -1.56177271  6.28994493  9.52911651 29.66271336]
 Average call time: 0.48 sec | Current time: 2019-04-16 11:34:02.932670
 --------------------------
iter: 21 | nc: 1 | ncalls: 521 | bounds: 0 | eff(%):  4.031 | logz: -1.4e+05 +/- 1.2e-01 | dlogz: 135665.524 >  0.500
 loglike: -1.4e+05 | params: [-0.83527941 -1.07282014  5.81118632  9.77491217 27.10855969]
 Average call time: 0.48 sec | Current time: 2019-04-16 11:34:03.415839
 --------------------------
iter: 22 | nc: 1 | ncalls: 522 | bounds: 0 | eff(%):  4.215 | logz: -1.4e+05 +/- 1.2e-01 | dlogz: 135642.618 >  0.500
 loglike: -1.4e+05 | params: [-0.32151159 -1.50506511  5.70513187  9.71557148 26.71029668]
 Average call time: 0.46 sec | Current time: 2019-04-16 11:34:03.878913
 --------------------------
iter: 23 | nc: 1 | ncalls: 523 | bounds: 0 | eff(%):  4.398 | logz: -1.4e+05 +/- 1.2e-01 | dlogz: 135341.636 >  0.500
 loglike: -1.4e+05 | params: [-2.19792215e-02 -1.65087839e+00  5.49871138e+00  9.53846737e+00
  2.61729734e+01]
 Average call time: 0.42 sec | Current time: 2019-04-16 11:34:04.294152
 --------------------------
iter: 24 | nc: 1 | ncalls: 524 | bounds: 0 | eff(%):  4.580 | logz: -1.3e+05 +/- 1.2e-01 | dlogz: 135022.578 >  0.500
 loglike: -1.3e+05 | params: [-0.58749076 -1.39332478  5.78863915  9.93957555 26.76884586]
 Average call time: 0.48 sec | Current time: 2019-04-16 11:34:04.771645
 --------------------------
iter: 25 | nc: 1 | ncalls: 525 | bounds: 0 | eff(%):  4.762 | logz: -1.3e+05 +/- 1.2e-01 | dlogz: 133617.799 >  0.500
 loglike: -1.3e+05 | params: [ 7.14473884e-03 -1.51572588e+00  6.00670019e+00  9.60655522e+00
  2.82957451e+01]
 Average call time: 0.50 sec | Current time: 2019-04-16 11:34:05.267388
 --------------------------
iter: 26 | nc: 1 | ncalls: 526 | bounds: 0 | eff(%):  4.943 | logz: -1.3e+05 +/- 1.2e-01 | dlogz: 133605.952 >  0.500
 loglike: -1.3e+05 | params: [-0.61393795 -1.63232422  5.55323068  9.62631324 27.06614285]
 Average call time: 0.43 sec | Current time: 2019-04-16 11:34:05.693277
 --------------------------
iter: 27 | nc: 1 | ncalls: 527 | bounds: 0 | eff(%):  5.123 | logz: -1.3e+05 +/- 1.2e-01 | dlogz: 133379.333 >  0.500
 loglike: -1.3e+05 | params: [-0.67294238 -1.10663812  5.78980322  9.68315547 28.10325866]
 Average call time: 0.42 sec | Current time: 2019-04-16 11:34:06.108549
 --------------------------
iter: 28 | nc: 1 | ncalls: 528 | bounds: 0 | eff(%):  5.303 | logz: -1.3e+05 +/- 1.2e-01 | dlogz: 133117.363 >  0.500
 loglike: -1.3e+05 | params: [-0.73096288 -1.98159901  5.95194293  9.57784354 28.78103168]
 Average call time: 0.48 sec | Current time: 2019-04-16 11:34:06.585018
 --------------------------
iter: 29 | nc: 1 | ncalls: 529 | bounds: 0 | eff(%):  5.482 | logz: -1.3e+05 +/- 1.2e-01 | dlogz: 133061.428 >  0.500
 loglike: -1.3e+05 | params: [ 0.21756976 -1.24578438  6.16670982  9.52639199 29.28773271]
 Average call time: 0.42 sec | Current time: 2019-04-16 11:34:07.008214
 --------------------------
iter: 30 | nc: 1 | ncalls: 530 | bounds: 0 | eff(%):  5.660 | logz: -1.3e+05 +/- 1.2e-01 | dlogz: 132898.975 >  0.500
 loglike: -1.3e+05 | params: [-0.97170941 -1.78717811  5.40498682  9.97125271 25.57594552]
 Average call time: 0.47 sec | Current time: 2019-04-16 11:34:07.479762
 --------------------------
iter: 31 | nc: 1 | ncalls: 531 | bounds: 0 | eff(%):  5.838 | logz: -1.3e+05 +/- 1.2e-01 | dlogz: 132562.393 >  0.500
 loglike: -1.3e+05 | params: [-0.36034842 -1.15638356  6.47417461  9.94152932 29.28209995]
 Average call time: 0.42 sec | Current time: 2019-04-16 11:34:07.902928
 --------------------------
iter: 32 | nc: 1 | ncalls: 532 | bounds: 0 | eff(%):  6.015 | logz: -1.3e+05 +/- 1.2e-01 | dlogz: 132403.446 >  0.500
 loglike: -1.3e+05 | params: [-2.42116768e-02 -1.17850605e+00  6.31363902e+00  9.92696926e+00
  2.93512273e+01]
 Average call time: 0.43 sec | Current time: 2019-04-16 11:34:08.337146
 --------------------------
iter: 33 | nc: 1 | ncalls: 533 | bounds: 0 | eff(%):  6.191 | logz: -1.3e+05 +/- 1.2e-01 | dlogz: 132393.065 >  0.500
 loglike: -1.3e+05 | params: [-0.23199648 -1.19607945  5.61466874  9.8390269  26.91082833]
 Average call time: 0.41 sec | Current time: 2019-04-16 11:34:08.750684
 --------------------------
iter: 34 | nc: 1 | ncalls: 534 | bounds: 0 | eff(%):  6.367 | logz: -1.3e+05 +/- 1.2e-01 | dlogz: 131650.443 >  0.500
 loglike: -1.3e+05 | params: [-0.98898091 -1.38029686  6.14948003  9.64881721 29.83226495]
 Average call time: 0.41 sec | Current time: 2019-04-16 11:34:09.161336
 --------------------------
iter: 35 | nc: 1 | ncalls: 535 | bounds: 0 | eff(%):  6.542 | logz: -1.3e+05 +/- 1.2e-01 | dlogz: 131521.867 >  0.500
 loglike: -1.3e+05 | params: [ 0.05753086 -1.52667012  6.1102201   9.65819687 29.56230608]
 Average call time: 0.40 sec | Current time: 2019-04-16 11:34:09.563881
 --------------------------
iter: 36 | nc: 1 | ncalls: 536 | bounds: 0 | eff(%):  6.716 | logz: -1.3e+05 +/- 1.2e-01 | dlogz: 131386.097 >  0.500
 loglike: -1.3e+05 | params: [-0.51247356 -1.73287795  5.70866568 10.12974513 26.52381783]
 Average call time: 0.43 sec | Current time: 2019-04-16 11:34:09.989606
 --------------------------
iter: 37 | nc: 1 | ncalls: 537 | bounds: 0 | eff(%):  6.890 | logz: -1.3e+05 +/- 1.2e-01 | dlogz: 131263.242 >  0.500
 loglike: -1.3e+05 | params: [ 1.29415419e-02 -1.03589879e+00  6.33085626e+00  9.91381585e+00
  2.96725498e+01]
 Average call time: 0.41 sec | Current time: 2019-04-16 11:34:10.402797
 --------------------------
iter: 38 | nc: 1 | ncalls: 538 | bounds: 0 | eff(%):  7.063 | logz: -1.3e+05 +/- 1.2e-01 | dlogz: 130880.046 >  0.500
 loglike: -1.3e+05 | params: [-0.62669915 -1.13839038  6.12322878 10.03800828 28.91847461]
 Average call time: 0.41 sec | Current time: 2019-04-16 11:34:10.810818
 --------------------------
iter: 39 | nc: 1 | ncalls: 539 | bounds: 0 | eff(%):  7.236 | logz: -1.3e+05 +/- 1.2e-01 | dlogz: 130696.929 >  0.500
 loglike: -1.3e+05 | params: [-0.97278467 -1.55166223  6.07245923 10.04311686 28.73741973]
 Average call time: 0.42 sec | Current time: 2019-04-16 11:34:11.228856
 --------------------------
iter: 40 | nc: 1 | ncalls: 540 | bounds: 0 | eff(%):  7.407 | logz: -1.3e+05 +/- 1.2e-01 | dlogz: 130687.429 >  0.500
 loglike: -1.3e+05 | params: [-0.54184905 -1.93422121  5.65123552  9.85867164 27.65257756]
 Average call time: 0.43 sec | Current time: 2019-04-16 11:34:11.658636
 --------------------------
iter: 41 | nc: 1 | ncalls: 541 | bounds: 0 | eff(%):  7.579 | logz: -1.3e+05 +/- 1.2e-01 | dlogz: 130628.118 >  0.500
 loglike: -1.3e+05 | params: [-0.98832049 -1.33875291  5.60455111 10.14863231 26.64124326]
 Average call time: 0.40 sec | Current time: 2019-04-16 11:34:12.059902
 --------------------------
iter: 42 | nc: 1 | ncalls: 542 | bounds: 0 | eff(%):  7.749 | logz: -1.3e+05 +/- 1.2e-01 | dlogz: 130244.779 >  0.500
 loglike: -1.3e+05 | params: [-0.98950126 -1.52845105  5.90968844 10.14622579 28.47154201]
 Average call time: 0.41 sec | Current time: 2019-04-16 11:34:12.466707
 --------------------------
iter: 43 | nc: 1 | ncalls: 543 | bounds: 0 | eff(%):  7.919 | logz: -1.3e+05 +/- 1.2e-01 | dlogz: 129618.809 >  0.500
 loglike: -1.3e+05 | params: [-0.33084564 -1.3899995   5.90569456  9.7869706  28.92095538]
 Average call time: 0.43 sec | Current time: 2019-04-16 11:34:12.896211
 --------------------------
iter: 44 | nc: 1 | ncalls: 544 | bounds: 0 | eff(%):  8.088 | logz: -1.3e+05 +/- 1.2e-01 | dlogz: 129552.989 >  0.500
 loglike: -1.3e+05 | params: [-0.81075592 -1.66482534  5.13020711  9.55133978 25.82509593]
 Average call time: 0.40 sec | Current time: 2019-04-16 11:34:13.292817
 --------------------------
iter: 45 | nc: 1 | ncalls: 545 | bounds: 0 | eff(%):  8.257 | logz: -1.3e+05 +/- 1.2e-01 | dlogz: 129261.257 >  0.500
 loglike: -1.3e+05 | params: [-0.30083533 -1.67109514  5.83041793  9.67161657 29.3203358 ]
 Average call time: 0.40 sec | Current time: 2019-04-16 11:34:13.693006
 --------------------------
iter: 46 | nc: 2 | ncalls: 547 | bounds: 0 | eff(%):  8.410 | logz: -1.3e+05 +/- 1.2e-01 | dlogz: 128561.994 >  0.500
 loglike: -1.3e+05 | params: [-0.46723089 -1.47798857  6.28697745  9.86037267 30.62849033]
 Average call time: 0.40 sec | Current time: 2019-04-16 11:34:14.488174
 --------------------------
iter: 47 | nc: 1 | ncalls: 548 | bounds: 0 | eff(%):  8.577 | logz: -1.3e+05 +/- 1.2e-01 | dlogz: 128345.269 >  0.500
 loglike: -1.3e+05 | params: [-0.93482958 -1.90727068  6.04795852  9.61770568 30.44329918]
 Average call time: 0.41 sec | Current time: 2019-04-16 11:34:14.902585
 --------------------------
iter: 48 | nc: 1 | ncalls: 549 | bounds: 0 | eff(%):  8.743 | logz: -1.3e+05 +/- 1.2e-01 | dlogz: 128230.920 >  0.500
 loglike: -1.3e+05 | params: [-0.63323851 -1.94363618  6.23816311  9.95414568 30.18373742]
 Average call time: 0.42 sec | Current time: 2019-04-16 11:34:15.322245
 --------------------------
iter: 49 | nc: 1 | ncalls: 550 | bounds: 0 | eff(%):  8.909 | logz: -1.3e+05 +/- 1.2e-01 | dlogz: 127604.116 >  0.500
 loglike: -1.3e+05 | params: [-0.79110992 -1.7640902   6.30331188  9.90755274 30.86398876]
 Average call time: 0.41 sec | Current time: 2019-04-16 11:34:15.733007
 --------------------------
iter: 50 | nc: 1 | ncalls: 551 | bounds: 0 | eff(%):  9.074 | logz: -1.3e+05 +/- 1.2e-01 | dlogz: 127380.463 >  0.500
 loglike: -1.3e+05 | params: [-0.08840361 -1.57503161  5.40250494  9.91160525 27.05606581]
 Average call time: 0.44 sec | Current time: 2019-04-16 11:34:16.175394
 --------------------------
iter: 51 | nc: 1 | ncalls: 552 | bounds: 0 | eff(%):  9.239 | logz: -1.3e+05 +/- 1.2e-01 | dlogz: 127104.195 >  0.500
 loglike: -1.3e+05 | params: [-0.20922086 -1.17124935  5.35244171  9.73483616 27.51542015]
 Average call time: 0.41 sec | Current time: 2019-04-16 11:34:16.582952
 --------------------------
iter: 52 | nc: 1 | ncalls: 553 | bounds: 0 | eff(%):  9.403 | logz: -1.3e+05 +/- 1.2e-01 | dlogz: 126319.800 >  0.500
 loglike: -1.3e+05 | params: [-0.15896473 -1.91252839  6.04786376 10.04772519 29.75956617]
 Average call time: 0.37 sec | Current time: 2019-04-16 11:34:16.952705
 --------------------------
iter: 53 | nc: 2 | ncalls: 555 | bounds: 0 | eff(%):  9.550 | logz: -1.3e+05 +/- 1.2e-01 | dlogz: 126287.582 >  0.500
 loglike: -1.3e+05 | params: [-0.53322037 -1.98759302  6.18761335 10.11129325 30.27620232]
 Average call time: 0.37 sec | Current time: 2019-04-16 11:34:17.687543
 --------------------------
iter: 54 | nc: 1 | ncalls: 556 | bounds: 0 | eff(%):  9.712 | logz: -1.3e+05 +/- 1.2e-01 | dlogz: 125736.930 >  0.500
 loglike: -1.3e+05 | params: [ 2.06598204e-02 -1.77068029e+00  5.16046568e+00  9.90292521e+00
  2.61905800e+01]
 Average call time: 0.37 sec | Current time: 2019-04-16 11:34:18.054370
 --------------------------
iter: 55 | nc: 1 | ncalls: 557 | bounds: 0 | eff(%):  9.874 | logz: -1.3e+05 +/- 1.2e-01 | dlogz: 125086.850 >  0.500
 loglike: -1.3e+05 | params: [ 5.97112448e-03 -1.70555661e+00  5.62247600e+00  9.65735041e+00
  2.93477373e+01]
 Average call time: 0.40 sec | Current time: 2019-04-16 11:34:18.457795
 --------------------------
iter: 56 | nc: 1 | ncalls: 558 | bounds: 0 | eff(%): 10.036 | logz: -1.3e+05 +/- 1.2e-01 | dlogz: 125023.744 >  0.500
 loglike: -1.3e+05 | params: [-0.4213846  -1.15281333  5.21209438  9.75750361 27.06974514]
 Average call time: 0.39 sec | Current time: 2019-04-16 11:34:18.849966
 --------------------------
iter: 57 | nc: 1 | ncalls: 559 | bounds: 0 | eff(%): 10.197 | logz: -1.3e+05 +/- 1.2e-01 | dlogz: 124954.277 >  0.500
 loglike: -1.3e+05 | params: [ 0.24484964 -1.33678169  5.77160647  9.68999969 29.3787761 ]
 Average call time: 0.40 sec | Current time: 2019-04-16 11:34:19.246737
 --------------------------
iter: 58 | nc: 1 | ncalls: 560 | bounds: 0 | eff(%): 10.357 | logz: -1.3e+05 +/- 1.2e-01 | dlogz: 124929.358 >  0.500
 loglike: -1.3e+05 | params: [-0.20252457 -1.34411697  5.57727598  9.50015907 29.51043167]
 Average call time: 0.39 sec | Current time: 2019-04-16 11:34:19.640233
 --------------------------
iter: 59 | nc: 2 | ncalls: 562 | bounds: 0 | eff(%): 10.498 | logz: -1.2e+05 +/- 1.2e-01 | dlogz: 124398.206 >  0.500
 loglike: -1.2e+05 | params: [ 0.15327535 -1.8298777   5.37352712 10.10885835 26.93964634]
 Average call time: 0.36 sec | Current time: 2019-04-16 11:34:20.369976
 --------------------------
iter: 60 | nc: 1 | ncalls: 563 | bounds: 0 | eff(%): 10.657 | logz: -1.2e+05 +/- 1.2e-01 | dlogz: 124137.185 >  0.500
 loglike: -1.2e+05 | params: [-0.66066633 -1.96556913  5.00834236  9.86414032 25.62933721]
 Average call time: 0.39 sec | Current time: 2019-04-16 11:34:20.757602
 --------------------------
iter: 61 | nc: 1 | ncalls: 564 | bounds: 0 | eff(%): 10.816 | logz: -1.2e+05 +/- 1.2e-01 | dlogz: 123910.241 >  0.500
 loglike: -1.2e+05 | params: [-0.75820708 -1.2599519   6.3269195   9.86112578 31.45067843]
 Average call time: 0.38 sec | Current time: 2019-04-16 11:34:21.136895
 --------------------------
iter: 62 | nc: 2 | ncalls: 566 | bounds: 0 | eff(%): 10.954 | logz: -1.2e+05 +/- 1.2e-01 | dlogz: 122958.560 >  0.500
 loglike: -1.2e+05 | params: [ 0.2255741  -1.85558164  6.11285233 10.02214051 30.22688551]
 Average call time: 0.36 sec | Current time: 2019-04-16 11:34:21.849464
 --------------------------
iter: 63 | nc: 2 | ncalls: 568 | bounds: 0 | eff(%): 11.092 | logz: -1.2e+05 +/- 1.2e-01 | dlogz: 122358.695 >  0.500
 loglike: -1.2e+05 | params: [ 0.18686073 -1.24784316  5.06105747  9.64586445 27.51799257]
 Average call time: 0.35 sec | Current time: 2019-04-16 11:34:22.558877
 --------------------------
iter: 64 | nc: 1 | ncalls: 569 | bounds: 0 | eff(%): 11.248 | logz: -1.2e+05 +/- 1.2e-01 | dlogz: 121382.937 >  0.500
 loglike: -1.2e+05 | params: [-0.63343555 -1.46988317  5.96530208 10.10814862 30.34754953]
 Average call time: 0.36 sec | Current time: 2019-04-16 11:34:22.921217
 --------------------------
iter: 65 | nc: 1 | ncalls: 570 | bounds: 0 | eff(%): 11.404 | logz: -1.2e+05 +/- 1.1e-01 | dlogz: 120327.290 >  0.500
 loglike: -1.2e+05 | params: [ 0.08245312 -1.28794288  5.15508414  9.76935647 27.68956199]
 Average call time: 0.38 sec | Current time: 2019-04-16 11:34:23.306148
 --------------------------
