Using pcmdpy version 0.9.0
Loading Setup File: setup_files/NGC4993/NGC4993_model11.py
(2, 1910)
Running Nested Sampling
-initializing models
-Saving initial results dataframe
iter: 1 | nc: 1 | ncalls: 401 | bounds: 0 | eff(%):  0.249 | logz: -1.1e+05 +/- 1.3e-01 | dlogz:    inf >  0.500
 loglike: -1.1e+05 | params: [ 0.14012184 -0.75109437  1.47346224  2.44162304  3.22815759  2.20921008
  6.89194171 28.70774224]
 Average call time: 1.76 sec | Current time: 2019-04-18 21:32:10.542804
 --------------------------
iter: 2 | nc: 1 | ncalls: 402 | bounds: 0 | eff(%):  0.498 | logz: -1.1e+05 +/- 1.3e-01 | dlogz: 110101.934 >  0.500
 loglike: -1.1e+05 | params: [-0.59412366 -1.21654508 -0.37299811  3.1207595   4.41243198  4.37681074
  6.9134606  29.7873977 ]
 Average call time: 1.46 sec | Current time: 2019-04-18 21:32:12.003232
 --------------------------
iter: 3 | nc: 1 | ncalls: 403 | bounds: 0 | eff(%):  0.744 | logz: -1.1e+05 +/- 1.3e-01 | dlogz: 108306.842 >  0.500
 loglike: -1.1e+05 | params: [ 0.35481962 -0.88112748  0.62752391  0.30358722  3.52125797  5.21314416
  6.64200461 29.09416218]
 Average call time: 1.55 sec | Current time: 2019-04-18 21:32:13.552869
 --------------------------
iter: 4 | nc: 1 | ncalls: 404 | bounds: 0 | eff(%):  0.990 | logz: -1.1e+05 +/- 1.3e-01 | dlogz: 107771.572 >  0.500
 loglike: -1.1e+05 | params: [-0.19677719 -1.332803   -0.67786752  2.69016616  4.7354557   5.97895898
  6.65564952 29.84679832]
 Average call time: 1.65 sec | Current time: 2019-04-18 21:32:15.199251
 --------------------------
iter: 5 | nc: 1 | ncalls: 405 | bounds: 0 | eff(%):  1.235 | logz: -1.0e+05 +/- 1.3e-01 | dlogz: 105673.423 >  0.500
 loglike: -1.0e+05 | params: [ 0.45365872 -0.87604802  2.96463336  0.61985911  4.21365665  5.03411539
  6.78131757 29.1466708 ]
 Average call time: 1.43 sec | Current time: 2019-04-18 21:32:16.629354
 --------------------------
iter: 6 | nc: 1 | ncalls: 406 | bounds: 0 | eff(%):  1.478 | logz: -1.0e+05 +/- 1.3e-01 | dlogz: 102082.149 >  0.500
 loglike: -1.0e+05 | params: [-0.16082846 -1.85898212  2.39546988  2.30988992  1.63682311  4.69474602
  6.66802606 29.98118344]
 Average call time: 1.62 sec | Current time: 2019-04-18 21:32:18.253836
 --------------------------
iter: 7 | nc: 1 | ncalls: 407 | bounds: 0 | eff(%):  1.720 | logz: -1.0e+05 +/- 1.3e-01 | dlogz: 101401.854 >  0.500
 loglike: -1.0e+05 | params: [ 0.47626545 -1.08418978  1.84048124  2.88407344  3.08557884  2.85151346
  6.85943976 28.95936635]
 Average call time: 1.54 sec | Current time: 2019-04-18 21:32:19.790951
 --------------------------
iter: 8 | nc: 1 | ncalls: 408 | bounds: 0 | eff(%):  1.961 | logz: -9.7e+04 +/- 1.3e-01 | dlogz: 100263.530 >  0.500
 loglike: -9.7e+04 | params: [-0.74481655 -0.92242733  2.71287833  0.78345182  4.77249285  5.12545554
  6.6022441  28.37702841]
 Average call time: 1.58 sec | Current time: 2019-04-18 21:32:21.367762
 --------------------------
iter: 9 | nc: 1 | ncalls: 409 | bounds: 0 | eff(%):  2.200 | logz: -9.6e+04 +/- 1.3e-01 | dlogz: 95356.672 >  0.500
 loglike: -9.6e+04 | params: [-0.41415881 -0.77647467  3.12826441  3.94866913  1.27218766  2.58240713
  6.85737141 29.44418363]
 Average call time: 1.65 sec | Current time: 2019-04-18 21:32:23.013900
 --------------------------
iter: 10 | nc: 1 | ncalls: 410 | bounds: 0 | eff(%):  2.439 | logz: -9.5e+04 +/- 1.3e-01 | dlogz: 94335.104 >  0.500
 loglike: -9.5e+04 | params: [-0.4380919  -1.90539084  0.94952388  3.1450965   3.94839316  2.88606564
  6.38701736 28.28721953]
 Average call time: 1.79 sec | Current time: 2019-04-18 21:32:24.803960
 --------------------------
iter: 11 | nc: 1 | ncalls: 411 | bounds: 0 | eff(%):  2.676 | logz: -9.2e+04 +/- 1.3e-01 | dlogz: 93571.722 >  0.500
 loglike: -9.2e+04 | params: [-0.87022431 -0.87047926  2.20284497  1.52823823  4.25752731  4.24677969
  6.2658157  29.86033985]
 Average call time: 1.52 sec | Current time: 2019-04-18 21:32:26.319103
 --------------------------
iter: 12 | nc: 1 | ncalls: 412 | bounds: 0 | eff(%):  2.913 | logz: -9.0e+04 +/- 1.3e-01 | dlogz: 90824.778 >  0.500
 loglike: -9.0e+04 | params: [ 0.49157305 -1.14941677  2.6799342   0.63089757  1.55192231  3.43102225
  6.75444849 29.03698304]
 Average call time: 1.54 sec | Current time: 2019-04-18 21:32:27.855657
 --------------------------
iter: 13 | nc: 1 | ncalls: 413 | bounds: 0 | eff(%):  3.148 | logz: -8.9e+04 +/- 1.3e-01 | dlogz: 88457.022 >  0.500
 loglike: -8.9e+04 | params: [ 0.33783003 -0.78447015  3.0900926   4.09706905  3.24093162  3.35460633
  6.6092172  28.50650456]
 Average call time: 1.40 sec | Current time: 2019-04-18 21:32:29.254889
 --------------------------
iter: 14 | nc: 1 | ncalls: 414 | bounds: 0 | eff(%):  3.382 | logz: -8.9e+04 +/- 1.3e-01 | dlogz: 87226.893 >  0.500
 loglike: -8.9e+04 | params: [-0.98817451 -1.0615595   1.54091411  1.20706949  3.61905396  6.0218195
  5.67235325 29.30240844]
 Average call time: 1.57 sec | Current time: 2019-04-18 21:32:30.829802
 --------------------------
iter: 15 | nc: 1 | ncalls: 415 | bounds: 0 | eff(%):  3.614 | logz: -8.8e+04 +/- 1.3e-01 | dlogz: 87093.339 >  0.500
 loglike: -8.8e+04 | params: [ 0.1859818  -1.23591432  1.90311363  2.42503693  1.22125098  4.38003766
  6.21392583 28.04189851]
 Average call time: 1.39 sec | Current time: 2019-04-18 21:32:32.216169
 --------------------------
iter: 16 | nc: 1 | ncalls: 416 | bounds: 0 | eff(%):  3.846 | logz: -8.6e+04 +/- 1.3e-01 | dlogz: 86263.749 >  0.500
 loglike: -8.6e+04 | params: [-0.67715546 -1.97239851  2.68563071  0.71103301  1.88454472  6.07847163
  6.24703821 30.45055606]
 Average call time: 1.64 sec | Current time: 2019-04-18 21:32:33.854681
 --------------------------
iter: 17 | nc: 1 | ncalls: 417 | bounds: 0 | eff(%):  4.077 | logz: -8.6e+04 +/- 1.3e-01 | dlogz: 84902.631 >  0.500
 loglike: -8.6e+04 | params: [-0.37115528 -1.14700008 -0.59946949  4.24874931  3.35228648  5.22645755
  6.66088882 31.4161856 ]
 Average call time: 1.57 sec | Current time: 2019-04-18 21:32:35.429450
 --------------------------
iter: 18 | nc: 1 | ncalls: 418 | bounds: 0 | eff(%):  4.306 | logz: -8.6e+04 +/- 1.3e-01 | dlogz: 84792.958 >  0.500
 loglike: -8.6e+04 | params: [-0.80871565 -1.83070291  2.15534558  1.22371293  4.48255009  3.42264878
  6.43170517 30.36529515]
 Average call time: 1.63 sec | Current time: 2019-04-18 21:32:37.056695
 --------------------------
iter: 19 | nc: 1 | ncalls: 419 | bounds: 0 | eff(%):  4.535 | logz: -8.5e+04 +/- 1.3e-01 | dlogz: 84327.153 >  0.500
 loglike: -8.5e+04 | params: [-0.9063676  -1.61096434  1.36240615  2.23778767  4.60610083  2.33027992
  6.76182488 31.40098164]
 Average call time: 1.54 sec | Current time: 2019-04-18 21:32:38.598509
 --------------------------
iter: 20 | nc: 1 | ncalls: 420 | bounds: 0 | eff(%):  4.762 | logz: -8.5e+04 +/- 1.3e-01 | dlogz: 83671.301 >  0.500
 loglike: -8.5e+04 | params: [-0.08623446 -1.06996766  0.99968765  1.06130038  2.65208409  5.80766243
  5.62127172 28.81523097]
 Average call time: 1.55 sec | Current time: 2019-04-18 21:32:40.149214
 --------------------------
iter: 21 | nc: 1 | ncalls: 421 | bounds: 0 | eff(%):  4.988 | logz: -8.5e+04 +/- 1.3e-01 | dlogz: 83557.273 >  0.500
 loglike: -8.5e+04 | params: [-0.40902016 -1.31505032  1.90878611  2.16973877  3.99698297  5.4927016
  6.19868328 29.97978561]
 Average call time: 1.69 sec | Current time: 2019-04-18 21:32:41.843011
 --------------------------
iter: 22 | nc: 1 | ncalls: 422 | bounds: 0 | eff(%):  5.213 | logz: -8.5e+04 +/- 1.3e-01 | dlogz: 83454.498 >  0.500
 loglike: -8.5e+04 | params: [ 0.26437443 -1.00772645  1.70280667  4.21758106  3.54116696  2.97044028
  6.60949466 30.61885601]
 Average call time: 1.60 sec | Current time: 2019-04-18 21:32:43.446776
 --------------------------
iter: 23 | nc: 1 | ncalls: 423 | bounds: 0 | eff(%):  5.437 | logz: -8.5e+04 +/- 1.2e-01 | dlogz: 83229.114 >  0.500
 loglike: -8.5e+04 | params: [ 0.4967449  -1.39832841  2.76703084  2.54276712  4.68923316  5.65014203
  6.05267665 28.31808063]
 Average call time: 1.65 sec | Current time: 2019-04-18 21:32:45.092362
 --------------------------
iter: 24 | nc: 1 | ncalls: 424 | bounds: 0 | eff(%):  5.660 | logz: -8.2e+04 +/- 1.3e-01 | dlogz: 83226.560 >  0.500
 loglike: -8.2e+04 | params: [-0.8369906  -1.28446458  3.16266324  0.5337364   4.28526806  6.0507887
  3.80573352 28.44830299]
 Average call time: 1.53 sec | Current time: 2019-04-18 21:32:46.626940
 --------------------------
iter: 25 | nc: 2 | ncalls: 426 | bounds: 0 | eff(%):  5.869 | logz: -8.2e+04 +/- 1.3e-01 | dlogz: 80869.325 >  0.500
 loglike: -8.2e+04 | params: [ 0.4487548  -1.77926465 -0.64772423  2.64178677  1.3325324   5.91183246
  4.23836394 29.9361869 ]
 Average call time: 1.76 sec | Current time: 2019-04-18 21:32:50.148842
 --------------------------
iter: 26 | nc: 2 | ncalls: 428 | bounds: 0 | eff(%):  6.075 | logz: -8.2e+04 +/- 1.3e-01 | dlogz: 80804.385 >  0.500
 loglike: -8.2e+04 | params: [-0.85409838 -1.54862524 -0.52524574  2.59892448  3.77393589  5.11166626
  5.72793189 29.13358773]
 Average call time: 1.47 sec | Current time: 2019-04-18 21:32:53.090538
 --------------------------
iter: 27 | nc: 1 | ncalls: 429 | bounds: 0 | eff(%):  6.294 | logz: -8.2e+04 +/- 1.3e-01 | dlogz: 80582.295 >  0.500
 loglike: -8.2e+04 | params: [-0.69245971 -1.64790414  1.62158286  2.78008296  4.80687377  2.81385972
  6.13544393 29.55264007]
 Average call time: 1.55 sec | Current time: 2019-04-18 21:32:54.641300
 --------------------------
iter: 28 | nc: 1 | ncalls: 430 | bounds: 0 | eff(%):  6.512 | logz: -8.2e+04 +/- 1.3e-01 | dlogz: 80491.683 >  0.500
 loglike: -8.2e+04 | params: [-0.62010499 -0.61447332  2.02579153  1.96812036  4.23730679  5.06791276
  5.888579   29.05782754]
 Average call time: 1.57 sec | Current time: 2019-04-18 21:32:56.208276
 --------------------------
iter: 29 | nc: 1 | ncalls: 431 | bounds: 0 | eff(%):  6.729 | logz: -8.2e+04 +/- 1.3e-01 | dlogz: 80416.218 >  0.500
 loglike: -8.2e+04 | params: [-0.05899446 -1.60746241  1.5638596   2.48582075  1.67763226  4.73691354
  6.70836183 31.56767684]
 Average call time: 1.49 sec | Current time: 2019-04-18 21:32:57.693551
 --------------------------
iter: 30 | nc: 1 | ncalls: 432 | bounds: 0 | eff(%):  6.944 | logz: -8.1e+04 +/- 1.3e-01 | dlogz: 80304.136 >  0.500
 loglike: -8.1e+04 | params: [-0.37174015 -1.16608943  0.77546169  0.9862053   2.8686313   3.88037837
  6.53443205 31.48299795]
 Average call time: 1.46 sec | Current time: 2019-04-18 21:32:59.153914
 --------------------------
iter: 31 | nc: 1 | ncalls: 433 | bounds: 0 | eff(%):  7.159 | logz: -7.9e+04 +/- 1.3e-01 | dlogz: 79297.850 >  0.500
 loglike: -7.9e+04 | params: [-0.57578145 -1.63730192  2.71909544  1.73459034  4.42841272  5.90810769
  6.42656989 31.72045372]
 Average call time: 1.41 sec | Current time: 2019-04-18 21:33:00.568379
 --------------------------
iter: 32 | nc: 1 | ncalls: 434 | bounds: 0 | eff(%):  7.373 | logz: -7.8e+04 +/- 1.3e-01 | dlogz: 77165.998 >  0.500
 loglike: -7.8e+04 | params: [-0.07579112 -1.67106324  2.72378244  2.85767243  2.76828138  3.04535434
  6.27082153 28.98516325]
 Average call time: 1.39 sec | Current time: 2019-04-18 21:33:01.955083
 --------------------------
iter: 33 | nc: 1 | ncalls: 435 | bounds: 0 | eff(%):  7.586 | logz: -7.8e+04 +/- 1.3e-01 | dlogz: 76730.974 >  0.500
 loglike: -7.8e+04 | params: [-0.7345401  -1.36869916  0.19318404  0.77632624  4.45867755  5.74889895
  5.45105116 29.57560731]
 Average call time: 1.47 sec | Current time: 2019-04-18 21:33:03.427934
 --------------------------
iter: 34 | nc: 1 | ncalls: 436 | bounds: 0 | eff(%):  7.798 | logz: -7.7e+04 +/- 1.3e-01 | dlogz: 76363.842 >  0.500
 loglike: -7.7e+04 | params: [ 0.36627463 -0.96179487 -0.59454027  3.6005604   2.35606367  5.85482106
  4.86774578 29.25331607]
 Average call time: 1.60 sec | Current time: 2019-04-18 21:33:05.028106
 --------------------------
iter: 35 | nc: 1 | ncalls: 437 | bounds: 0 | eff(%):  8.009 | logz: -7.7e+04 +/- 1.3e-01 | dlogz: 75897.977 >  0.500
 loglike: -7.7e+04 | params: [ 0.19689412 -1.54460853  0.82766132  2.06338921  0.95841031  4.57880952
  6.15375377 30.34172011]
 Average call time: 1.59 sec | Current time: 2019-04-18 21:33:06.613346
 --------------------------
iter: 36 | nc: 1 | ncalls: 438 | bounds: 0 | eff(%):  8.219 | logz: -7.7e+04 +/- 1.3e-01 | dlogz: 75773.107 >  0.500
 loglike: -7.7e+04 | params: [-0.90816332 -1.96525887  1.26324553  1.33257689  2.65749266  6.00303009
  6.12663954 30.84125516]
 Average call time: 1.80 sec | Current time: 2019-04-18 21:33:08.412771
 --------------------------
iter: 37 | nc: 1 | ncalls: 439 | bounds: 0 | eff(%):  8.428 | logz: -7.7e+04 +/- 1.3e-01 | dlogz: 75334.571 >  0.500
 loglike: -7.7e+04 | params: [ 0.27713546 -1.38506299  0.27927587  3.28537672  4.04057353  5.25775187
  6.72666176 32.00208236]
 Average call time: 1.57 sec | Current time: 2019-04-18 21:33:09.984210
 --------------------------
iter: 38 | nc: 1 | ncalls: 440 | bounds: 0 | eff(%):  8.636 | logz: -7.6e+04 +/- 1.3e-01 | dlogz: 75013.390 >  0.500
 loglike: -7.6e+04 | params: [-0.29425096 -1.69914203  0.06795667  0.9763712   2.2932354   5.75560556
  4.66961796 29.78295886]
 Average call time: 1.66 sec | Current time: 2019-04-18 21:33:11.642515
 --------------------------
iter: 39 | nc: 1 | ncalls: 441 | bounds: 0 | eff(%):  8.844 | logz: -7.6e+04 +/- 1.3e-01 | dlogz: 74825.536 >  0.500
 loglike: -7.6e+04 | params: [ 0.29894374 -0.93191432  1.88877191  1.8053926   1.59348613  5.08672129
  6.00363009 29.56547453]
 Average call time: 1.67 sec | Current time: 2019-04-18 21:33:13.309239
 --------------------------
iter: 40 | nc: 1 | ncalls: 442 | bounds: 0 | eff(%):  9.050 | logz: -7.5e+04 +/- 1.3e-01 | dlogz: 74110.715 >  0.500
 loglike: -7.5e+04 | params: [ 0.07249082 -0.91386277 -0.69160647  1.40946521  3.19821494  5.83173959
  4.29152189 29.20083123]
 Average call time: 1.79 sec | Current time: 2019-04-18 21:33:15.100075
 --------------------------
iter: 41 | nc: 2 | ncalls: 444 | bounds: 0 | eff(%):  9.234 | logz: -7.5e+04 +/- 1.3e-01 | dlogz: 73698.947 >  0.500
 loglike: -7.5e+04 | params: [ 0.17782106 -1.84798391  0.84543926  3.2357995   0.92600485  5.82132374
  4.77642823 28.69625018]
 Average call time: 1.53 sec | Current time: 2019-04-18 21:33:18.153833
 --------------------------
iter: 42 | nc: 1 | ncalls: 445 | bounds: 0 | eff(%):  9.438 | logz: -7.4e+04 +/- 1.3e-01 | dlogz: 73636.266 >  0.500
 loglike: -7.4e+04 | params: [-0.942749   -1.55141511  0.72075001  2.75289158  0.9841607   5.78678669
  3.89099818 29.37410121]
 Average call time: 1.46 sec | Current time: 2019-04-18 21:33:19.609960
 --------------------------
iter: 43 | nc: 1 | ncalls: 446 | bounds: 0 | eff(%):  9.641 | logz: -7.3e+04 +/- 1.3e-01 | dlogz: 72531.648 >  0.500
 loglike: -7.3e+04 | params: [ 0.18764661 -1.15018801  2.54335672  4.16594778  4.7371675   5.90740346
  5.14268195 28.92536128]
 Average call time: 1.61 sec | Current time: 2019-04-18 21:33:21.223101
 --------------------------
iter: 44 | nc: 1 | ncalls: 447 | bounds: 0 | eff(%):  9.843 | logz: -7.3e+04 +/- 1.3e-01 | dlogz: 71948.963 >  0.500
 loglike: -7.3e+04 | params: [-0.57610897 -1.55999604 -0.26209588  3.83893648  2.68136193  4.71207874
  6.17275495 30.82962864]
 Average call time: 1.59 sec | Current time: 2019-04-18 21:33:22.812936
 --------------------------
iter: 45 | nc: 1 | ncalls: 448 | bounds: 0 | eff(%): 10.045 | logz: -7.3e+04 +/- 1.3e-01 | dlogz: 71632.304 >  0.500
 loglike: -7.3e+04 | params: [-0.91195236 -1.91150813 -0.55842731  2.33015715  2.49625448  6.10719143
  3.36981432 31.27384302]
 Average call time: 1.37 sec | Current time: 2019-04-18 21:33:24.187666
 --------------------------
iter: 46 | nc: 1 | ncalls: 449 | bounds: 0 | eff(%): 10.245 | logz: -7.3e+04 +/- 1.3e-01 | dlogz: 71549.751 >  0.500
 loglike: -7.3e+04 | params: [-0.36659602 -0.55920811  0.74763883  4.03902721  4.14899057  4.33101172
  6.69882366 31.97360336]
 Average call time: 1.65 sec | Current time: 2019-04-18 21:33:25.839203
 --------------------------
iter: 47 | nc: 1 | ncalls: 450 | bounds: 0 | eff(%): 10.444 | logz: -7.2e+04 +/- 1.3e-01 | dlogz: 71537.630 >  0.500
 loglike: -7.2e+04 | params: [ 0.27890336 -1.10306694  2.00907441  2.41491949  4.43318994  2.31765876
  6.06826908 29.45173269]
 Average call time: 1.42 sec | Current time: 2019-04-18 21:33:27.258891
 --------------------------
iter: 48 | nc: 1 | ncalls: 451 | bounds: 0 | eff(%): 10.643 | logz: -7.2e+04 +/- 1.3e-01 | dlogz: 70918.821 >  0.500
 loglike: -7.2e+04 | params: [-0.42551341 -1.01286541  2.7585446   2.55690313  2.58843143  3.14210479
  6.39661201 29.73278301]
 Average call time: 1.60 sec | Current time: 2019-04-18 21:33:28.855877
 --------------------------
iter: 49 | nc: 2 | ncalls: 453 | bounds: 0 | eff(%): 10.817 | logz: -7.2e+04 +/- 1.3e-01 | dlogz: 70718.902 >  0.500
 loglike: -7.2e+04 | params: [ 0.35538702 -1.5835775   0.2603495   3.06502585  4.48254519  6.04336236
  5.49918553 31.30007389]
 Average call time: 1.51 sec | Current time: 2019-04-18 21:33:31.866171
 --------------------------
iter: 50 | nc: 1 | ncalls: 454 | bounds: 0 | eff(%): 11.013 | logz: -7.2e+04 +/- 1.3e-01 | dlogz: 70179.075 >  0.500
 loglike: -7.2e+04 | params: [-0.82579241 -1.70404628  2.3508296   2.08972845  2.11166818  3.57929617
  5.98876497 29.80447485]
 Average call time: 1.82 sec | Current time: 2019-04-18 21:33:33.682146
 --------------------------
iter: 51 | nc: 1 | ncalls: 455 | bounds: 0 | eff(%): 11.209 | logz: -7.2e+04 +/- 1.3e-01 | dlogz: 70121.036 >  0.500
 loglike: -7.2e+04 | params: [-0.20913688 -1.70352043 -0.1034785   2.27017463  4.83708584  3.6845603
  5.79158734 29.75904269]
 Average call time: 1.70 sec | Current time: 2019-04-18 21:33:35.379588
 --------------------------
iter: 52 | nc: 1 | ncalls: 456 | bounds: 0 | eff(%): 11.404 | logz: -7.1e+04 +/- 1.3e-01 | dlogz: 70111.469 >  0.500
 loglike: -7.1e+04 | params: [-0.03601157 -1.02328964  3.10305258  1.59340638  0.90707085  6.00341716
  5.10919276 29.03087146]
 Average call time: 1.38 sec | Current time: 2019-04-18 21:33:36.763683
 --------------------------
iter: 53 | nc: 1 | ncalls: 457 | bounds: 0 | eff(%): 11.597 | logz: -7.1e+04 +/- 1.3e-01 | dlogz: 69968.488 >  0.500
 loglike: -7.1e+04 | params: [ 0.38252335 -1.12714809  2.11813606  2.7348979   3.9131465   5.79465567
  5.89429339 30.07952634]
 Average call time: 1.37 sec | Current time: 2019-04-18 21:33:38.129522
 --------------------------
iter: 54 | nc: 1 | ncalls: 458 | bounds: 0 | eff(%): 11.790 | logz: -7.0e+04 +/- 1.3e-01 | dlogz: 69383.285 >  0.500
 loglike: -7.0e+04 | params: [-8.60429697e-01 -1.22914016e+00  2.33589337e-02  2.18729416e+00
  1.98435062e+00  2.15052803e+00  6.48665909e+00  3.17389847e+01]
 Average call time: 1.52 sec | Current time: 2019-04-18 21:33:39.648412
 --------------------------
iter: 55 | nc: 1 | ncalls: 459 | bounds: 0 | eff(%): 11.983 | logz: -6.9e+04 +/- 1.3e-01 | dlogz: 68313.665 >  0.500
 loglike: -6.9e+04 | params: [-0.23087323 -0.75754015  1.70270398  4.14468793  2.07413542  5.49151168
  5.12451051 28.416682  ]
 Average call time: 1.34 sec | Current time: 2019-04-18 21:33:40.991923
 --------------------------
iter: 56 | nc: 1 | ncalls: 460 | bounds: 0 | eff(%): 12.174 | logz: -6.9e+04 +/- 1.3e-01 | dlogz: 67659.087 >  0.500
 loglike: -6.9e+04 | params: [-0.94816127 -1.90229078  1.5494103   1.34225071  2.79311009  3.36306232
  6.42466408 32.07020174]
 Average call time: 1.68 sec | Current time: 2019-04-18 21:33:42.669657
 --------------------------
iter: 57 | nc: 1 | ncalls: 461 | bounds: 0 | eff(%): 12.364 | logz: -6.9e+04 +/- 1.3e-01 | dlogz: 67509.051 >  0.500
 loglike: -6.9e+04 | params: [-0.95329725 -0.64576616  1.68290967  2.41893718  3.52925074  2.76751715
  6.06676766 29.94429047]
 Average call time: 1.63 sec | Current time: 2019-04-18 21:33:44.302033
 --------------------------
iter: 58 | nc: 1 | ncalls: 462 | bounds: 0 | eff(%): 12.554 | logz: -6.9e+04 +/- 1.3e-01 | dlogz: 67478.407 >  0.500
 loglike: -6.9e+04 | params: [-0.84682423 -0.6367794  -0.17026698  3.89648489  0.91808393  2.8027306
  6.2920889  31.10254637]
 Average call time: 1.56 sec | Current time: 2019-04-18 21:33:45.864700
 --------------------------
iter: 59 | nc: 1 | ncalls: 463 | bounds: 0 | eff(%): 12.743 | logz: -6.8e+04 +/- 1.3e-01 | dlogz: 67362.270 >  0.500
 loglike: -6.8e+04 | params: [ 0.23378084 -0.60472621  2.04191907  3.46871459  4.71204993  3.65212854
  5.86557469 29.28524695]
 Average call time: 1.50 sec | Current time: 2019-04-18 21:33:47.364706
 --------------------------
iter: 60 | nc: 1 | ncalls: 464 | bounds: 0 | eff(%): 12.931 | logz: -6.8e+04 +/- 1.3e-01 | dlogz: 66679.981 >  0.500
 loglike: -6.8e+04 | params: [-0.07982207 -0.89859541  1.49916414  3.36705334  4.82245203  5.26541582
  5.39287821 29.58284539]
 Average call time: 1.81 sec | Current time: 2019-04-18 21:33:49.177834
 --------------------------
iter: 61 | nc: 1 | ncalls: 465 | bounds: 0 | eff(%): 13.118 | logz: -6.8e+04 +/- 1.3e-01 | dlogz: 66432.253 >  0.500
 loglike: -6.8e+04 | params: [-0.1870201  -0.58344476  0.52672285  0.65598071  4.66581864  5.53673234
  3.03968174 29.17893682]
 Average call time: 1.63 sec | Current time: 2019-04-18 21:33:50.810471
 --------------------------
iter: 62 | nc: 1 | ncalls: 466 | bounds: 0 | eff(%): 13.305 | logz: -6.8e+04 +/- 1.3e-01 | dlogz: 66308.134 >  0.500
 loglike: -6.7e+04 | params: [-0.98740151 -1.29267658  2.64337622  3.95893159  1.80201414  6.07241271
  2.95952587 31.35250522]
 Average call time: 1.67 sec | Current time: 2019-04-18 21:33:52.481857
 --------------------------
iter: 63 | nc: 1 | ncalls: 467 | bounds: 0 | eff(%): 13.490 | logz: -6.7e+04 +/- 1.3e-01 | dlogz: 65976.493 >  0.500
 loglike: -6.7e+04 | params: [ 0.04026878 -1.36818209  2.66708554  2.56650701  4.63651905  5.62961513
  4.7681144  28.17310068]
 Average call time: 1.66 sec | Current time: 2019-04-18 21:33:54.140077
 --------------------------
iter: 64 | nc: 1 | ncalls: 468 | bounds: 0 | eff(%): 13.675 | logz: -6.7e+04 +/- 1.3e-01 | dlogz: 65898.775 >  0.500
 loglike: -6.7e+04 | params: [-0.93284663 -1.83066303  0.98585372  0.55050561  4.14125003  5.57305565
  3.46001365 29.9321945 ]
 Average call time: 1.62 sec | Current time: 2019-04-18 21:33:55.757044
 --------------------------
iter: 65 | nc: 2 | ncalls: 470 | bounds: 0 | eff(%): 13.830 | logz: -6.6e+04 +/- 1.3e-01 | dlogz: 65480.955 >  0.500
 loglike: -6.6e+04 | params: [ 0.38053071 -0.70844712 -0.06002542  2.81957008  1.21220593  5.44482266
  5.62852284 29.90267052]
 Average call time: 1.72 sec | Current time: 2019-04-18 21:33:59.195503
 --------------------------
iter: 66 | nc: 1 | ncalls: 471 | bounds: 0 | eff(%): 14.013 | logz: -6.4e+04 +/- 1.3e-01 | dlogz: 64520.344 >  0.500
 loglike: -6.4e+04 | params: [-0.63250068 -0.53389063 -0.30353461  3.38809319  2.82185104  5.33235328
  4.74123239 28.70469523]
 Average call time: 1.75 sec | Current time: 2019-04-18 21:34:00.949814
 --------------------------
iter: 67 | nc: 1 | ncalls: 472 | bounds: 0 | eff(%): 14.195 | logz: -6.4e+04 +/- 1.3e-01 | dlogz: 62715.735 >  0.500
 loglike: -6.4e+04 | params: [-0.33038967 -1.53975433 -0.69717174  1.44032016  1.94744547  2.25549546
  6.15169259 31.33799557]
 Average call time: 1.55 sec | Current time: 2019-04-18 21:34:02.499387
 --------------------------
iter: 68 | nc: 1 | ncalls: 473 | bounds: 0 | eff(%): 14.376 | logz: -6.4e+04 +/- 1.3e-01 | dlogz: 62528.631 >  0.500
 loglike: -6.4e+04 | params: [-0.59649197 -1.19728143  2.65846466  2.6334602   2.3463735   4.26311574
  5.81693988 28.19977978]
 Average call time: 1.52 sec | Current time: 2019-04-18 21:34:04.021469
 --------------------------
iter: 69 | nc: 1 | ncalls: 474 | bounds: 0 | eff(%): 14.557 | logz: -6.3e+04 +/- 1.3e-01 | dlogz: 62391.216 >  0.500
 loglike: -6.3e+04 | params: [ 0.24352085 -0.82517646  2.0716079   2.09877437  1.35181113  5.12507864
  5.62204239 29.01222628]
 Average call time: 1.43 sec | Current time: 2019-04-18 21:34:05.455811
 --------------------------
iter: 70 | nc: 1 | ncalls: 475 | bounds: 0 | eff(%): 14.737 | logz: -6.3e+04 +/- 1.3e-01 | dlogz: 61733.493 >  0.500
 loglike: -6.3e+04 | params: [-0.86021363 -1.44702214  2.17241016  0.39904024  2.35425775  3.36642647
  5.65614688 28.68393119]
 Average call time: 1.75 sec | Current time: 2019-04-18 21:34:07.205179
 --------------------------
iter: 71 | nc: 1 | ncalls: 476 | bounds: 0 | eff(%): 14.916 | logz: -6.2e+04 +/- 1.3e-01 | dlogz: 61324.843 >  0.500
 loglike: -6.2e+04 | params: [ 4.02894363e-01 -7.84359654e-01 -1.29399142e-02  2.61548569e+00
  4.49031183e+00  5.97796212e+00  3.20569114e+00  3.11758607e+01]
 Average call time: 1.61 sec | Current time: 2019-04-18 21:34:08.818113
 --------------------------
iter: 72 | nc: 1 | ncalls: 477 | bounds: 0 | eff(%): 15.094 | logz: -6.2e+04 +/- 1.3e-01 | dlogz: 60905.773 >  0.500
 loglike: -6.2e+04 | params: [-0.99654708 -1.21746843  2.26797228  2.03088842  4.43050263  4.22585434
  6.47550043 32.52676617]
 Average call time: 1.62 sec | Current time: 2019-04-18 21:34:10.442842
 --------------------------
iter: 73 | nc: 1 | ncalls: 478 | bounds: 0 | eff(%): 15.272 | logz: -6.1e+04 +/- 1.3e-01 | dlogz: 60818.905 >  0.500
 loglike: -6.1e+04 | params: [-0.44139178 -1.73951643  0.61462274  2.53716672  1.50407758  5.21155478
  3.07018059 28.10958514]
 Average call time: 1.73 sec | Current time: 2019-04-18 21:34:12.175401
 --------------------------
iter: 74 | nc: 2 | ncalls: 480 | bounds: 0 | eff(%): 15.417 | logz: -6.1e+04 +/- 1.3e-01 | dlogz: 59912.944 >  0.500
 loglike: -6.1e+04 | params: [-0.50686714 -1.18193101  0.18542844  3.75335143  1.58320457  3.59113653
  5.9738724  31.06183909]
 Average call time: 1.66 sec | Current time: 2019-04-18 21:34:15.489514
 --------------------------
iter: 75 | nc: 1 | ncalls: 481 | bounds: 0 | eff(%): 15.593 | logz: -6.1e+04 +/- 1.3e-01 | dlogz: 59420.234 >  0.500
 loglike: -6.1e+04 | params: [-0.77626923 -0.80148454  1.86310987  2.78775727  4.20513846  5.61334898
  5.36253937 30.88341873]
 Average call time: 1.38 sec | Current time: 2019-04-18 21:34:16.871281
 --------------------------
iter: 76 | nc: 1 | ncalls: 482 | bounds: 0 | eff(%): 15.768 | logz: -6.0e+04 +/- 1.3e-01 | dlogz: 59028.384 >  0.500
 loglike: -6.0e+04 | params: [-0.39834039 -0.6040784   1.29503236  3.50454087  4.40335851  5.15926419
  4.79321709 28.73919605]
 Average call time: 1.64 sec | Current time: 2019-04-18 21:34:18.511348
 --------------------------
iter: 77 | nc: 1 | ncalls: 483 | bounds: 0 | eff(%): 15.942 | logz: -5.9e+04 +/- 1.3e-01 | dlogz: 58266.035 >  0.500
 loglike: -5.9e+04 | params: [-0.15728068 -1.79361071  1.32632703  2.49701645  2.19450527  2.24353974
  5.85343955 30.66516067]
 Average call time: 1.53 sec | Current time: 2019-04-18 21:34:20.042460
 --------------------------
iter: 78 | nc: 1 | ncalls: 484 | bounds: 0 | eff(%): 16.116 | logz: -5.9e+04 +/- 1.3e-01 | dlogz: 57376.417 >  0.500
 loglike: -5.9e+04 | params: [ 0.13352922 -0.60184816  0.73930441  1.45392193  2.36404685  5.41939049
  6.54009242 32.27303785]
 Average call time: 1.44 sec | Current time: 2019-04-18 21:34:21.478876
 --------------------------
iter: 79 | nc: 1 | ncalls: 485 | bounds: 0 | eff(%): 16.289 | logz: -5.9e+04 +/- 1.3e-01 | dlogz: 57358.489 >  0.500
 loglike: -5.9e+04 | params: [-0.97243709 -0.71682237  1.52467204  3.86299404  3.79286056  5.98959113
  6.50340532 33.08967014]
 Average call time: 1.67 sec | Current time: 2019-04-18 21:34:23.148501
 --------------------------
iter: 80 | nc: 1 | ncalls: 486 | bounds: 0 | eff(%): 16.461 | logz: -5.8e+04 +/- 1.3e-01 | dlogz: 57041.724 >  0.500
 loglike: -5.8e+04 | params: [-0.80159965 -0.53827817 -0.04377182  3.30761244  2.80491686  5.18090853
  4.14712805 28.15175091]
 Average call time: 1.48 sec | Current time: 2019-04-18 21:34:24.629900
 --------------------------
iter: 81 | nc: 2 | ncalls: 488 | bounds: 0 | eff(%): 16.598 | logz: -5.8e+04 +/- 1.3e-01 | dlogz: 56838.838 >  0.500
 loglike: -5.8e+04 | params: [-0.33413653 -1.95344771  0.68664681  3.18909996  2.7785359   3.48626094
  5.49905602 29.26205322]
 Average call time: 1.58 sec | Current time: 2019-04-18 21:34:27.797395
 --------------------------
iter: 82 | nc: 1 | ncalls: 489 | bounds: 0 | eff(%): 16.769 | logz: -5.8e+04 +/- 1.3e-01 | dlogz: 56819.226 >  0.500
 loglike: -5.8e+04 | params: [-0.2580374  -0.70726313  1.61227078  4.05372197  4.74293946  5.24280338
  6.51772058 32.60833949]
 Average call time: 1.64 sec | Current time: 2019-04-18 21:34:29.439779
 --------------------------
iter: 83 | nc: 1 | ncalls: 490 | bounds: 0 | eff(%): 16.939 | logz: -5.8e+04 +/- 1.3e-01 | dlogz: 56740.180 >  0.500
 loglike: -5.8e+04 | params: [-0.30918226 -1.44267332 -0.14195959  2.09350777  4.64539735  5.16793699
  3.36816973 29.62055806]
 Average call time: 1.69 sec | Current time: 2019-04-18 21:34:31.131222
 --------------------------
iter: 84 | nc: 1 | ncalls: 491 | bounds: 0 | eff(%): 17.108 | logz: -5.8e+04 +/- 1.3e-01 | dlogz: 56517.720 >  0.500
 loglike: -5.8e+04 | params: [ 0.48617858 -1.0769443   2.57658988  2.10527163  3.40594859  5.48564063
  5.61961942 29.46876937]
 Average call time: 1.75 sec | Current time: 2019-04-18 21:34:32.877025
 --------------------------
iter: 85 | nc: 1 | ncalls: 492 | bounds: 0 | eff(%): 17.276 | logz: -5.7e+04 +/- 1.3e-01 | dlogz: 56422.034 >  0.500
 loglike: -5.7e+04 | params: [ 0.36855501 -1.68110599  0.52229176  1.31279718  4.44971713  5.39839628
  3.98213694 30.06883911]
 Average call time: 1.86 sec | Current time: 2019-04-18 21:34:34.741456
 --------------------------
iter: 86 | nc: 1 | ncalls: 493 | bounds: 0 | eff(%): 17.444 | logz: -5.7e+04 +/- 1.3e-01 | dlogz: 55844.781 >  0.500
 loglike: -5.7e+04 | params: [ 0.49794614 -1.51203526  2.63473111  2.71218127  2.64072192  4.21741141
  6.05481673 30.51350193]
 Average call time: 1.64 sec | Current time: 2019-04-18 21:34:36.379224
 --------------------------
iter: 87 | nc: 1 | ncalls: 494 | bounds: 0 | eff(%): 17.611 | logz: -5.7e+04 +/- 1.3e-01 | dlogz: 55202.663 >  0.500
 loglike: -5.7e+04 | params: [ 0.34369926 -1.32161229  2.85339895  0.87897359  3.82211449  4.00740933
  6.83196158 33.2568216 ]
 Average call time: 1.68 sec | Current time: 2019-04-18 21:34:38.063618
 --------------------------
iter: 88 | nc: 2 | ncalls: 496 | bounds: 0 | eff(%): 17.742 | logz: -5.6e+04 +/- 1.3e-01 | dlogz: 55038.786 >  0.500
 loglike: -5.6e+04 | params: [ 0.49198074 -1.7307532   0.50387506  2.53937842  0.9136639   5.71118754
  6.84450001 33.56894679]
 Average call time: 1.65 sec | Current time: 2019-04-18 21:34:41.359795
 --------------------------
iter: 89 | nc: 1 | ncalls: 497 | bounds: 0 | eff(%): 17.907 | logz: -5.6e+04 +/- 1.3e-01 | dlogz: 54788.795 >  0.500
 loglike: -5.6e+04 | params: [-0.34376087 -0.54361201  2.32913163  0.79331868  4.58498906  5.41977938
  4.50646094 29.40570646]
 Average call time: 1.52 sec | Current time: 2019-04-18 21:34:42.884676
 --------------------------
iter: 90 | nc: 1 | ncalls: 498 | bounds: 0 | eff(%): 18.072 | logz: -5.6e+04 +/- 1.3e-01 | dlogz: 54282.017 >  0.500
 loglike: -5.6e+04 | params: [-0.57122673 -0.76563818  0.33262229  0.47310859  1.46804273  2.17456373
  6.06520077 31.49121607]
 Average call time: 1.51 sec | Current time: 2019-04-18 21:34:44.393492
 --------------------------
iter: 91 | nc: 1 | ncalls: 499 | bounds: 0 | eff(%): 18.236 | logz: -5.5e+04 +/- 1.3e-01 | dlogz: 54012.360 >  0.500
 loglike: -5.5e+04 | params: [ 0.39924048 -0.76078241 -0.18453946  2.85422724  4.41207426  5.07403519
  4.99837748 29.35251844]
 Average call time: 1.62 sec | Current time: 2019-04-18 21:34:46.015515
 --------------------------
iter: 92 | nc: 1 | ncalls: 500 | bounds: 0 | eff(%): 18.400 | logz: -5.5e+04 +/- 1.3e-01 | dlogz: 53938.679 >  0.500
 loglike: -5.5e+04 | params: [-0.29852055 -1.5449407   2.89228087  2.03003386  3.62017054  3.67161784
  6.00608992 30.12967848]
 Average call time: 1.61 sec | Current time: 2019-04-18 21:34:47.629461
 --------------------------
iter: 93 | nc: 1 | ncalls: 501 | bounds: 0 | eff(%): 18.563 | logz: -5.5e+04 +/- 1.3e-01 | dlogz: 53700.646 >  0.500
 loglike: -5.5e+04 | params: [-0.18576961 -0.71580521 -0.26386558  4.25402134  1.94517536  2.72871434
  5.54038453 29.62128027]
 Average call time: 1.36 sec | Current time: 2019-04-18 21:34:48.987461
 --------------------------
iter: 94 | nc: 1 | ncalls: 502 | bounds: 0 | eff(%): 18.725 | logz: -5.5e+04 +/- 1.3e-01 | dlogz: 53696.980 >  0.500
 loglike: -5.5e+04 | params: [-0.1874456  -0.82905401  2.51966359  4.07985182  3.31609397  3.26892034
  6.24276626 31.76016894]
 Average call time: 1.51 sec | Current time: 2019-04-18 21:34:50.497183
 --------------------------
iter: 95 | nc: 1 | ncalls: 503 | bounds: 0 | eff(%): 18.887 | logz: -5.5e+04 +/- 1.3e-01 | dlogz: 53556.148 >  0.500
 loglike: -5.5e+04 | params: [ 0.03253523 -1.99460413  1.0904992   1.71409367  3.95183885  4.70071442
  5.74831661 30.82863812]
 Average call time: 1.62 sec | Current time: 2019-04-18 21:34:52.116415
 --------------------------
iter: 96 | nc: 1 | ncalls: 504 | bounds: 0 | eff(%): 19.048 | logz: -5.5e+04 +/- 1.3e-01 | dlogz: 53483.849 >  0.500
 loglike: -5.5e+04 | params: [ 0.35319322 -1.64518118 -0.25197519  1.53771595  4.27131479  5.43778404
  4.31813969 30.39971188]
 Average call time: 1.46 sec | Current time: 2019-04-18 21:34:53.574464
 --------------------------
iter: 97 | nc: 2 | ncalls: 506 | bounds: 0 | eff(%): 19.170 | logz: -5.4e+04 +/- 1.3e-01 | dlogz: 53299.263 >  0.500
 loglike: -5.4e+04 | params: [ 0.18388717 -1.85223273  1.00301677  1.78889009  4.20666348  4.9564418
  4.35553758 28.24636334]
 Average call time: 1.73 sec | Current time: 2019-04-18 21:34:57.025379
 --------------------------
iter: 98 | nc: 1 | ncalls: 507 | bounds: 0 | eff(%): 19.329 | logz: -5.4e+04 +/- 1.3e-01 | dlogz: 52364.384 >  0.500
 loglike: -5.4e+04 | params: [ 7.81111942e-03 -1.14299164e+00  6.62085214e-01  5.23306682e-01
  3.70754816e+00  3.04776413e+00  6.07663135e+00  3.15995472e+01]
 Average call time: 1.50 sec | Current time: 2019-04-18 21:34:58.523743
 --------------------------
iter: 99 | nc: 1 | ncalls: 508 | bounds: 0 | eff(%): 19.488 | logz: -5.4e+04 +/- 1.3e-01 | dlogz: 52253.800 >  0.500
 loglike: -5.4e+04 | params: [ 0.39971015 -1.02293279  0.82249808  3.42113337  2.14361409  4.38098767
  6.41204384 32.36173424]
 Average call time: 1.52 sec | Current time: 2019-04-18 21:35:00.046407
 --------------------------
iter: 100 | nc: 1 | ncalls: 509 | bounds: 0 | eff(%): 19.646 | logz: -5.3e+04 +/- 1.3e-01 | dlogz: 52164.344 >  0.500
 loglike: -5.3e+04 | params: [-0.48609031 -1.99078379  0.98789201  3.45438924  3.57892936  4.28868541
  5.19244225 28.13984149]
 Average call time: 1.61 sec | Current time: 2019-04-18 21:35:01.658874
 --------------------------
iter: 101 | nc: 1 | ncalls: 510 | bounds: 0 | eff(%): 19.804 | logz: -5.3e+04 +/- 1.3e-01 | dlogz: 51750.842 >  0.500
 loglike: -5.3e+04 | params: [-0.33826256 -1.94283331 -0.69050847  1.25113615  2.70961757  5.60525741
  4.6702264  31.2484593 ]
 Average call time: 1.39 sec | Current time: 2019-04-18 21:35:03.050575
 --------------------------
iter: 102 | nc: 1 | ncalls: 511 | bounds: 0 | eff(%): 19.961 | logz: -5.3e+04 +/- 1.3e-01 | dlogz: 51587.530 >  0.500
 loglike: -5.3e+04 | params: [ 0.13956658 -1.69151438  2.59604967  3.36563013  1.58092578  5.64682822
  3.3077901  30.02188445]
 Average call time: 1.72 sec | Current time: 2019-04-18 21:35:04.768925
 --------------------------
iter: 103 | nc: 1 | ncalls: 512 | bounds: 0 | eff(%): 20.117 | logz: -5.2e+04 +/- 1.3e-01 | dlogz: 51482.564 >  0.500
 loglike: -5.2e+04 | params: [-0.91568856 -1.58271247  2.98053334  3.61983908  4.50896502  4.48706141
  6.02953956 31.44099994]
 Average call time: 1.77 sec | Current time: 2019-04-18 21:35:06.536563
 --------------------------
iter: 104 | nc: 1 | ncalls: 513 | bounds: 0 | eff(%): 20.273 | logz: -5.2e+04 +/- 1.3e-01 | dlogz: 50689.722 >  0.500
 loglike: -5.2e+04 | params: [-0.98470352 -1.13465766 -0.19731082  0.71807183  1.64842192  5.09366966
  3.80482112 29.16695264]
 Average call time: 1.39 sec | Current time: 2019-04-18 21:35:07.925919
 --------------------------
iter: 105 | nc: 1 | ncalls: 514 | bounds: 0 | eff(%): 20.428 | logz: -5.2e+04 +/- 1.3e-01 | dlogz: 50527.829 >  0.500
 loglike: -5.2e+04 | params: [-0.70561128 -1.64264548  2.53172955  3.85215514  0.98781843  4.40179837
  6.15810672 32.20512433]
 Average call time: 1.45 sec | Current time: 2019-04-18 21:35:09.374453
 --------------------------
iter: 106 | nc: 2 | ncalls: 516 | bounds: 0 | eff(%): 20.543 | logz: -5.1e+04 +/- 1.3e-01 | dlogz: 50105.643 >  0.500
 loglike: -5.1e+04 | params: [-0.55524056 -1.47157164  1.44600131  1.2168633   1.52917064  3.60250625
  6.41532729 32.9952412 ]
 Average call time: 1.65 sec | Current time: 2019-04-18 21:35:12.670662
 --------------------------
iter: 107 | nc: 1 | ncalls: 517 | bounds: 0 | eff(%): 20.696 | logz: -5.1e+04 +/- 1.2e-01 | dlogz: 49772.903 >  0.500
 loglike: -5.1e+04 | params: [ 0.20210144 -1.48402837  0.57525274  1.67249841  2.64805232  4.4265668
  5.40577792 29.77117488]
 Average call time: 1.60 sec | Current time: 2019-04-18 21:35:14.274538
 --------------------------
iter: 108 | nc: 1 | ncalls: 518 | bounds: 0 | eff(%): 20.849 | logz: -5.1e+04 +/- 1.3e-01 | dlogz: 49771.429 >  0.500
 loglike: -5.1e+04 | params: [ 0.25970915 -1.9660432   2.12700733  3.35573112  2.06022329  2.87259432
  5.6579051  29.84130153]
 Average call time: 1.51 sec | Current time: 2019-04-18 21:35:15.783131
 --------------------------
iter: 109 | nc: 1 | ncalls: 519 | bounds: 0 | eff(%): 21.002 | logz: -5.1e+04 +/- 1.3e-01 | dlogz: 49597.120 >  0.500
 loglike: -5.1e+04 | params: [-0.77168664 -1.01864887 -0.24453771  2.08280829  4.80571541  2.63864943
  3.17664997 28.67872278]
 Average call time: 1.64 sec | Current time: 2019-04-18 21:35:17.424002
 --------------------------
iter: 110 | nc: 1 | ncalls: 520 | bounds: 0 | eff(%): 21.154 | logz: -5.0e+04 +/- 1.3e-01 | dlogz: 49250.795 >  0.500
 loglike: -5.0e+04 | params: [ 0.042323   -1.62926593  1.70060695  2.85694114  2.97655076  5.21911253
  2.98107583 29.25147867]
 Average call time: 1.52 sec | Current time: 2019-04-18 21:35:18.943575
 --------------------------
iter: 111 | nc: 1 | ncalls: 521 | bounds: 0 | eff(%): 21.305 | logz: -5.0e+04 +/- 1.3e-01 | dlogz: 48825.038 >  0.500
 loglike: -5.0e+04 | params: [-0.05386573 -1.57179001 -0.2622252   0.31963561  2.22889209  4.04587375
  5.12029847 28.36039374]
 Average call time: 1.50 sec | Current time: 2019-04-18 21:35:20.439888
 --------------------------
iter: 112 | nc: 2 | ncalls: 523 | bounds: 0 | eff(%): 21.415 | logz: -4.9e+04 +/- 1.3e-01 | dlogz: 48642.519 >  0.500
 loglike: -4.9e+04 | params: [-0.98169987 -1.31450228  2.96069554  3.65031155  2.76958911  5.71881316
  3.83951639 31.04153739]
 Average call time: 1.63 sec | Current time: 2019-04-18 21:35:23.702415
 --------------------------
iter: 113 | nc: 1 | ncalls: 524 | bounds: 0 | eff(%): 21.565 | logz: -4.8e+04 +/- 1.3e-01 | dlogz: 47533.711 >  0.500
 loglike: -4.8e+04 | params: [ 0.15231705 -1.55009534  1.42121078  1.24479252  2.65065877  5.34865091
  3.35100193 30.29984739]
 Average call time: 1.36 sec | Current time: 2019-04-18 21:35:25.060670
 --------------------------
iter: 114 | nc: 1 | ncalls: 525 | bounds: 0 | eff(%): 21.714 | logz: -4.8e+04 +/- 1.3e-01 | dlogz: 46803.031 >  0.500
 loglike: -4.8e+04 | params: [ 0.26796995 -1.76668099 -0.08729637  0.48955947  4.74426109  4.30187315
  4.21552359 29.34335173]
 Average call time: 1.62 sec | Current time: 2019-04-18 21:35:26.681422
 --------------------------
iter: 115 | nc: 1 | ncalls: 526 | bounds: 0 | eff(%): 21.863 | logz: -4.7e+04 +/- 1.3e-01 | dlogz: 46334.467 >  0.500
 loglike: -4.7e+04 | params: [ 0.21522525 -1.78798543 -0.44166604  1.69641621  4.75143762  4.87550508
  3.02606419 30.12821891]
 Average call time: 1.60 sec | Current time: 2019-04-18 21:35:28.285017
 --------------------------
iter: 116 | nc: 1 | ncalls: 527 | bounds: 0 | eff(%): 22.011 | logz: -4.7e+04 +/- 1.3e-01 | dlogz: 45863.826 >  0.500
 loglike: -4.7e+04 | params: [ 0.44016944 -1.66430661  0.07983462  0.88187346  2.85985298  3.15377218
  5.15828005 28.72916004]
 Average call time: 1.72 sec | Current time: 2019-04-18 21:35:30.008460
 --------------------------
iter: 117 | nc: 1 | ncalls: 528 | bounds: 0 | eff(%): 22.159 | logz: -4.7e+04 +/- 1.3e-01 | dlogz: 45476.390 >  0.500
 loglike: -4.7e+04 | params: [-0.44395172 -0.66936737 -0.58366613  2.4283296   2.1817574   3.11623113
  5.48565963 30.07623205]
 Average call time: 1.43 sec | Current time: 2019-04-18 21:35:31.434295
 --------------------------
iter: 118 | nc: 1 | ncalls: 529 | bounds: 0 | eff(%): 22.306 | logz: -4.6e+04 +/- 1.3e-01 | dlogz: 45383.946 >  0.500
 loglike: -4.6e+04 | params: [ 0.07225455 -0.9944909   1.77045353  1.82890793  3.94288448  2.99543164
  5.76256401 31.0455436 ]
 Average call time: 1.78 sec | Current time: 2019-04-18 21:35:33.211814
 --------------------------
iter: 119 | nc: 2 | ncalls: 531 | bounds: 0 | eff(%): 22.411 | logz: -4.5e+04 +/- 1.3e-01 | dlogz: 44513.410 >  0.500
 loglike: -4.5e+04 | params: [-0.59414379 -1.65998905  1.8257244   2.44055344  2.73140322  5.22914691
  5.50313007 31.55483722]
 Average call time: 1.54 sec | Current time: 2019-04-18 21:35:36.301170
 --------------------------
iter: 120 | nc: 1 | ncalls: 532 | bounds: 0 | eff(%): 22.556 | logz: -4.5e+04 +/- 1.3e-01 | dlogz: 43625.637 >  0.500
 loglike: -4.5e+04 | params: [ 0.27887097 -1.18416341  1.59620205  0.82264469  1.01516425  2.72963136
  5.96321218 31.68782426]
 Average call time: 1.77 sec | Current time: 2019-04-18 21:35:38.075013
 --------------------------
iter: 121 | nc: 1 | ncalls: 533 | bounds: 0 | eff(%): 22.702 | logz: -4.5e+04 +/- 1.3e-01 | dlogz: 43452.277 >  0.500
 loglike: -4.5e+04 | params: [-0.67866263 -0.64963083  1.37142725  3.64417526  2.03361269  4.70146337
  5.03781736 29.12116768]
 Average call time: 1.51 sec | Current time: 2019-04-18 21:35:39.582673
 --------------------------
iter: 122 | nc: 1 | ncalls: 534 | bounds: 0 | eff(%): 22.846 | logz: -4.4e+04 +/- 1.3e-01 | dlogz: 43148.697 >  0.500
 loglike: -4.4e+04 | params: [-0.79400124 -1.78701791  1.8887596   0.69757088  3.90440786  3.92561279
  5.71204491 31.56727375]
 Average call time: 1.50 sec | Current time: 2019-04-18 21:35:41.085289
 --------------------------
iter: 123 | nc: 1 | ncalls: 535 | bounds: 0 | eff(%): 22.991 | logz: -4.4e+04 +/- 1.3e-01 | dlogz: 42410.570 >  0.500
 loglike: -4.4e+04 | params: [ 0.47016345 -1.3152384  -0.54283694  3.80490679  1.54550136  5.24531933
  3.4785411  30.45009892]
 Average call time: 1.73 sec | Current time: 2019-04-18 21:35:42.816580
 --------------------------
iter: 124 | nc: 1 | ncalls: 536 | bounds: 0 | eff(%): 23.134 | logz: -4.3e+04 +/- 1.3e-01 | dlogz: 41986.184 >  0.500
 loglike: -4.3e+04 | params: [ 0.30589244 -0.53511637  3.15914744  2.00979862  1.21347055  3.6170873
  6.71672537 33.20844623]
 Average call time: 1.72 sec | Current time: 2019-04-18 21:35:44.537299
 --------------------------
iter: 125 | nc: 2 | ncalls: 538 | bounds: 0 | eff(%): 23.234 | logz: -4.3e+04 +/- 1.3e-01 | dlogz: 41364.462 >  0.500
 loglike: -4.3e+04 | params: [-0.87283923 -1.5004963   2.14740248  0.83595429  3.08614536  3.2007661
  6.83351483 34.67786906]
 Average call time: 1.65 sec | Current time: 2019-04-18 21:35:47.832064
 --------------------------
iter: 126 | nc: 1 | ncalls: 539 | bounds: 0 | eff(%): 23.377 | logz: -4.2e+04 +/- 1.3e-01 | dlogz: 41070.361 >  0.500
 loglike: -4.2e+04 | params: [ 0.03511384 -0.95548946  0.90011572  3.27584828  2.65360062  2.50686269
  6.47009374 33.29961108]
 Average call time: 1.57 sec | Current time: 2019-04-18 21:35:49.407036
 --------------------------
iter: 127 | nc: 1 | ncalls: 540 | bounds: 0 | eff(%): 23.519 | logz: -4.1e+04 +/- 1.3e-01 | dlogz: 40436.740 >  0.500
 loglike: -4.1e+04 | params: [-0.54209694 -1.25394295  0.55328048  1.13855173  1.16292532  4.78951583
  3.95460183 28.80883336]
 Average call time: 1.45 sec | Current time: 2019-04-18 21:35:50.856736
 --------------------------
iter: 128 | nc: 1 | ncalls: 541 | bounds: 0 | eff(%): 23.660 | logz: -4.0e+04 +/- 1.3e-01 | dlogz: 39406.954 >  0.500
 loglike: -4.0e+04 | params: [ 0.11047914 -1.15672705  1.40078717  1.75564724  2.5975324   3.19662624
  5.04742328 28.11296357]
 Average call time: 1.67 sec | Current time: 2019-04-18 21:35:52.523551
 --------------------------
iter: 129 | nc: 1 | ncalls: 542 | bounds: 0 | eff(%): 23.801 | logz: -4.0e+04 +/- 1.3e-01 | dlogz: 38747.283 >  0.500
 loglike: -4.0e+04 | params: [-0.153362   -1.37663171  0.54541042  3.94880535  4.59814666  2.15136006
  3.3078634  29.34089444]
 Average call time: 1.61 sec | Current time: 2019-04-18 21:35:54.130784
 --------------------------
iter: 130 | nc: 1 | ncalls: 543 | bounds: 0 | eff(%): 23.941 | logz: -4.0e+04 +/- 1.3e-01 | dlogz: 38547.091 >  0.500
 loglike: -4.0e+04 | params: [-0.03509362 -1.42292617 -0.21876145  4.08233261  1.98632761  5.0225038
  3.31290363 30.30271156]
 Average call time: 1.87 sec | Current time: 2019-04-18 21:35:56.003507
 --------------------------
iter: 131 | nc: 1 | ncalls: 544 | bounds: 0 | eff(%): 24.081 | logz: -3.9e+04 +/- 1.3e-01 | dlogz: 38385.228 >  0.500
 loglike: -3.9e+04 | params: [ 0.30917988 -1.23793833  3.16582713  1.97107395  2.96431532  5.89557051
  4.99480667 31.75232689]
 Average call time: 1.56 sec | Current time: 2019-04-18 21:35:57.563480
 --------------------------
iter: 132 | nc: 1 | ncalls: 545 | bounds: 0 | eff(%): 24.220 | logz: -3.9e+04 +/- 1.3e-01 | dlogz: 37620.774 >  0.500
 loglike: -3.9e+04 | params: [-0.49340625 -0.50629831  1.0819845   3.50988758  3.68996038  5.95131124
  5.79525773 32.95213879]
 Average call time: 1.92 sec | Current time: 2019-04-18 21:35:59.482505
 --------------------------
iter: 133 | nc: 1 | ncalls: 546 | bounds: 0 | eff(%): 24.359 | logz: -3.9e+04 +/- 1.3e-01 | dlogz: 37578.791 >  0.500
 loglike: -3.9e+04 | params: [-0.18581391 -1.25759766  2.43881964  1.49804985  1.33234872  4.34971721
  6.01196968 32.35186926]
 Average call time: 1.69 sec | Current time: 2019-04-18 21:36:01.167727
 --------------------------
iter: 134 | nc: 1 | ncalls: 547 | bounds: 0 | eff(%): 24.497 | logz: -3.8e+04 +/- 1.3e-01 | dlogz: 37132.718 >  0.500
 loglike: -3.8e+04 | params: [-2.45797166e-02 -1.88501575e+00  1.26633841e+00  4.02409066e+00
  3.37797035e+00  5.12995615e+00  4.12068407e+00  3.09318208e+01]
 Average call time: 1.38 sec | Current time: 2019-04-18 21:36:02.544964
 --------------------------
iter: 135 | nc: 1 | ncalls: 548 | bounds: 0 | eff(%): 24.635 | logz: -3.8e+04 +/- 1.3e-01 | dlogz: 36726.646 >  0.500
 loglike: -3.8e+04 | params: [ 0.35706932 -1.34537694  0.81770779  0.44793286  1.4440165   3.97208432
  5.2184737  29.98845479]
 Average call time: 1.66 sec | Current time: 2019-04-18 21:36:04.200664
 --------------------------
iter: 136 | nc: 1 | ncalls: 549 | bounds: 0 | eff(%): 24.772 | logz: -3.7e+04 +/- 1.3e-01 | dlogz: 36411.951 >  0.500
 loglike: -3.7e+04 | params: [ 0.1465662  -1.88849197  1.74710045  0.9095674   4.63255127  2.18796561
  4.31457956 29.15770973]
 Average call time: 1.54 sec | Current time: 2019-04-18 21:36:05.737022
 --------------------------
iter: 137 | nc: 3 | ncalls: 552 | bounds: 0 | eff(%): 24.819 | logz: -3.7e+04 +/- 1.3e-01 | dlogz: 35819.775 >  0.500
 loglike: -3.7e+04 | params: [-2.00830172e-02 -1.76124680e+00  2.79085264e+00  1.98544547e+00
  4.57097226e+00  3.94541031e+00  5.45388834e+00  2.92180948e+01]
 Average call time: 1.58 sec | Current time: 2019-04-18 21:36:10.483725
 --------------------------
iter: 138 | nc: 2 | ncalls: 554 | bounds: 0 | eff(%): 24.910 | logz: -3.7e+04 +/- 1.3e-01 | dlogz: 35713.362 >  0.500
 loglike: -3.7e+04 | params: [-0.84509073 -1.27202645  1.93231646  0.62979217  4.20511883  5.21444718
  3.18018771 31.22417862]
 Average call time: 1.48 sec | Current time: 2019-04-18 21:36:13.443382
 --------------------------
iter: 139 | nc: 1 | ncalls: 555 | bounds: 0 | eff(%): 25.045 | logz: -3.7e+04 +/- 1.3e-01 | dlogz: 35543.297 >  0.500
 loglike: -3.7e+04 | params: [ 0.44817634 -0.79445543  2.69896063  4.12763199  2.40983538  4.69956553
  5.49258663 30.18102967]
 Average call time: 1.55 sec | Current time: 2019-04-18 21:36:14.994939
 --------------------------
iter: 140 | nc: 1 | ncalls: 556 | bounds: 0 | eff(%): 25.180 | logz: -3.7e+04 +/- 1.3e-01 | dlogz: 35475.831 >  0.500
 loglike: -3.7e+04 | params: [-0.42834861 -1.71024914  0.58126384  2.77488176  3.02593379  5.78981075
  5.77653036 33.36229326]
 Average call time: 1.69 sec | Current time: 2019-04-18 21:36:16.684043
 --------------------------
iter: 141 | nc: 1 | ncalls: 557 | bounds: 0 | eff(%): 25.314 | logz: -3.7e+04 +/- 1.3e-01 | dlogz: 35417.517 >  0.500
 loglike: -3.7e+04 | params: [-0.85578093 -0.77098644  1.75211379  3.40073682  1.18481121  5.9965863
  6.46686853 34.30433129]
 Average call time: 1.53 sec | Current time: 2019-04-18 21:36:18.214825
 --------------------------
iter: 142 | nc: 1 | ncalls: 558 | bounds: 0 | eff(%): 25.448 | logz: -3.7e+04 +/- 1.3e-01 | dlogz: 35380.806 >  0.500
 loglike: -3.7e+04 | params: [-0.56260311 -1.17462957  1.73439813  0.32711194  1.67890172  3.90475915
  6.3865555  33.73135173]
 Average call time: 1.72 sec | Current time: 2019-04-18 21:36:19.935295
 --------------------------
iter: 143 | nc: 1 | ncalls: 559 | bounds: 0 | eff(%): 25.581 | logz: -3.7e+04 +/- 1.3e-01 | dlogz: 35304.903 >  0.500
 loglike: -3.7e+04 | params: [ 0.19908852 -0.58472186  1.31770395  3.730121    1.51602754  3.97622231
  6.3249914  32.8875203 ]
 Average call time: 1.40 sec | Current time: 2019-04-18 21:36:21.339515
 --------------------------
iter: 144 | nc: 1 | ncalls: 560 | bounds: 0 | eff(%): 25.714 | logz: -3.7e+04 +/- 1.3e-01 | dlogz: 35283.822 >  0.500
 loglike: -3.7e+04 | params: [-0.04941135 -1.34253518 -0.15602113  2.53985126  2.98916671  5.91430811
  4.856971   33.02559563]
 Average call time: 1.50 sec | Current time: 2019-04-18 21:36:22.835227
 --------------------------
iter: 145 | nc: 1 | ncalls: 561 | bounds: 0 | eff(%): 25.847 | logz: -3.7e+04 +/- 1.3e-01 | dlogz: 35261.410 >  0.500
 loglike: -3.7e+04 | params: [ 0.17688354 -1.15928233  1.87576832  2.35350184  4.05925419  3.11516966
  5.0574603  28.56304251]
 Average call time: 1.46 sec | Current time: 2019-04-18 21:36:24.299361
 --------------------------
iter: 146 | nc: 1 | ncalls: 562 | bounds: 0 | eff(%): 25.979 | logz: -3.7e+04 +/- 1.3e-01 | dlogz: 35196.289 >  0.500
 loglike: -3.7e+04 | params: [-0.99996113 -1.77676796  3.02852819  3.00873196  1.2127899   4.99328156
  5.37748079 29.38972845]
 Average call time: 1.68 sec | Current time: 2019-04-18 21:36:25.980862
 --------------------------
iter: 147 | nc: 1 | ncalls: 563 | bounds: 0 | eff(%): 26.110 | logz: -3.7e+04 +/- 1.3e-01 | dlogz: 35172.671 >  0.500
 loglike: -3.7e+04 | params: [ 0.40613279 -0.86567122  3.04524048  3.70484919  4.33116032  3.73058192
  5.72156463 29.23493881]
 Average call time: 1.81 sec | Current time: 2019-04-18 21:36:27.787056
 --------------------------
iter: 148 | nc: 1 | ncalls: 564 | bounds: 0 | eff(%): 26.241 | logz: -3.6e+04 +/- 1.3e-01 | dlogz: 35083.089 >  0.500
 loglike: -3.6e+04 | params: [ 0.37512047 -1.31294383  0.77217565  3.6835405   4.26461625  3.40031977
  4.6720507  28.99109999]
 Average call time: 1.65 sec | Current time: 2019-04-18 21:36:29.432226
 --------------------------
iter: 149 | nc: 1 | ncalls: 565 | bounds: 0 | eff(%): 26.372 | logz: -3.6e+04 +/- 1.3e-01 | dlogz: 34899.454 >  0.500
 loglike: -3.6e+04 | params: [-0.57689533 -1.49750605 -0.4322042   3.30960939  2.91335939  4.75278273
  5.45679205 31.70926827]
 Average call time: 1.81 sec | Current time: 2019-04-18 21:36:31.241229
 --------------------------
iter: 150 | nc: 1 | ncalls: 566 | bounds: 0 | eff(%): 26.502 | logz: -3.6e+04 +/- 1.3e-01 | dlogz: 34707.840 >  0.500
 loglike: -3.6e+04 | params: [ 0.42435855 -1.30081836  1.40082026  1.83643054  1.95766347  5.23900247
  6.57547648 33.99173116]
 Average call time: 1.54 sec | Current time: 2019-04-18 21:36:32.782832
 --------------------------
iter: 151 | nc: 1 | ncalls: 567 | bounds: 0 | eff(%): 26.631 | logz: -3.5e+04 +/- 1.3e-01 | dlogz: 34150.108 >  0.500
 loglike: -3.5e+04 | params: [-0.58992731 -1.42139422  0.92012027  3.99487453  4.34680089  3.88929077
  3.05229196 29.07198243]
 Average call time: 1.57 sec | Current time: 2019-04-18 21:36:34.352218
 --------------------------
iter: 152 | nc: 2 | ncalls: 569 | bounds: 0 | eff(%): 26.714 | logz: -3.5e+04 +/- 1.3e-01 | dlogz: 33891.449 >  0.500
 loglike: -3.5e+04 | params: [-1.63232676e-02 -1.53185031e+00  1.49415905e+00  1.45696030e+00
  3.20767697e+00  5.30789308e+00  4.10748795e+00  3.13780796e+01]
 Average call time: 1.60 sec | Current time: 2019-04-18 21:36:37.553288
 --------------------------
iter: 153 | nc: 1 | ncalls: 570 | bounds: 0 | eff(%): 26.842 | logz: -3.5e+04 +/- 1.3e-01 | dlogz: 33725.041 >  0.500
 loglike: -3.5e+04 | params: [ 0.29690555 -1.40315426  1.00052778  1.02438114  4.69872417  2.33383184
  3.14348697 30.10867471]
 Average call time: 1.76 sec | Current time: 2019-04-18 21:36:39.314170
 --------------------------
iter: 154 | nc: 1 | ncalls: 571 | bounds: 0 | eff(%): 26.970 | logz: -3.5e+04 +/- 1.3e-01 | dlogz: 33565.079 >  0.500
 loglike: -3.5e+04 | params: [ 0.27154389 -1.20545057  0.87208665  0.33944458  1.47090805  5.32593382
  4.61464678 31.3921757 ]
 Average call time: 1.51 sec | Current time: 2019-04-18 21:36:40.825116
 --------------------------
iter: 155 | nc: 2 | ncalls: 573 | bounds: 0 | eff(%): 27.051 | logz: -3.5e+04 +/- 1.3e-01 | dlogz: 33538.371 >  0.500
 loglike: -3.5e+04 | params: [-0.54977882 -1.30736376  1.2160869   2.60884936  4.35482156  5.43750089
  6.04978647 33.48433108]
 Average call time: 1.63 sec | Current time: 2019-04-18 21:36:44.078292
 --------------------------
iter: 156 | nc: 1 | ncalls: 574 | bounds: 0 | eff(%): 27.178 | logz: -3.5e+04 +/- 1.3e-01 | dlogz: 33504.649 >  0.500
 loglike: -3.5e+04 | params: [ 0.33018265 -1.15479187  0.42699027  1.7123867   0.96107059  5.15597558
  4.05344735 30.74320937]
 Average call time: 1.68 sec | Current time: 2019-04-18 21:36:45.753438
 --------------------------
iter: 157 | nc: 2 | ncalls: 576 | bounds: 0 | eff(%): 27.257 | logz: -3.5e+04 +/- 1.3e-01 | dlogz: 33483.495 >  0.500
 loglike: -3.5e+04 | params: [-0.99415503 -1.72356059  2.94555216  3.01221393  4.13544655  6.06890851
  3.25829449 33.73511747]
 Average call time: 1.54 sec | Current time: 2019-04-18 21:36:48.829326
 --------------------------
iter: 158 | nc: 2 | ncalls: 578 | bounds: 0 | eff(%): 27.336 | logz: -3.5e+04 +/- 1.3e-01 | dlogz: 33400.387 >  0.500
 loglike: -3.5e+04 | params: [ 0.08335313 -1.01888273  0.80252752  4.16091198  3.72030002  4.08078654
  4.24130022 29.15853059]
 Average call time: 1.56 sec | Current time: 2019-04-18 21:36:51.956419
 --------------------------
iter: 159 | nc: 1 | ncalls: 579 | bounds: 0 | eff(%): 27.461 | logz: -3.5e+04 +/- 1.3e-01 | dlogz: 33272.991 >  0.500
 loglike: -3.5e+04 | params: [-0.95420084 -1.39850905 -0.7418234   2.94169963  4.35186669  3.61188535
  4.05997601 29.01350637]
 Average call time: 1.63 sec | Current time: 2019-04-18 21:36:53.581556
 --------------------------
iter: 160 | nc: 2 | ncalls: 581 | bounds: 0 | eff(%): 27.539 | logz: -3.4e+04 +/- 1.3e-01 | dlogz: 33083.602 >  0.500
 loglike: -3.4e+04 | params: [ 0.05853228 -0.85395667  0.61211921  1.27361411  3.54510606  2.70581312
  4.81920105 28.22291938]
 Average call time: 1.61 sec | Current time: 2019-04-18 21:36:56.802698
 --------------------------
iter: 161 | nc: 1 | ncalls: 582 | bounds: 0 | eff(%): 27.663 | logz: -3.4e+04 +/- 1.3e-01 | dlogz: 32811.497 >  0.500
 loglike: -3.4e+04 | params: [-0.89395573 -1.76356537 -0.12008017  1.40076113  3.02309371  5.20154792
  6.45690861 34.37391447]
 Average call time: 1.47 sec | Current time: 2019-04-18 21:36:58.275691
 --------------------------
iter: 162 | nc: 1 | ncalls: 583 | bounds: 0 | eff(%): 27.787 | logz: -3.4e+04 +/- 1.3e-01 | dlogz: 32798.554 >  0.500
 loglike: -3.4e+04 | params: [ 0.09871379 -1.20848911  1.32077204  1.45069614  4.31397727  4.29483061
  3.3742782  28.44646953]
 Average call time: 1.69 sec | Current time: 2019-04-18 21:36:59.964268
 --------------------------
iter: 163 | nc: 1 | ncalls: 584 | bounds: 0 | eff(%): 27.911 | logz: -3.4e+04 +/- 1.3e-01 | dlogz: 32657.104 >  0.500
 loglike: -3.4e+04 | params: [-0.50655029 -1.18788951 -0.44819231  3.82768906  0.91267638  2.72705315
  6.76914222 34.88240847]
 Average call time: 1.75 sec | Current time: 2019-04-18 21:37:01.714763
 --------------------------
iter: 164 | nc: 1 | ncalls: 585 | bounds: 0 | eff(%): 28.034 | logz: -3.4e+04 +/- 1.3e-01 | dlogz: 32646.353 >  0.500
 loglike: -3.4e+04 | params: [ 0.08956396 -0.74708772  0.50920336  4.17847426  2.76711435  4.37317064
  3.52227192 28.99744418]
 Average call time: 1.42 sec | Current time: 2019-04-18 21:37:03.134244
 --------------------------
iter: 165 | nc: 1 | ncalls: 586 | bounds: 0 | eff(%): 28.157 | logz: -3.4e+04 +/- 1.3e-01 | dlogz: 32625.771 >  0.500
 loglike: -3.4e+04 | params: [ 0.0822177  -1.98597737  3.0467561   2.71854635  3.86352082  5.47595498
  3.00523896 28.98169787]
 Average call time: 1.40 sec | Current time: 2019-04-18 21:37:04.536909
 --------------------------
iter: 166 | nc: 1 | ncalls: 587 | bounds: 0 | eff(%): 28.279 | logz: -3.4e+04 +/- 1.3e-01 | dlogz: 32488.817 >  0.500
 loglike: -3.4e+04 | params: [-0.91967277 -1.68019079  1.80360307  3.33090592  3.88035938  2.33232589
  5.41013076 31.46320088]
 Average call time: 1.61 sec | Current time: 2019-04-18 21:37:06.144810
 --------------------------
iter: 167 | nc: 1 | ncalls: 588 | bounds: 0 | eff(%): 28.401 | logz: -3.3e+04 +/- 1.3e-01 | dlogz: 32079.021 >  0.500
 loglike: -3.3e+04 | params: [-0.90133182 -0.81828668  1.28324001  0.97356681  2.95959447  4.47262931
  4.71368874 29.43008005]
 Average call time: 1.49 sec | Current time: 2019-04-18 21:37:07.632029
 --------------------------
iter: 168 | nc: 2 | ncalls: 590 | bounds: 0 | eff(%): 28.475 | logz: -3.3e+04 +/- 1.3e-01 | dlogz: 31809.958 >  0.500
 loglike: -3.3e+04 | params: [ 0.40796368 -0.88243318  2.87662794  1.21511163  2.85613901  5.34810641
  6.75379742 34.37483255]
 Average call time: 1.66 sec | Current time: 2019-04-18 21:37:10.945742
 --------------------------
iter: 169 | nc: 1 | ncalls: 591 | bounds: 0 | eff(%): 28.596 | logz: -3.3e+04 +/- 1.3e-01 | dlogz: 31734.507 >  0.500
 loglike: -3.3e+04 | params: [-0.79273711 -0.99136571 -0.60906638  1.99331888  4.29337299  3.79790699
  3.28933072 28.56695008]
 Average call time: 1.76 sec | Current time: 2019-04-18 21:37:12.710036
 --------------------------
iter: 170 | nc: 2 | ncalls: 593 | bounds: 0 | eff(%): 28.668 | logz: -3.2e+04 +/- 1.3e-01 | dlogz: 31483.821 >  0.500
 loglike: -3.2e+04 | params: [-0.67769295 -0.76336835  0.21939881  3.55111446  1.84958876  4.70976141
  4.4301455  29.71969103]
 Average call time: 1.54 sec | Current time: 2019-04-18 21:37:15.792983
 --------------------------
iter: 171 | nc: 3 | ncalls: 596 | bounds: 0 | eff(%): 28.691 | logz: -3.2e+04 +/- 1.3e-01 | dlogz: 30960.644 >  0.500
 loglike: -3.2e+04 | params: [-0.97129305 -0.9222574  -0.20251533  2.88838353  2.61715105  5.18066229
  3.77317727 31.3779612 ]
 Average call time: 1.64 sec | Current time: 2019-04-18 21:37:20.705632
 --------------------------
iter: 172 | nc: 1 | ncalls: 597 | bounds: 0 | eff(%): 28.811 | logz: -3.2e+04 +/- 1.3e-01 | dlogz: 30788.884 >  0.500
 loglike: -3.2e+04 | params: [ 0.44668128 -1.97446125  1.93997083  0.82797266  1.49752102  4.70682405
  6.86215115 34.94807415]
 Average call time: 1.65 sec | Current time: 2019-04-18 21:37:22.354972
 --------------------------
iter: 173 | nc: 1 | ncalls: 598 | bounds: 0 | eff(%): 28.930 | logz: -3.2e+04 +/- 1.3e-01 | dlogz: 30701.617 >  0.500
 loglike: -3.2e+04 | params: [-0.16424797 -1.31709619  3.01207339  3.25445222  3.24729392  5.84697153
  6.36731928 34.2445232 ]
 Average call time: 1.43 sec | Current time: 2019-04-18 21:37:23.786148
 --------------------------
iter: 174 | nc: 3 | ncalls: 601 | bounds: 0 | eff(%): 28.952 | logz: -3.2e+04 +/- 1.3e-01 | dlogz: 30278.789 >  0.500
 loglike: -3.2e+04 | params: [-0.20481283 -0.97927199  0.94328426  3.33734425  2.53067707  4.42864104
  6.89139747 35.16180831]
 Average call time: 1.52 sec | Current time: 2019-04-18 21:37:28.343958
 --------------------------
iter: 175 | nc: 1 | ncalls: 602 | bounds: 0 | eff(%): 29.070 | logz: -3.1e+04 +/- 1.3e-01 | dlogz: 29995.246 >  0.500
 loglike: -3.1e+04 | params: [ 0.31578238 -1.44360618 -0.443713    2.58133351  2.52598639  3.43128156
  5.31557235 30.89784618]
 Average call time: 1.69 sec | Current time: 2019-04-18 21:37:30.034997
 --------------------------
iter: 176 | nc: 2 | ncalls: 604 | bounds: 0 | eff(%): 29.139 | logz: -3.1e+04 +/- 1.3e-01 | dlogz: 29717.988 >  0.500
 loglike: -3.1e+04 | params: [-0.61418919 -1.97087673  2.48087591  0.83902566  1.61775023  3.09852954
  5.29334506 29.30180338]
 Average call time: 1.61 sec | Current time: 2019-04-18 21:37:33.260839
 --------------------------
iter: 177 | nc: 1 | ncalls: 605 | bounds: 0 | eff(%): 29.256 | logz: -3.1e+04 +/- 1.3e-01 | dlogz: 29642.532 >  0.500
 loglike: -3.1e+04 | params: [-0.15453412 -1.83061966  0.48854295  2.59534927  3.65329735  3.98667377
  4.79701758 29.56736757]
 Average call time: 1.43 sec | Current time: 2019-04-18 21:37:34.695372
 --------------------------
iter: 178 | nc: 1 | ncalls: 606 | bounds: 0 | eff(%): 29.373 | logz: -3.1e+04 +/- 1.3e-01 | dlogz: 29515.442 >  0.500
 loglike: -3.1e+04 | params: [-0.72965835 -0.63340908  1.81233113  3.91609727  3.09012428  5.18098037
  3.1109058  31.27812218]
 Average call time: 1.57 sec | Current time: 2019-04-18 21:37:36.262473
 --------------------------
iter: 179 | nc: 1 | ncalls: 607 | bounds: 0 | eff(%): 29.489 | logz: -3.1e+04 +/- 1.3e-01 | dlogz: 29334.419 >  0.500
 loglike: -3.1e+04 | params: [ 0.14296084 -1.36218623 -0.21073845  1.13095801  3.93507069  2.32701653
  4.89602624 29.80690182]
 Average call time: 1.36 sec | Current time: 2019-04-18 21:37:37.617500
 --------------------------
iter: 180 | nc: 1 | ncalls: 608 | bounds: 0 | eff(%): 29.605 | logz: -3.0e+04 +/- 1.3e-01 | dlogz: 29142.657 >  0.500
 loglike: -3.0e+04 | params: [-0.65395302 -1.9692628  -0.43461102  0.91447076  2.26538761  3.64259395
  5.80199224 32.80750355]
 Average call time: 1.58 sec | Current time: 2019-04-18 21:37:39.196875
 --------------------------
iter: 181 | nc: 1 | ncalls: 609 | bounds: 0 | eff(%): 29.721 | logz: -3.0e+04 +/- 1.3e-01 | dlogz: 28642.554 >  0.500
 loglike: -3.0e+04 | params: [-0.46029716 -1.14109821  0.57054986  4.04329032  1.12178841  3.11730387
  4.7216574  29.5637748 ]
 Average call time: 1.67 sec | Current time: 2019-04-18 21:37:40.864551
 --------------------------
iter: 182 | nc: 2 | ncalls: 611 | bounds: 0 | eff(%): 29.787 | logz: -3.0e+04 +/- 1.3e-01 | dlogz: 28595.845 >  0.500
 loglike: -3.0e+04 | params: [ 0.24869692 -1.29525936  1.55509991  0.70182392  2.72594756  5.65400039
  4.79546538 32.66215271]
 Average call time: 1.52 sec | Current time: 2019-04-18 21:37:43.896653
 --------------------------
iter: 183 | nc: 1 | ncalls: 612 | bounds: 0 | eff(%): 29.902 | logz: -3.0e+04 +/- 1.3e-01 | dlogz: 28524.036 >  0.500
 loglike: -3.0e+04 | params: [-0.61652007 -1.83753276  2.33841066  3.39612477  3.92268526  5.76620551
  5.57002541 33.68367582]
 Average call time: 1.66 sec | Current time: 2019-04-18 21:37:45.555832
 --------------------------
iter: 184 | nc: 1 | ncalls: 613 | bounds: 0 | eff(%): 30.016 | logz: -3.0e+04 +/- 1.3e-01 | dlogz: 28426.919 >  0.500
 loglike: -3.0e+04 | params: [-0.24138396 -1.47099766  0.47266619  1.31582032  3.76905241  2.87171915
  4.97645933 30.26420532]
 Average call time: 1.49 sec | Current time: 2019-04-18 21:37:47.045402
 --------------------------
iter: 185 | nc: 1 | ncalls: 614 | bounds: 0 | eff(%): 30.130 | logz: -3.0e+04 +/- 1.3e-01 | dlogz: 28136.353 >  0.500
 loglike: -3.0e+04 | params: [ 0.17853566 -0.7076501   0.95118929  3.00797408  1.93532614  2.88860821
  6.21760423 33.20284179]
 Average call time: 1.46 sec | Current time: 2019-04-18 21:37:48.507509
 --------------------------
iter: 186 | nc: 1 | ncalls: 615 | bounds: 0 | eff(%): 30.244 | logz: -2.9e+04 +/- 1.3e-01 | dlogz: 28090.579 >  0.500
 loglike: -2.9e+04 | params: [-0.69736646 -0.95255544  3.04246941  3.82606595  4.85053905  5.3834071
  5.11602295 32.51254055]
 Average call time: 1.77 sec | Current time: 2019-04-18 21:37:50.277524
 --------------------------
iter: 187 | nc: 1 | ncalls: 616 | bounds: 0 | eff(%): 30.357 | logz: -2.9e+04 +/- 1.3e-01 | dlogz: 27706.285 >  0.500
 loglike: -2.9e+04 | params: [-0.785784   -0.69040892  0.1990163   3.98408293  3.78853676  3.58135351
  4.29430028 28.65091499]
 Average call time: 1.87 sec | Current time: 2019-04-18 21:37:52.143250
 --------------------------
iter: 188 | nc: 2 | ncalls: 618 | bounds: 0 | eff(%): 30.421 | logz: -2.9e+04 +/- 1.3e-01 | dlogz: 27673.655 >  0.500
 loglike: -2.9e+04 | params: [-2.61891394e-02 -8.27654998e-01 -7.44962928e-01  3.11581118e+00
  1.01183761e+00  5.42066140e+00  5.77981730e+00  3.29342162e+01]
 Average call time: 1.49 sec | Current time: 2019-04-18 21:37:55.114458
 --------------------------
iter: 189 | nc: 1 | ncalls: 619 | bounds: 0 | eff(%): 30.533 | logz: -2.9e+04 +/- 1.3e-01 | dlogz: 27583.175 >  0.500
 loglike: -2.9e+04 | params: [-0.88998618 -1.91749041  0.52646703  2.62814001  4.29186387  3.25684276
  3.62780319 29.34021206]
 Average call time: 1.51 sec | Current time: 2019-04-18 21:37:56.626569
 --------------------------
iter: 190 | nc: 5 | ncalls: 624 | bounds: 0 | eff(%): 30.449 | logz: -2.9e+04 +/- 1.3e-01 | dlogz: 27315.853 >  0.500
 loglike: -2.9e+04 | params: [-0.88439221 -1.42392173  2.84883913  3.06819463  2.1718106   4.18187989
  5.50220054 30.93340758]
 Average call time: 1.57 sec | Current time: 2019-04-18 21:38:04.452782
 --------------------------
iter: 191 | nc: 1 | ncalls: 625 | bounds: 0 | eff(%): 30.560 | logz: -2.8e+04 +/- 1.3e-01 | dlogz: 27308.217 >  0.500
 loglike: -2.8e+04 | params: [-0.08653429 -0.51715043  0.13011587  2.61508367  4.2165014   5.27858336
  4.25244626 31.5720256 ]
 Average call time: 1.57 sec | Current time: 2019-04-18 21:38:06.024511
 --------------------------
iter: 192 | nc: 2 | ncalls: 627 | bounds: 0 | eff(%): 30.622 | logz: -2.8e+04 +/- 1.3e-01 | dlogz: 26917.082 >  0.500
 loglike: -2.8e+04 | params: [-0.87881484 -0.97021515  1.70125642  0.4705351   3.82751139  2.96761165
  6.3758287  34.30517254]
 Average call time: 1.50 sec | Current time: 2019-04-18 21:38:09.015895
 --------------------------
