Using pcmdpy version 0.9.3
Loading Setup File: setup_files/mocks/mock_6.py
Running Nested Sampling
-initializing models
-Saving initial results dataframe
iter: 1 | batch: 0 | nc: 1 | ncalls: 1 | bounds: 0 | eff(%):  0.100 | logz: -7.8e+03 +/- 8.7e-02 | dlogz:    inf >  0.500
 loglike: -7.8e+03 | params: [ 2.01356473e-01 -7.86075303e-03  3.33952761e-01  1.90005204e+00
  1.61457386e+00  2.66362972e+00  3.40362204e+00  2.95753583e+01]
 Average call time: 1016.70 sec | Current time: 2019-06-25 15:57:09.723254
 --------------------------
iter: 2 | batch: 0 | nc: 1 | ncalls: 2 | bounds: 0 | eff(%):  0.200 | logz: -7.5e+03 +/- 8.7e-02 | dlogz: 7795.954 >  0.500
 loglike: -7.5e+03 | params: [ 0.13342328 -0.33607093 -0.66320289  0.62639645  1.31414446  2.44778748
  3.09410133 29.58548003]
 Average call time: 1.09 sec | Current time: 2019-06-25 15:57:10.809190
 --------------------------
iter: 3 | batch: 0 | nc: 1 | ncalls: 3 | bounds: 0 | eff(%):  0.299 | logz: -7.2e+03 +/- 8.7e-02 | dlogz: 7482.920 >  0.500
 loglike: -7.2e+03 | params: [ 1.13283930e-01 -1.88270931e-02 -6.17110718e-02  4.27518598e-01
  2.48778398e+00  2.41840149e+00  3.69553876e+00  2.99133474e+01]
 Average call time: 1.09 sec | Current time: 2019-06-25 15:57:11.900293
 --------------------------
iter: 4 | batch: 0 | nc: 1 | ncalls: 4 | bounds: 0 | eff(%):  0.398 | logz: -6.9e+03 +/- 8.7e-02 | dlogz: 7223.997 >  0.500
 loglike: -6.9e+03 | params: [-0.374697   -0.2544197   0.16088524  1.28191465  1.76361352  2.83273011
  3.0239877  29.8731535 ]
 Average call time: 0.92 sec | Current time: 2019-06-25 15:57:12.816919
 --------------------------
iter: 5 | batch: 0 | nc: 1 | ncalls: 5 | bounds: 0 | eff(%):  0.498 | logz: -6.7e+03 +/- 8.7e-02 | dlogz: 6921.793 >  0.500
 loglike: -6.7e+03 | params: [ 0.1067525  -0.38559718  0.84152888  1.82354716  1.8449179   2.36337017
  2.98662477 29.63364535]
 Average call time: 0.91 sec | Current time: 2019-06-25 15:57:13.727035
 --------------------------
iter: 6 | batch: 0 | nc: 1 | ncalls: 6 | bounds: 0 | eff(%):  0.596 | logz: -6.6e+03 +/- 8.7e-02 | dlogz: 6657.703 >  0.500
 loglike: -6.6e+03 | params: [ 0.15407539 -0.24164581  0.26916145  1.12179058  1.42525383  2.30328875
  3.47673001 29.76906699]
 Average call time: 0.94 sec | Current time: 2019-06-25 15:57:14.664023
 --------------------------
iter: 7 | batch: 0 | nc: 1 | ncalls: 7 | bounds: 0 | eff(%):  0.695 | logz: -6.5e+03 +/- 8.7e-02 | dlogz: 6600.393 >  0.500
 loglike: -6.5e+03 | params: [-0.04504055 -0.29212572 -0.13791047  1.15791982  1.47844923  2.98316074
  3.03708354 29.76755694]
 Average call time: 1.13 sec | Current time: 2019-06-25 15:57:15.794763
 --------------------------
iter: 8 | batch: 0 | nc: 1 | ncalls: 8 | bounds: 0 | eff(%):  0.794 | logz: -6.2e+03 +/- 8.7e-02 | dlogz: 6539.134 >  0.500
 loglike: -6.2e+03 | params: [-0.30627763 -0.08419218  0.29840415  1.38214164  1.52181414  2.78585462
  3.60013739 29.89409103]
 Average call time: 0.91 sec | Current time: 2019-06-25 15:57:16.708088
 --------------------------
iter: 9 | batch: 0 | nc: 1 | ncalls: 9 | bounds: 0 | eff(%):  0.892 | logz: -6.0e+03 +/- 8.7e-02 | dlogz: 6237.475 >  0.500
 loglike: -6.0e+03 | params: [ 0.10092175 -0.15224233  0.9864547   2.11485719  2.13022343  3.09723614
  3.17748017 29.81421939]
 Average call time: 0.91 sec | Current time: 2019-06-25 15:57:17.622661
 --------------------------
iter: 10 | batch: 0 | nc: 1 | ncalls: 10 | bounds: 0 | eff(%):  0.990 | logz: -6.0e+03 +/- 8.7e-02 | dlogz: 5975.740 >  0.500
 loglike: -6.0e+03 | params: [-0.20523971 -0.23028977  1.14887734  0.40723473  2.3764683   2.13113288
  3.24912832 29.8963154 ]
 Average call time: 0.96 sec | Current time: 2019-06-25 15:57:18.580532
 --------------------------
iter: 11 | batch: 0 | nc: 1 | ncalls: 11 | bounds: 0 | eff(%):  1.088 | logz: -5.8e+03 +/- 8.7e-02 | dlogz: 5964.768 >  0.500
 loglike: -5.8e+03 | params: [-0.25181938 -0.31680833  0.45817145  1.81501184  1.19118894  2.21030492
  3.18030025 29.46009946]
 Average call time: 0.94 sec | Current time: 2019-06-25 15:57:19.520501
 --------------------------
iter: 12 | batch: 0 | nc: 1 | ncalls: 12 | bounds: 0 | eff(%):  1.186 | logz: -5.8e+03 +/- 8.7e-02 | dlogz: 5846.918 >  0.500
 loglike: -5.8e+03 | params: [ 0.16781568 -0.275432    0.57393043  0.44364773  2.4057322   2.21222757
  3.1317254  29.18004343]
 Average call time: 0.93 sec | Current time: 2019-06-25 15:57:20.450979
 --------------------------
iter: 13 | batch: 0 | nc: 1 | ncalls: 13 | bounds: 0 | eff(%):  1.283 | logz: -5.8e+03 +/- 8.7e-02 | dlogz: 5824.026 >  0.500
 loglike: -5.8e+03 | params: [-0.3475886  -0.33297394  0.38325631  0.37016337  1.96194581  2.52449129
  3.11771464 29.34927856]
 Average call time: 0.90 sec | Current time: 2019-06-25 15:57:21.350961
 --------------------------
iter: 14 | batch: 0 | nc: 1 | ncalls: 14 | bounds: 0 | eff(%):  1.381 | logz: -5.5e+03 +/- 8.7e-02 | dlogz: 5761.124 >  0.500
 loglike: -5.5e+03 | params: [-0.41444036 -0.29464891 -0.04685409  1.11206557  1.50335394  3.24520516
  3.00266432 29.88420035]
 Average call time: 1.09 sec | Current time: 2019-06-25 15:57:22.441489
 --------------------------
iter: 15 | batch: 0 | nc: 1 | ncalls: 15 | bounds: 0 | eff(%):  1.478 | logz: -5.2e+03 +/- 8.7e-02 | dlogz: 5539.147 >  0.500
 loglike: -5.2e+03 | params: [ 0.13672771 -0.47672888  0.85698559  1.30191163  2.77128169  2.39564322
  3.0458426  29.67445319]
 Average call time: 0.92 sec | Current time: 2019-06-25 15:57:23.362991
 --------------------------
iter: 16 | batch: 0 | nc: 1 | ncalls: 16 | bounds: 0 | eff(%):  1.575 | logz: -5.1e+03 +/- 8.7e-02 | dlogz: 5218.085 >  0.500
 loglike: -5.1e+03 | params: [-0.37207764 -0.52108803  0.28618939  0.78276813  1.97602196  2.73095705
  3.36110858 29.83091385]
 Average call time: 0.93 sec | Current time: 2019-06-25 15:57:24.293937
 --------------------------
iter: 17 | batch: 0 | nc: 1 | ncalls: 17 | bounds: 0 | eff(%):  1.672 | logz: -5.1e+03 +/- 8.7e-02 | dlogz: 5120.804 >  0.500
 loglike: -5.1e+03 | params: [ 0.09363735 -0.06118541 -0.27209544  0.92035177  2.49895416  2.9275364
  3.49358517 29.09621534]
 Average call time: 0.92 sec | Current time: 2019-06-25 15:57:25.209760
 --------------------------
iter: 18 | batch: 0 | nc: 1 | ncalls: 18 | bounds: 0 | eff(%):  1.768 | logz: -5.0e+03 +/- 8.7e-02 | dlogz: 5071.971 >  0.500
 loglike: -5.0e+03 | params: [-0.37305163 -0.93682811 -0.70186404  0.75107451  1.10168325  2.91857309
  3.01968022 29.63282725]
 Average call time: 1.07 sec | Current time: 2019-06-25 15:57:26.283123
 --------------------------
iter: 19 | batch: 0 | nc: 1 | ncalls: 19 | bounds: 0 | eff(%):  1.865 | logz: -5.0e+03 +/- 8.7e-02 | dlogz: 5000.945 >  0.500
 loglike: -4.9e+03 | params: [ 0.24094117 -0.18194792  0.13980697  2.08570167  2.09521705  3.62048417
  3.06404157 29.94641284]
 Average call time: 1.08 sec | Current time: 2019-06-25 15:57:27.360333
 --------------------------
iter: 20 | batch: 0 | nc: 1 | ncalls: 20 | bounds: 0 | eff(%):  1.961 | logz: -4.9e+03 +/- 8.7e-02 | dlogz: 4950.303 >  0.500
 loglike: -4.9e+03 | params: [ 2.02679903e-01 -4.40059290e-02  1.27144727e-02  1.41106754e+00
  1.82826586e+00  2.88664520e+00  3.88593944e+00  2.93939304e+01]
 Average call time: 1.14 sec | Current time: 2019-06-25 15:57:28.495802
 --------------------------
iter: 21 | batch: 0 | nc: 1 | ncalls: 21 | bounds: 0 | eff(%):  2.057 | logz: -4.8e+03 +/- 8.7e-02 | dlogz: 4925.628 >  0.500
 loglike: -4.8e+03 | params: [-0.20268754 -0.59906318 -0.37889989  0.82485051  1.96089553  2.63839737
  3.21160641 29.5630449 ]
 Average call time: 1.10 sec | Current time: 2019-06-25 15:57:29.598564
 --------------------------
iter: 22 | batch: 0 | nc: 1 | ncalls: 22 | bounds: 0 | eff(%):  2.153 | logz: -4.8e+03 +/- 8.7e-02 | dlogz: 4846.776 >  0.500
 loglike: -4.8e+03 | params: [ 3.26848509e-05 -1.49549202e-01  1.57295035e-01  1.07087768e+00
  1.66896880e+00  2.62250236e+00  3.06535646e+00  2.82927042e+01]
 Average call time: 1.09 sec | Current time: 2019-06-25 15:57:30.686161
 --------------------------
iter: 23 | batch: 0 | nc: 1 | ncalls: 23 | bounds: 0 | eff(%):  2.248 | logz: -4.8e+03 +/- 8.7e-02 | dlogz: 4840.006 >  0.500
 loglike: -4.8e+03 | params: [ 8.94332768e-02 -1.93128415e-03 -6.60853031e-01  3.51570505e-01
  1.93413860e+00  3.31535198e+00  3.10004112e+00  2.85490784e+01]
 Average call time: 1.08 sec | Current time: 2019-06-25 15:57:31.769460
 --------------------------
iter: 24 | batch: 0 | nc: 1 | ncalls: 24 | bounds: 0 | eff(%):  2.344 | logz: -4.8e+03 +/- 8.2e-02 | dlogz: 4768.442 >  0.500
 loglike: -4.8e+03 | params: [-0.19834089 -0.08649653 -0.20743442  1.32293635  1.74397276  3.4350163
  2.97961837 29.23716065]
 Average call time: 1.09 sec | Current time: 2019-06-25 15:57:32.860759
 --------------------------
iter: 25 | batch: 0 | nc: 1 | ncalls: 25 | bounds: 0 | eff(%):  2.439 | logz: -4.7e+03 +/- 8.7e-02 | dlogz: 4766.548 >  0.500
 loglike: -4.7e+03 | params: [-0.44282632 -0.07021183 -0.12218146  1.55426934  1.16732601  2.20913216
  3.8787354  29.64824166]
 Average call time: 0.91 sec | Current time: 2019-06-25 15:57:33.772945
 --------------------------
iter: 26 | batch: 0 | nc: 1 | ncalls: 26 | bounds: 0 | eff(%):  2.534 | logz: -4.7e+03 +/- 8.1e-02 | dlogz: 4701.019 >  0.500
 loglike: -4.7e+03 | params: [-2.06714554e-02 -3.60060106e-01  1.23218953e+00  1.03762133e+00
  2.26692832e+00  2.48549389e+00  3.67370848e+00  2.99027778e+01]
 Average call time: 1.03 sec | Current time: 2019-06-25 15:57:34.804719
 --------------------------
iter: 27 | batch: 0 | nc: 1 | ncalls: 27 | bounds: 0 | eff(%):  2.629 | logz: -4.6e+03 +/- 8.7e-02 | dlogz: 4699.678 >  0.500
 loglike: -4.6e+03 | params: [-3.99396395e-01 -1.77164697e-02 -4.58560921e-01  1.90766907e+00
  2.23134255e+00  2.91677158e+00  3.37010836e+00  2.88679237e+01]
 Average call time: 0.91 sec | Current time: 2019-06-25 15:57:35.718331
 --------------------------
iter: 28 | batch: 0 | nc: 2 | ncalls: 29 | bounds: 0 | eff(%):  2.721 | logz: -4.6e+03 +/- 8.7e-02 | dlogz: 4646.074 >  0.500
 loglike: -4.6e+03 | params: [-6.58078652e-02 -1.13388577e-03 -4.77822983e-01  1.37961652e+00
  2.05914261e+00  2.32836131e+00  3.73725939e+00  2.88164204e+01]
 Average call time: 1.13 sec | Current time: 2019-06-25 15:57:37.982427
 --------------------------
iter: 29 | batch: 0 | nc: 1 | ncalls: 30 | bounds: 0 | eff(%):  2.816 | logz: -4.5e+03 +/- 8.7e-02 | dlogz: 4608.547 >  0.500
 loglike: -4.5e+03 | params: [-0.06820744 -0.22789915  0.0533018   1.60002227  2.6129026   2.76761841
  3.04262998 28.97021965]
 Average call time: 0.91 sec | Current time: 2019-06-25 15:57:38.893466
 --------------------------
iter: 30 | batch: 0 | nc: 1 | ncalls: 31 | bounds: 0 | eff(%):  2.910 | logz: -4.5e+03 +/- 8.1e-02 | dlogz: 4478.816 >  0.500
 loglike: -4.5e+03 | params: [-0.07502255 -0.23917019  0.48526307  0.8372561   1.35367204  2.95264274
  3.10734549 28.69421099]
 Average call time: 1.17 sec | Current time: 2019-06-25 15:57:40.067287
 --------------------------
iter: 31 | batch: 0 | nc: 1 | ncalls: 32 | bounds: 0 | eff(%):  3.004 | logz: -4.5e+03 +/- 8.7e-02 | dlogz: 4477.427 >  0.500
 loglike: -4.5e+03 | params: [-0.12006599 -0.70879984  0.57695878  0.31694476  1.52390326  2.29438762
  3.3039878  29.14685066]
 Average call time: 1.09 sec | Current time: 2019-06-25 15:57:41.154292
 --------------------------
iter: 32 | batch: 0 | nc: 1 | ncalls: 33 | bounds: 0 | eff(%):  3.098 | logz: -4.4e+03 +/- 8.7e-02 | dlogz: 4471.468 >  0.500
 loglike: -4.4e+03 | params: [ 0.16068761 -0.62914668  0.47414923  1.49447341  1.37702737  3.38236019
  3.05129583 29.75409582]
 Average call time: 0.91 sec | Current time: 2019-06-25 15:57:42.064440
 --------------------------
iter: 33 | batch: 0 | nc: 1 | ncalls: 34 | bounds: 0 | eff(%):  3.191 | logz: -4.4e+03 +/- 8.7e-02 | dlogz: 4403.621 >  0.500
 loglike: -4.4e+03 | params: [ 0.11457572 -0.18003918  1.01887303  1.80537064  0.95277525  3.00138379
  3.24573965 28.8303449 ]
 Average call time: 1.07 sec | Current time: 2019-06-25 15:57:43.134060
 --------------------------
iter: 34 | batch: 0 | nc: 1 | ncalls: 35 | bounds: 0 | eff(%):  3.285 | logz: -4.4e+03 +/- 8.7e-02 | dlogz: 4398.984 >  0.500
 loglike: -4.4e+03 | params: [-0.25464951 -0.16635537  0.31099416  0.34318903  1.04463176  3.1126205
  3.54528613 29.35294261]
 Average call time: 0.90 sec | Current time: 2019-06-25 15:57:44.037882
 --------------------------
iter: 35 | batch: 0 | nc: 1 | ncalls: 36 | bounds: 0 | eff(%):  3.378 | logz: -4.4e+03 +/- 8.7e-02 | dlogz: 4375.219 >  0.500
 loglike: -4.4e+03 | params: [ 9.94149876e-03 -1.83683534e-02  3.90968263e-01  2.90452914e-01
  2.37070874e+00  3.44427692e+00  3.41904508e+00  2.90594473e+01]
 Average call time: 1.06 sec | Current time: 2019-06-25 15:57:45.102511
 --------------------------
iter: 36 | batch: 0 | nc: 1 | ncalls: 37 | bounds: 0 | eff(%):  3.472 | logz: -4.4e+03 +/- 8.7e-02 | dlogz: 4364.279 >  0.500
 loglike: -4.3e+03 | params: [ 0.1084744  -0.1272902   0.56566422  1.44378589  2.66297412  3.00576109
  3.42430144 29.07086482]
 Average call time: 1.08 sec | Current time: 2019-06-25 15:57:46.182298
 --------------------------
iter: 37 | batch: 0 | nc: 1 | ncalls: 38 | bounds: 0 | eff(%):  3.565 | logz: -4.3e+03 +/- 8.7e-02 | dlogz: 4351.928 >  0.500
 loglike: -4.3e+03 | params: [ 0.04965239 -0.41640902 -0.67432507  0.8115197   2.72339864  2.24078922
  3.21769261 29.26234733]
 Average call time: 1.08 sec | Current time: 2019-06-25 15:57:47.258190
 --------------------------
iter: 38 | batch: 0 | nc: 1 | ncalls: 39 | bounds: 0 | eff(%):  3.657 | logz: -4.3e+03 +/- 8.7e-02 | dlogz: 4342.156 >  0.500
 loglike: -4.3e+03 | params: [-4.51811134e-01 -7.80904204e-02 -1.48134866e-02  1.87108907e+00
  1.01989817e+00  2.79882965e+00  3.44820131e+00  2.88911134e+01]
 Average call time: 0.91 sec | Current time: 2019-06-25 15:57:48.163711
 --------------------------
iter: 39 | batch: 0 | nc: 1 | ncalls: 40 | bounds: 0 | eff(%):  3.750 | logz: -4.2e+03 +/- 8.7e-02 | dlogz: 4332.509 >  0.500
 loglike: -4.2e+03 | params: [-0.39844482 -0.99545353  0.30872012  0.2993984   1.94729867  2.19997719
  3.24349301 29.21505224]
 Average call time: 0.90 sec | Current time: 2019-06-25 15:57:49.061051
 --------------------------
iter: 40 | batch: 0 | nc: 1 | ncalls: 41 | bounds: 0 | eff(%):  3.842 | logz: -4.2e+03 +/- 8.7e-02 | dlogz: 4239.317 >  0.500
 loglike: -4.2e+03 | params: [-1.80420426e-03 -2.59924331e-01  8.67645525e-01  1.43508993e+00
  2.13694970e+00  2.29834826e+00  3.51672112e+00  2.90709309e+01]
 Average call time: 1.12 sec | Current time: 2019-06-25 15:57:50.177841
 --------------------------
iter: 41 | batch: 0 | nc: 1 | ncalls: 42 | bounds: 0 | eff(%):  3.935 | logz: -4.1e+03 +/- 8.7e-02 | dlogz: 4225.134 >  0.500
 loglike: -4.1e+03 | params: [-0.18541358 -0.31002041  0.73219655  1.4752634   2.44847882  2.69438911
  3.53123081 29.41310462]
 Average call time: 1.07 sec | Current time: 2019-06-25 15:57:51.244111
 --------------------------
iter: 42 | batch: 0 | nc: 1 | ncalls: 43 | bounds: 0 | eff(%):  4.027 | logz: -4.1e+03 +/- 8.7e-02 | dlogz: 4127.204 >  0.500
 loglike: -4.1e+03 | params: [-0.35413471 -0.82805194  0.43671151  1.14140259  1.09473021  3.29501564
  3.14712015 29.84337776]
 Average call time: 1.08 sec | Current time: 2019-06-25 15:57:52.324515
 --------------------------
iter: 43 | batch: 0 | nc: 1 | ncalls: 44 | bounds: 0 | eff(%):  4.119 | logz: -4.1e+03 +/- 8.7e-02 | dlogz: 4108.385 >  0.500
 loglike: -4.1e+03 | params: [-1.52715112e-02 -5.13078806e-01  1.18117105e-01  7.36106956e-01
  1.67419649e+00  2.98873623e+00  3.10938394e+00  2.89877409e+01]
 Average call time: 1.08 sec | Current time: 2019-06-25 15:57:53.403201
 --------------------------
iter: 44 | batch: 0 | nc: 1 | ncalls: 45 | bounds: 0 | eff(%):  4.211 | logz: -4.1e+03 +/- 8.7e-02 | dlogz: 4101.112 >  0.500
 loglike: -4.1e+03 | params: [-0.47041707 -0.9531957  -0.450418    1.92766594  2.76809659  2.82483064
  2.96288936 29.91202963]
 Average call time: 1.08 sec | Current time: 2019-06-25 15:57:54.483709
 --------------------------
iter: 45 | batch: 0 | nc: 1 | ncalls: 46 | bounds: 0 | eff(%):  4.302 | logz: -4.1e+03 +/- 8.4e-02 | dlogz: 4091.713 >  0.500
 loglike: -4.1e+03 | params: [-0.12778877 -0.40901214  0.11725481  1.54581969  1.02615123  3.01543203
  3.48390664 29.41704241]
 Average call time: 0.92 sec | Current time: 2019-06-25 15:57:55.400269
 --------------------------
iter: 46 | batch: 0 | nc: 1 | ncalls: 47 | bounds: 0 | eff(%):  4.394 | logz: -4.1e+03 +/- 8.7e-02 | dlogz: 4089.128 >  0.500
 loglike: -4.1e+03 | params: [ 0.14358347 -0.18116954  0.91080143  0.64297939  2.72600749  3.52123137
  3.05311052 29.41815596]
 Average call time: 1.09 sec | Current time: 2019-06-25 15:57:56.492078
 --------------------------
iter: 47 | batch: 0 | nc: 1 | ncalls: 48 | bounds: 0 | eff(%):  4.485 | logz: -4.1e+03 +/- 8.7e-02 | dlogz: 4074.175 >  0.500
 loglike: -4.1e+03 | params: [-4.87152143e-01 -1.75209364e-02  6.94589592e-02  1.63434615e+00
  1.80716598e+00  3.17579166e+00  3.61784859e+00  2.90362833e+01]
 Average call time: 1.14 sec | Current time: 2019-06-25 15:57:57.633497
 --------------------------
iter: 48 | batch: 0 | nc: 1 | ncalls: 49 | bounds: 0 | eff(%):  4.576 | logz: -4.0e+03 +/- 8.7e-02 | dlogz: 4068.720 >  0.500
 loglike: -4.0e+03 | params: [-1.93371008e-02 -6.24841277e-01 -2.96631631e-02  8.36727589e-01
  1.43753991e+00  2.53642117e+00  3.01097894e+00  2.83714660e+01]
 Average call time: 1.09 sec | Current time: 2019-06-25 15:57:58.727349
 --------------------------
iter: 49 | batch: 0 | nc: 1 | ncalls: 50 | bounds: 0 | eff(%):  4.667 | logz: -4.0e+03 +/- 8.7e-02 | dlogz: 3975.275 >  0.500
 loglike: -4.0e+03 | params: [-0.3691888  -0.64866438  0.0928263   0.50199068  2.42953309  2.34026091
  3.69219439 29.95642633]
 Average call time: 0.91 sec | Current time: 2019-06-25 15:57:59.634854
 --------------------------
iter: 50 | batch: 0 | nc: 1 | ncalls: 51 | bounds: 0 | eff(%):  4.757 | logz: -4.0e+03 +/- 8.7e-02 | dlogz: 3969.730 >  0.500
 loglike: -4.0e+03 | params: [-4.32381498e-01 -1.21118176e-02 -3.04117593e-01  5.29130486e-01
  1.41906057e+00  2.28804032e+00  3.03836772e+00  2.71585353e+01]
 Average call time: 1.12 sec | Current time: 2019-06-25 15:58:00.753509
 --------------------------
iter: 51 | batch: 0 | nc: 1 | ncalls: 52 | bounds: 0 | eff(%):  4.848 | logz: -3.9e+03 +/- 8.7e-02 | dlogz: 3958.584 >  0.500
 loglike: -3.9e+03 | params: [-0.19111916 -0.68937909  0.76200938  0.45768472  2.687306    2.72034652
  3.19401962 29.44550648]
 Average call time: 1.08 sec | Current time: 2019-06-25 15:58:01.833349
 --------------------------
iter: 52 | batch: 0 | nc: 2 | ncalls: 54 | bounds: 0 | eff(%):  4.934 | logz: -3.9e+03 +/- 8.7e-02 | dlogz: 3946.801 >  0.500
 loglike: -3.9e+03 | params: [ 0.17877527 -0.26855832 -0.22967408  1.21016185  1.03394758  2.12644554
  4.05219472 29.77892343]
 Average call time: 1.01 sec | Current time: 2019-06-25 15:58:03.849489
 --------------------------
iter: 53 | batch: 0 | nc: 1 | ncalls: 55 | bounds: 0 | eff(%):  5.024 | logz: -3.9e+03 +/- 8.7e-02 | dlogz: 3926.733 >  0.500
 loglike: -3.9e+03 | params: [ 7.06127876e-02 -4.85875252e-01  1.39719606e-02  2.10557166e+00
  2.45973809e+00  2.55544391e+00  3.48592675e+00  2.94433944e+01]
 Average call time: 1.17 sec | Current time: 2019-06-25 15:58:05.018171
 --------------------------
iter: 54 | batch: 0 | nc: 1 | ncalls: 56 | bounds: 0 | eff(%):  5.114 | logz: -3.9e+03 +/- 8.7e-02 | dlogz: 3919.648 >  0.500
 loglike: -3.9e+03 | params: [-0.11105703 -0.65319315 -0.06030543  2.03691077  1.361591    2.17945471
  3.15238703 28.78331722]
 Average call time: 1.09 sec | Current time: 2019-06-25 15:58:06.107410
 --------------------------
iter: 55 | batch: 0 | nc: 1 | ncalls: 57 | bounds: 0 | eff(%):  5.203 | logz: -3.8e+03 +/- 8.7e-02 | dlogz: 3863.839 >  0.500
 loglike: -3.8e+03 | params: [-0.06193154 -0.80788656  1.15482367  1.08273074  2.51776748  2.78830654
  3.02612261 29.20355998]
 Average call time: 1.09 sec | Current time: 2019-06-25 15:58:07.197561
 --------------------------
iter: 56 | batch: 0 | nc: 1 | ncalls: 58 | bounds: 0 | eff(%):  5.293 | logz: -3.8e+03 +/- 8.7e-02 | dlogz: 3824.650 >  0.500
 loglike: -3.8e+03 | params: [ 0.2135538  -0.54660057 -0.18073934  0.66446495  0.91593787  3.42575504
  3.75350292 29.96842457]
 Average call time: 1.08 sec | Current time: 2019-06-25 15:58:08.277712
 --------------------------
iter: 57 | batch: 0 | nc: 1 | ncalls: 59 | bounds: 0 | eff(%):  5.382 | logz: -3.8e+03 +/- 8.7e-02 | dlogz: 3797.836 >  0.500
 loglike: -3.8e+03 | params: [-0.03608044 -0.74938782  0.39969778  1.93725944  1.36922239  2.63378057
  3.19162381 28.95123767]
 Average call time: 1.08 sec | Current time: 2019-06-25 15:58:09.359478
 --------------------------
iter: 58 | batch: 0 | nc: 1 | ncalls: 60 | bounds: 0 | eff(%):  5.472 | logz: -3.8e+03 +/- 8.7e-02 | dlogz: 3787.984 >  0.500
 loglike: -3.8e+03 | params: [-0.14054057 -0.54972294 -0.03613048  0.70104426  1.6608079   2.53663639
  3.75595196 29.67820097]
 Average call time: 0.91 sec | Current time: 2019-06-25 15:58:10.265279
 --------------------------
iter: 59 | batch: 0 | nc: 1 | ncalls: 61 | bounds: 0 | eff(%):  5.561 | logz: -3.8e+03 +/- 8.7e-02 | dlogz: 3781.052 >  0.500
 loglike: -3.8e+03 | params: [ 0.04356393 -0.24246992  0.83448299  2.15777004  2.57334738  2.87104837
  3.81965308 29.71547435]
 Average call time: 1.09 sec | Current time: 2019-06-25 15:58:11.355071
 --------------------------
iter: 60 | batch: 0 | nc: 1 | ncalls: 62 | bounds: 0 | eff(%):  5.650 | logz: -3.7e+03 +/- 8.8e-02 | dlogz: 3761.170 >  0.500
 loglike: -3.7e+03 | params: [ 0.05122249 -0.47035816  0.2554889   1.89196914  2.32309402  2.40554111
  3.3977981  29.00567597]
 Average call time: 0.97 sec | Current time: 2019-06-25 15:58:12.328849
 --------------------------
iter: 61 | batch: 0 | nc: 1 | ncalls: 63 | bounds: 0 | eff(%):  5.738 | logz: -3.7e+03 +/- 8.7e-02 | dlogz: 3705.533 >  0.500
 loglike: -3.7e+03 | params: [-0.34826726 -0.81837311 -0.38578903  2.18126345  2.87604307  2.15094122
  3.29088901 29.79902572]
 Average call time: 1.07 sec | Current time: 2019-06-25 15:58:13.395528
 --------------------------
iter: 62 | batch: 0 | nc: 1 | ncalls: 64 | bounds: 0 | eff(%):  5.827 | logz: -3.7e+03 +/- 8.8e-02 | dlogz: 3699.020 >  0.500
 loglike: -3.7e+03 | params: [-0.36947792 -0.40424513  0.30505587  0.29220344  2.76131253  3.36522159
  3.43866898 29.87441687]
 Average call time: 1.13 sec | Current time: 2019-06-25 15:58:14.523426
 --------------------------
iter: 63 | batch: 0 | nc: 1 | ncalls: 65 | bounds: 0 | eff(%):  5.915 | logz: -3.7e+03 +/- 8.8e-02 | dlogz: 3670.635 >  0.500
 loglike: -3.6e+03 | params: [-0.3893637  -0.41994597 -0.59933102  1.17678735  2.59458382  2.75974592
  3.61072427 29.5906826 ]
 Average call time: 1.09 sec | Current time: 2019-06-25 15:58:15.617215
 --------------------------
iter: 64 | batch: 0 | nc: 1 | ncalls: 66 | bounds: 0 | eff(%):  6.004 | logz: -3.6e+03 +/- 8.8e-02 | dlogz: 3650.447 >  0.500
 loglike: -3.6e+03 | params: [-0.06148501 -0.26459429 -0.52272961  1.52059815  1.75509994  3.86383969
  3.01950779 29.95059666]
 Average call time: 1.11 sec | Current time: 2019-06-25 15:58:16.725099
 --------------------------
iter: 65 | batch: 0 | nc: 1 | ncalls: 67 | bounds: 0 | eff(%):  6.092 | logz: -3.6e+03 +/- 8.7e-02 | dlogz: 3641.651 >  0.500
 loglike: -3.6e+03 | params: [ 0.02984295 -0.96825849 -0.28743475  1.00832794  2.04002707  2.28457044
  3.3997922  29.06257991]
 Average call time: 1.13 sec | Current time: 2019-06-25 15:58:17.859331
 --------------------------
iter: 66 | batch: 0 | nc: 1 | ncalls: 68 | bounds: 0 | eff(%):  6.180 | logz: -3.6e+03 +/- 8.8e-02 | dlogz: 3633.777 >  0.500
 loglike: -3.6e+03 | params: [ 0.16374685 -0.72163739 -0.15621416  1.59426505  2.15537185  2.1746665
  3.09070731 28.39753565]
 Average call time: 0.93 sec | Current time: 2019-06-25 15:58:18.788823
 --------------------------
iter: 67 | batch: 0 | nc: 2 | ncalls: 70 | bounds: 0 | eff(%):  6.262 | logz: -3.6e+03 +/- 8.1e-02 | dlogz: 3590.395 >  0.500
 loglike: -3.6e+03 | params: [ 0.22094808 -0.58223022 -0.50626195  1.56819895  2.05208041  2.61806807
  3.51039994 29.0263943 ]
 Average call time: 0.93 sec | Current time: 2019-06-25 15:58:20.653664
 --------------------------
iter: 68 | batch: 0 | nc: 1 | ncalls: 71 | bounds: 0 | eff(%):  6.349 | logz: -3.6e+03 +/- 8.2e-02 | dlogz: 3588.994 >  0.500
 loglike: -3.6e+03 | params: [-5.00353737e-03 -8.29737016e-01  1.23207526e+00  1.95928443e+00
  2.24366930e+00  2.16013727e+00  3.19737346e+00  2.90305084e+01]
 Average call time: 1.17 sec | Current time: 2019-06-25 15:58:21.819401
 --------------------------
iter: 69 | batch: 0 | nc: 1 | ncalls: 72 | bounds: 0 | eff(%):  6.437 | logz: -3.6e+03 +/- 8.8e-02 | dlogz: 3587.270 >  0.500
 loglike: -3.5e+03 | params: [ 0.1670074  -0.08185813 -0.46154235  0.50418281  0.89637689  2.66827203
  3.1813785  27.28818037]
 Average call time: 0.92 sec | Current time: 2019-06-25 15:58:22.735949
 --------------------------
iter: 70 | batch: 0 | nc: 1 | ncalls: 73 | bounds: 0 | eff(%):  6.524 | logz: -3.5e+03 +/- 8.8e-02 | dlogz: 3551.999 >  0.500
 loglike: -3.5e+03 | params: [ 0.18046504 -0.59351276  0.26021499  1.4768568   2.47152317  2.51004812
  3.51092963 29.1420996 ]
 Average call time: 1.13 sec | Current time: 2019-06-25 15:58:23.868141
 --------------------------
iter: 71 | batch: 0 | nc: 1 | ncalls: 74 | bounds: 0 | eff(%):  6.611 | logz: -3.5e+03 +/- 8.8e-02 | dlogz: 3541.812 >  0.500
 loglike: -3.5e+03 | params: [ 2.26472283e-02 -3.59734624e-01  4.98934399e-01  1.92371409e+00
  2.30249046e+00  2.77955351e+00  3.27092364e+00  2.88234491e+01]
 Average call time: 1.09 sec | Current time: 2019-06-25 15:58:24.955316
 --------------------------
iter: 72 | batch: 0 | nc: 1 | ncalls: 75 | bounds: 0 | eff(%):  6.698 | logz: -3.5e+03 +/- 8.8e-02 | dlogz: 3526.050 >  0.500
 loglike: -3.5e+03 | params: [ 0.13818941 -0.07880023  0.90730965  0.41022594  2.29162617  3.55088782
  4.12952293 29.61123212]
 Average call time: 1.10 sec | Current time: 2019-06-25 15:58:26.057926
 --------------------------
iter: 73 | batch: 0 | nc: 1 | ncalls: 76 | bounds: 0 | eff(%):  6.784 | logz: -3.5e+03 +/- 8.8e-02 | dlogz: 3466.536 >  0.500
 loglike: -3.5e+03 | params: [-0.15955671 -0.1136064   0.02913359  1.14795864  1.29548882  3.54045602
  3.37776392 28.95630636]
 Average call time: 1.09 sec | Current time: 2019-06-25 15:58:27.147207
 --------------------------
iter: 74 | batch: 0 | nc: 1 | ncalls: 77 | bounds: 0 | eff(%):  6.871 | logz: -3.5e+03 +/- 8.7e-02 | dlogz: 3456.844 >  0.500
 loglike: -3.4e+03 | params: [ 0.04499385 -0.09991216  0.79201537  1.46452236  1.45852009  2.41138359
  3.6058836  28.28775889]
 Average call time: 1.09 sec | Current time: 2019-06-25 15:58:28.238587
 --------------------------
iter: 75 | batch: 0 | nc: 1 | ncalls: 78 | bounds: 0 | eff(%):  6.957 | logz: -3.5e+03 +/- 8.4e-02 | dlogz: 3451.528 >  0.500
 loglike: -3.4e+03 | params: [ 0.09012263 -0.10647974  0.43328949  1.85039701  1.67924621  2.27423791
  3.86600419 28.79164457]
 Average call time: 1.06 sec | Current time: 2019-06-25 15:58:29.301715
 --------------------------
iter: 76 | batch: 0 | nc: 1 | ncalls: 79 | bounds: 0 | eff(%):  7.044 | logz: -3.4e+03 +/- 8.8e-02 | dlogz: 3449.321 >  0.500
 loglike: -3.4e+03 | params: [-3.39392697e-01 -2.61528770e-02  1.36797194e-01  1.58122430e+00
  1.73991977e+00  3.62352974e+00  3.10427641e+00  2.87552107e+01]
 Average call time: 1.00 sec | Current time: 2019-06-25 15:58:30.297357
 --------------------------
iter: 77 | batch: 0 | nc: 1 | ncalls: 80 | bounds: 0 | eff(%):  7.130 | logz: -3.4e+03 +/- 8.8e-02 | dlogz: 3380.878 >  0.500
 loglike: -3.4e+03 | params: [-0.20714958 -0.4038558   0.16752552  0.66868665  1.93452901  3.36232715
  2.99271149 29.19571894]
 Average call time: 1.11 sec | Current time: 2019-06-25 15:58:31.405522
 --------------------------
iter: 78 | batch: 0 | nc: 1 | ncalls: 81 | bounds: 0 | eff(%):  7.216 | logz: -3.3e+03 +/- 8.8e-02 | dlogz: 3364.368 >  0.500
 loglike: -3.3e+03 | params: [-0.45170366 -0.32462077 -0.13512957  0.99902452  1.91465548  3.7843541
  3.15203827 29.99210002]
 Average call time: 1.11 sec | Current time: 2019-06-25 15:58:32.514894
 --------------------------
iter: 79 | batch: 0 | nc: 1 | ncalls: 82 | bounds: 0 | eff(%):  7.301 | logz: -3.3e+03 +/- 8.8e-02 | dlogz: 3323.245 >  0.500
 loglike: -3.3e+03 | params: [ 0.11779138 -0.53243067 -0.08890818  2.1068792   2.7514535   3.45115065
  3.21354351 29.6448112 ]
 Average call time: 1.08 sec | Current time: 2019-06-25 15:58:33.599582
 --------------------------
iter: 80 | batch: 0 | nc: 1 | ncalls: 83 | bounds: 0 | eff(%):  7.387 | logz: -3.3e+03 +/- 8.8e-02 | dlogz: 3303.080 >  0.500
 loglike: -3.3e+03 | params: [ 0.07970198 -0.16784826 -0.63269972  2.1540402   1.15781334  3.42077756
  3.16381114 28.73359239]
 Average call time: 0.95 sec | Current time: 2019-06-25 15:58:34.552741
 --------------------------
iter: 81 | batch: 0 | nc: 1 | ncalls: 84 | bounds: 0 | eff(%):  7.472 | logz: -3.3e+03 +/- 8.8e-02 | dlogz: 3290.135 >  0.500
 loglike: -3.3e+03 | params: [ 4.79421578e-02 -1.09035767e-02  7.93183291e-01  2.22528222e+00
  2.48616616e+00  2.94805815e+00  3.86564247e+00  2.87819751e+01]
 Average call time: 0.91 sec | Current time: 2019-06-25 15:58:35.461002
 --------------------------
iter: 82 | batch: 0 | nc: 1 | ncalls: 85 | bounds: 0 | eff(%):  7.558 | logz: -3.3e+03 +/- 8.8e-02 | dlogz: 3265.282 >  0.500
 loglike: -3.2e+03 | params: [ 2.72928828e-02 -9.15276767e-01  1.94839028e-01  3.30633394e-01
  2.54970261e+00  2.17064955e+00  3.77024833e+00  2.97213551e+01]
 Average call time: 1.07 sec | Current time: 2019-06-25 15:58:36.531875
 --------------------------
iter: 83 | batch: 0 | nc: 2 | ncalls: 87 | bounds: 0 | eff(%):  7.636 | logz: -3.3e+03 +/- 8.1e-02 | dlogz: 3255.910 >  0.500
 loglike: -3.2e+03 | params: [-0.13817578 -0.13925526  0.82712622  1.91171297  2.30448362  3.62485511
  4.09147151 29.90475668]
 Average call time: 0.99 sec | Current time: 2019-06-25 15:58:38.516789
 --------------------------
iter: 84 | batch: 0 | nc: 1 | ncalls: 88 | bounds: 0 | eff(%):  7.721 | logz: -3.2e+03 +/- 8.8e-02 | dlogz: 3254.554 >  0.500
 loglike: -3.2e+03 | params: [-1.45617131e-02 -4.13164038e-01  2.43311692e-02  1.41784264e+00
  1.24559314e+00  2.37428809e+00  3.14139308e+00  2.78762080e+01]
 Average call time: 0.93 sec | Current time: 2019-06-25 15:58:39.442838
 --------------------------
iter: 85 | batch: 0 | nc: 1 | ncalls: 89 | bounds: 0 | eff(%):  7.805 | logz: -3.2e+03 +/- 8.7e-02 | dlogz: 3223.303 >  0.500
 loglike: -3.2e+03 | params: [-0.07097159 -0.81547716  1.22754594  2.12451053  2.63698311  2.89285156
  3.09276755 29.28591684]
 Average call time: 0.93 sec | Current time: 2019-06-25 15:58:40.376707
 --------------------------
iter: 86 | batch: 0 | nc: 1 | ncalls: 90 | bounds: 0 | eff(%):  7.890 | logz: -3.2e+03 +/- 8.8e-02 | dlogz: 3218.314 >  0.500
 loglike: -3.2e+03 | params: [-0.35636041 -0.37789123  0.10914325  1.83692996  2.43622122  2.65377827
  3.48846279 29.00936089]
 Average call time: 1.09 sec | Current time: 2019-06-25 15:58:41.462565
 --------------------------
iter: 87 | batch: 0 | nc: 1 | ncalls: 91 | bounds: 0 | eff(%):  7.974 | logz: -3.2e+03 +/- 8.7e-02 | dlogz: 3178.274 >  0.500
 loglike: -3.2e+03 | params: [-0.2317129  -0.93608775  1.19205128  1.0079925   2.54048209  3.13223642
  3.47830676 29.93099787]
 Average call time: 0.93 sec | Current time: 2019-06-25 15:58:42.389691
 --------------------------
iter: 88 | batch: 0 | nc: 1 | ncalls: 92 | bounds: 0 | eff(%):  8.059 | logz: -3.2e+03 +/- 8.8e-02 | dlogz: 3173.189 >  0.500
 loglike: -3.2e+03 | params: [-0.11279547 -0.30079294 -0.16903087  1.98943203  2.68788399  3.64575956
  3.45799756 29.69227798]
 Average call time: 1.10 sec | Current time: 2019-06-25 15:58:43.491034
 --------------------------
iter: 89 | batch: 0 | nc: 1 | ncalls: 93 | bounds: 0 | eff(%):  8.143 | logz: -3.2e+03 +/- 8.8e-02 | dlogz: 3164.449 >  0.500
 loglike: -3.1e+03 | params: [ 0.12288603 -0.34567998  1.03928464  1.71272985  1.88128035  2.79995703
  3.24702688 28.31589632]
 Average call time: 1.07 sec | Current time: 2019-06-25 15:58:44.565002
 --------------------------
iter: 90 | batch: 0 | nc: 2 | ncalls: 95 | bounds: 0 | eff(%):  8.219 | logz: -3.1e+03 +/- 8.8e-02 | dlogz: 3149.663 >  0.500
 loglike: -3.1e+03 | params: [-0.07608032 -0.17149325 -0.61697459  1.23405975  2.45546101  2.80361524
  3.42110404 28.29794263]
 Average call time: 1.01 sec | Current time: 2019-06-25 15:58:46.593612
 --------------------------
iter: 91 | batch: 0 | nc: 1 | ncalls: 96 | bounds: 0 | eff(%):  8.303 | logz: -3.1e+03 +/- 8.5e-02 | dlogz: 3143.229 >  0.500
 loglike: -3.1e+03 | params: [-0.14571053 -0.38274617 -0.61247487  0.37187457  2.18208872  2.71530458
  3.36410575 28.47861578]
 Average call time: 1.08 sec | Current time: 2019-06-25 15:58:47.671371
 --------------------------
iter: 92 | batch: 0 | nc: 1 | ncalls: 97 | bounds: 0 | eff(%):  8.387 | logz: -3.1e+03 +/- 8.8e-02 | dlogz: 3140.522 >  0.500
 loglike: -3.1e+03 | params: [-0.34843385 -0.49410087  0.98120518  2.16848639  2.19651411  2.34242677
  3.52976897 29.18967745]
 Average call time: 1.09 sec | Current time: 2019-06-25 15:58:48.757731
 --------------------------
iter: 93 | batch: 0 | nc: 1 | ncalls: 98 | bounds: 0 | eff(%):  8.470 | logz: -3.1e+03 +/- 8.8e-02 | dlogz: 3132.741 >  0.500
 loglike: -3.1e+03 | params: [-0.4856467  -0.45591095  0.76865359  2.20938976  2.38255925  2.65691897
  3.14503665 28.91284007]
 Average call time: 0.91 sec | Current time: 2019-06-25 15:58:49.670292
 --------------------------
iter: 94 | batch: 0 | nc: 1 | ncalls: 99 | bounds: 0 | eff(%):  8.553 | logz: -3.1e+03 +/- 8.8e-02 | dlogz: 3124.497 >  0.500
 loglike: -3.1e+03 | params: [ 0.20330735 -0.3019469  -0.21110599  1.31446941  1.02964076  3.15722503
  3.69877512 28.87108391]
 Average call time: 0.93 sec | Current time: 2019-06-25 15:58:50.599554
 --------------------------
iter: 95 | batch: 0 | nc: 2 | ncalls: 101 | bounds: 0 | eff(%):  8.629 | logz: -3.1e+03 +/- 8.7e-02 | dlogz: 3095.833 >  0.500
 loglike: -3.1e+03 | params: [-0.23618988 -0.36986689 -0.05065831  0.69185267  1.32290805  2.94772064
  3.08135472 28.25419535]
 Average call time: 1.09 sec | Current time: 2019-06-25 15:58:52.771361
 --------------------------
iter: 96 | batch: 0 | nc: 1 | ncalls: 102 | bounds: 0 | eff(%):  8.711 | logz: -3.1e+03 +/- 8.8e-02 | dlogz: 3090.689 >  0.500
 loglike: -3.1e+03 | params: [-0.25561536 -0.47831759  0.93650104  2.0104508   2.52037938  3.01906648
  3.70308749 29.79674772]
 Average call time: 0.91 sec | Current time: 2019-06-25 15:58:53.678065
 --------------------------
iter: 97 | batch: 0 | nc: 2 | ncalls: 104 | bounds: 0 | eff(%):  8.786 | logz: -3.1e+03 +/- 8.3e-02 | dlogz: 3081.406 >  0.500
 loglike: -3.1e+03 | params: [ 0.07956157 -0.74940116  0.22238529  0.36227224  2.21276048  3.58339419
  3.21338345 29.59577508]
 Average call time: 1.15 sec | Current time: 2019-06-25 15:58:55.985935
 --------------------------
iter: 98 | batch: 0 | nc: 1 | ncalls: 105 | bounds: 0 | eff(%):  8.869 | logz: -3.1e+03 +/- 7.9e-02 | dlogz: 3079.590 >  0.500
 loglike: -3.1e+03 | params: [-0.03277838 -0.58703733 -0.04018982  0.33941868  2.61256702  3.45424948
  3.11047751 29.4348297 ]
 Average call time: 1.09 sec | Current time: 2019-06-25 15:58:57.078274
 --------------------------
iter: 99 | batch: 0 | nc: 1 | ncalls: 106 | bounds: 0 | eff(%):  8.951 | logz: -3.1e+03 +/- 8.7e-02 | dlogz: 3078.671 >  0.500
 loglike: -3.1e+03 | params: [-0.20298722 -0.91812064  0.91700954  0.65125849  1.35124365  2.41436155
  3.39038444 28.82899329]
 Average call time: 0.92 sec | Current time: 2019-06-25 15:58:57.995678
 --------------------------
iter: 100 | batch: 0 | nc: 1 | ncalls: 107 | bounds: 0 | eff(%):  9.033 | logz: -3.1e+03 +/- 8.8e-02 | dlogz: 3073.107 >  0.500
 loglike: -3.1e+03 | params: [-4.54639849e-01 -1.10854223e-02  5.72776728e-01  1.17766014e+00
  1.79245109e+00  2.11472141e+00  3.32496111e+00  2.73365062e+01]
 Average call time: 0.93 sec | Current time: 2019-06-25 15:58:58.929036
 --------------------------
iter: 101 | batch: 0 | nc: 1 | ncalls: 108 | bounds: 0 | eff(%):  9.116 | logz: -3.1e+03 +/- 8.8e-02 | dlogz: 3066.917 >  0.500
 loglike: -3.1e+03 | params: [-0.24976035 -0.26100117  0.15154684  1.37048746  0.93536308  2.12562024
  3.5753716  28.46588434]
 Average call time: 1.08 sec | Current time: 2019-06-25 15:59:00.009402
 --------------------------
iter: 102 | batch: 0 | nc: 1 | ncalls: 109 | bounds: 0 | eff(%):  9.197 | logz: -3.0e+03 +/- 8.8e-02 | dlogz: 3057.692 >  0.500
 loglike: -3.0e+03 | params: [ 0.03114215 -0.03884109  0.88078855  0.9946649   2.7020856   3.58782423
  3.83038436 29.04162644]
 Average call time: 1.09 sec | Current time: 2019-06-25 15:59:01.097385
 --------------------------
iter: 103 | batch: 0 | nc: 1 | ncalls: 110 | bounds: 0 | eff(%):  9.279 | logz: -3.0e+03 +/- 8.7e-02 | dlogz: 3038.338 >  0.500
 loglike: -3.0e+03 | params: [-0.42195975 -0.25621297  0.43391915  2.24456804  0.88201034  3.01526915
  3.44891777 28.86972634]
 Average call time: 0.93 sec | Current time: 2019-06-25 15:59:02.024213
 --------------------------
iter: 104 | batch: 0 | nc: 1 | ncalls: 111 | bounds: 0 | eff(%):  9.361 | logz: -3.0e+03 +/- 8.8e-02 | dlogz: 3032.919 >  0.500
 loglike: -3.0e+03 | params: [ 0.08337882 -0.90989406  0.80905756  1.62694934  2.66687315  2.523128
  3.61544261 29.37581237]
 Average call time: 1.09 sec | Current time: 2019-06-25 15:59:03.111409
 --------------------------
iter: 105 | batch: 0 | nc: 1 | ncalls: 112 | bounds: 0 | eff(%):  9.442 | logz: -3.0e+03 +/- 8.8e-02 | dlogz: 3019.914 >  0.500
 loglike: -3.0e+03 | params: [ 0.0800932  -0.38918853  0.11375353  2.05482022  1.7054363   2.30090004
  4.11609072 29.7659503 ]
 Average call time: 1.09 sec | Current time: 2019-06-25 15:59:04.197990
 --------------------------
iter: 106 | batch: 0 | nc: 1 | ncalls: 113 | bounds: 0 | eff(%):  9.524 | logz: -3.0e+03 +/- 8.1e-02 | dlogz: 3008.824 >  0.500
 loglike: -3.0e+03 | params: [ 0.23448803 -0.10257671  0.25649215  1.59043443  2.22958309  3.67909438
  3.57562334 28.87438003]
 Average call time: 1.08 sec | Current time: 2019-06-25 15:59:05.281778
 --------------------------
iter: 107 | batch: 0 | nc: 2 | ncalls: 115 | bounds: 0 | eff(%):  9.596 | logz: -3.0e+03 +/- 8.7e-02 | dlogz: 3007.704 >  0.500
 loglike: -3.0e+03 | params: [ 0.07802213 -0.68380452  0.08579218  1.55112475  1.32813041  2.44916179
  3.68505277 29.05244285]
 Average call time: 1.09 sec | Current time: 2019-06-25 15:59:07.464031
 --------------------------
iter: 108 | batch: 0 | nc: 1 | ncalls: 116 | bounds: 0 | eff(%):  9.677 | logz: -3.0e+03 +/- 8.8e-02 | dlogz: 3003.404 >  0.500
 loglike: -3.0e+03 | params: [ 0.16983611 -0.22411878 -0.2679896   1.72930182  1.50654555  3.10085398
  3.03638598 27.91259999]
 Average call time: 1.08 sec | Current time: 2019-06-25 15:59:08.548865
 --------------------------
iter: 109 | batch: 0 | nc: 1 | ncalls: 117 | bounds: 0 | eff(%):  9.758 | logz: -3.0e+03 +/- 8.8e-02 | dlogz: 2971.418 >  0.500
 loglike: -3.0e+03 | params: [-0.18934858 -0.09545102  1.1960256   0.59196672  2.46603095  2.69176386
  3.56698137 28.26453753]
 Average call time: 1.06 sec | Current time: 2019-06-25 15:59:09.613384
 --------------------------
iter: 110 | batch: 0 | nc: 1 | ncalls: 118 | bounds: 0 | eff(%):  9.839 | logz: -3.0e+03 +/- 8.2e-02 | dlogz: 2962.196 >  0.500
 loglike: -3.0e+03 | params: [-0.21209955 -0.62205877  0.08561608  1.68000849  1.36461086  2.46415578
  3.36846521 28.62195199]
 Average call time: 0.96 sec | Current time: 2019-06-25 15:59:10.571838
 --------------------------
iter: 111 | batch: 0 | nc: 1 | ncalls: 119 | bounds: 0 | eff(%):  9.920 | logz: -2.9e+03 +/- 8.8e-02 | dlogz: 2960.554 >  0.500
 loglike: -2.9e+03 | params: [ 0.19232062 -0.84279075  1.19998154  1.82343852  2.02457257  3.75660265
  3.0941554  29.86210118]
 Average call time: 0.91 sec | Current time: 2019-06-25 15:59:11.484477
 --------------------------
iter: 112 | batch: 0 | nc: 1 | ncalls: 120 | bounds: 0 | eff(%): 10.000 | logz: -2.9e+03 +/- 8.8e-02 | dlogz: 2937.927 >  0.500
 loglike: -2.9e+03 | params: [ 1.67917891e-01 -2.67352089e-02  4.20510431e-01  9.98361792e-01
  1.52245899e+00  3.85143957e+00  3.36680241e+00  2.86747259e+01]
 Average call time: 0.91 sec | Current time: 2019-06-25 15:59:12.390719
 --------------------------
iter: 113 | batch: 0 | nc: 1 | ncalls: 121 | bounds: 0 | eff(%): 10.080 | logz: -2.9e+03 +/- 8.2e-02 | dlogz: 2928.161 >  0.500
 loglike: -2.9e+03 | params: [-0.47930428 -0.09763614  0.96451418  0.52907738  2.67336654  3.1583488
  3.08008096 28.36165979]
 Average call time: 1.08 sec | Current time: 2019-06-25 15:59:13.472802
 --------------------------
iter: 114 | batch: 0 | nc: 1 | ncalls: 122 | bounds: 0 | eff(%): 10.160 | logz: -2.9e+03 +/- 8.7e-02 | dlogz: 2926.701 >  0.500
 loglike: -2.9e+03 | params: [ 0.16645349 -0.83306646  1.19418474  0.92262693  2.29685482  2.7803417
  3.57522804 29.08422491]
 Average call time: 0.92 sec | Current time: 2019-06-25 15:59:14.393878
 --------------------------
iter: 115 | batch: 0 | nc: 1 | ncalls: 123 | bounds: 0 | eff(%): 10.240 | logz: -2.9e+03 +/- 8.1e-02 | dlogz: 2921.730 >  0.500
 loglike: -2.9e+03 | params: [-0.4073265  -0.74539014  0.3436701   1.77368448  1.07548492  3.2468591
  3.73416368 29.78510997]
 Average call time: 1.08 sec | Current time: 2019-06-25 15:59:15.477380
 --------------------------
iter: 116 | batch: 0 | nc: 1 | ncalls: 124 | bounds: 0 | eff(%): 10.320 | logz: -2.9e+03 +/- 8.8e-02 | dlogz: 2920.455 >  0.500
 loglike: -2.9e+03 | params: [-0.31240629 -0.29962499 -0.04539994  1.62389164  0.91984638  2.51036238
  3.72258585 28.84478196]
 Average call time: 1.08 sec | Current time: 2019-06-25 15:59:16.559756
 --------------------------
iter: 117 | batch: 0 | nc: 2 | ncalls: 126 | bounds: 0 | eff(%): 10.391 | logz: -2.9e+03 +/- 8.4e-02 | dlogz: 2908.735 >  0.500
 loglike: -2.9e+03 | params: [ 5.38168876e-02 -2.90003874e-02 -2.74213753e-01  3.51375957e-01
  1.37186415e+00  2.19862633e+00  4.34645754e+00  2.91735339e+01]
 Average call time: 1.10 sec | Current time: 2019-06-25 15:59:18.750070
 --------------------------
iter: 118 | batch: 0 | nc: 1 | ncalls: 127 | bounds: 0 | eff(%): 10.470 | logz: -2.9e+03 +/- 8.8e-02 | dlogz: 2906.459 >  0.500
 loglike: -2.9e+03 | params: [-2.05975101e-02 -1.42310289e-02  6.69359418e-01  1.22594470e+00
  2.32620268e+00  3.33581730e+00  4.52953658e+00  2.97667614e+01]
 Average call time: 1.16 sec | Current time: 2019-06-25 15:59:19.910139
 --------------------------
iter: 119 | batch: 0 | nc: 1 | ncalls: 128 | bounds: 0 | eff(%): 10.550 | logz: -2.8e+03 +/- 8.8e-02 | dlogz: 2883.002 >  0.500
 loglike: -2.8e+03 | params: [ 0.02826336 -0.15612607  0.19873868  0.44562832  2.5161205   2.70734118
  3.33843728 27.93181164]
 Average call time: 1.09 sec | Current time: 2019-06-25 15:59:21.001906
 --------------------------
