Using pcmdpy version 0.9.3
Loading Setup File: setup_files/mocks/mock_3.py
Running Nested Sampling
-initializing models
-Saving initial results dataframe
iter: 1 | batch: 0 | nc: 1 | ncalls: 1 | bounds: 0 | eff(%):  0.200 | logz: -3.0e+04 +/- 1.2e-01 | dlogz:    inf >  0.500
 loglike: -3.0e+04 | params: [ 0.1067525  -0.38559718 -1.15847112 -0.17645284 -0.1550821   0.36337017
  0.98662477 29.63364535]
 Average call time: 1818.78 sec | Current time: 2019-06-25 16:10:23.071613
 --------------------------
iter: 2 | batch: 0 | nc: 1 | ncalls: 2 | bounds: 0 | eff(%):  0.398 | logz: -2.9e+04 +/- 1.2e-01 | dlogz: 30181.442 >  0.500
 loglike: -2.9e+04 | params: [-0.04504055 -0.29212572 -2.13791047 -0.84208018 -0.52155077  0.98316074
  1.03708354 29.76755694]
 Average call time: 3.49 sec | Current time: 2019-06-25 16:10:26.559451
 --------------------------
iter: 3 | batch: 0 | nc: 1 | ncalls: 3 | bounds: 0 | eff(%):  0.596 | logz: -2.7e+04 +/- 1.2e-01 | dlogz: 28778.921 >  0.500
 loglike: -2.7e+04 | params: [-0.3475886  -0.33297394 -1.61674369 -1.62983663 -0.03805419  0.52449129
  1.11771464 29.34927856]
 Average call time: 3.44 sec | Current time: 2019-06-25 16:10:30.000755
 --------------------------
iter: 4 | batch: 0 | nc: 1 | ncalls: 4 | bounds: 0 | eff(%):  0.794 | logz: -2.7e+04 +/- 1.2e-01 | dlogz: 27396.660 >  0.500
 loglike: -2.7e+04 | params: [ 2.01356473e-01 -7.86075303e-03 -1.66604724e+00 -9.99479551e-02
 -3.85426137e-01  6.63629719e-01  1.40362204e+00  2.95753583e+01]
 Average call time: 3.92 sec | Current time: 2019-06-25 16:10:33.918052
 --------------------------
iter: 5 | batch: 0 | nc: 1 | ncalls: 5 | bounds: 0 | eff(%):  0.990 | logz: -2.7e+04 +/- 1.2e-01 | dlogz: 27112.008 >  0.500
 loglike: -2.7e+04 | params: [-0.37305163 -0.93682811 -2.70186404 -1.24892549 -0.89831675  0.91857309
  1.01968022 29.63282725]
 Average call time: 3.46 sec | Current time: 2019-06-25 16:10:37.374987
 --------------------------
iter: 6 | batch: 0 | nc: 1 | ncalls: 6 | bounds: 0 | eff(%):  1.186 | logz: -2.6e+04 +/- 1.2e-01 | dlogz: 26902.588 >  0.500
 loglike: -2.6e+04 | params: [ 0.13672771 -0.47672888 -1.14301441 -0.69808837  0.77128169  0.39564322
  1.0458426  29.67445319]
 Average call time: 3.90 sec | Current time: 2019-06-25 16:10:41.271308
 --------------------------
iter: 7 | batch: 0 | nc: 1 | ncalls: 7 | bounds: 0 | eff(%):  1.381 | logz: -2.6e+04 +/- 1.2e-01 | dlogz: 26050.565 >  0.500
 loglike: -2.6e+04 | params: [-0.41444036 -0.29464891 -2.04685409 -0.88793443 -0.49664606  1.24520516
  1.00266432 29.88420035]
 Average call time: 3.91 sec | Current time: 2019-06-25 16:10:45.186139
 --------------------------
iter: 8 | batch: 0 | nc: 1 | ncalls: 8 | bounds: 0 | eff(%):  1.575 | logz: -2.5e+04 +/- 1.2e-01 | dlogz: 25831.492 >  0.500
 loglike: -2.5e+04 | params: [ 1.13283930e-01 -1.88270931e-02 -2.06171107e+00 -1.57248140e+00
  4.87783977e-01  4.18401495e-01  1.69553876e+00  2.99133474e+01]
 Average call time: 3.52 sec | Current time: 2019-06-25 16:10:48.709402
 --------------------------
iter: 9 | batch: 0 | nc: 1 | ncalls: 9 | bounds: 0 | eff(%):  1.768 | logz: -2.5e+04 +/- 1.2e-01 | dlogz: 24819.922 >  0.500
 loglike: -2.5e+04 | params: [-0.30627763 -0.08419218 -1.70159585 -0.61785836 -0.47818586  0.78585462
  1.60013739 29.89409103]
 Average call time: 3.46 sec | Current time: 2019-06-25 16:10:52.171745
 --------------------------
iter: 10 | batch: 0 | nc: 1 | ncalls: 10 | bounds: 0 | eff(%):  1.961 | logz: -2.4e+04 +/- 1.2e-01 | dlogz: 24640.640 >  0.500
 loglike: -2.4e+04 | params: [-0.12006599 -0.70879984 -1.42304122 -1.68305524 -0.47609674  0.29438762
  1.3039878  29.14685066]
 Average call time: 3.62 sec | Current time: 2019-06-25 16:10:55.787959
 --------------------------
iter: 11 | batch: 0 | nc: 1 | ncalls: 11 | bounds: 0 | eff(%):  2.153 | logz: -2.4e+04 +/- 1.2e-01 | dlogz: 24225.296 >  0.500
 loglike: -2.4e+04 | params: [-0.39844482 -0.99545353 -1.69127988 -1.7006016  -0.05270133  0.19997719
  1.24349301 29.21505224]
 Average call time: 3.95 sec | Current time: 2019-06-25 16:10:59.737840
 --------------------------
iter: 12 | batch: 0 | nc: 1 | ncalls: 12 | bounds: 0 | eff(%):  2.344 | logz: -2.2e+04 +/- 1.2e-01 | dlogz: 24115.245 >  0.500
 loglike: -2.2e+04 | params: [-0.11105703 -0.65319315 -2.06030543  0.03691077 -0.638409    0.17945471
  1.15238703 28.78331722]
 Average call time: 3.98 sec | Current time: 2019-06-25 16:11:03.722229
 --------------------------
iter: 13 | batch: 0 | nc: 1 | ncalls: 13 | bounds: 0 | eff(%):  2.534 | logz: -2.1e+04 +/- 1.2e-01 | dlogz: 21962.997 >  0.500
 loglike: -2.1e+04 | params: [-0.06193154 -0.80788656 -0.84517633 -0.91726926  0.51776748  0.78830654
  1.02612261 29.20355998]
 Average call time: 3.49 sec | Current time: 2019-06-25 16:11:07.207609
 --------------------------
iter: 14 | batch: 0 | nc: 1 | ncalls: 14 | bounds: 0 | eff(%):  2.724 | logz: -2.1e+04 +/- 1.2e-01 | dlogz: 21364.824 >  0.500
 loglike: -2.1e+04 | params: [-0.03608044 -0.74938782 -1.60030222 -0.06274056 -0.63077761  0.63378057
  1.19162381 28.95123767]
 Average call time: 3.46 sec | Current time: 2019-06-25 16:11:10.671845
 --------------------------
iter: 15 | batch: 0 | nc: 1 | ncalls: 15 | bounds: 0 | eff(%):  2.913 | logz: -2.1e+04 +/- 1.2e-01 | dlogz: 21340.881 >  0.500
 loglike: -2.1e+04 | params: [-5.00353737e-03 -8.29737016e-01 -7.67924737e-01 -4.07155682e-02
  2.43669304e-01  1.60137268e-01  1.19737346e+00  2.90305084e+01]
 Average call time: 3.86 sec | Current time: 2019-06-25 16:11:14.526910
 --------------------------
iter: 16 | batch: 0 | nc: 1 | ncalls: 16 | bounds: 0 | eff(%):  3.101 | logz: -2.1e+04 +/- 1.2e-01 | dlogz: 20961.760 >  0.500
 loglike: -2.1e+04 | params: [-0.07502255 -0.23917019 -1.51473693 -1.1627439  -0.64632796  0.95264274
  1.10734549 28.69421099]
 Average call time: 3.48 sec | Current time: 2019-06-25 16:11:18.004019
 --------------------------
iter: 17 | batch: 0 | nc: 1 | ncalls: 17 | bounds: 0 | eff(%):  3.288 | logz: -2.1e+04 +/- 1.2e-01 | dlogz: 20912.277 >  0.500
 loglike: -2.1e+04 | params: [-0.06820744 -0.22789915 -1.9466982  -0.39997773  0.6129026   0.76761841
  1.04262998 28.97021965]
 Average call time: 3.43 sec | Current time: 2019-06-25 16:11:21.438857
 --------------------------
iter: 18 | batch: 0 | nc: 1 | ncalls: 18 | bounds: 0 | eff(%):  3.475 | logz: -2.0e+04 +/- 1.2e-01 | dlogz: 20541.991 >  0.500
 loglike: -2.0e+04 | params: [ 0.02984295 -0.96825849 -2.28743475 -0.99167206  0.04002707  0.28457044
  1.3997922  29.06257991]
 Average call time: 3.89 sec | Current time: 2019-06-25 16:11:25.331912
 --------------------------
iter: 19 | batch: 0 | nc: 2 | ncalls: 20 | bounds: 0 | eff(%):  3.654 | logz: -2.0e+04 +/- 1.2e-01 | dlogz: 20411.308 >  0.500
 loglike: -2.0e+04 | params: [-0.3691888  -0.64866438 -1.9071737  -1.49800932  0.42953309  0.34026091
  1.69219439 29.95642633]
 Average call time: 3.92 sec | Current time: 2019-06-25 16:11:33.165273
 --------------------------
iter: 20 | batch: 0 | nc: 1 | ncalls: 21 | bounds: 0 | eff(%):  3.839 | logz: -2.0e+04 +/- 1.2e-01 | dlogz: 20037.332 >  0.500
 loglike: -2.0e+04 | params: [-0.12778877 -0.40901214 -1.88274519 -0.45418031 -0.97384877  1.01543203
  1.48390664 29.41704241]
 Average call time: 3.99 sec | Current time: 2019-06-25 16:11:37.157826
 --------------------------
iter: 21 | batch: 0 | nc: 1 | ncalls: 22 | bounds: 0 | eff(%):  4.023 | logz: -2.0e+04 +/- 1.2e-01 | dlogz: 19730.603 >  0.500
 loglike: -2.0e+04 | params: [ 0.11457572 -0.18003918 -0.98112697 -0.19462936 -1.04722475  1.00138379
  1.24573965 28.8303449 ]
 Average call time: 3.86 sec | Current time: 2019-06-25 16:11:41.018600
 --------------------------
iter: 22 | batch: 0 | nc: 1 | ncalls: 23 | bounds: 0 | eff(%):  4.207 | logz: -1.9e+04 +/- 1.2e-01 | dlogz: 19713.940 >  0.500
 loglike: -1.9e+04 | params: [ 0.09363735 -0.06118541 -2.27209544 -1.07964823  0.49895416  0.9275364
  1.49358517 29.09621534]
 Average call time: 3.47 sec | Current time: 2019-06-25 16:11:44.486915
 --------------------------
iter: 23 | batch: 0 | nc: 1 | ncalls: 24 | bounds: 0 | eff(%):  4.389 | logz: -1.8e+04 +/- 1.2e-01 | dlogz: 18611.154 >  0.500
 loglike: -1.8e+04 | params: [-0.25464951 -0.16635537 -1.68900584 -1.65681097 -0.95536824  1.1126205
  1.54528613 29.35294261]
 Average call time: 3.51 sec | Current time: 2019-06-25 16:11:48.000630
 --------------------------
iter: 24 | batch: 0 | nc: 1 | ncalls: 25 | bounds: 0 | eff(%):  4.571 | logz: -1.8e+04 +/- 1.2e-01 | dlogz: 18348.297 >  0.500
 loglike: -1.8e+04 | params: [-0.14054057 -0.54972294 -2.03613048 -1.29895574 -0.3391921   0.53663639
  1.75595196 29.67820097]
 Average call time: 3.89 sec | Current time: 2019-06-25 16:11:51.886169
 --------------------------
iter: 25 | batch: 0 | nc: 1 | ncalls: 26 | bounds: 0 | eff(%):  4.753 | logz: -1.8e+04 +/- 1.2e-01 | dlogz: 18134.496 >  0.500
 loglike: -1.8e+04 | params: [ 0.22094808 -0.58223022 -2.50626195 -0.43180105  0.05208041  0.61806807
  1.51039994 29.0263943 ]
 Average call time: 3.86 sec | Current time: 2019-06-25 16:11:55.742470
 --------------------------
iter: 26 | batch: 0 | nc: 1 | ncalls: 27 | bounds: 0 | eff(%):  4.934 | logz: -1.8e+04 +/- 1.2e-01 | dlogz: 18013.124 >  0.500
 loglike: -1.8e+04 | params: [ 0.18046504 -0.59351276 -1.73978501 -0.5231432   0.47152317  0.51004812
  1.51092963 29.1420996 ]
 Average call time: 3.86 sec | Current time: 2019-06-25 16:11:59.598520
 --------------------------
iter: 27 | batch: 0 | nc: 1 | ncalls: 28 | bounds: 0 | eff(%):  5.114 | logz: -1.8e+04 +/- 1.2e-01 | dlogz: 17849.308 >  0.500
 loglike: -1.8e+04 | params: [-0.20298722 -0.91812064 -1.08299046 -1.34874151 -0.64875635  0.41436155
  1.39038444 28.82899329]
 Average call time: 3.43 sec | Current time: 2019-06-25 16:12:03.028014
 --------------------------
iter: 28 | batch: 0 | nc: 1 | ncalls: 29 | bounds: 0 | eff(%):  5.293 | logz: -1.7e+04 +/- 1.2e-01 | dlogz: 17837.221 >  0.500
 loglike: -1.7e+04 | params: [ 2.26472283e-02 -3.59734624e-01 -1.50106560e+00 -7.62859050e-02
  3.02490457e-01  7.79553511e-01  1.27092364e+00  2.88234491e+01]
 Average call time: 3.86 sec | Current time: 2019-06-25 16:12:06.889894
 --------------------------
iter: 29 | batch: 0 | nc: 1 | ncalls: 30 | bounds: 0 | eff(%):  5.472 | logz: -1.7e+04 +/- 1.2e-01 | dlogz: 17330.980 >  0.500
 loglike: -1.7e+04 | params: [-0.3893637  -0.41994597 -2.59933102 -0.82321265  0.59458382  0.75974592
  1.61072427 29.5906826 ]
 Average call time: 3.87 sec | Current time: 2019-06-25 16:12:10.760349
 --------------------------
iter: 30 | batch: 0 | nc: 1 | ncalls: 31 | bounds: 0 | eff(%):  5.650 | logz: -1.7e+04 +/- 1.2e-01 | dlogz: 16827.206 >  0.500
 loglike: -1.7e+04 | params: [ 0.1084744  -0.1272902  -1.43433578 -0.55621411  0.66297412  1.00576109
  1.42430144 29.07086482]
 Average call time: 3.57 sec | Current time: 2019-06-25 16:12:14.327227
 --------------------------
iter: 31 | batch: 0 | nc: 1 | ncalls: 32 | bounds: 0 | eff(%):  5.827 | logz: -1.7e+04 +/- 1.2e-01 | dlogz: 16782.184 >  0.500
 loglike: -1.7e+04 | params: [-1.45617131e-02 -4.13164038e-01 -1.97566883e+00 -5.82157356e-01
 -7.54406861e-01  3.74288091e-01  1.14139308e+00  2.78762080e+01]
 Average call time: 3.42 sec | Current time: 2019-06-25 16:12:17.751639
 --------------------------
iter: 32 | batch: 0 | nc: 1 | ncalls: 33 | bounds: 0 | eff(%):  6.004 | logz: -1.6e+04 +/- 1.2e-01 | dlogz: 16635.415 >  0.500
 loglike: -1.6e+04 | params: [-3.99396395e-01 -1.77164697e-02 -2.45856092e+00 -9.23309283e-02
  2.31342553e-01  9.16771576e-01  1.37010836e+00  2.88679237e+01]
 Average call time: 3.47 sec | Current time: 2019-06-25 16:12:21.217574
 --------------------------
iter: 33 | batch: 0 | nc: 1 | ncalls: 34 | bounds: 0 | eff(%):  6.180 | logz: -1.6e+04 +/- 1.2e-01 | dlogz: 16348.391 >  0.500
 loglike: -1.6e+04 | params: [-0.4856467  -0.45591095 -1.23134641  0.20938976  0.38255925  0.65691897
  1.14503665 28.91284007]
 Average call time: 3.50 sec | Current time: 2019-06-25 16:12:24.719791
 --------------------------
iter: 34 | batch: 0 | nc: 1 | ncalls: 35 | bounds: 0 | eff(%):  6.355 | logz: -1.6e+04 +/- 1.2e-01 | dlogz: 16287.200 >  0.500
 loglike: -1.6e+04 | params: [-0.21209955 -0.62205877 -1.91438392 -0.31999151 -0.63538914  0.46415578
  1.36846521 28.62195199]
 Average call time: 3.39 sec | Current time: 2019-06-25 16:12:28.105448
 --------------------------
iter: 35 | batch: 0 | nc: 1 | ncalls: 36 | bounds: 0 | eff(%):  6.530 | logz: -1.6e+04 +/- 1.2e-01 | dlogz: 15865.008 >  0.500
 loglike: -1.6e+04 | params: [ 0.14358347 -0.18116954 -1.08919857 -1.35702061  0.72600749  1.52123137
  1.05311052 29.41815596]
 Average call time: 3.87 sec | Current time: 2019-06-25 16:12:31.979065
 --------------------------
iter: 36 | batch: 0 | nc: 1 | ncalls: 37 | bounds: 0 | eff(%):  6.704 | logz: -1.5e+04 +/- 1.2e-01 | dlogz: 15671.677 >  0.500
 loglike: -1.5e+04 | params: [ 0.2026799  -0.04400593 -1.98728553 -0.58893246 -0.17173414  0.8866452
  1.88593944 29.39393044]
 Average call time: 3.93 sec | Current time: 2019-06-25 16:12:35.911032
 --------------------------
iter: 37 | batch: 0 | nc: 1 | ncalls: 38 | bounds: 0 | eff(%):  6.877 | logz: -1.5e+04 +/- 1.2e-01 | dlogz: 15464.304 >  0.500
 loglike: -1.5e+04 | params: [-0.23618988 -0.36986689 -2.05065831 -1.30814733 -0.67709195  0.94772064
  1.08135472 28.25419535]
 Average call time: 3.44 sec | Current time: 2019-06-25 16:12:39.354401
 --------------------------
iter: 38 | batch: 0 | nc: 1 | ncalls: 39 | bounds: 0 | eff(%):  7.050 | logz: -1.5e+04 +/- 1.2e-01 | dlogz: 15414.662 >  0.500
 loglike: -1.5e+04 | params: [ 8.94332768e-02 -1.93128415e-03 -2.66085303e+00 -1.64842950e+00
 -6.58614039e-02  1.31535198e+00  1.10004112e+00  2.85490784e+01]
 Average call time: 3.39 sec | Current time: 2019-06-25 16:12:42.747193
 --------------------------
iter: 39 | batch: 0 | nc: 1 | ncalls: 40 | bounds: 0 | eff(%):  7.222 | logz: -1.5e+04 +/- 1.2e-01 | dlogz: 15014.358 >  0.500
 loglike: -1.5e+04 | params: [ 0.17877527 -0.26855832 -2.22967408 -0.78983815 -0.96605242  0.12644554
  2.05219472 29.77892343]
 Average call time: 3.44 sec | Current time: 2019-06-25 16:12:46.186545
 --------------------------
iter: 40 | batch: 0 | nc: 1 | ncalls: 41 | bounds: 0 | eff(%):  7.394 | logz: -1.5e+04 +/- 1.2e-01 | dlogz: 14913.200 >  0.500
 loglike: -1.5e+04 | params: [ 0.11779138 -0.53243067 -2.08890818  0.1068792   0.7514535   1.45115065
  1.21354351 29.6448112 ]
 Average call time: 3.46 sec | Current time: 2019-06-25 16:12:49.645603
 --------------------------
iter: 41 | batch: 0 | nc: 1 | ncalls: 42 | bounds: 0 | eff(%):  7.565 | logz: -1.4e+04 +/- 1.2e-01 | dlogz: 14524.125 >  0.500
 loglike: -1.4e+04 | params: [ 0.16645349 -0.83306646 -0.80581526 -1.07737307  0.29685482  0.7803417
  1.57522804 29.08422491]
 Average call time: 3.88 sec | Current time: 2019-06-25 16:12:53.527504
 --------------------------
iter: 42 | batch: 0 | nc: 2 | ncalls: 44 | bounds: 0 | eff(%):  7.721 | logz: -1.4e+04 +/- 1.2e-01 | dlogz: 14402.618 >  0.500
 loglike: -1.4e+04 | params: [-4.32381498e-01 -1.21118176e-02 -2.30411759e+00 -1.47086951e+00
 -5.80939429e-01  2.88040323e-01  1.03836772e+00  2.71585353e+01]
 Average call time: 3.84 sec | Current time: 2019-06-25 16:13:01.215967
 --------------------------
iter: 43 | batch: 0 | nc: 1 | ncalls: 45 | bounds: 0 | eff(%):  7.890 | logz: -1.4e+04 +/- 1.2e-01 | dlogz: 14132.673 >  0.500
 loglike: -1.4e+04 | params: [-0.03277838 -0.58703733 -2.04018982 -1.66058132  0.61256702  1.45424948
  1.11047751 29.4348297 ]
 Average call time: 3.42 sec | Current time: 2019-06-25 16:13:04.634178
 --------------------------
iter: 44 | batch: 0 | nc: 1 | ncalls: 46 | bounds: 0 | eff(%):  8.059 | logz: -1.4e+04 +/- 1.2e-01 | dlogz: 14044.673 >  0.500
 loglike: -1.4e+04 | params: [-0.49835793 -0.95803476 -2.48273746 -0.53731283 -0.91080935  0.70291103
  1.05231826 28.1066243 ]
 Average call time: 3.41 sec | Current time: 2019-06-25 16:13:08.040104
 --------------------------
iter: 45 | batch: 0 | nc: 1 | ncalls: 47 | bounds: 0 | eff(%):  8.227 | logz: -1.4e+04 +/- 1.2e-01 | dlogz: 13841.003 >  0.500
 loglike: -1.4e+04 | params: [-0.35636041 -0.37789123 -1.89085675 -0.16307004  0.43622122  0.65377827
  1.48846279 29.00936089]
 Average call time: 3.45 sec | Current time: 2019-06-25 16:13:11.485133
 --------------------------
iter: 46 | batch: 0 | nc: 1 | ncalls: 48 | bounds: 0 | eff(%):  8.394 | logz: -1.3e+04 +/- 1.2e-01 | dlogz: 13772.772 >  0.500
 loglike: -1.3e+04 | params: [-0.45170366 -0.32462077 -2.13512957 -1.00097548 -0.08534452  1.7843541
  1.15203827 29.99210002]
 Average call time: 3.40 sec | Current time: 2019-06-25 16:13:14.881342
 --------------------------
iter: 47 | batch: 0 | nc: 1 | ncalls: 49 | bounds: 0 | eff(%):  8.561 | logz: -1.3e+04 +/- 1.2e-01 | dlogz: 13358.181 >  0.500
 loglike: -1.3e+04 | params: [-6.58078652e-02 -1.13388577e-03 -2.47782298e+00 -6.20383479e-01
  5.91426131e-02  3.28361307e-01  1.73725939e+00  2.88164204e+01]
 Average call time: 3.85 sec | Current time: 2019-06-25 16:13:18.726669
 --------------------------
iter: 48 | batch: 0 | nc: 1 | ncalls: 50 | bounds: 0 | eff(%):  8.727 | logz: -1.3e+04 +/- 1.2e-01 | dlogz: 13189.015 >  0.500
 loglike: -1.3e+04 | params: [-0.08773644 -0.79925193 -1.09518806 -0.82948411 -0.60794236  1.30026936
  1.0391593  28.81321211]
 Average call time: 3.83 sec | Current time: 2019-06-25 16:13:22.560046
 --------------------------
iter: 49 | batch: 0 | nc: 1 | ncalls: 51 | bounds: 0 | eff(%):  8.893 | logz: -1.2e+04 +/- 1.2e-01 | dlogz: 12727.295 >  0.500
 loglike: -1.2e+04 | params: [-0.07050556 -0.8793378  -0.76638478  0.26097349  0.26569389  0.85635275
  1.73855586 29.62549707]
 Average call time: 3.41 sec | Current time: 2019-06-25 16:13:25.965622
 --------------------------
iter: 50 | batch: 0 | nc: 2 | ncalls: 53 | bounds: 0 | eff(%):  9.042 | logz: -1.2e+04 +/- 1.2e-01 | dlogz: 12309.375 >  0.500
 loglike: -1.2e+04 | params: [-0.24976035 -0.26100117 -1.84845316 -0.62951254 -1.06463692  0.12562024
  1.5753716  28.46588434]
 Average call time: 3.46 sec | Current time: 2019-06-25 16:13:32.892382
 --------------------------
iter: 51 | batch: 0 | nc: 1 | ncalls: 54 | bounds: 0 | eff(%):  9.206 | logz: -1.2e+04 +/- 1.2e-01 | dlogz: 12103.899 >  0.500
 loglike: -1.2e+04 | params: [ 0.1670074  -0.08185813 -2.46154235 -1.49581719 -1.10362311  0.66827203
  1.1813785  27.28818037]
 Average call time: 3.44 sec | Current time: 2019-06-25 16:13:36.335982
 --------------------------
iter: 52 | batch: 0 | nc: 1 | ncalls: 55 | bounds: 0 | eff(%):  9.369 | logz: -1.1e+04 +/- 1.2e-01 | dlogz: 11858.255 >  0.500
 loglike: -1.1e+04 | params: [ 0.04499385 -0.09991216 -1.20798463 -0.53547764 -0.54147991  0.41138359
  1.6058836  28.28775889]
 Average call time: 3.86 sec | Current time: 2019-06-25 16:13:40.199286
 --------------------------
iter: 53 | batch: 0 | nc: 1 | ncalls: 56 | bounds: 0 | eff(%):  9.532 | logz: -1.1e+04 +/- 1.2e-01 | dlogz: 11355.435 >  0.500
 loglike: -1.1e+04 | params: [-0.17201645 -0.40689625 -0.86343221 -0.62754634  0.68374032  0.38560257
  0.93862181 28.06417173]
 Average call time: 3.42 sec | Current time: 2019-06-25 16:13:43.621794
 --------------------------
iter: 54 | batch: 0 | nc: 1 | ncalls: 57 | bounds: 0 | eff(%):  9.695 | logz: -1.1e+04 +/- 1.2e-01 | dlogz: 11285.555 >  0.500
 loglike: -1.1e+04 | params: [ 0.16983611 -0.22411878 -2.2679896  -0.27069818 -0.49345445  1.10085398
  1.03638598 27.91259999]
 Average call time: 3.43 sec | Current time: 2019-06-25 16:13:47.047841
 --------------------------
iter: 55 | batch: 0 | nc: 1 | ncalls: 58 | bounds: 0 | eff(%):  9.857 | logz: -1.1e+04 +/- 1.2e-01 | dlogz: 11202.347 >  0.500
 loglike: -1.1e+04 | params: [ 0.10428684 -0.51572588 -1.01296213 -1.42934372 -0.68429772  1.57513525
  1.06657541 29.07755641]
 Average call time: 3.84 sec | Current time: 2019-06-25 16:13:50.889207
 --------------------------
iter: 56 | batch: 0 | nc: 1 | ncalls: 59 | bounds: 0 | eff(%): 10.018 | logz: -1.1e+04 +/- 1.2e-01 | dlogz: 11022.239 >  0.500
 loglike: -1.1e+04 | params: [ 0.07970198 -0.16784826 -2.63269972  0.1540402  -0.84218666  1.42077756
  1.16381114 28.73359239]
 Average call time: 3.42 sec | Current time: 2019-06-25 16:13:54.306886
 --------------------------
iter: 57 | batch: 0 | nc: 1 | ncalls: 60 | bounds: 0 | eff(%): 10.179 | logz: -1.1e+04 +/- 1.2e-01 | dlogz: 10926.063 >  0.500
 loglike: -1.1e+04 | params: [-1.12795469e-01 -3.00792937e-01 -2.16903087e+00 -1.05679726e-02
  6.87883994e-01  1.64575956e+00  1.45799756e+00  2.96922780e+01]
 Average call time: 3.88 sec | Current time: 2019-06-25 16:13:58.187879
 --------------------------
iter: 58 | batch: 0 | nc: 1 | ncalls: 61 | bounds: 0 | eff(%): 10.339 | logz: -1.0e+04 +/- 1.2e-01 | dlogz: 10555.802 >  0.500
 loglike: -1.0e+04 | params: [-5.40856122e-03 -4.83645859e-01 -2.14411663e+00 -3.49009667e-01
  1.84755905e-01  6.43163450e-01  1.46446342e+00  2.83855630e+01]
 Average call time: 3.42 sec | Current time: 2019-06-25 16:14:01.612277
 --------------------------
iter: 59 | batch: 0 | nc: 1 | ncalls: 62 | bounds: 0 | eff(%): 10.498 | logz: -1.0e+04 +/- 1.2e-01 | dlogz: 10372.164 >  0.500
 loglike: -1.0e+04 | params: [-0.07608032 -0.17149325 -2.61697459 -0.76594025  0.45546101  0.80361524
  1.42110404 28.29794263]
 Average call time: 3.84 sec | Current time: 2019-06-25 16:14:05.453845
 --------------------------
iter: 60 | batch: 0 | nc: 1 | ncalls: 63 | bounds: 0 | eff(%): 10.657 | logz: -1.0e+04 +/- 1.2e-01 | dlogz: 10318.150 >  0.500
 loglike: -1.0e+04 | params: [ 0.15694526 -0.23568643 -1.06287629 -0.05384983 -0.0295493   1.19807644
  0.95316483 28.0985157 ]
 Average call time: 3.94 sec | Current time: 2019-06-25 16:14:09.395811
 --------------------------
iter: 61 | batch: 0 | nc: 1 | ncalls: 64 | bounds: 0 | eff(%): 10.816 | logz: -1.0e+04 +/- 1.2e-01 | dlogz: 10202.175 >  0.500
 loglike: -1.0e+04 | params: [-0.06764965 -0.68244268 -1.80503787 -0.15314851  0.6634459   0.27017552
  2.01002624 29.84857031]
 Average call time: 3.42 sec | Current time: 2019-06-25 16:14:12.816177
 --------------------------
iter: 62 | batch: 0 | nc: 1 | ncalls: 65 | bounds: 0 | eff(%): 10.973 | logz: -1.0e+04 +/- 1.2e-01 | dlogz: 10187.114 >  0.500
 loglike: -1.0e+04 | params: [-5.17757487e-02 -5.77134030e-01 -8.99340053e-01  2.54154783e-01
 -2.80527187e-02  1.56906220e+00  9.91502852e-01  2.93179564e+01]
 Average call time: 3.84 sec | Current time: 2019-06-25 16:14:16.654291
 --------------------------
iter: 63 | batch: 0 | nc: 2 | ncalls: 67 | bounds: 0 | eff(%): 11.111 | logz: -9.2e+03 +/- 1.2e-01 | dlogz: 10079.919 >  0.500
 loglike: -9.2e+03 | params: [-0.34641839 -0.7712016  -1.45965005 -1.69454338 -0.5248982   1.06942421
  1.97808171 29.79499025]
 Average call time: 3.61 sec | Current time: 2019-06-25 16:14:23.871391
 --------------------------
iter: 64 | batch: 0 | nc: 1 | ncalls: 68 | bounds: 0 | eff(%): 11.268 | logz: -9.2e+03 +/- 1.2e-01 | dlogz: 9214.009 >  0.500
 loglike: -9.2e+03 | params: [ 2.27746699e-01 -9.46975984e-01 -2.17878774e+00  2.14272647e-02
 -4.18670602e-01  7.10084312e-01  1.45532455e+00  2.83338940e+01]
 Average call time: 3.85 sec | Current time: 2019-06-25 16:14:27.722625
 --------------------------
iter: 65 | batch: 0 | nc: 1 | ncalls: 69 | bounds: 0 | eff(%): 11.424 | logz: -9.2e+03 +/- 1.2e-01 | dlogz: 9192.163 >  0.500
 loglike: -9.2e+03 | params: [ 0.02826336 -0.15612607 -1.80126132 -1.55437168  0.5161205   0.70734118
  1.33843728 27.93181164]
 Average call time: 3.41 sec | Current time: 2019-06-25 16:14:31.130388
 --------------------------
iter: 66 | batch: 0 | nc: 1 | ncalls: 70 | bounds: 0 | eff(%): 11.579 | logz: -9.1e+03 +/- 1.2e-01 | dlogz: 9187.187 >  0.500
 loglike: -9.1e+03 | params: [-0.17944314 -0.96930606 -2.11499661 -1.44711419 -0.33810132  0.90968478
  1.98434177 29.71419772]
 Average call time: 3.85 sec | Current time: 2019-06-25 16:14:34.982013
 --------------------------
iter: 67 | batch: 0 | nc: 1 | ncalls: 71 | bounds: 0 | eff(%): 11.734 | logz: -8.7e+03 +/- 1.2e-01 | dlogz: 9068.633 >  0.500
 loglike: -8.7e+03 | params: [-0.17767023 -0.58364425 -1.51055762  0.08094945 -0.98488492  1.20939934
  1.24474595 28.592804  ]
 Average call time: 3.40 sec | Current time: 2019-06-25 16:14:38.381090
 --------------------------
iter: 68 | batch: 0 | nc: 1 | ncalls: 72 | bounds: 0 | eff(%): 11.888 | logz: -8.5e+03 +/- 1.2e-01 | dlogz: 8707.809 >  0.500
 loglike: -8.5e+03 | params: [-0.47930428 -0.09763614 -1.03548582 -1.47092262  0.67336654  1.1583488
  1.08008096 28.36165979]
 Average call time: 3.83 sec | Current time: 2019-06-25 16:14:42.215413
 --------------------------
iter: 69 | batch: 0 | nc: 1 | ncalls: 73 | bounds: 0 | eff(%): 12.042 | logz: -8.3e+03 +/- 1.2e-01 | dlogz: 8530.805 >  0.500
 loglike: -8.3e+03 | params: [-0.37571148 -0.45284176 -1.68867518 -0.7185273   0.16243137  1.19796053
  1.57204317 28.9409567 ]
 Average call time: 3.43 sec | Current time: 2019-06-25 16:14:45.641945
 --------------------------
iter: 70 | batch: 0 | nc: 1 | ncalls: 74 | bounds: 0 | eff(%): 12.195 | logz: -8.0e+03 +/- 1.2e-01 | dlogz: 8310.877 >  0.500
 loglike: -8.0e+03 | params: [-0.36255024 -0.20258869 -1.54157737 -0.62248043  0.13525269  1.48095321
  1.41629936 28.93963894]
 Average call time: 3.60 sec | Current time: 2019-06-25 16:14:49.240162
 --------------------------
iter: 71 | batch: 0 | nc: 1 | ncalls: 75 | bounds: 0 | eff(%): 12.348 | logz: -7.8e+03 +/- 1.2e-01 | dlogz: 7974.210 >  0.500
 loglike: -7.8e+03 | params: [ 0.18440169 -0.1191977  -2.35604953 -0.41581019  0.367171    0.12579755
  1.32431937 27.33922122]
 Average call time: 3.40 sec | Current time: 2019-06-25 16:14:52.643753
 --------------------------
iter: 72 | batch: 0 | nc: 2 | ncalls: 77 | bounds: 0 | eff(%): 12.478 | logz: -7.8e+03 +/- 1.2e-01 | dlogz: 7777.508 >  0.500
 loglike: -7.8e+03 | params: [-0.13817578 -0.13925526 -1.17287378 -0.08828703  0.30448362  1.62485511
  2.09147151 29.90475668]
 Average call time: 3.60 sec | Current time: 2019-06-25 16:14:59.845133
 --------------------------
iter: 73 | batch: 0 | nc: 1 | ncalls: 78 | bounds: 0 | eff(%): 12.630 | logz: -7.7e+03 +/- 1.2e-01 | dlogz: 7757.478 >  0.500
 loglike: -7.7e+03 | params: [-0.26944875 -0.70158037 -1.44780851 -0.54351176  0.84500763  1.33983757
  1.24496694 29.15734733]
 Average call time: 3.43 sec | Current time: 2019-06-25 16:15:03.273720
 --------------------------
iter: 74 | batch: 0 | nc: 1 | ncalls: 79 | bounds: 0 | eff(%): 12.781 | logz: -7.4e+03 +/- 1.2e-01 | dlogz: 7659.177 >  0.500
 loglike: -7.4e+03 | params: [ 0.23696479 -0.70659081 -2.65358458  0.13529435  0.17382869  0.79975805
  2.022155   29.38745673]
 Average call time: 3.88 sec | Current time: 2019-06-25 16:15:07.148710
 --------------------------
iter: 75 | batch: 0 | nc: 1 | ncalls: 80 | bounds: 0 | eff(%): 12.931 | logz: -7.4e+03 +/- 1.2e-01 | dlogz: 7414.785 >  0.500
 loglike: -7.4e+03 | params: [ 0.20060189 -0.52920664 -1.74159319 -1.20782625 -0.92593698  1.70628577
  1.22113983 29.02832893]
 Average call time: 3.86 sec | Current time: 2019-06-25 16:15:11.008124
 --------------------------
iter: 76 | batch: 0 | nc: 2 | ncalls: 82 | bounds: 0 | eff(%): 13.058 | logz: -7.1e+03 +/- 1.2e-01 | dlogz: 7370.238 >  0.500
 loglike: -7.1e+03 | params: [-0.34371666 -0.83213383 -2.47887189 -0.82809475 -1.11478825  0.73815553
  2.15644366 29.9694668 ]
 Average call time: 3.65 sec | Current time: 2019-06-25 16:15:18.311040
 --------------------------
iter: 77 | batch: 0 | nc: 3 | ncalls: 85 | bounds: 0 | eff(%): 13.162 | logz: -7.1e+03 +/- 1.2e-01 | dlogz: 7134.058 >  0.500
 loglike: -7.1e+03 | params: [-0.21714523 -0.49773499 -1.86638152 -0.79906319 -0.91430158  0.85609468
  0.97907881 27.24168884]
 Average call time: 3.84 sec | Current time: 2019-06-25 16:15:29.831640
 --------------------------
iter: 78 | batch: 0 | nc: 1 | ncalls: 86 | bounds: 0 | eff(%): 13.311 | logz: -6.9e+03 +/- 1.2e-01 | dlogz: 7096.125 >  0.500
 loglike: -6.9e+03 | params: [-0.19309521 -0.27200653 -2.42213141 -0.96486542 -0.58972812  0.7250348
  1.29013989 27.41279239]
 Average call time: 3.87 sec | Current time: 2019-06-25 16:15:33.699444
 --------------------------
iter: 79 | batch: 0 | nc: 2 | ncalls: 88 | bounds: 0 | eff(%): 13.435 | logz: -6.8e+03 +/- 1.2e-01 | dlogz: 6895.209 >  0.500
 loglike: -6.8e+03 | params: [-0.4321371  -0.40069089 -1.38998251 -1.61856092 -0.95451094  0.77522697
  2.11668337 29.64334853]
 Average call time: 3.83 sec | Current time: 2019-06-25 16:15:41.367134
 --------------------------
iter: 80 | batch: 0 | nc: 1 | ncalls: 89 | bounds: 0 | eff(%): 13.582 | logz: -6.7e+03 +/- 1.2e-01 | dlogz: 6803.666 >  0.500
 loglike: -6.7e+03 | params: [ 2.21963897e-01 -4.80364556e-01 -2.35073021e+00  1.64084103e-02
 -6.75427439e-01  3.85911710e-01  2.38601286e+00  2.98689445e+01]
 Average call time: 3.44 sec | Current time: 2019-06-25 16:15:44.808840
 --------------------------
iter: 81 | batch: 0 | nc: 1 | ncalls: 90 | bounds: 0 | eff(%): 13.729 | logz: -6.7e+03 +/- 1.1e-01 | dlogz: 6736.834 >  0.500
 loglike: -6.7e+03 | params: [-0.0886139  -0.70821642 -1.16055173 -0.82691252  0.78949672  0.55515292
  2.12268294 29.8067482 ]
 Average call time: 3.85 sec | Current time: 2019-06-25 16:15:48.659330
 --------------------------
iter: 82 | batch: 0 | nc: 1 | ncalls: 91 | bounds: 0 | eff(%): 13.875 | logz: -6.7e+03 +/- 1.1e-01 | dlogz: 6735.499 >  0.500
 loglike: -6.7e+03 | params: [-1.08814840e-01 -8.97323100e-01 -2.66152715e+00 -1.07661854e+00
 -4.20701365e-03  1.78410136e+00  1.04776141e+00  2.94746004e+01]
 Average call time: 3.41 sec | Current time: 2019-06-25 16:15:52.065295
 --------------------------
iter: 83 | batch: 0 | nc: 1 | ncalls: 92 | bounds: 0 | eff(%): 14.020 | logz: -6.7e+03 +/- 1.2e-01 | dlogz: 6733.032 >  0.500
 loglike: -6.7e+03 | params: [-0.31003477 -0.49316155 -2.39719191 -1.61961915 -0.38987732  1.54826763
  1.88388335 29.61310139]
 Average call time: 3.41 sec | Current time: 2019-06-25 16:15:55.471243
 --------------------------
iter: 84 | batch: 0 | nc: 1 | ncalls: 93 | bounds: 0 | eff(%): 14.165 | logz: -6.6e+03 +/- 1.2e-01 | dlogz: 6719.936 >  0.500
 loglike: -6.6e+03 | params: [-0.18005899 -0.17225294 -1.46515754 -1.69602173  0.68563385  1.16949323
  1.0953748  28.12335231]
 Average call time: 3.42 sec | Current time: 2019-06-25 16:15:58.888301
 --------------------------
iter: 85 | batch: 0 | nc: 1 | ncalls: 94 | bounds: 0 | eff(%): 14.310 | logz: -6.6e+03 +/- 1.1e-01 | dlogz: 6609.307 >  0.500
 loglike: -6.6e+03 | params: [ 4.79421578e-02 -1.09035767e-02 -1.20681671e+00  2.25282225e-01
  4.86166160e-01  9.48058152e-01  1.86564247e+00  2.87819751e+01]
 Average call time: 3.40 sec | Current time: 2019-06-25 16:16:02.290175
 --------------------------
iter: 86 | batch: 0 | nc: 1 | ncalls: 95 | bounds: 0 | eff(%): 14.454 | logz: -6.5e+03 +/- 1.2e-01 | dlogz: 6606.685 >  0.500
 loglike: -6.5e+03 | params: [-1.14884833e-01 -1.92933710e-01 -2.56837961e+00 -7.88723747e-01
  1.09532996e-02  1.18056044e+00  1.30406006e+00  2.79339153e+01]
 Average call time: 3.40 sec | Current time: 2019-06-25 16:16:05.689670
 --------------------------
iter: 87 | batch: 0 | nc: 1 | ncalls: 96 | bounds: 0 | eff(%): 14.597 | logz: -6.5e+03 +/- 1.2e-01 | dlogz: 6504.652 >  0.500
 loglike: -6.5e+03 | params: [ 0.17868312 -0.29497158 -1.46966996 -0.46292326  0.22987657  0.5595396
  2.03339223 28.85781013]
 Average call time: 3.86 sec | Current time: 2019-06-25 16:16:09.546989
 --------------------------
iter: 88 | batch: 0 | nc: 1 | ncalls: 97 | bounds: 0 | eff(%): 14.740 | logz: -6.3e+03 +/- 1.2e-01 | dlogz: 6490.940 >  0.500
 loglike: -6.3e+03 | params: [-0.3459994  -0.11681777 -1.37466511 -0.31198106 -0.38414812  1.26514145
  1.10315213 27.97091304]
 Average call time: 3.86 sec | Current time: 2019-06-25 16:16:13.409858
 --------------------------
iter: 89 | batch: 0 | nc: 1 | ncalls: 98 | bounds: 0 | eff(%): 14.883 | logz: -6.3e+03 +/- 1.2e-01 | dlogz: 6341.573 >  0.500
 loglike: -6.3e+03 | params: [ 0.11375597 -0.7046814  -2.68911477 -1.47973744 -0.43222159  0.94194288
  1.65855679 28.31120242]
 Average call time: 3.85 sec | Current time: 2019-06-25 16:16:17.257924
 --------------------------
iter: 90 | batch: 0 | nc: 1 | ncalls: 99 | bounds: 0 | eff(%): 15.025 | logz: -6.2e+03 +/- 1.2e-01 | dlogz: 6273.805 >  0.500
 loglike: -6.2e+03 | params: [-0.37812275 -0.41715962 -1.62547385 -1.42375592 -0.62596179  0.50469888
  1.50911278 27.88859795]
 Average call time: 3.52 sec | Current time: 2019-06-25 16:16:20.777864
 --------------------------
iter: 91 | batch: 0 | nc: 1 | ncalls: 100 | bounds: 0 | eff(%): 15.167 | logz: -6.1e+03 +/- 1.2e-01 | dlogz: 6234.805 >  0.500
 loglike: -6.1e+03 | params: [ 0.08634227 -0.24209732 -1.81148137 -1.67013297  0.3466992   1.36769203
  1.25562457 28.10839806]
 Average call time: 3.83 sec | Current time: 2019-06-25 16:16:24.602951
 --------------------------
iter: 92 | batch: 0 | nc: 1 | ncalls: 101 | bounds: 0 | eff(%): 15.308 | logz: -6.1e+03 +/- 1.2e-01 | dlogz: 6089.563 >  0.500
 loglike: -6.1e+03 | params: [-2.97266641e-02 -4.51715189e-01 -1.33109578e+00 -6.76094780e-01
 -8.51075658e-02  5.86534956e-01  2.39462406e+00  2.99803761e+01]
 Average call time: 3.42 sec | Current time: 2019-06-25 16:16:28.026202
 --------------------------
iter: 93 | batch: 0 | nc: 1 | ncalls: 102 | bounds: 0 | eff(%): 15.449 | logz: -5.8e+03 +/- 1.2e-01 | dlogz: 6076.858 >  0.500
 loglike: -5.8e+03 | params: [ 0.06930588 -0.53413858 -1.88346095  0.06085037 -0.48396305  1.52679174
  0.95346383 28.54239808]
 Average call time: 3.44 sec | Current time: 2019-06-25 16:16:31.468435
 --------------------------
iter: 94 | batch: 0 | nc: 1 | ncalls: 103 | bounds: 0 | eff(%): 15.589 | logz: -5.8e+03 +/- 1.2e-01 | dlogz: 5841.080 >  0.500
 loglike: -5.8e+03 | params: [-0.24678132 -0.5931149  -1.81941179 -1.00346302 -0.11144833  0.87211858
  1.84709073 28.89347912]
 Average call time: 3.83 sec | Current time: 2019-06-25 16:16:35.300210
 --------------------------
iter: 95 | batch: 0 | nc: 1 | ncalls: 104 | bounds: 0 | eff(%): 15.728 | logz: -5.8e+03 +/- 1.2e-01 | dlogz: 5826.372 >  0.500
 loglike: -5.8e+03 | params: [-2.52748666e-01 -4.97033167e-01 -2.54252359e+00 -5.19399791e-01
  8.15888956e-03  1.22121181e-01  2.17041770e+00  2.95606144e+01]
 Average call time: 3.84 sec | Current time: 2019-06-25 16:16:39.142560
 --------------------------
iter: 96 | batch: 0 | nc: 2 | ncalls: 106 | bounds: 0 | eff(%): 15.842 | logz: -5.5e+03 +/- 1.2e-01 | dlogz: 5820.336 >  0.500
 loglike: -5.5e+03 | params: [ 0.23105846 -0.273053   -1.77252132 -1.07254612 -0.38527402  0.26232198
  2.47084993 29.6364053 ]
 Average call time: 3.41 sec | Current time: 2019-06-25 16:16:45.956274
 --------------------------
iter: 97 | batch: 0 | nc: 1 | ncalls: 107 | bounds: 0 | eff(%): 15.980 | logz: -5.5e+03 +/- 1.1e-01 | dlogz: 5495.549 >  0.500
 loglike: -5.5e+03 | params: [ 0.20394651 -0.82291107 -2.65767297 -0.97146812  0.05821548  1.39013961
  2.11894336 29.4723725 ]
 Average call time: 3.86 sec | Current time: 2019-06-25 16:16:49.819747
 --------------------------
iter: 98 | batch: 0 | nc: 1 | ncalls: 108 | bounds: 0 | eff(%): 16.118 | logz: -5.5e+03 +/- 1.2e-01 | dlogz: 5493.416 >  0.500
 loglike: -5.5e+03 | params: [-0.04708898 -0.18541635 -2.36279124 -0.74227639 -0.89016507  0.31052544
  1.53331088 27.29120184]
 Average call time: 3.45 sec | Current time: 2019-06-25 16:16:53.270048
 --------------------------
iter: 99 | batch: 0 | nc: 1 | ncalls: 109 | bounds: 0 | eff(%): 16.256 | logz: -5.4e+03 +/- 1.2e-01 | dlogz: 5468.441 >  0.500
 loglike: -5.4e+03 | params: [-0.33069299 -0.6372939  -1.94180082  0.15545539  0.03503469  0.48211336
  2.12850361 29.66878149]
 Average call time: 3.85 sec | Current time: 2019-06-25 16:16:57.123356
 --------------------------
iter: 100 | batch: 0 | nc: 1 | ncalls: 110 | bounds: 0 | eff(%): 16.393 | logz: -5.3e+03 +/- 1.2e-01 | dlogz: 5375.833 >  0.500
 loglike: -5.2e+03 | params: [ 0.22794191 -0.71772735 -1.45067072 -0.17961522  0.76725962  1.44480911
  1.83657465 29.20126493]
 Average call time: 3.42 sec | Current time: 2019-06-25 16:17:00.546038
 --------------------------
iter: 101 | batch: 0 | nc: 2 | ncalls: 112 | bounds: 0 | eff(%): 16.503 | logz: -5.2e+03 +/- 1.2e-01 | dlogz: 5255.997 >  0.500
 loglike: -5.2e+03 | params: [ 0.06119716 -0.47538159 -2.18479278 -1.2774057  -0.11625207  1.97250738
  2.08379384 29.94872308]
 Average call time: 3.39 sec | Current time: 2019-06-25 16:17:07.330164
 --------------------------
iter: 102 | batch: 0 | nc: 2 | ncalls: 114 | bounds: 0 | eff(%): 16.612 | logz: -5.1e+03 +/- 1.2e-01 | dlogz: 5168.529 >  0.500
 loglike: -5.1e+03 | params: [-0.47947267 -0.03137548 -2.11131245 -0.91323129 -0.85264197  0.36272568
  1.76350224 28.08721868]
 Average call time: 3.40 sec | Current time: 2019-06-25 16:17:14.123285
 --------------------------
iter: 103 | batch: 0 | nc: 1 | ncalls: 115 | bounds: 0 | eff(%): 16.748 | logz: -4.8e+03 +/- 1.2e-01 | dlogz: 5066.981 >  0.500
 loglike: -4.8e+03 | params: [ 1.67917891e-01 -2.67352089e-02 -1.57948957e+00 -1.00163821e+00
 -4.77541011e-01  1.85143957e+00  1.36680241e+00  2.86747259e+01]
 Average call time: 3.88 sec | Current time: 2019-06-25 16:17:18.006155
 --------------------------
iter: 104 | batch: 0 | nc: 1 | ncalls: 116 | bounds: 0 | eff(%): 16.883 | logz: -4.8e+03 +/- 1.2e-01 | dlogz: 4827.660 >  0.500
 loglike: -4.8e+03 | params: [ 0.19680482 -0.60187339 -1.78846003 -0.36218073 -0.56053724  1.46199297
  1.92699771 28.95570991]
 Average call time: 3.44 sec | Current time: 2019-06-25 16:17:21.443366
 --------------------------
iter: 105 | batch: 0 | nc: 1 | ncalls: 117 | bounds: 0 | eff(%): 17.018 | logz: -4.8e+03 +/- 1.2e-01 | dlogz: 4819.266 >  0.500
 loglike: -4.8e+03 | params: [ 5.38168876e-02 -2.90003874e-02 -2.27421375e+00 -1.64862404e+00
 -6.28135850e-01  1.98626330e-01  2.34645754e+00  2.91735339e+01]
 Average call time: 3.84 sec | Current time: 2019-06-25 16:17:25.278671
 --------------------------
iter: 106 | batch: 0 | nc: 2 | ncalls: 119 | bounds: 0 | eff(%): 17.124 | logz: -4.6e+03 +/- 1.2e-01 | dlogz: 4774.402 >  0.500
 loglike: -4.6e+03 | params: [ 0.1226843  -0.25523582 -1.59335423 -0.7480515  -0.14901864  0.64207445
  2.14555648 28.7677186 ]
 Average call time: 3.39 sec | Current time: 2019-06-25 16:17:32.065096
 --------------------------
iter: 107 | batch: 0 | nc: 1 | ncalls: 120 | bounds: 0 | eff(%): 17.258 | logz: -4.6e+03 +/- 1.2e-01 | dlogz: 4648.118 >  0.500
 loglike: -4.6e+03 | params: [-2.48690419e-02 -7.55455300e-01 -9.04003260e-01 -1.18067411e+00
 -8.72707298e-01  6.16088188e-01  2.30565787e+00  2.96891029e+01]
 Average call time: 3.41 sec | Current time: 2019-06-25 16:17:35.473749
 --------------------------
iter: 108 | batch: 0 | nc: 1 | ncalls: 121 | bounds: 0 | eff(%): 17.391 | logz: -4.6e+03 +/- 1.2e-01 | dlogz: 4633.580 >  0.500
 loglike: -4.6e+03 | params: [-0.05215772 -0.08441614 -2.41087968  0.23041798  0.18503753  0.39262849
  1.1089441  27.02282646]
 Average call time: 3.39 sec | Current time: 2019-06-25 16:17:38.863422
 --------------------------
iter: 109 | batch: 0 | nc: 1 | ncalls: 122 | bounds: 0 | eff(%): 17.524 | logz: -4.6e+03 +/- 1.2e-01 | dlogz: 4561.013 >  0.500
 loglike: -4.5e+03 | params: [-0.41155099 -0.36075885 -1.75557299 -0.92443059 -0.83159653  0.47176275
  2.13565093 29.22029021]
 Average call time: 3.84 sec | Current time: 2019-06-25 16:17:42.701230
 --------------------------
iter: 110 | batch: 0 | nc: 1 | ncalls: 123 | bounds: 0 | eff(%): 17.657 | logz: -4.5e+03 +/- 1.2e-01 | dlogz: 4554.603 >  0.500
 loglike: -4.5e+03 | params: [ 0.06225838 -0.94504661 -2.60991578 -0.15510615 -0.38285429  0.33051794
  1.74596633 28.2564939 ]
 Average call time: 3.98 sec | Current time: 2019-06-25 16:17:46.683060
 --------------------------
iter: 111 | batch: 0 | nc: 1 | ncalls: 124 | bounds: 0 | eff(%): 17.788 | logz: -4.4e+03 +/- 1.2e-01 | dlogz: 4493.365 >  0.500
 loglike: -4.4e+03 | params: [-2.77121031e-02 -9.40446676e-01 -2.37253769e+00 -1.17537033e+00
  2.91910820e-01  7.63451227e-01  1.78612237e+00  2.85238375e+01]
 Average call time: 3.42 sec | Current time: 2019-06-25 16:17:50.105902
 --------------------------
iter: 112 | batch: 0 | nc: 2 | ncalls: 126 | bounds: 0 | eff(%): 17.891 | logz: -4.3e+03 +/- 1.2e-01 | dlogz: 4384.467 >  0.500
 loglike: -4.3e+03 | params: [-0.19042339 -0.56153168 -2.53370704  0.17672177  0.82541081  1.87347399
  1.15003973 29.62393305]
 Average call time: 3.41 sec | Current time: 2019-06-25 16:17:56.924041
 --------------------------
iter: 113 | batch: 0 | nc: 1 | ncalls: 127 | bounds: 0 | eff(%): 18.022 | logz: -4.1e+03 +/- 1.2e-01 | dlogz: 4307.926 >  0.500
 loglike: -4.1e+03 | params: [-0.44586224 -0.46809547 -0.81552498 -0.41222804  0.67534246  1.88234279
  1.50769611 29.66291348]
 Average call time: 3.40 sec | Current time: 2019-06-25 16:18:00.327803
 --------------------------
iter: 114 | batch: 0 | nc: 1 | ncalls: 128 | bounds: 0 | eff(%): 18.153 | logz: -3.8e+03 +/- 1.2e-01 | dlogz: 4074.196 >  0.500
 loglike: -3.8e+03 | params: [-0.25033352 -0.09463177 -2.63904895 -0.3031064   0.31725475  0.95189412
  2.23755834 29.21979961]
 Average call time: 3.88 sec | Current time: 2019-06-25 16:18:04.209374
 --------------------------
iter: 115 | batch: 0 | nc: 2 | ncalls: 130 | bounds: 0 | eff(%): 18.254 | logz: -3.7e+03 +/- 1.2e-01 | dlogz: 3775.026 >  0.500
 loglike: -3.7e+03 | params: [-0.47614905 -0.52647296 -2.63139704 -0.73527948  0.26055707  0.26082829
  1.39519434 27.48683934]
 Average call time: 3.40 sec | Current time: 2019-06-25 16:18:11.015921
 --------------------------
iter: 116 | batch: 0 | nc: 1 | ncalls: 131 | bounds: 0 | eff(%): 18.384 | logz: -3.7e+03 +/- 1.2e-01 | dlogz: 3745.838 >  0.500
 loglike: -3.7e+03 | params: [-2.05975101e-02 -1.42310289e-02 -1.33064058e+00 -7.74055304e-01
  3.26202685e-01  1.33581730e+00  2.52953658e+00  2.97667614e+01]
 Average call time: 3.88 sec | Current time: 2019-06-25 16:18:14.893329
 --------------------------
iter: 117 | batch: 0 | nc: 1 | ncalls: 132 | bounds: 0 | eff(%): 18.513 | logz: -3.7e+03 +/- 1.2e-01 | dlogz: 3742.844 >  0.500
 loglike: -3.6e+03 | params: [-0.25773001 -0.87517685 -2.42754443 -1.57259895 -0.19769736  1.82585991
  1.14424472 29.26493783]
 Average call time: 3.39 sec | Current time: 2019-06-25 16:18:18.281761
 --------------------------
iter: 118 | batch: 0 | nc: 1 | ncalls: 133 | bounds: 0 | eff(%): 18.641 | logz: -3.6e+03 +/- 1.2e-01 | dlogz: 3652.660 >  0.500
 loglike: -3.6e+03 | params: [-0.09815933 -0.72853306 -2.69745048 -0.47961602 -0.08332947  0.19250469
  2.45047982 29.94174881]
 Average call time: 3.86 sec | Current time: 2019-06-25 16:18:22.141601
 --------------------------
iter: 119 | batch: 0 | nc: 1 | ncalls: 134 | bounds: 0 | eff(%): 18.770 | logz: -3.4e+03 +/- 1.2e-01 | dlogz: 3635.107 >  0.500
 loglike: -3.4e+03 | params: [-0.35492425 -0.2599519  -0.85285248 -0.70199925 -0.26363994  0.15466657
  1.95018621 28.43281114]
 Average call time: 3.44 sec | Current time: 2019-06-25 16:18:25.580061
 --------------------------
iter: 120 | batch: 0 | nc: 2 | ncalls: 136 | bounds: 0 | eff(%): 18.868 | logz: -3.4e+03 +/- 1.2e-01 | dlogz: 3432.452 >  0.500
 loglike: -3.4e+03 | params: [-0.46777571 -0.99207494 -2.62691261 -1.4288743  -0.50889938  1.86160035
  1.65784655 29.72667037]
 Average call time: 3.43 sec | Current time: 2019-06-25 16:18:32.440810
 --------------------------
iter: 121 | batch: 0 | nc: 2 | ncalls: 138 | bounds: 0 | eff(%): 18.966 | logz: -3.3e+03 +/- 1.2e-01 | dlogz: 3365.603 >  0.500
 loglike: -3.3e+03 | params: [-0.02871529 -0.39547881 -2.59960074 -1.16889913 -0.22145051  0.95183778
  1.2863457  27.01118921]
 Average call time: 3.39 sec | Current time: 2019-06-25 16:18:39.219003
 --------------------------
iter: 122 | batch: 0 | nc: 1 | ncalls: 139 | bounds: 0 | eff(%): 19.092 | logz: -3.2e+03 +/- 1.2e-01 | dlogz: 3326.244 >  0.500
 loglike: -3.2e+03 | params: [-1.10117336e-03 -1.76183870e-01 -8.43749660e-01 -1.65812760e+00
  3.60985240e-01  1.39716442e+00  2.28009880e+00  2.92226860e+01]
 Average call time: 3.41 sec | Current time: 2019-06-25 16:18:42.629616
 --------------------------
iter: 123 | batch: 0 | nc: 1 | ncalls: 140 | bounds: 0 | eff(%): 19.219 | logz: -3.2e+03 +/- 1.2e-01 | dlogz: 3211.165 >  0.500
 loglike: -3.2e+03 | params: [ 0.15002062 -0.66468324 -0.86729757 -1.45158151 -0.58339739  1.04864237
  1.49813328 27.53373327]
 Average call time: 3.42 sec | Current time: 2019-06-25 16:18:46.045950
 --------------------------
iter: 124 | batch: 0 | nc: 1 | ncalls: 141 | bounds: 0 | eff(%): 19.345 | logz: -3.1e+03 +/- 1.2e-01 | dlogz: 3178.999 >  0.500
 loglike: -3.1e+03 | params: [-0.32485716 -0.86320714 -2.27296802 -0.87566503  0.05976525  0.5444922
  1.60580719 27.95905132]
 Average call time: 3.41 sec | Current time: 2019-06-25 16:18:49.457203
 --------------------------
iter: 125 | batch: 0 | nc: 1 | ncalls: 142 | bounds: 0 | eff(%): 19.470 | logz: -3.1e+03 +/- 1.2e-01 | dlogz: 3116.088 >  0.500
 loglike: -3.1e+03 | params: [-0.45514308 -0.81571292 -2.67160167 -0.38402532  0.06551916  1.17521338
  1.02218241 27.8071654 ]
 Average call time: 3.86 sec | Current time: 2019-06-25 16:18:53.317638
 --------------------------
iter: 126 | batch: 0 | nc: 1 | ncalls: 143 | bounds: 0 | eff(%): 19.596 | logz: -3.1e+03 +/- 1.2e-01 | dlogz: 3111.613 >  0.500
 loglike: -3.1e+03 | params: [-0.220971   -0.98066674 -0.86854882 -0.65969128  0.05080994  1.03407049
  1.66862872 28.37974226]
 Average call time: 3.85 sec | Current time: 2019-06-25 16:18:57.172269
 --------------------------
iter: 127 | batch: 0 | nc: 1 | ncalls: 144 | bounds: 0 | eff(%): 19.720 | logz: -3.1e+03 +/- 1.2e-01 | dlogz: 3077.295 >  0.500
 loglike: -3.1e+03 | params: [ 0.0652346  -0.60829358 -1.12121692  0.19221281 -0.7590449   0.45914788
  0.93817035 26.69050146]
 Average call time: 3.41 sec | Current time: 2019-06-25 16:19:00.586454
 --------------------------
iter: 128 | batch: 0 | nc: 1 | ncalls: 145 | bounds: 0 | eff(%): 19.845 | logz: -3.0e+03 +/- 1.2e-01 | dlogz: 3067.286 >  0.500
 loglike: -3.0e+03 | params: [ 0.10161073 -0.85623318 -1.35779029 -0.32462459 -0.68614619  1.95832831
  1.81981579 29.54657979]
 Average call time: 3.84 sec | Current time: 2019-06-25 16:19:04.427519
 --------------------------
iter: 129 | batch: 0 | nc: 1 | ncalls: 146 | bounds: 0 | eff(%): 19.969 | logz: -2.9e+03 +/- 1.2e-01 | dlogz: 3013.074 >  0.500
 loglike: -2.9e+03 | params: [ 0.14883619 -0.77955972 -1.10223287 -1.25862262  0.55187966  0.95615057
  1.17358873 27.34707882]
 Average call time: 3.42 sec | Current time: 2019-06-25 16:19:07.846300
 --------------------------
iter: 130 | batch: 0 | nc: 1 | ncalls: 147 | bounds: 0 | eff(%): 20.093 | logz: -2.8e+03 +/- 1.2e-01 | dlogz: 2906.956 >  0.500
 loglike: -2.8e+03 | params: [-0.08588122 -0.94462993 -1.06093497 -0.45379598 -0.26616459  0.28747906
  1.0122752  26.37903009]
 Average call time: 3.54 sec | Current time: 2019-06-25 16:19:11.384618
 --------------------------
iter: 131 | batch: 0 | nc: 1 | ncalls: 148 | bounds: 0 | eff(%): 20.216 | logz: -2.7e+03 +/- 1.2e-01 | dlogz: 2831.633 >  0.500
 loglike: -2.7e+03 | params: [ 0.16106281 -0.70205422 -2.32593352 -1.55850892 -0.11102288  0.46597123
  1.20071026 26.29473271]
 Average call time: 3.85 sec | Current time: 2019-06-25 16:19:15.237691
 --------------------------
iter: 132 | batch: 0 | nc: 3 | ncalls: 151 | bounds: 0 | eff(%): 20.276 | logz: -2.5e+03 +/- 1.2e-01 | dlogz: 2704.908 >  0.500
 loglike: -2.5e+03 | params: [-0.44288361 -0.47843246 -0.79817956 -0.88530902  0.14792153  0.97972974
  2.04119208 28.9244443 ]
 Average call time: 3.70 sec | Current time: 2019-06-25 16:19:26.348796
 --------------------------
iter: 133 | batch: 0 | nc: 2 | ncalls: 153 | bounds: 0 | eff(%): 20.368 | logz: -2.5e+03 +/- 1.2e-01 | dlogz: 2489.653 >  0.500
 loglike: -2.5e+03 | params: [-3.38770478e-01 -7.28971601e-01 -1.10202674e+00 -1.79560197e-01
  2.05349210e-02  7.16704899e-01  2.36010977e+00  2.98000277e+01]
 Average call time: 3.43 sec | Current time: 2019-06-25 16:19:33.204827
 --------------------------
iter: 134 | batch: 0 | nc: 1 | ncalls: 154 | bounds: 0 | eff(%): 20.489 | logz: -2.4e+03 +/- 1.2e-01 | dlogz: 2486.315 >  0.500
 loglike: -2.4e+03 | params: [-0.43959541 -0.74393488 -2.3632998  -0.03898883  0.63784927  1.554596
  2.03836794 29.5877233 ]
 Average call time: 3.42 sec | Current time: 2019-06-25 16:19:36.625292
 --------------------------
iter: 135 | batch: 0 | nc: 1 | ncalls: 155 | bounds: 0 | eff(%): 20.611 | logz: -2.4e+03 +/- 1.2e-01 | dlogz: 2397.331 >  0.500
 loglike: -2.4e+03 | params: [ 0.06691296 -0.3254716  -2.30450027 -0.85251993  0.61180833  2.02898827
  1.57343843 29.17131822]
 Average call time: 3.42 sec | Current time: 2019-06-25 16:19:40.045107
 --------------------------
iter: 136 | batch: 0 | nc: 1 | ncalls: 156 | bounds: 0 | eff(%): 20.732 | logz: -2.4e+03 +/- 1.1e-01 | dlogz: 2393.069 >  0.500
 loglike: -2.4e+03 | params: [-0.21611237 -0.53891097 -1.20923134 -0.29290177 -0.66132143  0.15768184
  1.45026416 27.05058015]
 Average call time: 3.86 sec | Current time: 2019-06-25 16:19:43.901979
 --------------------------
iter: 137 | batch: 0 | nc: 1 | ncalls: 157 | bounds: 0 | eff(%): 20.852 | logz: -2.3e+03 +/- 1.2e-01 | dlogz: 2390.800 >  0.500
 loglike: -2.3e+03 | params: [-2.59907483e-01 -4.73272895e-01 -1.50685910e+00  2.92404630e-02
  1.58547949e-01  1.53968888e-01  2.32591488e+00  2.94232590e+01]
 Average call time: 3.39 sec | Current time: 2019-06-25 16:19:47.291887
 --------------------------
iter: 138 | batch: 0 | nc: 1 | ncalls: 158 | bounds: 0 | eff(%): 20.973 | logz: -2.3e+03 +/- 1.2e-01 | dlogz: 2311.272 >  0.500
 loglike: -2.3e+03 | params: [ 0.15964458 -0.50007984 -0.93780835 -0.90896202 -0.72298322  1.39573527
  1.73526457 28.07115749]
 Average call time: 3.44 sec | Current time: 2019-06-25 16:19:50.734768
 --------------------------
iter: 139 | batch: 0 | nc: 2 | ncalls: 160 | bounds: 0 | eff(%): 21.061 | logz: -2.2e+03 +/- 1.2e-01 | dlogz: 2281.812 >  0.500
 loglike: -2.2e+03 | params: [ 0.09025576 -0.54012643 -2.74668759 -0.19302507 -0.46250763  1.19489494
  2.40376872 29.41421186]
 Average call time: 3.45 sec | Current time: 2019-06-25 16:19:57.636881
 --------------------------
iter: 140 | batch: 0 | nc: 1 | ncalls: 161 | bounds: 0 | eff(%): 21.180 | logz: -2.1e+03 +/- 1.2e-01 | dlogz: 2188.751 >  0.500
 loglike: -2.1e+03 | params: [ 0.13218154 -0.9940353  -1.47449653 -1.50407402  0.38902011  0.56467562
  1.37261001 27.05670218]
 Average call time: 4.02 sec | Current time: 2019-06-25 16:20:01.654516
 --------------------------
