Using pcmdpy version 0.9.3
Loading Setup File: setup_files/mocks/mock_7.py
Running Nested Sampling
-initializing models
-Saving initial results dataframe
iter: 1 | batch: 0 | nc: 1 | ncalls: 1 | bounds: 0 | eff(%):  0.100 | logz: -7.5e+03 +/- 8.7e-02 | dlogz:    inf >  0.500
 loglike: -7.5e+03 | params: [ 0.13342328 -0.33607093  0.33679711  1.62639645  2.31414446  3.44778748
  4.09410133 29.58548003]
 Average call time: 941.86 sec | Current time: 2019-06-25 15:55:55.722279
 --------------------------
iter: 2 | batch: 0 | nc: 1 | ncalls: 2 | bounds: 0 | eff(%):  0.200 | logz: -7.4e+03 +/- 8.7e-02 | dlogz: 7423.533 >  0.500
 loglike: -7.4e+03 | params: [ 2.01356473e-01 -7.86075303e-03  1.33395276e+00  2.90005204e+00
  2.61457386e+00  3.66362972e+00  4.40362204e+00  2.95753583e+01]
 Average call time: 1.01 sec | Current time: 2019-06-25 15:55:56.736597
 --------------------------
iter: 3 | batch: 0 | nc: 1 | ncalls: 3 | bounds: 0 | eff(%):  0.299 | logz: -7.0e+03 +/- 8.7e-02 | dlogz: 7391.077 >  0.500
 loglike: -7.0e+03 | params: [ 1.13283930e-01 -1.88270931e-02  9.38288928e-01  1.42751860e+00
  3.48778398e+00  3.41840149e+00  4.69553876e+00  2.99133474e+01]
 Average call time: 1.09 sec | Current time: 2019-06-25 15:55:57.822259
 --------------------------
iter: 4 | batch: 0 | nc: 1 | ncalls: 4 | bounds: 0 | eff(%):  0.398 | logz: -6.9e+03 +/- 8.7e-02 | dlogz: 6936.864 >  0.500
 loglike: -6.9e+03 | params: [-0.374697   -0.2544197   1.16088524  2.28191465  2.76361352  3.83273011
  4.0239877  29.8731535 ]
 Average call time: 0.85 sec | Current time: 2019-06-25 15:55:58.671588
 --------------------------
iter: 5 | batch: 0 | nc: 1 | ncalls: 5 | bounds: 0 | eff(%):  0.498 | logz: -6.6e+03 +/- 8.7e-02 | dlogz: 6855.850 >  0.500
 loglike: -6.6e+03 | params: [ 0.15407539 -0.24164581  1.26916145  2.12179058  2.42525383  3.30328875
  4.47673001 29.76906699]
 Average call time: 0.80 sec | Current time: 2019-06-25 15:55:59.475938
 --------------------------
iter: 6 | batch: 0 | nc: 1 | ncalls: 6 | bounds: 0 | eff(%):  0.596 | logz: -6.6e+03 +/- 8.7e-02 | dlogz: 6571.629 >  0.500
 loglike: -6.6e+03 | params: [ 0.1067525  -0.38559718  1.84152888  2.82354716  2.8449179   3.36337017
  3.98662477 29.63364535]
 Average call time: 0.81 sec | Current time: 2019-06-25 15:56:00.285533
 --------------------------
iter: 7 | batch: 0 | nc: 1 | ncalls: 7 | bounds: 0 | eff(%):  0.695 | logz: -6.5e+03 +/- 8.7e-02 | dlogz: 6541.832 >  0.500
 loglike: -6.5e+03 | params: [-0.04504055 -0.29212572  0.86208953  2.15791982  2.47844923  3.98316074
  4.03708354 29.76755694]
 Average call time: 1.03 sec | Current time: 2019-06-25 15:56:01.310962
 --------------------------
iter: 8 | batch: 0 | nc: 1 | ncalls: 8 | bounds: 0 | eff(%):  0.794 | logz: -6.3e+03 +/- 8.7e-02 | dlogz: 6485.902 >  0.500
 loglike: -6.3e+03 | params: [-0.30627763 -0.08419218  1.29840415  2.38214164  2.52181414  3.78585462
  4.60013739 29.89409103]
 Average call time: 0.83 sec | Current time: 2019-06-25 15:56:02.142416
 --------------------------
iter: 9 | batch: 0 | nc: 1 | ncalls: 9 | bounds: 0 | eff(%):  0.892 | logz: -6.0e+03 +/- 8.7e-02 | dlogz: 6217.706 >  0.500
 loglike: -6.0e+03 | params: [ 0.10092175 -0.15224233  1.9864547   3.11485719  3.13022343  4.09723614
  4.17748017 29.81421939]
 Average call time: 0.85 sec | Current time: 2019-06-25 15:56:02.995119
 --------------------------
iter: 10 | batch: 0 | nc: 1 | ncalls: 10 | bounds: 0 | eff(%):  0.990 | logz: -5.8e+03 +/- 8.7e-02 | dlogz: 5938.159 >  0.500
 loglike: -5.8e+03 | params: [ 0.16781568 -0.275432    1.57393043  1.44364773  3.4057322   3.21222757
  4.1317254  29.18004343]
 Average call time: 1.00 sec | Current time: 2019-06-25 15:56:03.992015
 --------------------------
iter: 11 | batch: 0 | nc: 1 | ncalls: 11 | bounds: 0 | eff(%):  1.088 | logz: -5.8e+03 +/- 8.7e-02 | dlogz: 5776.602 >  0.500
 loglike: -5.8e+03 | params: [-0.20523971 -0.23028977  2.14887734  1.40723473  3.3764683   3.13113288
  4.24912832 29.8963154 ]
 Average call time: 0.83 sec | Current time: 2019-06-25 15:56:04.826358
 --------------------------
iter: 12 | batch: 0 | nc: 1 | ncalls: 12 | bounds: 0 | eff(%):  1.186 | logz: -5.8e+03 +/- 8.7e-02 | dlogz: 5763.095 >  0.500
 loglike: -5.8e+03 | params: [-0.25181938 -0.31680833  1.45817145  2.81501184  2.19118894  3.21030492
  4.18030025 29.46009946]
 Average call time: 0.86 sec | Current time: 2019-06-25 15:56:05.688565
 --------------------------
iter: 13 | batch: 0 | nc: 1 | ncalls: 13 | bounds: 0 | eff(%):  1.283 | logz: -5.7e+03 +/- 8.7e-02 | dlogz: 5744.417 >  0.500
 loglike: -5.7e+03 | params: [-0.3475886  -0.33297394  1.38325631  1.37016337  2.96194581  3.52449129
  4.11771464 29.34927856]
 Average call time: 0.83 sec | Current time: 2019-06-25 15:56:06.514857
 --------------------------
iter: 14 | batch: 0 | nc: 1 | ncalls: 14 | bounds: 0 | eff(%):  1.381 | logz: -5.6e+03 +/- 8.7e-02 | dlogz: 5694.813 >  0.500
 loglike: -5.6e+03 | params: [-0.41444036 -0.29464891  0.95314591  2.11206557  2.50335394  4.24520516
  4.00266432 29.88420035]
 Average call time: 1.01 sec | Current time: 2019-06-25 15:56:07.522119
 --------------------------
iter: 15 | batch: 0 | nc: 1 | ncalls: 15 | bounds: 0 | eff(%):  1.478 | logz: -5.2e+03 +/- 8.7e-02 | dlogz: 5522.094 >  0.500
 loglike: -5.2e+03 | params: [ 0.13672771 -0.47672888  1.85698559  2.30191163  3.77128169  3.39564322
  4.0458426  29.67445319]
 Average call time: 0.96 sec | Current time: 2019-06-25 15:56:08.477656
 --------------------------
iter: 16 | batch: 0 | nc: 1 | ncalls: 16 | bounds: 0 | eff(%):  1.575 | logz: -5.1e+03 +/- 8.7e-02 | dlogz: 5182.933 >  0.500
 loglike: -5.1e+03 | params: [-0.37207764 -0.52108803  1.28618939  1.78276813  2.97602196  3.73095705
  4.36110858 29.83091385]
 Average call time: 0.87 sec | Current time: 2019-06-25 15:56:09.343714
 --------------------------
iter: 17 | batch: 0 | nc: 1 | ncalls: 17 | bounds: 0 | eff(%):  1.672 | logz: -5.1e+03 +/- 8.7e-02 | dlogz: 5096.696 >  0.500
 loglike: -5.1e+03 | params: [ 0.09363735 -0.06118541  0.72790456  1.92035177  3.49895416  3.9275364
  4.49358517 29.09621534]
 Average call time: 0.85 sec | Current time: 2019-06-25 15:56:10.193243
 --------------------------
iter: 18 | batch: 0 | nc: 1 | ncalls: 18 | bounds: 0 | eff(%):  1.768 | logz: -5.0e+03 +/- 8.7e-02 | dlogz: 5077.558 >  0.500
 loglike: -5.0e+03 | params: [-0.37305163 -0.93682811  0.29813596  1.75107451  2.10168325  3.91857309
  4.01968022 29.63282725]
 Average call time: 0.99 sec | Current time: 2019-06-25 15:56:11.185507
 --------------------------
iter: 19 | batch: 0 | nc: 1 | ncalls: 19 | bounds: 0 | eff(%):  1.865 | logz: -5.0e+03 +/- 8.7e-02 | dlogz: 4973.226 >  0.500
 loglike: -5.0e+03 | params: [ 0.24094117 -0.18194792  1.13980697  3.08570167  3.09521705  4.62048417
  4.06404157 29.94641284]
 Average call time: 1.01 sec | Current time: 2019-06-25 15:56:12.200406
 --------------------------
iter: 20 | batch: 0 | nc: 1 | ncalls: 20 | bounds: 0 | eff(%):  1.961 | logz: -5.0e+03 +/- 8.7e-02 | dlogz: 4966.154 >  0.500
 loglike: -5.0e+03 | params: [ 0.2026799  -0.04400593  1.01271447  2.41106754  2.82826586  3.8866452
  4.88593944 29.39393044]
 Average call time: 1.05 sec | Current time: 2019-06-25 15:56:13.253378
 --------------------------
iter: 21 | batch: 0 | nc: 1 | ncalls: 21 | bounds: 0 | eff(%):  2.057 | logz: -4.8e+03 +/- 8.7e-02 | dlogz: 4935.447 >  0.500
 loglike: -4.8e+03 | params: [ 3.26848509e-05 -1.49549202e-01  1.15729503e+00  2.07087768e+00
  2.66896880e+00  3.62250236e+00  4.06535646e+00  2.82927042e+01]
 Average call time: 1.02 sec | Current time: 2019-06-25 15:56:14.274353
 --------------------------
iter: 22 | batch: 0 | nc: 1 | ncalls: 22 | bounds: 0 | eff(%):  2.153 | logz: -4.8e+03 +/- 8.5e-02 | dlogz: 4776.173 >  0.500
 loglike: -4.8e+03 | params: [-0.19834089 -0.08649653  0.79256558  2.32293635  2.74397276  4.4350163
  3.97961837 29.23716065]
 Average call time: 1.01 sec | Current time: 2019-06-25 15:56:15.284805
 --------------------------
iter: 23 | batch: 0 | nc: 1 | ncalls: 23 | bounds: 0 | eff(%):  2.248 | logz: -4.8e+03 +/- 8.0e-02 | dlogz: 4773.374 >  0.500
 loglike: -4.8e+03 | params: [ 8.94332768e-02 -1.93128415e-03  3.39146969e-01  1.35157050e+00
  2.93413860e+00  4.31535198e+00  4.10004112e+00  2.85490784e+01]
 Average call time: 1.03 sec | Current time: 2019-06-25 15:56:16.317674
 --------------------------
iter: 24 | batch: 0 | nc: 1 | ncalls: 24 | bounds: 0 | eff(%):  2.344 | logz: -4.8e+03 +/- 8.7e-02 | dlogz: 4772.074 >  0.500
 loglike: -4.8e+03 | params: [-0.20268754 -0.59906318  0.62110011  1.82485051  2.96089553  3.63839737
  4.21160641 29.5630449 ]
 Average call time: 1.02 sec | Current time: 2019-06-25 15:56:17.336232
 --------------------------
iter: 25 | batch: 0 | nc: 1 | ncalls: 25 | bounds: 0 | eff(%):  2.439 | logz: -4.8e+03 +/- 8.7e-02 | dlogz: 4765.139 >  0.500
 loglike: -4.7e+03 | params: [-0.44282632 -0.07021183  0.87781854  2.55426934  2.16732601  3.20913216
  4.8787354  29.64824166]
 Average call time: 0.84 sec | Current time: 2019-06-25 15:56:18.171533
 --------------------------
iter: 26 | batch: 0 | nc: 1 | ncalls: 26 | bounds: 0 | eff(%):  2.534 | logz: -4.7e+03 +/- 8.7e-02 | dlogz: 4713.551 >  0.500
 loglike: -4.7e+03 | params: [-3.99396395e-01 -1.77164697e-02  5.41439079e-01  2.90766907e+00
  3.23134255e+00  3.91677158e+00  4.37010836e+00  2.88679237e+01]
 Average call time: 0.97 sec | Current time: 2019-06-25 15:56:19.139469
 --------------------------
iter: 27 | batch: 0 | nc: 1 | ncalls: 27 | bounds: 0 | eff(%):  2.629 | logz: -4.7e+03 +/- 8.3e-02 | dlogz: 4642.161 >  0.500
 loglike: -4.7e+03 | params: [-2.06714554e-02 -3.60060106e-01  2.23218953e+00  2.03762133e+00
  3.26692832e+00  3.48549389e+00  4.67370848e+00  2.99027778e+01]
 Average call time: 0.84 sec | Current time: 2019-06-25 15:56:19.978524
 --------------------------
iter: 28 | batch: 0 | nc: 2 | ncalls: 29 | bounds: 0 | eff(%):  2.721 | logz: -4.7e+03 +/- 8.7e-02 | dlogz: 4640.045 >  0.500
 loglike: -4.6e+03 | params: [-6.58078652e-02 -1.13388577e-03  5.22177017e-01  2.37961652e+00
  3.05914261e+00  3.32836131e+00  4.73725939e+00  2.88164204e+01]
 Average call time: 1.03 sec | Current time: 2019-06-25 15:56:22.037361
 --------------------------
iter: 29 | batch: 0 | nc: 1 | ncalls: 30 | bounds: 0 | eff(%):  2.816 | logz: -4.5e+03 +/- 8.7e-02 | dlogz: 4616.853 >  0.500
 loglike: -4.5e+03 | params: [-0.06820744 -0.22789915  1.0533018   2.60002227  3.6129026   3.76761841
  4.04262998 28.97021965]
 Average call time: 0.85 sec | Current time: 2019-06-25 15:56:22.885058
 --------------------------
iter: 30 | batch: 0 | nc: 1 | ncalls: 31 | bounds: 0 | eff(%):  2.910 | logz: -4.5e+03 +/- 8.7e-02 | dlogz: 4468.099 >  0.500
 loglike: -4.5e+03 | params: [-0.07502255 -0.23917019  1.48526307  1.8372561   2.35367204  3.95264274
  4.10734549 28.69421099]
 Average call time: 1.06 sec | Current time: 2019-06-25 15:56:23.949360
 --------------------------
iter: 31 | batch: 0 | nc: 1 | ncalls: 32 | bounds: 0 | eff(%):  3.004 | logz: -4.5e+03 +/- 8.7e-02 | dlogz: 4449.773 >  0.500
 loglike: -4.5e+03 | params: [-0.12006599 -0.70879984  1.57695878  1.31694476  2.52390326  3.29438762
  4.3039878  29.14685066]
 Average call time: 1.08 sec | Current time: 2019-06-25 15:56:25.026776
 --------------------------
iter: 32 | batch: 0 | nc: 1 | ncalls: 33 | bounds: 0 | eff(%):  3.098 | logz: -4.5e+03 +/- 8.7e-02 | dlogz: 4436.081 >  0.500
 loglike: -4.4e+03 | params: [ 0.16068761 -0.62914668  1.47414923  2.49447341  2.37702737  4.38236019
  4.05129583 29.75409582]
 Average call time: 0.91 sec | Current time: 2019-06-25 15:56:25.935705
 --------------------------
iter: 33 | batch: 0 | nc: 1 | ncalls: 34 | bounds: 0 | eff(%):  3.191 | logz: -4.4e+03 +/- 8.7e-02 | dlogz: 4415.017 >  0.500
 loglike: -4.4e+03 | params: [-0.25464951 -0.16635537  1.31099416  1.34318903  2.04463176  4.1126205
  4.54528613 29.35294261]
 Average call time: 1.03 sec | Current time: 2019-06-25 15:56:26.970121
 --------------------------
iter: 34 | batch: 0 | nc: 1 | ncalls: 35 | bounds: 0 | eff(%):  3.285 | logz: -4.4e+03 +/- 8.7e-02 | dlogz: 4372.027 >  0.500
 loglike: -4.4e+03 | params: [ 9.94149876e-03 -1.83683534e-02  1.39096826e+00  1.29045291e+00
  3.37070874e+00  4.44427692e+00  4.41904508e+00  2.90594473e+01]
 Average call time: 0.83 sec | Current time: 2019-06-25 15:56:27.803877
 --------------------------
iter: 35 | batch: 0 | nc: 1 | ncalls: 36 | bounds: 0 | eff(%):  3.378 | logz: -4.4e+03 +/- 8.7e-02 | dlogz: 4365.284 >  0.500
 loglike: -4.4e+03 | params: [ 0.1084744  -0.1272902   1.56566422  2.44378589  3.66297412  4.00576109
  4.42430144 29.07086482]
 Average call time: 1.00 sec | Current time: 2019-06-25 15:56:28.802971
 --------------------------
iter: 36 | batch: 0 | nc: 1 | ncalls: 37 | bounds: 0 | eff(%):  3.472 | logz: -4.4e+03 +/- 8.6e-02 | dlogz: 4360.135 >  0.500
 loglike: -4.4e+03 | params: [ 0.11457572 -0.18003918  2.01887303  2.80537064  1.95277525  4.00138379
  4.24573965 28.8303449 ]
 Average call time: 1.04 sec | Current time: 2019-06-25 15:56:29.847301
 --------------------------
iter: 37 | batch: 0 | nc: 1 | ncalls: 38 | bounds: 0 | eff(%):  3.565 | logz: -4.4e+03 +/- 8.7e-02 | dlogz: 4356.481 >  0.500
 loglike: -4.4e+03 | params: [ 0.04965239 -0.41640902  0.32567493  1.8115197   3.72339864  3.24078922
  4.21769261 29.26234733]
 Average call time: 0.99 sec | Current time: 2019-06-25 15:56:30.835266
 --------------------------
iter: 38 | batch: 0 | nc: 1 | ncalls: 39 | bounds: 0 | eff(%):  3.657 | logz: -4.4e+03 +/- 8.7e-02 | dlogz: 4331.330 >  0.500
 loglike: -4.3e+03 | params: [-0.45181113 -0.07809042  0.98518651  2.87108907  2.01989817  3.79882965
  4.44820131 28.8911134 ]
 Average call time: 0.84 sec | Current time: 2019-06-25 15:56:31.679626
 --------------------------
iter: 39 | batch: 0 | nc: 1 | ncalls: 40 | bounds: 0 | eff(%):  3.750 | logz: -4.2e+03 +/- 8.7e-02 | dlogz: 4311.561 >  0.500
 loglike: -4.2e+03 | params: [-0.39844482 -0.99545353  1.30872012  1.2993984   2.94729867  3.19997719
  4.24349301 29.21505224]
 Average call time: 0.86 sec | Current time: 2019-06-25 15:56:32.536699
 --------------------------
iter: 40 | batch: 0 | nc: 1 | ncalls: 41 | bounds: 0 | eff(%):  3.842 | logz: -4.2e+03 +/- 8.7e-02 | dlogz: 4206.569 >  0.500
 loglike: -4.2e+03 | params: [-1.80420426e-03 -2.59924331e-01  1.86764552e+00  2.43508993e+00
  3.13694970e+00  3.29834826e+00  4.51672112e+00  2.90709309e+01]
 Average call time: 1.07 sec | Current time: 2019-06-25 15:56:33.603238
 --------------------------
iter: 41 | batch: 0 | nc: 1 | ncalls: 42 | bounds: 0 | eff(%):  3.935 | logz: -4.2e+03 +/- 8.7e-02 | dlogz: 4179.551 >  0.500
 loglike: -4.2e+03 | params: [-0.18541358 -0.31002041  1.73219655  2.4752634   3.44847882  3.69438911
  4.53123081 29.41310462]
 Average call time: 0.97 sec | Current time: 2019-06-25 15:56:34.573893
 --------------------------
iter: 42 | batch: 0 | nc: 1 | ncalls: 43 | bounds: 0 | eff(%):  4.027 | logz: -4.1e+03 +/- 8.7e-02 | dlogz: 4127.428 >  0.500
 loglike: -4.1e+03 | params: [-0.35413471 -0.82805194  1.43671151  2.14140259  2.09473021  4.29501564
  4.14712015 29.84337776]
 Average call time: 1.01 sec | Current time: 2019-06-25 15:56:35.582073
 --------------------------
iter: 43 | batch: 0 | nc: 1 | ncalls: 44 | bounds: 0 | eff(%):  4.119 | logz: -4.1e+03 +/- 8.7e-02 | dlogz: 4107.278 >  0.500
 loglike: -4.1e+03 | params: [-0.12778877 -0.40901214  1.11725481  2.54581969  2.02615123  4.01543203
  4.48390664 29.41704241]
 Average call time: 1.01 sec | Current time: 2019-06-25 15:56:36.592298
 --------------------------
iter: 44 | batch: 0 | nc: 1 | ncalls: 45 | bounds: 0 | eff(%):  4.211 | logz: -4.1e+03 +/- 8.7e-02 | dlogz: 4097.908 >  0.500
 loglike: -4.1e+03 | params: [-1.52715112e-02 -5.13078806e-01  1.11811710e+00  1.73610696e+00
  2.67419649e+00  3.98873623e+00  4.10938394e+00  2.89877409e+01]
 Average call time: 1.06 sec | Current time: 2019-06-25 15:56:37.655895
 --------------------------
iter: 45 | batch: 0 | nc: 1 | ncalls: 46 | bounds: 0 | eff(%):  4.302 | logz: -4.1e+03 +/- 8.5e-02 | dlogz: 4085.528 >  0.500
 loglike: -4.1e+03 | params: [ 0.14358347 -0.18116954  1.91080143  1.64297939  3.72600749  4.52123137
  4.05311052 29.41815596]
 Average call time: 0.84 sec | Current time: 2019-06-25 15:56:38.499828
 --------------------------
iter: 46 | batch: 0 | nc: 1 | ncalls: 47 | bounds: 0 | eff(%):  4.394 | logz: -4.1e+03 +/- 8.7e-02 | dlogz: 4082.384 >  0.500
 loglike: -4.1e+03 | params: [-4.87152143e-01 -1.75209364e-02  1.06945896e+00  2.63434615e+00
  2.80716598e+00  4.17579166e+00  4.61784859e+00  2.90362833e+01]
 Average call time: 1.02 sec | Current time: 2019-06-25 15:56:39.519896
 --------------------------
iter: 47 | batch: 0 | nc: 1 | ncalls: 48 | bounds: 0 | eff(%):  4.485 | logz: -4.1e+03 +/- 8.7e-02 | dlogz: 4076.124 >  0.500
 loglike: -4.1e+03 | params: [-0.47041707 -0.9531957   0.549582    2.92766594  3.76809659  3.82483064
  3.96288936 29.91202963]
 Average call time: 1.02 sec | Current time: 2019-06-25 15:56:40.541086
 --------------------------
iter: 48 | batch: 0 | nc: 1 | ncalls: 49 | bounds: 0 | eff(%):  4.576 | logz: -4.0e+03 +/- 8.7e-02 | dlogz: 4071.484 >  0.500
 loglike: -4.0e+03 | params: [-0.3691888  -0.64866438  1.0928263   1.50199068  3.42953309  3.34026091
  4.69219439 29.95642633]
 Average call time: 0.99 sec | Current time: 2019-06-25 15:56:41.535616
 --------------------------
iter: 49 | batch: 0 | nc: 1 | ncalls: 50 | bounds: 0 | eff(%):  4.667 | logz: -4.0e+03 +/- 8.7e-02 | dlogz: 3986.624 >  0.500
 loglike: -4.0e+03 | params: [ 0.17877527 -0.26855832  0.77032592  2.21016185  2.03394758  3.12644554
  5.05219472 29.77892343]
 Average call time: 0.84 sec | Current time: 2019-06-25 15:56:42.370741
 --------------------------
iter: 50 | batch: 0 | nc: 1 | ncalls: 51 | bounds: 0 | eff(%):  4.757 | logz: -4.0e+03 +/- 8.7e-02 | dlogz: 3958.274 >  0.500
 loglike: -4.0e+03 | params: [-0.19111916 -0.68937909  1.76200938  1.45768472  3.687306    3.72034652
  4.19401962 29.44550648]
 Average call time: 1.06 sec | Current time: 2019-06-25 15:56:43.427694
 --------------------------
iter: 51 | batch: 0 | nc: 1 | ncalls: 52 | bounds: 0 | eff(%):  4.848 | logz: -4.0e+03 +/- 8.4e-02 | dlogz: 3933.852 >  0.500
 loglike: -4.0e+03 | params: [ 0.07061279 -0.48587525  1.01397196  3.10557166  3.45973809  3.55544391
  4.48592675 29.44339439]
 Average call time: 0.97 sec | Current time: 2019-06-25 15:56:44.397301
 --------------------------
iter: 52 | batch: 0 | nc: 2 | ncalls: 54 | bounds: 0 | eff(%):  4.934 | logz: -4.0e+03 +/- 8.7e-02 | dlogz: 3931.451 >  0.500
 loglike: -4.0e+03 | params: [-1.93371008e-02 -6.24841277e-01  9.70336837e-01  1.83672759e+00
  2.43753991e+00  3.53642117e+00  4.01097894e+00  2.83714660e+01]
 Average call time: 0.91 sec | Current time: 2019-06-25 15:56:46.223048
 --------------------------
iter: 53 | batch: 0 | nc: 1 | ncalls: 55 | bounds: 0 | eff(%):  5.024 | logz: -4.0e+03 +/- 8.7e-02 | dlogz: 3926.020 >  0.500
 loglike: -3.9e+03 | params: [-4.32381498e-01 -1.21118176e-02  6.95882407e-01  1.52913049e+00
  2.41906057e+00  3.28804032e+00  4.03836772e+00  2.71585353e+01]
 Average call time: 1.00 sec | Current time: 2019-06-25 15:56:47.225491
 --------------------------
iter: 54 | batch: 0 | nc: 1 | ncalls: 56 | bounds: 0 | eff(%):  5.114 | logz: -3.9e+03 +/- 8.7e-02 | dlogz: 3914.425 >  0.500
 loglike: -3.9e+03 | params: [-0.11105703 -0.65319315  0.93969457  3.03691077  2.361591    3.17945471
  4.15238703 28.78331722]
 Average call time: 1.02 sec | Current time: 2019-06-25 15:56:48.248149
 --------------------------
iter: 55 | batch: 0 | nc: 1 | ncalls: 57 | bounds: 0 | eff(%):  5.203 | logz: -3.9e+03 +/- 8.6e-02 | dlogz: 3831.405 >  0.500
 loglike: -3.9e+03 | params: [ 0.2135538  -0.54660057  0.81926066  1.66446495  1.91593787  4.42575504
  4.75350292 29.96842457]
 Average call time: 1.00 sec | Current time: 2019-06-25 15:56:49.247527
 --------------------------
iter: 56 | batch: 0 | nc: 1 | ncalls: 58 | bounds: 0 | eff(%):  5.293 | logz: -3.8e+03 +/- 8.7e-02 | dlogz: 3827.572 >  0.500
 loglike: -3.8e+03 | params: [-0.14054057 -0.54972294  0.96386952  1.70104426  2.6608079   3.53663639
  4.75595196 29.67820097]
 Average call time: 1.04 sec | Current time: 2019-06-25 15:56:50.282975
 --------------------------
iter: 57 | batch: 0 | nc: 1 | ncalls: 59 | bounds: 0 | eff(%):  5.382 | logz: -3.8e+03 +/- 8.7e-02 | dlogz: 3801.901 >  0.500
 loglike: -3.8e+03 | params: [-0.06193154 -0.80788656  2.15482367  2.08273074  3.51776748  3.78830654
  4.02612261 29.20355998]
 Average call time: 1.01 sec | Current time: 2019-06-25 15:56:51.291551
 --------------------------
iter: 58 | batch: 0 | nc: 1 | ncalls: 60 | bounds: 0 | eff(%):  5.472 | logz: -3.8e+03 +/- 8.7e-02 | dlogz: 3778.700 >  0.500
 loglike: -3.8e+03 | params: [ 0.04356393 -0.24246992  1.83448299  3.15777004  3.57334738  3.87104837
  4.81965308 29.71547435]
 Average call time: 0.83 sec | Current time: 2019-06-25 15:56:52.116674
 --------------------------
iter: 59 | batch: 0 | nc: 1 | ncalls: 61 | bounds: 0 | eff(%):  5.561 | logz: -3.8e+03 +/- 8.7e-02 | dlogz: 3768.964 >  0.500
 loglike: -3.8e+03 | params: [-0.03608044 -0.74938782  1.39969778  2.93725944  2.36922239  3.63378057
  4.19162381 28.95123767]
 Average call time: 0.99 sec | Current time: 2019-06-25 15:56:53.105891
 --------------------------
iter: 60 | batch: 0 | nc: 1 | ncalls: 62 | bounds: 0 | eff(%):  5.650 | logz: -3.7e+03 +/- 8.8e-02 | dlogz: 3749.432 >  0.500
 loglike: -3.7e+03 | params: [ 0.05122249 -0.47035816  1.2554889   2.89196914  3.32309402  3.40554111
  4.3977981  29.00567597]
 Average call time: 0.92 sec | Current time: 2019-06-25 15:56:54.023197
 --------------------------
iter: 61 | batch: 0 | nc: 1 | ncalls: 63 | bounds: 0 | eff(%):  5.738 | logz: -3.7e+03 +/- 8.3e-02 | dlogz: 3708.222 >  0.500
 loglike: -3.7e+03 | params: [-0.34826726 -0.81837311  0.61421097  3.18126345  3.87604307  3.15094122
  4.29088901 29.79902572]
 Average call time: 1.01 sec | Current time: 2019-06-25 15:56:55.031801
 --------------------------
iter: 62 | batch: 0 | nc: 1 | ncalls: 64 | bounds: 0 | eff(%):  5.827 | logz: -3.7e+03 +/- 8.8e-02 | dlogz: 3706.346 >  0.500
 loglike: -3.7e+03 | params: [-0.36947792 -0.40424513  1.30505587  1.29220344  3.76131253  4.36522159
  4.43866898 29.87441687]
 Average call time: 1.03 sec | Current time: 2019-06-25 15:56:56.065929
 --------------------------
iter: 63 | batch: 0 | nc: 1 | ncalls: 65 | bounds: 0 | eff(%):  5.915 | logz: -3.7e+03 +/- 8.8e-02 | dlogz: 3689.167 >  0.500
 loglike: -3.7e+03 | params: [-0.06148501 -0.26459429  0.47727039  2.52059815  2.75509994  4.86383969
  4.01950779 29.95059666]
 Average call time: 1.03 sec | Current time: 2019-06-25 15:56:57.091203
 --------------------------
iter: 64 | batch: 0 | nc: 1 | ncalls: 66 | bounds: 0 | eff(%):  6.004 | logz: -3.7e+03 +/- 8.7e-02 | dlogz: 3674.952 >  0.500
 loglike: -3.7e+03 | params: [-0.3893637  -0.41994597  0.40066898  2.17678735  3.59458382  3.75974592
  4.61072427 29.5906826 ]
 Average call time: 1.04 sec | Current time: 2019-06-25 15:56:58.129165
 --------------------------
iter: 65 | batch: 0 | nc: 1 | ncalls: 67 | bounds: 0 | eff(%):  6.092 | logz: -3.7e+03 +/- 8.8e-02 | dlogz: 3670.364 >  0.500
 loglike: -3.7e+03 | params: [ 0.02984295 -0.96825849  0.71256525  2.00832794  3.04002707  3.28457044
  4.3997922  29.06257991]
 Average call time: 1.01 sec | Current time: 2019-06-25 15:56:59.135227
 --------------------------
iter: 66 | batch: 0 | nc: 1 | ncalls: 68 | bounds: 0 | eff(%):  6.180 | logz: -3.6e+03 +/- 8.8e-02 | dlogz: 3620.462 >  0.500
 loglike: -3.6e+03 | params: [ 0.22094808 -0.58223022  0.49373805  2.56819895  3.05208041  3.61806807
  4.51039994 29.0263943 ]
 Average call time: 0.87 sec | Current time: 2019-06-25 15:57:00.004846
 --------------------------
iter: 67 | batch: 0 | nc: 2 | ncalls: 70 | bounds: 0 | eff(%):  6.262 | logz: -3.6e+03 +/- 8.8e-02 | dlogz: 3603.912 >  0.500
 loglike: -3.6e+03 | params: [ 0.16374685 -0.72163739  0.84378584  2.59426505  3.15537185  3.1746665
  4.09070731 28.39753565]
 Average call time: 0.85 sec | Current time: 2019-06-25 15:57:01.699334
 --------------------------
iter: 68 | batch: 0 | nc: 1 | ncalls: 71 | bounds: 0 | eff(%):  6.349 | logz: -3.6e+03 +/- 8.8e-02 | dlogz: 3577.210 >  0.500
 loglike: -3.6e+03 | params: [ 0.18046504 -0.59351276  1.26021499  2.4768568   3.47152317  3.51004812
  4.51092963 29.1420996 ]
 Average call time: 0.99 sec | Current time: 2019-06-25 15:57:02.691098
 --------------------------
iter: 69 | batch: 0 | nc: 1 | ncalls: 72 | bounds: 0 | eff(%):  6.437 | logz: -3.6e+03 +/- 8.7e-02 | dlogz: 3558.114 >  0.500
 loglike: -3.6e+03 | params: [ 0.1670074  -0.08185813  0.53845765  1.50418281  1.89637689  3.66827203
  4.1813785  27.28818037]
 Average call time: 0.85 sec | Current time: 2019-06-25 15:57:03.536938
 --------------------------
iter: 70 | batch: 0 | nc: 1 | ncalls: 73 | bounds: 0 | eff(%):  6.524 | logz: -3.6e+03 +/- 8.8e-02 | dlogz: 3551.745 >  0.500
 loglike: -3.5e+03 | params: [ 2.26472283e-02 -3.59734624e-01  1.49893440e+00  2.92371409e+00
  3.30249046e+00  3.77955351e+00  4.27092364e+00  2.88234491e+01]
 Average call time: 1.15 sec | Current time: 2019-06-25 15:57:04.691926
 --------------------------
iter: 71 | batch: 0 | nc: 1 | ncalls: 74 | bounds: 0 | eff(%):  6.611 | logz: -3.5e+03 +/- 8.8e-02 | dlogz: 3509.944 >  0.500
 loglike: -3.5e+03 | params: [ 0.13818941 -0.07880023  1.90730965  1.41022594  3.29162617  4.55088782
  5.12952293 29.61123212]
 Average call time: 0.99 sec | Current time: 2019-06-25 15:57:05.678416
 --------------------------
iter: 72 | batch: 0 | nc: 1 | ncalls: 75 | bounds: 0 | eff(%):  6.698 | logz: -3.5e+03 +/- 8.7e-02 | dlogz: 3493.906 >  0.500
 loglike: -3.5e+03 | params: [-5.00353737e-03 -8.29737016e-01  2.23207526e+00  2.95928443e+00
  3.24366930e+00  3.16013727e+00  4.19737346e+00  2.90305084e+01]
 Average call time: 1.00 sec | Current time: 2019-06-25 15:57:06.674558
 --------------------------
iter: 73 | batch: 0 | nc: 1 | ncalls: 76 | bounds: 0 | eff(%):  6.784 | logz: -3.5e+03 +/- 8.8e-02 | dlogz: 3487.086 >  0.500
 loglike: -3.5e+03 | params: [-0.15955671 -0.1136064   1.02913359  2.14795864  2.29548882  4.54045602
  4.37776392 28.95630636]
 Average call time: 1.01 sec | Current time: 2019-06-25 15:57:07.683982
 --------------------------
iter: 74 | batch: 0 | nc: 1 | ncalls: 77 | bounds: 0 | eff(%):  6.871 | logz: -3.5e+03 +/- 8.8e-02 | dlogz: 3477.348 >  0.500
 loglike: -3.5e+03 | params: [ 0.09012263 -0.10647974  1.43328949  2.85039701  2.67924621  3.27423791
  4.86600419 28.79164457]
 Average call time: 1.00 sec | Current time: 2019-06-25 15:57:08.682593
 --------------------------
iter: 75 | batch: 0 | nc: 1 | ncalls: 78 | bounds: 0 | eff(%):  6.957 | logz: -3.5e+03 +/- 8.8e-02 | dlogz: 3465.674 >  0.500
 loglike: -3.5e+03 | params: [ 0.04499385 -0.09991216  1.79201537  2.46452236  2.45852009  3.41138359
  4.6058836  28.28775889]
 Average call time: 1.02 sec | Current time: 2019-06-25 15:57:09.706078
 --------------------------
iter: 76 | batch: 0 | nc: 1 | ncalls: 79 | bounds: 0 | eff(%):  7.044 | logz: -3.4e+03 +/- 8.8e-02 | dlogz: 3425.810 >  0.500
 loglike: -3.4e+03 | params: [-3.39392697e-01 -2.61528770e-02  1.13679719e+00  2.58122430e+00
  2.73991977e+00  4.62352974e+00  4.10427641e+00  2.87552107e+01]
 Average call time: 0.82 sec | Current time: 2019-06-25 15:57:10.530601
 --------------------------
iter: 77 | batch: 0 | nc: 1 | ncalls: 80 | bounds: 0 | eff(%):  7.130 | logz: -3.4e+03 +/- 8.8e-02 | dlogz: 3398.569 >  0.500
 loglike: -3.4e+03 | params: [-0.20714958 -0.4038558   1.16752552  1.66868665  2.93452901  4.36232715
  3.99271149 29.19571894]
 Average call time: 0.99 sec | Current time: 2019-06-25 15:57:11.517935
 --------------------------
iter: 78 | batch: 0 | nc: 1 | ncalls: 81 | bounds: 0 | eff(%):  7.216 | logz: -3.4e+03 +/- 8.8e-02 | dlogz: 3358.776 >  0.500
 loglike: -3.4e+03 | params: [-0.45170366 -0.32462077  0.86487043  1.99902452  2.91465548  4.7843541
  4.15203827 29.99210002]
 Average call time: 1.01 sec | Current time: 2019-06-25 15:57:12.525595
 --------------------------
iter: 79 | batch: 0 | nc: 1 | ncalls: 82 | bounds: 0 | eff(%):  7.301 | logz: -3.4e+03 +/- 8.8e-02 | dlogz: 3348.727 >  0.500
 loglike: -3.4e+03 | params: [ 0.11779138 -0.53243067  0.91109182  3.1068792   3.7514535   4.45115065
  4.21354351 29.6448112 ]
 Average call time: 0.97 sec | Current time: 2019-06-25 15:57:13.499599
 --------------------------
iter: 80 | batch: 0 | nc: 1 | ncalls: 83 | bounds: 0 | eff(%):  7.387 | logz: -3.4e+03 +/- 8.8e-02 | dlogz: 3332.363 >  0.500
 loglike: -3.3e+03 | params: [ 0.07970198 -0.16784826  0.36730028  3.1540402   2.15781334  4.42077756
  4.16381114 28.73359239]
 Average call time: 0.84 sec | Current time: 2019-06-25 15:57:14.339217
 --------------------------
iter: 81 | batch: 0 | nc: 1 | ncalls: 84 | bounds: 0 | eff(%):  7.472 | logz: -3.3e+03 +/- 8.8e-02 | dlogz: 3313.733 >  0.500
 loglike: -3.3e+03 | params: [-0.13817578 -0.13925526  1.82712622  2.91171297  3.30448362  4.62485511
  5.09147151 29.90475668]
 Average call time: 0.90 sec | Current time: 2019-06-25 15:57:15.243305
 --------------------------
iter: 82 | batch: 0 | nc: 1 | ncalls: 85 | bounds: 0 | eff(%):  7.558 | logz: -3.3e+03 +/- 8.8e-02 | dlogz: 3283.729 >  0.500
 loglike: -3.3e+03 | params: [ 2.72928828e-02 -9.15276767e-01  1.19483903e+00  1.33063339e+00
  3.54970261e+00  3.17064955e+00  4.77024833e+00  2.97213551e+01]
 Average call time: 1.00 sec | Current time: 2019-06-25 15:57:16.247637
 --------------------------
iter: 83 | batch: 0 | nc: 2 | ncalls: 87 | bounds: 0 | eff(%):  7.636 | logz: -3.3e+03 +/- 8.1e-02 | dlogz: 3274.865 >  0.500
 loglike: -3.3e+03 | params: [ 4.79421578e-02 -1.09035767e-02  1.79318329e+00  3.22528222e+00
  3.48616616e+00  3.94805815e+00  4.86564247e+00  2.87819751e+01]
 Average call time: 0.92 sec | Current time: 2019-06-25 15:57:18.081624
 --------------------------
iter: 84 | batch: 0 | nc: 1 | ncalls: 88 | bounds: 0 | eff(%):  7.721 | logz: -3.2e+03 +/- 8.8e-02 | dlogz: 3273.683 >  0.500
 loglike: -3.2e+03 | params: [-0.07097159 -0.81547716  2.22754594  3.12451053  3.63698311  3.89285156
  4.09276755 29.28591684]
 Average call time: 0.83 sec | Current time: 2019-06-25 15:57:18.914628
 --------------------------
iter: 85 | batch: 0 | nc: 1 | ncalls: 89 | bounds: 0 | eff(%):  7.805 | logz: -3.2e+03 +/- 8.7e-02 | dlogz: 3199.913 >  0.500
 loglike: -3.2e+03 | params: [-0.11279547 -0.30079294  0.83096913  2.98943203  3.68788399  4.64575956
  4.45799756 29.69227798]
 Average call time: 0.84 sec | Current time: 2019-06-25 15:57:19.754054
 --------------------------
iter: 86 | batch: 0 | nc: 1 | ncalls: 90 | bounds: 0 | eff(%):  7.890 | logz: -3.2e+03 +/- 8.8e-02 | dlogz: 3195.745 >  0.500
 loglike: -3.2e+03 | params: [-1.45617131e-02 -4.13164038e-01  1.02433117e+00  2.41784264e+00
  2.24559314e+00  3.37428809e+00  4.14139308e+00  2.78762080e+01]
 Average call time: 0.99 sec | Current time: 2019-06-25 15:57:20.739313
 --------------------------
iter: 87 | batch: 0 | nc: 1 | ncalls: 91 | bounds: 0 | eff(%):  7.974 | logz: -3.2e+03 +/- 8.2e-02 | dlogz: 3186.441 >  0.500
 loglike: -3.2e+03 | params: [-0.35636041 -0.37789123  1.10914325  2.83692996  3.43622122  3.65377827
  4.48846279 29.00936089]
 Average call time: 0.85 sec | Current time: 2019-06-25 15:57:21.587918
 --------------------------
iter: 88 | batch: 0 | nc: 1 | ncalls: 92 | bounds: 0 | eff(%):  8.059 | logz: -3.2e+03 +/- 8.8e-02 | dlogz: 3184.888 >  0.500
 loglike: -3.2e+03 | params: [-0.07608032 -0.17149325  0.38302541  2.23405975  3.45546101  3.80361524
  4.42110404 28.29794263]
 Average call time: 0.97 sec | Current time: 2019-06-25 15:57:22.559553
 --------------------------
iter: 89 | batch: 0 | nc: 1 | ncalls: 93 | bounds: 0 | eff(%):  8.143 | logz: -3.2e+03 +/- 8.8e-02 | dlogz: 3161.330 >  0.500
 loglike: -3.2e+03 | params: [-0.14571053 -0.38274617  0.38752513  1.37187457  3.18208872  3.71530458
  4.36410575 28.47861578]
 Average call time: 0.99 sec | Current time: 2019-06-25 15:57:23.551988
 --------------------------
iter: 90 | batch: 0 | nc: 2 | ncalls: 95 | bounds: 0 | eff(%):  8.219 | logz: -3.2e+03 +/- 8.8e-02 | dlogz: 3150.568 >  0.500
 loglike: -3.2e+03 | params: [-0.2317129  -0.93608775  2.19205128  2.0079925   3.54048209  4.13223642
  4.47830676 29.93099787]
 Average call time: 0.96 sec | Current time: 2019-06-25 15:57:25.468085
 --------------------------
iter: 91 | batch: 0 | nc: 1 | ncalls: 96 | bounds: 0 | eff(%):  8.303 | logz: -3.2e+03 +/- 8.8e-02 | dlogz: 3133.642 >  0.500
 loglike: -3.2e+03 | params: [-0.34843385 -0.49410087  1.98120518  3.16848639  3.19651411  3.34242677
  4.52976897 29.18967745]
 Average call time: 1.01 sec | Current time: 2019-06-25 15:57:26.480727
 --------------------------
iter: 92 | batch: 0 | nc: 1 | ncalls: 97 | bounds: 0 | eff(%):  8.387 | logz: -3.2e+03 +/- 8.8e-02 | dlogz: 3126.870 >  0.500
 loglike: -3.2e+03 | params: [ 0.20330735 -0.3019469   0.78889401  2.31446941  2.02964076  4.15722503
  4.69877512 28.87108391]
 Average call time: 1.01 sec | Current time: 2019-06-25 15:57:27.488004
 --------------------------
iter: 93 | batch: 0 | nc: 1 | ncalls: 98 | bounds: 0 | eff(%):  8.470 | logz: -3.2e+03 +/- 8.3e-02 | dlogz: 3119.847 >  0.500
 loglike: -3.2e+03 | params: [ 0.12288603 -0.34567998  2.03928464  2.71272985  2.88128035  3.79995703
  4.24702688 28.31589632]
 Average call time: 0.84 sec | Current time: 2019-06-25 15:57:28.327949
 --------------------------
iter: 94 | batch: 0 | nc: 1 | ncalls: 99 | bounds: 0 | eff(%):  8.553 | logz: -3.1e+03 +/- 8.8e-02 | dlogz: 3118.052 >  0.500
 loglike: -3.1e+03 | params: [ 0.07956157 -0.74940116  1.22238529  1.36227224  3.21276048  4.58339419
  4.21338345 29.59577508]
 Average call time: 0.87 sec | Current time: 2019-06-25 15:57:29.193766
 --------------------------
iter: 95 | batch: 0 | nc: 2 | ncalls: 101 | bounds: 0 | eff(%):  8.629 | logz: -3.1e+03 +/- 8.8e-02 | dlogz: 3106.651 >  0.500
 loglike: -3.1e+03 | params: [-0.03277838 -0.58703733  0.95981018  1.33941868  3.61256702  4.45424948
  4.11047751 29.4348297 ]
 Average call time: 1.03 sec | Current time: 2019-06-25 15:57:31.262513
 --------------------------
iter: 96 | batch: 0 | nc: 1 | ncalls: 102 | bounds: 0 | eff(%):  8.711 | logz: -3.1e+03 +/- 8.8e-02 | dlogz: 3099.910 >  0.500
 loglike: -3.1e+03 | params: [-0.4856467  -0.45591095  1.76865359  3.20938976  3.38255925  3.65691897
  4.14503665 28.91284007]
 Average call time: 0.87 sec | Current time: 2019-06-25 15:57:32.127633
 --------------------------
iter: 97 | batch: 0 | nc: 2 | ncalls: 104 | bounds: 0 | eff(%):  8.786 | logz: -3.1e+03 +/- 8.7e-02 | dlogz: 3078.173 >  0.500
 loglike: -3.1e+03 | params: [-0.25561536 -0.47831759  1.93650104  3.0104508   3.52037938  4.01906648
  4.70308749 29.79674772]
 Average call time: 1.01 sec | Current time: 2019-06-25 15:57:34.146905
 --------------------------
iter: 98 | batch: 0 | nc: 1 | ncalls: 105 | bounds: 0 | eff(%):  8.869 | logz: -3.1e+03 +/- 8.8e-02 | dlogz: 3073.959 >  0.500
 loglike: -3.1e+03 | params: [-0.23618988 -0.36986689  0.94934169  1.69185267  2.32290805  3.94772064
  4.08135472 28.25419535]
 Average call time: 1.01 sec | Current time: 2019-06-25 15:57:35.154999
 --------------------------
iter: 99 | batch: 0 | nc: 1 | ncalls: 106 | bounds: 0 | eff(%):  8.951 | logz: -3.1e+03 +/- 8.8e-02 | dlogz: 3064.161 >  0.500
 loglike: -3.1e+03 | params: [ 0.03114215 -0.03884109  1.88078855  1.9946649   3.7020856   4.58782423
  4.83038436 29.04162644]
 Average call time: 0.85 sec | Current time: 2019-06-25 15:57:36.000721
 --------------------------
iter: 100 | batch: 0 | nc: 1 | ncalls: 107 | bounds: 0 | eff(%):  9.033 | logz: -3.1e+03 +/- 8.7e-02 | dlogz: 3052.346 >  0.500
 loglike: -3.1e+03 | params: [-0.24976035 -0.26100117  1.15154684  2.37048746  1.93536308  3.12562024
  4.5753716  28.46588434]
 Average call time: 0.85 sec | Current time: 2019-06-25 15:57:36.851426
 --------------------------
iter: 101 | batch: 0 | nc: 1 | ncalls: 108 | bounds: 0 | eff(%):  9.116 | logz: -3.1e+03 +/- 8.7e-02 | dlogz: 3048.018 >  0.500
 loglike: -3.1e+03 | params: [ 0.0800932  -0.38918853  1.11375353  3.05482022  2.7054363   3.30090004
  5.11609072 29.7659503 ]
 Average call time: 1.06 sec | Current time: 2019-06-25 15:57:37.911588
 --------------------------
iter: 102 | batch: 0 | nc: 1 | ncalls: 109 | bounds: 0 | eff(%):  9.197 | logz: -3.1e+03 +/- 8.8e-02 | dlogz: 3043.145 >  0.500
 loglike: -3.1e+03 | params: [ 0.23448803 -0.10257671  1.25649215  2.59043443  3.22958309  4.67909438
  4.57562334 28.87438003]
 Average call time: 0.98 sec | Current time: 2019-06-25 15:57:38.889824
 --------------------------
iter: 103 | batch: 0 | nc: 1 | ncalls: 110 | bounds: 0 | eff(%):  9.279 | logz: -3.1e+03 +/- 8.2e-02 | dlogz: 3036.927 >  0.500
 loglike: -3.1e+03 | params: [-0.42195975 -0.25621297  1.43391915  3.24456804  1.88201034  4.01526915
  4.44891777 28.86972634]
 Average call time: 0.89 sec | Current time: 2019-06-25 15:57:39.782421
 --------------------------
iter: 104 | batch: 0 | nc: 1 | ncalls: 111 | bounds: 0 | eff(%):  9.361 | logz: -3.1e+03 +/- 8.0e-02 | dlogz: 3035.335 >  0.500
 loglike: -3.1e+03 | params: [ 0.08337882 -0.90989406  1.80905756  2.62694934  3.66687315  3.523128
  4.61544261 29.37581237]
 Average call time: 1.01 sec | Current time: 2019-06-25 15:57:40.794416
 --------------------------
iter: 105 | batch: 0 | nc: 1 | ncalls: 112 | bounds: 0 | eff(%):  9.442 | logz: -3.1e+03 +/- 8.8e-02 | dlogz: 3034.138 >  0.500
 loglike: -3.1e+03 | params: [ 0.07802213 -0.68380452  1.08579218  2.55112475  2.32813041  3.44916179
  4.68505277 29.05244285]
 Average call time: 1.00 sec | Current time: 2019-06-25 15:57:41.795781
 --------------------------
iter: 106 | batch: 0 | nc: 1 | ncalls: 113 | bounds: 0 | eff(%):  9.524 | logz: -3.1e+03 +/- 8.7e-02 | dlogz: 3025.481 >  0.500
 loglike: -3.1e+03 | params: [-4.54639849e-01 -1.10854223e-02  1.57277673e+00  2.17766014e+00
  2.79245109e+00  3.11472141e+00  4.32496111e+00  2.73365062e+01]
 Average call time: 1.00 sec | Current time: 2019-06-25 15:57:42.799201
 --------------------------
iter: 107 | batch: 0 | nc: 2 | ncalls: 115 | bounds: 0 | eff(%):  9.596 | logz: -3.0e+03 +/- 8.8e-02 | dlogz: 3020.629 >  0.500
 loglike: -3.0e+03 | params: [-0.20298722 -0.91812064  1.91700954  1.65125849  2.35124365  3.41436155
  4.39038444 28.82899329]
 Average call time: 0.99 sec | Current time: 2019-06-25 15:57:44.781085
 --------------------------
iter: 108 | batch: 0 | nc: 1 | ncalls: 116 | bounds: 0 | eff(%):  9.677 | logz: -3.0e+03 +/- 8.8e-02 | dlogz: 3001.814 >  0.500
 loglike: -3.0e+03 | params: [ 0.16983611 -0.22411878  0.7320104   2.72930182  2.50654555  4.10085398
  4.03638598 27.91259999]
 Average call time: 1.00 sec | Current time: 2019-06-25 15:57:45.779318
 --------------------------
iter: 109 | batch: 0 | nc: 1 | ncalls: 117 | bounds: 0 | eff(%):  9.758 | logz: -3.0e+03 +/- 8.8e-02 | dlogz: 2978.765 >  0.500
 loglike: -3.0e+03 | params: [ 0.19232062 -0.84279075  2.19998154  2.82343852  3.02457257  4.75660265
  4.0941554  29.86210118]
 Average call time: 0.99 sec | Current time: 2019-06-25 15:57:46.771490
 --------------------------
iter: 110 | batch: 0 | nc: 1 | ncalls: 118 | bounds: 0 | eff(%):  9.839 | logz: -3.0e+03 +/- 8.5e-02 | dlogz: 2956.980 >  0.500
 loglike: -3.0e+03 | params: [ 1.67917891e-01 -2.67352089e-02  1.42051043e+00  1.99836179e+00
  2.52245899e+00  4.85143957e+00  4.36680241e+00  2.86747259e+01]
 Average call time: 0.88 sec | Current time: 2019-06-25 15:57:47.653174
 --------------------------
iter: 111 | batch: 0 | nc: 1 | ncalls: 119 | bounds: 0 | eff(%):  9.920 | logz: -3.0e+03 +/- 8.8e-02 | dlogz: 2954.381 >  0.500
 loglike: -3.0e+03 | params: [-0.4073265  -0.74539014  1.3436701   2.77368448  2.07548492  4.2468591
  4.73416368 29.78510997]
 Average call time: 0.81 sec | Current time: 2019-06-25 15:57:48.460553
 --------------------------
iter: 112 | batch: 0 | nc: 1 | ncalls: 120 | bounds: 0 | eff(%): 10.000 | logz: -3.0e+03 +/- 8.2e-02 | dlogz: 2944.745 >  0.500
 loglike: -3.0e+03 | params: [-0.18934858 -0.09545102  2.1960256   1.59196672  3.46603095  3.69176386
  4.56698137 28.26453753]
 Average call time: 0.83 sec | Current time: 2019-06-25 15:57:49.291998
 --------------------------
iter: 113 | batch: 0 | nc: 1 | ncalls: 121 | bounds: 0 | eff(%): 10.080 | logz: -3.0e+03 +/- 8.8e-02 | dlogz: 2943.149 >  0.500
 loglike: -3.0e+03 | params: [ 5.38168876e-02 -2.90003874e-02  7.25786247e-01  1.35137596e+00
  2.37186415e+00  3.19862633e+00  5.34645754e+00  2.91735339e+01]
 Average call time: 0.97 sec | Current time: 2019-06-25 15:57:50.266891
 --------------------------
iter: 114 | batch: 0 | nc: 1 | ncalls: 122 | bounds: 0 | eff(%): 10.160 | logz: -3.0e+03 +/- 8.4e-02 | dlogz: 2937.285 >  0.500
 loglike: -3.0e+03 | params: [-0.21209955 -0.62205877  1.08561608  2.68000849  2.36461086  3.46415578
  4.36846521 28.62195199]
 Average call time: 0.83 sec | Current time: 2019-06-25 15:57:51.094080
 --------------------------
iter: 115 | batch: 0 | nc: 1 | ncalls: 123 | bounds: 0 | eff(%): 10.240 | logz: -3.0e+03 +/- 8.8e-02 | dlogz: 2934.966 >  0.500
 loglike: -3.0e+03 | params: [-0.31240629 -0.29962499  0.95460006  2.62389164  1.91984638  3.51036238
  4.72258585 28.84478196]
 Average call time: 1.01 sec | Current time: 2019-06-25 15:57:52.101718
 --------------------------
iter: 116 | batch: 0 | nc: 1 | ncalls: 124 | bounds: 0 | eff(%): 10.320 | logz: -3.0e+03 +/- 8.8e-02 | dlogz: 2925.184 >  0.500
 loglike: -2.9e+03 | params: [ 0.16645349 -0.83306646  2.19418474  1.92262693  3.29685482  3.7803417
  4.57522804 29.08422491]
 Average call time: 1.01 sec | Current time: 2019-06-25 15:57:53.113622
 --------------------------
iter: 117 | batch: 0 | nc: 2 | ncalls: 126 | bounds: 0 | eff(%): 10.391 | logz: -3.0e+03 +/- 8.7e-02 | dlogz: 2917.038 >  0.500
 loglike: -2.9e+03 | params: [-2.05975101e-02 -1.42310289e-02  1.66935942e+00  2.22594470e+00
  3.32620268e+00  4.33581730e+00  5.52953658e+00  2.97667614e+01]
 Average call time: 1.02 sec | Current time: 2019-06-25 15:57:55.145581
 --------------------------
iter: 118 | batch: 0 | nc: 1 | ncalls: 127 | bounds: 0 | eff(%): 10.470 | logz: -2.9e+03 +/- 8.8e-02 | dlogz: 2911.756 >  0.500
 loglike: -2.9e+03 | params: [-0.47930428 -0.09763614  1.96451418  1.52907738  3.67336654  4.1583488
  4.08008096 28.36165979]
 Average call time: 0.98 sec | Current time: 2019-06-25 15:57:56.121225
 --------------------------
iter: 119 | batch: 0 | nc: 1 | ncalls: 128 | bounds: 0 | eff(%): 10.550 | logz: -2.9e+03 +/- 8.8e-02 | dlogz: 2898.778 >  0.500
 loglike: -2.9e+03 | params: [-0.10294275 -0.12734663  0.52501785  2.15939282  2.01170486  4.1580891
  5.44571679 29.94715655]
 Average call time: 1.01 sec | Current time: 2019-06-25 15:57:57.134485
 --------------------------
iter: 120 | batch: 0 | nc: 1 | ncalls: 129 | bounds: 0 | eff(%): 10.629 | logz: -2.9e+03 +/- 8.8e-02 | dlogz: 2864.369 >  0.500
 loglike: -2.9e+03 | params: [-0.36255024 -0.20258869  1.45842263  2.37751957  3.13525269  4.48095321
  4.41629936 28.93963894]
 Average call time: 0.90 sec | Current time: 2019-06-25 15:57:58.034178
 --------------------------
iter: 121 | batch: 0 | nc: 1 | ncalls: 130 | bounds: 0 | eff(%): 10.708 | logz: -2.9e+03 +/- 8.8e-02 | dlogz: 2855.766 >  0.500
 loglike: -2.9e+03 | params: [ 0.02826336 -0.15612607  1.19873868  1.44562832  3.5161205   3.70734118
  4.33843728 27.93181164]
 Average call time: 1.02 sec | Current time: 2019-06-25 15:57:59.055960
 --------------------------
iter: 122 | batch: 0 | nc: 1 | ncalls: 131 | bounds: 0 | eff(%): 10.787 | logz: -2.9e+03 +/- 8.8e-02 | dlogz: 2842.814 >  0.500
 loglike: -2.9e+03 | params: [ 0.06704559 -0.06538178  1.93585186  2.94886563  3.80939476  3.70164734
  4.30371271 27.98743398]
 Average call time: 1.01 sec | Current time: 2019-06-25 15:58:00.062904
 --------------------------
iter: 123 | batch: 0 | nc: 1 | ncalls: 132 | bounds: 0 | eff(%): 10.866 | logz: -2.9e+03 +/- 8.8e-02 | dlogz: 2833.903 >  0.500
 loglike: -2.9e+03 | params: [ 0.14779031 -0.32051839  0.60301381  2.12922701  2.81409383  3.78804609
  4.99241763 29.16449559]
 Average call time: 0.79 sec | Current time: 2019-06-25 15:58:00.856841
 --------------------------
iter: 124 | batch: 0 | nc: 1 | ncalls: 133 | bounds: 0 | eff(%): 10.944 | logz: -2.9e+03 +/- 8.8e-02 | dlogz: 2825.741 >  0.500
 loglike: -2.8e+03 | params: [-0.07050556 -0.8793378   2.23361522  3.26097349  3.26569389  3.85635275
  4.73855586 29.62549707]
 Average call time: 1.00 sec | Current time: 2019-06-25 15:58:01.858151
 --------------------------
iter: 125 | batch: 0 | nc: 1 | ncalls: 134 | bounds: 0 | eff(%): 11.023 | logz: -2.8e+03 +/- 8.8e-02 | dlogz: 2815.881 >  0.500
 loglike: -2.8e+03 | params: [-0.06704048 -0.38527491  1.87652026  1.88201213  3.73636681  4.58900224
  4.90167805 29.83676213]
 Average call time: 1.01 sec | Current time: 2019-06-25 15:58:02.870328
 --------------------------
iter: 126 | batch: 0 | nc: 1 | ncalls: 135 | bounds: 0 | eff(%): 11.101 | logz: -2.8e+03 +/- 8.7e-02 | dlogz: 2800.261 >  0.500
 loglike: -2.8e+03 | params: [-0.3456666  -0.90416391  0.84407153  2.20331646  1.99462425  3.56612713
  4.87394978 29.66040856]
 Average call time: 1.02 sec | Current time: 2019-06-25 15:58:03.887982
 --------------------------
iter: 127 | batch: 0 | nc: 1 | ncalls: 136 | bounds: 0 | eff(%): 11.180 | logz: -2.8e+03 +/- 8.8e-02 | dlogz: 2796.531 >  0.500
 loglike: -2.8e+03 | params: [-0.06386652 -0.9993166   1.88172829  2.55335642  2.55690377  3.35411523
  4.81046525 29.42437508]
 Average call time: 1.08 sec | Current time: 2019-06-25 15:58:04.972160
 --------------------------
iter: 128 | batch: 0 | nc: 1 | ncalls: 137 | bounds: 0 | eff(%): 11.258 | logz: -2.8e+03 +/- 8.8e-02 | dlogz: 2787.870 >  0.500
 loglike: -2.8e+03 | params: [-0.06764965 -0.68244268  1.19496213  2.84685149  3.6634459   3.27017552
  5.01002624 29.84857031]
 Average call time: 0.85 sec | Current time: 2019-06-25 15:58:05.819549
 --------------------------
iter: 129 | batch: 0 | nc: 1 | ncalls: 138 | bounds: 0 | eff(%): 11.336 | logz: -2.8e+03 +/- 8.7e-02 | dlogz: 2782.530 >  0.500
 loglike: -2.8e+03 | params: [ 0.10428684 -0.51572588  1.98703787  1.57065628  2.31570228  4.57513525
  4.06657541 29.07755641]
 Average call time: 1.00 sec | Current time: 2019-06-25 15:58:06.819355
 --------------------------
iter: 130 | batch: 0 | nc: 2 | ncalls: 140 | bounds: 0 | eff(%): 11.404 | logz: -2.8e+03 +/- 8.7e-02 | dlogz: 2778.560 >  0.500
 loglike: -2.8e+03 | params: [ 0.1966279  -0.06827769  0.3569369   1.67464504  2.9744564   4.72516553
  5.50588411 29.79475813]
 Average call time: 1.09 sec | Current time: 2019-06-25 15:58:08.991647
 --------------------------
iter: 131 | batch: 0 | nc: 1 | ncalls: 141 | bounds: 0 | eff(%): 11.481 | logz: -2.8e+03 +/- 8.8e-02 | dlogz: 2774.393 >  0.500
 loglike: -2.8e+03 | params: [ 0.06549582 -0.87441195  1.88224426  3.11672871  3.3169316   3.1621235
  4.94077743 29.70134447]
 Average call time: 1.00 sec | Current time: 2019-06-25 15:58:09.996316
 --------------------------
iter: 132 | batch: 0 | nc: 1 | ncalls: 142 | bounds: 0 | eff(%): 11.559 | logz: -2.8e+03 +/- 8.8e-02 | dlogz: 2759.957 >  0.500
 loglike: -2.8e+03 | params: [-0.35419346 -0.77623268  1.77370131  2.54547726  3.06056076  4.00849046
  4.04167445 28.65356215]
 Average call time: 0.98 sec | Current time: 2019-06-25 15:58:10.972879
 --------------------------
iter: 133 | batch: 0 | nc: 1 | ncalls: 143 | bounds: 0 | eff(%): 11.636 | logz: -2.8e+03 +/- 8.8e-02 | dlogz: 2754.180 >  0.500
 loglike: -2.8e+03 | params: [ 0.15694526 -0.23568643  1.93712371  2.94615017  2.9704507   4.19807644
  3.95316483 28.0985157 ]
 Average call time: 0.97 sec | Current time: 2019-06-25 15:58:11.945732
 --------------------------
iter: 134 | batch: 0 | nc: 1 | ncalls: 144 | bounds: 0 | eff(%): 11.713 | logz: -2.8e+03 +/- 8.8e-02 | dlogz: 2740.434 >  0.500
 loglike: -2.8e+03 | params: [-0.47947267 -0.03137548  0.88868755  2.08676871  2.14735803  3.36272568
  4.76350224 28.08721868]
 Average call time: 0.83 sec | Current time: 2019-06-25 15:58:12.773421
 --------------------------
iter: 135 | batch: 0 | nc: 3 | ncalls: 147 | bounds: 0 | eff(%): 11.770 | logz: -2.7e+03 +/- 8.8e-02 | dlogz: 2729.015 >  0.500
 loglike: -2.7e+03 | params: [-0.08773644 -0.79925193  1.90481194  2.17051589  2.39205764  4.30026936
  4.0391593  28.81321211]
 Average call time: 0.87 sec | Current time: 2019-06-25 15:58:15.386309
 --------------------------
iter: 136 | batch: 0 | nc: 1 | ncalls: 148 | bounds: 0 | eff(%): 11.847 | logz: -2.7e+03 +/- 8.7e-02 | dlogz: 2696.932 >  0.500
 loglike: -2.7e+03 | params: [ 0.18440169 -0.1191977   0.64395047  2.58418981  3.367171    3.12579755
  4.32431937 27.33922122]
 Average call time: 0.86 sec | Current time: 2019-06-25 15:58:16.248648
 --------------------------
iter: 137 | batch: 0 | nc: 1 | ncalls: 149 | bounds: 0 | eff(%): 11.923 | logz: -2.7e+03 +/- 8.8e-02 | dlogz: 2692.933 >  0.500
 loglike: -2.7e+03 | params: [-0.21880328 -0.98671775  2.06228016  1.87652063  2.52683849  3.55789213
  4.47676651 28.89184016]
 Average call time: 0.83 sec | Current time: 2019-06-25 15:58:17.077869
 --------------------------
iter: 138 | batch: 0 | nc: 1 | ncalls: 150 | bounds: 0 | eff(%): 12.000 | logz: -2.7e+03 +/- 8.8e-02 | dlogz: 2667.495 >  0.500
 loglike: -2.7e+03 | params: [ 0.17323511 -0.5133959   1.66820201  1.65226635  2.0394428   3.38223795
  4.8714399  28.96450394]
 Average call time: 0.88 sec | Current time: 2019-06-25 15:58:17.960703
 --------------------------
iter: 139 | batch: 0 | nc: 1 | ncalls: 151 | bounds: 0 | eff(%): 12.076 | logz: -2.7e+03 +/- 8.5e-02 | dlogz: 2649.345 >  0.500
 loglike: -2.7e+03 | params: [-0.05177575 -0.57713403  2.10065995  3.25415478  2.97194728  4.5690622
  3.99150285 29.31795638]
 Average call time: 1.02 sec | Current time: 2019-06-25 15:58:18.979533
 --------------------------
iter: 140 | batch: 0 | nc: 1 | ncalls: 152 | bounds: 0 | eff(%): 12.153 | logz: -2.7e+03 +/- 8.8e-02 | dlogz: 2646.698 >  0.500
 loglike: -2.7e+03 | params: [ 0.09159573 -0.94675038  0.85520108  2.01358158  3.82851778  4.01734791
  4.4563604  29.14325631]
 Average call time: 0.87 sec | Current time: 2019-06-25 15:58:19.848706
 --------------------------
iter: 141 | batch: 0 | nc: 1 | ncalls: 153 | bounds: 0 | eff(%): 12.229 | logz: -2.7e+03 +/- 8.8e-02 | dlogz: 2630.722 >  0.500
 loglike: -2.7e+03 | params: [-0.22479586 -0.21521537  0.34786515  1.44237564  2.37220379  4.00336384
  4.09928431 27.73264873]
 Average call time: 0.84 sec | Current time: 2019-06-25 15:58:20.689892
 --------------------------
iter: 142 | batch: 0 | nc: 1 | ncalls: 154 | bounds: 0 | eff(%): 12.305 | logz: -2.7e+03 +/- 8.8e-02 | dlogz: 2618.587 >  0.500
 loglike: -2.6e+03 | params: [-0.3459994  -0.11681777  1.62533489  2.68801894  2.61585188  4.26514145
  4.10315213 27.97091304]
 Average call time: 1.07 sec | Current time: 2019-06-25 15:58:21.760332
 --------------------------
iter: 143 | batch: 0 | nc: 1 | ncalls: 155 | bounds: 0 | eff(%): 12.381 | logz: -2.6e+03 +/- 8.8e-02 | dlogz: 2610.891 >  0.500
 loglike: -2.6e+03 | params: [-0.18005899 -0.17225294  1.53484246  1.30397827  3.68563385  4.16949323
  4.0953748  28.12335231]
 Average call time: 0.87 sec | Current time: 2019-06-25 15:58:22.625834
 --------------------------
iter: 144 | batch: 0 | nc: 1 | ncalls: 156 | bounds: 0 | eff(%): 12.457 | logz: -2.6e+03 +/- 8.8e-02 | dlogz: 2576.856 >  0.500
 loglike: -2.6e+03 | params: [ 0.1076554  -0.47288187  2.21108752  3.02605729  3.5078175   4.16640394
  4.26545625 28.74731072]
 Average call time: 0.85 sec | Current time: 2019-06-25 15:58:23.473564
 --------------------------
iter: 145 | batch: 0 | nc: 1 | ncalls: 157 | bounds: 0 | eff(%): 12.532 | logz: -2.6e+03 +/- 8.8e-02 | dlogz: 2568.624 >  0.500
 loglike: -2.6e+03 | params: [-0.34641839 -0.7712016   1.54034995  1.30545662  2.4751018   4.06942421
  4.97808171 29.79499025]
 Average call time: 0.98 sec | Current time: 2019-06-25 15:58:24.455131
 --------------------------
iter: 146 | batch: 0 | nc: 1 | ncalls: 158 | bounds: 0 | eff(%): 12.608 | logz: -2.6e+03 +/- 8.8e-02 | dlogz: 2540.747 >  0.500
 loglike: -2.6e+03 | params: [-5.40856122e-03 -4.83645859e-01  8.55883374e-01  2.65099033e+00
  3.18475591e+00  3.64316345e+00  4.46446342e+00  2.83855630e+01]
 Average call time: 1.04 sec | Current time: 2019-06-25 15:58:25.499533
 --------------------------
iter: 147 | batch: 0 | nc: 1 | ncalls: 159 | bounds: 0 | eff(%): 12.683 | logz: -2.6e+03 +/- 8.8e-02 | dlogz: 2525.291 >  0.500
 loglike: -2.6e+03 | params: [-0.17201645 -0.40689625  2.13656779  2.37245366  3.68374032  3.38560257
  3.93862181 28.06417173]
 Average call time: 1.01 sec | Current time: 2019-06-25 15:58:26.512267
 --------------------------
iter: 148 | batch: 0 | nc: 1 | ncalls: 160 | bounds: 0 | eff(%): 12.759 | logz: -2.6e+03 +/- 8.7e-02 | dlogz: 2519.126 >  0.500
 loglike: -2.5e+03 | params: [-0.28238499 -0.22585846  2.00060818  2.76728159  3.78480047  3.63363579
  4.41115308 28.80352555]
 Average call time: 1.01 sec | Current time: 2019-06-25 15:58:27.517605
 --------------------------
iter: 149 | batch: 0 | nc: 1 | ncalls: 161 | bounds: 0 | eff(%): 12.834 | logz: -2.6e+03 +/- 8.8e-02 | dlogz: 2515.466 >  0.500
 loglike: -2.5e+03 | params: [-0.06525708 -0.09211116  2.0265884   2.57833596  1.98904487  3.57718831
  5.55090975 29.76310631]
 Average call time: 1.00 sec | Current time: 2019-06-25 15:58:28.512816
 --------------------------
iter: 150 | batch: 0 | nc: 1 | ncalls: 162 | bounds: 0 | eff(%): 12.909 | logz: -2.5e+03 +/- 8.8e-02 | dlogz: 2509.982 >  0.500
 loglike: -2.5e+03 | params: [-0.47525594 -0.71360135  1.58142659  3.24741288  2.08905935  4.42772984
  4.12575596 29.27891364]
 Average call time: 0.90 sec | Current time: 2019-06-25 15:58:29.412765
 --------------------------
iter: 151 | batch: 0 | nc: 1 | ncalls: 163 | bounds: 0 | eff(%): 12.984 | logz: -2.5e+03 +/- 8.2e-02 | dlogz: 2500.873 >  0.500
 loglike: -2.5e+03 | params: [ 0.18106354 -0.72692185  2.0667964   2.10552399  3.80181861  4.93027285
  4.04194704 29.91800189]
 Average call time: 0.89 sec | Current time: 2019-06-25 15:58:30.306952
 --------------------------
iter: 152 | batch: 0 | nc: 1 | ncalls: 164 | bounds: 0 | eff(%): 13.058 | logz: -2.5e+03 +/- 8.8e-02 | dlogz: 2499.336 >  0.500
 loglike: -2.5e+03 | params: [-0.17944314 -0.96930606  0.88500339  1.55288581  2.66189868  3.90968478
  4.98434177 29.71419772]
 Average call time: 0.99 sec | Current time: 2019-06-25 15:58:31.300843
 --------------------------
iter: 153 | batch: 0 | nc: 1 | ncalls: 165 | bounds: 0 | eff(%): 13.133 | logz: -2.5e+03 +/- 8.8e-02 | dlogz: 2494.300 >  0.500
 loglike: -2.5e+03 | params: [-0.49835793 -0.95803476  0.51726254  2.46268717  2.08919065  3.70291103
  4.05231826 28.1066243 ]
 Average call time: 1.02 sec | Current time: 2019-06-25 15:58:32.318876
 --------------------------
iter: 154 | batch: 0 | nc: 1 | ncalls: 166 | bounds: 0 | eff(%): 13.208 | logz: -2.5e+03 +/- 8.2e-02 | dlogz: 2474.222 >  0.500
 loglike: -2.5e+03 | params: [-0.37571148 -0.45284176  1.31132482  2.2814727   3.16243137  4.19796053
  4.57204317 28.9409567 ]
 Average call time: 0.98 sec | Current time: 2019-06-25 15:58:33.302114
 --------------------------
iter: 155 | batch: 0 | nc: 1 | ncalls: 167 | bounds: 0 | eff(%): 13.282 | logz: -2.5e+03 +/- 8.7e-02 | dlogz: 2472.853 >  0.500
 loglike: -2.5e+03 | params: [ 0.11477684 -0.20461147  0.69829661  2.78063029  2.99055535  4.4760993
  4.33841068 28.35556251]
 Average call time: 0.83 sec | Current time: 2019-06-25 15:58:34.131546
 --------------------------
iter: 156 | batch: 0 | nc: 1 | ncalls: 168 | bounds: 0 | eff(%): 13.356 | logz: -2.5e+03 +/- 8.8e-02 | dlogz: 2468.847 >  0.500
 loglike: -2.5e+03 | params: [-0.11488483 -0.19293371  0.43162039  2.21127625  3.0109533   4.18056044
  4.30406006 27.93391532]
 Average call time: 0.98 sec | Current time: 2019-06-25 15:58:35.114091
 --------------------------
iter: 157 | batch: 0 | nc: 2 | ncalls: 170 | bounds: 0 | eff(%): 13.419 | logz: -2.5e+03 +/- 8.8e-02 | dlogz: 2454.575 >  0.500
 loglike: -2.5e+03 | params: [-0.4321371  -0.40069089  1.61001749  1.38143908  2.04548906  3.77522697
  5.11668337 29.64334853]
 Average call time: 0.83 sec | Current time: 2019-06-25 15:58:36.769388
 --------------------------
iter: 158 | batch: 0 | nc: 1 | ncalls: 171 | bounds: 0 | eff(%): 13.493 | logz: -2.5e+03 +/- 8.4e-02 | dlogz: 2434.160 >  0.500
 loglike: -2.5e+03 | params: [-6.97795831e-02 -2.80945091e-02  1.18605017e+00  1.36093607e+00
  3.03307157e+00  4.63987012e+00  5.39455619e+00  2.93043217e+01]
 Average call time: 0.83 sec | Current time: 2019-06-25 15:58:37.597707
 --------------------------
iter: 159 | batch: 0 | nc: 1 | ncalls: 172 | bounds: 0 | eff(%): 13.567 | logz: -2.5e+03 +/- 8.8e-02 | dlogz: 2431.984 >  0.500
 loglike: -2.5e+03 | params: [ 0.23111472 -0.82579449  1.16876692  3.1966084   2.10530563  4.27795897
  4.14947647 28.67334895]
 Average call time: 1.00 sec | Current time: 2019-06-25 15:58:38.600224
 --------------------------
iter: 160 | batch: 0 | nc: 2 | ncalls: 174 | bounds: 0 | eff(%): 13.629 | logz: -2.5e+03 +/- 8.2e-02 | dlogz: 2420.954 >  0.500
 loglike: -2.5e+03 | params: [-0.3917104  -0.61940245  2.14910837  1.30393773  2.01324175  4.17706631
  3.9759391  28.41641448]
 Average call time: 1.05 sec | Current time: 2019-06-25 15:58:40.695550
 --------------------------
iter: 161 | batch: 0 | nc: 1 | ncalls: 175 | bounds: 0 | eff(%): 13.702 | logz: -2.5e+03 +/- 8.7e-02 | dlogz: 2419.614 >  0.500
 loglike: -2.4e+03 | params: [ 2.15473302e-02 -2.22162964e-01  6.77491065e-01  1.96838999e+00
  1.95337753e+00  4.38830215e+00  4.85089754e+00  2.88170643e+01]
 Average call time: 0.85 sec | Current time: 2019-06-25 15:58:41.546299
 --------------------------
iter: 162 | batch: 0 | nc: 1 | ncalls: 176 | bounds: 0 | eff(%): 13.776 | logz: -2.4e+03 +/- 8.8e-02 | dlogz: 2415.540 >  0.500
 loglike: -2.4e+03 | params: [ 0.21880829 -0.15514145  0.83476743  3.12239121  3.19805137  4.63433836
  4.75722187 28.76675047]
 Average call time: 0.82 sec | Current time: 2019-06-25 15:58:42.362916
 --------------------------
iter: 163 | batch: 0 | nc: 1 | ncalls: 177 | bounds: 0 | eff(%): 13.849 | logz: -2.4e+03 +/- 8.8e-02 | dlogz: 2407.222 >  0.500
 loglike: -2.4e+03 | params: [-0.31003477 -0.49316155  0.60280809  1.38038085  2.61012268  4.54826763
  4.88388335 29.61310139]
 Average call time: 1.01 sec | Current time: 2019-06-25 15:58:43.377265
 --------------------------
iter: 164 | batch: 0 | nc: 1 | ncalls: 178 | bounds: 0 | eff(%): 13.922 | logz: -2.4e+03 +/- 8.2e-02 | dlogz: 2392.095 >  0.500
 loglike: -2.4e+03 | params: [ 0.1107166  -0.48914956  2.16914697  1.65541567  1.96319267  3.84331147
  5.10668331 29.43545674]
 Average call time: 1.03 sec | Current time: 2019-06-25 15:58:44.409853
 --------------------------
iter: 165 | batch: 0 | nc: 1 | ncalls: 179 | bounds: 0 | eff(%): 13.995 | logz: -2.4e+03 +/- 8.2e-02 | dlogz: 2390.988 >  0.500
 loglike: -2.4e+03 | params: [-0.12540124 -0.52614527  0.43801047  1.78341277  2.21672628  4.44268304
  4.37063907 28.82324857]
 Average call time: 0.81 sec | Current time: 2019-06-25 15:58:45.218390
 --------------------------
iter: 166 | batch: 0 | nc: 1 | ncalls: 180 | bounds: 0 | eff(%): 14.068 | logz: -2.4e+03 +/- 8.8e-02 | dlogz: 2389.409 >  0.500
 loglike: -2.4e+03 | params: [ 0.20060189 -0.52920664  1.25840681  1.79217375  2.07406302  4.70628577
  4.22113983 29.02832893]
 Average call time: 0.80 sec | Current time: 2019-06-25 15:58:46.022694
 --------------------------
iter: 167 | batch: 0 | nc: 1 | ncalls: 181 | bounds: 0 | eff(%): 14.141 | logz: -2.4e+03 +/- 8.3e-02 | dlogz: 2359.251 >  0.500
 loglike: -2.4e+03 | params: [-0.25033352 -0.09463177  0.36095105  2.6968936   3.31725475  3.95189412
  5.23755834 29.21979961]
 Average call time: 0.84 sec | Current time: 2019-06-25 15:58:46.859200
 --------------------------
iter: 168 | batch: 0 | nc: 2 | ncalls: 183 | bounds: 0 | eff(%): 14.201 | logz: -2.4e+03 +/- 8.8e-02 | dlogz: 2357.296 >  0.500
 loglike: -2.4e+03 | params: [ 0.05933262 -0.2441006   1.59578699  2.81157554  2.55557583  3.42827059
  4.97991687 28.69808741]
 Average call time: 1.01 sec | Current time: 2019-06-25 15:58:48.888604
 --------------------------
iter: 169 | batch: 0 | nc: 1 | ncalls: 184 | bounds: 0 | eff(%): 14.274 | logz: -2.4e+03 +/- 8.8e-02 | dlogz: 2345.048 >  0.500
 loglike: -2.4e+03 | params: [ 8.63050648e-03 -4.10365801e-01  4.91963343e-01  2.64726759e+00
  2.50520148e+00  3.41092021e+00  3.95342679e+00  2.71426490e+01]
 Average call time: 0.81 sec | Current time: 2019-06-25 15:58:49.702001
 --------------------------
iter: 170 | batch: 0 | nc: 1 | ncalls: 185 | bounds: 0 | eff(%): 14.346 | logz: -2.4e+03 +/- 8.8e-02 | dlogz: 2337.500 >  0.500
 loglike: -2.4e+03 | params: [-0.17767023 -0.58364425  1.48944238  3.08094945  2.01511508  4.20939934
  4.24474595 28.592804  ]
 Average call time: 1.07 sec | Current time: 2019-06-25 15:58:50.771545
 --------------------------
iter: 171 | batch: 0 | nc: 1 | ncalls: 186 | bounds: 0 | eff(%): 14.418 | logz: -2.4e+03 +/- 8.3e-02 | dlogz: 2323.402 >  0.500
 loglike: -2.4e+03 | params: [-0.34371666 -0.83213383  0.52112811  2.17190525  1.88521175  3.73815553
  5.15644366 29.9694668 ]
 Average call time: 0.83 sec | Current time: 2019-06-25 15:58:51.601600
 --------------------------
iter: 172 | batch: 0 | nc: 1 | ncalls: 187 | bounds: 0 | eff(%): 14.490 | logz: -2.4e+03 +/- 8.7e-02 | dlogz: 2321.636 >  0.500
 loglike: -2.4e+03 | params: [ 0.17868312 -0.29497158  1.53033004  2.53707674  3.22987657  3.5595396
  5.03339223 28.85781013]
 Average call time: 1.03 sec | Current time: 2019-06-25 15:58:52.626976
 --------------------------
iter: 173 | batch: 0 | nc: 1 | ncalls: 188 | bounds: 0 | eff(%): 14.562 | logz: -2.3e+03 +/- 8.8e-02 | dlogz: 2317.588 >  0.500
 loglike: -2.3e+03 | params: [ 0.11284581 -0.71287173  1.50241834  2.13416139  2.06944158  3.13067081
  4.85346108 28.86787474]
 Average call time: 0.99 sec | Current time: 2019-06-25 15:58:53.621367
 --------------------------
iter: 174 | batch: 0 | nc: 1 | ncalls: 189 | bounds: 0 | eff(%): 14.634 | logz: -2.3e+03 +/- 8.8e-02 | dlogz: 2309.731 >  0.500
 loglike: -2.3e+03 | params: [ 0.08634227 -0.24209732  1.18851863  1.32986703  3.3466992   4.36769203
  4.25562457 28.10839806]
 Average call time: 0.84 sec | Current time: 2019-06-25 15:58:54.459261
 --------------------------
iter: 175 | batch: 0 | nc: 1 | ncalls: 190 | bounds: 0 | eff(%): 14.706 | logz: -2.3e+03 +/- 8.2e-02 | dlogz: 2301.467 >  0.500
 loglike: -2.3e+03 | params: [-0.0886139  -0.70821642  1.83944827  2.17308748  3.78949672  3.55515292
  5.12268294 29.8067482 ]
 Average call time: 1.06 sec | Current time: 2019-06-25 15:58:55.521553
 --------------------------
iter: 176 | batch: 0 | nc: 1 | ncalls: 191 | bounds: 0 | eff(%): 14.777 | logz: -2.3e+03 +/- 8.8e-02 | dlogz: 2299.925 >  0.500
 loglike: -2.3e+03 | params: [ 0.23696479 -0.70659081  0.34641542  3.13529435  3.17382869  3.79975805
  5.022155   29.38745673]
 Average call time: 1.03 sec | Current time: 2019-06-25 15:58:56.552291
 --------------------------
iter: 177 | batch: 0 | nc: 1 | ncalls: 192 | bounds: 0 | eff(%): 14.849 | logz: -2.3e+03 +/- 8.8e-02 | dlogz: 2289.830 >  0.500
 loglike: -2.3e+03 | params: [ 0.16337874 -0.18587265  1.49545723  1.61880052  2.91482791  3.59112568
  4.49046375 27.40254443]
 Average call time: 1.02 sec | Current time: 2019-06-25 15:58:57.570079
 --------------------------
iter: 178 | batch: 0 | nc: 1 | ncalls: 193 | bounds: 0 | eff(%): 14.920 | logz: -2.3e+03 +/- 8.8e-02 | dlogz: 2278.436 >  0.500
 loglike: -2.3e+03 | params: [ 0.2219639  -0.48036456  0.64926979  3.01640841  2.32457256  3.38591171
  5.38601286 29.86894455]
 Average call time: 1.01 sec | Current time: 2019-06-25 15:58:58.584670
 --------------------------
iter: 179 | batch: 0 | nc: 1 | ncalls: 194 | bounds: 0 | eff(%): 14.992 | logz: -2.3e+03 +/- 8.8e-02 | dlogz: 2263.016 >  0.500
 loglike: -2.3e+03 | params: [-1.27075159e-01 -1.09123794e-02  1.46475515e+00  2.38009625e+00
  2.35113121e+00  4.04534485e+00  4.87322983e+00  2.78156384e+01]
 Average call time: 1.02 sec | Current time: 2019-06-25 15:58:59.599906
 --------------------------
iter: 180 | batch: 0 | nc: 1 | ncalls: 195 | bounds: 0 | eff(%): 15.063 | logz: -2.3e+03 +/- 8.2e-02 | dlogz: 2238.570 >  0.500
 loglike: -2.3e+03 | params: [ 0.2277467  -0.94697598  0.82121226  3.02142726  2.5813294   3.71008431
  4.45532455 28.33389396]
 Average call time: 0.90 sec | Current time: 2019-06-25 15:59:00.501930
 --------------------------
iter: 181 | batch: 0 | nc: 1 | ncalls: 196 | bounds: 0 | eff(%): 15.134 | logz: -2.3e+03 +/- 8.8e-02 | dlogz: 2237.334 >  0.500
 loglike: -2.3e+03 | params: [ 0.21683754 -0.82610167  2.02351615  1.45661908  2.19974654  3.15063721
  4.46175015 27.97614245]
 Average call time: 1.00 sec | Current time: 2019-06-25 15:59:01.497834
 --------------------------
iter: 182 | batch: 0 | nc: 1 | ncalls: 197 | bounds: 0 | eff(%): 15.205 | logz: -2.3e+03 +/- 8.6e-02 | dlogz: 2231.490 >  0.500
 loglike: -2.3e+03 | params: [-0.21842833 -0.95427285  1.57255944  2.34599516  3.17871341  3.78893793
  4.21624629 28.50615944]
 Average call time: 1.01 sec | Current time: 2019-06-25 15:59:02.508268
 --------------------------
iter: 183 | batch: 0 | nc: 1 | ncalls: 198 | bounds: 0 | eff(%): 15.275 | logz: -2.3e+03 +/- 8.8e-02 | dlogz: 2228.350 >  0.500
 loglike: -2.3e+03 | params: [-0.10881484 -0.8973231   0.33847285  1.92338146  2.99579299  4.78410136
  4.04776141 29.47460038]
 Average call time: 0.80 sec | Current time: 2019-06-25 15:59:03.308035
 --------------------------
iter: 184 | batch: 0 | nc: 1 | ncalls: 199 | bounds: 0 | eff(%): 15.346 | logz: -2.2e+03 +/- 8.8e-02 | dlogz: 2223.444 >  0.500
 loglike: -2.2e+03 | params: [ 0.23105846 -0.273053    1.22747868  1.92745388  2.61472598  3.26232198
  5.47084993 29.6364053 ]
 Average call time: 1.01 sec | Current time: 2019-06-25 15:59:04.317062
 --------------------------
iter: 185 | batch: 0 | nc: 1 | ncalls: 200 | bounds: 0 | eff(%): 15.417 | logz: -2.2e+03 +/- 8.5e-02 | dlogz: 2205.184 >  0.500
 loglike: -2.2e+03 | params: [-0.09122057 -0.17549213  0.75711569  2.2626494   2.0817038   4.18752196
  5.3030253  29.30063549]
 Average call time: 1.02 sec | Current time: 2019-06-25 15:59:05.337439
 --------------------------
iter: 186 | batch: 0 | nc: 1 | ncalls: 201 | bounds: 0 | eff(%): 15.487 | logz: -2.2e+03 +/- 8.1e-02 | dlogz: 2202.735 >  0.500
 loglike: -2.2e+03 | params: [-2.97266641e-02 -4.51715189e-01  1.66890422e+00  2.32390522e+00
  2.91489243e+00  3.58653496e+00  5.39462406e+00  2.99803761e+01]
 Average call time: 0.80 sec | Current time: 2019-06-25 15:59:06.142165
 --------------------------
iter: 187 | batch: 0 | nc: 1 | ncalls: 202 | bounds: 0 | eff(%): 15.557 | logz: -2.2e+03 +/- 8.8e-02 | dlogz: 2201.334 >  0.500
 loglike: -2.2e+03 | params: [-0.19309521 -0.27200653  0.57786859  2.03513458  2.41027188  3.7250348
  4.29013989 27.41279239]
 Average call time: 0.85 sec | Current time: 2019-06-25 15:59:06.989152
 --------------------------
iter: 188 | batch: 0 | nc: 1 | ncalls: 203 | bounds: 0 | eff(%): 15.628 | logz: -2.2e+03 +/- 8.8e-02 | dlogz: 2192.897 >  0.500
 loglike: -2.2e+03 | params: [-0.43521343 -0.94966888  1.62578393  2.64598469  2.75965707  3.6199604
  5.04759197 29.7317217 ]
 Average call time: 0.81 sec | Current time: 2019-06-25 15:59:07.800735
 --------------------------
iter: 189 | batch: 0 | nc: 1 | ncalls: 204 | bounds: 0 | eff(%): 15.698 | logz: -2.2e+03 +/- 8.8e-02 | dlogz: 2185.568 >  0.500
 loglike: -2.2e+03 | params: [-0.34936885 -0.17108875  1.64641038  1.66008183  2.66076041  5.08773514
  3.99126118 29.36912896]
 Average call time: 1.01 sec | Current time: 2019-06-25 15:59:08.811813
 --------------------------
iter: 190 | batch: 0 | nc: 2 | ncalls: 206 | bounds: 0 | eff(%): 15.755 | logz: -2.2e+03 +/- 8.5e-02 | dlogz: 2154.054 >  0.500
 loglike: -2.2e+03 | params: [-0.48962283 -0.21673775  0.91331963  2.40163245  2.05786265  5.05179612
  4.16029569 29.54055551]
 Average call time: 0.90 sec | Current time: 2019-06-25 15:59:10.609768
 --------------------------
iter: 191 | batch: 0 | nc: 2 | ncalls: 208 | bounds: 0 | eff(%): 15.811 | logz: -2.2e+03 +/- 8.8e-02 | dlogz: 2151.592 >  0.500
 loglike: -2.2e+03 | params: [-0.49035724 -0.45640374  1.95414058  2.07663449  2.88445203  3.54734142
  4.34902197 28.02526274]
 Average call time: 0.90 sec | Current time: 2019-06-25 15:59:12.411772
 --------------------------
iter: 192 | batch: 0 | nc: 2 | ncalls: 210 | bounds: 0 | eff(%): 15.868 | logz: -2.2e+03 +/- 8.7e-02 | dlogz: 2146.908 >  0.500
 loglike: -2.2e+03 | params: [ 0.2208795  -0.03527617  0.42358402  1.43120871  3.371672    4.52785811
  4.14691075 27.43791609]
 Average call time: 0.83 sec | Current time: 2019-06-25 15:59:14.078729
 --------------------------
iter: 193 | batch: 0 | nc: 1 | ncalls: 211 | bounds: 0 | eff(%): 15.937 | logz: -2.2e+03 +/- 8.8e-02 | dlogz: 2143.035 >  0.500
 loglike: -2.2e+03 | params: [-0.12824698 -0.09896548  2.17445432  2.78986969  2.70814544  4.26761741
  4.76752938 28.19425235]
 Average call time: 1.01 sec | Current time: 2019-06-25 15:59:15.087287
 --------------------------
iter: 194 | batch: 0 | nc: 1 | ncalls: 212 | bounds: 0 | eff(%): 16.007 | logz: -2.2e+03 +/- 8.8e-02 | dlogz: 2130.762 >  0.500
 loglike: -2.2e+03 | params: [-0.29283921 -0.25513262  1.74024802  1.76624716  3.85230458  4.11070723
  4.64966524 28.93445576]
 Average call time: 0.81 sec | Current time: 2019-06-25 15:59:15.902150
 --------------------------
iter: 195 | batch: 0 | nc: 1 | ncalls: 213 | bounds: 0 | eff(%): 16.076 | logz: -2.2e+03 +/- 8.8e-02 | dlogz: 2125.462 >  0.500
 loglike: -2.1e+03 | params: [-0.25490798 -0.60985792  1.2834367   3.11482425  2.90246039  4.47199287
  4.27371464 29.01723894]
 Average call time: 0.81 sec | Current time: 2019-06-25 15:59:16.716402
 --------------------------
iter: 196 | batch: 0 | nc: 1 | ncalls: 214 | bounds: 0 | eff(%): 16.145 | logz: -2.2e+03 +/- 8.7e-02 | dlogz: 2116.001 >  0.500
 loglike: -2.1e+03 | params: [ 0.06119716 -0.47538159  0.81520722  1.7225943   2.88374793  4.97250738
  5.08379384 29.94872308]
 Average call time: 1.00 sec | Current time: 2019-06-25 15:59:17.717590
 --------------------------
iter: 197 | batch: 0 | nc: 1 | ncalls: 215 | bounds: 0 | eff(%): 16.214 | logz: -2.1e+03 +/- 8.8e-02 | dlogz: 2112.268 >  0.500
 loglike: -2.1e+03 | params: [-0.33069299 -0.6372939   1.05819918  3.15545539  3.03503469  3.48211336
  5.12850361 29.66878149]
 Average call time: 1.02 sec | Current time: 2019-06-25 15:59:18.737559
 --------------------------
iter: 198 | batch: 0 | nc: 2 | ncalls: 217 | bounds: 0 | eff(%): 16.270 | logz: -2.1e+03 +/- 8.7e-02 | dlogz: 2088.523 >  0.500
 loglike: -2.1e+03 | params: [-0.052772   -0.22178877  0.47061613  1.33591179  2.03352994  3.48125155
  4.0337096  26.4635162 ]
 Average call time: 0.96 sec | Current time: 2019-06-25 15:59:20.653447
 --------------------------
