Using pcmdpy version 0.9.3
Loading Setup File: setup_files/mocks/mock_2.py
Running Nested Sampling
-initializing models
-Saving initial results dataframe
iter: 1 | batch: 0 | nc: 1 | ncalls: 1 | bounds: 0 | eff(%):  0.332 | logz: -6.4e+00 +/- 1.5e-01 | dlogz:    inf >  0.500
 loglike: 0.0e+00 | params: [-0.35636041 -0.56683684  3.1886387   6.30433281 31.67985485]
 Average call time: 557.45 sec | Current time: 2019-06-26 13:43:47.086183
 --------------------------
iter: 2 | batch: 0 | nc: 1 | ncalls: 2 | bounds: 0 | eff(%):  0.662 | logz: -5.3e+00 +/- 1.3e-01 | dlogz:  6.399 >  0.500
 loglike: 0.0e+00 | params: [-0.382286   -0.33638935  1.16830789  0.18657226 28.92074013]
 Average call time: 1.88 sec | Current time: 2019-06-26 13:43:48.968731
 --------------------------
iter: 3 | batch: 0 | nc: 1 | ncalls: 3 | bounds: 0 | eff(%):  0.990 | logz: -4.8e+00 +/- 1.3e-01 | dlogz:  5.302 >  0.500
 loglike: 0.0e+00 | params: [-0.10495467 -0.55541015  5.40756917  5.16499947 27.13612749]
 Average call time: 1.74 sec | Current time: 2019-06-26 13:43:50.710763
 --------------------------
iter: 4 | batch: 0 | nc: 1 | ncalls: 4 | bounds: 0 | eff(%):  1.316 | logz: -4.5e+00 +/- 1.2e-01 | dlogz:  4.793 >  0.500
 loglike: 0.0e+00 | params: [ 2.13927234e-02 -1.73022303e-01  4.75697052e+00  2.17831597e+00
  3.00454469e+01]
 Average call time: 1.94 sec | Current time: 2019-06-26 13:43:52.652572
 --------------------------
iter: 5 | batch: 0 | nc: 1 | ncalls: 5 | bounds: 0 | eff(%):  1.639 | logz: -4.2e+00 +/- 1.2e-01 | dlogz:  4.458 >  0.500
 loglike: 0.0e+00 | params: [-0.40685674 -0.58691146  4.46656402  0.71451123 29.42448898]
 Average call time: 1.89 sec | Current time: 2019-06-26 13:43:54.545853
 --------------------------
iter: 6 | batch: 0 | nc: 1 | ncalls: 6 | bounds: 0 | eff(%):  1.961 | logz: -4.0e+00 +/- 1.2e-01 | dlogz:  4.209 >  0.500
 loglike: 0.0e+00 | params: [-0.11488483 -0.28940056  1.49483155  3.83300065 30.40405109]
 Average call time: 1.98 sec | Current time: 2019-06-26 13:43:56.525458
 --------------------------
iter: 7 | batch: 0 | nc: 1 | ncalls: 7 | bounds: 0 | eff(%):  2.280 | logz: -3.8e+00 +/- 1.1e-01 | dlogz:  4.010 >  0.500
 loglike: 0.0e+00 | params: [-0.09801223 -1.22360567  3.93391532  6.30869718 32.9884123 ]
 Average call time: 1.73 sec | Current time: 2019-06-26 13:43:58.260460
 --------------------------
iter: 8 | batch: 0 | nc: 1 | ncalls: 8 | bounds: 0 | eff(%):  2.597 | logz: -3.7e+00 +/- 1.1e-01 | dlogz:  3.844 >  0.500
 loglike: 0.0e+00 | params: [-0.4604528  -1.43598172  3.64467248  4.86669775 27.4935205 ]
 Average call time: 1.73 sec | Current time: 2019-06-26 13:43:59.990040
 --------------------------
iter: 9 | batch: 0 | nc: 1 | ncalls: 9 | bounds: 0 | eff(%):  2.913 | logz: -3.6e+00 +/- 1.1e-01 | dlogz:  3.703 >  0.500
 loglike: 0.0e+00 | params: [ 0.03236175 -1.32579241  1.9865124   6.25635511 29.73527348]
 Average call time: 1.72 sec | Current time: 2019-06-26 13:44:01.713592
 --------------------------
iter: 10 | batch: 0 | nc: 1 | ncalls: 10 | bounds: 0 | eff(%):  3.226 | logz: -3.5e+00 +/- 1.1e-01 | dlogz:  3.579 >  0.500
 loglike: 0.0e+00 | params: [-0.26836277 -0.94848633  4.81653835  1.52553513 27.82645714]
 Average call time: 2.13 sec | Current time: 2019-06-26 13:44:03.844826
 --------------------------
iter: 11 | batch: 0 | nc: 1 | ncalls: 11 | bounds: 0 | eff(%):  3.537 | logz: -3.4e+00 +/- 1.1e-01 | dlogz:  3.470 >  0.500
 loglike: 0.0e+00 | params: [-0.12435434 -1.4776462   2.73647146  2.76812412 30.02778768]
 Average call time: 1.93 sec | Current time: 2019-06-26 13:44:05.773720
 --------------------------
iter: 12 | batch: 0 | nc: 1 | ncalls: 12 | bounds: 0 | eff(%):  3.846 | logz: -3.3e+00 +/- 1.0e-01 | dlogz:  3.371 >  0.500
 loglike: 0.0e+00 | params: [-0.13071566 -0.97455657  2.01194999  1.36355849 30.36609913]
 Average call time: 1.99 sec | Current time: 2019-06-26 13:44:07.766445
 --------------------------
iter: 13 | batch: 0 | nc: 1 | ncalls: 13 | bounds: 0 | eff(%):  4.153 | logz: -3.2e+00 +/- 1.0e-01 | dlogz:  3.282 >  0.500
 loglike: 0.0e+00 | params: [-0.16536829 -0.21705146  5.55590311  7.02486186 32.79257535]
 Average call time: 1.95 sec | Current time: 2019-06-26 13:44:09.718730
 --------------------------
iter: 14 | batch: 0 | nc: 1 | ncalls: 14 | bounds: 0 | eff(%):  4.459 | logz: -3.1e+00 +/- 1.0e-01 | dlogz:  3.200 >  0.500
 loglike: 0.0e+00 | params: [-0.34826652 -0.41043621  3.85659008  4.7130259  29.74033138]
 Average call time: 1.88 sec | Current time: 2019-06-26 13:44:11.595383
 --------------------------
iter: 15 | batch: 0 | nc: 1 | ncalls: 15 | bounds: 0 | eff(%):  4.762 | logz: -3.1e+00 +/- 1.0e-01 | dlogz:  3.125 >  0.500
 loglike: 0.0e+00 | params: [-0.06341687 -1.39837757  1.02975261  3.79729282 31.74136646]
 Average call time: 1.90 sec | Current time: 2019-06-26 13:44:13.499448
 --------------------------
iter: 16 | batch: 0 | nc: 1 | ncalls: 16 | bounds: 0 | eff(%):  5.063 | logz: -3.0e+00 +/- 1.0e-01 | dlogz:  3.055 >  0.500
 loglike: 0.0e+00 | params: [ 0.19221164 -0.4196379   1.62965517  5.78083049 30.69296562]
 Average call time: 1.67 sec | Current time: 2019-06-26 13:44:15.164506
 --------------------------
iter: 17 | batch: 0 | nc: 1 | ncalls: 17 | bounds: 0 | eff(%):  5.363 | logz: -2.9e+00 +/- 9.9e-02 | dlogz:  2.990 >  0.500
 loglike: 0.0e+00 | params: [-0.2099612  -0.32217894  1.5067203   3.28320918 31.45438006]
 Average call time: 1.72 sec | Current time: 2019-06-26 13:44:16.887714
 --------------------------
iter: 18 | batch: 0 | nc: 1 | ncalls: 18 | bounds: 0 | eff(%):  5.660 | logz: -2.9e+00 +/- 9.8e-02 | dlogz:  2.929 >  0.500
 loglike: 0.0e+00 | params: [-0.49067464 -0.10772599  3.30111743  0.65003765 32.45958523]
 Average call time: 1.90 sec | Current time: 2019-06-26 13:44:18.792506
 --------------------------
iter: 19 | batch: 0 | nc: 1 | ncalls: 19 | bounds: 0 | eff(%):  5.956 | logz: -2.8e+00 +/- 9.7e-02 | dlogz:  2.872 >  0.500
 loglike: 0.0e+00 | params: [-0.40752163 -0.15782751  2.02530011  7.46271141 29.98757483]
 Average call time: 1.73 sec | Current time: 2019-06-26 13:44:20.523462
 --------------------------
iter: 20 | batch: 0 | nc: 1 | ncalls: 20 | bounds: 0 | eff(%):  6.250 | logz: -2.8e+00 +/- 9.6e-02 | dlogz:  2.818 >  0.500
 loglike: 0.0e+00 | params: [-0.22999696 -1.25869321  4.63187986  6.69867134 28.91327337]
 Average call time: 1.75 sec | Current time: 2019-06-26 13:44:22.271645
 --------------------------
iter: 21 | batch: 0 | nc: 1 | ncalls: 21 | bounds: 0 | eff(%):  6.542 | logz: -2.7e+00 +/- 9.5e-02 | dlogz:  2.767 >  0.500
 loglike: 0.0e+00 | params: [ 0.23354902 -0.79093322  3.83072198  1.25880683 27.59846651]
 Average call time: 1.94 sec | Current time: 2019-06-26 13:44:24.212929
 --------------------------
iter: 22 | batch: 0 | nc: 1 | ncalls: 22 | bounds: 0 | eff(%):  6.832 | logz: -2.7e+00 +/- 9.4e-02 | dlogz:  2.719 >  0.500
 loglike: 0.0e+00 | params: [-0.43511216 -0.37047926  4.7114465   2.59250023 32.07188656]
 Average call time: 1.90 sec | Current time: 2019-06-26 13:44:26.112082
 --------------------------
iter: 23 | batch: 0 | nc: 1 | ncalls: 23 | bounds: 0 | eff(%):  7.121 | logz: -2.6e+00 +/- 9.4e-02 | dlogz:  2.673 >  0.500
 loglike: 0.0e+00 | params: [-0.09909001 -0.25114447  1.93016992  2.2800289  30.49834557]
 Average call time: 1.93 sec | Current time: 2019-06-26 13:44:28.044538
 --------------------------
iter: 24 | batch: 0 | nc: 1 | ncalls: 24 | bounds: 0 | eff(%):  7.407 | logz: -2.6e+00 +/- 9.3e-02 | dlogz:  2.629 >  0.500
 loglike: 0.0e+00 | params: [ 0.1974636  -1.4140569   5.09148674  1.4005215  29.63823663]
 Average call time: 1.72 sec | Current time: 2019-06-26 13:44:29.760641
 --------------------------
iter: 25 | batch: 0 | nc: 1 | ncalls: 25 | bounds: 0 | eff(%):  7.692 | logz: -2.5e+00 +/- 9.2e-02 | dlogz:  2.587 >  0.500
 loglike: 0.0e+00 | params: [-0.22510943 -1.40133182  4.9390444   4.14786567 28.06103102]
 Average call time: 1.92 sec | Current time: 2019-06-26 13:44:31.680582
 --------------------------
iter: 26 | batch: 0 | nc: 1 | ncalls: 26 | bounds: 0 | eff(%):  7.975 | logz: -2.5e+00 +/- 9.1e-02 | dlogz:  2.547 >  0.500
 loglike: 0.0e+00 | params: [-0.10937659 -0.6134864   3.22269307  1.22976324 32.76758466]
 Average call time: 1.94 sec | Current time: 2019-06-26 13:44:33.619028
 --------------------------
iter: 27 | batch: 0 | nc: 1 | ncalls: 27 | bounds: 0 | eff(%):  8.257 | logz: -2.5e+00 +/- 9.1e-02 | dlogz:  2.509 >  0.500
 loglike: 0.0e+00 | params: [-0.18667267 -1.30496229  4.25496538  4.74445267 28.52842503]
 Average call time: 1.64 sec | Current time: 2019-06-26 13:44:35.255355
 --------------------------
iter: 28 | batch: 0 | nc: 1 | ncalls: 28 | bounds: 0 | eff(%):  8.537 | logz: -2.4e+00 +/- 9.0e-02 | dlogz:  2.472 >  0.500
 loglike: 0.0e+00 | params: [-0.28442538 -0.29208171  1.28103814  2.29771434 32.62026836]
 Average call time: 1.94 sec | Current time: 2019-06-26 13:44:37.195924
 --------------------------
iter: 29 | batch: 0 | nc: 1 | ncalls: 29 | bounds: 0 | eff(%):  8.815 | logz: -2.4e+00 +/- 8.9e-02 | dlogz:  2.437 >  0.500
 loglike: 0.0e+00 | params: [ 0.12880493 -0.13773922  3.97308544  6.21066042 29.06459997]
 Average call time: 1.71 sec | Current time: 2019-06-26 13:44:38.909913
 --------------------------
iter: 30 | batch: 0 | nc: 1 | ncalls: 30 | bounds: 0 | eff(%):  9.091 | logz: -2.4e+00 +/- 8.9e-02 | dlogz:  2.403 >  0.500
 loglike: 0.0e+00 | params: [-0.21209955 -0.93308815  3.12982077  5.68449299 28.46502378]
 Average call time: 1.99 sec | Current time: 2019-06-26 13:44:40.897596
 --------------------------
iter: 31 | batch: 0 | nc: 1 | ncalls: 31 | bounds: 0 | eff(%):  9.366 | logz: -2.3e+00 +/- 8.8e-02 | dlogz:  2.370 >  0.500
 loglike: 0.0e+00 | params: [-0.36666398 -1.1753018   4.62195199  5.08874745 31.76720942]
 Average call time: 1.87 sec | Current time: 2019-06-26 13:44:42.767552
 --------------------------
iter: 32 | batch: 0 | nc: 1 | ncalls: 32 | bounds: 0 | eff(%):  9.639 | logz: -2.3e+00 +/- 8.8e-02 | dlogz:  2.338 >  0.500
 loglike: 0.0e+00 | params: [ 0.08928889 -1.28253401  1.43744077  2.1283797  30.84070447]
 Average call time: 1.92 sec | Current time: 2019-06-26 13:44:44.689436
 --------------------------
iter: 33 | batch: 0 | nc: 1 | ncalls: 33 | bounds: 0 | eff(%):  9.910 | logz: -2.3e+00 +/- 8.7e-02 | dlogz:  2.307 >  0.500
 loglike: 0.0e+00 | params: [-0.07271908 -0.16598521  5.59070933  1.30384102 27.71391003]
 Average call time: 1.73 sec | Current time: 2019-06-26 13:44:46.416873
 --------------------------
iter: 34 | batch: 0 | nc: 1 | ncalls: 34 | bounds: 0 | eff(%): 10.180 | logz: -2.3e+00 +/- 8.7e-02 | dlogz:  2.278 >  0.500
 loglike: 0.0e+00 | params: [-0.49245977 -1.08024077  1.61461056  3.71532499 28.13040891]
 Average call time: 1.67 sec | Current time: 2019-06-26 13:44:48.089491
 --------------------------
iter: 35 | batch: 0 | nc: 1 | ncalls: 35 | bounds: 0 | eff(%): 10.448 | logz: -2.2e+00 +/- 8.6e-02 | dlogz:  2.249 >  0.500
 loglike: 0.0e+00 | params: [-0.49429139 -0.15549303  5.98776474  6.46743202 27.1810076 ]
 Average call time: 1.95 sec | Current time: 2019-06-26 13:44:50.035905
 --------------------------
iter: 36 | batch: 0 | nc: 1 | ncalls: 36 | bounds: 0 | eff(%): 10.714 | logz: -2.2e+00 +/- 8.5e-02 | dlogz:  2.221 >  0.500
 loglike: 0.0e+00 | params: [-0.09850739 -0.58499925  5.2571182   3.33866823 28.56838215]
 Average call time: 1.96 sec | Current time: 2019-06-26 13:44:51.993509
 --------------------------
iter: 37 | batch: 0 | nc: 1 | ncalls: 37 | bounds: 0 | eff(%): 10.979 | logz: -2.2e+00 +/- 8.5e-02 | dlogz:  2.194 >  0.500
 loglike: 0.0e+00 | params: [ 0.06609324 -0.31338603  4.93644851  7.58747676 29.40124942]
 Average call time: 1.72 sec | Current time: 2019-06-26 13:44:53.710551
 --------------------------
iter: 38 | batch: 0 | nc: 1 | ncalls: 38 | bounds: 0 | eff(%): 11.243 | logz: -2.1e+00 +/- 8.4e-02 | dlogz:  2.168 >  0.500
 loglike: 0.0e+00 | params: [-6.33771327e-03 -7.11545688e-01  3.09071453e+00  3.31952899e+00
  2.92276134e+01]
 Average call time: 1.93 sec | Current time: 2019-06-26 13:44:55.643036
 --------------------------
iter: 39 | batch: 0 | nc: 1 | ncalls: 39 | bounds: 0 | eff(%): 11.504 | logz: -2.1e+00 +/- 8.4e-02 | dlogz:  2.143 >  0.500
 loglike: 0.0e+00 | params: [ 0.13292078 -0.79376088  3.92449796  1.40917237 30.28294946]
 Average call time: 1.92 sec | Current time: 2019-06-26 13:44:57.563497
 --------------------------
iter: 40 | batch: 0 | nc: 1 | ncalls: 40 | bounds: 0 | eff(%): 11.765 | logz: -2.1e+00 +/- 8.4e-02 | dlogz:  2.118 >  0.500
 loglike: 0.0e+00 | params: [-0.09588611 -0.73855507  4.21540442  4.40300152 28.90952667]
 Average call time: 1.94 sec | Current time: 2019-06-26 13:44:59.500270
 --------------------------
iter: 41 | batch: 0 | nc: 1 | ncalls: 41 | bounds: 0 | eff(%): 12.023 | logz: -2.1e+00 +/- 8.3e-02 | dlogz:  2.094 >  0.500
 loglike: 0.0e+00 | params: [ 0.0911435  -0.653362    3.0778943   2.69065223 32.52388883]
 Average call time: 1.87 sec | Current time: 2019-06-26 13:45:01.370343
 --------------------------
iter: 42 | batch: 0 | nc: 1 | ncalls: 42 | bounds: 0 | eff(%): 12.281 | logz: -2.0e+00 +/- 8.3e-02 | dlogz:  2.071 >  0.500
 loglike: 0.0e+00 | params: [ 0.19785195 -1.48396237  1.4654114   1.1593066  30.76402215]
 Average call time: 1.93 sec | Current time: 2019-06-26 13:45:03.297694
 --------------------------
iter: 43 | batch: 0 | nc: 1 | ncalls: 43 | bounds: 0 | eff(%): 12.536 | logz: -2.0e+00 +/- 8.2e-02 | dlogz:  2.048 >  0.500
 loglike: 0.0e+00 | params: [-0.30373121 -0.62618556  3.77450994  1.68269125 30.94248072]
 Average call time: 1.69 sec | Current time: 2019-06-26 13:45:04.986704
 --------------------------
iter: 44 | batch: 0 | nc: 1 | ncalls: 44 | bounds: 0 | eff(%): 12.791 | logz: -2.0e+00 +/- 8.2e-02 | dlogz:  2.026 >  0.500
 loglike: 0.0e+00 | params: [ 0.20740517 -0.96484847  1.15900633  3.84086361 27.40474555]
 Average call time: 1.87 sec | Current time: 2019-06-26 13:45:06.857266
 --------------------------
iter: 45 | batch: 0 | nc: 1 | ncalls: 45 | bounds: 0 | eff(%): 13.043 | logz: -2.0e+00 +/- 8.1e-02 | dlogz:  2.004 >  0.500
 loglike: 0.0e+00 | params: [-0.1255596  -0.4617844   1.38058808  1.91565723 29.9842072 ]
 Average call time: 1.93 sec | Current time: 2019-06-26 13:45:08.791399
 --------------------------
iter: 46 | batch: 0 | nc: 1 | ncalls: 46 | bounds: 0 | eff(%): 13.295 | logz: -2.0e+00 +/- 8.1e-02 | dlogz:  1.983 >  0.500
 loglike: 0.0e+00 | params: [-0.09290695 -0.75759766  5.00641484  2.53287818 27.68411867]
 Average call time: 1.94 sec | Current time: 2019-06-26 13:45:10.727264
 --------------------------
iter: 47 | batch: 0 | nc: 1 | ncalls: 47 | bounds: 0 | eff(%): 13.545 | logz: -1.9e+00 +/- 8.0e-02 | dlogz:  1.962 >  0.500
 loglike: 0.0e+00 | params: [-0.07978922 -0.34633672  3.17593463  0.7599177  30.59156321]
 Average call time: 1.84 sec | Current time: 2019-06-26 13:45:12.565636
 --------------------------
iter: 48 | batch: 0 | nc: 1 | ncalls: 48 | bounds: 0 | eff(%): 13.793 | logz: -1.9e+00 +/- 8.0e-02 | dlogz:  1.942 >  0.500
 loglike: 0.0e+00 | params: [ 0.1345481  -1.22511649  5.56484596  0.91885289 27.76094287]
 Average call time: 1.71 sec | Current time: 2019-06-26 13:45:14.274499
 --------------------------
iter: 49 | batch: 0 | nc: 1 | ncalls: 49 | bounds: 0 | eff(%): 14.040 | logz: -1.9e+00 +/- 8.0e-02 | dlogz:  1.923 >  0.500
 loglike: 0.0e+00 | params: [-0.49694419 -0.32311646  3.80239225  5.31810908 30.13093356]
 Average call time: 1.91 sec | Current time: 2019-06-26 13:45:16.189450
 --------------------------
iter: 50 | batch: 0 | nc: 1 | ncalls: 50 | bounds: 0 | eff(%): 14.286 | logz: -1.9e+00 +/- 7.9e-02 | dlogz:  1.903 >  0.500
 loglike: 0.0e+00 | params: [ 0.09680961 -1.12253377  3.65240752  0.54480358 27.82399503]
 Average call time: 2.03 sec | Current time: 2019-06-26 13:45:18.215587
 --------------------------
iter: 51 | batch: 0 | nc: 1 | ncalls: 51 | bounds: 0 | eff(%): 14.530 | logz: -1.9e+00 +/- 7.9e-02 | dlogz:  1.885 >  0.500
 loglike: 0.0e+00 | params: [-0.39350895 -0.50434806  1.53919761  6.08057306 29.7255296 ]
 Average call time: 1.73 sec | Current time: 2019-06-26 13:45:19.943971
 --------------------------
iter: 52 | batch: 0 | nc: 1 | ncalls: 52 | bounds: 0 | eff(%): 14.773 | logz: -1.8e+00 +/- 7.8e-02 | dlogz:  1.866 >  0.500
 loglike: 0.0e+00 | params: [ 2.05957431e-02 -9.64908938e-01  4.84008859e+00  6.55688915e+00
  3.25604622e+01]
 Average call time: 1.91 sec | Current time: 2019-06-26 13:45:21.855168
 --------------------------
iter: 53 | batch: 0 | nc: 1 | ncalls: 53 | bounds: 0 | eff(%): 15.014 | logz: -1.8e+00 +/- 7.8e-02 | dlogz:  1.848 >  0.500
 loglike: 0.0e+00 | params: [-0.34472183 -0.59856522  1.17238902  2.41461917 27.25380592]
 Average call time: 1.87 sec | Current time: 2019-06-26 13:45:23.724442
 --------------------------
iter: 54 | batch: 0 | nc: 1 | ncalls: 54 | bounds: 0 | eff(%): 15.254 | logz: -1.8e+00 +/- 7.8e-02 | dlogz:  1.831 >  0.500
 loglike: 0.0e+00 | params: [-0.42704919 -1.04862524  1.30133311  4.70710557 31.34649942]
 Average call time: 1.90 sec | Current time: 2019-06-26 13:45:25.628040
 --------------------------
iter: 55 | batch: 0 | nc: 1 | ncalls: 55 | bounds: 0 | eff(%): 15.493 | logz: -1.8e+00 +/- 7.7e-02 | dlogz:  1.813 >  0.500
 loglike: 0.0e+00 | params: [ 0.06307623 -0.4528509   1.56679387  2.36697941 28.57286762]
 Average call time: 1.74 sec | Current time: 2019-06-26 13:45:27.366994
 --------------------------
iter: 56 | batch: 0 | nc: 1 | ncalls: 56 | bounds: 0 | eff(%): 15.730 | logz: -1.8e+00 +/- 7.7e-02 | dlogz:  1.797 >  0.500
 loglike: 0.0e+00 | params: [-0.45032895 -1.49673458  2.346722    0.36710527 29.80717485]
 Average call time: 1.93 sec | Current time: 2019-06-26 13:45:29.294088
 --------------------------
iter: 57 | batch: 0 | nc: 1 | ncalls: 57 | bounds: 0 | eff(%): 15.966 | logz: -1.8e+00 +/- 7.7e-02 | dlogz:  1.780 >  0.500
 loglike: 0.0e+00 | params: [-0.09438008 -1.19283678  2.143992    5.26131559 27.11773146]
 Average call time: 1.73 sec | Current time: 2019-06-26 13:45:31.024827
 --------------------------
iter: 58 | batch: 0 | nc: 1 | ncalls: 58 | bounds: 0 | eff(%): 16.201 | logz: -1.7e+00 +/- 7.6e-02 | dlogz:  1.764 >  0.500
 loglike: 0.0e+00 | params: [-0.27543793 -0.77937663  3.60636857  7.6760846  31.56407829]
 Average call time: 1.95 sec | Current time: 2019-06-26 13:45:32.972592
 --------------------------
iter: 59 | batch: 0 | nc: 1 | ncalls: 59 | bounds: 0 | eff(%): 16.435 | logz: -1.7e+00 +/- 7.6e-02 | dlogz:  1.748 >  0.500
 loglike: 0.0e+00 | params: [ 0.10256981 -1.00565906  2.88389554  5.52774717 31.24351721]
 Average call time: 1.92 sec | Current time: 2019-06-26 13:45:34.892828
 --------------------------
iter: 60 | batch: 0 | nc: 1 | ncalls: 60 | bounds: 0 | eff(%): 16.667 | logz: -1.7e+00 +/- 7.6e-02 | dlogz:  1.732 >  0.500
 loglike: 0.0e+00 | params: [-0.41686513 -1.09837088  1.15266387  3.26785236 27.03673325]
 Average call time: 1.74 sec | Current time: 2019-06-26 13:45:36.635598
 --------------------------
iter: 61 | batch: 0 | nc: 1 | ncalls: 61 | bounds: 0 | eff(%): 16.898 | logz: -1.7e+00 +/- 7.5e-02 | dlogz:  1.717 >  0.500
 loglike: 0.0e+00 | params: [ 1.65378166e-03 -1.96651093e-01  2.87911537e+00  2.32077241e+00
  2.76081038e+01]
 Average call time: 1.92 sec | Current time: 2019-06-26 13:45:38.556905
 --------------------------
iter: 62 | batch: 0 | nc: 1 | ncalls: 62 | bounds: 0 | eff(%): 17.127 | logz: -1.7e+00 +/- 7.5e-02 | dlogz:  1.702 >  0.500
 loglike: 0.0e+00 | params: [ 0.10428684 -0.77358883  5.38337524  1.30255174 28.31829802]
 Average call time: 1.66 sec | Current time: 2019-06-26 13:45:40.213350
 --------------------------
iter: 63 | batch: 0 | nc: 1 | ncalls: 63 | bounds: 0 | eff(%): 17.355 | logz: -1.7e+00 +/- 7.5e-02 | dlogz:  1.687 >  0.500
 loglike: 0.0e+00 | params: [ 0.04995332 -1.40171915  5.07755641  6.89220783 27.18966319]
 Average call time: 1.91 sec | Current time: 2019-06-26 13:45:42.125154
 --------------------------
iter: 64 | batch: 0 | nc: 1 | ncalls: 64 | bounds: 0 | eff(%): 17.582 | logz: -1.7e+00 +/- 7.4e-02 | dlogz:  1.672 >  0.500
 loglike: 0.0e+00 | params: [-0.44989757 -0.79043239  2.02808882  1.88100564 29.60627139]
 Average call time: 1.98 sec | Current time: 2019-06-26 13:45:44.106800
 --------------------------
iter: 65 | batch: 0 | nc: 1 | ncalls: 65 | bounds: 0 | eff(%): 17.808 | logz: -1.6e+00 +/- 7.4e-02 | dlogz:  1.658 >  0.500
 loglike: 0.0e+00 | params: [-0.32531751 -0.25738659  5.45720965  6.53302361 32.76779994]
 Average call time: 1.76 sec | Current time: 2019-06-26 13:45:45.866547
 --------------------------
iter: 66 | batch: 0 | nc: 1 | ncalls: 66 | bounds: 0 | eff(%): 18.033 | logz: -1.6e+00 +/- 7.4e-02 | dlogz:  1.644 >  0.500
 loglike: 0.0e+00 | params: [-2.11448731e-03 -1.43106470e+00  5.37776796e+00  7.54930638e+00
  3.28146349e+01]
 Average call time: 1.88 sec | Current time: 2019-06-26 13:45:47.742429
 --------------------------
iter: 67 | batch: 0 | nc: 1 | ncalls: 67 | bounds: 0 | eff(%): 18.256 | logz: -1.6e+00 +/- 7.3e-02 | dlogz:  1.630 >  0.500
 loglike: 0.0e+00 | params: [ 0.06197599 -0.1008954   1.4420579   6.69133942 31.3882835 ]
 Average call time: 1.72 sec | Current time: 2019-06-26 13:45:49.463125
 --------------------------
iter: 68 | batch: 0 | nc: 1 | ncalls: 68 | bounds: 0 | eff(%): 18.478 | logz: -1.6e+00 +/- 7.3e-02 | dlogz:  1.617 >  0.500
 loglike: 0.0e+00 | params: [ 0.22108437 -1.32799938  2.31740451  1.65967863 27.87353681]
 Average call time: 1.65 sec | Current time: 2019-06-26 13:45:51.112478
 --------------------------
iter: 69 | batch: 0 | nc: 1 | ncalls: 69 | bounds: 0 | eff(%): 18.699 | logz: -1.6e+00 +/- 7.3e-02 | dlogz:  1.604 >  0.500
 loglike: 0.0e+00 | params: [-0.29783577 -1.3741423   1.97871812  7.58540158 32.8184221 ]
 Average call time: 1.74 sec | Current time: 2019-06-26 13:45:52.849805
 --------------------------
iter: 70 | batch: 0 | nc: 1 | ncalls: 70 | bounds: 0 | eff(%): 18.919 | logz: -1.6e+00 +/- 7.2e-02 | dlogz:  1.590 >  0.500
 loglike: 0.0e+00 | params: [-0.49707752 -1.22356059  5.63983048  5.52335224 31.88876541]
 Average call time: 1.74 sec | Current time: 2019-06-26 13:45:54.589118
 --------------------------
iter: 71 | batch: 0 | nc: 1 | ncalls: 71 | bounds: 0 | eff(%): 19.137 | logz: -1.6e+00 +/- 7.2e-02 | dlogz:  1.578 >  0.500
 loglike: 0.0e+00 | params: [ 0.24255915 -1.37896492  3.86755873  6.94549562 28.47843091]
 Average call time: 1.88 sec | Current time: 2019-06-26 13:45:56.468861
 --------------------------
iter: 72 | batch: 0 | nc: 1 | ncalls: 72 | bounds: 0 | eff(%): 19.355 | logz: -1.6e+00 +/- 7.2e-02 | dlogz:  1.565 >  0.500
 loglike: 0.0e+00 | params: [-0.05499862 -0.03620698  1.96905579  2.41419844 29.9785185 ]
 Average call time: 1.72 sec | Current time: 2019-06-26 13:45:58.188506
 --------------------------
iter: 73 | batch: 0 | nc: 1 | ncalls: 73 | bounds: 0 | eff(%): 19.571 | logz: -1.5e+00 +/- 7.2e-02 | dlogz:  1.552 >  0.500
 loglike: 0.0e+00 | params: [-9.68597733e-03 -5.90081091e-01  4.53937141e+00  2.58218696e+00
  2.96751211e+01]
 Average call time: 1.71 sec | Current time: 2019-06-26 13:45:59.895982
 --------------------------
iter: 74 | batch: 0 | nc: 1 | ncalls: 74 | bounds: 0 | eff(%): 19.786 | logz: -1.5e+00 +/- 7.1e-02 | dlogz:  1.540 >  0.500
 loglike: 0.0e+00 | params: [-0.27418264 -0.84407424  1.25387315  7.63273996 28.0733605 ]
 Average call time: 2.00 sec | Current time: 2019-06-26 13:46:01.895292
 --------------------------
iter: 75 | batch: 0 | nc: 1 | ncalls: 75 | bounds: 0 | eff(%): 20.000 | logz: -1.5e+00 +/- 7.1e-02 | dlogz:  1.528 >  0.500
 loglike: 0.0e+00 | params: [-0.44243546 -0.09481959  5.1791243   7.78368701 31.93904902]
 Average call time: 1.75 sec | Current time: 2019-06-26 13:46:03.640926
 --------------------------
iter: 76 | batch: 0 | nc: 1 | ncalls: 76 | bounds: 0 | eff(%): 20.213 | logz: -1.5e+00 +/- 7.1e-02 | dlogz:  1.516 >  0.500
 loglike: 0.0e+00 | params: [-0.47517229 -0.6457544   1.73757534  4.68242687 27.50094363]
 Average call time: 1.88 sec | Current time: 2019-06-26 13:46:05.519907
 --------------------------
iter: 77 | batch: 0 | nc: 1 | ncalls: 77 | bounds: 0 | eff(%): 20.424 | logz: -1.5e+00 +/- 7.1e-02 | dlogz:  1.504 >  0.500
 loglike: 0.0e+00 | params: [-0.15853454 -0.21126434  2.62788216  2.76700047 32.50881912]
 Average call time: 1.71 sec | Current time: 2019-06-26 13:46:07.225556
 --------------------------
iter: 78 | batch: 0 | nc: 1 | ncalls: 78 | bounds: 0 | eff(%): 20.635 | logz: -1.5e+00 +/- 7.0e-02 | dlogz:  1.493 >  0.500
 loglike: 0.0e+00 | params: [-2.20976300e-02 -1.25107402e+00  5.37061583e+00  8.54978249e-01
  3.05407360e+01]
 Average call time: 1.69 sec | Current time: 2019-06-26 13:46:08.912447
 --------------------------
iter: 79 | batch: 0 | nc: 1 | ncalls: 79 | bounds: 0 | eff(%): 20.844 | logz: -1.5e+00 +/- 7.0e-02 | dlogz:  1.481 >  0.500
 loglike: 0.0e+00 | params: [-2.54377279e-02 -1.00101772e+00  1.80590064e+00  5.16211905e+00
  2.93264397e+01]
 Average call time: 1.93 sec | Current time: 2019-06-26 13:46:10.844871
 --------------------------
iter: 80 | batch: 0 | nc: 1 | ncalls: 80 | bounds: 0 | eff(%): 21.053 | logz: -1.5e+00 +/- 7.0e-02 | dlogz:  1.470 >  0.500
 loglike: 0.0e+00 | params: [ 0.11239589 -1.15602043  4.3255821   4.64729884 27.47623201]
 Average call time: 1.74 sec | Current time: 2019-06-26 13:46:12.586451
 --------------------------
iter: 81 | batch: 0 | nc: 1 | ncalls: 81 | bounds: 0 | eff(%): 21.260 | logz: -1.4e+00 +/- 6.9e-02 | dlogz:  1.459 >  0.500
 loglike: 0.0e+00 | params: [-0.46825849 -0.21446625  1.73771069  0.91431388 27.63809251]
 Average call time: 1.74 sec | Current time: 2019-06-26 13:46:14.322701
 --------------------------
iter: 82 | batch: 0 | nc: 1 | ncalls: 82 | bounds: 0 | eff(%): 21.466 | logz: -1.4e+00 +/- 6.9e-02 | dlogz:  1.448 >  0.500
 loglike: 0.0e+00 | params: [-0.28006133 -0.70482476  5.3316276   6.9633916  29.13901981]
 Average call time: 1.92 sec | Current time: 2019-06-26 13:46:16.238679
 --------------------------
iter: 83 | batch: 0 | nc: 1 | ncalls: 83 | bounds: 0 | eff(%): 21.671 | logz: -1.4e+00 +/- 6.9e-02 | dlogz:  1.437 >  0.500
 loglike: 0.0e+00 | params: [-0.4264044  -0.84265907  5.73743116  0.42860066 28.86508534]
 Average call time: 1.95 sec | Current time: 2019-06-26 13:46:18.187963
 --------------------------
iter: 84 | batch: 0 | nc: 1 | ncalls: 84 | bounds: 0 | eff(%): 21.875 | logz: -1.4e+00 +/- 6.9e-02 | dlogz:  1.427 >  0.500
 loglike: 0.0e+00 | params: [ 0.08671518 -0.30673478  5.26290325  4.39673939 30.54377142]
 Average call time: 1.92 sec | Current time: 2019-06-26 13:46:20.110930
 --------------------------
iter: 85 | batch: 0 | nc: 1 | ncalls: 85 | bounds: 0 | eff(%): 22.078 | logz: -1.4e+00 +/- 6.8e-02 | dlogz:  1.416 >  0.500
 loglike: 0.0e+00 | params: [-0.39566902 -1.44791451  1.77629788  6.07966384 29.21269456]
 Average call time: 1.73 sec | Current time: 2019-06-26 13:46:21.840167
 --------------------------
iter: 86 | batch: 0 | nc: 1 | ncalls: 86 | bounds: 0 | eff(%): 22.280 | logz: -1.4e+00 +/- 6.8e-02 | dlogz:  1.406 >  0.500
 loglike: 0.0e+00 | params: [-0.28789073 -1.13730192  5.35675959  3.00004564 32.32821467]
 Average call time: 1.71 sec | Current time: 2019-06-26 13:46:23.546562
 --------------------------
iter: 87 | batch: 0 | nc: 1 | ncalls: 87 | bounds: 0 | eff(%): 22.481 | logz: -1.4e+00 +/- 6.8e-02 | dlogz:  1.396 >  0.500
 loglike: 0.0e+00 | params: [ 0.21240899 -0.19086165  2.86022686  5.20226891 29.59614324]
 Average call time: 1.73 sec | Current time: 2019-06-26 13:46:25.271757
 --------------------------
iter: 88 | batch: 0 | nc: 1 | ncalls: 88 | bounds: 0 | eff(%): 22.680 | logz: -1.4e+00 +/- 6.8e-02 | dlogz:  1.386 >  0.500
 loglike: 0.0e+00 | params: [ 0.04795031 -0.45158286  3.15134197  3.29058713 30.60663634]
 Average call time: 1.71 sec | Current time: 2019-06-26 13:46:26.977820
 --------------------------
iter: 89 | batch: 0 | nc: 1 | ncalls: 89 | bounds: 0 | eff(%): 22.879 | logz: -1.4e+00 +/- 6.7e-02 | dlogz:  1.376 >  0.500
 loglike: 0.0e+00 | params: [-1.33358708e-02 -1.32888072e+00  4.52675546e+00  2.94185965e+00
  2.95375583e+01]
 Average call time: 1.64 sec | Current time: 2019-06-26 13:46:28.622249
 --------------------------
iter: 90 | batch: 0 | nc: 1 | ncalls: 90 | bounds: 0 | eff(%): 23.077 | logz: -1.4e+00 +/- 6.7e-02 | dlogz:  1.366 >  0.500
 loglike: 0.0e+00 | params: [-0.26484338 -0.64754092  1.1678251   7.81703655 32.82353527]
 Average call time: 1.86 sec | Current time: 2019-06-26 13:46:30.481480
 --------------------------
iter: 91 | batch: 0 | nc: 1 | ncalls: 91 | bounds: 0 | eff(%): 23.274 | logz: -1.3e+00 +/- 6.7e-02 | dlogz:  1.356 >  0.500
 loglike: 0.0e+00 | params: [-0.28829551 -0.51326887  4.88542996  7.56941056 31.00864817]
 Average call time: 1.96 sec | Current time: 2019-06-26 13:46:32.440711
 --------------------------
iter: 92 | batch: 0 | nc: 1 | ncalls: 92 | bounds: 0 | eff(%): 23.469 | logz: -1.3e+00 +/- 6.7e-02 | dlogz:  1.347 >  0.500
 loglike: 0.0e+00 | params: [-0.16210986 -0.23962052  5.11260281  7.44844194 31.21234695]
 Average call time: 1.96 sec | Current time: 2019-06-26 13:46:34.396315
 --------------------------
iter: 93 | batch: 0 | nc: 1 | ncalls: 93 | bounds: 0 | eff(%): 23.664 | logz: -1.3e+00 +/- 6.7e-02 | dlogz:  1.337 >  0.500
 loglike: 0.0e+00 | params: [ 0.10046909 -0.06158238  2.92941936  5.88682981 27.77114817]
 Average call time: 1.96 sec | Current time: 2019-06-26 13:46:36.351431
 --------------------------
iter: 94 | batch: 0 | nc: 1 | ncalls: 94 | bounds: 0 | eff(%): 23.858 | logz: -1.3e+00 +/- 6.6e-02 | dlogz:  1.328 >  0.500
 loglike: 0.0e+00 | params: [-0.3459994  -0.17522665  4.47911781  5.71613427 29.21874683]
 Average call time: 1.93 sec | Current time: 2019-06-26 13:46:38.283912
 --------------------------
iter: 95 | batch: 0 | nc: 1 | ncalls: 95 | bounds: 0 | eff(%): 24.051 | logz: -1.3e+00 +/- 6.6e-02 | dlogz:  1.319 >  0.500
 loglike: 0.0e+00 | params: [-0.06629435 -1.37428661  3.97091304  1.49808881 29.52520337]
 Average call time: 1.99 sec | Current time: 2019-06-26 13:46:40.276598
 --------------------------
iter: 96 | batch: 0 | nc: 1 | ncalls: 96 | bounds: 0 | eff(%): 24.242 | logz: -1.3e+00 +/- 6.6e-02 | dlogz:  1.310 >  0.500
 loglike: 0.0e+00 | params: [-0.32009445 -1.30870746  5.47800993  7.28960414 30.77327532]
 Average call time: 1.97 sec | Current time: 2019-06-26 13:46:42.246239
 --------------------------
iter: 97 | batch: 0 | nc: 1 | ncalls: 97 | bounds: 0 | eff(%): 24.433 | logz: -1.3e+00 +/- 6.6e-02 | dlogz:  1.301 >  0.500
 loglike: 0.0e+00 | params: [-0.38182945 -0.40411568  5.94548212  6.2600073  32.87720828]
 Average call time: 1.95 sec | Current time: 2019-06-26 13:46:44.201091
 --------------------------
iter: 98 | batch: 0 | nc: 1 | ncalls: 98 | bounds: 0 | eff(%): 24.623 | logz: -1.3e+00 +/- 6.5e-02 | dlogz:  1.292 >  0.500
 loglike: 0.0e+00 | params: [ 0.10371121 -0.87040118  3.32527047  6.07552074 31.86090102]
 Average call time: 1.97 sec | Current time: 2019-06-26 13:46:46.172810
 --------------------------
