Using pcmdpy version 0.9.3
Loading Setup File: setup_files/mocks/mock_13.py
Running Nested Sampling
-initializing models
-Saving initial results dataframe
iter: 1 | batch: 0 | nc: 1 | ncalls: 1 | bounds: 0 | eff(%):  0.332 | logz: -1.0e+04 +/- 2.1e-01 | dlogz:    inf >  0.500
 loglike: -1.0e+04 | params: [-0.29555555 -1.08530362  5.00936089  7.66930089 32.25559581]
 Average call time: 690.96 sec | Current time: 2019-07-03 11:49:34.919003
 --------------------------
iter: 2 | batch: 0 | nc: 1 | ncalls: 2 | bounds: 0 | eff(%):  0.662 | logz: -1.0e+04 +/- 1.9e-01 | dlogz: 10005.756 >  0.500
 loglike: -1.0e+04 | params: [-0.382286   -0.33638935  1.16830789  0.18657226 28.92074013]
 Average call time: 2.09 sec | Current time: 2019-07-03 11:49:37.007097
 --------------------------
iter: 3 | batch: 0 | nc: 1 | ncalls: 3 | bounds: 0 | eff(%):  0.990 | logz: -1.0e+04 +/- 1.8e-01 | dlogz: 10004.656 >  0.500
 loglike: -1.0e+04 | params: [-0.10495467 -0.55541015  5.40756917  5.16499947 27.13612749]
 Average call time: 1.83 sec | Current time: 2019-07-03 11:49:38.834207
 --------------------------
iter: 4 | batch: 0 | nc: 1 | ncalls: 4 | bounds: 0 | eff(%):  1.316 | logz: -1.0e+04 +/- 1.7e-01 | dlogz: 10004.144 >  0.500
 loglike: -1.0e+04 | params: [ 2.13927234e-02 -1.73022303e-01  4.75697052e+00  2.17831597e+00
  3.00454469e+01]
 Average call time: 2.04 sec | Current time: 2019-07-03 11:49:40.869880
 --------------------------
iter: 5 | batch: 0 | nc: 1 | ncalls: 5 | bounds: 0 | eff(%):  1.639 | logz: -1.0e+04 +/- 1.7e-01 | dlogz: 10003.806 >  0.500
 loglike: -1.0e+04 | params: [-0.40685674 -0.58691146  4.46656402  0.71451123 29.42448898]
 Average call time: 1.98 sec | Current time: 2019-07-03 11:49:42.849641
 --------------------------
iter: 6 | batch: 0 | nc: 1 | ncalls: 6 | bounds: 0 | eff(%):  1.961 | logz: -1.0e+04 +/- 1.6e-01 | dlogz: 10003.553 >  0.500
 loglike: -1.0e+04 | params: [-0.11488483 -0.28940056  1.49483155  3.83300065 30.40405109]
 Average call time: 2.11 sec | Current time: 2019-07-03 11:49:44.954801
 --------------------------
iter: 7 | batch: 0 | nc: 1 | ncalls: 7 | bounds: 0 | eff(%):  2.280 | logz: -1.0e+04 +/- 1.6e-01 | dlogz: 10003.351 >  0.500
 loglike: -1.0e+04 | params: [-0.23163705 -0.74850731  4.41731468  5.73034601 29.22150453]
 Average call time: 1.83 sec | Current time: 2019-07-03 11:49:46.782939
 --------------------------
iter: 8 | batch: 0 | nc: 1 | ncalls: 8 | bounds: 0 | eff(%):  2.597 | logz: -1.0e+04 +/- 1.6e-01 | dlogz: 10003.182 >  0.500
 loglike: -1.0e+04 | params: [-0.4604528  -1.43598172  3.64467248  4.86669775 27.4935205 ]
 Average call time: 1.85 sec | Current time: 2019-07-03 11:49:48.631488
 --------------------------
iter: 9 | batch: 0 | nc: 1 | ncalls: 9 | bounds: 0 | eff(%):  2.913 | logz: -1.0e+04 +/- 1.5e-01 | dlogz: 10003.037 >  0.500
 loglike: -1.0e+04 | params: [-0.07910286 -0.74537525  1.06884225  6.20533031 32.29584714]
 Average call time: 1.83 sec | Current time: 2019-07-03 11:49:50.460964
 --------------------------
iter: 10 | batch: 0 | nc: 1 | ncalls: 10 | bounds: 0 | eff(%):  3.226 | logz: -1.0e+04 +/- 1.5e-01 | dlogz: 10002.910 >  0.500
 loglike: -1.0e+04 | params: [-0.26836277 -0.94848633  4.81653835  1.52553513 27.82645714]
 Average call time: 2.22 sec | Current time: 2019-07-03 11:49:52.682168
 --------------------------
iter: 11 | batch: 0 | nc: 1 | ncalls: 11 | bounds: 0 | eff(%):  3.537 | logz: -1.0e+04 +/- 1.5e-01 | dlogz: 10002.797 >  0.500
 loglike: -1.0e+04 | params: [-0.22633551 -0.57690573  1.37690621  3.01370965 32.59884061]
 Average call time: 2.00 sec | Current time: 2019-07-03 11:49:54.685355
 --------------------------
iter: 12 | batch: 0 | nc: 1 | ncalls: 12 | bounds: 0 | eff(%):  3.846 | logz: -1.0e+04 +/- 1.5e-01 | dlogz: 10002.696 >  0.500
 loglike: -1.0e+04 | params: [-0.13071566 -0.97455657  2.01194999  1.36355849 30.36609913]
 Average call time: 2.06 sec | Current time: 2019-07-03 11:49:56.748168
 --------------------------
iter: 13 | batch: 0 | nc: 1 | ncalls: 13 | bounds: 0 | eff(%):  4.153 | logz: -1.0e+04 +/- 1.5e-01 | dlogz: 10002.603 >  0.500
 loglike: -1.0e+04 | params: [-0.16536829 -0.21705146  5.55590311  7.02486186 32.79257535]
 Average call time: 2.04 sec | Current time: 2019-07-03 11:49:58.789901
 --------------------------
iter: 14 | batch: 0 | nc: 1 | ncalls: 14 | bounds: 0 | eff(%):  4.459 | logz: -1.0e+04 +/- 1.4e-01 | dlogz: 10002.518 >  0.500
 loglike: -1.0e+04 | params: [-1.14663926e-02 -9.04196133e-01  4.94365071e+00  2.60300537e+00
  3.04085919e+01]
 Average call time: 1.99 sec | Current time: 2019-07-03 11:50:00.782454
 --------------------------
iter: 15 | batch: 0 | nc: 1 | ncalls: 15 | bounds: 0 | eff(%):  4.762 | logz: -1.0e+04 +/- 1.4e-01 | dlogz: 10002.439 >  0.500
 loglike: -1.0e+04 | params: [-0.06341687 -1.39837757  1.02975261  3.79729282 31.74136646]
 Average call time: 2.00 sec | Current time: 2019-07-03 11:50:02.784489
 --------------------------
iter: 16 | batch: 0 | nc: 1 | ncalls: 16 | bounds: 0 | eff(%):  5.063 | logz: -1.0e+04 +/- 1.4e-01 | dlogz: 10002.366 >  0.500
 loglike: -1.0e+04 | params: [ 0.19221164 -0.4196379   1.62965517  5.78083049 30.69296562]
 Average call time: 1.77 sec | Current time: 2019-07-03 11:50:04.554627
 --------------------------
iter: 17 | batch: 0 | nc: 1 | ncalls: 17 | bounds: 0 | eff(%):  5.363 | logz: -1.0e+04 +/- 1.4e-01 | dlogz: 10002.298 >  0.500
 loglike: -1.0e+04 | params: [-0.2099612  -0.32217894  1.5067203   3.28320918 31.45438006]
 Average call time: 1.80 sec | Current time: 2019-07-03 11:50:06.356471
 --------------------------
iter: 18 | batch: 0 | nc: 1 | ncalls: 18 | bounds: 0 | eff(%):  5.660 | logz: -1.0e+04 +/- 1.4e-01 | dlogz: 10002.234 >  0.500
 loglike: -1.0e+04 | params: [-0.49067464 -0.10772599  3.30111743  0.65003765 32.45958523]
 Average call time: 2.01 sec | Current time: 2019-07-03 11:50:08.370235
 --------------------------
iter: 19 | batch: 0 | nc: 1 | ncalls: 19 | bounds: 0 | eff(%):  5.956 | logz: -1.0e+04 +/- 1.4e-01 | dlogz: 10002.173 >  0.500
 loglike: -1.0e+04 | params: [ 0.15184554 -0.84573986  5.01073821  1.23575791 31.22556583]
 Average call time: 1.86 sec | Current time: 2019-07-03 11:50:10.231123
 --------------------------
iter: 20 | batch: 0 | nc: 1 | ncalls: 20 | bounds: 0 | eff(%):  6.250 | logz: -1.0e+04 +/- 1.4e-01 | dlogz: 10002.116 >  0.500
 loglike: -1.0e+04 | params: [-0.22999696 -1.25869321  4.63187986  6.69867134 28.91327337]
 Average call time: 1.86 sec | Current time: 2019-07-03 11:50:12.088027
 --------------------------
iter: 21 | batch: 0 | nc: 1 | ncalls: 21 | bounds: 0 | eff(%):  6.542 | logz: -1.0e+04 +/- 1.3e-01 | dlogz: 10002.062 >  0.500
 loglike: -1.0e+04 | params: [ 0.23354902 -0.79093322  3.83072198  1.25880683 27.59846651]
 Average call time: 3.42 sec | Current time: 2019-07-03 11:50:15.504909
 --------------------------
iter: 22 | batch: 0 | nc: 1 | ncalls: 22 | bounds: 0 | eff(%):  6.832 | logz: -1.0e+04 +/- 1.3e-01 | dlogz: 10002.010 >  0.500
 loglike: -1.0e+04 | params: [ 2.84359811e-02 -1.17181184e+00  5.62433814e+00  3.59291197e+00
  3.24558958e+01]
 Average call time: 2.00 sec | Current time: 2019-07-03 11:50:17.504141
 --------------------------
iter: 23 | batch: 0 | nc: 1 | ncalls: 23 | bounds: 0 | eff(%):  7.121 | logz: -1.0e+04 +/- 1.3e-01 | dlogz: 10001.961 >  0.500
 loglike: -1.0e+04 | params: [-0.09909001 -0.25114447  1.93016992  2.2800289  30.49834557]
 Average call time: 2.03 sec | Current time: 2019-07-03 11:50:19.533600
 --------------------------
iter: 24 | batch: 0 | nc: 1 | ncalls: 24 | bounds: 0 | eff(%):  7.407 | logz: -1.0e+04 +/- 1.3e-01 | dlogz: 10001.913 >  0.500
 loglike: -1.0e+04 | params: [ 0.1974636  -1.4140569   5.09148674  1.4005215  29.63823663]
 Average call time: 1.84 sec | Current time: 2019-07-03 11:50:21.377382
 --------------------------
iter: 25 | batch: 0 | nc: 1 | ncalls: 25 | bounds: 0 | eff(%):  7.692 | logz: -1.0e+04 +/- 1.3e-01 | dlogz: 10001.868 >  0.500
 loglike: -1.0e+04 | params: [-0.22510943 -1.40133182  4.9390444   4.14786567 28.06103102]
 Average call time: 2.01 sec | Current time: 2019-07-03 11:50:23.391140
 --------------------------
iter: 26 | batch: 0 | nc: 1 | ncalls: 26 | bounds: 0 | eff(%):  7.975 | logz: -1.0e+04 +/- 1.3e-01 | dlogz: 10001.825 >  0.500
 loglike: -1.0e+04 | params: [-0.10937659 -0.6134864   3.22269307  1.22976324 32.76758466]
 Average call time: 2.04 sec | Current time: 2019-07-03 11:50:25.430538
 --------------------------
iter: 27 | batch: 0 | nc: 1 | ncalls: 27 | bounds: 0 | eff(%):  8.257 | logz: -1.0e+04 +/- 1.3e-01 | dlogz: 10001.783 >  0.500
 loglike: -1.0e+04 | params: [-0.18667267 -1.30496229  4.25496538  4.74445267 28.52842503]
 Average call time: 1.77 sec | Current time: 2019-07-03 11:50:27.203285
 --------------------------
iter: 28 | batch: 0 | nc: 1 | ncalls: 28 | bounds: 0 | eff(%):  8.537 | logz: -1.0e+04 +/- 1.3e-01 | dlogz: 10001.743 >  0.500
 loglike: -1.0e+04 | params: [-0.28442538 -0.29208171  1.28103814  2.29771434 32.62026836]
 Average call time: 2.04 sec | Current time: 2019-07-03 11:50:29.244048
 --------------------------
iter: 29 | batch: 0 | nc: 1 | ncalls: 29 | bounds: 0 | eff(%):  8.815 | logz: -1.0e+04 +/- 1.3e-01 | dlogz: 10001.704 >  0.500
 loglike: -1.0e+04 | params: [ 0.12880493 -0.13773922  3.97308544  6.21066042 29.06459997]
 Average call time: 1.82 sec | Current time: 2019-07-03 11:50:31.067542
 --------------------------
iter: 30 | batch: 0 | nc: 1 | ncalls: 30 | bounds: 0 | eff(%):  9.091 | logz: -1.0e+04 +/- 1.3e-01 | dlogz: 10001.667 >  0.500
 loglike: -1.0e+04 | params: [-0.45514308 -1.22356937  1.23677639  5.43155945 30.56774868]
 Average call time: 2.12 sec | Current time: 2019-07-03 11:50:33.185032
 --------------------------
iter: 31 | batch: 0 | nc: 1 | ncalls: 31 | bounds: 0 | eff(%):  9.366 | logz: -1.0e+04 +/- 1.2e-01 | dlogz: 10001.631 >  0.500
 loglike: -1.0e+04 | params: [-0.36666398 -1.1753018   4.62195199  5.08874745 31.76720942]
 Average call time: 1.98 sec | Current time: 2019-07-03 11:50:35.167213
 --------------------------
iter: 32 | batch: 0 | nc: 1 | ncalls: 32 | bounds: 0 | eff(%):  9.639 | logz: -1.0e+04 +/- 1.2e-01 | dlogz: 10001.596 >  0.500
 loglike: -1.0e+04 | params: [ 0.08928889 -1.28253401  1.43744077  2.1283797  30.84070447]
 Average call time: 2.01 sec | Current time: 2019-07-03 11:50:37.177212
 --------------------------
iter: 33 | batch: 0 | nc: 1 | ncalls: 33 | bounds: 0 | eff(%):  9.910 | logz: -1.0e+04 +/- 1.2e-01 | dlogz: 10001.562 >  0.500
 loglike: -1.0e+04 | params: [-0.07271908 -0.16598521  5.59070933  1.30384102 27.71391003]
 Average call time: 1.91 sec | Current time: 2019-07-03 11:50:39.087855
 --------------------------
iter: 34 | batch: 0 | nc: 1 | ncalls: 34 | bounds: 0 | eff(%): 10.180 | logz: -1.0e+04 +/- 1.2e-01 | dlogz: 10001.529 >  0.500
 loglike: -1.0e+04 | params: [ 0.18409216 -0.3142138   5.96040733  7.67453392 31.75178481]
 Average call time: 1.87 sec | Current time: 2019-07-03 11:50:40.960424
 --------------------------
iter: 35 | batch: 0 | nc: 1 | ncalls: 35 | bounds: 0 | eff(%): 10.448 | logz: -1.0e+04 +/- 1.2e-01 | dlogz: 10001.497 >  0.500
 loglike: -1.0e+04 | params: [-0.49429139 -0.15549303  5.98776474  6.46743202 27.1810076 ]
 Average call time: 2.05 sec | Current time: 2019-07-03 11:50:43.008329
 --------------------------
iter: 36 | batch: 0 | nc: 1 | ncalls: 36 | bounds: 0 | eff(%): 10.714 | logz: -1.0e+04 +/- 1.2e-01 | dlogz: 10001.466 >  0.500
 loglike: -1.0e+04 | params: [-0.09850739 -0.58499925  5.2571182   3.33866823 28.56838215]
 Average call time: 2.04 sec | Current time: 2019-07-03 11:50:45.052735
 --------------------------
iter: 37 | batch: 0 | nc: 1 | ncalls: 37 | bounds: 0 | eff(%): 10.979 | logz: -1.0e+04 +/- 1.2e-01 | dlogz: 10001.435 >  0.500
 loglike: -1.0e+04 | params: [ 0.06609324 -0.31338603  4.93644851  7.58747676 29.40124942]
 Average call time: 6.89 sec | Current time: 2019-07-03 11:50:51.939281
 --------------------------
iter: 38 | batch: 0 | nc: 1 | ncalls: 38 | bounds: 0 | eff(%): 11.243 | logz: -1.0e+04 +/- 1.2e-01 | dlogz: 10001.406 >  0.500
 loglike: -1.0e+04 | params: [-0.45959474 -0.82252739  5.91002371  1.07914733 27.71628539]
 Average call time: 4.19 sec | Current time: 2019-07-03 11:50:56.131658
 --------------------------
iter: 39 | batch: 0 | nc: 1 | ncalls: 39 | bounds: 0 | eff(%): 11.504 | logz: -1.0e+04 +/- 1.2e-01 | dlogz: 10001.377 >  0.500
 loglike: -1.0e+04 | params: [ 0.1749739  -0.87486969  3.67925831  0.14904728 28.80385023]
 Average call time: 2.05 sec | Current time: 2019-07-03 11:50:58.178128
 --------------------------
iter: 40 | batch: 0 | nc: 1 | ncalls: 40 | bounds: 0 | eff(%): 11.765 | logz: -1.0e+04 +/- 1.2e-01 | dlogz: 10001.349 >  0.500
 loglike: -1.0e+04 | params: [-0.09588611 -0.73855507  4.21540442  4.40300152 28.90952667]
 Average call time: 2.15 sec | Current time: 2019-07-03 11:51:00.324369
 --------------------------
iter: 41 | batch: 0 | nc: 1 | ncalls: 41 | bounds: 0 | eff(%): 12.023 | logz: -1.0e+04 +/- 1.2e-01 | dlogz: 10001.322 >  0.500
 loglike: -1.0e+04 | params: [ 0.0911435  -0.653362    3.0778943   2.69065223 32.52388883]
 Average call time: 1.98 sec | Current time: 2019-07-03 11:51:02.309007
 --------------------------
iter: 42 | batch: 0 | nc: 1 | ncalls: 42 | bounds: 0 | eff(%): 12.281 | logz: -1.0e+04 +/- 1.2e-01 | dlogz: 10001.295 >  0.500
 loglike: -1.0e+04 | params: [ 0.19785195 -1.48396237  1.4654114   1.1593066  30.76402215]
 Average call time: 5.79 sec | Current time: 2019-07-03 11:51:08.096588
 --------------------------
iter: 43 | batch: 0 | nc: 1 | ncalls: 43 | bounds: 0 | eff(%): 12.536 | logz: -1.0e+04 +/- 1.2e-01 | dlogz: 10001.269 >  0.500
 loglike: -1.0e+04 | params: [-0.17233012 -0.5817765   5.59099038  5.04331969 31.23598539]
 Average call time: 1.82 sec | Current time: 2019-07-03 11:51:09.916315
 --------------------------
iter: 44 | batch: 0 | nc: 1 | ncalls: 44 | bounds: 0 | eff(%): 12.791 | logz: -1.0e+04 +/- 1.2e-01 | dlogz: 10001.244 >  0.500
 loglike: -1.0e+04 | params: [-0.38762471 -0.38090489  5.15503496  5.10643357 29.62985929]
 Average call time: 1.98 sec | Current time: 2019-07-03 11:51:11.899820
 --------------------------
iter: 45 | batch: 0 | nc: 1 | ncalls: 45 | bounds: 0 | eff(%): 13.043 | logz: -1.0e+04 +/- 1.1e-01 | dlogz: 10001.219 >  0.500
 loglike: -1.0e+04 | params: [-0.1255596  -0.4617844   1.38058808  1.91565723 29.9842072 ]
 Average call time: 2.03 sec | Current time: 2019-07-03 11:51:13.924966
 --------------------------
iter: 46 | batch: 0 | nc: 1 | ncalls: 46 | bounds: 0 | eff(%): 13.295 | logz: -1.0e+04 +/- 1.1e-01 | dlogz: 10001.194 >  0.500
 loglike: -1.0e+04 | params: [-0.09290695 -0.75759766  5.00641484  2.53287818 27.68411867]
 Average call time: 2.03 sec | Current time: 2019-07-03 11:51:15.955696
 --------------------------
iter: 47 | batch: 0 | nc: 1 | ncalls: 47 | bounds: 0 | eff(%): 13.545 | logz: -1.0e+04 +/- 1.1e-01 | dlogz: 10001.170 >  0.500
 loglike: -1.0e+04 | params: [-0.07978922 -0.34633672  3.17593463  0.7599177  30.59156321]
 Average call time: 2.03 sec | Current time: 2019-07-03 11:51:17.981366
 --------------------------
iter: 48 | batch: 0 | nc: 1 | ncalls: 48 | bounds: 0 | eff(%): 13.793 | logz: -1.0e+04 +/- 1.1e-01 | dlogz: 10001.147 >  0.500
 loglike: -1.0e+04 | params: [ 0.1345481  -1.22511649  5.56484596  0.91885289 27.76094287]
 Average call time: 3.85 sec | Current time: 2019-07-03 11:51:21.831380
 --------------------------
iter: 49 | batch: 0 | nc: 1 | ncalls: 49 | bounds: 0 | eff(%): 14.040 | logz: -1.0e+04 +/- 1.1e-01 | dlogz: 10001.124 >  0.500
 loglike: -1.0e+04 | params: [-0.12308033 -0.69468271  5.09601034  0.55121354 31.01653046]
 Average call time: 2.03 sec | Current time: 2019-07-03 11:51:23.864959
 --------------------------
iter: 50 | batch: 0 | nc: 1 | ncalls: 50 | bounds: 0 | eff(%): 14.286 | logz: -1.0e+04 +/- 1.1e-01 | dlogz: 10001.101 >  0.500
 loglike: -1.0e+04 | params: [ 0.09680961 -1.12253377  3.65240752  0.54480358 27.82399503]
 Average call time: 2.05 sec | Current time: 2019-07-03 11:51:25.919026
 --------------------------
iter: 51 | batch: 0 | nc: 1 | ncalls: 51 | bounds: 0 | eff(%): 14.530 | logz: -1.0e+04 +/- 1.1e-01 | dlogz: 10001.079 >  0.500
 loglike: -1.0e+04 | params: [ 0.04499385 -0.14986824  4.895819    4.83332277 28.74675147]
 Average call time: 1.88 sec | Current time: 2019-07-03 11:51:27.803426
 --------------------------
iter: 52 | batch: 0 | nc: 1 | ncalls: 52 | bounds: 0 | eff(%): 14.773 | logz: -1.0e+04 +/- 1.1e-01 | dlogz: 10001.057 >  0.500
 loglike: -1.0e+04 | params: [ 2.05957431e-02 -9.64908938e-01  4.84008859e+00  6.55688915e+00
  3.25604622e+01]
 Average call time: 2.05 sec | Current time: 2019-07-03 11:51:29.852623
 --------------------------
iter: 53 | batch: 0 | nc: 1 | ncalls: 53 | bounds: 0 | eff(%): 15.014 | logz: -1.0e+04 +/- 1.1e-01 | dlogz: 10001.036 >  0.500
 loglike: -1.0e+04 | params: [-0.38645355 -0.99723801  4.28775889  0.67940609 27.33003837]
 Average call time: 1.98 sec | Current time: 2019-07-03 11:51:31.829158
 --------------------------
iter: 54 | batch: 0 | nc: 1 | ncalls: 54 | bounds: 0 | eff(%): 15.254 | logz: -1.0e+04 +/- 1.1e-01 | dlogz: 10001.015 >  0.500
 loglike: -1.0e+04 | params: [-0.42704919 -1.04862524  1.30133311  4.70710557 31.34649942]
 Average call time: 1.99 sec | Current time: 2019-07-03 11:51:33.821080
 --------------------------
iter: 55 | batch: 0 | nc: 1 | ncalls: 55 | bounds: 0 | eff(%): 15.493 | logz: -1.0e+04 +/- 1.1e-01 | dlogz: 10000.995 >  0.500
 loglike: -1.0e+04 | params: [ 0.06307623 -0.4528509   1.56679387  2.36697941 28.57286762]
 Average call time: 1.86 sec | Current time: 2019-07-03 11:51:35.676234
 --------------------------
iter: 56 | batch: 0 | nc: 1 | ncalls: 56 | bounds: 0 | eff(%): 15.730 | logz: -1.0e+04 +/- 1.1e-01 | dlogz: 10000.974 >  0.500
 loglike: -1.0e+04 | params: [-0.25760389 -0.61427729  5.26949284  2.36779316 28.03840336]
 Average call time: 6.73 sec | Current time: 2019-07-03 11:51:42.404133
 --------------------------
iter: 57 | batch: 0 | nc: 1 | ncalls: 57 | bounds: 0 | eff(%): 15.966 | logz: -1.0e+04 +/- 1.1e-01 | dlogz: 10000.954 >  0.500
 loglike: -1.0e+04 | params: [-3.99484096e-01 -8.01925703e-03  1.89748935e+00  2.60861990e+00
  3.04097484e+01]
 Average call time: 3.75 sec | Current time: 2019-07-03 11:51:46.149620
 --------------------------
iter: 58 | batch: 0 | nc: 1 | ncalls: 58 | bounds: 0 | eff(%): 16.201 | logz: -1.0e+04 +/- 1.1e-01 | dlogz: 10000.935 >  0.500
 loglike: -1.0e+04 | params: [-0.49298857 -0.14902707  5.88620715  4.49946797 27.50864306]
 Average call time: 2.08 sec | Current time: 2019-07-03 11:51:48.227150
 --------------------------
iter: 59 | batch: 0 | nc: 1 | ncalls: 59 | bounds: 0 | eff(%): 16.435 | logz: -1.0e+04 +/- 1.1e-01 | dlogz: 10000.916 >  0.500
 loglike: -1.0e+04 | params: [ 0.23087135 -0.49831964  2.27826643  0.9556608  31.65708434]
 Average call time: 2.11 sec | Current time: 2019-07-03 11:51:50.340130
 --------------------------
iter: 60 | batch: 0 | nc: 1 | ncalls: 60 | bounds: 0 | eff(%): 16.667 | logz: -1.0e+04 +/- 1.1e-01 | dlogz: 10000.897 >  0.500
 loglike: -1.0e+04 | params: [ 0.08685849 -0.35759413  5.57201557  5.30311998 30.41020549]
 Average call time: 1.88 sec | Current time: 2019-07-03 11:51:52.224583
 --------------------------
iter: 61 | batch: 0 | nc: 1 | ncalls: 61 | bounds: 0 | eff(%): 16.898 | logz: -1.0e+04 +/- 1.1e-01 | dlogz: 10000.878 >  0.500
 loglike: -1.0e+04 | params: [-0.34868323 -0.45255544  5.76097705  7.13070997 32.96140418]
 Average call time: 2.03 sec | Current time: 2019-07-03 11:51:54.253615
 --------------------------
iter: 62 | batch: 0 | nc: 1 | ncalls: 62 | bounds: 0 | eff(%): 17.127 | logz: -1.0e+04 +/- 1.1e-01 | dlogz: 10000.860 >  0.500
 loglike: -1.0e+04 | params: [ 0.10428684 -0.77358883  5.38337524  1.30255174 28.31829802]
 Average call time: 1.85 sec | Current time: 2019-07-03 11:51:56.099822
 --------------------------
iter: 63 | batch: 0 | nc: 1 | ncalls: 63 | bounds: 0 | eff(%): 17.355 | logz: -1.0e+04 +/- 1.1e-01 | dlogz: 10000.842 >  0.500
 loglike: -1.0e+04 | params: [ 0.04995332 -1.40171915  5.07755641  6.89220783 27.18966319]
 Average call time: 2.03 sec | Current time: 2019-07-03 11:51:58.128257
 --------------------------
iter: 64 | batch: 0 | nc: 1 | ncalls: 64 | bounds: 0 | eff(%): 17.582 | logz: -1.0e+04 +/- 1.1e-01 | dlogz: 10000.824 >  0.500
 loglike: -1.0e+04 | params: [-0.44989757 -0.79043239  2.02808882  1.88100564 29.60627139]
 Average call time: 2.06 sec | Current time: 2019-07-03 11:52:00.183409
 --------------------------
iter: 65 | batch: 0 | nc: 1 | ncalls: 65 | bounds: 0 | eff(%): 17.808 | logz: -1.0e+04 +/- 1.0e-01 | dlogz: 10000.806 >  0.500
 loglike: -1.0e+04 | params: [-0.32531751 -0.25738659  5.45720965  6.53302361 32.76779994]
 Average call time: 1.88 sec | Current time: 2019-07-03 11:52:02.062335
 --------------------------
iter: 66 | batch: 0 | nc: 1 | ncalls: 66 | bounds: 0 | eff(%): 18.033 | logz: -1.0e+04 +/- 1.0e-01 | dlogz: 10000.789 >  0.500
 loglike: -1.0e+04 | params: [-2.11448731e-03 -1.43106470e+00  5.37776796e+00  7.54930638e+00
  3.28146349e+01]
 Average call time: 1.98 sec | Current time: 2019-07-03 11:52:04.042738
 --------------------------
iter: 67 | batch: 0 | nc: 1 | ncalls: 67 | bounds: 0 | eff(%): 18.256 | logz: -1.0e+04 +/- 1.0e-01 | dlogz: 10000.772 >  0.500
 loglike: -1.0e+04 | params: [ 0.06197599 -0.1008954   1.4420579   6.69133942 31.3882835 ]
 Average call time: 2.29 sec | Current time: 2019-07-03 11:52:06.329290
 --------------------------
iter: 68 | batch: 0 | nc: 1 | ncalls: 68 | bounds: 0 | eff(%): 18.478 | logz: -1.0e+04 +/- 1.0e-01 | dlogz: 10000.755 >  0.500
 loglike: -1.0e+04 | params: [ 0.11402763 -0.68231675  3.25627027  7.13540178 32.83958875]
 Average call time: 1.78 sec | Current time: 2019-07-03 11:52:08.109273
 --------------------------
iter: 69 | batch: 0 | nc: 1 | ncalls: 69 | bounds: 0 | eff(%): 18.699 | logz: -1.0e+04 +/- 1.0e-01 | dlogz: 10000.738 >  0.500
 loglike: -1.0e+04 | params: [ 0.05120889 -0.95157137  5.00801299  6.28361118 31.20813228]
 Average call time: 1.87 sec | Current time: 2019-07-03 11:52:09.977763
 --------------------------
iter: 70 | batch: 0 | nc: 1 | ncalls: 70 | bounds: 0 | eff(%): 18.919 | logz: -1.0e+04 +/- 1.0e-01 | dlogz: 10000.722 >  0.500
 loglike: -1.0e+04 | params: [-0.49707752 -1.22356059  5.63983048  5.52335224 31.88876541]
 Average call time: 1.96 sec | Current time: 2019-07-03 11:52:11.935392
 --------------------------
iter: 71 | batch: 0 | nc: 1 | ncalls: 71 | bounds: 0 | eff(%): 19.137 | logz: -1.0e+04 +/- 1.0e-01 | dlogz: 10000.705 >  0.500
 loglike: -1.0e+04 | params: [ 0.24255915 -1.37896492  3.86755873  6.94549562 28.47843091]
 Average call time: 1.99 sec | Current time: 2019-07-03 11:52:13.926607
 --------------------------
iter: 72 | batch: 0 | nc: 1 | ncalls: 72 | bounds: 0 | eff(%): 19.355 | logz: -1.0e+04 +/- 1.0e-01 | dlogz: 10000.689 >  0.500
 loglike: -1.0e+04 | params: [-0.05499862 -0.03620698  1.96905579  2.41419844 29.9785185 ]
 Average call time: 1.82 sec | Current time: 2019-07-03 11:52:15.747962
 --------------------------
iter: 73 | batch: 0 | nc: 1 | ncalls: 73 | bounds: 0 | eff(%): 19.571 | logz: -1.0e+04 +/- 1.0e-01 | dlogz: 10000.674 >  0.500
 loglike: -1.0e+04 | params: [-9.68597733e-03 -5.90081091e-01  4.53937141e+00  2.58218696e+00
  2.96751211e+01]
 Average call time: 1.84 sec | Current time: 2019-07-03 11:52:17.592667
 --------------------------
iter: 74 | batch: 0 | nc: 1 | ncalls: 74 | bounds: 0 | eff(%): 19.786 | logz: -1.0e+04 +/- 1.0e-01 | dlogz: 10000.658 >  0.500
 loglike: -1.0e+04 | params: [-0.03291756 -0.75947603  5.2026885   5.7255662  29.66345389]
 Average call time: 2.04 sec | Current time: 2019-07-03 11:52:19.636469
 --------------------------
iter: 75 | batch: 0 | nc: 1 | ncalls: 75 | bounds: 0 | eff(%): 20.000 | logz: -1.0e+04 +/- 1.0e-01 | dlogz: 10000.643 >  0.500
 loglike: -1.0e+04 | params: [-0.44243546 -0.09481959  5.1791243   7.78368701 31.93904902]
 Average call time: 2.00 sec | Current time: 2019-07-03 11:52:21.638063
 --------------------------
iter: 76 | batch: 0 | nc: 1 | ncalls: 76 | bounds: 0 | eff(%): 20.213 | logz: -1.0e+04 +/- 1.0e-01 | dlogz: 10000.627 >  0.500
 loglike: -1.0e+04 | params: [-0.47672385 -0.95514036  4.65360896  3.85697593 29.06650182]
 Average call time: 1.98 sec | Current time: 2019-07-03 11:52:23.613227
 --------------------------
iter: 77 | batch: 0 | nc: 1 | ncalls: 77 | bounds: 0 | eff(%): 20.424 | logz: -1.0e+04 +/- 1.0e-01 | dlogz: 10000.612 >  0.500
 loglike: -1.0e+04 | params: [-0.15853454 -0.21126434  2.62788216  2.76700047 32.50881912]
 Average call time: 1.81 sec | Current time: 2019-07-03 11:52:25.422778
 --------------------------
iter: 78 | batch: 0 | nc: 1 | ncalls: 78 | bounds: 0 | eff(%): 20.635 | logz: -1.0e+04 +/- 9.9e-02 | dlogz: 10000.597 >  0.500
 loglike: -1.0e+04 | params: [-2.20976300e-02 -1.25107402e+00  5.37061583e+00  8.54978249e-01
  3.05407360e+01]
 Average call time: 1.82 sec | Current time: 2019-07-03 11:52:27.242817
 --------------------------
iter: 79 | batch: 0 | nc: 1 | ncalls: 79 | bounds: 0 | eff(%): 20.844 | logz: -1.0e+04 +/- 9.9e-02 | dlogz: 10000.583 >  0.500
 loglike: -1.0e+04 | params: [-0.21993222 -1.48138953  5.60951669  6.99888096 29.11048093]
 Average call time: 2.04 sec | Current time: 2019-07-03 11:52:29.287021
 --------------------------
iter: 80 | batch: 0 | nc: 1 | ncalls: 80 | bounds: 0 | eff(%): 21.053 | logz: -1.0e+04 +/- 9.9e-02 | dlogz: 10000.568 >  0.500
 loglike: -1.0e+04 | params: [ 0.11239589 -1.15602043  4.3255821   4.64729884 27.47623201]
 Average call time: 1.84 sec | Current time: 2019-07-03 11:52:31.130083
 --------------------------
iter: 81 | batch: 0 | nc: 1 | ncalls: 81 | bounds: 0 | eff(%): 21.260 | logz: -1.0e+04 +/- 9.8e-02 | dlogz: 10000.554 >  0.500
 loglike: -1.0e+04 | params: [-0.46825849 -0.21446625  1.73771069  0.91431388 27.63809251]
 Average call time: 1.86 sec | Current time: 2019-07-03 11:52:32.992984
 --------------------------
iter: 82 | batch: 0 | nc: 1 | ncalls: 82 | bounds: 0 | eff(%): 21.466 | logz: -1.0e+04 +/- 9.8e-02 | dlogz: 10000.539 >  0.500
 loglike: -1.0e+04 | params: [-0.28006133 -0.70482476  5.3316276   6.9633916  29.13901981]
 Average call time: 2.05 sec | Current time: 2019-07-03 11:52:35.039805
 --------------------------
iter: 83 | batch: 0 | nc: 1 | ncalls: 83 | bounds: 0 | eff(%): 21.671 | logz: -1.0e+04 +/- 9.8e-02 | dlogz: 10000.525 >  0.500
 loglike: -1.0e+04 | params: [-0.4264044  -0.84265907  5.73743116  0.42860066 28.86508534]
 Average call time: 2.04 sec | Current time: 2019-07-03 11:52:37.082141
 --------------------------
iter: 84 | batch: 0 | nc: 1 | ncalls: 84 | bounds: 0 | eff(%): 21.875 | logz: -1.0e+04 +/- 9.7e-02 | dlogz: 10000.511 >  0.500
 loglike: -1.0e+04 | params: [ 0.08671518 -0.30673478  5.26290325  4.39673939 30.54377142]
 Average call time: 2.06 sec | Current time: 2019-07-03 11:52:39.138244
 --------------------------
iter: 85 | batch: 0 | nc: 1 | ncalls: 85 | bounds: 0 | eff(%): 22.078 | logz: -1.0e+04 +/- 9.7e-02 | dlogz: 10000.498 >  0.500
 loglike: -1.0e+04 | params: [-0.44531733 -0.52374139  4.77843074  7.46359969 29.25842496]
 Average call time: 1.84 sec | Current time: 2019-07-03 11:52:40.979571
 --------------------------
iter: 86 | batch: 0 | nc: 1 | ncalls: 86 | bounds: 0 | eff(%): 22.280 | logz: -1.0e+04 +/- 9.6e-02 | dlogz: 10000.484 >  0.500
 loglike: -1.0e+04 | params: [-0.28789073 -1.13730192  5.35675959  3.00004564 32.32821467]
 Average call time: 1.83 sec | Current time: 2019-07-03 11:52:42.804899
 --------------------------
iter: 87 | batch: 0 | nc: 1 | ncalls: 87 | bounds: 0 | eff(%): 22.481 | logz: -1.0e+04 +/- 9.6e-02 | dlogz: 10000.470 >  0.500
 loglike: -1.0e+04 | params: [-0.27730454 -0.94208353  5.13849679  7.21900233 29.56382271]
 Average call time: 1.84 sec | Current time: 2019-07-03 11:52:44.647597
 --------------------------
iter: 88 | batch: 0 | nc: 1 | ncalls: 88 | bounds: 0 | eff(%): 22.680 | logz: -1.0e+04 +/- 9.6e-02 | dlogz: 10000.457 >  0.500
 loglike: -1.0e+04 | params: [-5.84488351e-03 -1.22510048e+00  4.98705654e+00  4.93770269e+00
  3.03339203e+01]
 Average call time: 1.84 sec | Current time: 2019-07-03 11:52:46.485313
 --------------------------
iter: 89 | batch: 0 | nc: 1 | ncalls: 89 | bounds: 0 | eff(%): 22.879 | logz: -1.0e+04 +/- 9.5e-02 | dlogz: 10000.444 >  0.500
 loglike: -1.0e+04 | params: [-1.33358708e-02 -1.32888072e+00  4.52675546e+00  2.94185965e+00
  2.95375583e+01]
 Average call time: 1.76 sec | Current time: 2019-07-03 11:52:48.247138
 --------------------------
iter: 90 | batch: 0 | nc: 1 | ncalls: 90 | bounds: 0 | eff(%): 23.077 | logz: -1.0e+04 +/- 9.5e-02 | dlogz: 10000.431 >  0.500
 loglike: -1.0e+04 | params: [-0.26484338 -0.64754092  1.1678251   7.81703655 32.82353527]
 Average call time: 1.88 sec | Current time: 2019-07-03 11:52:50.127055
 --------------------------
iter: 91 | batch: 0 | nc: 1 | ncalls: 91 | bounds: 0 | eff(%): 23.274 | logz: -1.0e+04 +/- 9.5e-02 | dlogz: 10000.418 >  0.500
 loglike: -1.0e+04 | params: [-0.28829551 -0.51326887  4.88542996  7.56941056 31.00864817]
 Average call time: 2.06 sec | Current time: 2019-07-03 11:52:52.183216
 --------------------------
iter: 92 | batch: 0 | nc: 1 | ncalls: 92 | bounds: 0 | eff(%): 23.469 | logz: -1.0e+04 +/- 9.4e-02 | dlogz: 10000.405 >  0.500
 loglike: -1.0e+04 | params: [-0.16210986 -0.23962052  5.11260281  7.44844194 31.21234695]
 Average call time: 2.09 sec | Current time: 2019-07-03 11:52:54.273230
 --------------------------
iter: 93 | batch: 0 | nc: 1 | ncalls: 93 | bounds: 0 | eff(%): 23.664 | logz: -1.0e+04 +/- 9.4e-02 | dlogz: 10000.392 >  0.500
 loglike: -1.0e+04 | params: [-2.78813415e-02 -4.70729887e-01  2.20191269e+00  6.32462953e+00
  3.21388647e+01]
 Average call time: 2.04 sec | Current time: 2019-07-03 11:52:56.310461
 --------------------------
iter: 94 | batch: 0 | nc: 1 | ncalls: 94 | bounds: 0 | eff(%): 23.858 | logz: -1.0e+04 +/- 9.4e-02 | dlogz: 10000.380 >  0.500
 loglike: -1.0e+04 | params: [-0.3459994  -0.17522665  4.47911781  5.71613427 29.21874683]
 Average call time: 2.03 sec | Current time: 2019-07-03 11:52:58.343174
 --------------------------
iter: 95 | batch: 0 | nc: 1 | ncalls: 95 | bounds: 0 | eff(%): 24.051 | logz: -1.0e+04 +/- 9.3e-02 | dlogz: 10000.367 >  0.500
 loglike: -1.0e+04 | params: [-0.06629435 -1.37428661  3.97091304  1.49808881 29.52520337]
 Average call time: 2.08 sec | Current time: 2019-07-03 11:53:00.423334
 --------------------------
iter: 96 | batch: 0 | nc: 1 | ncalls: 96 | bounds: 0 | eff(%): 24.242 | logz: -1.0e+04 +/- 9.3e-02 | dlogz: 10000.355 >  0.500
 loglike: -1.0e+04 | params: [-0.32009445 -1.30870746  5.47800993  7.28960414 30.77327532]
 Average call time: 2.09 sec | Current time: 2019-07-03 11:53:02.509876
 --------------------------
iter: 97 | batch: 0 | nc: 1 | ncalls: 97 | bounds: 0 | eff(%): 24.433 | logz: -1.0e+04 +/- 9.3e-02 | dlogz: 10000.342 >  0.500
 loglike: -1.0e+04 | params: [-0.38182945 -0.40411568  5.94548212  6.2600073  32.87720828]
 Average call time: 2.08 sec | Current time: 2019-07-03 11:53:04.586648
 --------------------------
iter: 98 | batch: 0 | nc: 1 | ncalls: 98 | bounds: 0 | eff(%): 24.623 | logz: -1.0e+04 +/- 9.2e-02 | dlogz: 10000.330 >  0.500
 loglike: -1.0e+04 | params: [-0.24996804 -0.72278175  2.97344292  0.34529183 30.46103906]
 Average call time: 2.09 sec | Current time: 2019-07-03 11:53:06.675021
 --------------------------
iter: 99 | batch: 0 | nc: 1 | ncalls: 99 | bounds: 0 | eff(%): 24.812 | logz: -1.0e+04 +/- 9.2e-02 | dlogz: 10000.318 >  0.500
 loglike: -1.0e+04 | params: [ 0.13768881 -0.0727667   4.41489399  0.70168413 29.46046766]
 Average call time: 1.83 sec | Current time: 2019-07-03 11:53:08.507567
 --------------------------
iter: 100 | batch: 0 | nc: 1 | ncalls: 100 | bounds: 0 | eff(%): 25.000 | logz: -1.0e+04 +/- 9.2e-02 | dlogz: 10000.306 >  0.500
 loglike: -1.0e+04 | params: [-0.48302564 -1.18076716  4.63123352  5.41842347 27.23037821]
 Average call time: 1.89 sec | Current time: 2019-07-03 11:53:10.400397
 --------------------------
iter: 101 | batch: 0 | nc: 1 | ncalls: 101 | bounds: 0 | eff(%): 25.187 | logz: -1.0e+04 +/- 9.2e-02 | dlogz: 10000.294 >  0.500
 loglike: -1.0e+04 | params: [-0.23098453 -0.37328812  5.32835823  7.63831037 32.27738855]
 Average call time: 2.04 sec | Current time: 2019-07-03 11:53:12.440807
 --------------------------
iter: 102 | batch: 0 | nc: 1 | ncalls: 102 | bounds: 0 | eff(%): 25.373 | logz: -1.0e+04 +/- 9.1e-02 | dlogz: 10000.283 >  0.500
 loglike: -1.0e+04 | params: [ 0.14947187 -0.43191432  4.31885517  3.13988012 28.0758248 ]
 Average call time: 1.98 sec | Current time: 2019-07-03 11:53:14.418500
 --------------------------
iter: 103 | batch: 0 | nc: 1 | ncalls: 103 | bounds: 0 | eff(%): 25.558 | logz: -1.0e+04 +/- 9.1e-02 | dlogz: 10000.271 >  0.500
 loglike: -1.0e+04 | params: [ 0.05839904 -0.34946407  1.78273726  0.11818537 30.13012627]
 Average call time: 2.07 sec | Current time: 2019-07-03 11:53:16.491922
 --------------------------
iter: 104 | batch: 0 | nc: 1 | ncalls: 104 | bounds: 0 | eff(%): 25.743 | logz: -1.0e+04 +/- 9.1e-02 | dlogz: 10000.259 >  0.500
 loglike: -1.0e+04 | params: [ 0.06892834 -0.83824664  5.44279129  4.28159102 32.30994922]
 Average call time: 1.98 sec | Current time: 2019-07-03 11:53:18.467656
 --------------------------
iter: 105 | batch: 0 | nc: 1 | ncalls: 105 | bounds: 0 | eff(%): 25.926 | logz: -1.0e+04 +/- 9.0e-02 | dlogz: 10000.248 >  0.500
 loglike: -1.0e+04 | params: [-0.16049254 -0.47413072  1.30599811  5.95024425 31.03558047]
 Average call time: 1.85 sec | Current time: 2019-07-03 11:53:20.322154
 --------------------------
iter: 106 | batch: 0 | nc: 1 | ncalls: 106 | bounds: 0 | eff(%): 26.108 | logz: -1.0e+04 +/- 9.0e-02 | dlogz: 10000.237 >  0.500
 loglike: -1.0e+04 | params: [-0.11449681 -0.19669367  4.60173624  7.23837164 28.66568999]
 Average call time: 1.97 sec | Current time: 2019-07-03 11:53:22.293363
 --------------------------
iter: 107 | batch: 0 | nc: 1 | ncalls: 107 | bounds: 0 | eff(%): 26.290 | logz: -1.0e+04 +/- 9.0e-02 | dlogz: 10000.225 >  0.500
 loglike: -1.0e+04 | params: [-0.07470839 -0.20765759  1.45585596  1.4344141  28.98364379]
 Average call time: 9.62 sec | Current time: 2019-07-03 11:53:31.910805
 --------------------------
iter: 108 | batch: 0 | nc: 1 | ncalls: 108 | bounds: 0 | eff(%): 26.471 | logz: -1.0e+04 +/- 8.9e-02 | dlogz: 10000.214 >  0.500
 loglike: -1.0e+04 | params: [-0.30750093 -0.45044511  5.50784448  7.87116937 30.84547687]
 Average call time: 5.98 sec | Current time: 2019-07-03 11:53:37.889922
 --------------------------
iter: 109 | batch: 0 | nc: 1 | ncalls: 109 | bounds: 0 | eff(%): 26.650 | logz: -1.0e+04 +/- 8.9e-02 | dlogz: 10000.203 >  0.500
 loglike: -1.0e+04 | params: [-0.25249446 -0.58998718  5.11079894  5.06092402 27.70753835]
 Average call time: 2.03 sec | Current time: 2019-07-03 11:53:39.921838
 --------------------------
iter: 110 | batch: 0 | nc: 1 | ncalls: 110 | bounds: 0 | eff(%): 26.829 | logz: -1.0e+04 +/- 8.9e-02 | dlogz: 10000.192 >  0.500
 loglike: -1.0e+04 | params: [-0.35176021 -1.25143735  3.50495229  7.92261207 29.36395087]
 Average call time: 1.96 sec | Current time: 2019-07-03 11:53:41.885608
 --------------------------
iter: 111 | batch: 0 | nc: 1 | ncalls: 111 | bounds: 0 | eff(%): 27.007 | logz: -1.0e+04 +/- 8.9e-02 | dlogz: 10000.181 >  0.500
 loglike: -1.0e+04 | params: [ 0.04695783 -0.86254742  4.62813118  4.74525928 27.82242633]
 Average call time: 2.06 sec | Current time: 2019-07-03 11:53:43.945991
 --------------------------
iter: 112 | batch: 0 | nc: 1 | ncalls: 112 | bounds: 0 | eff(%): 27.184 | logz: -1.0e+04 +/- 8.8e-02 | dlogz: 10000.170 >  0.500
 loglike: -1.0e+04 | params: [-0.07643991 -1.05828812  4.1699746   5.18155733 30.31501149]
 Average call time: 1.85 sec | Current time: 2019-07-03 11:53:45.800559
 --------------------------
iter: 113 | batch: 0 | nc: 1 | ncalls: 113 | bounds: 0 | eff(%): 27.361 | logz: -1.0e+04 +/- 8.8e-02 | dlogz: 10000.159 >  0.500
 loglike: -1.0e+04 | params: [-0.20748413 -1.09931693  5.0108321   7.20712356 27.60952713]
 Average call time: 4.16 sec | Current time: 2019-07-03 11:53:49.965183
 --------------------------
iter: 114 | batch: 0 | nc: 1 | ncalls: 114 | bounds: 0 | eff(%): 27.536 | logz: -1.0e+04 +/- 8.8e-02 | dlogz: 10000.149 >  0.500
 loglike: -1.0e+04 | params: [-0.28727219 -0.69494096  4.86619357  7.05471429 30.82434868]
 Average call time: 1.83 sec | Current time: 2019-07-03 11:53:51.794381
 --------------------------
iter: 115 | batch: 0 | nc: 1 | ncalls: 115 | bounds: 0 | eff(%): 27.711 | logz: -1.0e+04 +/- 8.8e-02 | dlogz: 10000.138 >  0.500
 loglike: -1.0e+04 | params: [-0.46102158 -0.72602087  3.0249811   7.99723179 27.65142006]
 Average call time: 2.00 sec | Current time: 2019-07-03 11:53:53.795919
 --------------------------
iter: 116 | batch: 0 | nc: 1 | ncalls: 116 | bounds: 0 | eff(%): 27.885 | logz: -1.0e+04 +/- 8.7e-02 | dlogz: 10000.127 >  0.500
 loglike: -1.0e+04 | params: [-0.11027342 -1.18831348  5.37548903  1.87079668 27.83195596]
 Average call time: 2.09 sec | Current time: 2019-07-03 11:53:55.889518
 --------------------------
iter: 117 | batch: 0 | nc: 1 | ncalls: 117 | bounds: 0 | eff(%): 28.058 | logz: -1.0e+04 +/- 8.7e-02 | dlogz: 10000.117 >  0.500
 loglike: -1.0e+04 | params: [-0.43797336 -1.29625716  5.56353345  6.98822903 31.70198555]
 Average call time: 4.42 sec | Current time: 2019-07-03 11:54:00.309522
 --------------------------
iter: 118 | batch: 0 | nc: 1 | ncalls: 118 | bounds: 0 | eff(%): 28.230 | logz: -1.0e+04 +/- 8.7e-02 | dlogz: 10000.107 >  0.500
 loglike: -1.0e+04 | params: [ 0.04392947 -0.03931664  3.67740938  3.61390418 27.13266707]
 Average call time: 2.05 sec | Current time: 2019-07-03 11:54:02.360438
 --------------------------
iter: 119 | batch: 0 | nc: 1 | ncalls: 119 | bounds: 0 | eff(%): 28.401 | logz: -1.0e+04 +/- 8.6e-02 | dlogz: 10000.096 >  0.500
 loglike: -1.0e+04 | params: [-0.04550874 -0.05280521  5.8379574   7.44722759 28.10807899]
 Average call time: 2.62 sec | Current time: 2019-07-03 11:54:04.977782
 --------------------------
iter: 120 | batch: 0 | nc: 1 | ncalls: 120 | bounds: 0 | eff(%): 28.571 | logz: -1.0e+04 +/- 8.6e-02 | dlogz: 10000.086 >  0.500
 loglike: -1.0e+04 | params: [-0.03277838 -0.880556    2.81530601  0.38916324 32.20889226]
 Average call time: 2.07 sec | Current time: 2019-07-03 11:54:07.046670
 --------------------------
iter: 121 | batch: 0 | nc: 1 | ncalls: 121 | bounds: 0 | eff(%): 28.741 | logz: -1.0e+04 +/- 8.6e-02 | dlogz: 10000.076 >  0.500
 loglike: -1.0e+04 | params: [-0.0805012  -1.00664271  5.16302241  2.03681558 28.72813432]
 Average call time: 1.84 sec | Current time: 2019-07-03 11:54:08.881796
 --------------------------
iter: 122 | batch: 0 | nc: 1 | ncalls: 122 | bounds: 0 | eff(%): 28.910 | logz: -1.0e+04 +/- 8.6e-02 | dlogz: 10000.066 >  0.500
 loglike: -1.0e+04 | params: [-0.04804387 -0.91604976  3.06155387  4.30953799 32.25556204]
 Average call time: 2.05 sec | Current time: 2019-07-03 11:54:10.928757
 --------------------------
iter: 123 | batch: 0 | nc: 1 | ncalls: 123 | bounds: 0 | eff(%): 29.078 | logz: -1.0e+04 +/- 8.5e-02 | dlogz: 10000.056 >  0.500
 loglike: -1.0e+04 | params: [ 0.07323518 -0.22242305  5.19984344  4.42201532 30.26845015]
 Average call time: 1.83 sec | Current time: 2019-07-03 11:54:12.759243
 --------------------------
iter: 124 | batch: 0 | nc: 1 | ncalls: 124 | bounds: 0 | eff(%): 29.245 | logz: -1.0e+04 +/- 8.5e-02 | dlogz: 10000.046 >  0.500
 loglike: -1.0e+04 | params: [-0.49338854 -0.57044529  5.56185004  1.77950847 28.93290598]
 Average call time: 2.02 sec | Current time: 2019-07-03 11:54:14.777254
 --------------------------
iter: 125 | batch: 0 | nc: 1 | ncalls: 125 | bounds: 0 | eff(%): 29.412 | logz: -1.0e+04 +/- 8.5e-02 | dlogz: 10000.036 >  0.500
 loglike: -1.0e+04 | params: [-0.30376543 -0.15995718  5.11225403  2.16704025 28.24130346]
 Average call time: 2.02 sec | Current time: 2019-07-03 11:54:16.796723
 --------------------------
iter: 126 | batch: 0 | nc: 1 | ncalls: 126 | bounds: 0 | eff(%): 29.577 | logz: -1.0e+04 +/- 8.5e-02 | dlogz: 10000.026 >  0.500
 loglike: -1.0e+04 | params: [-0.10522282 -1.47385647  3.08692879  0.80328134 32.92367933]
 Average call time: 1.79 sec | Current time: 2019-07-03 11:54:18.584463
 --------------------------
iter: 127 | batch: 0 | nc: 1 | ncalls: 127 | bounds: 0 | eff(%): 29.742 | logz: -1.0e+04 +/- 8.4e-02 | dlogz: 10000.016 >  0.500
 loglike: -1.0e+04 | params: [ 0.21211644 -0.37176474  4.20132184  1.74618455 28.00719703]
 Average call time: 1.99 sec | Current time: 2019-07-03 11:54:20.579395
 --------------------------
iter: 128 | batch: 0 | nc: 1 | ncalls: 128 | bounds: 0 | eff(%): 29.907 | logz: -1.0e+04 +/- 8.4e-02 | dlogz: 10000.007 >  0.500
 loglike: -1.0e+04 | params: [-0.39220987 -0.82073066  1.02235537  2.58677175 30.66272812]
 Average call time: 1.78 sec | Current time: 2019-07-03 11:54:22.359763
 --------------------------
iter: 129 | batch: 0 | nc: 1 | ncalls: 129 | bounds: 0 | eff(%): 30.070 | logz: -1.0e+04 +/- 8.4e-02 | dlogz: 9999.997 >  0.500
 loglike: -1.0e+04 | params: [ 0.24542002 -0.71762968  1.5133845   0.51390106 28.971506  ]
 Average call time: 1.98 sec | Current time: 2019-07-03 11:54:24.335392
 --------------------------
iter: 130 | batch: 0 | nc: 1 | ncalls: 130 | bounds: 0 | eff(%): 30.233 | logz: -1.0e+04 +/- 8.4e-02 | dlogz: 9999.987 >  0.500
 loglike: -1.0e+04 | params: [-0.08017873 -0.24336877  1.28056783  7.1698686  32.37479704]
 Average call time: 2.01 sec | Current time: 2019-07-03 11:54:26.350244
 --------------------------
iter: 131 | batch: 0 | nc: 1 | ncalls: 131 | bounds: 0 | eff(%): 30.394 | logz: -1.0e+04 +/- 8.3e-02 | dlogz: 9999.978 >  0.500
 loglike: -1.0e+04 | params: [-0.16080614 -0.14260831  1.76595099  5.91804365 29.8482244 ]
 Average call time: 1.86 sec | Current time: 2019-07-03 11:54:28.213525
 --------------------------
iter: 132 | batch: 0 | nc: 1 | ncalls: 132 | bounds: 0 | eff(%): 30.556 | logz: -1.0e+04 +/- 8.3e-02 | dlogz: 9999.968 >  0.500
 loglike: -1.0e+04 | params: [ 0.23058012 -0.71147676  5.29055647  6.56876062 32.03134096]
 Average call time: 2.04 sec | Current time: 2019-07-03 11:54:30.256167
 --------------------------
iter: 133 | batch: 0 | nc: 1 | ncalls: 133 | bounds: 0 | eff(%): 30.716 | logz: -1.0e+04 +/- 8.3e-02 | dlogz: 9999.959 >  0.500
 loglike: -1.0e+04 | params: [ 4.62115947e-03 -1.36879258e+00  5.43482970e+00  6.28146995e+00
  2.89038265e+01]
 Average call time: 1.83 sec | Current time: 2019-07-03 11:54:32.085160
 --------------------------
iter: 134 | batch: 0 | nc: 1 | ncalls: 134 | bounds: 0 | eff(%): 30.876 | logz: -1.0e+04 +/- 8.3e-02 | dlogz: 9999.949 >  0.500
 loglike: -1.0e+04 | params: [ 0.11373534 -0.7386674   1.10596651  3.52482189 29.67787834]
 Average call time: 1.87 sec | Current time: 2019-07-03 11:54:33.956801
 --------------------------
iter: 135 | batch: 0 | nc: 1 | ncalls: 135 | bounds: 0 | eff(%): 31.034 | logz: -1.0e+04 +/- 8.2e-02 | dlogz: 9999.940 >  0.500
 loglike: -1.0e+04 | params: [-0.32088501 -0.2546314   4.72382088  4.73318411 29.95720712]
 Average call time: 2.04 sec | Current time: 2019-07-03 11:54:36.001369
 --------------------------
iter: 136 | batch: 0 | nc: 1 | ncalls: 136 | bounds: 0 | eff(%): 31.193 | logz: -1.0e+04 +/- 8.2e-02 | dlogz: 9999.931 >  0.500
 loglike: -1.0e+04 | params: [-0.12732841 -1.00406918  2.84614095  0.70722923 31.60594696]
 Average call time: 5.41 sec | Current time: 2019-07-03 11:54:41.412434
 --------------------------
iter: 137 | batch: 0 | nc: 1 | ncalls: 137 | bounds: 0 | eff(%): 31.350 | logz: -1.0e+04 +/- 8.2e-02 | dlogz: 9999.922 >  0.500
 loglike: -1.0e+04 | params: [-0.13448309 -1.09988896  4.02505551  6.0529954  28.62350537]
 Average call time: 2.09 sec | Current time: 2019-07-03 11:54:43.499689
 --------------------------
iter: 138 | batch: 0 | nc: 1 | ncalls: 138 | bounds: 0 | eff(%): 31.507 | logz: -1.0e+04 +/- 8.2e-02 | dlogz: 9999.913 >  0.500
 loglike: -1.0e+04 | params: [-0.10827254 -1.3525072   4.56818337  7.08392069 30.40232653]
 Average call time: 1.86 sec | Current time: 2019-07-03 11:54:45.356347
 --------------------------
iter: 139 | batch: 0 | nc: 1 | ncalls: 139 | bounds: 0 | eff(%): 31.663 | logz: -1.0e+04 +/- 8.1e-02 | dlogz: 9999.904 >  0.500
 loglike: -1.0e+04 | params: [ 0.24586118 -1.23189034  1.06100043  3.710288   32.59051165]
 Average call time: 2.43 sec | Current time: 2019-07-03 11:54:47.788722
 --------------------------
iter: 140 | batch: 0 | nc: 1 | ncalls: 140 | bounds: 0 | eff(%): 31.818 | logz: -1.0e+04 +/- 8.1e-02 | dlogz: 9999.894 >  0.500
 loglike: -1.0e+04 | params: [ 0.13451852 -0.79000519  5.51277513  1.88536466 28.82492243]
 Average call time: 2.11 sec | Current time: 2019-07-03 11:54:49.899150
 --------------------------
iter: 141 | batch: 0 | nc: 1 | ncalls: 141 | bounds: 0 | eff(%): 31.973 | logz: -1.0e+04 +/- 8.1e-02 | dlogz: 9999.885 >  0.500
 loglike: -1.0e+04 | params: [-0.10336534 -0.72103288  2.19485475  5.86340464 32.97645136]
 Average call time: 1.81 sec | Current time: 2019-07-03 11:54:51.710566
 --------------------------
iter: 142 | batch: 0 | nc: 1 | ncalls: 142 | bounds: 0 | eff(%): 32.127 | logz: -1.0e+04 +/- 8.1e-02 | dlogz: 9999.877 >  0.500
 loglike: -1.0e+04 | params: [ 3.90555971e-03 -6.42991640e-01  2.78549680e+00  6.07760423e-01
  3.12469178e+01]
 Average call time: 2.00 sec | Current time: 2019-07-03 11:54:53.714061
 --------------------------
iter: 143 | batch: 0 | nc: 1 | ncalls: 143 | bounds: 0 | eff(%): 32.280 | logz: -1.0e+04 +/- 8.1e-02 | dlogz: 9999.868 >  0.500
 loglike: -1.0e+04 | params: [-0.32390542 -0.3220886   2.79977361  0.66344366 31.71122986]
 Average call time: 1.84 sec | Current time: 2019-07-03 11:54:55.553055
 --------------------------
iter: 144 | batch: 0 | nc: 1 | ncalls: 144 | bounds: 0 | eff(%): 32.432 | logz: -1.0e+04 +/- 8.0e-02 | dlogz: 9999.859 >  0.500
 loglike: -1.0e+04 | params: [-0.20862341 -0.9648488   3.58046634  6.67728772 28.80986971]
 Average call time: 2.09 sec | Current time: 2019-07-03 11:54:57.644719
 --------------------------
iter: 145 | batch: 0 | nc: 1 | ncalls: 145 | bounds: 0 | eff(%): 32.584 | logz: -1.0e+04 +/- 8.0e-02 | dlogz: 9999.850 >  0.500
 loglike: -1.0e+04 | params: [ 0.03624541 -0.41386277  1.0933822   2.35792352 30.48291801]
 Average call time: 1.97 sec | Current time: 2019-07-03 11:54:59.614913
 --------------------------
iter: 146 | batch: 0 | nc: 1 | ncalls: 146 | bounds: 0 | eff(%): 32.735 | logz: -1.0e+04 +/- 8.0e-02 | dlogz: 9999.841 >  0.500
 loglike: -1.0e+04 | params: [-0.15273761 -0.21204986  1.5217761   6.83860177 30.58273825]
 Average call time: 2.09 sec | Current time: 2019-07-03 11:55:01.706700
 --------------------------
iter: 147 | batch: 0 | nc: 1 | ncalls: 147 | bounds: 0 | eff(%): 32.886 | logz: -1.0e+04 +/- 8.0e-02 | dlogz: 9999.833 >  0.500
 loglike: -1.0e+04 | params: [ 0.18668789 -1.23342559  5.91051297  5.26963329 27.85210631]
 Average call time: 2.12 sec | Current time: 2019-07-03 11:55:03.823490
 --------------------------
iter: 148 | batch: 0 | nc: 1 | ncalls: 148 | bounds: 0 | eff(%): 33.036 | logz: -1.0e+04 +/- 7.9e-02 | dlogz: 9999.824 >  0.500
 loglike: -1.0e+04 | params: [ 0.19808997 -0.99150465  1.60041562  4.1785544  31.19524238]
 Average call time: 1.81 sec | Current time: 2019-07-03 11:55:05.638358
 --------------------------
iter: 149 | batch: 0 | nc: 1 | ncalls: 149 | bounds: 0 | eff(%): 33.185 | logz: -1.0e+04 +/- 7.9e-02 | dlogz: 9999.815 >  0.500
 loglike: -1.0e+04 | params: [-0.48583795 -0.14297681  3.65225044  0.73137005 30.74802277]
 Average call time: 2.04 sec | Current time: 2019-07-03 11:55:07.677151
 --------------------------
iter: 150 | batch: 0 | nc: 1 | ncalls: 150 | bounds: 0 | eff(%): 33.333 | logz: -1.0e+04 +/- 7.9e-02 | dlogz: 9999.807 >  0.500
 loglike: -1.0e+04 | params: [-0.27601949 -0.20758558  5.52903598  6.17180769 28.56738984]
 Average call time: 2.10 sec | Current time: 2019-07-03 11:55:09.774090
 --------------------------
iter: 151 | batch: 0 | nc: 1 | ncalls: 151 | bounds: 0 | eff(%): 33.481 | logz: -1.0e+04 +/- 7.9e-02 | dlogz: 9999.798 >  0.500
 loglike: -1.0e+04 | params: [ 0.2038417  -0.09203632  4.72522274  7.29480684 28.42334825]
 Average call time: 1.82 sec | Current time: 2019-07-03 11:55:11.589259
 --------------------------
iter: 152 | batch: 0 | nc: 1 | ncalls: 152 | bounds: 0 | eff(%): 33.628 | logz: -1.0e+04 +/- 7.9e-02 | dlogz: 9999.790 >  0.500
 loglike: -1.0e+04 | params: [-0.12877449 -0.28518249  5.77282892  5.13611771 32.46509852]
 Average call time: 2.17 sec | Current time: 2019-07-03 11:55:13.757556
 --------------------------
iter: 153 | batch: 0 | nc: 1 | ncalls: 153 | bounds: 0 | eff(%): 33.775 | logz: -1.0e+04 +/- 7.8e-02 | dlogz: 9999.781 >  0.500
 loglike: -1.0e+04 | params: [ 1.91025634e-02 -1.43558552e+00  5.16793450e+00  3.02259328e+00
  3.26193420e+01]
 Average call time: 2.42 sec | Current time: 2019-07-03 11:55:16.178950
 --------------------------
iter: 154 | batch: 0 | nc: 1 | ncalls: 154 | bounds: 0 | eff(%): 33.921 | logz: -1.0e+04 +/- 7.8e-02 | dlogz: 9999.773 >  0.500
 loglike: -1.0e+04 | params: [-0.13771034 -1.31200259  5.82227092  0.23450406 31.05942459]
 Average call time: 1.88 sec | Current time: 2019-07-03 11:55:18.055856
 --------------------------
iter: 155 | batch: 0 | nc: 1 | ncalls: 155 | bounds: 0 | eff(%): 34.066 | logz: -1.0e+04 +/- 7.8e-02 | dlogz: 9999.765 >  0.500
 loglike: -1.0e+04 | params: [-0.27994311 -1.41545427  5.67270389  5.22535841 29.07349497]
 Average call time: 2.08 sec | Current time: 2019-07-03 11:55:20.132098
 --------------------------
iter: 156 | batch: 0 | nc: 1 | ncalls: 156 | bounds: 0 | eff(%): 34.211 | logz: -1.0e+04 +/- 7.8e-02 | dlogz: 9999.756 >  0.500
 loglike: -1.0e+04 | params: [-0.09251723 -0.18376298  5.35297481  7.81505376 32.88818951]
 Average call time: 2.39 sec | Current time: 2019-07-03 11:55:22.522206
 --------------------------
iter: 157 | batch: 0 | nc: 1 | ncalls: 157 | bounds: 0 | eff(%): 34.354 | logz: -1.0e+04 +/- 7.8e-02 | dlogz: 9999.748 >  0.500
 loglike: -1.0e+04 | params: [-0.39467003 -1.26703072  4.24778874  7.85506831 31.16884449]
 Average call time: 2.34 sec | Current time: 2019-07-03 11:55:24.864990
 --------------------------
iter: 158 | batch: 0 | nc: 1 | ncalls: 158 | bounds: 0 | eff(%): 34.498 | logz: -1.0e+04 +/- 7.7e-02 | dlogz: 9999.740 >  0.500
 loglike: -1.0e+04 | params: [ 0.07148042 -0.86218623  1.69446722  1.80787179 31.58820163]
 Average call time: 2.02 sec | Current time: 2019-07-03 11:55:26.885767
 --------------------------
iter: 159 | batch: 0 | nc: 1 | ncalls: 159 | bounds: 0 | eff(%): 34.641 | logz: -1.0e+04 +/- 7.7e-02 | dlogz: 9999.732 >  0.500
 loglike: -1.0e+04 | params: [-0.35374716 -0.26922377  3.6014209   3.20861026 27.24649465]
 Average call time: 1.99 sec | Current time: 2019-07-03 11:55:28.876258
 --------------------------
iter: 160 | batch: 0 | nc: 1 | ncalls: 160 | bounds: 0 | eff(%): 34.783 | logz: -1.0e+04 +/- 7.7e-02 | dlogz: 9999.724 >  0.500
 loglike: -1.0e+04 | params: [-0.40929144 -0.45375227  2.63188623  2.51651063 32.24774617]
 Average call time: 2.09 sec | Current time: 2019-07-03 11:55:30.965428
 --------------------------
iter: 161 | batch: 0 | nc: 1 | ncalls: 161 | bounds: 0 | eff(%): 34.924 | logz: -1.0e+04 +/- 7.7e-02 | dlogz: 9999.715 >  0.500
 loglike: -1.0e+04 | params: [-0.07468909 -0.27248254  5.69493652  1.62392118 31.27706415]
 Average call time: 3.47 sec | Current time: 2019-07-03 11:55:34.430585
 --------------------------
iter: 162 | batch: 0 | nc: 1 | ncalls: 162 | bounds: 0 | eff(%): 35.065 | logz: -1.0e+04 +/- 7.7e-02 | dlogz: 9999.707 >  0.500
 loglike: -1.0e+04 | params: [ 2.34548532e-02 -1.11255525e+00  5.57903910e+00  4.30562967e+00
  3.03477865e+01]
 Average call time: 2.01 sec | Current time: 2019-07-03 11:55:36.438208
 --------------------------
iter: 163 | batch: 0 | nc: 1 | ncalls: 163 | bounds: 0 | eff(%): 35.205 | logz: -1.0e+04 +/- 7.6e-02 | dlogz: 9999.699 >  0.500
 loglike: -1.0e+04 | params: [ 0.11176267 -0.03953376  5.60307041  0.88193816 27.7107211 ]
 Average call time: 1.85 sec | Current time: 2019-07-03 11:55:38.291924
 --------------------------
iter: 164 | batch: 0 | nc: 1 | ncalls: 164 | bounds: 0 | eff(%): 35.345 | logz: -1.0e+04 +/- 7.6e-02 | dlogz: 9999.691 >  0.500
 loglike: -1.0e+04 | params: [ 0.23534446 -1.28337246  5.51606541  5.99272858 29.0907542 ]
 Average call time: 1.83 sec | Current time: 2019-07-03 11:55:40.126754
 --------------------------
iter: 165 | batch: 0 | nc: 1 | ncalls: 165 | bounds: 0 | eff(%): 35.484 | logz: -1.0e+04 +/- 7.6e-02 | dlogz: 9999.683 >  0.500
 loglike: -1.0e+04 | params: [-0.4929923  -0.50812936  4.88068888  7.42027891 27.65649731]
 Average call time: 2.06 sec | Current time: 2019-07-03 11:55:42.190968
 --------------------------
iter: 166 | batch: 0 | nc: 1 | ncalls: 166 | bounds: 0 | eff(%): 35.622 | logz: -1.0e+04 +/- 7.6e-02 | dlogz: 9999.676 >  0.500
 loglike: -1.0e+04 | params: [-0.43168237 -0.19521643  1.1368489   7.75213373 28.96499934]
 Average call time: 4.33 sec | Current time: 2019-07-03 11:55:46.524944
 --------------------------
iter: 167 | batch: 0 | nc: 1 | ncalls: 167 | bounds: 0 | eff(%): 35.760 | logz: -1.0e+04 +/- 7.5e-02 | dlogz: 9999.668 >  0.500
 loglike: -1.0e+04 | params: [-0.19229153 -1.29668368  1.63533155  3.37047344 30.70466242]
 Average call time: 1.80 sec | Current time: 2019-07-03 11:55:48.328171
 --------------------------
iter: 168 | batch: 0 | nc: 1 | ncalls: 168 | bounds: 0 | eff(%): 35.897 | logz: -1.0e+04 +/- 7.5e-02 | dlogz: 9999.660 >  0.500
 loglike: -1.0e+04 | params: [-0.40079982 -0.03827817  1.90317551  6.1067643  29.89297089]
 Average call time: 2.02 sec | Current time: 2019-07-03 11:55:50.350805
 --------------------------
iter: 169 | batch: 0 | nc: 1 | ncalls: 169 | bounds: 0 | eff(%): 36.034 | logz: -1.0e+04 +/- 7.5e-02 | dlogz: 9999.652 >  0.500
 loglike: -1.0e+04 | params: [ 0.07605915 -1.04565234  1.07587545  3.76061262 31.22002247]
 Average call time: 2.02 sec | Current time: 2019-07-03 11:55:52.367316
 --------------------------
iter: 170 | batch: 0 | nc: 1 | ncalls: 170 | bounds: 0 | eff(%): 36.170 | logz: -1.0e+04 +/- 7.5e-02 | dlogz: 9999.644 >  0.500
 loglike: -1.0e+04 | params: [ 0.19275675 -0.81119353  4.14794257  1.06229492 28.38418791]
 Average call time: 1.95 sec | Current time: 2019-07-03 11:55:54.318274
 --------------------------
iter: 171 | batch: 0 | nc: 1 | ncalls: 171 | bounds: 0 | eff(%): 36.306 | logz: -1.0e+04 +/- 7.5e-02 | dlogz: 9999.637 >  0.500
 loglike: -1.0e+04 | params: [-0.29932373 -0.10075952  5.13072529  1.24900122 30.88202166]
 Average call time: 1.85 sec | Current time: 2019-07-03 11:55:56.167854
 --------------------------
iter: 172 | batch: 0 | nc: 1 | ncalls: 172 | bounds: 0 | eff(%): 36.441 | logz: -1.0e+04 +/- 7.5e-02 | dlogz: 9999.629 >  0.500
 loglike: -1.0e+04 | params: [ 0.03746087 -0.77887447  5.36393293  4.11352481 32.89820904]
 Average call time: 2.07 sec | Current time: 2019-07-03 11:55:58.239139
 --------------------------
iter: 173 | batch: 0 | nc: 1 | ncalls: 173 | bounds: 0 | eff(%): 36.575 | logz: -1.0e+04 +/- 7.4e-02 | dlogz: 9999.621 >  0.500
 loglike: -1.0e+04 | params: [-0.18033853 -0.71698286  5.73372181  4.16706298 29.25139613]
 Average call time: 2.10 sec | Current time: 2019-07-03 11:56:00.336518
 --------------------------
iter: 174 | batch: 0 | nc: 1 | ncalls: 174 | bounds: 0 | eff(%): 36.709 | logz: -1.0e+04 +/- 7.4e-02 | dlogz: 9999.614 >  0.500
 loglike: -1.0e+04 | params: [-0.08212399 -0.81709619  5.72298202  6.00177287 30.55653647]
 Average call time: 1.89 sec | Current time: 2019-07-03 11:56:02.228647
 --------------------------
iter: 175 | batch: 0 | nc: 1 | ncalls: 175 | bounds: 0 | eff(%): 36.842 | logz: -1.0e+04 +/- 7.4e-02 | dlogz: 9999.606 >  0.500
 loglike: -1.0e+04 | params: [ 0.16296337 -0.3879592   3.578554    1.16848956 27.23930192]
 Average call time: 2.00 sec | Current time: 2019-07-03 11:56:04.225322
 --------------------------
iter: 176 | batch: 0 | nc: 1 | ncalls: 176 | bounds: 0 | eff(%): 36.975 | logz: -1.0e+04 +/- 7.4e-02 | dlogz: 9999.598 >  0.500
 loglike: -1.0e+04 | params: [ 0.12574137 -1.3244132   3.61551157  6.9971619  27.23224702]
 Average call time: 1.90 sec | Current time: 2019-07-03 11:56:06.122034
 --------------------------
iter: 177 | batch: 0 | nc: 1 | ncalls: 177 | bounds: 0 | eff(%): 37.107 | logz: -1.0e+04 +/- 7.4e-02 | dlogz: 9999.591 >  0.500
 loglike: -1.0e+04 | params: [-0.31817686 -1.33093976  3.02495009  0.43237647 32.5593927 ]
 Average call time: 2.04 sec | Current time: 2019-07-03 11:56:08.160366
 --------------------------
iter: 178 | batch: 0 | nc: 1 | ncalls: 178 | bounds: 0 | eff(%): 37.238 | logz: -1.0e+04 +/- 7.3e-02 | dlogz: 9999.583 >  0.500
 loglike: -1.0e+04 | params: [ 1.59874224e-01 -4.48747492e-03  4.91859387e+00  5.82903530e+00
  2.87232791e+01]
 Average call time: 1.80 sec | Current time: 2019-07-03 11:56:09.961134
 --------------------------
iter: 179 | batch: 0 | nc: 1 | ncalls: 179 | bounds: 0 | eff(%): 37.370 | logz: -1.0e+04 +/- 7.3e-02 | dlogz: 9999.576 >  0.500
 loglike: -1.0e+04 | params: [ 0.03782569 -0.52390002  1.67431991  0.61200659 28.83114882]
 Average call time: 1.86 sec | Current time: 2019-07-03 11:56:11.816778
 --------------------------
iter: 180 | batch: 0 | nc: 1 | ncalls: 180 | bounds: 0 | eff(%): 37.500 | logz: -1.0e+04 +/- 7.3e-02 | dlogz: 9999.568 >  0.500
 loglike: -1.0e+04 | params: [ 0.20144718 -0.28435965  1.94171539  4.73981396 32.42106333]
 Average call time: 3.14 sec | Current time: 2019-07-03 11:56:14.958262
 --------------------------
iter: 181 | batch: 0 | nc: 1 | ncalls: 181 | bounds: 0 | eff(%): 37.630 | logz: -1.0e+04 +/- 7.3e-02 | dlogz: 9999.561 >  0.500
 loglike: -1.0e+04 | params: [-2.55325148e-02 -2.56874026e-01  4.56555213e+00  2.75029379e+00
  2.80061681e+01]
 Average call time: 2.06 sec | Current time: 2019-07-03 11:56:17.021444
 --------------------------
iter: 182 | batch: 0 | nc: 1 | ncalls: 182 | bounds: 0 | eff(%): 37.759 | logz: -1.0e+04 +/- 7.3e-02 | dlogz: 9999.554 >  0.500
 loglike: -1.0e+04 | params: [-0.33857773 -1.47239851  5.31492867  0.97851992 28.51241267]
 Average call time: 1.81 sec | Current time: 2019-07-03 11:56:18.826803
 --------------------------
iter: 183 | batch: 0 | nc: 1 | ncalls: 183 | bounds: 0 | eff(%): 37.888 | logz: -1.0e+04 +/- 7.2e-02 | dlogz: 9999.546 >  0.500
 loglike: -1.0e+04 | params: [ 0.24435223 -0.25818603  2.22527803  0.52305673 28.27923685]
 Average call time: 1.80 sec | Current time: 2019-07-03 11:56:20.628187
 --------------------------
iter: 184 | batch: 0 | nc: 1 | ncalls: 184 | bounds: 0 | eff(%): 38.017 | logz: -1.0e+04 +/- 7.2e-02 | dlogz: 9999.539 >  0.500
 loglike: -1.0e+04 | params: [-1.81408810e-02 -3.50740078e-01  4.75511222e+00  5.41872340e-01
  3.07118947e+01]
 Average call time: 1.83 sec | Current time: 2019-07-03 11:56:22.458962
 --------------------------
iter: 185 | batch: 0 | nc: 1 | ncalls: 185 | bounds: 0 | eff(%): 38.144 | logz: -1.0e+04 +/- 7.2e-02 | dlogz: 9999.532 >  0.500
 loglike: -1.0e+04 | params: [-0.24025993 -1.22723379  3.09532768  2.30213942 27.29529618]
 Average call time: 3.36 sec | Current time: 2019-07-03 11:56:25.819277
 --------------------------
iter: 186 | batch: 0 | nc: 1 | ncalls: 186 | bounds: 0 | eff(%): 38.272 | logz: -1.0e+04 +/- 7.2e-02 | dlogz: 9999.524 >  0.500
 loglike: -1.0e+04 | params: [ 0.07351736 -0.96102741  1.44002391  5.86358404 32.28629957]
 Average call time: 1.95 sec | Current time: 2019-07-03 11:56:27.772643
 --------------------------
iter: 187 | batch: 0 | nc: 1 | ncalls: 187 | bounds: 0 | eff(%): 38.398 | logz: -1.0e+04 +/- 7.2e-02 | dlogz: 9999.517 >  0.500
 loglike: -1.0e+04 | params: [-0.46905209 -1.23769836  3.10048707  2.79079198 27.26861349]
 Average call time: 2.81 sec | Current time: 2019-07-03 11:56:30.581793
 --------------------------
iter: 188 | batch: 0 | nc: 1 | ncalls: 188 | bounds: 0 | eff(%): 38.525 | logz: -1.0e+04 +/- 7.2e-02 | dlogz: 9999.510 >  0.500
 loglike: -1.0e+04 | params: [-0.41533151 -0.84293777  1.35536602  6.54833635 32.19669389]
 Average call time: 1.78 sec | Current time: 2019-07-03 11:56:32.363796
 --------------------------
iter: 189 | batch: 0 | nc: 1 | ncalls: 189 | bounds: 0 | eff(%): 38.650 | logz: -1.0e+04 +/- 7.1e-02 | dlogz: 9999.503 >  0.500
 loglike: -1.0e+04 | params: [-0.48097551 -1.01427476  1.46448641  1.55539138 31.97622079]
 Average call time: 2.09 sec | Current time: 2019-07-03 11:56:34.457799
 --------------------------
iter: 190 | batch: 0 | nc: 1 | ncalls: 190 | bounds: 0 | eff(%): 38.776 | logz: -1.0e+04 +/- 7.1e-02 | dlogz: 9999.496 >  0.500
 loglike: -1.0e+04 | params: [-0.44288361 -0.71764869  5.92033166  3.45148883 30.81495577]
 Average call time: 2.07 sec | Current time: 2019-07-03 11:56:36.523160
 --------------------------
iter: 191 | batch: 0 | nc: 1 | ncalls: 191 | bounds: 0 | eff(%): 38.900 | logz: -1.0e+04 +/- 7.1e-02 | dlogz: 9999.488 >  0.500
 loglike: -1.0e+04 | params: [-0.17332374 -0.67075665  4.9244443   1.38377372 30.49704227]
 Average call time: 2.09 sec | Current time: 2019-07-03 11:56:38.613472
 --------------------------
iter: 192 | batch: 0 | nc: 1 | ncalls: 192 | bounds: 0 | eff(%): 39.024 | logz: -1.0e+04 +/- 7.1e-02 | dlogz: 9999.481 >  0.500
 loglike: -1.0e+04 | params: [-0.40116765 -0.1092302   5.1389829   3.20258016 27.84342388]
 Average call time: 2.05 sec | Current time: 2019-07-03 11:56:40.660381
 --------------------------
iter: 193 | batch: 0 | nc: 1 | ncalls: 193 | bounds: 0 | eff(%): 39.148 | logz: -1.0e+04 +/- 7.1e-02 | dlogz: 9999.474 >  0.500
 loglike: -1.0e+04 | params: [-0.06671031 -0.63641489  4.86050423  3.33747541 31.00142843]
 Average call time: 1.99 sec | Current time: 2019-07-03 11:56:42.653734
 --------------------------
iter: 194 | batch: 0 | nc: 1 | ncalls: 194 | bounds: 0 | eff(%): 39.271 | logz: -1.0e+04 +/- 7.0e-02 | dlogz: 9999.467 >  0.500
 loglike: -1.0e+04 | params: [ 0.15123737 -1.00573098  1.26773924  6.37294704 30.8602945 ]
 Average call time: 2.08 sec | Current time: 2019-07-03 11:56:44.732448
 --------------------------
iter: 195 | batch: 0 | nc: 1 | ncalls: 195 | bounds: 0 | eff(%): 39.394 | logz: -1.0e+04 +/- 7.0e-02 | dlogz: 9999.460 >  0.500
 loglike: -1.0e+04 | params: [-0.46089775 -1.36090603  5.43494815  1.42839264 29.17731967]
 Average call time: 5.61 sec | Current time: 2019-07-03 11:56:50.342160
 --------------------------
iter: 196 | batch: 0 | nc: 1 | ncalls: 196 | bounds: 0 | eff(%): 39.516 | logz: -1.0e+04 +/- 7.0e-02 | dlogz: 9999.453 >  0.500
 loglike: -1.0e+04 | params: [-0.47845854 -0.14680678  2.1827294   1.11581566 28.90725473]
 Average call time: 1.82 sec | Current time: 2019-07-03 11:56:52.165886
 --------------------------
iter: 197 | batch: 0 | nc: 1 | ncalls: 197 | bounds: 0 | eff(%): 39.638 | logz: -1.0e+04 +/- 7.0e-02 | dlogz: 9999.446 >  0.500
 loglike: -1.0e+04 | params: [-0.2963998  -1.44835369  4.13542795  4.20958364 27.25173488]
 Average call time: 1.84 sec | Current time: 2019-07-03 11:56:54.002242
 --------------------------
iter: 198 | batch: 0 | nc: 1 | ncalls: 198 | bounds: 0 | eff(%): 39.759 | logz: -1.0e+04 +/- 7.0e-02 | dlogz: 9999.439 >  0.500
 loglike: -1.0e+04 | params: [-0.46228912 -1.31756294  3.53148366  4.81967418 28.64472607]
 Average call time: 1.79 sec | Current time: 2019-07-03 11:56:55.796749
 --------------------------
iter: 199 | batch: 0 | nc: 1 | ncalls: 199 | bounds: 0 | eff(%): 39.880 | logz: -1.0e+04 +/- 7.0e-02 | dlogz: 9999.432 >  0.500
 loglike: -1.0e+04 | params: [-0.47813634 -0.17899066  5.55833938  0.81482257 30.59585467]
 Average call time: 1.78 sec | Current time: 2019-07-03 11:56:57.579349
 --------------------------
iter: 200 | batch: 0 | nc: 1 | ncalls: 200 | bounds: 0 | eff(%): 40.000 | logz: -1.0e+04 +/- 6.9e-02 | dlogz: 9999.425 >  0.500
 loglike: -1.0e+04 | params: [ 1.61236425e-02 -1.41358029e+00  1.42304863e+00  2.73320396e+00
  3.05434473e+01]
 Average call time: 2.18 sec | Current time: 2019-07-03 11:56:59.757654
 --------------------------
iter: 201 | batch: 0 | nc: 1 | ncalls: 201 | bounds: 0 | eff(%): 40.120 | logz: -1.0e+04 +/- 6.9e-02 | dlogz: 9999.419 >  0.500
 loglike: -1.0e+04 | params: [ 6.81045767e-02 -1.74753556e-02  5.00700479e+00  2.81745058e+00
  2.90123475e+01]
 Average call time: 1.84 sec | Current time: 2019-07-03 11:57:01.602612
 --------------------------
iter: 202 | batch: 0 | nc: 1 | ncalls: 202 | bounds: 0 | eff(%): 40.239 | logz: -1.0e+04 +/- 6.9e-02 | dlogz: 9999.412 >  0.500
 loglike: -1.0e+04 | params: [-0.23632145 -0.83558148  3.89746718  4.97873118 28.06270493]
 Average call time: 1.82 sec | Current time: 2019-07-03 11:57:03.421755
 --------------------------
iter: 203 | batch: 0 | nc: 1 | ncalls: 203 | bounds: 0 | eff(%): 40.358 | logz: -1.0e+04 +/- 6.9e-02 | dlogz: 9999.405 >  0.500
 loglike: -1.0e+04 | params: [-0.03847215 -0.24641171  3.29882355  5.096116   32.06557135]
 Average call time: 1.80 sec | Current time: 2019-07-03 11:57:05.218924
 --------------------------
iter: 204 | batch: 0 | nc: 1 | ncalls: 204 | bounds: 0 | eff(%): 40.476 | logz: -1.0e+04 +/- 6.9e-02 | dlogz: 9999.398 >  0.500
 loglike: -1.0e+04 | params: [-0.1710867  -0.30443383  4.37832469  4.4056824  30.38536195]
 Average call time: 2.03 sec | Current time: 2019-07-03 11:57:07.245449
 --------------------------
iter: 205 | batch: 0 | nc: 1 | ncalls: 205 | bounds: 0 | eff(%): 40.594 | logz: -1.0e+04 +/- 6.9e-02 | dlogz: 9999.391 >  0.500
 loglike: -1.0e+04 | params: [ 0.18435334 -0.6698045   4.84048414  0.44635875 28.96687331]
 Average call time: 2.05 sec | Current time: 2019-07-03 11:57:09.297862
 --------------------------
iter: 206 | batch: 0 | nc: 1 | ncalls: 206 | bounds: 0 | eff(%): 40.711 | logz: -1.0e+04 +/- 6.8e-02 | dlogz: 9999.385 >  0.500
 loglike: -1.0e+04 | params: [-0.48951189 -0.58653429  5.9428319   1.87044549 30.52330631]
 Average call time: 2.01 sec | Current time: 2019-07-03 11:57:11.307872
 --------------------------
iter: 207 | batch: 0 | nc: 1 | ncalls: 207 | bounds: 0 | eff(%): 40.828 | logz: -1.0e+04 +/- 6.8e-02 | dlogz: 9999.378 >  0.500
 loglike: -1.0e+04 | params: [ 0.19113674 -0.39046533  2.03976317  7.28755353 30.24503496]
 Average call time: 2.05 sec | Current time: 2019-07-03 11:57:13.358678
 --------------------------
iter: 208 | batch: 0 | nc: 1 | ncalls: 208 | bounds: 0 | eff(%): 40.945 | logz: -1.0e+04 +/- 6.8e-02 | dlogz: 9999.371 >  0.500
 loglike: -1.0e+04 | params: [ 0.12629346 -0.31125364  2.64613998  2.92190022 32.76067778]
 Average call time: 2.08 sec | Current time: 2019-07-03 11:57:15.435991
 --------------------------
iter: 209 | batch: 0 | nc: 1 | ncalls: 209 | bounds: 0 | eff(%): 41.061 | logz: -1.0e+04 +/- 6.8e-02 | dlogz: 9999.364 >  0.500
 loglike: -1.0e+04 | params: [ 0.04033204 -1.15319328  1.12272196  2.13318303 29.46069618]
 Average call time: 2.04 sec | Current time: 2019-07-03 11:57:17.475622
 --------------------------
iter: 210 | batch: 0 | nc: 1 | ncalls: 210 | bounds: 0 | eff(%): 41.176 | logz: -1.0e+04 +/- 6.8e-02 | dlogz: 9999.358 >  0.500
 loglike: -1.0e+04 | params: [-0.49370075 -0.79267658  5.26211055  7.39311962 28.3886168 ]
 Average call time: 1.87 sec | Current time: 2019-07-03 11:57:19.346722
 --------------------------
iter: 211 | batch: 0 | nc: 1 | ncalls: 211 | bounds: 0 | eff(%): 41.292 | logz: -1.0e+04 +/- 6.8e-02 | dlogz: 9999.351 >  0.500
 loglike: -1.0e+04 | params: [-0.16825081 -0.92899601  5.16299235  5.72450126 29.13000495]
 Average call time: 2.02 sec | Current time: 2019-07-03 11:57:21.371179
 --------------------------
iter: 212 | batch: 0 | nc: 1 | ncalls: 212 | bounds: 0 | eff(%): 41.406 | logz: -1.0e+04 +/- 6.7e-02 | dlogz: 9999.345 >  0.500
 loglike: -1.0e+04 | params: [-0.41362854 -1.06029709  4.82188735  0.6872756  30.77011902]
 Average call time: 1.97 sec | Current time: 2019-07-03 11:57:23.341771
 --------------------------
iter: 213 | batch: 0 | nc: 1 | ncalls: 213 | bounds: 0 | eff(%): 41.520 | logz: -1.0e+04 +/- 6.7e-02 | dlogz: 9999.338 >  0.500
 loglike: -1.0e+04 | params: [-0.37937101 -0.09139437  1.09921569  2.82361442 27.69462584]
 Average call time: 2.04 sec | Current time: 2019-07-03 11:57:25.382970
 --------------------------
iter: 214 | batch: 0 | nc: 1 | ncalls: 214 | bounds: 0 | eff(%): 41.634 | logz: -1.0e+04 +/- 6.7e-02 | dlogz: 9999.331 >  0.500
 loglike: -1.0e+04 | params: [ 0.08634227 -0.36314598  3.38707715  0.35143422 31.4112888 ]
 Average call time: 1.85 sec | Current time: 2019-07-03 11:57:27.233836
 --------------------------
iter: 215 | batch: 0 | nc: 1 | ncalls: 215 | bounds: 0 | eff(%): 41.748 | logz: -1.0e+04 +/- 6.7e-02 | dlogz: 9999.325 >  0.500
 loglike: -1.0e+04 | params: [-0.25954399 -0.61154717  4.05026219  4.14817728 27.86853875]
 Average call time: 1.82 sec | Current time: 2019-07-03 11:57:29.055663
 --------------------------
iter: 216 | batch: 0 | nc: 1 | ncalls: 216 | bounds: 0 | eff(%): 41.860 | logz: -1.0e+04 +/- 6.7e-02 | dlogz: 9999.318 >  0.500
 loglike: -1.0e+04 | params: [-0.46222653 -1.26832145  3.83270811  0.4236463  29.50451619]
 Average call time: 1.84 sec | Current time: 2019-07-03 11:57:30.897481
 --------------------------
iter: 217 | batch: 0 | nc: 1 | ncalls: 217 | bounds: 0 | eff(%): 41.973 | logz: -1.0e+04 +/- 6.7e-02 | dlogz: 9999.312 >  0.500
 loglike: -1.0e+04 | params: [-0.47244633 -0.09728705  5.96069623  4.4460467  31.90151774]
 Average call time: 1.80 sec | Current time: 2019-07-03 11:57:32.694652
 --------------------------
iter: 218 | batch: 0 | nc: 1 | ncalls: 218 | bounds: 0 | eff(%): 42.085 | logz: -1.0e+04 +/- 6.7e-02 | dlogz: 9999.305 >  0.500
 loglike: -1.0e+04 | params: [-0.45199759 -0.74115458  5.66713356  1.27679915 30.41687276]
 Average call time: 1.83 sec | Current time: 2019-07-03 11:57:34.520493
 --------------------------
iter: 219 | batch: 0 | nc: 1 | ncalls: 219 | bounds: 0 | eff(%): 42.197 | logz: -1.0e+04 +/- 6.6e-02 | dlogz: 9999.299 >  0.500
 loglike: -1.0e+04 | params: [-0.03919789 -0.29411917  4.89333592  3.92616076 27.76433133]
 Average call time: 1.77 sec | Current time: 2019-07-03 11:57:36.287035
 --------------------------
iter: 220 | batch: 0 | nc: 1 | ncalls: 220 | bounds: 0 | eff(%): 42.308 | logz: -1.0e+04 +/- 6.6e-02 | dlogz: 9999.292 >  0.500
 loglike: -1.0e+04 | params: [-0.48084107 -0.1099064   1.58966008  5.15000509 30.03221771]
 Average call time: 2.06 sec | Current time: 2019-07-03 11:57:38.343575
 --------------------------
iter: 221 | batch: 0 | nc: 1 | ncalls: 221 | bounds: 0 | eff(%): 42.418 | logz: -1.0e+04 +/- 6.6e-02 | dlogz: 9999.286 >  0.500
 loglike: -1.0e+04 | params: [-0.19649127 -1.2808996   1.90792422  4.84046076 32.06434826]
 Average call time: 2.03 sec | Current time: 2019-07-03 11:57:40.372590
 --------------------------
iter: 222 | batch: 0 | nc: 1 | ncalls: 222 | bounds: 0 | eff(%): 42.529 | logz: -1.0e+04 +/- 6.6e-02 | dlogz: 9999.280 >  0.500
 loglike: -1.0e+04 | params: [-0.09903825 -1.02354066  4.76809318  1.51671913 30.38099505]
 Average call time: 1.85 sec | Current time: 2019-07-03 11:57:42.225567
 --------------------------
iter: 223 | batch: 0 | nc: 1 | ncalls: 223 | bounds: 0 | eff(%): 42.639 | logz: -1.0e+04 +/- 6.6e-02 | dlogz: 9999.273 >  0.500
 loglike: -1.0e+04 | params: [-1.41821708e-02 -3.42139186e-01  5.22909925e+00  6.66089819e+00
  2.95699521e+01]
 Average call time: 2.07 sec | Current time: 2019-07-03 11:57:44.295659
 --------------------------
iter: 224 | batch: 0 | nc: 1 | ncalls: 224 | bounds: 0 | eff(%): 42.748 | logz: -1.0e+04 +/- 6.6e-02 | dlogz: 9999.267 >  0.500
 loglike: -1.0e+04 | params: [-0.3757811  -0.68283799  5.42185449  5.72326434 30.33822243]
 Average call time: 2.10 sec | Current time: 2019-07-03 11:57:46.398252
 --------------------------
iter: 225 | batch: 0 | nc: 1 | ncalls: 225 | bounds: 0 | eff(%): 42.857 | logz: -1.0e+04 +/- 6.5e-02 | dlogz: 9999.260 >  0.500
 loglike: -1.0e+04 | params: [-0.13808114 -0.55542421  1.29776662  1.65540942 28.67525061]
 Average call time: 2.00 sec | Current time: 2019-07-03 11:57:48.394709
 --------------------------
iter: 226 | batch: 0 | nc: 1 | ncalls: 226 | bounds: 0 | eff(%): 42.966 | logz: -1.0e+04 +/- 6.5e-02 | dlogz: 9999.254 >  0.500
 loglike: -1.0e+04 | params: [ 0.03086546 -1.00885637  3.12647022  5.66766326 27.95446302]
 Average call time: 2.12 sec | Current time: 2019-07-03 11:57:50.512505
 --------------------------
iter: 227 | batch: 0 | nc: 1 | ncalls: 227 | bounds: 0 | eff(%): 43.074 | logz: -1.0e+04 +/- 6.5e-02 | dlogz: 9999.248 >  0.500
 loglike: -1.0e+04 | params: [-0.17044708 -0.55600502  5.6252905   2.92020491 31.91480068]
 Average call time: 2.07 sec | Current time: 2019-07-03 11:57:52.583386
 --------------------------
iter: 228 | batch: 0 | nc: 1 | ncalls: 228 | bounds: 0 | eff(%): 43.182 | logz: -1.0e+04 +/- 6.5e-02 | dlogz: 9999.241 >  0.500
 loglike: -1.0e+04 | params: [-1.98929078e-02 -4.27421260e-01  4.69211258e+00  7.77089694e+00
  2.84762954e+01]
 Average call time: 1.77 sec | Current time: 2019-07-03 11:57:54.350524
 --------------------------
iter: 229 | batch: 0 | nc: 1 | ncalls: 229 | bounds: 0 | eff(%): 43.289 | logz: -1.0e+04 +/- 6.5e-02 | dlogz: 9999.235 >  0.500
 loglike: -1.0e+04 | params: [-0.46806381 -1.12830409  1.22508318  5.67314685 32.00824062]
 Average call time: 1.83 sec | Current time: 2019-07-03 11:57:56.182487
 --------------------------
iter: 230 | batch: 0 | nc: 1 | ncalls: 230 | bounds: 0 | eff(%): 43.396 | logz: -1.0e+04 +/- 6.5e-02 | dlogz: 9999.229 >  0.500
 loglike: -1.0e+04 | params: [ 0.24690978 -0.50517254  5.08950809  2.24428217 28.75151044]
 Average call time: 7.47 sec | Current time: 2019-07-03 11:58:03.648169
 --------------------------
iter: 231 | batch: 0 | nc: 1 | ncalls: 231 | bounds: 0 | eff(%): 43.503 | logz: -1.0e+04 +/- 6.5e-02 | dlogz: 9999.223 >  0.500
 loglike: -1.0e+04 | params: [ 0.20060189 -0.79380997  3.56179759  2.17754577 27.59338025]
 Average call time: 2.08 sec | Current time: 2019-07-03 11:58:05.724574
 --------------------------
iter: 232 | batch: 0 | nc: 1 | ncalls: 232 | bounds: 0 | eff(%): 43.609 | logz: -1.0e+04 +/- 6.4e-02 | dlogz: 9999.216 >  0.500
 loglike: -1.0e+04 | params: [-0.37466595 -1.1461353   5.75413985  4.69952382 29.3455955 ]
 Average call time: 2.18 sec | Current time: 2019-07-03 11:58:07.907896
 --------------------------
iter: 233 | batch: 0 | nc: 1 | ncalls: 233 | bounds: 0 | eff(%): 43.715 | logz: -1.0e+04 +/- 6.4e-02 | dlogz: 9999.210 >  0.500
 loglike: -1.0e+04 | params: [ 0.09913477 -1.28579584  5.02832893  7.0482562  29.99952099]
 Average call time: 2.05 sec | Current time: 2019-07-03 11:58:09.959793
 --------------------------
iter: 234 | batch: 0 | nc: 1 | ncalls: 234 | bounds: 0 | eff(%): 43.820 | logz: -1.0e+04 +/- 6.4e-02 | dlogz: 9999.204 >  0.500
 loglike: -1.0e+04 | params: [-0.44970202 -0.08450611  4.96503995  6.94369427 29.36391937]
 Average call time: 2.08 sec | Current time: 2019-07-03 11:58:12.041986
 --------------------------
iter: 235 | batch: 0 | nc: 1 | ncalls: 235 | bounds: 0 | eff(%): 43.925 | logz: -1.0e+04 +/- 6.4e-02 | dlogz: 9999.198 >  0.500
 loglike: -1.0e+04 | params: [-0.03932638 -0.8440329   3.96551873  7.61637609 30.3187226 ]
 Average call time: 2.02 sec | Current time: 2019-07-03 11:58:14.057264
 --------------------------
iter: 236 | batch: 0 | nc: 1 | ncalls: 236 | bounds: 0 | eff(%): 44.030 | logz: -1.0e+04 +/- 6.4e-02 | dlogz: 9999.192 >  0.500
 loglike: -1.0e+04 | params: [ 0.17780152 -1.29224287  1.00771881  4.94139133 30.25021758]
 Average call time: 1.81 sec | Current time: 2019-07-03 11:58:15.868671
 --------------------------
iter: 237 | batch: 0 | nc: 1 | ncalls: 237 | bounds: 0 | eff(%): 44.134 | logz: -1.0e+04 +/- 6.4e-02 | dlogz: 9999.186 >  0.500
 loglike: -1.0e+04 | params: [ 0.08547299 -0.26775907  5.76704878  4.91865312 28.74049093]
 Average call time: 2.05 sec | Current time: 2019-07-03 11:58:17.914747
 --------------------------
iter: 238 | batch: 0 | nc: 1 | ncalls: 238 | bounds: 0 | eff(%): 44.238 | logz: -1.0e+04 +/- 6.4e-02 | dlogz: 9999.179 >  0.500
 loglike: -1.0e+04 | params: [-0.42077867 -0.63407563  4.27156193  7.73222803 28.1799974 ]
 Average call time: 2.06 sec | Current time: 2019-07-03 11:58:19.971182
 --------------------------
iter: 239 | batch: 0 | nc: 1 | ncalls: 239 | bounds: 0 | eff(%): 44.341 | logz: -1.0e+04 +/- 6.3e-02 | dlogz: 9999.173 >  0.500
 loglike: -1.0e+04 | params: [ 0.120106   -0.93597466  4.04588513  4.9981703  29.64899982]
 Average call time: 1.81 sec | Current time: 2019-07-03 11:58:21.780043
 --------------------------
iter: 240 | batch: 0 | nc: 1 | ncalls: 240 | bounds: 0 | eff(%): 44.444 | logz: -1.0e+04 +/- 6.3e-02 | dlogz: 9999.167 >  0.500
 loglike: -1.0e+04 | params: [-0.35092108 -0.83406957  5.62383672  5.40433144 27.48913858]
 Average call time: 1.98 sec | Current time: 2019-07-03 11:58:23.755476
 --------------------------
iter: 241 | batch: 0 | nc: 1 | ncalls: 241 | bounds: 0 | eff(%): 44.547 | logz: -1.0e+04 +/- 6.3e-02 | dlogz: 9999.161 >  0.500
 loglike: -1.0e+04 | params: [ 2.93800149e-02 -9.32153614e-01  5.08224953e+00  5.14416038e+00
  3.25880033e+01]
 Average call time: 2.02 sec | Current time: 2019-07-03 11:58:25.776772
 --------------------------
iter: 242 | batch: 0 | nc: 1 | ncalls: 242 | bounds: 0 | eff(%): 44.649 | logz: -1.0e+04 +/- 6.3e-02 | dlogz: 9999.155 >  0.500
 loglike: -1.0e+04 | params: [-0.07050556 -1.3190067   5.99981862  7.97930474 31.16827286]
 Average call time: 1.87 sec | Current time: 2019-07-03 11:58:27.647352
 --------------------------
iter: 243 | batch: 0 | nc: 1 | ncalls: 243 | bounds: 0 | eff(%): 44.751 | logz: -1.0e+04 +/- 6.3e-02 | dlogz: 9999.149 >  0.500
 loglike: -1.0e+04 | params: [-0.21959012 -0.89773382  5.62549707  2.03438485 30.98407608]
 Average call time: 2.60 sec | Current time: 2019-07-03 11:58:30.242902
 --------------------------
iter: 244 | batch: 0 | nc: 1 | ncalls: 244 | bounds: 0 | eff(%): 44.853 | logz: -1.0e+04 +/- 6.3e-02 | dlogz: 9999.143 >  0.500
 loglike: -1.0e+04 | params: [-0.13908444 -1.44758466  1.55447731  7.1734181  32.35260683]
 Average call time: 2.09 sec | Current time: 2019-07-03 11:58:32.328839
 --------------------------
iter: 245 | batch: 0 | nc: 1 | ncalls: 245 | bounds: 0 | eff(%): 44.954 | logz: -1.0e+04 +/- 6.3e-02 | dlogz: 9999.137 >  0.500
 loglike: -1.0e+04 | params: [ 0.23827676 -0.57656661  1.77358164  6.66860878 31.89418243]
 Average call time: 1.98 sec | Current time: 2019-07-03 11:58:34.305060
 --------------------------
iter: 246 | batch: 0 | nc: 1 | ncalls: 246 | bounds: 0 | eff(%): 45.055 | logz: -1.0e+04 +/- 6.2e-02 | dlogz: 9999.131 >  0.500
 loglike: -1.0e+04 | params: [ 1.13283930e-01 -2.82406396e-02  2.76150289e+00  7.37157914e-01
  3.18345431e+01]
 Average call time: 2.05 sec | Current time: 2019-07-03 11:58:36.359783
 --------------------------
iter: 247 | batch: 0 | nc: 1 | ncalls: 247 | bounds: 0 | eff(%): 45.155 | logz: -1.0e+04 +/- 6.2e-02 | dlogz: 9999.125 >  0.500
 loglike: -1.0e+04 | params: [-0.38382184 -0.92999664  5.91334743  2.23750938 28.36004378]
 Average call time: 1.92 sec | Current time: 2019-07-03 11:58:38.276391
 --------------------------
iter: 248 | batch: 0 | nc: 1 | ncalls: 248 | bounds: 0 | eff(%): 45.255 | logz: -1.0e+04 +/- 6.2e-02 | dlogz: 9999.119 >  0.500
 loglike: -1.0e+04 | params: [-0.43096859 -0.16831515  1.08219529  6.9250479  32.39262414]
 Average call time: 1.79 sec | Current time: 2019-07-03 11:58:40.069989
 --------------------------
iter: 249 | batch: 0 | nc: 1 | ncalls: 249 | bounds: 0 | eff(%): 45.355 | logz: -1.0e+04 +/- 6.2e-02 | dlogz: 9999.113 >  0.500
 loglike: -1.0e+04 | params: [-0.23338721 -0.92834861  1.96583619  2.76146273 30.76300345]
 Average call time: 2.03 sec | Current time: 2019-07-03 11:58:42.095971
 --------------------------
iter: 250 | batch: 0 | nc: 1 | ncalls: 250 | bounds: 0 | eff(%): 45.455 | logz: -1.0e+04 +/- 6.2e-02 | dlogz: 9999.107 >  0.500
 loglike: -1.0e+04 | params: [-0.03789556 -1.17106324  5.36261833  5.21813278 29.83801767]
 Average call time: 1.87 sec | Current time: 2019-07-03 11:58:43.965675
 --------------------------
iter: 251 | batch: 0 | nc: 1 | ncalls: 251 | bounds: 0 | eff(%): 45.554 | logz: -1.0e+04 +/- 6.2e-02 | dlogz: 9999.101 >  0.500
 loglike: -1.0e+04 | params: [-0.21146308 -1.29466846  5.77014977  2.29236457 31.37086611]
 Average call time: 2.07 sec | Current time: 2019-07-03 11:58:46.036703
 --------------------------
iter: 252 | batch: 0 | nc: 1 | ncalls: 252 | bounds: 0 | eff(%): 45.652 | logz: -1.0e+04 +/- 6.2e-02 | dlogz: 9999.096 >  0.500
 loglike: -1.0e+04 | params: [-0.42924325 -1.15459327  5.49552321  5.5963651  30.02734275]
 Average call time: 2.33 sec | Current time: 2019-07-03 11:58:48.368091
 --------------------------
iter: 253 | batch: 0 | nc: 1 | ncalls: 253 | bounds: 0 | eff(%): 45.750 | logz: -1.0e+04 +/- 6.1e-02 | dlogz: 9999.090 >  0.500
 loglike: -1.0e+04 | params: [-0.32435726 -0.24926728  1.49258162  1.7197122  28.40838344]
 Average call time: 2.20 sec | Current time: 2019-07-03 11:58:50.572259
 --------------------------
iter: 254 | batch: 0 | nc: 1 | ncalls: 254 | bounds: 0 | eff(%): 45.848 | logz: -1.0e+04 +/- 6.1e-02 | dlogz: 9999.084 >  0.500
 loglike: -1.0e+04 | params: [-0.05226967 -0.55729869  5.91325521  1.49290166 31.79986448]
 Average call time: 2.02 sec | Current time: 2019-07-03 11:58:52.595919
 --------------------------
iter: 255 | batch: 0 | nc: 1 | ncalls: 255 | bounds: 0 | eff(%): 45.946 | logz: -1.0e+04 +/- 6.1e-02 | dlogz: 9999.078 >  0.500
 loglike: -1.0e+04 | params: [-0.17715425 -0.23622111  5.13176534  3.21273315 28.00027563]
 Average call time: 2.06 sec | Current time: 2019-07-03 11:58:54.652834
 --------------------------
iter: 256 | batch: 0 | nc: 1 | ncalls: 256 | bounds: 0 | eff(%): 46.043 | logz: -1.0e+04 +/- 6.1e-02 | dlogz: 9999.072 >  0.500
 loglike: -1.0e+04 | params: [-0.38355199 -0.95851206  5.77537628  1.12825111 28.63707951]
 Average call time: 1.83 sec | Current time: 2019-07-03 11:58:56.482377
 --------------------------
iter: 257 | batch: 0 | nc: 1 | ncalls: 257 | bounds: 0 | eff(%): 46.140 | logz: -1.0e+04 +/- 6.1e-02 | dlogz: 9999.066 >  0.500
 loglike: -1.0e+04 | params: [-0.03054914 -1.34948906  4.01512083  3.24527614 29.01182588]
 Average call time: 2.04 sec | Current time: 2019-07-03 11:58:58.519700
 --------------------------
iter: 258 | batch: 0 | nc: 1 | ncalls: 258 | bounds: 0 | eff(%): 46.237 | logz: -1.0e+04 +/- 6.1e-02 | dlogz: 9999.061 >  0.500
 loglike: -1.0e+04 | params: [ 0.1068384  -0.05151441  1.46211082  4.70905173 29.43255784]
 Average call time: 2.06 sec | Current time: 2019-07-03 11:59:00.577553
 --------------------------
iter: 259 | batch: 0 | nc: 1 | ncalls: 259 | bounds: 0 | eff(%): 46.333 | logz: -1.0e+04 +/- 6.1e-02 | dlogz: 9999.055 >  0.500
 loglike: -1.0e+04 | params: [ 0.12122993 -0.57411892  5.84809391  2.465785   32.07437794]
 Average call time: 2.05 sec | Current time: 2019-07-03 11:59:02.627686
 --------------------------
iter: 260 | batch: 0 | nc: 1 | ncalls: 260 | bounds: 0 | eff(%): 46.429 | logz: -1.0e+04 +/- 6.0e-02 | dlogz: 9999.049 >  0.500
 loglike: -1.0e+04 | params: [-0.35736211 -1.48709192  1.6376145   0.99163132 31.38248671]
 Average call time: 2.03 sec | Current time: 2019-07-03 11:59:04.660068
 --------------------------
iter: 261 | batch: 0 | nc: 1 | ncalls: 261 | bounds: 0 | eff(%): 46.524 | logz: -1.0e+04 +/- 6.0e-02 | dlogz: 9999.043 >  0.500
 loglike: -1.0e+04 | params: [-0.40140587 -1.09290677  1.44861816  0.50619209 29.59024233]
 Average call time: 1.81 sec | Current time: 2019-07-03 11:59:06.471349
 --------------------------
iter: 262 | batch: 0 | nc: 1 | ncalls: 262 | bounds: 0 | eff(%): 46.619 | logz: -1.0e+04 +/- 6.0e-02 | dlogz: 9999.037 >  0.500
 loglike: -1.0e+04 | params: [ 0.03078452 -0.110739    5.49527362  2.67384707 28.09052112]
 Average call time: 2.08 sec | Current time: 2019-07-03 11:59:08.554561
 --------------------------
iter: 263 | batch: 0 | nc: 1 | ncalls: 263 | bounds: 0 | eff(%): 46.714 | logz: -1.0e+04 +/- 6.0e-02 | dlogz: 9999.032 >  0.500
 loglike: -1.0e+04 | params: [ 0.16091065 -0.64099112  3.14020229  2.14118567 32.1916166 ]
 Average call time: 3.72 sec | Current time: 2019-07-03 11:59:12.275131
 --------------------------
