Using pcmdpy version 0.9.3
Loading Setup File: setup_files/mocks/mock_20.py
Running Nested Sampling
-initializing models
-Saving initial results dataframe
iter: 1 | batch: 0 | nc: 1 | ncalls: 1 | bounds: 0 | eff(%):  0.990 | logz: -4.2e+05 +/- 3.3e-01 | dlogz:    inf >  0.010
 loglike: -4.2e+05 | params: [ 0.24586118 -1.23189034  1.06100043  3.710288   32.59051165]
 Average call time: 246.66 sec | Current time: 2019-07-09 15:44:20.936809
 --------------------------
iter: 2 | batch: 0 | nc: 1 | ncalls: 2 | bounds: 0 | eff(%):  1.961 | logz: -4.2e+05 +/- 3.3e-01 | dlogz: 424388.100 >  0.010
 loglike: -4.2e+05 | params: [-0.07910286 -0.74537525  1.06884225  6.20533031 32.29584714]
 Average call time: 2.07 sec | Current time: 2019-07-09 15:44:23.009335
 --------------------------
iter: 3 | batch: 0 | nc: 1 | ncalls: 3 | bounds: 0 | eff(%):  2.913 | logz: -4.1e+05 +/- 3.3e-01 | dlogz: 417875.532 >  0.010
 loglike: -4.1e+05 | params: [-0.22633551 -0.57690573  1.37690621  3.01370965 32.59884061]
 Average call time: 1.96 sec | Current time: 2019-07-09 15:44:24.967954
 --------------------------
iter: 4 | batch: 0 | nc: 1 | ncalls: 4 | bounds: 0 | eff(%):  3.846 | logz: -3.9e+05 +/- 3.3e-01 | dlogz: 410270.038 >  0.010
 loglike: -3.9e+05 | params: [-0.22276259 -0.59349899  1.51552219  6.43875604 32.67331942]
 Average call time: 2.05 sec | Current time: 2019-07-09 15:44:27.013964
 --------------------------
iter: 5 | batch: 0 | nc: 1 | ncalls: 5 | bounds: 0 | eff(%):  4.762 | logz: -3.9e+05 +/- 3.3e-01 | dlogz: 391973.377 >  0.010
 loglike: -3.9e+05 | params: [ 0.07605915 -1.04565234  1.07587545  3.76061262 31.22002247]
 Average call time: 1.77 sec | Current time: 2019-07-09 15:44:28.783917
 --------------------------
iter: 6 | batch: 0 | nc: 1 | ncalls: 6 | bounds: 0 | eff(%):  5.660 | logz: -3.8e+05 +/- 3.3e-01 | dlogz: 391677.619 >  0.010
 loglike: -3.8e+05 | params: [ 0.03624541 -0.41386277  1.0933822   2.35792352 30.48291801]
 Average call time: 1.86 sec | Current time: 2019-07-09 15:44:30.641433
 --------------------------
iter: 7 | batch: 0 | nc: 1 | ncalls: 7 | bounds: 0 | eff(%):  6.542 | logz: -3.7e+05 +/- 3.3e-01 | dlogz: 378658.910 >  0.010
 loglike: -3.7e+05 | params: [ 0.20144718 -0.28435965  1.94171539  4.73981396 32.42106333]
 Average call time: 1.81 sec | Current time: 2019-07-09 15:44:32.452868
 --------------------------
iter: 8 | batch: 0 | nc: 2 | ncalls: 9 | bounds: 0 | eff(%):  7.339 | logz: -3.3e+05 +/- 3.3e-01 | dlogz: 368160.930 >  0.010
 loglike: -3.3e+05 | params: [ 0.07148042 -0.86218623  1.69446722  1.80787179 31.58820163]
 Average call time: 1.92 sec | Current time: 2019-07-09 15:44:36.289209
 --------------------------
iter: 9 | batch: 0 | nc: 2 | ncalls: 11 | bounds: 0 | eff(%):  8.108 | logz: -3.1e+05 +/- 3.3e-01 | dlogz: 330057.987 >  0.010
 loglike: -3.1e+05 | params: [ 0.11373534 -0.7386674   1.10596651  3.52482189 29.67787834]
 Average call time: 2.08 sec | Current time: 2019-07-09 15:44:40.441690
 --------------------------
iter: 10 | batch: 0 | nc: 1 | ncalls: 12 | bounds: 0 | eff(%):  8.929 | logz: -3.1e+05 +/- 3.3e-01 | dlogz: 312864.003 >  0.010
 loglike: -3.1e+05 | params: [ 0.19808997 -0.99150465  1.60041562  4.1785544  31.19524238]
 Average call time: 2.17 sec | Current time: 2019-07-09 15:44:42.613249
 --------------------------
iter: 11 | batch: 0 | nc: 1 | ncalls: 13 | bounds: 0 | eff(%):  9.735 | logz: -3.0e+05 +/- 3.3e-01 | dlogz: 308054.038 >  0.010
 loglike: -3.0e+05 | params: [-0.45514308 -1.22356937  1.23677639  5.43155945 30.56774868]
 Average call time: 1.83 sec | Current time: 2019-07-09 15:44:44.440896
 --------------------------
iter: 12 | batch: 0 | nc: 1 | ncalls: 14 | bounds: 0 | eff(%): 10.526 | logz: -2.9e+05 +/- 3.3e-01 | dlogz: 301515.240 >  0.010
 loglike: -2.9e+05 | params: [-0.45959474 -0.82252739  5.91002371  1.07914733 27.71628539]
 Average call time: 1.83 sec | Current time: 2019-07-09 15:44:46.267031
 --------------------------
iter: 13 | batch: 0 | nc: 1 | ncalls: 15 | bounds: 0 | eff(%): 11.304 | logz: -2.9e+05 +/- 3.3e-01 | dlogz: 288582.886 >  0.010
 loglike: -2.9e+05 | params: [-3.99484096e-01 -8.01925703e-03  1.89748935e+00  2.60861990e+00
  3.04097484e+01]
 Average call time: 2.66 sec | Current time: 2019-07-09 15:44:48.931824
 --------------------------
iter: 14 | batch: 0 | nc: 1 | ncalls: 16 | bounds: 0 | eff(%): 12.069 | logz: -2.7e+05 +/- 3.3e-01 | dlogz: 288541.120 >  0.010
 loglike: -2.7e+05 | params: [-0.49298857 -0.14902707  5.88620715  4.49946797 27.50864306]
 Average call time: 1.79 sec | Current time: 2019-07-09 15:44:50.724179
 --------------------------
iter: 15 | batch: 0 | nc: 1 | ncalls: 17 | bounds: 0 | eff(%): 12.821 | logz: -2.7e+05 +/- 3.3e-01 | dlogz: 273814.118 >  0.010
 loglike: -2.7e+05 | params: [-0.43168237 -0.19521643  1.1368489   7.75213373 28.96499934]
 Average call time: 2.05 sec | Current time: 2019-07-09 15:44:52.775811
 --------------------------
iter: 16 | batch: 0 | nc: 1 | ncalls: 18 | bounds: 0 | eff(%): 13.559 | logz: -2.6e+05 +/- 3.3e-01 | dlogz: 271759.321 >  0.010
 loglike: -2.6e+05 | params: [-2.78813415e-02 -4.70729887e-01  2.20191269e+00  6.32462953e+00
  3.21388647e+01]
 Average call time: 1.83 sec | Current time: 2019-07-09 15:44:54.603018
 --------------------------
iter: 17 | batch: 0 | nc: 1 | ncalls: 19 | bounds: 0 | eff(%): 14.286 | logz: -2.5e+05 +/- 3.3e-01 | dlogz: 258434.080 >  0.010
 loglike: -2.5e+05 | params: [ 0.23087135 -0.49831964  2.27826643  0.9556608  31.65708434]
 Average call time: 2.03 sec | Current time: 2019-07-09 15:44:56.635389
 --------------------------
iter: 18 | batch: 0 | nc: 1 | ncalls: 20 | bounds: 0 | eff(%): 15.000 | logz: -2.4e+05 +/- 3.3e-01 | dlogz: 251234.509 >  0.010
 loglike: -2.4e+05 | params: [-0.19229153 -1.29668368  1.63533155  3.37047344 30.70466242]
 Average call time: 1.82 sec | Current time: 2019-07-09 15:44:58.454864
 --------------------------
iter: 19 | batch: 0 | nc: 1 | ncalls: 21 | bounds: 0 | eff(%): 15.702 | logz: -2.4e+05 +/- 3.3e-01 | dlogz: 241159.481 >  0.010
 loglike: -2.4e+05 | params: [-0.04550874 -0.05280521  5.8379574   7.44722759 28.10807899]
 Average call time: 2.14 sec | Current time: 2019-07-09 15:45:00.599135
 --------------------------
iter: 20 | batch: 0 | nc: 1 | ncalls: 22 | bounds: 0 | eff(%): 16.393 | logz: -2.4e+05 +/- 3.3e-01 | dlogz: 240804.330 >  0.010
 loglike: -2.4e+05 | params: [-0.21993222 -1.48138953  5.60951669  6.99888096 29.11048093]
 Average call time: 9.14 sec | Current time: 2019-07-09 15:45:09.740466
 --------------------------
iter: 21 | batch: 0 | nc: 1 | ncalls: 23 | bounds: 0 | eff(%): 17.073 | logz: -2.4e+05 +/- 3.3e-01 | dlogz: 237213.926 >  0.010
 loglike: -2.4e+05 | params: [-0.11027342 -1.18831348  5.37548903  1.87079668 27.83195596]
 Average call time: 2.05 sec | Current time: 2019-07-09 15:45:11.788484
 --------------------------
iter: 22 | batch: 0 | nc: 1 | ncalls: 24 | bounds: 0 | eff(%): 17.742 | logz: -2.4e+05 +/- 3.3e-01 | dlogz: 236168.111 >  0.010
 loglike: -2.4e+05 | params: [-0.40079982 -0.03827817  1.90317551  6.1067643  29.89297089]
 Average call time: 1.83 sec | Current time: 2019-07-09 15:45:13.621328
 --------------------------
iter: 23 | batch: 0 | nc: 2 | ncalls: 26 | bounds: 0 | eff(%): 18.254 | logz: -2.2e+05 +/- 3.3e-01 | dlogz: 235264.290 >  0.010
 loglike: -2.2e+05 | params: [-0.25249446 -0.58998718  5.11079894  5.06092402 27.70753835]
 Average call time: 2.04 sec | Current time: 2019-07-09 15:45:17.695652
 --------------------------
iter: 24 | batch: 0 | nc: 1 | ncalls: 27 | bounds: 0 | eff(%): 18.898 | logz: -2.2e+05 +/- 3.3e-01 | dlogz: 224756.294 >  0.010
 loglike: -2.2e+05 | params: [ 4.62115947e-03 -1.36879258e+00  5.43482970e+00  6.28146995e+00
  2.89038265e+01]
 Average call time: 2.07 sec | Current time: 2019-07-09 15:45:19.767441
 --------------------------
iter: 25 | batch: 0 | nc: 3 | ncalls: 30 | bounds: 0 | eff(%): 19.231 | logz: -2.2e+05 +/- 3.3e-01 | dlogz: 218579.480 >  0.010
 loglike: -2.2e+05 | params: [-0.25760389 -0.61427729  5.26949284  2.36779316 28.03840336]
 Average call time: 1.87 sec | Current time: 2019-07-09 15:45:25.375226
 --------------------------
iter: 26 | batch: 0 | nc: 1 | ncalls: 31 | bounds: 0 | eff(%): 19.847 | logz: -2.2e+05 +/- 3.3e-01 | dlogz: 217270.669 >  0.010
 loglike: -2.2e+05 | params: [-0.27601949 -0.20758558  5.52903598  6.17180769 28.56738984]
 Average call time: 2.09 sec | Current time: 2019-07-09 15:45:27.461942
 --------------------------
iter: 27 | batch: 0 | nc: 1 | ncalls: 32 | bounds: 0 | eff(%): 20.455 | logz: -2.1e+05 +/- 3.3e-01 | dlogz: 217196.003 >  0.010
 loglike: -2.1e+05 | params: [-0.46089775 -1.36090603  5.43494815  1.42839264 29.17731967]
 Average call time: 1.89 sec | Current time: 2019-07-09 15:45:29.353148
 --------------------------
iter: 28 | batch: 0 | nc: 1 | ncalls: 33 | bounds: 0 | eff(%): 21.053 | logz: -2.0e+05 +/- 3.3e-01 | dlogz: 204961.288 >  0.010
 loglike: -2.0e+05 | params: [ 0.13451852 -0.79000519  5.51277513  1.88536466 28.82492243]
 Average call time: 1.78 sec | Current time: 2019-07-09 15:45:31.137272
 --------------------------
iter: 29 | batch: 0 | nc: 1 | ncalls: 34 | bounds: 0 | eff(%): 21.642 | logz: -2.0e+05 +/- 3.3e-01 | dlogz: 204435.902 >  0.010
 loglike: -2.0e+05 | params: [-0.31053818 -0.97798681  1.91294366  7.22418881 31.23916898]
 Average call time: 1.82 sec | Current time: 2019-07-09 15:45:32.953817
 --------------------------
iter: 30 | batch: 0 | nc: 1 | ncalls: 35 | bounds: 0 | eff(%): 22.222 | logz: -1.9e+05 +/- 3.3e-01 | dlogz: 197083.702 >  0.010
 loglike: -1.9e+05 | params: [-0.48951189 -0.58653429  5.9428319   1.87044549 30.52330631]
 Average call time: 3.92 sec | Current time: 2019-07-09 15:45:36.874986
 --------------------------
iter: 31 | batch: 0 | nc: 1 | ncalls: 36 | bounds: 0 | eff(%): 22.794 | logz: -1.9e+05 +/- 3.3e-01 | dlogz: 191829.844 >  0.010
 loglike: -1.9e+05 | params: [-0.40116765 -0.1092302   5.1389829   3.20258016 27.84342388]
 Average call time: 1.81 sec | Current time: 2019-07-09 15:45:38.680004
 --------------------------
iter: 32 | batch: 0 | nc: 2 | ncalls: 38 | bounds: 0 | eff(%): 23.188 | logz: -1.8e+05 +/- 3.3e-01 | dlogz: 191262.451 >  0.010
 loglike: -1.8e+05 | params: [-0.16825081 -0.92899601  5.16299235  5.72450126 29.13000495]
 Average call time: 1.93 sec | Current time: 2019-07-09 15:45:42.532166
 --------------------------
iter: 33 | batch: 0 | nc: 1 | ncalls: 39 | bounds: 0 | eff(%): 23.741 | logz: -1.8e+05 +/- 3.3e-01 | dlogz: 183634.999 >  0.010
 loglike: -1.8e+05 | params: [-0.27730454 -0.94208353  5.13849679  7.21900233 29.56382271]
 Average call time: 3.35 sec | Current time: 2019-07-09 15:45:45.877616
 --------------------------
iter: 34 | batch: 0 | nc: 2 | ncalls: 41 | bounds: 0 | eff(%): 24.113 | logz: -1.8e+05 +/- 3.3e-01 | dlogz: 178312.635 >  0.010
 loglike: -1.8e+05 | params: [-0.45199759 -0.74115458  5.66713356  1.27679915 30.41687276]
 Average call time: 1.90 sec | Current time: 2019-07-09 15:45:49.681924
 --------------------------
iter: 35 | batch: 0 | nc: 1 | ncalls: 42 | bounds: 0 | eff(%): 24.648 | logz: -1.7e+05 +/- 3.4e-01 | dlogz: 175487.687 >  0.010
 loglike: -1.7e+05 | params: [ 2.34548532e-02 -1.11255525e+00  5.57903910e+00  4.30562967e+00
  3.03477865e+01]
 Average call time: 2.05 sec | Current time: 2019-07-09 15:45:51.732215
 --------------------------
iter: 36 | batch: 0 | nc: 1 | ncalls: 43 | bounds: 0 | eff(%): 25.175 | logz: -1.7e+05 +/- 3.4e-01 | dlogz: 174338.418 >  0.010
 loglike: -1.7e+05 | params: [-0.2963998  -1.44835369  4.13542795  4.20958364 27.25173488]
 Average call time: 1.82 sec | Current time: 2019-07-09 15:45:53.549713
 --------------------------
iter: 37 | batch: 0 | nc: 2 | ncalls: 45 | bounds: 0 | eff(%): 25.517 | logz: -1.7e+05 +/- 3.4e-01 | dlogz: 165771.037 >  0.010
 loglike: -1.7e+05 | params: [-0.13771034 -1.31200259  5.82227092  0.23450406 31.05942459]
 Average call time: 1.77 sec | Current time: 2019-07-09 15:45:57.082721
 --------------------------
iter: 38 | batch: 0 | nc: 1 | ncalls: 46 | bounds: 0 | eff(%): 26.027 | logz: -1.6e+05 +/- 3.4e-01 | dlogz: 165576.647 >  0.010
 loglike: -1.6e+05 | params: [-0.03291756 -0.75947603  5.2026885   5.7255662  29.66345389]
 Average call time: 2.05 sec | Current time: 2019-07-09 15:45:59.135998
 --------------------------
iter: 39 | batch: 0 | nc: 1 | ncalls: 47 | bounds: 0 | eff(%): 26.531 | logz: -1.6e+05 +/- 3.4e-01 | dlogz: 164884.726 >  0.010
 loglike: -1.6e+05 | params: [-0.38645355 -0.99723801  4.28775889  0.67940609 27.33003837]
 Average call time: 2.04 sec | Current time: 2019-07-09 15:46:01.174071
 --------------------------
iter: 40 | batch: 0 | nc: 1 | ncalls: 48 | bounds: 0 | eff(%): 27.027 | logz: -1.6e+05 +/- 3.4e-01 | dlogz: 164058.285 >  0.010
 loglike: -1.6e+05 | params: [ 2.69545049e-04 -6.37823600e-01  1.25987643e+00  4.38842101e+00
  2.82476947e+01]
 Average call time: 1.99 sec | Current time: 2019-07-09 15:46:03.160468
 --------------------------
iter: 41 | batch: 0 | nc: 3 | ncalls: 51 | bounds: 0 | eff(%): 27.152 | logz: -1.6e+05 +/- 3.4e-01 | dlogz: 161553.499 >  0.010
 loglike: -1.6e+05 | params: [-1.98929078e-02 -4.27421260e-01  4.69211258e+00  7.77089694e+00
  2.84762954e+01]
 Average call time: 2.01 sec | Current time: 2019-07-09 15:46:09.202915
 --------------------------
iter: 42 | batch: 0 | nc: 3 | ncalls: 54 | bounds: 0 | eff(%): 27.273 | logz: -1.5e+05 +/- 3.4e-01 | dlogz: 155877.221 >  0.010
 loglike: -1.5e+05 | params: [ 0.08685849 -0.35759413  5.57201557  5.30311998 30.41020549]
 Average call time: 1.99 sec | Current time: 2019-07-09 15:46:15.183043
 --------------------------
iter: 43 | batch: 0 | nc: 2 | ncalls: 56 | bounds: 0 | eff(%): 27.564 | logz: -1.5e+05 +/- 3.4e-01 | dlogz: 153422.446 >  0.010
 loglike: -1.5e+05 | params: [-0.38762471 -0.38090489  5.15503496  5.10643357 29.62985929]
 Average call time: 2.02 sec | Current time: 2019-07-09 15:46:19.217760
 --------------------------
iter: 44 | batch: 0 | nc: 3 | ncalls: 59 | bounds: 0 | eff(%): 27.673 | logz: -1.5e+05 +/- 3.4e-01 | dlogz: 153277.569 >  0.010
 loglike: -1.5e+05 | params: [-0.21959012 -0.89773382  5.62549707  2.03438485 30.98407608]
 Average call time: 2.00 sec | Current time: 2019-07-09 15:46:25.226082
 --------------------------
iter: 45 | batch: 0 | nc: 1 | ncalls: 60 | bounds: 0 | eff(%): 28.125 | logz: -1.5e+05 +/- 3.4e-01 | dlogz: 152954.091 >  0.010
 loglike: -1.5e+05 | params: [-0.30750093 -0.45044511  5.50784448  7.87116937 30.84547687]
 Average call time: 10.23 sec | Current time: 2019-07-09 15:46:35.454001
 --------------------------
iter: 46 | batch: 0 | nc: 3 | ncalls: 63 | bounds: 0 | eff(%): 28.221 | logz: -1.5e+05 +/- 3.4e-01 | dlogz: 149266.743 >  0.010
 loglike: -1.5e+05 | params: [-0.03277838 -0.880556    2.81530601  0.38916324 32.20889226]
 Average call time: 1.95 sec | Current time: 2019-07-09 15:46:41.293739
 --------------------------
iter: 47 | batch: 0 | nc: 3 | ncalls: 66 | bounds: 0 | eff(%): 28.313 | logz: -1.5e+05 +/- 3.4e-01 | dlogz: 145965.929 >  0.010
 loglike: -1.5e+05 | params: [-0.44531733 -0.52374139  4.77843074  7.46359969 29.25842496]
 Average call time: 2.01 sec | Current time: 2019-07-09 15:46:47.325878
 --------------------------
iter: 48 | batch: 0 | nc: 2 | ncalls: 68 | bounds: 0 | eff(%): 28.571 | logz: -1.5e+05 +/- 3.4e-01 | dlogz: 145508.990 >  0.010
 loglike: -1.5e+05 | params: [-0.4590456  -0.76481552  1.90345091  5.08430629 30.3074522 ]
 Average call time: 2.02 sec | Current time: 2019-07-09 15:46:51.365705
 --------------------------
iter: 49 | batch: 0 | nc: 1 | ncalls: 69 | bounds: 0 | eff(%): 28.994 | logz: -1.4e+05 +/- 3.4e-01 | dlogz: 145211.026 >  0.010
 loglike: -1.4e+05 | params: [-0.47672385 -0.95514036  4.65360896  3.85697593 29.06650182]
 Average call time: 1.81 sec | Current time: 2019-07-09 15:46:53.175492
 --------------------------
iter: 50 | batch: 0 | nc: 1 | ncalls: 70 | bounds: 0 | eff(%): 29.412 | logz: -1.4e+05 +/- 3.4e-01 | dlogz: 144857.140 >  0.010
 loglike: -1.4e+05 | params: [ 0.09913477 -1.28579584  5.02832893  7.0482562  29.99952099]
 Average call time: 1.88 sec | Current time: 2019-07-09 15:46:55.058848
 --------------------------
iter: 51 | batch: 0 | nc: 1 | ncalls: 71 | bounds: 0 | eff(%): 29.825 | logz: -1.4e+05 +/- 3.4e-01 | dlogz: 144664.208 >  0.010
 loglike: -1.4e+05 | params: [ 0.04499385 -0.14986824  4.895819    4.83332277 28.74675147]
 Average call time: 2.03 sec | Current time: 2019-07-09 15:46:57.083963
 --------------------------
iter: 52 | batch: 0 | nc: 1 | ncalls: 72 | bounds: 0 | eff(%): 30.233 | logz: -1.4e+05 +/- 3.4e-01 | dlogz: 143081.259 >  0.010
 loglike: -1.4e+05 | params: [ 0.18409216 -0.3142138   5.96040733  7.67453392 31.75178481]
 Average call time: 2.04 sec | Current time: 2019-07-09 15:46:59.127489
 --------------------------
iter: 53 | batch: 0 | nc: 1 | ncalls: 73 | bounds: 0 | eff(%): 30.636 | logz: -1.4e+05 +/- 3.4e-01 | dlogz: 142075.151 >  0.010
 loglike: -1.4e+05 | params: [-2.55325148e-02 -2.56874026e-01  4.56555213e+00  2.75029379e+00
  2.80061681e+01]
 Average call time: 5.35 sec | Current time: 2019-07-09 15:47:04.475682
 --------------------------
iter: 54 | batch: 0 | nc: 2 | ncalls: 75 | bounds: 0 | eff(%): 30.857 | logz: -1.4e+05 +/- 3.4e-01 | dlogz: 140675.685 >  0.010
 loglike: -1.4e+05 | params: [-0.17233012 -0.5817765   5.59099038  5.04331969 31.23598539]
 Average call time: 1.94 sec | Current time: 2019-07-09 15:47:08.347240
 --------------------------
iter: 55 | batch: 0 | nc: 1 | ncalls: 76 | bounds: 0 | eff(%): 31.250 | logz: -1.4e+05 +/- 3.4e-01 | dlogz: 139612.467 >  0.010
 loglike: -1.4e+05 | params: [-0.05226967 -0.55729869  5.91325521  1.49290166 31.79986448]
 Average call time: 1.81 sec | Current time: 2019-07-09 15:47:10.161858
 --------------------------
iter: 56 | batch: 0 | nc: 1 | ncalls: 77 | bounds: 0 | eff(%): 31.638 | logz: -1.4e+05 +/- 3.4e-01 | dlogz: 135789.989 >  0.010
 loglike: -1.4e+05 | params: [ 0.2038417  -0.09203632  4.72522274  7.29480684 28.42334825]
 Average call time: 2.02 sec | Current time: 2019-07-09 15:47:12.184342
 --------------------------
iter: 57 | batch: 0 | nc: 1 | ncalls: 78 | bounds: 0 | eff(%): 32.022 | logz: -1.3e+05 +/- 3.4e-01 | dlogz: 135348.340 >  0.010
 loglike: -1.3e+05 | params: [-0.15283076 -0.22921999  4.39011797  3.00611212 27.82789806]
 Average call time: 2.05 sec | Current time: 2019-07-09 15:47:14.230417
 --------------------------
iter: 58 | batch: 0 | nc: 1 | ncalls: 79 | bounds: 0 | eff(%): 32.402 | logz: -1.3e+05 +/- 3.4e-01 | dlogz: 132693.141 >  0.010
 loglike: -1.3e+05 | params: [-0.11449681 -0.19669367  4.60173624  7.23837164 28.66568999]
 Average call time: 1.81 sec | Current time: 2019-07-09 15:47:16.043822
 --------------------------
iter: 59 | batch: 0 | nc: 4 | ncalls: 83 | bounds: 0 | eff(%): 32.240 | logz: -1.3e+05 +/- 3.4e-01 | dlogz: 129307.974 >  0.010
 loglike: -1.3e+05 | params: [ 6.81045767e-02 -1.74753556e-02  5.00700479e+00  2.81745058e+00
  2.90123475e+01]
 Average call time: 1.99 sec | Current time: 2019-07-09 15:47:23.994234
 --------------------------
iter: 60 | batch: 0 | nc: 1 | ncalls: 84 | bounds: 0 | eff(%): 32.609 | logz: -1.3e+05 +/- 3.4e-01 | dlogz: 128835.200 >  0.010
 loglike: -1.3e+05 | params: [-0.47901179 -0.20461309  5.9931538   2.66994761 32.10156501]
 Average call time: 2.15 sec | Current time: 2019-07-09 15:47:26.146023
 --------------------------
iter: 61 | batch: 0 | nc: 1 | ncalls: 85 | bounds: 0 | eff(%): 32.973 | logz: -1.3e+05 +/- 3.4e-01 | dlogz: 128357.670 >  0.010
 loglike: -1.3e+05 | params: [-5.84488351e-03 -1.22510048e+00  4.98705654e+00  4.93770269e+00
  3.03339203e+01]
 Average call time: 1.83 sec | Current time: 2019-07-09 15:47:27.975848
 --------------------------
iter: 62 | batch: 0 | nc: 1 | ncalls: 86 | bounds: 0 | eff(%): 33.333 | logz: -1.3e+05 +/- 3.4e-01 | dlogz: 127800.426 >  0.010
 loglike: -1.3e+05 | params: [-0.37004127 -0.63007076  4.63688749  5.87017845 29.4239749 ]
 Average call time: 2.01 sec | Current time: 2019-07-09 15:47:29.985987
 --------------------------
iter: 63 | batch: 0 | nc: 2 | ncalls: 88 | bounds: 0 | eff(%): 33.511 | logz: -1.3e+05 +/- 3.4e-01 | dlogz: 127003.078 >  0.010
 loglike: -1.3e+05 | params: [-0.25954399 -0.61154717  4.05026219  4.14817728 27.86853875]
 Average call time: 2.03 sec | Current time: 2019-07-09 15:47:34.038213
 --------------------------
iter: 64 | batch: 0 | nc: 1 | ncalls: 89 | bounds: 0 | eff(%): 33.862 | logz: -1.2e+05 +/- 3.4e-01 | dlogz: 126662.891 >  0.010
 loglike: -1.2e+05 | params: [-0.07468909 -0.27248254  5.69493652  1.62392118 31.27706415]
 Average call time: 1.82 sec | Current time: 2019-07-09 15:47:35.861428
 --------------------------
iter: 65 | batch: 0 | nc: 2 | ncalls: 91 | bounds: 0 | eff(%): 34.031 | logz: -1.2e+05 +/- 3.4e-01 | dlogz: 124884.809 >  0.010
 loglike: -1.2e+05 | params: [-0.22180488 -0.82988977  3.0755411   3.89506921 32.89994144]
 Average call time: 2.05 sec | Current time: 2019-07-09 15:47:39.954743
 --------------------------
iter: 66 | batch: 0 | nc: 4 | ncalls: 95 | bounds: 0 | eff(%): 33.846 | logz: -1.2e+05 +/- 3.4e-01 | dlogz: 122948.033 >  0.010
 loglike: -1.2e+05 | params: [ 0.03550995 -1.2361436   1.35348089  1.34522238 27.96934808]
 Average call time: 1.95 sec | Current time: 2019-07-09 15:47:47.769338
 --------------------------
iter: 67 | batch: 0 | nc: 1 | ncalls: 96 | bounds: 0 | eff(%): 34.184 | logz: -1.2e+05 +/- 3.4e-01 | dlogz: 122858.414 >  0.010
 loglike: -1.2e+05 | params: [-0.47845854 -0.14680678  2.1827294   1.11581566 28.90725473]
 Average call time: 1.84 sec | Current time: 2019-07-09 15:47:49.607517
 --------------------------
iter: 68 | batch: 0 | nc: 2 | ncalls: 98 | bounds: 0 | eff(%): 34.343 | logz: -1.2e+05 +/- 3.4e-01 | dlogz: 121647.927 >  0.010
 loglike: -1.2e+05 | params: [-0.23163705 -0.74850731  4.41731468  5.73034601 29.22150453]
 Average call time: 2.06 sec | Current time: 2019-07-09 15:47:53.724874
 --------------------------
iter: 69 | batch: 0 | nc: 3 | ncalls: 101 | bounds: 0 | eff(%): 34.328 | logz: -1.2e+05 +/- 3.5e-01 | dlogz: 121218.132 >  0.010
 loglike: -1.2e+05 | params: [-0.06075564 -0.19554302  5.1611348   6.25064808 30.29059865]
 Average call time: 1.84 sec | Current time: 2019-07-09 15:47:59.253429
 --------------------------
iter: 70 | batch: 0 | nc: 2 | ncalls: 103 | bounds: 0 | eff(%): 34.483 | logz: -1.2e+05 +/- 3.5e-01 | dlogz: 119280.455 >  0.010
 loglike: -1.2e+05 | params: [-0.19280021 -1.47253808  1.74329806  6.454248   29.51866874]
 Average call time: 2.80 sec | Current time: 2019-07-09 15:48:04.855038
 --------------------------
iter: 71 | batch: 0 | nc: 4 | ncalls: 107 | bounds: 0 | eff(%): 34.300 | logz: -1.2e+05 +/- 3.5e-01 | dlogz: 119226.376 >  0.010
 loglike: -1.2e+05 | params: [-0.25024815 -0.40735699  1.71217687  4.46450462 28.63825956]
 Average call time: 2.03 sec | Current time: 2019-07-09 15:48:12.991656
 --------------------------
iter: 72 | batch: 0 | nc: 3 | ncalls: 110 | bounds: 0 | eff(%): 34.286 | logz: -1.2e+05 +/- 3.5e-01 | dlogz: 119034.212 >  0.010
 loglike: -1.2e+05 | params: [ 0.13657097 -0.25155338  2.72825676  1.99577239 30.21472532]
 Average call time: 1.95 sec | Current time: 2019-07-09 15:48:18.833122
 --------------------------
iter: 73 | batch: 0 | nc: 1 | ncalls: 111 | bounds: 0 | eff(%): 34.597 | logz: -1.2e+05 +/- 3.5e-01 | dlogz: 118644.673 >  0.010
 loglike: -1.2e+05 | params: [ 0.16091065 -0.64099112  3.14020229  2.14118567 32.1916166 ]
 Average call time: 2.04 sec | Current time: 2019-07-09 15:48:20.877000
 --------------------------
iter: 74 | batch: 0 | nc: 6 | ncalls: 117 | bounds: 0 | eff(%): 34.101 | logz: -1.2e+05 +/- 3.5e-01 | dlogz: 118338.078 >  0.010
 loglike: -1.2e+05 | params: [ 0.12574137 -1.3244132   3.61551157  6.9971619  27.23224702]
 Average call time: 1.89 sec | Current time: 2019-07-09 15:48:32.210132
 --------------------------
iter: 75 | batch: 0 | nc: 1 | ncalls: 118 | bounds: 0 | eff(%): 34.404 | logz: -1.2e+05 +/- 3.5e-01 | dlogz: 117897.044 >  0.010
 loglike: -1.2e+05 | params: [-0.31817686 -1.33093976  3.02495009  0.43237647 32.5593927 ]
 Average call time: 2.06 sec | Current time: 2019-07-09 15:48:34.266311
 --------------------------
iter: 76 | batch: 0 | nc: 6 | ncalls: 124 | bounds: 0 | eff(%): 33.929 | logz: -1.2e+05 +/- 3.5e-01 | dlogz: 115909.924 >  0.010
 loglike: -1.2e+05 | params: [-0.23632145 -0.83558148  3.89746718  4.97873118 28.06270493]
 Average call time: 1.93 sec | Current time: 2019-07-09 15:48:45.834313
 --------------------------
iter: 77 | batch: 0 | nc: 2 | ncalls: 126 | bounds: 0 | eff(%): 34.071 | logz: -1.1e+05 +/- 3.5e-01 | dlogz: 115183.162 >  0.010
 loglike: -1.1e+05 | params: [ 0.09190427 -0.57849603  1.7914227   3.86345188 28.70189504]
 Average call time: 1.94 sec | Current time: 2019-07-09 15:48:49.713441
 --------------------------
iter: 78 | batch: 0 | nc: 2 | ncalls: 128 | bounds: 0 | eff(%): 34.211 | logz: -1.1e+05 +/- 3.5e-01 | dlogz: 114240.029 >  0.010
 loglike: -1.1e+05 | params: [-0.17044708 -0.55600502  5.6252905   2.92020491 31.91480068]
 Average call time: 1.82 sec | Current time: 2019-07-09 15:48:53.353951
 --------------------------
iter: 79 | batch: 0 | nc: 2 | ncalls: 130 | bounds: 0 | eff(%): 34.348 | logz: -1.1e+05 +/- 3.5e-01 | dlogz: 112686.019 >  0.010
 loglike: -1.1e+05 | params: [-1.14663926e-02 -9.04196133e-01  4.94365071e+00  2.60300537e+00
  3.04085919e+01]
 Average call time: 4.90 sec | Current time: 2019-07-09 15:49:03.148123
 --------------------------
iter: 80 | batch: 0 | nc: 2 | ncalls: 132 | bounds: 0 | eff(%): 34.483 | logz: -1.1e+05 +/- 3.5e-01 | dlogz: 110463.325 >  0.010
 loglike: -1.1e+05 | params: [-0.24558682 -1.05428122  4.58992997  7.98267673 30.31141365]
 Average call time: 2.83 sec | Current time: 2019-07-09 15:49:08.809325
 --------------------------
iter: 81 | batch: 0 | nc: 2 | ncalls: 134 | bounds: 0 | eff(%): 34.615 | logz: -1.1e+05 +/- 3.5e-01 | dlogz: 109840.298 >  0.010
 loglike: -1.1e+05 | params: [-0.28727219 -0.69494096  4.86619357  7.05471429 30.82434868]
 Average call time: 1.79 sec | Current time: 2019-07-09 15:49:12.398140
 --------------------------
iter: 82 | batch: 0 | nc: 8 | ncalls: 142 | bounds: 0 | eff(%): 33.884 | logz: -1.1e+05 +/- 3.5e-01 | dlogz: 107672.262 >  0.010
 loglike: -1.1e+05 | params: [-0.13448309 -1.09988896  4.02505551  6.0529954  28.62350537]
 Average call time: 1.97 sec | Current time: 2019-07-09 15:49:28.144915
 --------------------------
iter: 83 | batch: 0 | nc: 2 | ncalls: 144 | bounds: 0 | eff(%): 34.016 | logz: -1.1e+05 +/- 3.5e-01 | dlogz: 106743.624 >  0.010
 loglike: -1.1e+05 | params: [ 0.11402763 -0.68231675  3.25627027  7.13540178 32.83958875]
 Average call time: 1.93 sec | Current time: 2019-07-09 15:49:31.997219
 --------------------------
iter: 84 | batch: 0 | nc: 2 | ncalls: 146 | bounds: 0 | eff(%): 34.146 | logz: -1.1e+05 +/- 3.5e-01 | dlogz: 106495.523 >  0.010
 loglike: -1.1e+05 | params: [-2.74001656e-02 -9.63259561e-01  2.06409969e+00  1.86422186e+00
  2.95173828e+01]
 Average call time: 2.06 sec | Current time: 2019-07-09 15:49:36.111905
 --------------------------
iter: 85 | batch: 0 | nc: 1 | ncalls: 147 | bounds: 0 | eff(%): 34.413 | logz: -1.1e+05 +/- 3.5e-01 | dlogz: 106437.768 >  0.010
 loglike: -1.1e+05 | params: [-0.13021372 -1.01033777  1.57926529  7.77927952 28.64656965]
 Average call time: 2.09 sec | Current time: 2019-07-09 15:49:38.205568
 --------------------------
iter: 86 | batch: 0 | nc: 2 | ncalls: 149 | bounds: 0 | eff(%): 34.538 | logz: -1.1e+05 +/- 3.5e-01 | dlogz: 105478.496 >  0.010
 loglike: -1.1e+05 | params: [ 2.84359811e-02 -1.17181184e+00  5.62433814e+00  3.59291197e+00
  3.24558958e+01]
 Average call time: 3.19 sec | Current time: 2019-07-09 15:49:44.577008
 --------------------------
iter: 87 | batch: 0 | nc: 1 | ncalls: 150 | bounds: 0 | eff(%): 34.800 | logz: -1.0e+05 +/- 3.5e-01 | dlogz: 105042.541 >  0.010
 loglike: -1.0e+05 | params: [-0.075094   -0.25887414  5.87466872  7.72527335 32.6982156 ]
 Average call time: 2.23 sec | Current time: 2019-07-09 15:49:46.808278
 --------------------------
iter: 88 | batch: 0 | nc: 6 | ncalls: 156 | bounds: 0 | eff(%): 34.375 | logz: -1.0e+05 +/- 3.5e-01 | dlogz: 104743.667 >  0.010
 loglike: -1.0e+05 | params: [-2.54461773e-01 -3.25510191e-03  3.00557196e+00  7.07835256e+00
  3.04148315e+01]
 Average call time: 1.97 sec | Current time: 2019-07-09 15:49:58.620786
 --------------------------
iter: 89 | batch: 0 | nc: 2 | ncalls: 158 | bounds: 0 | eff(%): 34.496 | logz: -1.0e+05 +/- 3.5e-01 | dlogz: 103664.153 >  0.010
 loglike: -1.0e+05 | params: [ 0.18568896 -0.88138111  2.00186794  5.18421176 29.39919086]
 Average call time: 2.03 sec | Current time: 2019-07-09 15:50:02.671637
 --------------------------
iter: 90 | batch: 0 | nc: 1 | ncalls: 159 | bounds: 0 | eff(%): 34.749 | logz: -1.0e+05 +/- 3.5e-01 | dlogz: 103598.904 >  0.010
 loglike: -1.0e+05 | params: [-0.19917019 -0.1040784   3.57668073  6.49569795 32.29063337]
 Average call time: 2.98 sec | Current time: 2019-07-09 15:50:05.652550
 --------------------------
iter: 91 | batch: 0 | nc: 6 | ncalls: 165 | bounds: 0 | eff(%): 34.340 | logz: -1.0e+05 +/- 3.5e-01 | dlogz: 103015.129 >  0.010
 loglike: -1.0e+05 | params: [-0.12877449 -0.28518249  5.77282892  5.13611771 32.46509852]
 Average call time: 1.99 sec | Current time: 2019-07-09 15:50:17.588104
 --------------------------
iter: 92 | batch: 0 | nc: 2 | ncalls: 167 | bounds: 0 | eff(%): 34.457 | logz: -1.0e+05 +/- 3.5e-01 | dlogz: 101449.371 >  0.010
 loglike: -1.0e+05 | params: [-0.45747874 -1.34509073  3.42657849  5.42979166 27.54536906]
 Average call time: 2.07 sec | Current time: 2019-07-09 15:50:21.730429
 --------------------------
iter: 93 | batch: 0 | nc: 2 | ncalls: 169 | bounds: 0 | eff(%): 34.572 | logz: -1.0e+05 +/- 3.5e-01 | dlogz: 99990.376 >  0.010
 loglike: -1.0e+05 | params: [-0.43104839 -1.41929666  5.31398084  5.07676603 32.21791891]
 Average call time: 1.91 sec | Current time: 2019-07-09 15:50:25.540871
 --------------------------
iter: 94 | batch: 0 | nc: 2 | ncalls: 171 | bounds: 0 | eff(%): 34.686 | logz: -9.9e+04 +/- 3.5e-01 | dlogz: 99746.845 >  0.010
 loglike: -9.9e+04 | params: [-0.34868323 -0.45255544  5.76097705  7.13070997 32.96140418]
 Average call time: 2.06 sec | Current time: 2019-07-09 15:50:29.659808
 --------------------------
iter: 95 | batch: 0 | nc: 1 | ncalls: 172 | bounds: 0 | eff(%): 34.926 | logz: -9.8e+04 +/- 3.5e-01 | dlogz: 98802.067 >  0.010
 loglike: -9.8e+04 | params: [-0.32088501 -0.2546314   4.72382088  4.73318411 29.95720712]
 Average call time: 2.08 sec | Current time: 2019-07-09 15:50:31.741841
 --------------------------
iter: 96 | batch: 0 | nc: 1 | ncalls: 173 | bounds: 0 | eff(%): 35.165 | logz: -9.8e+04 +/- 3.5e-01 | dlogz: 98256.214 >  0.010
 loglike: -9.8e+04 | params: [ 0.05120889 -0.95157137  5.00801299  6.28361118 31.20813228]
 Average call time: 2.07 sec | Current time: 2019-07-09 15:50:33.808043
 --------------------------
iter: 97 | batch: 0 | nc: 1 | ncalls: 174 | bounds: 0 | eff(%): 35.401 | logz: -9.8e+04 +/- 3.5e-01 | dlogz: 98110.820 >  0.010
 loglike: -9.8e+04 | params: [-0.12308033 -0.69468271  5.09601034  0.55121354 31.01653046]
 Average call time: 3.45 sec | Current time: 2019-07-09 15:50:37.260669
 --------------------------
iter: 98 | batch: 0 | nc: 1 | ncalls: 175 | bounds: 0 | eff(%): 35.636 | logz: -9.7e+04 +/- 3.5e-01 | dlogz: 97974.423 >  0.010
 loglike: -9.7e+04 | params: [-1.18464344e-02 -2.86042250e-01  2.41481432e+00  2.25971614e+00
  2.93144231e+01]
 Average call time: 1.81 sec | Current time: 2019-07-09 15:50:39.067621
 --------------------------
iter: 99 | batch: 0 | nc: 1 | ncalls: 176 | bounds: 0 | eff(%): 35.870 | logz: -9.7e+04 +/- 3.5e-01 | dlogz: 97143.386 >  0.010
 loglike: -9.7e+04 | params: [ 0.17449314 -1.37282483  1.90568138  0.50025724 28.80767243]
 Average call time: 2.05 sec | Current time: 2019-07-09 15:50:41.117909
 --------------------------
iter: 100 | batch: 0 | nc: 1 | ncalls: 177 | bounds: 0 | eff(%): 36.101 | logz: -9.7e+04 +/- 3.5e-01 | dlogz: 96852.841 >  0.010
 loglike: -9.7e+04 | params: [-0.10827254 -1.3525072   4.56818337  7.08392069 30.40232653]
 Average call time: 2.22 sec | Current time: 2019-07-09 15:50:43.342270
 --------------------------
iter: 101 | batch: 0 | nc: 4 | ncalls: 181 | bounds: 0 | eff(%): 35.943 | logz: -9.5e+04 +/- 3.5e-01 | dlogz: 96563.313 >  0.010
 loglike: -9.5e+04 | params: [ 0.18881555 -1.42402432  2.12871341  2.96537818 29.47353421]
 Average call time: 1.93 sec | Current time: 2019-07-09 15:50:51.078125
 --------------------------
iter: 102 | batch: 0 | nc: 2 | ncalls: 183 | bounds: 0 | eff(%): 36.042 | logz: -9.5e+04 +/- 3.5e-01 | dlogz: 94855.816 >  0.010
 loglike: -9.5e+04 | params: [ 0.18637074 -1.03889749  2.49209815  5.30808969 30.57082634]
 Average call time: 1.91 sec | Current time: 2019-07-09 15:50:54.889374
 --------------------------
iter: 103 | batch: 0 | nc: 3 | ncalls: 186 | bounds: 0 | eff(%): 36.014 | logz: -9.3e+04 +/- 3.5e-01 | dlogz: 94774.133 >  0.010
 loglike: -9.3e+04 | params: [-0.08323517 -1.39062599  2.89258419  3.74260331 31.67124268]
 Average call time: 2.04 sec | Current time: 2019-07-09 15:51:01.009001
 --------------------------
iter: 104 | batch: 0 | nc: 4 | ncalls: 190 | bounds: 0 | eff(%): 35.862 | logz: -9.2e+04 +/- 3.6e-01 | dlogz: 93351.005 >  0.010
 loglike: -9.2e+04 | params: [ 0.2255067  -1.39869118  2.58793036  5.60521747 30.84159225]
 Average call time: 2.78 sec | Current time: 2019-07-09 15:51:12.133761
 --------------------------
iter: 105 | batch: 0 | nc: 3 | ncalls: 193 | bounds: 0 | eff(%): 35.836 | logz: -9.1e+04 +/- 3.6e-01 | dlogz: 92180.972 >  0.010
 loglike: -9.1e+04 | params: [-0.16602068 -0.03958611  4.98888157  2.34459158 30.33471835]
 Average call time: 1.95 sec | Current time: 2019-07-09 15:51:17.974801
 --------------------------
iter: 106 | batch: 0 | nc: 3 | ncalls: 196 | bounds: 0 | eff(%): 35.811 | logz: -9.0e+04 +/- 3.6e-01 | dlogz: 91066.503 >  0.010
 loglike: -9.0e+04 | params: [-0.13330543 -0.47129515  2.4079829   5.44592964 29.97439028]
 Average call time: 1.90 sec | Current time: 2019-07-09 15:51:23.687134
 --------------------------
iter: 107 | batch: 0 | nc: 3 | ncalls: 199 | bounds: 0 | eff(%): 35.786 | logz: -9.0e+04 +/- 3.6e-01 | dlogz: 90177.761 >  0.010
 loglike: -9.0e+04 | params: [-0.12358916 -0.99976769  1.5271014   5.16238192 27.90881474]
 Average call time: 1.96 sec | Current time: 2019-07-09 15:51:29.564743
 --------------------------
iter: 108 | batch: 0 | nc: 4 | ncalls: 203 | bounds: 0 | eff(%): 35.644 | logz: -8.9e+04 +/- 3.6e-01 | dlogz: 89749.483 >  0.010
 loglike: -8.9e+04 | params: [-0.29932373 -0.10075952  5.13072529  1.24900122 30.88202166]
 Average call time: 1.96 sec | Current time: 2019-07-09 15:51:37.420164
 --------------------------
iter: 109 | batch: 0 | nc: 3 | ncalls: 206 | bounds: 0 | eff(%): 35.621 | logz: -8.9e+04 +/- 3.6e-01 | dlogz: 89086.851 >  0.010
 loglike: -8.9e+04 | params: [ 0.04392947 -0.03931664  3.67740938  3.61390418 27.13266707]
 Average call time: 2.03 sec | Current time: 2019-07-09 15:51:43.510970
 --------------------------
iter: 110 | batch: 0 | nc: 4 | ncalls: 210 | bounds: 0 | eff(%): 35.484 | logz: -8.8e+04 +/- 3.6e-01 | dlogz: 89046.789 >  0.010
 loglike: -8.8e+04 | params: [-0.17430326 -0.85820763  1.5105859   7.2796285  27.89406787]
 Average call time: 1.90 sec | Current time: 2019-07-09 15:51:51.105243
 --------------------------
iter: 111 | batch: 0 | nc: 2 | ncalls: 212 | bounds: 0 | eff(%): 35.577 | logz: -8.7e+04 +/- 3.6e-01 | dlogz: 87980.637 >  0.010
 loglike: -8.7e+04 | params: [ 0.18067602 -1.48431963  1.86767193  6.72919537 28.86152782]
 Average call time: 2.03 sec | Current time: 2019-07-09 15:51:55.167918
 --------------------------
iter: 112 | batch: 0 | nc: 1 | ncalls: 213 | bounds: 0 | eff(%): 35.783 | logz: -8.7e+04 +/- 3.6e-01 | dlogz: 87230.724 >  0.010
 loglike: -8.7e+04 | params: [-0.33215331 -1.18269493  1.76957583  4.01757718 28.56776868]
 Average call time: 2.04 sec | Current time: 2019-07-09 15:51:57.211972
 --------------------------
iter: 113 | batch: 0 | nc: 8 | ncalls: 221 | bounds: 0 | eff(%): 35.202 | logz: -8.6e+04 +/- 3.6e-01 | dlogz: 86954.975 >  0.010
 loglike: -8.6e+04 | params: [ 2.13927234e-02 -1.73022303e-01  4.75697052e+00  2.17831597e+00
  3.00454469e+01]
 Average call time: 2.06 sec | Current time: 2019-07-09 15:52:13.685329
 --------------------------
iter: 114 | batch: 0 | nc: 7 | ncalls: 228 | bounds: 0 | eff(%): 34.756 | logz: -8.5e+04 +/- 3.6e-01 | dlogz: 85578.174 >  0.010
 loglike: -8.5e+04 | params: [ 0.13673926 -0.13298408  5.49950558  6.95110617 32.02657314]
 Average call time: 1.97 sec | Current time: 2019-07-09 15:52:27.480295
 --------------------------
iter: 115 | batch: 0 | nc: 1 | ncalls: 229 | bounds: 0 | eff(%): 34.954 | logz: -8.4e+04 +/- 3.6e-01 | dlogz: 85054.430 >  0.010
 loglike: -8.4e+04 | params: [ 0.16296337 -0.3879592   3.578554    1.16848956 27.23930192]
 Average call time: 1.81 sec | Current time: 2019-07-09 15:52:29.287593
 --------------------------
iter: 116 | batch: 0 | nc: 1 | ncalls: 230 | bounds: 0 | eff(%): 35.152 | logz: -8.2e+04 +/- 3.6e-01 | dlogz: 83842.014 >  0.010
 loglike: -8.2e+04 | params: [-1.12262256e-02 -5.18302257e-01  3.76163655e+00  1.56726780e+00
  3.28858582e+01]
 Average call time: 2.06 sec | Current time: 2019-07-09 15:52:31.351124
 --------------------------
iter: 117 | batch: 0 | nc: 7 | ncalls: 237 | bounds: 0 | eff(%): 34.718 | logz: -8.2e+04 +/- 3.6e-01 | dlogz: 82082.899 >  0.010
 loglike: -8.2e+04 | params: [ 0.05622489 -1.22477696  2.74320546  3.8958038  30.86355859]
 Average call time: 2.65 sec | Current time: 2019-07-09 15:52:49.880723
 --------------------------
iter: 118 | batch: 0 | nc: 1 | ncalls: 238 | bounds: 0 | eff(%): 34.911 | logz: -8.1e+04 +/- 3.6e-01 | dlogz: 81849.872 >  0.010
 loglike: -8.1e+04 | params: [ 0.15184554 -0.84573986  5.01073821  1.23575791 31.22556583]
 Average call time: 4.13 sec | Current time: 2019-07-09 15:52:54.014607
 --------------------------
iter: 119 | batch: 0 | nc: 4 | ncalls: 242 | bounds: 0 | eff(%): 34.795 | logz: -8.1e+04 +/- 3.6e-01 | dlogz: 81322.024 >  0.010
 loglike: -8.1e+04 | params: [-0.12612988 -0.60204698  2.50073725  3.74788422 29.97359869]
 Average call time: 2.93 sec | Current time: 2019-07-09 15:53:05.718640
 --------------------------
iter: 120 | batch: 0 | nc: 4 | ncalls: 246 | bounds: 0 | eff(%): 34.682 | logz: -8.0e+04 +/- 3.6e-01 | dlogz: 81138.035 >  0.010
 loglike: -8.0e+04 | params: [ 0.20060189 -0.79380997  3.56179759  2.17754577 27.59338025]
 Average call time: 2.00 sec | Current time: 2019-07-09 15:53:13.714418
 --------------------------
iter: 121 | batch: 0 | nc: 2 | ncalls: 248 | bounds: 0 | eff(%): 34.770 | logz: -8.0e+04 +/- 3.6e-01 | dlogz: 80309.617 >  0.010
 loglike: -8.0e+04 | params: [-2.85591745e-01 -1.98791770e-02  3.15900424e+00  4.63645187e+00
  3.01634525e+01]
 Average call time: 2.90 sec | Current time: 2019-07-09 15:53:19.511934
 --------------------------
iter: 122 | batch: 0 | nc: 3 | ncalls: 251 | bounds: 0 | eff(%): 34.758 | logz: -8.0e+04 +/- 3.6e-01 | dlogz: 79985.586 >  0.010
 loglike: -8.0e+04 | params: [-0.29555555 -1.08530362  5.00936089  7.66930089 32.25559581]
 Average call time: 1.95 sec | Current time: 2019-07-09 15:53:25.365940
 --------------------------
iter: 123 | batch: 0 | nc: 4 | ncalls: 255 | bounds: 0 | eff(%): 34.648 | logz: -7.8e+04 +/- 3.6e-01 | dlogz: 79509.636 >  0.010
 loglike: -7.8e+04 | params: [ 0.04167656 -0.51888273  2.96104968  7.79203088 31.26604563]
 Average call time: 1.96 sec | Current time: 2019-07-09 15:53:33.190062
 --------------------------
iter: 124 | batch: 0 | nc: 1 | ncalls: 256 | bounds: 0 | eff(%): 34.831 | logz: -7.7e+04 +/- 3.6e-01 | dlogz: 77710.676 >  0.010
 loglike: -7.7e+04 | params: [-0.46080018 -0.32522445  1.72586635  0.56371757 27.35396749]
 Average call time: 6.59 sec | Current time: 2019-07-09 15:53:39.776121
 --------------------------
iter: 125 | batch: 0 | nc: 1 | ncalls: 257 | bounds: 0 | eff(%): 35.014 | logz: -7.6e+04 +/- 3.6e-01 | dlogz: 77287.272 >  0.010
 loglike: -7.6e+04 | params: [-0.45032895 -1.49673458  2.346722    0.36710527 29.80717485]
 Average call time: 3.70 sec | Current time: 2019-07-09 15:53:43.480363
 --------------------------
iter: 126 | batch: 0 | nc: 3 | ncalls: 260 | bounds: 0 | eff(%): 35.000 | logz: -7.5e+04 +/- 3.6e-01 | dlogz: 75832.788 >  0.010
 loglike: -7.5e+04 | params: [-0.17278384 -1.19628727  3.2194479   5.96296997 27.57609055]
 Average call time: 2.00 sec | Current time: 2019-07-09 15:53:49.474748
 --------------------------
iter: 127 | batch: 0 | nc: 4 | ncalls: 264 | bounds: 0 | eff(%): 34.890 | logz: -7.4e+04 +/- 3.6e-01 | dlogz: 74759.370 >  0.010
 loglike: -7.4e+04 | params: [-0.16536829 -0.21705146  5.55590311  7.02486186 32.79257535]
 Average call time: 1.98 sec | Current time: 2019-07-09 15:53:57.399112
 --------------------------
iter: 128 | batch: 0 | nc: 3 | ncalls: 267 | bounds: 0 | eff(%): 34.877 | logz: -7.4e+04 +/- 3.6e-01 | dlogz: 73687.414 >  0.010
 loglike: -7.4e+04 | params: [-0.04138091 -0.83833038  3.63602294  6.26058283 28.50810116]
 Average call time: 2.02 sec | Current time: 2019-07-09 15:54:03.444424
 --------------------------
iter: 129 | batch: 0 | nc: 7 | ncalls: 274 | bounds: 0 | eff(%): 34.492 | logz: -7.3e+04 +/- 3.6e-01 | dlogz: 73590.248 >  0.010
 loglike: -7.3e+04 | params: [-0.46905209 -1.23769836  3.10048707  2.79079198 27.26861349]
 Average call time: 1.87 sec | Current time: 2019-07-09 15:54:16.527009
 --------------------------
iter: 130 | batch: 0 | nc: 1 | ncalls: 275 | bounds: 0 | eff(%): 34.667 | logz: -7.3e+04 +/- 3.6e-01 | dlogz: 72897.216 >  0.010
 loglike: -7.3e+04 | params: [-4.68716987e-01 -6.54880868e-03  4.09502110e+00  6.25778238e+00
  3.25880318e+01]
 Average call time: 2.13 sec | Current time: 2019-07-09 15:54:18.653905
 --------------------------
iter: 131 | batch: 0 | nc: 11 | ncalls: 286 | bounds: 0 | eff(%): 33.938 | logz: -7.3e+04 +/- 3.6e-01 | dlogz: 72864.434 >  0.010
 loglike: -7.3e+04 | params: [ 0.13768881 -0.0727667   4.41489399  0.70168413 29.46046766]
 Average call time: 1.91 sec | Current time: 2019-07-09 15:54:39.710763
 --------------------------
iter: 132 | batch: 0 | nc: 1 | ncalls: 287 | bounds: 0 | eff(%): 34.109 | logz: -7.0e+04 +/- 3.6e-01 | dlogz: 72672.048 >  0.010
 loglike: -7.0e+04 | params: [-0.32531751 -0.25738659  5.45720965  6.53302361 32.76779994]
 Average call time: 1.82 sec | Current time: 2019-07-09 15:54:41.534147
 --------------------------
iter: 133 | batch: 0 | nc: 5 | ncalls: 292 | bounds: 0 | eff(%): 33.929 | logz: -7.0e+04 +/- 3.6e-01 | dlogz: 69862.780 >  0.010
 loglike: -7.0e+04 | params: [-0.44243546 -0.09481959  5.1791243   7.78368701 31.93904902]
 Average call time: 1.90 sec | Current time: 2019-07-09 15:54:51.052724
 --------------------------
iter: 134 | batch: 0 | nc: 2 | ncalls: 294 | bounds: 0 | eff(%): 34.010 | logz: -6.8e+04 +/- 3.6e-01 | dlogz: 69660.476 >  0.010
 loglike: -6.8e+04 | params: [-0.35636041 -0.56683684  3.1886387   6.30433281 31.67985485]
 Average call time: 2.04 sec | Current time: 2019-07-09 15:54:55.138525
 --------------------------
iter: 135 | batch: 0 | nc: 3 | ncalls: 297 | bounds: 0 | eff(%): 34.005 | logz: -6.7e+04 +/- 3.6e-01 | dlogz: 67972.502 >  0.010
 loglike: -6.7e+04 | params: [-0.03991103 -0.39859541  3.83184546  6.22416006 32.91927363]
 Average call time: 2.09 sec | Current time: 2019-07-09 15:55:01.400416
 --------------------------
iter: 136 | batch: 0 | nc: 8 | ncalls: 305 | bounds: 0 | eff(%): 33.580 | logz: -6.7e+04 +/- 3.6e-01 | dlogz: 67262.074 >  0.010
 loglike: -6.7e+04 | params: [ 0.21240899 -0.19086165  2.86022686  5.20226891 29.59614324]
 Average call time: 1.96 sec | Current time: 2019-07-09 15:55:17.084440
 --------------------------
iter: 137 | batch: 0 | nc: 2 | ncalls: 307 | bounds: 0 | eff(%): 33.661 | logz: -6.7e+04 +/- 3.6e-01 | dlogz: 67036.422 >  0.010
 loglike: -6.7e+04 | params: [-0.14541744 -0.71686788  1.76104454  5.26844926 27.78266178]
 Average call time: 5.72 sec | Current time: 2019-07-09 15:55:28.527676
 --------------------------
iter: 138 | batch: 0 | nc: 1 | ncalls: 308 | bounds: 0 | eff(%): 33.824 | logz: -6.5e+04 +/- 3.6e-01 | dlogz: 66655.101 >  0.010
 loglike: -6.5e+04 | params: [-0.08615981 -1.36119581  4.70215386  4.55794981 31.47514637]
 Average call time: 5.88 sec | Current time: 2019-07-09 15:55:34.404595
 --------------------------
iter: 139 | batch: 0 | nc: 3 | ncalls: 311 | bounds: 0 | eff(%): 33.820 | logz: -6.4e+04 +/- 3.6e-01 | dlogz: 64923.424 >  0.010
 loglike: -6.4e+04 | params: [ 0.120106   -0.93597466  4.04588513  4.9981703  29.64899982]
 Average call time: 1.98 sec | Current time: 2019-07-09 15:55:40.341975
 --------------------------
iter: 140 | batch: 0 | nc: 2 | ncalls: 313 | bounds: 0 | eff(%): 33.898 | logz: -6.4e+04 +/- 3.6e-01 | dlogz: 64431.327 >  0.010
 loglike: -6.4e+04 | params: [-0.07978922 -0.34633672  3.17593463  0.7599177  30.59156321]
 Average call time: 3.05 sec | Current time: 2019-07-09 15:55:46.435787
 --------------------------
iter: 141 | batch: 0 | nc: 4 | ncalls: 317 | bounds: 0 | eff(%): 33.813 | logz: -6.4e+04 +/- 3.7e-01 | dlogz: 64398.180 >  0.010
 loglike: -6.4e+04 | params: [ 0.13044286 -0.3377185   1.88082023  7.08801445 27.55838372]
 Average call time: 2.56 sec | Current time: 2019-07-09 15:55:56.683845
 --------------------------
iter: 142 | batch: 0 | nc: 2 | ncalls: 319 | bounds: 0 | eff(%): 33.890 | logz: -6.3e+04 +/- 3.7e-01 | dlogz: 64320.880 >  0.010
 loglike: -6.3e+04 | params: [ 0.10371121 -0.87040118  3.32527047  6.07552074 31.86090102]
 Average call time: 2.34 sec | Current time: 2019-07-09 15:56:01.355661
 --------------------------
iter: 143 | batch: 0 | nc: 13 | ncalls: 332 | bounds: 0 | eff(%): 33.102 | logz: -6.3e+04 +/- 3.7e-01 | dlogz: 63434.573 >  0.010
 loglike: -6.3e+04 | params: [ 0.17675572 -0.11894801  3.32720402  4.5686095  27.17134821]
 Average call time: 1.94 sec | Current time: 2019-07-09 15:56:26.541178
 --------------------------
iter: 144 | batch: 0 | nc: 2 | ncalls: 334 | bounds: 0 | eff(%): 33.180 | logz: -6.3e+04 +/- 3.7e-01 | dlogz: 63160.204 >  0.010
 loglike: -6.3e+04 | params: [ 0.22899873 -0.17574966  4.15216565  7.4396774  29.38875963]
 Average call time: 1.83 sec | Current time: 2019-07-09 15:56:30.202424
 --------------------------
iter: 145 | batch: 0 | nc: 2 | ncalls: 336 | bounds: 0 | eff(%): 33.257 | logz: -6.3e+04 +/- 3.7e-01 | dlogz: 62917.442 >  0.010
 loglike: -6.3e+04 | params: [-0.29915453 -1.4449116   5.02019789  2.7370165  32.35132011]
 Average call time: 3.68 sec | Current time: 2019-07-09 15:56:37.568215
 --------------------------
iter: 146 | batch: 0 | nc: 1 | ncalls: 337 | bounds: 0 | eff(%): 33.410 | logz: -6.2e+04 +/- 3.7e-01 | dlogz: 62555.167 >  0.010
 loglike: -6.2e+04 | params: [-0.25571944 -1.20957196  3.28905824  7.37118031 32.27441497]
 Average call time: 2.09 sec | Current time: 2019-07-09 15:56:39.658079
 --------------------------
iter: 147 | batch: 0 | nc: 2 | ncalls: 339 | bounds: 0 | eff(%): 33.485 | logz: -6.1e+04 +/- 3.7e-01 | dlogz: 62382.374 >  0.010
 loglike: -6.1e+04 | params: [-0.42804752 -0.37760568  3.62309205  2.39700183 28.36914452]
 Average call time: 2.12 sec | Current time: 2019-07-09 15:56:43.898141
 --------------------------
iter: 148 | batch: 0 | nc: 8 | ncalls: 347 | bounds: 0 | eff(%): 33.110 | logz: -6.1e+04 +/- 3.7e-01 | dlogz: 60986.330 >  0.010
 loglike: -6.1e+04 | params: [ 1.91025634e-02 -1.43558552e+00  5.16793450e+00  3.02259328e+00
  3.26193420e+01]
 Average call time: 1.98 sec | Current time: 2019-07-09 15:56:59.728501
 --------------------------
iter: 149 | batch: 0 | nc: 1 | ncalls: 348 | bounds: 0 | eff(%): 33.259 | logz: -6.0e+04 +/- 3.7e-01 | dlogz: 60618.997 >  0.010
 loglike: -6.0e+04 | params: [-0.06629435 -1.37428661  3.97091304  1.49808881 29.52520337]
 Average call time: 1.81 sec | Current time: 2019-07-09 15:57:01.535109
 --------------------------
iter: 150 | batch: 0 | nc: 2 | ncalls: 350 | bounds: 0 | eff(%): 33.333 | logz: -6.0e+04 +/- 3.7e-01 | dlogz: 60229.964 >  0.010
 loglike: -6.0e+04 | params: [ 2.16036163e-02 -1.36366887e+00  3.61823762e+00  7.16730073e+00
  3.27822352e+01]
 Average call time: 2.10 sec | Current time: 2019-07-09 15:57:05.740301
 --------------------------
iter: 151 | batch: 0 | nc: 2 | ncalls: 352 | bounds: 0 | eff(%): 33.407 | logz: -5.9e+04 +/- 3.7e-01 | dlogz: 59722.753 >  0.010
 loglike: -5.9e+04 | params: [-0.46102158 -0.72602087  3.0249811   7.99723179 27.65142006]
 Average call time: 1.96 sec | Current time: 2019-07-09 15:57:09.665495
 --------------------------
iter: 152 | batch: 0 | nc: 1 | ncalls: 353 | bounds: 0 | eff(%): 33.554 | logz: -5.8e+04 +/- 3.7e-01 | dlogz: 58716.402 >  0.010
 loglike: -5.8e+04 | params: [-0.07643991 -1.05828812  4.1699746   5.18155733 30.31501149]
 Average call time: 2.40 sec | Current time: 2019-07-09 15:57:12.064336
 --------------------------
iter: 153 | batch: 0 | nc: 2 | ncalls: 355 | bounds: 0 | eff(%): 33.626 | logz: -5.8e+04 +/- 3.7e-01 | dlogz: 58299.202 >  0.010
 loglike: -5.8e+04 | params: [ 0.12880493 -0.13773922  3.97308544  6.21066042 29.06459997]
 Average call time: 1.97 sec | Current time: 2019-07-09 15:57:16.001685
 --------------------------
iter: 154 | batch: 0 | nc: 1 | ncalls: 356 | bounds: 0 | eff(%): 33.772 | logz: -5.7e+04 +/- 3.7e-01 | dlogz: 58216.803 >  0.010
 loglike: -5.7e+04 | params: [ 0.09844706 -1.04460853  2.99246694  3.64942342 27.12321106]
 Average call time: 2.39 sec | Current time: 2019-07-09 15:57:18.387135
 --------------------------
iter: 155 | batch: 0 | nc: 1 | ncalls: 357 | bounds: 0 | eff(%): 33.917 | logz: -5.7e+04 +/- 3.7e-01 | dlogz: 57154.030 >  0.010
 loglike: -5.7e+04 | params: [-0.40548368 -1.47996645  2.69077811  3.92612937 30.27714628]
 Average call time: 2.34 sec | Current time: 2019-07-09 15:57:20.729909
 --------------------------
iter: 156 | batch: 0 | nc: 4 | ncalls: 361 | bounds: 0 | eff(%): 33.839 | logz: -5.7e+04 +/- 3.7e-01 | dlogz: 57125.280 >  0.010
 loglike: -5.7e+04 | params: [-0.47517229 -0.6457544   1.73757534  4.68242687 27.50094363]
 Average call time: 2.35 sec | Current time: 2019-07-09 15:57:30.135035
 --------------------------
iter: 157 | batch: 0 | nc: 4 | ncalls: 365 | bounds: 0 | eff(%): 33.763 | logz: -5.7e+04 +/- 3.7e-01 | dlogz: 57057.524 >  0.010
 loglike: -5.7e+04 | params: [ 0.16737773 -0.82361687  4.48604836  3.18329221 30.73574256]
 Average call time: 1.94 sec | Current time: 2019-07-09 15:57:37.901082
 --------------------------
iter: 158 | batch: 0 | nc: 1 | ncalls: 366 | bounds: 0 | eff(%): 33.906 | logz: -5.6e+04 +/- 3.7e-01 | dlogz: 56821.268 >  0.010
 loglike: -5.6e+04 | params: [-0.49835793 -1.43705213  1.70893692  4.82607376 27.63876313]
 Average call time: 4.25 sec | Current time: 2019-07-09 15:57:42.153788
 --------------------------
iter: 159 | batch: 0 | nc: 8 | ncalls: 374 | bounds: 0 | eff(%): 33.544 | logz: -5.5e+04 +/- 3.7e-01 | dlogz: 55654.139 >  0.010
 loglike: -5.5e+04 | params: [-0.1710867  -0.30443383  4.37832469  4.4056824  30.38536195]
 Average call time: 1.94 sec | Current time: 2019-07-09 15:57:57.655112
 --------------------------
iter: 160 | batch: 0 | nc: 5 | ncalls: 379 | bounds: 0 | eff(%): 33.403 | logz: -5.5e+04 +/- 3.7e-01 | dlogz: 55363.140 >  0.010
 loglike: -5.5e+04 | params: [ 0.04795031 -0.45158286  3.15134197  3.29058713 30.60663634]
 Average call time: 1.91 sec | Current time: 2019-07-09 15:58:07.183938
 --------------------------
iter: 161 | batch: 0 | nc: 1 | ncalls: 380 | bounds: 0 | eff(%): 33.542 | logz: -5.4e+04 +/- 3.7e-01 | dlogz: 54778.781 >  0.010
 loglike: -5.4e+04 | params: [-0.36666398 -1.1753018   4.62195199  5.08874745 31.76720942]
 Average call time: 3.03 sec | Current time: 2019-07-09 15:58:10.215359
 --------------------------
iter: 162 | batch: 0 | nc: 5 | ncalls: 385 | bounds: 0 | eff(%): 33.402 | logz: -5.4e+04 +/- 3.7e-01 | dlogz: 53938.182 >  0.010
 loglike: -5.4e+04 | params: [-0.40166012 -1.21017083  3.18746376  7.77031006 31.64316579]
 Average call time: 2.14 sec | Current time: 2019-07-09 15:58:20.935654
 --------------------------
iter: 163 | batch: 0 | nc: 1 | ncalls: 386 | bounds: 0 | eff(%): 33.539 | logz: -5.4e+04 +/- 3.7e-01 | dlogz: 53574.354 >  0.010
 loglike: -5.4e+04 | params: [-0.24996804 -0.72278175  2.97344292  0.34529183 30.46103906]
 Average call time: 1.93 sec | Current time: 2019-07-09 15:58:22.864446
 --------------------------
iter: 164 | batch: 0 | nc: 1 | ncalls: 387 | bounds: 0 | eff(%): 33.676 | logz: -5.3e+04 +/- 3.7e-01 | dlogz: 53458.816 >  0.010
 loglike: -5.3e+04 | params: [-0.09251723 -0.18376298  5.35297481  7.81505376 32.88818951]
 Average call time: 2.81 sec | Current time: 2019-07-09 15:58:25.676076
 --------------------------
iter: 165 | batch: 0 | nc: 7 | ncalls: 394 | bounds: 0 | eff(%): 33.401 | logz: -5.3e+04 +/- 3.7e-01 | dlogz: 53157.339 >  0.010
 loglike: -5.3e+04 | params: [ 0.20504677 -0.17961672  3.29072515  0.23674953 27.41192785]
 Average call time: 2.01 sec | Current time: 2019-07-09 15:58:39.714395
 --------------------------
iter: 166 | batch: 0 | nc: 1 | ncalls: 395 | bounds: 0 | eff(%): 33.535 | logz: -5.2e+04 +/- 3.7e-01 | dlogz: 52631.729 >  0.010
 loglike: -5.2e+04 | params: [-0.12435434 -1.4776462   2.73647146  2.76812412 30.02778768]
 Average call time: 5.45 sec | Current time: 2019-07-09 15:58:45.162545
 --------------------------
iter: 167 | batch: 0 | nc: 10 | ncalls: 405 | bounds: 0 | eff(%): 33.069 | logz: -5.1e+04 +/- 3.7e-01 | dlogz: 52354.722 >  0.010
 loglike: -5.1e+04 | params: [-0.3165829  -1.40424474  3.13377098  5.67772801 31.30892147]
 Average call time: 1.86 sec | Current time: 2019-07-09 15:59:03.792731
 --------------------------
iter: 168 | batch: 0 | nc: 2 | ncalls: 407 | bounds: 0 | eff(%): 33.136 | logz: -5.1e+04 +/- 3.7e-01 | dlogz: 50674.928 >  0.010
 loglike: -5.1e+04 | params: [ 0.1749739  -0.87486969  3.67925831  0.14904728 28.80385023]
 Average call time: 2.01 sec | Current time: 2019-07-09 15:59:07.819090
 --------------------------
iter: 169 | batch: 0 | nc: 3 | ncalls: 410 | bounds: 0 | eff(%): 33.137 | logz: -5.0e+04 +/- 3.7e-01 | dlogz: 50625.591 >  0.010
 loglike: -5.0e+04 | params: [-0.48272243 -0.73901105  4.43281114  1.19158457 31.03453717]
 Average call time: 1.96 sec | Current time: 2019-07-09 15:59:13.710505
 --------------------------
iter: 170 | batch: 0 | nc: 4 | ncalls: 414 | bounds: 0 | eff(%): 33.074 | logz: -5.0e+04 +/- 3.7e-01 | dlogz: 50395.758 >  0.010
 loglike: -5.0e+04 | params: [-0.39467003 -1.26703072  4.24778874  7.85506831 31.16884449]
 Average call time: 2.01 sec | Current time: 2019-07-09 15:59:21.760485
 --------------------------
iter: 171 | batch: 0 | nc: 10 | ncalls: 424 | bounds: 0 | eff(%): 32.634 | logz: -5.0e+04 +/- 3.7e-01 | dlogz: 50178.555 >  0.010
 loglike: -5.0e+04 | params: [-1.93396738e-02 -1.31069202e+00  1.85732630e+00  5.92298330e+00
  2.77621764e+01]
 Average call time: 1.90 sec | Current time: 2019-07-09 15:59:40.713890
 --------------------------
iter: 172 | batch: 0 | nc: 2 | ncalls: 426 | bounds: 0 | eff(%): 32.700 | logz: -5.0e+04 +/- 3.7e-01 | dlogz: 49922.052 >  0.010
 loglike: -5.0e+04 | params: [-0.19789291 -0.10305436  4.36581393  3.41191554 30.41199967]
 Average call time: 2.05 sec | Current time: 2019-07-09 15:59:44.807101
 --------------------------
iter: 173 | batch: 0 | nc: 1 | ncalls: 427 | bounds: 0 | eff(%): 32.827 | logz: -5.0e+04 +/- 3.7e-01 | dlogz: 49719.730 >  0.010
 loglike: -5.0e+04 | params: [ 0.14748621 -1.14743516  3.81875332  0.30982598 29.28030872]
 Average call time: 2.08 sec | Current time: 2019-07-09 15:59:46.883876
 --------------------------
iter: 174 | batch: 0 | nc: 3 | ncalls: 430 | bounds: 0 | eff(%): 32.830 | logz: -5.0e+04 +/- 3.7e-01 | dlogz: 49671.409 >  0.010
 loglike: -5.0e+04 | params: [ 0.03086546 -1.00885637  3.12647022  5.66766326 27.95446302]
 Average call time: 3.62 sec | Current time: 2019-07-09 15:59:57.743368
 --------------------------
iter: 175 | batch: 0 | nc: 8 | ncalls: 438 | bounds: 0 | eff(%): 32.528 | logz: -4.9e+04 +/- 3.7e-01 | dlogz: 49500.938 >  0.010
 loglike: -4.9e+04 | params: [ 1.92930901e-02 -7.85597283e-01  1.84632244e+00  5.99057949e-01
  2.71933446e+01]
 Average call time: 2.03 sec | Current time: 2019-07-09 16:00:14.000031
 --------------------------
iter: 176 | batch: 0 | nc: 1 | ncalls: 439 | bounds: 0 | eff(%): 32.653 | logz: -4.7e+04 +/- 3.7e-01 | dlogz: 48979.104 >  0.010
 loglike: -4.7e+04 | params: [-0.35176021 -1.25143735  3.50495229  7.92261207 29.36395087]
 Average call time: 1.80 sec | Current time: 2019-07-09 16:00:15.795394
 --------------------------
iter: 177 | batch: 0 | nc: 3 | ncalls: 442 | bounds: 0 | eff(%): 32.657 | logz: -4.7e+04 +/- 3.7e-01 | dlogz: 47038.309 >  0.010
 loglike: -4.7e+04 | params: [-1.60743423e-02 -1.45097247e+00  1.98420334e+00  7.21675257e+00
  2.81101426e+01]
 Average call time: 1.91 sec | Current time: 2019-07-09 16:00:21.535230
 --------------------------
iter: 178 | batch: 0 | nc: 1 | ncalls: 443 | bounds: 0 | eff(%): 32.781 | logz: -4.7e+04 +/- 3.8e-01 | dlogz: 46957.597 >  0.010
 loglike: -4.7e+04 | params: [ 0.14873634 -0.43459396  1.85315844  6.85515301 27.11913973]
 Average call time: 2.57 sec | Current time: 2019-07-09 16:00:24.104902
 --------------------------
iter: 179 | batch: 0 | nc: 1 | ncalls: 444 | bounds: 0 | eff(%): 32.904 | logz: -4.7e+04 +/- 3.8e-01 | dlogz: 46606.246 >  0.010
 loglike: -4.7e+04 | params: [-0.4644771  -0.23331461  4.32837898  1.04640653 30.50250278]
 Average call time: 2.07 sec | Current time: 2019-07-09 16:00:26.179596
 --------------------------
iter: 180 | batch: 0 | nc: 3 | ncalls: 447 | bounds: 0 | eff(%): 32.907 | logz: -4.5e+04 +/- 3.8e-01 | dlogz: 46474.318 >  0.010
 loglike: -4.5e+04 | params: [ 0.22050966 -0.42760371  3.4760694   7.80048242 31.361682  ]
 Average call time: 2.02 sec | Current time: 2019-07-09 16:00:32.228980
 --------------------------
iter: 181 | batch: 0 | nc: 5 | ncalls: 452 | bounds: 0 | eff(%): 32.790 | logz: -4.5e+04 +/- 3.8e-01 | dlogz: 45318.980 >  0.010
 loglike: -4.5e+04 | params: [ 0.10575955 -0.04554533  3.91763019  5.22031477 30.6680166 ]
 Average call time: 2.01 sec | Current time: 2019-07-09 16:00:42.277603
 --------------------------
iter: 182 | batch: 0 | nc: 10 | ncalls: 462 | bounds: 0 | eff(%): 32.384 | logz: -4.4e+04 +/- 3.8e-01 | dlogz: 45206.329 >  0.010
 loglike: -4.4e+04 | params: [-0.48583795 -0.14297681  3.65225044  0.73137005 30.74802277]
 Average call time: 2.02 sec | Current time: 2019-07-09 16:01:02.438326
 --------------------------
iter: 183 | batch: 0 | nc: 1 | ncalls: 463 | bounds: 0 | eff(%): 32.504 | logz: -4.4e+04 +/- 3.8e-01 | dlogz: 44252.823 >  0.010
 loglike: -4.4e+04 | params: [-0.03932638 -0.8440329   3.96551873  7.61637609 30.3187226 ]
 Average call time: 3.65 sec | Current time: 2019-07-09 16:01:06.089713
 --------------------------
iter: 184 | batch: 0 | nc: 1 | ncalls: 464 | bounds: 0 | eff(%): 32.624 | logz: -4.3e+04 +/- 3.8e-01 | dlogz: 43727.614 >  0.010
 loglike: -4.3e+04 | params: [-0.16548088 -1.47986844  2.92448998  0.50920434 30.18318679]
 Average call time: 11.15 sec | Current time: 2019-07-09 16:01:17.242636
 --------------------------
