Using pcmdpy version 0.9.3
Loading Setup File: setup_files/mocks/mock_14.py
Running Nested Sampling
-initializing models
-Saving initial results dataframe
iter: 1 | batch: 0 | nc: 1 | ncalls: 1 | bounds: 0 | eff(%):  0.332 | logz: -1.0e+04 +/- 2.1e-01 | dlogz:    inf >  0.500
 loglike: -1.0e+04 | params: [-0.35636041 -0.56683684  3.1886387   6.30433281 31.67985485]
 Average call time: 677.98 sec | Current time: 2019-07-03 11:50:08.353581
 --------------------------
iter: 2 | batch: 0 | nc: 1 | ncalls: 2 | bounds: 0 | eff(%):  0.662 | logz: -1.0e+04 +/- 1.9e-01 | dlogz: 10000.307 >  0.500
 loglike: -1.0e+04 | params: [-0.382286   -0.33638935  1.16830789  0.18657226 28.92074013]
 Average call time: 2.06 sec | Current time: 2019-07-03 11:50:10.418174
 --------------------------
iter: 3 | batch: 0 | nc: 1 | ncalls: 3 | bounds: 0 | eff(%):  0.990 | logz: -1.0e+04 +/- 1.8e-01 | dlogz: 9999.207 >  0.500
 loglike: -1.0e+04 | params: [-0.10495467 -0.55541015  5.40756917  5.16499947 27.13612749]
 Average call time: 1.80 sec | Current time: 2019-07-03 11:50:12.215690
 --------------------------
iter: 4 | batch: 0 | nc: 1 | ncalls: 4 | bounds: 0 | eff(%):  1.316 | logz: -1.0e+04 +/- 1.7e-01 | dlogz: 9998.694 >  0.500
 loglike: -1.0e+04 | params: [ 2.13927234e-02 -1.73022303e-01  4.75697052e+00  2.17831597e+00
  3.00454469e+01]
 Average call time: 2.03 sec | Current time: 2019-07-03 11:50:14.243235
 --------------------------
iter: 5 | batch: 0 | nc: 1 | ncalls: 5 | bounds: 0 | eff(%):  1.639 | logz: -1.0e+04 +/- 1.7e-01 | dlogz: 9998.356 >  0.500
 loglike: -1.0e+04 | params: [-0.40685674 -0.58691146  4.46656402  0.71451123 29.42448898]
 Average call time: 1.97 sec | Current time: 2019-07-03 11:50:16.214172
 --------------------------
iter: 6 | batch: 0 | nc: 1 | ncalls: 6 | bounds: 0 | eff(%):  1.961 | logz: -1.0e+04 +/- 1.6e-01 | dlogz: 9998.103 >  0.500
 loglike: -1.0e+04 | params: [-0.11488483 -0.28940056  1.49483155  3.83300065 30.40405109]
 Average call time: 2.09 sec | Current time: 2019-07-03 11:50:18.306980
 --------------------------
iter: 7 | batch: 0 | nc: 1 | ncalls: 7 | bounds: 0 | eff(%):  2.280 | logz: -1.0e+04 +/- 1.6e-01 | dlogz: 9997.901 >  0.500
 loglike: -1.0e+04 | params: [-0.09801223 -1.22360567  3.93391532  6.30869718 32.9884123 ]
 Average call time: 1.81 sec | Current time: 2019-07-03 11:50:20.120992
 --------------------------
iter: 8 | batch: 0 | nc: 1 | ncalls: 8 | bounds: 0 | eff(%):  2.597 | logz: -1.0e+04 +/- 1.6e-01 | dlogz: 9997.732 >  0.500
 loglike: -1.0e+04 | params: [-0.4604528  -1.43598172  3.64467248  4.86669775 27.4935205 ]
 Average call time: 1.84 sec | Current time: 2019-07-03 11:50:21.961117
 --------------------------
iter: 9 | batch: 0 | nc: 1 | ncalls: 9 | bounds: 0 | eff(%):  2.913 | logz: -1.0e+04 +/- 1.5e-01 | dlogz: 9997.588 >  0.500
 loglike: -1.0e+04 | params: [ 0.03236175 -1.32579241  1.9865124   6.25635511 29.73527348]
 Average call time: 1.82 sec | Current time: 2019-07-03 11:50:23.784313
 --------------------------
iter: 10 | batch: 0 | nc: 1 | ncalls: 10 | bounds: 0 | eff(%):  3.226 | logz: -1.0e+04 +/- 1.5e-01 | dlogz: 9997.461 >  0.500
 loglike: -1.0e+04 | params: [-0.26836277 -0.94848633  4.81653835  1.52553513 27.82645714]
 Average call time: 2.19 sec | Current time: 2019-07-03 11:50:25.969930
 --------------------------
iter: 11 | batch: 0 | nc: 1 | ncalls: 11 | bounds: 0 | eff(%):  3.537 | logz: -1.0e+04 +/- 1.5e-01 | dlogz: 9997.348 >  0.500
 loglike: -1.0e+04 | params: [-0.12435434 -1.4776462   2.73647146  2.76812412 30.02778768]
 Average call time: 1.99 sec | Current time: 2019-07-03 11:50:27.962415
 --------------------------
iter: 12 | batch: 0 | nc: 1 | ncalls: 12 | bounds: 0 | eff(%):  3.846 | logz: -1.0e+04 +/- 1.5e-01 | dlogz: 9997.246 >  0.500
 loglike: -1.0e+04 | params: [-0.13071566 -0.97455657  2.01194999  1.36355849 30.36609913]
 Average call time: 2.06 sec | Current time: 2019-07-03 11:50:30.021997
 --------------------------
iter: 13 | batch: 0 | nc: 1 | ncalls: 13 | bounds: 0 | eff(%):  4.153 | logz: -1.0e+04 +/- 1.5e-01 | dlogz: 9997.154 >  0.500
 loglike: -1.0e+04 | params: [-0.16536829 -0.21705146  5.55590311  7.02486186 32.79257535]
 Average call time: 2.03 sec | Current time: 2019-07-03 11:50:32.053692
 --------------------------
iter: 14 | batch: 0 | nc: 1 | ncalls: 14 | bounds: 0 | eff(%):  4.459 | logz: -1.0e+04 +/- 1.4e-01 | dlogz: 9997.068 >  0.500
 loglike: -1.0e+04 | params: [-0.34826652 -0.41043621  3.85659008  4.7130259  29.74033138]
 Average call time: 1.99 sec | Current time: 2019-07-03 11:50:34.041274
 --------------------------
iter: 15 | batch: 0 | nc: 1 | ncalls: 15 | bounds: 0 | eff(%):  4.762 | logz: -1.0e+04 +/- 1.4e-01 | dlogz: 9996.990 >  0.500
 loglike: -1.0e+04 | params: [-0.06341687 -1.39837757  1.02975261  3.79729282 31.74136646]
 Average call time: 1.98 sec | Current time: 2019-07-03 11:50:36.023924
 --------------------------
iter: 16 | batch: 0 | nc: 1 | ncalls: 16 | bounds: 0 | eff(%):  5.063 | logz: -1.0e+04 +/- 1.4e-01 | dlogz: 9996.917 >  0.500
 loglike: -1.0e+04 | params: [ 0.19221164 -0.4196379   1.62965517  5.78083049 30.69296562]
 Average call time: 1.75 sec | Current time: 2019-07-03 11:50:37.774073
 --------------------------
iter: 17 | batch: 0 | nc: 1 | ncalls: 17 | bounds: 0 | eff(%):  5.363 | logz: -1.0e+04 +/- 1.4e-01 | dlogz: 9996.848 >  0.500
 loglike: -1.0e+04 | params: [-0.2099612  -0.32217894  1.5067203   3.28320918 31.45438006]
 Average call time: 1.77 sec | Current time: 2019-07-03 11:50:39.546661
 --------------------------
iter: 18 | batch: 0 | nc: 1 | ncalls: 18 | bounds: 0 | eff(%):  5.660 | logz: -1.0e+04 +/- 1.4e-01 | dlogz: 9996.784 >  0.500
 loglike: -1.0e+04 | params: [-0.49067464 -0.10772599  3.30111743  0.65003765 32.45958523]
 Average call time: 2.00 sec | Current time: 2019-07-03 11:50:41.545349
 --------------------------
iter: 19 | batch: 0 | nc: 1 | ncalls: 19 | bounds: 0 | eff(%):  5.956 | logz: -1.0e+04 +/- 1.4e-01 | dlogz: 9996.724 >  0.500
 loglike: -1.0e+04 | params: [-0.40752163 -0.15782751  2.02530011  7.46271141 29.98757483]
 Average call time: 1.83 sec | Current time: 2019-07-03 11:50:43.379101
 --------------------------
iter: 20 | batch: 0 | nc: 1 | ncalls: 20 | bounds: 0 | eff(%):  6.250 | logz: -1.0e+04 +/- 1.4e-01 | dlogz: 9996.666 >  0.500
 loglike: -1.0e+04 | params: [-0.22999696 -1.25869321  4.63187986  6.69867134 28.91327337]
 Average call time: 1.83 sec | Current time: 2019-07-03 11:50:45.207443
 --------------------------
iter: 21 | batch: 0 | nc: 1 | ncalls: 21 | bounds: 0 | eff(%):  6.542 | logz: -1.0e+04 +/- 1.3e-01 | dlogz: 9996.612 >  0.500
 loglike: -1.0e+04 | params: [ 0.23354902 -0.79093322  3.83072198  1.25880683 27.59846651]
 Average call time: 3.35 sec | Current time: 2019-07-03 11:50:48.553521
 --------------------------
iter: 22 | batch: 0 | nc: 1 | ncalls: 22 | bounds: 0 | eff(%):  6.832 | logz: -1.0e+04 +/- 1.3e-01 | dlogz: 9996.560 >  0.500
 loglike: -1.0e+04 | params: [-0.43511216 -0.37047926  4.7114465   2.59250023 32.07188656]
 Average call time: 1.97 sec | Current time: 2019-07-03 11:50:50.526839
 --------------------------
iter: 23 | batch: 0 | nc: 1 | ncalls: 23 | bounds: 0 | eff(%):  7.121 | logz: -1.0e+04 +/- 1.3e-01 | dlogz: 9996.511 >  0.500
 loglike: -1.0e+04 | params: [-0.09909001 -0.25114447  1.93016992  2.2800289  30.49834557]
 Average call time: 2.02 sec | Current time: 2019-07-03 11:50:52.550994
 --------------------------
iter: 24 | batch: 0 | nc: 1 | ncalls: 24 | bounds: 0 | eff(%):  7.407 | logz: -1.0e+04 +/- 1.3e-01 | dlogz: 9996.464 >  0.500
 loglike: -1.0e+04 | params: [ 0.1974636  -1.4140569   5.09148674  1.4005215  29.63823663]
 Average call time: 1.83 sec | Current time: 2019-07-03 11:50:54.379177
 --------------------------
iter: 25 | batch: 0 | nc: 1 | ncalls: 25 | bounds: 0 | eff(%):  7.692 | logz: -1.0e+04 +/- 1.3e-01 | dlogz: 9996.419 >  0.500
 loglike: -1.0e+04 | params: [-0.22510943 -1.40133182  4.9390444   4.14786567 28.06103102]
 Average call time: 2.01 sec | Current time: 2019-07-03 11:50:56.387468
 --------------------------
iter: 26 | batch: 0 | nc: 1 | ncalls: 26 | bounds: 0 | eff(%):  7.975 | logz: -1.0e+04 +/- 1.3e-01 | dlogz: 9996.375 >  0.500
 loglike: -1.0e+04 | params: [-0.10937659 -0.6134864   3.22269307  1.22976324 32.76758466]
 Average call time: 2.04 sec | Current time: 2019-07-03 11:50:58.427517
 --------------------------
iter: 27 | batch: 0 | nc: 1 | ncalls: 27 | bounds: 0 | eff(%):  8.257 | logz: -1.0e+04 +/- 1.3e-01 | dlogz: 9996.334 >  0.500
 loglike: -1.0e+04 | params: [-0.18667267 -1.30496229  4.25496538  4.74445267 28.52842503]
 Average call time: 1.74 sec | Current time: 2019-07-03 11:51:00.164875
 --------------------------
iter: 28 | batch: 0 | nc: 1 | ncalls: 28 | bounds: 0 | eff(%):  8.537 | logz: -1.0e+04 +/- 1.3e-01 | dlogz: 9996.294 >  0.500
 loglike: -1.0e+04 | params: [-0.28442538 -0.29208171  1.28103814  2.29771434 32.62026836]
 Average call time: 2.01 sec | Current time: 2019-07-03 11:51:02.177695
 --------------------------
iter: 29 | batch: 0 | nc: 1 | ncalls: 29 | bounds: 0 | eff(%):  8.815 | logz: -1.0e+04 +/- 1.3e-01 | dlogz: 9996.255 >  0.500
 loglike: -1.0e+04 | params: [ 0.12880493 -0.13773922  3.97308544  6.21066042 29.06459997]
 Average call time: 1.81 sec | Current time: 2019-07-03 11:51:03.989160
 --------------------------
iter: 30 | batch: 0 | nc: 1 | ncalls: 30 | bounds: 0 | eff(%):  9.091 | logz: -1.0e+04 +/- 1.3e-01 | dlogz: 9996.217 >  0.500
 loglike: -1.0e+04 | params: [-0.21209955 -0.93308815  3.12982077  5.68449299 28.46502378]
 Average call time: 2.08 sec | Current time: 2019-07-03 11:51:06.072182
 --------------------------
iter: 31 | batch: 0 | nc: 1 | ncalls: 31 | bounds: 0 | eff(%):  9.366 | logz: -1.0e+04 +/- 1.2e-01 | dlogz: 9996.181 >  0.500
 loglike: -1.0e+04 | params: [-0.36666398 -1.1753018   4.62195199  5.08874745 31.76720942]
 Average call time: 1.96 sec | Current time: 2019-07-03 11:51:08.027589
 --------------------------
iter: 32 | batch: 0 | nc: 1 | ncalls: 32 | bounds: 0 | eff(%):  9.639 | logz: -1.0e+04 +/- 1.2e-01 | dlogz: 9996.146 >  0.500
 loglike: -1.0e+04 | params: [ 0.08928889 -1.28253401  1.43744077  2.1283797  30.84070447]
 Average call time: 1.99 sec | Current time: 2019-07-03 11:51:10.012766
 --------------------------
iter: 33 | batch: 0 | nc: 1 | ncalls: 33 | bounds: 0 | eff(%):  9.910 | logz: -1.0e+04 +/- 1.2e-01 | dlogz: 9996.112 >  0.500
 loglike: -1.0e+04 | params: [-0.07271908 -0.16598521  5.59070933  1.30384102 27.71391003]
 Average call time: 1.87 sec | Current time: 2019-07-03 11:51:11.881662
 --------------------------
iter: 34 | batch: 0 | nc: 1 | ncalls: 34 | bounds: 0 | eff(%): 10.180 | logz: -1.0e+04 +/- 1.2e-01 | dlogz: 9996.079 >  0.500
 loglike: -1.0e+04 | params: [-0.49245977 -1.08024077  1.61461056  3.71532499 28.13040891]
 Average call time: 1.85 sec | Current time: 2019-07-03 11:51:13.727869
 --------------------------
iter: 35 | batch: 0 | nc: 1 | ncalls: 35 | bounds: 0 | eff(%): 10.448 | logz: -1.0e+04 +/- 1.2e-01 | dlogz: 9996.047 >  0.500
 loglike: -1.0e+04 | params: [-0.49429139 -0.15549303  5.98776474  6.46743202 27.1810076 ]
 Average call time: 2.04 sec | Current time: 2019-07-03 11:51:15.768934
 --------------------------
iter: 36 | batch: 0 | nc: 1 | ncalls: 36 | bounds: 0 | eff(%): 10.714 | logz: -1.0e+04 +/- 1.2e-01 | dlogz: 9996.016 >  0.500
 loglike: -1.0e+04 | params: [-0.09850739 -0.58499925  5.2571182   3.33866823 28.56838215]
 Average call time: 2.07 sec | Current time: 2019-07-03 11:51:17.837765
 --------------------------
iter: 37 | batch: 0 | nc: 1 | ncalls: 37 | bounds: 0 | eff(%): 10.979 | logz: -1.0e+04 +/- 1.2e-01 | dlogz: 9995.986 >  0.500
 loglike: -1.0e+04 | params: [ 0.06609324 -0.31338603  4.93644851  7.58747676 29.40124942]
 Average call time: 6.77 sec | Current time: 2019-07-03 11:51:24.604289
 --------------------------
iter: 38 | batch: 0 | nc: 1 | ncalls: 38 | bounds: 0 | eff(%): 11.243 | logz: -1.0e+04 +/- 1.2e-01 | dlogz: 9995.956 >  0.500
 loglike: -1.0e+04 | params: [-0.29555555 -1.08530362  5.00936089  7.66930089 32.25559581]
 Average call time: 4.12 sec | Current time: 2019-07-03 11:51:28.725438
 --------------------------
iter: 39 | batch: 0 | nc: 1 | ncalls: 39 | bounds: 0 | eff(%): 11.504 | logz: -1.0e+04 +/- 1.2e-01 | dlogz: 9995.928 >  0.500
 loglike: -1.0e+04 | params: [ 0.13292078 -0.79376088  3.92449796  1.40917237 30.28294946]
 Average call time: 2.03 sec | Current time: 2019-07-03 11:51:30.750678
 --------------------------
iter: 40 | batch: 0 | nc: 1 | ncalls: 40 | bounds: 0 | eff(%): 11.765 | logz: -1.0e+04 +/- 1.2e-01 | dlogz: 9995.900 >  0.500
 loglike: -1.0e+04 | params: [-0.09588611 -0.73855507  4.21540442  4.40300152 28.90952667]
 Average call time: 2.11 sec | Current time: 2019-07-03 11:51:32.857669
 --------------------------
iter: 41 | batch: 0 | nc: 1 | ncalls: 41 | bounds: 0 | eff(%): 12.023 | logz: -1.0e+04 +/- 1.2e-01 | dlogz: 9995.872 >  0.500
 loglike: -1.0e+04 | params: [ 0.0911435  -0.653362    3.0778943   2.69065223 32.52388883]
 Average call time: 1.99 sec | Current time: 2019-07-03 11:51:34.843548
 --------------------------
iter: 42 | batch: 0 | nc: 1 | ncalls: 42 | bounds: 0 | eff(%): 12.281 | logz: -1.0e+04 +/- 1.2e-01 | dlogz: 9995.846 >  0.500
 loglike: -1.0e+04 | params: [ 0.19785195 -1.48396237  1.4654114   1.1593066  30.76402215]
 Average call time: 5.68 sec | Current time: 2019-07-03 11:51:40.526419
 --------------------------
iter: 43 | batch: 0 | nc: 1 | ncalls: 43 | bounds: 0 | eff(%): 12.536 | logz: -1.0e+04 +/- 1.2e-01 | dlogz: 9995.820 >  0.500
 loglike: -1.0e+04 | params: [-0.23163705 -0.74850731  4.41731468  5.73034601 29.22150453]
 Average call time: 1.79 sec | Current time: 2019-07-03 11:51:42.314382
 --------------------------
iter: 44 | batch: 0 | nc: 1 | ncalls: 44 | bounds: 0 | eff(%): 12.791 | logz: -1.0e+04 +/- 1.2e-01 | dlogz: 9995.794 >  0.500
 loglike: -1.0e+04 | params: [ 0.20740517 -0.96484847  1.15900633  3.84086361 27.40474555]
 Average call time: 1.96 sec | Current time: 2019-07-03 11:51:44.273879
 --------------------------
iter: 45 | batch: 0 | nc: 1 | ncalls: 45 | bounds: 0 | eff(%): 13.043 | logz: -1.0e+04 +/- 1.1e-01 | dlogz: 9995.769 >  0.500
 loglike: -1.0e+04 | params: [-0.1255596  -0.4617844   1.38058808  1.91565723 29.9842072 ]
 Average call time: 2.02 sec | Current time: 2019-07-03 11:51:46.289622
 --------------------------
iter: 46 | batch: 0 | nc: 1 | ncalls: 46 | bounds: 0 | eff(%): 13.295 | logz: -1.0e+04 +/- 1.1e-01 | dlogz: 9995.745 >  0.500
 loglike: -1.0e+04 | params: [-0.09290695 -0.75759766  5.00641484  2.53287818 27.68411867]
 Average call time: 2.01 sec | Current time: 2019-07-03 11:51:48.297905
 --------------------------
iter: 47 | batch: 0 | nc: 1 | ncalls: 47 | bounds: 0 | eff(%): 13.545 | logz: -1.0e+04 +/- 1.1e-01 | dlogz: 9995.721 >  0.500
 loglike: -1.0e+04 | params: [-0.07978922 -0.34633672  3.17593463  0.7599177  30.59156321]
 Average call time: 2.00 sec | Current time: 2019-07-03 11:51:50.299978
 --------------------------
iter: 48 | batch: 0 | nc: 1 | ncalls: 48 | bounds: 0 | eff(%): 13.793 | logz: -1.0e+04 +/- 1.1e-01 | dlogz: 9995.697 >  0.500
 loglike: -1.0e+04 | params: [ 0.1345481  -1.22511649  5.56484596  0.91885289 27.76094287]
 Average call time: 3.78 sec | Current time: 2019-07-03 11:51:54.076930
 --------------------------
iter: 49 | batch: 0 | nc: 1 | ncalls: 49 | bounds: 0 | eff(%): 14.040 | logz: -1.0e+04 +/- 1.1e-01 | dlogz: 9995.674 >  0.500
 loglike: -1.0e+04 | params: [-0.49694419 -0.32311646  3.80239225  5.31810908 30.13093356]
 Average call time: 2.05 sec | Current time: 2019-07-03 11:51:56.130397
 --------------------------
iter: 50 | batch: 0 | nc: 1 | ncalls: 50 | bounds: 0 | eff(%): 14.286 | logz: -1.0e+04 +/- 1.1e-01 | dlogz: 9995.652 >  0.500
 loglike: -1.0e+04 | params: [ 0.09680961 -1.12253377  3.65240752  0.54480358 27.82399503]
 Average call time: 2.05 sec | Current time: 2019-07-03 11:51:58.176316
 --------------------------
iter: 51 | batch: 0 | nc: 1 | ncalls: 51 | bounds: 0 | eff(%): 14.530 | logz: -1.0e+04 +/- 1.1e-01 | dlogz: 9995.630 >  0.500
 loglike: -1.0e+04 | params: [-0.39350895 -0.50434806  1.53919761  6.08057306 29.7255296 ]
 Average call time: 1.84 sec | Current time: 2019-07-03 11:52:00.011558
 --------------------------
iter: 52 | batch: 0 | nc: 1 | ncalls: 52 | bounds: 0 | eff(%): 14.773 | logz: -1.0e+04 +/- 1.1e-01 | dlogz: 9995.608 >  0.500
 loglike: -1.0e+04 | params: [ 2.05957431e-02 -9.64908938e-01  4.84008859e+00  6.55688915e+00
  3.25604622e+01]
 Average call time: 2.02 sec | Current time: 2019-07-03 11:52:02.026679
 --------------------------
iter: 53 | batch: 0 | nc: 1 | ncalls: 53 | bounds: 0 | eff(%): 15.014 | logz: -1.0e+04 +/- 1.1e-01 | dlogz: 9995.587 >  0.500
 loglike: -1.0e+04 | params: [-0.34472183 -0.59856522  1.17238902  2.41461917 27.25380592]
 Average call time: 1.97 sec | Current time: 2019-07-03 11:52:03.992029
 --------------------------
iter: 54 | batch: 0 | nc: 1 | ncalls: 54 | bounds: 0 | eff(%): 15.254 | logz: -1.0e+04 +/- 1.1e-01 | dlogz: 9995.566 >  0.500
 loglike: -1.0e+04 | params: [-0.42704919 -1.04862524  1.30133311  4.70710557 31.34649942]
 Average call time: 1.99 sec | Current time: 2019-07-03 11:52:05.985255
 --------------------------
iter: 55 | batch: 0 | nc: 1 | ncalls: 55 | bounds: 0 | eff(%): 15.493 | logz: -1.0e+04 +/- 1.1e-01 | dlogz: 9995.545 >  0.500
 loglike: -1.0e+04 | params: [ 0.06307623 -0.4528509   1.56679387  2.36697941 28.57286762]
 Average call time: 1.84 sec | Current time: 2019-07-03 11:52:07.827363
 --------------------------
iter: 56 | batch: 0 | nc: 1 | ncalls: 56 | bounds: 0 | eff(%): 15.730 | logz: -1.0e+04 +/- 1.1e-01 | dlogz: 9995.525 >  0.500
 loglike: -1.0e+04 | params: [-0.45032895 -1.49673458  2.346722    0.36710527 29.80717485]
 Average call time: 6.64 sec | Current time: 2019-07-03 11:52:14.471156
 --------------------------
iter: 57 | batch: 0 | nc: 1 | ncalls: 57 | bounds: 0 | eff(%): 15.966 | logz: -1.0e+04 +/- 1.1e-01 | dlogz: 9995.505 >  0.500
 loglike: -1.0e+04 | params: [-0.07910286 -0.74537525  1.06884225  6.20533031 32.29584714]
 Average call time: 3.69 sec | Current time: 2019-07-03 11:52:18.161914
 --------------------------
iter: 58 | batch: 0 | nc: 1 | ncalls: 58 | bounds: 0 | eff(%): 16.201 | logz: -1.0e+04 +/- 1.1e-01 | dlogz: 9995.485 >  0.500
 loglike: -1.0e+04 | params: [-0.27543793 -0.77937663  3.60636857  7.6760846  31.56407829]
 Average call time: 2.06 sec | Current time: 2019-07-03 11:52:20.223978
 --------------------------
iter: 59 | batch: 0 | nc: 1 | ncalls: 59 | bounds: 0 | eff(%): 16.435 | logz: -1.0e+04 +/- 1.1e-01 | dlogz: 9995.466 >  0.500
 loglike: -1.0e+04 | params: [ 0.10256981 -1.00565906  2.88389554  5.52774717 31.24351721]
 Average call time: 2.11 sec | Current time: 2019-07-03 11:52:22.338266
 --------------------------
iter: 60 | batch: 0 | nc: 1 | ncalls: 60 | bounds: 0 | eff(%): 16.667 | logz: -1.0e+04 +/- 1.1e-01 | dlogz: 9995.447 >  0.500
 loglike: -1.0e+04 | params: [-0.41686513 -1.09837088  1.15266387  3.26785236 27.03673325]
 Average call time: 1.86 sec | Current time: 2019-07-03 11:52:24.195764
 --------------------------
iter: 61 | batch: 0 | nc: 1 | ncalls: 61 | bounds: 0 | eff(%): 16.898 | logz: -1.0e+04 +/- 1.1e-01 | dlogz: 9995.428 >  0.500
 loglike: -1.0e+04 | params: [ 1.65378166e-03 -1.96651093e-01  2.87911537e+00  2.32077241e+00
  2.76081038e+01]
 Average call time: 2.00 sec | Current time: 2019-07-03 11:52:26.198263
 --------------------------
iter: 62 | batch: 0 | nc: 1 | ncalls: 62 | bounds: 0 | eff(%): 17.127 | logz: -1.0e+04 +/- 1.1e-01 | dlogz: 9995.410 >  0.500
 loglike: -1.0e+04 | params: [ 0.10428684 -0.77358883  5.38337524  1.30255174 28.31829802]
 Average call time: 1.83 sec | Current time: 2019-07-03 11:52:28.032319
 --------------------------
iter: 63 | batch: 0 | nc: 1 | ncalls: 63 | bounds: 0 | eff(%): 17.355 | logz: -1.0e+04 +/- 1.1e-01 | dlogz: 9995.392 >  0.500
 loglike: -1.0e+04 | params: [ 0.04995332 -1.40171915  5.07755641  6.89220783 27.18966319]
 Average call time: 2.02 sec | Current time: 2019-07-03 11:52:30.049199
 --------------------------
iter: 64 | batch: 0 | nc: 1 | ncalls: 64 | bounds: 0 | eff(%): 17.582 | logz: -1.0e+04 +/- 1.1e-01 | dlogz: 9995.374 >  0.500
 loglike: -1.0e+04 | params: [-0.44989757 -0.79043239  2.02808882  1.88100564 29.60627139]
 Average call time: 2.05 sec | Current time: 2019-07-03 11:52:32.099157
 --------------------------
iter: 65 | batch: 0 | nc: 1 | ncalls: 65 | bounds: 0 | eff(%): 17.808 | logz: -1.0e+04 +/- 1.0e-01 | dlogz: 9995.357 >  0.500
 loglike: -1.0e+04 | params: [-0.32531751 -0.25738659  5.45720965  6.53302361 32.76779994]
 Average call time: 1.86 sec | Current time: 2019-07-03 11:52:33.956520
 --------------------------
iter: 66 | batch: 0 | nc: 1 | ncalls: 66 | bounds: 0 | eff(%): 18.033 | logz: -1.0e+04 +/- 1.0e-01 | dlogz: 9995.339 >  0.500
 loglike: -1.0e+04 | params: [-2.11448731e-03 -1.43106470e+00  5.37776796e+00  7.54930638e+00
  3.28146349e+01]
 Average call time: 1.96 sec | Current time: 2019-07-03 11:52:35.915332
 --------------------------
iter: 67 | batch: 0 | nc: 1 | ncalls: 67 | bounds: 0 | eff(%): 18.256 | logz: -1.0e+04 +/- 1.0e-01 | dlogz: 9995.322 >  0.500
 loglike: -1.0e+04 | params: [ 0.06197599 -0.1008954   1.4420579   6.69133942 31.3882835 ]
 Average call time: 2.25 sec | Current time: 2019-07-03 11:52:38.161390
 --------------------------
iter: 68 | batch: 0 | nc: 1 | ncalls: 68 | bounds: 0 | eff(%): 18.478 | logz: -1.0e+04 +/- 1.0e-01 | dlogz: 9995.305 >  0.500
 loglike: -1.0e+04 | params: [ 0.22108437 -1.32799938  2.31740451  1.65967863 27.87353681]
 Average call time: 1.75 sec | Current time: 2019-07-03 11:52:39.907336
 --------------------------
iter: 69 | batch: 0 | nc: 1 | ncalls: 69 | bounds: 0 | eff(%): 18.699 | logz: -1.0e+04 +/- 1.0e-01 | dlogz: 9995.289 >  0.500
 loglike: -1.0e+04 | params: [-0.29783577 -1.3741423   1.97871812  7.58540158 32.8184221 ]
 Average call time: 1.85 sec | Current time: 2019-07-03 11:52:41.760500
 --------------------------
iter: 70 | batch: 0 | nc: 1 | ncalls: 70 | bounds: 0 | eff(%): 18.919 | logz: -1.0e+04 +/- 1.0e-01 | dlogz: 9995.272 >  0.500
 loglike: -1.0e+04 | params: [-0.49707752 -1.22356059  5.63983048  5.52335224 31.88876541]
 Average call time: 1.93 sec | Current time: 2019-07-03 11:52:43.687545
 --------------------------
iter: 71 | batch: 0 | nc: 1 | ncalls: 71 | bounds: 0 | eff(%): 19.137 | logz: -1.0e+04 +/- 1.0e-01 | dlogz: 9995.256 >  0.500
 loglike: -1.0e+04 | params: [ 0.24255915 -1.37896492  3.86755873  6.94549562 28.47843091]
 Average call time: 1.97 sec | Current time: 2019-07-03 11:52:45.658304
 --------------------------
iter: 72 | batch: 0 | nc: 1 | ncalls: 72 | bounds: 0 | eff(%): 19.355 | logz: -1.0e+04 +/- 1.0e-01 | dlogz: 9995.240 >  0.500
 loglike: -1.0e+04 | params: [-0.05499862 -0.03620698  1.96905579  2.41419844 29.9785185 ]
 Average call time: 1.80 sec | Current time: 2019-07-03 11:52:47.463197
 --------------------------
iter: 73 | batch: 0 | nc: 1 | ncalls: 73 | bounds: 0 | eff(%): 19.571 | logz: -1.0e+04 +/- 1.0e-01 | dlogz: 9995.224 >  0.500
 loglike: -1.0e+04 | params: [-9.68597733e-03 -5.90081091e-01  4.53937141e+00  2.58218696e+00
  2.96751211e+01]
 Average call time: 1.81 sec | Current time: 2019-07-03 11:52:49.274876
 --------------------------
iter: 74 | batch: 0 | nc: 1 | ncalls: 74 | bounds: 0 | eff(%): 19.786 | logz: -1.0e+04 +/- 1.0e-01 | dlogz: 9995.208 >  0.500
 loglike: -1.0e+04 | params: [-0.27418264 -0.84407424  1.25387315  7.63273996 28.0733605 ]
 Average call time: 2.03 sec | Current time: 2019-07-03 11:52:51.302370
 --------------------------
iter: 75 | batch: 0 | nc: 1 | ncalls: 75 | bounds: 0 | eff(%): 20.000 | logz: -1.0e+04 +/- 1.0e-01 | dlogz: 9995.193 >  0.500
 loglike: -1.0e+04 | params: [-0.44243546 -0.09481959  5.1791243   7.78368701 31.93904902]
 Average call time: 1.97 sec | Current time: 2019-07-03 11:52:53.273521
 --------------------------
iter: 76 | batch: 0 | nc: 1 | ncalls: 76 | bounds: 0 | eff(%): 20.213 | logz: -1.0e+04 +/- 1.0e-01 | dlogz: 9995.178 >  0.500
 loglike: -1.0e+04 | params: [-0.47517229 -0.6457544   1.73757534  4.68242687 27.50094363]
 Average call time: 1.97 sec | Current time: 2019-07-03 11:52:55.246409
 --------------------------
iter: 77 | batch: 0 | nc: 1 | ncalls: 77 | bounds: 0 | eff(%): 20.424 | logz: -1.0e+04 +/- 1.0e-01 | dlogz: 9995.163 >  0.500
 loglike: -1.0e+04 | params: [-0.15853454 -0.21126434  2.62788216  2.76700047 32.50881912]
 Average call time: 1.79 sec | Current time: 2019-07-03 11:52:57.038700
 --------------------------
iter: 78 | batch: 0 | nc: 1 | ncalls: 78 | bounds: 0 | eff(%): 20.635 | logz: -1.0e+04 +/- 9.9e-02 | dlogz: 9995.148 >  0.500
 loglike: -1.0e+04 | params: [-2.20976300e-02 -1.25107402e+00  5.37061583e+00  8.54978249e-01
  3.05407360e+01]
 Average call time: 1.80 sec | Current time: 2019-07-03 11:52:58.839384
 --------------------------
iter: 79 | batch: 0 | nc: 1 | ncalls: 79 | bounds: 0 | eff(%): 20.844 | logz: -1.0e+04 +/- 9.9e-02 | dlogz: 9995.133 >  0.500
 loglike: -1.0e+04 | params: [-2.54377279e-02 -1.00101772e+00  1.80590064e+00  5.16211905e+00
  2.93264397e+01]
 Average call time: 2.03 sec | Current time: 2019-07-03 11:53:00.869424
 --------------------------
iter: 80 | batch: 0 | nc: 1 | ncalls: 80 | bounds: 0 | eff(%): 21.053 | logz: -1.0e+04 +/- 9.9e-02 | dlogz: 9995.119 >  0.500
 loglike: -1.0e+04 | params: [ 0.11239589 -1.15602043  4.3255821   4.64729884 27.47623201]
 Average call time: 1.83 sec | Current time: 2019-07-03 11:53:02.695884
 --------------------------
iter: 81 | batch: 0 | nc: 1 | ncalls: 81 | bounds: 0 | eff(%): 21.260 | logz: -1.0e+04 +/- 9.8e-02 | dlogz: 9995.104 >  0.500
 loglike: -1.0e+04 | params: [-0.46825849 -0.21446625  1.73771069  0.91431388 27.63809251]
 Average call time: 1.85 sec | Current time: 2019-07-03 11:53:04.540936
 --------------------------
iter: 82 | batch: 0 | nc: 1 | ncalls: 82 | bounds: 0 | eff(%): 21.466 | logz: -1.0e+04 +/- 9.8e-02 | dlogz: 9995.090 >  0.500
 loglike: -1.0e+04 | params: [-0.28006133 -0.70482476  5.3316276   6.9633916  29.13901981]
 Average call time: 2.02 sec | Current time: 2019-07-03 11:53:06.560890
 --------------------------
iter: 83 | batch: 0 | nc: 1 | ncalls: 83 | bounds: 0 | eff(%): 21.671 | logz: -1.0e+04 +/- 9.8e-02 | dlogz: 9995.076 >  0.500
 loglike: -1.0e+04 | params: [-0.4264044  -0.84265907  5.73743116  0.42860066 28.86508534]
 Average call time: 2.04 sec | Current time: 2019-07-03 11:53:08.599315
 --------------------------
iter: 84 | batch: 0 | nc: 1 | ncalls: 84 | bounds: 0 | eff(%): 21.875 | logz: -1.0e+04 +/- 9.7e-02 | dlogz: 9995.062 >  0.500
 loglike: -1.0e+04 | params: [ 0.08671518 -0.30673478  5.26290325  4.39673939 30.54377142]
 Average call time: 2.05 sec | Current time: 2019-07-03 11:53:10.644571
 --------------------------
iter: 85 | batch: 0 | nc: 1 | ncalls: 85 | bounds: 0 | eff(%): 22.078 | logz: -1.0e+04 +/- 9.7e-02 | dlogz: 9995.048 >  0.500
 loglike: -1.0e+04 | params: [-0.39566902 -1.44791451  1.77629788  6.07966384 29.21269456]
 Average call time: 1.82 sec | Current time: 2019-07-03 11:53:12.462484
 --------------------------
iter: 86 | batch: 0 | nc: 1 | ncalls: 86 | bounds: 0 | eff(%): 22.280 | logz: -1.0e+04 +/- 9.6e-02 | dlogz: 9995.034 >  0.500
 loglike: -1.0e+04 | params: [-0.28789073 -1.13730192  5.35675959  3.00004564 32.32821467]
 Average call time: 1.81 sec | Current time: 2019-07-03 11:53:14.271641
 --------------------------
iter: 87 | batch: 0 | nc: 1 | ncalls: 87 | bounds: 0 | eff(%): 22.481 | logz: -1.0e+04 +/- 9.6e-02 | dlogz: 9995.021 >  0.500
 loglike: -1.0e+04 | params: [ 0.21240899 -0.19086165  2.86022686  5.20226891 29.59614324]
 Average call time: 1.83 sec | Current time: 2019-07-03 11:53:16.105808
 --------------------------
iter: 88 | batch: 0 | nc: 1 | ncalls: 88 | bounds: 0 | eff(%): 22.680 | logz: -1.0e+04 +/- 9.6e-02 | dlogz: 9995.008 >  0.500
 loglike: -1.0e+04 | params: [ 0.04795031 -0.45158286  3.15134197  3.29058713 30.60663634]
 Average call time: 1.80 sec | Current time: 2019-07-03 11:53:17.909910
 --------------------------
iter: 89 | batch: 0 | nc: 1 | ncalls: 89 | bounds: 0 | eff(%): 22.879 | logz: -1.0e+04 +/- 9.5e-02 | dlogz: 9994.994 >  0.500
 loglike: -1.0e+04 | params: [-1.33358708e-02 -1.32888072e+00  4.52675546e+00  2.94185965e+00
  2.95375583e+01]
 Average call time: 1.76 sec | Current time: 2019-07-03 11:53:19.665557
 --------------------------
iter: 90 | batch: 0 | nc: 1 | ncalls: 90 | bounds: 0 | eff(%): 23.077 | logz: -1.0e+04 +/- 9.5e-02 | dlogz: 9994.981 >  0.500
 loglike: -1.0e+04 | params: [-0.26484338 -0.64754092  1.1678251   7.81703655 32.82353527]
 Average call time: 1.86 sec | Current time: 2019-07-03 11:53:21.526422
 --------------------------
iter: 91 | batch: 0 | nc: 1 | ncalls: 91 | bounds: 0 | eff(%): 23.274 | logz: -1.0e+04 +/- 9.5e-02 | dlogz: 9994.968 >  0.500
 loglike: -1.0e+04 | params: [-0.28829551 -0.51326887  4.88542996  7.56941056 31.00864817]
 Average call time: 2.07 sec | Current time: 2019-07-03 11:53:23.592660
 --------------------------
iter: 92 | batch: 0 | nc: 1 | ncalls: 92 | bounds: 0 | eff(%): 23.469 | logz: -1.0e+04 +/- 9.4e-02 | dlogz: 9994.955 >  0.500
 loglike: -1.0e+04 | params: [-0.16210986 -0.23962052  5.11260281  7.44844194 31.21234695]
 Average call time: 2.08 sec | Current time: 2019-07-03 11:53:25.670309
 --------------------------
iter: 93 | batch: 0 | nc: 1 | ncalls: 93 | bounds: 0 | eff(%): 23.664 | logz: -1.0e+04 +/- 9.4e-02 | dlogz: 9994.943 >  0.500
 loglike: -1.0e+04 | params: [ 0.10046909 -0.06158238  2.92941936  5.88682981 27.77114817]
 Average call time: 2.01 sec | Current time: 2019-07-03 11:53:27.681167
 --------------------------
iter: 94 | batch: 0 | nc: 1 | ncalls: 94 | bounds: 0 | eff(%): 23.858 | logz: -1.0e+04 +/- 9.4e-02 | dlogz: 9994.930 >  0.500
 loglike: -1.0e+04 | params: [-0.3459994  -0.17522665  4.47911781  5.71613427 29.21874683]
 Average call time: 2.03 sec | Current time: 2019-07-03 11:53:29.706882
 --------------------------
iter: 95 | batch: 0 | nc: 1 | ncalls: 95 | bounds: 0 | eff(%): 24.051 | logz: -1.0e+04 +/- 9.3e-02 | dlogz: 9994.918 >  0.500
 loglike: -1.0e+04 | params: [-0.06629435 -1.37428661  3.97091304  1.49808881 29.52520337]
 Average call time: 2.08 sec | Current time: 2019-07-03 11:53:31.785424
 --------------------------
iter: 96 | batch: 0 | nc: 1 | ncalls: 96 | bounds: 0 | eff(%): 24.242 | logz: -1.0e+04 +/- 9.3e-02 | dlogz: 9994.905 >  0.500
 loglike: -1.0e+04 | params: [-0.32009445 -1.30870746  5.47800993  7.28960414 30.77327532]
 Average call time: 2.07 sec | Current time: 2019-07-03 11:53:33.859311
 --------------------------
iter: 97 | batch: 0 | nc: 1 | ncalls: 97 | bounds: 0 | eff(%): 24.433 | logz: -1.0e+04 +/- 9.3e-02 | dlogz: 9994.893 >  0.500
 loglike: -1.0e+04 | params: [-0.38182945 -0.40411568  5.94548212  6.2600073  32.87720828]
 Average call time: 2.07 sec | Current time: 2019-07-03 11:53:35.929663
 --------------------------
iter: 98 | batch: 0 | nc: 1 | ncalls: 98 | bounds: 0 | eff(%): 24.623 | logz: -1.0e+04 +/- 9.2e-02 | dlogz: 9994.881 >  0.500
 loglike: -1.0e+04 | params: [ 0.10371121 -0.87040118  3.32527047  6.07552074 31.86090102]
 Average call time: 2.09 sec | Current time: 2019-07-03 11:53:38.018786
 --------------------------
iter: 99 | batch: 0 | nc: 1 | ncalls: 99 | bounds: 0 | eff(%): 24.812 | logz: -1.0e+04 +/- 9.2e-02 | dlogz: 9994.869 >  0.500
 loglike: -1.0e+04 | params: [-0.39399271 -1.37825768  2.78775426  7.75345684 31.15036804]
 Average call time: 1.83 sec | Current time: 2019-07-03 11:53:39.853438
 --------------------------
iter: 100 | batch: 0 | nc: 1 | ncalls: 100 | bounds: 0 | eff(%): 25.000 | logz: -1.0e+04 +/- 9.2e-02 | dlogz: 9994.857 >  0.500
 loglike: -1.0e+04 | params: [-0.48302564 -1.18076716  4.63123352  5.41842347 27.23037821]
 Average call time: 1.87 sec | Current time: 2019-07-03 11:53:41.723250
 --------------------------
iter: 101 | batch: 0 | nc: 1 | ncalls: 101 | bounds: 0 | eff(%): 25.187 | logz: -1.0e+04 +/- 9.2e-02 | dlogz: 9994.845 >  0.500
 loglike: -1.0e+04 | params: [-0.23098453 -0.37328812  5.32835823  7.63831037 32.27738855]
 Average call time: 2.01 sec | Current time: 2019-07-03 11:53:43.736157
 --------------------------
iter: 102 | batch: 0 | nc: 1 | ncalls: 102 | bounds: 0 | eff(%): 25.373 | logz: -1.0e+04 +/- 9.1e-02 | dlogz: 9994.833 >  0.500
 loglike: -1.0e+04 | params: [ 0.14947187 -0.43191432  4.31885517  3.13988012 28.0758248 ]
 Average call time: 1.97 sec | Current time: 2019-07-03 11:53:45.701883
 --------------------------
iter: 103 | batch: 0 | nc: 1 | ncalls: 103 | bounds: 0 | eff(%): 25.558 | logz: -1.0e+04 +/- 9.1e-02 | dlogz: 9994.821 >  0.500
 loglike: -1.0e+04 | params: [ 0.05839904 -0.34946407  1.78273726  0.11818537 30.13012627]
 Average call time: 2.06 sec | Current time: 2019-07-03 11:53:47.758687
 --------------------------
iter: 104 | batch: 0 | nc: 1 | ncalls: 104 | bounds: 0 | eff(%): 25.743 | logz: -1.0e+04 +/- 9.1e-02 | dlogz: 9994.810 >  0.500
 loglike: -1.0e+04 | params: [ 0.06892834 -0.83824664  5.44279129  4.28159102 32.30994922]
 Average call time: 1.97 sec | Current time: 2019-07-03 11:53:49.729498
 --------------------------
iter: 105 | batch: 0 | nc: 1 | ncalls: 105 | bounds: 0 | eff(%): 25.926 | logz: -1.0e+04 +/- 9.0e-02 | dlogz: 9994.798 >  0.500
 loglike: -1.0e+04 | params: [-0.16049254 -0.47413072  1.30599811  5.95024425 31.03558047]
 Average call time: 1.83 sec | Current time: 2019-07-03 11:53:51.561446
 --------------------------
iter: 106 | batch: 0 | nc: 1 | ncalls: 106 | bounds: 0 | eff(%): 26.108 | logz: -1.0e+04 +/- 9.0e-02 | dlogz: 9994.787 >  0.500
 loglike: -1.0e+04 | params: [-0.49220315 -0.49016715  4.94962398  6.66311949 32.9662922 ]
 Average call time: 1.99 sec | Current time: 2019-07-03 11:53:53.550845
 --------------------------
iter: 107 | batch: 0 | nc: 1 | ncalls: 107 | bounds: 0 | eff(%): 26.290 | logz: -1.0e+04 +/- 9.0e-02 | dlogz: 9994.776 >  0.500
 loglike: -1.0e+04 | params: [-0.07470839 -0.20765759  1.45585596  1.4344141  28.98364379]
 Average call time: 9.43 sec | Current time: 2019-07-03 11:54:02.980318
 --------------------------
iter: 108 | batch: 0 | nc: 1 | ncalls: 108 | bounds: 0 | eff(%): 26.471 | logz: -1.0e+04 +/- 8.9e-02 | dlogz: 9994.765 >  0.500
 loglike: -1.0e+04 | params: [-0.22633551 -0.57690573  1.37690621  3.01370965 32.59884061]
 Average call time: 5.90 sec | Current time: 2019-07-03 11:54:08.876960
 --------------------------
iter: 109 | batch: 0 | nc: 1 | ncalls: 109 | bounds: 0 | eff(%): 26.650 | logz: -1.0e+04 +/- 8.9e-02 | dlogz: 9994.753 >  0.500
 loglike: -1.0e+04 | params: [-1.14663926e-02 -9.04196133e-01  4.94365071e+00  2.60300537e+00
  3.04085919e+01]
 Average call time: 2.01 sec | Current time: 2019-07-03 11:54:10.890288
 --------------------------
iter: 110 | batch: 0 | nc: 1 | ncalls: 110 | bounds: 0 | eff(%): 26.829 | logz: -1.0e+04 +/- 8.9e-02 | dlogz: 9994.742 >  0.500
 loglike: -1.0e+04 | params: [-0.191255   -1.23369458  1.76164346  6.02211311 29.93313328]
 Average call time: 1.96 sec | Current time: 2019-07-03 11:54:12.851928
 --------------------------
iter: 111 | batch: 0 | nc: 1 | ncalls: 111 | bounds: 0 | eff(%): 27.007 | logz: -1.0e+04 +/- 8.9e-02 | dlogz: 9994.731 >  0.500
 loglike: -1.0e+04 | params: [ 0.04695783 -0.86254742  4.62813118  4.74525928 27.82242633]
 Average call time: 2.08 sec | Current time: 2019-07-03 11:54:14.927552
 --------------------------
iter: 112 | batch: 0 | nc: 1 | ncalls: 112 | bounds: 0 | eff(%): 27.184 | logz: -1.0e+04 +/- 8.8e-02 | dlogz: 9994.721 >  0.500
 loglike: -1.0e+04 | params: [-0.07643991 -1.05828812  4.1699746   5.18155733 30.31501149]
 Average call time: 1.83 sec | Current time: 2019-07-03 11:54:16.755326
 --------------------------
iter: 113 | batch: 0 | nc: 1 | ncalls: 113 | bounds: 0 | eff(%): 27.361 | logz: -1.0e+04 +/- 8.8e-02 | dlogz: 9994.710 >  0.500
 loglike: -1.0e+04 | params: [-0.20748413 -1.09931693  5.0108321   7.20712356 27.60952713]
 Average call time: 4.10 sec | Current time: 2019-07-03 11:54:20.854526
 --------------------------
iter: 114 | batch: 0 | nc: 1 | ncalls: 114 | bounds: 0 | eff(%): 27.536 | logz: -1.0e+04 +/- 8.8e-02 | dlogz: 9994.699 >  0.500
 loglike: -1.0e+04 | params: [-0.15966496 -0.90896563  4.35821707  4.47496911 32.0574523 ]
 Average call time: 1.81 sec | Current time: 2019-07-03 11:54:22.662841
 --------------------------
iter: 115 | batch: 0 | nc: 1 | ncalls: 115 | bounds: 0 | eff(%): 27.711 | logz: -1.0e+04 +/- 8.8e-02 | dlogz: 9994.689 >  0.500
 loglike: -1.0e+04 | params: [-0.49552647 -0.53113822  1.57428296  6.07536448 28.3682477 ]
 Average call time: 2.00 sec | Current time: 2019-07-03 11:54:24.667702
 --------------------------
iter: 116 | batch: 0 | nc: 1 | ncalls: 116 | bounds: 0 | eff(%): 27.885 | logz: -1.0e+04 +/- 8.7e-02 | dlogz: 9994.678 >  0.500
 loglike: -1.0e+04 | params: [-0.3360966  -0.88298934  1.34247566  3.80314268 29.12663012]
 Average call time: 2.07 sec | Current time: 2019-07-03 11:54:26.742608
 --------------------------
iter: 117 | batch: 0 | nc: 1 | ncalls: 117 | bounds: 0 | eff(%): 28.058 | logz: -1.0e+04 +/- 8.7e-02 | dlogz: 9994.668 >  0.500
 loglike: -1.0e+04 | params: [-0.43797336 -1.29625716  5.56353345  6.98822903 31.70198555]
 Average call time: 4.34 sec | Current time: 2019-07-03 11:54:31.084636
 --------------------------
iter: 118 | batch: 0 | nc: 1 | ncalls: 118 | bounds: 0 | eff(%): 28.230 | logz: -1.0e+04 +/- 8.7e-02 | dlogz: 9994.657 >  0.500
 loglike: -1.0e+04 | params: [ 0.03612728 -0.4944909   4.17095719  3.18632289 31.59992232]
 Average call time: 2.04 sec | Current time: 2019-07-03 11:54:33.126064
 --------------------------
iter: 119 | batch: 0 | nc: 1 | ncalls: 119 | bounds: 0 | eff(%): 28.401 | logz: -1.0e+04 +/- 8.6e-02 | dlogz: 9994.647 >  0.500
 loglike: -1.0e+04 | params: [-0.33371777 -0.43986385  2.5227718   6.2914054  30.63598713]
 Average call time: 2.59 sec | Current time: 2019-07-03 11:54:35.718380
 --------------------------
iter: 120 | batch: 0 | nc: 1 | ncalls: 120 | bounds: 0 | eff(%): 28.571 | logz: -1.0e+04 +/- 8.6e-02 | dlogz: 9994.637 >  0.500
 loglike: -1.0e+04 | params: [ 0.1538112  -1.3710933   3.72825931  7.33280707 30.67596894]
 Average call time: 2.06 sec | Current time: 2019-07-03 11:54:37.781923
 --------------------------
iter: 121 | batch: 0 | nc: 1 | ncalls: 121 | bounds: 0 | eff(%): 28.741 | logz: -1.0e+04 +/- 8.6e-02 | dlogz: 9994.626 >  0.500
 loglike: -1.0e+04 | params: [-0.0805012  -1.00664271  5.16302241  2.03681558 28.72813432]
 Average call time: 1.81 sec | Current time: 2019-07-03 11:54:39.592298
 --------------------------
iter: 122 | batch: 0 | nc: 1 | ncalls: 122 | bounds: 0 | eff(%): 28.910 | logz: -1.0e+04 +/- 8.6e-02 | dlogz: 9994.616 >  0.500
 loglike: -1.0e+04 | params: [-0.04804387 -0.91604976  3.06155387  4.30953799 32.25556204]
 Average call time: 2.02 sec | Current time: 2019-07-03 11:54:41.612912
 --------------------------
iter: 123 | batch: 0 | nc: 1 | ncalls: 123 | bounds: 0 | eff(%): 29.078 | logz: -1.0e+04 +/- 8.5e-02 | dlogz: 9994.606 >  0.500
 loglike: -1.0e+04 | params: [ 0.07323518 -0.22242305  5.19984344  4.42201532 30.26845015]
 Average call time: 1.80 sec | Current time: 2019-07-03 11:54:43.411721
 --------------------------
iter: 124 | batch: 0 | nc: 1 | ncalls: 124 | bounds: 0 | eff(%): 29.245 | logz: -1.0e+04 +/- 8.5e-02 | dlogz: 9994.596 >  0.500
 loglike: -1.0e+04 | params: [-0.49338854 -0.57044529  5.56185004  1.77950847 28.93290598]
 Average call time: 2.00 sec | Current time: 2019-07-03 11:54:45.415595
 --------------------------
iter: 125 | batch: 0 | nc: 1 | ncalls: 125 | bounds: 0 | eff(%): 29.412 | logz: -1.0e+04 +/- 8.5e-02 | dlogz: 9994.586 >  0.500
 loglike: -1.0e+04 | params: [-0.30376543 -0.15995718  5.11225403  2.16704025 28.24130346]
 Average call time: 2.00 sec | Current time: 2019-07-03 11:54:47.416262
 --------------------------
iter: 126 | batch: 0 | nc: 1 | ncalls: 126 | bounds: 0 | eff(%): 29.577 | logz: -1.0e+04 +/- 8.5e-02 | dlogz: 9994.577 >  0.500
 loglike: -1.0e+04 | params: [-0.10522282 -1.47385647  3.08692879  0.80328134 32.92367933]
 Average call time: 1.78 sec | Current time: 2019-07-03 11:54:49.191632
 --------------------------
iter: 127 | batch: 0 | nc: 1 | ncalls: 127 | bounds: 0 | eff(%): 29.742 | logz: -1.0e+04 +/- 8.4e-02 | dlogz: 9994.567 >  0.500
 loglike: -1.0e+04 | params: [ 0.21211644 -0.37176474  4.20132184  1.74618455 28.00719703]
 Average call time: 1.97 sec | Current time: 2019-07-03 11:54:51.159014
 --------------------------
iter: 128 | batch: 0 | nc: 1 | ncalls: 128 | bounds: 0 | eff(%): 29.907 | logz: -1.0e+04 +/- 8.4e-02 | dlogz: 9994.557 >  0.500
 loglike: -1.0e+04 | params: [-0.39220987 -0.82073066  1.02235537  2.58677175 30.66272812]
 Average call time: 1.77 sec | Current time: 2019-07-03 11:54:52.932591
 --------------------------
iter: 129 | batch: 0 | nc: 1 | ncalls: 129 | bounds: 0 | eff(%): 30.070 | logz: -1.0e+04 +/- 8.4e-02 | dlogz: 9994.547 >  0.500
 loglike: -1.0e+04 | params: [ 0.24542002 -0.71762968  1.5133845   0.51390106 28.971506  ]
 Average call time: 1.99 sec | Current time: 2019-07-03 11:54:54.919850
 --------------------------
iter: 130 | batch: 0 | nc: 1 | ncalls: 130 | bounds: 0 | eff(%): 30.233 | logz: -1.0e+04 +/- 8.4e-02 | dlogz: 9994.538 >  0.500
 loglike: -1.0e+04 | params: [-0.08017873 -0.24336877  1.28056783  7.1698686  32.37479704]
 Average call time: 2.00 sec | Current time: 2019-07-03 11:54:56.923227
 --------------------------
iter: 131 | batch: 0 | nc: 1 | ncalls: 131 | bounds: 0 | eff(%): 30.394 | logz: -1.0e+04 +/- 8.3e-02 | dlogz: 9994.528 >  0.500
 loglike: -1.0e+04 | params: [-0.16080614 -0.14260831  1.76595099  5.91804365 29.8482244 ]
 Average call time: 1.85 sec | Current time: 2019-07-03 11:54:58.771209
 --------------------------
iter: 132 | batch: 0 | nc: 1 | ncalls: 132 | bounds: 0 | eff(%): 30.556 | logz: -1.0e+04 +/- 8.3e-02 | dlogz: 9994.519 >  0.500
 loglike: -1.0e+04 | params: [ 0.23058012 -0.71147676  5.29055647  6.56876062 32.03134096]
 Average call time: 2.03 sec | Current time: 2019-07-03 11:55:00.797765
 --------------------------
iter: 133 | batch: 0 | nc: 1 | ncalls: 133 | bounds: 0 | eff(%): 30.716 | logz: -1.0e+04 +/- 8.3e-02 | dlogz: 9994.509 >  0.500
 loglike: -1.0e+04 | params: [-0.35871253 -0.11269658  4.53159579  0.56442615 32.30178716]
 Average call time: 1.81 sec | Current time: 2019-07-03 11:55:02.611767
 --------------------------
iter: 134 | batch: 0 | nc: 1 | ncalls: 134 | bounds: 0 | eff(%): 30.876 | logz: -1.0e+04 +/- 8.3e-02 | dlogz: 9994.500 >  0.500
 loglike: -1.0e+04 | params: [-2.46703123e-01 -6.29830895e-03  3.31037091e+00  6.50625769e+00
  3.12205362e+01]
 Average call time: 1.85 sec | Current time: 2019-07-03 11:55:04.460226
 --------------------------
iter: 135 | batch: 0 | nc: 1 | ncalls: 135 | bounds: 0 | eff(%): 31.034 | logz: -1.0e+04 +/- 8.2e-02 | dlogz: 9994.491 >  0.500
 loglike: -1.0e+04 | params: [ 0.22050966 -0.42760371  3.4760694   7.80048242 31.361682  ]
 Average call time: 2.03 sec | Current time: 2019-07-03 11:55:06.492044
 --------------------------
iter: 136 | batch: 0 | nc: 1 | ncalls: 136 | bounds: 0 | eff(%): 31.193 | logz: -1.0e+04 +/- 8.2e-02 | dlogz: 9994.481 >  0.500
 loglike: -1.0e+04 | params: [-0.12732841 -1.00406918  2.84614095  0.70722923 31.60594696]
 Average call time: 5.32 sec | Current time: 2019-07-03 11:55:11.813937
 --------------------------
iter: 137 | batch: 0 | nc: 1 | ncalls: 137 | bounds: 0 | eff(%): 31.350 | logz: -1.0e+04 +/- 8.2e-02 | dlogz: 9994.472 >  0.500
 loglike: -1.0e+04 | params: [ 0.19546079 -0.86600272  3.60446561  0.17073744 29.58196437]
 Average call time: 2.07 sec | Current time: 2019-07-03 11:55:13.879890
 --------------------------
iter: 138 | batch: 0 | nc: 1 | ncalls: 138 | bounds: 0 | eff(%): 31.507 | logz: -1.0e+04 +/- 8.2e-02 | dlogz: 9994.463 >  0.500
 loglike: -1.0e+04 | params: [-0.38520383 -0.77791627  3.51112068  3.98002351 31.75809681]
 Average call time: 1.84 sec | Current time: 2019-07-03 11:55:15.722582
 --------------------------
iter: 139 | batch: 0 | nc: 1 | ncalls: 139 | bounds: 0 | eff(%): 31.663 | logz: -1.0e+04 +/- 8.1e-02 | dlogz: 9994.454 >  0.500
 loglike: -1.0e+04 | params: [-0.46287416 -0.42548899  3.75632899  2.82129404 32.64848642]
 Average call time: 2.40 sec | Current time: 2019-07-03 11:55:18.127440
 --------------------------
iter: 140 | batch: 0 | nc: 1 | ncalls: 140 | bounds: 0 | eff(%): 31.818 | logz: -1.0e+04 +/- 8.1e-02 | dlogz: 9994.445 >  0.500
 loglike: -1.0e+04 | params: [ 0.06498477 -0.29818855  4.13515557  4.43145001 31.30564933]
 Average call time: 2.08 sec | Current time: 2019-07-03 11:55:20.202856
 --------------------------
iter: 141 | batch: 0 | nc: 1 | ncalls: 141 | bounds: 0 | eff(%): 31.973 | logz: -1.0e+04 +/- 8.1e-02 | dlogz: 9994.436 >  0.500
 loglike: -1.0e+04 | params: [-0.10336534 -0.72103288  2.19485475  5.86340464 32.97645136]
 Average call time: 1.79 sec | Current time: 2019-07-03 11:55:21.992997
 --------------------------
iter: 142 | batch: 0 | nc: 1 | ncalls: 142 | bounds: 0 | eff(%): 32.127 | logz: -1.0e+04 +/- 8.1e-02 | dlogz: 9994.427 >  0.500
 loglike: -1.0e+04 | params: [ 3.90555971e-03 -6.42991640e-01  2.78549680e+00  6.07760423e-01
  3.12469178e+01]
 Average call time: 1.97 sec | Current time: 2019-07-03 11:55:23.964468
 --------------------------
iter: 143 | batch: 0 | nc: 1 | ncalls: 143 | bounds: 0 | eff(%): 32.280 | logz: -1.0e+04 +/- 8.1e-02 | dlogz: 9994.418 >  0.500
 loglike: -1.0e+04 | params: [-0.32390542 -0.3220886   2.79977361  0.66344366 31.71122986]
 Average call time: 1.81 sec | Current time: 2019-07-03 11:55:25.772554
 --------------------------
iter: 144 | batch: 0 | nc: 1 | ncalls: 144 | bounds: 0 | eff(%): 32.432 | logz: -1.0e+04 +/- 8.0e-02 | dlogz: 9994.409 >  0.500
 loglike: -1.0e+04 | params: [-0.20862341 -0.9648488   3.58046634  6.67728772 28.80986971]
 Average call time: 2.06 sec | Current time: 2019-07-03 11:55:27.831170
 --------------------------
iter: 145 | batch: 0 | nc: 1 | ncalls: 145 | bounds: 0 | eff(%): 32.584 | logz: -1.0e+04 +/- 8.0e-02 | dlogz: 9994.401 >  0.500
 loglike: -1.0e+04 | params: [-0.09397564 -1.01546002  1.62411577  1.43813279 27.48356476]
 Average call time: 1.96 sec | Current time: 2019-07-03 11:55:29.793629
 --------------------------
iter: 146 | batch: 0 | nc: 1 | ncalls: 146 | bounds: 0 | eff(%): 32.735 | logz: -1.0e+04 +/- 8.0e-02 | dlogz: 9994.392 >  0.500
 loglike: -1.0e+04 | params: [-0.15273761 -0.21204986  1.5217761   6.83860177 30.58273825]
 Average call time: 2.07 sec | Current time: 2019-07-03 11:55:31.864507
 --------------------------
iter: 147 | batch: 0 | nc: 1 | ncalls: 147 | bounds: 0 | eff(%): 32.886 | logz: -1.0e+04 +/- 8.0e-02 | dlogz: 9994.383 >  0.500
 loglike: -1.0e+04 | params: [ 0.18668789 -1.23342559  5.91051297  5.26963329 27.85210631]
 Average call time: 2.11 sec | Current time: 2019-07-03 11:55:33.978052
 --------------------------
iter: 148 | batch: 0 | nc: 1 | ncalls: 148 | bounds: 0 | eff(%): 33.036 | logz: -1.0e+04 +/- 7.9e-02 | dlogz: 9994.374 >  0.500
 loglike: -1.0e+04 | params: [-0.43497132 -0.89315206  3.13294006  6.63920178 30.90346407]
 Average call time: 1.80 sec | Current time: 2019-07-03 11:55:35.780247
 --------------------------
iter: 149 | batch: 0 | nc: 1 | ncalls: 149 | bounds: 0 | eff(%): 33.185 | logz: -1.0e+04 +/- 7.9e-02 | dlogz: 9994.366 >  0.500
 loglike: -1.0e+04 | params: [-0.48583795 -0.14297681  3.65225044  0.73137005 30.74802277]
 Average call time: 2.02 sec | Current time: 2019-07-03 11:55:37.800277
 --------------------------
iter: 150 | batch: 0 | nc: 1 | ncalls: 150 | bounds: 0 | eff(%): 33.333 | logz: -1.0e+04 +/- 7.9e-02 | dlogz: 9994.357 >  0.500
 loglike: -1.0e+04 | params: [-0.15052048 -1.0245307   2.38317729  7.59113889 31.30068268]
 Average call time: 2.06 sec | Current time: 2019-07-03 11:55:39.863715
 --------------------------
iter: 151 | batch: 0 | nc: 1 | ncalls: 151 | bounds: 0 | eff(%): 33.481 | logz: -1.0e+04 +/- 7.9e-02 | dlogz: 9994.349 >  0.500
 loglike: -1.0e+04 | params: [-0.30630138 -0.97663401  3.35384216  0.40152192 28.79433955]
 Average call time: 1.78 sec | Current time: 2019-07-03 11:55:41.645572
 --------------------------
iter: 152 | batch: 0 | nc: 1 | ncalls: 152 | bounds: 0 | eff(%): 33.628 | logz: -1.0e+04 +/- 7.9e-02 | dlogz: 9994.340 >  0.500
 loglike: -1.0e+04 | params: [-0.22117583 -0.56749546  1.13486387  7.36443242 28.43319585]
 Average call time: 2.13 sec | Current time: 2019-07-03 11:55:43.780357
 --------------------------
iter: 153 | batch: 0 | nc: 1 | ncalls: 153 | bounds: 0 | eff(%): 33.775 | logz: -1.0e+04 +/- 7.8e-02 | dlogz: 9994.332 >  0.500
 loglike: -1.0e+04 | params: [-0.39694241 -0.09386721  4.78109593  7.62781661 32.15795459]
 Average call time: 2.37 sec | Current time: 2019-07-03 11:55:46.150629
 --------------------------
iter: 154 | batch: 0 | nc: 1 | ncalls: 154 | bounds: 0 | eff(%): 33.921 | logz: -1.0e+04 +/- 7.8e-02 | dlogz: 9994.323 >  0.500
 loglike: -1.0e+04 | params: [ 0.14779201 -0.89175418  4.48253794  1.07560166 32.8957183 ]
 Average call time: 1.84 sec | Current time: 2019-07-03 11:55:47.989376
 --------------------------
iter: 155 | batch: 0 | nc: 1 | ncalls: 155 | bounds: 0 | eff(%): 34.066 | logz: -1.0e+04 +/- 7.8e-02 | dlogz: 9994.315 >  0.500
 loglike: -1.0e+04 | params: [-0.27994311 -1.41545427  5.67270389  5.22535841 29.07349497]
 Average call time: 2.05 sec | Current time: 2019-07-03 11:55:50.043705
 --------------------------
iter: 156 | batch: 0 | nc: 1 | ncalls: 156 | bounds: 0 | eff(%): 34.211 | logz: -1.0e+04 +/- 7.8e-02 | dlogz: 9994.307 >  0.500
 loglike: -1.0e+04 | params: [-0.09251723 -0.18376298  5.35297481  7.81505376 32.88818951]
 Average call time: 2.38 sec | Current time: 2019-07-03 11:55:52.424139
 --------------------------
iter: 157 | batch: 0 | nc: 1 | ncalls: 157 | bounds: 0 | eff(%): 34.354 | logz: -1.0e+04 +/- 7.8e-02 | dlogz: 9994.299 >  0.500
 loglike: -1.0e+04 | params: [-0.17307766 -1.37354965  2.8856178   7.56785241 30.12506774]
 Average call time: 2.32 sec | Current time: 2019-07-03 11:55:54.741697
 --------------------------
iter: 158 | batch: 0 | nc: 1 | ncalls: 158 | bounds: 0 | eff(%): 34.498 | logz: -1.0e+04 +/- 7.7e-02 | dlogz: 9994.290 >  0.500
 loglike: -1.0e+04 | params: [ 0.08926783 -0.2076501   3.14687689  5.51497853 28.58858481]
 Average call time: 2.01 sec | Current time: 2019-07-03 11:55:56.749395
 --------------------------
iter: 159 | batch: 0 | nc: 1 | ncalls: 159 | bounds: 0 | eff(%): 34.641 | logz: -1.0e+04 +/- 7.7e-02 | dlogz: 9994.282 >  0.500
 loglike: -1.0e+04 | params: [-0.35374716 -0.26922377  3.6014209   3.20861026 27.24649465]
 Average call time: 1.98 sec | Current time: 2019-07-03 11:55:58.728580
 --------------------------
iter: 160 | batch: 0 | nc: 1 | ncalls: 160 | bounds: 0 | eff(%): 34.783 | logz: -1.0e+04 +/- 7.7e-02 | dlogz: 9994.274 >  0.500
 loglike: -1.0e+04 | params: [-0.40929144 -0.45375227  2.63188623  2.51651063 32.24774617]
 Average call time: 2.05 sec | Current time: 2019-07-03 11:56:00.775655
 --------------------------
iter: 161 | batch: 0 | nc: 1 | ncalls: 161 | bounds: 0 | eff(%): 34.924 | logz: -1.0e+04 +/- 7.7e-02 | dlogz: 9994.266 >  0.500
 loglike: -1.0e+04 | params: [ 0.14853369 -0.39785145  2.38567952  2.92455385 28.6641089 ]
 Average call time: 3.39 sec | Current time: 2019-07-03 11:56:04.167888
 --------------------------
iter: 162 | batch: 0 | nc: 1 | ncalls: 162 | bounds: 0 | eff(%): 35.065 | logz: -1.0e+04 +/- 7.7e-02 | dlogz: 9994.258 >  0.500
 loglike: -1.0e+04 | params: [-1.92548115e-02 -1.31727719e+00  2.86089895e+00  3.65920196e+00
  2.93433647e+01]
 Average call time: 1.98 sec | Current time: 2019-07-03 11:56:06.148033
 --------------------------
iter: 163 | batch: 0 | nc: 1 | ncalls: 163 | bounds: 0 | eff(%): 35.205 | logz: -1.0e+04 +/- 7.6e-02 | dlogz: 9994.250 >  0.500
 loglike: -1.0e+04 | params: [ 0.11176267 -0.03953376  5.60307041  0.88193816 27.7107211 ]
 Average call time: 1.84 sec | Current time: 2019-07-03 11:56:07.988908
 --------------------------
iter: 164 | batch: 0 | nc: 1 | ncalls: 164 | bounds: 0 | eff(%): 35.345 | logz: -1.0e+04 +/- 7.6e-02 | dlogz: 9994.242 >  0.500
 loglike: -1.0e+04 | params: [ 0.23534446 -1.28337246  5.51606541  5.99272858 29.0907542 ]
 Average call time: 1.82 sec | Current time: 2019-07-03 11:56:09.807093
 --------------------------
iter: 165 | batch: 0 | nc: 1 | ncalls: 165 | bounds: 0 | eff(%): 35.484 | logz: -1.0e+04 +/- 7.6e-02 | dlogz: 9994.234 >  0.500
 loglike: -1.0e+04 | params: [-0.4929923  -0.50812936  4.88068888  7.42027891 27.65649731]
 Average call time: 2.04 sec | Current time: 2019-07-03 11:56:11.849864
 --------------------------
iter: 166 | batch: 0 | nc: 1 | ncalls: 166 | bounds: 0 | eff(%): 35.622 | logz: -1.0e+04 +/- 7.6e-02 | dlogz: 9994.226 >  0.500
 loglike: -1.0e+04 | params: [-0.44758534 -0.16823495  4.52950843  1.80499104 31.33508503]
 Average call time: 4.28 sec | Current time: 2019-07-03 11:56:16.131615
 --------------------------
iter: 167 | batch: 0 | nc: 1 | ncalls: 167 | bounds: 0 | eff(%): 35.760 | logz: -1.0e+04 +/- 7.5e-02 | dlogz: 9994.218 >  0.500
 loglike: -1.0e+04 | params: [ 0.23428528 -1.40955899  4.57458908  1.51386037 32.17206163]
 Average call time: 1.80 sec | Current time: 2019-07-03 11:56:17.932459
 --------------------------
iter: 168 | batch: 0 | nc: 1 | ncalls: 168 | bounds: 0 | eff(%): 35.897 | logz: -1.0e+04 +/- 7.5e-02 | dlogz: 9994.210 >  0.500
 loglike: -1.0e+04 | params: [-2.80417139e-02 -1.02741981e+00  2.16966048e+00  5.49531960e+00
  3.08062263e+01]
 Average call time: 2.01 sec | Current time: 2019-07-03 11:56:19.944814
 --------------------------
iter: 169 | batch: 0 | nc: 1 | ncalls: 169 | bounds: 0 | eff(%): 36.034 | logz: -1.0e+04 +/- 7.5e-02 | dlogz: 9994.203 >  0.500
 loglike: -1.0e+04 | params: [-0.05450754 -0.52008302  1.79584399  7.12540062 29.57884901]
 Average call time: 2.00 sec | Current time: 2019-07-03 11:56:21.944095
 --------------------------
iter: 170 | batch: 0 | nc: 1 | ncalls: 170 | bounds: 0 | eff(%): 36.170 | logz: -1.0e+04 +/- 7.5e-02 | dlogz: 9994.195 >  0.500
 loglike: -1.0e+04 | params: [ 0.19275675 -0.81119353  4.14794257  1.06229492 28.38418791]
 Average call time: 1.92 sec | Current time: 2019-07-03 11:56:23.864612
 --------------------------
iter: 171 | batch: 0 | nc: 1 | ncalls: 171 | bounds: 0 | eff(%): 36.306 | logz: -1.0e+04 +/- 7.5e-02 | dlogz: 9994.187 >  0.500
 loglike: -1.0e+04 | params: [-0.4846314  -1.37561205  1.81032246  2.84350805 29.30100134]
 Average call time: 1.83 sec | Current time: 2019-07-03 11:56:25.693087
 --------------------------
iter: 172 | batch: 0 | nc: 1 | ncalls: 172 | bounds: 0 | eff(%): 36.441 | logz: -1.0e+04 +/- 7.5e-02 | dlogz: 9994.179 >  0.500
 loglike: -1.0e+04 | params: [ 0.03746087 -0.77887447  5.36393293  4.11352481 32.89820904]
 Average call time: 2.06 sec | Current time: 2019-07-03 11:56:27.755932
 --------------------------
iter: 173 | batch: 0 | nc: 1 | ncalls: 173 | bounds: 0 | eff(%): 36.575 | logz: -1.0e+04 +/- 7.4e-02 | dlogz: 9994.172 >  0.500
 loglike: -1.0e+04 | params: [-0.18033853 -0.71698286  5.73372181  4.16706298 29.25139613]
 Average call time: 2.08 sec | Current time: 2019-07-03 11:56:29.832492
 --------------------------
iter: 174 | batch: 0 | nc: 1 | ncalls: 174 | bounds: 0 | eff(%): 36.709 | logz: -1.0e+04 +/- 7.4e-02 | dlogz: 9994.164 >  0.500
 loglike: -1.0e+04 | params: [-0.08212399 -0.81709619  5.72298202  6.00177287 30.55653647]
 Average call time: 1.87 sec | Current time: 2019-07-03 11:56:31.703163
 --------------------------
iter: 175 | batch: 0 | nc: 1 | ncalls: 175 | bounds: 0 | eff(%): 36.842 | logz: -1.0e+04 +/- 7.4e-02 | dlogz: 9994.156 >  0.500
 loglike: -1.0e+04 | params: [ 0.20094596 -0.21308063  4.1222616   6.16077803 31.79055545]
 Average call time: 1.97 sec | Current time: 2019-07-03 11:56:33.677143
 --------------------------
iter: 176 | batch: 0 | nc: 1 | ncalls: 176 | bounds: 0 | eff(%): 36.975 | logz: -1.0e+04 +/- 7.4e-02 | dlogz: 9994.149 >  0.500
 loglike: -1.0e+04 | params: [ 0.09732345 -1.36411554  1.12830242  2.89702138 28.69680945]
 Average call time: 1.87 sec | Current time: 2019-07-03 11:56:35.548307
 --------------------------
iter: 177 | batch: 0 | nc: 1 | ncalls: 177 | bounds: 0 | eff(%): 37.107 | logz: -1.0e+04 +/- 7.4e-02 | dlogz: 9994.141 >  0.500
 loglike: -1.0e+04 | params: [-0.45821256 -1.39826347  1.50839898  4.97190154 28.21239256]
 Average call time: 2.02 sec | Current time: 2019-07-03 11:56:37.563920
 --------------------------
iter: 178 | batch: 0 | nc: 1 | ncalls: 178 | bounds: 0 | eff(%): 37.238 | logz: -1.0e+04 +/- 7.3e-02 | dlogz: 9994.134 >  0.500
 loglike: -1.0e+04 | params: [ 1.59874224e-01 -4.48747492e-03  4.91859387e+00  5.82903530e+00
  2.87232791e+01]
 Average call time: 1.76 sec | Current time: 2019-07-03 11:56:39.323578
 --------------------------
iter: 179 | batch: 0 | nc: 1 | ncalls: 179 | bounds: 0 | eff(%): 37.370 | logz: -1.0e+04 +/- 7.3e-02 | dlogz: 9994.126 >  0.500
 loglike: -1.0e+04 | params: [ 0.03782569 -0.52390002  1.67431991  0.61200659 28.83114882]
 Average call time: 1.82 sec | Current time: 2019-07-03 11:56:41.142385
 --------------------------
iter: 180 | batch: 0 | nc: 1 | ncalls: 180 | bounds: 0 | eff(%): 37.500 | logz: -1.0e+04 +/- 7.3e-02 | dlogz: 9994.119 >  0.500
 loglike: -1.0e+04 | params: [ 2.05673552e-02 -6.16864278e-01  4.58653491e+00  7.00420469e+00
  3.18319502e+01]
 Average call time: 3.05 sec | Current time: 2019-07-03 11:56:44.192059
 --------------------------
iter: 181 | batch: 0 | nc: 1 | ncalls: 181 | bounds: 0 | eff(%): 37.630 | logz: -1.0e+04 +/- 7.3e-02 | dlogz: 9994.111 >  0.500
 loglike: -1.0e+04 | params: [-0.42584481 -1.03962862  2.54368837  5.15750604 29.0044998 ]
 Average call time: 2.02 sec | Current time: 2019-07-03 11:56:46.209490
 --------------------------
iter: 182 | batch: 0 | nc: 1 | ncalls: 182 | bounds: 0 | eff(%): 37.759 | logz: -1.0e+04 +/- 7.3e-02 | dlogz: 9994.104 >  0.500
 loglike: -1.0e+04 | params: [-0.33857773 -1.47239851  5.31492867  0.97851992 28.51241267]
 Average call time: 1.78 sec | Current time: 2019-07-03 11:56:47.991395
 --------------------------
iter: 183 | batch: 0 | nc: 1 | ncalls: 183 | bounds: 0 | eff(%): 37.888 | logz: -1.0e+04 +/- 7.2e-02 | dlogz: 9994.097 >  0.500
 loglike: -1.0e+04 | params: [ 0.24435223 -0.25818603  2.22527803  0.52305673 28.27923685]
 Average call time: 1.78 sec | Current time: 2019-07-03 11:56:49.769037
 --------------------------
iter: 184 | batch: 0 | nc: 1 | ncalls: 184 | bounds: 0 | eff(%): 38.017 | logz: -1.0e+04 +/- 7.2e-02 | dlogz: 9994.089 >  0.500
 loglike: -1.0e+04 | params: [-1.81408810e-02 -3.50740078e-01  4.75511222e+00  5.41872340e-01
  3.07118947e+01]
 Average call time: 1.80 sec | Current time: 2019-07-03 11:56:51.564049
 --------------------------
iter: 185 | batch: 0 | nc: 1 | ncalls: 185 | bounds: 0 | eff(%): 38.144 | logz: -1.0e+04 +/- 7.2e-02 | dlogz: 9994.082 >  0.500
 loglike: -1.0e+04 | params: [-0.24025993 -1.22723379  3.09532768  2.30213942 27.29529618]
 Average call time: 3.30 sec | Current time: 2019-07-03 11:56:54.859359
 --------------------------
iter: 186 | batch: 0 | nc: 1 | ncalls: 186 | bounds: 0 | eff(%): 38.272 | logz: -1.0e+04 +/- 7.2e-02 | dlogz: 9994.075 >  0.500
 loglike: -1.0e+04 | params: [ 0.12533801 -0.27929602  2.73477431  6.03887639 27.11482779]
 Average call time: 1.93 sec | Current time: 2019-07-03 11:56:56.791950
 --------------------------
iter: 187 | batch: 0 | nc: 1 | ncalls: 187 | bounds: 0 | eff(%): 38.398 | logz: -1.0e+04 +/- 7.2e-02 | dlogz: 9994.068 >  0.500
 loglike: -1.0e+04 | params: [ 0.0388713  -1.28857616  4.27771341  3.53824086 31.60810385]
 Average call time: 2.78 sec | Current time: 2019-07-03 11:56:59.573168
 --------------------------
iter: 188 | batch: 0 | nc: 1 | ncalls: 188 | bounds: 0 | eff(%): 38.525 | logz: -1.0e+04 +/- 7.2e-02 | dlogz: 9994.060 >  0.500
 loglike: -1.0e+04 | params: [-0.34294194 -0.99330582  3.53289342  2.40048128 31.02981304]
 Average call time: 1.74 sec | Current time: 2019-07-03 11:57:01.316765
 --------------------------
iter: 189 | batch: 0 | nc: 1 | ncalls: 189 | bounds: 0 | eff(%): 38.650 | logz: -1.0e+04 +/- 7.1e-02 | dlogz: 9994.053 >  0.500
 loglike: -1.0e+04 | params: [-0.48097551 -1.01427476  1.46448641  1.55539138 31.97622079]
 Average call time: 2.06 sec | Current time: 2019-07-03 11:57:03.372348
 --------------------------
iter: 190 | batch: 0 | nc: 1 | ncalls: 190 | bounds: 0 | eff(%): 38.776 | logz: -1.0e+04 +/- 7.1e-02 | dlogz: 9994.046 >  0.500
 loglike: -1.0e+04 | params: [-0.44288361 -0.71764869  5.92033166  3.45148883 30.81495577]
 Average call time: 2.04 sec | Current time: 2019-07-03 11:57:05.417200
 --------------------------
iter: 191 | batch: 0 | nc: 1 | ncalls: 191 | bounds: 0 | eff(%): 38.900 | logz: -1.0e+04 +/- 7.1e-02 | dlogz: 9994.039 >  0.500
 loglike: -1.0e+04 | params: [-0.17332374 -0.67075665  4.9244443   1.38377372 30.49704227]
 Average call time: 2.06 sec | Current time: 2019-07-03 11:57:07.475421
 --------------------------
iter: 192 | batch: 0 | nc: 1 | ncalls: 192 | bounds: 0 | eff(%): 39.024 | logz: -1.0e+04 +/- 7.1e-02 | dlogz: 9994.032 >  0.500
 loglike: -1.0e+04 | params: [-0.07218561 -1.26747654  2.24442151  1.66461801 28.7207355 ]
 Average call time: 2.02 sec | Current time: 2019-07-03 11:57:09.499877
 --------------------------
iter: 193 | batch: 0 | nc: 1 | ncalls: 193 | bounds: 0 | eff(%): 39.148 | logz: -1.0e+04 +/- 7.1e-02 | dlogz: 9994.025 >  0.500
 loglike: -1.0e+04 | params: [-0.06671031 -0.63641489  4.86050423  3.33747541 31.00142843]
 Average call time: 1.97 sec | Current time: 2019-07-03 11:57:11.471777
 --------------------------
iter: 194 | batch: 0 | nc: 1 | ncalls: 194 | bounds: 0 | eff(%): 39.271 | logz: -1.0e+04 +/- 7.0e-02 | dlogz: 9994.018 >  0.500
 loglike: -1.0e+04 | params: [ 0.15123737 -1.00573098  1.26773924  6.37294704 30.8602945 ]
 Average call time: 2.05 sec | Current time: 2019-07-03 11:57:13.517496
 --------------------------
iter: 195 | batch: 0 | nc: 1 | ncalls: 195 | bounds: 0 | eff(%): 39.394 | logz: -1.0e+04 +/- 7.0e-02 | dlogz: 9994.011 >  0.500
 loglike: -1.0e+04 | params: [-0.16548088 -1.47986844  2.92448998  0.50920434 30.18318679]
 Average call time: 5.48 sec | Current time: 2019-07-03 11:57:18.999391
 --------------------------
iter: 196 | batch: 0 | nc: 1 | ncalls: 196 | bounds: 0 | eff(%): 39.516 | logz: -1.0e+04 +/- 7.0e-02 | dlogz: 9994.004 >  0.500
 loglike: -1.0e+04 | params: [ 0.15184554 -0.84573986  5.01073821  1.23575791 31.22556583]
 Average call time: 1.80 sec | Current time: 2019-07-03 11:57:20.795229
 --------------------------
iter: 197 | batch: 0 | nc: 1 | ncalls: 197 | bounds: 0 | eff(%): 39.638 | logz: -1.0e+04 +/- 7.0e-02 | dlogz: 9993.997 >  0.500
 loglike: -1.0e+04 | params: [-0.29989801 -0.07481031  3.08932973  4.40478683 30.66480849]
 Average call time: 1.81 sec | Current time: 2019-07-03 11:57:22.608979
 --------------------------
iter: 198 | batch: 0 | nc: 1 | ncalls: 198 | bounds: 0 | eff(%): 39.759 | logz: -1.0e+04 +/- 7.0e-02 | dlogz: 9993.990 >  0.500
 loglike: -1.0e+04 | params: [-0.46228912 -1.31756294  3.53148366  4.81967418 28.64472607]
 Average call time: 1.77 sec | Current time: 2019-07-03 11:57:24.377623
 --------------------------
iter: 199 | batch: 0 | nc: 1 | ncalls: 199 | bounds: 0 | eff(%): 39.880 | logz: -1.0e+04 +/- 7.0e-02 | dlogz: 9993.983 >  0.500
 loglike: -1.0e+04 | params: [-0.47813634 -0.17899066  5.55833938  0.81482257 30.59585467]
 Average call time: 1.74 sec | Current time: 2019-07-03 11:57:26.119761
 --------------------------
iter: 200 | batch: 0 | nc: 1 | ncalls: 200 | bounds: 0 | eff(%): 40.000 | logz: -1.0e+04 +/- 6.9e-02 | dlogz: 9993.976 >  0.500
 loglike: -1.0e+04 | params: [ 1.61236425e-02 -1.41358029e+00  1.42304863e+00  2.73320396e+00
  3.05434473e+01]
 Average call time: 2.18 sec | Current time: 2019-07-03 11:57:28.295738
 --------------------------
iter: 201 | batch: 0 | nc: 1 | ncalls: 201 | bounds: 0 | eff(%): 40.120 | logz: -1.0e+04 +/- 6.9e-02 | dlogz: 9993.969 >  0.500
 loglike: -1.0e+04 | params: [ 0.19650228 -1.34186339  2.94688082  6.06170536 31.73897011]
 Average call time: 1.80 sec | Current time: 2019-07-03 11:57:30.100550
 --------------------------
iter: 202 | batch: 0 | nc: 1 | ncalls: 202 | bounds: 0 | eff(%): 40.239 | logz: -1.0e+04 +/- 6.9e-02 | dlogz: 9993.962 >  0.500
 loglike: -1.0e+04 | params: [-0.49239057 -0.66067157  3.40515273  2.49914128 32.94471434]
 Average call time: 1.80 sec | Current time: 2019-07-03 11:57:31.897238
 --------------------------
iter: 203 | batch: 0 | nc: 1 | ncalls: 203 | bounds: 0 | eff(%): 40.358 | logz: -1.0e+04 +/- 6.9e-02 | dlogz: 9993.955 >  0.500
 loglike: -1.0e+04 | params: [-0.03847215 -0.24641171  3.29882355  5.096116   32.06557135]
 Average call time: 1.76 sec | Current time: 2019-07-03 11:57:33.655123
 --------------------------
iter: 204 | batch: 0 | nc: 1 | ncalls: 204 | bounds: 0 | eff(%): 40.476 | logz: -1.0e+04 +/- 6.9e-02 | dlogz: 9993.949 >  0.500
 loglike: -1.0e+04 | params: [ 3.26596299e-03 -1.27968460e+00  1.90113884e+00  7.29737886e+00
  3.08679650e+01]
 Average call time: 2.01 sec | Current time: 2019-07-03 11:57:35.665965
 --------------------------
iter: 205 | batch: 0 | nc: 1 | ncalls: 205 | bounds: 0 | eff(%): 40.594 | logz: -1.0e+04 +/- 6.9e-02 | dlogz: 9993.942 >  0.500
 loglike: -1.0e+04 | params: [ 0.18435334 -0.6698045   4.84048414  0.44635875 28.96687331]
 Average call time: 2.04 sec | Current time: 2019-07-03 11:57:37.701619
 --------------------------
iter: 206 | batch: 0 | nc: 1 | ncalls: 206 | bounds: 0 | eff(%): 40.711 | logz: -1.0e+04 +/- 6.8e-02 | dlogz: 9993.935 >  0.500
 loglike: -1.0e+04 | params: [ 0.19126167 -0.62714809  4.60556036  4.97565308 31.55531534]
 Average call time: 1.98 sec | Current time: 2019-07-03 11:57:39.678175
 --------------------------
iter: 207 | batch: 0 | nc: 1 | ncalls: 207 | bounds: 0 | eff(%): 40.828 | logz: -1.0e+04 +/- 6.8e-02 | dlogz: 9993.928 >  0.500
 loglike: -1.0e+04 | params: [ 0.19113674 -0.39046533  2.03976317  7.28755353 30.24503496]
 Average call time: 2.00 sec | Current time: 2019-07-03 11:57:41.680250
 --------------------------
iter: 208 | batch: 0 | nc: 1 | ncalls: 208 | bounds: 0 | eff(%): 40.945 | logz: -1.0e+04 +/- 6.8e-02 | dlogz: 9993.922 >  0.500
 loglike: -1.0e+04 | params: [-1.03079702e-02 -7.78383634e-01  3.81714224e+00  6.63683717e+00
  3.05299199e+01]
 Average call time: 2.02 sec | Current time: 2019-07-03 11:57:43.702354
 --------------------------
iter: 209 | batch: 0 | nc: 1 | ncalls: 209 | bounds: 0 | eff(%): 41.061 | logz: -1.0e+04 +/- 6.8e-02 | dlogz: 9993.915 >  0.500
 loglike: -1.0e+04 | params: [-0.14747558 -0.62386308  1.96056719  7.68848681 29.44955382]
 Average call time: 2.02 sec | Current time: 2019-07-03 11:57:45.720599
 --------------------------
iter: 210 | batch: 0 | nc: 1 | ncalls: 210 | bounds: 0 | eff(%): 41.176 | logz: -1.0e+04 +/- 6.8e-02 | dlogz: 9993.908 >  0.500
 loglike: -1.0e+04 | params: [ 0.1155617  -0.99021489  1.22647081  6.74162476 27.78608764]
 Average call time: 1.85 sec | Current time: 2019-07-03 11:57:47.568875
 --------------------------
iter: 211 | batch: 0 | nc: 1 | ncalls: 211 | bounds: 0 | eff(%): 41.292 | logz: -1.0e+04 +/- 6.8e-02 | dlogz: 9993.902 >  0.500
 loglike: -1.0e+04 | params: [-0.48703656 -1.23457688  3.10306816  1.28644006 28.40458994]
 Average call time: 2.02 sec | Current time: 2019-07-03 11:57:49.589113
 --------------------------
iter: 212 | batch: 0 | nc: 1 | ncalls: 212 | bounds: 0 | eff(%): 41.406 | logz: -1.0e+04 +/- 6.7e-02 | dlogz: 9993.895 >  0.500
 loglike: -1.0e+04 | params: [-0.41362854 -1.06029709  4.82188735  0.6872756  30.77011902]
 Average call time: 1.97 sec | Current time: 2019-07-03 11:57:51.555639
 --------------------------
iter: 213 | batch: 0 | nc: 1 | ncalls: 213 | bounds: 0 | eff(%): 41.520 | logz: -1.0e+04 +/- 6.7e-02 | dlogz: 9993.888 >  0.500
 loglike: -1.0e+04 | params: [-0.37937101 -0.09139437  1.09921569  2.82361442 27.69462584]
 Average call time: 2.03 sec | Current time: 2019-07-03 11:57:53.584099
 --------------------------
iter: 214 | batch: 0 | nc: 1 | ncalls: 214 | bounds: 0 | eff(%): 41.634 | logz: -1.0e+04 +/- 6.7e-02 | dlogz: 9993.882 >  0.500
 loglike: -1.0e+04 | params: [ 0.08634227 -0.36314598  3.38707715  0.35143422 31.4112888 ]
 Average call time: 1.84 sec | Current time: 2019-07-03 11:57:55.421615
 --------------------------
iter: 215 | batch: 0 | nc: 1 | ncalls: 215 | bounds: 0 | eff(%): 41.748 | logz: -1.0e+04 +/- 6.7e-02 | dlogz: 9993.875 >  0.500
 loglike: -1.0e+04 | params: [-2.78378858e-02 -1.25993228e+00  4.10839806e+00  7.17131951e+00
  3.13863396e+01]
 Average call time: 1.82 sec | Current time: 2019-07-03 11:57:57.237808
 --------------------------
iter: 216 | batch: 0 | nc: 1 | ncalls: 216 | bounds: 0 | eff(%): 41.860 | logz: -1.0e+04 +/- 6.7e-02 | dlogz: 9993.869 >  0.500
 loglike: -1.0e+04 | params: [-0.46222653 -1.26832145  3.83270811  0.4236463  29.50451619]
 Average call time: 1.81 sec | Current time: 2019-07-03 11:57:59.049000
 --------------------------
iter: 217 | batch: 0 | nc: 1 | ncalls: 217 | bounds: 0 | eff(%): 41.973 | logz: -1.0e+04 +/- 6.7e-02 | dlogz: 9993.862 >  0.500
 loglike: -1.0e+04 | params: [-0.47244633 -0.09728705  5.96069623  4.4460467  31.90151774]
 Average call time: 1.77 sec | Current time: 2019-07-03 11:58:00.822052
 --------------------------
iter: 218 | batch: 0 | nc: 1 | ncalls: 218 | bounds: 0 | eff(%): 42.085 | logz: -1.0e+04 +/- 6.7e-02 | dlogz: 9993.856 >  0.500
 loglike: -1.0e+04 | params: [-0.2231359  -1.0837225   2.1702194   7.32906608 31.85402003]
 Average call time: 1.80 sec | Current time: 2019-07-03 11:58:02.626057
 --------------------------
iter: 219 | batch: 0 | nc: 1 | ncalls: 219 | bounds: 0 | eff(%): 42.197 | logz: -1.0e+04 +/- 6.6e-02 | dlogz: 9993.849 >  0.500
 loglike: -1.0e+04 | params: [-0.03919789 -0.29411917  4.89333592  3.92616076 27.76433133]
 Average call time: 1.74 sec | Current time: 2019-07-03 11:58:04.369258
 --------------------------
iter: 220 | batch: 0 | nc: 1 | ncalls: 220 | bounds: 0 | eff(%): 42.308 | logz: -1.0e+04 +/- 6.6e-02 | dlogz: 9993.843 >  0.500
 loglike: -1.0e+04 | params: [-0.48084107 -0.1099064   1.58966008  5.15000509 30.03221771]
 Average call time: 2.01 sec | Current time: 2019-07-03 11:58:06.379531
 --------------------------
iter: 221 | batch: 0 | nc: 1 | ncalls: 221 | bounds: 0 | eff(%): 42.418 | logz: -1.0e+04 +/- 6.6e-02 | dlogz: 9993.836 >  0.500
 loglike: -1.0e+04 | params: [-0.19649127 -1.2808996   1.90792422  4.84046076 32.06434826]
 Average call time: 2.01 sec | Current time: 2019-07-03 11:58:08.392012
 --------------------------
iter: 222 | batch: 0 | nc: 1 | ncalls: 222 | bounds: 0 | eff(%): 42.529 | logz: -1.0e+04 +/- 6.6e-02 | dlogz: 9993.830 >  0.500
 loglike: -1.0e+04 | params: [-0.09903825 -1.02354066  4.76809318  1.51671913 30.38099505]
 Average call time: 1.82 sec | Current time: 2019-07-03 11:58:10.215016
 --------------------------
iter: 223 | batch: 0 | nc: 1 | ncalls: 223 | bounds: 0 | eff(%): 42.639 | logz: -1.0e+04 +/- 6.6e-02 | dlogz: 9993.824 >  0.500
 loglike: -1.0e+04 | params: [-1.41821708e-02 -3.42139186e-01  5.22909925e+00  6.66089819e+00
  2.95699521e+01]
 Average call time: 2.06 sec | Current time: 2019-07-03 11:58:12.275691
 --------------------------
iter: 224 | batch: 0 | nc: 1 | ncalls: 224 | bounds: 0 | eff(%): 42.748 | logz: -1.0e+04 +/- 6.6e-02 | dlogz: 9993.817 >  0.500
 loglike: -1.0e+04 | params: [-0.3757811  -0.68283799  5.42185449  5.72326434 30.33822243]
 Average call time: 2.07 sec | Current time: 2019-07-03 11:58:14.345954
 --------------------------
iter: 225 | batch: 0 | nc: 1 | ncalls: 225 | bounds: 0 | eff(%): 42.857 | logz: -1.0e+04 +/- 6.5e-02 | dlogz: 9993.811 >  0.500
 loglike: -1.0e+04 | params: [-1.60743423e-02 -1.45097247e+00  1.98420334e+00  7.21675257e+00
  2.81101426e+01]
 Average call time: 1.99 sec | Current time: 2019-07-03 11:58:16.332855
 --------------------------
iter: 226 | batch: 0 | nc: 1 | ncalls: 226 | bounds: 0 | eff(%): 42.966 | logz: -1.0e+04 +/- 6.5e-02 | dlogz: 9993.805 >  0.500
 loglike: -1.0e+04 | params: [-4.05879405e-01 -2.73640928e-02  2.18860545e+00  7.51587945e+00
  2.96996528e+01]
 Average call time: 2.09 sec | Current time: 2019-07-03 11:58:18.426924
 --------------------------
iter: 227 | batch: 0 | nc: 1 | ncalls: 227 | bounds: 0 | eff(%): 43.074 | logz: -1.0e+04 +/- 6.5e-02 | dlogz: 9993.798 >  0.500
 loglike: -1.0e+04 | params: [-0.0362552  -0.52891423  2.95902976  7.84136273 29.66601377]
 Average call time: 2.05 sec | Current time: 2019-07-03 11:58:20.472080
 --------------------------
iter: 228 | batch: 0 | nc: 1 | ncalls: 228 | bounds: 0 | eff(%): 43.182 | logz: -1.0e+04 +/- 6.5e-02 | dlogz: 9993.792 >  0.500
 loglike: -1.0e+04 | params: [ 0.10575955 -0.04554533  3.91763019  5.22031477 30.6680166 ]
 Average call time: 1.74 sec | Current time: 2019-07-03 11:58:22.216610
 --------------------------
iter: 229 | batch: 0 | nc: 1 | ncalls: 229 | bounds: 0 | eff(%): 43.289 | logz: -1.0e+04 +/- 6.5e-02 | dlogz: 9993.786 >  0.500
 loglike: -1.0e+04 | params: [-1.77847421e-02 -2.54246974e-01  1.30460334e+00  2.33091067e+00
  2.85638003e+01]
 Average call time: 1.78 sec | Current time: 2019-07-03 11:58:23.999997
 --------------------------
iter: 230 | batch: 0 | nc: 1 | ncalls: 230 | bounds: 0 | eff(%): 43.396 | logz: -1.0e+04 +/- 6.5e-02 | dlogz: 9993.779 >  0.500
 loglike: -1.0e+04 | params: [ 0.24690978 -0.50517254  5.08950809  2.24428217 28.75151044]
 Average call time: 7.33 sec | Current time: 2019-07-03 11:58:31.334032
 --------------------------
iter: 231 | batch: 0 | nc: 1 | ncalls: 231 | bounds: 0 | eff(%): 43.503 | logz: -1.0e+04 +/- 6.5e-02 | dlogz: 9993.773 >  0.500
 loglike: -1.0e+04 | params: [ 2.84359811e-02 -1.17181184e+00  5.62433814e+00  3.59291197e+00
  3.24558958e+01]
 Average call time: 2.06 sec | Current time: 2019-07-03 11:58:33.396287
 --------------------------
iter: 232 | batch: 0 | nc: 1 | ncalls: 232 | bounds: 0 | eff(%): 43.609 | logz: -1.0e+04 +/- 6.4e-02 | dlogz: 9993.767 >  0.500
 loglike: -1.0e+04 | params: [-0.37466595 -1.1461353   5.75413985  4.69952382 29.3455955 ]
 Average call time: 2.16 sec | Current time: 2019-07-03 11:58:35.557519
 --------------------------
iter: 233 | batch: 0 | nc: 1 | ncalls: 233 | bounds: 0 | eff(%): 43.715 | logz: -1.0e+04 +/- 6.4e-02 | dlogz: 9993.761 >  0.500
 loglike: -1.0e+04 | params: [-0.12591386 -0.87470517  1.76096256  5.72328638 27.63011458]
 Average call time: 2.03 sec | Current time: 2019-07-03 11:58:37.583579
 --------------------------
iter: 234 | batch: 0 | nc: 1 | ncalls: 234 | bounds: 0 | eff(%): 43.820 | logz: -1.0e+04 +/- 6.4e-02 | dlogz: 9993.755 >  0.500
 loglike: -1.0e+04 | params: [-0.44970202 -0.08450611  4.96503995  6.94369427 29.36391937]
 Average call time: 2.05 sec | Current time: 2019-07-03 11:58:39.635571
 --------------------------
iter: 235 | batch: 0 | nc: 1 | ncalls: 235 | bounds: 0 | eff(%): 43.925 | logz: -1.0e+04 +/- 6.4e-02 | dlogz: 9993.748 >  0.500
 loglike: -1.0e+04 | params: [-0.15752516 -0.49683812  3.37940747  6.26340889 32.07616282]
 Average call time: 2.05 sec | Current time: 2019-07-03 11:58:41.681539
 --------------------------
iter: 236 | batch: 0 | nc: 1 | ncalls: 236 | bounds: 0 | eff(%): 44.030 | logz: -1.0e+04 +/- 6.4e-02 | dlogz: 9993.742 >  0.500
 loglike: -1.0e+04 | params: [ 0.11184044 -1.20303216  1.54618113  5.74265272 29.57031491]
 Average call time: 1.80 sec | Current time: 2019-07-03 11:58:43.484175
 --------------------------
iter: 237 | batch: 0 | nc: 1 | ncalls: 237 | bounds: 0 | eff(%): 44.134 | logz: -1.0e+04 +/- 6.4e-02 | dlogz: 9993.736 >  0.500
 loglike: -1.0e+04 | params: [ 0.22886749 -0.20754179  2.95111319  7.09187487 31.047459  ]
 Average call time: 2.04 sec | Current time: 2019-07-03 11:58:45.525930
 --------------------------
iter: 238 | batch: 0 | nc: 1 | ncalls: 238 | bounds: 0 | eff(%): 44.238 | logz: -1.0e+04 +/- 6.4e-02 | dlogz: 9993.730 >  0.500
 loglike: -1.0e+04 | params: [-0.42077867 -0.63407563  4.27156193  7.73222803 28.1799974 ]
 Average call time: 2.02 sec | Current time: 2019-07-03 11:58:47.548877
 --------------------------
iter: 239 | batch: 0 | nc: 1 | ncalls: 239 | bounds: 0 | eff(%): 44.341 | logz: -1.0e+04 +/- 6.3e-02 | dlogz: 9993.724 >  0.500
 loglike: -1.0e+04 | params: [-0.19243172 -0.78471655  3.54055343  5.06404458 29.32864709]
 Average call time: 1.78 sec | Current time: 2019-07-03 11:58:49.332368
 --------------------------
iter: 240 | batch: 0 | nc: 1 | ncalls: 240 | bounds: 0 | eff(%): 44.444 | logz: -1.0e+04 +/- 6.3e-02 | dlogz: 9993.718 >  0.500
 loglike: -1.0e+04 | params: [-0.4644771  -0.23331461  4.32837898  1.04640653 30.50250278]
 Average call time: 1.96 sec | Current time: 2019-07-03 11:58:51.287814
 --------------------------
iter: 241 | batch: 0 | nc: 1 | ncalls: 241 | bounds: 0 | eff(%): 44.547 | logz: -1.0e+04 +/- 6.3e-02 | dlogz: 9993.712 >  0.500
 loglike: -1.0e+04 | params: [ 2.93800149e-02 -9.32153614e-01  5.08224953e+00  5.14416038e+00
  3.25880033e+01]
 Average call time: 2.00 sec | Current time: 2019-07-03 11:58:53.292473
 --------------------------
iter: 242 | batch: 0 | nc: 1 | ncalls: 242 | bounds: 0 | eff(%): 44.649 | logz: -1.0e+04 +/- 6.3e-02 | dlogz: 9993.706 >  0.500
 loglike: -1.0e+04 | params: [-0.16212322 -0.93006853  1.87102353  2.80856279 29.80591782]
 Average call time: 1.84 sec | Current time: 2019-07-03 11:58:55.137441
 --------------------------
iter: 243 | batch: 0 | nc: 1 | ncalls: 243 | bounds: 0 | eff(%): 44.751 | logz: -1.0e+04 +/- 6.3e-02 | dlogz: 9993.700 >  0.500
 loglike: -1.0e+04 | params: [-0.27247035 -0.12802759  3.20477633  5.51920434 29.34453717]
 Average call time: 2.57 sec | Current time: 2019-07-03 11:58:57.704595
 --------------------------
iter: 244 | batch: 0 | nc: 1 | ncalls: 244 | bounds: 0 | eff(%): 44.853 | logz: -1.0e+04 +/- 6.3e-02 | dlogz: 9993.694 >  0.500
 loglike: -1.0e+04 | params: [ 0.07572918 -1.18054823  4.43592794  5.46587689 32.25242986]
 Average call time: 2.05 sec | Current time: 2019-07-03 11:58:59.750684
 --------------------------
iter: 245 | batch: 0 | nc: 1 | ncalls: 245 | bounds: 0 | eff(%): 44.954 | logz: -1.0e+04 +/- 6.3e-02 | dlogz: 9993.688 >  0.500
 loglike: -1.0e+04 | params: [-0.08771001 -1.314819    2.73232194  3.14413667 27.37184018]
 Average call time: 1.94 sec | Current time: 2019-07-03 11:59:01.695255
 --------------------------
iter: 246 | batch: 0 | nc: 1 | ncalls: 246 | bounds: 0 | eff(%): 45.055 | logz: -1.0e+04 +/- 6.2e-02 | dlogz: 9993.682 >  0.500
 loglike: -1.0e+04 | params: [ 1.13283930e-01 -2.82406396e-02  2.76150289e+00  7.37157914e-01
  3.18345431e+01]
 Average call time: 2.03 sec | Current time: 2019-07-03 11:59:03.729964
 --------------------------
iter: 247 | batch: 0 | nc: 1 | ncalls: 247 | bounds: 0 | eff(%): 45.155 | logz: -1.0e+04 +/- 6.2e-02 | dlogz: 9993.676 >  0.500
 loglike: -1.0e+04 | params: [-0.38382184 -0.92999664  5.91334743  2.23750938 28.36004378]
 Average call time: 1.88 sec | Current time: 2019-07-03 11:59:05.609776
 --------------------------
iter: 248 | batch: 0 | nc: 1 | ncalls: 248 | bounds: 0 | eff(%): 45.255 | logz: -1.0e+04 +/- 6.2e-02 | dlogz: 9993.670 >  0.500
 loglike: -1.0e+04 | params: [-1.39931321e-02 -6.84622259e-01  3.31891702e+00  6.26309386e+00
  3.08513937e+01]
 Average call time: 1.76 sec | Current time: 2019-07-03 11:59:07.371514
 --------------------------
iter: 249 | batch: 0 | nc: 1 | ncalls: 249 | bounds: 0 | eff(%): 45.355 | logz: -1.0e+04 +/- 6.2e-02 | dlogz: 9993.664 >  0.500
 loglike: -1.0e+04 | params: [-0.23338721 -0.92834861  1.96583619  2.76146273 30.76300345]
 Average call time: 2.01 sec | Current time: 2019-07-03 11:59:09.381932
 --------------------------
iter: 250 | batch: 0 | nc: 1 | ncalls: 250 | bounds: 0 | eff(%): 45.455 | logz: -1.0e+04 +/- 6.2e-02 | dlogz: 9993.658 >  0.500
 loglike: -1.0e+04 | params: [-0.09693797 -0.11954337  4.5512451   4.33621167 30.85962552]
 Average call time: 1.85 sec | Current time: 2019-07-03 11:59:11.231015
 --------------------------
iter: 251 | batch: 0 | nc: 1 | ncalls: 251 | bounds: 0 | eff(%): 45.554 | logz: -1.0e+04 +/- 6.2e-02 | dlogz: 9993.652 >  0.500
 loglike: -1.0e+04 | params: [-0.21146308 -1.29466846  5.77014977  2.29236457 31.37086611]
 Average call time: 2.05 sec | Current time: 2019-07-03 11:59:13.280902
 --------------------------
iter: 252 | batch: 0 | nc: 1 | ncalls: 252 | bounds: 0 | eff(%): 45.652 | logz: -1.0e+04 +/- 6.2e-02 | dlogz: 9993.646 >  0.500
 loglike: -1.0e+04 | params: [-0.42924325 -1.15459327  5.49552321  5.5963651  30.02734275]
 Average call time: 2.31 sec | Current time: 2019-07-03 11:59:15.586998
 --------------------------
iter: 253 | batch: 0 | nc: 1 | ncalls: 253 | bounds: 0 | eff(%): 45.750 | logz: -1.0e+04 +/- 6.1e-02 | dlogz: 9993.640 >  0.500
 loglike: -1.0e+04 | params: [-0.37059118 -0.27584573  3.694786    4.15507512 30.52341507]
 Average call time: 2.19 sec | Current time: 2019-07-03 11:59:17.781211
 --------------------------
iter: 254 | batch: 0 | nc: 1 | ncalls: 254 | bounds: 0 | eff(%): 45.848 | logz: -1.0e+04 +/- 6.1e-02 | dlogz: 9993.634 >  0.500
 loglike: -1.0e+04 | params: [-0.19974828 -1.44052684  1.524391    4.87747012 27.44852755]
 Average call time: 2.00 sec | Current time: 2019-07-03 11:59:19.785497
 --------------------------
iter: 255 | batch: 0 | nc: 1 | ncalls: 255 | bounds: 0 | eff(%): 45.946 | logz: -1.0e+04 +/- 6.1e-02 | dlogz: 9993.628 >  0.500
 loglike: -1.0e+04 | params: [-0.17715425 -0.23622111  5.13176534  3.21273315 28.00027563]
 Average call time: 2.05 sec | Current time: 2019-07-03 11:59:21.839261
 --------------------------
