[INFO    ] Setting up logfile :  astrodrizzle.log
[INFO    ] AstroDrizzle Version 2.2.6 (2018-11-02 15:37:13 -0400) started at: 13:00:46.13 (08/04/2019)
[INFO    ] 
[INFO    ] Version Information
[INFO    ] --------------------
[INFO    ] Python Version [GCC 4.2.1 Compatible Clang 4.0.1 (tags/RELEASE_401/final)]
[INFO    ] 3.6.4 |Anaconda custom (64-bit)| (default, Jan 16 2018, 12:04:33) 
[INFO    ] numpy Version -> 1.15.1 
[INFO    ] astropy Version -> 3.1.2 
[INFO    ] stwcs Version -> 1.4.2 
[INFO    ] ==== Processing Step  Initialization  started at  13:00:46.136 (08/04/2019)
[INFO    ] Executing serially
[INFO    ] Setting up output name: ../data/NGC3377/reduced/NGC3377_F850LP_cps_drc.fits
[INFO    ] -Creating imageObject List as input for processing steps.
[WARNING ] /Users/bcook/anaconda/envs/py36/lib/python3.6/site-packages/astropy/wcs/wcs.py:2691: AstropyDeprecationWarning: 
Private attributes "_naxis1" and "_naxis2" have been deprecated since v3.1.
Instead use the "pixel_shape" property which returns a list of NAXISj keyword values.

  warnings.warn(NAXIS_DEPRECATE_MESSAGE, AstropyDeprecationWarning)

[WARNING ] /Users/bcook/anaconda/envs/py36/lib/python3.6/site-packages/astropy/wcs/wcs.py:2701: AstropyDeprecationWarning: 
Private attributes "_naxis1" and "_naxis2" have been deprecated since v3.1.
Instead use the "pixel_shape" property which returns a list of NAXISj keyword values.

  warnings.warn(NAXIS_DEPRECATE_MESSAGE, AstropyDeprecationWarning)

[INFO    ] Reading in MDRIZSKY of 35.69413375854492
[INFO    ] Reading in MDRIZSKY of 35.69413375854492
[WARNING ] /Users/bcook/anaconda/envs/py36/lib/python3.6/site-packages/astropy/wcs/wcs.py:2686: AstropyDeprecationWarning: 
Private attributes "_naxis1" and "_naxis2" have been deprecated since v3.1.
Instead use the "pixel_shape" property which returns a list of NAXISj keyword values.

  warnings.warn(NAXIS_DEPRECATE_MESSAGE, AstropyDeprecationWarning)

[WARNING ] /Users/bcook/anaconda/envs/py36/lib/python3.6/site-packages/astropy/wcs/wcs.py:2696: AstropyDeprecationWarning: 
Private attributes "_naxis1" and "_naxis2" have been deprecated since v3.1.
Instead use the "pixel_shape" property which returns a list of NAXISj keyword values.

  warnings.warn(NAXIS_DEPRECATE_MESSAGE, AstropyDeprecationWarning)

[INFO    ] Reading in MDRIZSKY of 45.87348175048828
[INFO    ] Reading in MDRIZSKY of 45.87348175048828
[INFO    ] Reading in MDRIZSKY of 45.21963500976562
[INFO    ] Reading in MDRIZSKY of 45.21963500976562
[INFO    ] Reading in MDRIZSKY of 44.50444412231445
[INFO    ] Reading in MDRIZSKY of 44.50444412231445
[INFO    ] Reset bit values of 4096 to a value of 0 in /Users/bcook/pCMDs/pixcmd/data/NGC3377/raw/NGC3377_F850LP_EXP1_flc.fits[DQ,1]
[INFO    ] Reset bit values of 4096 to a value of 0 in /Users/bcook/pCMDs/pixcmd/data/NGC3377/raw/NGC3377_F850LP_EXP1_flc.fits[DQ,2]
[INFO    ] Reset bit values of 4096 to a value of 0 in /Users/bcook/pCMDs/pixcmd/data/NGC3377/raw/NGC3377_F850LP_EXP2_flc.fits[DQ,1]
[INFO    ] Reset bit values of 4096 to a value of 0 in /Users/bcook/pCMDs/pixcmd/data/NGC3377/raw/NGC3377_F850LP_EXP2_flc.fits[DQ,2]
[INFO    ] Reset bit values of 4096 to a value of 0 in /Users/bcook/pCMDs/pixcmd/data/NGC3377/raw/NGC3377_F850LP_EXP3_flc.fits[DQ,1]
[INFO    ] Reset bit values of 4096 to a value of 0 in /Users/bcook/pCMDs/pixcmd/data/NGC3377/raw/NGC3377_F850LP_EXP3_flc.fits[DQ,2]
[INFO    ] Reset bit values of 4096 to a value of 0 in /Users/bcook/pCMDs/pixcmd/data/NGC3377/raw/NGC3377_F850LP_EXP4_flc.fits[DQ,1]
[INFO    ] Reset bit values of 4096 to a value of 0 in /Users/bcook/pCMDs/pixcmd/data/NGC3377/raw/NGC3377_F850LP_EXP4_flc.fits[DQ,2]
[INFO    ] -Creating output WCS.
[INFO    ] WCS Keywords
[INFO    ] 
[INFO    ] Number of WCS axes: 2
[INFO    ] CTYPE : 'RA---TAN'  'DEC--TAN'  
[INFO    ] CRVAL : 161.93120769229452  13.985054915265106  
[INFO    ] CRPIX : 2719.3283981967525  2658.1674217488703  
[INFO    ] CD1_1 CD1_2  : -1.388888888888889e-05  -3.5656053071188136e-23  
[INFO    ] CD2_1 CD2_2  : 1.1583319116196527e-22  1.388888888888889e-05  
[INFO    ] NAXIS : 5439  5315
[INFO    ] ********************************************************************************
[INFO    ] *
[INFO    ] *  Estimated memory usage:  up to 1579 Mb.
[INFO    ] *  Output image size:       5439 X 5315 pixels. 
[INFO    ] *  Output image file:       ~ 330 Mb. 
[INFO    ] *  Cores available:         4
[INFO    ] *
[INFO    ] ********************************************************************************
[INFO    ] ==== Processing Step  Initialization  finished at  13:00:49.231 (08/04/2019)
[INFO    ] 
[INFO    ] USER INPUT PARAMETERS common to all Processing Steps:
[INFO    ] 	build :	True
[INFO    ] 	coeffs :	True
[INFO    ] 	context :	True
[INFO    ] 	crbit :	4096
[INFO    ] 	group :	
[INFO    ] 	in_memory :	False
[INFO    ] 	input :	['../data/NGC3377/raw/NGC3377_F850LP_EXP1_flc.fits', '../data/NGC3377/raw/NGC3377_F850LP_EXP2_flc.fits', '../data/NGC3377/raw/NGC3377_F850LP_EXP3_flc.fits', '../data/NGC3377/raw/NGC3377_F850LP_EXP4_flc.fits']
[INFO    ] 	mdriztab :	False
[INFO    ] 	num_cores :	None
[INFO    ] 	output :	../data/NGC3377/reduced/NGC3377_F850LP_cps_drc.fits
[INFO    ] 	proc_unit :	native
[INFO    ] 	resetbits :	4096
[INFO    ] 	runfile :	astrodrizzle.log
[INFO    ] 	stepsize :	10
[INFO    ] 	updatewcs :	False
[INFO    ] 	wcskey :	
[INFO    ] ==== Processing Step  Static Mask  started at  13:00:49.235 (08/04/2019)
[INFO    ] USER INPUT PARAMETERS for Static Mask Step:
[INFO    ] 	static :	True
[INFO    ] 	static_sig :	4.0
[INFO    ] Computing static mask:

[INFO    ]   mode = 30.095385;   rms = 18.982315;   static_sig = 4.00
[INFO    ]   mode = 35.150261;   rms = 42.382805;   static_sig = 4.00
[INFO    ] Computing static mask:

[INFO    ]   mode = 41.150315;   rms = 21.840059;   static_sig = 4.00
[INFO    ]   mode = 48.552382;   rms = 58.867458;   static_sig = 4.00
[INFO    ] Computing static mask:

[INFO    ]   mode = 38.854457;   rms = 21.653923;   static_sig = 4.00
[INFO    ]   mode = 47.733224;   rms = 62.221107;   static_sig = 4.00
[INFO    ] Computing static mask:

[INFO    ]   mode = 40.381497;   rms = 19.752256;   static_sig = 4.00
[INFO    ]   mode = 48.826516;   rms = 66.019028;   static_sig = 4.00
[INFO    ] Saving static mask to disk: ./ACSWFC_2048x4096_1_staticMask.fits
[INFO    ] Saving static mask to disk: ./ACSWFC_2048x4096_2_staticMask.fits
[INFO    ] ==== Processing Step  Static Mask  finished at  13:00:51.383 (08/04/2019)
[INFO    ] 
[INFO    ] ==== Processing Step  Subtract Sky  started at  13:00:51.385 (08/04/2019)
[INFO    ] Sky Subtraction step not performed.
[INFO    ] ==== Processing Step  Subtract Sky  finished at  13:00:51.701 (08/04/2019)
[INFO    ] 
[INFO    ] ==== Processing Step  Separate Drizzle  started at  13:00:51.703 (08/04/2019)
[INFO    ] Interpreted paramDict with single=True as:
{'build': True, 'stepsize': 10, 'coeffs': True, 'wcskey': '', 'kernel': 'turbo', 'wt_scl': 'exptime', 'pixfrac': 1.0, 'fillval': None, 'bits': 0, 'compress': False, 'units': 'cps'}
[INFO    ] USER INPUT PARAMETERS for Separate Drizzle Step:
[INFO    ] 	bits :	0
[INFO    ] 	build :	False
[INFO    ] 	clean :	True
[INFO    ] 	coeffs :	True
[INFO    ] 	compress :	False
[INFO    ] 	crbit :	None
[INFO    ] 	fillval :	None
[INFO    ] 	kernel :	turbo
[INFO    ] 	num_cores :	None
[INFO    ] 	pixfrac :	1.0
[INFO    ] 	proc_unit :	electrons
[INFO    ] 	stepsize :	10
[INFO    ] 	units :	cps
[INFO    ] 	wcskey :	
[INFO    ] 	wht_type :	None
[INFO    ] 	wt_scl :	exptime
[INFO    ]   **Using sub-sampling value of 10 for kernel turbo
[INFO    ] Running Drizzle to create output frame with WCS of: 
[INFO    ] WCS Keywords
[INFO    ] 
[INFO    ] Number of WCS axes: 2
[INFO    ] CTYPE : 'RA---TAN'  'DEC--TAN'  
[INFO    ] CRVAL : 161.93120769229452  13.985054915265106  
[INFO    ] CRPIX : 2117.5  2209.5  
[INFO    ] CD1_1 CD1_2  : -3.940244439621568e-06  -1.3318247194129285e-05  
[INFO    ] CD2_1 CD2_2  : -1.3318247194129285e-05  3.940244439621568e-06  
[INFO    ] NAXIS : 4235  4419
[INFO    ] Executing 4 parallel workers
[INFO    ] -Drizzle input: /Users/bcook/pCMDs/pixcmd/data/NGC3377/raw/NGC3377_F850LP_EXP2_flc.fits[sci,1]
[INFO    ] -Drizzle input: /Users/bcook/pCMDs/pixcmd/data/NGC3377/raw/NGC3377_F850LP_EXP1_flc.fits[sci,1]
[INFO    ] -Drizzle input: /Users/bcook/pCMDs/pixcmd/data/NGC3377/raw/NGC3377_F850LP_EXP3_flc.fits[sci,1]
[INFO    ] -Drizzle input: /Users/bcook/pCMDs/pixcmd/data/NGC3377/raw/NGC3377_F850LP_EXP4_flc.fits[sci,1]
[INFO    ] Using WCSLIB-based coordinate transformation...
[INFO    ] stepsize = 10
[INFO    ] Using WCSLIB-based coordinate transformation...
[INFO    ] stepsize = 10
[INFO    ] Using WCSLIB-based coordinate transformation...
[INFO    ] stepsize = 10
[INFO    ] -Drizzling using kernel = turbo

[INFO    ] Using WCSLIB-based coordinate transformation...
[INFO    ] stepsize = 10
[INFO    ] -Drizzling using kernel = turbo

[INFO    ] -Drizzling using kernel = turbo

[INFO    ] -Drizzling using kernel = turbo

[INFO    ] -Drizzle input: /Users/bcook/pCMDs/pixcmd/data/NGC3377/raw/NGC3377_F850LP_EXP1_flc.fits[sci,2]
[INFO    ] -Drizzle input: /Users/bcook/pCMDs/pixcmd/data/NGC3377/raw/NGC3377_F850LP_EXP3_flc.fits[sci,2]
[INFO    ] -Drizzle input: /Users/bcook/pCMDs/pixcmd/data/NGC3377/raw/NGC3377_F850LP_EXP4_flc.fits[sci,2]
[INFO    ] -Drizzle input: /Users/bcook/pCMDs/pixcmd/data/NGC3377/raw/NGC3377_F850LP_EXP2_flc.fits[sci,2]
[INFO    ] Using WCSLIB-based coordinate transformation...
[INFO    ] stepsize = 10
[INFO    ] -Drizzling using kernel = turbo

[INFO    ] Using WCSLIB-based coordinate transformation...
[INFO    ] stepsize = 10
[INFO    ] Using WCSLIB-based coordinate transformation...
[INFO    ] stepsize = 10
[INFO    ] Using WCSLIB-based coordinate transformation...
[INFO    ] stepsize = 10
[INFO    ] -Drizzling using kernel = turbo

[INFO    ] -Drizzling using kernel = turbo

[INFO    ] -Drizzling using kernel = turbo

[INFO    ] -Generating simple FITS output: /Users/bcook/pCMDs/pixcmd/data/NGC3377/raw/NGC3377_F850LP_EXP1_single_sci.fits
[WARNING ] /Users/bcook/anaconda/envs/py36/lib/python3.6/site-packages/astropy/io/fits/card.py:979: VerifyWarning: Card is too long, comment will be truncated.
  VerifyWarning)

[INFO    ] -Generating simple FITS output: /Users/bcook/pCMDs/pixcmd/data/NGC3377/raw/NGC3377_F850LP_EXP2_single_sci.fits
[INFO    ] -Generating simple FITS output: /Users/bcook/pCMDs/pixcmd/data/NGC3377/raw/NGC3377_F850LP_EXP3_single_sci.fits
[INFO    ] -Generating simple FITS output: /Users/bcook/pCMDs/pixcmd/data/NGC3377/raw/NGC3377_F850LP_EXP4_single_sci.fits
[WARNING ] /Users/bcook/anaconda/envs/py36/lib/python3.6/site-packages/astropy/io/fits/card.py:979: VerifyWarning: Card is too long, comment will be truncated.
  VerifyWarning)

[WARNING ] /Users/bcook/anaconda/envs/py36/lib/python3.6/site-packages/astropy/io/fits/card.py:979: VerifyWarning: Card is too long, comment will be truncated.
  VerifyWarning)

[WARNING ] /Users/bcook/anaconda/envs/py36/lib/python3.6/site-packages/astropy/io/fits/card.py:979: VerifyWarning: Card is too long, comment will be truncated.
  VerifyWarning)

[INFO    ] Writing out image to disk: /Users/bcook/pCMDs/pixcmd/data/NGC3377/raw/NGC3377_F850LP_EXP1_single_sci.fits
[INFO    ] Writing out image to disk: /Users/bcook/pCMDs/pixcmd/data/NGC3377/raw/NGC3377_F850LP_EXP3_single_sci.fits
[INFO    ] Writing out image to disk: /Users/bcook/pCMDs/pixcmd/data/NGC3377/raw/NGC3377_F850LP_EXP4_single_sci.fits
[INFO    ] Writing out image to disk: /Users/bcook/pCMDs/pixcmd/data/NGC3377/raw/NGC3377_F850LP_EXP2_single_sci.fits
[INFO    ] Writing out image to disk: /Users/bcook/pCMDs/pixcmd/data/NGC3377/raw/NGC3377_F850LP_EXP1_single_wht.fits
[INFO    ] Writing out image to disk: /Users/bcook/pCMDs/pixcmd/data/NGC3377/raw/NGC3377_F850LP_EXP4_single_wht.fits
[INFO    ] Writing out image to disk: /Users/bcook/pCMDs/pixcmd/data/NGC3377/raw/NGC3377_F850LP_EXP2_single_wht.fits
[INFO    ] Writing out image to disk: /Users/bcook/pCMDs/pixcmd/data/NGC3377/raw/NGC3377_F850LP_EXP3_single_wht.fits
[INFO    ] ==== Processing Step  Separate Drizzle  finished at  13:01:00.666 (08/04/2019)
[INFO    ] 
[INFO    ] ==== Processing Step  Create Median  started at  13:01:00.672 (08/04/2019)
[INFO    ] USER INPUT PARAMETERS for Create Median Step:
[INFO    ] 	combine_bufsize :	None
[INFO    ] 	combine_grow :	1
[INFO    ] 	combine_hthresh :	None
[INFO    ] 	combine_lthresh :	None
[INFO    ] 	combine_maskpt :	0.3
[INFO    ] 	combine_nhigh :	1
[INFO    ] 	combine_nlow :	0
[INFO    ] 	combine_nsigma :	4 3
[INFO    ] 	combine_type :	median
[INFO    ] 	compress :	False
[INFO    ] 	median :	True
[INFO    ] 	median_newmasks :	True
[INFO    ] 	proc_unit :	native
[INFO    ] reference sky value for image '/Users/bcook/pCMDs/pixcmd/data/NGC3377/raw/NGC3377_F850LP_EXP1_flc.fits' is 35.69413375854492
[INFO    ] reference sky value for image '/Users/bcook/pCMDs/pixcmd/data/NGC3377/raw/NGC3377_F850LP_EXP2_flc.fits' is 45.87348175048828
[INFO    ] reference sky value for image '/Users/bcook/pCMDs/pixcmd/data/NGC3377/raw/NGC3377_F850LP_EXP3_flc.fits' is 45.21963500976562
[INFO    ] reference sky value for image '/Users/bcook/pCMDs/pixcmd/data/NGC3377/raw/NGC3377_F850LP_EXP4_flc.fits' is 44.50444412231445
[INFO    ] Saving output median image to: '../data/NGC3377/reduced/NGC3377_F850LP_cps_med.fits'
[INFO    ] ==== Processing Step  Create Median  finished at  13:01:11.912 (08/04/2019)
[INFO    ] 
[INFO    ] ==== Processing Step  Blot  started at  13:01:11.914 (08/04/2019)
[INFO    ] USER INPUT PARAMETERS for Blot Step:
[INFO    ] 	blot_addsky :	True
[INFO    ] 	blot_interp :	poly5
[INFO    ] 	blot_sinscl :	1.0
[INFO    ] 	blot_skyval :	0.0
[INFO    ] 	coeffs :	True
[INFO    ]     Blot: creating blotted image:  /Users/bcook/pCMDs/pixcmd/data/NGC3377/raw/NGC3377_F850LP_EXP1_flc.fits[sci,1]
[INFO    ] Using default C-based coordinate transformation...
[INFO    ] -Generating simple FITS output: /Users/bcook/pCMDs/pixcmd/data/NGC3377/raw/NGC3377_F850LP_EXP1_sci1_blt.fits
[INFO    ] Writing out image to disk: /Users/bcook/pCMDs/pixcmd/data/NGC3377/raw/NGC3377_F850LP_EXP1_sci1_blt.fits
[INFO    ]     Blot: creating blotted image:  /Users/bcook/pCMDs/pixcmd/data/NGC3377/raw/NGC3377_F850LP_EXP1_flc.fits[sci,2]
[INFO    ] Using default C-based coordinate transformation...
[INFO    ] -Generating simple FITS output: /Users/bcook/pCMDs/pixcmd/data/NGC3377/raw/NGC3377_F850LP_EXP1_sci2_blt.fits
[INFO    ] Writing out image to disk: /Users/bcook/pCMDs/pixcmd/data/NGC3377/raw/NGC3377_F850LP_EXP1_sci2_blt.fits
[INFO    ]     Blot: creating blotted image:  /Users/bcook/pCMDs/pixcmd/data/NGC3377/raw/NGC3377_F850LP_EXP2_flc.fits[sci,1]
[INFO    ] Using default C-based coordinate transformation...
[INFO    ] -Generating simple FITS output: /Users/bcook/pCMDs/pixcmd/data/NGC3377/raw/NGC3377_F850LP_EXP2_sci1_blt.fits
[INFO    ] Writing out image to disk: /Users/bcook/pCMDs/pixcmd/data/NGC3377/raw/NGC3377_F850LP_EXP2_sci1_blt.fits
[INFO    ]     Blot: creating blotted image:  /Users/bcook/pCMDs/pixcmd/data/NGC3377/raw/NGC3377_F850LP_EXP2_flc.fits[sci,2]
[INFO    ] Using default C-based coordinate transformation...
[INFO    ] -Generating simple FITS output: /Users/bcook/pCMDs/pixcmd/data/NGC3377/raw/NGC3377_F850LP_EXP2_sci2_blt.fits
[INFO    ] Writing out image to disk: /Users/bcook/pCMDs/pixcmd/data/NGC3377/raw/NGC3377_F850LP_EXP2_sci2_blt.fits
[INFO    ]     Blot: creating blotted image:  /Users/bcook/pCMDs/pixcmd/data/NGC3377/raw/NGC3377_F850LP_EXP3_flc.fits[sci,1]
[INFO    ] Using default C-based coordinate transformation...
[INFO    ] -Generating simple FITS output: /Users/bcook/pCMDs/pixcmd/data/NGC3377/raw/NGC3377_F850LP_EXP3_sci1_blt.fits
[INFO    ] Writing out image to disk: /Users/bcook/pCMDs/pixcmd/data/NGC3377/raw/NGC3377_F850LP_EXP3_sci1_blt.fits
[INFO    ]     Blot: creating blotted image:  /Users/bcook/pCMDs/pixcmd/data/NGC3377/raw/NGC3377_F850LP_EXP3_flc.fits[sci,2]
[INFO    ] Using default C-based coordinate transformation...
[INFO    ] -Generating simple FITS output: /Users/bcook/pCMDs/pixcmd/data/NGC3377/raw/NGC3377_F850LP_EXP3_sci2_blt.fits
[INFO    ] Writing out image to disk: /Users/bcook/pCMDs/pixcmd/data/NGC3377/raw/NGC3377_F850LP_EXP3_sci2_blt.fits
[INFO    ]     Blot: creating blotted image:  /Users/bcook/pCMDs/pixcmd/data/NGC3377/raw/NGC3377_F850LP_EXP4_flc.fits[sci,1]
[INFO    ] Using default C-based coordinate transformation...
[INFO    ] -Generating simple FITS output: /Users/bcook/pCMDs/pixcmd/data/NGC3377/raw/NGC3377_F850LP_EXP4_sci1_blt.fits
[INFO    ] Writing out image to disk: /Users/bcook/pCMDs/pixcmd/data/NGC3377/raw/NGC3377_F850LP_EXP4_sci1_blt.fits
[INFO    ]     Blot: creating blotted image:  /Users/bcook/pCMDs/pixcmd/data/NGC3377/raw/NGC3377_F850LP_EXP4_flc.fits[sci,2]
[INFO    ] Using default C-based coordinate transformation...
[INFO    ] -Generating simple FITS output: /Users/bcook/pCMDs/pixcmd/data/NGC3377/raw/NGC3377_F850LP_EXP4_sci2_blt.fits
[INFO    ] Writing out image to disk: /Users/bcook/pCMDs/pixcmd/data/NGC3377/raw/NGC3377_F850LP_EXP4_sci2_blt.fits
[INFO    ] ==== Processing Step  Blot  finished at  13:01:30.435 (08/04/2019)
[INFO    ] 
[INFO    ] ==== Processing Step  Driz_CR  started at  13:01:30.437 (08/04/2019)
[INFO    ] USER INPUT PARAMETERS for Driz_CR Step:
[INFO    ] 	crbit :	4096
[INFO    ] 	driz_cr :	True
[INFO    ] 	driz_cr_corr :	False
[INFO    ] 	driz_cr_ctegrow :	0
[INFO    ] 	driz_cr_grow :	1
[INFO    ] 	driz_cr_scale :	1.2 0.7
[INFO    ] 	driz_cr_snr :	3.5 3.0
[INFO    ] 	inmemory :	False
[INFO    ] Executing 4 parallel workers
[INFO    ] Creating output :  /Users/bcook/pCMDs/pixcmd/data/NGC3377/raw/NGC3377_F850LP_EXP3_sci1_crmask.fits
[INFO    ] Creating output :  /Users/bcook/pCMDs/pixcmd/data/NGC3377/raw/NGC3377_F850LP_EXP1_sci1_crmask.fits
[INFO    ] Creating output :  /Users/bcook/pCMDs/pixcmd/data/NGC3377/raw/NGC3377_F850LP_EXP2_sci1_crmask.fits
[INFO    ] Creating output :  /Users/bcook/pCMDs/pixcmd/data/NGC3377/raw/NGC3377_F850LP_EXP4_sci1_crmask.fits
[INFO    ] Creating output :  /Users/bcook/pCMDs/pixcmd/data/NGC3377/raw/NGC3377_F850LP_EXP1_sci2_crmask.fits
[INFO    ] Creating output :  /Users/bcook/pCMDs/pixcmd/data/NGC3377/raw/NGC3377_F850LP_EXP3_sci2_crmask.fits
[INFO    ] Creating output :  /Users/bcook/pCMDs/pixcmd/data/NGC3377/raw/NGC3377_F850LP_EXP4_sci2_crmask.fits
[INFO    ] Creating output :  /Users/bcook/pCMDs/pixcmd/data/NGC3377/raw/NGC3377_F850LP_EXP2_sci2_crmask.fits
[INFO    ] ==== Processing Step  Driz_CR  finished at  13:01:38.55 (08/04/2019)
[INFO    ] 
[INFO    ] ==== Processing Step  Final Drizzle  started at  13:01:38.566 (08/04/2019)
[INFO    ] Interpreted paramDict with single=False as:
{'build': True, 'stepsize': 10, 'coeffs': True, 'wcskey': '', 'wht_type': 'EXP', 'kernel': 'lanczos3', 'wt_scl': 'exptime', 'pixfrac': 1.0, 'fillval': None, 'maskval': None, 'bits': 0, 'units': 'cps'}
[INFO    ] USER INPUT PARAMETERS for Final Drizzle Step:
[INFO    ] 	bits :	0
[INFO    ] 	build :	True
[INFO    ] 	clean :	True
[INFO    ] 	coeffs :	True
[INFO    ] 	crbit :	4096
[INFO    ] 	fillval :	None
[INFO    ] 	kernel :	lanczos3
[INFO    ] 	maskval :	None
[INFO    ] 	pixfrac :	1.0
[INFO    ] 	proc_unit :	native
[INFO    ] 	stepsize :	10
[INFO    ] 	units :	cps
[INFO    ] 	wcskey :	
[INFO    ] 	wht_type :	EXP
[INFO    ] 	wt_scl :	exptime
[INFO    ]   **Using sub-sampling value of 10 for kernel lanczos3
[INFO    ] Running Drizzle to create output frame with WCS of: 
[INFO    ] WCS Keywords
[INFO    ] 
[INFO    ] Number of WCS axes: 2
[INFO    ] CTYPE : 'RA---TAN'  'DEC--TAN'  
[INFO    ] CRVAL : 161.93120769229452  13.985054915265106  
[INFO    ] CRPIX : 2719.3283981967525  2658.1674217488703  
[INFO    ] CD1_1 CD1_2  : -1.388888888888889e-05  -3.5656053071188136e-23  
[INFO    ] CD2_1 CD2_2  : 1.1583319116196527e-22  1.388888888888889e-05  
[INFO    ] NAXIS : 5439  5315
[INFO    ] -Drizzle input: /Users/bcook/pCMDs/pixcmd/data/NGC3377/raw/NGC3377_F850LP_EXP1_flc.fits[sci,1]
[INFO    ] Applying EXPTIME weighting to DQ mask for chip 1
[INFO    ] Using WCSLIB-based coordinate transformation...
[INFO    ] stepsize = 10
[INFO    ] -Drizzling using kernel = lanczos3

[INFO    ] -Drizzle input: /Users/bcook/pCMDs/pixcmd/data/NGC3377/raw/NGC3377_F850LP_EXP1_flc.fits[sci,2]
[INFO    ] Applying EXPTIME weighting to DQ mask for chip 2
[INFO    ] Using WCSLIB-based coordinate transformation...
[INFO    ] stepsize = 10
[INFO    ] -Drizzling using kernel = lanczos3

[INFO    ] -Drizzle input: /Users/bcook/pCMDs/pixcmd/data/NGC3377/raw/NGC3377_F850LP_EXP2_flc.fits[sci,1]
[INFO    ] Applying EXPTIME weighting to DQ mask for chip 1
[INFO    ] Using WCSLIB-based coordinate transformation...
[INFO    ] stepsize = 10
[INFO    ] -Drizzling using kernel = lanczos3

[INFO    ] -Drizzle input: /Users/bcook/pCMDs/pixcmd/data/NGC3377/raw/NGC3377_F850LP_EXP2_flc.fits[sci,2]
[INFO    ] Applying EXPTIME weighting to DQ mask for chip 2
[INFO    ] Using WCSLIB-based coordinate transformation...
[INFO    ] stepsize = 10
[INFO    ] -Drizzling using kernel = lanczos3

[INFO    ] -Drizzle input: /Users/bcook/pCMDs/pixcmd/data/NGC3377/raw/NGC3377_F850LP_EXP3_flc.fits[sci,1]
[INFO    ] Applying EXPTIME weighting to DQ mask for chip 1
[INFO    ] Using WCSLIB-based coordinate transformation...
[INFO    ] stepsize = 10
[INFO    ] -Drizzling using kernel = lanczos3

[INFO    ] -Drizzle input: /Users/bcook/pCMDs/pixcmd/data/NGC3377/raw/NGC3377_F850LP_EXP3_flc.fits[sci,2]
[INFO    ] Applying EXPTIME weighting to DQ mask for chip 2
[INFO    ] Using WCSLIB-based coordinate transformation...
[INFO    ] stepsize = 10
[INFO    ] -Drizzling using kernel = lanczos3

[INFO    ] -Drizzle input: /Users/bcook/pCMDs/pixcmd/data/NGC3377/raw/NGC3377_F850LP_EXP4_flc.fits[sci,1]
[INFO    ] Applying EXPTIME weighting to DQ mask for chip 1
[INFO    ] Using WCSLIB-based coordinate transformation...
[INFO    ] stepsize = 10
[INFO    ] -Drizzling using kernel = lanczos3

[INFO    ] -Drizzle input: /Users/bcook/pCMDs/pixcmd/data/NGC3377/raw/NGC3377_F850LP_EXP4_flc.fits[sci,2]
[INFO    ] Applying EXPTIME weighting to DQ mask for chip 2
[INFO    ] Using WCSLIB-based coordinate transformation...
[INFO    ] stepsize = 10
[INFO    ] -Drizzling using kernel = lanczos3

[INFO    ] -Generating multi-extension output file:  ../data/NGC3377/reduced/NGC3377_F850LP_cps_drc.fits
[INFO    ] Deleted all instances of WCS with key A in extensions [1]
[INFO    ] Deleted all instances of WCS with key B in extensions [1]
[INFO    ] Deleted all instances of WCS with key C in extensions [1]
[INFO    ] Deleted all instances of WCS with key D in extensions [1]
[INFO    ] Deleted all instances of WCS with key E in extensions [1]
[INFO    ] Writing out to disk: ../data/NGC3377/reduced/NGC3377_F850LP_cps_drc.fits
[WARNING ] /Users/bcook/anaconda/envs/py36/lib/python3.6/site-packages/astropy/io/fits/card.py:979: VerifyWarning: Card is too long, comment will be truncated.
  VerifyWarning)

[INFO    ] ==== Processing Step  Final Drizzle  finished at  13:02:56.822 (08/04/2019)
[INFO    ] 
[INFO    ] 
[INFO    ] AstroDrizzle Version 2.2.6 is finished processing at 13:02:56.824 (08/04/2019).
[INFO    ] 
[INFO    ] 
[INFO    ]    --------------------          --------------------
[INFO    ]                    Step          Elapsed time
[INFO    ]    --------------------          --------------------
[INFO    ] 
[INFO    ]          Initialization          3.0953 sec.
[INFO    ]             Static Mask          2.1481 sec.
[INFO    ]            Subtract Sky          0.3161 sec.
[INFO    ]        Separate Drizzle          8.9624 sec.
[INFO    ]           Create Median          11.2405 sec.
[INFO    ]                    Blot          18.5209 sec.
[INFO    ]                 Driz_CR          8.1177 sec.
[INFO    ]           Final Drizzle          78.2555 sec.
[INFO    ]    ====================          ====================
[INFO    ]                   Total          130.6566 sec.
[INFO    ] Removing intermediate files for /Users/bcook/pCMDs/pixcmd/data/NGC3377/raw/NGC3377_F850LP_EXP1_flc.fits
[INFO    ] Removing intermediate files for /Users/bcook/pCMDs/pixcmd/data/NGC3377/raw/NGC3377_F850LP_EXP2_flc.fits
[INFO    ] Removing intermediate files for /Users/bcook/pCMDs/pixcmd/data/NGC3377/raw/NGC3377_F850LP_EXP3_flc.fits
[INFO    ] Removing intermediate files for /Users/bcook/pCMDs/pixcmd/data/NGC3377/raw/NGC3377_F850LP_EXP4_flc.fits
[INFO    ] Trailer file written to:  astrodrizzle.log
[INFO    ] Setting up logfile :  astrodrizzle.log
[INFO    ] AstroDrizzle Version 2.2.6 (2018-11-02 15:37:13 -0400) started at: 13:03:13.781 (08/04/2019)
[INFO    ] 
[INFO    ] Version Information
[INFO    ] --------------------
[INFO    ] Python Version [GCC 4.2.1 Compatible Clang 4.0.1 (tags/RELEASE_401/final)]
[INFO    ] 3.6.4 |Anaconda custom (64-bit)| (default, Jan 16 2018, 12:04:33) 
[INFO    ] numpy Version -> 1.15.1 
[INFO    ] astropy Version -> 3.1.2 
[INFO    ] stwcs Version -> 1.4.2 
[INFO    ] ==== Processing Step  Initialization  started at  13:03:13.784 (08/04/2019)
[INFO    ] Executing serially
[INFO    ] Setting up output name: ../data/NGC3377/reduced/NGC3377_F475W_cps_drc.fits
[INFO    ] -Creating imageObject List as input for processing steps.
[WARNING ] /Users/bcook/anaconda/envs/py36/lib/python3.6/site-packages/astropy/wcs/wcs.py:2691: AstropyDeprecationWarning: 
Private attributes "_naxis1" and "_naxis2" have been deprecated since v3.1.
Instead use the "pixel_shape" property which returns a list of NAXISj keyword values.

  warnings.warn(NAXIS_DEPRECATE_MESSAGE, AstropyDeprecationWarning)

[WARNING ] /Users/bcook/anaconda/envs/py36/lib/python3.6/site-packages/astropy/wcs/wcs.py:2701: AstropyDeprecationWarning: 
Private attributes "_naxis1" and "_naxis2" have been deprecated since v3.1.
Instead use the "pixel_shape" property which returns a list of NAXISj keyword values.

  warnings.warn(NAXIS_DEPRECATE_MESSAGE, AstropyDeprecationWarning)

[INFO    ] Reading in MDRIZSKY of 26.5853099822998
[INFO    ] Reading in MDRIZSKY of 26.5853099822998
[WARNING ] /Users/bcook/anaconda/envs/py36/lib/python3.6/site-packages/astropy/wcs/wcs.py:2686: AstropyDeprecationWarning: 
Private attributes "_naxis1" and "_naxis2" have been deprecated since v3.1.
Instead use the "pixel_shape" property which returns a list of NAXISj keyword values.

  warnings.warn(NAXIS_DEPRECATE_MESSAGE, AstropyDeprecationWarning)

[WARNING ] /Users/bcook/anaconda/envs/py36/lib/python3.6/site-packages/astropy/wcs/wcs.py:2696: AstropyDeprecationWarning: 
Private attributes "_naxis1" and "_naxis2" have been deprecated since v3.1.
Instead use the "pixel_shape" property which returns a list of NAXISj keyword values.

  warnings.warn(NAXIS_DEPRECATE_MESSAGE, AstropyDeprecationWarning)

[INFO    ] Reading in MDRIZSKY of 26.03489685058594
[INFO    ] Reading in MDRIZSKY of 26.03489685058594
[INFO    ] Reading in MDRIZSKY of 26.54254341125488
[INFO    ] Reading in MDRIZSKY of 26.54254341125488
[INFO    ] Reading in MDRIZSKY of 26.32135009765625
[INFO    ] Reading in MDRIZSKY of 26.32135009765625
[INFO    ] Reset bit values of 4096 to a value of 0 in /Users/bcook/pCMDs/pixcmd/data/NGC3377/raw/NGC3377_F475W_EXP1_flc.fits[DQ,1]
[INFO    ] Reset bit values of 4096 to a value of 0 in /Users/bcook/pCMDs/pixcmd/data/NGC3377/raw/NGC3377_F475W_EXP1_flc.fits[DQ,2]
[INFO    ] Reset bit values of 4096 to a value of 0 in /Users/bcook/pCMDs/pixcmd/data/NGC3377/raw/NGC3377_F475W_EXP2_flc.fits[DQ,1]
[INFO    ] Reset bit values of 4096 to a value of 0 in /Users/bcook/pCMDs/pixcmd/data/NGC3377/raw/NGC3377_F475W_EXP2_flc.fits[DQ,2]
[INFO    ] Reset bit values of 4096 to a value of 0 in /Users/bcook/pCMDs/pixcmd/data/NGC3377/raw/NGC3377_F475W_EXP3_flc.fits[DQ,1]
[INFO    ] Reset bit values of 4096 to a value of 0 in /Users/bcook/pCMDs/pixcmd/data/NGC3377/raw/NGC3377_F475W_EXP3_flc.fits[DQ,2]
[INFO    ] Reset bit values of 4096 to a value of 0 in /Users/bcook/pCMDs/pixcmd/data/NGC3377/raw/NGC3377_F475W_EXP4_flc.fits[DQ,1]
[INFO    ] Reset bit values of 4096 to a value of 0 in /Users/bcook/pCMDs/pixcmd/data/NGC3377/raw/NGC3377_F475W_EXP4_flc.fits[DQ,2]
[INFO    ] -Creating output WCS.
[INFO    ] WCS Keywords
[INFO    ] 
[INFO    ] Number of WCS axes: 2
[INFO    ] CTYPE : 'RA---TAN'  'DEC--TAN'  
[INFO    ] CRVAL : 161.93120356865646  13.98504998322756  
[INFO    ] CRPIX : 2719.6660063730997  2657.8298137332367  
[INFO    ] CD1_1 CD1_2  : -1.3888888888888891e-05  2.754200455758558e-22  
[INFO    ] CD2_1 CD2_2  : 2.851008644431261e-22  1.3888888888888891e-05  
[INFO    ] NAXIS : 5440  5314
[INFO    ] ********************************************************************************
[INFO    ] *
[INFO    ] *  Estimated memory usage:  up to 1579 Mb.
[INFO    ] *  Output image size:       5440 X 5314 pixels. 
[INFO    ] *  Output image file:       ~ 330 Mb. 
[INFO    ] *  Cores available:         4
[INFO    ] *
[INFO    ] ********************************************************************************
[INFO    ] ==== Processing Step  Initialization  finished at  13:03:17.349 (08/04/2019)
[INFO    ] 
[INFO    ] USER INPUT PARAMETERS common to all Processing Steps:
[INFO    ] 	build :	True
[INFO    ] 	coeffs :	True
[INFO    ] 	context :	True
[INFO    ] 	crbit :	4096
[INFO    ] 	group :	
[INFO    ] 	in_memory :	False
[INFO    ] 	input :	['../data/NGC3377/raw/NGC3377_F475W_EXP1_flc.fits', '../data/NGC3377/raw/NGC3377_F475W_EXP2_flc.fits', '../data/NGC3377/raw/NGC3377_F475W_EXP3_flc.fits', '../data/NGC3377/raw/NGC3377_F475W_EXP4_flc.fits']
[INFO    ] 	mdriztab :	False
[INFO    ] 	num_cores :	None
[INFO    ] 	output :	../data/NGC3377/reduced/NGC3377_F475W_cps_drc.fits
[INFO    ] 	proc_unit :	native
[INFO    ] 	resetbits :	4096
[INFO    ] 	runfile :	astrodrizzle.log
[INFO    ] 	stepsize :	10
[INFO    ] 	updatewcs :	False
[INFO    ] 	wcskey :	
[INFO    ] ==== Processing Step  Static Mask  started at  13:03:17.353 (08/04/2019)
[INFO    ] USER INPUT PARAMETERS for Static Mask Step:
[INFO    ] 	static :	True
[INFO    ] 	static_sig :	4.0
[INFO    ] Computing static mask:

[INFO    ]   mode = 24.095544;   rms = 12.014380;   static_sig = 4.00
[INFO    ]   mode = 27.592756;   rms = 23.374756;   static_sig = 4.00
[INFO    ] Computing static mask:

[INFO    ]   mode = 23.652989;   rms = 11.630259;   static_sig = 4.00
[INFO    ]   mode = 27.816292;   rms = 24.397226;   static_sig = 4.00
[INFO    ] Computing static mask:

[INFO    ]   mode = 24.026646;   rms = 11.449647;   static_sig = 4.00
[INFO    ]   mode = 29.561378;   rms = 25.558558;   static_sig = 4.00
[INFO    ] Computing static mask:

[INFO    ]   mode = 24.361916;   rms = 10.695220;   static_sig = 4.00
[INFO    ]   mode = 29.728209;   rms = 26.568375;   static_sig = 4.00
[INFO    ] Saving static mask to disk: ./ACSWFC_2048x4096_1_staticMask.fits
[INFO    ] Saving static mask to disk: ./ACSWFC_2048x4096_2_staticMask.fits
[INFO    ] ==== Processing Step  Static Mask  finished at  13:03:19.482 (08/04/2019)
[INFO    ] 
[INFO    ] ==== Processing Step  Subtract Sky  started at  13:03:19.484 (08/04/2019)
[INFO    ] Sky Subtraction step not performed.
[INFO    ] ==== Processing Step  Subtract Sky  finished at  13:03:19.826 (08/04/2019)
[INFO    ] 
[INFO    ] ==== Processing Step  Separate Drizzle  started at  13:03:19.828 (08/04/2019)
[INFO    ] Interpreted paramDict with single=True as:
{'build': True, 'stepsize': 10, 'coeffs': True, 'wcskey': '', 'kernel': 'turbo', 'wt_scl': 'exptime', 'pixfrac': 1.0, 'fillval': None, 'bits': 0, 'compress': False, 'units': 'cps'}
[INFO    ] USER INPUT PARAMETERS for Separate Drizzle Step:
[INFO    ] 	bits :	0
[INFO    ] 	build :	False
[INFO    ] 	clean :	True
[INFO    ] 	coeffs :	True
[INFO    ] 	compress :	False
[INFO    ] 	crbit :	None
[INFO    ] 	fillval :	None
[INFO    ] 	kernel :	turbo
[INFO    ] 	num_cores :	None
[INFO    ] 	pixfrac :	1.0
[INFO    ] 	proc_unit :	electrons
[INFO    ] 	stepsize :	10
[INFO    ] 	units :	cps
[INFO    ] 	wcskey :	
[INFO    ] 	wht_type :	None
[INFO    ] 	wt_scl :	exptime
[INFO    ]   **Using sub-sampling value of 10 for kernel turbo
[INFO    ] Running Drizzle to create output frame with WCS of: 
[INFO    ] WCS Keywords
[INFO    ] 
[INFO    ] Number of WCS axes: 2
[INFO    ] CTYPE : 'RA---TAN'  'DEC--TAN'  
[INFO    ] CRVAL : 161.93120356865646  13.98504998322756  
[INFO    ] CRPIX : 2117.0  2210.0  
[INFO    ] CD1_1 CD1_2  : -3.940244440354415e-06  -1.3318247193912472e-05  
[INFO    ] CD2_1 CD2_2  : -1.3318247193912472e-05  3.940244440354415e-06  
[INFO    ] NAXIS : 4234  4420
[INFO    ] Executing 4 parallel workers
[INFO    ] -Drizzle input: /Users/bcook/pCMDs/pixcmd/data/NGC3377/raw/NGC3377_F475W_EXP1_flc.fits[sci,1]
[INFO    ] -Drizzle input: /Users/bcook/pCMDs/pixcmd/data/NGC3377/raw/NGC3377_F475W_EXP2_flc.fits[sci,1]
[INFO    ] -Drizzle input: /Users/bcook/pCMDs/pixcmd/data/NGC3377/raw/NGC3377_F475W_EXP3_flc.fits[sci,1]
[INFO    ] -Drizzle input: /Users/bcook/pCMDs/pixcmd/data/NGC3377/raw/NGC3377_F475W_EXP4_flc.fits[sci,1]
[INFO    ] Using WCSLIB-based coordinate transformation...
[INFO    ] stepsize = 10
[INFO    ] Using WCSLIB-based coordinate transformation...
[INFO    ] stepsize = 10
[INFO    ] Using WCSLIB-based coordinate transformation...
[INFO    ] stepsize = 10
[INFO    ] Using WCSLIB-based coordinate transformation...
[INFO    ] stepsize = 10
[INFO    ] -Drizzling using kernel = turbo

[INFO    ] -Drizzling using kernel = turbo

[INFO    ] -Drizzling using kernel = turbo

[INFO    ] -Drizzling using kernel = turbo

[INFO    ] -Drizzle input: /Users/bcook/pCMDs/pixcmd/data/NGC3377/raw/NGC3377_F475W_EXP3_flc.fits[sci,2]
[INFO    ] -Drizzle input: /Users/bcook/pCMDs/pixcmd/data/NGC3377/raw/NGC3377_F475W_EXP4_flc.fits[sci,2]
[INFO    ] -Drizzle input: /Users/bcook/pCMDs/pixcmd/data/NGC3377/raw/NGC3377_F475W_EXP2_flc.fits[sci,2]
[INFO    ] -Drizzle input: /Users/bcook/pCMDs/pixcmd/data/NGC3377/raw/NGC3377_F475W_EXP1_flc.fits[sci,2]
[INFO    ] Using WCSLIB-based coordinate transformation...
[INFO    ] stepsize = 10
[INFO    ] Using WCSLIB-based coordinate transformation...
[INFO    ] stepsize = 10
[INFO    ] Using WCSLIB-based coordinate transformation...
[INFO    ] stepsize = 10
[INFO    ] Using WCSLIB-based coordinate transformation...
[INFO    ] stepsize = 10
[INFO    ] -Drizzling using kernel = turbo

[INFO    ] -Drizzling using kernel = turbo

[INFO    ] -Drizzling using kernel = turbo

[INFO    ] -Drizzling using kernel = turbo

[INFO    ] -Generating simple FITS output: /Users/bcook/pCMDs/pixcmd/data/NGC3377/raw/NGC3377_F475W_EXP2_single_sci.fits
[INFO    ] -Generating simple FITS output: /Users/bcook/pCMDs/pixcmd/data/NGC3377/raw/NGC3377_F475W_EXP3_single_sci.fits
[INFO    ] -Generating simple FITS output: /Users/bcook/pCMDs/pixcmd/data/NGC3377/raw/NGC3377_F475W_EXP4_single_sci.fits
[INFO    ] -Generating simple FITS output: /Users/bcook/pCMDs/pixcmd/data/NGC3377/raw/NGC3377_F475W_EXP1_single_sci.fits
[WARNING ] /Users/bcook/anaconda/envs/py36/lib/python3.6/site-packages/astropy/io/fits/card.py:979: VerifyWarning: Card is too long, comment will be truncated.
  VerifyWarning)

[WARNING ] /Users/bcook/anaconda/envs/py36/lib/python3.6/site-packages/astropy/io/fits/card.py:979: VerifyWarning: Card is too long, comment will be truncated.
  VerifyWarning)

[WARNING ] /Users/bcook/anaconda/envs/py36/lib/python3.6/site-packages/astropy/io/fits/card.py:979: VerifyWarning: Card is too long, comment will be truncated.
  VerifyWarning)

[WARNING ] /Users/bcook/anaconda/envs/py36/lib/python3.6/site-packages/astropy/io/fits/card.py:979: VerifyWarning: Card is too long, comment will be truncated.
  VerifyWarning)

[INFO    ] Writing out image to disk: /Users/bcook/pCMDs/pixcmd/data/NGC3377/raw/NGC3377_F475W_EXP2_single_sci.fits
[INFO    ] Writing out image to disk: /Users/bcook/pCMDs/pixcmd/data/NGC3377/raw/NGC3377_F475W_EXP3_single_sci.fits
[INFO    ] Writing out image to disk: /Users/bcook/pCMDs/pixcmd/data/NGC3377/raw/NGC3377_F475W_EXP4_single_sci.fits
[INFO    ] Writing out image to disk: /Users/bcook/pCMDs/pixcmd/data/NGC3377/raw/NGC3377_F475W_EXP1_single_sci.fits
[INFO    ] Writing out image to disk: /Users/bcook/pCMDs/pixcmd/data/NGC3377/raw/NGC3377_F475W_EXP2_single_wht.fits
[INFO    ] Writing out image to disk: /Users/bcook/pCMDs/pixcmd/data/NGC3377/raw/NGC3377_F475W_EXP3_single_wht.fits
[INFO    ] Writing out image to disk: /Users/bcook/pCMDs/pixcmd/data/NGC3377/raw/NGC3377_F475W_EXP4_single_wht.fits
[INFO    ] Writing out image to disk: /Users/bcook/pCMDs/pixcmd/data/NGC3377/raw/NGC3377_F475W_EXP1_single_wht.fits
[INFO    ] ==== Processing Step  Separate Drizzle  finished at  13:03:28.071 (08/04/2019)
[INFO    ] 
[INFO    ] ==== Processing Step  Create Median  started at  13:03:28.079 (08/04/2019)
[INFO    ] USER INPUT PARAMETERS for Create Median Step:
[INFO    ] 	combine_bufsize :	None
[INFO    ] 	combine_grow :	1
[INFO    ] 	combine_hthresh :	None
[INFO    ] 	combine_lthresh :	None
[INFO    ] 	combine_maskpt :	0.3
[INFO    ] 	combine_nhigh :	1
[INFO    ] 	combine_nlow :	0
[INFO    ] 	combine_nsigma :	4 3
[INFO    ] 	combine_type :	median
[INFO    ] 	compress :	False
[INFO    ] 	median :	True
[INFO    ] 	median_newmasks :	True
[INFO    ] 	proc_unit :	native
[INFO    ] reference sky value for image '/Users/bcook/pCMDs/pixcmd/data/NGC3377/raw/NGC3377_F475W_EXP1_flc.fits' is 26.5853099822998
[INFO    ] reference sky value for image '/Users/bcook/pCMDs/pixcmd/data/NGC3377/raw/NGC3377_F475W_EXP2_flc.fits' is 26.03489685058594
[INFO    ] reference sky value for image '/Users/bcook/pCMDs/pixcmd/data/NGC3377/raw/NGC3377_F475W_EXP3_flc.fits' is 26.54254341125488
[INFO    ] reference sky value for image '/Users/bcook/pCMDs/pixcmd/data/NGC3377/raw/NGC3377_F475W_EXP4_flc.fits' is 26.32135009765625
[INFO    ] Saving output median image to: '../data/NGC3377/reduced/NGC3377_F475W_cps_med.fits'
[INFO    ] ==== Processing Step  Create Median  finished at  13:03:38.440 (08/04/2019)
[INFO    ] 
[INFO    ] ==== Processing Step  Blot  started at  13:03:38.442 (08/04/2019)
[INFO    ] USER INPUT PARAMETERS for Blot Step:
[INFO    ] 	blot_addsky :	True
[INFO    ] 	blot_interp :	poly5
[INFO    ] 	blot_sinscl :	1.0
[INFO    ] 	blot_skyval :	0.0
[INFO    ] 	coeffs :	True
[INFO    ]     Blot: creating blotted image:  /Users/bcook/pCMDs/pixcmd/data/NGC3377/raw/NGC3377_F475W_EXP1_flc.fits[sci,1]
[INFO    ] Using default C-based coordinate transformation...
[INFO    ] -Generating simple FITS output: /Users/bcook/pCMDs/pixcmd/data/NGC3377/raw/NGC3377_F475W_EXP1_sci1_blt.fits
[INFO    ] Writing out image to disk: /Users/bcook/pCMDs/pixcmd/data/NGC3377/raw/NGC3377_F475W_EXP1_sci1_blt.fits
[INFO    ]     Blot: creating blotted image:  /Users/bcook/pCMDs/pixcmd/data/NGC3377/raw/NGC3377_F475W_EXP1_flc.fits[sci,2]
[INFO    ] Using default C-based coordinate transformation...
[INFO    ] -Generating simple FITS output: /Users/bcook/pCMDs/pixcmd/data/NGC3377/raw/NGC3377_F475W_EXP1_sci2_blt.fits
[INFO    ] Writing out image to disk: /Users/bcook/pCMDs/pixcmd/data/NGC3377/raw/NGC3377_F475W_EXP1_sci2_blt.fits
[INFO    ]     Blot: creating blotted image:  /Users/bcook/pCMDs/pixcmd/data/NGC3377/raw/NGC3377_F475W_EXP2_flc.fits[sci,1]
[INFO    ] Using default C-based coordinate transformation...
[INFO    ] -Generating simple FITS output: /Users/bcook/pCMDs/pixcmd/data/NGC3377/raw/NGC3377_F475W_EXP2_sci1_blt.fits
[INFO    ] Writing out image to disk: /Users/bcook/pCMDs/pixcmd/data/NGC3377/raw/NGC3377_F475W_EXP2_sci1_blt.fits
[INFO    ]     Blot: creating blotted image:  /Users/bcook/pCMDs/pixcmd/data/NGC3377/raw/NGC3377_F475W_EXP2_flc.fits[sci,2]
[INFO    ] Using default C-based coordinate transformation...
[INFO    ] -Generating simple FITS output: /Users/bcook/pCMDs/pixcmd/data/NGC3377/raw/NGC3377_F475W_EXP2_sci2_blt.fits
[INFO    ] Writing out image to disk: /Users/bcook/pCMDs/pixcmd/data/NGC3377/raw/NGC3377_F475W_EXP2_sci2_blt.fits
[INFO    ]     Blot: creating blotted image:  /Users/bcook/pCMDs/pixcmd/data/NGC3377/raw/NGC3377_F475W_EXP3_flc.fits[sci,1]
[INFO    ] Using default C-based coordinate transformation...
[INFO    ] -Generating simple FITS output: /Users/bcook/pCMDs/pixcmd/data/NGC3377/raw/NGC3377_F475W_EXP3_sci1_blt.fits
[INFO    ] Writing out image to disk: /Users/bcook/pCMDs/pixcmd/data/NGC3377/raw/NGC3377_F475W_EXP3_sci1_blt.fits
[INFO    ]     Blot: creating blotted image:  /Users/bcook/pCMDs/pixcmd/data/NGC3377/raw/NGC3377_F475W_EXP3_flc.fits[sci,2]
[INFO    ] Using default C-based coordinate transformation...
[INFO    ] -Generating simple FITS output: /Users/bcook/pCMDs/pixcmd/data/NGC3377/raw/NGC3377_F475W_EXP3_sci2_blt.fits
[INFO    ] Writing out image to disk: /Users/bcook/pCMDs/pixcmd/data/NGC3377/raw/NGC3377_F475W_EXP3_sci2_blt.fits
[INFO    ]     Blot: creating blotted image:  /Users/bcook/pCMDs/pixcmd/data/NGC3377/raw/NGC3377_F475W_EXP4_flc.fits[sci,1]
[INFO    ] Using default C-based coordinate transformation...
[INFO    ] -Generating simple FITS output: /Users/bcook/pCMDs/pixcmd/data/NGC3377/raw/NGC3377_F475W_EXP4_sci1_blt.fits
[INFO    ] Writing out image to disk: /Users/bcook/pCMDs/pixcmd/data/NGC3377/raw/NGC3377_F475W_EXP4_sci1_blt.fits
[INFO    ]     Blot: creating blotted image:  /Users/bcook/pCMDs/pixcmd/data/NGC3377/raw/NGC3377_F475W_EXP4_flc.fits[sci,2]
[INFO    ] Using default C-based coordinate transformation...
[INFO    ] -Generating simple FITS output: /Users/bcook/pCMDs/pixcmd/data/NGC3377/raw/NGC3377_F475W_EXP4_sci2_blt.fits
[INFO    ] Writing out image to disk: /Users/bcook/pCMDs/pixcmd/data/NGC3377/raw/NGC3377_F475W_EXP4_sci2_blt.fits
[INFO    ] ==== Processing Step  Blot  finished at  13:03:57.195 (08/04/2019)
[INFO    ] 
[INFO    ] ==== Processing Step  Driz_CR  started at  13:03:57.196 (08/04/2019)
[INFO    ] USER INPUT PARAMETERS for Driz_CR Step:
[INFO    ] 	crbit :	4096
[INFO    ] 	driz_cr :	True
[INFO    ] 	driz_cr_corr :	False
[INFO    ] 	driz_cr_ctegrow :	0
[INFO    ] 	driz_cr_grow :	1
[INFO    ] 	driz_cr_scale :	1.2 0.7
[INFO    ] 	driz_cr_snr :	3.5 3.0
[INFO    ] 	inmemory :	False
[INFO    ] Executing 4 parallel workers
[INFO    ] Creating output :  /Users/bcook/pCMDs/pixcmd/data/NGC3377/raw/NGC3377_F475W_EXP1_sci1_crmask.fits
[INFO    ] Creating output :  /Users/bcook/pCMDs/pixcmd/data/NGC3377/raw/NGC3377_F475W_EXP2_sci1_crmask.fits
[INFO    ] Creating output :  /Users/bcook/pCMDs/pixcmd/data/NGC3377/raw/NGC3377_F475W_EXP3_sci1_crmask.fits
[INFO    ] Creating output :  /Users/bcook/pCMDs/pixcmd/data/NGC3377/raw/NGC3377_F475W_EXP4_sci1_crmask.fits
[INFO    ] Creating output :  /Users/bcook/pCMDs/pixcmd/data/NGC3377/raw/NGC3377_F475W_EXP1_sci2_crmask.fits
[INFO    ] Creating output :  /Users/bcook/pCMDs/pixcmd/data/NGC3377/raw/NGC3377_F475W_EXP2_sci2_crmask.fits
[INFO    ] Creating output :  /Users/bcook/pCMDs/pixcmd/data/NGC3377/raw/NGC3377_F475W_EXP3_sci2_crmask.fits
[INFO    ] Creating output :  /Users/bcook/pCMDs/pixcmd/data/NGC3377/raw/NGC3377_F475W_EXP4_sci2_crmask.fits
[INFO    ] ==== Processing Step  Driz_CR  finished at  13:04:03.806 (08/04/2019)
[INFO    ] 
[INFO    ] ==== Processing Step  Final Drizzle  started at  13:04:03.819 (08/04/2019)
[INFO    ] Interpreted paramDict with single=False as:
{'build': True, 'stepsize': 10, 'coeffs': True, 'wcskey': '', 'wht_type': 'EXP', 'kernel': 'lanczos3', 'wt_scl': 'exptime', 'pixfrac': 1.0, 'fillval': None, 'maskval': None, 'bits': 0, 'units': 'cps'}
[INFO    ] USER INPUT PARAMETERS for Final Drizzle Step:
[INFO    ] 	bits :	0
[INFO    ] 	build :	True
[INFO    ] 	clean :	True
[INFO    ] 	coeffs :	True
[INFO    ] 	crbit :	4096
[INFO    ] 	fillval :	None
[INFO    ] 	kernel :	lanczos3
[INFO    ] 	maskval :	None
[INFO    ] 	pixfrac :	1.0
[INFO    ] 	proc_unit :	native
[INFO    ] 	stepsize :	10
[INFO    ] 	units :	cps
[INFO    ] 	wcskey :	
[INFO    ] 	wht_type :	EXP
[INFO    ] 	wt_scl :	exptime
[INFO    ]   **Using sub-sampling value of 10 for kernel lanczos3
[INFO    ] Running Drizzle to create output frame with WCS of: 
[INFO    ] WCS Keywords
[INFO    ] 
[INFO    ] Number of WCS axes: 2
[INFO    ] CTYPE : 'RA---TAN'  'DEC--TAN'  
[INFO    ] CRVAL : 161.93120356865646  13.98504998322756  
[INFO    ] CRPIX : 2719.6660063730997  2657.8298137332367  
[INFO    ] CD1_1 CD1_2  : -1.3888888888888891e-05  2.754200455758558e-22  
[INFO    ] CD2_1 CD2_2  : 2.851008644431261e-22  1.3888888888888891e-05  
[INFO    ] NAXIS : 5440  5314
[INFO    ] -Drizzle input: /Users/bcook/pCMDs/pixcmd/data/NGC3377/raw/NGC3377_F475W_EXP1_flc.fits[sci,1]
[INFO    ] Applying EXPTIME weighting to DQ mask for chip 1
[INFO    ] Using WCSLIB-based coordinate transformation...
[INFO    ] stepsize = 10
[INFO    ] -Drizzling using kernel = lanczos3

[INFO    ] -Drizzle input: /Users/bcook/pCMDs/pixcmd/data/NGC3377/raw/NGC3377_F475W_EXP1_flc.fits[sci,2]
[INFO    ] Applying EXPTIME weighting to DQ mask for chip 2
[INFO    ] Using WCSLIB-based coordinate transformation...
[INFO    ] stepsize = 10
[INFO    ] -Drizzling using kernel = lanczos3

[INFO    ] -Drizzle input: /Users/bcook/pCMDs/pixcmd/data/NGC3377/raw/NGC3377_F475W_EXP2_flc.fits[sci,1]
[INFO    ] Applying EXPTIME weighting to DQ mask for chip 1
[INFO    ] Using WCSLIB-based coordinate transformation...
[INFO    ] stepsize = 10
[INFO    ] -Drizzling using kernel = lanczos3

[INFO    ] -Drizzle input: /Users/bcook/pCMDs/pixcmd/data/NGC3377/raw/NGC3377_F475W_EXP2_flc.fits[sci,2]
[INFO    ] Applying EXPTIME weighting to DQ mask for chip 2
[INFO    ] Using WCSLIB-based coordinate transformation...
[INFO    ] stepsize = 10
[INFO    ] -Drizzling using kernel = lanczos3

[INFO    ] -Drizzle input: /Users/bcook/pCMDs/pixcmd/data/NGC3377/raw/NGC3377_F475W_EXP3_flc.fits[sci,1]
[INFO    ] Applying EXPTIME weighting to DQ mask for chip 1
[INFO    ] Using WCSLIB-based coordinate transformation...
[INFO    ] stepsize = 10
[INFO    ] -Drizzling using kernel = lanczos3

[INFO    ] -Drizzle input: /Users/bcook/pCMDs/pixcmd/data/NGC3377/raw/NGC3377_F475W_EXP3_flc.fits[sci,2]
[INFO    ] Applying EXPTIME weighting to DQ mask for chip 2
[INFO    ] Using WCSLIB-based coordinate transformation...
[INFO    ] stepsize = 10
[INFO    ] -Drizzling using kernel = lanczos3

[INFO    ] -Drizzle input: /Users/bcook/pCMDs/pixcmd/data/NGC3377/raw/NGC3377_F475W_EXP4_flc.fits[sci,1]
[INFO    ] Applying EXPTIME weighting to DQ mask for chip 1
[INFO    ] Using WCSLIB-based coordinate transformation...
[INFO    ] stepsize = 10
[INFO    ] -Drizzling using kernel = lanczos3

[INFO    ] -Drizzle input: /Users/bcook/pCMDs/pixcmd/data/NGC3377/raw/NGC3377_F475W_EXP4_flc.fits[sci,2]
[INFO    ] Applying EXPTIME weighting to DQ mask for chip 2
[INFO    ] Using WCSLIB-based coordinate transformation...
[INFO    ] stepsize = 10
[INFO    ] -Drizzling using kernel = lanczos3

[INFO    ] -Generating multi-extension output file:  ../data/NGC3377/reduced/NGC3377_F475W_cps_drc.fits
[INFO    ] Deleted all instances of WCS with key A in extensions [1]
[INFO    ] Deleted all instances of WCS with key B in extensions [1]
[INFO    ] Deleted all instances of WCS with key C in extensions [1]
[INFO    ] Deleted all instances of WCS with key D in extensions [1]
[INFO    ] Deleted all instances of WCS with key E in extensions [1]
[INFO    ] Deleted all instances of WCS with key F in extensions [1]
[INFO    ] Deleted all instances of WCS with key G in extensions [1]
[INFO    ] Deleted all instances of WCS with key H in extensions [1]
[INFO    ] Writing out to disk: ../data/NGC3377/reduced/NGC3377_F475W_cps_drc.fits
[WARNING ] /Users/bcook/anaconda/envs/py36/lib/python3.6/site-packages/astropy/io/fits/card.py:979: VerifyWarning: Card is too long, comment will be truncated.
  VerifyWarning)

[INFO    ] ==== Processing Step  Final Drizzle  finished at  13:05:21.025 (08/04/2019)
[INFO    ] 
[INFO    ] 
[INFO    ] AstroDrizzle Version 2.2.6 is finished processing at 13:05:21.035 (08/04/2019).
[INFO    ] 
[INFO    ] 
[INFO    ]    --------------------          --------------------
[INFO    ]                    Step          Elapsed time
[INFO    ]    --------------------          --------------------
[INFO    ] 
[INFO    ]          Initialization          3.5652 sec.
[INFO    ]             Static Mask          2.1290 sec.
[INFO    ]            Subtract Sky          0.3420 sec.
[INFO    ]        Separate Drizzle          8.2435 sec.
[INFO    ]           Create Median          10.3618 sec.
[INFO    ]                    Blot          18.7523 sec.
[INFO    ]                 Driz_CR          6.6092 sec.
[INFO    ]           Final Drizzle          77.2063 sec.
[INFO    ]    ====================          ====================
[INFO    ]                   Total          127.2094 sec.
[INFO    ] Removing intermediate files for /Users/bcook/pCMDs/pixcmd/data/NGC3377/raw/NGC3377_F475W_EXP1_flc.fits
[INFO    ] Removing intermediate files for /Users/bcook/pCMDs/pixcmd/data/NGC3377/raw/NGC3377_F475W_EXP2_flc.fits
[INFO    ] Removing intermediate files for /Users/bcook/pCMDs/pixcmd/data/NGC3377/raw/NGC3377_F475W_EXP3_flc.fits
[INFO    ] Removing intermediate files for /Users/bcook/pCMDs/pixcmd/data/NGC3377/raw/NGC3377_F475W_EXP4_flc.fits
[INFO    ] Trailer file written to:  astrodrizzle.log
[INFO    ] Setting up logfile :  astrodrizzle.log
[INFO    ] AstroDrizzle Version 2.2.6 (2018-11-02 15:37:13 -0400) started at: 13:39:40.432 (08/04/2019)
[INFO    ] 
[INFO    ] Version Information
[INFO    ] --------------------
[INFO    ] Python Version [GCC 4.2.1 Compatible Clang 4.0.1 (tags/RELEASE_401/final)]
[INFO    ] 3.6.4 |Anaconda custom (64-bit)| (default, Jan 16 2018, 12:04:33) 
[INFO    ] numpy Version -> 1.15.1 
[INFO    ] astropy Version -> 3.1.2 
[INFO    ] stwcs Version -> 1.4.2 
[INFO    ] ==== Processing Step  Initialization  started at  13:39:40.436 (08/04/2019)
[INFO    ] Executing serially
[INFO    ] Setting up output name: ../data/NGC3377/reduced/NGC3377_F475W_cps_drc.fits
[WARNING ] /Users/bcook/anaconda/envs/py36/lib/python3.6/site-packages/astropy/wcs/wcs.py:2691: AstropyDeprecationWarning: 
Private attributes "_naxis1" and "_naxis2" have been deprecated since v3.1.
Instead use the "pixel_shape" property which returns a list of NAXISj keyword values.

  warnings.warn(NAXIS_DEPRECATE_MESSAGE, AstropyDeprecationWarning)

[WARNING ] /Users/bcook/anaconda/envs/py36/lib/python3.6/site-packages/astropy/wcs/wcs.py:2701: AstropyDeprecationWarning: 
Private attributes "_naxis1" and "_naxis2" have been deprecated since v3.1.
Instead use the "pixel_shape" property which returns a list of NAXISj keyword values.

  warnings.warn(NAXIS_DEPRECATE_MESSAGE, AstropyDeprecationWarning)

[INFO    ] -Creating imageObject List as input for processing steps.
[INFO    ] Reading in MDRIZSKY of 26.5853099822998
[INFO    ] Reading in MDRIZSKY of 26.5853099822998
[WARNING ] /Users/bcook/anaconda/envs/py36/lib/python3.6/site-packages/astropy/wcs/wcs.py:2686: AstropyDeprecationWarning: 
Private attributes "_naxis1" and "_naxis2" have been deprecated since v3.1.
Instead use the "pixel_shape" property which returns a list of NAXISj keyword values.

  warnings.warn(NAXIS_DEPRECATE_MESSAGE, AstropyDeprecationWarning)

[WARNING ] /Users/bcook/anaconda/envs/py36/lib/python3.6/site-packages/astropy/wcs/wcs.py:2696: AstropyDeprecationWarning: 
Private attributes "_naxis1" and "_naxis2" have been deprecated since v3.1.
Instead use the "pixel_shape" property which returns a list of NAXISj keyword values.

  warnings.warn(NAXIS_DEPRECATE_MESSAGE, AstropyDeprecationWarning)

[INFO    ] Reading in MDRIZSKY of 26.03489685058594
[INFO    ] Reading in MDRIZSKY of 26.03489685058594
[INFO    ] Reading in MDRIZSKY of 26.54254341125488
[INFO    ] Reading in MDRIZSKY of 26.54254341125488
[INFO    ] Reading in MDRIZSKY of 26.32135009765625
[INFO    ] Reading in MDRIZSKY of 26.32135009765625
[INFO    ] Reset bit values of 4096 to a value of 0 in /Users/bcook/pCMDs/pixcmd/data/NGC3377/raw/NGC3377_F475W_EXP1_flc.fits[DQ,1]
[INFO    ] Reset bit values of 4096 to a value of 0 in /Users/bcook/pCMDs/pixcmd/data/NGC3377/raw/NGC3377_F475W_EXP1_flc.fits[DQ,2]
[INFO    ] Reset bit values of 4096 to a value of 0 in /Users/bcook/pCMDs/pixcmd/data/NGC3377/raw/NGC3377_F475W_EXP2_flc.fits[DQ,1]
[INFO    ] Reset bit values of 4096 to a value of 0 in /Users/bcook/pCMDs/pixcmd/data/NGC3377/raw/NGC3377_F475W_EXP2_flc.fits[DQ,2]
[INFO    ] Reset bit values of 4096 to a value of 0 in /Users/bcook/pCMDs/pixcmd/data/NGC3377/raw/NGC3377_F475W_EXP3_flc.fits[DQ,1]
[INFO    ] Reset bit values of 4096 to a value of 0 in /Users/bcook/pCMDs/pixcmd/data/NGC3377/raw/NGC3377_F475W_EXP3_flc.fits[DQ,2]
[INFO    ] Reset bit values of 4096 to a value of 0 in /Users/bcook/pCMDs/pixcmd/data/NGC3377/raw/NGC3377_F475W_EXP4_flc.fits[DQ,1]
[INFO    ] Reset bit values of 4096 to a value of 0 in /Users/bcook/pCMDs/pixcmd/data/NGC3377/raw/NGC3377_F475W_EXP4_flc.fits[DQ,2]
[INFO    ] -Creating output WCS.
[INFO    ] Creating OUTPUT WCS from ../data/NGC3377/reduced/NGC3377_F850LP_cps_drc.fits[1]
[INFO    ] WCS Keywords
[INFO    ] 
[INFO    ] CD_11  CD_12: -1.3888888888888e-05 -3.5656053071188e-23
[INFO    ] CD_21  CD_22: 1.15833191161965e-22 1.38888888888888e-05
[INFO    ] CRVAL    : 161.9312076922945 13.98505491526511
[INFO    ] CRPIX    : 2719.328398196752 2658.16742174887
[INFO    ] NAXIS    : 5439 5315
[INFO    ] Plate Scale : 0.049999999999996804
[INFO    ] ORIENTAT : -1.470917775652965e-16
[INFO    ] ********************************************************************************
[INFO    ] *
[INFO    ] *  Estimated memory usage:  up to 1579 Mb.
[INFO    ] *  Output image size:       5439 X 5315 pixels. 
[INFO    ] *  Output image file:       ~ 330 Mb. 
[INFO    ] *  Cores available:         4
[INFO    ] *
[INFO    ] ********************************************************************************
[INFO    ] ==== Processing Step  Initialization  finished at  13:39:44.95 (08/04/2019)
[INFO    ] 
[INFO    ] USER INPUT PARAMETERS common to all Processing Steps:
[INFO    ] 	build :	True
[INFO    ] 	coeffs :	True
[INFO    ] 	context :	True
[INFO    ] 	crbit :	4096
[INFO    ] 	group :	
[INFO    ] 	in_memory :	False
[INFO    ] 	input :	['../data/NGC3377/raw/NGC3377_F475W_EXP1_flc.fits', '../data/NGC3377/raw/NGC3377_F475W_EXP2_flc.fits', '../data/NGC3377/raw/NGC3377_F475W_EXP3_flc.fits', '../data/NGC3377/raw/NGC3377_F475W_EXP4_flc.fits']
[INFO    ] 	mdriztab :	False
[INFO    ] 	num_cores :	None
[INFO    ] 	output :	../data/NGC3377/reduced/NGC3377_F475W_cps_drc.fits
[INFO    ] 	proc_unit :	native
[INFO    ] 	resetbits :	4096
[INFO    ] 	runfile :	astrodrizzle.log
[INFO    ] 	stepsize :	10
[INFO    ] 	updatewcs :	False
[INFO    ] 	wcskey :	
[INFO    ] ==== Processing Step  Static Mask  started at  13:39:44.954 (08/04/2019)
[INFO    ] USER INPUT PARAMETERS for Static Mask Step:
[INFO    ] 	static :	True
[INFO    ] 	static_sig :	4.0
[INFO    ] Computing static mask:

[INFO    ]   mode = 24.095544;   rms = 12.014380;   static_sig = 4.00
[INFO    ]   mode = 27.592756;   rms = 23.374756;   static_sig = 4.00
[INFO    ] Computing static mask:

[INFO    ]   mode = 23.652989;   rms = 11.630259;   static_sig = 4.00
[INFO    ]   mode = 27.816292;   rms = 24.397226;   static_sig = 4.00
[INFO    ] Computing static mask:

[INFO    ]   mode = 24.026646;   rms = 11.449647;   static_sig = 4.00
[INFO    ]   mode = 29.561378;   rms = 25.558558;   static_sig = 4.00
[INFO    ] Computing static mask:

[INFO    ]   mode = 24.361916;   rms = 10.695220;   static_sig = 4.00
[INFO    ]   mode = 29.728209;   rms = 26.568375;   static_sig = 4.00
[INFO    ] Saving static mask to disk: ./ACSWFC_2048x4096_1_staticMask.fits
[INFO    ] Saving static mask to disk: ./ACSWFC_2048x4096_2_staticMask.fits
[INFO    ] ==== Processing Step  Static Mask  finished at  13:39:47.631 (08/04/2019)
[INFO    ] 
[INFO    ] ==== Processing Step  Subtract Sky  started at  13:39:47.633 (08/04/2019)
[INFO    ] Sky Subtraction step not performed.
[INFO    ] ==== Processing Step  Subtract Sky  finished at  13:39:48.008 (08/04/2019)
[INFO    ] 
[INFO    ] ==== Processing Step  Separate Drizzle  started at  13:39:48.010 (08/04/2019)
[INFO    ] Interpreted paramDict with single=True as:
{'build': True, 'stepsize': 10, 'coeffs': True, 'wcskey': '', 'kernel': 'turbo', 'wt_scl': 'exptime', 'pixfrac': 1.0, 'fillval': None, 'bits': 0, 'compress': False, 'units': 'cps'}
[INFO    ] USER INPUT PARAMETERS for Separate Drizzle Step:
[INFO    ] 	bits :	0
[INFO    ] 	build :	False
[INFO    ] 	clean :	True
[INFO    ] 	coeffs :	True
[INFO    ] 	compress :	False
[INFO    ] 	crbit :	None
[INFO    ] 	fillval :	None
[INFO    ] 	kernel :	turbo
[INFO    ] 	num_cores :	None
[INFO    ] 	pixfrac :	1.0
[INFO    ] 	proc_unit :	electrons
[INFO    ] 	stepsize :	10
[INFO    ] 	units :	cps
[INFO    ] 	wcskey :	
[INFO    ] 	wht_type :	None
[INFO    ] 	wt_scl :	exptime
[INFO    ]   **Using sub-sampling value of 10 for kernel turbo
[INFO    ] Running Drizzle to create output frame with WCS of: 
[INFO    ] WCS Keywords
[INFO    ] 
[INFO    ] Number of WCS axes: 2
[INFO    ] CTYPE : 'RA---TAN'  'DEC--TAN'  
[INFO    ] CRVAL : 161.93120990660003  13.985051405100355  
[INFO    ] CRPIX : 2117.0  2209.5  
[INFO    ] CD1_1 CD1_2  : -3.940244440878299e-06  -1.331824719375748e-05  
[INFO    ] CD2_1 CD2_2  : -1.331824719375748e-05  3.940244440878299e-06  
[INFO    ] NAXIS : 4234  4419
[INFO    ] Executing 4 parallel workers
[INFO    ] -Drizzle input: /Users/bcook/pCMDs/pixcmd/data/NGC3377/raw/NGC3377_F475W_EXP1_flc.fits[sci,1]
[INFO    ] -Drizzle input: /Users/bcook/pCMDs/pixcmd/data/NGC3377/raw/NGC3377_F475W_EXP2_flc.fits[sci,1]
[INFO    ] -Drizzle input: /Users/bcook/pCMDs/pixcmd/data/NGC3377/raw/NGC3377_F475W_EXP4_flc.fits[sci,1]
[INFO    ] -Drizzle input: /Users/bcook/pCMDs/pixcmd/data/NGC3377/raw/NGC3377_F475W_EXP3_flc.fits[sci,1]
[INFO    ] Using WCSLIB-based coordinate transformation...
[INFO    ] stepsize = 10
[INFO    ] Using WCSLIB-based coordinate transformation...
[INFO    ] stepsize = 10
[INFO    ] Using WCSLIB-based coordinate transformation...
[INFO    ] stepsize = 10
[INFO    ] Using WCSLIB-based coordinate transformation...
[INFO    ] stepsize = 10
[INFO    ] -Drizzling using kernel = turbo

[INFO    ] -Drizzling using kernel = turbo

[INFO    ] -Drizzling using kernel = turbo

[INFO    ] -Drizzling using kernel = turbo

[INFO    ] -Drizzle input: /Users/bcook/pCMDs/pixcmd/data/NGC3377/raw/NGC3377_F475W_EXP2_flc.fits[sci,2]
[INFO    ] -Drizzle input: /Users/bcook/pCMDs/pixcmd/data/NGC3377/raw/NGC3377_F475W_EXP4_flc.fits[sci,2]
[INFO    ] -Drizzle input: /Users/bcook/pCMDs/pixcmd/data/NGC3377/raw/NGC3377_F475W_EXP3_flc.fits[sci,2]
[INFO    ] -Drizzle input: /Users/bcook/pCMDs/pixcmd/data/NGC3377/raw/NGC3377_F475W_EXP1_flc.fits[sci,2]
[INFO    ] Using WCSLIB-based coordinate transformation...
[INFO    ] stepsize = 10
[INFO    ] Using WCSLIB-based coordinate transformation...
[INFO    ] stepsize = 10
[INFO    ] Using WCSLIB-based coordinate transformation...
[INFO    ] stepsize = 10
[INFO    ] Using WCSLIB-based coordinate transformation...
[INFO    ] stepsize = 10
[INFO    ] -Drizzling using kernel = turbo

[INFO    ] -Drizzling using kernel = turbo

[INFO    ] -Drizzling using kernel = turbo

[INFO    ] -Drizzling using kernel = turbo

[INFO    ] -Generating simple FITS output: /Users/bcook/pCMDs/pixcmd/data/NGC3377/raw/NGC3377_F475W_EXP2_single_sci.fits
[INFO    ] -Generating simple FITS output: /Users/bcook/pCMDs/pixcmd/data/NGC3377/raw/NGC3377_F475W_EXP1_single_sci.fits
[INFO    ] -Generating simple FITS output: /Users/bcook/pCMDs/pixcmd/data/NGC3377/raw/NGC3377_F475W_EXP3_single_sci.fits
[INFO    ] -Generating simple FITS output: /Users/bcook/pCMDs/pixcmd/data/NGC3377/raw/NGC3377_F475W_EXP4_single_sci.fits
[WARNING ] /Users/bcook/anaconda/envs/py36/lib/python3.6/site-packages/astropy/io/fits/card.py:979: VerifyWarning: Card is too long, comment will be truncated.
  VerifyWarning)

[WARNING ] /Users/bcook/anaconda/envs/py36/lib/python3.6/site-packages/astropy/io/fits/card.py:979: VerifyWarning: Card is too long, comment will be truncated.
  VerifyWarning)

[WARNING ] /Users/bcook/anaconda/envs/py36/lib/python3.6/site-packages/astropy/io/fits/card.py:979: VerifyWarning: Card is too long, comment will be truncated.
  VerifyWarning)

[WARNING ] /Users/bcook/anaconda/envs/py36/lib/python3.6/site-packages/astropy/io/fits/card.py:979: VerifyWarning: Card is too long, comment will be truncated.
  VerifyWarning)

[INFO    ] Writing out image to disk: /Users/bcook/pCMDs/pixcmd/data/NGC3377/raw/NGC3377_F475W_EXP2_single_sci.fits
[INFO    ] Writing out image to disk: /Users/bcook/pCMDs/pixcmd/data/NGC3377/raw/NGC3377_F475W_EXP1_single_sci.fits
[INFO    ] Writing out image to disk: /Users/bcook/pCMDs/pixcmd/data/NGC3377/raw/NGC3377_F475W_EXP3_single_sci.fits
[INFO    ] Writing out image to disk: /Users/bcook/pCMDs/pixcmd/data/NGC3377/raw/NGC3377_F475W_EXP4_single_sci.fits
[INFO    ] Writing out image to disk: /Users/bcook/pCMDs/pixcmd/data/NGC3377/raw/NGC3377_F475W_EXP2_single_wht.fits
[INFO    ] Writing out image to disk: /Users/bcook/pCMDs/pixcmd/data/NGC3377/raw/NGC3377_F475W_EXP1_single_wht.fits
[INFO    ] Writing out image to disk: /Users/bcook/pCMDs/pixcmd/data/NGC3377/raw/NGC3377_F475W_EXP3_single_wht.fits
[INFO    ] Writing out image to disk: /Users/bcook/pCMDs/pixcmd/data/NGC3377/raw/NGC3377_F475W_EXP4_single_wht.fits
[INFO    ] ==== Processing Step  Separate Drizzle  finished at  13:40:01.084 (08/04/2019)
[INFO    ] 
[INFO    ] ==== Processing Step  Create Median  started at  13:40:01.089 (08/04/2019)
[INFO    ] USER INPUT PARAMETERS for Create Median Step:
[INFO    ] 	combine_bufsize :	None
[INFO    ] 	combine_grow :	1
[INFO    ] 	combine_hthresh :	None
[INFO    ] 	combine_lthresh :	None
[INFO    ] 	combine_maskpt :	0.3
[INFO    ] 	combine_nhigh :	1
[INFO    ] 	combine_nlow :	0
[INFO    ] 	combine_nsigma :	4 3
[INFO    ] 	combine_type :	median
[INFO    ] 	compress :	False
[INFO    ] 	median :	True
[INFO    ] 	median_newmasks :	True
[INFO    ] 	proc_unit :	native
[INFO    ] reference sky value for image '/Users/bcook/pCMDs/pixcmd/data/NGC3377/raw/NGC3377_F475W_EXP1_flc.fits' is 26.5853099822998
[INFO    ] reference sky value for image '/Users/bcook/pCMDs/pixcmd/data/NGC3377/raw/NGC3377_F475W_EXP2_flc.fits' is 26.03489685058594
[INFO    ] reference sky value for image '/Users/bcook/pCMDs/pixcmd/data/NGC3377/raw/NGC3377_F475W_EXP3_flc.fits' is 26.54254341125488
[INFO    ] reference sky value for image '/Users/bcook/pCMDs/pixcmd/data/NGC3377/raw/NGC3377_F475W_EXP4_flc.fits' is 26.32135009765625
[INFO    ] Saving output median image to: '../data/NGC3377/reduced/NGC3377_F475W_cps_med.fits'
[INFO    ] ==== Processing Step  Create Median  finished at  13:40:12.620 (08/04/2019)
[INFO    ] 
[INFO    ] ==== Processing Step  Blot  started at  13:40:12.623 (08/04/2019)
[INFO    ] USER INPUT PARAMETERS for Blot Step:
[INFO    ] 	blot_addsky :	True
[INFO    ] 	blot_interp :	poly5
[INFO    ] 	blot_sinscl :	1.0
[INFO    ] 	blot_skyval :	0.0
[INFO    ] 	coeffs :	True
[INFO    ]     Blot: creating blotted image:  /Users/bcook/pCMDs/pixcmd/data/NGC3377/raw/NGC3377_F475W_EXP1_flc.fits[sci,1]
[INFO    ] Using default C-based coordinate transformation...
[INFO    ] -Generating simple FITS output: /Users/bcook/pCMDs/pixcmd/data/NGC3377/raw/NGC3377_F475W_EXP1_sci1_blt.fits
[INFO    ] Writing out image to disk: /Users/bcook/pCMDs/pixcmd/data/NGC3377/raw/NGC3377_F475W_EXP1_sci1_blt.fits
[INFO    ]     Blot: creating blotted image:  /Users/bcook/pCMDs/pixcmd/data/NGC3377/raw/NGC3377_F475W_EXP1_flc.fits[sci,2]
[INFO    ] Using default C-based coordinate transformation...
[INFO    ] -Generating simple FITS output: /Users/bcook/pCMDs/pixcmd/data/NGC3377/raw/NGC3377_F475W_EXP1_sci2_blt.fits
[INFO    ] Writing out image to disk: /Users/bcook/pCMDs/pixcmd/data/NGC3377/raw/NGC3377_F475W_EXP1_sci2_blt.fits
[INFO    ]     Blot: creating blotted image:  /Users/bcook/pCMDs/pixcmd/data/NGC3377/raw/NGC3377_F475W_EXP2_flc.fits[sci,1]
[INFO    ] Using default C-based coordinate transformation...
[INFO    ] -Generating simple FITS output: /Users/bcook/pCMDs/pixcmd/data/NGC3377/raw/NGC3377_F475W_EXP2_sci1_blt.fits
[INFO    ] Writing out image to disk: /Users/bcook/pCMDs/pixcmd/data/NGC3377/raw/NGC3377_F475W_EXP2_sci1_blt.fits
[INFO    ]     Blot: creating blotted image:  /Users/bcook/pCMDs/pixcmd/data/NGC3377/raw/NGC3377_F475W_EXP2_flc.fits[sci,2]
[INFO    ] Using default C-based coordinate transformation...
[INFO    ] -Generating simple FITS output: /Users/bcook/pCMDs/pixcmd/data/NGC3377/raw/NGC3377_F475W_EXP2_sci2_blt.fits
[INFO    ] Writing out image to disk: /Users/bcook/pCMDs/pixcmd/data/NGC3377/raw/NGC3377_F475W_EXP2_sci2_blt.fits
[INFO    ]     Blot: creating blotted image:  /Users/bcook/pCMDs/pixcmd/data/NGC3377/raw/NGC3377_F475W_EXP3_flc.fits[sci,1]
[INFO    ] Using default C-based coordinate transformation...
[INFO    ] -Generating simple FITS output: /Users/bcook/pCMDs/pixcmd/data/NGC3377/raw/NGC3377_F475W_EXP3_sci1_blt.fits
[INFO    ] Writing out image to disk: /Users/bcook/pCMDs/pixcmd/data/NGC3377/raw/NGC3377_F475W_EXP3_sci1_blt.fits
[INFO    ]     Blot: creating blotted image:  /Users/bcook/pCMDs/pixcmd/data/NGC3377/raw/NGC3377_F475W_EXP3_flc.fits[sci,2]
[INFO    ] Using default C-based coordinate transformation...
[INFO    ] -Generating simple FITS output: /Users/bcook/pCMDs/pixcmd/data/NGC3377/raw/NGC3377_F475W_EXP3_sci2_blt.fits
[INFO    ] Writing out image to disk: /Users/bcook/pCMDs/pixcmd/data/NGC3377/raw/NGC3377_F475W_EXP3_sci2_blt.fits
[INFO    ]     Blot: creating blotted image:  /Users/bcook/pCMDs/pixcmd/data/NGC3377/raw/NGC3377_F475W_EXP4_flc.fits[sci,1]
[INFO    ] Using default C-based coordinate transformation...
[INFO    ] -Generating simple FITS output: /Users/bcook/pCMDs/pixcmd/data/NGC3377/raw/NGC3377_F475W_EXP4_sci1_blt.fits
[INFO    ] Writing out image to disk: /Users/bcook/pCMDs/pixcmd/data/NGC3377/raw/NGC3377_F475W_EXP4_sci1_blt.fits
[INFO    ]     Blot: creating blotted image:  /Users/bcook/pCMDs/pixcmd/data/NGC3377/raw/NGC3377_F475W_EXP4_flc.fits[sci,2]
[INFO    ] Using default C-based coordinate transformation...
[INFO    ] -Generating simple FITS output: /Users/bcook/pCMDs/pixcmd/data/NGC3377/raw/NGC3377_F475W_EXP4_sci2_blt.fits
[INFO    ] Writing out image to disk: /Users/bcook/pCMDs/pixcmd/data/NGC3377/raw/NGC3377_F475W_EXP4_sci2_blt.fits
[INFO    ] ==== Processing Step  Blot  finished at  13:40:32.536 (08/04/2019)
[INFO    ] 
[INFO    ] ==== Processing Step  Driz_CR  started at  13:40:32.538 (08/04/2019)
[INFO    ] USER INPUT PARAMETERS for Driz_CR Step:
[INFO    ] 	crbit :	4096
[INFO    ] 	driz_cr :	True
[INFO    ] 	driz_cr_corr :	False
[INFO    ] 	driz_cr_ctegrow :	0
[INFO    ] 	driz_cr_grow :	1
[INFO    ] 	driz_cr_scale :	1.2 0.7
[INFO    ] 	driz_cr_snr :	3.5 3.0
[INFO    ] 	inmemory :	False
[INFO    ] Executing 4 parallel workers
[INFO    ] Creating output :  /Users/bcook/pCMDs/pixcmd/data/NGC3377/raw/NGC3377_F475W_EXP1_sci1_crmask.fits
[INFO    ] Creating output :  /Users/bcook/pCMDs/pixcmd/data/NGC3377/raw/NGC3377_F475W_EXP2_sci1_crmask.fits
[INFO    ] Creating output :  /Users/bcook/pCMDs/pixcmd/data/NGC3377/raw/NGC3377_F475W_EXP3_sci1_crmask.fits
[INFO    ] Creating output :  /Users/bcook/pCMDs/pixcmd/data/NGC3377/raw/NGC3377_F475W_EXP4_sci1_crmask.fits
[INFO    ] Creating output :  /Users/bcook/pCMDs/pixcmd/data/NGC3377/raw/NGC3377_F475W_EXP2_sci2_crmask.fits
[INFO    ] Creating output :  /Users/bcook/pCMDs/pixcmd/data/NGC3377/raw/NGC3377_F475W_EXP1_sci2_crmask.fits
[INFO    ] Creating output :  /Users/bcook/pCMDs/pixcmd/data/NGC3377/raw/NGC3377_F475W_EXP4_sci2_crmask.fits
[INFO    ] Creating output :  /Users/bcook/pCMDs/pixcmd/data/NGC3377/raw/NGC3377_F475W_EXP3_sci2_crmask.fits
[INFO    ] ==== Processing Step  Driz_CR  finished at  13:40:38.434 (08/04/2019)
[INFO    ] 
[INFO    ] ==== Processing Step  Final Drizzle  started at  13:40:38.445 (08/04/2019)
[INFO    ] Interpreted paramDict with single=False as:
{'build': True, 'stepsize': 10, 'coeffs': True, 'wcskey': '', 'wht_type': 'EXP', 'kernel': 'lanczos3', 'wt_scl': 'exptime', 'pixfrac': 1.0, 'fillval': None, 'maskval': None, 'bits': 0, 'units': 'cps'}
[INFO    ] USER INPUT PARAMETERS for Final Drizzle Step:
[INFO    ] 	bits :	0
[INFO    ] 	build :	True
[INFO    ] 	clean :	True
[INFO    ] 	coeffs :	True
[INFO    ] 	crbit :	4096
[INFO    ] 	fillval :	None
[INFO    ] 	kernel :	lanczos3
[INFO    ] 	maskval :	None
[INFO    ] 	pixfrac :	1.0
[INFO    ] 	proc_unit :	native
[INFO    ] 	stepsize :	10
[INFO    ] 	units :	cps
[INFO    ] 	wcskey :	
[INFO    ] 	wht_type :	EXP
[INFO    ] 	wt_scl :	exptime
[INFO    ]   **Using sub-sampling value of 10 for kernel lanczos3
[INFO    ] Removing previous output product...
[INFO    ] Running Drizzle to create output frame with WCS of: 
[INFO    ] WCS Keywords
[INFO    ] 
[INFO    ] CD_11  CD_12: -1.3888888888888e-05 -3.5656053071188e-23
[INFO    ] CD_21  CD_22: 1.15833191161965e-22 1.38888888888888e-05
[INFO    ] CRVAL    : 161.9312076922945 13.98505491526511
[INFO    ] CRPIX    : 2719.328398196752 2658.16742174887
[INFO    ] NAXIS    : 5439 5315
[INFO    ] Plate Scale : 0.049999999999996804
[INFO    ] ORIENTAT : -1.470917775652965e-16
[INFO    ] -Drizzle input: /Users/bcook/pCMDs/pixcmd/data/NGC3377/raw/NGC3377_F475W_EXP1_flc.fits[sci,1]
[INFO    ] Applying EXPTIME weighting to DQ mask for chip 1
[INFO    ] Using WCSLIB-based coordinate transformation...
[INFO    ] stepsize = 10
[INFO    ] -Drizzling using kernel = lanczos3

[INFO    ] -Drizzle input: /Users/bcook/pCMDs/pixcmd/data/NGC3377/raw/NGC3377_F475W_EXP1_flc.fits[sci,2]
[INFO    ] Applying EXPTIME weighting to DQ mask for chip 2
[INFO    ] Using WCSLIB-based coordinate transformation...
[INFO    ] stepsize = 10
[INFO    ] -Drizzling using kernel = lanczos3

[INFO    ] -Drizzle input: /Users/bcook/pCMDs/pixcmd/data/NGC3377/raw/NGC3377_F475W_EXP2_flc.fits[sci,1]
[INFO    ] Applying EXPTIME weighting to DQ mask for chip 1
[INFO    ] Using WCSLIB-based coordinate transformation...
[INFO    ] stepsize = 10
[INFO    ] -Drizzling using kernel = lanczos3

[INFO    ] -Drizzle input: /Users/bcook/pCMDs/pixcmd/data/NGC3377/raw/NGC3377_F475W_EXP2_flc.fits[sci,2]
[INFO    ] Applying EXPTIME weighting to DQ mask for chip 2
[INFO    ] Using WCSLIB-based coordinate transformation...
[INFO    ] stepsize = 10
[INFO    ] -Drizzling using kernel = lanczos3

[INFO    ] -Drizzle input: /Users/bcook/pCMDs/pixcmd/data/NGC3377/raw/NGC3377_F475W_EXP3_flc.fits[sci,1]
[INFO    ] Applying EXPTIME weighting to DQ mask for chip 1
[INFO    ] Using WCSLIB-based coordinate transformation...
[INFO    ] stepsize = 10
[INFO    ] -Drizzling using kernel = lanczos3

[INFO    ] -Drizzle input: /Users/bcook/pCMDs/pixcmd/data/NGC3377/raw/NGC3377_F475W_EXP3_flc.fits[sci,2]
[INFO    ] Applying EXPTIME weighting to DQ mask for chip 2
[INFO    ] Using WCSLIB-based coordinate transformation...
[INFO    ] stepsize = 10
[INFO    ] -Drizzling using kernel = lanczos3

[INFO    ] -Drizzle input: /Users/bcook/pCMDs/pixcmd/data/NGC3377/raw/NGC3377_F475W_EXP4_flc.fits[sci,1]
[INFO    ] Applying EXPTIME weighting to DQ mask for chip 1
[INFO    ] Using WCSLIB-based coordinate transformation...
[INFO    ] stepsize = 10
[INFO    ] -Drizzling using kernel = lanczos3

[INFO    ] -Drizzle input: /Users/bcook/pCMDs/pixcmd/data/NGC3377/raw/NGC3377_F475W_EXP4_flc.fits[sci,2]
[INFO    ] Applying EXPTIME weighting to DQ mask for chip 2
[INFO    ] Using WCSLIB-based coordinate transformation...
[INFO    ] stepsize = 10
[INFO    ] -Drizzling using kernel = lanczos3

[INFO    ] -Generating multi-extension output file:  ../data/NGC3377/reduced/NGC3377_F475W_cps_drc.fits
[INFO    ] Deleted all instances of WCS with key A in extensions [1]
[INFO    ] Deleted all instances of WCS with key B in extensions [1]
[INFO    ] Deleted all instances of WCS with key C in extensions [1]
[INFO    ] Deleted all instances of WCS with key D in extensions [1]
[INFO    ] Deleted all instances of WCS with key E in extensions [1]
[INFO    ] Deleted all instances of WCS with key F in extensions [1]
[INFO    ] Deleted all instances of WCS with key G in extensions [1]
[INFO    ] Deleted all instances of WCS with key H in extensions [1]
[INFO    ] Deleted all instances of WCS with key I in extensions [1]
[INFO    ] Writing out to disk: ../data/NGC3377/reduced/NGC3377_F475W_cps_drc.fits
[WARNING ] /Users/bcook/anaconda/envs/py36/lib/python3.6/site-packages/astropy/io/fits/card.py:979: VerifyWarning: Card is too long, comment will be truncated.
  VerifyWarning)

[INFO    ] ==== Processing Step  Final Drizzle  finished at  13:42:03.254 (08/04/2019)
[INFO    ] 
[INFO    ] 
[INFO    ] AstroDrizzle Version 2.2.6 is finished processing at 13:42:03.257 (08/04/2019).
[INFO    ] 
[INFO    ] 
[INFO    ]    --------------------          --------------------
[INFO    ]                    Step          Elapsed time
[INFO    ]    --------------------          --------------------
[INFO    ] 
[INFO    ]          Initialization          4.5135 sec.
[INFO    ]             Static Mask          2.6770 sec.
[INFO    ]            Subtract Sky          0.3747 sec.
[INFO    ]        Separate Drizzle          13.0736 sec.
[INFO    ]           Create Median          11.5312 sec.
[INFO    ]                    Blot          19.9133 sec.
[INFO    ]                 Driz_CR          5.8962 sec.
[INFO    ]           Final Drizzle          84.8098 sec.
[INFO    ]    ====================          ====================
[INFO    ]                   Total          142.7893 sec.
[INFO    ] Removing intermediate files for /Users/bcook/pCMDs/pixcmd/data/NGC3377/raw/NGC3377_F475W_EXP1_flc.fits
[INFO    ] Removing intermediate files for /Users/bcook/pCMDs/pixcmd/data/NGC3377/raw/NGC3377_F475W_EXP2_flc.fits
[INFO    ] Removing intermediate files for /Users/bcook/pCMDs/pixcmd/data/NGC3377/raw/NGC3377_F475W_EXP3_flc.fits
[INFO    ] Removing intermediate files for /Users/bcook/pCMDs/pixcmd/data/NGC3377/raw/NGC3377_F475W_EXP4_flc.fits
[INFO    ] Trailer file written to:  astrodrizzle.log
