Number of GPUs available: 2
GPU acceleration enabled
Loading command line arguments
Setting N_scale to 128
Setting N_walkers to 20
Setting N_burn to 0
Setting N_sample to 2
Using fixed seed
Using SSP
Setting initial state as ball
Requiring GPU
Requiring CUDAC
Appending _multigpu to filenames
Using 2 threads
---Setting up model galaxy
---Simulating model galaxy
Tesla K20Xm
Setting up multiple GPUs
for process id: 1
---Running emcee
-initializing models
for process id: 2
for process id: 3
for process id: 4
for process id: 5
for process id: 6
-Setting up emcee sampler
for process id: 7
for process id: 8
for process id: 9
for process id: 10
for process id: 11
for process id: 12
for process id: 13
for process id: 14
for process id: 15
for process id: 16
for process id: 17
for process id: 18
for process id: 19
for process id: 20
for process id: 21
for process id: 22
for process id: 23
for process id: 24
for process id: 25
for process id: 26
for process id: 27
for process id: 28
for process id: 29
for process id: 30
for process id: 31
for process id: 32
for process id: 33
for process id: 34
for process id: 35
for process id: 36
for process id: 37
for process id: 38
for process id: 39
for process id: 40
for process id: 41
for process id: 42
for process id: 43
for process id: 44
for process id: 45
for process id: 46
for process id: 47
for process id: 48
for process id: 49
for process id: 50
for process id: 51
for process id: 52
for process id: 53
for process id: 54
for process id: 55
for process id: 56
for process id: 57
for process id: 58
for process id: 59
for process id: 60
for process id: 61
for process id: 62
for process id: 63
for process id: 64
for process id: 65
for process id: 66
for process id: 67
for process id: 68
for process id: 69
for process id: 70
for process id: 71
for process id: 72
for process id: 73
for process id: 74
for process id: 75
for process id: 76
for process id: 77
for process id: 78
for process id: 79
for process id: 80
for process id: 81
for process id: 82
for process id: 83
for process id: 84
for process id: 85
for process id: 86
for process id: 87
for process id: 88
for process id: 89
for process id: 90
for process id: 91
for process id: 92
for process id: 93
for process id: 94
for process id: 95
for process id: 96
for process id: 97
for process id: 98
for process id: 99
for process id: 100
for process id: 101
for process id: 102
for process id: 103
for process id: 104
for process id: 105
for process id: 106
for process id: 107
for process id: 108
for process id: 109
for process id: 110
for process id: 111
for process id: 112
for process id: 113
for process id: 114
for process id: 115
for process id: 116
for process id: 117
for process id: 118
for process id: 119
for process id: 120
for process id: 121
for process id: 122
for process id: 123
for process id: 124
for process id: 125
for process id: 126
for process id: 127
for process id: 128
for process id: 129
for process id: 130
for process id: 131
for process id: 132
for process id: 133
for process id: 134
for process id: 135
for process id: 136
for process id: 137
for process id: 138
for process id: 139
for process id: 140
for process id: 141
for process id: 142
for process id: 143
for process id: 144
for process id: 145
for process id: 146
for process id: 147
for process id: 148
for process id: 149
for process id: 150
for process id: 151
for process id: 152
for process id: 153
for process id: 154
for process id: 155
for process id: 156
for process id: 157
for process id: 158
for process id: 159
for process id: 160
for process id: 161
for process id: 162
for process id: 163
for process id: 164
for process id: 165
for process id: 166
for process id: 167
for process id: 168
for process id: 169
for process id: 170
for process id: 171
for process id: 172
for process id: 173
for process id: 174
for process id: 175
for process id: 176
for process id: 177
for process id: 178
for process id: 179
for process id: 180
for process id: 181
for process id: 182
for process id: 183
for process id: 184
for process id: 185
for process id: 186
for process id: 187
for process id: 188
for process id: 189
for process id: 190
for process id: 191
for process id: 192
for process id: 193
for process id: 194
for process id: 195
for process id: 196
for process id: 197
for process id: 198
for process id: 199
for process id: 200
for process id: 201
for process id: 202
for process id: 203
for process id: 204
for process id: 205
for process id: 206
for process id: 207
for process id: 208
for process id: 209
for process id: 210
for process id: 211
for process id: 212
for process id: 213
for process id: 214
for process id: 215
for process id: 216
for process id: 217
for process id: 218
for process id: 219
for process id: 220
for process id: 221
for process id: 222
for process id: 223
for process id: 224
for process id: 225
for process id: 226
for process id: 227
for process id: 228
for process id: 229
for process id: 230
for process id: 231
for process id: 232
for process id: 233
for process id: 234
for process id: 235
for process id: 236
for process id: 237
for process id: 238
for process id: 239
for process id: 240
for process id: 241
for process id: 242
for process id: 243
for process id: 244
for process id: 245
for process id: 246
for process id: 247
for process id: 248
for process id: 249
for process id: 250
for process id: 251
for process id: 252
for process id: 253
for process id: 254
for process id: 255
for process id: 256
for process id: 257
for process id: 258
for process id: 259
for process id: 260
for process id: 261
for process id: 262
for process id: 263
for process id: 264
for process id: 265
for process id: 266
for process id: 267
for process id: 268
for process id: 269
for process id: 270
for process id: 271
for process id: 272
for process id: 273
for process id: 274
for process id: 275
for process id: 276
for process id: 277
for process id: 278
for process id: 279
for process id: 280
for process id: 281
for process id: 282
for process id: 283
for process id: 284
for process id: 285
for process id: 286
for process id: 287
for process id: 288
for process id: 289
for process id: 290
for process id: 291
for process id: 292
for process id: 293
for process id: 294
for process id: 295
for process id: 296
for process id: 297
for process id: 298
for process id: 299
for process id: 300
for process id: 301
for process id: 302
for process id: 303
for process id: 304
for process id: 305
for process id: 306
for process id: 307
for process id: 308
for process id: 309
for process id: 310
for process id: 311
for process id: 312
for process id: 313
for process id: 314
for process id: 315
for process id: 316
for process id: 317
for process id: 318
for process id: 319
for process id: 320
for process id: 321
for process id: 322
for process id: 323
for process id: 324
for process id: 325
for process id: 326
for process id: 327
for process id: 328
for process id: 329
for process id: 330
for process id: 331
for process id: 332
for process id: 333
for process id: 334
for process id: 335
for process id: 336
for process id: 337
for process id: 338
for process id: 339
for process id: 340
for process id: 341
for process id: 342
for process id: 343
for process id: 344
for process id: 345
for process id: 346
for process id: 347
for process id: 348
for process id: 349
for process id: 350
for process id: 351
for process id: 352
for process id: 353
for process id: 354
for process id: 355
for process id: 356
for process id: 357
for process id: 358
for process id: 359
for process id: 360
for process id: 361
for process id: 362
for process id: 363
for process id: 364
for process id: 365
for process id: 366
for process id: 367
for process id: 368
for process id: 369
for process id: 370
for process id: 371
for process id: 372
for process id: 373
for process id: 374
for process id: 375
for process id: 376
for process id: 377
for process id: 378
for process id: 379
for process id: 380
for process id: 381
for process id: 382
for process id: 383
for process id: 384
for process id: 385
for process id: 386
for process id: 387
for process id: 388
for process id: 389
for process id: 390
for process id: 391
for process id: 392
for process id: 393
for process id: 394
for process id: 395
for process id: 396
for process id: 397
for process id: 398
for process id: 399
for process id: 400
for process id: 401
for process id: 402
for process id: 403
for process id: 404
for process id: 405
for process id: 406
for process id: 407
for process id: 408
for process id: 409
for process id: 410
for process id: 411
for process id: 412
for process id: 413
for process id: 414
for process id: 415
for process id: 416
for process id: 417
for process id: 418
for process id: 419
for process id: 420
for process id: 421
for process id: 422
for process id: 423
for process id: 424
for process id: 425
for process id: 426
for process id: 427
for process id: 428
for process id: 429
for process id: 430
for process id: 431
for process id: 432
for process id: 433
for process id: 434
for process id: 435
for process id: 436
for process id: 437
for process id: 438
for process id: 439
for process id: 440
for process id: 441
for process id: 442
for process id: 443
for process id: 444
for process id: 445
for process id: 446
for process id: 447
for process id: 448
for process id: 449
for process id: 450
for process id: 451
for process id: 452
for process id: 453
for process id: 454
for process id: 455
for process id: 456
for process id: 457
for process id: 458
for process id: 459
for process id: 460
for process id: 461
for process id: 462
for process id: 463
for process id: 464
for process id: 465
for process id: 466
for process id: 467
for process id: 468
for process id: 469
for process id: 470
for process id: 471
for process id: 472
for process id: 473
for process id: 474
for process id: 475
for process id: 476
for process id: 477
for process id: 478
for process id: 479
for process id: 480
for process id: 481
for process id: 482
for process id: 483
for process id: 484
for process id: 485
for process id: 486
for process id: 487
for process id: 488
for process id: 489
for process id: 490
for process id: 491
for process id: 492
for process id: 493
for process id: 494
for process id: 495
for process id: 496
for process id: 497
for process id: 498
for process id: 499
for process id: 500
for process id: 501
for process id: 502
for process id: 503
for process id: 504
for process id: 505
for process id: 506
for process id: 507
for process id: 508
for process id: 509
for process id: 510
for process id: 511
for process id: 512
for process id: 513
for process id: 514
for process id: 515
for process id: 516
for process id: 517
for process id: 518
for process id: 519
for process id: 520
for process id: 521
for process id: 522
for process id: 523
for process id: 524
for process id: 525
for process id: 526
for process id: 527
for process id: 528
for process id: 529
for process id: 530
for process id: 531
for process id: 532
for process id: 533
for process id: 534
for process id: 535
for process id: 536
for process id: 537
for process id: 538
for process id: 539
for process id: 540
for process id: 541
for process id: 542
for process id: 543
for process id: 544
for process id: 545
for process id: 546
for process id: 547
for process id: 548
for process id: 549
for process id: 550
for process id: 551
for process id: 552
for process id: 553
for process id: 554
for process id: 555
for process id: 556
for process id: 557
for process id: 558
for process id: 559
for process id: 560
for process id: 561
for process id: 562
for process id: 563
for process id: 564
for process id: 565
for process id: 566
for process id: 567
for process id: 568
for process id: 569
for process id: 570
for process id: 571
for process id: 572
for process id: 573
for process id: 574
for process id: 575
for process id: 576
for process id: 577
for process id: 578
for process id: 579
for process id: 580
for process id: 581
for process id: 582
for process id: 583
for process id: 584
for process id: 585
for process id: 586
for process id: 587
for process id: 588
for process id: 589
for process id: 590
for process id: 591
for process id: 592
for process id: 593
for process id: 594
for process id: 595
for process id: 596
for process id: 597
for process id: 598
for process id: 599
for process id: 600
for process id: 601
for process id: 602
for process id: 603
for process id: 604
for process id: 605
for process id: 606
for process id: 607
for process id: 608
for process id: 609
for process id: 610
for process id: 611
for process id: 612
for process id: 613
for process id: 614
for process id: 615
for process id: 616
for process id: 617
for process id: 618
for process id: 619
for process id: 620
for process id: 621
for process id: 622
for process id: 623
for process id: 624
for process id: 625
for process id: 626
for process id: 627
for process id: 628
for process id: 629
for process id: 630
for process id: 631
for process id: 632
for process id: 633
for process id: 634
for process id: 635
for process id: 636
for process id: 637
for process id: 638
for process id: 639
for process id: 640
for process id: 641
for process id: 642
for process id: 643
for process id: 644
for process id: 645
for process id: 646
for process id: 647
for process id: 648
for process id: 649
for process id: 650
for process id: 651
for process id: 652
for process id: 653
for process id: 654
for process id: 655
for process id: 656
for process id: 657
for process id: 658
for process id: 659
for process id: 660
for process id: 661
for process id: 662
for process id: 663
for process id: 664
for process id: 665
for process id: 666
for process id: 667
for process id: 668
for process id: 669
for process id: 670
for process id: 671
for process id: 672
for process id: 673
for process id: 674
for process id: 675
for process id: 676
for process id: 677
for process id: 678
for process id: 679
for process id: 680
for process id: 681
for process id: 682
for process id: 683
for process id: 684
for process id: 685
for process id: 686
for process id: 687
for process id: 688
for process id: 689
for process id: 690
for process id: 691
for process id: 692
for process id: 693
for process id: 694
for process id: 695
for process id: 696
for process id: 697
for process id: 698
for process id: 699
for process id: 700
for process id: 701
for process id: 702
for process id: 703
for process id: 704
for process id: 705
for process id: 706
for process id: 707
for process id: 708
for process id: 709
for process id: 710
for process id: 711
for process id: 712
for process id: 713
for process id: 714
for process id: 715
for process id: 716
for process id: 717
for process id: 718
for process id: 719
for process id: 720
for process id: 721
for process id: 722
for process id: 723
for process id: 724
for process id: 725
for process id: 726
for process id: 727
for process id: 728
for process id: 729
for process id: 730
for process id: 731
for process id: 732
for process id: 733
for process id: 734
for process id: 735
for process id: 736
for process id: 737
for process id: 738
for process id: 739
for process id: 740
for process id: 741
for process id: 742
for process id: 743
for process id: 744
for process id: 745
for process id: 746
for process id: 747
for process id: 748
for process id: 749
for process id: 750
for process id: 751
for process id: 752
for process id: 753
for process id: 754
for process id: 755
for process id: 756
for process id: 757
for process id: 758
for process id: 759
for process id: 760
for process id: 761
for process id: 762
for process id: 763
for process id: 764
for process id: 765
for process id: 766
for process id: 767
for process id: 768
for process id: 769
for process id: 770
for process id: 771
for process id: 772
for process id: 773
for process id: 774
for process id: 775
for process id: 776
for process id: 777
for process id: 778
for process id: 779
for process id: 780
for process id: 781
for process id: 782
for process id: 783
for process id: 784
for process id: 785
for process id: 786
for process id: 787
for process id: 788
for process id: 789
for process id: 790
for process id: 791
for process id: 792
for process id: 793
for process id: 794
for process id: 795
for process id: 796
for process id: 797
for process id: 798
for process id: 799
for process id: 800
for process id: 801
for process id: 802
for process id: 803
for process id: 804
for process id: 805
for process id: 806
for process id: 807
for process id: 808
for process id: 809
for process id: 810
for process id: 811
for process id: 812
for process id: 813
for process id: 814
for process id: 815
for process id: 816
for process id: 817
for process id: 818
for process id: 819
for process id: 820
for process id: 821
for process id: 822
for process id: 823
for process id: 824
for process id: 825
for process id: 826
for process id: 827
for process id: 828
for process id: 829
for process id: 830
for process id: 831
for process id: 832
for process id: 833
for process id: 834
for process id: 835
for process id: 836
for process id: 837
for process id: 838
for process id: 839
for process id: 840
for process id: 841
for process id: 842
for process id: 843
for process id: 844
for process id: 845
for process id: 846
for process id: 847
for process id: 848
for process id: 849
for process id: 850
for process id: 851
for process id: 852
for process id: 853
for process id: 854
for process id: 855
for process id: 856
for process id: 857
for process id: 858
for process id: 859
for process id: 860
for process id: 861
for process id: 862
for process id: 863
for process id: 864
for process id: 865
for process id: 866
for process id: 867
for process id: 868
for process id: 869
for process id: 870
for process id: 871
for process id: 872
for process id: 873
for process id: 874
for process id: 875
for process id: 876
for process id: 877
for process id: 878
for process id: 879
for process id: 880
for process id: 881
for process id: 882
for process id: 883
for process id: 884
for process id: 885
for process id: 886
for process id: 887
for process id: 888
for process id: 889
for process id: 890
for process id: 891
for process id: 892
for process id: 893
for process id: 894
for process id: 895
for process id: 896
for process id: 897
for process id: 898
for process id: 899
for process id: 900
for process id: 901
for process id: 902
for process id: 903
for process id: 904
for process id: 905
for process id: 906
for process id: 907
for process id: 908
for process id: 909
for process id: 910
for process id: 911
for process id: 912
for process id: 913
for process id: 914
for process id: 915
for process id: 916
for process id: 917
for process id: 918
for process id: 919
for process id: 920
for process id: 921
for process id: 922
for process id: 923
for process id: 924
for process id: 925
for process id: 926
for process id: 927
for process id: 928
for process id: 929
for process id: 930
for process id: 931
for process id: 932
for process id: 933
for process id: 934
for process id: 935
for process id: 936
for process id: 937
for process id: 938
for process id: 939
for process id: 940
for process id: 941
for process id: 942
for process id: 943
for process id: 944
for process id: 945
for process id: 946
for process id: 947
for process id: 948
for process id: 949
for process id: 950
for process id: 951
for process id: 952
for process id: 953
for process id: 954
for process id: 955
for process id: 956
for process id: 957
for process id: 958
for process id: 959
for process id: 960
for process id: 961
for process id: 962
for process id: 963
for process id: 964
for process id: 965
for process id: 966
for process id: 967
for process id: 968
for process id: 969
for process id: 970
for process id: 971
for process id: 972
for process id: 973
for process id: 974
for process id: 975
for process id: 976
for process id: 977
for process id: 978
for process id: 979
for process id: 980
for process id: 981
for process id: 982
for process id: 983
for process id: 984
for process id: 985
for process id: 986
for process id: 987
for process id: 988
for process id: 989
for process id: 990
for process id: 991
for process id: 992
for process id: 993
for process id: 994
for process id: 995
for process id: 996
for process id: 997
for process id: 998
for process id: 999
for process id: 1000
for process id: 1001
for process id: 1002
for process id: 1003
for process id: 1004
for process id: 1005
for process id: 1006
for process id: 1007
for process id: 1008
for process id: 1009
for process id: 1010
for process id: 1011
for process id: 1012
for process id: 1013
for process id: 1014
for process id: 1015
for process id: 1016
for process id: 1017
for process id: 1018
for process id: 1019
for process id: 1020
for process id: 1021
for process id: 1022
for process id: 1023
for process id: 1024
for process id: 1025
for process id: 1026
for process id: 1027
for process id: 1028
for process id: 1029
for process id: 1030
for process id: 1031
for process id: 1032
for process id: 1033
for process id: 1034
for process id: 1035
for process id: 1036
for process id: 1037
for process id: 1038
for process id: 1039
for process id: 1040
for process id: 1041
for process id: 1042
for process id: 1043
for process id: 1044
for process id: 1045
for process id: 1046
for process id: 1047
for process id: 1048
for process id: 1049
for process id: 1050
for process id: 1051
for process id: 1052
for process id: 1053
for process id: 1054
for process id: 1055
for process id: 1056
for process id: 1057
for process id: 1058
for process id: 1059
for process id: 1060
for process id: 1061
for process id: 1062
for process id: 1063
for process id: 1064
for process id: 1065
for process id: 1066
for process id: 1067
for process id: 1068
for process id: 1069
for process id: 1070
for process id: 1071
for process id: 1072
for process id: 1073
for process id: 1074
for process id: 1075
for process id: 1076
for process id: 1077
for process id: 1078
for process id: 1079
for process id: 1080
for process id: 1081
for process id: 1082
for process id: 1083
for process id: 1084
for process id: 1085
for process id: 1086
for process id: 1087
for process id: 1088
for process id: 1089
for process id: 1090
for process id: 1091
for process id: 1092
for process id: 1093
for process id: 1094
for process id: 1095
for process id: 1096
for process id: 1097
for process id: 1098
for process id: 1099
for process id: 1100
for process id: 1101
for process id: 1102
for process id: 1103
for process id: 1104
for process id: 1105
for process id: 1106
for process id: 1107
for process id: 1108
for process id: 1109
for process id: 1110
for process id: 1111
for process id: 1112
for process id: 1113
for process id: 1114
for process id: 1115
for process id: 1116
for process id: 1117
for process id: 1118
for process id: 1119
for process id: 1120
for process id: 1121
for process id: 1122
for process id: 1123
for process id: 1124
for process id: 1125
for process id: 1126
for process id: 1127
for process id: 1128
for process id: 1129
for process id: 1130
for process id: 1131
for process id: 1132
for process id: 1133
for process id: 1134
for process id: 1135
for process id: 1136
for process id: 1137
for process id: 1138
for process id: 1139
for process id: 1140
for process id: 1141
for process id: 1142
for process id: 1143
for process id: 1144
for process id: 1145
for process id: 1146
for process id: 1147
for process id: 1148
for process id: 1149
for process id: 1150
for process id: 1151
for process id: 1152
for process id: 1153
for process id: 1154
for process id: 1155
for process id: 1156
for process id: 1157
for process id: 1158
for process id: 1159
for process id: 1160
for process id: 1161
for process id: 1162
for process id: 1163
for process id: 1164
for process id: 1165
for process id: 1166
for process id: 1167
for process id: 1168
for process id: 1169
for process id: 1170
for process id: 1171
for process id: 1172
for process id: 1173
for process id: 1174
for process id: 1175
for process id: 1176
for process id: 1177
for process id: 1178
for process id: 1179
for process id: 1180
for process id: 1181
for process id: 1182
for process id: 1183
for process id: 1184
for process id: 1185
for process id: 1186
for process id: 1187
for process id: 1188
for process id: 1189
for process id: 1190
for process id: 1191
for process id: 1192
for process id: 1193
for process id: 1194
for process id: 1195
for process id: 1196
for process id: 1197
for process id: 1198
for process id: 1199
for process id: 1200
for process id: 1201
for process id: 1202
for process id: 1203
for process id: 1204
for process id: 1205
for process id: 1206
for process id: 1207
for process id: 1208
for process id: 1209
for process id: 1210
for process id: 1211
for process id: 1212
for process id: 1213
for process id: 1214
for process id: 1215
for process id: 1216
for process id: 1217
for process id: 1218
for process id: 1219
for process id: 1220
for process id: 1221
for process id: 1222
for process id: 1223
for process id: 1224
for process id: 1225
for process id: 1226
for process id: 1227
for process id: 1228
for process id: 1229
for process id: 1230
for process id: 1231
for process id: 1232
for process id: 1233
for process id: 1234
for process id: 1235
for process id: 1236
for process id: 1237
for process id: 1238
for process id: 1239
for process id: 1240
for process id: 1241
for process id: 1242
for process id: 1243
for process id: 1244
for process id: 1245
for process id: 1246
for process id: 1247
for process id: 1248
for process id: 1249
for process id: 1250
for process id: 1251
for process id: 1252
for process id: 1253
for process id: 1254
for process id: 1255
for process id: 1256
for process id: 1257
for process id: 1258
for process id: 1259
for process id: 1260
for process id: 1261
for process id: 1262
for process id: 1263
for process id: 1264
for process id: 1265
for process id: 1266
for process id: 1267
for process id: 1268
for process id: 1269
for process id: 1270
for process id: 1271
for process id: 1272
for process id: 1273
for process id: 1274
for process id: 1275
for process id: 1276
for process id: 1277
for process id: 1278
for process id: 1279
for process id: 1280
for process id: 1281
for process id: 1282
for process id: 1283
for process id: 1284
for process id: 1285
for process id: 1286
for process id: 1287
for process id: 1288
for process id: 1289
for process id: 1290
for process id: 1291
for process id: 1292
for process id: 1293
for process id: 1294
for process id: 1295
for process id: 1296
for process id: 1297
for process id: 1298
for process id: 1299
for process id: 1300
for process id: 1301
for process id: 1302
for process id: 1303
for process id: 1304
for process id: 1305
for process id: 1306
for process id: 1307
for process id: 1308
for process id: 1309
for process id: 1310
for process id: 1311
for process id: 1312
for process id: 1313
for process id: 1314
for process id: 1315
for process id: 1316
for process id: 1317
for process id: 1318
for process id: 1319
for process id: 1320
for process id: 1321
for process id: 1322
for process id: 1323
for process id: 1324
for process id: 1325
for process id: 1326
for process id: 1327
for process id: 1328
for process id: 1329
for process id: 1330
for process id: 1331
for process id: 1332
for process id: 1333
for process id: 1334
for process id: 1335
for process id: 1336
for process id: 1337
for process id: 1338
for process id: 1339
for process id: 1340
for process id: 1341
for process id: 1342
for process id: 1343
for process id: 1344
for process id: 1345
for process id: 1346
for process id: 1347
for process id: 1348
for process id: 1349
for process id: 1350
for process id: 1351
for process id: 1352
for process id: 1353
for process id: 1354
for process id: 1355
for process id: 1356
for process id: 1357
for process id: 1358
for process id: 1359
for process id: 1360
for process id: 1361
for process id: 1362
for process id: 1363
for process id: 1364
for process id: 1365
for process id: 1366
for process id: 1367
for process id: 1368
for process id: 1369
for process id: 1370
for process id: 1371
for process id: 1372
for process id: 1373
for process id: 1374
for process id: 1375
for process id: 1376
for process id: 1377
for process id: 1378
for process id: 1379
for process id: 1380
for process id: 1381
for process id: 1382
for process id: 1383
for process id: 1384
for process id: 1385
for process id: 1386
for process id: 1387
for process id: 1388
for process id: 1389
for process id: 1390
for process id: 1391
for process id: 1392
for process id: 1393
for process id: 1394
for process id: 1395
for process id: 1396
for process id: 1397
for process id: 1398
for process id: 1399
for process id: 1400
for process id: 1401
for process id: 1402
for process id: 1403
for process id: 1404
for process id: 1405
for process id: 1406
for process id: 1407
for process id: 1408
for process id: 1409
for process id: 1410
for process id: 1411
for process id: 1412
for process id: 1413
for process id: 1414
for process id: 1415
for process id: 1416
for process id: 1417
for process id: 1418
for process id: 1419
for process id: 1420
for process id: 1421
for process id: 1422
for process id: 1423
for process id: 1424
for process id: 1425
for process id: 1426
for process id: 1427
for process id: 1428
for process id: 1429
for process id: 1430
for process id: 1431
for process id: 1432
for process id: 1433
for process id: 1434
for process id: 1435
for process id: 1436
for process id: 1437
for process id: 1438
for process id: 1439
for process id: 1440
for process id: 1441
for process id: 1442
for process id: 1443
for process id: 1444
for process id: 1445
for process id: 1446
for process id: 1447
for process id: 1448
for process id: 1449
for process id: 1450
for process id: 1451
for process id: 1452
for process id: 1453
for process id: 1454
for process id: 1455
for process id: 1456
for process id: 1457
for process id: 1458
for process id: 1459
for process id: 1460
for process id: 1461
for process id: 1462
for process id: 1463
for process id: 1464
for process id: 1465
for process id: 1466
for process id: 1467
for process id: 1468
for process id: 1469
for process id: 1470
for process id: 1471
for process id: 1472
for process id: 1473
for process id: 1474
for process id: 1475
for process id: 1476
for process id: 1477
for process id: 1478
for process id: 1479
for process id: 1480
for process id: 1481
for process id: 1482
for process id: 1483
for process id: 1484
for process id: 1485
for process id: 1486
for process id: 1487
for process id: 1488
for process id: 1489
for process id: 1490
for process id: 1491
for process id: 1492
for process id: 1493
for process id: 1494
for process id: 1495
for process id: 1496
for process id: 1497
for process id: 1498
for process id: 1499
for process id: 1500
for process id: 1501
for process id: 1502
for process id: 1503
for process id: 1504
for process id: 1505
for process id: 1506
for process id: 1507
for process id: 1508
for process id: 1509
for process id: 1510
for process id: 1511
for process id: 1512
for process id: 1513
for process id: 1514
for process id: 1515
for process id: 1516
for process id: 1517
for process id: 1518
for process id: 1519
for process id: 1520
for process id: 1521
for process id: 1522
for process id: 1523
for process id: 1524
for process id: 1525
for process id: 1526
for process id: 1527
for process id: 1528
for process id: 1529
for process id: 1530
for process id: 1531
for process id: 1532
for process id: 1533
for process id: 1534
for process id: 1535
for process id: 1536
for process id: 1537
for process id: 1538
for process id: 1539
for process id: 1540
for process id: 1541
for process id: 1542
for process id: 1543
for process id: 1544
for process id: 1545
for process id: 1546
for process id: 1547
for process id: 1548
for process id: 1549
for process id: 1550
for process id: 1551
for process id: 1552
for process id: 1553
for process id: 1554
for process id: 1555
for process id: 1556
for process id: 1557
for process id: 1558
for process id: 1559
for process id: 1560
for process id: 1561
for process id: 1562
for process id: 1563
for process id: 1564
for process id: 1565
for process id: 1566
for process id: 1567
for process id: 1568
for process id: 1569
for process id: 1570
